<?xml version="1.0" encoding="UTF-8"?>
<testsuites name="simple case" time="288.712" tests="20" failures="0" errors="0">
   <testsuite name="simple case" tests="20" failures="0" errors="0" time="288.712" skipped="0" timestamp="2023-05-11 16:52:22" hostname="minh.nguyen - 5YHW2D3" id="Test Suites/simple case">
      <properties>
         <property name="deviceName" value=""/>
         <property name="devicePlatform" value=""/>
         <property name="logFolder" value="C:\\Users\\minh.nguyen\\Desktop\\GitRepo\\tri-nhan-repo\\Reports\\20230511_153614\\simple case\\20230511_153649"/>
         <property name="logFiles" value="C:\\Users\\minh.nguyen\\Desktop\\GitRepo\\tri-nhan-repo\\Reports\\20230511_153614\\simple case\\20230511_153649\\execution0.log"/>
         <property name="attachments" value=""/>
         <property name="hostName" value="minh.nguyen - 5YHW2D3"/>
         <property name="os" value="Windows 10 64bit"/>
         <property name="katalonVersion" value="8.5.5.208"/>
         <property name="browser" value="Chrome 112.0.0.0"/>
         <property name="hostAddress" value="10.10.33.106"/>
         <property name="sessionId" value="172d2bec331457b62e9a6794712e9271"/>
         <property name="seleniumVersion" value="3.141.59"/>
         <property name="proxyInformation" value="ProxyInformation { proxyOption=NO_PROXY, proxyServerType=HTTP, username=, password=********, proxyServerAddress=, proxyServerPort=0, executionList=&quot;&quot;, isApplyToDesiredCapabilities=true }"/>
         <property name="platform" value="Windows 10"/>
      </properties>
      <testcase name="Test Cases/test-flow-1-buy-1-product" time="15.773" classname="Test Cases/test-flow-1-buy-1-product" status="PASSED">
         <system-out><![CDATA[2023-05-11 16:52:22 - [TEST_CASE][PASSED] - Test Cases/test-flow-1-buy-1-product: Test Cases/test-flow-1-buy-1-product

2023-05-11 16:52:23 - [TEST_STEP][PASSED] - openBrowser("https://www.saucedemo.com/"): Browser is opened with url: 'https://www.saucedemo.com/'

2023-05-11 16:52:23 - [MESSAGE][INFO] - Starting 'Chrome' driver

2023-05-11 16:52:23 - [MESSAGE][INFO] - Action delay is set to 0 milliseconds

2023-05-11 16:52:27 - [MESSAGE][PASSED] - Browser is opened with url: 'https://www.saucedemo.com/'

2023-05-11 16:52:27 - [TEST_STEP][PASSED] - click(findTestObject("Object Repository/Page_Swag Labs/input_Swag Labs_user-name")): Object: 'Object Repository/Page_Swag Labs/input_Swag Labs_user-name' is clicked on

2023-05-11 16:52:27 - [MESSAGE][PASSED] - Object: 'Object Repository/Page_Swag Labs/input_Swag Labs_user-name' is clicked on

2023-05-11 16:52:27 - [TEST_STEP][PASSED] - sendKeys(findTestObject("Object Repository/Page_Swag Labs/input_Swag Labs_user-name"), "standard_user"): Keys 'standard_user' sent to object: 'Object Repository/Page_Swag Labs/input_Swag Labs_user-name'

2023-05-11 16:52:28 - [MESSAGE][PASSED] - Keys 'standard_user' sent to object: 'Object Repository/Page_Swag Labs/input_Swag Labs_user-name'

2023-05-11 16:52:28 - [TEST_STEP][PASSED] - click(findTestObject("Object Repository/Page_Swag Labs/input_Swag Labs_password")): Object: 'Object Repository/Page_Swag Labs/input_Swag Labs_password' is clicked on

2023-05-11 16:52:28 - [MESSAGE][PASSED] - Object: 'Object Repository/Page_Swag Labs/input_Swag Labs_password' is clicked on

2023-05-11 16:52:28 - [TEST_STEP][PASSED] - sendKeys(findTestObject("Object Repository/Page_Swag Labs/input_Swag Labs_password"), "secret_sauce"): Keys 'secret_sauce' sent to object: 'Object Repository/Page_Swag Labs/input_Swag Labs_password'

2023-05-11 16:52:29 - [MESSAGE][PASSED] - Keys 'secret_sauce' sent to object: 'Object Repository/Page_Swag Labs/input_Swag Labs_password'

2023-05-11 16:52:29 - [TEST_STEP][PASSED] - click(findTestObject("Object Repository/Page_Swag Labs/input_Swag Labs_login-button")): Object: 'Object Repository/Page_Swag Labs/input_Swag Labs_login-button' is clicked on

2023-05-11 16:52:29 - [MESSAGE][PASSED] - Object: 'Object Repository/Page_Swag Labs/input_Swag Labs_login-button' is clicked on

2023-05-11 16:52:29 - [TEST_STEP][PASSED] - click(findTestObject("Object Repository/inventoryPage/Backpack")): Object: 'Object Repository/inventoryPage/Backpack' is clicked on

2023-05-11 16:52:30 - [MESSAGE][PASSED] - Object: 'Object Repository/inventoryPage/Backpack' is clicked on

2023-05-11 16:52:30 - [TEST_STEP][PASSED] - click(findTestObject("Object Repository/inventoryPage/button_Add to cart")): Object: 'Object Repository/inventoryPage/button_Add to cart' is clicked on

2023-05-11 16:52:30 - [MESSAGE][PASSED] - Object: 'Object Repository/inventoryPage/button_Add to cart' is clicked on

2023-05-11 16:52:30 - [TEST_STEP][PASSED] - click(findTestObject("Object Repository/inventoryPage/products_back-image")): Object: 'Object Repository/inventoryPage/products_back-image' is clicked on

2023-05-11 16:52:31 - [MESSAGE][PASSED] - Object: 'Object Repository/inventoryPage/products_back-image' is clicked on

2023-05-11 16:52:31 - [TEST_STEP][PASSED] - click(findTestObject("Object Repository/inventoryPage/cart")): Object: 'Object Repository/inventoryPage/cart' is clicked on

2023-05-11 16:52:31 - [MESSAGE][PASSED] - Object: 'Object Repository/inventoryPage/cart' is clicked on

2023-05-11 16:52:31 - [TEST_STEP][PASSED] - click(findTestObject("Object Repository/CheckoutPage/button_Checkout")): Object: 'Object Repository/CheckoutPage/button_Checkout' is clicked on

2023-05-11 16:52:32 - [MESSAGE][PASSED] - Object: 'Object Repository/CheckoutPage/button_Checkout' is clicked on

2023-05-11 16:52:32 - [TEST_STEP][PASSED] - sendKeys(findTestObject("Object Repository/checkout-step-one/input_Checkout Your Information_firstName"), "demo"): Keys 'demo' sent to object: 'Object Repository/checkout-step-one/input_Checkout Your Information_firstName'

2023-05-11 16:52:33 - [MESSAGE][PASSED] - Keys 'demo' sent to object: 'Object Repository/checkout-step-one/input_Checkout Your Information_firstName'

2023-05-11 16:52:33 - [TEST_STEP][PASSED] - sendKeys(findTestObject("Object Repository/checkout-step-one/input_Checkout Your Information_lastName"), "qa test"): Keys 'qa test' sent to object: 'Object Repository/checkout-step-one/input_Checkout Your Information_lastName'

2023-05-11 16:52:33 - [MESSAGE][PASSED] - Keys 'qa test' sent to object: 'Object Repository/checkout-step-one/input_Checkout Your Information_lastName'

2023-05-11 16:52:33 - [TEST_STEP][PASSED] - sendKeys(findTestObject("Object Repository/checkout-step-one/input_Checkout Your Information_postalCode"), "9000"): Keys '9000' sent to object: 'Object Repository/checkout-step-one/input_Checkout Your Information_postalCode'

2023-05-11 16:52:34 - [MESSAGE][PASSED] - Keys '9000' sent to object: 'Object Repository/checkout-step-one/input_Checkout Your Information_postalCode'

2023-05-11 16:52:34 - [TEST_STEP][PASSED] - click(findTestObject("Object Repository/checkout-step-one/input_continue")): Object: 'Object Repository/checkout-step-one/input_continue' is clicked on

2023-05-11 16:52:35 - [MESSAGE][PASSED] - Object: 'Object Repository/checkout-step-one/input_continue' is clicked on

2023-05-11 16:52:35 - [TEST_STEP][PASSED] - click(findTestObject("Object Repository/finish checkout/button_Finish")): Object: 'Object Repository/finish checkout/button_Finish' is clicked on

2023-05-11 16:52:35 - [MESSAGE][PASSED] - Object: 'Object Repository/finish checkout/button_Finish' is clicked on

2023-05-11 16:52:35 - [TEST_STEP][PASSED] - verifyElementVisible(findTestObject("Object Repository/order-success/h2_Thank you for your order")): Object 'Object Repository/order-success/h2_Thank you for your order' is visible

2023-05-11 16:52:36 - [MESSAGE][PASSED] - Object 'Object Repository/order-success/h2_Thank you for your order' is visible

2023-05-11 16:52:36 - [TEST_STEP][PASSED] - click(findTestObject("Object Repository/NavSideBar/sidebar")): Object: 'Object Repository/NavSideBar/sidebar' is clicked on

2023-05-11 16:52:36 - [MESSAGE][PASSED] - Object: 'Object Repository/NavSideBar/sidebar' is clicked on

2023-05-11 16:52:36 - [TEST_STEP][PASSED] - click(findTestObject("Object Repository/NavSideBar/a_Logout")): Object: 'Object Repository/NavSideBar/a_Logout' is clicked on

2023-05-11 16:52:37 - [MESSAGE][PASSED] - Object: 'Object Repository/NavSideBar/a_Logout' is clicked on

2023-05-11 16:52:37 - [TEST_STEP][PASSED] - verifyElementVisible(findTestObject("Object Repository/Page_Swag Labs/input_Swag Labs_user-name")): Object 'Object Repository/Page_Swag Labs/input_Swag Labs_user-name' is visible

2023-05-11 16:52:37 - [MESSAGE][PASSED] - Object 'Object Repository/Page_Swag Labs/input_Swag Labs_user-name' is visible

2023-05-11 16:52:37 - [TEST_STEP][PASSED] - closeBrowser(): Browser is closed

2023-05-11 16:52:38 - [MESSAGE][PASSED] - Browser is closed]]></system-out>
         <system-err><![CDATA[]]></system-err>
      </testcase>
      <testcase name="Test Cases/test-flow-1-buy-1-product" time="14.09" classname="Test Cases/test-flow-1-buy-1-product" status="PASSED">
         <system-out><![CDATA[2023-05-11 16:52:38 - [TEST_CASE][PASSED] - Test Cases/test-flow-1-buy-1-product: Test Cases/test-flow-1-buy-1-product

2023-05-11 16:52:38 - [TEST_STEP][PASSED] - openBrowser("https://www.saucedemo.com/"): Browser is opened with url: 'https://www.saucedemo.com/'

2023-05-11 16:52:38 - [MESSAGE][INFO] - Starting 'Chrome' driver

2023-05-11 16:52:38 - [MESSAGE][INFO] - Action delay is set to 0 milliseconds

2023-05-11 16:52:41 - [MESSAGE][PASSED] - Browser is opened with url: 'https://www.saucedemo.com/'

2023-05-11 16:52:41 - [TEST_STEP][PASSED] - click(findTestObject("Object Repository/Page_Swag Labs/input_Swag Labs_user-name")): Object: 'Object Repository/Page_Swag Labs/input_Swag Labs_user-name' is clicked on

2023-05-11 16:52:41 - [MESSAGE][PASSED] - Object: 'Object Repository/Page_Swag Labs/input_Swag Labs_user-name' is clicked on

2023-05-11 16:52:41 - [TEST_STEP][PASSED] - sendKeys(findTestObject("Object Repository/Page_Swag Labs/input_Swag Labs_user-name"), "standard_user"): Keys 'standard_user' sent to object: 'Object Repository/Page_Swag Labs/input_Swag Labs_user-name'

2023-05-11 16:52:42 - [MESSAGE][PASSED] - Keys 'standard_user' sent to object: 'Object Repository/Page_Swag Labs/input_Swag Labs_user-name'

2023-05-11 16:52:42 - [TEST_STEP][PASSED] - click(findTestObject("Object Repository/Page_Swag Labs/input_Swag Labs_password")): Object: 'Object Repository/Page_Swag Labs/input_Swag Labs_password' is clicked on

2023-05-11 16:52:42 - [MESSAGE][PASSED] - Object: 'Object Repository/Page_Swag Labs/input_Swag Labs_password' is clicked on

2023-05-11 16:52:42 - [TEST_STEP][PASSED] - sendKeys(findTestObject("Object Repository/Page_Swag Labs/input_Swag Labs_password"), "secret_sauce"): Keys 'secret_sauce' sent to object: 'Object Repository/Page_Swag Labs/input_Swag Labs_password'

2023-05-11 16:52:43 - [MESSAGE][PASSED] - Keys 'secret_sauce' sent to object: 'Object Repository/Page_Swag Labs/input_Swag Labs_password'

2023-05-11 16:52:43 - [TEST_STEP][PASSED] - click(findTestObject("Object Repository/Page_Swag Labs/input_Swag Labs_login-button")): Object: 'Object Repository/Page_Swag Labs/input_Swag Labs_login-button' is clicked on

2023-05-11 16:52:43 - [MESSAGE][PASSED] - Object: 'Object Repository/Page_Swag Labs/input_Swag Labs_login-button' is clicked on

2023-05-11 16:52:43 - [TEST_STEP][PASSED] - click(findTestObject("Object Repository/inventoryPage/Backpack")): Object: 'Object Repository/inventoryPage/Backpack' is clicked on

2023-05-11 16:52:44 - [MESSAGE][PASSED] - Object: 'Object Repository/inventoryPage/Backpack' is clicked on

2023-05-11 16:52:44 - [TEST_STEP][PASSED] - click(findTestObject("Object Repository/inventoryPage/button_Add to cart")): Object: 'Object Repository/inventoryPage/button_Add to cart' is clicked on

2023-05-11 16:52:44 - [MESSAGE][PASSED] - Object: 'Object Repository/inventoryPage/button_Add to cart' is clicked on

2023-05-11 16:52:44 - [TEST_STEP][PASSED] - click(findTestObject("Object Repository/inventoryPage/products_back-image")): Object: 'Object Repository/inventoryPage/products_back-image' is clicked on

2023-05-11 16:52:45 - [MESSAGE][PASSED] - Object: 'Object Repository/inventoryPage/products_back-image' is clicked on

2023-05-11 16:52:45 - [TEST_STEP][PASSED] - click(findTestObject("Object Repository/inventoryPage/cart")): Object: 'Object Repository/inventoryPage/cart' is clicked on

2023-05-11 16:52:46 - [MESSAGE][PASSED] - Object: 'Object Repository/inventoryPage/cart' is clicked on

2023-05-11 16:52:46 - [TEST_STEP][PASSED] - click(findTestObject("Object Repository/CheckoutPage/button_Checkout")): Object: 'Object Repository/CheckoutPage/button_Checkout' is clicked on

2023-05-11 16:52:46 - [MESSAGE][PASSED] - Object: 'Object Repository/CheckoutPage/button_Checkout' is clicked on

2023-05-11 16:52:46 - [TEST_STEP][PASSED] - sendKeys(findTestObject("Object Repository/checkout-step-one/input_Checkout Your Information_firstName"), "demo"): Keys 'demo' sent to object: 'Object Repository/checkout-step-one/input_Checkout Your Information_firstName'

2023-05-11 16:52:47 - [MESSAGE][PASSED] - Keys 'demo' sent to object: 'Object Repository/checkout-step-one/input_Checkout Your Information_firstName'

2023-05-11 16:52:47 - [TEST_STEP][PASSED] - sendKeys(findTestObject("Object Repository/checkout-step-one/input_Checkout Your Information_lastName"), "qa test"): Keys 'qa test' sent to object: 'Object Repository/checkout-step-one/input_Checkout Your Information_lastName'

2023-05-11 16:52:47 - [MESSAGE][PASSED] - Keys 'qa test' sent to object: 'Object Repository/checkout-step-one/input_Checkout Your Information_lastName'

2023-05-11 16:52:47 - [TEST_STEP][PASSED] - sendKeys(findTestObject("Object Repository/checkout-step-one/input_Checkout Your Information_postalCode"), "9000"): Keys '9000' sent to object: 'Object Repository/checkout-step-one/input_Checkout Your Information_postalCode'

2023-05-11 16:52:48 - [MESSAGE][PASSED] - Keys '9000' sent to object: 'Object Repository/checkout-step-one/input_Checkout Your Information_postalCode'

2023-05-11 16:52:48 - [TEST_STEP][PASSED] - click(findTestObject("Object Repository/checkout-step-one/input_continue")): Object: 'Object Repository/checkout-step-one/input_continue' is clicked on

2023-05-11 16:52:49 - [MESSAGE][PASSED] - Object: 'Object Repository/checkout-step-one/input_continue' is clicked on

2023-05-11 16:52:49 - [TEST_STEP][PASSED] - click(findTestObject("Object Repository/finish checkout/button_Finish")): Object: 'Object Repository/finish checkout/button_Finish' is clicked on

2023-05-11 16:52:49 - [MESSAGE][PASSED] - Object: 'Object Repository/finish checkout/button_Finish' is clicked on

2023-05-11 16:52:49 - [TEST_STEP][PASSED] - verifyElementVisible(findTestObject("Object Repository/order-success/h2_Thank you for your order")): Object 'Object Repository/order-success/h2_Thank you for your order' is visible

2023-05-11 16:52:50 - [MESSAGE][PASSED] - Object 'Object Repository/order-success/h2_Thank you for your order' is visible

2023-05-11 16:52:50 - [TEST_STEP][PASSED] - click(findTestObject("Object Repository/NavSideBar/sidebar")): Object: 'Object Repository/NavSideBar/sidebar' is clicked on

2023-05-11 16:52:50 - [MESSAGE][PASSED] - Object: 'Object Repository/NavSideBar/sidebar' is clicked on

2023-05-11 16:52:50 - [TEST_STEP][PASSED] - click(findTestObject("Object Repository/NavSideBar/a_Logout")): Object: 'Object Repository/NavSideBar/a_Logout' is clicked on

2023-05-11 16:52:51 - [MESSAGE][PASSED] - Object: 'Object Repository/NavSideBar/a_Logout' is clicked on

2023-05-11 16:52:51 - [TEST_STEP][PASSED] - verifyElementVisible(findTestObject("Object Repository/Page_Swag Labs/input_Swag Labs_user-name")): Object 'Object Repository/Page_Swag Labs/input_Swag Labs_user-name' is visible

2023-05-11 16:52:51 - [MESSAGE][PASSED] - Object 'Object Repository/Page_Swag Labs/input_Swag Labs_user-name' is visible

2023-05-11 16:52:51 - [TEST_STEP][PASSED] - closeBrowser(): Browser is closed

2023-05-11 16:52:52 - [MESSAGE][PASSED] - Browser is closed]]></system-out>
         <system-err><![CDATA[]]></system-err>
      </testcase>
      <testcase name="Test Cases/test-flow-1-buy-1-product" time="13.438" classname="Test Cases/test-flow-1-buy-1-product" status="PASSED">
         <system-out><![CDATA[2023-05-11 16:52:52 - [TEST_CASE][PASSED] - Test Cases/test-flow-1-buy-1-product: Test Cases/test-flow-1-buy-1-product

2023-05-11 16:52:52 - [TEST_STEP][PASSED] - openBrowser("https://www.saucedemo.com/"): Browser is opened with url: 'https://www.saucedemo.com/'

2023-05-11 16:52:52 - [MESSAGE][INFO] - Starting 'Chrome' driver

2023-05-11 16:52:52 - [MESSAGE][INFO] - Action delay is set to 0 milliseconds

2023-05-11 16:52:55 - [MESSAGE][PASSED] - Browser is opened with url: 'https://www.saucedemo.com/'

2023-05-11 16:52:55 - [TEST_STEP][PASSED] - click(findTestObject("Object Repository/Page_Swag Labs/input_Swag Labs_user-name")): Object: 'Object Repository/Page_Swag Labs/input_Swag Labs_user-name' is clicked on

2023-05-11 16:52:55 - [MESSAGE][PASSED] - Object: 'Object Repository/Page_Swag Labs/input_Swag Labs_user-name' is clicked on

2023-05-11 16:52:55 - [TEST_STEP][PASSED] - sendKeys(findTestObject("Object Repository/Page_Swag Labs/input_Swag Labs_user-name"), "standard_user"): Keys 'standard_user' sent to object: 'Object Repository/Page_Swag Labs/input_Swag Labs_user-name'

2023-05-11 16:52:56 - [MESSAGE][PASSED] - Keys 'standard_user' sent to object: 'Object Repository/Page_Swag Labs/input_Swag Labs_user-name'

2023-05-11 16:52:56 - [TEST_STEP][PASSED] - click(findTestObject("Object Repository/Page_Swag Labs/input_Swag Labs_password")): Object: 'Object Repository/Page_Swag Labs/input_Swag Labs_password' is clicked on

2023-05-11 16:52:56 - [MESSAGE][PASSED] - Object: 'Object Repository/Page_Swag Labs/input_Swag Labs_password' is clicked on

2023-05-11 16:52:56 - [TEST_STEP][PASSED] - sendKeys(findTestObject("Object Repository/Page_Swag Labs/input_Swag Labs_password"), "secret_sauce"): Keys 'secret_sauce' sent to object: 'Object Repository/Page_Swag Labs/input_Swag Labs_password'

2023-05-11 16:52:57 - [MESSAGE][PASSED] - Keys 'secret_sauce' sent to object: 'Object Repository/Page_Swag Labs/input_Swag Labs_password'

2023-05-11 16:52:57 - [TEST_STEP][PASSED] - click(findTestObject("Object Repository/Page_Swag Labs/input_Swag Labs_login-button")): Object: 'Object Repository/Page_Swag Labs/input_Swag Labs_login-button' is clicked on

2023-05-11 16:52:57 - [MESSAGE][PASSED] - Object: 'Object Repository/Page_Swag Labs/input_Swag Labs_login-button' is clicked on

2023-05-11 16:52:57 - [TEST_STEP][PASSED] - click(findTestObject("Object Repository/inventoryPage/Backpack")): Object: 'Object Repository/inventoryPage/Backpack' is clicked on

2023-05-11 16:52:58 - [MESSAGE][PASSED] - Object: 'Object Repository/inventoryPage/Backpack' is clicked on

2023-05-11 16:52:58 - [TEST_STEP][PASSED] - click(findTestObject("Object Repository/inventoryPage/button_Add to cart")): Object: 'Object Repository/inventoryPage/button_Add to cart' is clicked on

2023-05-11 16:52:58 - [MESSAGE][PASSED] - Object: 'Object Repository/inventoryPage/button_Add to cart' is clicked on

2023-05-11 16:52:58 - [TEST_STEP][PASSED] - click(findTestObject("Object Repository/inventoryPage/products_back-image")): Object: 'Object Repository/inventoryPage/products_back-image' is clicked on

2023-05-11 16:52:59 - [MESSAGE][PASSED] - Object: 'Object Repository/inventoryPage/products_back-image' is clicked on

2023-05-11 16:52:59 - [TEST_STEP][PASSED] - click(findTestObject("Object Repository/inventoryPage/cart")): Object: 'Object Repository/inventoryPage/cart' is clicked on

2023-05-11 16:52:59 - [MESSAGE][PASSED] - Object: 'Object Repository/inventoryPage/cart' is clicked on

2023-05-11 16:52:59 - [TEST_STEP][PASSED] - click(findTestObject("Object Repository/CheckoutPage/button_Checkout")): Object: 'Object Repository/CheckoutPage/button_Checkout' is clicked on

2023-05-11 16:53:00 - [MESSAGE][PASSED] - Object: 'Object Repository/CheckoutPage/button_Checkout' is clicked on

2023-05-11 16:53:00 - [TEST_STEP][PASSED] - sendKeys(findTestObject("Object Repository/checkout-step-one/input_Checkout Your Information_firstName"), "demo"): Keys 'demo' sent to object: 'Object Repository/checkout-step-one/input_Checkout Your Information_firstName'

2023-05-11 16:53:00 - [MESSAGE][PASSED] - Keys 'demo' sent to object: 'Object Repository/checkout-step-one/input_Checkout Your Information_firstName'

2023-05-11 16:53:00 - [TEST_STEP][PASSED] - sendKeys(findTestObject("Object Repository/checkout-step-one/input_Checkout Your Information_lastName"), "qa test"): Keys 'qa test' sent to object: 'Object Repository/checkout-step-one/input_Checkout Your Information_lastName'

2023-05-11 16:53:01 - [MESSAGE][PASSED] - Keys 'qa test' sent to object: 'Object Repository/checkout-step-one/input_Checkout Your Information_lastName'

2023-05-11 16:53:01 - [TEST_STEP][PASSED] - sendKeys(findTestObject("Object Repository/checkout-step-one/input_Checkout Your Information_postalCode"), "9000"): Keys '9000' sent to object: 'Object Repository/checkout-step-one/input_Checkout Your Information_postalCode'

2023-05-11 16:53:02 - [MESSAGE][PASSED] - Keys '9000' sent to object: 'Object Repository/checkout-step-one/input_Checkout Your Information_postalCode'

2023-05-11 16:53:02 - [TEST_STEP][PASSED] - click(findTestObject("Object Repository/checkout-step-one/input_continue")): Object: 'Object Repository/checkout-step-one/input_continue' is clicked on

2023-05-11 16:53:02 - [MESSAGE][PASSED] - Object: 'Object Repository/checkout-step-one/input_continue' is clicked on

2023-05-11 16:53:02 - [TEST_STEP][PASSED] - click(findTestObject("Object Repository/finish checkout/button_Finish")): Object: 'Object Repository/finish checkout/button_Finish' is clicked on

2023-05-11 16:53:03 - [MESSAGE][PASSED] - Object: 'Object Repository/finish checkout/button_Finish' is clicked on

2023-05-11 16:53:03 - [TEST_STEP][PASSED] - verifyElementVisible(findTestObject("Object Repository/order-success/h2_Thank you for your order")): Object 'Object Repository/order-success/h2_Thank you for your order' is visible

2023-05-11 16:53:03 - [MESSAGE][PASSED] - Object 'Object Repository/order-success/h2_Thank you for your order' is visible

2023-05-11 16:53:03 - [TEST_STEP][PASSED] - click(findTestObject("Object Repository/NavSideBar/sidebar")): Object: 'Object Repository/NavSideBar/sidebar' is clicked on

2023-05-11 16:53:04 - [MESSAGE][PASSED] - Object: 'Object Repository/NavSideBar/sidebar' is clicked on

2023-05-11 16:53:04 - [TEST_STEP][PASSED] - click(findTestObject("Object Repository/NavSideBar/a_Logout")): Object: 'Object Repository/NavSideBar/a_Logout' is clicked on

2023-05-11 16:53:04 - [MESSAGE][PASSED] - Object: 'Object Repository/NavSideBar/a_Logout' is clicked on

2023-05-11 16:53:04 - [TEST_STEP][PASSED] - verifyElementVisible(findTestObject("Object Repository/Page_Swag Labs/input_Swag Labs_user-name")): Object 'Object Repository/Page_Swag Labs/input_Swag Labs_user-name' is visible

2023-05-11 16:53:05 - [MESSAGE][PASSED] - Object 'Object Repository/Page_Swag Labs/input_Swag Labs_user-name' is visible

2023-05-11 16:53:05 - [TEST_STEP][PASSED] - closeBrowser(): Browser is closed

2023-05-11 16:53:06 - [MESSAGE][PASSED] - Browser is closed]]></system-out>
         <system-err><![CDATA[]]></system-err>
      </testcase>
      <testcase name="Test Cases/test-flow-1-buy-1-product" time="13.868" classname="Test Cases/test-flow-1-buy-1-product" status="PASSED">
         <system-out><![CDATA[2023-05-11 16:53:06 - [TEST_CASE][PASSED] - Test Cases/test-flow-1-buy-1-product: Test Cases/test-flow-1-buy-1-product

2023-05-11 16:53:06 - [TEST_STEP][PASSED] - openBrowser("https://www.saucedemo.com/"): Browser is opened with url: 'https://www.saucedemo.com/'

2023-05-11 16:53:06 - [MESSAGE][INFO] - Starting 'Chrome' driver

2023-05-11 16:53:06 - [MESSAGE][INFO] - Action delay is set to 0 milliseconds

2023-05-11 16:53:09 - [MESSAGE][PASSED] - Browser is opened with url: 'https://www.saucedemo.com/'

2023-05-11 16:53:09 - [TEST_STEP][PASSED] - click(findTestObject("Object Repository/Page_Swag Labs/input_Swag Labs_user-name")): Object: 'Object Repository/Page_Swag Labs/input_Swag Labs_user-name' is clicked on

2023-05-11 16:53:09 - [MESSAGE][PASSED] - Object: 'Object Repository/Page_Swag Labs/input_Swag Labs_user-name' is clicked on

2023-05-11 16:53:09 - [TEST_STEP][PASSED] - sendKeys(findTestObject("Object Repository/Page_Swag Labs/input_Swag Labs_user-name"), "standard_user"): Keys 'standard_user' sent to object: 'Object Repository/Page_Swag Labs/input_Swag Labs_user-name'

2023-05-11 16:53:10 - [MESSAGE][PASSED] - Keys 'standard_user' sent to object: 'Object Repository/Page_Swag Labs/input_Swag Labs_user-name'

2023-05-11 16:53:10 - [TEST_STEP][PASSED] - click(findTestObject("Object Repository/Page_Swag Labs/input_Swag Labs_password")): Object: 'Object Repository/Page_Swag Labs/input_Swag Labs_password' is clicked on

2023-05-11 16:53:10 - [MESSAGE][PASSED] - Object: 'Object Repository/Page_Swag Labs/input_Swag Labs_password' is clicked on

2023-05-11 16:53:10 - [TEST_STEP][PASSED] - sendKeys(findTestObject("Object Repository/Page_Swag Labs/input_Swag Labs_password"), "secret_sauce"): Keys 'secret_sauce' sent to object: 'Object Repository/Page_Swag Labs/input_Swag Labs_password'

2023-05-11 16:53:10 - [MESSAGE][PASSED] - Keys 'secret_sauce' sent to object: 'Object Repository/Page_Swag Labs/input_Swag Labs_password'

2023-05-11 16:53:10 - [TEST_STEP][PASSED] - click(findTestObject("Object Repository/Page_Swag Labs/input_Swag Labs_login-button")): Object: 'Object Repository/Page_Swag Labs/input_Swag Labs_login-button' is clicked on

2023-05-11 16:53:11 - [MESSAGE][PASSED] - Object: 'Object Repository/Page_Swag Labs/input_Swag Labs_login-button' is clicked on

2023-05-11 16:53:11 - [TEST_STEP][PASSED] - click(findTestObject("Object Repository/inventoryPage/Backpack")): Object: 'Object Repository/inventoryPage/Backpack' is clicked on

2023-05-11 16:53:11 - [MESSAGE][PASSED] - Object: 'Object Repository/inventoryPage/Backpack' is clicked on

2023-05-11 16:53:11 - [TEST_STEP][PASSED] - click(findTestObject("Object Repository/inventoryPage/button_Add to cart")): Object: 'Object Repository/inventoryPage/button_Add to cart' is clicked on

2023-05-11 16:53:12 - [MESSAGE][PASSED] - Object: 'Object Repository/inventoryPage/button_Add to cart' is clicked on

2023-05-11 16:53:12 - [TEST_STEP][PASSED] - click(findTestObject("Object Repository/inventoryPage/products_back-image")): Object: 'Object Repository/inventoryPage/products_back-image' is clicked on

2023-05-11 16:53:13 - [MESSAGE][PASSED] - Object: 'Object Repository/inventoryPage/products_back-image' is clicked on

2023-05-11 16:53:13 - [TEST_STEP][PASSED] - click(findTestObject("Object Repository/inventoryPage/cart")): Object: 'Object Repository/inventoryPage/cart' is clicked on

2023-05-11 16:53:13 - [MESSAGE][PASSED] - Object: 'Object Repository/inventoryPage/cart' is clicked on

2023-05-11 16:53:13 - [TEST_STEP][PASSED] - click(findTestObject("Object Repository/CheckoutPage/button_Checkout")): Object: 'Object Repository/CheckoutPage/button_Checkout' is clicked on

2023-05-11 16:53:14 - [MESSAGE][PASSED] - Object: 'Object Repository/CheckoutPage/button_Checkout' is clicked on

2023-05-11 16:53:14 - [TEST_STEP][PASSED] - sendKeys(findTestObject("Object Repository/checkout-step-one/input_Checkout Your Information_firstName"), "demo"): Keys 'demo' sent to object: 'Object Repository/checkout-step-one/input_Checkout Your Information_firstName'

2023-05-11 16:53:14 - [MESSAGE][PASSED] - Keys 'demo' sent to object: 'Object Repository/checkout-step-one/input_Checkout Your Information_firstName'

2023-05-11 16:53:14 - [TEST_STEP][PASSED] - sendKeys(findTestObject("Object Repository/checkout-step-one/input_Checkout Your Information_lastName"), "qa test"): Keys 'qa test' sent to object: 'Object Repository/checkout-step-one/input_Checkout Your Information_lastName'

2023-05-11 16:53:15 - [MESSAGE][PASSED] - Keys 'qa test' sent to object: 'Object Repository/checkout-step-one/input_Checkout Your Information_lastName'

2023-05-11 16:53:15 - [TEST_STEP][PASSED] - sendKeys(findTestObject("Object Repository/checkout-step-one/input_Checkout Your Information_postalCode"), "9000"): Keys '9000' sent to object: 'Object Repository/checkout-step-one/input_Checkout Your Information_postalCode'

2023-05-11 16:53:15 - [MESSAGE][PASSED] - Keys '9000' sent to object: 'Object Repository/checkout-step-one/input_Checkout Your Information_postalCode'

2023-05-11 16:53:15 - [TEST_STEP][PASSED] - click(findTestObject("Object Repository/checkout-step-one/input_continue")): Object: 'Object Repository/checkout-step-one/input_continue' is clicked on

2023-05-11 16:53:16 - [MESSAGE][PASSED] - Object: 'Object Repository/checkout-step-one/input_continue' is clicked on

2023-05-11 16:53:16 - [TEST_STEP][PASSED] - click(findTestObject("Object Repository/finish checkout/button_Finish")): Object: 'Object Repository/finish checkout/button_Finish' is clicked on

2023-05-11 16:53:17 - [MESSAGE][PASSED] - Object: 'Object Repository/finish checkout/button_Finish' is clicked on

2023-05-11 16:53:17 - [TEST_STEP][PASSED] - verifyElementVisible(findTestObject("Object Repository/order-success/h2_Thank you for your order")): Object 'Object Repository/order-success/h2_Thank you for your order' is visible

2023-05-11 16:53:17 - [MESSAGE][PASSED] - Object 'Object Repository/order-success/h2_Thank you for your order' is visible

2023-05-11 16:53:17 - [TEST_STEP][PASSED] - click(findTestObject("Object Repository/NavSideBar/sidebar")): Object: 'Object Repository/NavSideBar/sidebar' is clicked on

2023-05-11 16:53:17 - [MESSAGE][PASSED] - Object: 'Object Repository/NavSideBar/sidebar' is clicked on

2023-05-11 16:53:17 - [TEST_STEP][PASSED] - click(findTestObject("Object Repository/NavSideBar/a_Logout")): Object: 'Object Repository/NavSideBar/a_Logout' is clicked on

2023-05-11 16:53:18 - [MESSAGE][PASSED] - Object: 'Object Repository/NavSideBar/a_Logout' is clicked on

2023-05-11 16:53:18 - [TEST_STEP][PASSED] - verifyElementVisible(findTestObject("Object Repository/Page_Swag Labs/input_Swag Labs_user-name")): Object 'Object Repository/Page_Swag Labs/input_Swag Labs_user-name' is visible

2023-05-11 16:53:19 - [MESSAGE][PASSED] - Object 'Object Repository/Page_Swag Labs/input_Swag Labs_user-name' is visible

2023-05-11 16:53:19 - [TEST_STEP][PASSED] - closeBrowser(): Browser is closed

2023-05-11 16:53:20 - [MESSAGE][PASSED] - Browser is closed]]></system-out>
         <system-err><![CDATA[]]></system-err>
      </testcase>
      <testcase name="Test Cases/test-flow-1-buy-1-product" time="13.993" classname="Test Cases/test-flow-1-buy-1-product" status="PASSED">
         <system-out><![CDATA[2023-05-11 16:53:20 - [TEST_CASE][PASSED] - Test Cases/test-flow-1-buy-1-product: Test Cases/test-flow-1-buy-1-product

2023-05-11 16:53:20 - [TEST_STEP][PASSED] - openBrowser("https://www.saucedemo.com/"): Browser is opened with url: 'https://www.saucedemo.com/'

2023-05-11 16:53:20 - [MESSAGE][INFO] - Starting 'Chrome' driver

2023-05-11 16:53:20 - [MESSAGE][INFO] - Action delay is set to 0 milliseconds

2023-05-11 16:53:22 - [MESSAGE][PASSED] - Browser is opened with url: 'https://www.saucedemo.com/'

2023-05-11 16:53:22 - [TEST_STEP][PASSED] - click(findTestObject("Object Repository/Page_Swag Labs/input_Swag Labs_user-name")): Object: 'Object Repository/Page_Swag Labs/input_Swag Labs_user-name' is clicked on

2023-05-11 16:53:23 - [MESSAGE][PASSED] - Object: 'Object Repository/Page_Swag Labs/input_Swag Labs_user-name' is clicked on

2023-05-11 16:53:23 - [TEST_STEP][PASSED] - sendKeys(findTestObject("Object Repository/Page_Swag Labs/input_Swag Labs_user-name"), "standard_user"): Keys 'standard_user' sent to object: 'Object Repository/Page_Swag Labs/input_Swag Labs_user-name'

2023-05-11 16:53:23 - [MESSAGE][PASSED] - Keys 'standard_user' sent to object: 'Object Repository/Page_Swag Labs/input_Swag Labs_user-name'

2023-05-11 16:53:23 - [TEST_STEP][PASSED] - click(findTestObject("Object Repository/Page_Swag Labs/input_Swag Labs_password")): Object: 'Object Repository/Page_Swag Labs/input_Swag Labs_password' is clicked on

2023-05-11 16:53:24 - [MESSAGE][PASSED] - Object: 'Object Repository/Page_Swag Labs/input_Swag Labs_password' is clicked on

2023-05-11 16:53:24 - [TEST_STEP][PASSED] - sendKeys(findTestObject("Object Repository/Page_Swag Labs/input_Swag Labs_password"), "secret_sauce"): Keys 'secret_sauce' sent to object: 'Object Repository/Page_Swag Labs/input_Swag Labs_password'

2023-05-11 16:53:24 - [MESSAGE][PASSED] - Keys 'secret_sauce' sent to object: 'Object Repository/Page_Swag Labs/input_Swag Labs_password'

2023-05-11 16:53:24 - [TEST_STEP][PASSED] - click(findTestObject("Object Repository/Page_Swag Labs/input_Swag Labs_login-button")): Object: 'Object Repository/Page_Swag Labs/input_Swag Labs_login-button' is clicked on

2023-05-11 16:53:25 - [MESSAGE][PASSED] - Object: 'Object Repository/Page_Swag Labs/input_Swag Labs_login-button' is clicked on

2023-05-11 16:53:25 - [TEST_STEP][PASSED] - click(findTestObject("Object Repository/inventoryPage/Backpack")): Object: 'Object Repository/inventoryPage/Backpack' is clicked on

2023-05-11 16:53:25 - [MESSAGE][PASSED] - Object: 'Object Repository/inventoryPage/Backpack' is clicked on

2023-05-11 16:53:25 - [TEST_STEP][PASSED] - click(findTestObject("Object Repository/inventoryPage/button_Add to cart")): Object: 'Object Repository/inventoryPage/button_Add to cart' is clicked on

2023-05-11 16:53:26 - [MESSAGE][PASSED] - Object: 'Object Repository/inventoryPage/button_Add to cart' is clicked on

2023-05-11 16:53:26 - [TEST_STEP][PASSED] - click(findTestObject("Object Repository/inventoryPage/products_back-image")): Object: 'Object Repository/inventoryPage/products_back-image' is clicked on

2023-05-11 16:53:26 - [MESSAGE][PASSED] - Object: 'Object Repository/inventoryPage/products_back-image' is clicked on

2023-05-11 16:53:26 - [TEST_STEP][PASSED] - click(findTestObject("Object Repository/inventoryPage/cart")): Object: 'Object Repository/inventoryPage/cart' is clicked on

2023-05-11 16:53:27 - [MESSAGE][PASSED] - Object: 'Object Repository/inventoryPage/cart' is clicked on

2023-05-11 16:53:27 - [TEST_STEP][PASSED] - click(findTestObject("Object Repository/CheckoutPage/button_Checkout")): Object: 'Object Repository/CheckoutPage/button_Checkout' is clicked on

2023-05-11 16:53:27 - [MESSAGE][PASSED] - Object: 'Object Repository/CheckoutPage/button_Checkout' is clicked on

2023-05-11 16:53:27 - [TEST_STEP][PASSED] - sendKeys(findTestObject("Object Repository/checkout-step-one/input_Checkout Your Information_firstName"), "demo"): Keys 'demo' sent to object: 'Object Repository/checkout-step-one/input_Checkout Your Information_firstName'

2023-05-11 16:53:28 - [MESSAGE][PASSED] - Keys 'demo' sent to object: 'Object Repository/checkout-step-one/input_Checkout Your Information_firstName'

2023-05-11 16:53:28 - [TEST_STEP][PASSED] - sendKeys(findTestObject("Object Repository/checkout-step-one/input_Checkout Your Information_lastName"), "qa test"): Keys 'qa test' sent to object: 'Object Repository/checkout-step-one/input_Checkout Your Information_lastName'

2023-05-11 16:53:29 - [MESSAGE][PASSED] - Keys 'qa test' sent to object: 'Object Repository/checkout-step-one/input_Checkout Your Information_lastName'

2023-05-11 16:53:29 - [TEST_STEP][PASSED] - sendKeys(findTestObject("Object Repository/checkout-step-one/input_Checkout Your Information_postalCode"), "9000"): Keys '9000' sent to object: 'Object Repository/checkout-step-one/input_Checkout Your Information_postalCode'

2023-05-11 16:53:29 - [MESSAGE][PASSED] - Keys '9000' sent to object: 'Object Repository/checkout-step-one/input_Checkout Your Information_postalCode'

2023-05-11 16:53:29 - [TEST_STEP][PASSED] - click(findTestObject("Object Repository/checkout-step-one/input_continue")): Object: 'Object Repository/checkout-step-one/input_continue' is clicked on

2023-05-11 16:53:30 - [MESSAGE][PASSED] - Object: 'Object Repository/checkout-step-one/input_continue' is clicked on

2023-05-11 16:53:30 - [TEST_STEP][PASSED] - click(findTestObject("Object Repository/finish checkout/button_Finish")): Object: 'Object Repository/finish checkout/button_Finish' is clicked on

2023-05-11 16:53:30 - [MESSAGE][PASSED] - Object: 'Object Repository/finish checkout/button_Finish' is clicked on

2023-05-11 16:53:30 - [TEST_STEP][PASSED] - verifyElementVisible(findTestObject("Object Repository/order-success/h2_Thank you for your order")): Object 'Object Repository/order-success/h2_Thank you for your order' is visible

2023-05-11 16:53:31 - [MESSAGE][PASSED] - Object 'Object Repository/order-success/h2_Thank you for your order' is visible

2023-05-11 16:53:31 - [TEST_STEP][PASSED] - click(findTestObject("Object Repository/NavSideBar/sidebar")): Object: 'Object Repository/NavSideBar/sidebar' is clicked on

2023-05-11 16:53:31 - [MESSAGE][PASSED] - Object: 'Object Repository/NavSideBar/sidebar' is clicked on

2023-05-11 16:53:31 - [TEST_STEP][PASSED] - click(findTestObject("Object Repository/NavSideBar/a_Logout")): Object: 'Object Repository/NavSideBar/a_Logout' is clicked on

2023-05-11 16:53:32 - [MESSAGE][PASSED] - Object: 'Object Repository/NavSideBar/a_Logout' is clicked on

2023-05-11 16:53:32 - [TEST_STEP][PASSED] - verifyElementVisible(findTestObject("Object Repository/Page_Swag Labs/input_Swag Labs_user-name")): Object 'Object Repository/Page_Swag Labs/input_Swag Labs_user-name' is visible

2023-05-11 16:53:33 - [MESSAGE][PASSED] - Object 'Object Repository/Page_Swag Labs/input_Swag Labs_user-name' is visible

2023-05-11 16:53:33 - [TEST_STEP][PASSED] - closeBrowser(): Browser is closed

2023-05-11 16:53:34 - [MESSAGE][PASSED] - Browser is closed]]></system-out>
         <system-err><![CDATA[]]></system-err>
      </testcase>
      <testcase name="Test Cases/test-flow-1-buy-1-product" time="13.85" classname="Test Cases/test-flow-1-buy-1-product" status="PASSED">
         <system-out><![CDATA[2023-05-11 16:53:34 - [TEST_CASE][PASSED] - Test Cases/test-flow-1-buy-1-product: Test Cases/test-flow-1-buy-1-product

2023-05-11 16:53:34 - [TEST_STEP][PASSED] - openBrowser("https://www.saucedemo.com/"): Browser is opened with url: 'https://www.saucedemo.com/'

2023-05-11 16:53:34 - [MESSAGE][INFO] - Starting 'Chrome' driver

2023-05-11 16:53:34 - [MESSAGE][INFO] - Action delay is set to 0 milliseconds

2023-05-11 16:53:36 - [MESSAGE][PASSED] - Browser is opened with url: 'https://www.saucedemo.com/'

2023-05-11 16:53:36 - [TEST_STEP][PASSED] - click(findTestObject("Object Repository/Page_Swag Labs/input_Swag Labs_user-name")): Object: 'Object Repository/Page_Swag Labs/input_Swag Labs_user-name' is clicked on

2023-05-11 16:53:37 - [MESSAGE][PASSED] - Object: 'Object Repository/Page_Swag Labs/input_Swag Labs_user-name' is clicked on

2023-05-11 16:53:37 - [TEST_STEP][PASSED] - sendKeys(findTestObject("Object Repository/Page_Swag Labs/input_Swag Labs_user-name"), "standard_user"): Keys 'standard_user' sent to object: 'Object Repository/Page_Swag Labs/input_Swag Labs_user-name'

2023-05-11 16:53:37 - [MESSAGE][PASSED] - Keys 'standard_user' sent to object: 'Object Repository/Page_Swag Labs/input_Swag Labs_user-name'

2023-05-11 16:53:37 - [TEST_STEP][PASSED] - click(findTestObject("Object Repository/Page_Swag Labs/input_Swag Labs_password")): Object: 'Object Repository/Page_Swag Labs/input_Swag Labs_password' is clicked on

2023-05-11 16:53:38 - [MESSAGE][PASSED] - Object: 'Object Repository/Page_Swag Labs/input_Swag Labs_password' is clicked on

2023-05-11 16:53:38 - [TEST_STEP][PASSED] - sendKeys(findTestObject("Object Repository/Page_Swag Labs/input_Swag Labs_password"), "secret_sauce"): Keys 'secret_sauce' sent to object: 'Object Repository/Page_Swag Labs/input_Swag Labs_password'

2023-05-11 16:53:38 - [MESSAGE][PASSED] - Keys 'secret_sauce' sent to object: 'Object Repository/Page_Swag Labs/input_Swag Labs_password'

2023-05-11 16:53:38 - [TEST_STEP][PASSED] - click(findTestObject("Object Repository/Page_Swag Labs/input_Swag Labs_login-button")): Object: 'Object Repository/Page_Swag Labs/input_Swag Labs_login-button' is clicked on

2023-05-11 16:53:39 - [MESSAGE][PASSED] - Object: 'Object Repository/Page_Swag Labs/input_Swag Labs_login-button' is clicked on

2023-05-11 16:53:39 - [TEST_STEP][PASSED] - click(findTestObject("Object Repository/inventoryPage/Backpack")): Object: 'Object Repository/inventoryPage/Backpack' is clicked on

2023-05-11 16:53:39 - [MESSAGE][PASSED] - Object: 'Object Repository/inventoryPage/Backpack' is clicked on

2023-05-11 16:53:39 - [TEST_STEP][PASSED] - click(findTestObject("Object Repository/inventoryPage/button_Add to cart")): Object: 'Object Repository/inventoryPage/button_Add to cart' is clicked on

2023-05-11 16:53:40 - [MESSAGE][PASSED] - Object: 'Object Repository/inventoryPage/button_Add to cart' is clicked on

2023-05-11 16:53:40 - [TEST_STEP][PASSED] - click(findTestObject("Object Repository/inventoryPage/products_back-image")): Object: 'Object Repository/inventoryPage/products_back-image' is clicked on

2023-05-11 16:53:40 - [MESSAGE][PASSED] - Object: 'Object Repository/inventoryPage/products_back-image' is clicked on

2023-05-11 16:53:40 - [TEST_STEP][PASSED] - click(findTestObject("Object Repository/inventoryPage/cart")): Object: 'Object Repository/inventoryPage/cart' is clicked on

2023-05-11 16:53:41 - [MESSAGE][PASSED] - Object: 'Object Repository/inventoryPage/cart' is clicked on

2023-05-11 16:53:41 - [TEST_STEP][PASSED] - click(findTestObject("Object Repository/CheckoutPage/button_Checkout")): Object: 'Object Repository/CheckoutPage/button_Checkout' is clicked on

2023-05-11 16:53:41 - [MESSAGE][PASSED] - Object: 'Object Repository/CheckoutPage/button_Checkout' is clicked on

2023-05-11 16:53:41 - [TEST_STEP][PASSED] - sendKeys(findTestObject("Object Repository/checkout-step-one/input_Checkout Your Information_firstName"), "demo"): Keys 'demo' sent to object: 'Object Repository/checkout-step-one/input_Checkout Your Information_firstName'

2023-05-11 16:53:42 - [MESSAGE][PASSED] - Keys 'demo' sent to object: 'Object Repository/checkout-step-one/input_Checkout Your Information_firstName'

2023-05-11 16:53:42 - [TEST_STEP][PASSED] - sendKeys(findTestObject("Object Repository/checkout-step-one/input_Checkout Your Information_lastName"), "qa test"): Keys 'qa test' sent to object: 'Object Repository/checkout-step-one/input_Checkout Your Information_lastName'

2023-05-11 16:53:42 - [MESSAGE][PASSED] - Keys 'qa test' sent to object: 'Object Repository/checkout-step-one/input_Checkout Your Information_lastName'

2023-05-11 16:53:42 - [TEST_STEP][PASSED] - sendKeys(findTestObject("Object Repository/checkout-step-one/input_Checkout Your Information_postalCode"), "9000"): Keys '9000' sent to object: 'Object Repository/checkout-step-one/input_Checkout Your Information_postalCode'

2023-05-11 16:53:43 - [MESSAGE][PASSED] - Keys '9000' sent to object: 'Object Repository/checkout-step-one/input_Checkout Your Information_postalCode'

2023-05-11 16:53:43 - [TEST_STEP][PASSED] - click(findTestObject("Object Repository/checkout-step-one/input_continue")): Object: 'Object Repository/checkout-step-one/input_continue' is clicked on

2023-05-11 16:53:44 - [MESSAGE][PASSED] - Object: 'Object Repository/checkout-step-one/input_continue' is clicked on

2023-05-11 16:53:44 - [TEST_STEP][PASSED] - click(findTestObject("Object Repository/finish checkout/button_Finish")): Object: 'Object Repository/finish checkout/button_Finish' is clicked on

2023-05-11 16:53:44 - [MESSAGE][PASSED] - Object: 'Object Repository/finish checkout/button_Finish' is clicked on

2023-05-11 16:53:44 - [TEST_STEP][PASSED] - verifyElementVisible(findTestObject("Object Repository/order-success/h2_Thank you for your order")): Object 'Object Repository/order-success/h2_Thank you for your order' is visible

2023-05-11 16:53:45 - [MESSAGE][PASSED] - Object 'Object Repository/order-success/h2_Thank you for your order' is visible

2023-05-11 16:53:45 - [TEST_STEP][PASSED] - click(findTestObject("Object Repository/NavSideBar/sidebar")): Object: 'Object Repository/NavSideBar/sidebar' is clicked on

2023-05-11 16:53:45 - [MESSAGE][PASSED] - Object: 'Object Repository/NavSideBar/sidebar' is clicked on

2023-05-11 16:53:45 - [TEST_STEP][PASSED] - click(findTestObject("Object Repository/NavSideBar/a_Logout")): Object: 'Object Repository/NavSideBar/a_Logout' is clicked on

2023-05-11 16:53:46 - [MESSAGE][PASSED] - Object: 'Object Repository/NavSideBar/a_Logout' is clicked on

2023-05-11 16:53:46 - [TEST_STEP][PASSED] - verifyElementVisible(findTestObject("Object Repository/Page_Swag Labs/input_Swag Labs_user-name")): Object 'Object Repository/Page_Swag Labs/input_Swag Labs_user-name' is visible

2023-05-11 16:53:46 - [MESSAGE][PASSED] - Object 'Object Repository/Page_Swag Labs/input_Swag Labs_user-name' is visible

2023-05-11 16:53:46 - [TEST_STEP][PASSED] - closeBrowser(): Browser is closed

2023-05-11 16:53:47 - [MESSAGE][PASSED] - Browser is closed]]></system-out>
         <system-err><![CDATA[]]></system-err>
      </testcase>
      <testcase name="Test Cases/test-flow-1-buy-1-product" time="13.4" classname="Test Cases/test-flow-1-buy-1-product" status="PASSED">
         <system-out><![CDATA[2023-05-11 16:53:47 - [TEST_CASE][PASSED] - Test Cases/test-flow-1-buy-1-product: Test Cases/test-flow-1-buy-1-product

2023-05-11 16:53:47 - [TEST_STEP][PASSED] - openBrowser("https://www.saucedemo.com/"): Browser is opened with url: 'https://www.saucedemo.com/'

2023-05-11 16:53:47 - [MESSAGE][INFO] - Starting 'Chrome' driver

2023-05-11 16:53:47 - [MESSAGE][INFO] - Action delay is set to 0 milliseconds

2023-05-11 16:53:50 - [MESSAGE][PASSED] - Browser is opened with url: 'https://www.saucedemo.com/'

2023-05-11 16:53:50 - [TEST_STEP][PASSED] - click(findTestObject("Object Repository/Page_Swag Labs/input_Swag Labs_user-name")): Object: 'Object Repository/Page_Swag Labs/input_Swag Labs_user-name' is clicked on

2023-05-11 16:53:51 - [MESSAGE][PASSED] - Object: 'Object Repository/Page_Swag Labs/input_Swag Labs_user-name' is clicked on

2023-05-11 16:53:51 - [TEST_STEP][PASSED] - sendKeys(findTestObject("Object Repository/Page_Swag Labs/input_Swag Labs_user-name"), "standard_user"): Keys 'standard_user' sent to object: 'Object Repository/Page_Swag Labs/input_Swag Labs_user-name'

2023-05-11 16:53:51 - [MESSAGE][PASSED] - Keys 'standard_user' sent to object: 'Object Repository/Page_Swag Labs/input_Swag Labs_user-name'

2023-05-11 16:53:51 - [TEST_STEP][PASSED] - click(findTestObject("Object Repository/Page_Swag Labs/input_Swag Labs_password")): Object: 'Object Repository/Page_Swag Labs/input_Swag Labs_password' is clicked on

2023-05-11 16:53:52 - [MESSAGE][PASSED] - Object: 'Object Repository/Page_Swag Labs/input_Swag Labs_password' is clicked on

2023-05-11 16:53:52 - [TEST_STEP][PASSED] - sendKeys(findTestObject("Object Repository/Page_Swag Labs/input_Swag Labs_password"), "secret_sauce"): Keys 'secret_sauce' sent to object: 'Object Repository/Page_Swag Labs/input_Swag Labs_password'

2023-05-11 16:53:52 - [MESSAGE][PASSED] - Keys 'secret_sauce' sent to object: 'Object Repository/Page_Swag Labs/input_Swag Labs_password'

2023-05-11 16:53:52 - [TEST_STEP][PASSED] - click(findTestObject("Object Repository/Page_Swag Labs/input_Swag Labs_login-button")): Object: 'Object Repository/Page_Swag Labs/input_Swag Labs_login-button' is clicked on

2023-05-11 16:53:52 - [MESSAGE][PASSED] - Object: 'Object Repository/Page_Swag Labs/input_Swag Labs_login-button' is clicked on

2023-05-11 16:53:52 - [TEST_STEP][PASSED] - click(findTestObject("Object Repository/inventoryPage/Backpack")): Object: 'Object Repository/inventoryPage/Backpack' is clicked on

2023-05-11 16:53:53 - [MESSAGE][PASSED] - Object: 'Object Repository/inventoryPage/Backpack' is clicked on

2023-05-11 16:53:53 - [TEST_STEP][PASSED] - click(findTestObject("Object Repository/inventoryPage/button_Add to cart")): Object: 'Object Repository/inventoryPage/button_Add to cart' is clicked on

2023-05-11 16:53:54 - [MESSAGE][PASSED] - Object: 'Object Repository/inventoryPage/button_Add to cart' is clicked on

2023-05-11 16:53:54 - [TEST_STEP][PASSED] - click(findTestObject("Object Repository/inventoryPage/products_back-image")): Object: 'Object Repository/inventoryPage/products_back-image' is clicked on

2023-05-11 16:53:54 - [MESSAGE][PASSED] - Object: 'Object Repository/inventoryPage/products_back-image' is clicked on

2023-05-11 16:53:54 - [TEST_STEP][PASSED] - click(findTestObject("Object Repository/inventoryPage/cart")): Object: 'Object Repository/inventoryPage/cart' is clicked on

2023-05-11 16:53:55 - [MESSAGE][PASSED] - Object: 'Object Repository/inventoryPage/cart' is clicked on

2023-05-11 16:53:55 - [TEST_STEP][PASSED] - click(findTestObject("Object Repository/CheckoutPage/button_Checkout")): Object: 'Object Repository/CheckoutPage/button_Checkout' is clicked on

2023-05-11 16:53:55 - [MESSAGE][PASSED] - Object: 'Object Repository/CheckoutPage/button_Checkout' is clicked on

2023-05-11 16:53:55 - [TEST_STEP][PASSED] - sendKeys(findTestObject("Object Repository/checkout-step-one/input_Checkout Your Information_firstName"), "demo"): Keys 'demo' sent to object: 'Object Repository/checkout-step-one/input_Checkout Your Information_firstName'

2023-05-11 16:53:56 - [MESSAGE][PASSED] - Keys 'demo' sent to object: 'Object Repository/checkout-step-one/input_Checkout Your Information_firstName'

2023-05-11 16:53:56 - [TEST_STEP][PASSED] - sendKeys(findTestObject("Object Repository/checkout-step-one/input_Checkout Your Information_lastName"), "qa test"): Keys 'qa test' sent to object: 'Object Repository/checkout-step-one/input_Checkout Your Information_lastName'

2023-05-11 16:53:56 - [MESSAGE][PASSED] - Keys 'qa test' sent to object: 'Object Repository/checkout-step-one/input_Checkout Your Information_lastName'

2023-05-11 16:53:56 - [TEST_STEP][PASSED] - sendKeys(findTestObject("Object Repository/checkout-step-one/input_Checkout Your Information_postalCode"), "9000"): Keys '9000' sent to object: 'Object Repository/checkout-step-one/input_Checkout Your Information_postalCode'

2023-05-11 16:53:57 - [MESSAGE][PASSED] - Keys '9000' sent to object: 'Object Repository/checkout-step-one/input_Checkout Your Information_postalCode'

2023-05-11 16:53:57 - [TEST_STEP][PASSED] - click(findTestObject("Object Repository/checkout-step-one/input_continue")): Object: 'Object Repository/checkout-step-one/input_continue' is clicked on

2023-05-11 16:53:57 - [MESSAGE][PASSED] - Object: 'Object Repository/checkout-step-one/input_continue' is clicked on

2023-05-11 16:53:57 - [TEST_STEP][PASSED] - click(findTestObject("Object Repository/finish checkout/button_Finish")): Object: 'Object Repository/finish checkout/button_Finish' is clicked on

2023-05-11 16:53:58 - [MESSAGE][PASSED] - Object: 'Object Repository/finish checkout/button_Finish' is clicked on

2023-05-11 16:53:58 - [TEST_STEP][PASSED] - verifyElementVisible(findTestObject("Object Repository/order-success/h2_Thank you for your order")): Object 'Object Repository/order-success/h2_Thank you for your order' is visible

2023-05-11 16:53:58 - [MESSAGE][PASSED] - Object 'Object Repository/order-success/h2_Thank you for your order' is visible

2023-05-11 16:53:58 - [TEST_STEP][PASSED] - click(findTestObject("Object Repository/NavSideBar/sidebar")): Object: 'Object Repository/NavSideBar/sidebar' is clicked on

2023-05-11 16:53:59 - [MESSAGE][PASSED] - Object: 'Object Repository/NavSideBar/sidebar' is clicked on

2023-05-11 16:53:59 - [TEST_STEP][PASSED] - click(findTestObject("Object Repository/NavSideBar/a_Logout")): Object: 'Object Repository/NavSideBar/a_Logout' is clicked on

2023-05-11 16:53:59 - [MESSAGE][PASSED] - Object: 'Object Repository/NavSideBar/a_Logout' is clicked on

2023-05-11 16:53:59 - [TEST_STEP][PASSED] - verifyElementVisible(findTestObject("Object Repository/Page_Swag Labs/input_Swag Labs_user-name")): Object 'Object Repository/Page_Swag Labs/input_Swag Labs_user-name' is visible

2023-05-11 16:54:00 - [MESSAGE][PASSED] - Object 'Object Repository/Page_Swag Labs/input_Swag Labs_user-name' is visible

2023-05-11 16:54:00 - [TEST_STEP][PASSED] - closeBrowser(): Browser is closed

2023-05-11 16:54:01 - [MESSAGE][PASSED] - Browser is closed]]></system-out>
         <system-err><![CDATA[]]></system-err>
      </testcase>
      <testcase name="Test Cases/test-flow-1-buy-1-product" time="13.781" classname="Test Cases/test-flow-1-buy-1-product" status="PASSED">
         <system-out><![CDATA[2023-05-11 16:54:01 - [TEST_CASE][PASSED] - Test Cases/test-flow-1-buy-1-product: Test Cases/test-flow-1-buy-1-product

2023-05-11 16:54:01 - [TEST_STEP][PASSED] - openBrowser("https://www.saucedemo.com/"): Browser is opened with url: 'https://www.saucedemo.com/'

2023-05-11 16:54:01 - [MESSAGE][INFO] - Starting 'Chrome' driver

2023-05-11 16:54:01 - [MESSAGE][INFO] - Action delay is set to 0 milliseconds

2023-05-11 16:54:04 - [MESSAGE][PASSED] - Browser is opened with url: 'https://www.saucedemo.com/'

2023-05-11 16:54:04 - [TEST_STEP][PASSED] - click(findTestObject("Object Repository/Page_Swag Labs/input_Swag Labs_user-name")): Object: 'Object Repository/Page_Swag Labs/input_Swag Labs_user-name' is clicked on

2023-05-11 16:54:04 - [MESSAGE][PASSED] - Object: 'Object Repository/Page_Swag Labs/input_Swag Labs_user-name' is clicked on

2023-05-11 16:54:04 - [TEST_STEP][PASSED] - sendKeys(findTestObject("Object Repository/Page_Swag Labs/input_Swag Labs_user-name"), "standard_user"): Keys 'standard_user' sent to object: 'Object Repository/Page_Swag Labs/input_Swag Labs_user-name'

2023-05-11 16:54:05 - [MESSAGE][PASSED] - Keys 'standard_user' sent to object: 'Object Repository/Page_Swag Labs/input_Swag Labs_user-name'

2023-05-11 16:54:05 - [TEST_STEP][PASSED] - click(findTestObject("Object Repository/Page_Swag Labs/input_Swag Labs_password")): Object: 'Object Repository/Page_Swag Labs/input_Swag Labs_password' is clicked on

2023-05-11 16:54:05 - [MESSAGE][PASSED] - Object: 'Object Repository/Page_Swag Labs/input_Swag Labs_password' is clicked on

2023-05-11 16:54:05 - [TEST_STEP][PASSED] - sendKeys(findTestObject("Object Repository/Page_Swag Labs/input_Swag Labs_password"), "secret_sauce"): Keys 'secret_sauce' sent to object: 'Object Repository/Page_Swag Labs/input_Swag Labs_password'

2023-05-11 16:54:05 - [MESSAGE][PASSED] - Keys 'secret_sauce' sent to object: 'Object Repository/Page_Swag Labs/input_Swag Labs_password'

2023-05-11 16:54:05 - [TEST_STEP][PASSED] - click(findTestObject("Object Repository/Page_Swag Labs/input_Swag Labs_login-button")): Object: 'Object Repository/Page_Swag Labs/input_Swag Labs_login-button' is clicked on

2023-05-11 16:54:06 - [MESSAGE][PASSED] - Object: 'Object Repository/Page_Swag Labs/input_Swag Labs_login-button' is clicked on

2023-05-11 16:54:06 - [TEST_STEP][PASSED] - click(findTestObject("Object Repository/inventoryPage/Backpack")): Object: 'Object Repository/inventoryPage/Backpack' is clicked on

2023-05-11 16:54:06 - [MESSAGE][PASSED] - Object: 'Object Repository/inventoryPage/Backpack' is clicked on

2023-05-11 16:54:06 - [TEST_STEP][PASSED] - click(findTestObject("Object Repository/inventoryPage/button_Add to cart")): Object: 'Object Repository/inventoryPage/button_Add to cart' is clicked on

2023-05-11 16:54:07 - [MESSAGE][PASSED] - Object: 'Object Repository/inventoryPage/button_Add to cart' is clicked on

2023-05-11 16:54:07 - [TEST_STEP][PASSED] - click(findTestObject("Object Repository/inventoryPage/products_back-image")): Object: 'Object Repository/inventoryPage/products_back-image' is clicked on

2023-05-11 16:54:08 - [MESSAGE][PASSED] - Object: 'Object Repository/inventoryPage/products_back-image' is clicked on

2023-05-11 16:54:08 - [TEST_STEP][PASSED] - click(findTestObject("Object Repository/inventoryPage/cart")): Object: 'Object Repository/inventoryPage/cart' is clicked on

2023-05-11 16:54:08 - [MESSAGE][PASSED] - Object: 'Object Repository/inventoryPage/cart' is clicked on

2023-05-11 16:54:08 - [TEST_STEP][PASSED] - click(findTestObject("Object Repository/CheckoutPage/button_Checkout")): Object: 'Object Repository/CheckoutPage/button_Checkout' is clicked on

2023-05-11 16:54:09 - [MESSAGE][PASSED] - Object: 'Object Repository/CheckoutPage/button_Checkout' is clicked on

2023-05-11 16:54:09 - [TEST_STEP][PASSED] - sendKeys(findTestObject("Object Repository/checkout-step-one/input_Checkout Your Information_firstName"), "demo"): Keys 'demo' sent to object: 'Object Repository/checkout-step-one/input_Checkout Your Information_firstName'

2023-05-11 16:54:09 - [MESSAGE][PASSED] - Keys 'demo' sent to object: 'Object Repository/checkout-step-one/input_Checkout Your Information_firstName'

2023-05-11 16:54:09 - [TEST_STEP][PASSED] - sendKeys(findTestObject("Object Repository/checkout-step-one/input_Checkout Your Information_lastName"), "qa test"): Keys 'qa test' sent to object: 'Object Repository/checkout-step-one/input_Checkout Your Information_lastName'

2023-05-11 16:54:10 - [MESSAGE][PASSED] - Keys 'qa test' sent to object: 'Object Repository/checkout-step-one/input_Checkout Your Information_lastName'

2023-05-11 16:54:10 - [TEST_STEP][PASSED] - sendKeys(findTestObject("Object Repository/checkout-step-one/input_Checkout Your Information_postalCode"), "9000"): Keys '9000' sent to object: 'Object Repository/checkout-step-one/input_Checkout Your Information_postalCode'

2023-05-11 16:54:11 - [MESSAGE][PASSED] - Keys '9000' sent to object: 'Object Repository/checkout-step-one/input_Checkout Your Information_postalCode'

2023-05-11 16:54:11 - [TEST_STEP][PASSED] - click(findTestObject("Object Repository/checkout-step-one/input_continue")): Object: 'Object Repository/checkout-step-one/input_continue' is clicked on

2023-05-11 16:54:11 - [MESSAGE][PASSED] - Object: 'Object Repository/checkout-step-one/input_continue' is clicked on

2023-05-11 16:54:11 - [TEST_STEP][PASSED] - click(findTestObject("Object Repository/finish checkout/button_Finish")): Object: 'Object Repository/finish checkout/button_Finish' is clicked on

2023-05-11 16:54:12 - [MESSAGE][PASSED] - Object: 'Object Repository/finish checkout/button_Finish' is clicked on

2023-05-11 16:54:12 - [TEST_STEP][PASSED] - verifyElementVisible(findTestObject("Object Repository/order-success/h2_Thank you for your order")): Object 'Object Repository/order-success/h2_Thank you for your order' is visible

2023-05-11 16:54:12 - [MESSAGE][PASSED] - Object 'Object Repository/order-success/h2_Thank you for your order' is visible

2023-05-11 16:54:12 - [TEST_STEP][PASSED] - click(findTestObject("Object Repository/NavSideBar/sidebar")): Object: 'Object Repository/NavSideBar/sidebar' is clicked on

2023-05-11 16:54:13 - [MESSAGE][PASSED] - Object: 'Object Repository/NavSideBar/sidebar' is clicked on

2023-05-11 16:54:13 - [TEST_STEP][PASSED] - click(findTestObject("Object Repository/NavSideBar/a_Logout")): Object: 'Object Repository/NavSideBar/a_Logout' is clicked on

2023-05-11 16:54:13 - [MESSAGE][PASSED] - Object: 'Object Repository/NavSideBar/a_Logout' is clicked on

2023-05-11 16:54:13 - [TEST_STEP][PASSED] - verifyElementVisible(findTestObject("Object Repository/Page_Swag Labs/input_Swag Labs_user-name")): Object 'Object Repository/Page_Swag Labs/input_Swag Labs_user-name' is visible

2023-05-11 16:54:14 - [MESSAGE][PASSED] - Object 'Object Repository/Page_Swag Labs/input_Swag Labs_user-name' is visible

2023-05-11 16:54:14 - [TEST_STEP][PASSED] - closeBrowser(): Browser is closed

2023-05-11 16:54:15 - [MESSAGE][PASSED] - Browser is closed]]></system-out>
         <system-err><![CDATA[]]></system-err>
      </testcase>
      <testcase name="Test Cases/test-flow-1-buy-1-product" time="13.358" classname="Test Cases/test-flow-1-buy-1-product" status="PASSED">
         <system-out><![CDATA[2023-05-11 16:54:15 - [TEST_CASE][PASSED] - Test Cases/test-flow-1-buy-1-product: Test Cases/test-flow-1-buy-1-product

2023-05-11 16:54:15 - [TEST_STEP][PASSED] - openBrowser("https://www.saucedemo.com/"): Browser is opened with url: 'https://www.saucedemo.com/'

2023-05-11 16:54:15 - [MESSAGE][INFO] - Starting 'Chrome' driver

2023-05-11 16:54:15 - [MESSAGE][INFO] - Action delay is set to 0 milliseconds

2023-05-11 16:54:17 - [MESSAGE][PASSED] - Browser is opened with url: 'https://www.saucedemo.com/'

2023-05-11 16:54:17 - [TEST_STEP][PASSED] - click(findTestObject("Object Repository/Page_Swag Labs/input_Swag Labs_user-name")): Object: 'Object Repository/Page_Swag Labs/input_Swag Labs_user-name' is clicked on

2023-05-11 16:54:18 - [MESSAGE][PASSED] - Object: 'Object Repository/Page_Swag Labs/input_Swag Labs_user-name' is clicked on

2023-05-11 16:54:18 - [TEST_STEP][PASSED] - sendKeys(findTestObject("Object Repository/Page_Swag Labs/input_Swag Labs_user-name"), "standard_user"): Keys 'standard_user' sent to object: 'Object Repository/Page_Swag Labs/input_Swag Labs_user-name'

2023-05-11 16:54:18 - [MESSAGE][PASSED] - Keys 'standard_user' sent to object: 'Object Repository/Page_Swag Labs/input_Swag Labs_user-name'

2023-05-11 16:54:18 - [TEST_STEP][PASSED] - click(findTestObject("Object Repository/Page_Swag Labs/input_Swag Labs_password")): Object: 'Object Repository/Page_Swag Labs/input_Swag Labs_password' is clicked on

2023-05-11 16:54:19 - [MESSAGE][PASSED] - Object: 'Object Repository/Page_Swag Labs/input_Swag Labs_password' is clicked on

2023-05-11 16:54:19 - [TEST_STEP][PASSED] - sendKeys(findTestObject("Object Repository/Page_Swag Labs/input_Swag Labs_password"), "secret_sauce"): Keys 'secret_sauce' sent to object: 'Object Repository/Page_Swag Labs/input_Swag Labs_password'

2023-05-11 16:54:19 - [MESSAGE][PASSED] - Keys 'secret_sauce' sent to object: 'Object Repository/Page_Swag Labs/input_Swag Labs_password'

2023-05-11 16:54:19 - [TEST_STEP][PASSED] - click(findTestObject("Object Repository/Page_Swag Labs/input_Swag Labs_login-button")): Object: 'Object Repository/Page_Swag Labs/input_Swag Labs_login-button' is clicked on

2023-05-11 16:54:19 - [MESSAGE][PASSED] - Object: 'Object Repository/Page_Swag Labs/input_Swag Labs_login-button' is clicked on

2023-05-11 16:54:19 - [TEST_STEP][PASSED] - click(findTestObject("Object Repository/inventoryPage/Backpack")): Object: 'Object Repository/inventoryPage/Backpack' is clicked on

2023-05-11 16:54:20 - [MESSAGE][PASSED] - Object: 'Object Repository/inventoryPage/Backpack' is clicked on

2023-05-11 16:54:20 - [TEST_STEP][PASSED] - click(findTestObject("Object Repository/inventoryPage/button_Add to cart")): Object: 'Object Repository/inventoryPage/button_Add to cart' is clicked on

2023-05-11 16:54:21 - [MESSAGE][PASSED] - Object: 'Object Repository/inventoryPage/button_Add to cart' is clicked on

2023-05-11 16:54:21 - [TEST_STEP][PASSED] - click(findTestObject("Object Repository/inventoryPage/products_back-image")): Object: 'Object Repository/inventoryPage/products_back-image' is clicked on

2023-05-11 16:54:21 - [MESSAGE][PASSED] - Object: 'Object Repository/inventoryPage/products_back-image' is clicked on

2023-05-11 16:54:21 - [TEST_STEP][PASSED] - click(findTestObject("Object Repository/inventoryPage/cart")): Object: 'Object Repository/inventoryPage/cart' is clicked on

2023-05-11 16:54:22 - [MESSAGE][PASSED] - Object: 'Object Repository/inventoryPage/cart' is clicked on

2023-05-11 16:54:22 - [TEST_STEP][PASSED] - click(findTestObject("Object Repository/CheckoutPage/button_Checkout")): Object: 'Object Repository/CheckoutPage/button_Checkout' is clicked on

2023-05-11 16:54:22 - [MESSAGE][PASSED] - Object: 'Object Repository/CheckoutPage/button_Checkout' is clicked on

2023-05-11 16:54:22 - [TEST_STEP][PASSED] - sendKeys(findTestObject("Object Repository/checkout-step-one/input_Checkout Your Information_firstName"), "demo"): Keys 'demo' sent to object: 'Object Repository/checkout-step-one/input_Checkout Your Information_firstName'

2023-05-11 16:54:23 - [MESSAGE][PASSED] - Keys 'demo' sent to object: 'Object Repository/checkout-step-one/input_Checkout Your Information_firstName'

2023-05-11 16:54:23 - [TEST_STEP][PASSED] - sendKeys(findTestObject("Object Repository/checkout-step-one/input_Checkout Your Information_lastName"), "qa test"): Keys 'qa test' sent to object: 'Object Repository/checkout-step-one/input_Checkout Your Information_lastName'

2023-05-11 16:54:23 - [MESSAGE][PASSED] - Keys 'qa test' sent to object: 'Object Repository/checkout-step-one/input_Checkout Your Information_lastName'

2023-05-11 16:54:23 - [TEST_STEP][PASSED] - sendKeys(findTestObject("Object Repository/checkout-step-one/input_Checkout Your Information_postalCode"), "9000"): Keys '9000' sent to object: 'Object Repository/checkout-step-one/input_Checkout Your Information_postalCode'

2023-05-11 16:54:24 - [MESSAGE][PASSED] - Keys '9000' sent to object: 'Object Repository/checkout-step-one/input_Checkout Your Information_postalCode'

2023-05-11 16:54:24 - [TEST_STEP][PASSED] - click(findTestObject("Object Repository/checkout-step-one/input_continue")): Object: 'Object Repository/checkout-step-one/input_continue' is clicked on

2023-05-11 16:54:24 - [MESSAGE][PASSED] - Object: 'Object Repository/checkout-step-one/input_continue' is clicked on

2023-05-11 16:54:24 - [TEST_STEP][PASSED] - click(findTestObject("Object Repository/finish checkout/button_Finish")): Object: 'Object Repository/finish checkout/button_Finish' is clicked on

2023-05-11 16:54:25 - [MESSAGE][PASSED] - Object: 'Object Repository/finish checkout/button_Finish' is clicked on

2023-05-11 16:54:25 - [TEST_STEP][PASSED] - verifyElementVisible(findTestObject("Object Repository/order-success/h2_Thank you for your order")): Object 'Object Repository/order-success/h2_Thank you for your order' is visible

2023-05-11 16:54:26 - [MESSAGE][PASSED] - Object 'Object Repository/order-success/h2_Thank you for your order' is visible

2023-05-11 16:54:26 - [TEST_STEP][PASSED] - click(findTestObject("Object Repository/NavSideBar/sidebar")): Object: 'Object Repository/NavSideBar/sidebar' is clicked on

2023-05-11 16:54:26 - [MESSAGE][PASSED] - Object: 'Object Repository/NavSideBar/sidebar' is clicked on

2023-05-11 16:54:26 - [TEST_STEP][PASSED] - click(findTestObject("Object Repository/NavSideBar/a_Logout")): Object: 'Object Repository/NavSideBar/a_Logout' is clicked on

2023-05-11 16:54:27 - [MESSAGE][PASSED] - Object: 'Object Repository/NavSideBar/a_Logout' is clicked on

2023-05-11 16:54:27 - [TEST_STEP][PASSED] - verifyElementVisible(findTestObject("Object Repository/Page_Swag Labs/input_Swag Labs_user-name")): Object 'Object Repository/Page_Swag Labs/input_Swag Labs_user-name' is visible

2023-05-11 16:54:27 - [MESSAGE][PASSED] - Object 'Object Repository/Page_Swag Labs/input_Swag Labs_user-name' is visible

2023-05-11 16:54:27 - [TEST_STEP][PASSED] - closeBrowser(): Browser is closed

2023-05-11 16:54:28 - [MESSAGE][PASSED] - Browser is closed]]></system-out>
         <system-err><![CDATA[]]></system-err>
      </testcase>
      <testcase name="Test Cases/test-flow-1-buy-1-product" time="13.522" classname="Test Cases/test-flow-1-buy-1-product" status="PASSED">
         <system-out><![CDATA[2023-05-11 16:54:28 - [TEST_CASE][PASSED] - Test Cases/test-flow-1-buy-1-product: Test Cases/test-flow-1-buy-1-product

2023-05-11 16:54:28 - [TEST_STEP][PASSED] - openBrowser("https://www.saucedemo.com/"): Browser is opened with url: 'https://www.saucedemo.com/'

2023-05-11 16:54:28 - [MESSAGE][INFO] - Starting 'Chrome' driver

2023-05-11 16:54:28 - [MESSAGE][INFO] - Action delay is set to 0 milliseconds

2023-05-11 16:54:31 - [MESSAGE][PASSED] - Browser is opened with url: 'https://www.saucedemo.com/'

2023-05-11 16:54:31 - [TEST_STEP][PASSED] - click(findTestObject("Object Repository/Page_Swag Labs/input_Swag Labs_user-name")): Object: 'Object Repository/Page_Swag Labs/input_Swag Labs_user-name' is clicked on

2023-05-11 16:54:31 - [MESSAGE][PASSED] - Object: 'Object Repository/Page_Swag Labs/input_Swag Labs_user-name' is clicked on

2023-05-11 16:54:31 - [TEST_STEP][PASSED] - sendKeys(findTestObject("Object Repository/Page_Swag Labs/input_Swag Labs_user-name"), "standard_user"): Keys 'standard_user' sent to object: 'Object Repository/Page_Swag Labs/input_Swag Labs_user-name'

2023-05-11 16:54:32 - [MESSAGE][PASSED] - Keys 'standard_user' sent to object: 'Object Repository/Page_Swag Labs/input_Swag Labs_user-name'

2023-05-11 16:54:32 - [TEST_STEP][PASSED] - click(findTestObject("Object Repository/Page_Swag Labs/input_Swag Labs_password")): Object: 'Object Repository/Page_Swag Labs/input_Swag Labs_password' is clicked on

2023-05-11 16:54:32 - [MESSAGE][PASSED] - Object: 'Object Repository/Page_Swag Labs/input_Swag Labs_password' is clicked on

2023-05-11 16:54:32 - [TEST_STEP][PASSED] - sendKeys(findTestObject("Object Repository/Page_Swag Labs/input_Swag Labs_password"), "secret_sauce"): Keys 'secret_sauce' sent to object: 'Object Repository/Page_Swag Labs/input_Swag Labs_password'

2023-05-11 16:54:33 - [MESSAGE][PASSED] - Keys 'secret_sauce' sent to object: 'Object Repository/Page_Swag Labs/input_Swag Labs_password'

2023-05-11 16:54:33 - [TEST_STEP][PASSED] - click(findTestObject("Object Repository/Page_Swag Labs/input_Swag Labs_login-button")): Object: 'Object Repository/Page_Swag Labs/input_Swag Labs_login-button' is clicked on

2023-05-11 16:54:33 - [MESSAGE][PASSED] - Object: 'Object Repository/Page_Swag Labs/input_Swag Labs_login-button' is clicked on

2023-05-11 16:54:33 - [TEST_STEP][PASSED] - click(findTestObject("Object Repository/inventoryPage/Backpack")): Object: 'Object Repository/inventoryPage/Backpack' is clicked on

2023-05-11 16:54:34 - [MESSAGE][PASSED] - Object: 'Object Repository/inventoryPage/Backpack' is clicked on

2023-05-11 16:54:34 - [TEST_STEP][PASSED] - click(findTestObject("Object Repository/inventoryPage/button_Add to cart")): Object: 'Object Repository/inventoryPage/button_Add to cart' is clicked on

2023-05-11 16:54:34 - [MESSAGE][PASSED] - Object: 'Object Repository/inventoryPage/button_Add to cart' is clicked on

2023-05-11 16:54:34 - [TEST_STEP][PASSED] - click(findTestObject("Object Repository/inventoryPage/products_back-image")): Object: 'Object Repository/inventoryPage/products_back-image' is clicked on

2023-05-11 16:54:35 - [MESSAGE][PASSED] - Object: 'Object Repository/inventoryPage/products_back-image' is clicked on

2023-05-11 16:54:35 - [TEST_STEP][PASSED] - click(findTestObject("Object Repository/inventoryPage/cart")): Object: 'Object Repository/inventoryPage/cart' is clicked on

2023-05-11 16:54:35 - [MESSAGE][PASSED] - Object: 'Object Repository/inventoryPage/cart' is clicked on

2023-05-11 16:54:35 - [TEST_STEP][PASSED] - click(findTestObject("Object Repository/CheckoutPage/button_Checkout")): Object: 'Object Repository/CheckoutPage/button_Checkout' is clicked on

2023-05-11 16:54:36 - [MESSAGE][PASSED] - Object: 'Object Repository/CheckoutPage/button_Checkout' is clicked on

2023-05-11 16:54:36 - [TEST_STEP][PASSED] - sendKeys(findTestObject("Object Repository/checkout-step-one/input_Checkout Your Information_firstName"), "demo"): Keys 'demo' sent to object: 'Object Repository/checkout-step-one/input_Checkout Your Information_firstName'

2023-05-11 16:54:36 - [MESSAGE][PASSED] - Keys 'demo' sent to object: 'Object Repository/checkout-step-one/input_Checkout Your Information_firstName'

2023-05-11 16:54:36 - [TEST_STEP][PASSED] - sendKeys(findTestObject("Object Repository/checkout-step-one/input_Checkout Your Information_lastName"), "qa test"): Keys 'qa test' sent to object: 'Object Repository/checkout-step-one/input_Checkout Your Information_lastName'

2023-05-11 16:54:37 - [MESSAGE][PASSED] - Keys 'qa test' sent to object: 'Object Repository/checkout-step-one/input_Checkout Your Information_lastName'

2023-05-11 16:54:37 - [TEST_STEP][PASSED] - sendKeys(findTestObject("Object Repository/checkout-step-one/input_Checkout Your Information_postalCode"), "9000"): Keys '9000' sent to object: 'Object Repository/checkout-step-one/input_Checkout Your Information_postalCode'

2023-05-11 16:54:37 - [MESSAGE][PASSED] - Keys '9000' sent to object: 'Object Repository/checkout-step-one/input_Checkout Your Information_postalCode'

2023-05-11 16:54:37 - [TEST_STEP][PASSED] - click(findTestObject("Object Repository/checkout-step-one/input_continue")): Object: 'Object Repository/checkout-step-one/input_continue' is clicked on

2023-05-11 16:54:38 - [MESSAGE][PASSED] - Object: 'Object Repository/checkout-step-one/input_continue' is clicked on

2023-05-11 16:54:38 - [TEST_STEP][PASSED] - click(findTestObject("Object Repository/finish checkout/button_Finish")): Object: 'Object Repository/finish checkout/button_Finish' is clicked on

2023-05-11 16:54:39 - [MESSAGE][PASSED] - Object: 'Object Repository/finish checkout/button_Finish' is clicked on

2023-05-11 16:54:39 - [TEST_STEP][PASSED] - verifyElementVisible(findTestObject("Object Repository/order-success/h2_Thank you for your order")): Object 'Object Repository/order-success/h2_Thank you for your order' is visible

2023-05-11 16:54:39 - [MESSAGE][PASSED] - Object 'Object Repository/order-success/h2_Thank you for your order' is visible

2023-05-11 16:54:39 - [TEST_STEP][PASSED] - click(findTestObject("Object Repository/NavSideBar/sidebar")): Object: 'Object Repository/NavSideBar/sidebar' is clicked on

2023-05-11 16:54:39 - [MESSAGE][PASSED] - Object: 'Object Repository/NavSideBar/sidebar' is clicked on

2023-05-11 16:54:39 - [TEST_STEP][PASSED] - click(findTestObject("Object Repository/NavSideBar/a_Logout")): Object: 'Object Repository/NavSideBar/a_Logout' is clicked on

2023-05-11 16:54:40 - [MESSAGE][PASSED] - Object: 'Object Repository/NavSideBar/a_Logout' is clicked on

2023-05-11 16:54:40 - [TEST_STEP][PASSED] - verifyElementVisible(findTestObject("Object Repository/Page_Swag Labs/input_Swag Labs_user-name")): Object 'Object Repository/Page_Swag Labs/input_Swag Labs_user-name' is visible

2023-05-11 16:54:41 - [MESSAGE][PASSED] - Object 'Object Repository/Page_Swag Labs/input_Swag Labs_user-name' is visible

2023-05-11 16:54:41 - [TEST_STEP][PASSED] - closeBrowser(): Browser is closed

2023-05-11 16:54:41 - [MESSAGE][PASSED] - Browser is closed]]></system-out>
         <system-err><![CDATA[]]></system-err>
      </testcase>
      <testcase name="Test Cases/test-flow-1-buy-1-product" time="13.128" classname="Test Cases/test-flow-1-buy-1-product" status="PASSED">
         <system-out><![CDATA[2023-05-11 16:54:41 - [TEST_CASE][PASSED] - Test Cases/test-flow-1-buy-1-product: Test Cases/test-flow-1-buy-1-product

2023-05-11 16:54:41 - [TEST_STEP][PASSED] - openBrowser("https://www.saucedemo.com/"): Browser is opened with url: 'https://www.saucedemo.com/'

2023-05-11 16:54:41 - [MESSAGE][INFO] - Starting 'Chrome' driver

2023-05-11 16:54:41 - [MESSAGE][INFO] - Action delay is set to 0 milliseconds

2023-05-11 16:54:44 - [MESSAGE][PASSED] - Browser is opened with url: 'https://www.saucedemo.com/'

2023-05-11 16:54:44 - [TEST_STEP][PASSED] - click(findTestObject("Object Repository/Page_Swag Labs/input_Swag Labs_user-name")): Object: 'Object Repository/Page_Swag Labs/input_Swag Labs_user-name' is clicked on

2023-05-11 16:54:44 - [MESSAGE][PASSED] - Object: 'Object Repository/Page_Swag Labs/input_Swag Labs_user-name' is clicked on

2023-05-11 16:54:45 - [TEST_STEP][PASSED] - sendKeys(findTestObject("Object Repository/Page_Swag Labs/input_Swag Labs_user-name"), "standard_user"): Keys 'standard_user' sent to object: 'Object Repository/Page_Swag Labs/input_Swag Labs_user-name'

2023-05-11 16:54:45 - [MESSAGE][PASSED] - Keys 'standard_user' sent to object: 'Object Repository/Page_Swag Labs/input_Swag Labs_user-name'

2023-05-11 16:54:45 - [TEST_STEP][PASSED] - click(findTestObject("Object Repository/Page_Swag Labs/input_Swag Labs_password")): Object: 'Object Repository/Page_Swag Labs/input_Swag Labs_password' is clicked on

2023-05-11 16:54:45 - [MESSAGE][PASSED] - Object: 'Object Repository/Page_Swag Labs/input_Swag Labs_password' is clicked on

2023-05-11 16:54:45 - [TEST_STEP][PASSED] - sendKeys(findTestObject("Object Repository/Page_Swag Labs/input_Swag Labs_password"), "secret_sauce"): Keys 'secret_sauce' sent to object: 'Object Repository/Page_Swag Labs/input_Swag Labs_password'

2023-05-11 16:54:46 - [MESSAGE][PASSED] - Keys 'secret_sauce' sent to object: 'Object Repository/Page_Swag Labs/input_Swag Labs_password'

2023-05-11 16:54:46 - [TEST_STEP][PASSED] - click(findTestObject("Object Repository/Page_Swag Labs/input_Swag Labs_login-button")): Object: 'Object Repository/Page_Swag Labs/input_Swag Labs_login-button' is clicked on

2023-05-11 16:54:46 - [MESSAGE][PASSED] - Object: 'Object Repository/Page_Swag Labs/input_Swag Labs_login-button' is clicked on

2023-05-11 16:54:46 - [TEST_STEP][PASSED] - click(findTestObject("Object Repository/inventoryPage/Backpack")): Object: 'Object Repository/inventoryPage/Backpack' is clicked on

2023-05-11 16:54:47 - [MESSAGE][PASSED] - Object: 'Object Repository/inventoryPage/Backpack' is clicked on

2023-05-11 16:54:47 - [TEST_STEP][PASSED] - click(findTestObject("Object Repository/inventoryPage/button_Add to cart")): Object: 'Object Repository/inventoryPage/button_Add to cart' is clicked on

2023-05-11 16:54:47 - [MESSAGE][PASSED] - Object: 'Object Repository/inventoryPage/button_Add to cart' is clicked on

2023-05-11 16:54:47 - [TEST_STEP][PASSED] - click(findTestObject("Object Repository/inventoryPage/products_back-image")): Object: 'Object Repository/inventoryPage/products_back-image' is clicked on

2023-05-11 16:54:48 - [MESSAGE][PASSED] - Object: 'Object Repository/inventoryPage/products_back-image' is clicked on

2023-05-11 16:54:48 - [TEST_STEP][PASSED] - click(findTestObject("Object Repository/inventoryPage/cart")): Object: 'Object Repository/inventoryPage/cart' is clicked on

2023-05-11 16:54:49 - [MESSAGE][PASSED] - Object: 'Object Repository/inventoryPage/cart' is clicked on

2023-05-11 16:54:49 - [TEST_STEP][PASSED] - click(findTestObject("Object Repository/CheckoutPage/button_Checkout")): Object: 'Object Repository/CheckoutPage/button_Checkout' is clicked on

2023-05-11 16:54:49 - [MESSAGE][PASSED] - Object: 'Object Repository/CheckoutPage/button_Checkout' is clicked on

2023-05-11 16:54:49 - [TEST_STEP][PASSED] - sendKeys(findTestObject("Object Repository/checkout-step-one/input_Checkout Your Information_firstName"), "demo"): Keys 'demo' sent to object: 'Object Repository/checkout-step-one/input_Checkout Your Information_firstName'

2023-05-11 16:54:50 - [MESSAGE][PASSED] - Keys 'demo' sent to object: 'Object Repository/checkout-step-one/input_Checkout Your Information_firstName'

2023-05-11 16:54:50 - [TEST_STEP][PASSED] - sendKeys(findTestObject("Object Repository/checkout-step-one/input_Checkout Your Information_lastName"), "qa test"): Keys 'qa test' sent to object: 'Object Repository/checkout-step-one/input_Checkout Your Information_lastName'

2023-05-11 16:54:50 - [MESSAGE][PASSED] - Keys 'qa test' sent to object: 'Object Repository/checkout-step-one/input_Checkout Your Information_lastName'

2023-05-11 16:54:50 - [TEST_STEP][PASSED] - sendKeys(findTestObject("Object Repository/checkout-step-one/input_Checkout Your Information_postalCode"), "9000"): Keys '9000' sent to object: 'Object Repository/checkout-step-one/input_Checkout Your Information_postalCode'

2023-05-11 16:54:51 - [MESSAGE][PASSED] - Keys '9000' sent to object: 'Object Repository/checkout-step-one/input_Checkout Your Information_postalCode'

2023-05-11 16:54:51 - [TEST_STEP][PASSED] - click(findTestObject("Object Repository/checkout-step-one/input_continue")): Object: 'Object Repository/checkout-step-one/input_continue' is clicked on

2023-05-11 16:54:51 - [MESSAGE][PASSED] - Object: 'Object Repository/checkout-step-one/input_continue' is clicked on

2023-05-11 16:54:51 - [TEST_STEP][PASSED] - click(findTestObject("Object Repository/finish checkout/button_Finish")): Object: 'Object Repository/finish checkout/button_Finish' is clicked on

2023-05-11 16:54:52 - [MESSAGE][PASSED] - Object: 'Object Repository/finish checkout/button_Finish' is clicked on

2023-05-11 16:54:52 - [TEST_STEP][PASSED] - verifyElementVisible(findTestObject("Object Repository/order-success/h2_Thank you for your order")): Object 'Object Repository/order-success/h2_Thank you for your order' is visible

2023-05-11 16:54:52 - [MESSAGE][PASSED] - Object 'Object Repository/order-success/h2_Thank you for your order' is visible

2023-05-11 16:54:52 - [TEST_STEP][PASSED] - click(findTestObject("Object Repository/NavSideBar/sidebar")): Object: 'Object Repository/NavSideBar/sidebar' is clicked on

2023-05-11 16:54:53 - [MESSAGE][PASSED] - Object: 'Object Repository/NavSideBar/sidebar' is clicked on

2023-05-11 16:54:53 - [TEST_STEP][PASSED] - click(findTestObject("Object Repository/NavSideBar/a_Logout")): Object: 'Object Repository/NavSideBar/a_Logout' is clicked on

2023-05-11 16:54:53 - [MESSAGE][PASSED] - Object: 'Object Repository/NavSideBar/a_Logout' is clicked on

2023-05-11 16:54:53 - [TEST_STEP][PASSED] - verifyElementVisible(findTestObject("Object Repository/Page_Swag Labs/input_Swag Labs_user-name")): Object 'Object Repository/Page_Swag Labs/input_Swag Labs_user-name' is visible

2023-05-11 16:54:54 - [MESSAGE][PASSED] - Object 'Object Repository/Page_Swag Labs/input_Swag Labs_user-name' is visible

2023-05-11 16:54:54 - [TEST_STEP][PASSED] - closeBrowser(): Browser is closed

2023-05-11 16:54:55 - [MESSAGE][PASSED] - Browser is closed]]></system-out>
         <system-err><![CDATA[]]></system-err>
      </testcase>
      <testcase name="Test Cases/test-flow-1-buy-1-product" time="13.439" classname="Test Cases/test-flow-1-buy-1-product" status="PASSED">
         <system-out><![CDATA[2023-05-11 16:54:55 - [TEST_CASE][PASSED] - Test Cases/test-flow-1-buy-1-product: Test Cases/test-flow-1-buy-1-product

2023-05-11 16:54:55 - [TEST_STEP][PASSED] - openBrowser("https://www.saucedemo.com/"): Browser is opened with url: 'https://www.saucedemo.com/'

2023-05-11 16:54:55 - [MESSAGE][INFO] - Starting 'Chrome' driver

2023-05-11 16:54:55 - [MESSAGE][INFO] - Action delay is set to 0 milliseconds

2023-05-11 16:54:57 - [MESSAGE][PASSED] - Browser is opened with url: 'https://www.saucedemo.com/'

2023-05-11 16:54:57 - [TEST_STEP][PASSED] - click(findTestObject("Object Repository/Page_Swag Labs/input_Swag Labs_user-name")): Object: 'Object Repository/Page_Swag Labs/input_Swag Labs_user-name' is clicked on

2023-05-11 16:54:58 - [MESSAGE][PASSED] - Object: 'Object Repository/Page_Swag Labs/input_Swag Labs_user-name' is clicked on

2023-05-11 16:54:58 - [TEST_STEP][PASSED] - sendKeys(findTestObject("Object Repository/Page_Swag Labs/input_Swag Labs_user-name"), "standard_user"): Keys 'standard_user' sent to object: 'Object Repository/Page_Swag Labs/input_Swag Labs_user-name'

2023-05-11 16:54:58 - [MESSAGE][PASSED] - Keys 'standard_user' sent to object: 'Object Repository/Page_Swag Labs/input_Swag Labs_user-name'

2023-05-11 16:54:58 - [TEST_STEP][PASSED] - click(findTestObject("Object Repository/Page_Swag Labs/input_Swag Labs_password")): Object: 'Object Repository/Page_Swag Labs/input_Swag Labs_password' is clicked on

2023-05-11 16:54:59 - [MESSAGE][PASSED] - Object: 'Object Repository/Page_Swag Labs/input_Swag Labs_password' is clicked on

2023-05-11 16:54:59 - [TEST_STEP][PASSED] - sendKeys(findTestObject("Object Repository/Page_Swag Labs/input_Swag Labs_password"), "secret_sauce"): Keys 'secret_sauce' sent to object: 'Object Repository/Page_Swag Labs/input_Swag Labs_password'

2023-05-11 16:54:59 - [MESSAGE][PASSED] - Keys 'secret_sauce' sent to object: 'Object Repository/Page_Swag Labs/input_Swag Labs_password'

2023-05-11 16:54:59 - [TEST_STEP][PASSED] - click(findTestObject("Object Repository/Page_Swag Labs/input_Swag Labs_login-button")): Object: 'Object Repository/Page_Swag Labs/input_Swag Labs_login-button' is clicked on

2023-05-11 16:55:00 - [MESSAGE][PASSED] - Object: 'Object Repository/Page_Swag Labs/input_Swag Labs_login-button' is clicked on

2023-05-11 16:55:00 - [TEST_STEP][PASSED] - click(findTestObject("Object Repository/inventoryPage/Backpack")): Object: 'Object Repository/inventoryPage/Backpack' is clicked on

2023-05-11 16:55:00 - [MESSAGE][PASSED] - Object: 'Object Repository/inventoryPage/Backpack' is clicked on

2023-05-11 16:55:00 - [TEST_STEP][PASSED] - click(findTestObject("Object Repository/inventoryPage/button_Add to cart")): Object: 'Object Repository/inventoryPage/button_Add to cart' is clicked on

2023-05-11 16:55:01 - [MESSAGE][PASSED] - Object: 'Object Repository/inventoryPage/button_Add to cart' is clicked on

2023-05-11 16:55:01 - [TEST_STEP][PASSED] - click(findTestObject("Object Repository/inventoryPage/products_back-image")): Object: 'Object Repository/inventoryPage/products_back-image' is clicked on

2023-05-11 16:55:01 - [MESSAGE][PASSED] - Object: 'Object Repository/inventoryPage/products_back-image' is clicked on

2023-05-11 16:55:01 - [TEST_STEP][PASSED] - click(findTestObject("Object Repository/inventoryPage/cart")): Object: 'Object Repository/inventoryPage/cart' is clicked on

2023-05-11 16:55:02 - [MESSAGE][PASSED] - Object: 'Object Repository/inventoryPage/cart' is clicked on

2023-05-11 16:55:02 - [TEST_STEP][PASSED] - click(findTestObject("Object Repository/CheckoutPage/button_Checkout")): Object: 'Object Repository/CheckoutPage/button_Checkout' is clicked on

2023-05-11 16:55:02 - [MESSAGE][PASSED] - Object: 'Object Repository/CheckoutPage/button_Checkout' is clicked on

2023-05-11 16:55:02 - [TEST_STEP][PASSED] - sendKeys(findTestObject("Object Repository/checkout-step-one/input_Checkout Your Information_firstName"), "demo"): Keys 'demo' sent to object: 'Object Repository/checkout-step-one/input_Checkout Your Information_firstName'

2023-05-11 16:55:03 - [MESSAGE][PASSED] - Keys 'demo' sent to object: 'Object Repository/checkout-step-one/input_Checkout Your Information_firstName'

2023-05-11 16:55:03 - [TEST_STEP][PASSED] - sendKeys(findTestObject("Object Repository/checkout-step-one/input_Checkout Your Information_lastName"), "qa test"): Keys 'qa test' sent to object: 'Object Repository/checkout-step-one/input_Checkout Your Information_lastName'

2023-05-11 16:55:04 - [MESSAGE][PASSED] - Keys 'qa test' sent to object: 'Object Repository/checkout-step-one/input_Checkout Your Information_lastName'

2023-05-11 16:55:04 - [TEST_STEP][PASSED] - sendKeys(findTestObject("Object Repository/checkout-step-one/input_Checkout Your Information_postalCode"), "9000"): Keys '9000' sent to object: 'Object Repository/checkout-step-one/input_Checkout Your Information_postalCode'

2023-05-11 16:55:04 - [MESSAGE][PASSED] - Keys '9000' sent to object: 'Object Repository/checkout-step-one/input_Checkout Your Information_postalCode'

2023-05-11 16:55:04 - [TEST_STEP][PASSED] - click(findTestObject("Object Repository/checkout-step-one/input_continue")): Object: 'Object Repository/checkout-step-one/input_continue' is clicked on

2023-05-11 16:55:05 - [MESSAGE][PASSED] - Object: 'Object Repository/checkout-step-one/input_continue' is clicked on

2023-05-11 16:55:05 - [TEST_STEP][PASSED] - click(findTestObject("Object Repository/finish checkout/button_Finish")): Object: 'Object Repository/finish checkout/button_Finish' is clicked on

2023-05-11 16:55:05 - [MESSAGE][PASSED] - Object: 'Object Repository/finish checkout/button_Finish' is clicked on

2023-05-11 16:55:05 - [TEST_STEP][PASSED] - verifyElementVisible(findTestObject("Object Repository/order-success/h2_Thank you for your order")): Object 'Object Repository/order-success/h2_Thank you for your order' is visible

2023-05-11 16:55:06 - [MESSAGE][PASSED] - Object 'Object Repository/order-success/h2_Thank you for your order' is visible

2023-05-11 16:55:06 - [TEST_STEP][PASSED] - click(findTestObject("Object Repository/NavSideBar/sidebar")): Object: 'Object Repository/NavSideBar/sidebar' is clicked on

2023-05-11 16:55:06 - [MESSAGE][PASSED] - Object: 'Object Repository/NavSideBar/sidebar' is clicked on

2023-05-11 16:55:06 - [TEST_STEP][PASSED] - click(findTestObject("Object Repository/NavSideBar/a_Logout")): Object: 'Object Repository/NavSideBar/a_Logout' is clicked on

2023-05-11 16:55:07 - [MESSAGE][PASSED] - Object: 'Object Repository/NavSideBar/a_Logout' is clicked on

2023-05-11 16:55:07 - [TEST_STEP][PASSED] - verifyElementVisible(findTestObject("Object Repository/Page_Swag Labs/input_Swag Labs_user-name")): Object 'Object Repository/Page_Swag Labs/input_Swag Labs_user-name' is visible

2023-05-11 16:55:07 - [MESSAGE][PASSED] - Object 'Object Repository/Page_Swag Labs/input_Swag Labs_user-name' is visible

2023-05-11 16:55:07 - [TEST_STEP][PASSED] - closeBrowser(): Browser is closed

2023-05-11 16:55:08 - [MESSAGE][PASSED] - Browser is closed]]></system-out>
         <system-err><![CDATA[]]></system-err>
      </testcase>
      <testcase name="Test Cases/test-flow-1-buy-1-product" time="14.161" classname="Test Cases/test-flow-1-buy-1-product" status="PASSED">
         <system-out><![CDATA[2023-05-11 16:55:08 - [TEST_CASE][PASSED] - Test Cases/test-flow-1-buy-1-product: Test Cases/test-flow-1-buy-1-product

2023-05-11 16:55:08 - [TEST_STEP][PASSED] - openBrowser("https://www.saucedemo.com/"): Browser is opened with url: 'https://www.saucedemo.com/'

2023-05-11 16:55:08 - [MESSAGE][INFO] - Starting 'Chrome' driver

2023-05-11 16:55:08 - [MESSAGE][INFO] - Action delay is set to 0 milliseconds

2023-05-11 16:55:12 - [MESSAGE][PASSED] - Browser is opened with url: 'https://www.saucedemo.com/'

2023-05-11 16:55:12 - [TEST_STEP][PASSED] - click(findTestObject("Object Repository/Page_Swag Labs/input_Swag Labs_user-name")): Object: 'Object Repository/Page_Swag Labs/input_Swag Labs_user-name' is clicked on

2023-05-11 16:55:12 - [MESSAGE][PASSED] - Object: 'Object Repository/Page_Swag Labs/input_Swag Labs_user-name' is clicked on

2023-05-11 16:55:12 - [TEST_STEP][PASSED] - sendKeys(findTestObject("Object Repository/Page_Swag Labs/input_Swag Labs_user-name"), "standard_user"): Keys 'standard_user' sent to object: 'Object Repository/Page_Swag Labs/input_Swag Labs_user-name'

2023-05-11 16:55:13 - [MESSAGE][PASSED] - Keys 'standard_user' sent to object: 'Object Repository/Page_Swag Labs/input_Swag Labs_user-name'

2023-05-11 16:55:13 - [TEST_STEP][PASSED] - click(findTestObject("Object Repository/Page_Swag Labs/input_Swag Labs_password")): Object: 'Object Repository/Page_Swag Labs/input_Swag Labs_password' is clicked on

2023-05-11 16:55:13 - [MESSAGE][PASSED] - Object: 'Object Repository/Page_Swag Labs/input_Swag Labs_password' is clicked on

2023-05-11 16:55:13 - [TEST_STEP][PASSED] - sendKeys(findTestObject("Object Repository/Page_Swag Labs/input_Swag Labs_password"), "secret_sauce"): Keys 'secret_sauce' sent to object: 'Object Repository/Page_Swag Labs/input_Swag Labs_password'

2023-05-11 16:55:13 - [MESSAGE][PASSED] - Keys 'secret_sauce' sent to object: 'Object Repository/Page_Swag Labs/input_Swag Labs_password'

2023-05-11 16:55:13 - [TEST_STEP][PASSED] - click(findTestObject("Object Repository/Page_Swag Labs/input_Swag Labs_login-button")): Object: 'Object Repository/Page_Swag Labs/input_Swag Labs_login-button' is clicked on

2023-05-11 16:55:14 - [MESSAGE][PASSED] - Object: 'Object Repository/Page_Swag Labs/input_Swag Labs_login-button' is clicked on

2023-05-11 16:55:14 - [TEST_STEP][PASSED] - click(findTestObject("Object Repository/inventoryPage/Backpack")): Object: 'Object Repository/inventoryPage/Backpack' is clicked on

2023-05-11 16:55:14 - [MESSAGE][PASSED] - Object: 'Object Repository/inventoryPage/Backpack' is clicked on

2023-05-11 16:55:14 - [TEST_STEP][PASSED] - click(findTestObject("Object Repository/inventoryPage/button_Add to cart")): Object: 'Object Repository/inventoryPage/button_Add to cart' is clicked on

2023-05-11 16:55:15 - [MESSAGE][PASSED] - Object: 'Object Repository/inventoryPage/button_Add to cart' is clicked on

2023-05-11 16:55:15 - [TEST_STEP][PASSED] - click(findTestObject("Object Repository/inventoryPage/products_back-image")): Object: 'Object Repository/inventoryPage/products_back-image' is clicked on

2023-05-11 16:55:16 - [MESSAGE][PASSED] - Object: 'Object Repository/inventoryPage/products_back-image' is clicked on

2023-05-11 16:55:16 - [TEST_STEP][PASSED] - click(findTestObject("Object Repository/inventoryPage/cart")): Object: 'Object Repository/inventoryPage/cart' is clicked on

2023-05-11 16:55:16 - [MESSAGE][PASSED] - Object: 'Object Repository/inventoryPage/cart' is clicked on

2023-05-11 16:55:16 - [TEST_STEP][PASSED] - click(findTestObject("Object Repository/CheckoutPage/button_Checkout")): Object: 'Object Repository/CheckoutPage/button_Checkout' is clicked on

2023-05-11 16:55:17 - [MESSAGE][PASSED] - Object: 'Object Repository/CheckoutPage/button_Checkout' is clicked on

2023-05-11 16:55:17 - [TEST_STEP][PASSED] - sendKeys(findTestObject("Object Repository/checkout-step-one/input_Checkout Your Information_firstName"), "demo"): Keys 'demo' sent to object: 'Object Repository/checkout-step-one/input_Checkout Your Information_firstName'

2023-05-11 16:55:17 - [MESSAGE][PASSED] - Keys 'demo' sent to object: 'Object Repository/checkout-step-one/input_Checkout Your Information_firstName'

2023-05-11 16:55:17 - [TEST_STEP][PASSED] - sendKeys(findTestObject("Object Repository/checkout-step-one/input_Checkout Your Information_lastName"), "qa test"): Keys 'qa test' sent to object: 'Object Repository/checkout-step-one/input_Checkout Your Information_lastName'

2023-05-11 16:55:18 - [MESSAGE][PASSED] - Keys 'qa test' sent to object: 'Object Repository/checkout-step-one/input_Checkout Your Information_lastName'

2023-05-11 16:55:18 - [TEST_STEP][PASSED] - sendKeys(findTestObject("Object Repository/checkout-step-one/input_Checkout Your Information_postalCode"), "9000"): Keys '9000' sent to object: 'Object Repository/checkout-step-one/input_Checkout Your Information_postalCode'

2023-05-11 16:55:18 - [MESSAGE][PASSED] - Keys '9000' sent to object: 'Object Repository/checkout-step-one/input_Checkout Your Information_postalCode'

2023-05-11 16:55:18 - [TEST_STEP][PASSED] - click(findTestObject("Object Repository/checkout-step-one/input_continue")): Object: 'Object Repository/checkout-step-one/input_continue' is clicked on

2023-05-11 16:55:19 - [MESSAGE][PASSED] - Object: 'Object Repository/checkout-step-one/input_continue' is clicked on

2023-05-11 16:55:19 - [TEST_STEP][PASSED] - click(findTestObject("Object Repository/finish checkout/button_Finish")): Object: 'Object Repository/finish checkout/button_Finish' is clicked on

2023-05-11 16:55:19 - [MESSAGE][PASSED] - Object: 'Object Repository/finish checkout/button_Finish' is clicked on

2023-05-11 16:55:19 - [TEST_STEP][PASSED] - verifyElementVisible(findTestObject("Object Repository/order-success/h2_Thank you for your order")): Object 'Object Repository/order-success/h2_Thank you for your order' is visible

2023-05-11 16:55:20 - [MESSAGE][PASSED] - Object 'Object Repository/order-success/h2_Thank you for your order' is visible

2023-05-11 16:55:20 - [TEST_STEP][PASSED] - click(findTestObject("Object Repository/NavSideBar/sidebar")): Object: 'Object Repository/NavSideBar/sidebar' is clicked on

2023-05-11 16:55:20 - [MESSAGE][PASSED] - Object: 'Object Repository/NavSideBar/sidebar' is clicked on

2023-05-11 16:55:20 - [TEST_STEP][PASSED] - click(findTestObject("Object Repository/NavSideBar/a_Logout")): Object: 'Object Repository/NavSideBar/a_Logout' is clicked on

2023-05-11 16:55:21 - [MESSAGE][PASSED] - Object: 'Object Repository/NavSideBar/a_Logout' is clicked on

2023-05-11 16:55:21 - [TEST_STEP][PASSED] - verifyElementVisible(findTestObject("Object Repository/Page_Swag Labs/input_Swag Labs_user-name")): Object 'Object Repository/Page_Swag Labs/input_Swag Labs_user-name' is visible

2023-05-11 16:55:21 - [MESSAGE][PASSED] - Object 'Object Repository/Page_Swag Labs/input_Swag Labs_user-name' is visible

2023-05-11 16:55:21 - [TEST_STEP][PASSED] - closeBrowser(): Browser is closed

2023-05-11 16:55:22 - [MESSAGE][PASSED] - Browser is closed]]></system-out>
         <system-err><![CDATA[]]></system-err>
      </testcase>
      <testcase name="Test Cases/test-flow-1-buy-1-product" time="13.045" classname="Test Cases/test-flow-1-buy-1-product" status="PASSED">
         <system-out><![CDATA[2023-05-11 16:55:22 - [TEST_CASE][PASSED] - Test Cases/test-flow-1-buy-1-product: Test Cases/test-flow-1-buy-1-product

2023-05-11 16:55:22 - [TEST_STEP][PASSED] - openBrowser("https://www.saucedemo.com/"): Browser is opened with url: 'https://www.saucedemo.com/'

2023-05-11 16:55:22 - [MESSAGE][INFO] - Starting 'Chrome' driver

2023-05-11 16:55:22 - [MESSAGE][INFO] - Action delay is set to 0 milliseconds

2023-05-11 16:55:25 - [MESSAGE][PASSED] - Browser is opened with url: 'https://www.saucedemo.com/'

2023-05-11 16:55:25 - [TEST_STEP][PASSED] - click(findTestObject("Object Repository/Page_Swag Labs/input_Swag Labs_user-name")): Object: 'Object Repository/Page_Swag Labs/input_Swag Labs_user-name' is clicked on

2023-05-11 16:55:25 - [MESSAGE][PASSED] - Object: 'Object Repository/Page_Swag Labs/input_Swag Labs_user-name' is clicked on

2023-05-11 16:55:25 - [TEST_STEP][PASSED] - sendKeys(findTestObject("Object Repository/Page_Swag Labs/input_Swag Labs_user-name"), "standard_user"): Keys 'standard_user' sent to object: 'Object Repository/Page_Swag Labs/input_Swag Labs_user-name'

2023-05-11 16:55:26 - [MESSAGE][PASSED] - Keys 'standard_user' sent to object: 'Object Repository/Page_Swag Labs/input_Swag Labs_user-name'

2023-05-11 16:55:26 - [TEST_STEP][PASSED] - click(findTestObject("Object Repository/Page_Swag Labs/input_Swag Labs_password")): Object: 'Object Repository/Page_Swag Labs/input_Swag Labs_password' is clicked on

2023-05-11 16:55:26 - [MESSAGE][PASSED] - Object: 'Object Repository/Page_Swag Labs/input_Swag Labs_password' is clicked on

2023-05-11 16:55:26 - [TEST_STEP][PASSED] - sendKeys(findTestObject("Object Repository/Page_Swag Labs/input_Swag Labs_password"), "secret_sauce"): Keys 'secret_sauce' sent to object: 'Object Repository/Page_Swag Labs/input_Swag Labs_password'

2023-05-11 16:55:27 - [MESSAGE][PASSED] - Keys 'secret_sauce' sent to object: 'Object Repository/Page_Swag Labs/input_Swag Labs_password'

2023-05-11 16:55:27 - [TEST_STEP][PASSED] - click(findTestObject("Object Repository/Page_Swag Labs/input_Swag Labs_login-button")): Object: 'Object Repository/Page_Swag Labs/input_Swag Labs_login-button' is clicked on

2023-05-11 16:55:27 - [MESSAGE][PASSED] - Object: 'Object Repository/Page_Swag Labs/input_Swag Labs_login-button' is clicked on

2023-05-11 16:55:27 - [TEST_STEP][PASSED] - click(findTestObject("Object Repository/inventoryPage/Backpack")): Object: 'Object Repository/inventoryPage/Backpack' is clicked on

2023-05-11 16:55:28 - [MESSAGE][PASSED] - Object: 'Object Repository/inventoryPage/Backpack' is clicked on

2023-05-11 16:55:28 - [TEST_STEP][PASSED] - click(findTestObject("Object Repository/inventoryPage/button_Add to cart")): Object: 'Object Repository/inventoryPage/button_Add to cart' is clicked on

2023-05-11 16:55:28 - [MESSAGE][PASSED] - Object: 'Object Repository/inventoryPage/button_Add to cart' is clicked on

2023-05-11 16:55:28 - [TEST_STEP][PASSED] - click(findTestObject("Object Repository/inventoryPage/products_back-image")): Object: 'Object Repository/inventoryPage/products_back-image' is clicked on

2023-05-11 16:55:29 - [MESSAGE][PASSED] - Object: 'Object Repository/inventoryPage/products_back-image' is clicked on

2023-05-11 16:55:29 - [TEST_STEP][PASSED] - click(findTestObject("Object Repository/inventoryPage/cart")): Object: 'Object Repository/inventoryPage/cart' is clicked on

2023-05-11 16:55:29 - [MESSAGE][PASSED] - Object: 'Object Repository/inventoryPage/cart' is clicked on

2023-05-11 16:55:29 - [TEST_STEP][PASSED] - click(findTestObject("Object Repository/CheckoutPage/button_Checkout")): Object: 'Object Repository/CheckoutPage/button_Checkout' is clicked on

2023-05-11 16:55:30 - [MESSAGE][PASSED] - Object: 'Object Repository/CheckoutPage/button_Checkout' is clicked on

2023-05-11 16:55:30 - [TEST_STEP][PASSED] - sendKeys(findTestObject("Object Repository/checkout-step-one/input_Checkout Your Information_firstName"), "demo"): Keys 'demo' sent to object: 'Object Repository/checkout-step-one/input_Checkout Your Information_firstName'

2023-05-11 16:55:30 - [MESSAGE][PASSED] - Keys 'demo' sent to object: 'Object Repository/checkout-step-one/input_Checkout Your Information_firstName'

2023-05-11 16:55:30 - [TEST_STEP][PASSED] - sendKeys(findTestObject("Object Repository/checkout-step-one/input_Checkout Your Information_lastName"), "qa test"): Keys 'qa test' sent to object: 'Object Repository/checkout-step-one/input_Checkout Your Information_lastName'

2023-05-11 16:55:31 - [MESSAGE][PASSED] - Keys 'qa test' sent to object: 'Object Repository/checkout-step-one/input_Checkout Your Information_lastName'

2023-05-11 16:55:31 - [TEST_STEP][PASSED] - sendKeys(findTestObject("Object Repository/checkout-step-one/input_Checkout Your Information_postalCode"), "9000"): Keys '9000' sent to object: 'Object Repository/checkout-step-one/input_Checkout Your Information_postalCode'

2023-05-11 16:55:31 - [MESSAGE][PASSED] - Keys '9000' sent to object: 'Object Repository/checkout-step-one/input_Checkout Your Information_postalCode'

2023-05-11 16:55:31 - [TEST_STEP][PASSED] - click(findTestObject("Object Repository/checkout-step-one/input_continue")): Object: 'Object Repository/checkout-step-one/input_continue' is clicked on

2023-05-11 16:55:32 - [MESSAGE][PASSED] - Object: 'Object Repository/checkout-step-one/input_continue' is clicked on

2023-05-11 16:55:32 - [TEST_STEP][PASSED] - click(findTestObject("Object Repository/finish checkout/button_Finish")): Object: 'Object Repository/finish checkout/button_Finish' is clicked on

2023-05-11 16:55:32 - [MESSAGE][PASSED] - Object: 'Object Repository/finish checkout/button_Finish' is clicked on

2023-05-11 16:55:32 - [TEST_STEP][PASSED] - verifyElementVisible(findTestObject("Object Repository/order-success/h2_Thank you for your order")): Object 'Object Repository/order-success/h2_Thank you for your order' is visible

2023-05-11 16:55:33 - [MESSAGE][PASSED] - Object 'Object Repository/order-success/h2_Thank you for your order' is visible

2023-05-11 16:55:33 - [TEST_STEP][PASSED] - click(findTestObject("Object Repository/NavSideBar/sidebar")): Object: 'Object Repository/NavSideBar/sidebar' is clicked on

2023-05-11 16:55:33 - [MESSAGE][PASSED] - Object: 'Object Repository/NavSideBar/sidebar' is clicked on

2023-05-11 16:55:33 - [TEST_STEP][PASSED] - click(findTestObject("Object Repository/NavSideBar/a_Logout")): Object: 'Object Repository/NavSideBar/a_Logout' is clicked on

2023-05-11 16:55:34 - [MESSAGE][PASSED] - Object: 'Object Repository/NavSideBar/a_Logout' is clicked on

2023-05-11 16:55:34 - [TEST_STEP][PASSED] - verifyElementVisible(findTestObject("Object Repository/Page_Swag Labs/input_Swag Labs_user-name")): Object 'Object Repository/Page_Swag Labs/input_Swag Labs_user-name' is visible

2023-05-11 16:55:34 - [MESSAGE][PASSED] - Object 'Object Repository/Page_Swag Labs/input_Swag Labs_user-name' is visible

2023-05-11 16:55:34 - [TEST_STEP][PASSED] - closeBrowser(): Browser is closed

2023-05-11 16:55:35 - [MESSAGE][PASSED] - Browser is closed]]></system-out>
         <system-err><![CDATA[]]></system-err>
      </testcase>
      <testcase name="Test Cases/test-flow-1-buy-1-product" time="13.885" classname="Test Cases/test-flow-1-buy-1-product" status="PASSED">
         <system-out><![CDATA[2023-05-11 16:55:35 - [TEST_CASE][PASSED] - Test Cases/test-flow-1-buy-1-product: Test Cases/test-flow-1-buy-1-product

2023-05-11 16:55:35 - [TEST_STEP][PASSED] - openBrowser("https://www.saucedemo.com/"): Browser is opened with url: 'https://www.saucedemo.com/'

2023-05-11 16:55:35 - [MESSAGE][INFO] - Starting 'Chrome' driver

2023-05-11 16:55:35 - [MESSAGE][INFO] - Action delay is set to 0 milliseconds

2023-05-11 16:55:38 - [MESSAGE][PASSED] - Browser is opened with url: 'https://www.saucedemo.com/'

2023-05-11 16:55:38 - [TEST_STEP][PASSED] - click(findTestObject("Object Repository/Page_Swag Labs/input_Swag Labs_user-name")): Object: 'Object Repository/Page_Swag Labs/input_Swag Labs_user-name' is clicked on

2023-05-11 16:55:39 - [MESSAGE][PASSED] - Object: 'Object Repository/Page_Swag Labs/input_Swag Labs_user-name' is clicked on

2023-05-11 16:55:39 - [TEST_STEP][PASSED] - sendKeys(findTestObject("Object Repository/Page_Swag Labs/input_Swag Labs_user-name"), "standard_user"): Keys 'standard_user' sent to object: 'Object Repository/Page_Swag Labs/input_Swag Labs_user-name'

2023-05-11 16:55:39 - [MESSAGE][PASSED] - Keys 'standard_user' sent to object: 'Object Repository/Page_Swag Labs/input_Swag Labs_user-name'

2023-05-11 16:55:39 - [TEST_STEP][PASSED] - click(findTestObject("Object Repository/Page_Swag Labs/input_Swag Labs_password")): Object: 'Object Repository/Page_Swag Labs/input_Swag Labs_password' is clicked on

2023-05-11 16:55:40 - [MESSAGE][PASSED] - Object: 'Object Repository/Page_Swag Labs/input_Swag Labs_password' is clicked on

2023-05-11 16:55:40 - [TEST_STEP][PASSED] - sendKeys(findTestObject("Object Repository/Page_Swag Labs/input_Swag Labs_password"), "secret_sauce"): Keys 'secret_sauce' sent to object: 'Object Repository/Page_Swag Labs/input_Swag Labs_password'

2023-05-11 16:55:40 - [MESSAGE][PASSED] - Keys 'secret_sauce' sent to object: 'Object Repository/Page_Swag Labs/input_Swag Labs_password'

2023-05-11 16:55:40 - [TEST_STEP][PASSED] - click(findTestObject("Object Repository/Page_Swag Labs/input_Swag Labs_login-button")): Object: 'Object Repository/Page_Swag Labs/input_Swag Labs_login-button' is clicked on

2023-05-11 16:55:41 - [MESSAGE][PASSED] - Object: 'Object Repository/Page_Swag Labs/input_Swag Labs_login-button' is clicked on

2023-05-11 16:55:41 - [TEST_STEP][PASSED] - click(findTestObject("Object Repository/inventoryPage/Backpack")): Object: 'Object Repository/inventoryPage/Backpack' is clicked on

2023-05-11 16:55:41 - [MESSAGE][PASSED] - Object: 'Object Repository/inventoryPage/Backpack' is clicked on

2023-05-11 16:55:41 - [TEST_STEP][PASSED] - click(findTestObject("Object Repository/inventoryPage/button_Add to cart")): Object: 'Object Repository/inventoryPage/button_Add to cart' is clicked on

2023-05-11 16:55:42 - [MESSAGE][PASSED] - Object: 'Object Repository/inventoryPage/button_Add to cart' is clicked on

2023-05-11 16:55:42 - [TEST_STEP][PASSED] - click(findTestObject("Object Repository/inventoryPage/products_back-image")): Object: 'Object Repository/inventoryPage/products_back-image' is clicked on

2023-05-11 16:55:42 - [MESSAGE][PASSED] - Object: 'Object Repository/inventoryPage/products_back-image' is clicked on

2023-05-11 16:55:42 - [TEST_STEP][PASSED] - click(findTestObject("Object Repository/inventoryPage/cart")): Object: 'Object Repository/inventoryPage/cart' is clicked on

2023-05-11 16:55:43 - [MESSAGE][PASSED] - Object: 'Object Repository/inventoryPage/cart' is clicked on

2023-05-11 16:55:43 - [TEST_STEP][PASSED] - click(findTestObject("Object Repository/CheckoutPage/button_Checkout")): Object: 'Object Repository/CheckoutPage/button_Checkout' is clicked on

2023-05-11 16:55:43 - [MESSAGE][PASSED] - Object: 'Object Repository/CheckoutPage/button_Checkout' is clicked on

2023-05-11 16:55:43 - [TEST_STEP][PASSED] - sendKeys(findTestObject("Object Repository/checkout-step-one/input_Checkout Your Information_firstName"), "demo"): Keys 'demo' sent to object: 'Object Repository/checkout-step-one/input_Checkout Your Information_firstName'

2023-05-11 16:55:44 - [MESSAGE][PASSED] - Keys 'demo' sent to object: 'Object Repository/checkout-step-one/input_Checkout Your Information_firstName'

2023-05-11 16:55:44 - [TEST_STEP][PASSED] - sendKeys(findTestObject("Object Repository/checkout-step-one/input_Checkout Your Information_lastName"), "qa test"): Keys 'qa test' sent to object: 'Object Repository/checkout-step-one/input_Checkout Your Information_lastName'

2023-05-11 16:55:44 - [MESSAGE][PASSED] - Keys 'qa test' sent to object: 'Object Repository/checkout-step-one/input_Checkout Your Information_lastName'

2023-05-11 16:55:44 - [TEST_STEP][PASSED] - sendKeys(findTestObject("Object Repository/checkout-step-one/input_Checkout Your Information_postalCode"), "9000"): Keys '9000' sent to object: 'Object Repository/checkout-step-one/input_Checkout Your Information_postalCode'

2023-05-11 16:55:45 - [MESSAGE][PASSED] - Keys '9000' sent to object: 'Object Repository/checkout-step-one/input_Checkout Your Information_postalCode'

2023-05-11 16:55:45 - [TEST_STEP][PASSED] - click(findTestObject("Object Repository/checkout-step-one/input_continue")): Object: 'Object Repository/checkout-step-one/input_continue' is clicked on

2023-05-11 16:55:46 - [MESSAGE][PASSED] - Object: 'Object Repository/checkout-step-one/input_continue' is clicked on

2023-05-11 16:55:46 - [TEST_STEP][PASSED] - click(findTestObject("Object Repository/finish checkout/button_Finish")): Object: 'Object Repository/finish checkout/button_Finish' is clicked on

2023-05-11 16:55:46 - [MESSAGE][PASSED] - Object: 'Object Repository/finish checkout/button_Finish' is clicked on

2023-05-11 16:55:46 - [TEST_STEP][PASSED] - verifyElementVisible(findTestObject("Object Repository/order-success/h2_Thank you for your order")): Object 'Object Repository/order-success/h2_Thank you for your order' is visible

2023-05-11 16:55:47 - [MESSAGE][PASSED] - Object 'Object Repository/order-success/h2_Thank you for your order' is visible

2023-05-11 16:55:47 - [TEST_STEP][PASSED] - click(findTestObject("Object Repository/NavSideBar/sidebar")): Object: 'Object Repository/NavSideBar/sidebar' is clicked on

2023-05-11 16:55:47 - [MESSAGE][PASSED] - Object: 'Object Repository/NavSideBar/sidebar' is clicked on

2023-05-11 16:55:47 - [TEST_STEP][PASSED] - click(findTestObject("Object Repository/NavSideBar/a_Logout")): Object: 'Object Repository/NavSideBar/a_Logout' is clicked on

2023-05-11 16:55:48 - [MESSAGE][PASSED] - Object: 'Object Repository/NavSideBar/a_Logout' is clicked on

2023-05-11 16:55:48 - [TEST_STEP][PASSED] - verifyElementVisible(findTestObject("Object Repository/Page_Swag Labs/input_Swag Labs_user-name")): Object 'Object Repository/Page_Swag Labs/input_Swag Labs_user-name' is visible

2023-05-11 16:55:48 - [MESSAGE][PASSED] - Object 'Object Repository/Page_Swag Labs/input_Swag Labs_user-name' is visible

2023-05-11 16:55:48 - [TEST_STEP][PASSED] - closeBrowser(): Browser is closed

2023-05-11 16:55:49 - [MESSAGE][PASSED] - Browser is closed]]></system-out>
         <system-err><![CDATA[]]></system-err>
      </testcase>
      <testcase name="Test Cases/test-flow-1-buy-1-product" time="13.62" classname="Test Cases/test-flow-1-buy-1-product" status="PASSED">
         <system-out><![CDATA[2023-05-11 16:55:49 - [TEST_CASE][PASSED] - Test Cases/test-flow-1-buy-1-product: Test Cases/test-flow-1-buy-1-product

2023-05-11 16:55:49 - [TEST_STEP][PASSED] - openBrowser("https://www.saucedemo.com/"): Browser is opened with url: 'https://www.saucedemo.com/'

2023-05-11 16:55:49 - [MESSAGE][INFO] - Starting 'Chrome' driver

2023-05-11 16:55:49 - [MESSAGE][INFO] - Action delay is set to 0 milliseconds

2023-05-11 16:55:52 - [MESSAGE][PASSED] - Browser is opened with url: 'https://www.saucedemo.com/'

2023-05-11 16:55:52 - [TEST_STEP][PASSED] - click(findTestObject("Object Repository/Page_Swag Labs/input_Swag Labs_user-name")): Object: 'Object Repository/Page_Swag Labs/input_Swag Labs_user-name' is clicked on

2023-05-11 16:55:52 - [MESSAGE][PASSED] - Object: 'Object Repository/Page_Swag Labs/input_Swag Labs_user-name' is clicked on

2023-05-11 16:55:52 - [TEST_STEP][PASSED] - sendKeys(findTestObject("Object Repository/Page_Swag Labs/input_Swag Labs_user-name"), "standard_user"): Keys 'standard_user' sent to object: 'Object Repository/Page_Swag Labs/input_Swag Labs_user-name'

2023-05-11 16:55:53 - [MESSAGE][PASSED] - Keys 'standard_user' sent to object: 'Object Repository/Page_Swag Labs/input_Swag Labs_user-name'

2023-05-11 16:55:53 - [TEST_STEP][PASSED] - click(findTestObject("Object Repository/Page_Swag Labs/input_Swag Labs_password")): Object: 'Object Repository/Page_Swag Labs/input_Swag Labs_password' is clicked on

2023-05-11 16:55:53 - [MESSAGE][PASSED] - Object: 'Object Repository/Page_Swag Labs/input_Swag Labs_password' is clicked on

2023-05-11 16:55:53 - [TEST_STEP][PASSED] - sendKeys(findTestObject("Object Repository/Page_Swag Labs/input_Swag Labs_password"), "secret_sauce"): Keys 'secret_sauce' sent to object: 'Object Repository/Page_Swag Labs/input_Swag Labs_password'

2023-05-11 16:55:54 - [MESSAGE][PASSED] - Keys 'secret_sauce' sent to object: 'Object Repository/Page_Swag Labs/input_Swag Labs_password'

2023-05-11 16:55:54 - [TEST_STEP][PASSED] - click(findTestObject("Object Repository/Page_Swag Labs/input_Swag Labs_login-button")): Object: 'Object Repository/Page_Swag Labs/input_Swag Labs_login-button' is clicked on

2023-05-11 16:55:54 - [MESSAGE][PASSED] - Object: 'Object Repository/Page_Swag Labs/input_Swag Labs_login-button' is clicked on

2023-05-11 16:55:54 - [TEST_STEP][PASSED] - click(findTestObject("Object Repository/inventoryPage/Backpack")): Object: 'Object Repository/inventoryPage/Backpack' is clicked on

2023-05-11 16:55:55 - [MESSAGE][PASSED] - Object: 'Object Repository/inventoryPage/Backpack' is clicked on

2023-05-11 16:55:55 - [TEST_STEP][PASSED] - click(findTestObject("Object Repository/inventoryPage/button_Add to cart")): Object: 'Object Repository/inventoryPage/button_Add to cart' is clicked on

2023-05-11 16:55:55 - [MESSAGE][PASSED] - Object: 'Object Repository/inventoryPage/button_Add to cart' is clicked on

2023-05-11 16:55:55 - [TEST_STEP][PASSED] - click(findTestObject("Object Repository/inventoryPage/products_back-image")): Object: 'Object Repository/inventoryPage/products_back-image' is clicked on

2023-05-11 16:55:56 - [MESSAGE][PASSED] - Object: 'Object Repository/inventoryPage/products_back-image' is clicked on

2023-05-11 16:55:56 - [TEST_STEP][PASSED] - click(findTestObject("Object Repository/inventoryPage/cart")): Object: 'Object Repository/inventoryPage/cart' is clicked on

2023-05-11 16:55:56 - [MESSAGE][PASSED] - Object: 'Object Repository/inventoryPage/cart' is clicked on

2023-05-11 16:55:56 - [TEST_STEP][PASSED] - click(findTestObject("Object Repository/CheckoutPage/button_Checkout")): Object: 'Object Repository/CheckoutPage/button_Checkout' is clicked on

2023-05-11 16:55:57 - [MESSAGE][PASSED] - Object: 'Object Repository/CheckoutPage/button_Checkout' is clicked on

2023-05-11 16:55:57 - [TEST_STEP][PASSED] - sendKeys(findTestObject("Object Repository/checkout-step-one/input_Checkout Your Information_firstName"), "demo"): Keys 'demo' sent to object: 'Object Repository/checkout-step-one/input_Checkout Your Information_firstName'

2023-05-11 16:55:57 - [MESSAGE][PASSED] - Keys 'demo' sent to object: 'Object Repository/checkout-step-one/input_Checkout Your Information_firstName'

2023-05-11 16:55:57 - [TEST_STEP][PASSED] - sendKeys(findTestObject("Object Repository/checkout-step-one/input_Checkout Your Information_lastName"), "qa test"): Keys 'qa test' sent to object: 'Object Repository/checkout-step-one/input_Checkout Your Information_lastName'

2023-05-11 16:55:58 - [MESSAGE][PASSED] - Keys 'qa test' sent to object: 'Object Repository/checkout-step-one/input_Checkout Your Information_lastName'

2023-05-11 16:55:58 - [TEST_STEP][PASSED] - sendKeys(findTestObject("Object Repository/checkout-step-one/input_Checkout Your Information_postalCode"), "9000"): Keys '9000' sent to object: 'Object Repository/checkout-step-one/input_Checkout Your Information_postalCode'

2023-05-11 16:55:59 - [MESSAGE][PASSED] - Keys '9000' sent to object: 'Object Repository/checkout-step-one/input_Checkout Your Information_postalCode'

2023-05-11 16:55:59 - [TEST_STEP][PASSED] - click(findTestObject("Object Repository/checkout-step-one/input_continue")): Object: 'Object Repository/checkout-step-one/input_continue' is clicked on

2023-05-11 16:55:59 - [MESSAGE][PASSED] - Object: 'Object Repository/checkout-step-one/input_continue' is clicked on

2023-05-11 16:55:59 - [TEST_STEP][PASSED] - click(findTestObject("Object Repository/finish checkout/button_Finish")): Object: 'Object Repository/finish checkout/button_Finish' is clicked on

2023-05-11 16:56:00 - [MESSAGE][PASSED] - Object: 'Object Repository/finish checkout/button_Finish' is clicked on

2023-05-11 16:56:00 - [TEST_STEP][PASSED] - verifyElementVisible(findTestObject("Object Repository/order-success/h2_Thank you for your order")): Object 'Object Repository/order-success/h2_Thank you for your order' is visible

2023-05-11 16:56:00 - [MESSAGE][PASSED] - Object 'Object Repository/order-success/h2_Thank you for your order' is visible

2023-05-11 16:56:00 - [TEST_STEP][PASSED] - click(findTestObject("Object Repository/NavSideBar/sidebar")): Object: 'Object Repository/NavSideBar/sidebar' is clicked on

2023-05-11 16:56:01 - [MESSAGE][PASSED] - Object: 'Object Repository/NavSideBar/sidebar' is clicked on

2023-05-11 16:56:01 - [TEST_STEP][PASSED] - click(findTestObject("Object Repository/NavSideBar/a_Logout")): Object: 'Object Repository/NavSideBar/a_Logout' is clicked on

2023-05-11 16:56:01 - [MESSAGE][PASSED] - Object: 'Object Repository/NavSideBar/a_Logout' is clicked on

2023-05-11 16:56:01 - [TEST_STEP][PASSED] - verifyElementVisible(findTestObject("Object Repository/Page_Swag Labs/input_Swag Labs_user-name")): Object 'Object Repository/Page_Swag Labs/input_Swag Labs_user-name' is visible

2023-05-11 16:56:02 - [MESSAGE][PASSED] - Object 'Object Repository/Page_Swag Labs/input_Swag Labs_user-name' is visible

2023-05-11 16:56:02 - [TEST_STEP][PASSED] - closeBrowser(): Browser is closed

2023-05-11 16:56:03 - [MESSAGE][PASSED] - Browser is closed]]></system-out>
         <system-err><![CDATA[]]></system-err>
      </testcase>
      <testcase name="Test Cases/test-flow-1-buy-1-product" time="13.204" classname="Test Cases/test-flow-1-buy-1-product" status="PASSED">
         <system-out><![CDATA[2023-05-11 16:56:03 - [TEST_CASE][PASSED] - Test Cases/test-flow-1-buy-1-product: Test Cases/test-flow-1-buy-1-product

2023-05-11 16:56:03 - [TEST_STEP][PASSED] - openBrowser("https://www.saucedemo.com/"): Browser is opened with url: 'https://www.saucedemo.com/'

2023-05-11 16:56:03 - [MESSAGE][INFO] - Starting 'Chrome' driver

2023-05-11 16:56:03 - [MESSAGE][INFO] - Action delay is set to 0 milliseconds

2023-05-11 16:56:05 - [MESSAGE][PASSED] - Browser is opened with url: 'https://www.saucedemo.com/'

2023-05-11 16:56:05 - [TEST_STEP][PASSED] - click(findTestObject("Object Repository/Page_Swag Labs/input_Swag Labs_user-name")): Object: 'Object Repository/Page_Swag Labs/input_Swag Labs_user-name' is clicked on

2023-05-11 16:56:06 - [MESSAGE][PASSED] - Object: 'Object Repository/Page_Swag Labs/input_Swag Labs_user-name' is clicked on

2023-05-11 16:56:06 - [TEST_STEP][PASSED] - sendKeys(findTestObject("Object Repository/Page_Swag Labs/input_Swag Labs_user-name"), "standard_user"): Keys 'standard_user' sent to object: 'Object Repository/Page_Swag Labs/input_Swag Labs_user-name'

2023-05-11 16:56:06 - [MESSAGE][PASSED] - Keys 'standard_user' sent to object: 'Object Repository/Page_Swag Labs/input_Swag Labs_user-name'

2023-05-11 16:56:06 - [TEST_STEP][PASSED] - click(findTestObject("Object Repository/Page_Swag Labs/input_Swag Labs_password")): Object: 'Object Repository/Page_Swag Labs/input_Swag Labs_password' is clicked on

2023-05-11 16:56:07 - [MESSAGE][PASSED] - Object: 'Object Repository/Page_Swag Labs/input_Swag Labs_password' is clicked on

2023-05-11 16:56:07 - [TEST_STEP][PASSED] - sendKeys(findTestObject("Object Repository/Page_Swag Labs/input_Swag Labs_password"), "secret_sauce"): Keys 'secret_sauce' sent to object: 'Object Repository/Page_Swag Labs/input_Swag Labs_password'

2023-05-11 16:56:07 - [MESSAGE][PASSED] - Keys 'secret_sauce' sent to object: 'Object Repository/Page_Swag Labs/input_Swag Labs_password'

2023-05-11 16:56:07 - [TEST_STEP][PASSED] - click(findTestObject("Object Repository/Page_Swag Labs/input_Swag Labs_login-button")): Object: 'Object Repository/Page_Swag Labs/input_Swag Labs_login-button' is clicked on

2023-05-11 16:56:08 - [MESSAGE][PASSED] - Object: 'Object Repository/Page_Swag Labs/input_Swag Labs_login-button' is clicked on

2023-05-11 16:56:08 - [TEST_STEP][PASSED] - click(findTestObject("Object Repository/inventoryPage/Backpack")): Object: 'Object Repository/inventoryPage/Backpack' is clicked on

2023-05-11 16:56:08 - [MESSAGE][PASSED] - Object: 'Object Repository/inventoryPage/Backpack' is clicked on

2023-05-11 16:56:08 - [TEST_STEP][PASSED] - click(findTestObject("Object Repository/inventoryPage/button_Add to cart")): Object: 'Object Repository/inventoryPage/button_Add to cart' is clicked on

2023-05-11 16:56:09 - [MESSAGE][PASSED] - Object: 'Object Repository/inventoryPage/button_Add to cart' is clicked on

2023-05-11 16:56:09 - [TEST_STEP][PASSED] - click(findTestObject("Object Repository/inventoryPage/products_back-image")): Object: 'Object Repository/inventoryPage/products_back-image' is clicked on

2023-05-11 16:56:09 - [MESSAGE][PASSED] - Object: 'Object Repository/inventoryPage/products_back-image' is clicked on

2023-05-11 16:56:09 - [TEST_STEP][PASSED] - click(findTestObject("Object Repository/inventoryPage/cart")): Object: 'Object Repository/inventoryPage/cart' is clicked on

2023-05-11 16:56:10 - [MESSAGE][PASSED] - Object: 'Object Repository/inventoryPage/cart' is clicked on

2023-05-11 16:56:10 - [TEST_STEP][PASSED] - click(findTestObject("Object Repository/CheckoutPage/button_Checkout")): Object: 'Object Repository/CheckoutPage/button_Checkout' is clicked on

2023-05-11 16:56:10 - [MESSAGE][PASSED] - Object: 'Object Repository/CheckoutPage/button_Checkout' is clicked on

2023-05-11 16:56:10 - [TEST_STEP][PASSED] - sendKeys(findTestObject("Object Repository/checkout-step-one/input_Checkout Your Information_firstName"), "demo"): Keys 'demo' sent to object: 'Object Repository/checkout-step-one/input_Checkout Your Information_firstName'

2023-05-11 16:56:11 - [MESSAGE][PASSED] - Keys 'demo' sent to object: 'Object Repository/checkout-step-one/input_Checkout Your Information_firstName'

2023-05-11 16:56:11 - [TEST_STEP][PASSED] - sendKeys(findTestObject("Object Repository/checkout-step-one/input_Checkout Your Information_lastName"), "qa test"): Keys 'qa test' sent to object: 'Object Repository/checkout-step-one/input_Checkout Your Information_lastName'

2023-05-11 16:56:12 - [MESSAGE][PASSED] - Keys 'qa test' sent to object: 'Object Repository/checkout-step-one/input_Checkout Your Information_lastName'

2023-05-11 16:56:12 - [TEST_STEP][PASSED] - sendKeys(findTestObject("Object Repository/checkout-step-one/input_Checkout Your Information_postalCode"), "9000"): Keys '9000' sent to object: 'Object Repository/checkout-step-one/input_Checkout Your Information_postalCode'

2023-05-11 16:56:12 - [MESSAGE][PASSED] - Keys '9000' sent to object: 'Object Repository/checkout-step-one/input_Checkout Your Information_postalCode'

2023-05-11 16:56:12 - [TEST_STEP][PASSED] - click(findTestObject("Object Repository/checkout-step-one/input_continue")): Object: 'Object Repository/checkout-step-one/input_continue' is clicked on

2023-05-11 16:56:13 - [MESSAGE][PASSED] - Object: 'Object Repository/checkout-step-one/input_continue' is clicked on

2023-05-11 16:56:13 - [TEST_STEP][PASSED] - click(findTestObject("Object Repository/finish checkout/button_Finish")): Object: 'Object Repository/finish checkout/button_Finish' is clicked on

2023-05-11 16:56:13 - [MESSAGE][PASSED] - Object: 'Object Repository/finish checkout/button_Finish' is clicked on

2023-05-11 16:56:13 - [TEST_STEP][PASSED] - verifyElementVisible(findTestObject("Object Repository/order-success/h2_Thank you for your order")): Object 'Object Repository/order-success/h2_Thank you for your order' is visible

2023-05-11 16:56:14 - [MESSAGE][PASSED] - Object 'Object Repository/order-success/h2_Thank you for your order' is visible

2023-05-11 16:56:14 - [TEST_STEP][PASSED] - click(findTestObject("Object Repository/NavSideBar/sidebar")): Object: 'Object Repository/NavSideBar/sidebar' is clicked on

2023-05-11 16:56:14 - [MESSAGE][PASSED] - Object: 'Object Repository/NavSideBar/sidebar' is clicked on

2023-05-11 16:56:14 - [TEST_STEP][PASSED] - click(findTestObject("Object Repository/NavSideBar/a_Logout")): Object: 'Object Repository/NavSideBar/a_Logout' is clicked on

2023-05-11 16:56:15 - [MESSAGE][PASSED] - Object: 'Object Repository/NavSideBar/a_Logout' is clicked on

2023-05-11 16:56:15 - [TEST_STEP][PASSED] - verifyElementVisible(findTestObject("Object Repository/Page_Swag Labs/input_Swag Labs_user-name")): Object 'Object Repository/Page_Swag Labs/input_Swag Labs_user-name' is visible

2023-05-11 16:56:15 - [MESSAGE][PASSED] - Object 'Object Repository/Page_Swag Labs/input_Swag Labs_user-name' is visible

2023-05-11 16:56:15 - [TEST_STEP][PASSED] - closeBrowser(): Browser is closed

2023-05-11 16:56:16 - [MESSAGE][PASSED] - Browser is closed]]></system-out>
         <system-err><![CDATA[]]></system-err>
      </testcase>
      <testcase name="Test Cases/test-flow-1-buy-1-product" time="13.384" classname="Test Cases/test-flow-1-buy-1-product" status="PASSED">
         <system-out><![CDATA[2023-05-11 16:56:16 - [TEST_CASE][PASSED] - Test Cases/test-flow-1-buy-1-product: Test Cases/test-flow-1-buy-1-product

2023-05-11 16:56:16 - [TEST_STEP][PASSED] - openBrowser("https://www.saucedemo.com/"): Browser is opened with url: 'https://www.saucedemo.com/'

2023-05-11 16:56:16 - [MESSAGE][INFO] - Starting 'Chrome' driver

2023-05-11 16:56:16 - [MESSAGE][INFO] - Action delay is set to 0 milliseconds

2023-05-11 16:56:19 - [MESSAGE][PASSED] - Browser is opened with url: 'https://www.saucedemo.com/'

2023-05-11 16:56:19 - [TEST_STEP][PASSED] - click(findTestObject("Object Repository/Page_Swag Labs/input_Swag Labs_user-name")): Object: 'Object Repository/Page_Swag Labs/input_Swag Labs_user-name' is clicked on

2023-05-11 16:56:19 - [MESSAGE][PASSED] - Object: 'Object Repository/Page_Swag Labs/input_Swag Labs_user-name' is clicked on

2023-05-11 16:56:19 - [TEST_STEP][PASSED] - sendKeys(findTestObject("Object Repository/Page_Swag Labs/input_Swag Labs_user-name"), "standard_user"): Keys 'standard_user' sent to object: 'Object Repository/Page_Swag Labs/input_Swag Labs_user-name'

2023-05-11 16:56:20 - [MESSAGE][PASSED] - Keys 'standard_user' sent to object: 'Object Repository/Page_Swag Labs/input_Swag Labs_user-name'

2023-05-11 16:56:20 - [TEST_STEP][PASSED] - click(findTestObject("Object Repository/Page_Swag Labs/input_Swag Labs_password")): Object: 'Object Repository/Page_Swag Labs/input_Swag Labs_password' is clicked on

2023-05-11 16:56:20 - [MESSAGE][PASSED] - Object: 'Object Repository/Page_Swag Labs/input_Swag Labs_password' is clicked on

2023-05-11 16:56:20 - [TEST_STEP][PASSED] - sendKeys(findTestObject("Object Repository/Page_Swag Labs/input_Swag Labs_password"), "secret_sauce"): Keys 'secret_sauce' sent to object: 'Object Repository/Page_Swag Labs/input_Swag Labs_password'

2023-05-11 16:56:21 - [MESSAGE][PASSED] - Keys 'secret_sauce' sent to object: 'Object Repository/Page_Swag Labs/input_Swag Labs_password'

2023-05-11 16:56:21 - [TEST_STEP][PASSED] - click(findTestObject("Object Repository/Page_Swag Labs/input_Swag Labs_login-button")): Object: 'Object Repository/Page_Swag Labs/input_Swag Labs_login-button' is clicked on

2023-05-11 16:56:21 - [MESSAGE][PASSED] - Object: 'Object Repository/Page_Swag Labs/input_Swag Labs_login-button' is clicked on

2023-05-11 16:56:21 - [TEST_STEP][PASSED] - click(findTestObject("Object Repository/inventoryPage/Backpack")): Object: 'Object Repository/inventoryPage/Backpack' is clicked on

2023-05-11 16:56:22 - [MESSAGE][PASSED] - Object: 'Object Repository/inventoryPage/Backpack' is clicked on

2023-05-11 16:56:22 - [TEST_STEP][PASSED] - click(findTestObject("Object Repository/inventoryPage/button_Add to cart")): Object: 'Object Repository/inventoryPage/button_Add to cart' is clicked on

2023-05-11 16:56:22 - [MESSAGE][PASSED] - Object: 'Object Repository/inventoryPage/button_Add to cart' is clicked on

2023-05-11 16:56:22 - [TEST_STEP][PASSED] - click(findTestObject("Object Repository/inventoryPage/products_back-image")): Object: 'Object Repository/inventoryPage/products_back-image' is clicked on

2023-05-11 16:56:23 - [MESSAGE][PASSED] - Object: 'Object Repository/inventoryPage/products_back-image' is clicked on

2023-05-11 16:56:23 - [TEST_STEP][PASSED] - click(findTestObject("Object Repository/inventoryPage/cart")): Object: 'Object Repository/inventoryPage/cart' is clicked on

2023-05-11 16:56:23 - [MESSAGE][PASSED] - Object: 'Object Repository/inventoryPage/cart' is clicked on

2023-05-11 16:56:23 - [TEST_STEP][PASSED] - click(findTestObject("Object Repository/CheckoutPage/button_Checkout")): Object: 'Object Repository/CheckoutPage/button_Checkout' is clicked on

2023-05-11 16:56:24 - [MESSAGE][PASSED] - Object: 'Object Repository/CheckoutPage/button_Checkout' is clicked on

2023-05-11 16:56:24 - [TEST_STEP][PASSED] - sendKeys(findTestObject("Object Repository/checkout-step-one/input_Checkout Your Information_firstName"), "demo"): Keys 'demo' sent to object: 'Object Repository/checkout-step-one/input_Checkout Your Information_firstName'

2023-05-11 16:56:24 - [MESSAGE][PASSED] - Keys 'demo' sent to object: 'Object Repository/checkout-step-one/input_Checkout Your Information_firstName'

2023-05-11 16:56:24 - [TEST_STEP][PASSED] - sendKeys(findTestObject("Object Repository/checkout-step-one/input_Checkout Your Information_lastName"), "qa test"): Keys 'qa test' sent to object: 'Object Repository/checkout-step-one/input_Checkout Your Information_lastName'

2023-05-11 16:56:25 - [MESSAGE][PASSED] - Keys 'qa test' sent to object: 'Object Repository/checkout-step-one/input_Checkout Your Information_lastName'

2023-05-11 16:56:25 - [TEST_STEP][PASSED] - sendKeys(findTestObject("Object Repository/checkout-step-one/input_Checkout Your Information_postalCode"), "9000"): Keys '9000' sent to object: 'Object Repository/checkout-step-one/input_Checkout Your Information_postalCode'

2023-05-11 16:56:25 - [MESSAGE][PASSED] - Keys '9000' sent to object: 'Object Repository/checkout-step-one/input_Checkout Your Information_postalCode'

2023-05-11 16:56:25 - [TEST_STEP][PASSED] - click(findTestObject("Object Repository/checkout-step-one/input_continue")): Object: 'Object Repository/checkout-step-one/input_continue' is clicked on

2023-05-11 16:56:26 - [MESSAGE][PASSED] - Object: 'Object Repository/checkout-step-one/input_continue' is clicked on

2023-05-11 16:56:26 - [TEST_STEP][PASSED] - click(findTestObject("Object Repository/finish checkout/button_Finish")): Object: 'Object Repository/finish checkout/button_Finish' is clicked on

2023-05-11 16:56:27 - [MESSAGE][PASSED] - Object: 'Object Repository/finish checkout/button_Finish' is clicked on

2023-05-11 16:56:27 - [TEST_STEP][PASSED] - verifyElementVisible(findTestObject("Object Repository/order-success/h2_Thank you for your order")): Object 'Object Repository/order-success/h2_Thank you for your order' is visible

2023-05-11 16:56:27 - [MESSAGE][PASSED] - Object 'Object Repository/order-success/h2_Thank you for your order' is visible

2023-05-11 16:56:27 - [TEST_STEP][PASSED] - click(findTestObject("Object Repository/NavSideBar/sidebar")): Object: 'Object Repository/NavSideBar/sidebar' is clicked on

2023-05-11 16:56:28 - [MESSAGE][PASSED] - Object: 'Object Repository/NavSideBar/sidebar' is clicked on

2023-05-11 16:56:28 - [TEST_STEP][PASSED] - click(findTestObject("Object Repository/NavSideBar/a_Logout")): Object: 'Object Repository/NavSideBar/a_Logout' is clicked on

2023-05-11 16:56:28 - [MESSAGE][PASSED] - Object: 'Object Repository/NavSideBar/a_Logout' is clicked on

2023-05-11 16:56:28 - [TEST_STEP][PASSED] - verifyElementVisible(findTestObject("Object Repository/Page_Swag Labs/input_Swag Labs_user-name")): Object 'Object Repository/Page_Swag Labs/input_Swag Labs_user-name' is visible

2023-05-11 16:56:29 - [MESSAGE][PASSED] - Object 'Object Repository/Page_Swag Labs/input_Swag Labs_user-name' is visible

2023-05-11 16:56:29 - [TEST_STEP][PASSED] - closeBrowser(): Browser is closed

2023-05-11 16:56:29 - [MESSAGE][PASSED] - Browser is closed]]></system-out>
         <system-err><![CDATA[]]></system-err>
      </testcase>
      <testcase name="Test Cases/test-flow-1-buy-1-product" time="14.412" classname="Test Cases/test-flow-1-buy-1-product" status="PASSED">
         <system-out><![CDATA[2023-05-11 16:56:29 - [TEST_CASE][PASSED] - Test Cases/test-flow-1-buy-1-product: Test Cases/test-flow-1-buy-1-product

2023-05-11 16:56:29 - [TEST_STEP][PASSED] - openBrowser("https://www.saucedemo.com/"): Browser is opened with url: 'https://www.saucedemo.com/'

2023-05-11 16:56:29 - [MESSAGE][INFO] - Starting 'Chrome' driver

2023-05-11 16:56:29 - [MESSAGE][INFO] - Action delay is set to 0 milliseconds

2023-05-11 16:56:32 - [MESSAGE][PASSED] - Browser is opened with url: 'https://www.saucedemo.com/'

2023-05-11 16:56:32 - [TEST_STEP][PASSED] - click(findTestObject("Object Repository/Page_Swag Labs/input_Swag Labs_user-name")): Object: 'Object Repository/Page_Swag Labs/input_Swag Labs_user-name' is clicked on

2023-05-11 16:56:33 - [MESSAGE][PASSED] - Object: 'Object Repository/Page_Swag Labs/input_Swag Labs_user-name' is clicked on

2023-05-11 16:56:33 - [TEST_STEP][PASSED] - sendKeys(findTestObject("Object Repository/Page_Swag Labs/input_Swag Labs_user-name"), "standard_user"): Keys 'standard_user' sent to object: 'Object Repository/Page_Swag Labs/input_Swag Labs_user-name'

2023-05-11 16:56:33 - [MESSAGE][PASSED] - Keys 'standard_user' sent to object: 'Object Repository/Page_Swag Labs/input_Swag Labs_user-name'

2023-05-11 16:56:33 - [TEST_STEP][PASSED] - click(findTestObject("Object Repository/Page_Swag Labs/input_Swag Labs_password")): Object: 'Object Repository/Page_Swag Labs/input_Swag Labs_password' is clicked on

2023-05-11 16:56:34 - [MESSAGE][PASSED] - Object: 'Object Repository/Page_Swag Labs/input_Swag Labs_password' is clicked on

2023-05-11 16:56:34 - [TEST_STEP][PASSED] - sendKeys(findTestObject("Object Repository/Page_Swag Labs/input_Swag Labs_password"), "secret_sauce"): Keys 'secret_sauce' sent to object: 'Object Repository/Page_Swag Labs/input_Swag Labs_password'

2023-05-11 16:56:34 - [MESSAGE][PASSED] - Keys 'secret_sauce' sent to object: 'Object Repository/Page_Swag Labs/input_Swag Labs_password'

2023-05-11 16:56:34 - [TEST_STEP][PASSED] - click(findTestObject("Object Repository/Page_Swag Labs/input_Swag Labs_login-button")): Object: 'Object Repository/Page_Swag Labs/input_Swag Labs_login-button' is clicked on

2023-05-11 16:56:34 - [MESSAGE][PASSED] - Object: 'Object Repository/Page_Swag Labs/input_Swag Labs_login-button' is clicked on

2023-05-11 16:56:34 - [TEST_STEP][PASSED] - click(findTestObject("Object Repository/inventoryPage/Backpack")): Object: 'Object Repository/inventoryPage/Backpack' is clicked on

2023-05-11 16:56:35 - [MESSAGE][PASSED] - Object: 'Object Repository/inventoryPage/Backpack' is clicked on

2023-05-11 16:56:35 - [TEST_STEP][PASSED] - click(findTestObject("Object Repository/inventoryPage/button_Add to cart")): Object: 'Object Repository/inventoryPage/button_Add to cart' is clicked on

2023-05-11 16:56:36 - [MESSAGE][PASSED] - Object: 'Object Repository/inventoryPage/button_Add to cart' is clicked on

2023-05-11 16:56:36 - [TEST_STEP][PASSED] - click(findTestObject("Object Repository/inventoryPage/products_back-image")): Object: 'Object Repository/inventoryPage/products_back-image' is clicked on

2023-05-11 16:56:36 - [MESSAGE][PASSED] - Object: 'Object Repository/inventoryPage/products_back-image' is clicked on

2023-05-11 16:56:36 - [TEST_STEP][PASSED] - click(findTestObject("Object Repository/inventoryPage/cart")): Object: 'Object Repository/inventoryPage/cart' is clicked on

2023-05-11 16:56:37 - [MESSAGE][PASSED] - Object: 'Object Repository/inventoryPage/cart' is clicked on

2023-05-11 16:56:37 - [TEST_STEP][PASSED] - click(findTestObject("Object Repository/CheckoutPage/button_Checkout")): Object: 'Object Repository/CheckoutPage/button_Checkout' is clicked on

2023-05-11 16:56:37 - [MESSAGE][PASSED] - Object: 'Object Repository/CheckoutPage/button_Checkout' is clicked on

2023-05-11 16:56:37 - [TEST_STEP][PASSED] - sendKeys(findTestObject("Object Repository/checkout-step-one/input_Checkout Your Information_firstName"), "demo"): Keys 'demo' sent to object: 'Object Repository/checkout-step-one/input_Checkout Your Information_firstName'

2023-05-11 16:56:38 - [MESSAGE][PASSED] - Keys 'demo' sent to object: 'Object Repository/checkout-step-one/input_Checkout Your Information_firstName'

2023-05-11 16:56:38 - [TEST_STEP][PASSED] - sendKeys(findTestObject("Object Repository/checkout-step-one/input_Checkout Your Information_lastName"), "qa test"): Keys 'qa test' sent to object: 'Object Repository/checkout-step-one/input_Checkout Your Information_lastName'

2023-05-11 16:56:38 - [MESSAGE][PASSED] - Keys 'qa test' sent to object: 'Object Repository/checkout-step-one/input_Checkout Your Information_lastName'

2023-05-11 16:56:38 - [TEST_STEP][PASSED] - sendKeys(findTestObject("Object Repository/checkout-step-one/input_Checkout Your Information_postalCode"), "9000"): Keys '9000' sent to object: 'Object Repository/checkout-step-one/input_Checkout Your Information_postalCode'

2023-05-11 16:56:39 - [MESSAGE][PASSED] - Keys '9000' sent to object: 'Object Repository/checkout-step-one/input_Checkout Your Information_postalCode'

2023-05-11 16:56:39 - [TEST_STEP][PASSED] - click(findTestObject("Object Repository/checkout-step-one/input_continue")): Object: 'Object Repository/checkout-step-one/input_continue' is clicked on

2023-05-11 16:56:40 - [MESSAGE][PASSED] - Object: 'Object Repository/checkout-step-one/input_continue' is clicked on

2023-05-11 16:56:40 - [TEST_STEP][PASSED] - click(findTestObject("Object Repository/finish checkout/button_Finish")): Object: 'Object Repository/finish checkout/button_Finish' is clicked on

2023-05-11 16:56:41 - [MESSAGE][PASSED] - Object: 'Object Repository/finish checkout/button_Finish' is clicked on

2023-05-11 16:56:41 - [TEST_STEP][PASSED] - verifyElementVisible(findTestObject("Object Repository/order-success/h2_Thank you for your order")): Object 'Object Repository/order-success/h2_Thank you for your order' is visible

2023-05-11 16:56:41 - [MESSAGE][PASSED] - Object 'Object Repository/order-success/h2_Thank you for your order' is visible

2023-05-11 16:56:41 - [TEST_STEP][PASSED] - click(findTestObject("Object Repository/NavSideBar/sidebar")): Object: 'Object Repository/NavSideBar/sidebar' is clicked on

2023-05-11 16:56:42 - [MESSAGE][PASSED] - Object: 'Object Repository/NavSideBar/sidebar' is clicked on

2023-05-11 16:56:42 - [TEST_STEP][PASSED] - click(findTestObject("Object Repository/NavSideBar/a_Logout")): Object: 'Object Repository/NavSideBar/a_Logout' is clicked on

2023-05-11 16:56:42 - [MESSAGE][PASSED] - Object: 'Object Repository/NavSideBar/a_Logout' is clicked on

2023-05-11 16:56:42 - [TEST_STEP][PASSED] - verifyElementVisible(findTestObject("Object Repository/Page_Swag Labs/input_Swag Labs_user-name")): Object 'Object Repository/Page_Swag Labs/input_Swag Labs_user-name' is visible

2023-05-11 16:56:43 - [MESSAGE][PASSED] - Object 'Object Repository/Page_Swag Labs/input_Swag Labs_user-name' is visible

2023-05-11 16:56:43 - [TEST_STEP][PASSED] - closeBrowser(): Browser is closed

2023-05-11 16:56:44 - [MESSAGE][PASSED] - Browser is closed]]></system-out>
         <system-err><![CDATA[]]></system-err>
      </testcase>
      <testcase name="Test Cases/test-flow-1-buy-1-product" time="26.873" classname="Test Cases/test-flow-1-buy-1-product" status="PASSED">
         <system-out><![CDATA[2023-05-11 16:56:44 - [TEST_CASE][PASSED] - Test Cases/test-flow-1-buy-1-product: Test Cases/test-flow-1-buy-1-product

2023-05-11 16:56:44 - [TEST_STEP][PASSED] - openBrowser("https://www.saucedemo.com/"): Browser is opened with url: 'https://www.saucedemo.com/'

2023-05-11 16:56:44 - [MESSAGE][INFO] - Starting 'Chrome' driver

2023-05-11 16:56:44 - [MESSAGE][INFO] - Action delay is set to 0 milliseconds

2023-05-11 16:56:47 - [MESSAGE][PASSED] - Browser is opened with url: 'https://www.saucedemo.com/'

2023-05-11 16:56:47 - [TEST_STEP][PASSED] - click(findTestObject("Object Repository/Page_Swag Labs/input_Swag Labs_user-name")): Object: 'Object Repository/Page_Swag Labs/input_Swag Labs_user-name' is clicked on

2023-05-11 16:56:47 - [MESSAGE][PASSED] - Object: 'Object Repository/Page_Swag Labs/input_Swag Labs_user-name' is clicked on

2023-05-11 16:56:47 - [TEST_STEP][PASSED] - sendKeys(findTestObject("Object Repository/Page_Swag Labs/input_Swag Labs_user-name"), "standard_user"): Keys 'standard_user' sent to object: 'Object Repository/Page_Swag Labs/input_Swag Labs_user-name'

2023-05-11 16:56:48 - [MESSAGE][PASSED] - Keys 'standard_user' sent to object: 'Object Repository/Page_Swag Labs/input_Swag Labs_user-name'

2023-05-11 16:56:48 - [TEST_STEP][PASSED] - click(findTestObject("Object Repository/Page_Swag Labs/input_Swag Labs_password")): Object: 'Object Repository/Page_Swag Labs/input_Swag Labs_password' is clicked on

2023-05-11 16:56:48 - [MESSAGE][PASSED] - Object: 'Object Repository/Page_Swag Labs/input_Swag Labs_password' is clicked on

2023-05-11 16:56:48 - [TEST_STEP][PASSED] - sendKeys(findTestObject("Object Repository/Page_Swag Labs/input_Swag Labs_password"), "secret_sauce"): Keys 'secret_sauce' sent to object: 'Object Repository/Page_Swag Labs/input_Swag Labs_password'

2023-05-11 16:56:48 - [MESSAGE][PASSED] - Keys 'secret_sauce' sent to object: 'Object Repository/Page_Swag Labs/input_Swag Labs_password'

2023-05-11 16:56:48 - [TEST_STEP][PASSED] - click(findTestObject("Object Repository/Page_Swag Labs/input_Swag Labs_login-button")): Object: 'Object Repository/Page_Swag Labs/input_Swag Labs_login-button' is clicked on

2023-05-11 16:56:49 - [MESSAGE][PASSED] - Object: 'Object Repository/Page_Swag Labs/input_Swag Labs_login-button' is clicked on

2023-05-11 16:56:49 - [TEST_STEP][PASSED] - click(findTestObject("Object Repository/inventoryPage/Backpack")): Object: 'Object Repository/inventoryPage/Backpack' is clicked on

2023-05-11 16:56:50 - [MESSAGE][PASSED] - Object: 'Object Repository/inventoryPage/Backpack' is clicked on

2023-05-11 16:56:50 - [TEST_STEP][PASSED] - click(findTestObject("Object Repository/inventoryPage/button_Add to cart")): Object: 'Object Repository/inventoryPage/button_Add to cart' is clicked on

2023-05-11 16:56:50 - [MESSAGE][PASSED] - Object: 'Object Repository/inventoryPage/button_Add to cart' is clicked on

2023-05-11 16:56:50 - [TEST_STEP][PASSED] - click(findTestObject("Object Repository/inventoryPage/products_back-image")): Object: 'Object Repository/inventoryPage/products_back-image' is clicked on

2023-05-11 16:56:51 - [MESSAGE][PASSED] - Object: 'Object Repository/inventoryPage/products_back-image' is clicked on

2023-05-11 16:56:51 - [TEST_STEP][PASSED] - click(findTestObject("Object Repository/inventoryPage/cart")): Object: 'Object Repository/inventoryPage/cart' is clicked on

2023-05-11 16:56:51 - [MESSAGE][PASSED] - Object: 'Object Repository/inventoryPage/cart' is clicked on

2023-05-11 16:56:51 - [TEST_STEP][PASSED] - click(findTestObject("Object Repository/CheckoutPage/button_Checkout")): Object: 'Object Repository/CheckoutPage/button_Checkout' is clicked on

2023-05-11 16:56:52 - [MESSAGE][PASSED] - Object: 'Object Repository/CheckoutPage/button_Checkout' is clicked on

2023-05-11 16:56:52 - [TEST_STEP][PASSED] - sendKeys(findTestObject("Object Repository/checkout-step-one/input_Checkout Your Information_firstName"), "demo"): Keys 'demo' sent to object: 'Object Repository/checkout-step-one/input_Checkout Your Information_firstName'

2023-05-11 16:56:54 - [MESSAGE][PASSED] - Keys 'demo' sent to object: 'Object Repository/checkout-step-one/input_Checkout Your Information_firstName'

2023-05-11 16:56:54 - [TEST_STEP][PASSED] - sendKeys(findTestObject("Object Repository/checkout-step-one/input_Checkout Your Information_lastName"), "qa test"): Keys 'qa test' sent to object: 'Object Repository/checkout-step-one/input_Checkout Your Information_lastName'

2023-05-11 16:56:56 - [MESSAGE][PASSED] - Keys 'qa test' sent to object: 'Object Repository/checkout-step-one/input_Checkout Your Information_lastName'

2023-05-11 16:56:56 - [TEST_STEP][PASSED] - sendKeys(findTestObject("Object Repository/checkout-step-one/input_Checkout Your Information_postalCode"), "9000"): Keys '9000' sent to object: 'Object Repository/checkout-step-one/input_Checkout Your Information_postalCode'

2023-05-11 16:56:58 - [MESSAGE][PASSED] - Keys '9000' sent to object: 'Object Repository/checkout-step-one/input_Checkout Your Information_postalCode'

2023-05-11 16:56:58 - [TEST_STEP][PASSED] - click(findTestObject("Object Repository/checkout-step-one/input_continue")): Object: 'Object Repository/checkout-step-one/input_continue' is clicked on

2023-05-11 16:57:00 - [MESSAGE][PASSED] - Object: 'Object Repository/checkout-step-one/input_continue' is clicked on

2023-05-11 16:57:00 - [TEST_STEP][PASSED] - click(findTestObject("Object Repository/finish checkout/button_Finish")): Object: 'Object Repository/finish checkout/button_Finish' is clicked on

2023-05-11 16:57:02 - [MESSAGE][PASSED] - Object: 'Object Repository/finish checkout/button_Finish' is clicked on

2023-05-11 16:57:02 - [TEST_STEP][PASSED] - verifyElementVisible(findTestObject("Object Repository/order-success/h2_Thank you for your order")): Object 'Object Repository/order-success/h2_Thank you for your order' is visible

2023-05-11 16:57:04 - [MESSAGE][PASSED] - Object 'Object Repository/order-success/h2_Thank you for your order' is visible

2023-05-11 16:57:04 - [TEST_STEP][PASSED] - click(findTestObject("Object Repository/NavSideBar/sidebar")): Object: 'Object Repository/NavSideBar/sidebar' is clicked on

2023-05-11 16:57:06 - [MESSAGE][PASSED] - Object: 'Object Repository/NavSideBar/sidebar' is clicked on

2023-05-11 16:57:06 - [TEST_STEP][PASSED] - click(findTestObject("Object Repository/NavSideBar/a_Logout")): Object: 'Object Repository/NavSideBar/a_Logout' is clicked on

2023-05-11 16:57:08 - [MESSAGE][PASSED] - Object: 'Object Repository/NavSideBar/a_Logout' is clicked on

2023-05-11 16:57:08 - [TEST_STEP][PASSED] - verifyElementVisible(findTestObject("Object Repository/Page_Swag Labs/input_Swag Labs_user-name")): Object 'Object Repository/Page_Swag Labs/input_Swag Labs_user-name' is visible

2023-05-11 16:57:10 - [MESSAGE][PASSED] - Object 'Object Repository/Page_Swag Labs/input_Swag Labs_user-name' is visible

2023-05-11 16:57:10 - [TEST_STEP][PASSED] - closeBrowser(): Browser is closed

2023-05-11 16:57:11 - [MESSAGE][PASSED] - Browser is closed]]></system-out>
         <system-err><![CDATA[]]></system-err>
      </testcase>
      <system-out><![CDATA[2023-05-11 16:52:22 - [TEST_SUITE][PASSED] - simple case: Test Cases/test-flow-1-buy-1-product]]></system-out>
      <system-err><![CDATA[]]></system-err>
   </testsuite>
</testsuites>
