<?xml version="1.0" encoding="UTF-8"?>
<testsuites name="success order product" time="4900.512" tests="400" failures="0" errors="0">
   <testsuite name="simple case" tests="20" failures="0" errors="0" time="261.833" skipped="0" timestamp="2023-05-12 17:13:23" hostname="minh.nguyen - 5YHW2D3" id="Test Suites/simple case">
      <properties>
         <property name="deviceName" value=""/>
         <property name="devicePlatform" value=""/>
         <property name="logFolder" value="C:\\Users\\minh.nguyen\\Desktop\\GitRepo\\tri-nhan-repo\\Reports\\20230512_171239\\simple case\\20230512_171240"/>
         <property name="logFiles" value="C:\\Users\\minh.nguyen\\Desktop\\GitRepo\\tri-nhan-repo\\Reports\\20230512_171239\\simple case\\20230512_171240\\execution0.log"/>
         <property name="attachments" value=""/>
         <property name="hostName" value="minh.nguyen - 5YHW2D3"/>
         <property name="os" value="Windows 10 64bit"/>
         <property name="katalonVersion" value="8.5.5.208"/>
         <property name="browser" value="Chrome 112.0.0.0"/>
         <property name="hostAddress" value="192.168.1.86"/>
         <property name="sessionId" value="40840eb2181f94cb15fea68bb4f43b84"/>
         <property name="seleniumVersion" value="3.141.59"/>
         <property name="proxyInformation" value="ProxyInformation { proxyOption=NO_PROXY, proxyServerType=HTTP, username=, password=********, proxyServerAddress=, proxyServerPort=0, executionList=&quot;&quot;, isApplyToDesiredCapabilities=true }"/>
         <property name="platform" value="Windows 10"/>
      </properties>
      <testcase name="Test Cases/test-flow-1-buy-1-product" time="34.851" classname="Test Cases/test-flow-1-buy-1-product" status="PASSED">
         <system-out><![CDATA[2023-05-12 17:13:24 - [TEST_CASE][PASSED] - Test Cases/test-flow-1-buy-1-product: Test Cases/test-flow-1-buy-1-product

2023-05-12 17:13:24 - [TEST_STEP][PASSED] - openBrowser("https://www.saucedemo.com/"): Browser is opened with url: 'https://www.saucedemo.com/'

2023-05-12 17:13:24 - [MESSAGE][INFO] - Starting 'Chrome' driver

2023-05-12 17:13:24 - [MESSAGE][INFO] - Action delay is set to 0 milliseconds

2023-05-12 17:13:28 - [MESSAGE][PASSED] - Browser is opened with url: 'https://www.saucedemo.com/'

2023-05-12 17:13:28 - [TEST_STEP][PASSED] - click(findTestObject("Object Repository/Page_Swag Labs/input_Swag Labs_user-name")): Object: 'Object Repository/Page_Swag Labs/input_Swag Labs_user-name' is clicked on

2023-05-12 17:13:28 - [MESSAGE][PASSED] - Object: 'Object Repository/Page_Swag Labs/input_Swag Labs_user-name' is clicked on

2023-05-12 17:13:28 - [TEST_STEP][PASSED] - sendKeys(findTestObject("Object Repository/Page_Swag Labs/input_Swag Labs_user-name"), "standard_user"): Keys 'standard_user' sent to object: 'Object Repository/Page_Swag Labs/input_Swag Labs_user-name'

2023-05-12 17:13:29 - [MESSAGE][PASSED] - Keys 'standard_user' sent to object: 'Object Repository/Page_Swag Labs/input_Swag Labs_user-name'

2023-05-12 17:13:29 - [TEST_STEP][PASSED] - click(findTestObject("Object Repository/Page_Swag Labs/input_Swag Labs_password")): Object: 'Object Repository/Page_Swag Labs/input_Swag Labs_password' is clicked on

2023-05-12 17:13:29 - [MESSAGE][PASSED] - Object: 'Object Repository/Page_Swag Labs/input_Swag Labs_password' is clicked on

2023-05-12 17:13:29 - [TEST_STEP][PASSED] - sendKeys(findTestObject("Object Repository/Page_Swag Labs/input_Swag Labs_password"), "secret_sauce"): Keys 'secret_sauce' sent to object: 'Object Repository/Page_Swag Labs/input_Swag Labs_password'

2023-05-12 17:13:30 - [MESSAGE][PASSED] - Keys 'secret_sauce' sent to object: 'Object Repository/Page_Swag Labs/input_Swag Labs_password'

2023-05-12 17:13:30 - [TEST_STEP][PASSED] - click(findTestObject("Object Repository/Page_Swag Labs/input_Swag Labs_login-button")): Object: 'Object Repository/Page_Swag Labs/input_Swag Labs_login-button' is clicked on

2023-05-12 17:13:30 - [MESSAGE][PASSED] - Object: 'Object Repository/Page_Swag Labs/input_Swag Labs_login-button' is clicked on

2023-05-12 17:13:30 - [TEST_STEP][PASSED] - click(findTestObject("Object Repository/inventoryPage/Backpack")): Object: 'Object Repository/inventoryPage/Backpack' is clicked on

2023-05-12 17:13:32 - [MESSAGE][PASSED] - Object: 'Object Repository/inventoryPage/Backpack' is clicked on

2023-05-12 17:13:32 - [TEST_STEP][PASSED] - click(findTestObject("Object Repository/inventoryPage/button_Add to cart")): Object: 'Object Repository/inventoryPage/button_Add to cart' is clicked on

2023-05-12 17:13:34 - [MESSAGE][PASSED] - Object: 'Object Repository/inventoryPage/button_Add to cart' is clicked on

2023-05-12 17:13:34 - [TEST_STEP][PASSED] - click(findTestObject("Object Repository/inventoryPage/products_back-image")): Object: 'Object Repository/inventoryPage/products_back-image' is clicked on

2023-05-12 17:13:36 - [MESSAGE][PASSED] - Object: 'Object Repository/inventoryPage/products_back-image' is clicked on

2023-05-12 17:13:36 - [TEST_STEP][PASSED] - click(findTestObject("Object Repository/inventoryPage/cart")): Object: 'Object Repository/inventoryPage/cart' is clicked on

2023-05-12 17:13:38 - [MESSAGE][PASSED] - Object: 'Object Repository/inventoryPage/cart' is clicked on

2023-05-12 17:13:38 - [TEST_STEP][PASSED] - click(findTestObject("Object Repository/CheckoutPage/button_Checkout")): Object: 'Object Repository/CheckoutPage/button_Checkout' is clicked on

2023-05-12 17:13:40 - [MESSAGE][PASSED] - Object: 'Object Repository/CheckoutPage/button_Checkout' is clicked on

2023-05-12 17:13:40 - [TEST_STEP][PASSED] - sendKeys(findTestObject("Object Repository/checkout-step-one/input_Checkout Your Information_firstName"), "demo"): Keys 'demo' sent to object: 'Object Repository/checkout-step-one/input_Checkout Your Information_firstName'

2023-05-12 17:13:42 - [MESSAGE][PASSED] - Keys 'demo' sent to object: 'Object Repository/checkout-step-one/input_Checkout Your Information_firstName'

2023-05-12 17:13:42 - [TEST_STEP][PASSED] - sendKeys(findTestObject("Object Repository/checkout-step-one/input_Checkout Your Information_lastName"), "qa test"): Keys 'qa test' sent to object: 'Object Repository/checkout-step-one/input_Checkout Your Information_lastName'

2023-05-12 17:13:44 - [MESSAGE][PASSED] - Keys 'qa test' sent to object: 'Object Repository/checkout-step-one/input_Checkout Your Information_lastName'

2023-05-12 17:13:44 - [TEST_STEP][PASSED] - sendKeys(findTestObject("Object Repository/checkout-step-one/input_Checkout Your Information_postalCode"), "9000"): Keys '9000' sent to object: 'Object Repository/checkout-step-one/input_Checkout Your Information_postalCode'

2023-05-12 17:13:46 - [MESSAGE][PASSED] - Keys '9000' sent to object: 'Object Repository/checkout-step-one/input_Checkout Your Information_postalCode'

2023-05-12 17:13:46 - [TEST_STEP][PASSED] - click(findTestObject("Object Repository/checkout-step-one/input_continue")): Object: 'Object Repository/checkout-step-one/input_continue' is clicked on

2023-05-12 17:13:48 - [MESSAGE][PASSED] - Object: 'Object Repository/checkout-step-one/input_continue' is clicked on

2023-05-12 17:13:48 - [TEST_STEP][PASSED] - click(findTestObject("Object Repository/finish checkout/button_Finish")): Object: 'Object Repository/finish checkout/button_Finish' is clicked on

2023-05-12 17:13:50 - [MESSAGE][PASSED] - Object: 'Object Repository/finish checkout/button_Finish' is clicked on

2023-05-12 17:13:50 - [TEST_STEP][PASSED] - verifyElementVisible(findTestObject("Object Repository/order-success/h2_Thank you for your order")): Object 'Object Repository/order-success/h2_Thank you for your order' is visible

2023-05-12 17:13:52 - [MESSAGE][PASSED] - Object 'Object Repository/order-success/h2_Thank you for your order' is visible

2023-05-12 17:13:52 - [TEST_STEP][PASSED] - click(findTestObject("Object Repository/NavSideBar/sidebar")): Object: 'Object Repository/NavSideBar/sidebar' is clicked on

2023-05-12 17:13:54 - [MESSAGE][PASSED] - Object: 'Object Repository/NavSideBar/sidebar' is clicked on

2023-05-12 17:13:54 - [TEST_STEP][PASSED] - click(findTestObject("Object Repository/NavSideBar/a_Logout")): Object: 'Object Repository/NavSideBar/a_Logout' is clicked on

2023-05-12 17:13:56 - [MESSAGE][PASSED] - Object: 'Object Repository/NavSideBar/a_Logout' is clicked on

2023-05-12 17:13:56 - [TEST_STEP][PASSED] - verifyElementVisible(findTestObject("Object Repository/Page_Swag Labs/input_Swag Labs_user-name")): Object 'Object Repository/Page_Swag Labs/input_Swag Labs_user-name' is visible

2023-05-12 17:13:58 - [MESSAGE][PASSED] - Object 'Object Repository/Page_Swag Labs/input_Swag Labs_user-name' is visible

2023-05-12 17:13:58 - [TEST_STEP][PASSED] - closeBrowser(): Browser is closed

2023-05-12 17:13:58 - [MESSAGE][PASSED] - Browser is closed]]></system-out>
         <system-err><![CDATA[]]></system-err>
      </testcase>
      <testcase name="Test Cases/test-flow-1-buy-1-product" time="11.38" classname="Test Cases/test-flow-1-buy-1-product" status="PASSED">
         <system-out><![CDATA[2023-05-12 17:13:58 - [TEST_CASE][PASSED] - Test Cases/test-flow-1-buy-1-product: Test Cases/test-flow-1-buy-1-product

2023-05-12 17:13:58 - [TEST_STEP][PASSED] - openBrowser("https://www.saucedemo.com/"): Browser is opened with url: 'https://www.saucedemo.com/'

2023-05-12 17:13:58 - [MESSAGE][INFO] - Starting 'Chrome' driver

2023-05-12 17:13:58 - [MESSAGE][INFO] - Action delay is set to 0 milliseconds

2023-05-12 17:14:00 - [MESSAGE][PASSED] - Browser is opened with url: 'https://www.saucedemo.com/'

2023-05-12 17:14:00 - [TEST_STEP][PASSED] - click(findTestObject("Object Repository/Page_Swag Labs/input_Swag Labs_user-name")): Object: 'Object Repository/Page_Swag Labs/input_Swag Labs_user-name' is clicked on

2023-05-12 17:14:01 - [MESSAGE][PASSED] - Object: 'Object Repository/Page_Swag Labs/input_Swag Labs_user-name' is clicked on

2023-05-12 17:14:01 - [TEST_STEP][PASSED] - sendKeys(findTestObject("Object Repository/Page_Swag Labs/input_Swag Labs_user-name"), "standard_user"): Keys 'standard_user' sent to object: 'Object Repository/Page_Swag Labs/input_Swag Labs_user-name'

2023-05-12 17:14:01 - [MESSAGE][PASSED] - Keys 'standard_user' sent to object: 'Object Repository/Page_Swag Labs/input_Swag Labs_user-name'

2023-05-12 17:14:01 - [TEST_STEP][PASSED] - click(findTestObject("Object Repository/Page_Swag Labs/input_Swag Labs_password")): Object: 'Object Repository/Page_Swag Labs/input_Swag Labs_password' is clicked on

2023-05-12 17:14:02 - [MESSAGE][PASSED] - Object: 'Object Repository/Page_Swag Labs/input_Swag Labs_password' is clicked on

2023-05-12 17:14:02 - [TEST_STEP][PASSED] - sendKeys(findTestObject("Object Repository/Page_Swag Labs/input_Swag Labs_password"), "secret_sauce"): Keys 'secret_sauce' sent to object: 'Object Repository/Page_Swag Labs/input_Swag Labs_password'

2023-05-12 17:14:02 - [MESSAGE][PASSED] - Keys 'secret_sauce' sent to object: 'Object Repository/Page_Swag Labs/input_Swag Labs_password'

2023-05-12 17:14:02 - [TEST_STEP][PASSED] - click(findTestObject("Object Repository/Page_Swag Labs/input_Swag Labs_login-button")): Object: 'Object Repository/Page_Swag Labs/input_Swag Labs_login-button' is clicked on

2023-05-12 17:14:02 - [MESSAGE][PASSED] - Object: 'Object Repository/Page_Swag Labs/input_Swag Labs_login-button' is clicked on

2023-05-12 17:14:02 - [TEST_STEP][PASSED] - click(findTestObject("Object Repository/inventoryPage/Backpack")): Object: 'Object Repository/inventoryPage/Backpack' is clicked on

2023-05-12 17:14:03 - [MESSAGE][PASSED] - Object: 'Object Repository/inventoryPage/Backpack' is clicked on

2023-05-12 17:14:03 - [TEST_STEP][PASSED] - click(findTestObject("Object Repository/inventoryPage/button_Add to cart")): Object: 'Object Repository/inventoryPage/button_Add to cart' is clicked on

2023-05-12 17:14:03 - [MESSAGE][PASSED] - Object: 'Object Repository/inventoryPage/button_Add to cart' is clicked on

2023-05-12 17:14:03 - [TEST_STEP][PASSED] - click(findTestObject("Object Repository/inventoryPage/products_back-image")): Object: 'Object Repository/inventoryPage/products_back-image' is clicked on

2023-05-12 17:14:04 - [MESSAGE][PASSED] - Object: 'Object Repository/inventoryPage/products_back-image' is clicked on

2023-05-12 17:14:04 - [TEST_STEP][PASSED] - click(findTestObject("Object Repository/inventoryPage/cart")): Object: 'Object Repository/inventoryPage/cart' is clicked on

2023-05-12 17:14:04 - [MESSAGE][PASSED] - Object: 'Object Repository/inventoryPage/cart' is clicked on

2023-05-12 17:14:04 - [TEST_STEP][PASSED] - click(findTestObject("Object Repository/CheckoutPage/button_Checkout")): Object: 'Object Repository/CheckoutPage/button_Checkout' is clicked on

2023-05-12 17:14:05 - [MESSAGE][PASSED] - Object: 'Object Repository/CheckoutPage/button_Checkout' is clicked on

2023-05-12 17:14:05 - [TEST_STEP][PASSED] - sendKeys(findTestObject("Object Repository/checkout-step-one/input_Checkout Your Information_firstName"), "demo"): Keys 'demo' sent to object: 'Object Repository/checkout-step-one/input_Checkout Your Information_firstName'

2023-05-12 17:14:05 - [MESSAGE][PASSED] - Keys 'demo' sent to object: 'Object Repository/checkout-step-one/input_Checkout Your Information_firstName'

2023-05-12 17:14:05 - [TEST_STEP][PASSED] - sendKeys(findTestObject("Object Repository/checkout-step-one/input_Checkout Your Information_lastName"), "qa test"): Keys 'qa test' sent to object: 'Object Repository/checkout-step-one/input_Checkout Your Information_lastName'

2023-05-12 17:14:06 - [MESSAGE][PASSED] - Keys 'qa test' sent to object: 'Object Repository/checkout-step-one/input_Checkout Your Information_lastName'

2023-05-12 17:14:06 - [TEST_STEP][PASSED] - sendKeys(findTestObject("Object Repository/checkout-step-one/input_Checkout Your Information_postalCode"), "9000"): Keys '9000' sent to object: 'Object Repository/checkout-step-one/input_Checkout Your Information_postalCode'

2023-05-12 17:14:06 - [MESSAGE][PASSED] - Keys '9000' sent to object: 'Object Repository/checkout-step-one/input_Checkout Your Information_postalCode'

2023-05-12 17:14:06 - [TEST_STEP][PASSED] - click(findTestObject("Object Repository/checkout-step-one/input_continue")): Object: 'Object Repository/checkout-step-one/input_continue' is clicked on

2023-05-12 17:14:07 - [MESSAGE][PASSED] - Object: 'Object Repository/checkout-step-one/input_continue' is clicked on

2023-05-12 17:14:07 - [TEST_STEP][PASSED] - click(findTestObject("Object Repository/finish checkout/button_Finish")): Object: 'Object Repository/finish checkout/button_Finish' is clicked on

2023-05-12 17:14:07 - [MESSAGE][PASSED] - Object: 'Object Repository/finish checkout/button_Finish' is clicked on

2023-05-12 17:14:07 - [TEST_STEP][PASSED] - verifyElementVisible(findTestObject("Object Repository/order-success/h2_Thank you for your order")): Object 'Object Repository/order-success/h2_Thank you for your order' is visible

2023-05-12 17:14:08 - [MESSAGE][PASSED] - Object 'Object Repository/order-success/h2_Thank you for your order' is visible

2023-05-12 17:14:08 - [TEST_STEP][PASSED] - click(findTestObject("Object Repository/NavSideBar/sidebar")): Object: 'Object Repository/NavSideBar/sidebar' is clicked on

2023-05-12 17:14:08 - [MESSAGE][PASSED] - Object: 'Object Repository/NavSideBar/sidebar' is clicked on

2023-05-12 17:14:08 - [TEST_STEP][PASSED] - click(findTestObject("Object Repository/NavSideBar/a_Logout")): Object: 'Object Repository/NavSideBar/a_Logout' is clicked on

2023-05-12 17:14:09 - [MESSAGE][PASSED] - Object: 'Object Repository/NavSideBar/a_Logout' is clicked on

2023-05-12 17:14:09 - [TEST_STEP][PASSED] - verifyElementVisible(findTestObject("Object Repository/Page_Swag Labs/input_Swag Labs_user-name")): Object 'Object Repository/Page_Swag Labs/input_Swag Labs_user-name' is visible

2023-05-12 17:14:09 - [MESSAGE][PASSED] - Object 'Object Repository/Page_Swag Labs/input_Swag Labs_user-name' is visible

2023-05-12 17:14:09 - [TEST_STEP][PASSED] - closeBrowser(): Browser is closed

2023-05-12 17:14:10 - [MESSAGE][PASSED] - Browser is closed]]></system-out>
         <system-err><![CDATA[]]></system-err>
      </testcase>
      <testcase name="Test Cases/test-flow-1-buy-1-product" time="11.371" classname="Test Cases/test-flow-1-buy-1-product" status="PASSED">
         <system-out><![CDATA[2023-05-12 17:14:10 - [TEST_CASE][PASSED] - Test Cases/test-flow-1-buy-1-product: Test Cases/test-flow-1-buy-1-product

2023-05-12 17:14:10 - [TEST_STEP][PASSED] - openBrowser("https://www.saucedemo.com/"): Browser is opened with url: 'https://www.saucedemo.com/'

2023-05-12 17:14:10 - [MESSAGE][INFO] - Starting 'Chrome' driver

2023-05-12 17:14:10 - [MESSAGE][INFO] - Action delay is set to 0 milliseconds

2023-05-12 17:14:12 - [MESSAGE][PASSED] - Browser is opened with url: 'https://www.saucedemo.com/'

2023-05-12 17:14:12 - [TEST_STEP][PASSED] - click(findTestObject("Object Repository/Page_Swag Labs/input_Swag Labs_user-name")): Object: 'Object Repository/Page_Swag Labs/input_Swag Labs_user-name' is clicked on

2023-05-12 17:14:12 - [MESSAGE][PASSED] - Object: 'Object Repository/Page_Swag Labs/input_Swag Labs_user-name' is clicked on

2023-05-12 17:14:12 - [TEST_STEP][PASSED] - sendKeys(findTestObject("Object Repository/Page_Swag Labs/input_Swag Labs_user-name"), "standard_user"): Keys 'standard_user' sent to object: 'Object Repository/Page_Swag Labs/input_Swag Labs_user-name'

2023-05-12 17:14:13 - [MESSAGE][PASSED] - Keys 'standard_user' sent to object: 'Object Repository/Page_Swag Labs/input_Swag Labs_user-name'

2023-05-12 17:14:13 - [TEST_STEP][PASSED] - click(findTestObject("Object Repository/Page_Swag Labs/input_Swag Labs_password")): Object: 'Object Repository/Page_Swag Labs/input_Swag Labs_password' is clicked on

2023-05-12 17:14:13 - [MESSAGE][PASSED] - Object: 'Object Repository/Page_Swag Labs/input_Swag Labs_password' is clicked on

2023-05-12 17:14:13 - [TEST_STEP][PASSED] - sendKeys(findTestObject("Object Repository/Page_Swag Labs/input_Swag Labs_password"), "secret_sauce"): Keys 'secret_sauce' sent to object: 'Object Repository/Page_Swag Labs/input_Swag Labs_password'

2023-05-12 17:14:13 - [MESSAGE][PASSED] - Keys 'secret_sauce' sent to object: 'Object Repository/Page_Swag Labs/input_Swag Labs_password'

2023-05-12 17:14:13 - [TEST_STEP][PASSED] - click(findTestObject("Object Repository/Page_Swag Labs/input_Swag Labs_login-button")): Object: 'Object Repository/Page_Swag Labs/input_Swag Labs_login-button' is clicked on

2023-05-12 17:14:14 - [MESSAGE][PASSED] - Object: 'Object Repository/Page_Swag Labs/input_Swag Labs_login-button' is clicked on

2023-05-12 17:14:14 - [TEST_STEP][PASSED] - click(findTestObject("Object Repository/inventoryPage/Backpack")): Object: 'Object Repository/inventoryPage/Backpack' is clicked on

2023-05-12 17:14:14 - [MESSAGE][PASSED] - Object: 'Object Repository/inventoryPage/Backpack' is clicked on

2023-05-12 17:14:14 - [TEST_STEP][PASSED] - click(findTestObject("Object Repository/inventoryPage/button_Add to cart")): Object: 'Object Repository/inventoryPage/button_Add to cart' is clicked on

2023-05-12 17:14:15 - [MESSAGE][PASSED] - Object: 'Object Repository/inventoryPage/button_Add to cart' is clicked on

2023-05-12 17:14:15 - [TEST_STEP][PASSED] - click(findTestObject("Object Repository/inventoryPage/products_back-image")): Object: 'Object Repository/inventoryPage/products_back-image' is clicked on

2023-05-12 17:14:15 - [MESSAGE][PASSED] - Object: 'Object Repository/inventoryPage/products_back-image' is clicked on

2023-05-12 17:14:15 - [TEST_STEP][PASSED] - click(findTestObject("Object Repository/inventoryPage/cart")): Object: 'Object Repository/inventoryPage/cart' is clicked on

2023-05-12 17:14:16 - [MESSAGE][PASSED] - Object: 'Object Repository/inventoryPage/cart' is clicked on

2023-05-12 17:14:16 - [TEST_STEP][PASSED] - click(findTestObject("Object Repository/CheckoutPage/button_Checkout")): Object: 'Object Repository/CheckoutPage/button_Checkout' is clicked on

2023-05-12 17:14:16 - [MESSAGE][PASSED] - Object: 'Object Repository/CheckoutPage/button_Checkout' is clicked on

2023-05-12 17:14:16 - [TEST_STEP][PASSED] - sendKeys(findTestObject("Object Repository/checkout-step-one/input_Checkout Your Information_firstName"), "demo"): Keys 'demo' sent to object: 'Object Repository/checkout-step-one/input_Checkout Your Information_firstName'

2023-05-12 17:14:17 - [MESSAGE][PASSED] - Keys 'demo' sent to object: 'Object Repository/checkout-step-one/input_Checkout Your Information_firstName'

2023-05-12 17:14:17 - [TEST_STEP][PASSED] - sendKeys(findTestObject("Object Repository/checkout-step-one/input_Checkout Your Information_lastName"), "qa test"): Keys 'qa test' sent to object: 'Object Repository/checkout-step-one/input_Checkout Your Information_lastName'

2023-05-12 17:14:17 - [MESSAGE][PASSED] - Keys 'qa test' sent to object: 'Object Repository/checkout-step-one/input_Checkout Your Information_lastName'

2023-05-12 17:14:17 - [TEST_STEP][PASSED] - sendKeys(findTestObject("Object Repository/checkout-step-one/input_Checkout Your Information_postalCode"), "9000"): Keys '9000' sent to object: 'Object Repository/checkout-step-one/input_Checkout Your Information_postalCode'

2023-05-12 17:14:18 - [MESSAGE][PASSED] - Keys '9000' sent to object: 'Object Repository/checkout-step-one/input_Checkout Your Information_postalCode'

2023-05-12 17:14:18 - [TEST_STEP][PASSED] - click(findTestObject("Object Repository/checkout-step-one/input_continue")): Object: 'Object Repository/checkout-step-one/input_continue' is clicked on

2023-05-12 17:14:18 - [MESSAGE][PASSED] - Object: 'Object Repository/checkout-step-one/input_continue' is clicked on

2023-05-12 17:14:18 - [TEST_STEP][PASSED] - click(findTestObject("Object Repository/finish checkout/button_Finish")): Object: 'Object Repository/finish checkout/button_Finish' is clicked on

2023-05-12 17:14:19 - [MESSAGE][PASSED] - Object: 'Object Repository/finish checkout/button_Finish' is clicked on

2023-05-12 17:14:19 - [TEST_STEP][PASSED] - verifyElementVisible(findTestObject("Object Repository/order-success/h2_Thank you for your order")): Object 'Object Repository/order-success/h2_Thank you for your order' is visible

2023-05-12 17:14:19 - [MESSAGE][PASSED] - Object 'Object Repository/order-success/h2_Thank you for your order' is visible

2023-05-12 17:14:19 - [TEST_STEP][PASSED] - click(findTestObject("Object Repository/NavSideBar/sidebar")): Object: 'Object Repository/NavSideBar/sidebar' is clicked on

2023-05-12 17:14:20 - [MESSAGE][PASSED] - Object: 'Object Repository/NavSideBar/sidebar' is clicked on

2023-05-12 17:14:20 - [TEST_STEP][PASSED] - click(findTestObject("Object Repository/NavSideBar/a_Logout")): Object: 'Object Repository/NavSideBar/a_Logout' is clicked on

2023-05-12 17:14:20 - [MESSAGE][PASSED] - Object: 'Object Repository/NavSideBar/a_Logout' is clicked on

2023-05-12 17:14:20 - [TEST_STEP][PASSED] - verifyElementVisible(findTestObject("Object Repository/Page_Swag Labs/input_Swag Labs_user-name")): Object 'Object Repository/Page_Swag Labs/input_Swag Labs_user-name' is visible

2023-05-12 17:14:20 - [MESSAGE][PASSED] - Object 'Object Repository/Page_Swag Labs/input_Swag Labs_user-name' is visible

2023-05-12 17:14:20 - [TEST_STEP][PASSED] - closeBrowser(): Browser is closed

2023-05-12 17:14:21 - [MESSAGE][PASSED] - Browser is closed]]></system-out>
         <system-err><![CDATA[]]></system-err>
      </testcase>
      <testcase name="Test Cases/test-flow-1-buy-1-product" time="11.945" classname="Test Cases/test-flow-1-buy-1-product" status="PASSED">
         <system-out><![CDATA[2023-05-12 17:14:21 - [TEST_CASE][PASSED] - Test Cases/test-flow-1-buy-1-product: Test Cases/test-flow-1-buy-1-product

2023-05-12 17:14:21 - [TEST_STEP][PASSED] - openBrowser("https://www.saucedemo.com/"): Browser is opened with url: 'https://www.saucedemo.com/'

2023-05-12 17:14:21 - [MESSAGE][INFO] - Starting 'Chrome' driver

2023-05-12 17:14:21 - [MESSAGE][INFO] - Action delay is set to 0 milliseconds

2023-05-12 17:14:23 - [MESSAGE][PASSED] - Browser is opened with url: 'https://www.saucedemo.com/'

2023-05-12 17:14:23 - [TEST_STEP][PASSED] - click(findTestObject("Object Repository/Page_Swag Labs/input_Swag Labs_user-name")): Object: 'Object Repository/Page_Swag Labs/input_Swag Labs_user-name' is clicked on

2023-05-12 17:14:24 - [MESSAGE][PASSED] - Object: 'Object Repository/Page_Swag Labs/input_Swag Labs_user-name' is clicked on

2023-05-12 17:14:24 - [TEST_STEP][PASSED] - sendKeys(findTestObject("Object Repository/Page_Swag Labs/input_Swag Labs_user-name"), "standard_user"): Keys 'standard_user' sent to object: 'Object Repository/Page_Swag Labs/input_Swag Labs_user-name'

2023-05-12 17:14:24 - [MESSAGE][PASSED] - Keys 'standard_user' sent to object: 'Object Repository/Page_Swag Labs/input_Swag Labs_user-name'

2023-05-12 17:14:24 - [TEST_STEP][PASSED] - click(findTestObject("Object Repository/Page_Swag Labs/input_Swag Labs_password")): Object: 'Object Repository/Page_Swag Labs/input_Swag Labs_password' is clicked on

2023-05-12 17:14:25 - [MESSAGE][PASSED] - Object: 'Object Repository/Page_Swag Labs/input_Swag Labs_password' is clicked on

2023-05-12 17:14:25 - [TEST_STEP][PASSED] - sendKeys(findTestObject("Object Repository/Page_Swag Labs/input_Swag Labs_password"), "secret_sauce"): Keys 'secret_sauce' sent to object: 'Object Repository/Page_Swag Labs/input_Swag Labs_password'

2023-05-12 17:14:25 - [MESSAGE][PASSED] - Keys 'secret_sauce' sent to object: 'Object Repository/Page_Swag Labs/input_Swag Labs_password'

2023-05-12 17:14:25 - [TEST_STEP][PASSED] - click(findTestObject("Object Repository/Page_Swag Labs/input_Swag Labs_login-button")): Object: 'Object Repository/Page_Swag Labs/input_Swag Labs_login-button' is clicked on

2023-05-12 17:14:25 - [MESSAGE][PASSED] - Object: 'Object Repository/Page_Swag Labs/input_Swag Labs_login-button' is clicked on

2023-05-12 17:14:25 - [TEST_STEP][PASSED] - click(findTestObject("Object Repository/inventoryPage/Backpack")): Object: 'Object Repository/inventoryPage/Backpack' is clicked on

2023-05-12 17:14:26 - [MESSAGE][PASSED] - Object: 'Object Repository/inventoryPage/Backpack' is clicked on

2023-05-12 17:14:26 - [TEST_STEP][PASSED] - click(findTestObject("Object Repository/inventoryPage/button_Add to cart")): Object: 'Object Repository/inventoryPage/button_Add to cart' is clicked on

2023-05-12 17:14:26 - [MESSAGE][PASSED] - Object: 'Object Repository/inventoryPage/button_Add to cart' is clicked on

2023-05-12 17:14:26 - [TEST_STEP][PASSED] - click(findTestObject("Object Repository/inventoryPage/products_back-image")): Object: 'Object Repository/inventoryPage/products_back-image' is clicked on

2023-05-12 17:14:27 - [MESSAGE][PASSED] - Object: 'Object Repository/inventoryPage/products_back-image' is clicked on

2023-05-12 17:14:27 - [TEST_STEP][PASSED] - click(findTestObject("Object Repository/inventoryPage/cart")): Object: 'Object Repository/inventoryPage/cart' is clicked on

2023-05-12 17:14:27 - [MESSAGE][PASSED] - Object: 'Object Repository/inventoryPage/cart' is clicked on

2023-05-12 17:14:27 - [TEST_STEP][PASSED] - click(findTestObject("Object Repository/CheckoutPage/button_Checkout")): Object: 'Object Repository/CheckoutPage/button_Checkout' is clicked on

2023-05-12 17:14:28 - [MESSAGE][PASSED] - Object: 'Object Repository/CheckoutPage/button_Checkout' is clicked on

2023-05-12 17:14:28 - [TEST_STEP][PASSED] - sendKeys(findTestObject("Object Repository/checkout-step-one/input_Checkout Your Information_firstName"), "demo"): Keys 'demo' sent to object: 'Object Repository/checkout-step-one/input_Checkout Your Information_firstName'

2023-05-12 17:14:28 - [MESSAGE][PASSED] - Keys 'demo' sent to object: 'Object Repository/checkout-step-one/input_Checkout Your Information_firstName'

2023-05-12 17:14:28 - [TEST_STEP][PASSED] - sendKeys(findTestObject("Object Repository/checkout-step-one/input_Checkout Your Information_lastName"), "qa test"): Keys 'qa test' sent to object: 'Object Repository/checkout-step-one/input_Checkout Your Information_lastName'

2023-05-12 17:14:29 - [MESSAGE][PASSED] - Keys 'qa test' sent to object: 'Object Repository/checkout-step-one/input_Checkout Your Information_lastName'

2023-05-12 17:14:29 - [TEST_STEP][PASSED] - sendKeys(findTestObject("Object Repository/checkout-step-one/input_Checkout Your Information_postalCode"), "9000"): Keys '9000' sent to object: 'Object Repository/checkout-step-one/input_Checkout Your Information_postalCode'

2023-05-12 17:14:29 - [MESSAGE][PASSED] - Keys '9000' sent to object: 'Object Repository/checkout-step-one/input_Checkout Your Information_postalCode'

2023-05-12 17:14:29 - [TEST_STEP][PASSED] - click(findTestObject("Object Repository/checkout-step-one/input_continue")): Object: 'Object Repository/checkout-step-one/input_continue' is clicked on

2023-05-12 17:14:30 - [MESSAGE][PASSED] - Object: 'Object Repository/checkout-step-one/input_continue' is clicked on

2023-05-12 17:14:30 - [TEST_STEP][PASSED] - click(findTestObject("Object Repository/finish checkout/button_Finish")): Object: 'Object Repository/finish checkout/button_Finish' is clicked on

2023-05-12 17:14:30 - [MESSAGE][PASSED] - Object: 'Object Repository/finish checkout/button_Finish' is clicked on

2023-05-12 17:14:30 - [TEST_STEP][PASSED] - verifyElementVisible(findTestObject("Object Repository/order-success/h2_Thank you for your order")): Object 'Object Repository/order-success/h2_Thank you for your order' is visible

2023-05-12 17:14:31 - [MESSAGE][PASSED] - Object 'Object Repository/order-success/h2_Thank you for your order' is visible

2023-05-12 17:14:31 - [TEST_STEP][PASSED] - click(findTestObject("Object Repository/NavSideBar/sidebar")): Object: 'Object Repository/NavSideBar/sidebar' is clicked on

2023-05-12 17:14:31 - [MESSAGE][PASSED] - Object: 'Object Repository/NavSideBar/sidebar' is clicked on

2023-05-12 17:14:31 - [TEST_STEP][PASSED] - click(findTestObject("Object Repository/NavSideBar/a_Logout")): Object: 'Object Repository/NavSideBar/a_Logout' is clicked on

2023-05-12 17:14:32 - [MESSAGE][PASSED] - Object: 'Object Repository/NavSideBar/a_Logout' is clicked on

2023-05-12 17:14:32 - [TEST_STEP][PASSED] - verifyElementVisible(findTestObject("Object Repository/Page_Swag Labs/input_Swag Labs_user-name")): Object 'Object Repository/Page_Swag Labs/input_Swag Labs_user-name' is visible

2023-05-12 17:14:32 - [MESSAGE][PASSED] - Object 'Object Repository/Page_Swag Labs/input_Swag Labs_user-name' is visible

2023-05-12 17:14:32 - [TEST_STEP][PASSED] - closeBrowser(): Browser is closed

2023-05-12 17:14:33 - [MESSAGE][PASSED] - Browser is closed]]></system-out>
         <system-err><![CDATA[]]></system-err>
      </testcase>
      <testcase name="Test Cases/test-flow-1-buy-1-product" time="13.027" classname="Test Cases/test-flow-1-buy-1-product" status="PASSED">
         <system-out><![CDATA[2023-05-12 17:14:33 - [TEST_CASE][PASSED] - Test Cases/test-flow-1-buy-1-product: Test Cases/test-flow-1-buy-1-product

2023-05-12 17:14:33 - [TEST_STEP][PASSED] - openBrowser("https://www.saucedemo.com/"): Browser is opened with url: 'https://www.saucedemo.com/'

2023-05-12 17:14:33 - [MESSAGE][INFO] - Starting 'Chrome' driver

2023-05-12 17:14:33 - [MESSAGE][INFO] - Action delay is set to 0 milliseconds

2023-05-12 17:14:36 - [MESSAGE][PASSED] - Browser is opened with url: 'https://www.saucedemo.com/'

2023-05-12 17:14:36 - [TEST_STEP][PASSED] - click(findTestObject("Object Repository/Page_Swag Labs/input_Swag Labs_user-name")): Object: 'Object Repository/Page_Swag Labs/input_Swag Labs_user-name' is clicked on

2023-05-12 17:14:36 - [MESSAGE][PASSED] - Object: 'Object Repository/Page_Swag Labs/input_Swag Labs_user-name' is clicked on

2023-05-12 17:14:36 - [TEST_STEP][PASSED] - sendKeys(findTestObject("Object Repository/Page_Swag Labs/input_Swag Labs_user-name"), "standard_user"): Keys 'standard_user' sent to object: 'Object Repository/Page_Swag Labs/input_Swag Labs_user-name'

2023-05-12 17:14:37 - [MESSAGE][PASSED] - Keys 'standard_user' sent to object: 'Object Repository/Page_Swag Labs/input_Swag Labs_user-name'

2023-05-12 17:14:37 - [TEST_STEP][PASSED] - click(findTestObject("Object Repository/Page_Swag Labs/input_Swag Labs_password")): Object: 'Object Repository/Page_Swag Labs/input_Swag Labs_password' is clicked on

2023-05-12 17:14:37 - [MESSAGE][PASSED] - Object: 'Object Repository/Page_Swag Labs/input_Swag Labs_password' is clicked on

2023-05-12 17:14:37 - [TEST_STEP][PASSED] - sendKeys(findTestObject("Object Repository/Page_Swag Labs/input_Swag Labs_password"), "secret_sauce"): Keys 'secret_sauce' sent to object: 'Object Repository/Page_Swag Labs/input_Swag Labs_password'

2023-05-12 17:14:37 - [MESSAGE][PASSED] - Keys 'secret_sauce' sent to object: 'Object Repository/Page_Swag Labs/input_Swag Labs_password'

2023-05-12 17:14:37 - [TEST_STEP][PASSED] - click(findTestObject("Object Repository/Page_Swag Labs/input_Swag Labs_login-button")): Object: 'Object Repository/Page_Swag Labs/input_Swag Labs_login-button' is clicked on

2023-05-12 17:14:38 - [MESSAGE][PASSED] - Object: 'Object Repository/Page_Swag Labs/input_Swag Labs_login-button' is clicked on

2023-05-12 17:14:38 - [TEST_STEP][PASSED] - click(findTestObject("Object Repository/inventoryPage/Backpack")): Object: 'Object Repository/inventoryPage/Backpack' is clicked on

2023-05-12 17:14:38 - [MESSAGE][PASSED] - Object: 'Object Repository/inventoryPage/Backpack' is clicked on

2023-05-12 17:14:38 - [TEST_STEP][PASSED] - click(findTestObject("Object Repository/inventoryPage/button_Add to cart")): Object: 'Object Repository/inventoryPage/button_Add to cart' is clicked on

2023-05-12 17:14:39 - [MESSAGE][PASSED] - Object: 'Object Repository/inventoryPage/button_Add to cart' is clicked on

2023-05-12 17:14:39 - [TEST_STEP][PASSED] - click(findTestObject("Object Repository/inventoryPage/products_back-image")): Object: 'Object Repository/inventoryPage/products_back-image' is clicked on

2023-05-12 17:14:39 - [MESSAGE][PASSED] - Object: 'Object Repository/inventoryPage/products_back-image' is clicked on

2023-05-12 17:14:39 - [TEST_STEP][PASSED] - click(findTestObject("Object Repository/inventoryPage/cart")): Object: 'Object Repository/inventoryPage/cart' is clicked on

2023-05-12 17:14:40 - [MESSAGE][PASSED] - Object: 'Object Repository/inventoryPage/cart' is clicked on

2023-05-12 17:14:40 - [TEST_STEP][PASSED] - click(findTestObject("Object Repository/CheckoutPage/button_Checkout")): Object: 'Object Repository/CheckoutPage/button_Checkout' is clicked on

2023-05-12 17:14:40 - [MESSAGE][PASSED] - Object: 'Object Repository/CheckoutPage/button_Checkout' is clicked on

2023-05-12 17:14:40 - [TEST_STEP][PASSED] - sendKeys(findTestObject("Object Repository/checkout-step-one/input_Checkout Your Information_firstName"), "demo"): Keys 'demo' sent to object: 'Object Repository/checkout-step-one/input_Checkout Your Information_firstName'

2023-05-12 17:14:41 - [MESSAGE][PASSED] - Keys 'demo' sent to object: 'Object Repository/checkout-step-one/input_Checkout Your Information_firstName'

2023-05-12 17:14:41 - [TEST_STEP][PASSED] - sendKeys(findTestObject("Object Repository/checkout-step-one/input_Checkout Your Information_lastName"), "qa test"): Keys 'qa test' sent to object: 'Object Repository/checkout-step-one/input_Checkout Your Information_lastName'

2023-05-12 17:14:42 - [MESSAGE][PASSED] - Keys 'qa test' sent to object: 'Object Repository/checkout-step-one/input_Checkout Your Information_lastName'

2023-05-12 17:14:42 - [TEST_STEP][PASSED] - sendKeys(findTestObject("Object Repository/checkout-step-one/input_Checkout Your Information_postalCode"), "9000"): Keys '9000' sent to object: 'Object Repository/checkout-step-one/input_Checkout Your Information_postalCode'

2023-05-12 17:14:42 - [MESSAGE][PASSED] - Keys '9000' sent to object: 'Object Repository/checkout-step-one/input_Checkout Your Information_postalCode'

2023-05-12 17:14:42 - [TEST_STEP][PASSED] - click(findTestObject("Object Repository/checkout-step-one/input_continue")): Object: 'Object Repository/checkout-step-one/input_continue' is clicked on

2023-05-12 17:14:43 - [MESSAGE][PASSED] - Object: 'Object Repository/checkout-step-one/input_continue' is clicked on

2023-05-12 17:14:43 - [TEST_STEP][PASSED] - click(findTestObject("Object Repository/finish checkout/button_Finish")): Object: 'Object Repository/finish checkout/button_Finish' is clicked on

2023-05-12 17:14:43 - [MESSAGE][PASSED] - Object: 'Object Repository/finish checkout/button_Finish' is clicked on

2023-05-12 17:14:43 - [TEST_STEP][PASSED] - verifyElementVisible(findTestObject("Object Repository/order-success/h2_Thank you for your order")): Object 'Object Repository/order-success/h2_Thank you for your order' is visible

2023-05-12 17:14:44 - [MESSAGE][PASSED] - Object 'Object Repository/order-success/h2_Thank you for your order' is visible

2023-05-12 17:14:44 - [TEST_STEP][PASSED] - click(findTestObject("Object Repository/NavSideBar/sidebar")): Object: 'Object Repository/NavSideBar/sidebar' is clicked on

2023-05-12 17:14:44 - [MESSAGE][PASSED] - Object: 'Object Repository/NavSideBar/sidebar' is clicked on

2023-05-12 17:14:44 - [TEST_STEP][PASSED] - click(findTestObject("Object Repository/NavSideBar/a_Logout")): Object: 'Object Repository/NavSideBar/a_Logout' is clicked on

2023-05-12 17:14:45 - [MESSAGE][PASSED] - Object: 'Object Repository/NavSideBar/a_Logout' is clicked on

2023-05-12 17:14:45 - [TEST_STEP][PASSED] - verifyElementVisible(findTestObject("Object Repository/Page_Swag Labs/input_Swag Labs_user-name")): Object 'Object Repository/Page_Swag Labs/input_Swag Labs_user-name' is visible

2023-05-12 17:14:45 - [MESSAGE][PASSED] - Object 'Object Repository/Page_Swag Labs/input_Swag Labs_user-name' is visible

2023-05-12 17:14:45 - [TEST_STEP][PASSED] - closeBrowser(): Browser is closed

2023-05-12 17:14:46 - [MESSAGE][PASSED] - Browser is closed]]></system-out>
         <system-err><![CDATA[]]></system-err>
      </testcase>
      <testcase name="Test Cases/test-flow-1-buy-1-product" time="12.847" classname="Test Cases/test-flow-1-buy-1-product" status="PASSED">
         <system-out><![CDATA[2023-05-12 17:14:46 - [TEST_CASE][PASSED] - Test Cases/test-flow-1-buy-1-product: Test Cases/test-flow-1-buy-1-product

2023-05-12 17:14:46 - [TEST_STEP][PASSED] - openBrowser("https://www.saucedemo.com/"): Browser is opened with url: 'https://www.saucedemo.com/'

2023-05-12 17:14:46 - [MESSAGE][INFO] - Starting 'Chrome' driver

2023-05-12 17:14:46 - [MESSAGE][INFO] - Action delay is set to 0 milliseconds

2023-05-12 17:14:49 - [MESSAGE][PASSED] - Browser is opened with url: 'https://www.saucedemo.com/'

2023-05-12 17:14:49 - [TEST_STEP][PASSED] - click(findTestObject("Object Repository/Page_Swag Labs/input_Swag Labs_user-name")): Object: 'Object Repository/Page_Swag Labs/input_Swag Labs_user-name' is clicked on

2023-05-12 17:14:49 - [MESSAGE][PASSED] - Object: 'Object Repository/Page_Swag Labs/input_Swag Labs_user-name' is clicked on

2023-05-12 17:14:49 - [TEST_STEP][PASSED] - sendKeys(findTestObject("Object Repository/Page_Swag Labs/input_Swag Labs_user-name"), "standard_user"): Keys 'standard_user' sent to object: 'Object Repository/Page_Swag Labs/input_Swag Labs_user-name'

2023-05-12 17:14:50 - [MESSAGE][PASSED] - Keys 'standard_user' sent to object: 'Object Repository/Page_Swag Labs/input_Swag Labs_user-name'

2023-05-12 17:14:50 - [TEST_STEP][PASSED] - click(findTestObject("Object Repository/Page_Swag Labs/input_Swag Labs_password")): Object: 'Object Repository/Page_Swag Labs/input_Swag Labs_password' is clicked on

2023-05-12 17:14:50 - [MESSAGE][PASSED] - Object: 'Object Repository/Page_Swag Labs/input_Swag Labs_password' is clicked on

2023-05-12 17:14:50 - [TEST_STEP][PASSED] - sendKeys(findTestObject("Object Repository/Page_Swag Labs/input_Swag Labs_password"), "secret_sauce"): Keys 'secret_sauce' sent to object: 'Object Repository/Page_Swag Labs/input_Swag Labs_password'

2023-05-12 17:14:51 - [MESSAGE][PASSED] - Keys 'secret_sauce' sent to object: 'Object Repository/Page_Swag Labs/input_Swag Labs_password'

2023-05-12 17:14:51 - [TEST_STEP][PASSED] - click(findTestObject("Object Repository/Page_Swag Labs/input_Swag Labs_login-button")): Object: 'Object Repository/Page_Swag Labs/input_Swag Labs_login-button' is clicked on

2023-05-12 17:14:51 - [MESSAGE][PASSED] - Object: 'Object Repository/Page_Swag Labs/input_Swag Labs_login-button' is clicked on

2023-05-12 17:14:51 - [TEST_STEP][PASSED] - click(findTestObject("Object Repository/inventoryPage/Backpack")): Object: 'Object Repository/inventoryPage/Backpack' is clicked on

2023-05-12 17:14:52 - [MESSAGE][PASSED] - Object: 'Object Repository/inventoryPage/Backpack' is clicked on

2023-05-12 17:14:52 - [TEST_STEP][PASSED] - click(findTestObject("Object Repository/inventoryPage/button_Add to cart")): Object: 'Object Repository/inventoryPage/button_Add to cart' is clicked on

2023-05-12 17:14:52 - [MESSAGE][PASSED] - Object: 'Object Repository/inventoryPage/button_Add to cart' is clicked on

2023-05-12 17:14:52 - [TEST_STEP][PASSED] - click(findTestObject("Object Repository/inventoryPage/products_back-image")): Object: 'Object Repository/inventoryPage/products_back-image' is clicked on

2023-05-12 17:14:53 - [MESSAGE][PASSED] - Object: 'Object Repository/inventoryPage/products_back-image' is clicked on

2023-05-12 17:14:53 - [TEST_STEP][PASSED] - click(findTestObject("Object Repository/inventoryPage/cart")): Object: 'Object Repository/inventoryPage/cart' is clicked on

2023-05-12 17:14:53 - [MESSAGE][PASSED] - Object: 'Object Repository/inventoryPage/cart' is clicked on

2023-05-12 17:14:53 - [TEST_STEP][PASSED] - click(findTestObject("Object Repository/CheckoutPage/button_Checkout")): Object: 'Object Repository/CheckoutPage/button_Checkout' is clicked on

2023-05-12 17:14:54 - [MESSAGE][PASSED] - Object: 'Object Repository/CheckoutPage/button_Checkout' is clicked on

2023-05-12 17:14:54 - [TEST_STEP][PASSED] - sendKeys(findTestObject("Object Repository/checkout-step-one/input_Checkout Your Information_firstName"), "demo"): Keys 'demo' sent to object: 'Object Repository/checkout-step-one/input_Checkout Your Information_firstName'

2023-05-12 17:14:54 - [MESSAGE][PASSED] - Keys 'demo' sent to object: 'Object Repository/checkout-step-one/input_Checkout Your Information_firstName'

2023-05-12 17:14:54 - [TEST_STEP][PASSED] - sendKeys(findTestObject("Object Repository/checkout-step-one/input_Checkout Your Information_lastName"), "qa test"): Keys 'qa test' sent to object: 'Object Repository/checkout-step-one/input_Checkout Your Information_lastName'

2023-05-12 17:14:55 - [MESSAGE][PASSED] - Keys 'qa test' sent to object: 'Object Repository/checkout-step-one/input_Checkout Your Information_lastName'

2023-05-12 17:14:55 - [TEST_STEP][PASSED] - sendKeys(findTestObject("Object Repository/checkout-step-one/input_Checkout Your Information_postalCode"), "9000"): Keys '9000' sent to object: 'Object Repository/checkout-step-one/input_Checkout Your Information_postalCode'

2023-05-12 17:14:55 - [MESSAGE][PASSED] - Keys '9000' sent to object: 'Object Repository/checkout-step-one/input_Checkout Your Information_postalCode'

2023-05-12 17:14:55 - [TEST_STEP][PASSED] - click(findTestObject("Object Repository/checkout-step-one/input_continue")): Object: 'Object Repository/checkout-step-one/input_continue' is clicked on

2023-05-12 17:14:56 - [MESSAGE][PASSED] - Object: 'Object Repository/checkout-step-one/input_continue' is clicked on

2023-05-12 17:14:56 - [TEST_STEP][PASSED] - click(findTestObject("Object Repository/finish checkout/button_Finish")): Object: 'Object Repository/finish checkout/button_Finish' is clicked on

2023-05-12 17:14:56 - [MESSAGE][PASSED] - Object: 'Object Repository/finish checkout/button_Finish' is clicked on

2023-05-12 17:14:56 - [TEST_STEP][PASSED] - verifyElementVisible(findTestObject("Object Repository/order-success/h2_Thank you for your order")): Object 'Object Repository/order-success/h2_Thank you for your order' is visible

2023-05-12 17:14:57 - [MESSAGE][PASSED] - Object 'Object Repository/order-success/h2_Thank you for your order' is visible

2023-05-12 17:14:57 - [TEST_STEP][PASSED] - click(findTestObject("Object Repository/NavSideBar/sidebar")): Object: 'Object Repository/NavSideBar/sidebar' is clicked on

2023-05-12 17:14:57 - [MESSAGE][PASSED] - Object: 'Object Repository/NavSideBar/sidebar' is clicked on

2023-05-12 17:14:57 - [TEST_STEP][PASSED] - click(findTestObject("Object Repository/NavSideBar/a_Logout")): Object: 'Object Repository/NavSideBar/a_Logout' is clicked on

2023-05-12 17:14:58 - [MESSAGE][PASSED] - Object: 'Object Repository/NavSideBar/a_Logout' is clicked on

2023-05-12 17:14:58 - [TEST_STEP][PASSED] - verifyElementVisible(findTestObject("Object Repository/Page_Swag Labs/input_Swag Labs_user-name")): Object 'Object Repository/Page_Swag Labs/input_Swag Labs_user-name' is visible

2023-05-12 17:14:58 - [MESSAGE][PASSED] - Object 'Object Repository/Page_Swag Labs/input_Swag Labs_user-name' is visible

2023-05-12 17:14:58 - [TEST_STEP][PASSED] - closeBrowser(): Browser is closed

2023-05-12 17:14:59 - [MESSAGE][PASSED] - Browser is closed]]></system-out>
         <system-err><![CDATA[]]></system-err>
      </testcase>
      <testcase name="Test Cases/test-flow-1-buy-1-product" time="12.311" classname="Test Cases/test-flow-1-buy-1-product" status="PASSED">
         <system-out><![CDATA[2023-05-12 17:14:59 - [TEST_CASE][PASSED] - Test Cases/test-flow-1-buy-1-product: Test Cases/test-flow-1-buy-1-product

2023-05-12 17:14:59 - [TEST_STEP][PASSED] - openBrowser("https://www.saucedemo.com/"): Browser is opened with url: 'https://www.saucedemo.com/'

2023-05-12 17:14:59 - [MESSAGE][INFO] - Starting 'Chrome' driver

2023-05-12 17:14:59 - [MESSAGE][INFO] - Action delay is set to 0 milliseconds

2023-05-12 17:15:02 - [MESSAGE][PASSED] - Browser is opened with url: 'https://www.saucedemo.com/'

2023-05-12 17:15:02 - [TEST_STEP][PASSED] - click(findTestObject("Object Repository/Page_Swag Labs/input_Swag Labs_user-name")): Object: 'Object Repository/Page_Swag Labs/input_Swag Labs_user-name' is clicked on

2023-05-12 17:15:02 - [MESSAGE][PASSED] - Object: 'Object Repository/Page_Swag Labs/input_Swag Labs_user-name' is clicked on

2023-05-12 17:15:02 - [TEST_STEP][PASSED] - sendKeys(findTestObject("Object Repository/Page_Swag Labs/input_Swag Labs_user-name"), "standard_user"): Keys 'standard_user' sent to object: 'Object Repository/Page_Swag Labs/input_Swag Labs_user-name'

2023-05-12 17:15:02 - [MESSAGE][PASSED] - Keys 'standard_user' sent to object: 'Object Repository/Page_Swag Labs/input_Swag Labs_user-name'

2023-05-12 17:15:02 - [TEST_STEP][PASSED] - click(findTestObject("Object Repository/Page_Swag Labs/input_Swag Labs_password")): Object: 'Object Repository/Page_Swag Labs/input_Swag Labs_password' is clicked on

2023-05-12 17:15:03 - [MESSAGE][PASSED] - Object: 'Object Repository/Page_Swag Labs/input_Swag Labs_password' is clicked on

2023-05-12 17:15:03 - [TEST_STEP][PASSED] - sendKeys(findTestObject("Object Repository/Page_Swag Labs/input_Swag Labs_password"), "secret_sauce"): Keys 'secret_sauce' sent to object: 'Object Repository/Page_Swag Labs/input_Swag Labs_password'

2023-05-12 17:15:03 - [MESSAGE][PASSED] - Keys 'secret_sauce' sent to object: 'Object Repository/Page_Swag Labs/input_Swag Labs_password'

2023-05-12 17:15:03 - [TEST_STEP][PASSED] - click(findTestObject("Object Repository/Page_Swag Labs/input_Swag Labs_login-button")): Object: 'Object Repository/Page_Swag Labs/input_Swag Labs_login-button' is clicked on

2023-05-12 17:15:04 - [MESSAGE][PASSED] - Object: 'Object Repository/Page_Swag Labs/input_Swag Labs_login-button' is clicked on

2023-05-12 17:15:04 - [TEST_STEP][PASSED] - click(findTestObject("Object Repository/inventoryPage/Backpack")): Object: 'Object Repository/inventoryPage/Backpack' is clicked on

2023-05-12 17:15:04 - [MESSAGE][PASSED] - Object: 'Object Repository/inventoryPage/Backpack' is clicked on

2023-05-12 17:15:04 - [TEST_STEP][PASSED] - click(findTestObject("Object Repository/inventoryPage/button_Add to cart")): Object: 'Object Repository/inventoryPage/button_Add to cart' is clicked on

2023-05-12 17:15:05 - [MESSAGE][PASSED] - Object: 'Object Repository/inventoryPage/button_Add to cart' is clicked on

2023-05-12 17:15:05 - [TEST_STEP][PASSED] - click(findTestObject("Object Repository/inventoryPage/products_back-image")): Object: 'Object Repository/inventoryPage/products_back-image' is clicked on

2023-05-12 17:15:05 - [MESSAGE][PASSED] - Object: 'Object Repository/inventoryPage/products_back-image' is clicked on

2023-05-12 17:15:05 - [TEST_STEP][PASSED] - click(findTestObject("Object Repository/inventoryPage/cart")): Object: 'Object Repository/inventoryPage/cart' is clicked on

2023-05-12 17:15:06 - [MESSAGE][PASSED] - Object: 'Object Repository/inventoryPage/cart' is clicked on

2023-05-12 17:15:06 - [TEST_STEP][PASSED] - click(findTestObject("Object Repository/CheckoutPage/button_Checkout")): Object: 'Object Repository/CheckoutPage/button_Checkout' is clicked on

2023-05-12 17:15:06 - [MESSAGE][PASSED] - Object: 'Object Repository/CheckoutPage/button_Checkout' is clicked on

2023-05-12 17:15:06 - [TEST_STEP][PASSED] - sendKeys(findTestObject("Object Repository/checkout-step-one/input_Checkout Your Information_firstName"), "demo"): Keys 'demo' sent to object: 'Object Repository/checkout-step-one/input_Checkout Your Information_firstName'

2023-05-12 17:15:07 - [MESSAGE][PASSED] - Keys 'demo' sent to object: 'Object Repository/checkout-step-one/input_Checkout Your Information_firstName'

2023-05-12 17:15:07 - [TEST_STEP][PASSED] - sendKeys(findTestObject("Object Repository/checkout-step-one/input_Checkout Your Information_lastName"), "qa test"): Keys 'qa test' sent to object: 'Object Repository/checkout-step-one/input_Checkout Your Information_lastName'

2023-05-12 17:15:07 - [MESSAGE][PASSED] - Keys 'qa test' sent to object: 'Object Repository/checkout-step-one/input_Checkout Your Information_lastName'

2023-05-12 17:15:07 - [TEST_STEP][PASSED] - sendKeys(findTestObject("Object Repository/checkout-step-one/input_Checkout Your Information_postalCode"), "9000"): Keys '9000' sent to object: 'Object Repository/checkout-step-one/input_Checkout Your Information_postalCode'

2023-05-12 17:15:08 - [MESSAGE][PASSED] - Keys '9000' sent to object: 'Object Repository/checkout-step-one/input_Checkout Your Information_postalCode'

2023-05-12 17:15:08 - [TEST_STEP][PASSED] - click(findTestObject("Object Repository/checkout-step-one/input_continue")): Object: 'Object Repository/checkout-step-one/input_continue' is clicked on

2023-05-12 17:15:08 - [MESSAGE][PASSED] - Object: 'Object Repository/checkout-step-one/input_continue' is clicked on

2023-05-12 17:15:08 - [TEST_STEP][PASSED] - click(findTestObject("Object Repository/finish checkout/button_Finish")): Object: 'Object Repository/finish checkout/button_Finish' is clicked on

2023-05-12 17:15:09 - [MESSAGE][PASSED] - Object: 'Object Repository/finish checkout/button_Finish' is clicked on

2023-05-12 17:15:09 - [TEST_STEP][PASSED] - verifyElementVisible(findTestObject("Object Repository/order-success/h2_Thank you for your order")): Object 'Object Repository/order-success/h2_Thank you for your order' is visible

2023-05-12 17:15:09 - [MESSAGE][PASSED] - Object 'Object Repository/order-success/h2_Thank you for your order' is visible

2023-05-12 17:15:09 - [TEST_STEP][PASSED] - click(findTestObject("Object Repository/NavSideBar/sidebar")): Object: 'Object Repository/NavSideBar/sidebar' is clicked on

2023-05-12 17:15:10 - [MESSAGE][PASSED] - Object: 'Object Repository/NavSideBar/sidebar' is clicked on

2023-05-12 17:15:10 - [TEST_STEP][PASSED] - click(findTestObject("Object Repository/NavSideBar/a_Logout")): Object: 'Object Repository/NavSideBar/a_Logout' is clicked on

2023-05-12 17:15:10 - [MESSAGE][PASSED] - Object: 'Object Repository/NavSideBar/a_Logout' is clicked on

2023-05-12 17:15:10 - [TEST_STEP][PASSED] - verifyElementVisible(findTestObject("Object Repository/Page_Swag Labs/input_Swag Labs_user-name")): Object 'Object Repository/Page_Swag Labs/input_Swag Labs_user-name' is visible

2023-05-12 17:15:11 - [MESSAGE][PASSED] - Object 'Object Repository/Page_Swag Labs/input_Swag Labs_user-name' is visible

2023-05-12 17:15:11 - [TEST_STEP][PASSED] - closeBrowser(): Browser is closed

2023-05-12 17:15:11 - [MESSAGE][PASSED] - Browser is closed]]></system-out>
         <system-err><![CDATA[]]></system-err>
      </testcase>
      <testcase name="Test Cases/test-flow-1-buy-1-product" time="11.686" classname="Test Cases/test-flow-1-buy-1-product" status="PASSED">
         <system-out><![CDATA[2023-05-12 17:15:11 - [TEST_CASE][PASSED] - Test Cases/test-flow-1-buy-1-product: Test Cases/test-flow-1-buy-1-product

2023-05-12 17:15:11 - [TEST_STEP][PASSED] - openBrowser("https://www.saucedemo.com/"): Browser is opened with url: 'https://www.saucedemo.com/'

2023-05-12 17:15:11 - [MESSAGE][INFO] - Starting 'Chrome' driver

2023-05-12 17:15:11 - [MESSAGE][INFO] - Action delay is set to 0 milliseconds

2023-05-12 17:15:14 - [MESSAGE][PASSED] - Browser is opened with url: 'https://www.saucedemo.com/'

2023-05-12 17:15:14 - [TEST_STEP][PASSED] - click(findTestObject("Object Repository/Page_Swag Labs/input_Swag Labs_user-name")): Object: 'Object Repository/Page_Swag Labs/input_Swag Labs_user-name' is clicked on

2023-05-12 17:15:14 - [MESSAGE][PASSED] - Object: 'Object Repository/Page_Swag Labs/input_Swag Labs_user-name' is clicked on

2023-05-12 17:15:14 - [TEST_STEP][PASSED] - sendKeys(findTestObject("Object Repository/Page_Swag Labs/input_Swag Labs_user-name"), "standard_user"): Keys 'standard_user' sent to object: 'Object Repository/Page_Swag Labs/input_Swag Labs_user-name'

2023-05-12 17:15:14 - [MESSAGE][PASSED] - Keys 'standard_user' sent to object: 'Object Repository/Page_Swag Labs/input_Swag Labs_user-name'

2023-05-12 17:15:14 - [TEST_STEP][PASSED] - click(findTestObject("Object Repository/Page_Swag Labs/input_Swag Labs_password")): Object: 'Object Repository/Page_Swag Labs/input_Swag Labs_password' is clicked on

2023-05-12 17:15:15 - [MESSAGE][PASSED] - Object: 'Object Repository/Page_Swag Labs/input_Swag Labs_password' is clicked on

2023-05-12 17:15:15 - [TEST_STEP][PASSED] - sendKeys(findTestObject("Object Repository/Page_Swag Labs/input_Swag Labs_password"), "secret_sauce"): Keys 'secret_sauce' sent to object: 'Object Repository/Page_Swag Labs/input_Swag Labs_password'

2023-05-12 17:15:15 - [MESSAGE][PASSED] - Keys 'secret_sauce' sent to object: 'Object Repository/Page_Swag Labs/input_Swag Labs_password'

2023-05-12 17:15:15 - [TEST_STEP][PASSED] - click(findTestObject("Object Repository/Page_Swag Labs/input_Swag Labs_login-button")): Object: 'Object Repository/Page_Swag Labs/input_Swag Labs_login-button' is clicked on

2023-05-12 17:15:15 - [MESSAGE][PASSED] - Object: 'Object Repository/Page_Swag Labs/input_Swag Labs_login-button' is clicked on

2023-05-12 17:15:15 - [TEST_STEP][PASSED] - click(findTestObject("Object Repository/inventoryPage/Backpack")): Object: 'Object Repository/inventoryPage/Backpack' is clicked on

2023-05-12 17:15:16 - [MESSAGE][PASSED] - Object: 'Object Repository/inventoryPage/Backpack' is clicked on

2023-05-12 17:15:16 - [TEST_STEP][PASSED] - click(findTestObject("Object Repository/inventoryPage/button_Add to cart")): Object: 'Object Repository/inventoryPage/button_Add to cart' is clicked on

2023-05-12 17:15:16 - [MESSAGE][PASSED] - Object: 'Object Repository/inventoryPage/button_Add to cart' is clicked on

2023-05-12 17:15:16 - [TEST_STEP][PASSED] - click(findTestObject("Object Repository/inventoryPage/products_back-image")): Object: 'Object Repository/inventoryPage/products_back-image' is clicked on

2023-05-12 17:15:17 - [MESSAGE][PASSED] - Object: 'Object Repository/inventoryPage/products_back-image' is clicked on

2023-05-12 17:15:17 - [TEST_STEP][PASSED] - click(findTestObject("Object Repository/inventoryPage/cart")): Object: 'Object Repository/inventoryPage/cart' is clicked on

2023-05-12 17:15:17 - [MESSAGE][PASSED] - Object: 'Object Repository/inventoryPage/cart' is clicked on

2023-05-12 17:15:17 - [TEST_STEP][PASSED] - click(findTestObject("Object Repository/CheckoutPage/button_Checkout")): Object: 'Object Repository/CheckoutPage/button_Checkout' is clicked on

2023-05-12 17:15:18 - [MESSAGE][PASSED] - Object: 'Object Repository/CheckoutPage/button_Checkout' is clicked on

2023-05-12 17:15:18 - [TEST_STEP][PASSED] - sendKeys(findTestObject("Object Repository/checkout-step-one/input_Checkout Your Information_firstName"), "demo"): Keys 'demo' sent to object: 'Object Repository/checkout-step-one/input_Checkout Your Information_firstName'

2023-05-12 17:15:18 - [MESSAGE][PASSED] - Keys 'demo' sent to object: 'Object Repository/checkout-step-one/input_Checkout Your Information_firstName'

2023-05-12 17:15:18 - [TEST_STEP][PASSED] - sendKeys(findTestObject("Object Repository/checkout-step-one/input_Checkout Your Information_lastName"), "qa test"): Keys 'qa test' sent to object: 'Object Repository/checkout-step-one/input_Checkout Your Information_lastName'

2023-05-12 17:15:19 - [MESSAGE][PASSED] - Keys 'qa test' sent to object: 'Object Repository/checkout-step-one/input_Checkout Your Information_lastName'

2023-05-12 17:15:19 - [TEST_STEP][PASSED] - sendKeys(findTestObject("Object Repository/checkout-step-one/input_Checkout Your Information_postalCode"), "9000"): Keys '9000' sent to object: 'Object Repository/checkout-step-one/input_Checkout Your Information_postalCode'

2023-05-12 17:15:19 - [MESSAGE][PASSED] - Keys '9000' sent to object: 'Object Repository/checkout-step-one/input_Checkout Your Information_postalCode'

2023-05-12 17:15:19 - [TEST_STEP][PASSED] - click(findTestObject("Object Repository/checkout-step-one/input_continue")): Object: 'Object Repository/checkout-step-one/input_continue' is clicked on

2023-05-12 17:15:20 - [MESSAGE][PASSED] - Object: 'Object Repository/checkout-step-one/input_continue' is clicked on

2023-05-12 17:15:20 - [TEST_STEP][PASSED] - click(findTestObject("Object Repository/finish checkout/button_Finish")): Object: 'Object Repository/finish checkout/button_Finish' is clicked on

2023-05-12 17:15:21 - [MESSAGE][PASSED] - Object: 'Object Repository/finish checkout/button_Finish' is clicked on

2023-05-12 17:15:21 - [TEST_STEP][PASSED] - verifyElementVisible(findTestObject("Object Repository/order-success/h2_Thank you for your order")): Object 'Object Repository/order-success/h2_Thank you for your order' is visible

2023-05-12 17:15:21 - [MESSAGE][PASSED] - Object 'Object Repository/order-success/h2_Thank you for your order' is visible

2023-05-12 17:15:21 - [TEST_STEP][PASSED] - click(findTestObject("Object Repository/NavSideBar/sidebar")): Object: 'Object Repository/NavSideBar/sidebar' is clicked on

2023-05-12 17:15:21 - [MESSAGE][PASSED] - Object: 'Object Repository/NavSideBar/sidebar' is clicked on

2023-05-12 17:15:21 - [TEST_STEP][PASSED] - click(findTestObject("Object Repository/NavSideBar/a_Logout")): Object: 'Object Repository/NavSideBar/a_Logout' is clicked on

2023-05-12 17:15:22 - [MESSAGE][PASSED] - Object: 'Object Repository/NavSideBar/a_Logout' is clicked on

2023-05-12 17:15:22 - [TEST_STEP][PASSED] - verifyElementVisible(findTestObject("Object Repository/Page_Swag Labs/input_Swag Labs_user-name")): Object 'Object Repository/Page_Swag Labs/input_Swag Labs_user-name' is visible

2023-05-12 17:15:22 - [MESSAGE][PASSED] - Object 'Object Repository/Page_Swag Labs/input_Swag Labs_user-name' is visible

2023-05-12 17:15:22 - [TEST_STEP][PASSED] - closeBrowser(): Browser is closed

2023-05-12 17:15:23 - [MESSAGE][PASSED] - Browser is closed]]></system-out>
         <system-err><![CDATA[]]></system-err>
      </testcase>
      <testcase name="Test Cases/test-flow-1-buy-1-product" time="12.348" classname="Test Cases/test-flow-1-buy-1-product" status="PASSED">
         <system-out><![CDATA[2023-05-12 17:15:23 - [TEST_CASE][PASSED] - Test Cases/test-flow-1-buy-1-product: Test Cases/test-flow-1-buy-1-product

2023-05-12 17:15:23 - [TEST_STEP][PASSED] - openBrowser("https://www.saucedemo.com/"): Browser is opened with url: 'https://www.saucedemo.com/'

2023-05-12 17:15:23 - [MESSAGE][INFO] - Starting 'Chrome' driver

2023-05-12 17:15:23 - [MESSAGE][INFO] - Action delay is set to 0 milliseconds

2023-05-12 17:15:25 - [MESSAGE][PASSED] - Browser is opened with url: 'https://www.saucedemo.com/'

2023-05-12 17:15:25 - [TEST_STEP][PASSED] - click(findTestObject("Object Repository/Page_Swag Labs/input_Swag Labs_user-name")): Object: 'Object Repository/Page_Swag Labs/input_Swag Labs_user-name' is clicked on

2023-05-12 17:15:26 - [MESSAGE][PASSED] - Object: 'Object Repository/Page_Swag Labs/input_Swag Labs_user-name' is clicked on

2023-05-12 17:15:26 - [TEST_STEP][PASSED] - sendKeys(findTestObject("Object Repository/Page_Swag Labs/input_Swag Labs_user-name"), "standard_user"): Keys 'standard_user' sent to object: 'Object Repository/Page_Swag Labs/input_Swag Labs_user-name'

2023-05-12 17:15:26 - [MESSAGE][PASSED] - Keys 'standard_user' sent to object: 'Object Repository/Page_Swag Labs/input_Swag Labs_user-name'

2023-05-12 17:15:26 - [TEST_STEP][PASSED] - click(findTestObject("Object Repository/Page_Swag Labs/input_Swag Labs_password")): Object: 'Object Repository/Page_Swag Labs/input_Swag Labs_password' is clicked on

2023-05-12 17:15:27 - [MESSAGE][PASSED] - Object: 'Object Repository/Page_Swag Labs/input_Swag Labs_password' is clicked on

2023-05-12 17:15:27 - [TEST_STEP][PASSED] - sendKeys(findTestObject("Object Repository/Page_Swag Labs/input_Swag Labs_password"), "secret_sauce"): Keys 'secret_sauce' sent to object: 'Object Repository/Page_Swag Labs/input_Swag Labs_password'

2023-05-12 17:15:27 - [MESSAGE][PASSED] - Keys 'secret_sauce' sent to object: 'Object Repository/Page_Swag Labs/input_Swag Labs_password'

2023-05-12 17:15:27 - [TEST_STEP][PASSED] - click(findTestObject("Object Repository/Page_Swag Labs/input_Swag Labs_login-button")): Object: 'Object Repository/Page_Swag Labs/input_Swag Labs_login-button' is clicked on

2023-05-12 17:15:27 - [MESSAGE][PASSED] - Object: 'Object Repository/Page_Swag Labs/input_Swag Labs_login-button' is clicked on

2023-05-12 17:15:27 - [TEST_STEP][PASSED] - click(findTestObject("Object Repository/inventoryPage/Backpack")): Object: 'Object Repository/inventoryPage/Backpack' is clicked on

2023-05-12 17:15:28 - [MESSAGE][PASSED] - Object: 'Object Repository/inventoryPage/Backpack' is clicked on

2023-05-12 17:15:28 - [TEST_STEP][PASSED] - click(findTestObject("Object Repository/inventoryPage/button_Add to cart")): Object: 'Object Repository/inventoryPage/button_Add to cart' is clicked on

2023-05-12 17:15:29 - [MESSAGE][PASSED] - Object: 'Object Repository/inventoryPage/button_Add to cart' is clicked on

2023-05-12 17:15:29 - [TEST_STEP][PASSED] - click(findTestObject("Object Repository/inventoryPage/products_back-image")): Object: 'Object Repository/inventoryPage/products_back-image' is clicked on

2023-05-12 17:15:29 - [MESSAGE][PASSED] - Object: 'Object Repository/inventoryPage/products_back-image' is clicked on

2023-05-12 17:15:29 - [TEST_STEP][PASSED] - click(findTestObject("Object Repository/inventoryPage/cart")): Object: 'Object Repository/inventoryPage/cart' is clicked on

2023-05-12 17:15:30 - [MESSAGE][PASSED] - Object: 'Object Repository/inventoryPage/cart' is clicked on

2023-05-12 17:15:30 - [TEST_STEP][PASSED] - click(findTestObject("Object Repository/CheckoutPage/button_Checkout")): Object: 'Object Repository/CheckoutPage/button_Checkout' is clicked on

2023-05-12 17:15:30 - [MESSAGE][PASSED] - Object: 'Object Repository/CheckoutPage/button_Checkout' is clicked on

2023-05-12 17:15:30 - [TEST_STEP][PASSED] - sendKeys(findTestObject("Object Repository/checkout-step-one/input_Checkout Your Information_firstName"), "demo"): Keys 'demo' sent to object: 'Object Repository/checkout-step-one/input_Checkout Your Information_firstName'

2023-05-12 17:15:31 - [MESSAGE][PASSED] - Keys 'demo' sent to object: 'Object Repository/checkout-step-one/input_Checkout Your Information_firstName'

2023-05-12 17:15:31 - [TEST_STEP][PASSED] - sendKeys(findTestObject("Object Repository/checkout-step-one/input_Checkout Your Information_lastName"), "qa test"): Keys 'qa test' sent to object: 'Object Repository/checkout-step-one/input_Checkout Your Information_lastName'

2023-05-12 17:15:31 - [MESSAGE][PASSED] - Keys 'qa test' sent to object: 'Object Repository/checkout-step-one/input_Checkout Your Information_lastName'

2023-05-12 17:15:31 - [TEST_STEP][PASSED] - sendKeys(findTestObject("Object Repository/checkout-step-one/input_Checkout Your Information_postalCode"), "9000"): Keys '9000' sent to object: 'Object Repository/checkout-step-one/input_Checkout Your Information_postalCode'

2023-05-12 17:15:32 - [MESSAGE][PASSED] - Keys '9000' sent to object: 'Object Repository/checkout-step-one/input_Checkout Your Information_postalCode'

2023-05-12 17:15:32 - [TEST_STEP][PASSED] - click(findTestObject("Object Repository/checkout-step-one/input_continue")): Object: 'Object Repository/checkout-step-one/input_continue' is clicked on

2023-05-12 17:15:32 - [MESSAGE][PASSED] - Object: 'Object Repository/checkout-step-one/input_continue' is clicked on

2023-05-12 17:15:32 - [TEST_STEP][PASSED] - click(findTestObject("Object Repository/finish checkout/button_Finish")): Object: 'Object Repository/finish checkout/button_Finish' is clicked on

2023-05-12 17:15:33 - [MESSAGE][PASSED] - Object: 'Object Repository/finish checkout/button_Finish' is clicked on

2023-05-12 17:15:33 - [TEST_STEP][PASSED] - verifyElementVisible(findTestObject("Object Repository/order-success/h2_Thank you for your order")): Object 'Object Repository/order-success/h2_Thank you for your order' is visible

2023-05-12 17:15:33 - [MESSAGE][PASSED] - Object 'Object Repository/order-success/h2_Thank you for your order' is visible

2023-05-12 17:15:33 - [TEST_STEP][PASSED] - click(findTestObject("Object Repository/NavSideBar/sidebar")): Object: 'Object Repository/NavSideBar/sidebar' is clicked on

2023-05-12 17:15:34 - [MESSAGE][PASSED] - Object: 'Object Repository/NavSideBar/sidebar' is clicked on

2023-05-12 17:15:34 - [TEST_STEP][PASSED] - click(findTestObject("Object Repository/NavSideBar/a_Logout")): Object: 'Object Repository/NavSideBar/a_Logout' is clicked on

2023-05-12 17:15:34 - [MESSAGE][PASSED] - Object: 'Object Repository/NavSideBar/a_Logout' is clicked on

2023-05-12 17:15:34 - [TEST_STEP][PASSED] - verifyElementVisible(findTestObject("Object Repository/Page_Swag Labs/input_Swag Labs_user-name")): Object 'Object Repository/Page_Swag Labs/input_Swag Labs_user-name' is visible

2023-05-12 17:15:35 - [MESSAGE][PASSED] - Object 'Object Repository/Page_Swag Labs/input_Swag Labs_user-name' is visible

2023-05-12 17:15:35 - [TEST_STEP][PASSED] - closeBrowser(): Browser is closed

2023-05-12 17:15:35 - [MESSAGE][PASSED] - Browser is closed]]></system-out>
         <system-err><![CDATA[]]></system-err>
      </testcase>
      <testcase name="Test Cases/test-flow-1-buy-1-product" time="11.915" classname="Test Cases/test-flow-1-buy-1-product" status="PASSED">
         <system-out><![CDATA[2023-05-12 17:15:35 - [TEST_CASE][PASSED] - Test Cases/test-flow-1-buy-1-product: Test Cases/test-flow-1-buy-1-product

2023-05-12 17:15:35 - [TEST_STEP][PASSED] - openBrowser("https://www.saucedemo.com/"): Browser is opened with url: 'https://www.saucedemo.com/'

2023-05-12 17:15:35 - [MESSAGE][INFO] - Starting 'Chrome' driver

2023-05-12 17:15:35 - [MESSAGE][INFO] - Action delay is set to 0 milliseconds

2023-05-12 17:15:38 - [MESSAGE][PASSED] - Browser is opened with url: 'https://www.saucedemo.com/'

2023-05-12 17:15:38 - [TEST_STEP][PASSED] - click(findTestObject("Object Repository/Page_Swag Labs/input_Swag Labs_user-name")): Object: 'Object Repository/Page_Swag Labs/input_Swag Labs_user-name' is clicked on

2023-05-12 17:15:38 - [MESSAGE][PASSED] - Object: 'Object Repository/Page_Swag Labs/input_Swag Labs_user-name' is clicked on

2023-05-12 17:15:38 - [TEST_STEP][PASSED] - sendKeys(findTestObject("Object Repository/Page_Swag Labs/input_Swag Labs_user-name"), "standard_user"): Keys 'standard_user' sent to object: 'Object Repository/Page_Swag Labs/input_Swag Labs_user-name'

2023-05-12 17:15:38 - [MESSAGE][PASSED] - Keys 'standard_user' sent to object: 'Object Repository/Page_Swag Labs/input_Swag Labs_user-name'

2023-05-12 17:15:38 - [TEST_STEP][PASSED] - click(findTestObject("Object Repository/Page_Swag Labs/input_Swag Labs_password")): Object: 'Object Repository/Page_Swag Labs/input_Swag Labs_password' is clicked on

2023-05-12 17:15:39 - [MESSAGE][PASSED] - Object: 'Object Repository/Page_Swag Labs/input_Swag Labs_password' is clicked on

2023-05-12 17:15:39 - [TEST_STEP][PASSED] - sendKeys(findTestObject("Object Repository/Page_Swag Labs/input_Swag Labs_password"), "secret_sauce"): Keys 'secret_sauce' sent to object: 'Object Repository/Page_Swag Labs/input_Swag Labs_password'

2023-05-12 17:15:39 - [MESSAGE][PASSED] - Keys 'secret_sauce' sent to object: 'Object Repository/Page_Swag Labs/input_Swag Labs_password'

2023-05-12 17:15:39 - [TEST_STEP][PASSED] - click(findTestObject("Object Repository/Page_Swag Labs/input_Swag Labs_login-button")): Object: 'Object Repository/Page_Swag Labs/input_Swag Labs_login-button' is clicked on

2023-05-12 17:15:40 - [MESSAGE][PASSED] - Object: 'Object Repository/Page_Swag Labs/input_Swag Labs_login-button' is clicked on

2023-05-12 17:15:40 - [TEST_STEP][PASSED] - click(findTestObject("Object Repository/inventoryPage/Backpack")): Object: 'Object Repository/inventoryPage/Backpack' is clicked on

2023-05-12 17:15:40 - [MESSAGE][PASSED] - Object: 'Object Repository/inventoryPage/Backpack' is clicked on

2023-05-12 17:15:40 - [TEST_STEP][PASSED] - click(findTestObject("Object Repository/inventoryPage/button_Add to cart")): Object: 'Object Repository/inventoryPage/button_Add to cart' is clicked on

2023-05-12 17:15:41 - [MESSAGE][PASSED] - Object: 'Object Repository/inventoryPage/button_Add to cart' is clicked on

2023-05-12 17:15:41 - [TEST_STEP][PASSED] - click(findTestObject("Object Repository/inventoryPage/products_back-image")): Object: 'Object Repository/inventoryPage/products_back-image' is clicked on

2023-05-12 17:15:41 - [MESSAGE][PASSED] - Object: 'Object Repository/inventoryPage/products_back-image' is clicked on

2023-05-12 17:15:41 - [TEST_STEP][PASSED] - click(findTestObject("Object Repository/inventoryPage/cart")): Object: 'Object Repository/inventoryPage/cart' is clicked on

2023-05-12 17:15:42 - [MESSAGE][PASSED] - Object: 'Object Repository/inventoryPage/cart' is clicked on

2023-05-12 17:15:42 - [TEST_STEP][PASSED] - click(findTestObject("Object Repository/CheckoutPage/button_Checkout")): Object: 'Object Repository/CheckoutPage/button_Checkout' is clicked on

2023-05-12 17:15:42 - [MESSAGE][PASSED] - Object: 'Object Repository/CheckoutPage/button_Checkout' is clicked on

2023-05-12 17:15:42 - [TEST_STEP][PASSED] - sendKeys(findTestObject("Object Repository/checkout-step-one/input_Checkout Your Information_firstName"), "demo"): Keys 'demo' sent to object: 'Object Repository/checkout-step-one/input_Checkout Your Information_firstName'

2023-05-12 17:15:43 - [MESSAGE][PASSED] - Keys 'demo' sent to object: 'Object Repository/checkout-step-one/input_Checkout Your Information_firstName'

2023-05-12 17:15:43 - [TEST_STEP][PASSED] - sendKeys(findTestObject("Object Repository/checkout-step-one/input_Checkout Your Information_lastName"), "qa test"): Keys 'qa test' sent to object: 'Object Repository/checkout-step-one/input_Checkout Your Information_lastName'

2023-05-12 17:15:43 - [MESSAGE][PASSED] - Keys 'qa test' sent to object: 'Object Repository/checkout-step-one/input_Checkout Your Information_lastName'

2023-05-12 17:15:43 - [TEST_STEP][PASSED] - sendKeys(findTestObject("Object Repository/checkout-step-one/input_Checkout Your Information_postalCode"), "9000"): Keys '9000' sent to object: 'Object Repository/checkout-step-one/input_Checkout Your Information_postalCode'

2023-05-12 17:15:44 - [MESSAGE][PASSED] - Keys '9000' sent to object: 'Object Repository/checkout-step-one/input_Checkout Your Information_postalCode'

2023-05-12 17:15:44 - [TEST_STEP][PASSED] - click(findTestObject("Object Repository/checkout-step-one/input_continue")): Object: 'Object Repository/checkout-step-one/input_continue' is clicked on

2023-05-12 17:15:44 - [MESSAGE][PASSED] - Object: 'Object Repository/checkout-step-one/input_continue' is clicked on

2023-05-12 17:15:44 - [TEST_STEP][PASSED] - click(findTestObject("Object Repository/finish checkout/button_Finish")): Object: 'Object Repository/finish checkout/button_Finish' is clicked on

2023-05-12 17:15:45 - [MESSAGE][PASSED] - Object: 'Object Repository/finish checkout/button_Finish' is clicked on

2023-05-12 17:15:45 - [TEST_STEP][PASSED] - verifyElementVisible(findTestObject("Object Repository/order-success/h2_Thank you for your order")): Object 'Object Repository/order-success/h2_Thank you for your order' is visible

2023-05-12 17:15:45 - [MESSAGE][PASSED] - Object 'Object Repository/order-success/h2_Thank you for your order' is visible

2023-05-12 17:15:45 - [TEST_STEP][PASSED] - click(findTestObject("Object Repository/NavSideBar/sidebar")): Object: 'Object Repository/NavSideBar/sidebar' is clicked on

2023-05-12 17:15:46 - [MESSAGE][PASSED] - Object: 'Object Repository/NavSideBar/sidebar' is clicked on

2023-05-12 17:15:46 - [TEST_STEP][PASSED] - click(findTestObject("Object Repository/NavSideBar/a_Logout")): Object: 'Object Repository/NavSideBar/a_Logout' is clicked on

2023-05-12 17:15:46 - [MESSAGE][PASSED] - Object: 'Object Repository/NavSideBar/a_Logout' is clicked on

2023-05-12 17:15:46 - [TEST_STEP][PASSED] - verifyElementVisible(findTestObject("Object Repository/Page_Swag Labs/input_Swag Labs_user-name")): Object 'Object Repository/Page_Swag Labs/input_Swag Labs_user-name' is visible

2023-05-12 17:15:47 - [MESSAGE][PASSED] - Object 'Object Repository/Page_Swag Labs/input_Swag Labs_user-name' is visible

2023-05-12 17:15:47 - [TEST_STEP][PASSED] - closeBrowser(): Browser is closed

2023-05-12 17:15:47 - [MESSAGE][PASSED] - Browser is closed]]></system-out>
         <system-err><![CDATA[]]></system-err>
      </testcase>
      <testcase name="Test Cases/test-flow-1-buy-1-product" time="11.795" classname="Test Cases/test-flow-1-buy-1-product" status="PASSED">
         <system-out><![CDATA[2023-05-12 17:15:47 - [TEST_CASE][PASSED] - Test Cases/test-flow-1-buy-1-product: Test Cases/test-flow-1-buy-1-product

2023-05-12 17:15:47 - [TEST_STEP][PASSED] - openBrowser("https://www.saucedemo.com/"): Browser is opened with url: 'https://www.saucedemo.com/'

2023-05-12 17:15:47 - [MESSAGE][INFO] - Starting 'Chrome' driver

2023-05-12 17:15:47 - [MESSAGE][INFO] - Action delay is set to 0 milliseconds

2023-05-12 17:15:50 - [MESSAGE][PASSED] - Browser is opened with url: 'https://www.saucedemo.com/'

2023-05-12 17:15:50 - [TEST_STEP][PASSED] - click(findTestObject("Object Repository/Page_Swag Labs/input_Swag Labs_user-name")): Object: 'Object Repository/Page_Swag Labs/input_Swag Labs_user-name' is clicked on

2023-05-12 17:15:50 - [MESSAGE][PASSED] - Object: 'Object Repository/Page_Swag Labs/input_Swag Labs_user-name' is clicked on

2023-05-12 17:15:50 - [TEST_STEP][PASSED] - sendKeys(findTestObject("Object Repository/Page_Swag Labs/input_Swag Labs_user-name"), "standard_user"): Keys 'standard_user' sent to object: 'Object Repository/Page_Swag Labs/input_Swag Labs_user-name'

2023-05-12 17:15:50 - [MESSAGE][PASSED] - Keys 'standard_user' sent to object: 'Object Repository/Page_Swag Labs/input_Swag Labs_user-name'

2023-05-12 17:15:50 - [TEST_STEP][PASSED] - click(findTestObject("Object Repository/Page_Swag Labs/input_Swag Labs_password")): Object: 'Object Repository/Page_Swag Labs/input_Swag Labs_password' is clicked on

2023-05-12 17:15:51 - [MESSAGE][PASSED] - Object: 'Object Repository/Page_Swag Labs/input_Swag Labs_password' is clicked on

2023-05-12 17:15:51 - [TEST_STEP][PASSED] - sendKeys(findTestObject("Object Repository/Page_Swag Labs/input_Swag Labs_password"), "secret_sauce"): Keys 'secret_sauce' sent to object: 'Object Repository/Page_Swag Labs/input_Swag Labs_password'

2023-05-12 17:15:51 - [MESSAGE][PASSED] - Keys 'secret_sauce' sent to object: 'Object Repository/Page_Swag Labs/input_Swag Labs_password'

2023-05-12 17:15:51 - [TEST_STEP][PASSED] - click(findTestObject("Object Repository/Page_Swag Labs/input_Swag Labs_login-button")): Object: 'Object Repository/Page_Swag Labs/input_Swag Labs_login-button' is clicked on

2023-05-12 17:15:52 - [MESSAGE][PASSED] - Object: 'Object Repository/Page_Swag Labs/input_Swag Labs_login-button' is clicked on

2023-05-12 17:15:52 - [TEST_STEP][PASSED] - click(findTestObject("Object Repository/inventoryPage/Backpack")): Object: 'Object Repository/inventoryPage/Backpack' is clicked on

2023-05-12 17:15:52 - [MESSAGE][PASSED] - Object: 'Object Repository/inventoryPage/Backpack' is clicked on

2023-05-12 17:15:52 - [TEST_STEP][PASSED] - click(findTestObject("Object Repository/inventoryPage/button_Add to cart")): Object: 'Object Repository/inventoryPage/button_Add to cart' is clicked on

2023-05-12 17:15:53 - [MESSAGE][PASSED] - Object: 'Object Repository/inventoryPage/button_Add to cart' is clicked on

2023-05-12 17:15:53 - [TEST_STEP][PASSED] - click(findTestObject("Object Repository/inventoryPage/products_back-image")): Object: 'Object Repository/inventoryPage/products_back-image' is clicked on

2023-05-12 17:15:53 - [MESSAGE][PASSED] - Object: 'Object Repository/inventoryPage/products_back-image' is clicked on

2023-05-12 17:15:53 - [TEST_STEP][PASSED] - click(findTestObject("Object Repository/inventoryPage/cart")): Object: 'Object Repository/inventoryPage/cart' is clicked on

2023-05-12 17:15:54 - [MESSAGE][PASSED] - Object: 'Object Repository/inventoryPage/cart' is clicked on

2023-05-12 17:15:54 - [TEST_STEP][PASSED] - click(findTestObject("Object Repository/CheckoutPage/button_Checkout")): Object: 'Object Repository/CheckoutPage/button_Checkout' is clicked on

2023-05-12 17:15:54 - [MESSAGE][PASSED] - Object: 'Object Repository/CheckoutPage/button_Checkout' is clicked on

2023-05-12 17:15:54 - [TEST_STEP][PASSED] - sendKeys(findTestObject("Object Repository/checkout-step-one/input_Checkout Your Information_firstName"), "demo"): Keys 'demo' sent to object: 'Object Repository/checkout-step-one/input_Checkout Your Information_firstName'

2023-05-12 17:15:55 - [MESSAGE][PASSED] - Keys 'demo' sent to object: 'Object Repository/checkout-step-one/input_Checkout Your Information_firstName'

2023-05-12 17:15:55 - [TEST_STEP][PASSED] - sendKeys(findTestObject("Object Repository/checkout-step-one/input_Checkout Your Information_lastName"), "qa test"): Keys 'qa test' sent to object: 'Object Repository/checkout-step-one/input_Checkout Your Information_lastName'

2023-05-12 17:15:55 - [MESSAGE][PASSED] - Keys 'qa test' sent to object: 'Object Repository/checkout-step-one/input_Checkout Your Information_lastName'

2023-05-12 17:15:55 - [TEST_STEP][PASSED] - sendKeys(findTestObject("Object Repository/checkout-step-one/input_Checkout Your Information_postalCode"), "9000"): Keys '9000' sent to object: 'Object Repository/checkout-step-one/input_Checkout Your Information_postalCode'

2023-05-12 17:15:55 - [MESSAGE][PASSED] - Keys '9000' sent to object: 'Object Repository/checkout-step-one/input_Checkout Your Information_postalCode'

2023-05-12 17:15:55 - [TEST_STEP][PASSED] - click(findTestObject("Object Repository/checkout-step-one/input_continue")): Object: 'Object Repository/checkout-step-one/input_continue' is clicked on

2023-05-12 17:15:56 - [MESSAGE][PASSED] - Object: 'Object Repository/checkout-step-one/input_continue' is clicked on

2023-05-12 17:15:56 - [TEST_STEP][PASSED] - click(findTestObject("Object Repository/finish checkout/button_Finish")): Object: 'Object Repository/finish checkout/button_Finish' is clicked on

2023-05-12 17:15:56 - [MESSAGE][PASSED] - Object: 'Object Repository/finish checkout/button_Finish' is clicked on

2023-05-12 17:15:56 - [TEST_STEP][PASSED] - verifyElementVisible(findTestObject("Object Repository/order-success/h2_Thank you for your order")): Object 'Object Repository/order-success/h2_Thank you for your order' is visible

2023-05-12 17:15:57 - [MESSAGE][PASSED] - Object 'Object Repository/order-success/h2_Thank you for your order' is visible

2023-05-12 17:15:57 - [TEST_STEP][PASSED] - click(findTestObject("Object Repository/NavSideBar/sidebar")): Object: 'Object Repository/NavSideBar/sidebar' is clicked on

2023-05-12 17:15:57 - [MESSAGE][PASSED] - Object: 'Object Repository/NavSideBar/sidebar' is clicked on

2023-05-12 17:15:57 - [TEST_STEP][PASSED] - click(findTestObject("Object Repository/NavSideBar/a_Logout")): Object: 'Object Repository/NavSideBar/a_Logout' is clicked on

2023-05-12 17:15:58 - [MESSAGE][PASSED] - Object: 'Object Repository/NavSideBar/a_Logout' is clicked on

2023-05-12 17:15:58 - [TEST_STEP][PASSED] - verifyElementVisible(findTestObject("Object Repository/Page_Swag Labs/input_Swag Labs_user-name")): Object 'Object Repository/Page_Swag Labs/input_Swag Labs_user-name' is visible

2023-05-12 17:15:58 - [MESSAGE][PASSED] - Object 'Object Repository/Page_Swag Labs/input_Swag Labs_user-name' is visible

2023-05-12 17:15:58 - [TEST_STEP][PASSED] - closeBrowser(): Browser is closed

2023-05-12 17:15:59 - [MESSAGE][PASSED] - Browser is closed]]></system-out>
         <system-err><![CDATA[]]></system-err>
      </testcase>
      <testcase name="Test Cases/test-flow-1-buy-1-product" time="11.762" classname="Test Cases/test-flow-1-buy-1-product" status="PASSED">
         <system-out><![CDATA[2023-05-12 17:15:59 - [TEST_CASE][PASSED] - Test Cases/test-flow-1-buy-1-product: Test Cases/test-flow-1-buy-1-product

2023-05-12 17:15:59 - [TEST_STEP][PASSED] - openBrowser("https://www.saucedemo.com/"): Browser is opened with url: 'https://www.saucedemo.com/'

2023-05-12 17:15:59 - [MESSAGE][INFO] - Starting 'Chrome' driver

2023-05-12 17:15:59 - [MESSAGE][INFO] - Action delay is set to 0 milliseconds

2023-05-12 17:16:01 - [MESSAGE][PASSED] - Browser is opened with url: 'https://www.saucedemo.com/'

2023-05-12 17:16:01 - [TEST_STEP][PASSED] - click(findTestObject("Object Repository/Page_Swag Labs/input_Swag Labs_user-name")): Object: 'Object Repository/Page_Swag Labs/input_Swag Labs_user-name' is clicked on

2023-05-12 17:16:02 - [MESSAGE][PASSED] - Object: 'Object Repository/Page_Swag Labs/input_Swag Labs_user-name' is clicked on

2023-05-12 17:16:02 - [TEST_STEP][PASSED] - sendKeys(findTestObject("Object Repository/Page_Swag Labs/input_Swag Labs_user-name"), "standard_user"): Keys 'standard_user' sent to object: 'Object Repository/Page_Swag Labs/input_Swag Labs_user-name'

2023-05-12 17:16:02 - [MESSAGE][PASSED] - Keys 'standard_user' sent to object: 'Object Repository/Page_Swag Labs/input_Swag Labs_user-name'

2023-05-12 17:16:02 - [TEST_STEP][PASSED] - click(findTestObject("Object Repository/Page_Swag Labs/input_Swag Labs_password")): Object: 'Object Repository/Page_Swag Labs/input_Swag Labs_password' is clicked on

2023-05-12 17:16:03 - [MESSAGE][PASSED] - Object: 'Object Repository/Page_Swag Labs/input_Swag Labs_password' is clicked on

2023-05-12 17:16:03 - [TEST_STEP][PASSED] - sendKeys(findTestObject("Object Repository/Page_Swag Labs/input_Swag Labs_password"), "secret_sauce"): Keys 'secret_sauce' sent to object: 'Object Repository/Page_Swag Labs/input_Swag Labs_password'

2023-05-12 17:16:03 - [MESSAGE][PASSED] - Keys 'secret_sauce' sent to object: 'Object Repository/Page_Swag Labs/input_Swag Labs_password'

2023-05-12 17:16:03 - [TEST_STEP][PASSED] - click(findTestObject("Object Repository/Page_Swag Labs/input_Swag Labs_login-button")): Object: 'Object Repository/Page_Swag Labs/input_Swag Labs_login-button' is clicked on

2023-05-12 17:16:03 - [MESSAGE][PASSED] - Object: 'Object Repository/Page_Swag Labs/input_Swag Labs_login-button' is clicked on

2023-05-12 17:16:03 - [TEST_STEP][PASSED] - click(findTestObject("Object Repository/inventoryPage/Backpack")): Object: 'Object Repository/inventoryPage/Backpack' is clicked on

2023-05-12 17:16:04 - [MESSAGE][PASSED] - Object: 'Object Repository/inventoryPage/Backpack' is clicked on

2023-05-12 17:16:04 - [TEST_STEP][PASSED] - click(findTestObject("Object Repository/inventoryPage/button_Add to cart")): Object: 'Object Repository/inventoryPage/button_Add to cart' is clicked on

2023-05-12 17:16:04 - [MESSAGE][PASSED] - Object: 'Object Repository/inventoryPage/button_Add to cart' is clicked on

2023-05-12 17:16:04 - [TEST_STEP][PASSED] - click(findTestObject("Object Repository/inventoryPage/products_back-image")): Object: 'Object Repository/inventoryPage/products_back-image' is clicked on

2023-05-12 17:16:05 - [MESSAGE][PASSED] - Object: 'Object Repository/inventoryPage/products_back-image' is clicked on

2023-05-12 17:16:05 - [TEST_STEP][PASSED] - click(findTestObject("Object Repository/inventoryPage/cart")): Object: 'Object Repository/inventoryPage/cart' is clicked on

2023-05-12 17:16:05 - [MESSAGE][PASSED] - Object: 'Object Repository/inventoryPage/cart' is clicked on

2023-05-12 17:16:05 - [TEST_STEP][PASSED] - click(findTestObject("Object Repository/CheckoutPage/button_Checkout")): Object: 'Object Repository/CheckoutPage/button_Checkout' is clicked on

2023-05-12 17:16:06 - [MESSAGE][PASSED] - Object: 'Object Repository/CheckoutPage/button_Checkout' is clicked on

2023-05-12 17:16:06 - [TEST_STEP][PASSED] - sendKeys(findTestObject("Object Repository/checkout-step-one/input_Checkout Your Information_firstName"), "demo"): Keys 'demo' sent to object: 'Object Repository/checkout-step-one/input_Checkout Your Information_firstName'

2023-05-12 17:16:06 - [MESSAGE][PASSED] - Keys 'demo' sent to object: 'Object Repository/checkout-step-one/input_Checkout Your Information_firstName'

2023-05-12 17:16:06 - [TEST_STEP][PASSED] - sendKeys(findTestObject("Object Repository/checkout-step-one/input_Checkout Your Information_lastName"), "qa test"): Keys 'qa test' sent to object: 'Object Repository/checkout-step-one/input_Checkout Your Information_lastName'

2023-05-12 17:16:07 - [MESSAGE][PASSED] - Keys 'qa test' sent to object: 'Object Repository/checkout-step-one/input_Checkout Your Information_lastName'

2023-05-12 17:16:07 - [TEST_STEP][PASSED] - sendKeys(findTestObject("Object Repository/checkout-step-one/input_Checkout Your Information_postalCode"), "9000"): Keys '9000' sent to object: 'Object Repository/checkout-step-one/input_Checkout Your Information_postalCode'

2023-05-12 17:16:07 - [MESSAGE][PASSED] - Keys '9000' sent to object: 'Object Repository/checkout-step-one/input_Checkout Your Information_postalCode'

2023-05-12 17:16:07 - [TEST_STEP][PASSED] - click(findTestObject("Object Repository/checkout-step-one/input_continue")): Object: 'Object Repository/checkout-step-one/input_continue' is clicked on

2023-05-12 17:16:08 - [MESSAGE][PASSED] - Object: 'Object Repository/checkout-step-one/input_continue' is clicked on

2023-05-12 17:16:08 - [TEST_STEP][PASSED] - click(findTestObject("Object Repository/finish checkout/button_Finish")): Object: 'Object Repository/finish checkout/button_Finish' is clicked on

2023-05-12 17:16:08 - [MESSAGE][PASSED] - Object: 'Object Repository/finish checkout/button_Finish' is clicked on

2023-05-12 17:16:08 - [TEST_STEP][PASSED] - verifyElementVisible(findTestObject("Object Repository/order-success/h2_Thank you for your order")): Object 'Object Repository/order-success/h2_Thank you for your order' is visible

2023-05-12 17:16:09 - [MESSAGE][PASSED] - Object 'Object Repository/order-success/h2_Thank you for your order' is visible

2023-05-12 17:16:09 - [TEST_STEP][PASSED] - click(findTestObject("Object Repository/NavSideBar/sidebar")): Object: 'Object Repository/NavSideBar/sidebar' is clicked on

2023-05-12 17:16:09 - [MESSAGE][PASSED] - Object: 'Object Repository/NavSideBar/sidebar' is clicked on

2023-05-12 17:16:09 - [TEST_STEP][PASSED] - click(findTestObject("Object Repository/NavSideBar/a_Logout")): Object: 'Object Repository/NavSideBar/a_Logout' is clicked on

2023-05-12 17:16:10 - [MESSAGE][PASSED] - Object: 'Object Repository/NavSideBar/a_Logout' is clicked on

2023-05-12 17:16:10 - [TEST_STEP][PASSED] - verifyElementVisible(findTestObject("Object Repository/Page_Swag Labs/input_Swag Labs_user-name")): Object 'Object Repository/Page_Swag Labs/input_Swag Labs_user-name' is visible

2023-05-12 17:16:10 - [MESSAGE][PASSED] - Object 'Object Repository/Page_Swag Labs/input_Swag Labs_user-name' is visible

2023-05-12 17:16:10 - [TEST_STEP][PASSED] - closeBrowser(): Browser is closed

2023-05-12 17:16:11 - [MESSAGE][PASSED] - Browser is closed]]></system-out>
         <system-err><![CDATA[]]></system-err>
      </testcase>
      <testcase name="Test Cases/test-flow-1-buy-1-product" time="11.331" classname="Test Cases/test-flow-1-buy-1-product" status="PASSED">
         <system-out><![CDATA[2023-05-12 17:16:11 - [TEST_CASE][PASSED] - Test Cases/test-flow-1-buy-1-product: Test Cases/test-flow-1-buy-1-product

2023-05-12 17:16:11 - [TEST_STEP][PASSED] - openBrowser("https://www.saucedemo.com/"): Browser is opened with url: 'https://www.saucedemo.com/'

2023-05-12 17:16:11 - [MESSAGE][INFO] - Starting 'Chrome' driver

2023-05-12 17:16:11 - [MESSAGE][INFO] - Action delay is set to 0 milliseconds

2023-05-12 17:16:13 - [MESSAGE][PASSED] - Browser is opened with url: 'https://www.saucedemo.com/'

2023-05-12 17:16:13 - [TEST_STEP][PASSED] - click(findTestObject("Object Repository/Page_Swag Labs/input_Swag Labs_user-name")): Object: 'Object Repository/Page_Swag Labs/input_Swag Labs_user-name' is clicked on

2023-05-12 17:16:13 - [MESSAGE][PASSED] - Object: 'Object Repository/Page_Swag Labs/input_Swag Labs_user-name' is clicked on

2023-05-12 17:16:13 - [TEST_STEP][PASSED] - sendKeys(findTestObject("Object Repository/Page_Swag Labs/input_Swag Labs_user-name"), "standard_user"): Keys 'standard_user' sent to object: 'Object Repository/Page_Swag Labs/input_Swag Labs_user-name'

2023-05-12 17:16:14 - [MESSAGE][PASSED] - Keys 'standard_user' sent to object: 'Object Repository/Page_Swag Labs/input_Swag Labs_user-name'

2023-05-12 17:16:14 - [TEST_STEP][PASSED] - click(findTestObject("Object Repository/Page_Swag Labs/input_Swag Labs_password")): Object: 'Object Repository/Page_Swag Labs/input_Swag Labs_password' is clicked on

2023-05-12 17:16:14 - [MESSAGE][PASSED] - Object: 'Object Repository/Page_Swag Labs/input_Swag Labs_password' is clicked on

2023-05-12 17:16:14 - [TEST_STEP][PASSED] - sendKeys(findTestObject("Object Repository/Page_Swag Labs/input_Swag Labs_password"), "secret_sauce"): Keys 'secret_sauce' sent to object: 'Object Repository/Page_Swag Labs/input_Swag Labs_password'

2023-05-12 17:16:14 - [MESSAGE][PASSED] - Keys 'secret_sauce' sent to object: 'Object Repository/Page_Swag Labs/input_Swag Labs_password'

2023-05-12 17:16:14 - [TEST_STEP][PASSED] - click(findTestObject("Object Repository/Page_Swag Labs/input_Swag Labs_login-button")): Object: 'Object Repository/Page_Swag Labs/input_Swag Labs_login-button' is clicked on

2023-05-12 17:16:15 - [MESSAGE][PASSED] - Object: 'Object Repository/Page_Swag Labs/input_Swag Labs_login-button' is clicked on

2023-05-12 17:16:15 - [TEST_STEP][PASSED] - click(findTestObject("Object Repository/inventoryPage/Backpack")): Object: 'Object Repository/inventoryPage/Backpack' is clicked on

2023-05-12 17:16:15 - [MESSAGE][PASSED] - Object: 'Object Repository/inventoryPage/Backpack' is clicked on

2023-05-12 17:16:15 - [TEST_STEP][PASSED] - click(findTestObject("Object Repository/inventoryPage/button_Add to cart")): Object: 'Object Repository/inventoryPage/button_Add to cart' is clicked on

2023-05-12 17:16:16 - [MESSAGE][PASSED] - Object: 'Object Repository/inventoryPage/button_Add to cart' is clicked on

2023-05-12 17:16:16 - [TEST_STEP][PASSED] - click(findTestObject("Object Repository/inventoryPage/products_back-image")): Object: 'Object Repository/inventoryPage/products_back-image' is clicked on

2023-05-12 17:16:16 - [MESSAGE][PASSED] - Object: 'Object Repository/inventoryPage/products_back-image' is clicked on

2023-05-12 17:16:16 - [TEST_STEP][PASSED] - click(findTestObject("Object Repository/inventoryPage/cart")): Object: 'Object Repository/inventoryPage/cart' is clicked on

2023-05-12 17:16:17 - [MESSAGE][PASSED] - Object: 'Object Repository/inventoryPage/cart' is clicked on

2023-05-12 17:16:17 - [TEST_STEP][PASSED] - click(findTestObject("Object Repository/CheckoutPage/button_Checkout")): Object: 'Object Repository/CheckoutPage/button_Checkout' is clicked on

2023-05-12 17:16:17 - [MESSAGE][PASSED] - Object: 'Object Repository/CheckoutPage/button_Checkout' is clicked on

2023-05-12 17:16:17 - [TEST_STEP][PASSED] - sendKeys(findTestObject("Object Repository/checkout-step-one/input_Checkout Your Information_firstName"), "demo"): Keys 'demo' sent to object: 'Object Repository/checkout-step-one/input_Checkout Your Information_firstName'

2023-05-12 17:16:18 - [MESSAGE][PASSED] - Keys 'demo' sent to object: 'Object Repository/checkout-step-one/input_Checkout Your Information_firstName'

2023-05-12 17:16:18 - [TEST_STEP][PASSED] - sendKeys(findTestObject("Object Repository/checkout-step-one/input_Checkout Your Information_lastName"), "qa test"): Keys 'qa test' sent to object: 'Object Repository/checkout-step-one/input_Checkout Your Information_lastName'

2023-05-12 17:16:18 - [MESSAGE][PASSED] - Keys 'qa test' sent to object: 'Object Repository/checkout-step-one/input_Checkout Your Information_lastName'

2023-05-12 17:16:18 - [TEST_STEP][PASSED] - sendKeys(findTestObject("Object Repository/checkout-step-one/input_Checkout Your Information_postalCode"), "9000"): Keys '9000' sent to object: 'Object Repository/checkout-step-one/input_Checkout Your Information_postalCode'

2023-05-12 17:16:19 - [MESSAGE][PASSED] - Keys '9000' sent to object: 'Object Repository/checkout-step-one/input_Checkout Your Information_postalCode'

2023-05-12 17:16:19 - [TEST_STEP][PASSED] - click(findTestObject("Object Repository/checkout-step-one/input_continue")): Object: 'Object Repository/checkout-step-one/input_continue' is clicked on

2023-05-12 17:16:19 - [MESSAGE][PASSED] - Object: 'Object Repository/checkout-step-one/input_continue' is clicked on

2023-05-12 17:16:19 - [TEST_STEP][PASSED] - click(findTestObject("Object Repository/finish checkout/button_Finish")): Object: 'Object Repository/finish checkout/button_Finish' is clicked on

2023-05-12 17:16:20 - [MESSAGE][PASSED] - Object: 'Object Repository/finish checkout/button_Finish' is clicked on

2023-05-12 17:16:20 - [TEST_STEP][PASSED] - verifyElementVisible(findTestObject("Object Repository/order-success/h2_Thank you for your order")): Object 'Object Repository/order-success/h2_Thank you for your order' is visible

2023-05-12 17:16:20 - [MESSAGE][PASSED] - Object 'Object Repository/order-success/h2_Thank you for your order' is visible

2023-05-12 17:16:20 - [TEST_STEP][PASSED] - click(findTestObject("Object Repository/NavSideBar/sidebar")): Object: 'Object Repository/NavSideBar/sidebar' is clicked on

2023-05-12 17:16:21 - [MESSAGE][PASSED] - Object: 'Object Repository/NavSideBar/sidebar' is clicked on

2023-05-12 17:16:21 - [TEST_STEP][PASSED] - click(findTestObject("Object Repository/NavSideBar/a_Logout")): Object: 'Object Repository/NavSideBar/a_Logout' is clicked on

2023-05-12 17:16:21 - [MESSAGE][PASSED] - Object: 'Object Repository/NavSideBar/a_Logout' is clicked on

2023-05-12 17:16:21 - [TEST_STEP][PASSED] - verifyElementVisible(findTestObject("Object Repository/Page_Swag Labs/input_Swag Labs_user-name")): Object 'Object Repository/Page_Swag Labs/input_Swag Labs_user-name' is visible

2023-05-12 17:16:21 - [MESSAGE][PASSED] - Object 'Object Repository/Page_Swag Labs/input_Swag Labs_user-name' is visible

2023-05-12 17:16:21 - [TEST_STEP][PASSED] - closeBrowser(): Browser is closed

2023-05-12 17:16:22 - [MESSAGE][PASSED] - Browser is closed]]></system-out>
         <system-err><![CDATA[]]></system-err>
      </testcase>
      <testcase name="Test Cases/test-flow-1-buy-1-product" time="11.354" classname="Test Cases/test-flow-1-buy-1-product" status="PASSED">
         <system-out><![CDATA[2023-05-12 17:16:22 - [TEST_CASE][PASSED] - Test Cases/test-flow-1-buy-1-product: Test Cases/test-flow-1-buy-1-product

2023-05-12 17:16:22 - [TEST_STEP][PASSED] - openBrowser("https://www.saucedemo.com/"): Browser is opened with url: 'https://www.saucedemo.com/'

2023-05-12 17:16:22 - [MESSAGE][INFO] - Starting 'Chrome' driver

2023-05-12 17:16:22 - [MESSAGE][INFO] - Action delay is set to 0 milliseconds

2023-05-12 17:16:24 - [MESSAGE][PASSED] - Browser is opened with url: 'https://www.saucedemo.com/'

2023-05-12 17:16:24 - [TEST_STEP][PASSED] - click(findTestObject("Object Repository/Page_Swag Labs/input_Swag Labs_user-name")): Object: 'Object Repository/Page_Swag Labs/input_Swag Labs_user-name' is clicked on

2023-05-12 17:16:25 - [MESSAGE][PASSED] - Object: 'Object Repository/Page_Swag Labs/input_Swag Labs_user-name' is clicked on

2023-05-12 17:16:25 - [TEST_STEP][PASSED] - sendKeys(findTestObject("Object Repository/Page_Swag Labs/input_Swag Labs_user-name"), "standard_user"): Keys 'standard_user' sent to object: 'Object Repository/Page_Swag Labs/input_Swag Labs_user-name'

2023-05-12 17:16:25 - [MESSAGE][PASSED] - Keys 'standard_user' sent to object: 'Object Repository/Page_Swag Labs/input_Swag Labs_user-name'

2023-05-12 17:16:25 - [TEST_STEP][PASSED] - click(findTestObject("Object Repository/Page_Swag Labs/input_Swag Labs_password")): Object: 'Object Repository/Page_Swag Labs/input_Swag Labs_password' is clicked on

2023-05-12 17:16:25 - [MESSAGE][PASSED] - Object: 'Object Repository/Page_Swag Labs/input_Swag Labs_password' is clicked on

2023-05-12 17:16:25 - [TEST_STEP][PASSED] - sendKeys(findTestObject("Object Repository/Page_Swag Labs/input_Swag Labs_password"), "secret_sauce"): Keys 'secret_sauce' sent to object: 'Object Repository/Page_Swag Labs/input_Swag Labs_password'

2023-05-12 17:16:26 - [MESSAGE][PASSED] - Keys 'secret_sauce' sent to object: 'Object Repository/Page_Swag Labs/input_Swag Labs_password'

2023-05-12 17:16:26 - [TEST_STEP][PASSED] - click(findTestObject("Object Repository/Page_Swag Labs/input_Swag Labs_login-button")): Object: 'Object Repository/Page_Swag Labs/input_Swag Labs_login-button' is clicked on

2023-05-12 17:16:26 - [MESSAGE][PASSED] - Object: 'Object Repository/Page_Swag Labs/input_Swag Labs_login-button' is clicked on

2023-05-12 17:16:26 - [TEST_STEP][PASSED] - click(findTestObject("Object Repository/inventoryPage/Backpack")): Object: 'Object Repository/inventoryPage/Backpack' is clicked on

2023-05-12 17:16:27 - [MESSAGE][PASSED] - Object: 'Object Repository/inventoryPage/Backpack' is clicked on

2023-05-12 17:16:27 - [TEST_STEP][PASSED] - click(findTestObject("Object Repository/inventoryPage/button_Add to cart")): Object: 'Object Repository/inventoryPage/button_Add to cart' is clicked on

2023-05-12 17:16:27 - [MESSAGE][PASSED] - Object: 'Object Repository/inventoryPage/button_Add to cart' is clicked on

2023-05-12 17:16:27 - [TEST_STEP][PASSED] - click(findTestObject("Object Repository/inventoryPage/products_back-image")): Object: 'Object Repository/inventoryPage/products_back-image' is clicked on

2023-05-12 17:16:28 - [MESSAGE][PASSED] - Object: 'Object Repository/inventoryPage/products_back-image' is clicked on

2023-05-12 17:16:28 - [TEST_STEP][PASSED] - click(findTestObject("Object Repository/inventoryPage/cart")): Object: 'Object Repository/inventoryPage/cart' is clicked on

2023-05-12 17:16:28 - [MESSAGE][PASSED] - Object: 'Object Repository/inventoryPage/cart' is clicked on

2023-05-12 17:16:28 - [TEST_STEP][PASSED] - click(findTestObject("Object Repository/CheckoutPage/button_Checkout")): Object: 'Object Repository/CheckoutPage/button_Checkout' is clicked on

2023-05-12 17:16:29 - [MESSAGE][PASSED] - Object: 'Object Repository/CheckoutPage/button_Checkout' is clicked on

2023-05-12 17:16:29 - [TEST_STEP][PASSED] - sendKeys(findTestObject("Object Repository/checkout-step-one/input_Checkout Your Information_firstName"), "demo"): Keys 'demo' sent to object: 'Object Repository/checkout-step-one/input_Checkout Your Information_firstName'

2023-05-12 17:16:29 - [MESSAGE][PASSED] - Keys 'demo' sent to object: 'Object Repository/checkout-step-one/input_Checkout Your Information_firstName'

2023-05-12 17:16:29 - [TEST_STEP][PASSED] - sendKeys(findTestObject("Object Repository/checkout-step-one/input_Checkout Your Information_lastName"), "qa test"): Keys 'qa test' sent to object: 'Object Repository/checkout-step-one/input_Checkout Your Information_lastName'

2023-05-12 17:16:30 - [MESSAGE][PASSED] - Keys 'qa test' sent to object: 'Object Repository/checkout-step-one/input_Checkout Your Information_lastName'

2023-05-12 17:16:30 - [TEST_STEP][PASSED] - sendKeys(findTestObject("Object Repository/checkout-step-one/input_Checkout Your Information_postalCode"), "9000"): Keys '9000' sent to object: 'Object Repository/checkout-step-one/input_Checkout Your Information_postalCode'

2023-05-12 17:16:30 - [MESSAGE][PASSED] - Keys '9000' sent to object: 'Object Repository/checkout-step-one/input_Checkout Your Information_postalCode'

2023-05-12 17:16:30 - [TEST_STEP][PASSED] - click(findTestObject("Object Repository/checkout-step-one/input_continue")): Object: 'Object Repository/checkout-step-one/input_continue' is clicked on

2023-05-12 17:16:31 - [MESSAGE][PASSED] - Object: 'Object Repository/checkout-step-one/input_continue' is clicked on

2023-05-12 17:16:31 - [TEST_STEP][PASSED] - click(findTestObject("Object Repository/finish checkout/button_Finish")): Object: 'Object Repository/finish checkout/button_Finish' is clicked on

2023-05-12 17:16:31 - [MESSAGE][PASSED] - Object: 'Object Repository/finish checkout/button_Finish' is clicked on

2023-05-12 17:16:31 - [TEST_STEP][PASSED] - verifyElementVisible(findTestObject("Object Repository/order-success/h2_Thank you for your order")): Object 'Object Repository/order-success/h2_Thank you for your order' is visible

2023-05-12 17:16:32 - [MESSAGE][PASSED] - Object 'Object Repository/order-success/h2_Thank you for your order' is visible

2023-05-12 17:16:32 - [TEST_STEP][PASSED] - click(findTestObject("Object Repository/NavSideBar/sidebar")): Object: 'Object Repository/NavSideBar/sidebar' is clicked on

2023-05-12 17:16:32 - [MESSAGE][PASSED] - Object: 'Object Repository/NavSideBar/sidebar' is clicked on

2023-05-12 17:16:32 - [TEST_STEP][PASSED] - click(findTestObject("Object Repository/NavSideBar/a_Logout")): Object: 'Object Repository/NavSideBar/a_Logout' is clicked on

2023-05-12 17:16:32 - [MESSAGE][PASSED] - Object: 'Object Repository/NavSideBar/a_Logout' is clicked on

2023-05-12 17:16:32 - [TEST_STEP][PASSED] - verifyElementVisible(findTestObject("Object Repository/Page_Swag Labs/input_Swag Labs_user-name")): Object 'Object Repository/Page_Swag Labs/input_Swag Labs_user-name' is visible

2023-05-12 17:16:33 - [MESSAGE][PASSED] - Object 'Object Repository/Page_Swag Labs/input_Swag Labs_user-name' is visible

2023-05-12 17:16:33 - [TEST_STEP][PASSED] - closeBrowser(): Browser is closed

2023-05-12 17:16:34 - [MESSAGE][PASSED] - Browser is closed]]></system-out>
         <system-err><![CDATA[]]></system-err>
      </testcase>
      <testcase name="Test Cases/test-flow-1-buy-1-product" time="11.146" classname="Test Cases/test-flow-1-buy-1-product" status="PASSED">
         <system-out><![CDATA[2023-05-12 17:16:34 - [TEST_CASE][PASSED] - Test Cases/test-flow-1-buy-1-product: Test Cases/test-flow-1-buy-1-product

2023-05-12 17:16:34 - [TEST_STEP][PASSED] - openBrowser("https://www.saucedemo.com/"): Browser is opened with url: 'https://www.saucedemo.com/'

2023-05-12 17:16:34 - [MESSAGE][INFO] - Starting 'Chrome' driver

2023-05-12 17:16:34 - [MESSAGE][INFO] - Action delay is set to 0 milliseconds

2023-05-12 17:16:36 - [MESSAGE][PASSED] - Browser is opened with url: 'https://www.saucedemo.com/'

2023-05-12 17:16:36 - [TEST_STEP][PASSED] - click(findTestObject("Object Repository/Page_Swag Labs/input_Swag Labs_user-name")): Object: 'Object Repository/Page_Swag Labs/input_Swag Labs_user-name' is clicked on

2023-05-12 17:16:36 - [MESSAGE][PASSED] - Object: 'Object Repository/Page_Swag Labs/input_Swag Labs_user-name' is clicked on

2023-05-12 17:16:36 - [TEST_STEP][PASSED] - sendKeys(findTestObject("Object Repository/Page_Swag Labs/input_Swag Labs_user-name"), "standard_user"): Keys 'standard_user' sent to object: 'Object Repository/Page_Swag Labs/input_Swag Labs_user-name'

2023-05-12 17:16:36 - [MESSAGE][PASSED] - Keys 'standard_user' sent to object: 'Object Repository/Page_Swag Labs/input_Swag Labs_user-name'

2023-05-12 17:16:36 - [TEST_STEP][PASSED] - click(findTestObject("Object Repository/Page_Swag Labs/input_Swag Labs_password")): Object: 'Object Repository/Page_Swag Labs/input_Swag Labs_password' is clicked on

2023-05-12 17:16:37 - [MESSAGE][PASSED] - Object: 'Object Repository/Page_Swag Labs/input_Swag Labs_password' is clicked on

2023-05-12 17:16:37 - [TEST_STEP][PASSED] - sendKeys(findTestObject("Object Repository/Page_Swag Labs/input_Swag Labs_password"), "secret_sauce"): Keys 'secret_sauce' sent to object: 'Object Repository/Page_Swag Labs/input_Swag Labs_password'

2023-05-12 17:16:37 - [MESSAGE][PASSED] - Keys 'secret_sauce' sent to object: 'Object Repository/Page_Swag Labs/input_Swag Labs_password'

2023-05-12 17:16:37 - [TEST_STEP][PASSED] - click(findTestObject("Object Repository/Page_Swag Labs/input_Swag Labs_login-button")): Object: 'Object Repository/Page_Swag Labs/input_Swag Labs_login-button' is clicked on

2023-05-12 17:16:37 - [MESSAGE][PASSED] - Object: 'Object Repository/Page_Swag Labs/input_Swag Labs_login-button' is clicked on

2023-05-12 17:16:37 - [TEST_STEP][PASSED] - click(findTestObject("Object Repository/inventoryPage/Backpack")): Object: 'Object Repository/inventoryPage/Backpack' is clicked on

2023-05-12 17:16:38 - [MESSAGE][PASSED] - Object: 'Object Repository/inventoryPage/Backpack' is clicked on

2023-05-12 17:16:38 - [TEST_STEP][PASSED] - click(findTestObject("Object Repository/inventoryPage/button_Add to cart")): Object: 'Object Repository/inventoryPage/button_Add to cart' is clicked on

2023-05-12 17:16:38 - [MESSAGE][PASSED] - Object: 'Object Repository/inventoryPage/button_Add to cart' is clicked on

2023-05-12 17:16:38 - [TEST_STEP][PASSED] - click(findTestObject("Object Repository/inventoryPage/products_back-image")): Object: 'Object Repository/inventoryPage/products_back-image' is clicked on

2023-05-12 17:16:39 - [MESSAGE][PASSED] - Object: 'Object Repository/inventoryPage/products_back-image' is clicked on

2023-05-12 17:16:39 - [TEST_STEP][PASSED] - click(findTestObject("Object Repository/inventoryPage/cart")): Object: 'Object Repository/inventoryPage/cart' is clicked on

2023-05-12 17:16:39 - [MESSAGE][PASSED] - Object: 'Object Repository/inventoryPage/cart' is clicked on

2023-05-12 17:16:39 - [TEST_STEP][PASSED] - click(findTestObject("Object Repository/CheckoutPage/button_Checkout")): Object: 'Object Repository/CheckoutPage/button_Checkout' is clicked on

2023-05-12 17:16:40 - [MESSAGE][PASSED] - Object: 'Object Repository/CheckoutPage/button_Checkout' is clicked on

2023-05-12 17:16:40 - [TEST_STEP][PASSED] - sendKeys(findTestObject("Object Repository/checkout-step-one/input_Checkout Your Information_firstName"), "demo"): Keys 'demo' sent to object: 'Object Repository/checkout-step-one/input_Checkout Your Information_firstName'

2023-05-12 17:16:40 - [MESSAGE][PASSED] - Keys 'demo' sent to object: 'Object Repository/checkout-step-one/input_Checkout Your Information_firstName'

2023-05-12 17:16:40 - [TEST_STEP][PASSED] - sendKeys(findTestObject("Object Repository/checkout-step-one/input_Checkout Your Information_lastName"), "qa test"): Keys 'qa test' sent to object: 'Object Repository/checkout-step-one/input_Checkout Your Information_lastName'

2023-05-12 17:16:41 - [MESSAGE][PASSED] - Keys 'qa test' sent to object: 'Object Repository/checkout-step-one/input_Checkout Your Information_lastName'

2023-05-12 17:16:41 - [TEST_STEP][PASSED] - sendKeys(findTestObject("Object Repository/checkout-step-one/input_Checkout Your Information_postalCode"), "9000"): Keys '9000' sent to object: 'Object Repository/checkout-step-one/input_Checkout Your Information_postalCode'

2023-05-12 17:16:41 - [MESSAGE][PASSED] - Keys '9000' sent to object: 'Object Repository/checkout-step-one/input_Checkout Your Information_postalCode'

2023-05-12 17:16:41 - [TEST_STEP][PASSED] - click(findTestObject("Object Repository/checkout-step-one/input_continue")): Object: 'Object Repository/checkout-step-one/input_continue' is clicked on

2023-05-12 17:16:42 - [MESSAGE][PASSED] - Object: 'Object Repository/checkout-step-one/input_continue' is clicked on

2023-05-12 17:16:42 - [TEST_STEP][PASSED] - click(findTestObject("Object Repository/finish checkout/button_Finish")): Object: 'Object Repository/finish checkout/button_Finish' is clicked on

2023-05-12 17:16:42 - [MESSAGE][PASSED] - Object: 'Object Repository/finish checkout/button_Finish' is clicked on

2023-05-12 17:16:42 - [TEST_STEP][PASSED] - verifyElementVisible(findTestObject("Object Repository/order-success/h2_Thank you for your order")): Object 'Object Repository/order-success/h2_Thank you for your order' is visible

2023-05-12 17:16:43 - [MESSAGE][PASSED] - Object 'Object Repository/order-success/h2_Thank you for your order' is visible

2023-05-12 17:16:43 - [TEST_STEP][PASSED] - click(findTestObject("Object Repository/NavSideBar/sidebar")): Object: 'Object Repository/NavSideBar/sidebar' is clicked on

2023-05-12 17:16:43 - [MESSAGE][PASSED] - Object: 'Object Repository/NavSideBar/sidebar' is clicked on

2023-05-12 17:16:43 - [TEST_STEP][PASSED] - click(findTestObject("Object Repository/NavSideBar/a_Logout")): Object: 'Object Repository/NavSideBar/a_Logout' is clicked on

2023-05-12 17:16:44 - [MESSAGE][PASSED] - Object: 'Object Repository/NavSideBar/a_Logout' is clicked on

2023-05-12 17:16:44 - [TEST_STEP][PASSED] - verifyElementVisible(findTestObject("Object Repository/Page_Swag Labs/input_Swag Labs_user-name")): Object 'Object Repository/Page_Swag Labs/input_Swag Labs_user-name' is visible

2023-05-12 17:16:44 - [MESSAGE][PASSED] - Object 'Object Repository/Page_Swag Labs/input_Swag Labs_user-name' is visible

2023-05-12 17:16:44 - [TEST_STEP][PASSED] - closeBrowser(): Browser is closed

2023-05-12 17:16:45 - [MESSAGE][PASSED] - Browser is closed]]></system-out>
         <system-err><![CDATA[]]></system-err>
      </testcase>
      <testcase name="Test Cases/test-flow-1-buy-1-product" time="11.392" classname="Test Cases/test-flow-1-buy-1-product" status="PASSED">
         <system-out><![CDATA[2023-05-12 17:16:45 - [TEST_CASE][PASSED] - Test Cases/test-flow-1-buy-1-product: Test Cases/test-flow-1-buy-1-product

2023-05-12 17:16:45 - [TEST_STEP][PASSED] - openBrowser("https://www.saucedemo.com/"): Browser is opened with url: 'https://www.saucedemo.com/'

2023-05-12 17:16:45 - [MESSAGE][INFO] - Starting 'Chrome' driver

2023-05-12 17:16:45 - [MESSAGE][INFO] - Action delay is set to 0 milliseconds

2023-05-12 17:16:47 - [MESSAGE][PASSED] - Browser is opened with url: 'https://www.saucedemo.com/'

2023-05-12 17:16:47 - [TEST_STEP][PASSED] - click(findTestObject("Object Repository/Page_Swag Labs/input_Swag Labs_user-name")): Object: 'Object Repository/Page_Swag Labs/input_Swag Labs_user-name' is clicked on

2023-05-12 17:16:47 - [MESSAGE][PASSED] - Object: 'Object Repository/Page_Swag Labs/input_Swag Labs_user-name' is clicked on

2023-05-12 17:16:47 - [TEST_STEP][PASSED] - sendKeys(findTestObject("Object Repository/Page_Swag Labs/input_Swag Labs_user-name"), "standard_user"): Keys 'standard_user' sent to object: 'Object Repository/Page_Swag Labs/input_Swag Labs_user-name'

2023-05-12 17:16:47 - [MESSAGE][PASSED] - Keys 'standard_user' sent to object: 'Object Repository/Page_Swag Labs/input_Swag Labs_user-name'

2023-05-12 17:16:47 - [TEST_STEP][PASSED] - click(findTestObject("Object Repository/Page_Swag Labs/input_Swag Labs_password")): Object: 'Object Repository/Page_Swag Labs/input_Swag Labs_password' is clicked on

2023-05-12 17:16:48 - [MESSAGE][PASSED] - Object: 'Object Repository/Page_Swag Labs/input_Swag Labs_password' is clicked on

2023-05-12 17:16:48 - [TEST_STEP][PASSED] - sendKeys(findTestObject("Object Repository/Page_Swag Labs/input_Swag Labs_password"), "secret_sauce"): Keys 'secret_sauce' sent to object: 'Object Repository/Page_Swag Labs/input_Swag Labs_password'

2023-05-12 17:16:48 - [MESSAGE][PASSED] - Keys 'secret_sauce' sent to object: 'Object Repository/Page_Swag Labs/input_Swag Labs_password'

2023-05-12 17:16:48 - [TEST_STEP][PASSED] - click(findTestObject("Object Repository/Page_Swag Labs/input_Swag Labs_login-button")): Object: 'Object Repository/Page_Swag Labs/input_Swag Labs_login-button' is clicked on

2023-05-12 17:16:49 - [MESSAGE][PASSED] - Object: 'Object Repository/Page_Swag Labs/input_Swag Labs_login-button' is clicked on

2023-05-12 17:16:49 - [TEST_STEP][PASSED] - click(findTestObject("Object Repository/inventoryPage/Backpack")): Object: 'Object Repository/inventoryPage/Backpack' is clicked on

2023-05-12 17:16:49 - [MESSAGE][PASSED] - Object: 'Object Repository/inventoryPage/Backpack' is clicked on

2023-05-12 17:16:49 - [TEST_STEP][PASSED] - click(findTestObject("Object Repository/inventoryPage/button_Add to cart")): Object: 'Object Repository/inventoryPage/button_Add to cart' is clicked on

2023-05-12 17:16:50 - [MESSAGE][PASSED] - Object: 'Object Repository/inventoryPage/button_Add to cart' is clicked on

2023-05-12 17:16:50 - [TEST_STEP][PASSED] - click(findTestObject("Object Repository/inventoryPage/products_back-image")): Object: 'Object Repository/inventoryPage/products_back-image' is clicked on

2023-05-12 17:16:50 - [MESSAGE][PASSED] - Object: 'Object Repository/inventoryPage/products_back-image' is clicked on

2023-05-12 17:16:50 - [TEST_STEP][PASSED] - click(findTestObject("Object Repository/inventoryPage/cart")): Object: 'Object Repository/inventoryPage/cart' is clicked on

2023-05-12 17:16:51 - [MESSAGE][PASSED] - Object: 'Object Repository/inventoryPage/cart' is clicked on

2023-05-12 17:16:51 - [TEST_STEP][PASSED] - click(findTestObject("Object Repository/CheckoutPage/button_Checkout")): Object: 'Object Repository/CheckoutPage/button_Checkout' is clicked on

2023-05-12 17:16:51 - [MESSAGE][PASSED] - Object: 'Object Repository/CheckoutPage/button_Checkout' is clicked on

2023-05-12 17:16:51 - [TEST_STEP][PASSED] - sendKeys(findTestObject("Object Repository/checkout-step-one/input_Checkout Your Information_firstName"), "demo"): Keys 'demo' sent to object: 'Object Repository/checkout-step-one/input_Checkout Your Information_firstName'

2023-05-12 17:16:52 - [MESSAGE][PASSED] - Keys 'demo' sent to object: 'Object Repository/checkout-step-one/input_Checkout Your Information_firstName'

2023-05-12 17:16:52 - [TEST_STEP][PASSED] - sendKeys(findTestObject("Object Repository/checkout-step-one/input_Checkout Your Information_lastName"), "qa test"): Keys 'qa test' sent to object: 'Object Repository/checkout-step-one/input_Checkout Your Information_lastName'

2023-05-12 17:16:52 - [MESSAGE][PASSED] - Keys 'qa test' sent to object: 'Object Repository/checkout-step-one/input_Checkout Your Information_lastName'

2023-05-12 17:16:52 - [TEST_STEP][PASSED] - sendKeys(findTestObject("Object Repository/checkout-step-one/input_Checkout Your Information_postalCode"), "9000"): Keys '9000' sent to object: 'Object Repository/checkout-step-one/input_Checkout Your Information_postalCode'

2023-05-12 17:16:53 - [MESSAGE][PASSED] - Keys '9000' sent to object: 'Object Repository/checkout-step-one/input_Checkout Your Information_postalCode'

2023-05-12 17:16:53 - [TEST_STEP][PASSED] - click(findTestObject("Object Repository/checkout-step-one/input_continue")): Object: 'Object Repository/checkout-step-one/input_continue' is clicked on

2023-05-12 17:16:53 - [MESSAGE][PASSED] - Object: 'Object Repository/checkout-step-one/input_continue' is clicked on

2023-05-12 17:16:53 - [TEST_STEP][PASSED] - click(findTestObject("Object Repository/finish checkout/button_Finish")): Object: 'Object Repository/finish checkout/button_Finish' is clicked on

2023-05-12 17:16:54 - [MESSAGE][PASSED] - Object: 'Object Repository/finish checkout/button_Finish' is clicked on

2023-05-12 17:16:54 - [TEST_STEP][PASSED] - verifyElementVisible(findTestObject("Object Repository/order-success/h2_Thank you for your order")): Object 'Object Repository/order-success/h2_Thank you for your order' is visible

2023-05-12 17:16:54 - [MESSAGE][PASSED] - Object 'Object Repository/order-success/h2_Thank you for your order' is visible

2023-05-12 17:16:54 - [TEST_STEP][PASSED] - click(findTestObject("Object Repository/NavSideBar/sidebar")): Object: 'Object Repository/NavSideBar/sidebar' is clicked on

2023-05-12 17:16:54 - [MESSAGE][PASSED] - Object: 'Object Repository/NavSideBar/sidebar' is clicked on

2023-05-12 17:16:54 - [TEST_STEP][PASSED] - click(findTestObject("Object Repository/NavSideBar/a_Logout")): Object: 'Object Repository/NavSideBar/a_Logout' is clicked on

2023-05-12 17:16:55 - [MESSAGE][PASSED] - Object: 'Object Repository/NavSideBar/a_Logout' is clicked on

2023-05-12 17:16:55 - [TEST_STEP][PASSED] - verifyElementVisible(findTestObject("Object Repository/Page_Swag Labs/input_Swag Labs_user-name")): Object 'Object Repository/Page_Swag Labs/input_Swag Labs_user-name' is visible

2023-05-12 17:16:55 - [MESSAGE][PASSED] - Object 'Object Repository/Page_Swag Labs/input_Swag Labs_user-name' is visible

2023-05-12 17:16:55 - [TEST_STEP][PASSED] - closeBrowser(): Browser is closed

2023-05-12 17:16:56 - [MESSAGE][PASSED] - Browser is closed]]></system-out>
         <system-err><![CDATA[]]></system-err>
      </testcase>
      <testcase name="Test Cases/test-flow-1-buy-1-product" time="12.159" classname="Test Cases/test-flow-1-buy-1-product" status="PASSED">
         <system-out><![CDATA[2023-05-12 17:16:56 - [TEST_CASE][PASSED] - Test Cases/test-flow-1-buy-1-product: Test Cases/test-flow-1-buy-1-product

2023-05-12 17:16:56 - [TEST_STEP][PASSED] - openBrowser("https://www.saucedemo.com/"): Browser is opened with url: 'https://www.saucedemo.com/'

2023-05-12 17:16:56 - [MESSAGE][INFO] - Starting 'Chrome' driver

2023-05-12 17:16:56 - [MESSAGE][INFO] - Action delay is set to 0 milliseconds

2023-05-12 17:16:59 - [MESSAGE][PASSED] - Browser is opened with url: 'https://www.saucedemo.com/'

2023-05-12 17:16:59 - [TEST_STEP][PASSED] - click(findTestObject("Object Repository/Page_Swag Labs/input_Swag Labs_user-name")): Object: 'Object Repository/Page_Swag Labs/input_Swag Labs_user-name' is clicked on

2023-05-12 17:16:59 - [MESSAGE][PASSED] - Object: 'Object Repository/Page_Swag Labs/input_Swag Labs_user-name' is clicked on

2023-05-12 17:16:59 - [TEST_STEP][PASSED] - sendKeys(findTestObject("Object Repository/Page_Swag Labs/input_Swag Labs_user-name"), "standard_user"): Keys 'standard_user' sent to object: 'Object Repository/Page_Swag Labs/input_Swag Labs_user-name'

2023-05-12 17:16:59 - [MESSAGE][PASSED] - Keys 'standard_user' sent to object: 'Object Repository/Page_Swag Labs/input_Swag Labs_user-name'

2023-05-12 17:16:59 - [TEST_STEP][PASSED] - click(findTestObject("Object Repository/Page_Swag Labs/input_Swag Labs_password")): Object: 'Object Repository/Page_Swag Labs/input_Swag Labs_password' is clicked on

2023-05-12 17:17:00 - [MESSAGE][PASSED] - Object: 'Object Repository/Page_Swag Labs/input_Swag Labs_password' is clicked on

2023-05-12 17:17:00 - [TEST_STEP][PASSED] - sendKeys(findTestObject("Object Repository/Page_Swag Labs/input_Swag Labs_password"), "secret_sauce"): Keys 'secret_sauce' sent to object: 'Object Repository/Page_Swag Labs/input_Swag Labs_password'

2023-05-12 17:17:00 - [MESSAGE][PASSED] - Keys 'secret_sauce' sent to object: 'Object Repository/Page_Swag Labs/input_Swag Labs_password'

2023-05-12 17:17:00 - [TEST_STEP][PASSED] - click(findTestObject("Object Repository/Page_Swag Labs/input_Swag Labs_login-button")): Object: 'Object Repository/Page_Swag Labs/input_Swag Labs_login-button' is clicked on

2023-05-12 17:17:01 - [MESSAGE][PASSED] - Object: 'Object Repository/Page_Swag Labs/input_Swag Labs_login-button' is clicked on

2023-05-12 17:17:01 - [TEST_STEP][PASSED] - click(findTestObject("Object Repository/inventoryPage/Backpack")): Object: 'Object Repository/inventoryPage/Backpack' is clicked on

2023-05-12 17:17:01 - [MESSAGE][PASSED] - Object: 'Object Repository/inventoryPage/Backpack' is clicked on

2023-05-12 17:17:01 - [TEST_STEP][PASSED] - click(findTestObject("Object Repository/inventoryPage/button_Add to cart")): Object: 'Object Repository/inventoryPage/button_Add to cart' is clicked on

2023-05-12 17:17:02 - [MESSAGE][PASSED] - Object: 'Object Repository/inventoryPage/button_Add to cart' is clicked on

2023-05-12 17:17:02 - [TEST_STEP][PASSED] - click(findTestObject("Object Repository/inventoryPage/products_back-image")): Object: 'Object Repository/inventoryPage/products_back-image' is clicked on

2023-05-12 17:17:02 - [MESSAGE][PASSED] - Object: 'Object Repository/inventoryPage/products_back-image' is clicked on

2023-05-12 17:17:02 - [TEST_STEP][PASSED] - click(findTestObject("Object Repository/inventoryPage/cart")): Object: 'Object Repository/inventoryPage/cart' is clicked on

2023-05-12 17:17:03 - [MESSAGE][PASSED] - Object: 'Object Repository/inventoryPage/cart' is clicked on

2023-05-12 17:17:03 - [TEST_STEP][PASSED] - click(findTestObject("Object Repository/CheckoutPage/button_Checkout")): Object: 'Object Repository/CheckoutPage/button_Checkout' is clicked on

2023-05-12 17:17:03 - [MESSAGE][PASSED] - Object: 'Object Repository/CheckoutPage/button_Checkout' is clicked on

2023-05-12 17:17:03 - [TEST_STEP][PASSED] - sendKeys(findTestObject("Object Repository/checkout-step-one/input_Checkout Your Information_firstName"), "demo"): Keys 'demo' sent to object: 'Object Repository/checkout-step-one/input_Checkout Your Information_firstName'

2023-05-12 17:17:04 - [MESSAGE][PASSED] - Keys 'demo' sent to object: 'Object Repository/checkout-step-one/input_Checkout Your Information_firstName'

2023-05-12 17:17:04 - [TEST_STEP][PASSED] - sendKeys(findTestObject("Object Repository/checkout-step-one/input_Checkout Your Information_lastName"), "qa test"): Keys 'qa test' sent to object: 'Object Repository/checkout-step-one/input_Checkout Your Information_lastName'

2023-05-12 17:17:04 - [MESSAGE][PASSED] - Keys 'qa test' sent to object: 'Object Repository/checkout-step-one/input_Checkout Your Information_lastName'

2023-05-12 17:17:04 - [TEST_STEP][PASSED] - sendKeys(findTestObject("Object Repository/checkout-step-one/input_Checkout Your Information_postalCode"), "9000"): Keys '9000' sent to object: 'Object Repository/checkout-step-one/input_Checkout Your Information_postalCode'

2023-05-12 17:17:05 - [MESSAGE][PASSED] - Keys '9000' sent to object: 'Object Repository/checkout-step-one/input_Checkout Your Information_postalCode'

2023-05-12 17:17:05 - [TEST_STEP][PASSED] - click(findTestObject("Object Repository/checkout-step-one/input_continue")): Object: 'Object Repository/checkout-step-one/input_continue' is clicked on

2023-05-12 17:17:05 - [MESSAGE][PASSED] - Object: 'Object Repository/checkout-step-one/input_continue' is clicked on

2023-05-12 17:17:05 - [TEST_STEP][PASSED] - click(findTestObject("Object Repository/finish checkout/button_Finish")): Object: 'Object Repository/finish checkout/button_Finish' is clicked on

2023-05-12 17:17:06 - [MESSAGE][PASSED] - Object: 'Object Repository/finish checkout/button_Finish' is clicked on

2023-05-12 17:17:06 - [TEST_STEP][PASSED] - verifyElementVisible(findTestObject("Object Repository/order-success/h2_Thank you for your order")): Object 'Object Repository/order-success/h2_Thank you for your order' is visible

2023-05-12 17:17:06 - [MESSAGE][PASSED] - Object 'Object Repository/order-success/h2_Thank you for your order' is visible

2023-05-12 17:17:06 - [TEST_STEP][PASSED] - click(findTestObject("Object Repository/NavSideBar/sidebar")): Object: 'Object Repository/NavSideBar/sidebar' is clicked on

2023-05-12 17:17:07 - [MESSAGE][PASSED] - Object: 'Object Repository/NavSideBar/sidebar' is clicked on

2023-05-12 17:17:07 - [TEST_STEP][PASSED] - click(findTestObject("Object Repository/NavSideBar/a_Logout")): Object: 'Object Repository/NavSideBar/a_Logout' is clicked on

2023-05-12 17:17:07 - [MESSAGE][PASSED] - Object: 'Object Repository/NavSideBar/a_Logout' is clicked on

2023-05-12 17:17:07 - [TEST_STEP][PASSED] - verifyElementVisible(findTestObject("Object Repository/Page_Swag Labs/input_Swag Labs_user-name")): Object 'Object Repository/Page_Swag Labs/input_Swag Labs_user-name' is visible

2023-05-12 17:17:08 - [MESSAGE][PASSED] - Object 'Object Repository/Page_Swag Labs/input_Swag Labs_user-name' is visible

2023-05-12 17:17:08 - [TEST_STEP][PASSED] - closeBrowser(): Browser is closed

2023-05-12 17:17:08 - [MESSAGE][PASSED] - Browser is closed]]></system-out>
         <system-err><![CDATA[]]></system-err>
      </testcase>
      <testcase name="Test Cases/test-flow-1-buy-1-product" time="12.287" classname="Test Cases/test-flow-1-buy-1-product" status="PASSED">
         <system-out><![CDATA[2023-05-12 17:17:08 - [TEST_CASE][PASSED] - Test Cases/test-flow-1-buy-1-product: Test Cases/test-flow-1-buy-1-product

2023-05-12 17:17:08 - [TEST_STEP][PASSED] - openBrowser("https://www.saucedemo.com/"): Browser is opened with url: 'https://www.saucedemo.com/'

2023-05-12 17:17:08 - [MESSAGE][INFO] - Starting 'Chrome' driver

2023-05-12 17:17:08 - [MESSAGE][INFO] - Action delay is set to 0 milliseconds

2023-05-12 17:17:11 - [MESSAGE][PASSED] - Browser is opened with url: 'https://www.saucedemo.com/'

2023-05-12 17:17:11 - [TEST_STEP][PASSED] - click(findTestObject("Object Repository/Page_Swag Labs/input_Swag Labs_user-name")): Object: 'Object Repository/Page_Swag Labs/input_Swag Labs_user-name' is clicked on

2023-05-12 17:17:11 - [MESSAGE][PASSED] - Object: 'Object Repository/Page_Swag Labs/input_Swag Labs_user-name' is clicked on

2023-05-12 17:17:11 - [TEST_STEP][PASSED] - sendKeys(findTestObject("Object Repository/Page_Swag Labs/input_Swag Labs_user-name"), "standard_user"): Keys 'standard_user' sent to object: 'Object Repository/Page_Swag Labs/input_Swag Labs_user-name'

2023-05-12 17:17:11 - [MESSAGE][PASSED] - Keys 'standard_user' sent to object: 'Object Repository/Page_Swag Labs/input_Swag Labs_user-name'

2023-05-12 17:17:11 - [TEST_STEP][PASSED] - click(findTestObject("Object Repository/Page_Swag Labs/input_Swag Labs_password")): Object: 'Object Repository/Page_Swag Labs/input_Swag Labs_password' is clicked on

2023-05-12 17:17:12 - [MESSAGE][PASSED] - Object: 'Object Repository/Page_Swag Labs/input_Swag Labs_password' is clicked on

2023-05-12 17:17:12 - [TEST_STEP][PASSED] - sendKeys(findTestObject("Object Repository/Page_Swag Labs/input_Swag Labs_password"), "secret_sauce"): Keys 'secret_sauce' sent to object: 'Object Repository/Page_Swag Labs/input_Swag Labs_password'

2023-05-12 17:17:12 - [MESSAGE][PASSED] - Keys 'secret_sauce' sent to object: 'Object Repository/Page_Swag Labs/input_Swag Labs_password'

2023-05-12 17:17:12 - [TEST_STEP][PASSED] - click(findTestObject("Object Repository/Page_Swag Labs/input_Swag Labs_login-button")): Object: 'Object Repository/Page_Swag Labs/input_Swag Labs_login-button' is clicked on

2023-05-12 17:17:13 - [MESSAGE][PASSED] - Object: 'Object Repository/Page_Swag Labs/input_Swag Labs_login-button' is clicked on

2023-05-12 17:17:13 - [TEST_STEP][PASSED] - click(findTestObject("Object Repository/inventoryPage/Backpack")): Object: 'Object Repository/inventoryPage/Backpack' is clicked on

2023-05-12 17:17:13 - [MESSAGE][PASSED] - Object: 'Object Repository/inventoryPage/Backpack' is clicked on

2023-05-12 17:17:13 - [TEST_STEP][PASSED] - click(findTestObject("Object Repository/inventoryPage/button_Add to cart")): Object: 'Object Repository/inventoryPage/button_Add to cart' is clicked on

2023-05-12 17:17:14 - [MESSAGE][PASSED] - Object: 'Object Repository/inventoryPage/button_Add to cart' is clicked on

2023-05-12 17:17:14 - [TEST_STEP][PASSED] - click(findTestObject("Object Repository/inventoryPage/products_back-image")): Object: 'Object Repository/inventoryPage/products_back-image' is clicked on

2023-05-12 17:17:14 - [MESSAGE][PASSED] - Object: 'Object Repository/inventoryPage/products_back-image' is clicked on

2023-05-12 17:17:14 - [TEST_STEP][PASSED] - click(findTestObject("Object Repository/inventoryPage/cart")): Object: 'Object Repository/inventoryPage/cart' is clicked on

2023-05-12 17:17:15 - [MESSAGE][PASSED] - Object: 'Object Repository/inventoryPage/cart' is clicked on

2023-05-12 17:17:15 - [TEST_STEP][PASSED] - click(findTestObject("Object Repository/CheckoutPage/button_Checkout")): Object: 'Object Repository/CheckoutPage/button_Checkout' is clicked on

2023-05-12 17:17:15 - [MESSAGE][PASSED] - Object: 'Object Repository/CheckoutPage/button_Checkout' is clicked on

2023-05-12 17:17:15 - [TEST_STEP][PASSED] - sendKeys(findTestObject("Object Repository/checkout-step-one/input_Checkout Your Information_firstName"), "demo"): Keys 'demo' sent to object: 'Object Repository/checkout-step-one/input_Checkout Your Information_firstName'

2023-05-12 17:17:16 - [MESSAGE][PASSED] - Keys 'demo' sent to object: 'Object Repository/checkout-step-one/input_Checkout Your Information_firstName'

2023-05-12 17:17:16 - [TEST_STEP][PASSED] - sendKeys(findTestObject("Object Repository/checkout-step-one/input_Checkout Your Information_lastName"), "qa test"): Keys 'qa test' sent to object: 'Object Repository/checkout-step-one/input_Checkout Your Information_lastName'

2023-05-12 17:17:16 - [MESSAGE][PASSED] - Keys 'qa test' sent to object: 'Object Repository/checkout-step-one/input_Checkout Your Information_lastName'

2023-05-12 17:17:16 - [TEST_STEP][PASSED] - sendKeys(findTestObject("Object Repository/checkout-step-one/input_Checkout Your Information_postalCode"), "9000"): Keys '9000' sent to object: 'Object Repository/checkout-step-one/input_Checkout Your Information_postalCode'

2023-05-12 17:17:17 - [MESSAGE][PASSED] - Keys '9000' sent to object: 'Object Repository/checkout-step-one/input_Checkout Your Information_postalCode'

2023-05-12 17:17:17 - [TEST_STEP][PASSED] - click(findTestObject("Object Repository/checkout-step-one/input_continue")): Object: 'Object Repository/checkout-step-one/input_continue' is clicked on

2023-05-12 17:17:17 - [MESSAGE][PASSED] - Object: 'Object Repository/checkout-step-one/input_continue' is clicked on

2023-05-12 17:17:17 - [TEST_STEP][PASSED] - click(findTestObject("Object Repository/finish checkout/button_Finish")): Object: 'Object Repository/finish checkout/button_Finish' is clicked on

2023-05-12 17:17:18 - [MESSAGE][PASSED] - Object: 'Object Repository/finish checkout/button_Finish' is clicked on

2023-05-12 17:17:18 - [TEST_STEP][PASSED] - verifyElementVisible(findTestObject("Object Repository/order-success/h2_Thank you for your order")): Object 'Object Repository/order-success/h2_Thank you for your order' is visible

2023-05-12 17:17:18 - [MESSAGE][PASSED] - Object 'Object Repository/order-success/h2_Thank you for your order' is visible

2023-05-12 17:17:18 - [TEST_STEP][PASSED] - click(findTestObject("Object Repository/NavSideBar/sidebar")): Object: 'Object Repository/NavSideBar/sidebar' is clicked on

2023-05-12 17:17:19 - [MESSAGE][PASSED] - Object: 'Object Repository/NavSideBar/sidebar' is clicked on

2023-05-12 17:17:19 - [TEST_STEP][PASSED] - click(findTestObject("Object Repository/NavSideBar/a_Logout")): Object: 'Object Repository/NavSideBar/a_Logout' is clicked on

2023-05-12 17:17:19 - [MESSAGE][PASSED] - Object: 'Object Repository/NavSideBar/a_Logout' is clicked on

2023-05-12 17:17:19 - [TEST_STEP][PASSED] - verifyElementVisible(findTestObject("Object Repository/Page_Swag Labs/input_Swag Labs_user-name")): Object 'Object Repository/Page_Swag Labs/input_Swag Labs_user-name' is visible

2023-05-12 17:17:20 - [MESSAGE][PASSED] - Object 'Object Repository/Page_Swag Labs/input_Swag Labs_user-name' is visible

2023-05-12 17:17:20 - [TEST_STEP][PASSED] - closeBrowser(): Browser is closed

2023-05-12 17:17:21 - [MESSAGE][PASSED] - Browser is closed]]></system-out>
         <system-err><![CDATA[]]></system-err>
      </testcase>
      <testcase name="Test Cases/test-flow-1-buy-1-product" time="12.654" classname="Test Cases/test-flow-1-buy-1-product" status="PASSED">
         <system-out><![CDATA[2023-05-12 17:17:21 - [TEST_CASE][PASSED] - Test Cases/test-flow-1-buy-1-product: Test Cases/test-flow-1-buy-1-product

2023-05-12 17:17:21 - [TEST_STEP][PASSED] - openBrowser("https://www.saucedemo.com/"): Browser is opened with url: 'https://www.saucedemo.com/'

2023-05-12 17:17:21 - [MESSAGE][INFO] - Starting 'Chrome' driver

2023-05-12 17:17:21 - [MESSAGE][INFO] - Action delay is set to 0 milliseconds

2023-05-12 17:17:23 - [MESSAGE][PASSED] - Browser is opened with url: 'https://www.saucedemo.com/'

2023-05-12 17:17:23 - [TEST_STEP][PASSED] - click(findTestObject("Object Repository/Page_Swag Labs/input_Swag Labs_user-name")): Object: 'Object Repository/Page_Swag Labs/input_Swag Labs_user-name' is clicked on

2023-05-12 17:17:24 - [MESSAGE][PASSED] - Object: 'Object Repository/Page_Swag Labs/input_Swag Labs_user-name' is clicked on

2023-05-12 17:17:24 - [TEST_STEP][PASSED] - sendKeys(findTestObject("Object Repository/Page_Swag Labs/input_Swag Labs_user-name"), "standard_user"): Keys 'standard_user' sent to object: 'Object Repository/Page_Swag Labs/input_Swag Labs_user-name'

2023-05-12 17:17:24 - [MESSAGE][PASSED] - Keys 'standard_user' sent to object: 'Object Repository/Page_Swag Labs/input_Swag Labs_user-name'

2023-05-12 17:17:24 - [TEST_STEP][PASSED] - click(findTestObject("Object Repository/Page_Swag Labs/input_Swag Labs_password")): Object: 'Object Repository/Page_Swag Labs/input_Swag Labs_password' is clicked on

2023-05-12 17:17:25 - [MESSAGE][PASSED] - Object: 'Object Repository/Page_Swag Labs/input_Swag Labs_password' is clicked on

2023-05-12 17:17:25 - [TEST_STEP][PASSED] - sendKeys(findTestObject("Object Repository/Page_Swag Labs/input_Swag Labs_password"), "secret_sauce"): Keys 'secret_sauce' sent to object: 'Object Repository/Page_Swag Labs/input_Swag Labs_password'

2023-05-12 17:17:25 - [MESSAGE][PASSED] - Keys 'secret_sauce' sent to object: 'Object Repository/Page_Swag Labs/input_Swag Labs_password'

2023-05-12 17:17:25 - [TEST_STEP][PASSED] - click(findTestObject("Object Repository/Page_Swag Labs/input_Swag Labs_login-button")): Object: 'Object Repository/Page_Swag Labs/input_Swag Labs_login-button' is clicked on

2023-05-12 17:17:25 - [MESSAGE][PASSED] - Object: 'Object Repository/Page_Swag Labs/input_Swag Labs_login-button' is clicked on

2023-05-12 17:17:25 - [TEST_STEP][PASSED] - click(findTestObject("Object Repository/inventoryPage/Backpack")): Object: 'Object Repository/inventoryPage/Backpack' is clicked on

2023-05-12 17:17:26 - [MESSAGE][PASSED] - Object: 'Object Repository/inventoryPage/Backpack' is clicked on

2023-05-12 17:17:26 - [TEST_STEP][PASSED] - click(findTestObject("Object Repository/inventoryPage/button_Add to cart")): Object: 'Object Repository/inventoryPage/button_Add to cart' is clicked on

2023-05-12 17:17:26 - [MESSAGE][PASSED] - Object: 'Object Repository/inventoryPage/button_Add to cart' is clicked on

2023-05-12 17:17:26 - [TEST_STEP][PASSED] - click(findTestObject("Object Repository/inventoryPage/products_back-image")): Object: 'Object Repository/inventoryPage/products_back-image' is clicked on

2023-05-12 17:17:27 - [MESSAGE][PASSED] - Object: 'Object Repository/inventoryPage/products_back-image' is clicked on

2023-05-12 17:17:27 - [TEST_STEP][PASSED] - click(findTestObject("Object Repository/inventoryPage/cart")): Object: 'Object Repository/inventoryPage/cart' is clicked on

2023-05-12 17:17:28 - [MESSAGE][PASSED] - Object: 'Object Repository/inventoryPage/cart' is clicked on

2023-05-12 17:17:28 - [TEST_STEP][PASSED] - click(findTestObject("Object Repository/CheckoutPage/button_Checkout")): Object: 'Object Repository/CheckoutPage/button_Checkout' is clicked on

2023-05-12 17:17:28 - [MESSAGE][PASSED] - Object: 'Object Repository/CheckoutPage/button_Checkout' is clicked on

2023-05-12 17:17:28 - [TEST_STEP][PASSED] - sendKeys(findTestObject("Object Repository/checkout-step-one/input_Checkout Your Information_firstName"), "demo"): Keys 'demo' sent to object: 'Object Repository/checkout-step-one/input_Checkout Your Information_firstName'

2023-05-12 17:17:29 - [MESSAGE][PASSED] - Keys 'demo' sent to object: 'Object Repository/checkout-step-one/input_Checkout Your Information_firstName'

2023-05-12 17:17:29 - [TEST_STEP][PASSED] - sendKeys(findTestObject("Object Repository/checkout-step-one/input_Checkout Your Information_lastName"), "qa test"): Keys 'qa test' sent to object: 'Object Repository/checkout-step-one/input_Checkout Your Information_lastName'

2023-05-12 17:17:29 - [MESSAGE][PASSED] - Keys 'qa test' sent to object: 'Object Repository/checkout-step-one/input_Checkout Your Information_lastName'

2023-05-12 17:17:29 - [TEST_STEP][PASSED] - sendKeys(findTestObject("Object Repository/checkout-step-one/input_Checkout Your Information_postalCode"), "9000"): Keys '9000' sent to object: 'Object Repository/checkout-step-one/input_Checkout Your Information_postalCode'

2023-05-12 17:17:30 - [MESSAGE][PASSED] - Keys '9000' sent to object: 'Object Repository/checkout-step-one/input_Checkout Your Information_postalCode'

2023-05-12 17:17:30 - [TEST_STEP][PASSED] - click(findTestObject("Object Repository/checkout-step-one/input_continue")): Object: 'Object Repository/checkout-step-one/input_continue' is clicked on

2023-05-12 17:17:30 - [MESSAGE][PASSED] - Object: 'Object Repository/checkout-step-one/input_continue' is clicked on

2023-05-12 17:17:30 - [TEST_STEP][PASSED] - click(findTestObject("Object Repository/finish checkout/button_Finish")): Object: 'Object Repository/finish checkout/button_Finish' is clicked on

2023-05-12 17:17:31 - [MESSAGE][PASSED] - Object: 'Object Repository/finish checkout/button_Finish' is clicked on

2023-05-12 17:17:31 - [TEST_STEP][PASSED] - verifyElementVisible(findTestObject("Object Repository/order-success/h2_Thank you for your order")): Object 'Object Repository/order-success/h2_Thank you for your order' is visible

2023-05-12 17:17:31 - [MESSAGE][PASSED] - Object 'Object Repository/order-success/h2_Thank you for your order' is visible

2023-05-12 17:17:31 - [TEST_STEP][PASSED] - click(findTestObject("Object Repository/NavSideBar/sidebar")): Object: 'Object Repository/NavSideBar/sidebar' is clicked on

2023-05-12 17:17:32 - [MESSAGE][PASSED] - Object: 'Object Repository/NavSideBar/sidebar' is clicked on

2023-05-12 17:17:32 - [TEST_STEP][PASSED] - click(findTestObject("Object Repository/NavSideBar/a_Logout")): Object: 'Object Repository/NavSideBar/a_Logout' is clicked on

2023-05-12 17:17:32 - [MESSAGE][PASSED] - Object: 'Object Repository/NavSideBar/a_Logout' is clicked on

2023-05-12 17:17:32 - [TEST_STEP][PASSED] - verifyElementVisible(findTestObject("Object Repository/Page_Swag Labs/input_Swag Labs_user-name")): Object 'Object Repository/Page_Swag Labs/input_Swag Labs_user-name' is visible

2023-05-12 17:17:32 - [MESSAGE][PASSED] - Object 'Object Repository/Page_Swag Labs/input_Swag Labs_user-name' is visible

2023-05-12 17:17:32 - [TEST_STEP][PASSED] - closeBrowser(): Browser is closed

2023-05-12 17:17:33 - [MESSAGE][PASSED] - Browser is closed]]></system-out>
         <system-err><![CDATA[]]></system-err>
      </testcase>
      <testcase name="Test Cases/test-flow-1-buy-1-product" time="11.765" classname="Test Cases/test-flow-1-buy-1-product" status="PASSED">
         <system-out><![CDATA[2023-05-12 17:17:33 - [TEST_CASE][PASSED] - Test Cases/test-flow-1-buy-1-product: Test Cases/test-flow-1-buy-1-product

2023-05-12 17:17:33 - [TEST_STEP][PASSED] - openBrowser("https://www.saucedemo.com/"): Browser is opened with url: 'https://www.saucedemo.com/'

2023-05-12 17:17:33 - [MESSAGE][INFO] - Starting 'Chrome' driver

2023-05-12 17:17:33 - [MESSAGE][INFO] - Action delay is set to 0 milliseconds

2023-05-12 17:17:36 - [MESSAGE][PASSED] - Browser is opened with url: 'https://www.saucedemo.com/'

2023-05-12 17:17:36 - [TEST_STEP][PASSED] - click(findTestObject("Object Repository/Page_Swag Labs/input_Swag Labs_user-name")): Object: 'Object Repository/Page_Swag Labs/input_Swag Labs_user-name' is clicked on

2023-05-12 17:17:36 - [MESSAGE][PASSED] - Object: 'Object Repository/Page_Swag Labs/input_Swag Labs_user-name' is clicked on

2023-05-12 17:17:36 - [TEST_STEP][PASSED] - sendKeys(findTestObject("Object Repository/Page_Swag Labs/input_Swag Labs_user-name"), "standard_user"): Keys 'standard_user' sent to object: 'Object Repository/Page_Swag Labs/input_Swag Labs_user-name'

2023-05-12 17:17:36 - [MESSAGE][PASSED] - Keys 'standard_user' sent to object: 'Object Repository/Page_Swag Labs/input_Swag Labs_user-name'

2023-05-12 17:17:36 - [TEST_STEP][PASSED] - click(findTestObject("Object Repository/Page_Swag Labs/input_Swag Labs_password")): Object: 'Object Repository/Page_Swag Labs/input_Swag Labs_password' is clicked on

2023-05-12 17:17:37 - [MESSAGE][PASSED] - Object: 'Object Repository/Page_Swag Labs/input_Swag Labs_password' is clicked on

2023-05-12 17:17:37 - [TEST_STEP][PASSED] - sendKeys(findTestObject("Object Repository/Page_Swag Labs/input_Swag Labs_password"), "secret_sauce"): Keys 'secret_sauce' sent to object: 'Object Repository/Page_Swag Labs/input_Swag Labs_password'

2023-05-12 17:17:37 - [MESSAGE][PASSED] - Keys 'secret_sauce' sent to object: 'Object Repository/Page_Swag Labs/input_Swag Labs_password'

2023-05-12 17:17:37 - [TEST_STEP][PASSED] - click(findTestObject("Object Repository/Page_Swag Labs/input_Swag Labs_login-button")): Object: 'Object Repository/Page_Swag Labs/input_Swag Labs_login-button' is clicked on

2023-05-12 17:17:37 - [MESSAGE][PASSED] - Object: 'Object Repository/Page_Swag Labs/input_Swag Labs_login-button' is clicked on

2023-05-12 17:17:37 - [TEST_STEP][PASSED] - click(findTestObject("Object Repository/inventoryPage/Backpack")): Object: 'Object Repository/inventoryPage/Backpack' is clicked on

2023-05-12 17:17:38 - [MESSAGE][PASSED] - Object: 'Object Repository/inventoryPage/Backpack' is clicked on

2023-05-12 17:17:38 - [TEST_STEP][PASSED] - click(findTestObject("Object Repository/inventoryPage/button_Add to cart")): Object: 'Object Repository/inventoryPage/button_Add to cart' is clicked on

2023-05-12 17:17:38 - [MESSAGE][PASSED] - Object: 'Object Repository/inventoryPage/button_Add to cart' is clicked on

2023-05-12 17:17:38 - [TEST_STEP][PASSED] - click(findTestObject("Object Repository/inventoryPage/products_back-image")): Object: 'Object Repository/inventoryPage/products_back-image' is clicked on

2023-05-12 17:17:39 - [MESSAGE][PASSED] - Object: 'Object Repository/inventoryPage/products_back-image' is clicked on

2023-05-12 17:17:39 - [TEST_STEP][PASSED] - click(findTestObject("Object Repository/inventoryPage/cart")): Object: 'Object Repository/inventoryPage/cart' is clicked on

2023-05-12 17:17:39 - [MESSAGE][PASSED] - Object: 'Object Repository/inventoryPage/cart' is clicked on

2023-05-12 17:17:39 - [TEST_STEP][PASSED] - click(findTestObject("Object Repository/CheckoutPage/button_Checkout")): Object: 'Object Repository/CheckoutPage/button_Checkout' is clicked on

2023-05-12 17:17:40 - [MESSAGE][PASSED] - Object: 'Object Repository/CheckoutPage/button_Checkout' is clicked on

2023-05-12 17:17:40 - [TEST_STEP][PASSED] - sendKeys(findTestObject("Object Repository/checkout-step-one/input_Checkout Your Information_firstName"), "demo"): Keys 'demo' sent to object: 'Object Repository/checkout-step-one/input_Checkout Your Information_firstName'

2023-05-12 17:17:40 - [MESSAGE][PASSED] - Keys 'demo' sent to object: 'Object Repository/checkout-step-one/input_Checkout Your Information_firstName'

2023-05-12 17:17:40 - [TEST_STEP][PASSED] - sendKeys(findTestObject("Object Repository/checkout-step-one/input_Checkout Your Information_lastName"), "qa test"): Keys 'qa test' sent to object: 'Object Repository/checkout-step-one/input_Checkout Your Information_lastName'

2023-05-12 17:17:41 - [MESSAGE][PASSED] - Keys 'qa test' sent to object: 'Object Repository/checkout-step-one/input_Checkout Your Information_lastName'

2023-05-12 17:17:41 - [TEST_STEP][PASSED] - sendKeys(findTestObject("Object Repository/checkout-step-one/input_Checkout Your Information_postalCode"), "9000"): Keys '9000' sent to object: 'Object Repository/checkout-step-one/input_Checkout Your Information_postalCode'

2023-05-12 17:17:41 - [MESSAGE][PASSED] - Keys '9000' sent to object: 'Object Repository/checkout-step-one/input_Checkout Your Information_postalCode'

2023-05-12 17:17:41 - [TEST_STEP][PASSED] - click(findTestObject("Object Repository/checkout-step-one/input_continue")): Object: 'Object Repository/checkout-step-one/input_continue' is clicked on

2023-05-12 17:17:42 - [MESSAGE][PASSED] - Object: 'Object Repository/checkout-step-one/input_continue' is clicked on

2023-05-12 17:17:42 - [TEST_STEP][PASSED] - click(findTestObject("Object Repository/finish checkout/button_Finish")): Object: 'Object Repository/finish checkout/button_Finish' is clicked on

2023-05-12 17:17:42 - [MESSAGE][PASSED] - Object: 'Object Repository/finish checkout/button_Finish' is clicked on

2023-05-12 17:17:42 - [TEST_STEP][PASSED] - verifyElementVisible(findTestObject("Object Repository/order-success/h2_Thank you for your order")): Object 'Object Repository/order-success/h2_Thank you for your order' is visible

2023-05-12 17:17:43 - [MESSAGE][PASSED] - Object 'Object Repository/order-success/h2_Thank you for your order' is visible

2023-05-12 17:17:43 - [TEST_STEP][PASSED] - click(findTestObject("Object Repository/NavSideBar/sidebar")): Object: 'Object Repository/NavSideBar/sidebar' is clicked on

2023-05-12 17:17:43 - [MESSAGE][PASSED] - Object: 'Object Repository/NavSideBar/sidebar' is clicked on

2023-05-12 17:17:43 - [TEST_STEP][PASSED] - click(findTestObject("Object Repository/NavSideBar/a_Logout")): Object: 'Object Repository/NavSideBar/a_Logout' is clicked on

2023-05-12 17:17:44 - [MESSAGE][PASSED] - Object: 'Object Repository/NavSideBar/a_Logout' is clicked on

2023-05-12 17:17:44 - [TEST_STEP][PASSED] - verifyElementVisible(findTestObject("Object Repository/Page_Swag Labs/input_Swag Labs_user-name")): Object 'Object Repository/Page_Swag Labs/input_Swag Labs_user-name' is visible

2023-05-12 17:17:44 - [MESSAGE][PASSED] - Object 'Object Repository/Page_Swag Labs/input_Swag Labs_user-name' is visible

2023-05-12 17:17:44 - [TEST_STEP][PASSED] - closeBrowser(): Browser is closed

2023-05-12 17:17:45 - [MESSAGE][PASSED] - Browser is closed]]></system-out>
         <system-err><![CDATA[]]></system-err>
      </testcase>
      <system-out><![CDATA[2023-05-12 17:13:23 - [TEST_SUITE][PASSED] - simple case: Test Cases/test-flow-1-buy-1-product]]></system-out>
      <system-err><![CDATA[]]></system-err>
   </testsuite>
   <testsuite name="simple case" tests="20" failures="0" errors="0" time="252.155" skipped="0" timestamp="2023-05-12 17:17:49" hostname="minh.nguyen - 5YHW2D3" id="Test Suites/simple case">
      <properties>
         <property name="deviceName" value=""/>
         <property name="devicePlatform" value=""/>
         <property name="logFolder" value="C:\\Users\\minh.nguyen\\Desktop\\GitRepo\\tri-nhan-repo\\Reports\\20230512_171239\\simple case\\20230512_171242"/>
         <property name="logFiles" value="C:\\Users\\minh.nguyen\\Desktop\\GitRepo\\tri-nhan-repo\\Reports\\20230512_171239\\simple case\\20230512_171242\\execution0.log"/>
         <property name="attachments" value=""/>
         <property name="hostName" value="minh.nguyen - 5YHW2D3"/>
         <property name="os" value="Windows 10 64bit"/>
         <property name="katalonVersion" value="8.5.5.208"/>
         <property name="browser" value="Chrome 112.0.0.0"/>
         <property name="hostAddress" value="192.168.1.86"/>
         <property name="sessionId" value="5be237b1bd2052d1ae0a145e4a09625b"/>
         <property name="seleniumVersion" value="3.141.59"/>
         <property name="proxyInformation" value="ProxyInformation { proxyOption=NO_PROXY, proxyServerType=HTTP, username=, password=********, proxyServerAddress=, proxyServerPort=0, executionList=&quot;&quot;, isApplyToDesiredCapabilities=true }"/>
         <property name="platform" value="Windows 10"/>
      </properties>
      <testcase name="Test Cases/test-flow-1-buy-1-product" time="13.761" classname="Test Cases/test-flow-1-buy-1-product" status="PASSED">
         <system-out><![CDATA[2023-05-12 17:17:50 - [TEST_CASE][PASSED] - Test Cases/test-flow-1-buy-1-product: Test Cases/test-flow-1-buy-1-product

2023-05-12 17:17:50 - [TEST_STEP][PASSED] - openBrowser("https://www.saucedemo.com/"): Browser is opened with url: 'https://www.saucedemo.com/'

2023-05-12 17:17:50 - [MESSAGE][INFO] - Starting 'Chrome' driver

2023-05-12 17:17:50 - [MESSAGE][INFO] - Action delay is set to 0 milliseconds

2023-05-12 17:17:54 - [MESSAGE][PASSED] - Browser is opened with url: 'https://www.saucedemo.com/'

2023-05-12 17:17:54 - [TEST_STEP][PASSED] - click(findTestObject("Object Repository/Page_Swag Labs/input_Swag Labs_user-name")): Object: 'Object Repository/Page_Swag Labs/input_Swag Labs_user-name' is clicked on

2023-05-12 17:17:54 - [MESSAGE][PASSED] - Object: 'Object Repository/Page_Swag Labs/input_Swag Labs_user-name' is clicked on

2023-05-12 17:17:54 - [TEST_STEP][PASSED] - sendKeys(findTestObject("Object Repository/Page_Swag Labs/input_Swag Labs_user-name"), "standard_user"): Keys 'standard_user' sent to object: 'Object Repository/Page_Swag Labs/input_Swag Labs_user-name'

2023-05-12 17:17:55 - [MESSAGE][PASSED] - Keys 'standard_user' sent to object: 'Object Repository/Page_Swag Labs/input_Swag Labs_user-name'

2023-05-12 17:17:55 - [TEST_STEP][PASSED] - click(findTestObject("Object Repository/Page_Swag Labs/input_Swag Labs_password")): Object: 'Object Repository/Page_Swag Labs/input_Swag Labs_password' is clicked on

2023-05-12 17:17:55 - [MESSAGE][PASSED] - Object: 'Object Repository/Page_Swag Labs/input_Swag Labs_password' is clicked on

2023-05-12 17:17:55 - [TEST_STEP][PASSED] - sendKeys(findTestObject("Object Repository/Page_Swag Labs/input_Swag Labs_password"), "secret_sauce"): Keys 'secret_sauce' sent to object: 'Object Repository/Page_Swag Labs/input_Swag Labs_password'

2023-05-12 17:17:55 - [MESSAGE][PASSED] - Keys 'secret_sauce' sent to object: 'Object Repository/Page_Swag Labs/input_Swag Labs_password'

2023-05-12 17:17:55 - [TEST_STEP][PASSED] - click(findTestObject("Object Repository/Page_Swag Labs/input_Swag Labs_login-button")): Object: 'Object Repository/Page_Swag Labs/input_Swag Labs_login-button' is clicked on

2023-05-12 17:17:56 - [MESSAGE][PASSED] - Object: 'Object Repository/Page_Swag Labs/input_Swag Labs_login-button' is clicked on

2023-05-12 17:17:56 - [TEST_STEP][PASSED] - click(findTestObject("Object Repository/inventoryPage/Backpack")): Object: 'Object Repository/inventoryPage/Backpack' is clicked on

2023-05-12 17:17:56 - [MESSAGE][PASSED] - Object: 'Object Repository/inventoryPage/Backpack' is clicked on

2023-05-12 17:17:56 - [TEST_STEP][PASSED] - click(findTestObject("Object Repository/inventoryPage/button_Add to cart")): Object: 'Object Repository/inventoryPage/button_Add to cart' is clicked on

2023-05-12 17:17:57 - [MESSAGE][PASSED] - Object: 'Object Repository/inventoryPage/button_Add to cart' is clicked on

2023-05-12 17:17:57 - [TEST_STEP][PASSED] - click(findTestObject("Object Repository/inventoryPage/products_back-image")): Object: 'Object Repository/inventoryPage/products_back-image' is clicked on

2023-05-12 17:17:57 - [MESSAGE][PASSED] - Object: 'Object Repository/inventoryPage/products_back-image' is clicked on

2023-05-12 17:17:57 - [TEST_STEP][PASSED] - click(findTestObject("Object Repository/inventoryPage/cart")): Object: 'Object Repository/inventoryPage/cart' is clicked on

2023-05-12 17:17:58 - [MESSAGE][PASSED] - Object: 'Object Repository/inventoryPage/cart' is clicked on

2023-05-12 17:17:58 - [TEST_STEP][PASSED] - click(findTestObject("Object Repository/CheckoutPage/button_Checkout")): Object: 'Object Repository/CheckoutPage/button_Checkout' is clicked on

2023-05-12 17:17:58 - [MESSAGE][PASSED] - Object: 'Object Repository/CheckoutPage/button_Checkout' is clicked on

2023-05-12 17:17:58 - [TEST_STEP][PASSED] - sendKeys(findTestObject("Object Repository/checkout-step-one/input_Checkout Your Information_firstName"), "demo"): Keys 'demo' sent to object: 'Object Repository/checkout-step-one/input_Checkout Your Information_firstName'

2023-05-12 17:17:59 - [MESSAGE][PASSED] - Keys 'demo' sent to object: 'Object Repository/checkout-step-one/input_Checkout Your Information_firstName'

2023-05-12 17:17:59 - [TEST_STEP][PASSED] - sendKeys(findTestObject("Object Repository/checkout-step-one/input_Checkout Your Information_lastName"), "qa test"): Keys 'qa test' sent to object: 'Object Repository/checkout-step-one/input_Checkout Your Information_lastName'

2023-05-12 17:17:59 - [MESSAGE][PASSED] - Keys 'qa test' sent to object: 'Object Repository/checkout-step-one/input_Checkout Your Information_lastName'

2023-05-12 17:17:59 - [TEST_STEP][PASSED] - sendKeys(findTestObject("Object Repository/checkout-step-one/input_Checkout Your Information_postalCode"), "9000"): Keys '9000' sent to object: 'Object Repository/checkout-step-one/input_Checkout Your Information_postalCode'

2023-05-12 17:18:00 - [MESSAGE][PASSED] - Keys '9000' sent to object: 'Object Repository/checkout-step-one/input_Checkout Your Information_postalCode'

2023-05-12 17:18:00 - [TEST_STEP][PASSED] - click(findTestObject("Object Repository/checkout-step-one/input_continue")): Object: 'Object Repository/checkout-step-one/input_continue' is clicked on

2023-05-12 17:18:00 - [MESSAGE][PASSED] - Object: 'Object Repository/checkout-step-one/input_continue' is clicked on

2023-05-12 17:18:00 - [TEST_STEP][PASSED] - click(findTestObject("Object Repository/finish checkout/button_Finish")): Object: 'Object Repository/finish checkout/button_Finish' is clicked on

2023-05-12 17:18:01 - [MESSAGE][PASSED] - Object: 'Object Repository/finish checkout/button_Finish' is clicked on

2023-05-12 17:18:01 - [TEST_STEP][PASSED] - verifyElementVisible(findTestObject("Object Repository/order-success/h2_Thank you for your order")): Object 'Object Repository/order-success/h2_Thank you for your order' is visible

2023-05-12 17:18:01 - [MESSAGE][PASSED] - Object 'Object Repository/order-success/h2_Thank you for your order' is visible

2023-05-12 17:18:01 - [TEST_STEP][PASSED] - click(findTestObject("Object Repository/NavSideBar/sidebar")): Object: 'Object Repository/NavSideBar/sidebar' is clicked on

2023-05-12 17:18:02 - [MESSAGE][PASSED] - Object: 'Object Repository/NavSideBar/sidebar' is clicked on

2023-05-12 17:18:02 - [TEST_STEP][PASSED] - click(findTestObject("Object Repository/NavSideBar/a_Logout")): Object: 'Object Repository/NavSideBar/a_Logout' is clicked on

2023-05-12 17:18:02 - [MESSAGE][PASSED] - Object: 'Object Repository/NavSideBar/a_Logout' is clicked on

2023-05-12 17:18:02 - [TEST_STEP][PASSED] - verifyElementVisible(findTestObject("Object Repository/Page_Swag Labs/input_Swag Labs_user-name")): Object 'Object Repository/Page_Swag Labs/input_Swag Labs_user-name' is visible

2023-05-12 17:18:03 - [MESSAGE][PASSED] - Object 'Object Repository/Page_Swag Labs/input_Swag Labs_user-name' is visible

2023-05-12 17:18:03 - [TEST_STEP][PASSED] - closeBrowser(): Browser is closed

2023-05-12 17:18:03 - [MESSAGE][PASSED] - Browser is closed]]></system-out>
         <system-err><![CDATA[]]></system-err>
      </testcase>
      <testcase name="Test Cases/test-flow-1-buy-1-product" time="11.971" classname="Test Cases/test-flow-1-buy-1-product" status="PASSED">
         <system-out><![CDATA[2023-05-12 17:18:03 - [TEST_CASE][PASSED] - Test Cases/test-flow-1-buy-1-product: Test Cases/test-flow-1-buy-1-product

2023-05-12 17:18:03 - [TEST_STEP][PASSED] - openBrowser("https://www.saucedemo.com/"): Browser is opened with url: 'https://www.saucedemo.com/'

2023-05-12 17:18:03 - [MESSAGE][INFO] - Starting 'Chrome' driver

2023-05-12 17:18:03 - [MESSAGE][INFO] - Action delay is set to 0 milliseconds

2023-05-12 17:18:06 - [MESSAGE][PASSED] - Browser is opened with url: 'https://www.saucedemo.com/'

2023-05-12 17:18:06 - [TEST_STEP][PASSED] - click(findTestObject("Object Repository/Page_Swag Labs/input_Swag Labs_user-name")): Object: 'Object Repository/Page_Swag Labs/input_Swag Labs_user-name' is clicked on

2023-05-12 17:18:06 - [MESSAGE][PASSED] - Object: 'Object Repository/Page_Swag Labs/input_Swag Labs_user-name' is clicked on

2023-05-12 17:18:06 - [TEST_STEP][PASSED] - sendKeys(findTestObject("Object Repository/Page_Swag Labs/input_Swag Labs_user-name"), "standard_user"): Keys 'standard_user' sent to object: 'Object Repository/Page_Swag Labs/input_Swag Labs_user-name'

2023-05-12 17:18:06 - [MESSAGE][PASSED] - Keys 'standard_user' sent to object: 'Object Repository/Page_Swag Labs/input_Swag Labs_user-name'

2023-05-12 17:18:06 - [TEST_STEP][PASSED] - click(findTestObject("Object Repository/Page_Swag Labs/input_Swag Labs_password")): Object: 'Object Repository/Page_Swag Labs/input_Swag Labs_password' is clicked on

2023-05-12 17:18:07 - [MESSAGE][PASSED] - Object: 'Object Repository/Page_Swag Labs/input_Swag Labs_password' is clicked on

2023-05-12 17:18:07 - [TEST_STEP][PASSED] - sendKeys(findTestObject("Object Repository/Page_Swag Labs/input_Swag Labs_password"), "secret_sauce"): Keys 'secret_sauce' sent to object: 'Object Repository/Page_Swag Labs/input_Swag Labs_password'

2023-05-12 17:18:07 - [MESSAGE][PASSED] - Keys 'secret_sauce' sent to object: 'Object Repository/Page_Swag Labs/input_Swag Labs_password'

2023-05-12 17:18:07 - [TEST_STEP][PASSED] - click(findTestObject("Object Repository/Page_Swag Labs/input_Swag Labs_login-button")): Object: 'Object Repository/Page_Swag Labs/input_Swag Labs_login-button' is clicked on

2023-05-12 17:18:08 - [MESSAGE][PASSED] - Object: 'Object Repository/Page_Swag Labs/input_Swag Labs_login-button' is clicked on

2023-05-12 17:18:08 - [TEST_STEP][PASSED] - click(findTestObject("Object Repository/inventoryPage/Backpack")): Object: 'Object Repository/inventoryPage/Backpack' is clicked on

2023-05-12 17:18:08 - [MESSAGE][PASSED] - Object: 'Object Repository/inventoryPage/Backpack' is clicked on

2023-05-12 17:18:08 - [TEST_STEP][PASSED] - click(findTestObject("Object Repository/inventoryPage/button_Add to cart")): Object: 'Object Repository/inventoryPage/button_Add to cart' is clicked on

2023-05-12 17:18:09 - [MESSAGE][PASSED] - Object: 'Object Repository/inventoryPage/button_Add to cart' is clicked on

2023-05-12 17:18:09 - [TEST_STEP][PASSED] - click(findTestObject("Object Repository/inventoryPage/products_back-image")): Object: 'Object Repository/inventoryPage/products_back-image' is clicked on

2023-05-12 17:18:09 - [MESSAGE][PASSED] - Object: 'Object Repository/inventoryPage/products_back-image' is clicked on

2023-05-12 17:18:09 - [TEST_STEP][PASSED] - click(findTestObject("Object Repository/inventoryPage/cart")): Object: 'Object Repository/inventoryPage/cart' is clicked on

2023-05-12 17:18:10 - [MESSAGE][PASSED] - Object: 'Object Repository/inventoryPage/cart' is clicked on

2023-05-12 17:18:10 - [TEST_STEP][PASSED] - click(findTestObject("Object Repository/CheckoutPage/button_Checkout")): Object: 'Object Repository/CheckoutPage/button_Checkout' is clicked on

2023-05-12 17:18:10 - [MESSAGE][PASSED] - Object: 'Object Repository/CheckoutPage/button_Checkout' is clicked on

2023-05-12 17:18:10 - [TEST_STEP][PASSED] - sendKeys(findTestObject("Object Repository/checkout-step-one/input_Checkout Your Information_firstName"), "demo"): Keys 'demo' sent to object: 'Object Repository/checkout-step-one/input_Checkout Your Information_firstName'

2023-05-12 17:18:11 - [MESSAGE][PASSED] - Keys 'demo' sent to object: 'Object Repository/checkout-step-one/input_Checkout Your Information_firstName'

2023-05-12 17:18:11 - [TEST_STEP][PASSED] - sendKeys(findTestObject("Object Repository/checkout-step-one/input_Checkout Your Information_lastName"), "qa test"): Keys 'qa test' sent to object: 'Object Repository/checkout-step-one/input_Checkout Your Information_lastName'

2023-05-12 17:18:11 - [MESSAGE][PASSED] - Keys 'qa test' sent to object: 'Object Repository/checkout-step-one/input_Checkout Your Information_lastName'

2023-05-12 17:18:11 - [TEST_STEP][PASSED] - sendKeys(findTestObject("Object Repository/checkout-step-one/input_Checkout Your Information_postalCode"), "9000"): Keys '9000' sent to object: 'Object Repository/checkout-step-one/input_Checkout Your Information_postalCode'

2023-05-12 17:18:12 - [MESSAGE][PASSED] - Keys '9000' sent to object: 'Object Repository/checkout-step-one/input_Checkout Your Information_postalCode'

2023-05-12 17:18:12 - [TEST_STEP][PASSED] - click(findTestObject("Object Repository/checkout-step-one/input_continue")): Object: 'Object Repository/checkout-step-one/input_continue' is clicked on

2023-05-12 17:18:12 - [MESSAGE][PASSED] - Object: 'Object Repository/checkout-step-one/input_continue' is clicked on

2023-05-12 17:18:12 - [TEST_STEP][PASSED] - click(findTestObject("Object Repository/finish checkout/button_Finish")): Object: 'Object Repository/finish checkout/button_Finish' is clicked on

2023-05-12 17:18:13 - [MESSAGE][PASSED] - Object: 'Object Repository/finish checkout/button_Finish' is clicked on

2023-05-12 17:18:13 - [TEST_STEP][PASSED] - verifyElementVisible(findTestObject("Object Repository/order-success/h2_Thank you for your order")): Object 'Object Repository/order-success/h2_Thank you for your order' is visible

2023-05-12 17:18:13 - [MESSAGE][PASSED] - Object 'Object Repository/order-success/h2_Thank you for your order' is visible

2023-05-12 17:18:13 - [TEST_STEP][PASSED] - click(findTestObject("Object Repository/NavSideBar/sidebar")): Object: 'Object Repository/NavSideBar/sidebar' is clicked on

2023-05-12 17:18:14 - [MESSAGE][PASSED] - Object: 'Object Repository/NavSideBar/sidebar' is clicked on

2023-05-12 17:18:14 - [TEST_STEP][PASSED] - click(findTestObject("Object Repository/NavSideBar/a_Logout")): Object: 'Object Repository/NavSideBar/a_Logout' is clicked on

2023-05-12 17:18:14 - [MESSAGE][PASSED] - Object: 'Object Repository/NavSideBar/a_Logout' is clicked on

2023-05-12 17:18:14 - [TEST_STEP][PASSED] - verifyElementVisible(findTestObject("Object Repository/Page_Swag Labs/input_Swag Labs_user-name")): Object 'Object Repository/Page_Swag Labs/input_Swag Labs_user-name' is visible

2023-05-12 17:18:15 - [MESSAGE][PASSED] - Object 'Object Repository/Page_Swag Labs/input_Swag Labs_user-name' is visible

2023-05-12 17:18:15 - [TEST_STEP][PASSED] - closeBrowser(): Browser is closed

2023-05-12 17:18:15 - [MESSAGE][PASSED] - Browser is closed]]></system-out>
         <system-err><![CDATA[]]></system-err>
      </testcase>
      <testcase name="Test Cases/test-flow-1-buy-1-product" time="14.336" classname="Test Cases/test-flow-1-buy-1-product" status="PASSED">
         <system-out><![CDATA[2023-05-12 17:18:15 - [TEST_CASE][PASSED] - Test Cases/test-flow-1-buy-1-product: Test Cases/test-flow-1-buy-1-product

2023-05-12 17:18:15 - [TEST_STEP][PASSED] - openBrowser("https://www.saucedemo.com/"): Browser is opened with url: 'https://www.saucedemo.com/'

2023-05-12 17:18:15 - [MESSAGE][INFO] - Starting 'Chrome' driver

2023-05-12 17:18:15 - [MESSAGE][INFO] - Action delay is set to 0 milliseconds

2023-05-12 17:18:18 - [MESSAGE][PASSED] - Browser is opened with url: 'https://www.saucedemo.com/'

2023-05-12 17:18:18 - [TEST_STEP][PASSED] - click(findTestObject("Object Repository/Page_Swag Labs/input_Swag Labs_user-name")): Object: 'Object Repository/Page_Swag Labs/input_Swag Labs_user-name' is clicked on

2023-05-12 17:18:19 - [MESSAGE][PASSED] - Object: 'Object Repository/Page_Swag Labs/input_Swag Labs_user-name' is clicked on

2023-05-12 17:18:19 - [TEST_STEP][PASSED] - sendKeys(findTestObject("Object Repository/Page_Swag Labs/input_Swag Labs_user-name"), "standard_user"): Keys 'standard_user' sent to object: 'Object Repository/Page_Swag Labs/input_Swag Labs_user-name'

2023-05-12 17:18:19 - [MESSAGE][PASSED] - Keys 'standard_user' sent to object: 'Object Repository/Page_Swag Labs/input_Swag Labs_user-name'

2023-05-12 17:18:19 - [TEST_STEP][PASSED] - click(findTestObject("Object Repository/Page_Swag Labs/input_Swag Labs_password")): Object: 'Object Repository/Page_Swag Labs/input_Swag Labs_password' is clicked on

2023-05-12 17:18:20 - [MESSAGE][PASSED] - Object: 'Object Repository/Page_Swag Labs/input_Swag Labs_password' is clicked on

2023-05-12 17:18:20 - [TEST_STEP][PASSED] - sendKeys(findTestObject("Object Repository/Page_Swag Labs/input_Swag Labs_password"), "secret_sauce"): Keys 'secret_sauce' sent to object: 'Object Repository/Page_Swag Labs/input_Swag Labs_password'

2023-05-12 17:18:21 - [MESSAGE][PASSED] - Keys 'secret_sauce' sent to object: 'Object Repository/Page_Swag Labs/input_Swag Labs_password'

2023-05-12 17:18:21 - [TEST_STEP][PASSED] - click(findTestObject("Object Repository/Page_Swag Labs/input_Swag Labs_login-button")): Object: 'Object Repository/Page_Swag Labs/input_Swag Labs_login-button' is clicked on

2023-05-12 17:18:21 - [MESSAGE][PASSED] - Object: 'Object Repository/Page_Swag Labs/input_Swag Labs_login-button' is clicked on

2023-05-12 17:18:21 - [TEST_STEP][PASSED] - click(findTestObject("Object Repository/inventoryPage/Backpack")): Object: 'Object Repository/inventoryPage/Backpack' is clicked on

2023-05-12 17:18:22 - [MESSAGE][PASSED] - Object: 'Object Repository/inventoryPage/Backpack' is clicked on

2023-05-12 17:18:22 - [TEST_STEP][PASSED] - click(findTestObject("Object Repository/inventoryPage/button_Add to cart")): Object: 'Object Repository/inventoryPage/button_Add to cart' is clicked on

2023-05-12 17:18:22 - [MESSAGE][PASSED] - Object: 'Object Repository/inventoryPage/button_Add to cart' is clicked on

2023-05-12 17:18:22 - [TEST_STEP][PASSED] - click(findTestObject("Object Repository/inventoryPage/products_back-image")): Object: 'Object Repository/inventoryPage/products_back-image' is clicked on

2023-05-12 17:18:23 - [MESSAGE][PASSED] - Object: 'Object Repository/inventoryPage/products_back-image' is clicked on

2023-05-12 17:18:23 - [TEST_STEP][PASSED] - click(findTestObject("Object Repository/inventoryPage/cart")): Object: 'Object Repository/inventoryPage/cart' is clicked on

2023-05-12 17:18:23 - [MESSAGE][PASSED] - Object: 'Object Repository/inventoryPage/cart' is clicked on

2023-05-12 17:18:23 - [TEST_STEP][PASSED] - click(findTestObject("Object Repository/CheckoutPage/button_Checkout")): Object: 'Object Repository/CheckoutPage/button_Checkout' is clicked on

2023-05-12 17:18:24 - [MESSAGE][PASSED] - Object: 'Object Repository/CheckoutPage/button_Checkout' is clicked on

2023-05-12 17:18:24 - [TEST_STEP][PASSED] - sendKeys(findTestObject("Object Repository/checkout-step-one/input_Checkout Your Information_firstName"), "demo"): Keys 'demo' sent to object: 'Object Repository/checkout-step-one/input_Checkout Your Information_firstName'

2023-05-12 17:18:24 - [MESSAGE][PASSED] - Keys 'demo' sent to object: 'Object Repository/checkout-step-one/input_Checkout Your Information_firstName'

2023-05-12 17:18:24 - [TEST_STEP][PASSED] - sendKeys(findTestObject("Object Repository/checkout-step-one/input_Checkout Your Information_lastName"), "qa test"): Keys 'qa test' sent to object: 'Object Repository/checkout-step-one/input_Checkout Your Information_lastName'

2023-05-12 17:18:25 - [MESSAGE][PASSED] - Keys 'qa test' sent to object: 'Object Repository/checkout-step-one/input_Checkout Your Information_lastName'

2023-05-12 17:18:25 - [TEST_STEP][PASSED] - sendKeys(findTestObject("Object Repository/checkout-step-one/input_Checkout Your Information_postalCode"), "9000"): Keys '9000' sent to object: 'Object Repository/checkout-step-one/input_Checkout Your Information_postalCode'

2023-05-12 17:18:25 - [MESSAGE][PASSED] - Keys '9000' sent to object: 'Object Repository/checkout-step-one/input_Checkout Your Information_postalCode'

2023-05-12 17:18:25 - [TEST_STEP][PASSED] - click(findTestObject("Object Repository/checkout-step-one/input_continue")): Object: 'Object Repository/checkout-step-one/input_continue' is clicked on

2023-05-12 17:18:26 - [MESSAGE][PASSED] - Object: 'Object Repository/checkout-step-one/input_continue' is clicked on

2023-05-12 17:18:26 - [TEST_STEP][PASSED] - click(findTestObject("Object Repository/finish checkout/button_Finish")): Object: 'Object Repository/finish checkout/button_Finish' is clicked on

2023-05-12 17:18:27 - [MESSAGE][PASSED] - Object: 'Object Repository/finish checkout/button_Finish' is clicked on

2023-05-12 17:18:27 - [TEST_STEP][PASSED] - verifyElementVisible(findTestObject("Object Repository/order-success/h2_Thank you for your order")): Object 'Object Repository/order-success/h2_Thank you for your order' is visible

2023-05-12 17:18:27 - [MESSAGE][PASSED] - Object 'Object Repository/order-success/h2_Thank you for your order' is visible

2023-05-12 17:18:27 - [TEST_STEP][PASSED] - click(findTestObject("Object Repository/NavSideBar/sidebar")): Object: 'Object Repository/NavSideBar/sidebar' is clicked on

2023-05-12 17:18:28 - [MESSAGE][PASSED] - Object: 'Object Repository/NavSideBar/sidebar' is clicked on

2023-05-12 17:18:28 - [TEST_STEP][PASSED] - click(findTestObject("Object Repository/NavSideBar/a_Logout")): Object: 'Object Repository/NavSideBar/a_Logout' is clicked on

2023-05-12 17:18:28 - [MESSAGE][PASSED] - Object: 'Object Repository/NavSideBar/a_Logout' is clicked on

2023-05-12 17:18:28 - [TEST_STEP][PASSED] - verifyElementVisible(findTestObject("Object Repository/Page_Swag Labs/input_Swag Labs_user-name")): Object 'Object Repository/Page_Swag Labs/input_Swag Labs_user-name' is visible

2023-05-12 17:18:29 - [MESSAGE][PASSED] - Object 'Object Repository/Page_Swag Labs/input_Swag Labs_user-name' is visible

2023-05-12 17:18:29 - [TEST_STEP][PASSED] - closeBrowser(): Browser is closed

2023-05-12 17:18:30 - [MESSAGE][PASSED] - Browser is closed]]></system-out>
         <system-err><![CDATA[]]></system-err>
      </testcase>
      <testcase name="Test Cases/test-flow-1-buy-1-product" time="14.62" classname="Test Cases/test-flow-1-buy-1-product" status="PASSED">
         <system-out><![CDATA[2023-05-12 17:18:30 - [TEST_CASE][PASSED] - Test Cases/test-flow-1-buy-1-product: Test Cases/test-flow-1-buy-1-product

2023-05-12 17:18:30 - [TEST_STEP][PASSED] - openBrowser("https://www.saucedemo.com/"): Browser is opened with url: 'https://www.saucedemo.com/'

2023-05-12 17:18:30 - [MESSAGE][INFO] - Starting 'Chrome' driver

2023-05-12 17:18:30 - [MESSAGE][INFO] - Action delay is set to 0 milliseconds

2023-05-12 17:18:34 - [MESSAGE][PASSED] - Browser is opened with url: 'https://www.saucedemo.com/'

2023-05-12 17:18:34 - [TEST_STEP][PASSED] - click(findTestObject("Object Repository/Page_Swag Labs/input_Swag Labs_user-name")): Object: 'Object Repository/Page_Swag Labs/input_Swag Labs_user-name' is clicked on

2023-05-12 17:18:35 - [MESSAGE][PASSED] - Object: 'Object Repository/Page_Swag Labs/input_Swag Labs_user-name' is clicked on

2023-05-12 17:18:35 - [TEST_STEP][PASSED] - sendKeys(findTestObject("Object Repository/Page_Swag Labs/input_Swag Labs_user-name"), "standard_user"): Keys 'standard_user' sent to object: 'Object Repository/Page_Swag Labs/input_Swag Labs_user-name'

2023-05-12 17:18:35 - [MESSAGE][PASSED] - Keys 'standard_user' sent to object: 'Object Repository/Page_Swag Labs/input_Swag Labs_user-name'

2023-05-12 17:18:35 - [TEST_STEP][PASSED] - click(findTestObject("Object Repository/Page_Swag Labs/input_Swag Labs_password")): Object: 'Object Repository/Page_Swag Labs/input_Swag Labs_password' is clicked on

2023-05-12 17:18:35 - [MESSAGE][PASSED] - Object: 'Object Repository/Page_Swag Labs/input_Swag Labs_password' is clicked on

2023-05-12 17:18:35 - [TEST_STEP][PASSED] - sendKeys(findTestObject("Object Repository/Page_Swag Labs/input_Swag Labs_password"), "secret_sauce"): Keys 'secret_sauce' sent to object: 'Object Repository/Page_Swag Labs/input_Swag Labs_password'

2023-05-12 17:18:36 - [MESSAGE][PASSED] - Keys 'secret_sauce' sent to object: 'Object Repository/Page_Swag Labs/input_Swag Labs_password'

2023-05-12 17:18:36 - [TEST_STEP][PASSED] - click(findTestObject("Object Repository/Page_Swag Labs/input_Swag Labs_login-button")): Object: 'Object Repository/Page_Swag Labs/input_Swag Labs_login-button' is clicked on

2023-05-12 17:18:36 - [MESSAGE][PASSED] - Object: 'Object Repository/Page_Swag Labs/input_Swag Labs_login-button' is clicked on

2023-05-12 17:18:36 - [TEST_STEP][PASSED] - click(findTestObject("Object Repository/inventoryPage/Backpack")): Object: 'Object Repository/inventoryPage/Backpack' is clicked on

2023-05-12 17:18:37 - [MESSAGE][PASSED] - Object: 'Object Repository/inventoryPage/Backpack' is clicked on

2023-05-12 17:18:37 - [TEST_STEP][PASSED] - click(findTestObject("Object Repository/inventoryPage/button_Add to cart")): Object: 'Object Repository/inventoryPage/button_Add to cart' is clicked on

2023-05-12 17:18:37 - [MESSAGE][PASSED] - Object: 'Object Repository/inventoryPage/button_Add to cart' is clicked on

2023-05-12 17:18:37 - [TEST_STEP][PASSED] - click(findTestObject("Object Repository/inventoryPage/products_back-image")): Object: 'Object Repository/inventoryPage/products_back-image' is clicked on

2023-05-12 17:18:38 - [MESSAGE][PASSED] - Object: 'Object Repository/inventoryPage/products_back-image' is clicked on

2023-05-12 17:18:38 - [TEST_STEP][PASSED] - click(findTestObject("Object Repository/inventoryPage/cart")): Object: 'Object Repository/inventoryPage/cart' is clicked on

2023-05-12 17:18:38 - [MESSAGE][PASSED] - Object: 'Object Repository/inventoryPage/cart' is clicked on

2023-05-12 17:18:38 - [TEST_STEP][PASSED] - click(findTestObject("Object Repository/CheckoutPage/button_Checkout")): Object: 'Object Repository/CheckoutPage/button_Checkout' is clicked on

2023-05-12 17:18:39 - [MESSAGE][PASSED] - Object: 'Object Repository/CheckoutPage/button_Checkout' is clicked on

2023-05-12 17:18:39 - [TEST_STEP][PASSED] - sendKeys(findTestObject("Object Repository/checkout-step-one/input_Checkout Your Information_firstName"), "demo"): Keys 'demo' sent to object: 'Object Repository/checkout-step-one/input_Checkout Your Information_firstName'

2023-05-12 17:18:39 - [MESSAGE][PASSED] - Keys 'demo' sent to object: 'Object Repository/checkout-step-one/input_Checkout Your Information_firstName'

2023-05-12 17:18:39 - [TEST_STEP][PASSED] - sendKeys(findTestObject("Object Repository/checkout-step-one/input_Checkout Your Information_lastName"), "qa test"): Keys 'qa test' sent to object: 'Object Repository/checkout-step-one/input_Checkout Your Information_lastName'

2023-05-12 17:18:40 - [MESSAGE][PASSED] - Keys 'qa test' sent to object: 'Object Repository/checkout-step-one/input_Checkout Your Information_lastName'

2023-05-12 17:18:40 - [TEST_STEP][PASSED] - sendKeys(findTestObject("Object Repository/checkout-step-one/input_Checkout Your Information_postalCode"), "9000"): Keys '9000' sent to object: 'Object Repository/checkout-step-one/input_Checkout Your Information_postalCode'

2023-05-12 17:18:41 - [MESSAGE][PASSED] - Keys '9000' sent to object: 'Object Repository/checkout-step-one/input_Checkout Your Information_postalCode'

2023-05-12 17:18:41 - [TEST_STEP][PASSED] - click(findTestObject("Object Repository/checkout-step-one/input_continue")): Object: 'Object Repository/checkout-step-one/input_continue' is clicked on

2023-05-12 17:18:41 - [MESSAGE][PASSED] - Object: 'Object Repository/checkout-step-one/input_continue' is clicked on

2023-05-12 17:18:41 - [TEST_STEP][PASSED] - click(findTestObject("Object Repository/finish checkout/button_Finish")): Object: 'Object Repository/finish checkout/button_Finish' is clicked on

2023-05-12 17:18:42 - [MESSAGE][PASSED] - Object: 'Object Repository/finish checkout/button_Finish' is clicked on

2023-05-12 17:18:42 - [TEST_STEP][PASSED] - verifyElementVisible(findTestObject("Object Repository/order-success/h2_Thank you for your order")): Object 'Object Repository/order-success/h2_Thank you for your order' is visible

2023-05-12 17:18:42 - [MESSAGE][PASSED] - Object 'Object Repository/order-success/h2_Thank you for your order' is visible

2023-05-12 17:18:42 - [TEST_STEP][PASSED] - click(findTestObject("Object Repository/NavSideBar/sidebar")): Object: 'Object Repository/NavSideBar/sidebar' is clicked on

2023-05-12 17:18:43 - [MESSAGE][PASSED] - Object: 'Object Repository/NavSideBar/sidebar' is clicked on

2023-05-12 17:18:43 - [TEST_STEP][PASSED] - click(findTestObject("Object Repository/NavSideBar/a_Logout")): Object: 'Object Repository/NavSideBar/a_Logout' is clicked on

2023-05-12 17:18:43 - [MESSAGE][PASSED] - Object: 'Object Repository/NavSideBar/a_Logout' is clicked on

2023-05-12 17:18:43 - [TEST_STEP][PASSED] - verifyElementVisible(findTestObject("Object Repository/Page_Swag Labs/input_Swag Labs_user-name")): Object 'Object Repository/Page_Swag Labs/input_Swag Labs_user-name' is visible

2023-05-12 17:18:43 - [MESSAGE][PASSED] - Object 'Object Repository/Page_Swag Labs/input_Swag Labs_user-name' is visible

2023-05-12 17:18:43 - [TEST_STEP][PASSED] - closeBrowser(): Browser is closed

2023-05-12 17:18:44 - [MESSAGE][PASSED] - Browser is closed]]></system-out>
         <system-err><![CDATA[]]></system-err>
      </testcase>
      <testcase name="Test Cases/test-flow-1-buy-1-product" time="12.373" classname="Test Cases/test-flow-1-buy-1-product" status="PASSED">
         <system-out><![CDATA[2023-05-12 17:18:44 - [TEST_CASE][PASSED] - Test Cases/test-flow-1-buy-1-product: Test Cases/test-flow-1-buy-1-product

2023-05-12 17:18:44 - [TEST_STEP][PASSED] - openBrowser("https://www.saucedemo.com/"): Browser is opened with url: 'https://www.saucedemo.com/'

2023-05-12 17:18:44 - [MESSAGE][INFO] - Starting 'Chrome' driver

2023-05-12 17:18:44 - [MESSAGE][INFO] - Action delay is set to 0 milliseconds

2023-05-12 17:18:47 - [MESSAGE][PASSED] - Browser is opened with url: 'https://www.saucedemo.com/'

2023-05-12 17:18:47 - [TEST_STEP][PASSED] - click(findTestObject("Object Repository/Page_Swag Labs/input_Swag Labs_user-name")): Object: 'Object Repository/Page_Swag Labs/input_Swag Labs_user-name' is clicked on

2023-05-12 17:18:47 - [MESSAGE][PASSED] - Object: 'Object Repository/Page_Swag Labs/input_Swag Labs_user-name' is clicked on

2023-05-12 17:18:47 - [TEST_STEP][PASSED] - sendKeys(findTestObject("Object Repository/Page_Swag Labs/input_Swag Labs_user-name"), "standard_user"): Keys 'standard_user' sent to object: 'Object Repository/Page_Swag Labs/input_Swag Labs_user-name'

2023-05-12 17:18:48 - [MESSAGE][PASSED] - Keys 'standard_user' sent to object: 'Object Repository/Page_Swag Labs/input_Swag Labs_user-name'

2023-05-12 17:18:48 - [TEST_STEP][PASSED] - click(findTestObject("Object Repository/Page_Swag Labs/input_Swag Labs_password")): Object: 'Object Repository/Page_Swag Labs/input_Swag Labs_password' is clicked on

2023-05-12 17:18:48 - [MESSAGE][PASSED] - Object: 'Object Repository/Page_Swag Labs/input_Swag Labs_password' is clicked on

2023-05-12 17:18:48 - [TEST_STEP][PASSED] - sendKeys(findTestObject("Object Repository/Page_Swag Labs/input_Swag Labs_password"), "secret_sauce"): Keys 'secret_sauce' sent to object: 'Object Repository/Page_Swag Labs/input_Swag Labs_password'

2023-05-12 17:18:48 - [MESSAGE][PASSED] - Keys 'secret_sauce' sent to object: 'Object Repository/Page_Swag Labs/input_Swag Labs_password'

2023-05-12 17:18:48 - [TEST_STEP][PASSED] - click(findTestObject("Object Repository/Page_Swag Labs/input_Swag Labs_login-button")): Object: 'Object Repository/Page_Swag Labs/input_Swag Labs_login-button' is clicked on

2023-05-12 17:18:49 - [MESSAGE][PASSED] - Object: 'Object Repository/Page_Swag Labs/input_Swag Labs_login-button' is clicked on

2023-05-12 17:18:49 - [TEST_STEP][PASSED] - click(findTestObject("Object Repository/inventoryPage/Backpack")): Object: 'Object Repository/inventoryPage/Backpack' is clicked on

2023-05-12 17:18:49 - [MESSAGE][PASSED] - Object: 'Object Repository/inventoryPage/Backpack' is clicked on

2023-05-12 17:18:49 - [TEST_STEP][PASSED] - click(findTestObject("Object Repository/inventoryPage/button_Add to cart")): Object: 'Object Repository/inventoryPage/button_Add to cart' is clicked on

2023-05-12 17:18:50 - [MESSAGE][PASSED] - Object: 'Object Repository/inventoryPage/button_Add to cart' is clicked on

2023-05-12 17:18:50 - [TEST_STEP][PASSED] - click(findTestObject("Object Repository/inventoryPage/products_back-image")): Object: 'Object Repository/inventoryPage/products_back-image' is clicked on

2023-05-12 17:18:50 - [MESSAGE][PASSED] - Object: 'Object Repository/inventoryPage/products_back-image' is clicked on

2023-05-12 17:18:50 - [TEST_STEP][PASSED] - click(findTestObject("Object Repository/inventoryPage/cart")): Object: 'Object Repository/inventoryPage/cart' is clicked on

2023-05-12 17:18:51 - [MESSAGE][PASSED] - Object: 'Object Repository/inventoryPage/cart' is clicked on

2023-05-12 17:18:51 - [TEST_STEP][PASSED] - click(findTestObject("Object Repository/CheckoutPage/button_Checkout")): Object: 'Object Repository/CheckoutPage/button_Checkout' is clicked on

2023-05-12 17:18:51 - [MESSAGE][PASSED] - Object: 'Object Repository/CheckoutPage/button_Checkout' is clicked on

2023-05-12 17:18:51 - [TEST_STEP][PASSED] - sendKeys(findTestObject("Object Repository/checkout-step-one/input_Checkout Your Information_firstName"), "demo"): Keys 'demo' sent to object: 'Object Repository/checkout-step-one/input_Checkout Your Information_firstName'

2023-05-12 17:18:52 - [MESSAGE][PASSED] - Keys 'demo' sent to object: 'Object Repository/checkout-step-one/input_Checkout Your Information_firstName'

2023-05-12 17:18:52 - [TEST_STEP][PASSED] - sendKeys(findTestObject("Object Repository/checkout-step-one/input_Checkout Your Information_lastName"), "qa test"): Keys 'qa test' sent to object: 'Object Repository/checkout-step-one/input_Checkout Your Information_lastName'

2023-05-12 17:18:53 - [MESSAGE][PASSED] - Keys 'qa test' sent to object: 'Object Repository/checkout-step-one/input_Checkout Your Information_lastName'

2023-05-12 17:18:53 - [TEST_STEP][PASSED] - sendKeys(findTestObject("Object Repository/checkout-step-one/input_Checkout Your Information_postalCode"), "9000"): Keys '9000' sent to object: 'Object Repository/checkout-step-one/input_Checkout Your Information_postalCode'

2023-05-12 17:18:53 - [MESSAGE][PASSED] - Keys '9000' sent to object: 'Object Repository/checkout-step-one/input_Checkout Your Information_postalCode'

2023-05-12 17:18:53 - [TEST_STEP][PASSED] - click(findTestObject("Object Repository/checkout-step-one/input_continue")): Object: 'Object Repository/checkout-step-one/input_continue' is clicked on

2023-05-12 17:18:54 - [MESSAGE][PASSED] - Object: 'Object Repository/checkout-step-one/input_continue' is clicked on

2023-05-12 17:18:54 - [TEST_STEP][PASSED] - click(findTestObject("Object Repository/finish checkout/button_Finish")): Object: 'Object Repository/finish checkout/button_Finish' is clicked on

2023-05-12 17:18:54 - [MESSAGE][PASSED] - Object: 'Object Repository/finish checkout/button_Finish' is clicked on

2023-05-12 17:18:54 - [TEST_STEP][PASSED] - verifyElementVisible(findTestObject("Object Repository/order-success/h2_Thank you for your order")): Object 'Object Repository/order-success/h2_Thank you for your order' is visible

2023-05-12 17:18:55 - [MESSAGE][PASSED] - Object 'Object Repository/order-success/h2_Thank you for your order' is visible

2023-05-12 17:18:55 - [TEST_STEP][PASSED] - click(findTestObject("Object Repository/NavSideBar/sidebar")): Object: 'Object Repository/NavSideBar/sidebar' is clicked on

2023-05-12 17:18:55 - [MESSAGE][PASSED] - Object: 'Object Repository/NavSideBar/sidebar' is clicked on

2023-05-12 17:18:55 - [TEST_STEP][PASSED] - click(findTestObject("Object Repository/NavSideBar/a_Logout")): Object: 'Object Repository/NavSideBar/a_Logout' is clicked on

2023-05-12 17:18:56 - [MESSAGE][PASSED] - Object: 'Object Repository/NavSideBar/a_Logout' is clicked on

2023-05-12 17:18:56 - [TEST_STEP][PASSED] - verifyElementVisible(findTestObject("Object Repository/Page_Swag Labs/input_Swag Labs_user-name")): Object 'Object Repository/Page_Swag Labs/input_Swag Labs_user-name' is visible

2023-05-12 17:18:56 - [MESSAGE][PASSED] - Object 'Object Repository/Page_Swag Labs/input_Swag Labs_user-name' is visible

2023-05-12 17:18:56 - [TEST_STEP][PASSED] - closeBrowser(): Browser is closed

2023-05-12 17:18:57 - [MESSAGE][PASSED] - Browser is closed]]></system-out>
         <system-err><![CDATA[]]></system-err>
      </testcase>
      <testcase name="Test Cases/test-flow-1-buy-1-product" time="11.888" classname="Test Cases/test-flow-1-buy-1-product" status="PASSED">
         <system-out><![CDATA[2023-05-12 17:18:57 - [TEST_CASE][PASSED] - Test Cases/test-flow-1-buy-1-product: Test Cases/test-flow-1-buy-1-product

2023-05-12 17:18:57 - [TEST_STEP][PASSED] - openBrowser("https://www.saucedemo.com/"): Browser is opened with url: 'https://www.saucedemo.com/'

2023-05-12 17:18:57 - [MESSAGE][INFO] - Starting 'Chrome' driver

2023-05-12 17:18:57 - [MESSAGE][INFO] - Action delay is set to 0 milliseconds

2023-05-12 17:18:59 - [MESSAGE][PASSED] - Browser is opened with url: 'https://www.saucedemo.com/'

2023-05-12 17:18:59 - [TEST_STEP][PASSED] - click(findTestObject("Object Repository/Page_Swag Labs/input_Swag Labs_user-name")): Object: 'Object Repository/Page_Swag Labs/input_Swag Labs_user-name' is clicked on

2023-05-12 17:18:59 - [MESSAGE][PASSED] - Object: 'Object Repository/Page_Swag Labs/input_Swag Labs_user-name' is clicked on

2023-05-12 17:18:59 - [TEST_STEP][PASSED] - sendKeys(findTestObject("Object Repository/Page_Swag Labs/input_Swag Labs_user-name"), "standard_user"): Keys 'standard_user' sent to object: 'Object Repository/Page_Swag Labs/input_Swag Labs_user-name'

2023-05-12 17:19:00 - [MESSAGE][PASSED] - Keys 'standard_user' sent to object: 'Object Repository/Page_Swag Labs/input_Swag Labs_user-name'

2023-05-12 17:19:00 - [TEST_STEP][PASSED] - click(findTestObject("Object Repository/Page_Swag Labs/input_Swag Labs_password")): Object: 'Object Repository/Page_Swag Labs/input_Swag Labs_password' is clicked on

2023-05-12 17:19:00 - [MESSAGE][PASSED] - Object: 'Object Repository/Page_Swag Labs/input_Swag Labs_password' is clicked on

2023-05-12 17:19:00 - [TEST_STEP][PASSED] - sendKeys(findTestObject("Object Repository/Page_Swag Labs/input_Swag Labs_password"), "secret_sauce"): Keys 'secret_sauce' sent to object: 'Object Repository/Page_Swag Labs/input_Swag Labs_password'

2023-05-12 17:19:00 - [MESSAGE][PASSED] - Keys 'secret_sauce' sent to object: 'Object Repository/Page_Swag Labs/input_Swag Labs_password'

2023-05-12 17:19:00 - [TEST_STEP][PASSED] - click(findTestObject("Object Repository/Page_Swag Labs/input_Swag Labs_login-button")): Object: 'Object Repository/Page_Swag Labs/input_Swag Labs_login-button' is clicked on

2023-05-12 17:19:01 - [MESSAGE][PASSED] - Object: 'Object Repository/Page_Swag Labs/input_Swag Labs_login-button' is clicked on

2023-05-12 17:19:01 - [TEST_STEP][PASSED] - click(findTestObject("Object Repository/inventoryPage/Backpack")): Object: 'Object Repository/inventoryPage/Backpack' is clicked on

2023-05-12 17:19:01 - [MESSAGE][PASSED] - Object: 'Object Repository/inventoryPage/Backpack' is clicked on

2023-05-12 17:19:01 - [TEST_STEP][PASSED] - click(findTestObject("Object Repository/inventoryPage/button_Add to cart")): Object: 'Object Repository/inventoryPage/button_Add to cart' is clicked on

2023-05-12 17:19:02 - [MESSAGE][PASSED] - Object: 'Object Repository/inventoryPage/button_Add to cart' is clicked on

2023-05-12 17:19:02 - [TEST_STEP][PASSED] - click(findTestObject("Object Repository/inventoryPage/products_back-image")): Object: 'Object Repository/inventoryPage/products_back-image' is clicked on

2023-05-12 17:19:02 - [MESSAGE][PASSED] - Object: 'Object Repository/inventoryPage/products_back-image' is clicked on

2023-05-12 17:19:02 - [TEST_STEP][PASSED] - click(findTestObject("Object Repository/inventoryPage/cart")): Object: 'Object Repository/inventoryPage/cart' is clicked on

2023-05-12 17:19:03 - [MESSAGE][PASSED] - Object: 'Object Repository/inventoryPage/cart' is clicked on

2023-05-12 17:19:03 - [TEST_STEP][PASSED] - click(findTestObject("Object Repository/CheckoutPage/button_Checkout")): Object: 'Object Repository/CheckoutPage/button_Checkout' is clicked on

2023-05-12 17:19:03 - [MESSAGE][PASSED] - Object: 'Object Repository/CheckoutPage/button_Checkout' is clicked on

2023-05-12 17:19:03 - [TEST_STEP][PASSED] - sendKeys(findTestObject("Object Repository/checkout-step-one/input_Checkout Your Information_firstName"), "demo"): Keys 'demo' sent to object: 'Object Repository/checkout-step-one/input_Checkout Your Information_firstName'

2023-05-12 17:19:04 - [MESSAGE][PASSED] - Keys 'demo' sent to object: 'Object Repository/checkout-step-one/input_Checkout Your Information_firstName'

2023-05-12 17:19:04 - [TEST_STEP][PASSED] - sendKeys(findTestObject("Object Repository/checkout-step-one/input_Checkout Your Information_lastName"), "qa test"): Keys 'qa test' sent to object: 'Object Repository/checkout-step-one/input_Checkout Your Information_lastName'

2023-05-12 17:19:04 - [MESSAGE][PASSED] - Keys 'qa test' sent to object: 'Object Repository/checkout-step-one/input_Checkout Your Information_lastName'

2023-05-12 17:19:04 - [TEST_STEP][PASSED] - sendKeys(findTestObject("Object Repository/checkout-step-one/input_Checkout Your Information_postalCode"), "9000"): Keys '9000' sent to object: 'Object Repository/checkout-step-one/input_Checkout Your Information_postalCode'

2023-05-12 17:19:05 - [MESSAGE][PASSED] - Keys '9000' sent to object: 'Object Repository/checkout-step-one/input_Checkout Your Information_postalCode'

2023-05-12 17:19:05 - [TEST_STEP][PASSED] - click(findTestObject("Object Repository/checkout-step-one/input_continue")): Object: 'Object Repository/checkout-step-one/input_continue' is clicked on

2023-05-12 17:19:05 - [MESSAGE][PASSED] - Object: 'Object Repository/checkout-step-one/input_continue' is clicked on

2023-05-12 17:19:05 - [TEST_STEP][PASSED] - click(findTestObject("Object Repository/finish checkout/button_Finish")): Object: 'Object Repository/finish checkout/button_Finish' is clicked on

2023-05-12 17:19:06 - [MESSAGE][PASSED] - Object: 'Object Repository/finish checkout/button_Finish' is clicked on

2023-05-12 17:19:06 - [TEST_STEP][PASSED] - verifyElementVisible(findTestObject("Object Repository/order-success/h2_Thank you for your order")): Object 'Object Repository/order-success/h2_Thank you for your order' is visible

2023-05-12 17:19:06 - [MESSAGE][PASSED] - Object 'Object Repository/order-success/h2_Thank you for your order' is visible

2023-05-12 17:19:06 - [TEST_STEP][PASSED] - click(findTestObject("Object Repository/NavSideBar/sidebar")): Object: 'Object Repository/NavSideBar/sidebar' is clicked on

2023-05-12 17:19:07 - [MESSAGE][PASSED] - Object: 'Object Repository/NavSideBar/sidebar' is clicked on

2023-05-12 17:19:07 - [TEST_STEP][PASSED] - click(findTestObject("Object Repository/NavSideBar/a_Logout")): Object: 'Object Repository/NavSideBar/a_Logout' is clicked on

2023-05-12 17:19:07 - [MESSAGE][PASSED] - Object: 'Object Repository/NavSideBar/a_Logout' is clicked on

2023-05-12 17:19:07 - [TEST_STEP][PASSED] - verifyElementVisible(findTestObject("Object Repository/Page_Swag Labs/input_Swag Labs_user-name")): Object 'Object Repository/Page_Swag Labs/input_Swag Labs_user-name' is visible

2023-05-12 17:19:08 - [MESSAGE][PASSED] - Object 'Object Repository/Page_Swag Labs/input_Swag Labs_user-name' is visible

2023-05-12 17:19:08 - [TEST_STEP][PASSED] - closeBrowser(): Browser is closed

2023-05-12 17:19:09 - [MESSAGE][PASSED] - Browser is closed]]></system-out>
         <system-err><![CDATA[]]></system-err>
      </testcase>
      <testcase name="Test Cases/test-flow-1-buy-1-product" time="11.656" classname="Test Cases/test-flow-1-buy-1-product" status="PASSED">
         <system-out><![CDATA[2023-05-12 17:19:09 - [TEST_CASE][PASSED] - Test Cases/test-flow-1-buy-1-product: Test Cases/test-flow-1-buy-1-product

2023-05-12 17:19:09 - [TEST_STEP][PASSED] - openBrowser("https://www.saucedemo.com/"): Browser is opened with url: 'https://www.saucedemo.com/'

2023-05-12 17:19:09 - [MESSAGE][INFO] - Starting 'Chrome' driver

2023-05-12 17:19:09 - [MESSAGE][INFO] - Action delay is set to 0 milliseconds

2023-05-12 17:19:11 - [MESSAGE][PASSED] - Browser is opened with url: 'https://www.saucedemo.com/'

2023-05-12 17:19:11 - [TEST_STEP][PASSED] - click(findTestObject("Object Repository/Page_Swag Labs/input_Swag Labs_user-name")): Object: 'Object Repository/Page_Swag Labs/input_Swag Labs_user-name' is clicked on

2023-05-12 17:19:11 - [MESSAGE][PASSED] - Object: 'Object Repository/Page_Swag Labs/input_Swag Labs_user-name' is clicked on

2023-05-12 17:19:11 - [TEST_STEP][PASSED] - sendKeys(findTestObject("Object Repository/Page_Swag Labs/input_Swag Labs_user-name"), "standard_user"): Keys 'standard_user' sent to object: 'Object Repository/Page_Swag Labs/input_Swag Labs_user-name'

2023-05-12 17:19:11 - [MESSAGE][PASSED] - Keys 'standard_user' sent to object: 'Object Repository/Page_Swag Labs/input_Swag Labs_user-name'

2023-05-12 17:19:11 - [TEST_STEP][PASSED] - click(findTestObject("Object Repository/Page_Swag Labs/input_Swag Labs_password")): Object: 'Object Repository/Page_Swag Labs/input_Swag Labs_password' is clicked on

2023-05-12 17:19:12 - [MESSAGE][PASSED] - Object: 'Object Repository/Page_Swag Labs/input_Swag Labs_password' is clicked on

2023-05-12 17:19:12 - [TEST_STEP][PASSED] - sendKeys(findTestObject("Object Repository/Page_Swag Labs/input_Swag Labs_password"), "secret_sauce"): Keys 'secret_sauce' sent to object: 'Object Repository/Page_Swag Labs/input_Swag Labs_password'

2023-05-12 17:19:12 - [MESSAGE][PASSED] - Keys 'secret_sauce' sent to object: 'Object Repository/Page_Swag Labs/input_Swag Labs_password'

2023-05-12 17:19:12 - [TEST_STEP][PASSED] - click(findTestObject("Object Repository/Page_Swag Labs/input_Swag Labs_login-button")): Object: 'Object Repository/Page_Swag Labs/input_Swag Labs_login-button' is clicked on

2023-05-12 17:19:13 - [MESSAGE][PASSED] - Object: 'Object Repository/Page_Swag Labs/input_Swag Labs_login-button' is clicked on

2023-05-12 17:19:13 - [TEST_STEP][PASSED] - click(findTestObject("Object Repository/inventoryPage/Backpack")): Object: 'Object Repository/inventoryPage/Backpack' is clicked on

2023-05-12 17:19:13 - [MESSAGE][PASSED] - Object: 'Object Repository/inventoryPage/Backpack' is clicked on

2023-05-12 17:19:13 - [TEST_STEP][PASSED] - click(findTestObject("Object Repository/inventoryPage/button_Add to cart")): Object: 'Object Repository/inventoryPage/button_Add to cart' is clicked on

2023-05-12 17:19:14 - [MESSAGE][PASSED] - Object: 'Object Repository/inventoryPage/button_Add to cart' is clicked on

2023-05-12 17:19:14 - [TEST_STEP][PASSED] - click(findTestObject("Object Repository/inventoryPage/products_back-image")): Object: 'Object Repository/inventoryPage/products_back-image' is clicked on

2023-05-12 17:19:14 - [MESSAGE][PASSED] - Object: 'Object Repository/inventoryPage/products_back-image' is clicked on

2023-05-12 17:19:14 - [TEST_STEP][PASSED] - click(findTestObject("Object Repository/inventoryPage/cart")): Object: 'Object Repository/inventoryPage/cart' is clicked on

2023-05-12 17:19:15 - [MESSAGE][PASSED] - Object: 'Object Repository/inventoryPage/cart' is clicked on

2023-05-12 17:19:15 - [TEST_STEP][PASSED] - click(findTestObject("Object Repository/CheckoutPage/button_Checkout")): Object: 'Object Repository/CheckoutPage/button_Checkout' is clicked on

2023-05-12 17:19:15 - [MESSAGE][PASSED] - Object: 'Object Repository/CheckoutPage/button_Checkout' is clicked on

2023-05-12 17:19:15 - [TEST_STEP][PASSED] - sendKeys(findTestObject("Object Repository/checkout-step-one/input_Checkout Your Information_firstName"), "demo"): Keys 'demo' sent to object: 'Object Repository/checkout-step-one/input_Checkout Your Information_firstName'

2023-05-12 17:19:16 - [MESSAGE][PASSED] - Keys 'demo' sent to object: 'Object Repository/checkout-step-one/input_Checkout Your Information_firstName'

2023-05-12 17:19:16 - [TEST_STEP][PASSED] - sendKeys(findTestObject("Object Repository/checkout-step-one/input_Checkout Your Information_lastName"), "qa test"): Keys 'qa test' sent to object: 'Object Repository/checkout-step-one/input_Checkout Your Information_lastName'

2023-05-12 17:19:16 - [MESSAGE][PASSED] - Keys 'qa test' sent to object: 'Object Repository/checkout-step-one/input_Checkout Your Information_lastName'

2023-05-12 17:19:16 - [TEST_STEP][PASSED] - sendKeys(findTestObject("Object Repository/checkout-step-one/input_Checkout Your Information_postalCode"), "9000"): Keys '9000' sent to object: 'Object Repository/checkout-step-one/input_Checkout Your Information_postalCode'

2023-05-12 17:19:17 - [MESSAGE][PASSED] - Keys '9000' sent to object: 'Object Repository/checkout-step-one/input_Checkout Your Information_postalCode'

2023-05-12 17:19:17 - [TEST_STEP][PASSED] - click(findTestObject("Object Repository/checkout-step-one/input_continue")): Object: 'Object Repository/checkout-step-one/input_continue' is clicked on

2023-05-12 17:19:17 - [MESSAGE][PASSED] - Object: 'Object Repository/checkout-step-one/input_continue' is clicked on

2023-05-12 17:19:17 - [TEST_STEP][PASSED] - click(findTestObject("Object Repository/finish checkout/button_Finish")): Object: 'Object Repository/finish checkout/button_Finish' is clicked on

2023-05-12 17:19:18 - [MESSAGE][PASSED] - Object: 'Object Repository/finish checkout/button_Finish' is clicked on

2023-05-12 17:19:18 - [TEST_STEP][PASSED] - verifyElementVisible(findTestObject("Object Repository/order-success/h2_Thank you for your order")): Object 'Object Repository/order-success/h2_Thank you for your order' is visible

2023-05-12 17:19:18 - [MESSAGE][PASSED] - Object 'Object Repository/order-success/h2_Thank you for your order' is visible

2023-05-12 17:19:18 - [TEST_STEP][PASSED] - click(findTestObject("Object Repository/NavSideBar/sidebar")): Object: 'Object Repository/NavSideBar/sidebar' is clicked on

2023-05-12 17:19:19 - [MESSAGE][PASSED] - Object: 'Object Repository/NavSideBar/sidebar' is clicked on

2023-05-12 17:19:19 - [TEST_STEP][PASSED] - click(findTestObject("Object Repository/NavSideBar/a_Logout")): Object: 'Object Repository/NavSideBar/a_Logout' is clicked on

2023-05-12 17:19:19 - [MESSAGE][PASSED] - Object: 'Object Repository/NavSideBar/a_Logout' is clicked on

2023-05-12 17:19:19 - [TEST_STEP][PASSED] - verifyElementVisible(findTestObject("Object Repository/Page_Swag Labs/input_Swag Labs_user-name")): Object 'Object Repository/Page_Swag Labs/input_Swag Labs_user-name' is visible

2023-05-12 17:19:20 - [MESSAGE][PASSED] - Object 'Object Repository/Page_Swag Labs/input_Swag Labs_user-name' is visible

2023-05-12 17:19:20 - [TEST_STEP][PASSED] - closeBrowser(): Browser is closed

2023-05-12 17:19:20 - [MESSAGE][PASSED] - Browser is closed]]></system-out>
         <system-err><![CDATA[]]></system-err>
      </testcase>
      <testcase name="Test Cases/test-flow-1-buy-1-product" time="12.135" classname="Test Cases/test-flow-1-buy-1-product" status="PASSED">
         <system-out><![CDATA[2023-05-12 17:19:20 - [TEST_CASE][PASSED] - Test Cases/test-flow-1-buy-1-product: Test Cases/test-flow-1-buy-1-product

2023-05-12 17:19:20 - [TEST_STEP][PASSED] - openBrowser("https://www.saucedemo.com/"): Browser is opened with url: 'https://www.saucedemo.com/'

2023-05-12 17:19:20 - [MESSAGE][INFO] - Starting 'Chrome' driver

2023-05-12 17:19:20 - [MESSAGE][INFO] - Action delay is set to 0 milliseconds

2023-05-12 17:19:23 - [MESSAGE][PASSED] - Browser is opened with url: 'https://www.saucedemo.com/'

2023-05-12 17:19:23 - [TEST_STEP][PASSED] - click(findTestObject("Object Repository/Page_Swag Labs/input_Swag Labs_user-name")): Object: 'Object Repository/Page_Swag Labs/input_Swag Labs_user-name' is clicked on

2023-05-12 17:19:23 - [MESSAGE][PASSED] - Object: 'Object Repository/Page_Swag Labs/input_Swag Labs_user-name' is clicked on

2023-05-12 17:19:23 - [TEST_STEP][PASSED] - sendKeys(findTestObject("Object Repository/Page_Swag Labs/input_Swag Labs_user-name"), "standard_user"): Keys 'standard_user' sent to object: 'Object Repository/Page_Swag Labs/input_Swag Labs_user-name'

2023-05-12 17:19:23 - [MESSAGE][PASSED] - Keys 'standard_user' sent to object: 'Object Repository/Page_Swag Labs/input_Swag Labs_user-name'

2023-05-12 17:19:23 - [TEST_STEP][PASSED] - click(findTestObject("Object Repository/Page_Swag Labs/input_Swag Labs_password")): Object: 'Object Repository/Page_Swag Labs/input_Swag Labs_password' is clicked on

2023-05-12 17:19:24 - [MESSAGE][PASSED] - Object: 'Object Repository/Page_Swag Labs/input_Swag Labs_password' is clicked on

2023-05-12 17:19:24 - [TEST_STEP][PASSED] - sendKeys(findTestObject("Object Repository/Page_Swag Labs/input_Swag Labs_password"), "secret_sauce"): Keys 'secret_sauce' sent to object: 'Object Repository/Page_Swag Labs/input_Swag Labs_password'

2023-05-12 17:19:24 - [MESSAGE][PASSED] - Keys 'secret_sauce' sent to object: 'Object Repository/Page_Swag Labs/input_Swag Labs_password'

2023-05-12 17:19:24 - [TEST_STEP][PASSED] - click(findTestObject("Object Repository/Page_Swag Labs/input_Swag Labs_login-button")): Object: 'Object Repository/Page_Swag Labs/input_Swag Labs_login-button' is clicked on

2023-05-12 17:19:25 - [MESSAGE][PASSED] - Object: 'Object Repository/Page_Swag Labs/input_Swag Labs_login-button' is clicked on

2023-05-12 17:19:25 - [TEST_STEP][PASSED] - click(findTestObject("Object Repository/inventoryPage/Backpack")): Object: 'Object Repository/inventoryPage/Backpack' is clicked on

2023-05-12 17:19:25 - [MESSAGE][PASSED] - Object: 'Object Repository/inventoryPage/Backpack' is clicked on

2023-05-12 17:19:25 - [TEST_STEP][PASSED] - click(findTestObject("Object Repository/inventoryPage/button_Add to cart")): Object: 'Object Repository/inventoryPage/button_Add to cart' is clicked on

2023-05-12 17:19:26 - [MESSAGE][PASSED] - Object: 'Object Repository/inventoryPage/button_Add to cart' is clicked on

2023-05-12 17:19:26 - [TEST_STEP][PASSED] - click(findTestObject("Object Repository/inventoryPage/products_back-image")): Object: 'Object Repository/inventoryPage/products_back-image' is clicked on

2023-05-12 17:19:26 - [MESSAGE][PASSED] - Object: 'Object Repository/inventoryPage/products_back-image' is clicked on

2023-05-12 17:19:26 - [TEST_STEP][PASSED] - click(findTestObject("Object Repository/inventoryPage/cart")): Object: 'Object Repository/inventoryPage/cart' is clicked on

2023-05-12 17:19:27 - [MESSAGE][PASSED] - Object: 'Object Repository/inventoryPage/cart' is clicked on

2023-05-12 17:19:27 - [TEST_STEP][PASSED] - click(findTestObject("Object Repository/CheckoutPage/button_Checkout")): Object: 'Object Repository/CheckoutPage/button_Checkout' is clicked on

2023-05-12 17:19:27 - [MESSAGE][PASSED] - Object: 'Object Repository/CheckoutPage/button_Checkout' is clicked on

2023-05-12 17:19:27 - [TEST_STEP][PASSED] - sendKeys(findTestObject("Object Repository/checkout-step-one/input_Checkout Your Information_firstName"), "demo"): Keys 'demo' sent to object: 'Object Repository/checkout-step-one/input_Checkout Your Information_firstName'

2023-05-12 17:19:28 - [MESSAGE][PASSED] - Keys 'demo' sent to object: 'Object Repository/checkout-step-one/input_Checkout Your Information_firstName'

2023-05-12 17:19:28 - [TEST_STEP][PASSED] - sendKeys(findTestObject("Object Repository/checkout-step-one/input_Checkout Your Information_lastName"), "qa test"): Keys 'qa test' sent to object: 'Object Repository/checkout-step-one/input_Checkout Your Information_lastName'

2023-05-12 17:19:28 - [MESSAGE][PASSED] - Keys 'qa test' sent to object: 'Object Repository/checkout-step-one/input_Checkout Your Information_lastName'

2023-05-12 17:19:28 - [TEST_STEP][PASSED] - sendKeys(findTestObject("Object Repository/checkout-step-one/input_Checkout Your Information_postalCode"), "9000"): Keys '9000' sent to object: 'Object Repository/checkout-step-one/input_Checkout Your Information_postalCode'

2023-05-12 17:19:29 - [MESSAGE][PASSED] - Keys '9000' sent to object: 'Object Repository/checkout-step-one/input_Checkout Your Information_postalCode'

2023-05-12 17:19:29 - [TEST_STEP][PASSED] - click(findTestObject("Object Repository/checkout-step-one/input_continue")): Object: 'Object Repository/checkout-step-one/input_continue' is clicked on

2023-05-12 17:19:29 - [MESSAGE][PASSED] - Object: 'Object Repository/checkout-step-one/input_continue' is clicked on

2023-05-12 17:19:29 - [TEST_STEP][PASSED] - click(findTestObject("Object Repository/finish checkout/button_Finish")): Object: 'Object Repository/finish checkout/button_Finish' is clicked on

2023-05-12 17:19:30 - [MESSAGE][PASSED] - Object: 'Object Repository/finish checkout/button_Finish' is clicked on

2023-05-12 17:19:30 - [TEST_STEP][PASSED] - verifyElementVisible(findTestObject("Object Repository/order-success/h2_Thank you for your order")): Object 'Object Repository/order-success/h2_Thank you for your order' is visible

2023-05-12 17:19:30 - [MESSAGE][PASSED] - Object 'Object Repository/order-success/h2_Thank you for your order' is visible

2023-05-12 17:19:30 - [TEST_STEP][PASSED] - click(findTestObject("Object Repository/NavSideBar/sidebar")): Object: 'Object Repository/NavSideBar/sidebar' is clicked on

2023-05-12 17:19:31 - [MESSAGE][PASSED] - Object: 'Object Repository/NavSideBar/sidebar' is clicked on

2023-05-12 17:19:31 - [TEST_STEP][PASSED] - click(findTestObject("Object Repository/NavSideBar/a_Logout")): Object: 'Object Repository/NavSideBar/a_Logout' is clicked on

2023-05-12 17:19:31 - [MESSAGE][PASSED] - Object: 'Object Repository/NavSideBar/a_Logout' is clicked on

2023-05-12 17:19:31 - [TEST_STEP][PASSED] - verifyElementVisible(findTestObject("Object Repository/Page_Swag Labs/input_Swag Labs_user-name")): Object 'Object Repository/Page_Swag Labs/input_Swag Labs_user-name' is visible

2023-05-12 17:19:32 - [MESSAGE][PASSED] - Object 'Object Repository/Page_Swag Labs/input_Swag Labs_user-name' is visible

2023-05-12 17:19:32 - [TEST_STEP][PASSED] - closeBrowser(): Browser is closed

2023-05-12 17:19:32 - [MESSAGE][PASSED] - Browser is closed]]></system-out>
         <system-err><![CDATA[]]></system-err>
      </testcase>
      <testcase name="Test Cases/test-flow-1-buy-1-product" time="11.93" classname="Test Cases/test-flow-1-buy-1-product" status="PASSED">
         <system-out><![CDATA[2023-05-12 17:19:32 - [TEST_CASE][PASSED] - Test Cases/test-flow-1-buy-1-product: Test Cases/test-flow-1-buy-1-product

2023-05-12 17:19:32 - [TEST_STEP][PASSED] - openBrowser("https://www.saucedemo.com/"): Browser is opened with url: 'https://www.saucedemo.com/'

2023-05-12 17:19:32 - [MESSAGE][INFO] - Starting 'Chrome' driver

2023-05-12 17:19:32 - [MESSAGE][INFO] - Action delay is set to 0 milliseconds

2023-05-12 17:19:35 - [MESSAGE][PASSED] - Browser is opened with url: 'https://www.saucedemo.com/'

2023-05-12 17:19:35 - [TEST_STEP][PASSED] - click(findTestObject("Object Repository/Page_Swag Labs/input_Swag Labs_user-name")): Object: 'Object Repository/Page_Swag Labs/input_Swag Labs_user-name' is clicked on

2023-05-12 17:19:35 - [MESSAGE][PASSED] - Object: 'Object Repository/Page_Swag Labs/input_Swag Labs_user-name' is clicked on

2023-05-12 17:19:35 - [TEST_STEP][PASSED] - sendKeys(findTestObject("Object Repository/Page_Swag Labs/input_Swag Labs_user-name"), "standard_user"): Keys 'standard_user' sent to object: 'Object Repository/Page_Swag Labs/input_Swag Labs_user-name'

2023-05-12 17:19:35 - [MESSAGE][PASSED] - Keys 'standard_user' sent to object: 'Object Repository/Page_Swag Labs/input_Swag Labs_user-name'

2023-05-12 17:19:35 - [TEST_STEP][PASSED] - click(findTestObject("Object Repository/Page_Swag Labs/input_Swag Labs_password")): Object: 'Object Repository/Page_Swag Labs/input_Swag Labs_password' is clicked on

2023-05-12 17:19:36 - [MESSAGE][PASSED] - Object: 'Object Repository/Page_Swag Labs/input_Swag Labs_password' is clicked on

2023-05-12 17:19:36 - [TEST_STEP][PASSED] - sendKeys(findTestObject("Object Repository/Page_Swag Labs/input_Swag Labs_password"), "secret_sauce"): Keys 'secret_sauce' sent to object: 'Object Repository/Page_Swag Labs/input_Swag Labs_password'

2023-05-12 17:19:36 - [MESSAGE][PASSED] - Keys 'secret_sauce' sent to object: 'Object Repository/Page_Swag Labs/input_Swag Labs_password'

2023-05-12 17:19:36 - [TEST_STEP][PASSED] - click(findTestObject("Object Repository/Page_Swag Labs/input_Swag Labs_login-button")): Object: 'Object Repository/Page_Swag Labs/input_Swag Labs_login-button' is clicked on

2023-05-12 17:19:36 - [MESSAGE][PASSED] - Object: 'Object Repository/Page_Swag Labs/input_Swag Labs_login-button' is clicked on

2023-05-12 17:19:36 - [TEST_STEP][PASSED] - click(findTestObject("Object Repository/inventoryPage/Backpack")): Object: 'Object Repository/inventoryPage/Backpack' is clicked on

2023-05-12 17:19:37 - [MESSAGE][PASSED] - Object: 'Object Repository/inventoryPage/Backpack' is clicked on

2023-05-12 17:19:37 - [TEST_STEP][PASSED] - click(findTestObject("Object Repository/inventoryPage/button_Add to cart")): Object: 'Object Repository/inventoryPage/button_Add to cart' is clicked on

2023-05-12 17:19:37 - [MESSAGE][PASSED] - Object: 'Object Repository/inventoryPage/button_Add to cart' is clicked on

2023-05-12 17:19:37 - [TEST_STEP][PASSED] - click(findTestObject("Object Repository/inventoryPage/products_back-image")): Object: 'Object Repository/inventoryPage/products_back-image' is clicked on

2023-05-12 17:19:38 - [MESSAGE][PASSED] - Object: 'Object Repository/inventoryPage/products_back-image' is clicked on

2023-05-12 17:19:38 - [TEST_STEP][PASSED] - click(findTestObject("Object Repository/inventoryPage/cart")): Object: 'Object Repository/inventoryPage/cart' is clicked on

2023-05-12 17:19:38 - [MESSAGE][PASSED] - Object: 'Object Repository/inventoryPage/cart' is clicked on

2023-05-12 17:19:38 - [TEST_STEP][PASSED] - click(findTestObject("Object Repository/CheckoutPage/button_Checkout")): Object: 'Object Repository/CheckoutPage/button_Checkout' is clicked on

2023-05-12 17:19:39 - [MESSAGE][PASSED] - Object: 'Object Repository/CheckoutPage/button_Checkout' is clicked on

2023-05-12 17:19:39 - [TEST_STEP][PASSED] - sendKeys(findTestObject("Object Repository/checkout-step-one/input_Checkout Your Information_firstName"), "demo"): Keys 'demo' sent to object: 'Object Repository/checkout-step-one/input_Checkout Your Information_firstName'

2023-05-12 17:19:39 - [MESSAGE][PASSED] - Keys 'demo' sent to object: 'Object Repository/checkout-step-one/input_Checkout Your Information_firstName'

2023-05-12 17:19:39 - [TEST_STEP][PASSED] - sendKeys(findTestObject("Object Repository/checkout-step-one/input_Checkout Your Information_lastName"), "qa test"): Keys 'qa test' sent to object: 'Object Repository/checkout-step-one/input_Checkout Your Information_lastName'

2023-05-12 17:19:40 - [MESSAGE][PASSED] - Keys 'qa test' sent to object: 'Object Repository/checkout-step-one/input_Checkout Your Information_lastName'

2023-05-12 17:19:40 - [TEST_STEP][PASSED] - sendKeys(findTestObject("Object Repository/checkout-step-one/input_Checkout Your Information_postalCode"), "9000"): Keys '9000' sent to object: 'Object Repository/checkout-step-one/input_Checkout Your Information_postalCode'

2023-05-12 17:19:41 - [MESSAGE][PASSED] - Keys '9000' sent to object: 'Object Repository/checkout-step-one/input_Checkout Your Information_postalCode'

2023-05-12 17:19:41 - [TEST_STEP][PASSED] - click(findTestObject("Object Repository/checkout-step-one/input_continue")): Object: 'Object Repository/checkout-step-one/input_continue' is clicked on

2023-05-12 17:19:41 - [MESSAGE][PASSED] - Object: 'Object Repository/checkout-step-one/input_continue' is clicked on

2023-05-12 17:19:41 - [TEST_STEP][PASSED] - click(findTestObject("Object Repository/finish checkout/button_Finish")): Object: 'Object Repository/finish checkout/button_Finish' is clicked on

2023-05-12 17:19:42 - [MESSAGE][PASSED] - Object: 'Object Repository/finish checkout/button_Finish' is clicked on

2023-05-12 17:19:42 - [TEST_STEP][PASSED] - verifyElementVisible(findTestObject("Object Repository/order-success/h2_Thank you for your order")): Object 'Object Repository/order-success/h2_Thank you for your order' is visible

2023-05-12 17:19:42 - [MESSAGE][PASSED] - Object 'Object Repository/order-success/h2_Thank you for your order' is visible

2023-05-12 17:19:42 - [TEST_STEP][PASSED] - click(findTestObject("Object Repository/NavSideBar/sidebar")): Object: 'Object Repository/NavSideBar/sidebar' is clicked on

2023-05-12 17:19:43 - [MESSAGE][PASSED] - Object: 'Object Repository/NavSideBar/sidebar' is clicked on

2023-05-12 17:19:43 - [TEST_STEP][PASSED] - click(findTestObject("Object Repository/NavSideBar/a_Logout")): Object: 'Object Repository/NavSideBar/a_Logout' is clicked on

2023-05-12 17:19:43 - [MESSAGE][PASSED] - Object: 'Object Repository/NavSideBar/a_Logout' is clicked on

2023-05-12 17:19:43 - [TEST_STEP][PASSED] - verifyElementVisible(findTestObject("Object Repository/Page_Swag Labs/input_Swag Labs_user-name")): Object 'Object Repository/Page_Swag Labs/input_Swag Labs_user-name' is visible

2023-05-12 17:19:44 - [MESSAGE][PASSED] - Object 'Object Repository/Page_Swag Labs/input_Swag Labs_user-name' is visible

2023-05-12 17:19:44 - [TEST_STEP][PASSED] - closeBrowser(): Browser is closed

2023-05-12 17:19:44 - [MESSAGE][PASSED] - Browser is closed]]></system-out>
         <system-err><![CDATA[]]></system-err>
      </testcase>
      <testcase name="Test Cases/test-flow-1-buy-1-product" time="11.73" classname="Test Cases/test-flow-1-buy-1-product" status="PASSED">
         <system-out><![CDATA[2023-05-12 17:19:44 - [TEST_CASE][PASSED] - Test Cases/test-flow-1-buy-1-product: Test Cases/test-flow-1-buy-1-product

2023-05-12 17:19:44 - [TEST_STEP][PASSED] - openBrowser("https://www.saucedemo.com/"): Browser is opened with url: 'https://www.saucedemo.com/'

2023-05-12 17:19:44 - [MESSAGE][INFO] - Starting 'Chrome' driver

2023-05-12 17:19:44 - [MESSAGE][INFO] - Action delay is set to 0 milliseconds

2023-05-12 17:19:46 - [MESSAGE][PASSED] - Browser is opened with url: 'https://www.saucedemo.com/'

2023-05-12 17:19:46 - [TEST_STEP][PASSED] - click(findTestObject("Object Repository/Page_Swag Labs/input_Swag Labs_user-name")): Object: 'Object Repository/Page_Swag Labs/input_Swag Labs_user-name' is clicked on

2023-05-12 17:19:47 - [MESSAGE][PASSED] - Object: 'Object Repository/Page_Swag Labs/input_Swag Labs_user-name' is clicked on

2023-05-12 17:19:47 - [TEST_STEP][PASSED] - sendKeys(findTestObject("Object Repository/Page_Swag Labs/input_Swag Labs_user-name"), "standard_user"): Keys 'standard_user' sent to object: 'Object Repository/Page_Swag Labs/input_Swag Labs_user-name'

2023-05-12 17:19:47 - [MESSAGE][PASSED] - Keys 'standard_user' sent to object: 'Object Repository/Page_Swag Labs/input_Swag Labs_user-name'

2023-05-12 17:19:47 - [TEST_STEP][PASSED] - click(findTestObject("Object Repository/Page_Swag Labs/input_Swag Labs_password")): Object: 'Object Repository/Page_Swag Labs/input_Swag Labs_password' is clicked on

2023-05-12 17:19:48 - [MESSAGE][PASSED] - Object: 'Object Repository/Page_Swag Labs/input_Swag Labs_password' is clicked on

2023-05-12 17:19:48 - [TEST_STEP][PASSED] - sendKeys(findTestObject("Object Repository/Page_Swag Labs/input_Swag Labs_password"), "secret_sauce"): Keys 'secret_sauce' sent to object: 'Object Repository/Page_Swag Labs/input_Swag Labs_password'

2023-05-12 17:19:48 - [MESSAGE][PASSED] - Keys 'secret_sauce' sent to object: 'Object Repository/Page_Swag Labs/input_Swag Labs_password'

2023-05-12 17:19:48 - [TEST_STEP][PASSED] - click(findTestObject("Object Repository/Page_Swag Labs/input_Swag Labs_login-button")): Object: 'Object Repository/Page_Swag Labs/input_Swag Labs_login-button' is clicked on

2023-05-12 17:19:48 - [MESSAGE][PASSED] - Object: 'Object Repository/Page_Swag Labs/input_Swag Labs_login-button' is clicked on

2023-05-12 17:19:48 - [TEST_STEP][PASSED] - click(findTestObject("Object Repository/inventoryPage/Backpack")): Object: 'Object Repository/inventoryPage/Backpack' is clicked on

2023-05-12 17:19:49 - [MESSAGE][PASSED] - Object: 'Object Repository/inventoryPage/Backpack' is clicked on

2023-05-12 17:19:49 - [TEST_STEP][PASSED] - click(findTestObject("Object Repository/inventoryPage/button_Add to cart")): Object: 'Object Repository/inventoryPage/button_Add to cart' is clicked on

2023-05-12 17:19:49 - [MESSAGE][PASSED] - Object: 'Object Repository/inventoryPage/button_Add to cart' is clicked on

2023-05-12 17:19:49 - [TEST_STEP][PASSED] - click(findTestObject("Object Repository/inventoryPage/products_back-image")): Object: 'Object Repository/inventoryPage/products_back-image' is clicked on

2023-05-12 17:19:50 - [MESSAGE][PASSED] - Object: 'Object Repository/inventoryPage/products_back-image' is clicked on

2023-05-12 17:19:50 - [TEST_STEP][PASSED] - click(findTestObject("Object Repository/inventoryPage/cart")): Object: 'Object Repository/inventoryPage/cart' is clicked on

2023-05-12 17:19:50 - [MESSAGE][PASSED] - Object: 'Object Repository/inventoryPage/cart' is clicked on

2023-05-12 17:19:50 - [TEST_STEP][PASSED] - click(findTestObject("Object Repository/CheckoutPage/button_Checkout")): Object: 'Object Repository/CheckoutPage/button_Checkout' is clicked on

2023-05-12 17:19:51 - [MESSAGE][PASSED] - Object: 'Object Repository/CheckoutPage/button_Checkout' is clicked on

2023-05-12 17:19:51 - [TEST_STEP][PASSED] - sendKeys(findTestObject("Object Repository/checkout-step-one/input_Checkout Your Information_firstName"), "demo"): Keys 'demo' sent to object: 'Object Repository/checkout-step-one/input_Checkout Your Information_firstName'

2023-05-12 17:19:51 - [MESSAGE][PASSED] - Keys 'demo' sent to object: 'Object Repository/checkout-step-one/input_Checkout Your Information_firstName'

2023-05-12 17:19:51 - [TEST_STEP][PASSED] - sendKeys(findTestObject("Object Repository/checkout-step-one/input_Checkout Your Information_lastName"), "qa test"): Keys 'qa test' sent to object: 'Object Repository/checkout-step-one/input_Checkout Your Information_lastName'

2023-05-12 17:19:52 - [MESSAGE][PASSED] - Keys 'qa test' sent to object: 'Object Repository/checkout-step-one/input_Checkout Your Information_lastName'

2023-05-12 17:19:52 - [TEST_STEP][PASSED] - sendKeys(findTestObject("Object Repository/checkout-step-one/input_Checkout Your Information_postalCode"), "9000"): Keys '9000' sent to object: 'Object Repository/checkout-step-one/input_Checkout Your Information_postalCode'

2023-05-12 17:19:52 - [MESSAGE][PASSED] - Keys '9000' sent to object: 'Object Repository/checkout-step-one/input_Checkout Your Information_postalCode'

2023-05-12 17:19:52 - [TEST_STEP][PASSED] - click(findTestObject("Object Repository/checkout-step-one/input_continue")): Object: 'Object Repository/checkout-step-one/input_continue' is clicked on

2023-05-12 17:19:53 - [MESSAGE][PASSED] - Object: 'Object Repository/checkout-step-one/input_continue' is clicked on

2023-05-12 17:19:53 - [TEST_STEP][PASSED] - click(findTestObject("Object Repository/finish checkout/button_Finish")): Object: 'Object Repository/finish checkout/button_Finish' is clicked on

2023-05-12 17:19:53 - [MESSAGE][PASSED] - Object: 'Object Repository/finish checkout/button_Finish' is clicked on

2023-05-12 17:19:53 - [TEST_STEP][PASSED] - verifyElementVisible(findTestObject("Object Repository/order-success/h2_Thank you for your order")): Object 'Object Repository/order-success/h2_Thank you for your order' is visible

2023-05-12 17:19:54 - [MESSAGE][PASSED] - Object 'Object Repository/order-success/h2_Thank you for your order' is visible

2023-05-12 17:19:54 - [TEST_STEP][PASSED] - click(findTestObject("Object Repository/NavSideBar/sidebar")): Object: 'Object Repository/NavSideBar/sidebar' is clicked on

2023-05-12 17:19:54 - [MESSAGE][PASSED] - Object: 'Object Repository/NavSideBar/sidebar' is clicked on

2023-05-12 17:19:54 - [TEST_STEP][PASSED] - click(findTestObject("Object Repository/NavSideBar/a_Logout")): Object: 'Object Repository/NavSideBar/a_Logout' is clicked on

2023-05-12 17:19:55 - [MESSAGE][PASSED] - Object: 'Object Repository/NavSideBar/a_Logout' is clicked on

2023-05-12 17:19:55 - [TEST_STEP][PASSED] - verifyElementVisible(findTestObject("Object Repository/Page_Swag Labs/input_Swag Labs_user-name")): Object 'Object Repository/Page_Swag Labs/input_Swag Labs_user-name' is visible

2023-05-12 17:19:55 - [MESSAGE][PASSED] - Object 'Object Repository/Page_Swag Labs/input_Swag Labs_user-name' is visible

2023-05-12 17:19:55 - [TEST_STEP][PASSED] - closeBrowser(): Browser is closed

2023-05-12 17:19:56 - [MESSAGE][PASSED] - Browser is closed]]></system-out>
         <system-err><![CDATA[]]></system-err>
      </testcase>
      <testcase name="Test Cases/test-flow-1-buy-1-product" time="11.377" classname="Test Cases/test-flow-1-buy-1-product" status="PASSED">
         <system-out><![CDATA[2023-05-12 17:19:56 - [TEST_CASE][PASSED] - Test Cases/test-flow-1-buy-1-product: Test Cases/test-flow-1-buy-1-product

2023-05-12 17:19:56 - [TEST_STEP][PASSED] - openBrowser("https://www.saucedemo.com/"): Browser is opened with url: 'https://www.saucedemo.com/'

2023-05-12 17:19:56 - [MESSAGE][INFO] - Starting 'Chrome' driver

2023-05-12 17:19:56 - [MESSAGE][INFO] - Action delay is set to 0 milliseconds

2023-05-12 17:19:58 - [MESSAGE][PASSED] - Browser is opened with url: 'https://www.saucedemo.com/'

2023-05-12 17:19:58 - [TEST_STEP][PASSED] - click(findTestObject("Object Repository/Page_Swag Labs/input_Swag Labs_user-name")): Object: 'Object Repository/Page_Swag Labs/input_Swag Labs_user-name' is clicked on

2023-05-12 17:19:59 - [MESSAGE][PASSED] - Object: 'Object Repository/Page_Swag Labs/input_Swag Labs_user-name' is clicked on

2023-05-12 17:19:59 - [TEST_STEP][PASSED] - sendKeys(findTestObject("Object Repository/Page_Swag Labs/input_Swag Labs_user-name"), "standard_user"): Keys 'standard_user' sent to object: 'Object Repository/Page_Swag Labs/input_Swag Labs_user-name'

2023-05-12 17:19:59 - [MESSAGE][PASSED] - Keys 'standard_user' sent to object: 'Object Repository/Page_Swag Labs/input_Swag Labs_user-name'

2023-05-12 17:19:59 - [TEST_STEP][PASSED] - click(findTestObject("Object Repository/Page_Swag Labs/input_Swag Labs_password")): Object: 'Object Repository/Page_Swag Labs/input_Swag Labs_password' is clicked on

2023-05-12 17:19:59 - [MESSAGE][PASSED] - Object: 'Object Repository/Page_Swag Labs/input_Swag Labs_password' is clicked on

2023-05-12 17:19:59 - [TEST_STEP][PASSED] - sendKeys(findTestObject("Object Repository/Page_Swag Labs/input_Swag Labs_password"), "secret_sauce"): Keys 'secret_sauce' sent to object: 'Object Repository/Page_Swag Labs/input_Swag Labs_password'

2023-05-12 17:20:00 - [MESSAGE][PASSED] - Keys 'secret_sauce' sent to object: 'Object Repository/Page_Swag Labs/input_Swag Labs_password'

2023-05-12 17:20:00 - [TEST_STEP][PASSED] - click(findTestObject("Object Repository/Page_Swag Labs/input_Swag Labs_login-button")): Object: 'Object Repository/Page_Swag Labs/input_Swag Labs_login-button' is clicked on

2023-05-12 17:20:00 - [MESSAGE][PASSED] - Object: 'Object Repository/Page_Swag Labs/input_Swag Labs_login-button' is clicked on

2023-05-12 17:20:00 - [TEST_STEP][PASSED] - click(findTestObject("Object Repository/inventoryPage/Backpack")): Object: 'Object Repository/inventoryPage/Backpack' is clicked on

2023-05-12 17:20:01 - [MESSAGE][PASSED] - Object: 'Object Repository/inventoryPage/Backpack' is clicked on

2023-05-12 17:20:01 - [TEST_STEP][PASSED] - click(findTestObject("Object Repository/inventoryPage/button_Add to cart")): Object: 'Object Repository/inventoryPage/button_Add to cart' is clicked on

2023-05-12 17:20:01 - [MESSAGE][PASSED] - Object: 'Object Repository/inventoryPage/button_Add to cart' is clicked on

2023-05-12 17:20:01 - [TEST_STEP][PASSED] - click(findTestObject("Object Repository/inventoryPage/products_back-image")): Object: 'Object Repository/inventoryPage/products_back-image' is clicked on

2023-05-12 17:20:02 - [MESSAGE][PASSED] - Object: 'Object Repository/inventoryPage/products_back-image' is clicked on

2023-05-12 17:20:02 - [TEST_STEP][PASSED] - click(findTestObject("Object Repository/inventoryPage/cart")): Object: 'Object Repository/inventoryPage/cart' is clicked on

2023-05-12 17:20:02 - [MESSAGE][PASSED] - Object: 'Object Repository/inventoryPage/cart' is clicked on

2023-05-12 17:20:02 - [TEST_STEP][PASSED] - click(findTestObject("Object Repository/CheckoutPage/button_Checkout")): Object: 'Object Repository/CheckoutPage/button_Checkout' is clicked on

2023-05-12 17:20:03 - [MESSAGE][PASSED] - Object: 'Object Repository/CheckoutPage/button_Checkout' is clicked on

2023-05-12 17:20:03 - [TEST_STEP][PASSED] - sendKeys(findTestObject("Object Repository/checkout-step-one/input_Checkout Your Information_firstName"), "demo"): Keys 'demo' sent to object: 'Object Repository/checkout-step-one/input_Checkout Your Information_firstName'

2023-05-12 17:20:03 - [MESSAGE][PASSED] - Keys 'demo' sent to object: 'Object Repository/checkout-step-one/input_Checkout Your Information_firstName'

2023-05-12 17:20:03 - [TEST_STEP][PASSED] - sendKeys(findTestObject("Object Repository/checkout-step-one/input_Checkout Your Information_lastName"), "qa test"): Keys 'qa test' sent to object: 'Object Repository/checkout-step-one/input_Checkout Your Information_lastName'

2023-05-12 17:20:04 - [MESSAGE][PASSED] - Keys 'qa test' sent to object: 'Object Repository/checkout-step-one/input_Checkout Your Information_lastName'

2023-05-12 17:20:04 - [TEST_STEP][PASSED] - sendKeys(findTestObject("Object Repository/checkout-step-one/input_Checkout Your Information_postalCode"), "9000"): Keys '9000' sent to object: 'Object Repository/checkout-step-one/input_Checkout Your Information_postalCode'

2023-05-12 17:20:04 - [MESSAGE][PASSED] - Keys '9000' sent to object: 'Object Repository/checkout-step-one/input_Checkout Your Information_postalCode'

2023-05-12 17:20:04 - [TEST_STEP][PASSED] - click(findTestObject("Object Repository/checkout-step-one/input_continue")): Object: 'Object Repository/checkout-step-one/input_continue' is clicked on

2023-05-12 17:20:05 - [MESSAGE][PASSED] - Object: 'Object Repository/checkout-step-one/input_continue' is clicked on

2023-05-12 17:20:05 - [TEST_STEP][PASSED] - click(findTestObject("Object Repository/finish checkout/button_Finish")): Object: 'Object Repository/finish checkout/button_Finish' is clicked on

2023-05-12 17:20:05 - [MESSAGE][PASSED] - Object: 'Object Repository/finish checkout/button_Finish' is clicked on

2023-05-12 17:20:05 - [TEST_STEP][PASSED] - verifyElementVisible(findTestObject("Object Repository/order-success/h2_Thank you for your order")): Object 'Object Repository/order-success/h2_Thank you for your order' is visible

2023-05-12 17:20:05 - [MESSAGE][PASSED] - Object 'Object Repository/order-success/h2_Thank you for your order' is visible

2023-05-12 17:20:05 - [TEST_STEP][PASSED] - click(findTestObject("Object Repository/NavSideBar/sidebar")): Object: 'Object Repository/NavSideBar/sidebar' is clicked on

2023-05-12 17:20:06 - [MESSAGE][PASSED] - Object: 'Object Repository/NavSideBar/sidebar' is clicked on

2023-05-12 17:20:06 - [TEST_STEP][PASSED] - click(findTestObject("Object Repository/NavSideBar/a_Logout")): Object: 'Object Repository/NavSideBar/a_Logout' is clicked on

2023-05-12 17:20:06 - [MESSAGE][PASSED] - Object: 'Object Repository/NavSideBar/a_Logout' is clicked on

2023-05-12 17:20:06 - [TEST_STEP][PASSED] - verifyElementVisible(findTestObject("Object Repository/Page_Swag Labs/input_Swag Labs_user-name")): Object 'Object Repository/Page_Swag Labs/input_Swag Labs_user-name' is visible

2023-05-12 17:20:07 - [MESSAGE][PASSED] - Object 'Object Repository/Page_Swag Labs/input_Swag Labs_user-name' is visible

2023-05-12 17:20:07 - [TEST_STEP][PASSED] - closeBrowser(): Browser is closed

2023-05-12 17:20:08 - [MESSAGE][PASSED] - Browser is closed]]></system-out>
         <system-err><![CDATA[]]></system-err>
      </testcase>
      <testcase name="Test Cases/test-flow-1-buy-1-product" time="11.807" classname="Test Cases/test-flow-1-buy-1-product" status="PASSED">
         <system-out><![CDATA[2023-05-12 17:20:08 - [TEST_CASE][PASSED] - Test Cases/test-flow-1-buy-1-product: Test Cases/test-flow-1-buy-1-product

2023-05-12 17:20:08 - [TEST_STEP][PASSED] - openBrowser("https://www.saucedemo.com/"): Browser is opened with url: 'https://www.saucedemo.com/'

2023-05-12 17:20:08 - [MESSAGE][INFO] - Starting 'Chrome' driver

2023-05-12 17:20:08 - [MESSAGE][INFO] - Action delay is set to 0 milliseconds

2023-05-12 17:20:10 - [MESSAGE][PASSED] - Browser is opened with url: 'https://www.saucedemo.com/'

2023-05-12 17:20:10 - [TEST_STEP][PASSED] - click(findTestObject("Object Repository/Page_Swag Labs/input_Swag Labs_user-name")): Object: 'Object Repository/Page_Swag Labs/input_Swag Labs_user-name' is clicked on

2023-05-12 17:20:10 - [MESSAGE][PASSED] - Object: 'Object Repository/Page_Swag Labs/input_Swag Labs_user-name' is clicked on

2023-05-12 17:20:10 - [TEST_STEP][PASSED] - sendKeys(findTestObject("Object Repository/Page_Swag Labs/input_Swag Labs_user-name"), "standard_user"): Keys 'standard_user' sent to object: 'Object Repository/Page_Swag Labs/input_Swag Labs_user-name'

2023-05-12 17:20:10 - [MESSAGE][PASSED] - Keys 'standard_user' sent to object: 'Object Repository/Page_Swag Labs/input_Swag Labs_user-name'

2023-05-12 17:20:10 - [TEST_STEP][PASSED] - click(findTestObject("Object Repository/Page_Swag Labs/input_Swag Labs_password")): Object: 'Object Repository/Page_Swag Labs/input_Swag Labs_password' is clicked on

2023-05-12 17:20:11 - [MESSAGE][PASSED] - Object: 'Object Repository/Page_Swag Labs/input_Swag Labs_password' is clicked on

2023-05-12 17:20:11 - [TEST_STEP][PASSED] - sendKeys(findTestObject("Object Repository/Page_Swag Labs/input_Swag Labs_password"), "secret_sauce"): Keys 'secret_sauce' sent to object: 'Object Repository/Page_Swag Labs/input_Swag Labs_password'

2023-05-12 17:20:11 - [MESSAGE][PASSED] - Keys 'secret_sauce' sent to object: 'Object Repository/Page_Swag Labs/input_Swag Labs_password'

2023-05-12 17:20:11 - [TEST_STEP][PASSED] - click(findTestObject("Object Repository/Page_Swag Labs/input_Swag Labs_login-button")): Object: 'Object Repository/Page_Swag Labs/input_Swag Labs_login-button' is clicked on

2023-05-12 17:20:11 - [MESSAGE][PASSED] - Object: 'Object Repository/Page_Swag Labs/input_Swag Labs_login-button' is clicked on

2023-05-12 17:20:11 - [TEST_STEP][PASSED] - click(findTestObject("Object Repository/inventoryPage/Backpack")): Object: 'Object Repository/inventoryPage/Backpack' is clicked on

2023-05-12 17:20:12 - [MESSAGE][PASSED] - Object: 'Object Repository/inventoryPage/Backpack' is clicked on

2023-05-12 17:20:12 - [TEST_STEP][PASSED] - click(findTestObject("Object Repository/inventoryPage/button_Add to cart")): Object: 'Object Repository/inventoryPage/button_Add to cart' is clicked on

2023-05-12 17:20:12 - [MESSAGE][PASSED] - Object: 'Object Repository/inventoryPage/button_Add to cart' is clicked on

2023-05-12 17:20:12 - [TEST_STEP][PASSED] - click(findTestObject("Object Repository/inventoryPage/products_back-image")): Object: 'Object Repository/inventoryPage/products_back-image' is clicked on

2023-05-12 17:20:13 - [MESSAGE][PASSED] - Object: 'Object Repository/inventoryPage/products_back-image' is clicked on

2023-05-12 17:20:13 - [TEST_STEP][PASSED] - click(findTestObject("Object Repository/inventoryPage/cart")): Object: 'Object Repository/inventoryPage/cart' is clicked on

2023-05-12 17:20:13 - [MESSAGE][PASSED] - Object: 'Object Repository/inventoryPage/cart' is clicked on

2023-05-12 17:20:13 - [TEST_STEP][PASSED] - click(findTestObject("Object Repository/CheckoutPage/button_Checkout")): Object: 'Object Repository/CheckoutPage/button_Checkout' is clicked on

2023-05-12 17:20:14 - [MESSAGE][PASSED] - Object: 'Object Repository/CheckoutPage/button_Checkout' is clicked on

2023-05-12 17:20:14 - [TEST_STEP][PASSED] - sendKeys(findTestObject("Object Repository/checkout-step-one/input_Checkout Your Information_firstName"), "demo"): Keys 'demo' sent to object: 'Object Repository/checkout-step-one/input_Checkout Your Information_firstName'

2023-05-12 17:20:15 - [MESSAGE][PASSED] - Keys 'demo' sent to object: 'Object Repository/checkout-step-one/input_Checkout Your Information_firstName'

2023-05-12 17:20:15 - [TEST_STEP][PASSED] - sendKeys(findTestObject("Object Repository/checkout-step-one/input_Checkout Your Information_lastName"), "qa test"): Keys 'qa test' sent to object: 'Object Repository/checkout-step-one/input_Checkout Your Information_lastName'

2023-05-12 17:20:15 - [MESSAGE][PASSED] - Keys 'qa test' sent to object: 'Object Repository/checkout-step-one/input_Checkout Your Information_lastName'

2023-05-12 17:20:15 - [TEST_STEP][PASSED] - sendKeys(findTestObject("Object Repository/checkout-step-one/input_Checkout Your Information_postalCode"), "9000"): Keys '9000' sent to object: 'Object Repository/checkout-step-one/input_Checkout Your Information_postalCode'

2023-05-12 17:20:16 - [MESSAGE][PASSED] - Keys '9000' sent to object: 'Object Repository/checkout-step-one/input_Checkout Your Information_postalCode'

2023-05-12 17:20:16 - [TEST_STEP][PASSED] - click(findTestObject("Object Repository/checkout-step-one/input_continue")): Object: 'Object Repository/checkout-step-one/input_continue' is clicked on

2023-05-12 17:20:16 - [MESSAGE][PASSED] - Object: 'Object Repository/checkout-step-one/input_continue' is clicked on

2023-05-12 17:20:16 - [TEST_STEP][PASSED] - click(findTestObject("Object Repository/finish checkout/button_Finish")): Object: 'Object Repository/finish checkout/button_Finish' is clicked on

2023-05-12 17:20:17 - [MESSAGE][PASSED] - Object: 'Object Repository/finish checkout/button_Finish' is clicked on

2023-05-12 17:20:17 - [TEST_STEP][PASSED] - verifyElementVisible(findTestObject("Object Repository/order-success/h2_Thank you for your order")): Object 'Object Repository/order-success/h2_Thank you for your order' is visible

2023-05-12 17:20:17 - [MESSAGE][PASSED] - Object 'Object Repository/order-success/h2_Thank you for your order' is visible

2023-05-12 17:20:17 - [TEST_STEP][PASSED] - click(findTestObject("Object Repository/NavSideBar/sidebar")): Object: 'Object Repository/NavSideBar/sidebar' is clicked on

2023-05-12 17:20:18 - [MESSAGE][PASSED] - Object: 'Object Repository/NavSideBar/sidebar' is clicked on

2023-05-12 17:20:18 - [TEST_STEP][PASSED] - click(findTestObject("Object Repository/NavSideBar/a_Logout")): Object: 'Object Repository/NavSideBar/a_Logout' is clicked on

2023-05-12 17:20:18 - [MESSAGE][PASSED] - Object: 'Object Repository/NavSideBar/a_Logout' is clicked on

2023-05-12 17:20:18 - [TEST_STEP][PASSED] - verifyElementVisible(findTestObject("Object Repository/Page_Swag Labs/input_Swag Labs_user-name")): Object 'Object Repository/Page_Swag Labs/input_Swag Labs_user-name' is visible

2023-05-12 17:20:19 - [MESSAGE][PASSED] - Object 'Object Repository/Page_Swag Labs/input_Swag Labs_user-name' is visible

2023-05-12 17:20:19 - [TEST_STEP][PASSED] - closeBrowser(): Browser is closed

2023-05-12 17:20:19 - [MESSAGE][PASSED] - Browser is closed]]></system-out>
         <system-err><![CDATA[]]></system-err>
      </testcase>
      <testcase name="Test Cases/test-flow-1-buy-1-product" time="11.402" classname="Test Cases/test-flow-1-buy-1-product" status="PASSED">
         <system-out><![CDATA[2023-05-12 17:20:19 - [TEST_CASE][PASSED] - Test Cases/test-flow-1-buy-1-product: Test Cases/test-flow-1-buy-1-product

2023-05-12 17:20:19 - [TEST_STEP][PASSED] - openBrowser("https://www.saucedemo.com/"): Browser is opened with url: 'https://www.saucedemo.com/'

2023-05-12 17:20:19 - [MESSAGE][INFO] - Starting 'Chrome' driver

2023-05-12 17:20:19 - [MESSAGE][INFO] - Action delay is set to 0 milliseconds

2023-05-12 17:20:21 - [MESSAGE][PASSED] - Browser is opened with url: 'https://www.saucedemo.com/'

2023-05-12 17:20:21 - [TEST_STEP][PASSED] - click(findTestObject("Object Repository/Page_Swag Labs/input_Swag Labs_user-name")): Object: 'Object Repository/Page_Swag Labs/input_Swag Labs_user-name' is clicked on

2023-05-12 17:20:22 - [MESSAGE][PASSED] - Object: 'Object Repository/Page_Swag Labs/input_Swag Labs_user-name' is clicked on

2023-05-12 17:20:22 - [TEST_STEP][PASSED] - sendKeys(findTestObject("Object Repository/Page_Swag Labs/input_Swag Labs_user-name"), "standard_user"): Keys 'standard_user' sent to object: 'Object Repository/Page_Swag Labs/input_Swag Labs_user-name'

2023-05-12 17:20:22 - [MESSAGE][PASSED] - Keys 'standard_user' sent to object: 'Object Repository/Page_Swag Labs/input_Swag Labs_user-name'

2023-05-12 17:20:22 - [TEST_STEP][PASSED] - click(findTestObject("Object Repository/Page_Swag Labs/input_Swag Labs_password")): Object: 'Object Repository/Page_Swag Labs/input_Swag Labs_password' is clicked on

2023-05-12 17:20:22 - [MESSAGE][PASSED] - Object: 'Object Repository/Page_Swag Labs/input_Swag Labs_password' is clicked on

2023-05-12 17:20:22 - [TEST_STEP][PASSED] - sendKeys(findTestObject("Object Repository/Page_Swag Labs/input_Swag Labs_password"), "secret_sauce"): Keys 'secret_sauce' sent to object: 'Object Repository/Page_Swag Labs/input_Swag Labs_password'

2023-05-12 17:20:23 - [MESSAGE][PASSED] - Keys 'secret_sauce' sent to object: 'Object Repository/Page_Swag Labs/input_Swag Labs_password'

2023-05-12 17:20:23 - [TEST_STEP][PASSED] - click(findTestObject("Object Repository/Page_Swag Labs/input_Swag Labs_login-button")): Object: 'Object Repository/Page_Swag Labs/input_Swag Labs_login-button' is clicked on

2023-05-12 17:20:23 - [MESSAGE][PASSED] - Object: 'Object Repository/Page_Swag Labs/input_Swag Labs_login-button' is clicked on

2023-05-12 17:20:23 - [TEST_STEP][PASSED] - click(findTestObject("Object Repository/inventoryPage/Backpack")): Object: 'Object Repository/inventoryPage/Backpack' is clicked on

2023-05-12 17:20:24 - [MESSAGE][PASSED] - Object: 'Object Repository/inventoryPage/Backpack' is clicked on

2023-05-12 17:20:24 - [TEST_STEP][PASSED] - click(findTestObject("Object Repository/inventoryPage/button_Add to cart")): Object: 'Object Repository/inventoryPage/button_Add to cart' is clicked on

2023-05-12 17:20:24 - [MESSAGE][PASSED] - Object: 'Object Repository/inventoryPage/button_Add to cart' is clicked on

2023-05-12 17:20:24 - [TEST_STEP][PASSED] - click(findTestObject("Object Repository/inventoryPage/products_back-image")): Object: 'Object Repository/inventoryPage/products_back-image' is clicked on

2023-05-12 17:20:25 - [MESSAGE][PASSED] - Object: 'Object Repository/inventoryPage/products_back-image' is clicked on

2023-05-12 17:20:25 - [TEST_STEP][PASSED] - click(findTestObject("Object Repository/inventoryPage/cart")): Object: 'Object Repository/inventoryPage/cart' is clicked on

2023-05-12 17:20:25 - [MESSAGE][PASSED] - Object: 'Object Repository/inventoryPage/cart' is clicked on

2023-05-12 17:20:25 - [TEST_STEP][PASSED] - click(findTestObject("Object Repository/CheckoutPage/button_Checkout")): Object: 'Object Repository/CheckoutPage/button_Checkout' is clicked on

2023-05-12 17:20:26 - [MESSAGE][PASSED] - Object: 'Object Repository/CheckoutPage/button_Checkout' is clicked on

2023-05-12 17:20:26 - [TEST_STEP][PASSED] - sendKeys(findTestObject("Object Repository/checkout-step-one/input_Checkout Your Information_firstName"), "demo"): Keys 'demo' sent to object: 'Object Repository/checkout-step-one/input_Checkout Your Information_firstName'

2023-05-12 17:20:26 - [MESSAGE][PASSED] - Keys 'demo' sent to object: 'Object Repository/checkout-step-one/input_Checkout Your Information_firstName'

2023-05-12 17:20:26 - [TEST_STEP][PASSED] - sendKeys(findTestObject("Object Repository/checkout-step-one/input_Checkout Your Information_lastName"), "qa test"): Keys 'qa test' sent to object: 'Object Repository/checkout-step-one/input_Checkout Your Information_lastName'

2023-05-12 17:20:27 - [MESSAGE][PASSED] - Keys 'qa test' sent to object: 'Object Repository/checkout-step-one/input_Checkout Your Information_lastName'

2023-05-12 17:20:27 - [TEST_STEP][PASSED] - sendKeys(findTestObject("Object Repository/checkout-step-one/input_Checkout Your Information_postalCode"), "9000"): Keys '9000' sent to object: 'Object Repository/checkout-step-one/input_Checkout Your Information_postalCode'

2023-05-12 17:20:27 - [MESSAGE][PASSED] - Keys '9000' sent to object: 'Object Repository/checkout-step-one/input_Checkout Your Information_postalCode'

2023-05-12 17:20:27 - [TEST_STEP][PASSED] - click(findTestObject("Object Repository/checkout-step-one/input_continue")): Object: 'Object Repository/checkout-step-one/input_continue' is clicked on

2023-05-12 17:20:28 - [MESSAGE][PASSED] - Object: 'Object Repository/checkout-step-one/input_continue' is clicked on

2023-05-12 17:20:28 - [TEST_STEP][PASSED] - click(findTestObject("Object Repository/finish checkout/button_Finish")): Object: 'Object Repository/finish checkout/button_Finish' is clicked on

2023-05-12 17:20:28 - [MESSAGE][PASSED] - Object: 'Object Repository/finish checkout/button_Finish' is clicked on

2023-05-12 17:20:28 - [TEST_STEP][PASSED] - verifyElementVisible(findTestObject("Object Repository/order-success/h2_Thank you for your order")): Object 'Object Repository/order-success/h2_Thank you for your order' is visible

2023-05-12 17:20:29 - [MESSAGE][PASSED] - Object 'Object Repository/order-success/h2_Thank you for your order' is visible

2023-05-12 17:20:29 - [TEST_STEP][PASSED] - click(findTestObject("Object Repository/NavSideBar/sidebar")): Object: 'Object Repository/NavSideBar/sidebar' is clicked on

2023-05-12 17:20:29 - [MESSAGE][PASSED] - Object: 'Object Repository/NavSideBar/sidebar' is clicked on

2023-05-12 17:20:29 - [TEST_STEP][PASSED] - click(findTestObject("Object Repository/NavSideBar/a_Logout")): Object: 'Object Repository/NavSideBar/a_Logout' is clicked on

2023-05-12 17:20:29 - [MESSAGE][PASSED] - Object: 'Object Repository/NavSideBar/a_Logout' is clicked on

2023-05-12 17:20:29 - [TEST_STEP][PASSED] - verifyElementVisible(findTestObject("Object Repository/Page_Swag Labs/input_Swag Labs_user-name")): Object 'Object Repository/Page_Swag Labs/input_Swag Labs_user-name' is visible

2023-05-12 17:20:30 - [MESSAGE][PASSED] - Object 'Object Repository/Page_Swag Labs/input_Swag Labs_user-name' is visible

2023-05-12 17:20:30 - [TEST_STEP][PASSED] - closeBrowser(): Browser is closed

2023-05-12 17:20:31 - [MESSAGE][PASSED] - Browser is closed]]></system-out>
         <system-err><![CDATA[]]></system-err>
      </testcase>
      <testcase name="Test Cases/test-flow-1-buy-1-product" time="20.72" classname="Test Cases/test-flow-1-buy-1-product" status="PASSED">
         <system-out><![CDATA[2023-05-12 17:20:31 - [TEST_CASE][PASSED] - Test Cases/test-flow-1-buy-1-product: Test Cases/test-flow-1-buy-1-product

2023-05-12 17:20:31 - [TEST_STEP][PASSED] - openBrowser("https://www.saucedemo.com/"): Browser is opened with url: 'https://www.saucedemo.com/'

2023-05-12 17:20:31 - [MESSAGE][INFO] - Starting 'Chrome' driver

2023-05-12 17:20:31 - [MESSAGE][INFO] - Action delay is set to 0 milliseconds

2023-05-12 17:20:33 - [MESSAGE][PASSED] - Browser is opened with url: 'https://www.saucedemo.com/'

2023-05-12 17:20:33 - [TEST_STEP][PASSED] - click(findTestObject("Object Repository/Page_Swag Labs/input_Swag Labs_user-name")): Object: 'Object Repository/Page_Swag Labs/input_Swag Labs_user-name' is clicked on

2023-05-12 17:20:33 - [MESSAGE][PASSED] - Object: 'Object Repository/Page_Swag Labs/input_Swag Labs_user-name' is clicked on

2023-05-12 17:20:33 - [TEST_STEP][PASSED] - sendKeys(findTestObject("Object Repository/Page_Swag Labs/input_Swag Labs_user-name"), "standard_user"): Keys 'standard_user' sent to object: 'Object Repository/Page_Swag Labs/input_Swag Labs_user-name'

2023-05-12 17:20:33 - [MESSAGE][PASSED] - Keys 'standard_user' sent to object: 'Object Repository/Page_Swag Labs/input_Swag Labs_user-name'

2023-05-12 17:20:33 - [TEST_STEP][PASSED] - click(findTestObject("Object Repository/Page_Swag Labs/input_Swag Labs_password")): Object: 'Object Repository/Page_Swag Labs/input_Swag Labs_password' is clicked on

2023-05-12 17:20:34 - [MESSAGE][PASSED] - Object: 'Object Repository/Page_Swag Labs/input_Swag Labs_password' is clicked on

2023-05-12 17:20:34 - [TEST_STEP][PASSED] - sendKeys(findTestObject("Object Repository/Page_Swag Labs/input_Swag Labs_password"), "secret_sauce"): Keys 'secret_sauce' sent to object: 'Object Repository/Page_Swag Labs/input_Swag Labs_password'

2023-05-12 17:20:34 - [MESSAGE][PASSED] - Keys 'secret_sauce' sent to object: 'Object Repository/Page_Swag Labs/input_Swag Labs_password'

2023-05-12 17:20:34 - [TEST_STEP][PASSED] - click(findTestObject("Object Repository/Page_Swag Labs/input_Swag Labs_login-button")): Object: 'Object Repository/Page_Swag Labs/input_Swag Labs_login-button' is clicked on

2023-05-12 17:20:35 - [MESSAGE][PASSED] - Object: 'Object Repository/Page_Swag Labs/input_Swag Labs_login-button' is clicked on

2023-05-12 17:20:35 - [TEST_STEP][PASSED] - click(findTestObject("Object Repository/inventoryPage/Backpack")): Object: 'Object Repository/inventoryPage/Backpack' is clicked on

2023-05-12 17:20:35 - [MESSAGE][PASSED] - Object: 'Object Repository/inventoryPage/Backpack' is clicked on

2023-05-12 17:20:35 - [TEST_STEP][PASSED] - click(findTestObject("Object Repository/inventoryPage/button_Add to cart")): Object: 'Object Repository/inventoryPage/button_Add to cart' is clicked on

2023-05-12 17:20:36 - [MESSAGE][PASSED] - Object: 'Object Repository/inventoryPage/button_Add to cart' is clicked on

2023-05-12 17:20:36 - [TEST_STEP][PASSED] - click(findTestObject("Object Repository/inventoryPage/products_back-image")): Object: 'Object Repository/inventoryPage/products_back-image' is clicked on

2023-05-12 17:20:36 - [MESSAGE][PASSED] - Object: 'Object Repository/inventoryPage/products_back-image' is clicked on

2023-05-12 17:20:36 - [TEST_STEP][PASSED] - click(findTestObject("Object Repository/inventoryPage/cart")): Object: 'Object Repository/inventoryPage/cart' is clicked on

2023-05-12 17:20:37 - [MESSAGE][PASSED] - Object: 'Object Repository/inventoryPage/cart' is clicked on

2023-05-12 17:20:37 - [TEST_STEP][PASSED] - click(findTestObject("Object Repository/CheckoutPage/button_Checkout")): Object: 'Object Repository/CheckoutPage/button_Checkout' is clicked on

2023-05-12 17:20:37 - [MESSAGE][PASSED] - Object: 'Object Repository/CheckoutPage/button_Checkout' is clicked on

2023-05-12 17:20:37 - [TEST_STEP][PASSED] - sendKeys(findTestObject("Object Repository/checkout-step-one/input_Checkout Your Information_firstName"), "demo"): Keys 'demo' sent to object: 'Object Repository/checkout-step-one/input_Checkout Your Information_firstName'

2023-05-12 17:20:38 - [MESSAGE][PASSED] - Keys 'demo' sent to object: 'Object Repository/checkout-step-one/input_Checkout Your Information_firstName'

2023-05-12 17:20:38 - [TEST_STEP][PASSED] - sendKeys(findTestObject("Object Repository/checkout-step-one/input_Checkout Your Information_lastName"), "qa test"): Keys 'qa test' sent to object: 'Object Repository/checkout-step-one/input_Checkout Your Information_lastName'

2023-05-12 17:20:38 - [MESSAGE][PASSED] - Keys 'qa test' sent to object: 'Object Repository/checkout-step-one/input_Checkout Your Information_lastName'

2023-05-12 17:20:38 - [TEST_STEP][PASSED] - sendKeys(findTestObject("Object Repository/checkout-step-one/input_Checkout Your Information_postalCode"), "9000"): Keys '9000' sent to object: 'Object Repository/checkout-step-one/input_Checkout Your Information_postalCode'

2023-05-12 17:20:39 - [MESSAGE][PASSED] - Keys '9000' sent to object: 'Object Repository/checkout-step-one/input_Checkout Your Information_postalCode'

2023-05-12 17:20:39 - [TEST_STEP][PASSED] - click(findTestObject("Object Repository/checkout-step-one/input_continue")): Object: 'Object Repository/checkout-step-one/input_continue' is clicked on

2023-05-12 17:20:41 - [MESSAGE][PASSED] - Object: 'Object Repository/checkout-step-one/input_continue' is clicked on

2023-05-12 17:20:41 - [TEST_STEP][PASSED] - click(findTestObject("Object Repository/finish checkout/button_Finish")): Object: 'Object Repository/finish checkout/button_Finish' is clicked on

2023-05-12 17:20:43 - [MESSAGE][PASSED] - Object: 'Object Repository/finish checkout/button_Finish' is clicked on

2023-05-12 17:20:43 - [TEST_STEP][PASSED] - verifyElementVisible(findTestObject("Object Repository/order-success/h2_Thank you for your order")): Object 'Object Repository/order-success/h2_Thank you for your order' is visible

2023-05-12 17:20:45 - [MESSAGE][PASSED] - Object 'Object Repository/order-success/h2_Thank you for your order' is visible

2023-05-12 17:20:45 - [TEST_STEP][PASSED] - click(findTestObject("Object Repository/NavSideBar/sidebar")): Object: 'Object Repository/NavSideBar/sidebar' is clicked on

2023-05-12 17:20:47 - [MESSAGE][PASSED] - Object: 'Object Repository/NavSideBar/sidebar' is clicked on

2023-05-12 17:20:47 - [TEST_STEP][PASSED] - click(findTestObject("Object Repository/NavSideBar/a_Logout")): Object: 'Object Repository/NavSideBar/a_Logout' is clicked on

2023-05-12 17:20:49 - [MESSAGE][PASSED] - Object: 'Object Repository/NavSideBar/a_Logout' is clicked on

2023-05-12 17:20:49 - [TEST_STEP][PASSED] - verifyElementVisible(findTestObject("Object Repository/Page_Swag Labs/input_Swag Labs_user-name")): Object 'Object Repository/Page_Swag Labs/input_Swag Labs_user-name' is visible

2023-05-12 17:20:51 - [MESSAGE][PASSED] - Object 'Object Repository/Page_Swag Labs/input_Swag Labs_user-name' is visible

2023-05-12 17:20:51 - [TEST_STEP][PASSED] - closeBrowser(): Browser is closed

2023-05-12 17:20:51 - [MESSAGE][PASSED] - Browser is closed]]></system-out>
         <system-err><![CDATA[]]></system-err>
      </testcase>
      <testcase name="Test Cases/test-flow-1-buy-1-product" time="11.658" classname="Test Cases/test-flow-1-buy-1-product" status="PASSED">
         <system-out><![CDATA[2023-05-12 17:20:51 - [TEST_CASE][PASSED] - Test Cases/test-flow-1-buy-1-product: Test Cases/test-flow-1-buy-1-product

2023-05-12 17:20:51 - [TEST_STEP][PASSED] - openBrowser("https://www.saucedemo.com/"): Browser is opened with url: 'https://www.saucedemo.com/'

2023-05-12 17:20:51 - [MESSAGE][INFO] - Starting 'Chrome' driver

2023-05-12 17:20:51 - [MESSAGE][INFO] - Action delay is set to 0 milliseconds

2023-05-12 17:20:53 - [MESSAGE][PASSED] - Browser is opened with url: 'https://www.saucedemo.com/'

2023-05-12 17:20:53 - [TEST_STEP][PASSED] - click(findTestObject("Object Repository/Page_Swag Labs/input_Swag Labs_user-name")): Object: 'Object Repository/Page_Swag Labs/input_Swag Labs_user-name' is clicked on

2023-05-12 17:20:54 - [MESSAGE][PASSED] - Object: 'Object Repository/Page_Swag Labs/input_Swag Labs_user-name' is clicked on

2023-05-12 17:20:54 - [TEST_STEP][PASSED] - sendKeys(findTestObject("Object Repository/Page_Swag Labs/input_Swag Labs_user-name"), "standard_user"): Keys 'standard_user' sent to object: 'Object Repository/Page_Swag Labs/input_Swag Labs_user-name'

2023-05-12 17:20:54 - [MESSAGE][PASSED] - Keys 'standard_user' sent to object: 'Object Repository/Page_Swag Labs/input_Swag Labs_user-name'

2023-05-12 17:20:54 - [TEST_STEP][PASSED] - click(findTestObject("Object Repository/Page_Swag Labs/input_Swag Labs_password")): Object: 'Object Repository/Page_Swag Labs/input_Swag Labs_password' is clicked on

2023-05-12 17:20:54 - [MESSAGE][PASSED] - Object: 'Object Repository/Page_Swag Labs/input_Swag Labs_password' is clicked on

2023-05-12 17:20:54 - [TEST_STEP][PASSED] - sendKeys(findTestObject("Object Repository/Page_Swag Labs/input_Swag Labs_password"), "secret_sauce"): Keys 'secret_sauce' sent to object: 'Object Repository/Page_Swag Labs/input_Swag Labs_password'

2023-05-12 17:20:55 - [MESSAGE][PASSED] - Keys 'secret_sauce' sent to object: 'Object Repository/Page_Swag Labs/input_Swag Labs_password'

2023-05-12 17:20:55 - [TEST_STEP][PASSED] - click(findTestObject("Object Repository/Page_Swag Labs/input_Swag Labs_login-button")): Object: 'Object Repository/Page_Swag Labs/input_Swag Labs_login-button' is clicked on

2023-05-12 17:20:55 - [MESSAGE][PASSED] - Object: 'Object Repository/Page_Swag Labs/input_Swag Labs_login-button' is clicked on

2023-05-12 17:20:55 - [TEST_STEP][PASSED] - click(findTestObject("Object Repository/inventoryPage/Backpack")): Object: 'Object Repository/inventoryPage/Backpack' is clicked on

2023-05-12 17:20:56 - [MESSAGE][PASSED] - Object: 'Object Repository/inventoryPage/Backpack' is clicked on

2023-05-12 17:20:56 - [TEST_STEP][PASSED] - click(findTestObject("Object Repository/inventoryPage/button_Add to cart")): Object: 'Object Repository/inventoryPage/button_Add to cart' is clicked on

2023-05-12 17:20:56 - [MESSAGE][PASSED] - Object: 'Object Repository/inventoryPage/button_Add to cart' is clicked on

2023-05-12 17:20:56 - [TEST_STEP][PASSED] - click(findTestObject("Object Repository/inventoryPage/products_back-image")): Object: 'Object Repository/inventoryPage/products_back-image' is clicked on

2023-05-12 17:20:57 - [MESSAGE][PASSED] - Object: 'Object Repository/inventoryPage/products_back-image' is clicked on

2023-05-12 17:20:57 - [TEST_STEP][PASSED] - click(findTestObject("Object Repository/inventoryPage/cart")): Object: 'Object Repository/inventoryPage/cart' is clicked on

2023-05-12 17:20:57 - [MESSAGE][PASSED] - Object: 'Object Repository/inventoryPage/cart' is clicked on

2023-05-12 17:20:57 - [TEST_STEP][PASSED] - click(findTestObject("Object Repository/CheckoutPage/button_Checkout")): Object: 'Object Repository/CheckoutPage/button_Checkout' is clicked on

2023-05-12 17:20:58 - [MESSAGE][PASSED] - Object: 'Object Repository/CheckoutPage/button_Checkout' is clicked on

2023-05-12 17:20:58 - [TEST_STEP][PASSED] - sendKeys(findTestObject("Object Repository/checkout-step-one/input_Checkout Your Information_firstName"), "demo"): Keys 'demo' sent to object: 'Object Repository/checkout-step-one/input_Checkout Your Information_firstName'

2023-05-12 17:20:58 - [MESSAGE][PASSED] - Keys 'demo' sent to object: 'Object Repository/checkout-step-one/input_Checkout Your Information_firstName'

2023-05-12 17:20:58 - [TEST_STEP][PASSED] - sendKeys(findTestObject("Object Repository/checkout-step-one/input_Checkout Your Information_lastName"), "qa test"): Keys 'qa test' sent to object: 'Object Repository/checkout-step-one/input_Checkout Your Information_lastName'

2023-05-12 17:20:59 - [MESSAGE][PASSED] - Keys 'qa test' sent to object: 'Object Repository/checkout-step-one/input_Checkout Your Information_lastName'

2023-05-12 17:20:59 - [TEST_STEP][PASSED] - sendKeys(findTestObject("Object Repository/checkout-step-one/input_Checkout Your Information_postalCode"), "9000"): Keys '9000' sent to object: 'Object Repository/checkout-step-one/input_Checkout Your Information_postalCode'

2023-05-12 17:20:59 - [MESSAGE][PASSED] - Keys '9000' sent to object: 'Object Repository/checkout-step-one/input_Checkout Your Information_postalCode'

2023-05-12 17:20:59 - [TEST_STEP][PASSED] - click(findTestObject("Object Repository/checkout-step-one/input_continue")): Object: 'Object Repository/checkout-step-one/input_continue' is clicked on

2023-05-12 17:21:00 - [MESSAGE][PASSED] - Object: 'Object Repository/checkout-step-one/input_continue' is clicked on

2023-05-12 17:21:00 - [TEST_STEP][PASSED] - click(findTestObject("Object Repository/finish checkout/button_Finish")): Object: 'Object Repository/finish checkout/button_Finish' is clicked on

2023-05-12 17:21:01 - [MESSAGE][PASSED] - Object: 'Object Repository/finish checkout/button_Finish' is clicked on

2023-05-12 17:21:01 - [TEST_STEP][PASSED] - verifyElementVisible(findTestObject("Object Repository/order-success/h2_Thank you for your order")): Object 'Object Repository/order-success/h2_Thank you for your order' is visible

2023-05-12 17:21:01 - [MESSAGE][PASSED] - Object 'Object Repository/order-success/h2_Thank you for your order' is visible

2023-05-12 17:21:01 - [TEST_STEP][PASSED] - click(findTestObject("Object Repository/NavSideBar/sidebar")): Object: 'Object Repository/NavSideBar/sidebar' is clicked on

2023-05-12 17:21:01 - [MESSAGE][PASSED] - Object: 'Object Repository/NavSideBar/sidebar' is clicked on

2023-05-12 17:21:01 - [TEST_STEP][PASSED] - click(findTestObject("Object Repository/NavSideBar/a_Logout")): Object: 'Object Repository/NavSideBar/a_Logout' is clicked on

2023-05-12 17:21:02 - [MESSAGE][PASSED] - Object: 'Object Repository/NavSideBar/a_Logout' is clicked on

2023-05-12 17:21:02 - [TEST_STEP][PASSED] - verifyElementVisible(findTestObject("Object Repository/Page_Swag Labs/input_Swag Labs_user-name")): Object 'Object Repository/Page_Swag Labs/input_Swag Labs_user-name' is visible

2023-05-12 17:21:02 - [MESSAGE][PASSED] - Object 'Object Repository/Page_Swag Labs/input_Swag Labs_user-name' is visible

2023-05-12 17:21:02 - [TEST_STEP][PASSED] - closeBrowser(): Browser is closed

2023-05-12 17:21:03 - [MESSAGE][PASSED] - Browser is closed]]></system-out>
         <system-err><![CDATA[]]></system-err>
      </testcase>
      <testcase name="Test Cases/test-flow-1-buy-1-product" time="11.822" classname="Test Cases/test-flow-1-buy-1-product" status="PASSED">
         <system-out><![CDATA[2023-05-12 17:21:03 - [TEST_CASE][PASSED] - Test Cases/test-flow-1-buy-1-product: Test Cases/test-flow-1-buy-1-product

2023-05-12 17:21:03 - [TEST_STEP][PASSED] - openBrowser("https://www.saucedemo.com/"): Browser is opened with url: 'https://www.saucedemo.com/'

2023-05-12 17:21:03 - [MESSAGE][INFO] - Starting 'Chrome' driver

2023-05-12 17:21:03 - [MESSAGE][INFO] - Action delay is set to 0 milliseconds

2023-05-12 17:21:05 - [MESSAGE][PASSED] - Browser is opened with url: 'https://www.saucedemo.com/'

2023-05-12 17:21:05 - [TEST_STEP][PASSED] - click(findTestObject("Object Repository/Page_Swag Labs/input_Swag Labs_user-name")): Object: 'Object Repository/Page_Swag Labs/input_Swag Labs_user-name' is clicked on

2023-05-12 17:21:05 - [MESSAGE][PASSED] - Object: 'Object Repository/Page_Swag Labs/input_Swag Labs_user-name' is clicked on

2023-05-12 17:21:05 - [TEST_STEP][PASSED] - sendKeys(findTestObject("Object Repository/Page_Swag Labs/input_Swag Labs_user-name"), "standard_user"): Keys 'standard_user' sent to object: 'Object Repository/Page_Swag Labs/input_Swag Labs_user-name'

2023-05-12 17:21:06 - [MESSAGE][PASSED] - Keys 'standard_user' sent to object: 'Object Repository/Page_Swag Labs/input_Swag Labs_user-name'

2023-05-12 17:21:06 - [TEST_STEP][PASSED] - click(findTestObject("Object Repository/Page_Swag Labs/input_Swag Labs_password")): Object: 'Object Repository/Page_Swag Labs/input_Swag Labs_password' is clicked on

2023-05-12 17:21:06 - [MESSAGE][PASSED] - Object: 'Object Repository/Page_Swag Labs/input_Swag Labs_password' is clicked on

2023-05-12 17:21:06 - [TEST_STEP][PASSED] - sendKeys(findTestObject("Object Repository/Page_Swag Labs/input_Swag Labs_password"), "secret_sauce"): Keys 'secret_sauce' sent to object: 'Object Repository/Page_Swag Labs/input_Swag Labs_password'

2023-05-12 17:21:06 - [MESSAGE][PASSED] - Keys 'secret_sauce' sent to object: 'Object Repository/Page_Swag Labs/input_Swag Labs_password'

2023-05-12 17:21:06 - [TEST_STEP][PASSED] - click(findTestObject("Object Repository/Page_Swag Labs/input_Swag Labs_login-button")): Object: 'Object Repository/Page_Swag Labs/input_Swag Labs_login-button' is clicked on

2023-05-12 17:21:07 - [MESSAGE][PASSED] - Object: 'Object Repository/Page_Swag Labs/input_Swag Labs_login-button' is clicked on

2023-05-12 17:21:07 - [TEST_STEP][PASSED] - click(findTestObject("Object Repository/inventoryPage/Backpack")): Object: 'Object Repository/inventoryPage/Backpack' is clicked on

2023-05-12 17:21:07 - [MESSAGE][PASSED] - Object: 'Object Repository/inventoryPage/Backpack' is clicked on

2023-05-12 17:21:07 - [TEST_STEP][PASSED] - click(findTestObject("Object Repository/inventoryPage/button_Add to cart")): Object: 'Object Repository/inventoryPage/button_Add to cart' is clicked on

2023-05-12 17:21:08 - [MESSAGE][PASSED] - Object: 'Object Repository/inventoryPage/button_Add to cart' is clicked on

2023-05-12 17:21:08 - [TEST_STEP][PASSED] - click(findTestObject("Object Repository/inventoryPage/products_back-image")): Object: 'Object Repository/inventoryPage/products_back-image' is clicked on

2023-05-12 17:21:08 - [MESSAGE][PASSED] - Object: 'Object Repository/inventoryPage/products_back-image' is clicked on

2023-05-12 17:21:08 - [TEST_STEP][PASSED] - click(findTestObject("Object Repository/inventoryPage/cart")): Object: 'Object Repository/inventoryPage/cart' is clicked on

2023-05-12 17:21:09 - [MESSAGE][PASSED] - Object: 'Object Repository/inventoryPage/cart' is clicked on

2023-05-12 17:21:09 - [TEST_STEP][PASSED] - click(findTestObject("Object Repository/CheckoutPage/button_Checkout")): Object: 'Object Repository/CheckoutPage/button_Checkout' is clicked on

2023-05-12 17:21:09 - [MESSAGE][PASSED] - Object: 'Object Repository/CheckoutPage/button_Checkout' is clicked on

2023-05-12 17:21:09 - [TEST_STEP][PASSED] - sendKeys(findTestObject("Object Repository/checkout-step-one/input_Checkout Your Information_firstName"), "demo"): Keys 'demo' sent to object: 'Object Repository/checkout-step-one/input_Checkout Your Information_firstName'

2023-05-12 17:21:10 - [MESSAGE][PASSED] - Keys 'demo' sent to object: 'Object Repository/checkout-step-one/input_Checkout Your Information_firstName'

2023-05-12 17:21:10 - [TEST_STEP][PASSED] - sendKeys(findTestObject("Object Repository/checkout-step-one/input_Checkout Your Information_lastName"), "qa test"): Keys 'qa test' sent to object: 'Object Repository/checkout-step-one/input_Checkout Your Information_lastName'

2023-05-12 17:21:11 - [MESSAGE][PASSED] - Keys 'qa test' sent to object: 'Object Repository/checkout-step-one/input_Checkout Your Information_lastName'

2023-05-12 17:21:11 - [TEST_STEP][PASSED] - sendKeys(findTestObject("Object Repository/checkout-step-one/input_Checkout Your Information_postalCode"), "9000"): Keys '9000' sent to object: 'Object Repository/checkout-step-one/input_Checkout Your Information_postalCode'

2023-05-12 17:21:11 - [MESSAGE][PASSED] - Keys '9000' sent to object: 'Object Repository/checkout-step-one/input_Checkout Your Information_postalCode'

2023-05-12 17:21:11 - [TEST_STEP][PASSED] - click(findTestObject("Object Repository/checkout-step-one/input_continue")): Object: 'Object Repository/checkout-step-one/input_continue' is clicked on

2023-05-12 17:21:12 - [MESSAGE][PASSED] - Object: 'Object Repository/checkout-step-one/input_continue' is clicked on

2023-05-12 17:21:12 - [TEST_STEP][PASSED] - click(findTestObject("Object Repository/finish checkout/button_Finish")): Object: 'Object Repository/finish checkout/button_Finish' is clicked on

2023-05-12 17:21:12 - [MESSAGE][PASSED] - Object: 'Object Repository/finish checkout/button_Finish' is clicked on

2023-05-12 17:21:12 - [TEST_STEP][PASSED] - verifyElementVisible(findTestObject("Object Repository/order-success/h2_Thank you for your order")): Object 'Object Repository/order-success/h2_Thank you for your order' is visible

2023-05-12 17:21:13 - [MESSAGE][PASSED] - Object 'Object Repository/order-success/h2_Thank you for your order' is visible

2023-05-12 17:21:13 - [TEST_STEP][PASSED] - click(findTestObject("Object Repository/NavSideBar/sidebar")): Object: 'Object Repository/NavSideBar/sidebar' is clicked on

2023-05-12 17:21:13 - [MESSAGE][PASSED] - Object: 'Object Repository/NavSideBar/sidebar' is clicked on

2023-05-12 17:21:13 - [TEST_STEP][PASSED] - click(findTestObject("Object Repository/NavSideBar/a_Logout")): Object: 'Object Repository/NavSideBar/a_Logout' is clicked on

2023-05-12 17:21:14 - [MESSAGE][PASSED] - Object: 'Object Repository/NavSideBar/a_Logout' is clicked on

2023-05-12 17:21:14 - [TEST_STEP][PASSED] - verifyElementVisible(findTestObject("Object Repository/Page_Swag Labs/input_Swag Labs_user-name")): Object 'Object Repository/Page_Swag Labs/input_Swag Labs_user-name' is visible

2023-05-12 17:21:14 - [MESSAGE][PASSED] - Object 'Object Repository/Page_Swag Labs/input_Swag Labs_user-name' is visible

2023-05-12 17:21:14 - [TEST_STEP][PASSED] - closeBrowser(): Browser is closed

2023-05-12 17:21:15 - [MESSAGE][PASSED] - Browser is closed]]></system-out>
         <system-err><![CDATA[]]></system-err>
      </testcase>
      <testcase name="Test Cases/test-flow-1-buy-1-product" time="11.616" classname="Test Cases/test-flow-1-buy-1-product" status="PASSED">
         <system-out><![CDATA[2023-05-12 17:21:15 - [TEST_CASE][PASSED] - Test Cases/test-flow-1-buy-1-product: Test Cases/test-flow-1-buy-1-product

2023-05-12 17:21:15 - [TEST_STEP][PASSED] - openBrowser("https://www.saucedemo.com/"): Browser is opened with url: 'https://www.saucedemo.com/'

2023-05-12 17:21:15 - [MESSAGE][INFO] - Starting 'Chrome' driver

2023-05-12 17:21:15 - [MESSAGE][INFO] - Action delay is set to 0 milliseconds

2023-05-12 17:21:17 - [MESSAGE][PASSED] - Browser is opened with url: 'https://www.saucedemo.com/'

2023-05-12 17:21:17 - [TEST_STEP][PASSED] - click(findTestObject("Object Repository/Page_Swag Labs/input_Swag Labs_user-name")): Object: 'Object Repository/Page_Swag Labs/input_Swag Labs_user-name' is clicked on

2023-05-12 17:21:17 - [MESSAGE][PASSED] - Object: 'Object Repository/Page_Swag Labs/input_Swag Labs_user-name' is clicked on

2023-05-12 17:21:17 - [TEST_STEP][PASSED] - sendKeys(findTestObject("Object Repository/Page_Swag Labs/input_Swag Labs_user-name"), "standard_user"): Keys 'standard_user' sent to object: 'Object Repository/Page_Swag Labs/input_Swag Labs_user-name'

2023-05-12 17:21:18 - [MESSAGE][PASSED] - Keys 'standard_user' sent to object: 'Object Repository/Page_Swag Labs/input_Swag Labs_user-name'

2023-05-12 17:21:18 - [TEST_STEP][PASSED] - click(findTestObject("Object Repository/Page_Swag Labs/input_Swag Labs_password")): Object: 'Object Repository/Page_Swag Labs/input_Swag Labs_password' is clicked on

2023-05-12 17:21:18 - [MESSAGE][PASSED] - Object: 'Object Repository/Page_Swag Labs/input_Swag Labs_password' is clicked on

2023-05-12 17:21:18 - [TEST_STEP][PASSED] - sendKeys(findTestObject("Object Repository/Page_Swag Labs/input_Swag Labs_password"), "secret_sauce"): Keys 'secret_sauce' sent to object: 'Object Repository/Page_Swag Labs/input_Swag Labs_password'

2023-05-12 17:21:18 - [MESSAGE][PASSED] - Keys 'secret_sauce' sent to object: 'Object Repository/Page_Swag Labs/input_Swag Labs_password'

2023-05-12 17:21:18 - [TEST_STEP][PASSED] - click(findTestObject("Object Repository/Page_Swag Labs/input_Swag Labs_login-button")): Object: 'Object Repository/Page_Swag Labs/input_Swag Labs_login-button' is clicked on

2023-05-12 17:21:19 - [MESSAGE][PASSED] - Object: 'Object Repository/Page_Swag Labs/input_Swag Labs_login-button' is clicked on

2023-05-12 17:21:19 - [TEST_STEP][PASSED] - click(findTestObject("Object Repository/inventoryPage/Backpack")): Object: 'Object Repository/inventoryPage/Backpack' is clicked on

2023-05-12 17:21:19 - [MESSAGE][PASSED] - Object: 'Object Repository/inventoryPage/Backpack' is clicked on

2023-05-12 17:21:19 - [TEST_STEP][PASSED] - click(findTestObject("Object Repository/inventoryPage/button_Add to cart")): Object: 'Object Repository/inventoryPage/button_Add to cart' is clicked on

2023-05-12 17:21:20 - [MESSAGE][PASSED] - Object: 'Object Repository/inventoryPage/button_Add to cart' is clicked on

2023-05-12 17:21:20 - [TEST_STEP][PASSED] - click(findTestObject("Object Repository/inventoryPage/products_back-image")): Object: 'Object Repository/inventoryPage/products_back-image' is clicked on

2023-05-12 17:21:20 - [MESSAGE][PASSED] - Object: 'Object Repository/inventoryPage/products_back-image' is clicked on

2023-05-12 17:21:20 - [TEST_STEP][PASSED] - click(findTestObject("Object Repository/inventoryPage/cart")): Object: 'Object Repository/inventoryPage/cart' is clicked on

2023-05-12 17:21:21 - [MESSAGE][PASSED] - Object: 'Object Repository/inventoryPage/cart' is clicked on

2023-05-12 17:21:21 - [TEST_STEP][PASSED] - click(findTestObject("Object Repository/CheckoutPage/button_Checkout")): Object: 'Object Repository/CheckoutPage/button_Checkout' is clicked on

2023-05-12 17:21:21 - [MESSAGE][PASSED] - Object: 'Object Repository/CheckoutPage/button_Checkout' is clicked on

2023-05-12 17:21:21 - [TEST_STEP][PASSED] - sendKeys(findTestObject("Object Repository/checkout-step-one/input_Checkout Your Information_firstName"), "demo"): Keys 'demo' sent to object: 'Object Repository/checkout-step-one/input_Checkout Your Information_firstName'

2023-05-12 17:21:22 - [MESSAGE][PASSED] - Keys 'demo' sent to object: 'Object Repository/checkout-step-one/input_Checkout Your Information_firstName'

2023-05-12 17:21:22 - [TEST_STEP][PASSED] - sendKeys(findTestObject("Object Repository/checkout-step-one/input_Checkout Your Information_lastName"), "qa test"): Keys 'qa test' sent to object: 'Object Repository/checkout-step-one/input_Checkout Your Information_lastName'

2023-05-12 17:21:22 - [MESSAGE][PASSED] - Keys 'qa test' sent to object: 'Object Repository/checkout-step-one/input_Checkout Your Information_lastName'

2023-05-12 17:21:22 - [TEST_STEP][PASSED] - sendKeys(findTestObject("Object Repository/checkout-step-one/input_Checkout Your Information_postalCode"), "9000"): Keys '9000' sent to object: 'Object Repository/checkout-step-one/input_Checkout Your Information_postalCode'

2023-05-12 17:21:23 - [MESSAGE][PASSED] - Keys '9000' sent to object: 'Object Repository/checkout-step-one/input_Checkout Your Information_postalCode'

2023-05-12 17:21:23 - [TEST_STEP][PASSED] - click(findTestObject("Object Repository/checkout-step-one/input_continue")): Object: 'Object Repository/checkout-step-one/input_continue' is clicked on

2023-05-12 17:21:23 - [MESSAGE][PASSED] - Object: 'Object Repository/checkout-step-one/input_continue' is clicked on

2023-05-12 17:21:23 - [TEST_STEP][PASSED] - click(findTestObject("Object Repository/finish checkout/button_Finish")): Object: 'Object Repository/finish checkout/button_Finish' is clicked on

2023-05-12 17:21:24 - [MESSAGE][PASSED] - Object: 'Object Repository/finish checkout/button_Finish' is clicked on

2023-05-12 17:21:24 - [TEST_STEP][PASSED] - verifyElementVisible(findTestObject("Object Repository/order-success/h2_Thank you for your order")): Object 'Object Repository/order-success/h2_Thank you for your order' is visible

2023-05-12 17:21:24 - [MESSAGE][PASSED] - Object 'Object Repository/order-success/h2_Thank you for your order' is visible

2023-05-12 17:21:24 - [TEST_STEP][PASSED] - click(findTestObject("Object Repository/NavSideBar/sidebar")): Object: 'Object Repository/NavSideBar/sidebar' is clicked on

2023-05-12 17:21:25 - [MESSAGE][PASSED] - Object: 'Object Repository/NavSideBar/sidebar' is clicked on

2023-05-12 17:21:25 - [TEST_STEP][PASSED] - click(findTestObject("Object Repository/NavSideBar/a_Logout")): Object: 'Object Repository/NavSideBar/a_Logout' is clicked on

2023-05-12 17:21:25 - [MESSAGE][PASSED] - Object: 'Object Repository/NavSideBar/a_Logout' is clicked on

2023-05-12 17:21:25 - [TEST_STEP][PASSED] - verifyElementVisible(findTestObject("Object Repository/Page_Swag Labs/input_Swag Labs_user-name")): Object 'Object Repository/Page_Swag Labs/input_Swag Labs_user-name' is visible

2023-05-12 17:21:26 - [MESSAGE][PASSED] - Object 'Object Repository/Page_Swag Labs/input_Swag Labs_user-name' is visible

2023-05-12 17:21:26 - [TEST_STEP][PASSED] - closeBrowser(): Browser is closed

2023-05-12 17:21:27 - [MESSAGE][PASSED] - Browser is closed]]></system-out>
         <system-err><![CDATA[]]></system-err>
      </testcase>
      <testcase name="Test Cases/test-flow-1-buy-1-product" time="11.548" classname="Test Cases/test-flow-1-buy-1-product" status="PASSED">
         <system-out><![CDATA[2023-05-12 17:21:27 - [TEST_CASE][PASSED] - Test Cases/test-flow-1-buy-1-product: Test Cases/test-flow-1-buy-1-product

2023-05-12 17:21:27 - [TEST_STEP][PASSED] - openBrowser("https://www.saucedemo.com/"): Browser is opened with url: 'https://www.saucedemo.com/'

2023-05-12 17:21:27 - [MESSAGE][INFO] - Starting 'Chrome' driver

2023-05-12 17:21:27 - [MESSAGE][INFO] - Action delay is set to 0 milliseconds

2023-05-12 17:21:29 - [MESSAGE][PASSED] - Browser is opened with url: 'https://www.saucedemo.com/'

2023-05-12 17:21:29 - [TEST_STEP][PASSED] - click(findTestObject("Object Repository/Page_Swag Labs/input_Swag Labs_user-name")): Object: 'Object Repository/Page_Swag Labs/input_Swag Labs_user-name' is clicked on

2023-05-12 17:21:29 - [MESSAGE][PASSED] - Object: 'Object Repository/Page_Swag Labs/input_Swag Labs_user-name' is clicked on

2023-05-12 17:21:29 - [TEST_STEP][PASSED] - sendKeys(findTestObject("Object Repository/Page_Swag Labs/input_Swag Labs_user-name"), "standard_user"): Keys 'standard_user' sent to object: 'Object Repository/Page_Swag Labs/input_Swag Labs_user-name'

2023-05-12 17:21:29 - [MESSAGE][PASSED] - Keys 'standard_user' sent to object: 'Object Repository/Page_Swag Labs/input_Swag Labs_user-name'

2023-05-12 17:21:29 - [TEST_STEP][PASSED] - click(findTestObject("Object Repository/Page_Swag Labs/input_Swag Labs_password")): Object: 'Object Repository/Page_Swag Labs/input_Swag Labs_password' is clicked on

2023-05-12 17:21:30 - [MESSAGE][PASSED] - Object: 'Object Repository/Page_Swag Labs/input_Swag Labs_password' is clicked on

2023-05-12 17:21:30 - [TEST_STEP][PASSED] - sendKeys(findTestObject("Object Repository/Page_Swag Labs/input_Swag Labs_password"), "secret_sauce"): Keys 'secret_sauce' sent to object: 'Object Repository/Page_Swag Labs/input_Swag Labs_password'

2023-05-12 17:21:30 - [MESSAGE][PASSED] - Keys 'secret_sauce' sent to object: 'Object Repository/Page_Swag Labs/input_Swag Labs_password'

2023-05-12 17:21:30 - [TEST_STEP][PASSED] - click(findTestObject("Object Repository/Page_Swag Labs/input_Swag Labs_login-button")): Object: 'Object Repository/Page_Swag Labs/input_Swag Labs_login-button' is clicked on

2023-05-12 17:21:30 - [MESSAGE][PASSED] - Object: 'Object Repository/Page_Swag Labs/input_Swag Labs_login-button' is clicked on

2023-05-12 17:21:30 - [TEST_STEP][PASSED] - click(findTestObject("Object Repository/inventoryPage/Backpack")): Object: 'Object Repository/inventoryPage/Backpack' is clicked on

2023-05-12 17:21:31 - [MESSAGE][PASSED] - Object: 'Object Repository/inventoryPage/Backpack' is clicked on

2023-05-12 17:21:31 - [TEST_STEP][PASSED] - click(findTestObject("Object Repository/inventoryPage/button_Add to cart")): Object: 'Object Repository/inventoryPage/button_Add to cart' is clicked on

2023-05-12 17:21:31 - [MESSAGE][PASSED] - Object: 'Object Repository/inventoryPage/button_Add to cart' is clicked on

2023-05-12 17:21:31 - [TEST_STEP][PASSED] - click(findTestObject("Object Repository/inventoryPage/products_back-image")): Object: 'Object Repository/inventoryPage/products_back-image' is clicked on

2023-05-12 17:21:32 - [MESSAGE][PASSED] - Object: 'Object Repository/inventoryPage/products_back-image' is clicked on

2023-05-12 17:21:32 - [TEST_STEP][PASSED] - click(findTestObject("Object Repository/inventoryPage/cart")): Object: 'Object Repository/inventoryPage/cart' is clicked on

2023-05-12 17:21:32 - [MESSAGE][PASSED] - Object: 'Object Repository/inventoryPage/cart' is clicked on

2023-05-12 17:21:32 - [TEST_STEP][PASSED] - click(findTestObject("Object Repository/CheckoutPage/button_Checkout")): Object: 'Object Repository/CheckoutPage/button_Checkout' is clicked on

2023-05-12 17:21:33 - [MESSAGE][PASSED] - Object: 'Object Repository/CheckoutPage/button_Checkout' is clicked on

2023-05-12 17:21:33 - [TEST_STEP][PASSED] - sendKeys(findTestObject("Object Repository/checkout-step-one/input_Checkout Your Information_firstName"), "demo"): Keys 'demo' sent to object: 'Object Repository/checkout-step-one/input_Checkout Your Information_firstName'

2023-05-12 17:21:33 - [MESSAGE][PASSED] - Keys 'demo' sent to object: 'Object Repository/checkout-step-one/input_Checkout Your Information_firstName'

2023-05-12 17:21:33 - [TEST_STEP][PASSED] - sendKeys(findTestObject("Object Repository/checkout-step-one/input_Checkout Your Information_lastName"), "qa test"): Keys 'qa test' sent to object: 'Object Repository/checkout-step-one/input_Checkout Your Information_lastName'

2023-05-12 17:21:34 - [MESSAGE][PASSED] - Keys 'qa test' sent to object: 'Object Repository/checkout-step-one/input_Checkout Your Information_lastName'

2023-05-12 17:21:34 - [TEST_STEP][PASSED] - sendKeys(findTestObject("Object Repository/checkout-step-one/input_Checkout Your Information_postalCode"), "9000"): Keys '9000' sent to object: 'Object Repository/checkout-step-one/input_Checkout Your Information_postalCode'

2023-05-12 17:21:35 - [MESSAGE][PASSED] - Keys '9000' sent to object: 'Object Repository/checkout-step-one/input_Checkout Your Information_postalCode'

2023-05-12 17:21:35 - [TEST_STEP][PASSED] - click(findTestObject("Object Repository/checkout-step-one/input_continue")): Object: 'Object Repository/checkout-step-one/input_continue' is clicked on

2023-05-12 17:21:35 - [MESSAGE][PASSED] - Object: 'Object Repository/checkout-step-one/input_continue' is clicked on

2023-05-12 17:21:35 - [TEST_STEP][PASSED] - click(findTestObject("Object Repository/finish checkout/button_Finish")): Object: 'Object Repository/finish checkout/button_Finish' is clicked on

2023-05-12 17:21:36 - [MESSAGE][PASSED] - Object: 'Object Repository/finish checkout/button_Finish' is clicked on

2023-05-12 17:21:36 - [TEST_STEP][PASSED] - verifyElementVisible(findTestObject("Object Repository/order-success/h2_Thank you for your order")): Object 'Object Repository/order-success/h2_Thank you for your order' is visible

2023-05-12 17:21:36 - [MESSAGE][PASSED] - Object 'Object Repository/order-success/h2_Thank you for your order' is visible

2023-05-12 17:21:36 - [TEST_STEP][PASSED] - click(findTestObject("Object Repository/NavSideBar/sidebar")): Object: 'Object Repository/NavSideBar/sidebar' is clicked on

2023-05-12 17:21:36 - [MESSAGE][PASSED] - Object: 'Object Repository/NavSideBar/sidebar' is clicked on

2023-05-12 17:21:36 - [TEST_STEP][PASSED] - click(findTestObject("Object Repository/NavSideBar/a_Logout")): Object: 'Object Repository/NavSideBar/a_Logout' is clicked on

2023-05-12 17:21:37 - [MESSAGE][PASSED] - Object: 'Object Repository/NavSideBar/a_Logout' is clicked on

2023-05-12 17:21:37 - [TEST_STEP][PASSED] - verifyElementVisible(findTestObject("Object Repository/Page_Swag Labs/input_Swag Labs_user-name")): Object 'Object Repository/Page_Swag Labs/input_Swag Labs_user-name' is visible

2023-05-12 17:21:37 - [MESSAGE][PASSED] - Object 'Object Repository/Page_Swag Labs/input_Swag Labs_user-name' is visible

2023-05-12 17:21:37 - [TEST_STEP][PASSED] - closeBrowser(): Browser is closed

2023-05-12 17:21:38 - [MESSAGE][PASSED] - Browser is closed]]></system-out>
         <system-err><![CDATA[]]></system-err>
      </testcase>
      <testcase name="Test Cases/test-flow-1-buy-1-product" time="11.713" classname="Test Cases/test-flow-1-buy-1-product" status="PASSED">
         <system-out><![CDATA[2023-05-12 17:21:38 - [TEST_CASE][PASSED] - Test Cases/test-flow-1-buy-1-product: Test Cases/test-flow-1-buy-1-product

2023-05-12 17:21:38 - [TEST_STEP][PASSED] - openBrowser("https://www.saucedemo.com/"): Browser is opened with url: 'https://www.saucedemo.com/'

2023-05-12 17:21:38 - [MESSAGE][INFO] - Starting 'Chrome' driver

2023-05-12 17:21:38 - [MESSAGE][INFO] - Action delay is set to 0 milliseconds

2023-05-12 17:21:40 - [MESSAGE][PASSED] - Browser is opened with url: 'https://www.saucedemo.com/'

2023-05-12 17:21:40 - [TEST_STEP][PASSED] - click(findTestObject("Object Repository/Page_Swag Labs/input_Swag Labs_user-name")): Object: 'Object Repository/Page_Swag Labs/input_Swag Labs_user-name' is clicked on

2023-05-12 17:21:41 - [MESSAGE][PASSED] - Object: 'Object Repository/Page_Swag Labs/input_Swag Labs_user-name' is clicked on

2023-05-12 17:21:41 - [TEST_STEP][PASSED] - sendKeys(findTestObject("Object Repository/Page_Swag Labs/input_Swag Labs_user-name"), "standard_user"): Keys 'standard_user' sent to object: 'Object Repository/Page_Swag Labs/input_Swag Labs_user-name'

2023-05-12 17:21:41 - [MESSAGE][PASSED] - Keys 'standard_user' sent to object: 'Object Repository/Page_Swag Labs/input_Swag Labs_user-name'

2023-05-12 17:21:41 - [TEST_STEP][PASSED] - click(findTestObject("Object Repository/Page_Swag Labs/input_Swag Labs_password")): Object: 'Object Repository/Page_Swag Labs/input_Swag Labs_password' is clicked on

2023-05-12 17:21:41 - [MESSAGE][PASSED] - Object: 'Object Repository/Page_Swag Labs/input_Swag Labs_password' is clicked on

2023-05-12 17:21:41 - [TEST_STEP][PASSED] - sendKeys(findTestObject("Object Repository/Page_Swag Labs/input_Swag Labs_password"), "secret_sauce"): Keys 'secret_sauce' sent to object: 'Object Repository/Page_Swag Labs/input_Swag Labs_password'

2023-05-12 17:21:42 - [MESSAGE][PASSED] - Keys 'secret_sauce' sent to object: 'Object Repository/Page_Swag Labs/input_Swag Labs_password'

2023-05-12 17:21:42 - [TEST_STEP][PASSED] - click(findTestObject("Object Repository/Page_Swag Labs/input_Swag Labs_login-button")): Object: 'Object Repository/Page_Swag Labs/input_Swag Labs_login-button' is clicked on

2023-05-12 17:21:42 - [MESSAGE][PASSED] - Object: 'Object Repository/Page_Swag Labs/input_Swag Labs_login-button' is clicked on

2023-05-12 17:21:42 - [TEST_STEP][PASSED] - click(findTestObject("Object Repository/inventoryPage/Backpack")): Object: 'Object Repository/inventoryPage/Backpack' is clicked on

2023-05-12 17:21:42 - [MESSAGE][PASSED] - Object: 'Object Repository/inventoryPage/Backpack' is clicked on

2023-05-12 17:21:42 - [TEST_STEP][PASSED] - click(findTestObject("Object Repository/inventoryPage/button_Add to cart")): Object: 'Object Repository/inventoryPage/button_Add to cart' is clicked on

2023-05-12 17:21:43 - [MESSAGE][PASSED] - Object: 'Object Repository/inventoryPage/button_Add to cart' is clicked on

2023-05-12 17:21:43 - [TEST_STEP][PASSED] - click(findTestObject("Object Repository/inventoryPage/products_back-image")): Object: 'Object Repository/inventoryPage/products_back-image' is clicked on

2023-05-12 17:21:43 - [MESSAGE][PASSED] - Object: 'Object Repository/inventoryPage/products_back-image' is clicked on

2023-05-12 17:21:43 - [TEST_STEP][PASSED] - click(findTestObject("Object Repository/inventoryPage/cart")): Object: 'Object Repository/inventoryPage/cart' is clicked on

2023-05-12 17:21:44 - [MESSAGE][PASSED] - Object: 'Object Repository/inventoryPage/cart' is clicked on

2023-05-12 17:21:44 - [TEST_STEP][PASSED] - click(findTestObject("Object Repository/CheckoutPage/button_Checkout")): Object: 'Object Repository/CheckoutPage/button_Checkout' is clicked on

2023-05-12 17:21:45 - [MESSAGE][PASSED] - Object: 'Object Repository/CheckoutPage/button_Checkout' is clicked on

2023-05-12 17:21:45 - [TEST_STEP][PASSED] - sendKeys(findTestObject("Object Repository/checkout-step-one/input_Checkout Your Information_firstName"), "demo"): Keys 'demo' sent to object: 'Object Repository/checkout-step-one/input_Checkout Your Information_firstName'

2023-05-12 17:21:45 - [MESSAGE][PASSED] - Keys 'demo' sent to object: 'Object Repository/checkout-step-one/input_Checkout Your Information_firstName'

2023-05-12 17:21:45 - [TEST_STEP][PASSED] - sendKeys(findTestObject("Object Repository/checkout-step-one/input_Checkout Your Information_lastName"), "qa test"): Keys 'qa test' sent to object: 'Object Repository/checkout-step-one/input_Checkout Your Information_lastName'

2023-05-12 17:21:46 - [MESSAGE][PASSED] - Keys 'qa test' sent to object: 'Object Repository/checkout-step-one/input_Checkout Your Information_lastName'

2023-05-12 17:21:46 - [TEST_STEP][PASSED] - sendKeys(findTestObject("Object Repository/checkout-step-one/input_Checkout Your Information_postalCode"), "9000"): Keys '9000' sent to object: 'Object Repository/checkout-step-one/input_Checkout Your Information_postalCode'

2023-05-12 17:21:46 - [MESSAGE][PASSED] - Keys '9000' sent to object: 'Object Repository/checkout-step-one/input_Checkout Your Information_postalCode'

2023-05-12 17:21:46 - [TEST_STEP][PASSED] - click(findTestObject("Object Repository/checkout-step-one/input_continue")): Object: 'Object Repository/checkout-step-one/input_continue' is clicked on

2023-05-12 17:21:47 - [MESSAGE][PASSED] - Object: 'Object Repository/checkout-step-one/input_continue' is clicked on

2023-05-12 17:21:47 - [TEST_STEP][PASSED] - click(findTestObject("Object Repository/finish checkout/button_Finish")): Object: 'Object Repository/finish checkout/button_Finish' is clicked on

2023-05-12 17:21:47 - [MESSAGE][PASSED] - Object: 'Object Repository/finish checkout/button_Finish' is clicked on

2023-05-12 17:21:47 - [TEST_STEP][PASSED] - verifyElementVisible(findTestObject("Object Repository/order-success/h2_Thank you for your order")): Object 'Object Repository/order-success/h2_Thank you for your order' is visible

2023-05-12 17:21:48 - [MESSAGE][PASSED] - Object 'Object Repository/order-success/h2_Thank you for your order' is visible

2023-05-12 17:21:48 - [TEST_STEP][PASSED] - click(findTestObject("Object Repository/NavSideBar/sidebar")): Object: 'Object Repository/NavSideBar/sidebar' is clicked on

2023-05-12 17:21:48 - [MESSAGE][PASSED] - Object: 'Object Repository/NavSideBar/sidebar' is clicked on

2023-05-12 17:21:48 - [TEST_STEP][PASSED] - click(findTestObject("Object Repository/NavSideBar/a_Logout")): Object: 'Object Repository/NavSideBar/a_Logout' is clicked on

2023-05-12 17:21:49 - [MESSAGE][PASSED] - Object: 'Object Repository/NavSideBar/a_Logout' is clicked on

2023-05-12 17:21:49 - [TEST_STEP][PASSED] - verifyElementVisible(findTestObject("Object Repository/Page_Swag Labs/input_Swag Labs_user-name")): Object 'Object Repository/Page_Swag Labs/input_Swag Labs_user-name' is visible

2023-05-12 17:21:49 - [MESSAGE][PASSED] - Object 'Object Repository/Page_Swag Labs/input_Swag Labs_user-name' is visible

2023-05-12 17:21:49 - [TEST_STEP][PASSED] - closeBrowser(): Browser is closed

2023-05-12 17:21:50 - [MESSAGE][PASSED] - Browser is closed]]></system-out>
         <system-err><![CDATA[]]></system-err>
      </testcase>
      <testcase name="Test Cases/test-flow-1-buy-1-product" time="11.763" classname="Test Cases/test-flow-1-buy-1-product" status="PASSED">
         <system-out><![CDATA[2023-05-12 17:21:50 - [TEST_CASE][PASSED] - Test Cases/test-flow-1-buy-1-product: Test Cases/test-flow-1-buy-1-product

2023-05-12 17:21:50 - [TEST_STEP][PASSED] - openBrowser("https://www.saucedemo.com/"): Browser is opened with url: 'https://www.saucedemo.com/'

2023-05-12 17:21:50 - [MESSAGE][INFO] - Starting 'Chrome' driver

2023-05-12 17:21:50 - [MESSAGE][INFO] - Action delay is set to 0 milliseconds

2023-05-12 17:21:52 - [MESSAGE][PASSED] - Browser is opened with url: 'https://www.saucedemo.com/'

2023-05-12 17:21:52 - [TEST_STEP][PASSED] - click(findTestObject("Object Repository/Page_Swag Labs/input_Swag Labs_user-name")): Object: 'Object Repository/Page_Swag Labs/input_Swag Labs_user-name' is clicked on

2023-05-12 17:21:52 - [MESSAGE][PASSED] - Object: 'Object Repository/Page_Swag Labs/input_Swag Labs_user-name' is clicked on

2023-05-12 17:21:52 - [TEST_STEP][PASSED] - sendKeys(findTestObject("Object Repository/Page_Swag Labs/input_Swag Labs_user-name"), "standard_user"): Keys 'standard_user' sent to object: 'Object Repository/Page_Swag Labs/input_Swag Labs_user-name'

2023-05-12 17:21:53 - [MESSAGE][PASSED] - Keys 'standard_user' sent to object: 'Object Repository/Page_Swag Labs/input_Swag Labs_user-name'

2023-05-12 17:21:53 - [TEST_STEP][PASSED] - click(findTestObject("Object Repository/Page_Swag Labs/input_Swag Labs_password")): Object: 'Object Repository/Page_Swag Labs/input_Swag Labs_password' is clicked on

2023-05-12 17:21:53 - [MESSAGE][PASSED] - Object: 'Object Repository/Page_Swag Labs/input_Swag Labs_password' is clicked on

2023-05-12 17:21:53 - [TEST_STEP][PASSED] - sendKeys(findTestObject("Object Repository/Page_Swag Labs/input_Swag Labs_password"), "secret_sauce"): Keys 'secret_sauce' sent to object: 'Object Repository/Page_Swag Labs/input_Swag Labs_password'

2023-05-12 17:21:53 - [MESSAGE][PASSED] - Keys 'secret_sauce' sent to object: 'Object Repository/Page_Swag Labs/input_Swag Labs_password'

2023-05-12 17:21:53 - [TEST_STEP][PASSED] - click(findTestObject("Object Repository/Page_Swag Labs/input_Swag Labs_login-button")): Object: 'Object Repository/Page_Swag Labs/input_Swag Labs_login-button' is clicked on

2023-05-12 17:21:54 - [MESSAGE][PASSED] - Object: 'Object Repository/Page_Swag Labs/input_Swag Labs_login-button' is clicked on

2023-05-12 17:21:54 - [TEST_STEP][PASSED] - click(findTestObject("Object Repository/inventoryPage/Backpack")): Object: 'Object Repository/inventoryPage/Backpack' is clicked on

2023-05-12 17:21:54 - [MESSAGE][PASSED] - Object: 'Object Repository/inventoryPage/Backpack' is clicked on

2023-05-12 17:21:54 - [TEST_STEP][PASSED] - click(findTestObject("Object Repository/inventoryPage/button_Add to cart")): Object: 'Object Repository/inventoryPage/button_Add to cart' is clicked on

2023-05-12 17:21:55 - [MESSAGE][PASSED] - Object: 'Object Repository/inventoryPage/button_Add to cart' is clicked on

2023-05-12 17:21:55 - [TEST_STEP][PASSED] - click(findTestObject("Object Repository/inventoryPage/products_back-image")): Object: 'Object Repository/inventoryPage/products_back-image' is clicked on

2023-05-12 17:21:56 - [MESSAGE][PASSED] - Object: 'Object Repository/inventoryPage/products_back-image' is clicked on

2023-05-12 17:21:56 - [TEST_STEP][PASSED] - click(findTestObject("Object Repository/inventoryPage/cart")): Object: 'Object Repository/inventoryPage/cart' is clicked on

2023-05-12 17:21:56 - [MESSAGE][PASSED] - Object: 'Object Repository/inventoryPage/cart' is clicked on

2023-05-12 17:21:56 - [TEST_STEP][PASSED] - click(findTestObject("Object Repository/CheckoutPage/button_Checkout")): Object: 'Object Repository/CheckoutPage/button_Checkout' is clicked on

2023-05-12 17:21:57 - [MESSAGE][PASSED] - Object: 'Object Repository/CheckoutPage/button_Checkout' is clicked on

2023-05-12 17:21:57 - [TEST_STEP][PASSED] - sendKeys(findTestObject("Object Repository/checkout-step-one/input_Checkout Your Information_firstName"), "demo"): Keys 'demo' sent to object: 'Object Repository/checkout-step-one/input_Checkout Your Information_firstName'

2023-05-12 17:21:57 - [MESSAGE][PASSED] - Keys 'demo' sent to object: 'Object Repository/checkout-step-one/input_Checkout Your Information_firstName'

2023-05-12 17:21:57 - [TEST_STEP][PASSED] - sendKeys(findTestObject("Object Repository/checkout-step-one/input_Checkout Your Information_lastName"), "qa test"): Keys 'qa test' sent to object: 'Object Repository/checkout-step-one/input_Checkout Your Information_lastName'

2023-05-12 17:21:58 - [MESSAGE][PASSED] - Keys 'qa test' sent to object: 'Object Repository/checkout-step-one/input_Checkout Your Information_lastName'

2023-05-12 17:21:58 - [TEST_STEP][PASSED] - sendKeys(findTestObject("Object Repository/checkout-step-one/input_Checkout Your Information_postalCode"), "9000"): Keys '9000' sent to object: 'Object Repository/checkout-step-one/input_Checkout Your Information_postalCode'

2023-05-12 17:21:58 - [MESSAGE][PASSED] - Keys '9000' sent to object: 'Object Repository/checkout-step-one/input_Checkout Your Information_postalCode'

2023-05-12 17:21:58 - [TEST_STEP][PASSED] - click(findTestObject("Object Repository/checkout-step-one/input_continue")): Object: 'Object Repository/checkout-step-one/input_continue' is clicked on

2023-05-12 17:21:59 - [MESSAGE][PASSED] - Object: 'Object Repository/checkout-step-one/input_continue' is clicked on

2023-05-12 17:21:59 - [TEST_STEP][PASSED] - click(findTestObject("Object Repository/finish checkout/button_Finish")): Object: 'Object Repository/finish checkout/button_Finish' is clicked on

2023-05-12 17:21:59 - [MESSAGE][PASSED] - Object: 'Object Repository/finish checkout/button_Finish' is clicked on

2023-05-12 17:21:59 - [TEST_STEP][PASSED] - verifyElementVisible(findTestObject("Object Repository/order-success/h2_Thank you for your order")): Object 'Object Repository/order-success/h2_Thank you for your order' is visible

2023-05-12 17:22:00 - [MESSAGE][PASSED] - Object 'Object Repository/order-success/h2_Thank you for your order' is visible

2023-05-12 17:22:00 - [TEST_STEP][PASSED] - click(findTestObject("Object Repository/NavSideBar/sidebar")): Object: 'Object Repository/NavSideBar/sidebar' is clicked on

2023-05-12 17:22:00 - [MESSAGE][PASSED] - Object: 'Object Repository/NavSideBar/sidebar' is clicked on

2023-05-12 17:22:00 - [TEST_STEP][PASSED] - click(findTestObject("Object Repository/NavSideBar/a_Logout")): Object: 'Object Repository/NavSideBar/a_Logout' is clicked on

2023-05-12 17:22:00 - [MESSAGE][PASSED] - Object: 'Object Repository/NavSideBar/a_Logout' is clicked on

2023-05-12 17:22:00 - [TEST_STEP][PASSED] - verifyElementVisible(findTestObject("Object Repository/Page_Swag Labs/input_Swag Labs_user-name")): Object 'Object Repository/Page_Swag Labs/input_Swag Labs_user-name' is visible

2023-05-12 17:22:01 - [MESSAGE][PASSED] - Object 'Object Repository/Page_Swag Labs/input_Swag Labs_user-name' is visible

2023-05-12 17:22:01 - [TEST_STEP][PASSED] - closeBrowser(): Browser is closed

2023-05-12 17:22:02 - [MESSAGE][PASSED] - Browser is closed]]></system-out>
         <system-err><![CDATA[]]></system-err>
      </testcase>
      <system-out><![CDATA[2023-05-12 17:17:49 - [TEST_SUITE][PASSED] - simple case: Test Cases/test-flow-1-buy-1-product]]></system-out>
      <system-err><![CDATA[]]></system-err>
   </testsuite>
   <testsuite name="simple case" tests="20" failures="0" errors="0" time="241.935" skipped="0" timestamp="2023-05-12 17:22:06" hostname="minh.nguyen - 5YHW2D3" id="Test Suites/simple case">
      <properties>
         <property name="deviceName" value=""/>
         <property name="devicePlatform" value=""/>
         <property name="logFolder" value="C:\\Users\\minh.nguyen\\Desktop\\GitRepo\\tri-nhan-repo\\Reports\\20230512_171239\\simple case\\20230512_171244"/>
         <property name="logFiles" value="C:\\Users\\minh.nguyen\\Desktop\\GitRepo\\tri-nhan-repo\\Reports\\20230512_171239\\simple case\\20230512_171244\\execution0.log"/>
         <property name="attachments" value=""/>
         <property name="hostName" value="minh.nguyen - 5YHW2D3"/>
         <property name="os" value="Windows 10 64bit"/>
         <property name="katalonVersion" value="8.5.5.208"/>
         <property name="browser" value="Chrome 112.0.0.0"/>
         <property name="hostAddress" value="192.168.1.86"/>
         <property name="sessionId" value="6b1981f8077150857b78bf88da53c098"/>
         <property name="seleniumVersion" value="3.141.59"/>
         <property name="proxyInformation" value="ProxyInformation { proxyOption=NO_PROXY, proxyServerType=HTTP, username=, password=********, proxyServerAddress=, proxyServerPort=0, executionList=&quot;&quot;, isApplyToDesiredCapabilities=true }"/>
         <property name="platform" value="Windows 10"/>
      </properties>
      <testcase name="Test Cases/test-flow-1-buy-1-product" time="14.399" classname="Test Cases/test-flow-1-buy-1-product" status="PASSED">
         <system-out><![CDATA[2023-05-12 17:22:06 - [TEST_CASE][PASSED] - Test Cases/test-flow-1-buy-1-product: Test Cases/test-flow-1-buy-1-product

2023-05-12 17:22:07 - [TEST_STEP][PASSED] - openBrowser("https://www.saucedemo.com/"): Browser is opened with url: 'https://www.saucedemo.com/'

2023-05-12 17:22:07 - [MESSAGE][INFO] - Starting 'Chrome' driver

2023-05-12 17:22:07 - [MESSAGE][INFO] - Action delay is set to 0 milliseconds

2023-05-12 17:22:11 - [MESSAGE][PASSED] - Browser is opened with url: 'https://www.saucedemo.com/'

2023-05-12 17:22:11 - [TEST_STEP][PASSED] - click(findTestObject("Object Repository/Page_Swag Labs/input_Swag Labs_user-name")): Object: 'Object Repository/Page_Swag Labs/input_Swag Labs_user-name' is clicked on

2023-05-12 17:22:11 - [MESSAGE][PASSED] - Object: 'Object Repository/Page_Swag Labs/input_Swag Labs_user-name' is clicked on

2023-05-12 17:22:11 - [TEST_STEP][PASSED] - sendKeys(findTestObject("Object Repository/Page_Swag Labs/input_Swag Labs_user-name"), "standard_user"): Keys 'standard_user' sent to object: 'Object Repository/Page_Swag Labs/input_Swag Labs_user-name'

2023-05-12 17:22:12 - [MESSAGE][PASSED] - Keys 'standard_user' sent to object: 'Object Repository/Page_Swag Labs/input_Swag Labs_user-name'

2023-05-12 17:22:12 - [TEST_STEP][PASSED] - click(findTestObject("Object Repository/Page_Swag Labs/input_Swag Labs_password")): Object: 'Object Repository/Page_Swag Labs/input_Swag Labs_password' is clicked on

2023-05-12 17:22:12 - [MESSAGE][PASSED] - Object: 'Object Repository/Page_Swag Labs/input_Swag Labs_password' is clicked on

2023-05-12 17:22:12 - [TEST_STEP][PASSED] - sendKeys(findTestObject("Object Repository/Page_Swag Labs/input_Swag Labs_password"), "secret_sauce"): Keys 'secret_sauce' sent to object: 'Object Repository/Page_Swag Labs/input_Swag Labs_password'

2023-05-12 17:22:12 - [MESSAGE][PASSED] - Keys 'secret_sauce' sent to object: 'Object Repository/Page_Swag Labs/input_Swag Labs_password'

2023-05-12 17:22:12 - [TEST_STEP][PASSED] - click(findTestObject("Object Repository/Page_Swag Labs/input_Swag Labs_login-button")): Object: 'Object Repository/Page_Swag Labs/input_Swag Labs_login-button' is clicked on

2023-05-12 17:22:13 - [MESSAGE][PASSED] - Object: 'Object Repository/Page_Swag Labs/input_Swag Labs_login-button' is clicked on

2023-05-12 17:22:13 - [TEST_STEP][PASSED] - click(findTestObject("Object Repository/inventoryPage/Backpack")): Object: 'Object Repository/inventoryPage/Backpack' is clicked on

2023-05-12 17:22:13 - [MESSAGE][PASSED] - Object: 'Object Repository/inventoryPage/Backpack' is clicked on

2023-05-12 17:22:13 - [TEST_STEP][PASSED] - click(findTestObject("Object Repository/inventoryPage/button_Add to cart")): Object: 'Object Repository/inventoryPage/button_Add to cart' is clicked on

2023-05-12 17:22:14 - [MESSAGE][PASSED] - Object: 'Object Repository/inventoryPage/button_Add to cart' is clicked on

2023-05-12 17:22:14 - [TEST_STEP][PASSED] - click(findTestObject("Object Repository/inventoryPage/products_back-image")): Object: 'Object Repository/inventoryPage/products_back-image' is clicked on

2023-05-12 17:22:14 - [MESSAGE][PASSED] - Object: 'Object Repository/inventoryPage/products_back-image' is clicked on

2023-05-12 17:22:14 - [TEST_STEP][PASSED] - click(findTestObject("Object Repository/inventoryPage/cart")): Object: 'Object Repository/inventoryPage/cart' is clicked on

2023-05-12 17:22:15 - [MESSAGE][PASSED] - Object: 'Object Repository/inventoryPage/cart' is clicked on

2023-05-12 17:22:15 - [TEST_STEP][PASSED] - click(findTestObject("Object Repository/CheckoutPage/button_Checkout")): Object: 'Object Repository/CheckoutPage/button_Checkout' is clicked on

2023-05-12 17:22:15 - [MESSAGE][PASSED] - Object: 'Object Repository/CheckoutPage/button_Checkout' is clicked on

2023-05-12 17:22:15 - [TEST_STEP][PASSED] - sendKeys(findTestObject("Object Repository/checkout-step-one/input_Checkout Your Information_firstName"), "demo"): Keys 'demo' sent to object: 'Object Repository/checkout-step-one/input_Checkout Your Information_firstName'

2023-05-12 17:22:16 - [MESSAGE][PASSED] - Keys 'demo' sent to object: 'Object Repository/checkout-step-one/input_Checkout Your Information_firstName'

2023-05-12 17:22:16 - [TEST_STEP][PASSED] - sendKeys(findTestObject("Object Repository/checkout-step-one/input_Checkout Your Information_lastName"), "qa test"): Keys 'qa test' sent to object: 'Object Repository/checkout-step-one/input_Checkout Your Information_lastName'

2023-05-12 17:22:17 - [MESSAGE][PASSED] - Keys 'qa test' sent to object: 'Object Repository/checkout-step-one/input_Checkout Your Information_lastName'

2023-05-12 17:22:17 - [TEST_STEP][PASSED] - sendKeys(findTestObject("Object Repository/checkout-step-one/input_Checkout Your Information_postalCode"), "9000"): Keys '9000' sent to object: 'Object Repository/checkout-step-one/input_Checkout Your Information_postalCode'

2023-05-12 17:22:17 - [MESSAGE][PASSED] - Keys '9000' sent to object: 'Object Repository/checkout-step-one/input_Checkout Your Information_postalCode'

2023-05-12 17:22:17 - [TEST_STEP][PASSED] - click(findTestObject("Object Repository/checkout-step-one/input_continue")): Object: 'Object Repository/checkout-step-one/input_continue' is clicked on

2023-05-12 17:22:18 - [MESSAGE][PASSED] - Object: 'Object Repository/checkout-step-one/input_continue' is clicked on

2023-05-12 17:22:18 - [TEST_STEP][PASSED] - click(findTestObject("Object Repository/finish checkout/button_Finish")): Object: 'Object Repository/finish checkout/button_Finish' is clicked on

2023-05-12 17:22:18 - [MESSAGE][PASSED] - Object: 'Object Repository/finish checkout/button_Finish' is clicked on

2023-05-12 17:22:18 - [TEST_STEP][PASSED] - verifyElementVisible(findTestObject("Object Repository/order-success/h2_Thank you for your order")): Object 'Object Repository/order-success/h2_Thank you for your order' is visible

2023-05-12 17:22:19 - [MESSAGE][PASSED] - Object 'Object Repository/order-success/h2_Thank you for your order' is visible

2023-05-12 17:22:19 - [TEST_STEP][PASSED] - click(findTestObject("Object Repository/NavSideBar/sidebar")): Object: 'Object Repository/NavSideBar/sidebar' is clicked on

2023-05-12 17:22:19 - [MESSAGE][PASSED] - Object: 'Object Repository/NavSideBar/sidebar' is clicked on

2023-05-12 17:22:19 - [TEST_STEP][PASSED] - click(findTestObject("Object Repository/NavSideBar/a_Logout")): Object: 'Object Repository/NavSideBar/a_Logout' is clicked on

2023-05-12 17:22:19 - [MESSAGE][PASSED] - Object: 'Object Repository/NavSideBar/a_Logout' is clicked on

2023-05-12 17:22:19 - [TEST_STEP][PASSED] - verifyElementVisible(findTestObject("Object Repository/Page_Swag Labs/input_Swag Labs_user-name")): Object 'Object Repository/Page_Swag Labs/input_Swag Labs_user-name' is visible

2023-05-12 17:22:20 - [MESSAGE][PASSED] - Object 'Object Repository/Page_Swag Labs/input_Swag Labs_user-name' is visible

2023-05-12 17:22:20 - [TEST_STEP][PASSED] - closeBrowser(): Browser is closed

2023-05-12 17:22:21 - [MESSAGE][PASSED] - Browser is closed]]></system-out>
         <system-err><![CDATA[]]></system-err>
      </testcase>
      <testcase name="Test Cases/test-flow-1-buy-1-product" time="11.513" classname="Test Cases/test-flow-1-buy-1-product" status="PASSED">
         <system-out><![CDATA[2023-05-12 17:22:21 - [TEST_CASE][PASSED] - Test Cases/test-flow-1-buy-1-product: Test Cases/test-flow-1-buy-1-product

2023-05-12 17:22:21 - [TEST_STEP][PASSED] - openBrowser("https://www.saucedemo.com/"): Browser is opened with url: 'https://www.saucedemo.com/'

2023-05-12 17:22:21 - [MESSAGE][INFO] - Starting 'Chrome' driver

2023-05-12 17:22:21 - [MESSAGE][INFO] - Action delay is set to 0 milliseconds

2023-05-12 17:22:23 - [MESSAGE][PASSED] - Browser is opened with url: 'https://www.saucedemo.com/'

2023-05-12 17:22:23 - [TEST_STEP][PASSED] - click(findTestObject("Object Repository/Page_Swag Labs/input_Swag Labs_user-name")): Object: 'Object Repository/Page_Swag Labs/input_Swag Labs_user-name' is clicked on

2023-05-12 17:22:23 - [MESSAGE][PASSED] - Object: 'Object Repository/Page_Swag Labs/input_Swag Labs_user-name' is clicked on

2023-05-12 17:22:23 - [TEST_STEP][PASSED] - sendKeys(findTestObject("Object Repository/Page_Swag Labs/input_Swag Labs_user-name"), "standard_user"): Keys 'standard_user' sent to object: 'Object Repository/Page_Swag Labs/input_Swag Labs_user-name'

2023-05-12 17:22:24 - [MESSAGE][PASSED] - Keys 'standard_user' sent to object: 'Object Repository/Page_Swag Labs/input_Swag Labs_user-name'

2023-05-12 17:22:24 - [TEST_STEP][PASSED] - click(findTestObject("Object Repository/Page_Swag Labs/input_Swag Labs_password")): Object: 'Object Repository/Page_Swag Labs/input_Swag Labs_password' is clicked on

2023-05-12 17:22:24 - [MESSAGE][PASSED] - Object: 'Object Repository/Page_Swag Labs/input_Swag Labs_password' is clicked on

2023-05-12 17:22:24 - [TEST_STEP][PASSED] - sendKeys(findTestObject("Object Repository/Page_Swag Labs/input_Swag Labs_password"), "secret_sauce"): Keys 'secret_sauce' sent to object: 'Object Repository/Page_Swag Labs/input_Swag Labs_password'

2023-05-12 17:22:24 - [MESSAGE][PASSED] - Keys 'secret_sauce' sent to object: 'Object Repository/Page_Swag Labs/input_Swag Labs_password'

2023-05-12 17:22:24 - [TEST_STEP][PASSED] - click(findTestObject("Object Repository/Page_Swag Labs/input_Swag Labs_login-button")): Object: 'Object Repository/Page_Swag Labs/input_Swag Labs_login-button' is clicked on

2023-05-12 17:22:25 - [MESSAGE][PASSED] - Object: 'Object Repository/Page_Swag Labs/input_Swag Labs_login-button' is clicked on

2023-05-12 17:22:25 - [TEST_STEP][PASSED] - click(findTestObject("Object Repository/inventoryPage/Backpack")): Object: 'Object Repository/inventoryPage/Backpack' is clicked on

2023-05-12 17:22:25 - [MESSAGE][PASSED] - Object: 'Object Repository/inventoryPage/Backpack' is clicked on

2023-05-12 17:22:25 - [TEST_STEP][PASSED] - click(findTestObject("Object Repository/inventoryPage/button_Add to cart")): Object: 'Object Repository/inventoryPage/button_Add to cart' is clicked on

2023-05-12 17:22:26 - [MESSAGE][PASSED] - Object: 'Object Repository/inventoryPage/button_Add to cart' is clicked on

2023-05-12 17:22:26 - [TEST_STEP][PASSED] - click(findTestObject("Object Repository/inventoryPage/products_back-image")): Object: 'Object Repository/inventoryPage/products_back-image' is clicked on

2023-05-12 17:22:26 - [MESSAGE][PASSED] - Object: 'Object Repository/inventoryPage/products_back-image' is clicked on

2023-05-12 17:22:26 - [TEST_STEP][PASSED] - click(findTestObject("Object Repository/inventoryPage/cart")): Object: 'Object Repository/inventoryPage/cart' is clicked on

2023-05-12 17:22:27 - [MESSAGE][PASSED] - Object: 'Object Repository/inventoryPage/cart' is clicked on

2023-05-12 17:22:27 - [TEST_STEP][PASSED] - click(findTestObject("Object Repository/CheckoutPage/button_Checkout")): Object: 'Object Repository/CheckoutPage/button_Checkout' is clicked on

2023-05-12 17:22:27 - [MESSAGE][PASSED] - Object: 'Object Repository/CheckoutPage/button_Checkout' is clicked on

2023-05-12 17:22:27 - [TEST_STEP][PASSED] - sendKeys(findTestObject("Object Repository/checkout-step-one/input_Checkout Your Information_firstName"), "demo"): Keys 'demo' sent to object: 'Object Repository/checkout-step-one/input_Checkout Your Information_firstName'

2023-05-12 17:22:27 - [MESSAGE][PASSED] - Keys 'demo' sent to object: 'Object Repository/checkout-step-one/input_Checkout Your Information_firstName'

2023-05-12 17:22:27 - [TEST_STEP][PASSED] - sendKeys(findTestObject("Object Repository/checkout-step-one/input_Checkout Your Information_lastName"), "qa test"): Keys 'qa test' sent to object: 'Object Repository/checkout-step-one/input_Checkout Your Information_lastName'

2023-05-12 17:22:28 - [MESSAGE][PASSED] - Keys 'qa test' sent to object: 'Object Repository/checkout-step-one/input_Checkout Your Information_lastName'

2023-05-12 17:22:28 - [TEST_STEP][PASSED] - sendKeys(findTestObject("Object Repository/checkout-step-one/input_Checkout Your Information_postalCode"), "9000"): Keys '9000' sent to object: 'Object Repository/checkout-step-one/input_Checkout Your Information_postalCode'

2023-05-12 17:22:29 - [MESSAGE][PASSED] - Keys '9000' sent to object: 'Object Repository/checkout-step-one/input_Checkout Your Information_postalCode'

2023-05-12 17:22:29 - [TEST_STEP][PASSED] - click(findTestObject("Object Repository/checkout-step-one/input_continue")): Object: 'Object Repository/checkout-step-one/input_continue' is clicked on

2023-05-12 17:22:29 - [MESSAGE][PASSED] - Object: 'Object Repository/checkout-step-one/input_continue' is clicked on

2023-05-12 17:22:29 - [TEST_STEP][PASSED] - click(findTestObject("Object Repository/finish checkout/button_Finish")): Object: 'Object Repository/finish checkout/button_Finish' is clicked on

2023-05-12 17:22:30 - [MESSAGE][PASSED] - Object: 'Object Repository/finish checkout/button_Finish' is clicked on

2023-05-12 17:22:30 - [TEST_STEP][PASSED] - verifyElementVisible(findTestObject("Object Repository/order-success/h2_Thank you for your order")): Object 'Object Repository/order-success/h2_Thank you for your order' is visible

2023-05-12 17:22:30 - [MESSAGE][PASSED] - Object 'Object Repository/order-success/h2_Thank you for your order' is visible

2023-05-12 17:22:30 - [TEST_STEP][PASSED] - click(findTestObject("Object Repository/NavSideBar/sidebar")): Object: 'Object Repository/NavSideBar/sidebar' is clicked on

2023-05-12 17:22:31 - [MESSAGE][PASSED] - Object: 'Object Repository/NavSideBar/sidebar' is clicked on

2023-05-12 17:22:31 - [TEST_STEP][PASSED] - click(findTestObject("Object Repository/NavSideBar/a_Logout")): Object: 'Object Repository/NavSideBar/a_Logout' is clicked on

2023-05-12 17:22:31 - [MESSAGE][PASSED] - Object: 'Object Repository/NavSideBar/a_Logout' is clicked on

2023-05-12 17:22:31 - [TEST_STEP][PASSED] - verifyElementVisible(findTestObject("Object Repository/Page_Swag Labs/input_Swag Labs_user-name")): Object 'Object Repository/Page_Swag Labs/input_Swag Labs_user-name' is visible

2023-05-12 17:22:32 - [MESSAGE][PASSED] - Object 'Object Repository/Page_Swag Labs/input_Swag Labs_user-name' is visible

2023-05-12 17:22:32 - [TEST_STEP][PASSED] - closeBrowser(): Browser is closed

2023-05-12 17:22:32 - [MESSAGE][PASSED] - Browser is closed]]></system-out>
         <system-err><![CDATA[]]></system-err>
      </testcase>
      <testcase name="Test Cases/test-flow-1-buy-1-product" time="11.627" classname="Test Cases/test-flow-1-buy-1-product" status="PASSED">
         <system-out><![CDATA[2023-05-12 17:22:32 - [TEST_CASE][PASSED] - Test Cases/test-flow-1-buy-1-product: Test Cases/test-flow-1-buy-1-product

2023-05-12 17:22:32 - [TEST_STEP][PASSED] - openBrowser("https://www.saucedemo.com/"): Browser is opened with url: 'https://www.saucedemo.com/'

2023-05-12 17:22:32 - [MESSAGE][INFO] - Starting 'Chrome' driver

2023-05-12 17:22:32 - [MESSAGE][INFO] - Action delay is set to 0 milliseconds

2023-05-12 17:22:34 - [MESSAGE][PASSED] - Browser is opened with url: 'https://www.saucedemo.com/'

2023-05-12 17:22:34 - [TEST_STEP][PASSED] - click(findTestObject("Object Repository/Page_Swag Labs/input_Swag Labs_user-name")): Object: 'Object Repository/Page_Swag Labs/input_Swag Labs_user-name' is clicked on

2023-05-12 17:22:35 - [MESSAGE][PASSED] - Object: 'Object Repository/Page_Swag Labs/input_Swag Labs_user-name' is clicked on

2023-05-12 17:22:35 - [TEST_STEP][PASSED] - sendKeys(findTestObject("Object Repository/Page_Swag Labs/input_Swag Labs_user-name"), "standard_user"): Keys 'standard_user' sent to object: 'Object Repository/Page_Swag Labs/input_Swag Labs_user-name'

2023-05-12 17:22:35 - [MESSAGE][PASSED] - Keys 'standard_user' sent to object: 'Object Repository/Page_Swag Labs/input_Swag Labs_user-name'

2023-05-12 17:22:35 - [TEST_STEP][PASSED] - click(findTestObject("Object Repository/Page_Swag Labs/input_Swag Labs_password")): Object: 'Object Repository/Page_Swag Labs/input_Swag Labs_password' is clicked on

2023-05-12 17:22:35 - [MESSAGE][PASSED] - Object: 'Object Repository/Page_Swag Labs/input_Swag Labs_password' is clicked on

2023-05-12 17:22:35 - [TEST_STEP][PASSED] - sendKeys(findTestObject("Object Repository/Page_Swag Labs/input_Swag Labs_password"), "secret_sauce"): Keys 'secret_sauce' sent to object: 'Object Repository/Page_Swag Labs/input_Swag Labs_password'

2023-05-12 17:22:36 - [MESSAGE][PASSED] - Keys 'secret_sauce' sent to object: 'Object Repository/Page_Swag Labs/input_Swag Labs_password'

2023-05-12 17:22:36 - [TEST_STEP][PASSED] - click(findTestObject("Object Repository/Page_Swag Labs/input_Swag Labs_login-button")): Object: 'Object Repository/Page_Swag Labs/input_Swag Labs_login-button' is clicked on

2023-05-12 17:22:36 - [MESSAGE][PASSED] - Object: 'Object Repository/Page_Swag Labs/input_Swag Labs_login-button' is clicked on

2023-05-12 17:22:36 - [TEST_STEP][PASSED] - click(findTestObject("Object Repository/inventoryPage/Backpack")): Object: 'Object Repository/inventoryPage/Backpack' is clicked on

2023-05-12 17:22:37 - [MESSAGE][PASSED] - Object: 'Object Repository/inventoryPage/Backpack' is clicked on

2023-05-12 17:22:37 - [TEST_STEP][PASSED] - click(findTestObject("Object Repository/inventoryPage/button_Add to cart")): Object: 'Object Repository/inventoryPage/button_Add to cart' is clicked on

2023-05-12 17:22:37 - [MESSAGE][PASSED] - Object: 'Object Repository/inventoryPage/button_Add to cart' is clicked on

2023-05-12 17:22:37 - [TEST_STEP][PASSED] - click(findTestObject("Object Repository/inventoryPage/products_back-image")): Object: 'Object Repository/inventoryPage/products_back-image' is clicked on

2023-05-12 17:22:38 - [MESSAGE][PASSED] - Object: 'Object Repository/inventoryPage/products_back-image' is clicked on

2023-05-12 17:22:38 - [TEST_STEP][PASSED] - click(findTestObject("Object Repository/inventoryPage/cart")): Object: 'Object Repository/inventoryPage/cart' is clicked on

2023-05-12 17:22:38 - [MESSAGE][PASSED] - Object: 'Object Repository/inventoryPage/cart' is clicked on

2023-05-12 17:22:38 - [TEST_STEP][PASSED] - click(findTestObject("Object Repository/CheckoutPage/button_Checkout")): Object: 'Object Repository/CheckoutPage/button_Checkout' is clicked on

2023-05-12 17:22:39 - [MESSAGE][PASSED] - Object: 'Object Repository/CheckoutPage/button_Checkout' is clicked on

2023-05-12 17:22:39 - [TEST_STEP][PASSED] - sendKeys(findTestObject("Object Repository/checkout-step-one/input_Checkout Your Information_firstName"), "demo"): Keys 'demo' sent to object: 'Object Repository/checkout-step-one/input_Checkout Your Information_firstName'

2023-05-12 17:22:39 - [MESSAGE][PASSED] - Keys 'demo' sent to object: 'Object Repository/checkout-step-one/input_Checkout Your Information_firstName'

2023-05-12 17:22:39 - [TEST_STEP][PASSED] - sendKeys(findTestObject("Object Repository/checkout-step-one/input_Checkout Your Information_lastName"), "qa test"): Keys 'qa test' sent to object: 'Object Repository/checkout-step-one/input_Checkout Your Information_lastName'

2023-05-12 17:22:40 - [MESSAGE][PASSED] - Keys 'qa test' sent to object: 'Object Repository/checkout-step-one/input_Checkout Your Information_lastName'

2023-05-12 17:22:40 - [TEST_STEP][PASSED] - sendKeys(findTestObject("Object Repository/checkout-step-one/input_Checkout Your Information_postalCode"), "9000"): Keys '9000' sent to object: 'Object Repository/checkout-step-one/input_Checkout Your Information_postalCode'

2023-05-12 17:22:40 - [MESSAGE][PASSED] - Keys '9000' sent to object: 'Object Repository/checkout-step-one/input_Checkout Your Information_postalCode'

2023-05-12 17:22:40 - [TEST_STEP][PASSED] - click(findTestObject("Object Repository/checkout-step-one/input_continue")): Object: 'Object Repository/checkout-step-one/input_continue' is clicked on

2023-05-12 17:22:41 - [MESSAGE][PASSED] - Object: 'Object Repository/checkout-step-one/input_continue' is clicked on

2023-05-12 17:22:41 - [TEST_STEP][PASSED] - click(findTestObject("Object Repository/finish checkout/button_Finish")): Object: 'Object Repository/finish checkout/button_Finish' is clicked on

2023-05-12 17:22:41 - [MESSAGE][PASSED] - Object: 'Object Repository/finish checkout/button_Finish' is clicked on

2023-05-12 17:22:41 - [TEST_STEP][PASSED] - verifyElementVisible(findTestObject("Object Repository/order-success/h2_Thank you for your order")): Object 'Object Repository/order-success/h2_Thank you for your order' is visible

2023-05-12 17:22:42 - [MESSAGE][PASSED] - Object 'Object Repository/order-success/h2_Thank you for your order' is visible

2023-05-12 17:22:42 - [TEST_STEP][PASSED] - click(findTestObject("Object Repository/NavSideBar/sidebar")): Object: 'Object Repository/NavSideBar/sidebar' is clicked on

2023-05-12 17:22:42 - [MESSAGE][PASSED] - Object: 'Object Repository/NavSideBar/sidebar' is clicked on

2023-05-12 17:22:42 - [TEST_STEP][PASSED] - click(findTestObject("Object Repository/NavSideBar/a_Logout")): Object: 'Object Repository/NavSideBar/a_Logout' is clicked on

2023-05-12 17:22:43 - [MESSAGE][PASSED] - Object: 'Object Repository/NavSideBar/a_Logout' is clicked on

2023-05-12 17:22:43 - [TEST_STEP][PASSED] - verifyElementVisible(findTestObject("Object Repository/Page_Swag Labs/input_Swag Labs_user-name")): Object 'Object Repository/Page_Swag Labs/input_Swag Labs_user-name' is visible

2023-05-12 17:22:43 - [MESSAGE][PASSED] - Object 'Object Repository/Page_Swag Labs/input_Swag Labs_user-name' is visible

2023-05-12 17:22:43 - [TEST_STEP][PASSED] - closeBrowser(): Browser is closed

2023-05-12 17:22:44 - [MESSAGE][PASSED] - Browser is closed]]></system-out>
         <system-err><![CDATA[]]></system-err>
      </testcase>
      <testcase name="Test Cases/test-flow-1-buy-1-product" time="11.579" classname="Test Cases/test-flow-1-buy-1-product" status="PASSED">
         <system-out><![CDATA[2023-05-12 17:22:44 - [TEST_CASE][PASSED] - Test Cases/test-flow-1-buy-1-product: Test Cases/test-flow-1-buy-1-product

2023-05-12 17:22:44 - [TEST_STEP][PASSED] - openBrowser("https://www.saucedemo.com/"): Browser is opened with url: 'https://www.saucedemo.com/'

2023-05-12 17:22:44 - [MESSAGE][INFO] - Starting 'Chrome' driver

2023-05-12 17:22:44 - [MESSAGE][INFO] - Action delay is set to 0 milliseconds

2023-05-12 17:22:46 - [MESSAGE][PASSED] - Browser is opened with url: 'https://www.saucedemo.com/'

2023-05-12 17:22:46 - [TEST_STEP][PASSED] - click(findTestObject("Object Repository/Page_Swag Labs/input_Swag Labs_user-name")): Object: 'Object Repository/Page_Swag Labs/input_Swag Labs_user-name' is clicked on

2023-05-12 17:22:46 - [MESSAGE][PASSED] - Object: 'Object Repository/Page_Swag Labs/input_Swag Labs_user-name' is clicked on

2023-05-12 17:22:46 - [TEST_STEP][PASSED] - sendKeys(findTestObject("Object Repository/Page_Swag Labs/input_Swag Labs_user-name"), "standard_user"): Keys 'standard_user' sent to object: 'Object Repository/Page_Swag Labs/input_Swag Labs_user-name'

2023-05-12 17:22:47 - [MESSAGE][PASSED] - Keys 'standard_user' sent to object: 'Object Repository/Page_Swag Labs/input_Swag Labs_user-name'

2023-05-12 17:22:47 - [TEST_STEP][PASSED] - click(findTestObject("Object Repository/Page_Swag Labs/input_Swag Labs_password")): Object: 'Object Repository/Page_Swag Labs/input_Swag Labs_password' is clicked on

2023-05-12 17:22:47 - [MESSAGE][PASSED] - Object: 'Object Repository/Page_Swag Labs/input_Swag Labs_password' is clicked on

2023-05-12 17:22:47 - [TEST_STEP][PASSED] - sendKeys(findTestObject("Object Repository/Page_Swag Labs/input_Swag Labs_password"), "secret_sauce"): Keys 'secret_sauce' sent to object: 'Object Repository/Page_Swag Labs/input_Swag Labs_password'

2023-05-12 17:22:47 - [MESSAGE][PASSED] - Keys 'secret_sauce' sent to object: 'Object Repository/Page_Swag Labs/input_Swag Labs_password'

2023-05-12 17:22:47 - [TEST_STEP][PASSED] - click(findTestObject("Object Repository/Page_Swag Labs/input_Swag Labs_login-button")): Object: 'Object Repository/Page_Swag Labs/input_Swag Labs_login-button' is clicked on

2023-05-12 17:22:48 - [MESSAGE][PASSED] - Object: 'Object Repository/Page_Swag Labs/input_Swag Labs_login-button' is clicked on

2023-05-12 17:22:48 - [TEST_STEP][PASSED] - click(findTestObject("Object Repository/inventoryPage/Backpack")): Object: 'Object Repository/inventoryPage/Backpack' is clicked on

2023-05-12 17:22:48 - [MESSAGE][PASSED] - Object: 'Object Repository/inventoryPage/Backpack' is clicked on

2023-05-12 17:22:48 - [TEST_STEP][PASSED] - click(findTestObject("Object Repository/inventoryPage/button_Add to cart")): Object: 'Object Repository/inventoryPage/button_Add to cart' is clicked on

2023-05-12 17:22:49 - [MESSAGE][PASSED] - Object: 'Object Repository/inventoryPage/button_Add to cart' is clicked on

2023-05-12 17:22:49 - [TEST_STEP][PASSED] - click(findTestObject("Object Repository/inventoryPage/products_back-image")): Object: 'Object Repository/inventoryPage/products_back-image' is clicked on

2023-05-12 17:22:49 - [MESSAGE][PASSED] - Object: 'Object Repository/inventoryPage/products_back-image' is clicked on

2023-05-12 17:22:49 - [TEST_STEP][PASSED] - click(findTestObject("Object Repository/inventoryPage/cart")): Object: 'Object Repository/inventoryPage/cart' is clicked on

2023-05-12 17:22:50 - [MESSAGE][PASSED] - Object: 'Object Repository/inventoryPage/cart' is clicked on

2023-05-12 17:22:50 - [TEST_STEP][PASSED] - click(findTestObject("Object Repository/CheckoutPage/button_Checkout")): Object: 'Object Repository/CheckoutPage/button_Checkout' is clicked on

2023-05-12 17:22:50 - [MESSAGE][PASSED] - Object: 'Object Repository/CheckoutPage/button_Checkout' is clicked on

2023-05-12 17:22:50 - [TEST_STEP][PASSED] - sendKeys(findTestObject("Object Repository/checkout-step-one/input_Checkout Your Information_firstName"), "demo"): Keys 'demo' sent to object: 'Object Repository/checkout-step-one/input_Checkout Your Information_firstName'

2023-05-12 17:22:51 - [MESSAGE][PASSED] - Keys 'demo' sent to object: 'Object Repository/checkout-step-one/input_Checkout Your Information_firstName'

2023-05-12 17:22:51 - [TEST_STEP][PASSED] - sendKeys(findTestObject("Object Repository/checkout-step-one/input_Checkout Your Information_lastName"), "qa test"): Keys 'qa test' sent to object: 'Object Repository/checkout-step-one/input_Checkout Your Information_lastName'

2023-05-12 17:22:51 - [MESSAGE][PASSED] - Keys 'qa test' sent to object: 'Object Repository/checkout-step-one/input_Checkout Your Information_lastName'

2023-05-12 17:22:51 - [TEST_STEP][PASSED] - sendKeys(findTestObject("Object Repository/checkout-step-one/input_Checkout Your Information_postalCode"), "9000"): Keys '9000' sent to object: 'Object Repository/checkout-step-one/input_Checkout Your Information_postalCode'

2023-05-12 17:22:52 - [MESSAGE][PASSED] - Keys '9000' sent to object: 'Object Repository/checkout-step-one/input_Checkout Your Information_postalCode'

2023-05-12 17:22:52 - [TEST_STEP][PASSED] - click(findTestObject("Object Repository/checkout-step-one/input_continue")): Object: 'Object Repository/checkout-step-one/input_continue' is clicked on

2023-05-12 17:22:52 - [MESSAGE][PASSED] - Object: 'Object Repository/checkout-step-one/input_continue' is clicked on

2023-05-12 17:22:52 - [TEST_STEP][PASSED] - click(findTestObject("Object Repository/finish checkout/button_Finish")): Object: 'Object Repository/finish checkout/button_Finish' is clicked on

2023-05-12 17:22:53 - [MESSAGE][PASSED] - Object: 'Object Repository/finish checkout/button_Finish' is clicked on

2023-05-12 17:22:53 - [TEST_STEP][PASSED] - verifyElementVisible(findTestObject("Object Repository/order-success/h2_Thank you for your order")): Object 'Object Repository/order-success/h2_Thank you for your order' is visible

2023-05-12 17:22:53 - [MESSAGE][PASSED] - Object 'Object Repository/order-success/h2_Thank you for your order' is visible

2023-05-12 17:22:53 - [TEST_STEP][PASSED] - click(findTestObject("Object Repository/NavSideBar/sidebar")): Object: 'Object Repository/NavSideBar/sidebar' is clicked on

2023-05-12 17:22:54 - [MESSAGE][PASSED] - Object: 'Object Repository/NavSideBar/sidebar' is clicked on

2023-05-12 17:22:54 - [TEST_STEP][PASSED] - click(findTestObject("Object Repository/NavSideBar/a_Logout")): Object: 'Object Repository/NavSideBar/a_Logout' is clicked on

2023-05-12 17:22:54 - [MESSAGE][PASSED] - Object: 'Object Repository/NavSideBar/a_Logout' is clicked on

2023-05-12 17:22:54 - [TEST_STEP][PASSED] - verifyElementVisible(findTestObject("Object Repository/Page_Swag Labs/input_Swag Labs_user-name")): Object 'Object Repository/Page_Swag Labs/input_Swag Labs_user-name' is visible

2023-05-12 17:22:55 - [MESSAGE][PASSED] - Object 'Object Repository/Page_Swag Labs/input_Swag Labs_user-name' is visible

2023-05-12 17:22:55 - [TEST_STEP][PASSED] - closeBrowser(): Browser is closed

2023-05-12 17:22:56 - [MESSAGE][PASSED] - Browser is closed]]></system-out>
         <system-err><![CDATA[]]></system-err>
      </testcase>
      <testcase name="Test Cases/test-flow-1-buy-1-product" time="12.32" classname="Test Cases/test-flow-1-buy-1-product" status="PASSED">
         <system-out><![CDATA[2023-05-12 17:22:56 - [TEST_CASE][PASSED] - Test Cases/test-flow-1-buy-1-product: Test Cases/test-flow-1-buy-1-product

2023-05-12 17:22:56 - [TEST_STEP][PASSED] - openBrowser("https://www.saucedemo.com/"): Browser is opened with url: 'https://www.saucedemo.com/'

2023-05-12 17:22:56 - [MESSAGE][INFO] - Starting 'Chrome' driver

2023-05-12 17:22:56 - [MESSAGE][INFO] - Action delay is set to 0 milliseconds

2023-05-12 17:22:58 - [MESSAGE][PASSED] - Browser is opened with url: 'https://www.saucedemo.com/'

2023-05-12 17:22:58 - [TEST_STEP][PASSED] - click(findTestObject("Object Repository/Page_Swag Labs/input_Swag Labs_user-name")): Object: 'Object Repository/Page_Swag Labs/input_Swag Labs_user-name' is clicked on

2023-05-12 17:22:58 - [MESSAGE][PASSED] - Object: 'Object Repository/Page_Swag Labs/input_Swag Labs_user-name' is clicked on

2023-05-12 17:22:58 - [TEST_STEP][PASSED] - sendKeys(findTestObject("Object Repository/Page_Swag Labs/input_Swag Labs_user-name"), "standard_user"): Keys 'standard_user' sent to object: 'Object Repository/Page_Swag Labs/input_Swag Labs_user-name'

2023-05-12 17:22:59 - [MESSAGE][PASSED] - Keys 'standard_user' sent to object: 'Object Repository/Page_Swag Labs/input_Swag Labs_user-name'

2023-05-12 17:22:59 - [TEST_STEP][PASSED] - click(findTestObject("Object Repository/Page_Swag Labs/input_Swag Labs_password")): Object: 'Object Repository/Page_Swag Labs/input_Swag Labs_password' is clicked on

2023-05-12 17:22:59 - [MESSAGE][PASSED] - Object: 'Object Repository/Page_Swag Labs/input_Swag Labs_password' is clicked on

2023-05-12 17:22:59 - [TEST_STEP][PASSED] - sendKeys(findTestObject("Object Repository/Page_Swag Labs/input_Swag Labs_password"), "secret_sauce"): Keys 'secret_sauce' sent to object: 'Object Repository/Page_Swag Labs/input_Swag Labs_password'

2023-05-12 17:23:00 - [MESSAGE][PASSED] - Keys 'secret_sauce' sent to object: 'Object Repository/Page_Swag Labs/input_Swag Labs_password'

2023-05-12 17:23:00 - [TEST_STEP][PASSED] - click(findTestObject("Object Repository/Page_Swag Labs/input_Swag Labs_login-button")): Object: 'Object Repository/Page_Swag Labs/input_Swag Labs_login-button' is clicked on

2023-05-12 17:23:00 - [MESSAGE][PASSED] - Object: 'Object Repository/Page_Swag Labs/input_Swag Labs_login-button' is clicked on

2023-05-12 17:23:00 - [TEST_STEP][PASSED] - click(findTestObject("Object Repository/inventoryPage/Backpack")): Object: 'Object Repository/inventoryPage/Backpack' is clicked on

2023-05-12 17:23:00 - [MESSAGE][PASSED] - Object: 'Object Repository/inventoryPage/Backpack' is clicked on

2023-05-12 17:23:00 - [TEST_STEP][PASSED] - click(findTestObject("Object Repository/inventoryPage/button_Add to cart")): Object: 'Object Repository/inventoryPage/button_Add to cart' is clicked on

2023-05-12 17:23:01 - [MESSAGE][PASSED] - Object: 'Object Repository/inventoryPage/button_Add to cart' is clicked on

2023-05-12 17:23:01 - [TEST_STEP][PASSED] - click(findTestObject("Object Repository/inventoryPage/products_back-image")): Object: 'Object Repository/inventoryPage/products_back-image' is clicked on

2023-05-12 17:23:01 - [MESSAGE][PASSED] - Object: 'Object Repository/inventoryPage/products_back-image' is clicked on

2023-05-12 17:23:01 - [TEST_STEP][PASSED] - click(findTestObject("Object Repository/inventoryPage/cart")): Object: 'Object Repository/inventoryPage/cart' is clicked on

2023-05-12 17:23:02 - [MESSAGE][PASSED] - Object: 'Object Repository/inventoryPage/cart' is clicked on

2023-05-12 17:23:02 - [TEST_STEP][PASSED] - click(findTestObject("Object Repository/CheckoutPage/button_Checkout")): Object: 'Object Repository/CheckoutPage/button_Checkout' is clicked on

2023-05-12 17:23:03 - [MESSAGE][PASSED] - Object: 'Object Repository/CheckoutPage/button_Checkout' is clicked on

2023-05-12 17:23:03 - [TEST_STEP][PASSED] - sendKeys(findTestObject("Object Repository/checkout-step-one/input_Checkout Your Information_firstName"), "demo"): Keys 'demo' sent to object: 'Object Repository/checkout-step-one/input_Checkout Your Information_firstName'

2023-05-12 17:23:03 - [MESSAGE][PASSED] - Keys 'demo' sent to object: 'Object Repository/checkout-step-one/input_Checkout Your Information_firstName'

2023-05-12 17:23:03 - [TEST_STEP][PASSED] - sendKeys(findTestObject("Object Repository/checkout-step-one/input_Checkout Your Information_lastName"), "qa test"): Keys 'qa test' sent to object: 'Object Repository/checkout-step-one/input_Checkout Your Information_lastName'

2023-05-12 17:23:04 - [MESSAGE][PASSED] - Keys 'qa test' sent to object: 'Object Repository/checkout-step-one/input_Checkout Your Information_lastName'

2023-05-12 17:23:04 - [TEST_STEP][PASSED] - sendKeys(findTestObject("Object Repository/checkout-step-one/input_Checkout Your Information_postalCode"), "9000"): Keys '9000' sent to object: 'Object Repository/checkout-step-one/input_Checkout Your Information_postalCode'

2023-05-12 17:23:04 - [MESSAGE][PASSED] - Keys '9000' sent to object: 'Object Repository/checkout-step-one/input_Checkout Your Information_postalCode'

2023-05-12 17:23:04 - [TEST_STEP][PASSED] - click(findTestObject("Object Repository/checkout-step-one/input_continue")): Object: 'Object Repository/checkout-step-one/input_continue' is clicked on

2023-05-12 17:23:05 - [MESSAGE][PASSED] - Object: 'Object Repository/checkout-step-one/input_continue' is clicked on

2023-05-12 17:23:05 - [TEST_STEP][PASSED] - click(findTestObject("Object Repository/finish checkout/button_Finish")): Object: 'Object Repository/finish checkout/button_Finish' is clicked on

2023-05-12 17:23:05 - [MESSAGE][PASSED] - Object: 'Object Repository/finish checkout/button_Finish' is clicked on

2023-05-12 17:23:05 - [TEST_STEP][PASSED] - verifyElementVisible(findTestObject("Object Repository/order-success/h2_Thank you for your order")): Object 'Object Repository/order-success/h2_Thank you for your order' is visible

2023-05-12 17:23:06 - [MESSAGE][PASSED] - Object 'Object Repository/order-success/h2_Thank you for your order' is visible

2023-05-12 17:23:06 - [TEST_STEP][PASSED] - click(findTestObject("Object Repository/NavSideBar/sidebar")): Object: 'Object Repository/NavSideBar/sidebar' is clicked on

2023-05-12 17:23:06 - [MESSAGE][PASSED] - Object: 'Object Repository/NavSideBar/sidebar' is clicked on

2023-05-12 17:23:06 - [TEST_STEP][PASSED] - click(findTestObject("Object Repository/NavSideBar/a_Logout")): Object: 'Object Repository/NavSideBar/a_Logout' is clicked on

2023-05-12 17:23:07 - [MESSAGE][PASSED] - Object: 'Object Repository/NavSideBar/a_Logout' is clicked on

2023-05-12 17:23:07 - [TEST_STEP][PASSED] - verifyElementVisible(findTestObject("Object Repository/Page_Swag Labs/input_Swag Labs_user-name")): Object 'Object Repository/Page_Swag Labs/input_Swag Labs_user-name' is visible

2023-05-12 17:23:07 - [MESSAGE][PASSED] - Object 'Object Repository/Page_Swag Labs/input_Swag Labs_user-name' is visible

2023-05-12 17:23:07 - [TEST_STEP][PASSED] - closeBrowser(): Browser is closed

2023-05-12 17:23:08 - [MESSAGE][PASSED] - Browser is closed]]></system-out>
         <system-err><![CDATA[]]></system-err>
      </testcase>
      <testcase name="Test Cases/test-flow-1-buy-1-product" time="12.007" classname="Test Cases/test-flow-1-buy-1-product" status="PASSED">
         <system-out><![CDATA[2023-05-12 17:23:08 - [TEST_CASE][PASSED] - Test Cases/test-flow-1-buy-1-product: Test Cases/test-flow-1-buy-1-product

2023-05-12 17:23:08 - [TEST_STEP][PASSED] - openBrowser("https://www.saucedemo.com/"): Browser is opened with url: 'https://www.saucedemo.com/'

2023-05-12 17:23:08 - [MESSAGE][INFO] - Starting 'Chrome' driver

2023-05-12 17:23:08 - [MESSAGE][INFO] - Action delay is set to 0 milliseconds

2023-05-12 17:23:10 - [MESSAGE][PASSED] - Browser is opened with url: 'https://www.saucedemo.com/'

2023-05-12 17:23:10 - [TEST_STEP][PASSED] - click(findTestObject("Object Repository/Page_Swag Labs/input_Swag Labs_user-name")): Object: 'Object Repository/Page_Swag Labs/input_Swag Labs_user-name' is clicked on

2023-05-12 17:23:10 - [MESSAGE][PASSED] - Object: 'Object Repository/Page_Swag Labs/input_Swag Labs_user-name' is clicked on

2023-05-12 17:23:10 - [TEST_STEP][PASSED] - sendKeys(findTestObject("Object Repository/Page_Swag Labs/input_Swag Labs_user-name"), "standard_user"): Keys 'standard_user' sent to object: 'Object Repository/Page_Swag Labs/input_Swag Labs_user-name'

2023-05-12 17:23:11 - [MESSAGE][PASSED] - Keys 'standard_user' sent to object: 'Object Repository/Page_Swag Labs/input_Swag Labs_user-name'

2023-05-12 17:23:11 - [TEST_STEP][PASSED] - click(findTestObject("Object Repository/Page_Swag Labs/input_Swag Labs_password")): Object: 'Object Repository/Page_Swag Labs/input_Swag Labs_password' is clicked on

2023-05-12 17:23:11 - [MESSAGE][PASSED] - Object: 'Object Repository/Page_Swag Labs/input_Swag Labs_password' is clicked on

2023-05-12 17:23:11 - [TEST_STEP][PASSED] - sendKeys(findTestObject("Object Repository/Page_Swag Labs/input_Swag Labs_password"), "secret_sauce"): Keys 'secret_sauce' sent to object: 'Object Repository/Page_Swag Labs/input_Swag Labs_password'

2023-05-12 17:23:11 - [MESSAGE][PASSED] - Keys 'secret_sauce' sent to object: 'Object Repository/Page_Swag Labs/input_Swag Labs_password'

2023-05-12 17:23:11 - [TEST_STEP][PASSED] - click(findTestObject("Object Repository/Page_Swag Labs/input_Swag Labs_login-button")): Object: 'Object Repository/Page_Swag Labs/input_Swag Labs_login-button' is clicked on

2023-05-12 17:23:12 - [MESSAGE][PASSED] - Object: 'Object Repository/Page_Swag Labs/input_Swag Labs_login-button' is clicked on

2023-05-12 17:23:12 - [TEST_STEP][PASSED] - click(findTestObject("Object Repository/inventoryPage/Backpack")): Object: 'Object Repository/inventoryPage/Backpack' is clicked on

2023-05-12 17:23:12 - [MESSAGE][PASSED] - Object: 'Object Repository/inventoryPage/Backpack' is clicked on

2023-05-12 17:23:12 - [TEST_STEP][PASSED] - click(findTestObject("Object Repository/inventoryPage/button_Add to cart")): Object: 'Object Repository/inventoryPage/button_Add to cart' is clicked on

2023-05-12 17:23:13 - [MESSAGE][PASSED] - Object: 'Object Repository/inventoryPage/button_Add to cart' is clicked on

2023-05-12 17:23:13 - [TEST_STEP][PASSED] - click(findTestObject("Object Repository/inventoryPage/products_back-image")): Object: 'Object Repository/inventoryPage/products_back-image' is clicked on

2023-05-12 17:23:13 - [MESSAGE][PASSED] - Object: 'Object Repository/inventoryPage/products_back-image' is clicked on

2023-05-12 17:23:13 - [TEST_STEP][PASSED] - click(findTestObject("Object Repository/inventoryPage/cart")): Object: 'Object Repository/inventoryPage/cart' is clicked on

2023-05-12 17:23:14 - [MESSAGE][PASSED] - Object: 'Object Repository/inventoryPage/cart' is clicked on

2023-05-12 17:23:14 - [TEST_STEP][PASSED] - click(findTestObject("Object Repository/CheckoutPage/button_Checkout")): Object: 'Object Repository/CheckoutPage/button_Checkout' is clicked on

2023-05-12 17:23:14 - [MESSAGE][PASSED] - Object: 'Object Repository/CheckoutPage/button_Checkout' is clicked on

2023-05-12 17:23:14 - [TEST_STEP][PASSED] - sendKeys(findTestObject("Object Repository/checkout-step-one/input_Checkout Your Information_firstName"), "demo"): Keys 'demo' sent to object: 'Object Repository/checkout-step-one/input_Checkout Your Information_firstName'

2023-05-12 17:23:15 - [MESSAGE][PASSED] - Keys 'demo' sent to object: 'Object Repository/checkout-step-one/input_Checkout Your Information_firstName'

2023-05-12 17:23:15 - [TEST_STEP][PASSED] - sendKeys(findTestObject("Object Repository/checkout-step-one/input_Checkout Your Information_lastName"), "qa test"): Keys 'qa test' sent to object: 'Object Repository/checkout-step-one/input_Checkout Your Information_lastName'

2023-05-12 17:23:16 - [MESSAGE][PASSED] - Keys 'qa test' sent to object: 'Object Repository/checkout-step-one/input_Checkout Your Information_lastName'

2023-05-12 17:23:16 - [TEST_STEP][PASSED] - sendKeys(findTestObject("Object Repository/checkout-step-one/input_Checkout Your Information_postalCode"), "9000"): Keys '9000' sent to object: 'Object Repository/checkout-step-one/input_Checkout Your Information_postalCode'

2023-05-12 17:23:16 - [MESSAGE][PASSED] - Keys '9000' sent to object: 'Object Repository/checkout-step-one/input_Checkout Your Information_postalCode'

2023-05-12 17:23:16 - [TEST_STEP][PASSED] - click(findTestObject("Object Repository/checkout-step-one/input_continue")): Object: 'Object Repository/checkout-step-one/input_continue' is clicked on

2023-05-12 17:23:17 - [MESSAGE][PASSED] - Object: 'Object Repository/checkout-step-one/input_continue' is clicked on

2023-05-12 17:23:17 - [TEST_STEP][PASSED] - click(findTestObject("Object Repository/finish checkout/button_Finish")): Object: 'Object Repository/finish checkout/button_Finish' is clicked on

2023-05-12 17:23:17 - [MESSAGE][PASSED] - Object: 'Object Repository/finish checkout/button_Finish' is clicked on

2023-05-12 17:23:17 - [TEST_STEP][PASSED] - verifyElementVisible(findTestObject("Object Repository/order-success/h2_Thank you for your order")): Object 'Object Repository/order-success/h2_Thank you for your order' is visible

2023-05-12 17:23:18 - [MESSAGE][PASSED] - Object 'Object Repository/order-success/h2_Thank you for your order' is visible

2023-05-12 17:23:18 - [TEST_STEP][PASSED] - click(findTestObject("Object Repository/NavSideBar/sidebar")): Object: 'Object Repository/NavSideBar/sidebar' is clicked on

2023-05-12 17:23:18 - [MESSAGE][PASSED] - Object: 'Object Repository/NavSideBar/sidebar' is clicked on

2023-05-12 17:23:18 - [TEST_STEP][PASSED] - click(findTestObject("Object Repository/NavSideBar/a_Logout")): Object: 'Object Repository/NavSideBar/a_Logout' is clicked on

2023-05-12 17:23:19 - [MESSAGE][PASSED] - Object: 'Object Repository/NavSideBar/a_Logout' is clicked on

2023-05-12 17:23:19 - [TEST_STEP][PASSED] - verifyElementVisible(findTestObject("Object Repository/Page_Swag Labs/input_Swag Labs_user-name")): Object 'Object Repository/Page_Swag Labs/input_Swag Labs_user-name' is visible

2023-05-12 17:23:19 - [MESSAGE][PASSED] - Object 'Object Repository/Page_Swag Labs/input_Swag Labs_user-name' is visible

2023-05-12 17:23:19 - [TEST_STEP][PASSED] - closeBrowser(): Browser is closed

2023-05-12 17:23:20 - [MESSAGE][PASSED] - Browser is closed]]></system-out>
         <system-err><![CDATA[]]></system-err>
      </testcase>
      <testcase name="Test Cases/test-flow-1-buy-1-product" time="11.863" classname="Test Cases/test-flow-1-buy-1-product" status="PASSED">
         <system-out><![CDATA[2023-05-12 17:23:20 - [TEST_CASE][PASSED] - Test Cases/test-flow-1-buy-1-product: Test Cases/test-flow-1-buy-1-product

2023-05-12 17:23:20 - [TEST_STEP][PASSED] - openBrowser("https://www.saucedemo.com/"): Browser is opened with url: 'https://www.saucedemo.com/'

2023-05-12 17:23:20 - [MESSAGE][INFO] - Starting 'Chrome' driver

2023-05-12 17:23:20 - [MESSAGE][INFO] - Action delay is set to 0 milliseconds

2023-05-12 17:23:22 - [MESSAGE][PASSED] - Browser is opened with url: 'https://www.saucedemo.com/'

2023-05-12 17:23:22 - [TEST_STEP][PASSED] - click(findTestObject("Object Repository/Page_Swag Labs/input_Swag Labs_user-name")): Object: 'Object Repository/Page_Swag Labs/input_Swag Labs_user-name' is clicked on

2023-05-12 17:23:22 - [MESSAGE][PASSED] - Object: 'Object Repository/Page_Swag Labs/input_Swag Labs_user-name' is clicked on

2023-05-12 17:23:22 - [TEST_STEP][PASSED] - sendKeys(findTestObject("Object Repository/Page_Swag Labs/input_Swag Labs_user-name"), "standard_user"): Keys 'standard_user' sent to object: 'Object Repository/Page_Swag Labs/input_Swag Labs_user-name'

2023-05-12 17:23:23 - [MESSAGE][PASSED] - Keys 'standard_user' sent to object: 'Object Repository/Page_Swag Labs/input_Swag Labs_user-name'

2023-05-12 17:23:23 - [TEST_STEP][PASSED] - click(findTestObject("Object Repository/Page_Swag Labs/input_Swag Labs_password")): Object: 'Object Repository/Page_Swag Labs/input_Swag Labs_password' is clicked on

2023-05-12 17:23:23 - [MESSAGE][PASSED] - Object: 'Object Repository/Page_Swag Labs/input_Swag Labs_password' is clicked on

2023-05-12 17:23:23 - [TEST_STEP][PASSED] - sendKeys(findTestObject("Object Repository/Page_Swag Labs/input_Swag Labs_password"), "secret_sauce"): Keys 'secret_sauce' sent to object: 'Object Repository/Page_Swag Labs/input_Swag Labs_password'

2023-05-12 17:23:23 - [MESSAGE][PASSED] - Keys 'secret_sauce' sent to object: 'Object Repository/Page_Swag Labs/input_Swag Labs_password'

2023-05-12 17:23:23 - [TEST_STEP][PASSED] - click(findTestObject("Object Repository/Page_Swag Labs/input_Swag Labs_login-button")): Object: 'Object Repository/Page_Swag Labs/input_Swag Labs_login-button' is clicked on

2023-05-12 17:23:24 - [MESSAGE][PASSED] - Object: 'Object Repository/Page_Swag Labs/input_Swag Labs_login-button' is clicked on

2023-05-12 17:23:24 - [TEST_STEP][PASSED] - click(findTestObject("Object Repository/inventoryPage/Backpack")): Object: 'Object Repository/inventoryPage/Backpack' is clicked on

2023-05-12 17:23:24 - [MESSAGE][PASSED] - Object: 'Object Repository/inventoryPage/Backpack' is clicked on

2023-05-12 17:23:24 - [TEST_STEP][PASSED] - click(findTestObject("Object Repository/inventoryPage/button_Add to cart")): Object: 'Object Repository/inventoryPage/button_Add to cart' is clicked on

2023-05-12 17:23:25 - [MESSAGE][PASSED] - Object: 'Object Repository/inventoryPage/button_Add to cart' is clicked on

2023-05-12 17:23:25 - [TEST_STEP][PASSED] - click(findTestObject("Object Repository/inventoryPage/products_back-image")): Object: 'Object Repository/inventoryPage/products_back-image' is clicked on

2023-05-12 17:23:25 - [MESSAGE][PASSED] - Object: 'Object Repository/inventoryPage/products_back-image' is clicked on

2023-05-12 17:23:25 - [TEST_STEP][PASSED] - click(findTestObject("Object Repository/inventoryPage/cart")): Object: 'Object Repository/inventoryPage/cart' is clicked on

2023-05-12 17:23:26 - [MESSAGE][PASSED] - Object: 'Object Repository/inventoryPage/cart' is clicked on

2023-05-12 17:23:26 - [TEST_STEP][PASSED] - click(findTestObject("Object Repository/CheckoutPage/button_Checkout")): Object: 'Object Repository/CheckoutPage/button_Checkout' is clicked on

2023-05-12 17:23:26 - [MESSAGE][PASSED] - Object: 'Object Repository/CheckoutPage/button_Checkout' is clicked on

2023-05-12 17:23:26 - [TEST_STEP][PASSED] - sendKeys(findTestObject("Object Repository/checkout-step-one/input_Checkout Your Information_firstName"), "demo"): Keys 'demo' sent to object: 'Object Repository/checkout-step-one/input_Checkout Your Information_firstName'

2023-05-12 17:23:27 - [MESSAGE][PASSED] - Keys 'demo' sent to object: 'Object Repository/checkout-step-one/input_Checkout Your Information_firstName'

2023-05-12 17:23:27 - [TEST_STEP][PASSED] - sendKeys(findTestObject("Object Repository/checkout-step-one/input_Checkout Your Information_lastName"), "qa test"): Keys 'qa test' sent to object: 'Object Repository/checkout-step-one/input_Checkout Your Information_lastName'

2023-05-12 17:23:27 - [MESSAGE][PASSED] - Keys 'qa test' sent to object: 'Object Repository/checkout-step-one/input_Checkout Your Information_lastName'

2023-05-12 17:23:27 - [TEST_STEP][PASSED] - sendKeys(findTestObject("Object Repository/checkout-step-one/input_Checkout Your Information_postalCode"), "9000"): Keys '9000' sent to object: 'Object Repository/checkout-step-one/input_Checkout Your Information_postalCode'

2023-05-12 17:23:28 - [MESSAGE][PASSED] - Keys '9000' sent to object: 'Object Repository/checkout-step-one/input_Checkout Your Information_postalCode'

2023-05-12 17:23:28 - [TEST_STEP][PASSED] - click(findTestObject("Object Repository/checkout-step-one/input_continue")): Object: 'Object Repository/checkout-step-one/input_continue' is clicked on

2023-05-12 17:23:29 - [MESSAGE][PASSED] - Object: 'Object Repository/checkout-step-one/input_continue' is clicked on

2023-05-12 17:23:29 - [TEST_STEP][PASSED] - click(findTestObject("Object Repository/finish checkout/button_Finish")): Object: 'Object Repository/finish checkout/button_Finish' is clicked on

2023-05-12 17:23:29 - [MESSAGE][PASSED] - Object: 'Object Repository/finish checkout/button_Finish' is clicked on

2023-05-12 17:23:29 - [TEST_STEP][PASSED] - verifyElementVisible(findTestObject("Object Repository/order-success/h2_Thank you for your order")): Object 'Object Repository/order-success/h2_Thank you for your order' is visible

2023-05-12 17:23:30 - [MESSAGE][PASSED] - Object 'Object Repository/order-success/h2_Thank you for your order' is visible

2023-05-12 17:23:30 - [TEST_STEP][PASSED] - click(findTestObject("Object Repository/NavSideBar/sidebar")): Object: 'Object Repository/NavSideBar/sidebar' is clicked on

2023-05-12 17:23:30 - [MESSAGE][PASSED] - Object: 'Object Repository/NavSideBar/sidebar' is clicked on

2023-05-12 17:23:30 - [TEST_STEP][PASSED] - click(findTestObject("Object Repository/NavSideBar/a_Logout")): Object: 'Object Repository/NavSideBar/a_Logout' is clicked on

2023-05-12 17:23:30 - [MESSAGE][PASSED] - Object: 'Object Repository/NavSideBar/a_Logout' is clicked on

2023-05-12 17:23:30 - [TEST_STEP][PASSED] - verifyElementVisible(findTestObject("Object Repository/Page_Swag Labs/input_Swag Labs_user-name")): Object 'Object Repository/Page_Swag Labs/input_Swag Labs_user-name' is visible

2023-05-12 17:23:31 - [MESSAGE][PASSED] - Object 'Object Repository/Page_Swag Labs/input_Swag Labs_user-name' is visible

2023-05-12 17:23:31 - [TEST_STEP][PASSED] - closeBrowser(): Browser is closed

2023-05-12 17:23:32 - [MESSAGE][PASSED] - Browser is closed]]></system-out>
         <system-err><![CDATA[]]></system-err>
      </testcase>
      <testcase name="Test Cases/test-flow-1-buy-1-product" time="11.663" classname="Test Cases/test-flow-1-buy-1-product" status="PASSED">
         <system-out><![CDATA[2023-05-12 17:23:32 - [TEST_CASE][PASSED] - Test Cases/test-flow-1-buy-1-product: Test Cases/test-flow-1-buy-1-product

2023-05-12 17:23:32 - [TEST_STEP][PASSED] - openBrowser("https://www.saucedemo.com/"): Browser is opened with url: 'https://www.saucedemo.com/'

2023-05-12 17:23:32 - [MESSAGE][INFO] - Starting 'Chrome' driver

2023-05-12 17:23:32 - [MESSAGE][INFO] - Action delay is set to 0 milliseconds

2023-05-12 17:23:34 - [MESSAGE][PASSED] - Browser is opened with url: 'https://www.saucedemo.com/'

2023-05-12 17:23:34 - [TEST_STEP][PASSED] - click(findTestObject("Object Repository/Page_Swag Labs/input_Swag Labs_user-name")): Object: 'Object Repository/Page_Swag Labs/input_Swag Labs_user-name' is clicked on

2023-05-12 17:23:34 - [MESSAGE][PASSED] - Object: 'Object Repository/Page_Swag Labs/input_Swag Labs_user-name' is clicked on

2023-05-12 17:23:34 - [TEST_STEP][PASSED] - sendKeys(findTestObject("Object Repository/Page_Swag Labs/input_Swag Labs_user-name"), "standard_user"): Keys 'standard_user' sent to object: 'Object Repository/Page_Swag Labs/input_Swag Labs_user-name'

2023-05-12 17:23:35 - [MESSAGE][PASSED] - Keys 'standard_user' sent to object: 'Object Repository/Page_Swag Labs/input_Swag Labs_user-name'

2023-05-12 17:23:35 - [TEST_STEP][PASSED] - click(findTestObject("Object Repository/Page_Swag Labs/input_Swag Labs_password")): Object: 'Object Repository/Page_Swag Labs/input_Swag Labs_password' is clicked on

2023-05-12 17:23:35 - [MESSAGE][PASSED] - Object: 'Object Repository/Page_Swag Labs/input_Swag Labs_password' is clicked on

2023-05-12 17:23:35 - [TEST_STEP][PASSED] - sendKeys(findTestObject("Object Repository/Page_Swag Labs/input_Swag Labs_password"), "secret_sauce"): Keys 'secret_sauce' sent to object: 'Object Repository/Page_Swag Labs/input_Swag Labs_password'

2023-05-12 17:23:35 - [MESSAGE][PASSED] - Keys 'secret_sauce' sent to object: 'Object Repository/Page_Swag Labs/input_Swag Labs_password'

2023-05-12 17:23:35 - [TEST_STEP][PASSED] - click(findTestObject("Object Repository/Page_Swag Labs/input_Swag Labs_login-button")): Object: 'Object Repository/Page_Swag Labs/input_Swag Labs_login-button' is clicked on

2023-05-12 17:23:36 - [MESSAGE][PASSED] - Object: 'Object Repository/Page_Swag Labs/input_Swag Labs_login-button' is clicked on

2023-05-12 17:23:36 - [TEST_STEP][PASSED] - click(findTestObject("Object Repository/inventoryPage/Backpack")): Object: 'Object Repository/inventoryPage/Backpack' is clicked on

2023-05-12 17:23:36 - [MESSAGE][PASSED] - Object: 'Object Repository/inventoryPage/Backpack' is clicked on

2023-05-12 17:23:36 - [TEST_STEP][PASSED] - click(findTestObject("Object Repository/inventoryPage/button_Add to cart")): Object: 'Object Repository/inventoryPage/button_Add to cart' is clicked on

2023-05-12 17:23:37 - [MESSAGE][PASSED] - Object: 'Object Repository/inventoryPage/button_Add to cart' is clicked on

2023-05-12 17:23:37 - [TEST_STEP][PASSED] - click(findTestObject("Object Repository/inventoryPage/products_back-image")): Object: 'Object Repository/inventoryPage/products_back-image' is clicked on

2023-05-12 17:23:37 - [MESSAGE][PASSED] - Object: 'Object Repository/inventoryPage/products_back-image' is clicked on

2023-05-12 17:23:37 - [TEST_STEP][PASSED] - click(findTestObject("Object Repository/inventoryPage/cart")): Object: 'Object Repository/inventoryPage/cart' is clicked on

2023-05-12 17:23:38 - [MESSAGE][PASSED] - Object: 'Object Repository/inventoryPage/cart' is clicked on

2023-05-12 17:23:38 - [TEST_STEP][PASSED] - click(findTestObject("Object Repository/CheckoutPage/button_Checkout")): Object: 'Object Repository/CheckoutPage/button_Checkout' is clicked on

2023-05-12 17:23:38 - [MESSAGE][PASSED] - Object: 'Object Repository/CheckoutPage/button_Checkout' is clicked on

2023-05-12 17:23:38 - [TEST_STEP][PASSED] - sendKeys(findTestObject("Object Repository/checkout-step-one/input_Checkout Your Information_firstName"), "demo"): Keys 'demo' sent to object: 'Object Repository/checkout-step-one/input_Checkout Your Information_firstName'

2023-05-12 17:23:39 - [MESSAGE][PASSED] - Keys 'demo' sent to object: 'Object Repository/checkout-step-one/input_Checkout Your Information_firstName'

2023-05-12 17:23:39 - [TEST_STEP][PASSED] - sendKeys(findTestObject("Object Repository/checkout-step-one/input_Checkout Your Information_lastName"), "qa test"): Keys 'qa test' sent to object: 'Object Repository/checkout-step-one/input_Checkout Your Information_lastName'

2023-05-12 17:23:39 - [MESSAGE][PASSED] - Keys 'qa test' sent to object: 'Object Repository/checkout-step-one/input_Checkout Your Information_lastName'

2023-05-12 17:23:39 - [TEST_STEP][PASSED] - sendKeys(findTestObject("Object Repository/checkout-step-one/input_Checkout Your Information_postalCode"), "9000"): Keys '9000' sent to object: 'Object Repository/checkout-step-one/input_Checkout Your Information_postalCode'

2023-05-12 17:23:40 - [MESSAGE][PASSED] - Keys '9000' sent to object: 'Object Repository/checkout-step-one/input_Checkout Your Information_postalCode'

2023-05-12 17:23:40 - [TEST_STEP][PASSED] - click(findTestObject("Object Repository/checkout-step-one/input_continue")): Object: 'Object Repository/checkout-step-one/input_continue' is clicked on

2023-05-12 17:23:40 - [MESSAGE][PASSED] - Object: 'Object Repository/checkout-step-one/input_continue' is clicked on

2023-05-12 17:23:40 - [TEST_STEP][PASSED] - click(findTestObject("Object Repository/finish checkout/button_Finish")): Object: 'Object Repository/finish checkout/button_Finish' is clicked on

2023-05-12 17:23:41 - [MESSAGE][PASSED] - Object: 'Object Repository/finish checkout/button_Finish' is clicked on

2023-05-12 17:23:41 - [TEST_STEP][PASSED] - verifyElementVisible(findTestObject("Object Repository/order-success/h2_Thank you for your order")): Object 'Object Repository/order-success/h2_Thank you for your order' is visible

2023-05-12 17:23:41 - [MESSAGE][PASSED] - Object 'Object Repository/order-success/h2_Thank you for your order' is visible

2023-05-12 17:23:41 - [TEST_STEP][PASSED] - click(findTestObject("Object Repository/NavSideBar/sidebar")): Object: 'Object Repository/NavSideBar/sidebar' is clicked on

2023-05-12 17:23:42 - [MESSAGE][PASSED] - Object: 'Object Repository/NavSideBar/sidebar' is clicked on

2023-05-12 17:23:42 - [TEST_STEP][PASSED] - click(findTestObject("Object Repository/NavSideBar/a_Logout")): Object: 'Object Repository/NavSideBar/a_Logout' is clicked on

2023-05-12 17:23:42 - [MESSAGE][PASSED] - Object: 'Object Repository/NavSideBar/a_Logout' is clicked on

2023-05-12 17:23:42 - [TEST_STEP][PASSED] - verifyElementVisible(findTestObject("Object Repository/Page_Swag Labs/input_Swag Labs_user-name")): Object 'Object Repository/Page_Swag Labs/input_Swag Labs_user-name' is visible

2023-05-12 17:23:43 - [MESSAGE][PASSED] - Object 'Object Repository/Page_Swag Labs/input_Swag Labs_user-name' is visible

2023-05-12 17:23:43 - [TEST_STEP][PASSED] - closeBrowser(): Browser is closed

2023-05-12 17:23:43 - [MESSAGE][PASSED] - Browser is closed]]></system-out>
         <system-err><![CDATA[]]></system-err>
      </testcase>
      <testcase name="Test Cases/test-flow-1-buy-1-product" time="11.932" classname="Test Cases/test-flow-1-buy-1-product" status="PASSED">
         <system-out><![CDATA[2023-05-12 17:23:43 - [TEST_CASE][PASSED] - Test Cases/test-flow-1-buy-1-product: Test Cases/test-flow-1-buy-1-product

2023-05-12 17:23:43 - [TEST_STEP][PASSED] - openBrowser("https://www.saucedemo.com/"): Browser is opened with url: 'https://www.saucedemo.com/'

2023-05-12 17:23:43 - [MESSAGE][INFO] - Starting 'Chrome' driver

2023-05-12 17:23:43 - [MESSAGE][INFO] - Action delay is set to 0 milliseconds

2023-05-12 17:23:45 - [MESSAGE][PASSED] - Browser is opened with url: 'https://www.saucedemo.com/'

2023-05-12 17:23:45 - [TEST_STEP][PASSED] - click(findTestObject("Object Repository/Page_Swag Labs/input_Swag Labs_user-name")): Object: 'Object Repository/Page_Swag Labs/input_Swag Labs_user-name' is clicked on

2023-05-12 17:23:46 - [MESSAGE][PASSED] - Object: 'Object Repository/Page_Swag Labs/input_Swag Labs_user-name' is clicked on

2023-05-12 17:23:46 - [TEST_STEP][PASSED] - sendKeys(findTestObject("Object Repository/Page_Swag Labs/input_Swag Labs_user-name"), "standard_user"): Keys 'standard_user' sent to object: 'Object Repository/Page_Swag Labs/input_Swag Labs_user-name'

2023-05-12 17:23:46 - [MESSAGE][PASSED] - Keys 'standard_user' sent to object: 'Object Repository/Page_Swag Labs/input_Swag Labs_user-name'

2023-05-12 17:23:46 - [TEST_STEP][PASSED] - click(findTestObject("Object Repository/Page_Swag Labs/input_Swag Labs_password")): Object: 'Object Repository/Page_Swag Labs/input_Swag Labs_password' is clicked on

2023-05-12 17:23:47 - [MESSAGE][PASSED] - Object: 'Object Repository/Page_Swag Labs/input_Swag Labs_password' is clicked on

2023-05-12 17:23:47 - [TEST_STEP][PASSED] - sendKeys(findTestObject("Object Repository/Page_Swag Labs/input_Swag Labs_password"), "secret_sauce"): Keys 'secret_sauce' sent to object: 'Object Repository/Page_Swag Labs/input_Swag Labs_password'

2023-05-12 17:23:47 - [MESSAGE][PASSED] - Keys 'secret_sauce' sent to object: 'Object Repository/Page_Swag Labs/input_Swag Labs_password'

2023-05-12 17:23:47 - [TEST_STEP][PASSED] - click(findTestObject("Object Repository/Page_Swag Labs/input_Swag Labs_login-button")): Object: 'Object Repository/Page_Swag Labs/input_Swag Labs_login-button' is clicked on

2023-05-12 17:23:47 - [MESSAGE][PASSED] - Object: 'Object Repository/Page_Swag Labs/input_Swag Labs_login-button' is clicked on

2023-05-12 17:23:47 - [TEST_STEP][PASSED] - click(findTestObject("Object Repository/inventoryPage/Backpack")): Object: 'Object Repository/inventoryPage/Backpack' is clicked on

2023-05-12 17:23:48 - [MESSAGE][PASSED] - Object: 'Object Repository/inventoryPage/Backpack' is clicked on

2023-05-12 17:23:48 - [TEST_STEP][PASSED] - click(findTestObject("Object Repository/inventoryPage/button_Add to cart")): Object: 'Object Repository/inventoryPage/button_Add to cart' is clicked on

2023-05-12 17:23:48 - [MESSAGE][PASSED] - Object: 'Object Repository/inventoryPage/button_Add to cart' is clicked on

2023-05-12 17:23:48 - [TEST_STEP][PASSED] - click(findTestObject("Object Repository/inventoryPage/products_back-image")): Object: 'Object Repository/inventoryPage/products_back-image' is clicked on

2023-05-12 17:23:49 - [MESSAGE][PASSED] - Object: 'Object Repository/inventoryPage/products_back-image' is clicked on

2023-05-12 17:23:49 - [TEST_STEP][PASSED] - click(findTestObject("Object Repository/inventoryPage/cart")): Object: 'Object Repository/inventoryPage/cart' is clicked on

2023-05-12 17:23:49 - [MESSAGE][PASSED] - Object: 'Object Repository/inventoryPage/cart' is clicked on

2023-05-12 17:23:49 - [TEST_STEP][PASSED] - click(findTestObject("Object Repository/CheckoutPage/button_Checkout")): Object: 'Object Repository/CheckoutPage/button_Checkout' is clicked on

2023-05-12 17:23:50 - [MESSAGE][PASSED] - Object: 'Object Repository/CheckoutPage/button_Checkout' is clicked on

2023-05-12 17:23:50 - [TEST_STEP][PASSED] - sendKeys(findTestObject("Object Repository/checkout-step-one/input_Checkout Your Information_firstName"), "demo"): Keys 'demo' sent to object: 'Object Repository/checkout-step-one/input_Checkout Your Information_firstName'

2023-05-12 17:23:50 - [MESSAGE][PASSED] - Keys 'demo' sent to object: 'Object Repository/checkout-step-one/input_Checkout Your Information_firstName'

2023-05-12 17:23:50 - [TEST_STEP][PASSED] - sendKeys(findTestObject("Object Repository/checkout-step-one/input_Checkout Your Information_lastName"), "qa test"): Keys 'qa test' sent to object: 'Object Repository/checkout-step-one/input_Checkout Your Information_lastName'

2023-05-12 17:23:51 - [MESSAGE][PASSED] - Keys 'qa test' sent to object: 'Object Repository/checkout-step-one/input_Checkout Your Information_lastName'

2023-05-12 17:23:51 - [TEST_STEP][PASSED] - sendKeys(findTestObject("Object Repository/checkout-step-one/input_Checkout Your Information_postalCode"), "9000"): Keys '9000' sent to object: 'Object Repository/checkout-step-one/input_Checkout Your Information_postalCode'

2023-05-12 17:23:51 - [MESSAGE][PASSED] - Keys '9000' sent to object: 'Object Repository/checkout-step-one/input_Checkout Your Information_postalCode'

2023-05-12 17:23:51 - [TEST_STEP][PASSED] - click(findTestObject("Object Repository/checkout-step-one/input_continue")): Object: 'Object Repository/checkout-step-one/input_continue' is clicked on

2023-05-12 17:23:52 - [MESSAGE][PASSED] - Object: 'Object Repository/checkout-step-one/input_continue' is clicked on

2023-05-12 17:23:52 - [TEST_STEP][PASSED] - click(findTestObject("Object Repository/finish checkout/button_Finish")): Object: 'Object Repository/finish checkout/button_Finish' is clicked on

2023-05-12 17:23:53 - [MESSAGE][PASSED] - Object: 'Object Repository/finish checkout/button_Finish' is clicked on

2023-05-12 17:23:53 - [TEST_STEP][PASSED] - verifyElementVisible(findTestObject("Object Repository/order-success/h2_Thank you for your order")): Object 'Object Repository/order-success/h2_Thank you for your order' is visible

2023-05-12 17:23:53 - [MESSAGE][PASSED] - Object 'Object Repository/order-success/h2_Thank you for your order' is visible

2023-05-12 17:23:53 - [TEST_STEP][PASSED] - click(findTestObject("Object Repository/NavSideBar/sidebar")): Object: 'Object Repository/NavSideBar/sidebar' is clicked on

2023-05-12 17:23:54 - [MESSAGE][PASSED] - Object: 'Object Repository/NavSideBar/sidebar' is clicked on

2023-05-12 17:23:54 - [TEST_STEP][PASSED] - click(findTestObject("Object Repository/NavSideBar/a_Logout")): Object: 'Object Repository/NavSideBar/a_Logout' is clicked on

2023-05-12 17:23:54 - [MESSAGE][PASSED] - Object: 'Object Repository/NavSideBar/a_Logout' is clicked on

2023-05-12 17:23:54 - [TEST_STEP][PASSED] - verifyElementVisible(findTestObject("Object Repository/Page_Swag Labs/input_Swag Labs_user-name")): Object 'Object Repository/Page_Swag Labs/input_Swag Labs_user-name' is visible

2023-05-12 17:23:55 - [MESSAGE][PASSED] - Object 'Object Repository/Page_Swag Labs/input_Swag Labs_user-name' is visible

2023-05-12 17:23:55 - [TEST_STEP][PASSED] - closeBrowser(): Browser is closed

2023-05-12 17:23:55 - [MESSAGE][PASSED] - Browser is closed]]></system-out>
         <system-err><![CDATA[]]></system-err>
      </testcase>
      <testcase name="Test Cases/test-flow-1-buy-1-product" time="11.791" classname="Test Cases/test-flow-1-buy-1-product" status="PASSED">
         <system-out><![CDATA[2023-05-12 17:23:55 - [TEST_CASE][PASSED] - Test Cases/test-flow-1-buy-1-product: Test Cases/test-flow-1-buy-1-product

2023-05-12 17:23:55 - [TEST_STEP][PASSED] - openBrowser("https://www.saucedemo.com/"): Browser is opened with url: 'https://www.saucedemo.com/'

2023-05-12 17:23:55 - [MESSAGE][INFO] - Starting 'Chrome' driver

2023-05-12 17:23:55 - [MESSAGE][INFO] - Action delay is set to 0 milliseconds

2023-05-12 17:23:57 - [MESSAGE][PASSED] - Browser is opened with url: 'https://www.saucedemo.com/'

2023-05-12 17:23:57 - [TEST_STEP][PASSED] - click(findTestObject("Object Repository/Page_Swag Labs/input_Swag Labs_user-name")): Object: 'Object Repository/Page_Swag Labs/input_Swag Labs_user-name' is clicked on

2023-05-12 17:23:58 - [MESSAGE][PASSED] - Object: 'Object Repository/Page_Swag Labs/input_Swag Labs_user-name' is clicked on

2023-05-12 17:23:58 - [TEST_STEP][PASSED] - sendKeys(findTestObject("Object Repository/Page_Swag Labs/input_Swag Labs_user-name"), "standard_user"): Keys 'standard_user' sent to object: 'Object Repository/Page_Swag Labs/input_Swag Labs_user-name'

2023-05-12 17:23:58 - [MESSAGE][PASSED] - Keys 'standard_user' sent to object: 'Object Repository/Page_Swag Labs/input_Swag Labs_user-name'

2023-05-12 17:23:58 - [TEST_STEP][PASSED] - click(findTestObject("Object Repository/Page_Swag Labs/input_Swag Labs_password")): Object: 'Object Repository/Page_Swag Labs/input_Swag Labs_password' is clicked on

2023-05-12 17:23:59 - [MESSAGE][PASSED] - Object: 'Object Repository/Page_Swag Labs/input_Swag Labs_password' is clicked on

2023-05-12 17:23:59 - [TEST_STEP][PASSED] - sendKeys(findTestObject("Object Repository/Page_Swag Labs/input_Swag Labs_password"), "secret_sauce"): Keys 'secret_sauce' sent to object: 'Object Repository/Page_Swag Labs/input_Swag Labs_password'

2023-05-12 17:23:59 - [MESSAGE][PASSED] - Keys 'secret_sauce' sent to object: 'Object Repository/Page_Swag Labs/input_Swag Labs_password'

2023-05-12 17:23:59 - [TEST_STEP][PASSED] - click(findTestObject("Object Repository/Page_Swag Labs/input_Swag Labs_login-button")): Object: 'Object Repository/Page_Swag Labs/input_Swag Labs_login-button' is clicked on

2023-05-12 17:23:59 - [MESSAGE][PASSED] - Object: 'Object Repository/Page_Swag Labs/input_Swag Labs_login-button' is clicked on

2023-05-12 17:23:59 - [TEST_STEP][PASSED] - click(findTestObject("Object Repository/inventoryPage/Backpack")): Object: 'Object Repository/inventoryPage/Backpack' is clicked on

2023-05-12 17:24:00 - [MESSAGE][PASSED] - Object: 'Object Repository/inventoryPage/Backpack' is clicked on

2023-05-12 17:24:00 - [TEST_STEP][PASSED] - click(findTestObject("Object Repository/inventoryPage/button_Add to cart")): Object: 'Object Repository/inventoryPage/button_Add to cart' is clicked on

2023-05-12 17:24:00 - [MESSAGE][PASSED] - Object: 'Object Repository/inventoryPage/button_Add to cart' is clicked on

2023-05-12 17:24:00 - [TEST_STEP][PASSED] - click(findTestObject("Object Repository/inventoryPage/products_back-image")): Object: 'Object Repository/inventoryPage/products_back-image' is clicked on

2023-05-12 17:24:01 - [MESSAGE][PASSED] - Object: 'Object Repository/inventoryPage/products_back-image' is clicked on

2023-05-12 17:24:01 - [TEST_STEP][PASSED] - click(findTestObject("Object Repository/inventoryPage/cart")): Object: 'Object Repository/inventoryPage/cart' is clicked on

2023-05-12 17:24:01 - [MESSAGE][PASSED] - Object: 'Object Repository/inventoryPage/cart' is clicked on

2023-05-12 17:24:01 - [TEST_STEP][PASSED] - click(findTestObject("Object Repository/CheckoutPage/button_Checkout")): Object: 'Object Repository/CheckoutPage/button_Checkout' is clicked on

2023-05-12 17:24:02 - [MESSAGE][PASSED] - Object: 'Object Repository/CheckoutPage/button_Checkout' is clicked on

2023-05-12 17:24:02 - [TEST_STEP][PASSED] - sendKeys(findTestObject("Object Repository/checkout-step-one/input_Checkout Your Information_firstName"), "demo"): Keys 'demo' sent to object: 'Object Repository/checkout-step-one/input_Checkout Your Information_firstName'

2023-05-12 17:24:02 - [MESSAGE][PASSED] - Keys 'demo' sent to object: 'Object Repository/checkout-step-one/input_Checkout Your Information_firstName'

2023-05-12 17:24:02 - [TEST_STEP][PASSED] - sendKeys(findTestObject("Object Repository/checkout-step-one/input_Checkout Your Information_lastName"), "qa test"): Keys 'qa test' sent to object: 'Object Repository/checkout-step-one/input_Checkout Your Information_lastName'

2023-05-12 17:24:03 - [MESSAGE][PASSED] - Keys 'qa test' sent to object: 'Object Repository/checkout-step-one/input_Checkout Your Information_lastName'

2023-05-12 17:24:03 - [TEST_STEP][PASSED] - sendKeys(findTestObject("Object Repository/checkout-step-one/input_Checkout Your Information_postalCode"), "9000"): Keys '9000' sent to object: 'Object Repository/checkout-step-one/input_Checkout Your Information_postalCode'

2023-05-12 17:24:03 - [MESSAGE][PASSED] - Keys '9000' sent to object: 'Object Repository/checkout-step-one/input_Checkout Your Information_postalCode'

2023-05-12 17:24:03 - [TEST_STEP][PASSED] - click(findTestObject("Object Repository/checkout-step-one/input_continue")): Object: 'Object Repository/checkout-step-one/input_continue' is clicked on

2023-05-12 17:24:04 - [MESSAGE][PASSED] - Object: 'Object Repository/checkout-step-one/input_continue' is clicked on

2023-05-12 17:24:04 - [TEST_STEP][PASSED] - click(findTestObject("Object Repository/finish checkout/button_Finish")): Object: 'Object Repository/finish checkout/button_Finish' is clicked on

2023-05-12 17:24:04 - [MESSAGE][PASSED] - Object: 'Object Repository/finish checkout/button_Finish' is clicked on

2023-05-12 17:24:04 - [TEST_STEP][PASSED] - verifyElementVisible(findTestObject("Object Repository/order-success/h2_Thank you for your order")): Object 'Object Repository/order-success/h2_Thank you for your order' is visible

2023-05-12 17:24:05 - [MESSAGE][PASSED] - Object 'Object Repository/order-success/h2_Thank you for your order' is visible

2023-05-12 17:24:05 - [TEST_STEP][PASSED] - click(findTestObject("Object Repository/NavSideBar/sidebar")): Object: 'Object Repository/NavSideBar/sidebar' is clicked on

2023-05-12 17:24:05 - [MESSAGE][PASSED] - Object: 'Object Repository/NavSideBar/sidebar' is clicked on

2023-05-12 17:24:05 - [TEST_STEP][PASSED] - click(findTestObject("Object Repository/NavSideBar/a_Logout")): Object: 'Object Repository/NavSideBar/a_Logout' is clicked on

2023-05-12 17:24:06 - [MESSAGE][PASSED] - Object: 'Object Repository/NavSideBar/a_Logout' is clicked on

2023-05-12 17:24:06 - [TEST_STEP][PASSED] - verifyElementVisible(findTestObject("Object Repository/Page_Swag Labs/input_Swag Labs_user-name")): Object 'Object Repository/Page_Swag Labs/input_Swag Labs_user-name' is visible

2023-05-12 17:24:06 - [MESSAGE][PASSED] - Object 'Object Repository/Page_Swag Labs/input_Swag Labs_user-name' is visible

2023-05-12 17:24:06 - [TEST_STEP][PASSED] - closeBrowser(): Browser is closed

2023-05-12 17:24:07 - [MESSAGE][PASSED] - Browser is closed]]></system-out>
         <system-err><![CDATA[]]></system-err>
      </testcase>
      <testcase name="Test Cases/test-flow-1-buy-1-product" time="11.652" classname="Test Cases/test-flow-1-buy-1-product" status="PASSED">
         <system-out><![CDATA[2023-05-12 17:24:07 - [TEST_CASE][PASSED] - Test Cases/test-flow-1-buy-1-product: Test Cases/test-flow-1-buy-1-product

2023-05-12 17:24:07 - [TEST_STEP][PASSED] - openBrowser("https://www.saucedemo.com/"): Browser is opened with url: 'https://www.saucedemo.com/'

2023-05-12 17:24:07 - [MESSAGE][INFO] - Starting 'Chrome' driver

2023-05-12 17:24:07 - [MESSAGE][INFO] - Action delay is set to 0 milliseconds

2023-05-12 17:24:09 - [MESSAGE][PASSED] - Browser is opened with url: 'https://www.saucedemo.com/'

2023-05-12 17:24:09 - [TEST_STEP][PASSED] - click(findTestObject("Object Repository/Page_Swag Labs/input_Swag Labs_user-name")): Object: 'Object Repository/Page_Swag Labs/input_Swag Labs_user-name' is clicked on

2023-05-12 17:24:10 - [MESSAGE][PASSED] - Object: 'Object Repository/Page_Swag Labs/input_Swag Labs_user-name' is clicked on

2023-05-12 17:24:10 - [TEST_STEP][PASSED] - sendKeys(findTestObject("Object Repository/Page_Swag Labs/input_Swag Labs_user-name"), "standard_user"): Keys 'standard_user' sent to object: 'Object Repository/Page_Swag Labs/input_Swag Labs_user-name'

2023-05-12 17:24:10 - [MESSAGE][PASSED] - Keys 'standard_user' sent to object: 'Object Repository/Page_Swag Labs/input_Swag Labs_user-name'

2023-05-12 17:24:10 - [TEST_STEP][PASSED] - click(findTestObject("Object Repository/Page_Swag Labs/input_Swag Labs_password")): Object: 'Object Repository/Page_Swag Labs/input_Swag Labs_password' is clicked on

2023-05-12 17:24:10 - [MESSAGE][PASSED] - Object: 'Object Repository/Page_Swag Labs/input_Swag Labs_password' is clicked on

2023-05-12 17:24:10 - [TEST_STEP][PASSED] - sendKeys(findTestObject("Object Repository/Page_Swag Labs/input_Swag Labs_password"), "secret_sauce"): Keys 'secret_sauce' sent to object: 'Object Repository/Page_Swag Labs/input_Swag Labs_password'

2023-05-12 17:24:11 - [MESSAGE][PASSED] - Keys 'secret_sauce' sent to object: 'Object Repository/Page_Swag Labs/input_Swag Labs_password'

2023-05-12 17:24:11 - [TEST_STEP][PASSED] - click(findTestObject("Object Repository/Page_Swag Labs/input_Swag Labs_login-button")): Object: 'Object Repository/Page_Swag Labs/input_Swag Labs_login-button' is clicked on

2023-05-12 17:24:11 - [MESSAGE][PASSED] - Object: 'Object Repository/Page_Swag Labs/input_Swag Labs_login-button' is clicked on

2023-05-12 17:24:11 - [TEST_STEP][PASSED] - click(findTestObject("Object Repository/inventoryPage/Backpack")): Object: 'Object Repository/inventoryPage/Backpack' is clicked on

2023-05-12 17:24:12 - [MESSAGE][PASSED] - Object: 'Object Repository/inventoryPage/Backpack' is clicked on

2023-05-12 17:24:12 - [TEST_STEP][PASSED] - click(findTestObject("Object Repository/inventoryPage/button_Add to cart")): Object: 'Object Repository/inventoryPage/button_Add to cart' is clicked on

2023-05-12 17:24:12 - [MESSAGE][PASSED] - Object: 'Object Repository/inventoryPage/button_Add to cart' is clicked on

2023-05-12 17:24:12 - [TEST_STEP][PASSED] - click(findTestObject("Object Repository/inventoryPage/products_back-image")): Object: 'Object Repository/inventoryPage/products_back-image' is clicked on

2023-05-12 17:24:13 - [MESSAGE][PASSED] - Object: 'Object Repository/inventoryPage/products_back-image' is clicked on

2023-05-12 17:24:13 - [TEST_STEP][PASSED] - click(findTestObject("Object Repository/inventoryPage/cart")): Object: 'Object Repository/inventoryPage/cart' is clicked on

2023-05-12 17:24:13 - [MESSAGE][PASSED] - Object: 'Object Repository/inventoryPage/cart' is clicked on

2023-05-12 17:24:13 - [TEST_STEP][PASSED] - click(findTestObject("Object Repository/CheckoutPage/button_Checkout")): Object: 'Object Repository/CheckoutPage/button_Checkout' is clicked on

2023-05-12 17:24:14 - [MESSAGE][PASSED] - Object: 'Object Repository/CheckoutPage/button_Checkout' is clicked on

2023-05-12 17:24:14 - [TEST_STEP][PASSED] - sendKeys(findTestObject("Object Repository/checkout-step-one/input_Checkout Your Information_firstName"), "demo"): Keys 'demo' sent to object: 'Object Repository/checkout-step-one/input_Checkout Your Information_firstName'

2023-05-12 17:24:14 - [MESSAGE][PASSED] - Keys 'demo' sent to object: 'Object Repository/checkout-step-one/input_Checkout Your Information_firstName'

2023-05-12 17:24:14 - [TEST_STEP][PASSED] - sendKeys(findTestObject("Object Repository/checkout-step-one/input_Checkout Your Information_lastName"), "qa test"): Keys 'qa test' sent to object: 'Object Repository/checkout-step-one/input_Checkout Your Information_lastName'

2023-05-12 17:24:15 - [MESSAGE][PASSED] - Keys 'qa test' sent to object: 'Object Repository/checkout-step-one/input_Checkout Your Information_lastName'

2023-05-12 17:24:15 - [TEST_STEP][PASSED] - sendKeys(findTestObject("Object Repository/checkout-step-one/input_Checkout Your Information_postalCode"), "9000"): Keys '9000' sent to object: 'Object Repository/checkout-step-one/input_Checkout Your Information_postalCode'

2023-05-12 17:24:15 - [MESSAGE][PASSED] - Keys '9000' sent to object: 'Object Repository/checkout-step-one/input_Checkout Your Information_postalCode'

2023-05-12 17:24:15 - [TEST_STEP][PASSED] - click(findTestObject("Object Repository/checkout-step-one/input_continue")): Object: 'Object Repository/checkout-step-one/input_continue' is clicked on

2023-05-12 17:24:16 - [MESSAGE][PASSED] - Object: 'Object Repository/checkout-step-one/input_continue' is clicked on

2023-05-12 17:24:16 - [TEST_STEP][PASSED] - click(findTestObject("Object Repository/finish checkout/button_Finish")): Object: 'Object Repository/finish checkout/button_Finish' is clicked on

2023-05-12 17:24:16 - [MESSAGE][PASSED] - Object: 'Object Repository/finish checkout/button_Finish' is clicked on

2023-05-12 17:24:16 - [TEST_STEP][PASSED] - verifyElementVisible(findTestObject("Object Repository/order-success/h2_Thank you for your order")): Object 'Object Repository/order-success/h2_Thank you for your order' is visible

2023-05-12 17:24:17 - [MESSAGE][PASSED] - Object 'Object Repository/order-success/h2_Thank you for your order' is visible

2023-05-12 17:24:17 - [TEST_STEP][PASSED] - click(findTestObject("Object Repository/NavSideBar/sidebar")): Object: 'Object Repository/NavSideBar/sidebar' is clicked on

2023-05-12 17:24:17 - [MESSAGE][PASSED] - Object: 'Object Repository/NavSideBar/sidebar' is clicked on

2023-05-12 17:24:17 - [TEST_STEP][PASSED] - click(findTestObject("Object Repository/NavSideBar/a_Logout")): Object: 'Object Repository/NavSideBar/a_Logout' is clicked on

2023-05-12 17:24:18 - [MESSAGE][PASSED] - Object: 'Object Repository/NavSideBar/a_Logout' is clicked on

2023-05-12 17:24:18 - [TEST_STEP][PASSED] - verifyElementVisible(findTestObject("Object Repository/Page_Swag Labs/input_Swag Labs_user-name")): Object 'Object Repository/Page_Swag Labs/input_Swag Labs_user-name' is visible

2023-05-12 17:24:18 - [MESSAGE][PASSED] - Object 'Object Repository/Page_Swag Labs/input_Swag Labs_user-name' is visible

2023-05-12 17:24:18 - [TEST_STEP][PASSED] - closeBrowser(): Browser is closed

2023-05-12 17:24:19 - [MESSAGE][PASSED] - Browser is closed]]></system-out>
         <system-err><![CDATA[]]></system-err>
      </testcase>
      <testcase name="Test Cases/test-flow-1-buy-1-product" time="11.769" classname="Test Cases/test-flow-1-buy-1-product" status="PASSED">
         <system-out><![CDATA[2023-05-12 17:24:19 - [TEST_CASE][PASSED] - Test Cases/test-flow-1-buy-1-product: Test Cases/test-flow-1-buy-1-product

2023-05-12 17:24:19 - [TEST_STEP][PASSED] - openBrowser("https://www.saucedemo.com/"): Browser is opened with url: 'https://www.saucedemo.com/'

2023-05-12 17:24:19 - [MESSAGE][INFO] - Starting 'Chrome' driver

2023-05-12 17:24:19 - [MESSAGE][INFO] - Action delay is set to 0 milliseconds

2023-05-12 17:24:21 - [MESSAGE][PASSED] - Browser is opened with url: 'https://www.saucedemo.com/'

2023-05-12 17:24:21 - [TEST_STEP][PASSED] - click(findTestObject("Object Repository/Page_Swag Labs/input_Swag Labs_user-name")): Object: 'Object Repository/Page_Swag Labs/input_Swag Labs_user-name' is clicked on

2023-05-12 17:24:21 - [MESSAGE][PASSED] - Object: 'Object Repository/Page_Swag Labs/input_Swag Labs_user-name' is clicked on

2023-05-12 17:24:21 - [TEST_STEP][PASSED] - sendKeys(findTestObject("Object Repository/Page_Swag Labs/input_Swag Labs_user-name"), "standard_user"): Keys 'standard_user' sent to object: 'Object Repository/Page_Swag Labs/input_Swag Labs_user-name'

2023-05-12 17:24:22 - [MESSAGE][PASSED] - Keys 'standard_user' sent to object: 'Object Repository/Page_Swag Labs/input_Swag Labs_user-name'

2023-05-12 17:24:22 - [TEST_STEP][PASSED] - click(findTestObject("Object Repository/Page_Swag Labs/input_Swag Labs_password")): Object: 'Object Repository/Page_Swag Labs/input_Swag Labs_password' is clicked on

2023-05-12 17:24:22 - [MESSAGE][PASSED] - Object: 'Object Repository/Page_Swag Labs/input_Swag Labs_password' is clicked on

2023-05-12 17:24:22 - [TEST_STEP][PASSED] - sendKeys(findTestObject("Object Repository/Page_Swag Labs/input_Swag Labs_password"), "secret_sauce"): Keys 'secret_sauce' sent to object: 'Object Repository/Page_Swag Labs/input_Swag Labs_password'

2023-05-12 17:24:22 - [MESSAGE][PASSED] - Keys 'secret_sauce' sent to object: 'Object Repository/Page_Swag Labs/input_Swag Labs_password'

2023-05-12 17:24:22 - [TEST_STEP][PASSED] - click(findTestObject("Object Repository/Page_Swag Labs/input_Swag Labs_login-button")): Object: 'Object Repository/Page_Swag Labs/input_Swag Labs_login-button' is clicked on

2023-05-12 17:24:23 - [MESSAGE][PASSED] - Object: 'Object Repository/Page_Swag Labs/input_Swag Labs_login-button' is clicked on

2023-05-12 17:24:23 - [TEST_STEP][PASSED] - click(findTestObject("Object Repository/inventoryPage/Backpack")): Object: 'Object Repository/inventoryPage/Backpack' is clicked on

2023-05-12 17:24:23 - [MESSAGE][PASSED] - Object: 'Object Repository/inventoryPage/Backpack' is clicked on

2023-05-12 17:24:23 - [TEST_STEP][PASSED] - click(findTestObject("Object Repository/inventoryPage/button_Add to cart")): Object: 'Object Repository/inventoryPage/button_Add to cart' is clicked on

2023-05-12 17:24:24 - [MESSAGE][PASSED] - Object: 'Object Repository/inventoryPage/button_Add to cart' is clicked on

2023-05-12 17:24:24 - [TEST_STEP][PASSED] - click(findTestObject("Object Repository/inventoryPage/products_back-image")): Object: 'Object Repository/inventoryPage/products_back-image' is clicked on

2023-05-12 17:24:24 - [MESSAGE][PASSED] - Object: 'Object Repository/inventoryPage/products_back-image' is clicked on

2023-05-12 17:24:24 - [TEST_STEP][PASSED] - click(findTestObject("Object Repository/inventoryPage/cart")): Object: 'Object Repository/inventoryPage/cart' is clicked on

2023-05-12 17:24:25 - [MESSAGE][PASSED] - Object: 'Object Repository/inventoryPage/cart' is clicked on

2023-05-12 17:24:25 - [TEST_STEP][PASSED] - click(findTestObject("Object Repository/CheckoutPage/button_Checkout")): Object: 'Object Repository/CheckoutPage/button_Checkout' is clicked on

2023-05-12 17:24:25 - [MESSAGE][PASSED] - Object: 'Object Repository/CheckoutPage/button_Checkout' is clicked on

2023-05-12 17:24:25 - [TEST_STEP][PASSED] - sendKeys(findTestObject("Object Repository/checkout-step-one/input_Checkout Your Information_firstName"), "demo"): Keys 'demo' sent to object: 'Object Repository/checkout-step-one/input_Checkout Your Information_firstName'

2023-05-12 17:24:26 - [MESSAGE][PASSED] - Keys 'demo' sent to object: 'Object Repository/checkout-step-one/input_Checkout Your Information_firstName'

2023-05-12 17:24:26 - [TEST_STEP][PASSED] - sendKeys(findTestObject("Object Repository/checkout-step-one/input_Checkout Your Information_lastName"), "qa test"): Keys 'qa test' sent to object: 'Object Repository/checkout-step-one/input_Checkout Your Information_lastName'

2023-05-12 17:24:26 - [MESSAGE][PASSED] - Keys 'qa test' sent to object: 'Object Repository/checkout-step-one/input_Checkout Your Information_lastName'

2023-05-12 17:24:26 - [TEST_STEP][PASSED] - sendKeys(findTestObject("Object Repository/checkout-step-one/input_Checkout Your Information_postalCode"), "9000"): Keys '9000' sent to object: 'Object Repository/checkout-step-one/input_Checkout Your Information_postalCode'

2023-05-12 17:24:27 - [MESSAGE][PASSED] - Keys '9000' sent to object: 'Object Repository/checkout-step-one/input_Checkout Your Information_postalCode'

2023-05-12 17:24:27 - [TEST_STEP][PASSED] - click(findTestObject("Object Repository/checkout-step-one/input_continue")): Object: 'Object Repository/checkout-step-one/input_continue' is clicked on

2023-05-12 17:24:27 - [MESSAGE][PASSED] - Object: 'Object Repository/checkout-step-one/input_continue' is clicked on

2023-05-12 17:24:27 - [TEST_STEP][PASSED] - click(findTestObject("Object Repository/finish checkout/button_Finish")): Object: 'Object Repository/finish checkout/button_Finish' is clicked on

2023-05-12 17:24:28 - [MESSAGE][PASSED] - Object: 'Object Repository/finish checkout/button_Finish' is clicked on

2023-05-12 17:24:28 - [TEST_STEP][PASSED] - verifyElementVisible(findTestObject("Object Repository/order-success/h2_Thank you for your order")): Object 'Object Repository/order-success/h2_Thank you for your order' is visible

2023-05-12 17:24:28 - [MESSAGE][PASSED] - Object 'Object Repository/order-success/h2_Thank you for your order' is visible

2023-05-12 17:24:28 - [TEST_STEP][PASSED] - click(findTestObject("Object Repository/NavSideBar/sidebar")): Object: 'Object Repository/NavSideBar/sidebar' is clicked on

2023-05-12 17:24:29 - [MESSAGE][PASSED] - Object: 'Object Repository/NavSideBar/sidebar' is clicked on

2023-05-12 17:24:29 - [TEST_STEP][PASSED] - click(findTestObject("Object Repository/NavSideBar/a_Logout")): Object: 'Object Repository/NavSideBar/a_Logout' is clicked on

2023-05-12 17:24:29 - [MESSAGE][PASSED] - Object: 'Object Repository/NavSideBar/a_Logout' is clicked on

2023-05-12 17:24:29 - [TEST_STEP][PASSED] - verifyElementVisible(findTestObject("Object Repository/Page_Swag Labs/input_Swag Labs_user-name")): Object 'Object Repository/Page_Swag Labs/input_Swag Labs_user-name' is visible

2023-05-12 17:24:30 - [MESSAGE][PASSED] - Object 'Object Repository/Page_Swag Labs/input_Swag Labs_user-name' is visible

2023-05-12 17:24:30 - [TEST_STEP][PASSED] - closeBrowser(): Browser is closed

2023-05-12 17:24:31 - [MESSAGE][PASSED] - Browser is closed]]></system-out>
         <system-err><![CDATA[]]></system-err>
      </testcase>
      <testcase name="Test Cases/test-flow-1-buy-1-product" time="11.471" classname="Test Cases/test-flow-1-buy-1-product" status="PASSED">
         <system-out><![CDATA[2023-05-12 17:24:31 - [TEST_CASE][PASSED] - Test Cases/test-flow-1-buy-1-product: Test Cases/test-flow-1-buy-1-product

2023-05-12 17:24:31 - [TEST_STEP][PASSED] - openBrowser("https://www.saucedemo.com/"): Browser is opened with url: 'https://www.saucedemo.com/'

2023-05-12 17:24:31 - [MESSAGE][INFO] - Starting 'Chrome' driver

2023-05-12 17:24:31 - [MESSAGE][INFO] - Action delay is set to 0 milliseconds

2023-05-12 17:24:33 - [MESSAGE][PASSED] - Browser is opened with url: 'https://www.saucedemo.com/'

2023-05-12 17:24:33 - [TEST_STEP][PASSED] - click(findTestObject("Object Repository/Page_Swag Labs/input_Swag Labs_user-name")): Object: 'Object Repository/Page_Swag Labs/input_Swag Labs_user-name' is clicked on

2023-05-12 17:24:33 - [MESSAGE][PASSED] - Object: 'Object Repository/Page_Swag Labs/input_Swag Labs_user-name' is clicked on

2023-05-12 17:24:33 - [TEST_STEP][PASSED] - sendKeys(findTestObject("Object Repository/Page_Swag Labs/input_Swag Labs_user-name"), "standard_user"): Keys 'standard_user' sent to object: 'Object Repository/Page_Swag Labs/input_Swag Labs_user-name'

2023-05-12 17:24:33 - [MESSAGE][PASSED] - Keys 'standard_user' sent to object: 'Object Repository/Page_Swag Labs/input_Swag Labs_user-name'

2023-05-12 17:24:33 - [TEST_STEP][PASSED] - click(findTestObject("Object Repository/Page_Swag Labs/input_Swag Labs_password")): Object: 'Object Repository/Page_Swag Labs/input_Swag Labs_password' is clicked on

2023-05-12 17:24:34 - [MESSAGE][PASSED] - Object: 'Object Repository/Page_Swag Labs/input_Swag Labs_password' is clicked on

2023-05-12 17:24:34 - [TEST_STEP][PASSED] - sendKeys(findTestObject("Object Repository/Page_Swag Labs/input_Swag Labs_password"), "secret_sauce"): Keys 'secret_sauce' sent to object: 'Object Repository/Page_Swag Labs/input_Swag Labs_password'

2023-05-12 17:24:34 - [MESSAGE][PASSED] - Keys 'secret_sauce' sent to object: 'Object Repository/Page_Swag Labs/input_Swag Labs_password'

2023-05-12 17:24:34 - [TEST_STEP][PASSED] - click(findTestObject("Object Repository/Page_Swag Labs/input_Swag Labs_login-button")): Object: 'Object Repository/Page_Swag Labs/input_Swag Labs_login-button' is clicked on

2023-05-12 17:24:34 - [MESSAGE][PASSED] - Object: 'Object Repository/Page_Swag Labs/input_Swag Labs_login-button' is clicked on

2023-05-12 17:24:34 - [TEST_STEP][PASSED] - click(findTestObject("Object Repository/inventoryPage/Backpack")): Object: 'Object Repository/inventoryPage/Backpack' is clicked on

2023-05-12 17:24:35 - [MESSAGE][PASSED] - Object: 'Object Repository/inventoryPage/Backpack' is clicked on

2023-05-12 17:24:35 - [TEST_STEP][PASSED] - click(findTestObject("Object Repository/inventoryPage/button_Add to cart")): Object: 'Object Repository/inventoryPage/button_Add to cart' is clicked on

2023-05-12 17:24:35 - [MESSAGE][PASSED] - Object: 'Object Repository/inventoryPage/button_Add to cart' is clicked on

2023-05-12 17:24:35 - [TEST_STEP][PASSED] - click(findTestObject("Object Repository/inventoryPage/products_back-image")): Object: 'Object Repository/inventoryPage/products_back-image' is clicked on

2023-05-12 17:24:36 - [MESSAGE][PASSED] - Object: 'Object Repository/inventoryPage/products_back-image' is clicked on

2023-05-12 17:24:36 - [TEST_STEP][PASSED] - click(findTestObject("Object Repository/inventoryPage/cart")): Object: 'Object Repository/inventoryPage/cart' is clicked on

2023-05-12 17:24:36 - [MESSAGE][PASSED] - Object: 'Object Repository/inventoryPage/cart' is clicked on

2023-05-12 17:24:36 - [TEST_STEP][PASSED] - click(findTestObject("Object Repository/CheckoutPage/button_Checkout")): Object: 'Object Repository/CheckoutPage/button_Checkout' is clicked on

2023-05-12 17:24:37 - [MESSAGE][PASSED] - Object: 'Object Repository/CheckoutPage/button_Checkout' is clicked on

2023-05-12 17:24:37 - [TEST_STEP][PASSED] - sendKeys(findTestObject("Object Repository/checkout-step-one/input_Checkout Your Information_firstName"), "demo"): Keys 'demo' sent to object: 'Object Repository/checkout-step-one/input_Checkout Your Information_firstName'

2023-05-12 17:24:37 - [MESSAGE][PASSED] - Keys 'demo' sent to object: 'Object Repository/checkout-step-one/input_Checkout Your Information_firstName'

2023-05-12 17:24:37 - [TEST_STEP][PASSED] - sendKeys(findTestObject("Object Repository/checkout-step-one/input_Checkout Your Information_lastName"), "qa test"): Keys 'qa test' sent to object: 'Object Repository/checkout-step-one/input_Checkout Your Information_lastName'

2023-05-12 17:24:38 - [MESSAGE][PASSED] - Keys 'qa test' sent to object: 'Object Repository/checkout-step-one/input_Checkout Your Information_lastName'

2023-05-12 17:24:38 - [TEST_STEP][PASSED] - sendKeys(findTestObject("Object Repository/checkout-step-one/input_Checkout Your Information_postalCode"), "9000"): Keys '9000' sent to object: 'Object Repository/checkout-step-one/input_Checkout Your Information_postalCode'

2023-05-12 17:24:38 - [MESSAGE][PASSED] - Keys '9000' sent to object: 'Object Repository/checkout-step-one/input_Checkout Your Information_postalCode'

2023-05-12 17:24:38 - [TEST_STEP][PASSED] - click(findTestObject("Object Repository/checkout-step-one/input_continue")): Object: 'Object Repository/checkout-step-one/input_continue' is clicked on

2023-05-12 17:24:39 - [MESSAGE][PASSED] - Object: 'Object Repository/checkout-step-one/input_continue' is clicked on

2023-05-12 17:24:39 - [TEST_STEP][PASSED] - click(findTestObject("Object Repository/finish checkout/button_Finish")): Object: 'Object Repository/finish checkout/button_Finish' is clicked on

2023-05-12 17:24:40 - [MESSAGE][PASSED] - Object: 'Object Repository/finish checkout/button_Finish' is clicked on

2023-05-12 17:24:40 - [TEST_STEP][PASSED] - verifyElementVisible(findTestObject("Object Repository/order-success/h2_Thank you for your order")): Object 'Object Repository/order-success/h2_Thank you for your order' is visible

2023-05-12 17:24:40 - [MESSAGE][PASSED] - Object 'Object Repository/order-success/h2_Thank you for your order' is visible

2023-05-12 17:24:40 - [TEST_STEP][PASSED] - click(findTestObject("Object Repository/NavSideBar/sidebar")): Object: 'Object Repository/NavSideBar/sidebar' is clicked on

2023-05-12 17:24:40 - [MESSAGE][PASSED] - Object: 'Object Repository/NavSideBar/sidebar' is clicked on

2023-05-12 17:24:40 - [TEST_STEP][PASSED] - click(findTestObject("Object Repository/NavSideBar/a_Logout")): Object: 'Object Repository/NavSideBar/a_Logout' is clicked on

2023-05-12 17:24:41 - [MESSAGE][PASSED] - Object: 'Object Repository/NavSideBar/a_Logout' is clicked on

2023-05-12 17:24:41 - [TEST_STEP][PASSED] - verifyElementVisible(findTestObject("Object Repository/Page_Swag Labs/input_Swag Labs_user-name")): Object 'Object Repository/Page_Swag Labs/input_Swag Labs_user-name' is visible

2023-05-12 17:24:41 - [MESSAGE][PASSED] - Object 'Object Repository/Page_Swag Labs/input_Swag Labs_user-name' is visible

2023-05-12 17:24:41 - [TEST_STEP][PASSED] - closeBrowser(): Browser is closed

2023-05-12 17:24:42 - [MESSAGE][PASSED] - Browser is closed]]></system-out>
         <system-err><![CDATA[]]></system-err>
      </testcase>
      <testcase name="Test Cases/test-flow-1-buy-1-product" time="11.498" classname="Test Cases/test-flow-1-buy-1-product" status="PASSED">
         <system-out><![CDATA[2023-05-12 17:24:42 - [TEST_CASE][PASSED] - Test Cases/test-flow-1-buy-1-product: Test Cases/test-flow-1-buy-1-product

2023-05-12 17:24:42 - [TEST_STEP][PASSED] - openBrowser("https://www.saucedemo.com/"): Browser is opened with url: 'https://www.saucedemo.com/'

2023-05-12 17:24:42 - [MESSAGE][INFO] - Starting 'Chrome' driver

2023-05-12 17:24:42 - [MESSAGE][INFO] - Action delay is set to 0 milliseconds

2023-05-12 17:24:44 - [MESSAGE][PASSED] - Browser is opened with url: 'https://www.saucedemo.com/'

2023-05-12 17:24:44 - [TEST_STEP][PASSED] - click(findTestObject("Object Repository/Page_Swag Labs/input_Swag Labs_user-name")): Object: 'Object Repository/Page_Swag Labs/input_Swag Labs_user-name' is clicked on

2023-05-12 17:24:45 - [MESSAGE][PASSED] - Object: 'Object Repository/Page_Swag Labs/input_Swag Labs_user-name' is clicked on

2023-05-12 17:24:45 - [TEST_STEP][PASSED] - sendKeys(findTestObject("Object Repository/Page_Swag Labs/input_Swag Labs_user-name"), "standard_user"): Keys 'standard_user' sent to object: 'Object Repository/Page_Swag Labs/input_Swag Labs_user-name'

2023-05-12 17:24:45 - [MESSAGE][PASSED] - Keys 'standard_user' sent to object: 'Object Repository/Page_Swag Labs/input_Swag Labs_user-name'

2023-05-12 17:24:45 - [TEST_STEP][PASSED] - click(findTestObject("Object Repository/Page_Swag Labs/input_Swag Labs_password")): Object: 'Object Repository/Page_Swag Labs/input_Swag Labs_password' is clicked on

2023-05-12 17:24:45 - [MESSAGE][PASSED] - Object: 'Object Repository/Page_Swag Labs/input_Swag Labs_password' is clicked on

2023-05-12 17:24:45 - [TEST_STEP][PASSED] - sendKeys(findTestObject("Object Repository/Page_Swag Labs/input_Swag Labs_password"), "secret_sauce"): Keys 'secret_sauce' sent to object: 'Object Repository/Page_Swag Labs/input_Swag Labs_password'

2023-05-12 17:24:46 - [MESSAGE][PASSED] - Keys 'secret_sauce' sent to object: 'Object Repository/Page_Swag Labs/input_Swag Labs_password'

2023-05-12 17:24:46 - [TEST_STEP][PASSED] - click(findTestObject("Object Repository/Page_Swag Labs/input_Swag Labs_login-button")): Object: 'Object Repository/Page_Swag Labs/input_Swag Labs_login-button' is clicked on

2023-05-12 17:24:46 - [MESSAGE][PASSED] - Object: 'Object Repository/Page_Swag Labs/input_Swag Labs_login-button' is clicked on

2023-05-12 17:24:46 - [TEST_STEP][PASSED] - click(findTestObject("Object Repository/inventoryPage/Backpack")): Object: 'Object Repository/inventoryPage/Backpack' is clicked on

2023-05-12 17:24:47 - [MESSAGE][PASSED] - Object: 'Object Repository/inventoryPage/Backpack' is clicked on

2023-05-12 17:24:47 - [TEST_STEP][PASSED] - click(findTestObject("Object Repository/inventoryPage/button_Add to cart")): Object: 'Object Repository/inventoryPage/button_Add to cart' is clicked on

2023-05-12 17:24:47 - [MESSAGE][PASSED] - Object: 'Object Repository/inventoryPage/button_Add to cart' is clicked on

2023-05-12 17:24:47 - [TEST_STEP][PASSED] - click(findTestObject("Object Repository/inventoryPage/products_back-image")): Object: 'Object Repository/inventoryPage/products_back-image' is clicked on

2023-05-12 17:24:48 - [MESSAGE][PASSED] - Object: 'Object Repository/inventoryPage/products_back-image' is clicked on

2023-05-12 17:24:48 - [TEST_STEP][PASSED] - click(findTestObject("Object Repository/inventoryPage/cart")): Object: 'Object Repository/inventoryPage/cart' is clicked on

2023-05-12 17:24:48 - [MESSAGE][PASSED] - Object: 'Object Repository/inventoryPage/cart' is clicked on

2023-05-12 17:24:48 - [TEST_STEP][PASSED] - click(findTestObject("Object Repository/CheckoutPage/button_Checkout")): Object: 'Object Repository/CheckoutPage/button_Checkout' is clicked on

2023-05-12 17:24:49 - [MESSAGE][PASSED] - Object: 'Object Repository/CheckoutPage/button_Checkout' is clicked on

2023-05-12 17:24:49 - [TEST_STEP][PASSED] - sendKeys(findTestObject("Object Repository/checkout-step-one/input_Checkout Your Information_firstName"), "demo"): Keys 'demo' sent to object: 'Object Repository/checkout-step-one/input_Checkout Your Information_firstName'

2023-05-12 17:24:49 - [MESSAGE][PASSED] - Keys 'demo' sent to object: 'Object Repository/checkout-step-one/input_Checkout Your Information_firstName'

2023-05-12 17:24:49 - [TEST_STEP][PASSED] - sendKeys(findTestObject("Object Repository/checkout-step-one/input_Checkout Your Information_lastName"), "qa test"): Keys 'qa test' sent to object: 'Object Repository/checkout-step-one/input_Checkout Your Information_lastName'

2023-05-12 17:24:50 - [MESSAGE][PASSED] - Keys 'qa test' sent to object: 'Object Repository/checkout-step-one/input_Checkout Your Information_lastName'

2023-05-12 17:24:50 - [TEST_STEP][PASSED] - sendKeys(findTestObject("Object Repository/checkout-step-one/input_Checkout Your Information_postalCode"), "9000"): Keys '9000' sent to object: 'Object Repository/checkout-step-one/input_Checkout Your Information_postalCode'

2023-05-12 17:24:50 - [MESSAGE][PASSED] - Keys '9000' sent to object: 'Object Repository/checkout-step-one/input_Checkout Your Information_postalCode'

2023-05-12 17:24:50 - [TEST_STEP][PASSED] - click(findTestObject("Object Repository/checkout-step-one/input_continue")): Object: 'Object Repository/checkout-step-one/input_continue' is clicked on

2023-05-12 17:24:51 - [MESSAGE][PASSED] - Object: 'Object Repository/checkout-step-one/input_continue' is clicked on

2023-05-12 17:24:51 - [TEST_STEP][PASSED] - click(findTestObject("Object Repository/finish checkout/button_Finish")): Object: 'Object Repository/finish checkout/button_Finish' is clicked on

2023-05-12 17:24:51 - [MESSAGE][PASSED] - Object: 'Object Repository/finish checkout/button_Finish' is clicked on

2023-05-12 17:24:51 - [TEST_STEP][PASSED] - verifyElementVisible(findTestObject("Object Repository/order-success/h2_Thank you for your order")): Object 'Object Repository/order-success/h2_Thank you for your order' is visible

2023-05-12 17:24:51 - [MESSAGE][PASSED] - Object 'Object Repository/order-success/h2_Thank you for your order' is visible

2023-05-12 17:24:51 - [TEST_STEP][PASSED] - click(findTestObject("Object Repository/NavSideBar/sidebar")): Object: 'Object Repository/NavSideBar/sidebar' is clicked on

2023-05-12 17:24:52 - [MESSAGE][PASSED] - Object: 'Object Repository/NavSideBar/sidebar' is clicked on

2023-05-12 17:24:52 - [TEST_STEP][PASSED] - click(findTestObject("Object Repository/NavSideBar/a_Logout")): Object: 'Object Repository/NavSideBar/a_Logout' is clicked on

2023-05-12 17:24:52 - [MESSAGE][PASSED] - Object: 'Object Repository/NavSideBar/a_Logout' is clicked on

2023-05-12 17:24:52 - [TEST_STEP][PASSED] - verifyElementVisible(findTestObject("Object Repository/Page_Swag Labs/input_Swag Labs_user-name")): Object 'Object Repository/Page_Swag Labs/input_Swag Labs_user-name' is visible

2023-05-12 17:24:53 - [MESSAGE][PASSED] - Object 'Object Repository/Page_Swag Labs/input_Swag Labs_user-name' is visible

2023-05-12 17:24:53 - [TEST_STEP][PASSED] - closeBrowser(): Browser is closed

2023-05-12 17:24:54 - [MESSAGE][PASSED] - Browser is closed]]></system-out>
         <system-err><![CDATA[]]></system-err>
      </testcase>
      <testcase name="Test Cases/test-flow-1-buy-1-product" time="11.604" classname="Test Cases/test-flow-1-buy-1-product" status="PASSED">
         <system-out><![CDATA[2023-05-12 17:24:54 - [TEST_CASE][PASSED] - Test Cases/test-flow-1-buy-1-product: Test Cases/test-flow-1-buy-1-product

2023-05-12 17:24:54 - [TEST_STEP][PASSED] - openBrowser("https://www.saucedemo.com/"): Browser is opened with url: 'https://www.saucedemo.com/'

2023-05-12 17:24:54 - [MESSAGE][INFO] - Starting 'Chrome' driver

2023-05-12 17:24:54 - [MESSAGE][INFO] - Action delay is set to 0 milliseconds

2023-05-12 17:24:56 - [MESSAGE][PASSED] - Browser is opened with url: 'https://www.saucedemo.com/'

2023-05-12 17:24:56 - [TEST_STEP][PASSED] - click(findTestObject("Object Repository/Page_Swag Labs/input_Swag Labs_user-name")): Object: 'Object Repository/Page_Swag Labs/input_Swag Labs_user-name' is clicked on

2023-05-12 17:24:56 - [MESSAGE][PASSED] - Object: 'Object Repository/Page_Swag Labs/input_Swag Labs_user-name' is clicked on

2023-05-12 17:24:56 - [TEST_STEP][PASSED] - sendKeys(findTestObject("Object Repository/Page_Swag Labs/input_Swag Labs_user-name"), "standard_user"): Keys 'standard_user' sent to object: 'Object Repository/Page_Swag Labs/input_Swag Labs_user-name'

2023-05-12 17:24:56 - [MESSAGE][PASSED] - Keys 'standard_user' sent to object: 'Object Repository/Page_Swag Labs/input_Swag Labs_user-name'

2023-05-12 17:24:56 - [TEST_STEP][PASSED] - click(findTestObject("Object Repository/Page_Swag Labs/input_Swag Labs_password")): Object: 'Object Repository/Page_Swag Labs/input_Swag Labs_password' is clicked on

2023-05-12 17:24:57 - [MESSAGE][PASSED] - Object: 'Object Repository/Page_Swag Labs/input_Swag Labs_password' is clicked on

2023-05-12 17:24:57 - [TEST_STEP][PASSED] - sendKeys(findTestObject("Object Repository/Page_Swag Labs/input_Swag Labs_password"), "secret_sauce"): Keys 'secret_sauce' sent to object: 'Object Repository/Page_Swag Labs/input_Swag Labs_password'

2023-05-12 17:24:57 - [MESSAGE][PASSED] - Keys 'secret_sauce' sent to object: 'Object Repository/Page_Swag Labs/input_Swag Labs_password'

2023-05-12 17:24:57 - [TEST_STEP][PASSED] - click(findTestObject("Object Repository/Page_Swag Labs/input_Swag Labs_login-button")): Object: 'Object Repository/Page_Swag Labs/input_Swag Labs_login-button' is clicked on

2023-05-12 17:24:57 - [MESSAGE][PASSED] - Object: 'Object Repository/Page_Swag Labs/input_Swag Labs_login-button' is clicked on

2023-05-12 17:24:57 - [TEST_STEP][PASSED] - click(findTestObject("Object Repository/inventoryPage/Backpack")): Object: 'Object Repository/inventoryPage/Backpack' is clicked on

2023-05-12 17:24:58 - [MESSAGE][PASSED] - Object: 'Object Repository/inventoryPage/Backpack' is clicked on

2023-05-12 17:24:58 - [TEST_STEP][PASSED] - click(findTestObject("Object Repository/inventoryPage/button_Add to cart")): Object: 'Object Repository/inventoryPage/button_Add to cart' is clicked on

2023-05-12 17:24:58 - [MESSAGE][PASSED] - Object: 'Object Repository/inventoryPage/button_Add to cart' is clicked on

2023-05-12 17:24:58 - [TEST_STEP][PASSED] - click(findTestObject("Object Repository/inventoryPage/products_back-image")): Object: 'Object Repository/inventoryPage/products_back-image' is clicked on

2023-05-12 17:24:59 - [MESSAGE][PASSED] - Object: 'Object Repository/inventoryPage/products_back-image' is clicked on

2023-05-12 17:24:59 - [TEST_STEP][PASSED] - click(findTestObject("Object Repository/inventoryPage/cart")): Object: 'Object Repository/inventoryPage/cart' is clicked on

2023-05-12 17:24:59 - [MESSAGE][PASSED] - Object: 'Object Repository/inventoryPage/cart' is clicked on

2023-05-12 17:24:59 - [TEST_STEP][PASSED] - click(findTestObject("Object Repository/CheckoutPage/button_Checkout")): Object: 'Object Repository/CheckoutPage/button_Checkout' is clicked on

2023-05-12 17:25:00 - [MESSAGE][PASSED] - Object: 'Object Repository/CheckoutPage/button_Checkout' is clicked on

2023-05-12 17:25:00 - [TEST_STEP][PASSED] - sendKeys(findTestObject("Object Repository/checkout-step-one/input_Checkout Your Information_firstName"), "demo"): Keys 'demo' sent to object: 'Object Repository/checkout-step-one/input_Checkout Your Information_firstName'

2023-05-12 17:25:00 - [MESSAGE][PASSED] - Keys 'demo' sent to object: 'Object Repository/checkout-step-one/input_Checkout Your Information_firstName'

2023-05-12 17:25:00 - [TEST_STEP][PASSED] - sendKeys(findTestObject("Object Repository/checkout-step-one/input_Checkout Your Information_lastName"), "qa test"): Keys 'qa test' sent to object: 'Object Repository/checkout-step-one/input_Checkout Your Information_lastName'

2023-05-12 17:25:01 - [MESSAGE][PASSED] - Keys 'qa test' sent to object: 'Object Repository/checkout-step-one/input_Checkout Your Information_lastName'

2023-05-12 17:25:01 - [TEST_STEP][PASSED] - sendKeys(findTestObject("Object Repository/checkout-step-one/input_Checkout Your Information_postalCode"), "9000"): Keys '9000' sent to object: 'Object Repository/checkout-step-one/input_Checkout Your Information_postalCode'

2023-05-12 17:25:02 - [MESSAGE][PASSED] - Keys '9000' sent to object: 'Object Repository/checkout-step-one/input_Checkout Your Information_postalCode'

2023-05-12 17:25:02 - [TEST_STEP][PASSED] - click(findTestObject("Object Repository/checkout-step-one/input_continue")): Object: 'Object Repository/checkout-step-one/input_continue' is clicked on

2023-05-12 17:25:02 - [MESSAGE][PASSED] - Object: 'Object Repository/checkout-step-one/input_continue' is clicked on

2023-05-12 17:25:02 - [TEST_STEP][PASSED] - click(findTestObject("Object Repository/finish checkout/button_Finish")): Object: 'Object Repository/finish checkout/button_Finish' is clicked on

2023-05-12 17:25:03 - [MESSAGE][PASSED] - Object: 'Object Repository/finish checkout/button_Finish' is clicked on

2023-05-12 17:25:03 - [TEST_STEP][PASSED] - verifyElementVisible(findTestObject("Object Repository/order-success/h2_Thank you for your order")): Object 'Object Repository/order-success/h2_Thank you for your order' is visible

2023-05-12 17:25:03 - [MESSAGE][PASSED] - Object 'Object Repository/order-success/h2_Thank you for your order' is visible

2023-05-12 17:25:03 - [TEST_STEP][PASSED] - click(findTestObject("Object Repository/NavSideBar/sidebar")): Object: 'Object Repository/NavSideBar/sidebar' is clicked on

2023-05-12 17:25:03 - [MESSAGE][PASSED] - Object: 'Object Repository/NavSideBar/sidebar' is clicked on

2023-05-12 17:25:03 - [TEST_STEP][PASSED] - click(findTestObject("Object Repository/NavSideBar/a_Logout")): Object: 'Object Repository/NavSideBar/a_Logout' is clicked on

2023-05-12 17:25:04 - [MESSAGE][PASSED] - Object: 'Object Repository/NavSideBar/a_Logout' is clicked on

2023-05-12 17:25:04 - [TEST_STEP][PASSED] - verifyElementVisible(findTestObject("Object Repository/Page_Swag Labs/input_Swag Labs_user-name")): Object 'Object Repository/Page_Swag Labs/input_Swag Labs_user-name' is visible

2023-05-12 17:25:04 - [MESSAGE][PASSED] - Object 'Object Repository/Page_Swag Labs/input_Swag Labs_user-name' is visible

2023-05-12 17:25:04 - [TEST_STEP][PASSED] - closeBrowser(): Browser is closed

2023-05-12 17:25:05 - [MESSAGE][PASSED] - Browser is closed]]></system-out>
         <system-err><![CDATA[]]></system-err>
      </testcase>
      <testcase name="Test Cases/test-flow-1-buy-1-product" time="11.749" classname="Test Cases/test-flow-1-buy-1-product" status="PASSED">
         <system-out><![CDATA[2023-05-12 17:25:05 - [TEST_CASE][PASSED] - Test Cases/test-flow-1-buy-1-product: Test Cases/test-flow-1-buy-1-product

2023-05-12 17:25:05 - [TEST_STEP][PASSED] - openBrowser("https://www.saucedemo.com/"): Browser is opened with url: 'https://www.saucedemo.com/'

2023-05-12 17:25:05 - [MESSAGE][INFO] - Starting 'Chrome' driver

2023-05-12 17:25:05 - [MESSAGE][INFO] - Action delay is set to 0 milliseconds

2023-05-12 17:25:07 - [MESSAGE][PASSED] - Browser is opened with url: 'https://www.saucedemo.com/'

2023-05-12 17:25:07 - [TEST_STEP][PASSED] - click(findTestObject("Object Repository/Page_Swag Labs/input_Swag Labs_user-name")): Object: 'Object Repository/Page_Swag Labs/input_Swag Labs_user-name' is clicked on

2023-05-12 17:25:08 - [MESSAGE][PASSED] - Object: 'Object Repository/Page_Swag Labs/input_Swag Labs_user-name' is clicked on

2023-05-12 17:25:08 - [TEST_STEP][PASSED] - sendKeys(findTestObject("Object Repository/Page_Swag Labs/input_Swag Labs_user-name"), "standard_user"): Keys 'standard_user' sent to object: 'Object Repository/Page_Swag Labs/input_Swag Labs_user-name'

2023-05-12 17:25:08 - [MESSAGE][PASSED] - Keys 'standard_user' sent to object: 'Object Repository/Page_Swag Labs/input_Swag Labs_user-name'

2023-05-12 17:25:08 - [TEST_STEP][PASSED] - click(findTestObject("Object Repository/Page_Swag Labs/input_Swag Labs_password")): Object: 'Object Repository/Page_Swag Labs/input_Swag Labs_password' is clicked on

2023-05-12 17:25:08 - [MESSAGE][PASSED] - Object: 'Object Repository/Page_Swag Labs/input_Swag Labs_password' is clicked on

2023-05-12 17:25:08 - [TEST_STEP][PASSED] - sendKeys(findTestObject("Object Repository/Page_Swag Labs/input_Swag Labs_password"), "secret_sauce"): Keys 'secret_sauce' sent to object: 'Object Repository/Page_Swag Labs/input_Swag Labs_password'

2023-05-12 17:25:09 - [MESSAGE][PASSED] - Keys 'secret_sauce' sent to object: 'Object Repository/Page_Swag Labs/input_Swag Labs_password'

2023-05-12 17:25:09 - [TEST_STEP][PASSED] - click(findTestObject("Object Repository/Page_Swag Labs/input_Swag Labs_login-button")): Object: 'Object Repository/Page_Swag Labs/input_Swag Labs_login-button' is clicked on

2023-05-12 17:25:09 - [MESSAGE][PASSED] - Object: 'Object Repository/Page_Swag Labs/input_Swag Labs_login-button' is clicked on

2023-05-12 17:25:09 - [TEST_STEP][PASSED] - click(findTestObject("Object Repository/inventoryPage/Backpack")): Object: 'Object Repository/inventoryPage/Backpack' is clicked on

2023-05-12 17:25:10 - [MESSAGE][PASSED] - Object: 'Object Repository/inventoryPage/Backpack' is clicked on

2023-05-12 17:25:10 - [TEST_STEP][PASSED] - click(findTestObject("Object Repository/inventoryPage/button_Add to cart")): Object: 'Object Repository/inventoryPage/button_Add to cart' is clicked on

2023-05-12 17:25:10 - [MESSAGE][PASSED] - Object: 'Object Repository/inventoryPage/button_Add to cart' is clicked on

2023-05-12 17:25:10 - [TEST_STEP][PASSED] - click(findTestObject("Object Repository/inventoryPage/products_back-image")): Object: 'Object Repository/inventoryPage/products_back-image' is clicked on

2023-05-12 17:25:11 - [MESSAGE][PASSED] - Object: 'Object Repository/inventoryPage/products_back-image' is clicked on

2023-05-12 17:25:11 - [TEST_STEP][PASSED] - click(findTestObject("Object Repository/inventoryPage/cart")): Object: 'Object Repository/inventoryPage/cart' is clicked on

2023-05-12 17:25:11 - [MESSAGE][PASSED] - Object: 'Object Repository/inventoryPage/cart' is clicked on

2023-05-12 17:25:11 - [TEST_STEP][PASSED] - click(findTestObject("Object Repository/CheckoutPage/button_Checkout")): Object: 'Object Repository/CheckoutPage/button_Checkout' is clicked on

2023-05-12 17:25:11 - [MESSAGE][PASSED] - Object: 'Object Repository/CheckoutPage/button_Checkout' is clicked on

2023-05-12 17:25:11 - [TEST_STEP][PASSED] - sendKeys(findTestObject("Object Repository/checkout-step-one/input_Checkout Your Information_firstName"), "demo"): Keys 'demo' sent to object: 'Object Repository/checkout-step-one/input_Checkout Your Information_firstName'

2023-05-12 17:25:12 - [MESSAGE][PASSED] - Keys 'demo' sent to object: 'Object Repository/checkout-step-one/input_Checkout Your Information_firstName'

2023-05-12 17:25:12 - [TEST_STEP][PASSED] - sendKeys(findTestObject("Object Repository/checkout-step-one/input_Checkout Your Information_lastName"), "qa test"): Keys 'qa test' sent to object: 'Object Repository/checkout-step-one/input_Checkout Your Information_lastName'

2023-05-12 17:25:13 - [MESSAGE][PASSED] - Keys 'qa test' sent to object: 'Object Repository/checkout-step-one/input_Checkout Your Information_lastName'

2023-05-12 17:25:13 - [TEST_STEP][PASSED] - sendKeys(findTestObject("Object Repository/checkout-step-one/input_Checkout Your Information_postalCode"), "9000"): Keys '9000' sent to object: 'Object Repository/checkout-step-one/input_Checkout Your Information_postalCode'

2023-05-12 17:25:13 - [MESSAGE][PASSED] - Keys '9000' sent to object: 'Object Repository/checkout-step-one/input_Checkout Your Information_postalCode'

2023-05-12 17:25:13 - [TEST_STEP][PASSED] - click(findTestObject("Object Repository/checkout-step-one/input_continue")): Object: 'Object Repository/checkout-step-one/input_continue' is clicked on

2023-05-12 17:25:14 - [MESSAGE][PASSED] - Object: 'Object Repository/checkout-step-one/input_continue' is clicked on

2023-05-12 17:25:14 - [TEST_STEP][PASSED] - click(findTestObject("Object Repository/finish checkout/button_Finish")): Object: 'Object Repository/finish checkout/button_Finish' is clicked on

2023-05-12 17:25:14 - [MESSAGE][PASSED] - Object: 'Object Repository/finish checkout/button_Finish' is clicked on

2023-05-12 17:25:14 - [TEST_STEP][PASSED] - verifyElementVisible(findTestObject("Object Repository/order-success/h2_Thank you for your order")): Object 'Object Repository/order-success/h2_Thank you for your order' is visible

2023-05-12 17:25:15 - [MESSAGE][PASSED] - Object 'Object Repository/order-success/h2_Thank you for your order' is visible

2023-05-12 17:25:15 - [TEST_STEP][PASSED] - click(findTestObject("Object Repository/NavSideBar/sidebar")): Object: 'Object Repository/NavSideBar/sidebar' is clicked on

2023-05-12 17:25:15 - [MESSAGE][PASSED] - Object: 'Object Repository/NavSideBar/sidebar' is clicked on

2023-05-12 17:25:15 - [TEST_STEP][PASSED] - click(findTestObject("Object Repository/NavSideBar/a_Logout")): Object: 'Object Repository/NavSideBar/a_Logout' is clicked on

2023-05-12 17:25:16 - [MESSAGE][PASSED] - Object: 'Object Repository/NavSideBar/a_Logout' is clicked on

2023-05-12 17:25:16 - [TEST_STEP][PASSED] - verifyElementVisible(findTestObject("Object Repository/Page_Swag Labs/input_Swag Labs_user-name")): Object 'Object Repository/Page_Swag Labs/input_Swag Labs_user-name' is visible

2023-05-12 17:25:16 - [MESSAGE][PASSED] - Object 'Object Repository/Page_Swag Labs/input_Swag Labs_user-name' is visible

2023-05-12 17:25:16 - [TEST_STEP][PASSED] - closeBrowser(): Browser is closed

2023-05-12 17:25:17 - [MESSAGE][PASSED] - Browser is closed]]></system-out>
         <system-err><![CDATA[]]></system-err>
      </testcase>
      <testcase name="Test Cases/test-flow-1-buy-1-product" time="11.755" classname="Test Cases/test-flow-1-buy-1-product" status="PASSED">
         <system-out><![CDATA[2023-05-12 17:25:17 - [TEST_CASE][PASSED] - Test Cases/test-flow-1-buy-1-product: Test Cases/test-flow-1-buy-1-product

2023-05-12 17:25:17 - [TEST_STEP][PASSED] - openBrowser("https://www.saucedemo.com/"): Browser is opened with url: 'https://www.saucedemo.com/'

2023-05-12 17:25:17 - [MESSAGE][INFO] - Starting 'Chrome' driver

2023-05-12 17:25:17 - [MESSAGE][INFO] - Action delay is set to 0 milliseconds

2023-05-12 17:25:19 - [MESSAGE][PASSED] - Browser is opened with url: 'https://www.saucedemo.com/'

2023-05-12 17:25:19 - [TEST_STEP][PASSED] - click(findTestObject("Object Repository/Page_Swag Labs/input_Swag Labs_user-name")): Object: 'Object Repository/Page_Swag Labs/input_Swag Labs_user-name' is clicked on

2023-05-12 17:25:20 - [MESSAGE][PASSED] - Object: 'Object Repository/Page_Swag Labs/input_Swag Labs_user-name' is clicked on

2023-05-12 17:25:20 - [TEST_STEP][PASSED] - sendKeys(findTestObject("Object Repository/Page_Swag Labs/input_Swag Labs_user-name"), "standard_user"): Keys 'standard_user' sent to object: 'Object Repository/Page_Swag Labs/input_Swag Labs_user-name'

2023-05-12 17:25:20 - [MESSAGE][PASSED] - Keys 'standard_user' sent to object: 'Object Repository/Page_Swag Labs/input_Swag Labs_user-name'

2023-05-12 17:25:20 - [TEST_STEP][PASSED] - click(findTestObject("Object Repository/Page_Swag Labs/input_Swag Labs_password")): Object: 'Object Repository/Page_Swag Labs/input_Swag Labs_password' is clicked on

2023-05-12 17:25:20 - [MESSAGE][PASSED] - Object: 'Object Repository/Page_Swag Labs/input_Swag Labs_password' is clicked on

2023-05-12 17:25:20 - [TEST_STEP][PASSED] - sendKeys(findTestObject("Object Repository/Page_Swag Labs/input_Swag Labs_password"), "secret_sauce"): Keys 'secret_sauce' sent to object: 'Object Repository/Page_Swag Labs/input_Swag Labs_password'

2023-05-12 17:25:21 - [MESSAGE][PASSED] - Keys 'secret_sauce' sent to object: 'Object Repository/Page_Swag Labs/input_Swag Labs_password'

2023-05-12 17:25:21 - [TEST_STEP][PASSED] - click(findTestObject("Object Repository/Page_Swag Labs/input_Swag Labs_login-button")): Object: 'Object Repository/Page_Swag Labs/input_Swag Labs_login-button' is clicked on

2023-05-12 17:25:21 - [MESSAGE][PASSED] - Object: 'Object Repository/Page_Swag Labs/input_Swag Labs_login-button' is clicked on

2023-05-12 17:25:21 - [TEST_STEP][PASSED] - click(findTestObject("Object Repository/inventoryPage/Backpack")): Object: 'Object Repository/inventoryPage/Backpack' is clicked on

2023-05-12 17:25:21 - [MESSAGE][PASSED] - Object: 'Object Repository/inventoryPage/Backpack' is clicked on

2023-05-12 17:25:21 - [TEST_STEP][PASSED] - click(findTestObject("Object Repository/inventoryPage/button_Add to cart")): Object: 'Object Repository/inventoryPage/button_Add to cart' is clicked on

2023-05-12 17:25:22 - [MESSAGE][PASSED] - Object: 'Object Repository/inventoryPage/button_Add to cart' is clicked on

2023-05-12 17:25:22 - [TEST_STEP][PASSED] - click(findTestObject("Object Repository/inventoryPage/products_back-image")): Object: 'Object Repository/inventoryPage/products_back-image' is clicked on

2023-05-12 17:25:22 - [MESSAGE][PASSED] - Object: 'Object Repository/inventoryPage/products_back-image' is clicked on

2023-05-12 17:25:22 - [TEST_STEP][PASSED] - click(findTestObject("Object Repository/inventoryPage/cart")): Object: 'Object Repository/inventoryPage/cart' is clicked on

2023-05-12 17:25:23 - [MESSAGE][PASSED] - Object: 'Object Repository/inventoryPage/cart' is clicked on

2023-05-12 17:25:23 - [TEST_STEP][PASSED] - click(findTestObject("Object Repository/CheckoutPage/button_Checkout")): Object: 'Object Repository/CheckoutPage/button_Checkout' is clicked on

2023-05-12 17:25:23 - [MESSAGE][PASSED] - Object: 'Object Repository/CheckoutPage/button_Checkout' is clicked on

2023-05-12 17:25:23 - [TEST_STEP][PASSED] - sendKeys(findTestObject("Object Repository/checkout-step-one/input_Checkout Your Information_firstName"), "demo"): Keys 'demo' sent to object: 'Object Repository/checkout-step-one/input_Checkout Your Information_firstName'

2023-05-12 17:25:24 - [MESSAGE][PASSED] - Keys 'demo' sent to object: 'Object Repository/checkout-step-one/input_Checkout Your Information_firstName'

2023-05-12 17:25:24 - [TEST_STEP][PASSED] - sendKeys(findTestObject("Object Repository/checkout-step-one/input_Checkout Your Information_lastName"), "qa test"): Keys 'qa test' sent to object: 'Object Repository/checkout-step-one/input_Checkout Your Information_lastName'

2023-05-12 17:25:25 - [MESSAGE][PASSED] - Keys 'qa test' sent to object: 'Object Repository/checkout-step-one/input_Checkout Your Information_lastName'

2023-05-12 17:25:25 - [TEST_STEP][PASSED] - sendKeys(findTestObject("Object Repository/checkout-step-one/input_Checkout Your Information_postalCode"), "9000"): Keys '9000' sent to object: 'Object Repository/checkout-step-one/input_Checkout Your Information_postalCode'

2023-05-12 17:25:25 - [MESSAGE][PASSED] - Keys '9000' sent to object: 'Object Repository/checkout-step-one/input_Checkout Your Information_postalCode'

2023-05-12 17:25:25 - [TEST_STEP][PASSED] - click(findTestObject("Object Repository/checkout-step-one/input_continue")): Object: 'Object Repository/checkout-step-one/input_continue' is clicked on

2023-05-12 17:25:26 - [MESSAGE][PASSED] - Object: 'Object Repository/checkout-step-one/input_continue' is clicked on

2023-05-12 17:25:26 - [TEST_STEP][PASSED] - click(findTestObject("Object Repository/finish checkout/button_Finish")): Object: 'Object Repository/finish checkout/button_Finish' is clicked on

2023-05-12 17:25:26 - [MESSAGE][PASSED] - Object: 'Object Repository/finish checkout/button_Finish' is clicked on

2023-05-12 17:25:26 - [TEST_STEP][PASSED] - verifyElementVisible(findTestObject("Object Repository/order-success/h2_Thank you for your order")): Object 'Object Repository/order-success/h2_Thank you for your order' is visible

2023-05-12 17:25:27 - [MESSAGE][PASSED] - Object 'Object Repository/order-success/h2_Thank you for your order' is visible

2023-05-12 17:25:27 - [TEST_STEP][PASSED] - click(findTestObject("Object Repository/NavSideBar/sidebar")): Object: 'Object Repository/NavSideBar/sidebar' is clicked on

2023-05-12 17:25:27 - [MESSAGE][PASSED] - Object: 'Object Repository/NavSideBar/sidebar' is clicked on

2023-05-12 17:25:27 - [TEST_STEP][PASSED] - click(findTestObject("Object Repository/NavSideBar/a_Logout")): Object: 'Object Repository/NavSideBar/a_Logout' is clicked on

2023-05-12 17:25:27 - [MESSAGE][PASSED] - Object: 'Object Repository/NavSideBar/a_Logout' is clicked on

2023-05-12 17:25:27 - [TEST_STEP][PASSED] - verifyElementVisible(findTestObject("Object Repository/Page_Swag Labs/input_Swag Labs_user-name")): Object 'Object Repository/Page_Swag Labs/input_Swag Labs_user-name' is visible

2023-05-12 17:25:28 - [MESSAGE][PASSED] - Object 'Object Repository/Page_Swag Labs/input_Swag Labs_user-name' is visible

2023-05-12 17:25:28 - [TEST_STEP][PASSED] - closeBrowser(): Browser is closed

2023-05-12 17:25:29 - [MESSAGE][PASSED] - Browser is closed]]></system-out>
         <system-err><![CDATA[]]></system-err>
      </testcase>
      <testcase name="Test Cases/test-flow-1-buy-1-product" time="12.211" classname="Test Cases/test-flow-1-buy-1-product" status="PASSED">
         <system-out><![CDATA[2023-05-12 17:25:29 - [TEST_CASE][PASSED] - Test Cases/test-flow-1-buy-1-product: Test Cases/test-flow-1-buy-1-product

2023-05-12 17:25:29 - [TEST_STEP][PASSED] - openBrowser("https://www.saucedemo.com/"): Browser is opened with url: 'https://www.saucedemo.com/'

2023-05-12 17:25:29 - [MESSAGE][INFO] - Starting 'Chrome' driver

2023-05-12 17:25:29 - [MESSAGE][INFO] - Action delay is set to 0 milliseconds

2023-05-12 17:25:31 - [MESSAGE][PASSED] - Browser is opened with url: 'https://www.saucedemo.com/'

2023-05-12 17:25:31 - [TEST_STEP][PASSED] - click(findTestObject("Object Repository/Page_Swag Labs/input_Swag Labs_user-name")): Object: 'Object Repository/Page_Swag Labs/input_Swag Labs_user-name' is clicked on

2023-05-12 17:25:31 - [MESSAGE][PASSED] - Object: 'Object Repository/Page_Swag Labs/input_Swag Labs_user-name' is clicked on

2023-05-12 17:25:31 - [TEST_STEP][PASSED] - sendKeys(findTestObject("Object Repository/Page_Swag Labs/input_Swag Labs_user-name"), "standard_user"): Keys 'standard_user' sent to object: 'Object Repository/Page_Swag Labs/input_Swag Labs_user-name'

2023-05-12 17:25:31 - [MESSAGE][PASSED] - Keys 'standard_user' sent to object: 'Object Repository/Page_Swag Labs/input_Swag Labs_user-name'

2023-05-12 17:25:31 - [TEST_STEP][PASSED] - click(findTestObject("Object Repository/Page_Swag Labs/input_Swag Labs_password")): Object: 'Object Repository/Page_Swag Labs/input_Swag Labs_password' is clicked on

2023-05-12 17:25:32 - [MESSAGE][PASSED] - Object: 'Object Repository/Page_Swag Labs/input_Swag Labs_password' is clicked on

2023-05-12 17:25:32 - [TEST_STEP][PASSED] - sendKeys(findTestObject("Object Repository/Page_Swag Labs/input_Swag Labs_password"), "secret_sauce"): Keys 'secret_sauce' sent to object: 'Object Repository/Page_Swag Labs/input_Swag Labs_password'

2023-05-12 17:25:32 - [MESSAGE][PASSED] - Keys 'secret_sauce' sent to object: 'Object Repository/Page_Swag Labs/input_Swag Labs_password'

2023-05-12 17:25:32 - [TEST_STEP][PASSED] - click(findTestObject("Object Repository/Page_Swag Labs/input_Swag Labs_login-button")): Object: 'Object Repository/Page_Swag Labs/input_Swag Labs_login-button' is clicked on

2023-05-12 17:25:33 - [MESSAGE][PASSED] - Object: 'Object Repository/Page_Swag Labs/input_Swag Labs_login-button' is clicked on

2023-05-12 17:25:33 - [TEST_STEP][PASSED] - click(findTestObject("Object Repository/inventoryPage/Backpack")): Object: 'Object Repository/inventoryPage/Backpack' is clicked on

2023-05-12 17:25:33 - [MESSAGE][PASSED] - Object: 'Object Repository/inventoryPage/Backpack' is clicked on

2023-05-12 17:25:33 - [TEST_STEP][PASSED] - click(findTestObject("Object Repository/inventoryPage/button_Add to cart")): Object: 'Object Repository/inventoryPage/button_Add to cart' is clicked on

2023-05-12 17:25:34 - [MESSAGE][PASSED] - Object: 'Object Repository/inventoryPage/button_Add to cart' is clicked on

2023-05-12 17:25:34 - [TEST_STEP][PASSED] - click(findTestObject("Object Repository/inventoryPage/products_back-image")): Object: 'Object Repository/inventoryPage/products_back-image' is clicked on

2023-05-12 17:25:34 - [MESSAGE][PASSED] - Object: 'Object Repository/inventoryPage/products_back-image' is clicked on

2023-05-12 17:25:34 - [TEST_STEP][PASSED] - click(findTestObject("Object Repository/inventoryPage/cart")): Object: 'Object Repository/inventoryPage/cart' is clicked on

2023-05-12 17:25:35 - [MESSAGE][PASSED] - Object: 'Object Repository/inventoryPage/cart' is clicked on

2023-05-12 17:25:35 - [TEST_STEP][PASSED] - click(findTestObject("Object Repository/CheckoutPage/button_Checkout")): Object: 'Object Repository/CheckoutPage/button_Checkout' is clicked on

2023-05-12 17:25:35 - [MESSAGE][PASSED] - Object: 'Object Repository/CheckoutPage/button_Checkout' is clicked on

2023-05-12 17:25:35 - [TEST_STEP][PASSED] - sendKeys(findTestObject("Object Repository/checkout-step-one/input_Checkout Your Information_firstName"), "demo"): Keys 'demo' sent to object: 'Object Repository/checkout-step-one/input_Checkout Your Information_firstName'

2023-05-12 17:25:36 - [MESSAGE][PASSED] - Keys 'demo' sent to object: 'Object Repository/checkout-step-one/input_Checkout Your Information_firstName'

2023-05-12 17:25:36 - [TEST_STEP][PASSED] - sendKeys(findTestObject("Object Repository/checkout-step-one/input_Checkout Your Information_lastName"), "qa test"): Keys 'qa test' sent to object: 'Object Repository/checkout-step-one/input_Checkout Your Information_lastName'

2023-05-12 17:25:36 - [MESSAGE][PASSED] - Keys 'qa test' sent to object: 'Object Repository/checkout-step-one/input_Checkout Your Information_lastName'

2023-05-12 17:25:36 - [TEST_STEP][PASSED] - sendKeys(findTestObject("Object Repository/checkout-step-one/input_Checkout Your Information_postalCode"), "9000"): Keys '9000' sent to object: 'Object Repository/checkout-step-one/input_Checkout Your Information_postalCode'

2023-05-12 17:25:37 - [MESSAGE][PASSED] - Keys '9000' sent to object: 'Object Repository/checkout-step-one/input_Checkout Your Information_postalCode'

2023-05-12 17:25:37 - [TEST_STEP][PASSED] - click(findTestObject("Object Repository/checkout-step-one/input_continue")): Object: 'Object Repository/checkout-step-one/input_continue' is clicked on

2023-05-12 17:25:37 - [MESSAGE][PASSED] - Object: 'Object Repository/checkout-step-one/input_continue' is clicked on

2023-05-12 17:25:37 - [TEST_STEP][PASSED] - click(findTestObject("Object Repository/finish checkout/button_Finish")): Object: 'Object Repository/finish checkout/button_Finish' is clicked on

2023-05-12 17:25:38 - [MESSAGE][PASSED] - Object: 'Object Repository/finish checkout/button_Finish' is clicked on

2023-05-12 17:25:38 - [TEST_STEP][PASSED] - verifyElementVisible(findTestObject("Object Repository/order-success/h2_Thank you for your order")): Object 'Object Repository/order-success/h2_Thank you for your order' is visible

2023-05-12 17:25:38 - [MESSAGE][PASSED] - Object 'Object Repository/order-success/h2_Thank you for your order' is visible

2023-05-12 17:25:39 - [TEST_STEP][PASSED] - click(findTestObject("Object Repository/NavSideBar/sidebar")): Object: 'Object Repository/NavSideBar/sidebar' is clicked on

2023-05-12 17:25:39 - [MESSAGE][PASSED] - Object: 'Object Repository/NavSideBar/sidebar' is clicked on

2023-05-12 17:25:39 - [TEST_STEP][PASSED] - click(findTestObject("Object Repository/NavSideBar/a_Logout")): Object: 'Object Repository/NavSideBar/a_Logout' is clicked on

2023-05-12 17:25:39 - [MESSAGE][PASSED] - Object: 'Object Repository/NavSideBar/a_Logout' is clicked on

2023-05-12 17:25:39 - [TEST_STEP][PASSED] - verifyElementVisible(findTestObject("Object Repository/Page_Swag Labs/input_Swag Labs_user-name")): Object 'Object Repository/Page_Swag Labs/input_Swag Labs_user-name' is visible

2023-05-12 17:25:40 - [MESSAGE][PASSED] - Object 'Object Repository/Page_Swag Labs/input_Swag Labs_user-name' is visible

2023-05-12 17:25:40 - [TEST_STEP][PASSED] - closeBrowser(): Browser is closed

2023-05-12 17:25:41 - [MESSAGE][PASSED] - Browser is closed]]></system-out>
         <system-err><![CDATA[]]></system-err>
      </testcase>
      <testcase name="Test Cases/test-flow-1-buy-1-product" time="12.851" classname="Test Cases/test-flow-1-buy-1-product" status="PASSED">
         <system-out><![CDATA[2023-05-12 17:25:41 - [TEST_CASE][PASSED] - Test Cases/test-flow-1-buy-1-product: Test Cases/test-flow-1-buy-1-product

2023-05-12 17:25:41 - [TEST_STEP][PASSED] - openBrowser("https://www.saucedemo.com/"): Browser is opened with url: 'https://www.saucedemo.com/'

2023-05-12 17:25:41 - [MESSAGE][INFO] - Starting 'Chrome' driver

2023-05-12 17:25:41 - [MESSAGE][INFO] - Action delay is set to 0 milliseconds

2023-05-12 17:25:43 - [MESSAGE][PASSED] - Browser is opened with url: 'https://www.saucedemo.com/'

2023-05-12 17:25:43 - [TEST_STEP][PASSED] - click(findTestObject("Object Repository/Page_Swag Labs/input_Swag Labs_user-name")): Object: 'Object Repository/Page_Swag Labs/input_Swag Labs_user-name' is clicked on

2023-05-12 17:25:44 - [MESSAGE][PASSED] - Object: 'Object Repository/Page_Swag Labs/input_Swag Labs_user-name' is clicked on

2023-05-12 17:25:44 - [TEST_STEP][PASSED] - sendKeys(findTestObject("Object Repository/Page_Swag Labs/input_Swag Labs_user-name"), "standard_user"): Keys 'standard_user' sent to object: 'Object Repository/Page_Swag Labs/input_Swag Labs_user-name'

2023-05-12 17:25:44 - [MESSAGE][PASSED] - Keys 'standard_user' sent to object: 'Object Repository/Page_Swag Labs/input_Swag Labs_user-name'

2023-05-12 17:25:44 - [TEST_STEP][PASSED] - click(findTestObject("Object Repository/Page_Swag Labs/input_Swag Labs_password")): Object: 'Object Repository/Page_Swag Labs/input_Swag Labs_password' is clicked on

2023-05-12 17:25:44 - [MESSAGE][PASSED] - Object: 'Object Repository/Page_Swag Labs/input_Swag Labs_password' is clicked on

2023-05-12 17:25:44 - [TEST_STEP][PASSED] - sendKeys(findTestObject("Object Repository/Page_Swag Labs/input_Swag Labs_password"), "secret_sauce"): Keys 'secret_sauce' sent to object: 'Object Repository/Page_Swag Labs/input_Swag Labs_password'

2023-05-12 17:25:45 - [MESSAGE][PASSED] - Keys 'secret_sauce' sent to object: 'Object Repository/Page_Swag Labs/input_Swag Labs_password'

2023-05-12 17:25:45 - [TEST_STEP][PASSED] - click(findTestObject("Object Repository/Page_Swag Labs/input_Swag Labs_login-button")): Object: 'Object Repository/Page_Swag Labs/input_Swag Labs_login-button' is clicked on

2023-05-12 17:25:45 - [MESSAGE][PASSED] - Object: 'Object Repository/Page_Swag Labs/input_Swag Labs_login-button' is clicked on

2023-05-12 17:25:45 - [TEST_STEP][PASSED] - click(findTestObject("Object Repository/inventoryPage/Backpack")): Object: 'Object Repository/inventoryPage/Backpack' is clicked on

2023-05-12 17:25:46 - [MESSAGE][PASSED] - Object: 'Object Repository/inventoryPage/Backpack' is clicked on

2023-05-12 17:25:46 - [TEST_STEP][PASSED] - click(findTestObject("Object Repository/inventoryPage/button_Add to cart")): Object: 'Object Repository/inventoryPage/button_Add to cart' is clicked on

2023-05-12 17:25:46 - [MESSAGE][PASSED] - Object: 'Object Repository/inventoryPage/button_Add to cart' is clicked on

2023-05-12 17:25:46 - [TEST_STEP][PASSED] - click(findTestObject("Object Repository/inventoryPage/products_back-image")): Object: 'Object Repository/inventoryPage/products_back-image' is clicked on

2023-05-12 17:25:47 - [MESSAGE][PASSED] - Object: 'Object Repository/inventoryPage/products_back-image' is clicked on

2023-05-12 17:25:47 - [TEST_STEP][PASSED] - click(findTestObject("Object Repository/inventoryPage/cart")): Object: 'Object Repository/inventoryPage/cart' is clicked on

2023-05-12 17:25:47 - [MESSAGE][PASSED] - Object: 'Object Repository/inventoryPage/cart' is clicked on

2023-05-12 17:25:47 - [TEST_STEP][PASSED] - click(findTestObject("Object Repository/CheckoutPage/button_Checkout")): Object: 'Object Repository/CheckoutPage/button_Checkout' is clicked on

2023-05-12 17:25:48 - [MESSAGE][PASSED] - Object: 'Object Repository/CheckoutPage/button_Checkout' is clicked on

2023-05-12 17:25:48 - [TEST_STEP][PASSED] - sendKeys(findTestObject("Object Repository/checkout-step-one/input_Checkout Your Information_firstName"), "demo"): Keys 'demo' sent to object: 'Object Repository/checkout-step-one/input_Checkout Your Information_firstName'

2023-05-12 17:25:48 - [MESSAGE][PASSED] - Keys 'demo' sent to object: 'Object Repository/checkout-step-one/input_Checkout Your Information_firstName'

2023-05-12 17:25:48 - [TEST_STEP][PASSED] - sendKeys(findTestObject("Object Repository/checkout-step-one/input_Checkout Your Information_lastName"), "qa test"): Keys 'qa test' sent to object: 'Object Repository/checkout-step-one/input_Checkout Your Information_lastName'

2023-05-12 17:25:49 - [MESSAGE][PASSED] - Keys 'qa test' sent to object: 'Object Repository/checkout-step-one/input_Checkout Your Information_lastName'

2023-05-12 17:25:49 - [TEST_STEP][PASSED] - sendKeys(findTestObject("Object Repository/checkout-step-one/input_Checkout Your Information_postalCode"), "9000"): Keys '9000' sent to object: 'Object Repository/checkout-step-one/input_Checkout Your Information_postalCode'

2023-05-12 17:25:49 - [MESSAGE][PASSED] - Keys '9000' sent to object: 'Object Repository/checkout-step-one/input_Checkout Your Information_postalCode'

2023-05-12 17:25:49 - [TEST_STEP][PASSED] - click(findTestObject("Object Repository/checkout-step-one/input_continue")): Object: 'Object Repository/checkout-step-one/input_continue' is clicked on

2023-05-12 17:25:50 - [MESSAGE][PASSED] - Object: 'Object Repository/checkout-step-one/input_continue' is clicked on

2023-05-12 17:25:50 - [TEST_STEP][PASSED] - click(findTestObject("Object Repository/finish checkout/button_Finish")): Object: 'Object Repository/finish checkout/button_Finish' is clicked on

2023-05-12 17:25:51 - [MESSAGE][PASSED] - Object: 'Object Repository/finish checkout/button_Finish' is clicked on

2023-05-12 17:25:51 - [TEST_STEP][PASSED] - verifyElementVisible(findTestObject("Object Repository/order-success/h2_Thank you for your order")): Object 'Object Repository/order-success/h2_Thank you for your order' is visible

2023-05-12 17:25:51 - [MESSAGE][PASSED] - Object 'Object Repository/order-success/h2_Thank you for your order' is visible

2023-05-12 17:25:51 - [TEST_STEP][PASSED] - click(findTestObject("Object Repository/NavSideBar/sidebar")): Object: 'Object Repository/NavSideBar/sidebar' is clicked on

2023-05-12 17:25:52 - [MESSAGE][PASSED] - Object: 'Object Repository/NavSideBar/sidebar' is clicked on

2023-05-12 17:25:52 - [TEST_STEP][PASSED] - click(findTestObject("Object Repository/NavSideBar/a_Logout")): Object: 'Object Repository/NavSideBar/a_Logout' is clicked on

2023-05-12 17:25:52 - [MESSAGE][PASSED] - Object: 'Object Repository/NavSideBar/a_Logout' is clicked on

2023-05-12 17:25:52 - [TEST_STEP][PASSED] - verifyElementVisible(findTestObject("Object Repository/Page_Swag Labs/input_Swag Labs_user-name")): Object 'Object Repository/Page_Swag Labs/input_Swag Labs_user-name' is visible

2023-05-12 17:25:53 - [MESSAGE][PASSED] - Object 'Object Repository/Page_Swag Labs/input_Swag Labs_user-name' is visible

2023-05-12 17:25:53 - [TEST_STEP][PASSED] - closeBrowser(): Browser is closed

2023-05-12 17:25:54 - [MESSAGE][PASSED] - Browser is closed]]></system-out>
         <system-err><![CDATA[]]></system-err>
      </testcase>
      <testcase name="Test Cases/test-flow-1-buy-1-product" time="14.249" classname="Test Cases/test-flow-1-buy-1-product" status="PASSED">
         <system-out><![CDATA[2023-05-12 17:25:54 - [TEST_CASE][PASSED] - Test Cases/test-flow-1-buy-1-product: Test Cases/test-flow-1-buy-1-product

2023-05-12 17:25:54 - [TEST_STEP][PASSED] - openBrowser("https://www.saucedemo.com/"): Browser is opened with url: 'https://www.saucedemo.com/'

2023-05-12 17:25:54 - [MESSAGE][INFO] - Starting 'Chrome' driver

2023-05-12 17:25:54 - [MESSAGE][INFO] - Action delay is set to 0 milliseconds

2023-05-12 17:25:58 - [MESSAGE][PASSED] - Browser is opened with url: 'https://www.saucedemo.com/'

2023-05-12 17:25:58 - [TEST_STEP][PASSED] - click(findTestObject("Object Repository/Page_Swag Labs/input_Swag Labs_user-name")): Object: 'Object Repository/Page_Swag Labs/input_Swag Labs_user-name' is clicked on

2023-05-12 17:25:58 - [MESSAGE][PASSED] - Object: 'Object Repository/Page_Swag Labs/input_Swag Labs_user-name' is clicked on

2023-05-12 17:25:58 - [TEST_STEP][PASSED] - sendKeys(findTestObject("Object Repository/Page_Swag Labs/input_Swag Labs_user-name"), "standard_user"): Keys 'standard_user' sent to object: 'Object Repository/Page_Swag Labs/input_Swag Labs_user-name'

2023-05-12 17:25:59 - [MESSAGE][PASSED] - Keys 'standard_user' sent to object: 'Object Repository/Page_Swag Labs/input_Swag Labs_user-name'

2023-05-12 17:25:59 - [TEST_STEP][PASSED] - click(findTestObject("Object Repository/Page_Swag Labs/input_Swag Labs_password")): Object: 'Object Repository/Page_Swag Labs/input_Swag Labs_password' is clicked on

2023-05-12 17:25:59 - [MESSAGE][PASSED] - Object: 'Object Repository/Page_Swag Labs/input_Swag Labs_password' is clicked on

2023-05-12 17:25:59 - [TEST_STEP][PASSED] - sendKeys(findTestObject("Object Repository/Page_Swag Labs/input_Swag Labs_password"), "secret_sauce"): Keys 'secret_sauce' sent to object: 'Object Repository/Page_Swag Labs/input_Swag Labs_password'

2023-05-12 17:25:59 - [MESSAGE][PASSED] - Keys 'secret_sauce' sent to object: 'Object Repository/Page_Swag Labs/input_Swag Labs_password'

2023-05-12 17:25:59 - [TEST_STEP][PASSED] - click(findTestObject("Object Repository/Page_Swag Labs/input_Swag Labs_login-button")): Object: 'Object Repository/Page_Swag Labs/input_Swag Labs_login-button' is clicked on

2023-05-12 17:26:00 - [MESSAGE][PASSED] - Object: 'Object Repository/Page_Swag Labs/input_Swag Labs_login-button' is clicked on

2023-05-12 17:26:00 - [TEST_STEP][PASSED] - click(findTestObject("Object Repository/inventoryPage/Backpack")): Object: 'Object Repository/inventoryPage/Backpack' is clicked on

2023-05-12 17:26:00 - [MESSAGE][PASSED] - Object: 'Object Repository/inventoryPage/Backpack' is clicked on

2023-05-12 17:26:00 - [TEST_STEP][PASSED] - click(findTestObject("Object Repository/inventoryPage/button_Add to cart")): Object: 'Object Repository/inventoryPage/button_Add to cart' is clicked on

2023-05-12 17:26:01 - [MESSAGE][PASSED] - Object: 'Object Repository/inventoryPage/button_Add to cart' is clicked on

2023-05-12 17:26:01 - [TEST_STEP][PASSED] - click(findTestObject("Object Repository/inventoryPage/products_back-image")): Object: 'Object Repository/inventoryPage/products_back-image' is clicked on

2023-05-12 17:26:02 - [MESSAGE][PASSED] - Object: 'Object Repository/inventoryPage/products_back-image' is clicked on

2023-05-12 17:26:02 - [TEST_STEP][PASSED] - click(findTestObject("Object Repository/inventoryPage/cart")): Object: 'Object Repository/inventoryPage/cart' is clicked on

2023-05-12 17:26:02 - [MESSAGE][PASSED] - Object: 'Object Repository/inventoryPage/cart' is clicked on

2023-05-12 17:26:02 - [TEST_STEP][PASSED] - click(findTestObject("Object Repository/CheckoutPage/button_Checkout")): Object: 'Object Repository/CheckoutPage/button_Checkout' is clicked on

2023-05-12 17:26:03 - [MESSAGE][PASSED] - Object: 'Object Repository/CheckoutPage/button_Checkout' is clicked on

2023-05-12 17:26:03 - [TEST_STEP][PASSED] - sendKeys(findTestObject("Object Repository/checkout-step-one/input_Checkout Your Information_firstName"), "demo"): Keys 'demo' sent to object: 'Object Repository/checkout-step-one/input_Checkout Your Information_firstName'

2023-05-12 17:26:03 - [MESSAGE][PASSED] - Keys 'demo' sent to object: 'Object Repository/checkout-step-one/input_Checkout Your Information_firstName'

2023-05-12 17:26:03 - [TEST_STEP][PASSED] - sendKeys(findTestObject("Object Repository/checkout-step-one/input_Checkout Your Information_lastName"), "qa test"): Keys 'qa test' sent to object: 'Object Repository/checkout-step-one/input_Checkout Your Information_lastName'

2023-05-12 17:26:04 - [MESSAGE][PASSED] - Keys 'qa test' sent to object: 'Object Repository/checkout-step-one/input_Checkout Your Information_lastName'

2023-05-12 17:26:04 - [TEST_STEP][PASSED] - sendKeys(findTestObject("Object Repository/checkout-step-one/input_Checkout Your Information_postalCode"), "9000"): Keys '9000' sent to object: 'Object Repository/checkout-step-one/input_Checkout Your Information_postalCode'

2023-05-12 17:26:04 - [MESSAGE][PASSED] - Keys '9000' sent to object: 'Object Repository/checkout-step-one/input_Checkout Your Information_postalCode'

2023-05-12 17:26:04 - [TEST_STEP][PASSED] - click(findTestObject("Object Repository/checkout-step-one/input_continue")): Object: 'Object Repository/checkout-step-one/input_continue' is clicked on

2023-05-12 17:26:05 - [MESSAGE][PASSED] - Object: 'Object Repository/checkout-step-one/input_continue' is clicked on

2023-05-12 17:26:05 - [TEST_STEP][PASSED] - click(findTestObject("Object Repository/finish checkout/button_Finish")): Object: 'Object Repository/finish checkout/button_Finish' is clicked on

2023-05-12 17:26:05 - [MESSAGE][PASSED] - Object: 'Object Repository/finish checkout/button_Finish' is clicked on

2023-05-12 17:26:05 - [TEST_STEP][PASSED] - verifyElementVisible(findTestObject("Object Repository/order-success/h2_Thank you for your order")): Object 'Object Repository/order-success/h2_Thank you for your order' is visible

2023-05-12 17:26:06 - [MESSAGE][PASSED] - Object 'Object Repository/order-success/h2_Thank you for your order' is visible

2023-05-12 17:26:06 - [TEST_STEP][PASSED] - click(findTestObject("Object Repository/NavSideBar/sidebar")): Object: 'Object Repository/NavSideBar/sidebar' is clicked on

2023-05-12 17:26:06 - [MESSAGE][PASSED] - Object: 'Object Repository/NavSideBar/sidebar' is clicked on

2023-05-12 17:26:06 - [TEST_STEP][PASSED] - click(findTestObject("Object Repository/NavSideBar/a_Logout")): Object: 'Object Repository/NavSideBar/a_Logout' is clicked on

2023-05-12 17:26:07 - [MESSAGE][PASSED] - Object: 'Object Repository/NavSideBar/a_Logout' is clicked on

2023-05-12 17:26:07 - [TEST_STEP][PASSED] - verifyElementVisible(findTestObject("Object Repository/Page_Swag Labs/input_Swag Labs_user-name")): Object 'Object Repository/Page_Swag Labs/input_Swag Labs_user-name' is visible

2023-05-12 17:26:07 - [MESSAGE][PASSED] - Object 'Object Repository/Page_Swag Labs/input_Swag Labs_user-name' is visible

2023-05-12 17:26:07 - [TEST_STEP][PASSED] - closeBrowser(): Browser is closed

2023-05-12 17:26:08 - [MESSAGE][PASSED] - Browser is closed]]></system-out>
         <system-err><![CDATA[]]></system-err>
      </testcase>
      <system-out><![CDATA[2023-05-12 17:22:06 - [TEST_SUITE][PASSED] - simple case: Test Cases/test-flow-1-buy-1-product]]></system-out>
      <system-err><![CDATA[]]></system-err>
   </testsuite>
   <testsuite name="simple case" tests="20" failures="0" errors="0" time="238.417" skipped="0" timestamp="2023-05-12 17:26:12" hostname="minh.nguyen - 5YHW2D3" id="Test Suites/simple case">
      <properties>
         <property name="deviceName" value=""/>
         <property name="devicePlatform" value=""/>
         <property name="logFolder" value="C:\\Users\\minh.nguyen\\Desktop\\GitRepo\\tri-nhan-repo\\Reports\\20230512_171239\\simple case\\20230512_171246"/>
         <property name="logFiles" value="C:\\Users\\minh.nguyen\\Desktop\\GitRepo\\tri-nhan-repo\\Reports\\20230512_171239\\simple case\\20230512_171246\\execution0.log"/>
         <property name="attachments" value=""/>
         <property name="hostName" value="minh.nguyen - 5YHW2D3"/>
         <property name="os" value="Windows 10 64bit"/>
         <property name="katalonVersion" value="8.5.5.208"/>
         <property name="browser" value="Chrome 112.0.0.0"/>
         <property name="hostAddress" value="192.168.1.86"/>
         <property name="sessionId" value="cf90db7bcb8d1f27f7f01d580c404e2e"/>
         <property name="seleniumVersion" value="3.141.59"/>
         <property name="proxyInformation" value="ProxyInformation { proxyOption=NO_PROXY, proxyServerType=HTTP, username=, password=********, proxyServerAddress=, proxyServerPort=0, executionList=&quot;&quot;, isApplyToDesiredCapabilities=true }"/>
         <property name="platform" value="Windows 10"/>
      </properties>
      <testcase name="Test Cases/test-flow-1-buy-1-product" time="13.117" classname="Test Cases/test-flow-1-buy-1-product" status="PASSED">
         <system-out><![CDATA[2023-05-12 17:26:12 - [TEST_CASE][PASSED] - Test Cases/test-flow-1-buy-1-product: Test Cases/test-flow-1-buy-1-product

2023-05-12 17:26:12 - [TEST_STEP][PASSED] - openBrowser("https://www.saucedemo.com/"): Browser is opened with url: 'https://www.saucedemo.com/'

2023-05-12 17:26:12 - [MESSAGE][INFO] - Starting 'Chrome' driver

2023-05-12 17:26:12 - [MESSAGE][INFO] - Action delay is set to 0 milliseconds

2023-05-12 17:26:15 - [MESSAGE][PASSED] - Browser is opened with url: 'https://www.saucedemo.com/'

2023-05-12 17:26:15 - [TEST_STEP][PASSED] - click(findTestObject("Object Repository/Page_Swag Labs/input_Swag Labs_user-name")): Object: 'Object Repository/Page_Swag Labs/input_Swag Labs_user-name' is clicked on

2023-05-12 17:26:16 - [MESSAGE][PASSED] - Object: 'Object Repository/Page_Swag Labs/input_Swag Labs_user-name' is clicked on

2023-05-12 17:26:16 - [TEST_STEP][PASSED] - sendKeys(findTestObject("Object Repository/Page_Swag Labs/input_Swag Labs_user-name"), "standard_user"): Keys 'standard_user' sent to object: 'Object Repository/Page_Swag Labs/input_Swag Labs_user-name'

2023-05-12 17:26:16 - [MESSAGE][PASSED] - Keys 'standard_user' sent to object: 'Object Repository/Page_Swag Labs/input_Swag Labs_user-name'

2023-05-12 17:26:16 - [TEST_STEP][PASSED] - click(findTestObject("Object Repository/Page_Swag Labs/input_Swag Labs_password")): Object: 'Object Repository/Page_Swag Labs/input_Swag Labs_password' is clicked on

2023-05-12 17:26:16 - [MESSAGE][PASSED] - Object: 'Object Repository/Page_Swag Labs/input_Swag Labs_password' is clicked on

2023-05-12 17:26:16 - [TEST_STEP][PASSED] - sendKeys(findTestObject("Object Repository/Page_Swag Labs/input_Swag Labs_password"), "secret_sauce"): Keys 'secret_sauce' sent to object: 'Object Repository/Page_Swag Labs/input_Swag Labs_password'

2023-05-12 17:26:17 - [MESSAGE][PASSED] - Keys 'secret_sauce' sent to object: 'Object Repository/Page_Swag Labs/input_Swag Labs_password'

2023-05-12 17:26:17 - [TEST_STEP][PASSED] - click(findTestObject("Object Repository/Page_Swag Labs/input_Swag Labs_login-button")): Object: 'Object Repository/Page_Swag Labs/input_Swag Labs_login-button' is clicked on

2023-05-12 17:26:17 - [MESSAGE][PASSED] - Object: 'Object Repository/Page_Swag Labs/input_Swag Labs_login-button' is clicked on

2023-05-12 17:26:17 - [TEST_STEP][PASSED] - click(findTestObject("Object Repository/inventoryPage/Backpack")): Object: 'Object Repository/inventoryPage/Backpack' is clicked on

2023-05-12 17:26:18 - [MESSAGE][PASSED] - Object: 'Object Repository/inventoryPage/Backpack' is clicked on

2023-05-12 17:26:18 - [TEST_STEP][PASSED] - click(findTestObject("Object Repository/inventoryPage/button_Add to cart")): Object: 'Object Repository/inventoryPage/button_Add to cart' is clicked on

2023-05-12 17:26:18 - [MESSAGE][PASSED] - Object: 'Object Repository/inventoryPage/button_Add to cart' is clicked on

2023-05-12 17:26:18 - [TEST_STEP][PASSED] - click(findTestObject("Object Repository/inventoryPage/products_back-image")): Object: 'Object Repository/inventoryPage/products_back-image' is clicked on

2023-05-12 17:26:19 - [MESSAGE][PASSED] - Object: 'Object Repository/inventoryPage/products_back-image' is clicked on

2023-05-12 17:26:19 - [TEST_STEP][PASSED] - click(findTestObject("Object Repository/inventoryPage/cart")): Object: 'Object Repository/inventoryPage/cart' is clicked on

2023-05-12 17:26:19 - [MESSAGE][PASSED] - Object: 'Object Repository/inventoryPage/cart' is clicked on

2023-05-12 17:26:19 - [TEST_STEP][PASSED] - click(findTestObject("Object Repository/CheckoutPage/button_Checkout")): Object: 'Object Repository/CheckoutPage/button_Checkout' is clicked on

2023-05-12 17:26:20 - [MESSAGE][PASSED] - Object: 'Object Repository/CheckoutPage/button_Checkout' is clicked on

2023-05-12 17:26:20 - [TEST_STEP][PASSED] - sendKeys(findTestObject("Object Repository/checkout-step-one/input_Checkout Your Information_firstName"), "demo"): Keys 'demo' sent to object: 'Object Repository/checkout-step-one/input_Checkout Your Information_firstName'

2023-05-12 17:26:20 - [MESSAGE][PASSED] - Keys 'demo' sent to object: 'Object Repository/checkout-step-one/input_Checkout Your Information_firstName'

2023-05-12 17:26:20 - [TEST_STEP][PASSED] - sendKeys(findTestObject("Object Repository/checkout-step-one/input_Checkout Your Information_lastName"), "qa test"): Keys 'qa test' sent to object: 'Object Repository/checkout-step-one/input_Checkout Your Information_lastName'

2023-05-12 17:26:21 - [MESSAGE][PASSED] - Keys 'qa test' sent to object: 'Object Repository/checkout-step-one/input_Checkout Your Information_lastName'

2023-05-12 17:26:21 - [TEST_STEP][PASSED] - sendKeys(findTestObject("Object Repository/checkout-step-one/input_Checkout Your Information_postalCode"), "9000"): Keys '9000' sent to object: 'Object Repository/checkout-step-one/input_Checkout Your Information_postalCode'

2023-05-12 17:26:21 - [MESSAGE][PASSED] - Keys '9000' sent to object: 'Object Repository/checkout-step-one/input_Checkout Your Information_postalCode'

2023-05-12 17:26:21 - [TEST_STEP][PASSED] - click(findTestObject("Object Repository/checkout-step-one/input_continue")): Object: 'Object Repository/checkout-step-one/input_continue' is clicked on

2023-05-12 17:26:22 - [MESSAGE][PASSED] - Object: 'Object Repository/checkout-step-one/input_continue' is clicked on

2023-05-12 17:26:22 - [TEST_STEP][PASSED] - click(findTestObject("Object Repository/finish checkout/button_Finish")): Object: 'Object Repository/finish checkout/button_Finish' is clicked on

2023-05-12 17:26:22 - [MESSAGE][PASSED] - Object: 'Object Repository/finish checkout/button_Finish' is clicked on

2023-05-12 17:26:22 - [TEST_STEP][PASSED] - verifyElementVisible(findTestObject("Object Repository/order-success/h2_Thank you for your order")): Object 'Object Repository/order-success/h2_Thank you for your order' is visible

2023-05-12 17:26:23 - [MESSAGE][PASSED] - Object 'Object Repository/order-success/h2_Thank you for your order' is visible

2023-05-12 17:26:23 - [TEST_STEP][PASSED] - click(findTestObject("Object Repository/NavSideBar/sidebar")): Object: 'Object Repository/NavSideBar/sidebar' is clicked on

2023-05-12 17:26:23 - [MESSAGE][PASSED] - Object: 'Object Repository/NavSideBar/sidebar' is clicked on

2023-05-12 17:26:23 - [TEST_STEP][PASSED] - click(findTestObject("Object Repository/NavSideBar/a_Logout")): Object: 'Object Repository/NavSideBar/a_Logout' is clicked on

2023-05-12 17:26:24 - [MESSAGE][PASSED] - Object: 'Object Repository/NavSideBar/a_Logout' is clicked on

2023-05-12 17:26:24 - [TEST_STEP][PASSED] - verifyElementVisible(findTestObject("Object Repository/Page_Swag Labs/input_Swag Labs_user-name")): Object 'Object Repository/Page_Swag Labs/input_Swag Labs_user-name' is visible

2023-05-12 17:26:24 - [MESSAGE][PASSED] - Object 'Object Repository/Page_Swag Labs/input_Swag Labs_user-name' is visible

2023-05-12 17:26:24 - [TEST_STEP][PASSED] - closeBrowser(): Browser is closed

2023-05-12 17:26:25 - [MESSAGE][PASSED] - Browser is closed]]></system-out>
         <system-err><![CDATA[]]></system-err>
      </testcase>
      <testcase name="Test Cases/test-flow-1-buy-1-product" time="11.874" classname="Test Cases/test-flow-1-buy-1-product" status="PASSED">
         <system-out><![CDATA[2023-05-12 17:26:25 - [TEST_CASE][PASSED] - Test Cases/test-flow-1-buy-1-product: Test Cases/test-flow-1-buy-1-product

2023-05-12 17:26:25 - [TEST_STEP][PASSED] - openBrowser("https://www.saucedemo.com/"): Browser is opened with url: 'https://www.saucedemo.com/'

2023-05-12 17:26:25 - [MESSAGE][INFO] - Starting 'Chrome' driver

2023-05-12 17:26:25 - [MESSAGE][INFO] - Action delay is set to 0 milliseconds

2023-05-12 17:26:27 - [MESSAGE][PASSED] - Browser is opened with url: 'https://www.saucedemo.com/'

2023-05-12 17:26:27 - [TEST_STEP][PASSED] - click(findTestObject("Object Repository/Page_Swag Labs/input_Swag Labs_user-name")): Object: 'Object Repository/Page_Swag Labs/input_Swag Labs_user-name' is clicked on

2023-05-12 17:26:27 - [MESSAGE][PASSED] - Object: 'Object Repository/Page_Swag Labs/input_Swag Labs_user-name' is clicked on

2023-05-12 17:26:27 - [TEST_STEP][PASSED] - sendKeys(findTestObject("Object Repository/Page_Swag Labs/input_Swag Labs_user-name"), "standard_user"): Keys 'standard_user' sent to object: 'Object Repository/Page_Swag Labs/input_Swag Labs_user-name'

2023-05-12 17:26:28 - [MESSAGE][PASSED] - Keys 'standard_user' sent to object: 'Object Repository/Page_Swag Labs/input_Swag Labs_user-name'

2023-05-12 17:26:28 - [TEST_STEP][PASSED] - click(findTestObject("Object Repository/Page_Swag Labs/input_Swag Labs_password")): Object: 'Object Repository/Page_Swag Labs/input_Swag Labs_password' is clicked on

2023-05-12 17:26:28 - [MESSAGE][PASSED] - Object: 'Object Repository/Page_Swag Labs/input_Swag Labs_password' is clicked on

2023-05-12 17:26:28 - [TEST_STEP][PASSED] - sendKeys(findTestObject("Object Repository/Page_Swag Labs/input_Swag Labs_password"), "secret_sauce"): Keys 'secret_sauce' sent to object: 'Object Repository/Page_Swag Labs/input_Swag Labs_password'

2023-05-12 17:26:28 - [MESSAGE][PASSED] - Keys 'secret_sauce' sent to object: 'Object Repository/Page_Swag Labs/input_Swag Labs_password'

2023-05-12 17:26:28 - [TEST_STEP][PASSED] - click(findTestObject("Object Repository/Page_Swag Labs/input_Swag Labs_login-button")): Object: 'Object Repository/Page_Swag Labs/input_Swag Labs_login-button' is clicked on

2023-05-12 17:26:29 - [MESSAGE][PASSED] - Object: 'Object Repository/Page_Swag Labs/input_Swag Labs_login-button' is clicked on

2023-05-12 17:26:29 - [TEST_STEP][PASSED] - click(findTestObject("Object Repository/inventoryPage/Backpack")): Object: 'Object Repository/inventoryPage/Backpack' is clicked on

2023-05-12 17:26:29 - [MESSAGE][PASSED] - Object: 'Object Repository/inventoryPage/Backpack' is clicked on

2023-05-12 17:26:29 - [TEST_STEP][PASSED] - click(findTestObject("Object Repository/inventoryPage/button_Add to cart")): Object: 'Object Repository/inventoryPage/button_Add to cart' is clicked on

2023-05-12 17:26:30 - [MESSAGE][PASSED] - Object: 'Object Repository/inventoryPage/button_Add to cart' is clicked on

2023-05-12 17:26:30 - [TEST_STEP][PASSED] - click(findTestObject("Object Repository/inventoryPage/products_back-image")): Object: 'Object Repository/inventoryPage/products_back-image' is clicked on

2023-05-12 17:26:30 - [MESSAGE][PASSED] - Object: 'Object Repository/inventoryPage/products_back-image' is clicked on

2023-05-12 17:26:30 - [TEST_STEP][PASSED] - click(findTestObject("Object Repository/inventoryPage/cart")): Object: 'Object Repository/inventoryPage/cart' is clicked on

2023-05-12 17:26:31 - [MESSAGE][PASSED] - Object: 'Object Repository/inventoryPage/cart' is clicked on

2023-05-12 17:26:31 - [TEST_STEP][PASSED] - click(findTestObject("Object Repository/CheckoutPage/button_Checkout")): Object: 'Object Repository/CheckoutPage/button_Checkout' is clicked on

2023-05-12 17:26:31 - [MESSAGE][PASSED] - Object: 'Object Repository/CheckoutPage/button_Checkout' is clicked on

2023-05-12 17:26:31 - [TEST_STEP][PASSED] - sendKeys(findTestObject("Object Repository/checkout-step-one/input_Checkout Your Information_firstName"), "demo"): Keys 'demo' sent to object: 'Object Repository/checkout-step-one/input_Checkout Your Information_firstName'

2023-05-12 17:26:32 - [MESSAGE][PASSED] - Keys 'demo' sent to object: 'Object Repository/checkout-step-one/input_Checkout Your Information_firstName'

2023-05-12 17:26:32 - [TEST_STEP][PASSED] - sendKeys(findTestObject("Object Repository/checkout-step-one/input_Checkout Your Information_lastName"), "qa test"): Keys 'qa test' sent to object: 'Object Repository/checkout-step-one/input_Checkout Your Information_lastName'

2023-05-12 17:26:32 - [MESSAGE][PASSED] - Keys 'qa test' sent to object: 'Object Repository/checkout-step-one/input_Checkout Your Information_lastName'

2023-05-12 17:26:32 - [TEST_STEP][PASSED] - sendKeys(findTestObject("Object Repository/checkout-step-one/input_Checkout Your Information_postalCode"), "9000"): Keys '9000' sent to object: 'Object Repository/checkout-step-one/input_Checkout Your Information_postalCode'

2023-05-12 17:26:33 - [MESSAGE][PASSED] - Keys '9000' sent to object: 'Object Repository/checkout-step-one/input_Checkout Your Information_postalCode'

2023-05-12 17:26:33 - [TEST_STEP][PASSED] - click(findTestObject("Object Repository/checkout-step-one/input_continue")): Object: 'Object Repository/checkout-step-one/input_continue' is clicked on

2023-05-12 17:26:34 - [MESSAGE][PASSED] - Object: 'Object Repository/checkout-step-one/input_continue' is clicked on

2023-05-12 17:26:34 - [TEST_STEP][PASSED] - click(findTestObject("Object Repository/finish checkout/button_Finish")): Object: 'Object Repository/finish checkout/button_Finish' is clicked on

2023-05-12 17:26:34 - [MESSAGE][PASSED] - Object: 'Object Repository/finish checkout/button_Finish' is clicked on

2023-05-12 17:26:34 - [TEST_STEP][PASSED] - verifyElementVisible(findTestObject("Object Repository/order-success/h2_Thank you for your order")): Object 'Object Repository/order-success/h2_Thank you for your order' is visible

2023-05-12 17:26:35 - [MESSAGE][PASSED] - Object 'Object Repository/order-success/h2_Thank you for your order' is visible

2023-05-12 17:26:35 - [TEST_STEP][PASSED] - click(findTestObject("Object Repository/NavSideBar/sidebar")): Object: 'Object Repository/NavSideBar/sidebar' is clicked on

2023-05-12 17:26:35 - [MESSAGE][PASSED] - Object: 'Object Repository/NavSideBar/sidebar' is clicked on

2023-05-12 17:26:35 - [TEST_STEP][PASSED] - click(findTestObject("Object Repository/NavSideBar/a_Logout")): Object: 'Object Repository/NavSideBar/a_Logout' is clicked on

2023-05-12 17:26:36 - [MESSAGE][PASSED] - Object: 'Object Repository/NavSideBar/a_Logout' is clicked on

2023-05-12 17:26:36 - [TEST_STEP][PASSED] - verifyElementVisible(findTestObject("Object Repository/Page_Swag Labs/input_Swag Labs_user-name")): Object 'Object Repository/Page_Swag Labs/input_Swag Labs_user-name' is visible

2023-05-12 17:26:36 - [MESSAGE][PASSED] - Object 'Object Repository/Page_Swag Labs/input_Swag Labs_user-name' is visible

2023-05-12 17:26:36 - [TEST_STEP][PASSED] - closeBrowser(): Browser is closed

2023-05-12 17:26:37 - [MESSAGE][PASSED] - Browser is closed]]></system-out>
         <system-err><![CDATA[]]></system-err>
      </testcase>
      <testcase name="Test Cases/test-flow-1-buy-1-product" time="11.688" classname="Test Cases/test-flow-1-buy-1-product" status="PASSED">
         <system-out><![CDATA[2023-05-12 17:26:37 - [TEST_CASE][PASSED] - Test Cases/test-flow-1-buy-1-product: Test Cases/test-flow-1-buy-1-product

2023-05-12 17:26:37 - [TEST_STEP][PASSED] - openBrowser("https://www.saucedemo.com/"): Browser is opened with url: 'https://www.saucedemo.com/'

2023-05-12 17:26:37 - [MESSAGE][INFO] - Starting 'Chrome' driver

2023-05-12 17:26:37 - [MESSAGE][INFO] - Action delay is set to 0 milliseconds

2023-05-12 17:26:39 - [MESSAGE][PASSED] - Browser is opened with url: 'https://www.saucedemo.com/'

2023-05-12 17:26:39 - [TEST_STEP][PASSED] - click(findTestObject("Object Repository/Page_Swag Labs/input_Swag Labs_user-name")): Object: 'Object Repository/Page_Swag Labs/input_Swag Labs_user-name' is clicked on

2023-05-12 17:26:39 - [MESSAGE][PASSED] - Object: 'Object Repository/Page_Swag Labs/input_Swag Labs_user-name' is clicked on

2023-05-12 17:26:39 - [TEST_STEP][PASSED] - sendKeys(findTestObject("Object Repository/Page_Swag Labs/input_Swag Labs_user-name"), "standard_user"): Keys 'standard_user' sent to object: 'Object Repository/Page_Swag Labs/input_Swag Labs_user-name'

2023-05-12 17:26:40 - [MESSAGE][PASSED] - Keys 'standard_user' sent to object: 'Object Repository/Page_Swag Labs/input_Swag Labs_user-name'

2023-05-12 17:26:40 - [TEST_STEP][PASSED] - click(findTestObject("Object Repository/Page_Swag Labs/input_Swag Labs_password")): Object: 'Object Repository/Page_Swag Labs/input_Swag Labs_password' is clicked on

2023-05-12 17:26:40 - [MESSAGE][PASSED] - Object: 'Object Repository/Page_Swag Labs/input_Swag Labs_password' is clicked on

2023-05-12 17:26:40 - [TEST_STEP][PASSED] - sendKeys(findTestObject("Object Repository/Page_Swag Labs/input_Swag Labs_password"), "secret_sauce"): Keys 'secret_sauce' sent to object: 'Object Repository/Page_Swag Labs/input_Swag Labs_password'

2023-05-12 17:26:40 - [MESSAGE][PASSED] - Keys 'secret_sauce' sent to object: 'Object Repository/Page_Swag Labs/input_Swag Labs_password'

2023-05-12 17:26:40 - [TEST_STEP][PASSED] - click(findTestObject("Object Repository/Page_Swag Labs/input_Swag Labs_login-button")): Object: 'Object Repository/Page_Swag Labs/input_Swag Labs_login-button' is clicked on

2023-05-12 17:26:41 - [MESSAGE][PASSED] - Object: 'Object Repository/Page_Swag Labs/input_Swag Labs_login-button' is clicked on

2023-05-12 17:26:41 - [TEST_STEP][PASSED] - click(findTestObject("Object Repository/inventoryPage/Backpack")): Object: 'Object Repository/inventoryPage/Backpack' is clicked on

2023-05-12 17:26:41 - [MESSAGE][PASSED] - Object: 'Object Repository/inventoryPage/Backpack' is clicked on

2023-05-12 17:26:41 - [TEST_STEP][PASSED] - click(findTestObject("Object Repository/inventoryPage/button_Add to cart")): Object: 'Object Repository/inventoryPage/button_Add to cart' is clicked on

2023-05-12 17:26:42 - [MESSAGE][PASSED] - Object: 'Object Repository/inventoryPage/button_Add to cart' is clicked on

2023-05-12 17:26:42 - [TEST_STEP][PASSED] - click(findTestObject("Object Repository/inventoryPage/products_back-image")): Object: 'Object Repository/inventoryPage/products_back-image' is clicked on

2023-05-12 17:26:42 - [MESSAGE][PASSED] - Object: 'Object Repository/inventoryPage/products_back-image' is clicked on

2023-05-12 17:26:42 - [TEST_STEP][PASSED] - click(findTestObject("Object Repository/inventoryPage/cart")): Object: 'Object Repository/inventoryPage/cart' is clicked on

2023-05-12 17:26:43 - [MESSAGE][PASSED] - Object: 'Object Repository/inventoryPage/cart' is clicked on

2023-05-12 17:26:43 - [TEST_STEP][PASSED] - click(findTestObject("Object Repository/CheckoutPage/button_Checkout")): Object: 'Object Repository/CheckoutPage/button_Checkout' is clicked on

2023-05-12 17:26:43 - [MESSAGE][PASSED] - Object: 'Object Repository/CheckoutPage/button_Checkout' is clicked on

2023-05-12 17:26:43 - [TEST_STEP][PASSED] - sendKeys(findTestObject("Object Repository/checkout-step-one/input_Checkout Your Information_firstName"), "demo"): Keys 'demo' sent to object: 'Object Repository/checkout-step-one/input_Checkout Your Information_firstName'

2023-05-12 17:26:44 - [MESSAGE][PASSED] - Keys 'demo' sent to object: 'Object Repository/checkout-step-one/input_Checkout Your Information_firstName'

2023-05-12 17:26:44 - [TEST_STEP][PASSED] - sendKeys(findTestObject("Object Repository/checkout-step-one/input_Checkout Your Information_lastName"), "qa test"): Keys 'qa test' sent to object: 'Object Repository/checkout-step-one/input_Checkout Your Information_lastName'

2023-05-12 17:26:44 - [MESSAGE][PASSED] - Keys 'qa test' sent to object: 'Object Repository/checkout-step-one/input_Checkout Your Information_lastName'

2023-05-12 17:26:44 - [TEST_STEP][PASSED] - sendKeys(findTestObject("Object Repository/checkout-step-one/input_Checkout Your Information_postalCode"), "9000"): Keys '9000' sent to object: 'Object Repository/checkout-step-one/input_Checkout Your Information_postalCode'

2023-05-12 17:26:45 - [MESSAGE][PASSED] - Keys '9000' sent to object: 'Object Repository/checkout-step-one/input_Checkout Your Information_postalCode'

2023-05-12 17:26:45 - [TEST_STEP][PASSED] - click(findTestObject("Object Repository/checkout-step-one/input_continue")): Object: 'Object Repository/checkout-step-one/input_continue' is clicked on

2023-05-12 17:26:45 - [MESSAGE][PASSED] - Object: 'Object Repository/checkout-step-one/input_continue' is clicked on

2023-05-12 17:26:45 - [TEST_STEP][PASSED] - click(findTestObject("Object Repository/finish checkout/button_Finish")): Object: 'Object Repository/finish checkout/button_Finish' is clicked on

2023-05-12 17:26:46 - [MESSAGE][PASSED] - Object: 'Object Repository/finish checkout/button_Finish' is clicked on

2023-05-12 17:26:46 - [TEST_STEP][PASSED] - verifyElementVisible(findTestObject("Object Repository/order-success/h2_Thank you for your order")): Object 'Object Repository/order-success/h2_Thank you for your order' is visible

2023-05-12 17:26:46 - [MESSAGE][PASSED] - Object 'Object Repository/order-success/h2_Thank you for your order' is visible

2023-05-12 17:26:46 - [TEST_STEP][PASSED] - click(findTestObject("Object Repository/NavSideBar/sidebar")): Object: 'Object Repository/NavSideBar/sidebar' is clicked on

2023-05-12 17:26:47 - [MESSAGE][PASSED] - Object: 'Object Repository/NavSideBar/sidebar' is clicked on

2023-05-12 17:26:47 - [TEST_STEP][PASSED] - click(findTestObject("Object Repository/NavSideBar/a_Logout")): Object: 'Object Repository/NavSideBar/a_Logout' is clicked on

2023-05-12 17:26:47 - [MESSAGE][PASSED] - Object: 'Object Repository/NavSideBar/a_Logout' is clicked on

2023-05-12 17:26:47 - [TEST_STEP][PASSED] - verifyElementVisible(findTestObject("Object Repository/Page_Swag Labs/input_Swag Labs_user-name")): Object 'Object Repository/Page_Swag Labs/input_Swag Labs_user-name' is visible

2023-05-12 17:26:48 - [MESSAGE][PASSED] - Object 'Object Repository/Page_Swag Labs/input_Swag Labs_user-name' is visible

2023-05-12 17:26:48 - [TEST_STEP][PASSED] - closeBrowser(): Browser is closed

2023-05-12 17:26:48 - [MESSAGE][PASSED] - Browser is closed]]></system-out>
         <system-err><![CDATA[]]></system-err>
      </testcase>
      <testcase name="Test Cases/test-flow-1-buy-1-product" time="11.754" classname="Test Cases/test-flow-1-buy-1-product" status="PASSED">
         <system-out><![CDATA[2023-05-12 17:26:48 - [TEST_CASE][PASSED] - Test Cases/test-flow-1-buy-1-product: Test Cases/test-flow-1-buy-1-product

2023-05-12 17:26:48 - [TEST_STEP][PASSED] - openBrowser("https://www.saucedemo.com/"): Browser is opened with url: 'https://www.saucedemo.com/'

2023-05-12 17:26:48 - [MESSAGE][INFO] - Starting 'Chrome' driver

2023-05-12 17:26:48 - [MESSAGE][INFO] - Action delay is set to 0 milliseconds

2023-05-12 17:26:51 - [MESSAGE][PASSED] - Browser is opened with url: 'https://www.saucedemo.com/'

2023-05-12 17:26:51 - [TEST_STEP][PASSED] - click(findTestObject("Object Repository/Page_Swag Labs/input_Swag Labs_user-name")): Object: 'Object Repository/Page_Swag Labs/input_Swag Labs_user-name' is clicked on

2023-05-12 17:26:51 - [MESSAGE][PASSED] - Object: 'Object Repository/Page_Swag Labs/input_Swag Labs_user-name' is clicked on

2023-05-12 17:26:51 - [TEST_STEP][PASSED] - sendKeys(findTestObject("Object Repository/Page_Swag Labs/input_Swag Labs_user-name"), "standard_user"): Keys 'standard_user' sent to object: 'Object Repository/Page_Swag Labs/input_Swag Labs_user-name'

2023-05-12 17:26:51 - [MESSAGE][PASSED] - Keys 'standard_user' sent to object: 'Object Repository/Page_Swag Labs/input_Swag Labs_user-name'

2023-05-12 17:26:51 - [TEST_STEP][PASSED] - click(findTestObject("Object Repository/Page_Swag Labs/input_Swag Labs_password")): Object: 'Object Repository/Page_Swag Labs/input_Swag Labs_password' is clicked on

2023-05-12 17:26:52 - [MESSAGE][PASSED] - Object: 'Object Repository/Page_Swag Labs/input_Swag Labs_password' is clicked on

2023-05-12 17:26:52 - [TEST_STEP][PASSED] - sendKeys(findTestObject("Object Repository/Page_Swag Labs/input_Swag Labs_password"), "secret_sauce"): Keys 'secret_sauce' sent to object: 'Object Repository/Page_Swag Labs/input_Swag Labs_password'

2023-05-12 17:26:52 - [MESSAGE][PASSED] - Keys 'secret_sauce' sent to object: 'Object Repository/Page_Swag Labs/input_Swag Labs_password'

2023-05-12 17:26:52 - [TEST_STEP][PASSED] - click(findTestObject("Object Repository/Page_Swag Labs/input_Swag Labs_login-button")): Object: 'Object Repository/Page_Swag Labs/input_Swag Labs_login-button' is clicked on

2023-05-12 17:26:52 - [MESSAGE][PASSED] - Object: 'Object Repository/Page_Swag Labs/input_Swag Labs_login-button' is clicked on

2023-05-12 17:26:52 - [TEST_STEP][PASSED] - click(findTestObject("Object Repository/inventoryPage/Backpack")): Object: 'Object Repository/inventoryPage/Backpack' is clicked on

2023-05-12 17:26:53 - [MESSAGE][PASSED] - Object: 'Object Repository/inventoryPage/Backpack' is clicked on

2023-05-12 17:26:53 - [TEST_STEP][PASSED] - click(findTestObject("Object Repository/inventoryPage/button_Add to cart")): Object: 'Object Repository/inventoryPage/button_Add to cart' is clicked on

2023-05-12 17:26:53 - [MESSAGE][PASSED] - Object: 'Object Repository/inventoryPage/button_Add to cart' is clicked on

2023-05-12 17:26:53 - [TEST_STEP][PASSED] - click(findTestObject("Object Repository/inventoryPage/products_back-image")): Object: 'Object Repository/inventoryPage/products_back-image' is clicked on

2023-05-12 17:26:54 - [MESSAGE][PASSED] - Object: 'Object Repository/inventoryPage/products_back-image' is clicked on

2023-05-12 17:26:54 - [TEST_STEP][PASSED] - click(findTestObject("Object Repository/inventoryPage/cart")): Object: 'Object Repository/inventoryPage/cart' is clicked on

2023-05-12 17:26:54 - [MESSAGE][PASSED] - Object: 'Object Repository/inventoryPage/cart' is clicked on

2023-05-12 17:26:54 - [TEST_STEP][PASSED] - click(findTestObject("Object Repository/CheckoutPage/button_Checkout")): Object: 'Object Repository/CheckoutPage/button_Checkout' is clicked on

2023-05-12 17:26:55 - [MESSAGE][PASSED] - Object: 'Object Repository/CheckoutPage/button_Checkout' is clicked on

2023-05-12 17:26:55 - [TEST_STEP][PASSED] - sendKeys(findTestObject("Object Repository/checkout-step-one/input_Checkout Your Information_firstName"), "demo"): Keys 'demo' sent to object: 'Object Repository/checkout-step-one/input_Checkout Your Information_firstName'

2023-05-12 17:26:55 - [MESSAGE][PASSED] - Keys 'demo' sent to object: 'Object Repository/checkout-step-one/input_Checkout Your Information_firstName'

2023-05-12 17:26:55 - [TEST_STEP][PASSED] - sendKeys(findTestObject("Object Repository/checkout-step-one/input_Checkout Your Information_lastName"), "qa test"): Keys 'qa test' sent to object: 'Object Repository/checkout-step-one/input_Checkout Your Information_lastName'

2023-05-12 17:26:56 - [MESSAGE][PASSED] - Keys 'qa test' sent to object: 'Object Repository/checkout-step-one/input_Checkout Your Information_lastName'

2023-05-12 17:26:56 - [TEST_STEP][PASSED] - sendKeys(findTestObject("Object Repository/checkout-step-one/input_Checkout Your Information_postalCode"), "9000"): Keys '9000' sent to object: 'Object Repository/checkout-step-one/input_Checkout Your Information_postalCode'

2023-05-12 17:26:57 - [MESSAGE][PASSED] - Keys '9000' sent to object: 'Object Repository/checkout-step-one/input_Checkout Your Information_postalCode'

2023-05-12 17:26:57 - [TEST_STEP][PASSED] - click(findTestObject("Object Repository/checkout-step-one/input_continue")): Object: 'Object Repository/checkout-step-one/input_continue' is clicked on

2023-05-12 17:26:57 - [MESSAGE][PASSED] - Object: 'Object Repository/checkout-step-one/input_continue' is clicked on

2023-05-12 17:26:57 - [TEST_STEP][PASSED] - click(findTestObject("Object Repository/finish checkout/button_Finish")): Object: 'Object Repository/finish checkout/button_Finish' is clicked on

2023-05-12 17:26:58 - [MESSAGE][PASSED] - Object: 'Object Repository/finish checkout/button_Finish' is clicked on

2023-05-12 17:26:58 - [TEST_STEP][PASSED] - verifyElementVisible(findTestObject("Object Repository/order-success/h2_Thank you for your order")): Object 'Object Repository/order-success/h2_Thank you for your order' is visible

2023-05-12 17:26:58 - [MESSAGE][PASSED] - Object 'Object Repository/order-success/h2_Thank you for your order' is visible

2023-05-12 17:26:58 - [TEST_STEP][PASSED] - click(findTestObject("Object Repository/NavSideBar/sidebar")): Object: 'Object Repository/NavSideBar/sidebar' is clicked on

2023-05-12 17:26:59 - [MESSAGE][PASSED] - Object: 'Object Repository/NavSideBar/sidebar' is clicked on

2023-05-12 17:26:59 - [TEST_STEP][PASSED] - click(findTestObject("Object Repository/NavSideBar/a_Logout")): Object: 'Object Repository/NavSideBar/a_Logout' is clicked on

2023-05-12 17:26:59 - [MESSAGE][PASSED] - Object: 'Object Repository/NavSideBar/a_Logout' is clicked on

2023-05-12 17:26:59 - [TEST_STEP][PASSED] - verifyElementVisible(findTestObject("Object Repository/Page_Swag Labs/input_Swag Labs_user-name")): Object 'Object Repository/Page_Swag Labs/input_Swag Labs_user-name' is visible

2023-05-12 17:26:59 - [MESSAGE][PASSED] - Object 'Object Repository/Page_Swag Labs/input_Swag Labs_user-name' is visible

2023-05-12 17:27:00 - [TEST_STEP][PASSED] - closeBrowser(): Browser is closed

2023-05-12 17:27:00 - [MESSAGE][PASSED] - Browser is closed]]></system-out>
         <system-err><![CDATA[]]></system-err>
      </testcase>
      <testcase name="Test Cases/test-flow-1-buy-1-product" time="11.72" classname="Test Cases/test-flow-1-buy-1-product" status="PASSED">
         <system-out><![CDATA[2023-05-12 17:27:00 - [TEST_CASE][PASSED] - Test Cases/test-flow-1-buy-1-product: Test Cases/test-flow-1-buy-1-product

2023-05-12 17:27:00 - [TEST_STEP][PASSED] - openBrowser("https://www.saucedemo.com/"): Browser is opened with url: 'https://www.saucedemo.com/'

2023-05-12 17:27:00 - [MESSAGE][INFO] - Starting 'Chrome' driver

2023-05-12 17:27:00 - [MESSAGE][INFO] - Action delay is set to 0 milliseconds

2023-05-12 17:27:02 - [MESSAGE][PASSED] - Browser is opened with url: 'https://www.saucedemo.com/'

2023-05-12 17:27:02 - [TEST_STEP][PASSED] - click(findTestObject("Object Repository/Page_Swag Labs/input_Swag Labs_user-name")): Object: 'Object Repository/Page_Swag Labs/input_Swag Labs_user-name' is clicked on

2023-05-12 17:27:03 - [MESSAGE][PASSED] - Object: 'Object Repository/Page_Swag Labs/input_Swag Labs_user-name' is clicked on

2023-05-12 17:27:03 - [TEST_STEP][PASSED] - sendKeys(findTestObject("Object Repository/Page_Swag Labs/input_Swag Labs_user-name"), "standard_user"): Keys 'standard_user' sent to object: 'Object Repository/Page_Swag Labs/input_Swag Labs_user-name'

2023-05-12 17:27:03 - [MESSAGE][PASSED] - Keys 'standard_user' sent to object: 'Object Repository/Page_Swag Labs/input_Swag Labs_user-name'

2023-05-12 17:27:03 - [TEST_STEP][PASSED] - click(findTestObject("Object Repository/Page_Swag Labs/input_Swag Labs_password")): Object: 'Object Repository/Page_Swag Labs/input_Swag Labs_password' is clicked on

2023-05-12 17:27:03 - [MESSAGE][PASSED] - Object: 'Object Repository/Page_Swag Labs/input_Swag Labs_password' is clicked on

2023-05-12 17:27:03 - [TEST_STEP][PASSED] - sendKeys(findTestObject("Object Repository/Page_Swag Labs/input_Swag Labs_password"), "secret_sauce"): Keys 'secret_sauce' sent to object: 'Object Repository/Page_Swag Labs/input_Swag Labs_password'

2023-05-12 17:27:04 - [MESSAGE][PASSED] - Keys 'secret_sauce' sent to object: 'Object Repository/Page_Swag Labs/input_Swag Labs_password'

2023-05-12 17:27:04 - [TEST_STEP][PASSED] - click(findTestObject("Object Repository/Page_Swag Labs/input_Swag Labs_login-button")): Object: 'Object Repository/Page_Swag Labs/input_Swag Labs_login-button' is clicked on

2023-05-12 17:27:04 - [MESSAGE][PASSED] - Object: 'Object Repository/Page_Swag Labs/input_Swag Labs_login-button' is clicked on

2023-05-12 17:27:04 - [TEST_STEP][PASSED] - click(findTestObject("Object Repository/inventoryPage/Backpack")): Object: 'Object Repository/inventoryPage/Backpack' is clicked on

2023-05-12 17:27:04 - [MESSAGE][PASSED] - Object: 'Object Repository/inventoryPage/Backpack' is clicked on

2023-05-12 17:27:04 - [TEST_STEP][PASSED] - click(findTestObject("Object Repository/inventoryPage/button_Add to cart")): Object: 'Object Repository/inventoryPage/button_Add to cart' is clicked on

2023-05-12 17:27:05 - [MESSAGE][PASSED] - Object: 'Object Repository/inventoryPage/button_Add to cart' is clicked on

2023-05-12 17:27:05 - [TEST_STEP][PASSED] - click(findTestObject("Object Repository/inventoryPage/products_back-image")): Object: 'Object Repository/inventoryPage/products_back-image' is clicked on

2023-05-12 17:27:05 - [MESSAGE][PASSED] - Object: 'Object Repository/inventoryPage/products_back-image' is clicked on

2023-05-12 17:27:05 - [TEST_STEP][PASSED] - click(findTestObject("Object Repository/inventoryPage/cart")): Object: 'Object Repository/inventoryPage/cart' is clicked on

2023-05-12 17:27:06 - [MESSAGE][PASSED] - Object: 'Object Repository/inventoryPage/cart' is clicked on

2023-05-12 17:27:06 - [TEST_STEP][PASSED] - click(findTestObject("Object Repository/CheckoutPage/button_Checkout")): Object: 'Object Repository/CheckoutPage/button_Checkout' is clicked on

2023-05-12 17:27:06 - [MESSAGE][PASSED] - Object: 'Object Repository/CheckoutPage/button_Checkout' is clicked on

2023-05-12 17:27:06 - [TEST_STEP][PASSED] - sendKeys(findTestObject("Object Repository/checkout-step-one/input_Checkout Your Information_firstName"), "demo"): Keys 'demo' sent to object: 'Object Repository/checkout-step-one/input_Checkout Your Information_firstName'

2023-05-12 17:27:07 - [MESSAGE][PASSED] - Keys 'demo' sent to object: 'Object Repository/checkout-step-one/input_Checkout Your Information_firstName'

2023-05-12 17:27:07 - [TEST_STEP][PASSED] - sendKeys(findTestObject("Object Repository/checkout-step-one/input_Checkout Your Information_lastName"), "qa test"): Keys 'qa test' sent to object: 'Object Repository/checkout-step-one/input_Checkout Your Information_lastName'

2023-05-12 17:27:08 - [MESSAGE][PASSED] - Keys 'qa test' sent to object: 'Object Repository/checkout-step-one/input_Checkout Your Information_lastName'

2023-05-12 17:27:08 - [TEST_STEP][PASSED] - sendKeys(findTestObject("Object Repository/checkout-step-one/input_Checkout Your Information_postalCode"), "9000"): Keys '9000' sent to object: 'Object Repository/checkout-step-one/input_Checkout Your Information_postalCode'

2023-05-12 17:27:08 - [MESSAGE][PASSED] - Keys '9000' sent to object: 'Object Repository/checkout-step-one/input_Checkout Your Information_postalCode'

2023-05-12 17:27:08 - [TEST_STEP][PASSED] - click(findTestObject("Object Repository/checkout-step-one/input_continue")): Object: 'Object Repository/checkout-step-one/input_continue' is clicked on

2023-05-12 17:27:09 - [MESSAGE][PASSED] - Object: 'Object Repository/checkout-step-one/input_continue' is clicked on

2023-05-12 17:27:09 - [TEST_STEP][PASSED] - click(findTestObject("Object Repository/finish checkout/button_Finish")): Object: 'Object Repository/finish checkout/button_Finish' is clicked on

2023-05-12 17:27:09 - [MESSAGE][PASSED] - Object: 'Object Repository/finish checkout/button_Finish' is clicked on

2023-05-12 17:27:09 - [TEST_STEP][PASSED] - verifyElementVisible(findTestObject("Object Repository/order-success/h2_Thank you for your order")): Object 'Object Repository/order-success/h2_Thank you for your order' is visible

2023-05-12 17:27:10 - [MESSAGE][PASSED] - Object 'Object Repository/order-success/h2_Thank you for your order' is visible

2023-05-12 17:27:10 - [TEST_STEP][PASSED] - click(findTestObject("Object Repository/NavSideBar/sidebar")): Object: 'Object Repository/NavSideBar/sidebar' is clicked on

2023-05-12 17:27:10 - [MESSAGE][PASSED] - Object: 'Object Repository/NavSideBar/sidebar' is clicked on

2023-05-12 17:27:10 - [TEST_STEP][PASSED] - click(findTestObject("Object Repository/NavSideBar/a_Logout")): Object: 'Object Repository/NavSideBar/a_Logout' is clicked on

2023-05-12 17:27:11 - [MESSAGE][PASSED] - Object: 'Object Repository/NavSideBar/a_Logout' is clicked on

2023-05-12 17:27:11 - [TEST_STEP][PASSED] - verifyElementVisible(findTestObject("Object Repository/Page_Swag Labs/input_Swag Labs_user-name")): Object 'Object Repository/Page_Swag Labs/input_Swag Labs_user-name' is visible

2023-05-12 17:27:11 - [MESSAGE][PASSED] - Object 'Object Repository/Page_Swag Labs/input_Swag Labs_user-name' is visible

2023-05-12 17:27:11 - [TEST_STEP][PASSED] - closeBrowser(): Browser is closed

2023-05-12 17:27:12 - [MESSAGE][PASSED] - Browser is closed]]></system-out>
         <system-err><![CDATA[]]></system-err>
      </testcase>
      <testcase name="Test Cases/test-flow-1-buy-1-product" time="11.736" classname="Test Cases/test-flow-1-buy-1-product" status="PASSED">
         <system-out><![CDATA[2023-05-12 17:27:12 - [TEST_CASE][PASSED] - Test Cases/test-flow-1-buy-1-product: Test Cases/test-flow-1-buy-1-product

2023-05-12 17:27:12 - [TEST_STEP][PASSED] - openBrowser("https://www.saucedemo.com/"): Browser is opened with url: 'https://www.saucedemo.com/'

2023-05-12 17:27:12 - [MESSAGE][INFO] - Starting 'Chrome' driver

2023-05-12 17:27:12 - [MESSAGE][INFO] - Action delay is set to 0 milliseconds

2023-05-12 17:27:14 - [MESSAGE][PASSED] - Browser is opened with url: 'https://www.saucedemo.com/'

2023-05-12 17:27:14 - [TEST_STEP][PASSED] - click(findTestObject("Object Repository/Page_Swag Labs/input_Swag Labs_user-name")): Object: 'Object Repository/Page_Swag Labs/input_Swag Labs_user-name' is clicked on

2023-05-12 17:27:14 - [MESSAGE][PASSED] - Object: 'Object Repository/Page_Swag Labs/input_Swag Labs_user-name' is clicked on

2023-05-12 17:27:14 - [TEST_STEP][PASSED] - sendKeys(findTestObject("Object Repository/Page_Swag Labs/input_Swag Labs_user-name"), "standard_user"): Keys 'standard_user' sent to object: 'Object Repository/Page_Swag Labs/input_Swag Labs_user-name'

2023-05-12 17:27:15 - [MESSAGE][PASSED] - Keys 'standard_user' sent to object: 'Object Repository/Page_Swag Labs/input_Swag Labs_user-name'

2023-05-12 17:27:15 - [TEST_STEP][PASSED] - click(findTestObject("Object Repository/Page_Swag Labs/input_Swag Labs_password")): Object: 'Object Repository/Page_Swag Labs/input_Swag Labs_password' is clicked on

2023-05-12 17:27:15 - [MESSAGE][PASSED] - Object: 'Object Repository/Page_Swag Labs/input_Swag Labs_password' is clicked on

2023-05-12 17:27:15 - [TEST_STEP][PASSED] - sendKeys(findTestObject("Object Repository/Page_Swag Labs/input_Swag Labs_password"), "secret_sauce"): Keys 'secret_sauce' sent to object: 'Object Repository/Page_Swag Labs/input_Swag Labs_password'

2023-05-12 17:27:15 - [MESSAGE][PASSED] - Keys 'secret_sauce' sent to object: 'Object Repository/Page_Swag Labs/input_Swag Labs_password'

2023-05-12 17:27:15 - [TEST_STEP][PASSED] - click(findTestObject("Object Repository/Page_Swag Labs/input_Swag Labs_login-button")): Object: 'Object Repository/Page_Swag Labs/input_Swag Labs_login-button' is clicked on

2023-05-12 17:27:16 - [MESSAGE][PASSED] - Object: 'Object Repository/Page_Swag Labs/input_Swag Labs_login-button' is clicked on

2023-05-12 17:27:16 - [TEST_STEP][PASSED] - click(findTestObject("Object Repository/inventoryPage/Backpack")): Object: 'Object Repository/inventoryPage/Backpack' is clicked on

2023-05-12 17:27:16 - [MESSAGE][PASSED] - Object: 'Object Repository/inventoryPage/Backpack' is clicked on

2023-05-12 17:27:16 - [TEST_STEP][PASSED] - click(findTestObject("Object Repository/inventoryPage/button_Add to cart")): Object: 'Object Repository/inventoryPage/button_Add to cart' is clicked on

2023-05-12 17:27:17 - [MESSAGE][PASSED] - Object: 'Object Repository/inventoryPage/button_Add to cart' is clicked on

2023-05-12 17:27:17 - [TEST_STEP][PASSED] - click(findTestObject("Object Repository/inventoryPage/products_back-image")): Object: 'Object Repository/inventoryPage/products_back-image' is clicked on

2023-05-12 17:27:17 - [MESSAGE][PASSED] - Object: 'Object Repository/inventoryPage/products_back-image' is clicked on

2023-05-12 17:27:17 - [TEST_STEP][PASSED] - click(findTestObject("Object Repository/inventoryPage/cart")): Object: 'Object Repository/inventoryPage/cart' is clicked on

2023-05-12 17:27:18 - [MESSAGE][PASSED] - Object: 'Object Repository/inventoryPage/cart' is clicked on

2023-05-12 17:27:18 - [TEST_STEP][PASSED] - click(findTestObject("Object Repository/CheckoutPage/button_Checkout")): Object: 'Object Repository/CheckoutPage/button_Checkout' is clicked on

2023-05-12 17:27:18 - [MESSAGE][PASSED] - Object: 'Object Repository/CheckoutPage/button_Checkout' is clicked on

2023-05-12 17:27:18 - [TEST_STEP][PASSED] - sendKeys(findTestObject("Object Repository/checkout-step-one/input_Checkout Your Information_firstName"), "demo"): Keys 'demo' sent to object: 'Object Repository/checkout-step-one/input_Checkout Your Information_firstName'

2023-05-12 17:27:19 - [MESSAGE][PASSED] - Keys 'demo' sent to object: 'Object Repository/checkout-step-one/input_Checkout Your Information_firstName'

2023-05-12 17:27:19 - [TEST_STEP][PASSED] - sendKeys(findTestObject("Object Repository/checkout-step-one/input_Checkout Your Information_lastName"), "qa test"): Keys 'qa test' sent to object: 'Object Repository/checkout-step-one/input_Checkout Your Information_lastName'

2023-05-12 17:27:19 - [MESSAGE][PASSED] - Keys 'qa test' sent to object: 'Object Repository/checkout-step-one/input_Checkout Your Information_lastName'

2023-05-12 17:27:19 - [TEST_STEP][PASSED] - sendKeys(findTestObject("Object Repository/checkout-step-one/input_Checkout Your Information_postalCode"), "9000"): Keys '9000' sent to object: 'Object Repository/checkout-step-one/input_Checkout Your Information_postalCode'

2023-05-12 17:27:20 - [MESSAGE][PASSED] - Keys '9000' sent to object: 'Object Repository/checkout-step-one/input_Checkout Your Information_postalCode'

2023-05-12 17:27:20 - [TEST_STEP][PASSED] - click(findTestObject("Object Repository/checkout-step-one/input_continue")): Object: 'Object Repository/checkout-step-one/input_continue' is clicked on

2023-05-12 17:27:20 - [MESSAGE][PASSED] - Object: 'Object Repository/checkout-step-one/input_continue' is clicked on

2023-05-12 17:27:20 - [TEST_STEP][PASSED] - click(findTestObject("Object Repository/finish checkout/button_Finish")): Object: 'Object Repository/finish checkout/button_Finish' is clicked on

2023-05-12 17:27:21 - [MESSAGE][PASSED] - Object: 'Object Repository/finish checkout/button_Finish' is clicked on

2023-05-12 17:27:21 - [TEST_STEP][PASSED] - verifyElementVisible(findTestObject("Object Repository/order-success/h2_Thank you for your order")): Object 'Object Repository/order-success/h2_Thank you for your order' is visible

2023-05-12 17:27:22 - [MESSAGE][PASSED] - Object 'Object Repository/order-success/h2_Thank you for your order' is visible

2023-05-12 17:27:22 - [TEST_STEP][PASSED] - click(findTestObject("Object Repository/NavSideBar/sidebar")): Object: 'Object Repository/NavSideBar/sidebar' is clicked on

2023-05-12 17:27:22 - [MESSAGE][PASSED] - Object: 'Object Repository/NavSideBar/sidebar' is clicked on

2023-05-12 17:27:22 - [TEST_STEP][PASSED] - click(findTestObject("Object Repository/NavSideBar/a_Logout")): Object: 'Object Repository/NavSideBar/a_Logout' is clicked on

2023-05-12 17:27:22 - [MESSAGE][PASSED] - Object: 'Object Repository/NavSideBar/a_Logout' is clicked on

2023-05-12 17:27:22 - [TEST_STEP][PASSED] - verifyElementVisible(findTestObject("Object Repository/Page_Swag Labs/input_Swag Labs_user-name")): Object 'Object Repository/Page_Swag Labs/input_Swag Labs_user-name' is visible

2023-05-12 17:27:23 - [MESSAGE][PASSED] - Object 'Object Repository/Page_Swag Labs/input_Swag Labs_user-name' is visible

2023-05-12 17:27:23 - [TEST_STEP][PASSED] - closeBrowser(): Browser is closed

2023-05-12 17:27:24 - [MESSAGE][PASSED] - Browser is closed]]></system-out>
         <system-err><![CDATA[]]></system-err>
      </testcase>
      <testcase name="Test Cases/test-flow-1-buy-1-product" time="11.838" classname="Test Cases/test-flow-1-buy-1-product" status="PASSED">
         <system-out><![CDATA[2023-05-12 17:27:24 - [TEST_CASE][PASSED] - Test Cases/test-flow-1-buy-1-product: Test Cases/test-flow-1-buy-1-product

2023-05-12 17:27:24 - [TEST_STEP][PASSED] - openBrowser("https://www.saucedemo.com/"): Browser is opened with url: 'https://www.saucedemo.com/'

2023-05-12 17:27:24 - [MESSAGE][INFO] - Starting 'Chrome' driver

2023-05-12 17:27:24 - [MESSAGE][INFO] - Action delay is set to 0 milliseconds

2023-05-12 17:27:26 - [MESSAGE][PASSED] - Browser is opened with url: 'https://www.saucedemo.com/'

2023-05-12 17:27:26 - [TEST_STEP][PASSED] - click(findTestObject("Object Repository/Page_Swag Labs/input_Swag Labs_user-name")): Object: 'Object Repository/Page_Swag Labs/input_Swag Labs_user-name' is clicked on

2023-05-12 17:27:26 - [MESSAGE][PASSED] - Object: 'Object Repository/Page_Swag Labs/input_Swag Labs_user-name' is clicked on

2023-05-12 17:27:26 - [TEST_STEP][PASSED] - sendKeys(findTestObject("Object Repository/Page_Swag Labs/input_Swag Labs_user-name"), "standard_user"): Keys 'standard_user' sent to object: 'Object Repository/Page_Swag Labs/input_Swag Labs_user-name'

2023-05-12 17:27:26 - [MESSAGE][PASSED] - Keys 'standard_user' sent to object: 'Object Repository/Page_Swag Labs/input_Swag Labs_user-name'

2023-05-12 17:27:26 - [TEST_STEP][PASSED] - click(findTestObject("Object Repository/Page_Swag Labs/input_Swag Labs_password")): Object: 'Object Repository/Page_Swag Labs/input_Swag Labs_password' is clicked on

2023-05-12 17:27:27 - [MESSAGE][PASSED] - Object: 'Object Repository/Page_Swag Labs/input_Swag Labs_password' is clicked on

2023-05-12 17:27:27 - [TEST_STEP][PASSED] - sendKeys(findTestObject("Object Repository/Page_Swag Labs/input_Swag Labs_password"), "secret_sauce"): Keys 'secret_sauce' sent to object: 'Object Repository/Page_Swag Labs/input_Swag Labs_password'

2023-05-12 17:27:27 - [MESSAGE][PASSED] - Keys 'secret_sauce' sent to object: 'Object Repository/Page_Swag Labs/input_Swag Labs_password'

2023-05-12 17:27:27 - [TEST_STEP][PASSED] - click(findTestObject("Object Repository/Page_Swag Labs/input_Swag Labs_login-button")): Object: 'Object Repository/Page_Swag Labs/input_Swag Labs_login-button' is clicked on

2023-05-12 17:27:27 - [MESSAGE][PASSED] - Object: 'Object Repository/Page_Swag Labs/input_Swag Labs_login-button' is clicked on

2023-05-12 17:27:27 - [TEST_STEP][PASSED] - click(findTestObject("Object Repository/inventoryPage/Backpack")): Object: 'Object Repository/inventoryPage/Backpack' is clicked on

2023-05-12 17:27:28 - [MESSAGE][PASSED] - Object: 'Object Repository/inventoryPage/Backpack' is clicked on

2023-05-12 17:27:28 - [TEST_STEP][PASSED] - click(findTestObject("Object Repository/inventoryPage/button_Add to cart")): Object: 'Object Repository/inventoryPage/button_Add to cart' is clicked on

2023-05-12 17:27:28 - [MESSAGE][PASSED] - Object: 'Object Repository/inventoryPage/button_Add to cart' is clicked on

2023-05-12 17:27:28 - [TEST_STEP][PASSED] - click(findTestObject("Object Repository/inventoryPage/products_back-image")): Object: 'Object Repository/inventoryPage/products_back-image' is clicked on

2023-05-12 17:27:29 - [MESSAGE][PASSED] - Object: 'Object Repository/inventoryPage/products_back-image' is clicked on

2023-05-12 17:27:29 - [TEST_STEP][PASSED] - click(findTestObject("Object Repository/inventoryPage/cart")): Object: 'Object Repository/inventoryPage/cart' is clicked on

2023-05-12 17:27:29 - [MESSAGE][PASSED] - Object: 'Object Repository/inventoryPage/cart' is clicked on

2023-05-12 17:27:29 - [TEST_STEP][PASSED] - click(findTestObject("Object Repository/CheckoutPage/button_Checkout")): Object: 'Object Repository/CheckoutPage/button_Checkout' is clicked on

2023-05-12 17:27:30 - [MESSAGE][PASSED] - Object: 'Object Repository/CheckoutPage/button_Checkout' is clicked on

2023-05-12 17:27:30 - [TEST_STEP][PASSED] - sendKeys(findTestObject("Object Repository/checkout-step-one/input_Checkout Your Information_firstName"), "demo"): Keys 'demo' sent to object: 'Object Repository/checkout-step-one/input_Checkout Your Information_firstName'

2023-05-12 17:27:30 - [MESSAGE][PASSED] - Keys 'demo' sent to object: 'Object Repository/checkout-step-one/input_Checkout Your Information_firstName'

2023-05-12 17:27:30 - [TEST_STEP][PASSED] - sendKeys(findTestObject("Object Repository/checkout-step-one/input_Checkout Your Information_lastName"), "qa test"): Keys 'qa test' sent to object: 'Object Repository/checkout-step-one/input_Checkout Your Information_lastName'

2023-05-12 17:27:31 - [MESSAGE][PASSED] - Keys 'qa test' sent to object: 'Object Repository/checkout-step-one/input_Checkout Your Information_lastName'

2023-05-12 17:27:31 - [TEST_STEP][PASSED] - sendKeys(findTestObject("Object Repository/checkout-step-one/input_Checkout Your Information_postalCode"), "9000"): Keys '9000' sent to object: 'Object Repository/checkout-step-one/input_Checkout Your Information_postalCode'

2023-05-12 17:27:32 - [MESSAGE][PASSED] - Keys '9000' sent to object: 'Object Repository/checkout-step-one/input_Checkout Your Information_postalCode'

2023-05-12 17:27:32 - [TEST_STEP][PASSED] - click(findTestObject("Object Repository/checkout-step-one/input_continue")): Object: 'Object Repository/checkout-step-one/input_continue' is clicked on

2023-05-12 17:27:32 - [MESSAGE][PASSED] - Object: 'Object Repository/checkout-step-one/input_continue' is clicked on

2023-05-12 17:27:32 - [TEST_STEP][PASSED] - click(findTestObject("Object Repository/finish checkout/button_Finish")): Object: 'Object Repository/finish checkout/button_Finish' is clicked on

2023-05-12 17:27:33 - [MESSAGE][PASSED] - Object: 'Object Repository/finish checkout/button_Finish' is clicked on

2023-05-12 17:27:33 - [TEST_STEP][PASSED] - verifyElementVisible(findTestObject("Object Repository/order-success/h2_Thank you for your order")): Object 'Object Repository/order-success/h2_Thank you for your order' is visible

2023-05-12 17:27:33 - [MESSAGE][PASSED] - Object 'Object Repository/order-success/h2_Thank you for your order' is visible

2023-05-12 17:27:33 - [TEST_STEP][PASSED] - click(findTestObject("Object Repository/NavSideBar/sidebar")): Object: 'Object Repository/NavSideBar/sidebar' is clicked on

2023-05-12 17:27:34 - [MESSAGE][PASSED] - Object: 'Object Repository/NavSideBar/sidebar' is clicked on

2023-05-12 17:27:34 - [TEST_STEP][PASSED] - click(findTestObject("Object Repository/NavSideBar/a_Logout")): Object: 'Object Repository/NavSideBar/a_Logout' is clicked on

2023-05-12 17:27:34 - [MESSAGE][PASSED] - Object: 'Object Repository/NavSideBar/a_Logout' is clicked on

2023-05-12 17:27:34 - [TEST_STEP][PASSED] - verifyElementVisible(findTestObject("Object Repository/Page_Swag Labs/input_Swag Labs_user-name")): Object 'Object Repository/Page_Swag Labs/input_Swag Labs_user-name' is visible

2023-05-12 17:27:35 - [MESSAGE][PASSED] - Object 'Object Repository/Page_Swag Labs/input_Swag Labs_user-name' is visible

2023-05-12 17:27:35 - [TEST_STEP][PASSED] - closeBrowser(): Browser is closed

2023-05-12 17:27:36 - [MESSAGE][PASSED] - Browser is closed]]></system-out>
         <system-err><![CDATA[]]></system-err>
      </testcase>
      <testcase name="Test Cases/test-flow-1-buy-1-product" time="12.15" classname="Test Cases/test-flow-1-buy-1-product" status="PASSED">
         <system-out><![CDATA[2023-05-12 17:27:36 - [TEST_CASE][PASSED] - Test Cases/test-flow-1-buy-1-product: Test Cases/test-flow-1-buy-1-product

2023-05-12 17:27:36 - [TEST_STEP][PASSED] - openBrowser("https://www.saucedemo.com/"): Browser is opened with url: 'https://www.saucedemo.com/'

2023-05-12 17:27:36 - [MESSAGE][INFO] - Starting 'Chrome' driver

2023-05-12 17:27:36 - [MESSAGE][INFO] - Action delay is set to 0 milliseconds

2023-05-12 17:27:38 - [MESSAGE][PASSED] - Browser is opened with url: 'https://www.saucedemo.com/'

2023-05-12 17:27:38 - [TEST_STEP][PASSED] - click(findTestObject("Object Repository/Page_Swag Labs/input_Swag Labs_user-name")): Object: 'Object Repository/Page_Swag Labs/input_Swag Labs_user-name' is clicked on

2023-05-12 17:27:38 - [MESSAGE][PASSED] - Object: 'Object Repository/Page_Swag Labs/input_Swag Labs_user-name' is clicked on

2023-05-12 17:27:38 - [TEST_STEP][PASSED] - sendKeys(findTestObject("Object Repository/Page_Swag Labs/input_Swag Labs_user-name"), "standard_user"): Keys 'standard_user' sent to object: 'Object Repository/Page_Swag Labs/input_Swag Labs_user-name'

2023-05-12 17:27:38 - [MESSAGE][PASSED] - Keys 'standard_user' sent to object: 'Object Repository/Page_Swag Labs/input_Swag Labs_user-name'

2023-05-12 17:27:38 - [TEST_STEP][PASSED] - click(findTestObject("Object Repository/Page_Swag Labs/input_Swag Labs_password")): Object: 'Object Repository/Page_Swag Labs/input_Swag Labs_password' is clicked on

2023-05-12 17:27:39 - [MESSAGE][PASSED] - Object: 'Object Repository/Page_Swag Labs/input_Swag Labs_password' is clicked on

2023-05-12 17:27:39 - [TEST_STEP][PASSED] - sendKeys(findTestObject("Object Repository/Page_Swag Labs/input_Swag Labs_password"), "secret_sauce"): Keys 'secret_sauce' sent to object: 'Object Repository/Page_Swag Labs/input_Swag Labs_password'

2023-05-12 17:27:39 - [MESSAGE][PASSED] - Keys 'secret_sauce' sent to object: 'Object Repository/Page_Swag Labs/input_Swag Labs_password'

2023-05-12 17:27:39 - [TEST_STEP][PASSED] - click(findTestObject("Object Repository/Page_Swag Labs/input_Swag Labs_login-button")): Object: 'Object Repository/Page_Swag Labs/input_Swag Labs_login-button' is clicked on

2023-05-12 17:27:39 - [MESSAGE][PASSED] - Object: 'Object Repository/Page_Swag Labs/input_Swag Labs_login-button' is clicked on

2023-05-12 17:27:39 - [TEST_STEP][PASSED] - click(findTestObject("Object Repository/inventoryPage/Backpack")): Object: 'Object Repository/inventoryPage/Backpack' is clicked on

2023-05-12 17:27:40 - [MESSAGE][PASSED] - Object: 'Object Repository/inventoryPage/Backpack' is clicked on

2023-05-12 17:27:40 - [TEST_STEP][PASSED] - click(findTestObject("Object Repository/inventoryPage/button_Add to cart")): Object: 'Object Repository/inventoryPage/button_Add to cart' is clicked on

2023-05-12 17:27:40 - [MESSAGE][PASSED] - Object: 'Object Repository/inventoryPage/button_Add to cart' is clicked on

2023-05-12 17:27:40 - [TEST_STEP][PASSED] - click(findTestObject("Object Repository/inventoryPage/products_back-image")): Object: 'Object Repository/inventoryPage/products_back-image' is clicked on

2023-05-12 17:27:41 - [MESSAGE][PASSED] - Object: 'Object Repository/inventoryPage/products_back-image' is clicked on

2023-05-12 17:27:41 - [TEST_STEP][PASSED] - click(findTestObject("Object Repository/inventoryPage/cart")): Object: 'Object Repository/inventoryPage/cart' is clicked on

2023-05-12 17:27:41 - [MESSAGE][PASSED] - Object: 'Object Repository/inventoryPage/cart' is clicked on

2023-05-12 17:27:41 - [TEST_STEP][PASSED] - click(findTestObject("Object Repository/CheckoutPage/button_Checkout")): Object: 'Object Repository/CheckoutPage/button_Checkout' is clicked on

2023-05-12 17:27:42 - [MESSAGE][PASSED] - Object: 'Object Repository/CheckoutPage/button_Checkout' is clicked on

2023-05-12 17:27:42 - [TEST_STEP][PASSED] - sendKeys(findTestObject("Object Repository/checkout-step-one/input_Checkout Your Information_firstName"), "demo"): Keys 'demo' sent to object: 'Object Repository/checkout-step-one/input_Checkout Your Information_firstName'

2023-05-12 17:27:43 - [MESSAGE][PASSED] - Keys 'demo' sent to object: 'Object Repository/checkout-step-one/input_Checkout Your Information_firstName'

2023-05-12 17:27:43 - [TEST_STEP][PASSED] - sendKeys(findTestObject("Object Repository/checkout-step-one/input_Checkout Your Information_lastName"), "qa test"): Keys 'qa test' sent to object: 'Object Repository/checkout-step-one/input_Checkout Your Information_lastName'

2023-05-12 17:27:43 - [MESSAGE][PASSED] - Keys 'qa test' sent to object: 'Object Repository/checkout-step-one/input_Checkout Your Information_lastName'

2023-05-12 17:27:43 - [TEST_STEP][PASSED] - sendKeys(findTestObject("Object Repository/checkout-step-one/input_Checkout Your Information_postalCode"), "9000"): Keys '9000' sent to object: 'Object Repository/checkout-step-one/input_Checkout Your Information_postalCode'

2023-05-12 17:27:44 - [MESSAGE][PASSED] - Keys '9000' sent to object: 'Object Repository/checkout-step-one/input_Checkout Your Information_postalCode'

2023-05-12 17:27:44 - [TEST_STEP][PASSED] - click(findTestObject("Object Repository/checkout-step-one/input_continue")): Object: 'Object Repository/checkout-step-one/input_continue' is clicked on

2023-05-12 17:27:44 - [MESSAGE][PASSED] - Object: 'Object Repository/checkout-step-one/input_continue' is clicked on

2023-05-12 17:27:44 - [TEST_STEP][PASSED] - click(findTestObject("Object Repository/finish checkout/button_Finish")): Object: 'Object Repository/finish checkout/button_Finish' is clicked on

2023-05-12 17:27:45 - [MESSAGE][PASSED] - Object: 'Object Repository/finish checkout/button_Finish' is clicked on

2023-05-12 17:27:45 - [TEST_STEP][PASSED] - verifyElementVisible(findTestObject("Object Repository/order-success/h2_Thank you for your order")): Object 'Object Repository/order-success/h2_Thank you for your order' is visible

2023-05-12 17:27:45 - [MESSAGE][PASSED] - Object 'Object Repository/order-success/h2_Thank you for your order' is visible

2023-05-12 17:27:45 - [TEST_STEP][PASSED] - click(findTestObject("Object Repository/NavSideBar/sidebar")): Object: 'Object Repository/NavSideBar/sidebar' is clicked on

2023-05-12 17:27:46 - [MESSAGE][PASSED] - Object: 'Object Repository/NavSideBar/sidebar' is clicked on

2023-05-12 17:27:46 - [TEST_STEP][PASSED] - click(findTestObject("Object Repository/NavSideBar/a_Logout")): Object: 'Object Repository/NavSideBar/a_Logout' is clicked on

2023-05-12 17:27:46 - [MESSAGE][PASSED] - Object: 'Object Repository/NavSideBar/a_Logout' is clicked on

2023-05-12 17:27:46 - [TEST_STEP][PASSED] - verifyElementVisible(findTestObject("Object Repository/Page_Swag Labs/input_Swag Labs_user-name")): Object 'Object Repository/Page_Swag Labs/input_Swag Labs_user-name' is visible

2023-05-12 17:27:47 - [MESSAGE][PASSED] - Object 'Object Repository/Page_Swag Labs/input_Swag Labs_user-name' is visible

2023-05-12 17:27:47 - [TEST_STEP][PASSED] - closeBrowser(): Browser is closed

2023-05-12 17:27:48 - [MESSAGE][PASSED] - Browser is closed]]></system-out>
         <system-err><![CDATA[]]></system-err>
      </testcase>
      <testcase name="Test Cases/test-flow-1-buy-1-product" time="11.926" classname="Test Cases/test-flow-1-buy-1-product" status="PASSED">
         <system-out><![CDATA[2023-05-12 17:27:48 - [TEST_CASE][PASSED] - Test Cases/test-flow-1-buy-1-product: Test Cases/test-flow-1-buy-1-product

2023-05-12 17:27:48 - [TEST_STEP][PASSED] - openBrowser("https://www.saucedemo.com/"): Browser is opened with url: 'https://www.saucedemo.com/'

2023-05-12 17:27:48 - [MESSAGE][INFO] - Starting 'Chrome' driver

2023-05-12 17:27:48 - [MESSAGE][INFO] - Action delay is set to 0 milliseconds

2023-05-12 17:27:50 - [MESSAGE][PASSED] - Browser is opened with url: 'https://www.saucedemo.com/'

2023-05-12 17:27:50 - [TEST_STEP][PASSED] - click(findTestObject("Object Repository/Page_Swag Labs/input_Swag Labs_user-name")): Object: 'Object Repository/Page_Swag Labs/input_Swag Labs_user-name' is clicked on

2023-05-12 17:27:50 - [MESSAGE][PASSED] - Object: 'Object Repository/Page_Swag Labs/input_Swag Labs_user-name' is clicked on

2023-05-12 17:27:50 - [TEST_STEP][PASSED] - sendKeys(findTestObject("Object Repository/Page_Swag Labs/input_Swag Labs_user-name"), "standard_user"): Keys 'standard_user' sent to object: 'Object Repository/Page_Swag Labs/input_Swag Labs_user-name'

2023-05-12 17:27:50 - [MESSAGE][PASSED] - Keys 'standard_user' sent to object: 'Object Repository/Page_Swag Labs/input_Swag Labs_user-name'

2023-05-12 17:27:50 - [TEST_STEP][PASSED] - click(findTestObject("Object Repository/Page_Swag Labs/input_Swag Labs_password")): Object: 'Object Repository/Page_Swag Labs/input_Swag Labs_password' is clicked on

2023-05-12 17:27:51 - [MESSAGE][PASSED] - Object: 'Object Repository/Page_Swag Labs/input_Swag Labs_password' is clicked on

2023-05-12 17:27:51 - [TEST_STEP][PASSED] - sendKeys(findTestObject("Object Repository/Page_Swag Labs/input_Swag Labs_password"), "secret_sauce"): Keys 'secret_sauce' sent to object: 'Object Repository/Page_Swag Labs/input_Swag Labs_password'

2023-05-12 17:27:51 - [MESSAGE][PASSED] - Keys 'secret_sauce' sent to object: 'Object Repository/Page_Swag Labs/input_Swag Labs_password'

2023-05-12 17:27:51 - [TEST_STEP][PASSED] - click(findTestObject("Object Repository/Page_Swag Labs/input_Swag Labs_login-button")): Object: 'Object Repository/Page_Swag Labs/input_Swag Labs_login-button' is clicked on

2023-05-12 17:27:51 - [MESSAGE][PASSED] - Object: 'Object Repository/Page_Swag Labs/input_Swag Labs_login-button' is clicked on

2023-05-12 17:27:51 - [TEST_STEP][PASSED] - click(findTestObject("Object Repository/inventoryPage/Backpack")): Object: 'Object Repository/inventoryPage/Backpack' is clicked on

2023-05-12 17:27:52 - [MESSAGE][PASSED] - Object: 'Object Repository/inventoryPage/Backpack' is clicked on

2023-05-12 17:27:52 - [TEST_STEP][PASSED] - click(findTestObject("Object Repository/inventoryPage/button_Add to cart")): Object: 'Object Repository/inventoryPage/button_Add to cart' is clicked on

2023-05-12 17:27:52 - [MESSAGE][PASSED] - Object: 'Object Repository/inventoryPage/button_Add to cart' is clicked on

2023-05-12 17:27:52 - [TEST_STEP][PASSED] - click(findTestObject("Object Repository/inventoryPage/products_back-image")): Object: 'Object Repository/inventoryPage/products_back-image' is clicked on

2023-05-12 17:27:53 - [MESSAGE][PASSED] - Object: 'Object Repository/inventoryPage/products_back-image' is clicked on

2023-05-12 17:27:53 - [TEST_STEP][PASSED] - click(findTestObject("Object Repository/inventoryPage/cart")): Object: 'Object Repository/inventoryPage/cart' is clicked on

2023-05-12 17:27:53 - [MESSAGE][PASSED] - Object: 'Object Repository/inventoryPage/cart' is clicked on

2023-05-12 17:27:53 - [TEST_STEP][PASSED] - click(findTestObject("Object Repository/CheckoutPage/button_Checkout")): Object: 'Object Repository/CheckoutPage/button_Checkout' is clicked on

2023-05-12 17:27:54 - [MESSAGE][PASSED] - Object: 'Object Repository/CheckoutPage/button_Checkout' is clicked on

2023-05-12 17:27:54 - [TEST_STEP][PASSED] - sendKeys(findTestObject("Object Repository/checkout-step-one/input_Checkout Your Information_firstName"), "demo"): Keys 'demo' sent to object: 'Object Repository/checkout-step-one/input_Checkout Your Information_firstName'

2023-05-12 17:27:55 - [MESSAGE][PASSED] - Keys 'demo' sent to object: 'Object Repository/checkout-step-one/input_Checkout Your Information_firstName'

2023-05-12 17:27:55 - [TEST_STEP][PASSED] - sendKeys(findTestObject("Object Repository/checkout-step-one/input_Checkout Your Information_lastName"), "qa test"): Keys 'qa test' sent to object: 'Object Repository/checkout-step-one/input_Checkout Your Information_lastName'

2023-05-12 17:27:55 - [MESSAGE][PASSED] - Keys 'qa test' sent to object: 'Object Repository/checkout-step-one/input_Checkout Your Information_lastName'

2023-05-12 17:27:55 - [TEST_STEP][PASSED] - sendKeys(findTestObject("Object Repository/checkout-step-one/input_Checkout Your Information_postalCode"), "9000"): Keys '9000' sent to object: 'Object Repository/checkout-step-one/input_Checkout Your Information_postalCode'

2023-05-12 17:27:56 - [MESSAGE][PASSED] - Keys '9000' sent to object: 'Object Repository/checkout-step-one/input_Checkout Your Information_postalCode'

2023-05-12 17:27:56 - [TEST_STEP][PASSED] - click(findTestObject("Object Repository/checkout-step-one/input_continue")): Object: 'Object Repository/checkout-step-one/input_continue' is clicked on

2023-05-12 17:27:56 - [MESSAGE][PASSED] - Object: 'Object Repository/checkout-step-one/input_continue' is clicked on

2023-05-12 17:27:56 - [TEST_STEP][PASSED] - click(findTestObject("Object Repository/finish checkout/button_Finish")): Object: 'Object Repository/finish checkout/button_Finish' is clicked on

2023-05-12 17:27:57 - [MESSAGE][PASSED] - Object: 'Object Repository/finish checkout/button_Finish' is clicked on

2023-05-12 17:27:57 - [TEST_STEP][PASSED] - verifyElementVisible(findTestObject("Object Repository/order-success/h2_Thank you for your order")): Object 'Object Repository/order-success/h2_Thank you for your order' is visible

2023-05-12 17:27:57 - [MESSAGE][PASSED] - Object 'Object Repository/order-success/h2_Thank you for your order' is visible

2023-05-12 17:27:57 - [TEST_STEP][PASSED] - click(findTestObject("Object Repository/NavSideBar/sidebar")): Object: 'Object Repository/NavSideBar/sidebar' is clicked on

2023-05-12 17:27:58 - [MESSAGE][PASSED] - Object: 'Object Repository/NavSideBar/sidebar' is clicked on

2023-05-12 17:27:58 - [TEST_STEP][PASSED] - click(findTestObject("Object Repository/NavSideBar/a_Logout")): Object: 'Object Repository/NavSideBar/a_Logout' is clicked on

2023-05-12 17:27:58 - [MESSAGE][PASSED] - Object: 'Object Repository/NavSideBar/a_Logout' is clicked on

2023-05-12 17:27:58 - [TEST_STEP][PASSED] - verifyElementVisible(findTestObject("Object Repository/Page_Swag Labs/input_Swag Labs_user-name")): Object 'Object Repository/Page_Swag Labs/input_Swag Labs_user-name' is visible

2023-05-12 17:27:59 - [MESSAGE][PASSED] - Object 'Object Repository/Page_Swag Labs/input_Swag Labs_user-name' is visible

2023-05-12 17:27:59 - [TEST_STEP][PASSED] - closeBrowser(): Browser is closed

2023-05-12 17:28:00 - [MESSAGE][PASSED] - Browser is closed]]></system-out>
         <system-err><![CDATA[]]></system-err>
      </testcase>
      <testcase name="Test Cases/test-flow-1-buy-1-product" time="11.805" classname="Test Cases/test-flow-1-buy-1-product" status="PASSED">
         <system-out><![CDATA[2023-05-12 17:28:00 - [TEST_CASE][PASSED] - Test Cases/test-flow-1-buy-1-product: Test Cases/test-flow-1-buy-1-product

2023-05-12 17:28:00 - [TEST_STEP][PASSED] - openBrowser("https://www.saucedemo.com/"): Browser is opened with url: 'https://www.saucedemo.com/'

2023-05-12 17:28:00 - [MESSAGE][INFO] - Starting 'Chrome' driver

2023-05-12 17:28:00 - [MESSAGE][INFO] - Action delay is set to 0 milliseconds

2023-05-12 17:28:02 - [MESSAGE][PASSED] - Browser is opened with url: 'https://www.saucedemo.com/'

2023-05-12 17:28:02 - [TEST_STEP][PASSED] - click(findTestObject("Object Repository/Page_Swag Labs/input_Swag Labs_user-name")): Object: 'Object Repository/Page_Swag Labs/input_Swag Labs_user-name' is clicked on

2023-05-12 17:28:02 - [MESSAGE][PASSED] - Object: 'Object Repository/Page_Swag Labs/input_Swag Labs_user-name' is clicked on

2023-05-12 17:28:02 - [TEST_STEP][PASSED] - sendKeys(findTestObject("Object Repository/Page_Swag Labs/input_Swag Labs_user-name"), "standard_user"): Keys 'standard_user' sent to object: 'Object Repository/Page_Swag Labs/input_Swag Labs_user-name'

2023-05-12 17:28:02 - [MESSAGE][PASSED] - Keys 'standard_user' sent to object: 'Object Repository/Page_Swag Labs/input_Swag Labs_user-name'

2023-05-12 17:28:02 - [TEST_STEP][PASSED] - click(findTestObject("Object Repository/Page_Swag Labs/input_Swag Labs_password")): Object: 'Object Repository/Page_Swag Labs/input_Swag Labs_password' is clicked on

2023-05-12 17:28:03 - [MESSAGE][PASSED] - Object: 'Object Repository/Page_Swag Labs/input_Swag Labs_password' is clicked on

2023-05-12 17:28:03 - [TEST_STEP][PASSED] - sendKeys(findTestObject("Object Repository/Page_Swag Labs/input_Swag Labs_password"), "secret_sauce"): Keys 'secret_sauce' sent to object: 'Object Repository/Page_Swag Labs/input_Swag Labs_password'

2023-05-12 17:28:03 - [MESSAGE][PASSED] - Keys 'secret_sauce' sent to object: 'Object Repository/Page_Swag Labs/input_Swag Labs_password'

2023-05-12 17:28:03 - [TEST_STEP][PASSED] - click(findTestObject("Object Repository/Page_Swag Labs/input_Swag Labs_login-button")): Object: 'Object Repository/Page_Swag Labs/input_Swag Labs_login-button' is clicked on

2023-05-12 17:28:04 - [MESSAGE][PASSED] - Object: 'Object Repository/Page_Swag Labs/input_Swag Labs_login-button' is clicked on

2023-05-12 17:28:04 - [TEST_STEP][PASSED] - click(findTestObject("Object Repository/inventoryPage/Backpack")): Object: 'Object Repository/inventoryPage/Backpack' is clicked on

2023-05-12 17:28:04 - [MESSAGE][PASSED] - Object: 'Object Repository/inventoryPage/Backpack' is clicked on

2023-05-12 17:28:04 - [TEST_STEP][PASSED] - click(findTestObject("Object Repository/inventoryPage/button_Add to cart")): Object: 'Object Repository/inventoryPage/button_Add to cart' is clicked on

2023-05-12 17:28:04 - [MESSAGE][PASSED] - Object: 'Object Repository/inventoryPage/button_Add to cart' is clicked on

2023-05-12 17:28:04 - [TEST_STEP][PASSED] - click(findTestObject("Object Repository/inventoryPage/products_back-image")): Object: 'Object Repository/inventoryPage/products_back-image' is clicked on

2023-05-12 17:28:05 - [MESSAGE][PASSED] - Object: 'Object Repository/inventoryPage/products_back-image' is clicked on

2023-05-12 17:28:05 - [TEST_STEP][PASSED] - click(findTestObject("Object Repository/inventoryPage/cart")): Object: 'Object Repository/inventoryPage/cart' is clicked on

2023-05-12 17:28:06 - [MESSAGE][PASSED] - Object: 'Object Repository/inventoryPage/cart' is clicked on

2023-05-12 17:28:06 - [TEST_STEP][PASSED] - click(findTestObject("Object Repository/CheckoutPage/button_Checkout")): Object: 'Object Repository/CheckoutPage/button_Checkout' is clicked on

2023-05-12 17:28:06 - [MESSAGE][PASSED] - Object: 'Object Repository/CheckoutPage/button_Checkout' is clicked on

2023-05-12 17:28:06 - [TEST_STEP][PASSED] - sendKeys(findTestObject("Object Repository/checkout-step-one/input_Checkout Your Information_firstName"), "demo"): Keys 'demo' sent to object: 'Object Repository/checkout-step-one/input_Checkout Your Information_firstName'

2023-05-12 17:28:07 - [MESSAGE][PASSED] - Keys 'demo' sent to object: 'Object Repository/checkout-step-one/input_Checkout Your Information_firstName'

2023-05-12 17:28:07 - [TEST_STEP][PASSED] - sendKeys(findTestObject("Object Repository/checkout-step-one/input_Checkout Your Information_lastName"), "qa test"): Keys 'qa test' sent to object: 'Object Repository/checkout-step-one/input_Checkout Your Information_lastName'

2023-05-12 17:28:07 - [MESSAGE][PASSED] - Keys 'qa test' sent to object: 'Object Repository/checkout-step-one/input_Checkout Your Information_lastName'

2023-05-12 17:28:07 - [TEST_STEP][PASSED] - sendKeys(findTestObject("Object Repository/checkout-step-one/input_Checkout Your Information_postalCode"), "9000"): Keys '9000' sent to object: 'Object Repository/checkout-step-one/input_Checkout Your Information_postalCode'

2023-05-12 17:28:08 - [MESSAGE][PASSED] - Keys '9000' sent to object: 'Object Repository/checkout-step-one/input_Checkout Your Information_postalCode'

2023-05-12 17:28:08 - [TEST_STEP][PASSED] - click(findTestObject("Object Repository/checkout-step-one/input_continue")): Object: 'Object Repository/checkout-step-one/input_continue' is clicked on

2023-05-12 17:28:08 - [MESSAGE][PASSED] - Object: 'Object Repository/checkout-step-one/input_continue' is clicked on

2023-05-12 17:28:08 - [TEST_STEP][PASSED] - click(findTestObject("Object Repository/finish checkout/button_Finish")): Object: 'Object Repository/finish checkout/button_Finish' is clicked on

2023-05-12 17:28:09 - [MESSAGE][PASSED] - Object: 'Object Repository/finish checkout/button_Finish' is clicked on

2023-05-12 17:28:09 - [TEST_STEP][PASSED] - verifyElementVisible(findTestObject("Object Repository/order-success/h2_Thank you for your order")): Object 'Object Repository/order-success/h2_Thank you for your order' is visible

2023-05-12 17:28:09 - [MESSAGE][PASSED] - Object 'Object Repository/order-success/h2_Thank you for your order' is visible

2023-05-12 17:28:09 - [TEST_STEP][PASSED] - click(findTestObject("Object Repository/NavSideBar/sidebar")): Object: 'Object Repository/NavSideBar/sidebar' is clicked on

2023-05-12 17:28:10 - [MESSAGE][PASSED] - Object: 'Object Repository/NavSideBar/sidebar' is clicked on

2023-05-12 17:28:10 - [TEST_STEP][PASSED] - click(findTestObject("Object Repository/NavSideBar/a_Logout")): Object: 'Object Repository/NavSideBar/a_Logout' is clicked on

2023-05-12 17:28:10 - [MESSAGE][PASSED] - Object: 'Object Repository/NavSideBar/a_Logout' is clicked on

2023-05-12 17:28:10 - [TEST_STEP][PASSED] - verifyElementVisible(findTestObject("Object Repository/Page_Swag Labs/input_Swag Labs_user-name")): Object 'Object Repository/Page_Swag Labs/input_Swag Labs_user-name' is visible

2023-05-12 17:28:11 - [MESSAGE][PASSED] - Object 'Object Repository/Page_Swag Labs/input_Swag Labs_user-name' is visible

2023-05-12 17:28:11 - [TEST_STEP][PASSED] - closeBrowser(): Browser is closed

2023-05-12 17:28:11 - [MESSAGE][PASSED] - Browser is closed]]></system-out>
         <system-err><![CDATA[]]></system-err>
      </testcase>
      <testcase name="Test Cases/test-flow-1-buy-1-product" time="11.698" classname="Test Cases/test-flow-1-buy-1-product" status="PASSED">
         <system-out><![CDATA[2023-05-12 17:28:11 - [TEST_CASE][PASSED] - Test Cases/test-flow-1-buy-1-product: Test Cases/test-flow-1-buy-1-product

2023-05-12 17:28:11 - [TEST_STEP][PASSED] - openBrowser("https://www.saucedemo.com/"): Browser is opened with url: 'https://www.saucedemo.com/'

2023-05-12 17:28:11 - [MESSAGE][INFO] - Starting 'Chrome' driver

2023-05-12 17:28:11 - [MESSAGE][INFO] - Action delay is set to 0 milliseconds

2023-05-12 17:28:13 - [MESSAGE][PASSED] - Browser is opened with url: 'https://www.saucedemo.com/'

2023-05-12 17:28:13 - [TEST_STEP][PASSED] - click(findTestObject("Object Repository/Page_Swag Labs/input_Swag Labs_user-name")): Object: 'Object Repository/Page_Swag Labs/input_Swag Labs_user-name' is clicked on

2023-05-12 17:28:14 - [MESSAGE][PASSED] - Object: 'Object Repository/Page_Swag Labs/input_Swag Labs_user-name' is clicked on

2023-05-12 17:28:14 - [TEST_STEP][PASSED] - sendKeys(findTestObject("Object Repository/Page_Swag Labs/input_Swag Labs_user-name"), "standard_user"): Keys 'standard_user' sent to object: 'Object Repository/Page_Swag Labs/input_Swag Labs_user-name'

2023-05-12 17:28:14 - [MESSAGE][PASSED] - Keys 'standard_user' sent to object: 'Object Repository/Page_Swag Labs/input_Swag Labs_user-name'

2023-05-12 17:28:14 - [TEST_STEP][PASSED] - click(findTestObject("Object Repository/Page_Swag Labs/input_Swag Labs_password")): Object: 'Object Repository/Page_Swag Labs/input_Swag Labs_password' is clicked on

2023-05-12 17:28:14 - [MESSAGE][PASSED] - Object: 'Object Repository/Page_Swag Labs/input_Swag Labs_password' is clicked on

2023-05-12 17:28:14 - [TEST_STEP][PASSED] - sendKeys(findTestObject("Object Repository/Page_Swag Labs/input_Swag Labs_password"), "secret_sauce"): Keys 'secret_sauce' sent to object: 'Object Repository/Page_Swag Labs/input_Swag Labs_password'

2023-05-12 17:28:15 - [MESSAGE][PASSED] - Keys 'secret_sauce' sent to object: 'Object Repository/Page_Swag Labs/input_Swag Labs_password'

2023-05-12 17:28:15 - [TEST_STEP][PASSED] - click(findTestObject("Object Repository/Page_Swag Labs/input_Swag Labs_login-button")): Object: 'Object Repository/Page_Swag Labs/input_Swag Labs_login-button' is clicked on

2023-05-12 17:28:15 - [MESSAGE][PASSED] - Object: 'Object Repository/Page_Swag Labs/input_Swag Labs_login-button' is clicked on

2023-05-12 17:28:15 - [TEST_STEP][PASSED] - click(findTestObject("Object Repository/inventoryPage/Backpack")): Object: 'Object Repository/inventoryPage/Backpack' is clicked on

2023-05-12 17:28:16 - [MESSAGE][PASSED] - Object: 'Object Repository/inventoryPage/Backpack' is clicked on

2023-05-12 17:28:16 - [TEST_STEP][PASSED] - click(findTestObject("Object Repository/inventoryPage/button_Add to cart")): Object: 'Object Repository/inventoryPage/button_Add to cart' is clicked on

2023-05-12 17:28:16 - [MESSAGE][PASSED] - Object: 'Object Repository/inventoryPage/button_Add to cart' is clicked on

2023-05-12 17:28:16 - [TEST_STEP][PASSED] - click(findTestObject("Object Repository/inventoryPage/products_back-image")): Object: 'Object Repository/inventoryPage/products_back-image' is clicked on

2023-05-12 17:28:17 - [MESSAGE][PASSED] - Object: 'Object Repository/inventoryPage/products_back-image' is clicked on

2023-05-12 17:28:17 - [TEST_STEP][PASSED] - click(findTestObject("Object Repository/inventoryPage/cart")): Object: 'Object Repository/inventoryPage/cart' is clicked on

2023-05-12 17:28:17 - [MESSAGE][PASSED] - Object: 'Object Repository/inventoryPage/cart' is clicked on

2023-05-12 17:28:17 - [TEST_STEP][PASSED] - click(findTestObject("Object Repository/CheckoutPage/button_Checkout")): Object: 'Object Repository/CheckoutPage/button_Checkout' is clicked on

2023-05-12 17:28:18 - [MESSAGE][PASSED] - Object: 'Object Repository/CheckoutPage/button_Checkout' is clicked on

2023-05-12 17:28:18 - [TEST_STEP][PASSED] - sendKeys(findTestObject("Object Repository/checkout-step-one/input_Checkout Your Information_firstName"), "demo"): Keys 'demo' sent to object: 'Object Repository/checkout-step-one/input_Checkout Your Information_firstName'

2023-05-12 17:28:18 - [MESSAGE][PASSED] - Keys 'demo' sent to object: 'Object Repository/checkout-step-one/input_Checkout Your Information_firstName'

2023-05-12 17:28:18 - [TEST_STEP][PASSED] - sendKeys(findTestObject("Object Repository/checkout-step-one/input_Checkout Your Information_lastName"), "qa test"): Keys 'qa test' sent to object: 'Object Repository/checkout-step-one/input_Checkout Your Information_lastName'

2023-05-12 17:28:19 - [MESSAGE][PASSED] - Keys 'qa test' sent to object: 'Object Repository/checkout-step-one/input_Checkout Your Information_lastName'

2023-05-12 17:28:19 - [TEST_STEP][PASSED] - sendKeys(findTestObject("Object Repository/checkout-step-one/input_Checkout Your Information_postalCode"), "9000"): Keys '9000' sent to object: 'Object Repository/checkout-step-one/input_Checkout Your Information_postalCode'

2023-05-12 17:28:19 - [MESSAGE][PASSED] - Keys '9000' sent to object: 'Object Repository/checkout-step-one/input_Checkout Your Information_postalCode'

2023-05-12 17:28:19 - [TEST_STEP][PASSED] - click(findTestObject("Object Repository/checkout-step-one/input_continue")): Object: 'Object Repository/checkout-step-one/input_continue' is clicked on

2023-05-12 17:28:20 - [MESSAGE][PASSED] - Object: 'Object Repository/checkout-step-one/input_continue' is clicked on

2023-05-12 17:28:20 - [TEST_STEP][PASSED] - click(findTestObject("Object Repository/finish checkout/button_Finish")): Object: 'Object Repository/finish checkout/button_Finish' is clicked on

2023-05-12 17:28:21 - [MESSAGE][PASSED] - Object: 'Object Repository/finish checkout/button_Finish' is clicked on

2023-05-12 17:28:21 - [TEST_STEP][PASSED] - verifyElementVisible(findTestObject("Object Repository/order-success/h2_Thank you for your order")): Object 'Object Repository/order-success/h2_Thank you for your order' is visible

2023-05-12 17:28:21 - [MESSAGE][PASSED] - Object 'Object Repository/order-success/h2_Thank you for your order' is visible

2023-05-12 17:28:21 - [TEST_STEP][PASSED] - click(findTestObject("Object Repository/NavSideBar/sidebar")): Object: 'Object Repository/NavSideBar/sidebar' is clicked on

2023-05-12 17:28:21 - [MESSAGE][PASSED] - Object: 'Object Repository/NavSideBar/sidebar' is clicked on

2023-05-12 17:28:21 - [TEST_STEP][PASSED] - click(findTestObject("Object Repository/NavSideBar/a_Logout")): Object: 'Object Repository/NavSideBar/a_Logout' is clicked on

2023-05-12 17:28:22 - [MESSAGE][PASSED] - Object: 'Object Repository/NavSideBar/a_Logout' is clicked on

2023-05-12 17:28:22 - [TEST_STEP][PASSED] - verifyElementVisible(findTestObject("Object Repository/Page_Swag Labs/input_Swag Labs_user-name")): Object 'Object Repository/Page_Swag Labs/input_Swag Labs_user-name' is visible

2023-05-12 17:28:22 - [MESSAGE][PASSED] - Object 'Object Repository/Page_Swag Labs/input_Swag Labs_user-name' is visible

2023-05-12 17:28:22 - [TEST_STEP][PASSED] - closeBrowser(): Browser is closed

2023-05-12 17:28:23 - [MESSAGE][PASSED] - Browser is closed]]></system-out>
         <system-err><![CDATA[]]></system-err>
      </testcase>
      <testcase name="Test Cases/test-flow-1-buy-1-product" time="11.926" classname="Test Cases/test-flow-1-buy-1-product" status="PASSED">
         <system-out><![CDATA[2023-05-12 17:28:23 - [TEST_CASE][PASSED] - Test Cases/test-flow-1-buy-1-product: Test Cases/test-flow-1-buy-1-product

2023-05-12 17:28:23 - [TEST_STEP][PASSED] - openBrowser("https://www.saucedemo.com/"): Browser is opened with url: 'https://www.saucedemo.com/'

2023-05-12 17:28:23 - [MESSAGE][INFO] - Starting 'Chrome' driver

2023-05-12 17:28:23 - [MESSAGE][INFO] - Action delay is set to 0 milliseconds

2023-05-12 17:28:25 - [MESSAGE][PASSED] - Browser is opened with url: 'https://www.saucedemo.com/'

2023-05-12 17:28:25 - [TEST_STEP][PASSED] - click(findTestObject("Object Repository/Page_Swag Labs/input_Swag Labs_user-name")): Object: 'Object Repository/Page_Swag Labs/input_Swag Labs_user-name' is clicked on

2023-05-12 17:28:25 - [MESSAGE][PASSED] - Object: 'Object Repository/Page_Swag Labs/input_Swag Labs_user-name' is clicked on

2023-05-12 17:28:25 - [TEST_STEP][PASSED] - sendKeys(findTestObject("Object Repository/Page_Swag Labs/input_Swag Labs_user-name"), "standard_user"): Keys 'standard_user' sent to object: 'Object Repository/Page_Swag Labs/input_Swag Labs_user-name'

2023-05-12 17:28:26 - [MESSAGE][PASSED] - Keys 'standard_user' sent to object: 'Object Repository/Page_Swag Labs/input_Swag Labs_user-name'

2023-05-12 17:28:26 - [TEST_STEP][PASSED] - click(findTestObject("Object Repository/Page_Swag Labs/input_Swag Labs_password")): Object: 'Object Repository/Page_Swag Labs/input_Swag Labs_password' is clicked on

2023-05-12 17:28:26 - [MESSAGE][PASSED] - Object: 'Object Repository/Page_Swag Labs/input_Swag Labs_password' is clicked on

2023-05-12 17:28:26 - [TEST_STEP][PASSED] - sendKeys(findTestObject("Object Repository/Page_Swag Labs/input_Swag Labs_password"), "secret_sauce"): Keys 'secret_sauce' sent to object: 'Object Repository/Page_Swag Labs/input_Swag Labs_password'

2023-05-12 17:28:26 - [MESSAGE][PASSED] - Keys 'secret_sauce' sent to object: 'Object Repository/Page_Swag Labs/input_Swag Labs_password'

2023-05-12 17:28:26 - [TEST_STEP][PASSED] - click(findTestObject("Object Repository/Page_Swag Labs/input_Swag Labs_login-button")): Object: 'Object Repository/Page_Swag Labs/input_Swag Labs_login-button' is clicked on

2023-05-12 17:28:27 - [MESSAGE][PASSED] - Object: 'Object Repository/Page_Swag Labs/input_Swag Labs_login-button' is clicked on

2023-05-12 17:28:27 - [TEST_STEP][PASSED] - click(findTestObject("Object Repository/inventoryPage/Backpack")): Object: 'Object Repository/inventoryPage/Backpack' is clicked on

2023-05-12 17:28:27 - [MESSAGE][PASSED] - Object: 'Object Repository/inventoryPage/Backpack' is clicked on

2023-05-12 17:28:27 - [TEST_STEP][PASSED] - click(findTestObject("Object Repository/inventoryPage/button_Add to cart")): Object: 'Object Repository/inventoryPage/button_Add to cart' is clicked on

2023-05-12 17:28:28 - [MESSAGE][PASSED] - Object: 'Object Repository/inventoryPage/button_Add to cart' is clicked on

2023-05-12 17:28:28 - [TEST_STEP][PASSED] - click(findTestObject("Object Repository/inventoryPage/products_back-image")): Object: 'Object Repository/inventoryPage/products_back-image' is clicked on

2023-05-12 17:28:28 - [MESSAGE][PASSED] - Object: 'Object Repository/inventoryPage/products_back-image' is clicked on

2023-05-12 17:28:28 - [TEST_STEP][PASSED] - click(findTestObject("Object Repository/inventoryPage/cart")): Object: 'Object Repository/inventoryPage/cart' is clicked on

2023-05-12 17:28:29 - [MESSAGE][PASSED] - Object: 'Object Repository/inventoryPage/cart' is clicked on

2023-05-12 17:28:29 - [TEST_STEP][PASSED] - click(findTestObject("Object Repository/CheckoutPage/button_Checkout")): Object: 'Object Repository/CheckoutPage/button_Checkout' is clicked on

2023-05-12 17:28:29 - [MESSAGE][PASSED] - Object: 'Object Repository/CheckoutPage/button_Checkout' is clicked on

2023-05-12 17:28:29 - [TEST_STEP][PASSED] - sendKeys(findTestObject("Object Repository/checkout-step-one/input_Checkout Your Information_firstName"), "demo"): Keys 'demo' sent to object: 'Object Repository/checkout-step-one/input_Checkout Your Information_firstName'

2023-05-12 17:28:30 - [MESSAGE][PASSED] - Keys 'demo' sent to object: 'Object Repository/checkout-step-one/input_Checkout Your Information_firstName'

2023-05-12 17:28:30 - [TEST_STEP][PASSED] - sendKeys(findTestObject("Object Repository/checkout-step-one/input_Checkout Your Information_lastName"), "qa test"): Keys 'qa test' sent to object: 'Object Repository/checkout-step-one/input_Checkout Your Information_lastName'

2023-05-12 17:28:31 - [MESSAGE][PASSED] - Keys 'qa test' sent to object: 'Object Repository/checkout-step-one/input_Checkout Your Information_lastName'

2023-05-12 17:28:31 - [TEST_STEP][PASSED] - sendKeys(findTestObject("Object Repository/checkout-step-one/input_Checkout Your Information_postalCode"), "9000"): Keys '9000' sent to object: 'Object Repository/checkout-step-one/input_Checkout Your Information_postalCode'

2023-05-12 17:28:31 - [MESSAGE][PASSED] - Keys '9000' sent to object: 'Object Repository/checkout-step-one/input_Checkout Your Information_postalCode'

2023-05-12 17:28:31 - [TEST_STEP][PASSED] - click(findTestObject("Object Repository/checkout-step-one/input_continue")): Object: 'Object Repository/checkout-step-one/input_continue' is clicked on

2023-05-12 17:28:32 - [MESSAGE][PASSED] - Object: 'Object Repository/checkout-step-one/input_continue' is clicked on

2023-05-12 17:28:32 - [TEST_STEP][PASSED] - click(findTestObject("Object Repository/finish checkout/button_Finish")): Object: 'Object Repository/finish checkout/button_Finish' is clicked on

2023-05-12 17:28:32 - [MESSAGE][PASSED] - Object: 'Object Repository/finish checkout/button_Finish' is clicked on

2023-05-12 17:28:32 - [TEST_STEP][PASSED] - verifyElementVisible(findTestObject("Object Repository/order-success/h2_Thank you for your order")): Object 'Object Repository/order-success/h2_Thank you for your order' is visible

2023-05-12 17:28:33 - [MESSAGE][PASSED] - Object 'Object Repository/order-success/h2_Thank you for your order' is visible

2023-05-12 17:28:33 - [TEST_STEP][PASSED] - click(findTestObject("Object Repository/NavSideBar/sidebar")): Object: 'Object Repository/NavSideBar/sidebar' is clicked on

2023-05-12 17:28:33 - [MESSAGE][PASSED] - Object: 'Object Repository/NavSideBar/sidebar' is clicked on

2023-05-12 17:28:33 - [TEST_STEP][PASSED] - click(findTestObject("Object Repository/NavSideBar/a_Logout")): Object: 'Object Repository/NavSideBar/a_Logout' is clicked on

2023-05-12 17:28:34 - [MESSAGE][PASSED] - Object: 'Object Repository/NavSideBar/a_Logout' is clicked on

2023-05-12 17:28:34 - [TEST_STEP][PASSED] - verifyElementVisible(findTestObject("Object Repository/Page_Swag Labs/input_Swag Labs_user-name")): Object 'Object Repository/Page_Swag Labs/input_Swag Labs_user-name' is visible

2023-05-12 17:28:34 - [MESSAGE][PASSED] - Object 'Object Repository/Page_Swag Labs/input_Swag Labs_user-name' is visible

2023-05-12 17:28:34 - [TEST_STEP][PASSED] - closeBrowser(): Browser is closed

2023-05-12 17:28:35 - [MESSAGE][PASSED] - Browser is closed]]></system-out>
         <system-err><![CDATA[]]></system-err>
      </testcase>
      <testcase name="Test Cases/test-flow-1-buy-1-product" time="12.001" classname="Test Cases/test-flow-1-buy-1-product" status="PASSED">
         <system-out><![CDATA[2023-05-12 17:28:35 - [TEST_CASE][PASSED] - Test Cases/test-flow-1-buy-1-product: Test Cases/test-flow-1-buy-1-product

2023-05-12 17:28:35 - [TEST_STEP][PASSED] - openBrowser("https://www.saucedemo.com/"): Browser is opened with url: 'https://www.saucedemo.com/'

2023-05-12 17:28:35 - [MESSAGE][INFO] - Starting 'Chrome' driver

2023-05-12 17:28:35 - [MESSAGE][INFO] - Action delay is set to 0 milliseconds

2023-05-12 17:28:37 - [MESSAGE][PASSED] - Browser is opened with url: 'https://www.saucedemo.com/'

2023-05-12 17:28:37 - [TEST_STEP][PASSED] - click(findTestObject("Object Repository/Page_Swag Labs/input_Swag Labs_user-name")): Object: 'Object Repository/Page_Swag Labs/input_Swag Labs_user-name' is clicked on

2023-05-12 17:28:37 - [MESSAGE][PASSED] - Object: 'Object Repository/Page_Swag Labs/input_Swag Labs_user-name' is clicked on

2023-05-12 17:28:37 - [TEST_STEP][PASSED] - sendKeys(findTestObject("Object Repository/Page_Swag Labs/input_Swag Labs_user-name"), "standard_user"): Keys 'standard_user' sent to object: 'Object Repository/Page_Swag Labs/input_Swag Labs_user-name'

2023-05-12 17:28:38 - [MESSAGE][PASSED] - Keys 'standard_user' sent to object: 'Object Repository/Page_Swag Labs/input_Swag Labs_user-name'

2023-05-12 17:28:38 - [TEST_STEP][PASSED] - click(findTestObject("Object Repository/Page_Swag Labs/input_Swag Labs_password")): Object: 'Object Repository/Page_Swag Labs/input_Swag Labs_password' is clicked on

2023-05-12 17:28:38 - [MESSAGE][PASSED] - Object: 'Object Repository/Page_Swag Labs/input_Swag Labs_password' is clicked on

2023-05-12 17:28:38 - [TEST_STEP][PASSED] - sendKeys(findTestObject("Object Repository/Page_Swag Labs/input_Swag Labs_password"), "secret_sauce"): Keys 'secret_sauce' sent to object: 'Object Repository/Page_Swag Labs/input_Swag Labs_password'

2023-05-12 17:28:38 - [MESSAGE][PASSED] - Keys 'secret_sauce' sent to object: 'Object Repository/Page_Swag Labs/input_Swag Labs_password'

2023-05-12 17:28:38 - [TEST_STEP][PASSED] - click(findTestObject("Object Repository/Page_Swag Labs/input_Swag Labs_login-button")): Object: 'Object Repository/Page_Swag Labs/input_Swag Labs_login-button' is clicked on

2023-05-12 17:28:39 - [MESSAGE][PASSED] - Object: 'Object Repository/Page_Swag Labs/input_Swag Labs_login-button' is clicked on

2023-05-12 17:28:39 - [TEST_STEP][PASSED] - click(findTestObject("Object Repository/inventoryPage/Backpack")): Object: 'Object Repository/inventoryPage/Backpack' is clicked on

2023-05-12 17:28:39 - [MESSAGE][PASSED] - Object: 'Object Repository/inventoryPage/Backpack' is clicked on

2023-05-12 17:28:39 - [TEST_STEP][PASSED] - click(findTestObject("Object Repository/inventoryPage/button_Add to cart")): Object: 'Object Repository/inventoryPage/button_Add to cart' is clicked on

2023-05-12 17:28:40 - [MESSAGE][PASSED] - Object: 'Object Repository/inventoryPage/button_Add to cart' is clicked on

2023-05-12 17:28:40 - [TEST_STEP][PASSED] - click(findTestObject("Object Repository/inventoryPage/products_back-image")): Object: 'Object Repository/inventoryPage/products_back-image' is clicked on

2023-05-12 17:28:40 - [MESSAGE][PASSED] - Object: 'Object Repository/inventoryPage/products_back-image' is clicked on

2023-05-12 17:28:40 - [TEST_STEP][PASSED] - click(findTestObject("Object Repository/inventoryPage/cart")): Object: 'Object Repository/inventoryPage/cart' is clicked on

2023-05-12 17:28:41 - [MESSAGE][PASSED] - Object: 'Object Repository/inventoryPage/cart' is clicked on

2023-05-12 17:28:41 - [TEST_STEP][PASSED] - click(findTestObject("Object Repository/CheckoutPage/button_Checkout")): Object: 'Object Repository/CheckoutPage/button_Checkout' is clicked on

2023-05-12 17:28:41 - [MESSAGE][PASSED] - Object: 'Object Repository/CheckoutPage/button_Checkout' is clicked on

2023-05-12 17:28:41 - [TEST_STEP][PASSED] - sendKeys(findTestObject("Object Repository/checkout-step-one/input_Checkout Your Information_firstName"), "demo"): Keys 'demo' sent to object: 'Object Repository/checkout-step-one/input_Checkout Your Information_firstName'

2023-05-12 17:28:42 - [MESSAGE][PASSED] - Keys 'demo' sent to object: 'Object Repository/checkout-step-one/input_Checkout Your Information_firstName'

2023-05-12 17:28:42 - [TEST_STEP][PASSED] - sendKeys(findTestObject("Object Repository/checkout-step-one/input_Checkout Your Information_lastName"), "qa test"): Keys 'qa test' sent to object: 'Object Repository/checkout-step-one/input_Checkout Your Information_lastName'

2023-05-12 17:28:43 - [MESSAGE][PASSED] - Keys 'qa test' sent to object: 'Object Repository/checkout-step-one/input_Checkout Your Information_lastName'

2023-05-12 17:28:43 - [TEST_STEP][PASSED] - sendKeys(findTestObject("Object Repository/checkout-step-one/input_Checkout Your Information_postalCode"), "9000"): Keys '9000' sent to object: 'Object Repository/checkout-step-one/input_Checkout Your Information_postalCode'

2023-05-12 17:28:43 - [MESSAGE][PASSED] - Keys '9000' sent to object: 'Object Repository/checkout-step-one/input_Checkout Your Information_postalCode'

2023-05-12 17:28:43 - [TEST_STEP][PASSED] - click(findTestObject("Object Repository/checkout-step-one/input_continue")): Object: 'Object Repository/checkout-step-one/input_continue' is clicked on

2023-05-12 17:28:44 - [MESSAGE][PASSED] - Object: 'Object Repository/checkout-step-one/input_continue' is clicked on

2023-05-12 17:28:44 - [TEST_STEP][PASSED] - click(findTestObject("Object Repository/finish checkout/button_Finish")): Object: 'Object Repository/finish checkout/button_Finish' is clicked on

2023-05-12 17:28:44 - [MESSAGE][PASSED] - Object: 'Object Repository/finish checkout/button_Finish' is clicked on

2023-05-12 17:28:44 - [TEST_STEP][PASSED] - verifyElementVisible(findTestObject("Object Repository/order-success/h2_Thank you for your order")): Object 'Object Repository/order-success/h2_Thank you for your order' is visible

2023-05-12 17:28:45 - [MESSAGE][PASSED] - Object 'Object Repository/order-success/h2_Thank you for your order' is visible

2023-05-12 17:28:45 - [TEST_STEP][PASSED] - click(findTestObject("Object Repository/NavSideBar/sidebar")): Object: 'Object Repository/NavSideBar/sidebar' is clicked on

2023-05-12 17:28:45 - [MESSAGE][PASSED] - Object: 'Object Repository/NavSideBar/sidebar' is clicked on

2023-05-12 17:28:45 - [TEST_STEP][PASSED] - click(findTestObject("Object Repository/NavSideBar/a_Logout")): Object: 'Object Repository/NavSideBar/a_Logout' is clicked on

2023-05-12 17:28:46 - [MESSAGE][PASSED] - Object: 'Object Repository/NavSideBar/a_Logout' is clicked on

2023-05-12 17:28:46 - [TEST_STEP][PASSED] - verifyElementVisible(findTestObject("Object Repository/Page_Swag Labs/input_Swag Labs_user-name")): Object 'Object Repository/Page_Swag Labs/input_Swag Labs_user-name' is visible

2023-05-12 17:28:46 - [MESSAGE][PASSED] - Object 'Object Repository/Page_Swag Labs/input_Swag Labs_user-name' is visible

2023-05-12 17:28:46 - [TEST_STEP][PASSED] - closeBrowser(): Browser is closed

2023-05-12 17:28:47 - [MESSAGE][PASSED] - Browser is closed]]></system-out>
         <system-err><![CDATA[]]></system-err>
      </testcase>
      <testcase name="Test Cases/test-flow-1-buy-1-product" time="11.92" classname="Test Cases/test-flow-1-buy-1-product" status="PASSED">
         <system-out><![CDATA[2023-05-12 17:28:47 - [TEST_CASE][PASSED] - Test Cases/test-flow-1-buy-1-product: Test Cases/test-flow-1-buy-1-product

2023-05-12 17:28:47 - [TEST_STEP][PASSED] - openBrowser("https://www.saucedemo.com/"): Browser is opened with url: 'https://www.saucedemo.com/'

2023-05-12 17:28:47 - [MESSAGE][INFO] - Starting 'Chrome' driver

2023-05-12 17:28:47 - [MESSAGE][INFO] - Action delay is set to 0 milliseconds

2023-05-12 17:28:49 - [MESSAGE][PASSED] - Browser is opened with url: 'https://www.saucedemo.com/'

2023-05-12 17:28:49 - [TEST_STEP][PASSED] - click(findTestObject("Object Repository/Page_Swag Labs/input_Swag Labs_user-name")): Object: 'Object Repository/Page_Swag Labs/input_Swag Labs_user-name' is clicked on

2023-05-12 17:28:49 - [MESSAGE][PASSED] - Object: 'Object Repository/Page_Swag Labs/input_Swag Labs_user-name' is clicked on

2023-05-12 17:28:49 - [TEST_STEP][PASSED] - sendKeys(findTestObject("Object Repository/Page_Swag Labs/input_Swag Labs_user-name"), "standard_user"): Keys 'standard_user' sent to object: 'Object Repository/Page_Swag Labs/input_Swag Labs_user-name'

2023-05-12 17:28:50 - [MESSAGE][PASSED] - Keys 'standard_user' sent to object: 'Object Repository/Page_Swag Labs/input_Swag Labs_user-name'

2023-05-12 17:28:50 - [TEST_STEP][PASSED] - click(findTestObject("Object Repository/Page_Swag Labs/input_Swag Labs_password")): Object: 'Object Repository/Page_Swag Labs/input_Swag Labs_password' is clicked on

2023-05-12 17:28:50 - [MESSAGE][PASSED] - Object: 'Object Repository/Page_Swag Labs/input_Swag Labs_password' is clicked on

2023-05-12 17:28:50 - [TEST_STEP][PASSED] - sendKeys(findTestObject("Object Repository/Page_Swag Labs/input_Swag Labs_password"), "secret_sauce"): Keys 'secret_sauce' sent to object: 'Object Repository/Page_Swag Labs/input_Swag Labs_password'

2023-05-12 17:28:50 - [MESSAGE][PASSED] - Keys 'secret_sauce' sent to object: 'Object Repository/Page_Swag Labs/input_Swag Labs_password'

2023-05-12 17:28:50 - [TEST_STEP][PASSED] - click(findTestObject("Object Repository/Page_Swag Labs/input_Swag Labs_login-button")): Object: 'Object Repository/Page_Swag Labs/input_Swag Labs_login-button' is clicked on

2023-05-12 17:28:51 - [MESSAGE][PASSED] - Object: 'Object Repository/Page_Swag Labs/input_Swag Labs_login-button' is clicked on

2023-05-12 17:28:51 - [TEST_STEP][PASSED] - click(findTestObject("Object Repository/inventoryPage/Backpack")): Object: 'Object Repository/inventoryPage/Backpack' is clicked on

2023-05-12 17:28:51 - [MESSAGE][PASSED] - Object: 'Object Repository/inventoryPage/Backpack' is clicked on

2023-05-12 17:28:51 - [TEST_STEP][PASSED] - click(findTestObject("Object Repository/inventoryPage/button_Add to cart")): Object: 'Object Repository/inventoryPage/button_Add to cart' is clicked on

2023-05-12 17:28:52 - [MESSAGE][PASSED] - Object: 'Object Repository/inventoryPage/button_Add to cart' is clicked on

2023-05-12 17:28:52 - [TEST_STEP][PASSED] - click(findTestObject("Object Repository/inventoryPage/products_back-image")): Object: 'Object Repository/inventoryPage/products_back-image' is clicked on

2023-05-12 17:28:52 - [MESSAGE][PASSED] - Object: 'Object Repository/inventoryPage/products_back-image' is clicked on

2023-05-12 17:28:52 - [TEST_STEP][PASSED] - click(findTestObject("Object Repository/inventoryPage/cart")): Object: 'Object Repository/inventoryPage/cart' is clicked on

2023-05-12 17:28:53 - [MESSAGE][PASSED] - Object: 'Object Repository/inventoryPage/cart' is clicked on

2023-05-12 17:28:53 - [TEST_STEP][PASSED] - click(findTestObject("Object Repository/CheckoutPage/button_Checkout")): Object: 'Object Repository/CheckoutPage/button_Checkout' is clicked on

2023-05-12 17:28:53 - [MESSAGE][PASSED] - Object: 'Object Repository/CheckoutPage/button_Checkout' is clicked on

2023-05-12 17:28:53 - [TEST_STEP][PASSED] - sendKeys(findTestObject("Object Repository/checkout-step-one/input_Checkout Your Information_firstName"), "demo"): Keys 'demo' sent to object: 'Object Repository/checkout-step-one/input_Checkout Your Information_firstName'

2023-05-12 17:28:54 - [MESSAGE][PASSED] - Keys 'demo' sent to object: 'Object Repository/checkout-step-one/input_Checkout Your Information_firstName'

2023-05-12 17:28:54 - [TEST_STEP][PASSED] - sendKeys(findTestObject("Object Repository/checkout-step-one/input_Checkout Your Information_lastName"), "qa test"): Keys 'qa test' sent to object: 'Object Repository/checkout-step-one/input_Checkout Your Information_lastName'

2023-05-12 17:28:55 - [MESSAGE][PASSED] - Keys 'qa test' sent to object: 'Object Repository/checkout-step-one/input_Checkout Your Information_lastName'

2023-05-12 17:28:55 - [TEST_STEP][PASSED] - sendKeys(findTestObject("Object Repository/checkout-step-one/input_Checkout Your Information_postalCode"), "9000"): Keys '9000' sent to object: 'Object Repository/checkout-step-one/input_Checkout Your Information_postalCode'

2023-05-12 17:28:55 - [MESSAGE][PASSED] - Keys '9000' sent to object: 'Object Repository/checkout-step-one/input_Checkout Your Information_postalCode'

2023-05-12 17:28:55 - [TEST_STEP][PASSED] - click(findTestObject("Object Repository/checkout-step-one/input_continue")): Object: 'Object Repository/checkout-step-one/input_continue' is clicked on

2023-05-12 17:28:56 - [MESSAGE][PASSED] - Object: 'Object Repository/checkout-step-one/input_continue' is clicked on

2023-05-12 17:28:56 - [TEST_STEP][PASSED] - click(findTestObject("Object Repository/finish checkout/button_Finish")): Object: 'Object Repository/finish checkout/button_Finish' is clicked on

2023-05-12 17:28:56 - [MESSAGE][PASSED] - Object: 'Object Repository/finish checkout/button_Finish' is clicked on

2023-05-12 17:28:56 - [TEST_STEP][PASSED] - verifyElementVisible(findTestObject("Object Repository/order-success/h2_Thank you for your order")): Object 'Object Repository/order-success/h2_Thank you for your order' is visible

2023-05-12 17:28:57 - [MESSAGE][PASSED] - Object 'Object Repository/order-success/h2_Thank you for your order' is visible

2023-05-12 17:28:57 - [TEST_STEP][PASSED] - click(findTestObject("Object Repository/NavSideBar/sidebar")): Object: 'Object Repository/NavSideBar/sidebar' is clicked on

2023-05-12 17:28:57 - [MESSAGE][PASSED] - Object: 'Object Repository/NavSideBar/sidebar' is clicked on

2023-05-12 17:28:57 - [TEST_STEP][PASSED] - click(findTestObject("Object Repository/NavSideBar/a_Logout")): Object: 'Object Repository/NavSideBar/a_Logout' is clicked on

2023-05-12 17:28:58 - [MESSAGE][PASSED] - Object: 'Object Repository/NavSideBar/a_Logout' is clicked on

2023-05-12 17:28:58 - [TEST_STEP][PASSED] - verifyElementVisible(findTestObject("Object Repository/Page_Swag Labs/input_Swag Labs_user-name")): Object 'Object Repository/Page_Swag Labs/input_Swag Labs_user-name' is visible

2023-05-12 17:28:58 - [MESSAGE][PASSED] - Object 'Object Repository/Page_Swag Labs/input_Swag Labs_user-name' is visible

2023-05-12 17:28:58 - [TEST_STEP][PASSED] - closeBrowser(): Browser is closed

2023-05-12 17:28:59 - [MESSAGE][PASSED] - Browser is closed]]></system-out>
         <system-err><![CDATA[]]></system-err>
      </testcase>
      <testcase name="Test Cases/test-flow-1-buy-1-product" time="11.841" classname="Test Cases/test-flow-1-buy-1-product" status="PASSED">
         <system-out><![CDATA[2023-05-12 17:28:59 - [TEST_CASE][PASSED] - Test Cases/test-flow-1-buy-1-product: Test Cases/test-flow-1-buy-1-product

2023-05-12 17:28:59 - [TEST_STEP][PASSED] - openBrowser("https://www.saucedemo.com/"): Browser is opened with url: 'https://www.saucedemo.com/'

2023-05-12 17:28:59 - [MESSAGE][INFO] - Starting 'Chrome' driver

2023-05-12 17:28:59 - [MESSAGE][INFO] - Action delay is set to 0 milliseconds

2023-05-12 17:29:01 - [MESSAGE][PASSED] - Browser is opened with url: 'https://www.saucedemo.com/'

2023-05-12 17:29:01 - [TEST_STEP][PASSED] - click(findTestObject("Object Repository/Page_Swag Labs/input_Swag Labs_user-name")): Object: 'Object Repository/Page_Swag Labs/input_Swag Labs_user-name' is clicked on

2023-05-12 17:29:01 - [MESSAGE][PASSED] - Object: 'Object Repository/Page_Swag Labs/input_Swag Labs_user-name' is clicked on

2023-05-12 17:29:01 - [TEST_STEP][PASSED] - sendKeys(findTestObject("Object Repository/Page_Swag Labs/input_Swag Labs_user-name"), "standard_user"): Keys 'standard_user' sent to object: 'Object Repository/Page_Swag Labs/input_Swag Labs_user-name'

2023-05-12 17:29:02 - [MESSAGE][PASSED] - Keys 'standard_user' sent to object: 'Object Repository/Page_Swag Labs/input_Swag Labs_user-name'

2023-05-12 17:29:02 - [TEST_STEP][PASSED] - click(findTestObject("Object Repository/Page_Swag Labs/input_Swag Labs_password")): Object: 'Object Repository/Page_Swag Labs/input_Swag Labs_password' is clicked on

2023-05-12 17:29:02 - [MESSAGE][PASSED] - Object: 'Object Repository/Page_Swag Labs/input_Swag Labs_password' is clicked on

2023-05-12 17:29:02 - [TEST_STEP][PASSED] - sendKeys(findTestObject("Object Repository/Page_Swag Labs/input_Swag Labs_password"), "secret_sauce"): Keys 'secret_sauce' sent to object: 'Object Repository/Page_Swag Labs/input_Swag Labs_password'

2023-05-12 17:29:02 - [MESSAGE][PASSED] - Keys 'secret_sauce' sent to object: 'Object Repository/Page_Swag Labs/input_Swag Labs_password'

2023-05-12 17:29:02 - [TEST_STEP][PASSED] - click(findTestObject("Object Repository/Page_Swag Labs/input_Swag Labs_login-button")): Object: 'Object Repository/Page_Swag Labs/input_Swag Labs_login-button' is clicked on

2023-05-12 17:29:03 - [MESSAGE][PASSED] - Object: 'Object Repository/Page_Swag Labs/input_Swag Labs_login-button' is clicked on

2023-05-12 17:29:03 - [TEST_STEP][PASSED] - click(findTestObject("Object Repository/inventoryPage/Backpack")): Object: 'Object Repository/inventoryPage/Backpack' is clicked on

2023-05-12 17:29:03 - [MESSAGE][PASSED] - Object: 'Object Repository/inventoryPage/Backpack' is clicked on

2023-05-12 17:29:03 - [TEST_STEP][PASSED] - click(findTestObject("Object Repository/inventoryPage/button_Add to cart")): Object: 'Object Repository/inventoryPage/button_Add to cart' is clicked on

2023-05-12 17:29:04 - [MESSAGE][PASSED] - Object: 'Object Repository/inventoryPage/button_Add to cart' is clicked on

2023-05-12 17:29:04 - [TEST_STEP][PASSED] - click(findTestObject("Object Repository/inventoryPage/products_back-image")): Object: 'Object Repository/inventoryPage/products_back-image' is clicked on

2023-05-12 17:29:04 - [MESSAGE][PASSED] - Object: 'Object Repository/inventoryPage/products_back-image' is clicked on

2023-05-12 17:29:04 - [TEST_STEP][PASSED] - click(findTestObject("Object Repository/inventoryPage/cart")): Object: 'Object Repository/inventoryPage/cart' is clicked on

2023-05-12 17:29:05 - [MESSAGE][PASSED] - Object: 'Object Repository/inventoryPage/cart' is clicked on

2023-05-12 17:29:05 - [TEST_STEP][PASSED] - click(findTestObject("Object Repository/CheckoutPage/button_Checkout")): Object: 'Object Repository/CheckoutPage/button_Checkout' is clicked on

2023-05-12 17:29:05 - [MESSAGE][PASSED] - Object: 'Object Repository/CheckoutPage/button_Checkout' is clicked on

2023-05-12 17:29:05 - [TEST_STEP][PASSED] - sendKeys(findTestObject("Object Repository/checkout-step-one/input_Checkout Your Information_firstName"), "demo"): Keys 'demo' sent to object: 'Object Repository/checkout-step-one/input_Checkout Your Information_firstName'

2023-05-12 17:29:06 - [MESSAGE][PASSED] - Keys 'demo' sent to object: 'Object Repository/checkout-step-one/input_Checkout Your Information_firstName'

2023-05-12 17:29:06 - [TEST_STEP][PASSED] - sendKeys(findTestObject("Object Repository/checkout-step-one/input_Checkout Your Information_lastName"), "qa test"): Keys 'qa test' sent to object: 'Object Repository/checkout-step-one/input_Checkout Your Information_lastName'

2023-05-12 17:29:06 - [MESSAGE][PASSED] - Keys 'qa test' sent to object: 'Object Repository/checkout-step-one/input_Checkout Your Information_lastName'

2023-05-12 17:29:06 - [TEST_STEP][PASSED] - sendKeys(findTestObject("Object Repository/checkout-step-one/input_Checkout Your Information_postalCode"), "9000"): Keys '9000' sent to object: 'Object Repository/checkout-step-one/input_Checkout Your Information_postalCode'

2023-05-12 17:29:07 - [MESSAGE][PASSED] - Keys '9000' sent to object: 'Object Repository/checkout-step-one/input_Checkout Your Information_postalCode'

2023-05-12 17:29:07 - [TEST_STEP][PASSED] - click(findTestObject("Object Repository/checkout-step-one/input_continue")): Object: 'Object Repository/checkout-step-one/input_continue' is clicked on

2023-05-12 17:29:08 - [MESSAGE][PASSED] - Object: 'Object Repository/checkout-step-one/input_continue' is clicked on

2023-05-12 17:29:08 - [TEST_STEP][PASSED] - click(findTestObject("Object Repository/finish checkout/button_Finish")): Object: 'Object Repository/finish checkout/button_Finish' is clicked on

2023-05-12 17:29:08 - [MESSAGE][PASSED] - Object: 'Object Repository/finish checkout/button_Finish' is clicked on

2023-05-12 17:29:08 - [TEST_STEP][PASSED] - verifyElementVisible(findTestObject("Object Repository/order-success/h2_Thank you for your order")): Object 'Object Repository/order-success/h2_Thank you for your order' is visible

2023-05-12 17:29:09 - [MESSAGE][PASSED] - Object 'Object Repository/order-success/h2_Thank you for your order' is visible

2023-05-12 17:29:09 - [TEST_STEP][PASSED] - click(findTestObject("Object Repository/NavSideBar/sidebar")): Object: 'Object Repository/NavSideBar/sidebar' is clicked on

2023-05-12 17:29:09 - [MESSAGE][PASSED] - Object: 'Object Repository/NavSideBar/sidebar' is clicked on

2023-05-12 17:29:09 - [TEST_STEP][PASSED] - click(findTestObject("Object Repository/NavSideBar/a_Logout")): Object: 'Object Repository/NavSideBar/a_Logout' is clicked on

2023-05-12 17:29:10 - [MESSAGE][PASSED] - Object: 'Object Repository/NavSideBar/a_Logout' is clicked on

2023-05-12 17:29:10 - [TEST_STEP][PASSED] - verifyElementVisible(findTestObject("Object Repository/Page_Swag Labs/input_Swag Labs_user-name")): Object 'Object Repository/Page_Swag Labs/input_Swag Labs_user-name' is visible

2023-05-12 17:29:10 - [MESSAGE][PASSED] - Object 'Object Repository/Page_Swag Labs/input_Swag Labs_user-name' is visible

2023-05-12 17:29:10 - [TEST_STEP][PASSED] - closeBrowser(): Browser is closed

2023-05-12 17:29:11 - [MESSAGE][PASSED] - Browser is closed]]></system-out>
         <system-err><![CDATA[]]></system-err>
      </testcase>
      <testcase name="Test Cases/test-flow-1-buy-1-product" time="11.62" classname="Test Cases/test-flow-1-buy-1-product" status="PASSED">
         <system-out><![CDATA[2023-05-12 17:29:11 - [TEST_CASE][PASSED] - Test Cases/test-flow-1-buy-1-product: Test Cases/test-flow-1-buy-1-product

2023-05-12 17:29:11 - [TEST_STEP][PASSED] - openBrowser("https://www.saucedemo.com/"): Browser is opened with url: 'https://www.saucedemo.com/'

2023-05-12 17:29:11 - [MESSAGE][INFO] - Starting 'Chrome' driver

2023-05-12 17:29:11 - [MESSAGE][INFO] - Action delay is set to 0 milliseconds

2023-05-12 17:29:13 - [MESSAGE][PASSED] - Browser is opened with url: 'https://www.saucedemo.com/'

2023-05-12 17:29:13 - [TEST_STEP][PASSED] - click(findTestObject("Object Repository/Page_Swag Labs/input_Swag Labs_user-name")): Object: 'Object Repository/Page_Swag Labs/input_Swag Labs_user-name' is clicked on

2023-05-12 17:29:13 - [MESSAGE][PASSED] - Object: 'Object Repository/Page_Swag Labs/input_Swag Labs_user-name' is clicked on

2023-05-12 17:29:13 - [TEST_STEP][PASSED] - sendKeys(findTestObject("Object Repository/Page_Swag Labs/input_Swag Labs_user-name"), "standard_user"): Keys 'standard_user' sent to object: 'Object Repository/Page_Swag Labs/input_Swag Labs_user-name'

2023-05-12 17:29:14 - [MESSAGE][PASSED] - Keys 'standard_user' sent to object: 'Object Repository/Page_Swag Labs/input_Swag Labs_user-name'

2023-05-12 17:29:14 - [TEST_STEP][PASSED] - click(findTestObject("Object Repository/Page_Swag Labs/input_Swag Labs_password")): Object: 'Object Repository/Page_Swag Labs/input_Swag Labs_password' is clicked on

2023-05-12 17:29:14 - [MESSAGE][PASSED] - Object: 'Object Repository/Page_Swag Labs/input_Swag Labs_password' is clicked on

2023-05-12 17:29:14 - [TEST_STEP][PASSED] - sendKeys(findTestObject("Object Repository/Page_Swag Labs/input_Swag Labs_password"), "secret_sauce"): Keys 'secret_sauce' sent to object: 'Object Repository/Page_Swag Labs/input_Swag Labs_password'

2023-05-12 17:29:14 - [MESSAGE][PASSED] - Keys 'secret_sauce' sent to object: 'Object Repository/Page_Swag Labs/input_Swag Labs_password'

2023-05-12 17:29:14 - [TEST_STEP][PASSED] - click(findTestObject("Object Repository/Page_Swag Labs/input_Swag Labs_login-button")): Object: 'Object Repository/Page_Swag Labs/input_Swag Labs_login-button' is clicked on

2023-05-12 17:29:15 - [MESSAGE][PASSED] - Object: 'Object Repository/Page_Swag Labs/input_Swag Labs_login-button' is clicked on

2023-05-12 17:29:15 - [TEST_STEP][PASSED] - click(findTestObject("Object Repository/inventoryPage/Backpack")): Object: 'Object Repository/inventoryPage/Backpack' is clicked on

2023-05-12 17:29:15 - [MESSAGE][PASSED] - Object: 'Object Repository/inventoryPage/Backpack' is clicked on

2023-05-12 17:29:15 - [TEST_STEP][PASSED] - click(findTestObject("Object Repository/inventoryPage/button_Add to cart")): Object: 'Object Repository/inventoryPage/button_Add to cart' is clicked on

2023-05-12 17:29:16 - [MESSAGE][PASSED] - Object: 'Object Repository/inventoryPage/button_Add to cart' is clicked on

2023-05-12 17:29:16 - [TEST_STEP][PASSED] - click(findTestObject("Object Repository/inventoryPage/products_back-image")): Object: 'Object Repository/inventoryPage/products_back-image' is clicked on

2023-05-12 17:29:16 - [MESSAGE][PASSED] - Object: 'Object Repository/inventoryPage/products_back-image' is clicked on

2023-05-12 17:29:16 - [TEST_STEP][PASSED] - click(findTestObject("Object Repository/inventoryPage/cart")): Object: 'Object Repository/inventoryPage/cart' is clicked on

2023-05-12 17:29:17 - [MESSAGE][PASSED] - Object: 'Object Repository/inventoryPage/cart' is clicked on

2023-05-12 17:29:17 - [TEST_STEP][PASSED] - click(findTestObject("Object Repository/CheckoutPage/button_Checkout")): Object: 'Object Repository/CheckoutPage/button_Checkout' is clicked on

2023-05-12 17:29:17 - [MESSAGE][PASSED] - Object: 'Object Repository/CheckoutPage/button_Checkout' is clicked on

2023-05-12 17:29:17 - [TEST_STEP][PASSED] - sendKeys(findTestObject("Object Repository/checkout-step-one/input_Checkout Your Information_firstName"), "demo"): Keys 'demo' sent to object: 'Object Repository/checkout-step-one/input_Checkout Your Information_firstName'

2023-05-12 17:29:18 - [MESSAGE][PASSED] - Keys 'demo' sent to object: 'Object Repository/checkout-step-one/input_Checkout Your Information_firstName'

2023-05-12 17:29:18 - [TEST_STEP][PASSED] - sendKeys(findTestObject("Object Repository/checkout-step-one/input_Checkout Your Information_lastName"), "qa test"): Keys 'qa test' sent to object: 'Object Repository/checkout-step-one/input_Checkout Your Information_lastName'

2023-05-12 17:29:18 - [MESSAGE][PASSED] - Keys 'qa test' sent to object: 'Object Repository/checkout-step-one/input_Checkout Your Information_lastName'

2023-05-12 17:29:18 - [TEST_STEP][PASSED] - sendKeys(findTestObject("Object Repository/checkout-step-one/input_Checkout Your Information_postalCode"), "9000"): Keys '9000' sent to object: 'Object Repository/checkout-step-one/input_Checkout Your Information_postalCode'

2023-05-12 17:29:19 - [MESSAGE][PASSED] - Keys '9000' sent to object: 'Object Repository/checkout-step-one/input_Checkout Your Information_postalCode'

2023-05-12 17:29:19 - [TEST_STEP][PASSED] - click(findTestObject("Object Repository/checkout-step-one/input_continue")): Object: 'Object Repository/checkout-step-one/input_continue' is clicked on

2023-05-12 17:29:19 - [MESSAGE][PASSED] - Object: 'Object Repository/checkout-step-one/input_continue' is clicked on

2023-05-12 17:29:19 - [TEST_STEP][PASSED] - click(findTestObject("Object Repository/finish checkout/button_Finish")): Object: 'Object Repository/finish checkout/button_Finish' is clicked on

2023-05-12 17:29:20 - [MESSAGE][PASSED] - Object: 'Object Repository/finish checkout/button_Finish' is clicked on

2023-05-12 17:29:20 - [TEST_STEP][PASSED] - verifyElementVisible(findTestObject("Object Repository/order-success/h2_Thank you for your order")): Object 'Object Repository/order-success/h2_Thank you for your order' is visible

2023-05-12 17:29:20 - [MESSAGE][PASSED] - Object 'Object Repository/order-success/h2_Thank you for your order' is visible

2023-05-12 17:29:20 - [TEST_STEP][PASSED] - click(findTestObject("Object Repository/NavSideBar/sidebar")): Object: 'Object Repository/NavSideBar/sidebar' is clicked on

2023-05-12 17:29:21 - [MESSAGE][PASSED] - Object: 'Object Repository/NavSideBar/sidebar' is clicked on

2023-05-12 17:29:21 - [TEST_STEP][PASSED] - click(findTestObject("Object Repository/NavSideBar/a_Logout")): Object: 'Object Repository/NavSideBar/a_Logout' is clicked on

2023-05-12 17:29:21 - [MESSAGE][PASSED] - Object: 'Object Repository/NavSideBar/a_Logout' is clicked on

2023-05-12 17:29:21 - [TEST_STEP][PASSED] - verifyElementVisible(findTestObject("Object Repository/Page_Swag Labs/input_Swag Labs_user-name")): Object 'Object Repository/Page_Swag Labs/input_Swag Labs_user-name' is visible

2023-05-12 17:29:22 - [MESSAGE][PASSED] - Object 'Object Repository/Page_Swag Labs/input_Swag Labs_user-name' is visible

2023-05-12 17:29:22 - [TEST_STEP][PASSED] - closeBrowser(): Browser is closed

2023-05-12 17:29:22 - [MESSAGE][PASSED] - Browser is closed]]></system-out>
         <system-err><![CDATA[]]></system-err>
      </testcase>
      <testcase name="Test Cases/test-flow-1-buy-1-product" time="11.863" classname="Test Cases/test-flow-1-buy-1-product" status="PASSED">
         <system-out><![CDATA[2023-05-12 17:29:22 - [TEST_CASE][PASSED] - Test Cases/test-flow-1-buy-1-product: Test Cases/test-flow-1-buy-1-product

2023-05-12 17:29:22 - [TEST_STEP][PASSED] - openBrowser("https://www.saucedemo.com/"): Browser is opened with url: 'https://www.saucedemo.com/'

2023-05-12 17:29:22 - [MESSAGE][INFO] - Starting 'Chrome' driver

2023-05-12 17:29:22 - [MESSAGE][INFO] - Action delay is set to 0 milliseconds

2023-05-12 17:29:24 - [MESSAGE][PASSED] - Browser is opened with url: 'https://www.saucedemo.com/'

2023-05-12 17:29:24 - [TEST_STEP][PASSED] - click(findTestObject("Object Repository/Page_Swag Labs/input_Swag Labs_user-name")): Object: 'Object Repository/Page_Swag Labs/input_Swag Labs_user-name' is clicked on

2023-05-12 17:29:25 - [MESSAGE][PASSED] - Object: 'Object Repository/Page_Swag Labs/input_Swag Labs_user-name' is clicked on

2023-05-12 17:29:25 - [TEST_STEP][PASSED] - sendKeys(findTestObject("Object Repository/Page_Swag Labs/input_Swag Labs_user-name"), "standard_user"): Keys 'standard_user' sent to object: 'Object Repository/Page_Swag Labs/input_Swag Labs_user-name'

2023-05-12 17:29:25 - [MESSAGE][PASSED] - Keys 'standard_user' sent to object: 'Object Repository/Page_Swag Labs/input_Swag Labs_user-name'

2023-05-12 17:29:25 - [TEST_STEP][PASSED] - click(findTestObject("Object Repository/Page_Swag Labs/input_Swag Labs_password")): Object: 'Object Repository/Page_Swag Labs/input_Swag Labs_password' is clicked on

2023-05-12 17:29:25 - [MESSAGE][PASSED] - Object: 'Object Repository/Page_Swag Labs/input_Swag Labs_password' is clicked on

2023-05-12 17:29:25 - [TEST_STEP][PASSED] - sendKeys(findTestObject("Object Repository/Page_Swag Labs/input_Swag Labs_password"), "secret_sauce"): Keys 'secret_sauce' sent to object: 'Object Repository/Page_Swag Labs/input_Swag Labs_password'

2023-05-12 17:29:26 - [MESSAGE][PASSED] - Keys 'secret_sauce' sent to object: 'Object Repository/Page_Swag Labs/input_Swag Labs_password'

2023-05-12 17:29:26 - [TEST_STEP][PASSED] - click(findTestObject("Object Repository/Page_Swag Labs/input_Swag Labs_login-button")): Object: 'Object Repository/Page_Swag Labs/input_Swag Labs_login-button' is clicked on

2023-05-12 17:29:26 - [MESSAGE][PASSED] - Object: 'Object Repository/Page_Swag Labs/input_Swag Labs_login-button' is clicked on

2023-05-12 17:29:26 - [TEST_STEP][PASSED] - click(findTestObject("Object Repository/inventoryPage/Backpack")): Object: 'Object Repository/inventoryPage/Backpack' is clicked on

2023-05-12 17:29:27 - [MESSAGE][PASSED] - Object: 'Object Repository/inventoryPage/Backpack' is clicked on

2023-05-12 17:29:27 - [TEST_STEP][PASSED] - click(findTestObject("Object Repository/inventoryPage/button_Add to cart")): Object: 'Object Repository/inventoryPage/button_Add to cart' is clicked on

2023-05-12 17:29:27 - [MESSAGE][PASSED] - Object: 'Object Repository/inventoryPage/button_Add to cart' is clicked on

2023-05-12 17:29:27 - [TEST_STEP][PASSED] - click(findTestObject("Object Repository/inventoryPage/products_back-image")): Object: 'Object Repository/inventoryPage/products_back-image' is clicked on

2023-05-12 17:29:28 - [MESSAGE][PASSED] - Object: 'Object Repository/inventoryPage/products_back-image' is clicked on

2023-05-12 17:29:28 - [TEST_STEP][PASSED] - click(findTestObject("Object Repository/inventoryPage/cart")): Object: 'Object Repository/inventoryPage/cart' is clicked on

2023-05-12 17:29:28 - [MESSAGE][PASSED] - Object: 'Object Repository/inventoryPage/cart' is clicked on

2023-05-12 17:29:28 - [TEST_STEP][PASSED] - click(findTestObject("Object Repository/CheckoutPage/button_Checkout")): Object: 'Object Repository/CheckoutPage/button_Checkout' is clicked on

2023-05-12 17:29:29 - [MESSAGE][PASSED] - Object: 'Object Repository/CheckoutPage/button_Checkout' is clicked on

2023-05-12 17:29:29 - [TEST_STEP][PASSED] - sendKeys(findTestObject("Object Repository/checkout-step-one/input_Checkout Your Information_firstName"), "demo"): Keys 'demo' sent to object: 'Object Repository/checkout-step-one/input_Checkout Your Information_firstName'

2023-05-12 17:29:29 - [MESSAGE][PASSED] - Keys 'demo' sent to object: 'Object Repository/checkout-step-one/input_Checkout Your Information_firstName'

2023-05-12 17:29:29 - [TEST_STEP][PASSED] - sendKeys(findTestObject("Object Repository/checkout-step-one/input_Checkout Your Information_lastName"), "qa test"): Keys 'qa test' sent to object: 'Object Repository/checkout-step-one/input_Checkout Your Information_lastName'

2023-05-12 17:29:30 - [MESSAGE][PASSED] - Keys 'qa test' sent to object: 'Object Repository/checkout-step-one/input_Checkout Your Information_lastName'

2023-05-12 17:29:30 - [TEST_STEP][PASSED] - sendKeys(findTestObject("Object Repository/checkout-step-one/input_Checkout Your Information_postalCode"), "9000"): Keys '9000' sent to object: 'Object Repository/checkout-step-one/input_Checkout Your Information_postalCode'

2023-05-12 17:29:30 - [MESSAGE][PASSED] - Keys '9000' sent to object: 'Object Repository/checkout-step-one/input_Checkout Your Information_postalCode'

2023-05-12 17:29:30 - [TEST_STEP][PASSED] - click(findTestObject("Object Repository/checkout-step-one/input_continue")): Object: 'Object Repository/checkout-step-one/input_continue' is clicked on

2023-05-12 17:29:31 - [MESSAGE][PASSED] - Object: 'Object Repository/checkout-step-one/input_continue' is clicked on

2023-05-12 17:29:31 - [TEST_STEP][PASSED] - click(findTestObject("Object Repository/finish checkout/button_Finish")): Object: 'Object Repository/finish checkout/button_Finish' is clicked on

2023-05-12 17:29:32 - [MESSAGE][PASSED] - Object: 'Object Repository/finish checkout/button_Finish' is clicked on

2023-05-12 17:29:32 - [TEST_STEP][PASSED] - verifyElementVisible(findTestObject("Object Repository/order-success/h2_Thank you for your order")): Object 'Object Repository/order-success/h2_Thank you for your order' is visible

2023-05-12 17:29:32 - [MESSAGE][PASSED] - Object 'Object Repository/order-success/h2_Thank you for your order' is visible

2023-05-12 17:29:32 - [TEST_STEP][PASSED] - click(findTestObject("Object Repository/NavSideBar/sidebar")): Object: 'Object Repository/NavSideBar/sidebar' is clicked on

2023-05-12 17:29:33 - [MESSAGE][PASSED] - Object: 'Object Repository/NavSideBar/sidebar' is clicked on

2023-05-12 17:29:33 - [TEST_STEP][PASSED] - click(findTestObject("Object Repository/NavSideBar/a_Logout")): Object: 'Object Repository/NavSideBar/a_Logout' is clicked on

2023-05-12 17:29:33 - [MESSAGE][PASSED] - Object: 'Object Repository/NavSideBar/a_Logout' is clicked on

2023-05-12 17:29:33 - [TEST_STEP][PASSED] - verifyElementVisible(findTestObject("Object Repository/Page_Swag Labs/input_Swag Labs_user-name")): Object 'Object Repository/Page_Swag Labs/input_Swag Labs_user-name' is visible

2023-05-12 17:29:34 - [MESSAGE][PASSED] - Object 'Object Repository/Page_Swag Labs/input_Swag Labs_user-name' is visible

2023-05-12 17:29:34 - [TEST_STEP][PASSED] - closeBrowser(): Browser is closed

2023-05-12 17:29:34 - [MESSAGE][PASSED] - Browser is closed]]></system-out>
         <system-err><![CDATA[]]></system-err>
      </testcase>
      <testcase name="Test Cases/test-flow-1-buy-1-product" time="11.904" classname="Test Cases/test-flow-1-buy-1-product" status="PASSED">
         <system-out><![CDATA[2023-05-12 17:29:34 - [TEST_CASE][PASSED] - Test Cases/test-flow-1-buy-1-product: Test Cases/test-flow-1-buy-1-product

2023-05-12 17:29:34 - [TEST_STEP][PASSED] - openBrowser("https://www.saucedemo.com/"): Browser is opened with url: 'https://www.saucedemo.com/'

2023-05-12 17:29:34 - [MESSAGE][INFO] - Starting 'Chrome' driver

2023-05-12 17:29:34 - [MESSAGE][INFO] - Action delay is set to 0 milliseconds

2023-05-12 17:29:36 - [MESSAGE][PASSED] - Browser is opened with url: 'https://www.saucedemo.com/'

2023-05-12 17:29:36 - [TEST_STEP][PASSED] - click(findTestObject("Object Repository/Page_Swag Labs/input_Swag Labs_user-name")): Object: 'Object Repository/Page_Swag Labs/input_Swag Labs_user-name' is clicked on

2023-05-12 17:29:37 - [MESSAGE][PASSED] - Object: 'Object Repository/Page_Swag Labs/input_Swag Labs_user-name' is clicked on

2023-05-12 17:29:37 - [TEST_STEP][PASSED] - sendKeys(findTestObject("Object Repository/Page_Swag Labs/input_Swag Labs_user-name"), "standard_user"): Keys 'standard_user' sent to object: 'Object Repository/Page_Swag Labs/input_Swag Labs_user-name'

2023-05-12 17:29:37 - [MESSAGE][PASSED] - Keys 'standard_user' sent to object: 'Object Repository/Page_Swag Labs/input_Swag Labs_user-name'

2023-05-12 17:29:37 - [TEST_STEP][PASSED] - click(findTestObject("Object Repository/Page_Swag Labs/input_Swag Labs_password")): Object: 'Object Repository/Page_Swag Labs/input_Swag Labs_password' is clicked on

2023-05-12 17:29:37 - [MESSAGE][PASSED] - Object: 'Object Repository/Page_Swag Labs/input_Swag Labs_password' is clicked on

2023-05-12 17:29:37 - [TEST_STEP][PASSED] - sendKeys(findTestObject("Object Repository/Page_Swag Labs/input_Swag Labs_password"), "secret_sauce"): Keys 'secret_sauce' sent to object: 'Object Repository/Page_Swag Labs/input_Swag Labs_password'

2023-05-12 17:29:38 - [MESSAGE][PASSED] - Keys 'secret_sauce' sent to object: 'Object Repository/Page_Swag Labs/input_Swag Labs_password'

2023-05-12 17:29:38 - [TEST_STEP][PASSED] - click(findTestObject("Object Repository/Page_Swag Labs/input_Swag Labs_login-button")): Object: 'Object Repository/Page_Swag Labs/input_Swag Labs_login-button' is clicked on

2023-05-12 17:29:38 - [MESSAGE][PASSED] - Object: 'Object Repository/Page_Swag Labs/input_Swag Labs_login-button' is clicked on

2023-05-12 17:29:38 - [TEST_STEP][PASSED] - click(findTestObject("Object Repository/inventoryPage/Backpack")): Object: 'Object Repository/inventoryPage/Backpack' is clicked on

2023-05-12 17:29:39 - [MESSAGE][PASSED] - Object: 'Object Repository/inventoryPage/Backpack' is clicked on

2023-05-12 17:29:39 - [TEST_STEP][PASSED] - click(findTestObject("Object Repository/inventoryPage/button_Add to cart")): Object: 'Object Repository/inventoryPage/button_Add to cart' is clicked on

2023-05-12 17:29:39 - [MESSAGE][PASSED] - Object: 'Object Repository/inventoryPage/button_Add to cart' is clicked on

2023-05-12 17:29:39 - [TEST_STEP][PASSED] - click(findTestObject("Object Repository/inventoryPage/products_back-image")): Object: 'Object Repository/inventoryPage/products_back-image' is clicked on

2023-05-12 17:29:40 - [MESSAGE][PASSED] - Object: 'Object Repository/inventoryPage/products_back-image' is clicked on

2023-05-12 17:29:40 - [TEST_STEP][PASSED] - click(findTestObject("Object Repository/inventoryPage/cart")): Object: 'Object Repository/inventoryPage/cart' is clicked on

2023-05-12 17:29:40 - [MESSAGE][PASSED] - Object: 'Object Repository/inventoryPage/cart' is clicked on

2023-05-12 17:29:40 - [TEST_STEP][PASSED] - click(findTestObject("Object Repository/CheckoutPage/button_Checkout")): Object: 'Object Repository/CheckoutPage/button_Checkout' is clicked on

2023-05-12 17:29:41 - [MESSAGE][PASSED] - Object: 'Object Repository/CheckoutPage/button_Checkout' is clicked on

2023-05-12 17:29:41 - [TEST_STEP][PASSED] - sendKeys(findTestObject("Object Repository/checkout-step-one/input_Checkout Your Information_firstName"), "demo"): Keys 'demo' sent to object: 'Object Repository/checkout-step-one/input_Checkout Your Information_firstName'

2023-05-12 17:29:41 - [MESSAGE][PASSED] - Keys 'demo' sent to object: 'Object Repository/checkout-step-one/input_Checkout Your Information_firstName'

2023-05-12 17:29:41 - [TEST_STEP][PASSED] - sendKeys(findTestObject("Object Repository/checkout-step-one/input_Checkout Your Information_lastName"), "qa test"): Keys 'qa test' sent to object: 'Object Repository/checkout-step-one/input_Checkout Your Information_lastName'

2023-05-12 17:29:42 - [MESSAGE][PASSED] - Keys 'qa test' sent to object: 'Object Repository/checkout-step-one/input_Checkout Your Information_lastName'

2023-05-12 17:29:42 - [TEST_STEP][PASSED] - sendKeys(findTestObject("Object Repository/checkout-step-one/input_Checkout Your Information_postalCode"), "9000"): Keys '9000' sent to object: 'Object Repository/checkout-step-one/input_Checkout Your Information_postalCode'

2023-05-12 17:29:42 - [MESSAGE][PASSED] - Keys '9000' sent to object: 'Object Repository/checkout-step-one/input_Checkout Your Information_postalCode'

2023-05-12 17:29:42 - [TEST_STEP][PASSED] - click(findTestObject("Object Repository/checkout-step-one/input_continue")): Object: 'Object Repository/checkout-step-one/input_continue' is clicked on

2023-05-12 17:29:43 - [MESSAGE][PASSED] - Object: 'Object Repository/checkout-step-one/input_continue' is clicked on

2023-05-12 17:29:43 - [TEST_STEP][PASSED] - click(findTestObject("Object Repository/finish checkout/button_Finish")): Object: 'Object Repository/finish checkout/button_Finish' is clicked on

2023-05-12 17:29:44 - [MESSAGE][PASSED] - Object: 'Object Repository/finish checkout/button_Finish' is clicked on

2023-05-12 17:29:44 - [TEST_STEP][PASSED] - verifyElementVisible(findTestObject("Object Repository/order-success/h2_Thank you for your order")): Object 'Object Repository/order-success/h2_Thank you for your order' is visible

2023-05-12 17:29:44 - [MESSAGE][PASSED] - Object 'Object Repository/order-success/h2_Thank you for your order' is visible

2023-05-12 17:29:44 - [TEST_STEP][PASSED] - click(findTestObject("Object Repository/NavSideBar/sidebar")): Object: 'Object Repository/NavSideBar/sidebar' is clicked on

2023-05-12 17:29:45 - [MESSAGE][PASSED] - Object: 'Object Repository/NavSideBar/sidebar' is clicked on

2023-05-12 17:29:45 - [TEST_STEP][PASSED] - click(findTestObject("Object Repository/NavSideBar/a_Logout")): Object: 'Object Repository/NavSideBar/a_Logout' is clicked on

2023-05-12 17:29:45 - [MESSAGE][PASSED] - Object: 'Object Repository/NavSideBar/a_Logout' is clicked on

2023-05-12 17:29:45 - [TEST_STEP][PASSED] - verifyElementVisible(findTestObject("Object Repository/Page_Swag Labs/input_Swag Labs_user-name")): Object 'Object Repository/Page_Swag Labs/input_Swag Labs_user-name' is visible

2023-05-12 17:29:46 - [MESSAGE][PASSED] - Object 'Object Repository/Page_Swag Labs/input_Swag Labs_user-name' is visible

2023-05-12 17:29:46 - [TEST_STEP][PASSED] - closeBrowser(): Browser is closed

2023-05-12 17:29:46 - [MESSAGE][PASSED] - Browser is closed]]></system-out>
         <system-err><![CDATA[]]></system-err>
      </testcase>
      <testcase name="Test Cases/test-flow-1-buy-1-product" time="11.649" classname="Test Cases/test-flow-1-buy-1-product" status="PASSED">
         <system-out><![CDATA[2023-05-12 17:29:46 - [TEST_CASE][PASSED] - Test Cases/test-flow-1-buy-1-product: Test Cases/test-flow-1-buy-1-product

2023-05-12 17:29:46 - [TEST_STEP][PASSED] - openBrowser("https://www.saucedemo.com/"): Browser is opened with url: 'https://www.saucedemo.com/'

2023-05-12 17:29:46 - [MESSAGE][INFO] - Starting 'Chrome' driver

2023-05-12 17:29:46 - [MESSAGE][INFO] - Action delay is set to 0 milliseconds

2023-05-12 17:29:48 - [MESSAGE][PASSED] - Browser is opened with url: 'https://www.saucedemo.com/'

2023-05-12 17:29:48 - [TEST_STEP][PASSED] - click(findTestObject("Object Repository/Page_Swag Labs/input_Swag Labs_user-name")): Object: 'Object Repository/Page_Swag Labs/input_Swag Labs_user-name' is clicked on

2023-05-12 17:29:49 - [MESSAGE][PASSED] - Object: 'Object Repository/Page_Swag Labs/input_Swag Labs_user-name' is clicked on

2023-05-12 17:29:49 - [TEST_STEP][PASSED] - sendKeys(findTestObject("Object Repository/Page_Swag Labs/input_Swag Labs_user-name"), "standard_user"): Keys 'standard_user' sent to object: 'Object Repository/Page_Swag Labs/input_Swag Labs_user-name'

2023-05-12 17:29:49 - [MESSAGE][PASSED] - Keys 'standard_user' sent to object: 'Object Repository/Page_Swag Labs/input_Swag Labs_user-name'

2023-05-12 17:29:49 - [TEST_STEP][PASSED] - click(findTestObject("Object Repository/Page_Swag Labs/input_Swag Labs_password")): Object: 'Object Repository/Page_Swag Labs/input_Swag Labs_password' is clicked on

2023-05-12 17:29:49 - [MESSAGE][PASSED] - Object: 'Object Repository/Page_Swag Labs/input_Swag Labs_password' is clicked on

2023-05-12 17:29:49 - [TEST_STEP][PASSED] - sendKeys(findTestObject("Object Repository/Page_Swag Labs/input_Swag Labs_password"), "secret_sauce"): Keys 'secret_sauce' sent to object: 'Object Repository/Page_Swag Labs/input_Swag Labs_password'

2023-05-12 17:29:50 - [MESSAGE][PASSED] - Keys 'secret_sauce' sent to object: 'Object Repository/Page_Swag Labs/input_Swag Labs_password'

2023-05-12 17:29:50 - [TEST_STEP][PASSED] - click(findTestObject("Object Repository/Page_Swag Labs/input_Swag Labs_login-button")): Object: 'Object Repository/Page_Swag Labs/input_Swag Labs_login-button' is clicked on

2023-05-12 17:29:50 - [MESSAGE][PASSED] - Object: 'Object Repository/Page_Swag Labs/input_Swag Labs_login-button' is clicked on

2023-05-12 17:29:50 - [TEST_STEP][PASSED] - click(findTestObject("Object Repository/inventoryPage/Backpack")): Object: 'Object Repository/inventoryPage/Backpack' is clicked on

2023-05-12 17:29:51 - [MESSAGE][PASSED] - Object: 'Object Repository/inventoryPage/Backpack' is clicked on

2023-05-12 17:29:51 - [TEST_STEP][PASSED] - click(findTestObject("Object Repository/inventoryPage/button_Add to cart")): Object: 'Object Repository/inventoryPage/button_Add to cart' is clicked on

2023-05-12 17:29:51 - [MESSAGE][PASSED] - Object: 'Object Repository/inventoryPage/button_Add to cart' is clicked on

2023-05-12 17:29:51 - [TEST_STEP][PASSED] - click(findTestObject("Object Repository/inventoryPage/products_back-image")): Object: 'Object Repository/inventoryPage/products_back-image' is clicked on

2023-05-12 17:29:51 - [MESSAGE][PASSED] - Object: 'Object Repository/inventoryPage/products_back-image' is clicked on

2023-05-12 17:29:51 - [TEST_STEP][PASSED] - click(findTestObject("Object Repository/inventoryPage/cart")): Object: 'Object Repository/inventoryPage/cart' is clicked on

2023-05-12 17:29:52 - [MESSAGE][PASSED] - Object: 'Object Repository/inventoryPage/cart' is clicked on

2023-05-12 17:29:52 - [TEST_STEP][PASSED] - click(findTestObject("Object Repository/CheckoutPage/button_Checkout")): Object: 'Object Repository/CheckoutPage/button_Checkout' is clicked on

2023-05-12 17:29:53 - [MESSAGE][PASSED] - Object: 'Object Repository/CheckoutPage/button_Checkout' is clicked on

2023-05-12 17:29:53 - [TEST_STEP][PASSED] - sendKeys(findTestObject("Object Repository/checkout-step-one/input_Checkout Your Information_firstName"), "demo"): Keys 'demo' sent to object: 'Object Repository/checkout-step-one/input_Checkout Your Information_firstName'

2023-05-12 17:29:53 - [MESSAGE][PASSED] - Keys 'demo' sent to object: 'Object Repository/checkout-step-one/input_Checkout Your Information_firstName'

2023-05-12 17:29:53 - [TEST_STEP][PASSED] - sendKeys(findTestObject("Object Repository/checkout-step-one/input_Checkout Your Information_lastName"), "qa test"): Keys 'qa test' sent to object: 'Object Repository/checkout-step-one/input_Checkout Your Information_lastName'

2023-05-12 17:29:54 - [MESSAGE][PASSED] - Keys 'qa test' sent to object: 'Object Repository/checkout-step-one/input_Checkout Your Information_lastName'

2023-05-12 17:29:54 - [TEST_STEP][PASSED] - sendKeys(findTestObject("Object Repository/checkout-step-one/input_Checkout Your Information_postalCode"), "9000"): Keys '9000' sent to object: 'Object Repository/checkout-step-one/input_Checkout Your Information_postalCode'

2023-05-12 17:29:54 - [MESSAGE][PASSED] - Keys '9000' sent to object: 'Object Repository/checkout-step-one/input_Checkout Your Information_postalCode'

2023-05-12 17:29:54 - [TEST_STEP][PASSED] - click(findTestObject("Object Repository/checkout-step-one/input_continue")): Object: 'Object Repository/checkout-step-one/input_continue' is clicked on

2023-05-12 17:29:55 - [MESSAGE][PASSED] - Object: 'Object Repository/checkout-step-one/input_continue' is clicked on

2023-05-12 17:29:55 - [TEST_STEP][PASSED] - click(findTestObject("Object Repository/finish checkout/button_Finish")): Object: 'Object Repository/finish checkout/button_Finish' is clicked on

2023-05-12 17:29:55 - [MESSAGE][PASSED] - Object: 'Object Repository/finish checkout/button_Finish' is clicked on

2023-05-12 17:29:55 - [TEST_STEP][PASSED] - verifyElementVisible(findTestObject("Object Repository/order-success/h2_Thank you for your order")): Object 'Object Repository/order-success/h2_Thank you for your order' is visible

2023-05-12 17:29:56 - [MESSAGE][PASSED] - Object 'Object Repository/order-success/h2_Thank you for your order' is visible

2023-05-12 17:29:56 - [TEST_STEP][PASSED] - click(findTestObject("Object Repository/NavSideBar/sidebar")): Object: 'Object Repository/NavSideBar/sidebar' is clicked on

2023-05-12 17:29:56 - [MESSAGE][PASSED] - Object: 'Object Repository/NavSideBar/sidebar' is clicked on

2023-05-12 17:29:56 - [TEST_STEP][PASSED] - click(findTestObject("Object Repository/NavSideBar/a_Logout")): Object: 'Object Repository/NavSideBar/a_Logout' is clicked on

2023-05-12 17:29:57 - [MESSAGE][PASSED] - Object: 'Object Repository/NavSideBar/a_Logout' is clicked on

2023-05-12 17:29:57 - [TEST_STEP][PASSED] - verifyElementVisible(findTestObject("Object Repository/Page_Swag Labs/input_Swag Labs_user-name")): Object 'Object Repository/Page_Swag Labs/input_Swag Labs_user-name' is visible

2023-05-12 17:29:57 - [MESSAGE][PASSED] - Object 'Object Repository/Page_Swag Labs/input_Swag Labs_user-name' is visible

2023-05-12 17:29:57 - [TEST_STEP][PASSED] - closeBrowser(): Browser is closed

2023-05-12 17:29:58 - [MESSAGE][PASSED] - Browser is closed]]></system-out>
         <system-err><![CDATA[]]></system-err>
      </testcase>
      <testcase name="Test Cases/test-flow-1-buy-1-product" time="12.025" classname="Test Cases/test-flow-1-buy-1-product" status="PASSED">
         <system-out><![CDATA[2023-05-12 17:29:58 - [TEST_CASE][PASSED] - Test Cases/test-flow-1-buy-1-product: Test Cases/test-flow-1-buy-1-product

2023-05-12 17:29:58 - [TEST_STEP][PASSED] - openBrowser("https://www.saucedemo.com/"): Browser is opened with url: 'https://www.saucedemo.com/'

2023-05-12 17:29:58 - [MESSAGE][INFO] - Starting 'Chrome' driver

2023-05-12 17:29:58 - [MESSAGE][INFO] - Action delay is set to 0 milliseconds

2023-05-12 17:30:00 - [MESSAGE][PASSED] - Browser is opened with url: 'https://www.saucedemo.com/'

2023-05-12 17:30:00 - [TEST_STEP][PASSED] - click(findTestObject("Object Repository/Page_Swag Labs/input_Swag Labs_user-name")): Object: 'Object Repository/Page_Swag Labs/input_Swag Labs_user-name' is clicked on

2023-05-12 17:30:00 - [MESSAGE][PASSED] - Object: 'Object Repository/Page_Swag Labs/input_Swag Labs_user-name' is clicked on

2023-05-12 17:30:00 - [TEST_STEP][PASSED] - sendKeys(findTestObject("Object Repository/Page_Swag Labs/input_Swag Labs_user-name"), "standard_user"): Keys 'standard_user' sent to object: 'Object Repository/Page_Swag Labs/input_Swag Labs_user-name'

2023-05-12 17:30:01 - [MESSAGE][PASSED] - Keys 'standard_user' sent to object: 'Object Repository/Page_Swag Labs/input_Swag Labs_user-name'

2023-05-12 17:30:01 - [TEST_STEP][PASSED] - click(findTestObject("Object Repository/Page_Swag Labs/input_Swag Labs_password")): Object: 'Object Repository/Page_Swag Labs/input_Swag Labs_password' is clicked on

2023-05-12 17:30:01 - [MESSAGE][PASSED] - Object: 'Object Repository/Page_Swag Labs/input_Swag Labs_password' is clicked on

2023-05-12 17:30:01 - [TEST_STEP][PASSED] - sendKeys(findTestObject("Object Repository/Page_Swag Labs/input_Swag Labs_password"), "secret_sauce"): Keys 'secret_sauce' sent to object: 'Object Repository/Page_Swag Labs/input_Swag Labs_password'

2023-05-12 17:30:01 - [MESSAGE][PASSED] - Keys 'secret_sauce' sent to object: 'Object Repository/Page_Swag Labs/input_Swag Labs_password'

2023-05-12 17:30:01 - [TEST_STEP][PASSED] - click(findTestObject("Object Repository/Page_Swag Labs/input_Swag Labs_login-button")): Object: 'Object Repository/Page_Swag Labs/input_Swag Labs_login-button' is clicked on

2023-05-12 17:30:02 - [MESSAGE][PASSED] - Object: 'Object Repository/Page_Swag Labs/input_Swag Labs_login-button' is clicked on

2023-05-12 17:30:02 - [TEST_STEP][PASSED] - click(findTestObject("Object Repository/inventoryPage/Backpack")): Object: 'Object Repository/inventoryPage/Backpack' is clicked on

2023-05-12 17:30:02 - [MESSAGE][PASSED] - Object: 'Object Repository/inventoryPage/Backpack' is clicked on

2023-05-12 17:30:02 - [TEST_STEP][PASSED] - click(findTestObject("Object Repository/inventoryPage/button_Add to cart")): Object: 'Object Repository/inventoryPage/button_Add to cart' is clicked on

2023-05-12 17:30:03 - [MESSAGE][PASSED] - Object: 'Object Repository/inventoryPage/button_Add to cart' is clicked on

2023-05-12 17:30:03 - [TEST_STEP][PASSED] - click(findTestObject("Object Repository/inventoryPage/products_back-image")): Object: 'Object Repository/inventoryPage/products_back-image' is clicked on

2023-05-12 17:30:03 - [MESSAGE][PASSED] - Object: 'Object Repository/inventoryPage/products_back-image' is clicked on

2023-05-12 17:30:03 - [TEST_STEP][PASSED] - click(findTestObject("Object Repository/inventoryPage/cart")): Object: 'Object Repository/inventoryPage/cart' is clicked on

2023-05-12 17:30:04 - [MESSAGE][PASSED] - Object: 'Object Repository/inventoryPage/cart' is clicked on

2023-05-12 17:30:04 - [TEST_STEP][PASSED] - click(findTestObject("Object Repository/CheckoutPage/button_Checkout")): Object: 'Object Repository/CheckoutPage/button_Checkout' is clicked on

2023-05-12 17:30:04 - [MESSAGE][PASSED] - Object: 'Object Repository/CheckoutPage/button_Checkout' is clicked on

2023-05-12 17:30:04 - [TEST_STEP][PASSED] - sendKeys(findTestObject("Object Repository/checkout-step-one/input_Checkout Your Information_firstName"), "demo"): Keys 'demo' sent to object: 'Object Repository/checkout-step-one/input_Checkout Your Information_firstName'

2023-05-12 17:30:05 - [MESSAGE][PASSED] - Keys 'demo' sent to object: 'Object Repository/checkout-step-one/input_Checkout Your Information_firstName'

2023-05-12 17:30:05 - [TEST_STEP][PASSED] - sendKeys(findTestObject("Object Repository/checkout-step-one/input_Checkout Your Information_lastName"), "qa test"): Keys 'qa test' sent to object: 'Object Repository/checkout-step-one/input_Checkout Your Information_lastName'

2023-05-12 17:30:06 - [MESSAGE][PASSED] - Keys 'qa test' sent to object: 'Object Repository/checkout-step-one/input_Checkout Your Information_lastName'

2023-05-12 17:30:06 - [TEST_STEP][PASSED] - sendKeys(findTestObject("Object Repository/checkout-step-one/input_Checkout Your Information_postalCode"), "9000"): Keys '9000' sent to object: 'Object Repository/checkout-step-one/input_Checkout Your Information_postalCode'

2023-05-12 17:30:06 - [MESSAGE][PASSED] - Keys '9000' sent to object: 'Object Repository/checkout-step-one/input_Checkout Your Information_postalCode'

2023-05-12 17:30:06 - [TEST_STEP][PASSED] - click(findTestObject("Object Repository/checkout-step-one/input_continue")): Object: 'Object Repository/checkout-step-one/input_continue' is clicked on

2023-05-12 17:30:07 - [MESSAGE][PASSED] - Object: 'Object Repository/checkout-step-one/input_continue' is clicked on

2023-05-12 17:30:07 - [TEST_STEP][PASSED] - click(findTestObject("Object Repository/finish checkout/button_Finish")): Object: 'Object Repository/finish checkout/button_Finish' is clicked on

2023-05-12 17:30:07 - [MESSAGE][PASSED] - Object: 'Object Repository/finish checkout/button_Finish' is clicked on

2023-05-12 17:30:07 - [TEST_STEP][PASSED] - verifyElementVisible(findTestObject("Object Repository/order-success/h2_Thank you for your order")): Object 'Object Repository/order-success/h2_Thank you for your order' is visible

2023-05-12 17:30:08 - [MESSAGE][PASSED] - Object 'Object Repository/order-success/h2_Thank you for your order' is visible

2023-05-12 17:30:08 - [TEST_STEP][PASSED] - click(findTestObject("Object Repository/NavSideBar/sidebar")): Object: 'Object Repository/NavSideBar/sidebar' is clicked on

2023-05-12 17:30:08 - [MESSAGE][PASSED] - Object: 'Object Repository/NavSideBar/sidebar' is clicked on

2023-05-12 17:30:08 - [TEST_STEP][PASSED] - click(findTestObject("Object Repository/NavSideBar/a_Logout")): Object: 'Object Repository/NavSideBar/a_Logout' is clicked on

2023-05-12 17:30:09 - [MESSAGE][PASSED] - Object: 'Object Repository/NavSideBar/a_Logout' is clicked on

2023-05-12 17:30:09 - [TEST_STEP][PASSED] - verifyElementVisible(findTestObject("Object Repository/Page_Swag Labs/input_Swag Labs_user-name")): Object 'Object Repository/Page_Swag Labs/input_Swag Labs_user-name' is visible

2023-05-12 17:30:09 - [MESSAGE][PASSED] - Object 'Object Repository/Page_Swag Labs/input_Swag Labs_user-name' is visible

2023-05-12 17:30:09 - [TEST_STEP][PASSED] - closeBrowser(): Browser is closed

2023-05-12 17:30:10 - [MESSAGE][PASSED] - Browser is closed]]></system-out>
         <system-err><![CDATA[]]></system-err>
      </testcase>
      <system-out><![CDATA[2023-05-12 17:26:12 - [TEST_SUITE][PASSED] - simple case: Test Cases/test-flow-1-buy-1-product]]></system-out>
      <system-err><![CDATA[]]></system-err>
   </testsuite>
   <testsuite name="simple case" tests="20" failures="0" errors="0" time="239.107" skipped="0" timestamp="2023-05-12 17:30:13" hostname="minh.nguyen - 5YHW2D3" id="Test Suites/simple case">
      <properties>
         <property name="deviceName" value=""/>
         <property name="devicePlatform" value=""/>
         <property name="logFolder" value="C:\\Users\\minh.nguyen\\Desktop\\GitRepo\\tri-nhan-repo\\Reports\\20230512_171239\\simple case\\20230512_171248"/>
         <property name="logFiles" value="C:\\Users\\minh.nguyen\\Desktop\\GitRepo\\tri-nhan-repo\\Reports\\20230512_171239\\simple case\\20230512_171248\\execution0.log"/>
         <property name="attachments" value=""/>
         <property name="hostName" value="minh.nguyen - 5YHW2D3"/>
         <property name="os" value="Windows 10 64bit"/>
         <property name="katalonVersion" value="8.5.5.208"/>
         <property name="browser" value="Chrome 112.0.0.0"/>
         <property name="hostAddress" value="192.168.1.86"/>
         <property name="sessionId" value="9a27bad214f0c34a77d56ca9ff0024db"/>
         <property name="seleniumVersion" value="3.141.59"/>
         <property name="proxyInformation" value="ProxyInformation { proxyOption=NO_PROXY, proxyServerType=HTTP, username=, password=********, proxyServerAddress=, proxyServerPort=0, executionList=&quot;&quot;, isApplyToDesiredCapabilities=true }"/>
         <property name="platform" value="Windows 10"/>
      </properties>
      <testcase name="Test Cases/test-flow-1-buy-1-product" time="12.893" classname="Test Cases/test-flow-1-buy-1-product" status="PASSED">
         <system-out><![CDATA[2023-05-12 17:30:14 - [TEST_CASE][PASSED] - Test Cases/test-flow-1-buy-1-product: Test Cases/test-flow-1-buy-1-product

2023-05-12 17:30:14 - [TEST_STEP][PASSED] - openBrowser("https://www.saucedemo.com/"): Browser is opened with url: 'https://www.saucedemo.com/'

2023-05-12 17:30:14 - [MESSAGE][INFO] - Starting 'Chrome' driver

2023-05-12 17:30:14 - [MESSAGE][INFO] - Action delay is set to 0 milliseconds

2023-05-12 17:30:17 - [MESSAGE][PASSED] - Browser is opened with url: 'https://www.saucedemo.com/'

2023-05-12 17:30:17 - [TEST_STEP][PASSED] - click(findTestObject("Object Repository/Page_Swag Labs/input_Swag Labs_user-name")): Object: 'Object Repository/Page_Swag Labs/input_Swag Labs_user-name' is clicked on

2023-05-12 17:30:17 - [MESSAGE][PASSED] - Object: 'Object Repository/Page_Swag Labs/input_Swag Labs_user-name' is clicked on

2023-05-12 17:30:17 - [TEST_STEP][PASSED] - sendKeys(findTestObject("Object Repository/Page_Swag Labs/input_Swag Labs_user-name"), "standard_user"): Keys 'standard_user' sent to object: 'Object Repository/Page_Swag Labs/input_Swag Labs_user-name'

2023-05-12 17:30:17 - [MESSAGE][PASSED] - Keys 'standard_user' sent to object: 'Object Repository/Page_Swag Labs/input_Swag Labs_user-name'

2023-05-12 17:30:17 - [TEST_STEP][PASSED] - click(findTestObject("Object Repository/Page_Swag Labs/input_Swag Labs_password")): Object: 'Object Repository/Page_Swag Labs/input_Swag Labs_password' is clicked on

2023-05-12 17:30:18 - [MESSAGE][PASSED] - Object: 'Object Repository/Page_Swag Labs/input_Swag Labs_password' is clicked on

2023-05-12 17:30:18 - [TEST_STEP][PASSED] - sendKeys(findTestObject("Object Repository/Page_Swag Labs/input_Swag Labs_password"), "secret_sauce"): Keys 'secret_sauce' sent to object: 'Object Repository/Page_Swag Labs/input_Swag Labs_password'

2023-05-12 17:30:18 - [MESSAGE][PASSED] - Keys 'secret_sauce' sent to object: 'Object Repository/Page_Swag Labs/input_Swag Labs_password'

2023-05-12 17:30:18 - [TEST_STEP][PASSED] - click(findTestObject("Object Repository/Page_Swag Labs/input_Swag Labs_login-button")): Object: 'Object Repository/Page_Swag Labs/input_Swag Labs_login-button' is clicked on

2023-05-12 17:30:19 - [MESSAGE][PASSED] - Object: 'Object Repository/Page_Swag Labs/input_Swag Labs_login-button' is clicked on

2023-05-12 17:30:19 - [TEST_STEP][PASSED] - click(findTestObject("Object Repository/inventoryPage/Backpack")): Object: 'Object Repository/inventoryPage/Backpack' is clicked on

2023-05-12 17:30:19 - [MESSAGE][PASSED] - Object: 'Object Repository/inventoryPage/Backpack' is clicked on

2023-05-12 17:30:19 - [TEST_STEP][PASSED] - click(findTestObject("Object Repository/inventoryPage/button_Add to cart")): Object: 'Object Repository/inventoryPage/button_Add to cart' is clicked on

2023-05-12 17:30:20 - [MESSAGE][PASSED] - Object: 'Object Repository/inventoryPage/button_Add to cart' is clicked on

2023-05-12 17:30:20 - [TEST_STEP][PASSED] - click(findTestObject("Object Repository/inventoryPage/products_back-image")): Object: 'Object Repository/inventoryPage/products_back-image' is clicked on

2023-05-12 17:30:20 - [MESSAGE][PASSED] - Object: 'Object Repository/inventoryPage/products_back-image' is clicked on

2023-05-12 17:30:20 - [TEST_STEP][PASSED] - click(findTestObject("Object Repository/inventoryPage/cart")): Object: 'Object Repository/inventoryPage/cart' is clicked on

2023-05-12 17:30:21 - [MESSAGE][PASSED] - Object: 'Object Repository/inventoryPage/cart' is clicked on

2023-05-12 17:30:21 - [TEST_STEP][PASSED] - click(findTestObject("Object Repository/CheckoutPage/button_Checkout")): Object: 'Object Repository/CheckoutPage/button_Checkout' is clicked on

2023-05-12 17:30:21 - [MESSAGE][PASSED] - Object: 'Object Repository/CheckoutPage/button_Checkout' is clicked on

2023-05-12 17:30:21 - [TEST_STEP][PASSED] - sendKeys(findTestObject("Object Repository/checkout-step-one/input_Checkout Your Information_firstName"), "demo"): Keys 'demo' sent to object: 'Object Repository/checkout-step-one/input_Checkout Your Information_firstName'

2023-05-12 17:30:22 - [MESSAGE][PASSED] - Keys 'demo' sent to object: 'Object Repository/checkout-step-one/input_Checkout Your Information_firstName'

2023-05-12 17:30:22 - [TEST_STEP][PASSED] - sendKeys(findTestObject("Object Repository/checkout-step-one/input_Checkout Your Information_lastName"), "qa test"): Keys 'qa test' sent to object: 'Object Repository/checkout-step-one/input_Checkout Your Information_lastName'

2023-05-12 17:30:22 - [MESSAGE][PASSED] - Keys 'qa test' sent to object: 'Object Repository/checkout-step-one/input_Checkout Your Information_lastName'

2023-05-12 17:30:22 - [TEST_STEP][PASSED] - sendKeys(findTestObject("Object Repository/checkout-step-one/input_Checkout Your Information_postalCode"), "9000"): Keys '9000' sent to object: 'Object Repository/checkout-step-one/input_Checkout Your Information_postalCode'

2023-05-12 17:30:23 - [MESSAGE][PASSED] - Keys '9000' sent to object: 'Object Repository/checkout-step-one/input_Checkout Your Information_postalCode'

2023-05-12 17:30:23 - [TEST_STEP][PASSED] - click(findTestObject("Object Repository/checkout-step-one/input_continue")): Object: 'Object Repository/checkout-step-one/input_continue' is clicked on

2023-05-12 17:30:23 - [MESSAGE][PASSED] - Object: 'Object Repository/checkout-step-one/input_continue' is clicked on

2023-05-12 17:30:23 - [TEST_STEP][PASSED] - click(findTestObject("Object Repository/finish checkout/button_Finish")): Object: 'Object Repository/finish checkout/button_Finish' is clicked on

2023-05-12 17:30:24 - [MESSAGE][PASSED] - Object: 'Object Repository/finish checkout/button_Finish' is clicked on

2023-05-12 17:30:24 - [TEST_STEP][PASSED] - verifyElementVisible(findTestObject("Object Repository/order-success/h2_Thank you for your order")): Object 'Object Repository/order-success/h2_Thank you for your order' is visible

2023-05-12 17:30:24 - [MESSAGE][PASSED] - Object 'Object Repository/order-success/h2_Thank you for your order' is visible

2023-05-12 17:30:24 - [TEST_STEP][PASSED] - click(findTestObject("Object Repository/NavSideBar/sidebar")): Object: 'Object Repository/NavSideBar/sidebar' is clicked on

2023-05-12 17:30:25 - [MESSAGE][PASSED] - Object: 'Object Repository/NavSideBar/sidebar' is clicked on

2023-05-12 17:30:25 - [TEST_STEP][PASSED] - click(findTestObject("Object Repository/NavSideBar/a_Logout")): Object: 'Object Repository/NavSideBar/a_Logout' is clicked on

2023-05-12 17:30:25 - [MESSAGE][PASSED] - Object: 'Object Repository/NavSideBar/a_Logout' is clicked on

2023-05-12 17:30:25 - [TEST_STEP][PASSED] - verifyElementVisible(findTestObject("Object Repository/Page_Swag Labs/input_Swag Labs_user-name")): Object 'Object Repository/Page_Swag Labs/input_Swag Labs_user-name' is visible

2023-05-12 17:30:26 - [MESSAGE][PASSED] - Object 'Object Repository/Page_Swag Labs/input_Swag Labs_user-name' is visible

2023-05-12 17:30:26 - [TEST_STEP][PASSED] - closeBrowser(): Browser is closed

2023-05-12 17:30:26 - [MESSAGE][PASSED] - Browser is closed]]></system-out>
         <system-err><![CDATA[]]></system-err>
      </testcase>
      <testcase name="Test Cases/test-flow-1-buy-1-product" time="11.913" classname="Test Cases/test-flow-1-buy-1-product" status="PASSED">
         <system-out><![CDATA[2023-05-12 17:30:26 - [TEST_CASE][PASSED] - Test Cases/test-flow-1-buy-1-product: Test Cases/test-flow-1-buy-1-product

2023-05-12 17:30:26 - [TEST_STEP][PASSED] - openBrowser("https://www.saucedemo.com/"): Browser is opened with url: 'https://www.saucedemo.com/'

2023-05-12 17:30:26 - [MESSAGE][INFO] - Starting 'Chrome' driver

2023-05-12 17:30:26 - [MESSAGE][INFO] - Action delay is set to 0 milliseconds

2023-05-12 17:30:28 - [MESSAGE][PASSED] - Browser is opened with url: 'https://www.saucedemo.com/'

2023-05-12 17:30:28 - [TEST_STEP][PASSED] - click(findTestObject("Object Repository/Page_Swag Labs/input_Swag Labs_user-name")): Object: 'Object Repository/Page_Swag Labs/input_Swag Labs_user-name' is clicked on

2023-05-12 17:30:29 - [MESSAGE][PASSED] - Object: 'Object Repository/Page_Swag Labs/input_Swag Labs_user-name' is clicked on

2023-05-12 17:30:29 - [TEST_STEP][PASSED] - sendKeys(findTestObject("Object Repository/Page_Swag Labs/input_Swag Labs_user-name"), "standard_user"): Keys 'standard_user' sent to object: 'Object Repository/Page_Swag Labs/input_Swag Labs_user-name'

2023-05-12 17:30:29 - [MESSAGE][PASSED] - Keys 'standard_user' sent to object: 'Object Repository/Page_Swag Labs/input_Swag Labs_user-name'

2023-05-12 17:30:29 - [TEST_STEP][PASSED] - click(findTestObject("Object Repository/Page_Swag Labs/input_Swag Labs_password")): Object: 'Object Repository/Page_Swag Labs/input_Swag Labs_password' is clicked on

2023-05-12 17:30:30 - [MESSAGE][PASSED] - Object: 'Object Repository/Page_Swag Labs/input_Swag Labs_password' is clicked on

2023-05-12 17:30:30 - [TEST_STEP][PASSED] - sendKeys(findTestObject("Object Repository/Page_Swag Labs/input_Swag Labs_password"), "secret_sauce"): Keys 'secret_sauce' sent to object: 'Object Repository/Page_Swag Labs/input_Swag Labs_password'

2023-05-12 17:30:30 - [MESSAGE][PASSED] - Keys 'secret_sauce' sent to object: 'Object Repository/Page_Swag Labs/input_Swag Labs_password'

2023-05-12 17:30:30 - [TEST_STEP][PASSED] - click(findTestObject("Object Repository/Page_Swag Labs/input_Swag Labs_login-button")): Object: 'Object Repository/Page_Swag Labs/input_Swag Labs_login-button' is clicked on

2023-05-12 17:30:30 - [MESSAGE][PASSED] - Object: 'Object Repository/Page_Swag Labs/input_Swag Labs_login-button' is clicked on

2023-05-12 17:30:30 - [TEST_STEP][PASSED] - click(findTestObject("Object Repository/inventoryPage/Backpack")): Object: 'Object Repository/inventoryPage/Backpack' is clicked on

2023-05-12 17:30:31 - [MESSAGE][PASSED] - Object: 'Object Repository/inventoryPage/Backpack' is clicked on

2023-05-12 17:30:31 - [TEST_STEP][PASSED] - click(findTestObject("Object Repository/inventoryPage/button_Add to cart")): Object: 'Object Repository/inventoryPage/button_Add to cart' is clicked on

2023-05-12 17:30:31 - [MESSAGE][PASSED] - Object: 'Object Repository/inventoryPage/button_Add to cart' is clicked on

2023-05-12 17:30:31 - [TEST_STEP][PASSED] - click(findTestObject("Object Repository/inventoryPage/products_back-image")): Object: 'Object Repository/inventoryPage/products_back-image' is clicked on

2023-05-12 17:30:32 - [MESSAGE][PASSED] - Object: 'Object Repository/inventoryPage/products_back-image' is clicked on

2023-05-12 17:30:32 - [TEST_STEP][PASSED] - click(findTestObject("Object Repository/inventoryPage/cart")): Object: 'Object Repository/inventoryPage/cart' is clicked on

2023-05-12 17:30:32 - [MESSAGE][PASSED] - Object: 'Object Repository/inventoryPage/cart' is clicked on

2023-05-12 17:30:32 - [TEST_STEP][PASSED] - click(findTestObject("Object Repository/CheckoutPage/button_Checkout")): Object: 'Object Repository/CheckoutPage/button_Checkout' is clicked on

2023-05-12 17:30:33 - [MESSAGE][PASSED] - Object: 'Object Repository/CheckoutPage/button_Checkout' is clicked on

2023-05-12 17:30:33 - [TEST_STEP][PASSED] - sendKeys(findTestObject("Object Repository/checkout-step-one/input_Checkout Your Information_firstName"), "demo"): Keys 'demo' sent to object: 'Object Repository/checkout-step-one/input_Checkout Your Information_firstName'

2023-05-12 17:30:33 - [MESSAGE][PASSED] - Keys 'demo' sent to object: 'Object Repository/checkout-step-one/input_Checkout Your Information_firstName'

2023-05-12 17:30:33 - [TEST_STEP][PASSED] - sendKeys(findTestObject("Object Repository/checkout-step-one/input_Checkout Your Information_lastName"), "qa test"): Keys 'qa test' sent to object: 'Object Repository/checkout-step-one/input_Checkout Your Information_lastName'

2023-05-12 17:30:34 - [MESSAGE][PASSED] - Keys 'qa test' sent to object: 'Object Repository/checkout-step-one/input_Checkout Your Information_lastName'

2023-05-12 17:30:34 - [TEST_STEP][PASSED] - sendKeys(findTestObject("Object Repository/checkout-step-one/input_Checkout Your Information_postalCode"), "9000"): Keys '9000' sent to object: 'Object Repository/checkout-step-one/input_Checkout Your Information_postalCode'

2023-05-12 17:30:34 - [MESSAGE][PASSED] - Keys '9000' sent to object: 'Object Repository/checkout-step-one/input_Checkout Your Information_postalCode'

2023-05-12 17:30:34 - [TEST_STEP][PASSED] - click(findTestObject("Object Repository/checkout-step-one/input_continue")): Object: 'Object Repository/checkout-step-one/input_continue' is clicked on

2023-05-12 17:30:35 - [MESSAGE][PASSED] - Object: 'Object Repository/checkout-step-one/input_continue' is clicked on

2023-05-12 17:30:35 - [TEST_STEP][PASSED] - click(findTestObject("Object Repository/finish checkout/button_Finish")): Object: 'Object Repository/finish checkout/button_Finish' is clicked on

2023-05-12 17:30:36 - [MESSAGE][PASSED] - Object: 'Object Repository/finish checkout/button_Finish' is clicked on

2023-05-12 17:30:36 - [TEST_STEP][PASSED] - verifyElementVisible(findTestObject("Object Repository/order-success/h2_Thank you for your order")): Object 'Object Repository/order-success/h2_Thank you for your order' is visible

2023-05-12 17:30:36 - [MESSAGE][PASSED] - Object 'Object Repository/order-success/h2_Thank you for your order' is visible

2023-05-12 17:30:36 - [TEST_STEP][PASSED] - click(findTestObject("Object Repository/NavSideBar/sidebar")): Object: 'Object Repository/NavSideBar/sidebar' is clicked on

2023-05-12 17:30:36 - [MESSAGE][PASSED] - Object: 'Object Repository/NavSideBar/sidebar' is clicked on

2023-05-12 17:30:36 - [TEST_STEP][PASSED] - click(findTestObject("Object Repository/NavSideBar/a_Logout")): Object: 'Object Repository/NavSideBar/a_Logout' is clicked on

2023-05-12 17:30:37 - [MESSAGE][PASSED] - Object: 'Object Repository/NavSideBar/a_Logout' is clicked on

2023-05-12 17:30:37 - [TEST_STEP][PASSED] - verifyElementVisible(findTestObject("Object Repository/Page_Swag Labs/input_Swag Labs_user-name")): Object 'Object Repository/Page_Swag Labs/input_Swag Labs_user-name' is visible

2023-05-12 17:30:38 - [MESSAGE][PASSED] - Object 'Object Repository/Page_Swag Labs/input_Swag Labs_user-name' is visible

2023-05-12 17:30:38 - [TEST_STEP][PASSED] - closeBrowser(): Browser is closed

2023-05-12 17:30:38 - [MESSAGE][PASSED] - Browser is closed]]></system-out>
         <system-err><![CDATA[]]></system-err>
      </testcase>
      <testcase name="Test Cases/test-flow-1-buy-1-product" time="11.325" classname="Test Cases/test-flow-1-buy-1-product" status="PASSED">
         <system-out><![CDATA[2023-05-12 17:30:38 - [TEST_CASE][PASSED] - Test Cases/test-flow-1-buy-1-product: Test Cases/test-flow-1-buy-1-product

2023-05-12 17:30:38 - [TEST_STEP][PASSED] - openBrowser("https://www.saucedemo.com/"): Browser is opened with url: 'https://www.saucedemo.com/'

2023-05-12 17:30:38 - [MESSAGE][INFO] - Starting 'Chrome' driver

2023-05-12 17:30:38 - [MESSAGE][INFO] - Action delay is set to 0 milliseconds

2023-05-12 17:30:40 - [MESSAGE][PASSED] - Browser is opened with url: 'https://www.saucedemo.com/'

2023-05-12 17:30:40 - [TEST_STEP][PASSED] - click(findTestObject("Object Repository/Page_Swag Labs/input_Swag Labs_user-name")): Object: 'Object Repository/Page_Swag Labs/input_Swag Labs_user-name' is clicked on

2023-05-12 17:30:41 - [MESSAGE][PASSED] - Object: 'Object Repository/Page_Swag Labs/input_Swag Labs_user-name' is clicked on

2023-05-12 17:30:41 - [TEST_STEP][PASSED] - sendKeys(findTestObject("Object Repository/Page_Swag Labs/input_Swag Labs_user-name"), "standard_user"): Keys 'standard_user' sent to object: 'Object Repository/Page_Swag Labs/input_Swag Labs_user-name'

2023-05-12 17:30:41 - [MESSAGE][PASSED] - Keys 'standard_user' sent to object: 'Object Repository/Page_Swag Labs/input_Swag Labs_user-name'

2023-05-12 17:30:41 - [TEST_STEP][PASSED] - click(findTestObject("Object Repository/Page_Swag Labs/input_Swag Labs_password")): Object: 'Object Repository/Page_Swag Labs/input_Swag Labs_password' is clicked on

2023-05-12 17:30:41 - [MESSAGE][PASSED] - Object: 'Object Repository/Page_Swag Labs/input_Swag Labs_password' is clicked on

2023-05-12 17:30:41 - [TEST_STEP][PASSED] - sendKeys(findTestObject("Object Repository/Page_Swag Labs/input_Swag Labs_password"), "secret_sauce"): Keys 'secret_sauce' sent to object: 'Object Repository/Page_Swag Labs/input_Swag Labs_password'

2023-05-12 17:30:42 - [MESSAGE][PASSED] - Keys 'secret_sauce' sent to object: 'Object Repository/Page_Swag Labs/input_Swag Labs_password'

2023-05-12 17:30:42 - [TEST_STEP][PASSED] - click(findTestObject("Object Repository/Page_Swag Labs/input_Swag Labs_login-button")): Object: 'Object Repository/Page_Swag Labs/input_Swag Labs_login-button' is clicked on

2023-05-12 17:30:42 - [MESSAGE][PASSED] - Object: 'Object Repository/Page_Swag Labs/input_Swag Labs_login-button' is clicked on

2023-05-12 17:30:42 - [TEST_STEP][PASSED] - click(findTestObject("Object Repository/inventoryPage/Backpack")): Object: 'Object Repository/inventoryPage/Backpack' is clicked on

2023-05-12 17:30:43 - [MESSAGE][PASSED] - Object: 'Object Repository/inventoryPage/Backpack' is clicked on

2023-05-12 17:30:43 - [TEST_STEP][PASSED] - click(findTestObject("Object Repository/inventoryPage/button_Add to cart")): Object: 'Object Repository/inventoryPage/button_Add to cart' is clicked on

2023-05-12 17:30:43 - [MESSAGE][PASSED] - Object: 'Object Repository/inventoryPage/button_Add to cart' is clicked on

2023-05-12 17:30:43 - [TEST_STEP][PASSED] - click(findTestObject("Object Repository/inventoryPage/products_back-image")): Object: 'Object Repository/inventoryPage/products_back-image' is clicked on

2023-05-12 17:30:43 - [MESSAGE][PASSED] - Object: 'Object Repository/inventoryPage/products_back-image' is clicked on

2023-05-12 17:30:43 - [TEST_STEP][PASSED] - click(findTestObject("Object Repository/inventoryPage/cart")): Object: 'Object Repository/inventoryPage/cart' is clicked on

2023-05-12 17:30:44 - [MESSAGE][PASSED] - Object: 'Object Repository/inventoryPage/cart' is clicked on

2023-05-12 17:30:44 - [TEST_STEP][PASSED] - click(findTestObject("Object Repository/CheckoutPage/button_Checkout")): Object: 'Object Repository/CheckoutPage/button_Checkout' is clicked on

2023-05-12 17:30:44 - [MESSAGE][PASSED] - Object: 'Object Repository/CheckoutPage/button_Checkout' is clicked on

2023-05-12 17:30:44 - [TEST_STEP][PASSED] - sendKeys(findTestObject("Object Repository/checkout-step-one/input_Checkout Your Information_firstName"), "demo"): Keys 'demo' sent to object: 'Object Repository/checkout-step-one/input_Checkout Your Information_firstName'

2023-05-12 17:30:45 - [MESSAGE][PASSED] - Keys 'demo' sent to object: 'Object Repository/checkout-step-one/input_Checkout Your Information_firstName'

2023-05-12 17:30:45 - [TEST_STEP][PASSED] - sendKeys(findTestObject("Object Repository/checkout-step-one/input_Checkout Your Information_lastName"), "qa test"): Keys 'qa test' sent to object: 'Object Repository/checkout-step-one/input_Checkout Your Information_lastName'

2023-05-12 17:30:45 - [MESSAGE][PASSED] - Keys 'qa test' sent to object: 'Object Repository/checkout-step-one/input_Checkout Your Information_lastName'

2023-05-12 17:30:45 - [TEST_STEP][PASSED] - sendKeys(findTestObject("Object Repository/checkout-step-one/input_Checkout Your Information_postalCode"), "9000"): Keys '9000' sent to object: 'Object Repository/checkout-step-one/input_Checkout Your Information_postalCode'

2023-05-12 17:30:46 - [MESSAGE][PASSED] - Keys '9000' sent to object: 'Object Repository/checkout-step-one/input_Checkout Your Information_postalCode'

2023-05-12 17:30:46 - [TEST_STEP][PASSED] - click(findTestObject("Object Repository/checkout-step-one/input_continue")): Object: 'Object Repository/checkout-step-one/input_continue' is clicked on

2023-05-12 17:30:47 - [MESSAGE][PASSED] - Object: 'Object Repository/checkout-step-one/input_continue' is clicked on

2023-05-12 17:30:47 - [TEST_STEP][PASSED] - click(findTestObject("Object Repository/finish checkout/button_Finish")): Object: 'Object Repository/finish checkout/button_Finish' is clicked on

2023-05-12 17:30:47 - [MESSAGE][PASSED] - Object: 'Object Repository/finish checkout/button_Finish' is clicked on

2023-05-12 17:30:47 - [TEST_STEP][PASSED] - verifyElementVisible(findTestObject("Object Repository/order-success/h2_Thank you for your order")): Object 'Object Repository/order-success/h2_Thank you for your order' is visible

2023-05-12 17:30:48 - [MESSAGE][PASSED] - Object 'Object Repository/order-success/h2_Thank you for your order' is visible

2023-05-12 17:30:48 - [TEST_STEP][PASSED] - click(findTestObject("Object Repository/NavSideBar/sidebar")): Object: 'Object Repository/NavSideBar/sidebar' is clicked on

2023-05-12 17:30:48 - [MESSAGE][PASSED] - Object: 'Object Repository/NavSideBar/sidebar' is clicked on

2023-05-12 17:30:48 - [TEST_STEP][PASSED] - click(findTestObject("Object Repository/NavSideBar/a_Logout")): Object: 'Object Repository/NavSideBar/a_Logout' is clicked on

2023-05-12 17:30:48 - [MESSAGE][PASSED] - Object: 'Object Repository/NavSideBar/a_Logout' is clicked on

2023-05-12 17:30:48 - [TEST_STEP][PASSED] - verifyElementVisible(findTestObject("Object Repository/Page_Swag Labs/input_Swag Labs_user-name")): Object 'Object Repository/Page_Swag Labs/input_Swag Labs_user-name' is visible

2023-05-12 17:30:49 - [MESSAGE][PASSED] - Object 'Object Repository/Page_Swag Labs/input_Swag Labs_user-name' is visible

2023-05-12 17:30:49 - [TEST_STEP][PASSED] - closeBrowser(): Browser is closed

2023-05-12 17:30:50 - [MESSAGE][PASSED] - Browser is closed]]></system-out>
         <system-err><![CDATA[]]></system-err>
      </testcase>
      <testcase name="Test Cases/test-flow-1-buy-1-product" time="12.807" classname="Test Cases/test-flow-1-buy-1-product" status="PASSED">
         <system-out><![CDATA[2023-05-12 17:30:50 - [TEST_CASE][PASSED] - Test Cases/test-flow-1-buy-1-product: Test Cases/test-flow-1-buy-1-product

2023-05-12 17:30:50 - [TEST_STEP][PASSED] - openBrowser("https://www.saucedemo.com/"): Browser is opened with url: 'https://www.saucedemo.com/'

2023-05-12 17:30:50 - [MESSAGE][INFO] - Starting 'Chrome' driver

2023-05-12 17:30:50 - [MESSAGE][INFO] - Action delay is set to 0 milliseconds

2023-05-12 17:30:53 - [MESSAGE][PASSED] - Browser is opened with url: 'https://www.saucedemo.com/'

2023-05-12 17:30:53 - [TEST_STEP][PASSED] - click(findTestObject("Object Repository/Page_Swag Labs/input_Swag Labs_user-name")): Object: 'Object Repository/Page_Swag Labs/input_Swag Labs_user-name' is clicked on

2023-05-12 17:30:53 - [MESSAGE][PASSED] - Object: 'Object Repository/Page_Swag Labs/input_Swag Labs_user-name' is clicked on

2023-05-12 17:30:53 - [TEST_STEP][PASSED] - sendKeys(findTestObject("Object Repository/Page_Swag Labs/input_Swag Labs_user-name"), "standard_user"): Keys 'standard_user' sent to object: 'Object Repository/Page_Swag Labs/input_Swag Labs_user-name'

2023-05-12 17:30:54 - [MESSAGE][PASSED] - Keys 'standard_user' sent to object: 'Object Repository/Page_Swag Labs/input_Swag Labs_user-name'

2023-05-12 17:30:54 - [TEST_STEP][PASSED] - click(findTestObject("Object Repository/Page_Swag Labs/input_Swag Labs_password")): Object: 'Object Repository/Page_Swag Labs/input_Swag Labs_password' is clicked on

2023-05-12 17:30:54 - [MESSAGE][PASSED] - Object: 'Object Repository/Page_Swag Labs/input_Swag Labs_password' is clicked on

2023-05-12 17:30:54 - [TEST_STEP][PASSED] - sendKeys(findTestObject("Object Repository/Page_Swag Labs/input_Swag Labs_password"), "secret_sauce"): Keys 'secret_sauce' sent to object: 'Object Repository/Page_Swag Labs/input_Swag Labs_password'

2023-05-12 17:30:54 - [MESSAGE][PASSED] - Keys 'secret_sauce' sent to object: 'Object Repository/Page_Swag Labs/input_Swag Labs_password'

2023-05-12 17:30:54 - [TEST_STEP][PASSED] - click(findTestObject("Object Repository/Page_Swag Labs/input_Swag Labs_login-button")): Object: 'Object Repository/Page_Swag Labs/input_Swag Labs_login-button' is clicked on

2023-05-12 17:30:55 - [MESSAGE][PASSED] - Object: 'Object Repository/Page_Swag Labs/input_Swag Labs_login-button' is clicked on

2023-05-12 17:30:55 - [TEST_STEP][PASSED] - click(findTestObject("Object Repository/inventoryPage/Backpack")): Object: 'Object Repository/inventoryPage/Backpack' is clicked on

2023-05-12 17:30:55 - [MESSAGE][PASSED] - Object: 'Object Repository/inventoryPage/Backpack' is clicked on

2023-05-12 17:30:55 - [TEST_STEP][PASSED] - click(findTestObject("Object Repository/inventoryPage/button_Add to cart")): Object: 'Object Repository/inventoryPage/button_Add to cart' is clicked on

2023-05-12 17:30:56 - [MESSAGE][PASSED] - Object: 'Object Repository/inventoryPage/button_Add to cart' is clicked on

2023-05-12 17:30:56 - [TEST_STEP][PASSED] - click(findTestObject("Object Repository/inventoryPage/products_back-image")): Object: 'Object Repository/inventoryPage/products_back-image' is clicked on

2023-05-12 17:30:56 - [MESSAGE][PASSED] - Object: 'Object Repository/inventoryPage/products_back-image' is clicked on

2023-05-12 17:30:56 - [TEST_STEP][PASSED] - click(findTestObject("Object Repository/inventoryPage/cart")): Object: 'Object Repository/inventoryPage/cart' is clicked on

2023-05-12 17:30:57 - [MESSAGE][PASSED] - Object: 'Object Repository/inventoryPage/cart' is clicked on

2023-05-12 17:30:57 - [TEST_STEP][PASSED] - click(findTestObject("Object Repository/CheckoutPage/button_Checkout")): Object: 'Object Repository/CheckoutPage/button_Checkout' is clicked on

2023-05-12 17:30:57 - [MESSAGE][PASSED] - Object: 'Object Repository/CheckoutPage/button_Checkout' is clicked on

2023-05-12 17:30:57 - [TEST_STEP][PASSED] - sendKeys(findTestObject("Object Repository/checkout-step-one/input_Checkout Your Information_firstName"), "demo"): Keys 'demo' sent to object: 'Object Repository/checkout-step-one/input_Checkout Your Information_firstName'

2023-05-12 17:30:58 - [MESSAGE][PASSED] - Keys 'demo' sent to object: 'Object Repository/checkout-step-one/input_Checkout Your Information_firstName'

2023-05-12 17:30:58 - [TEST_STEP][PASSED] - sendKeys(findTestObject("Object Repository/checkout-step-one/input_Checkout Your Information_lastName"), "qa test"): Keys 'qa test' sent to object: 'Object Repository/checkout-step-one/input_Checkout Your Information_lastName'

2023-05-12 17:30:58 - [MESSAGE][PASSED] - Keys 'qa test' sent to object: 'Object Repository/checkout-step-one/input_Checkout Your Information_lastName'

2023-05-12 17:30:58 - [TEST_STEP][PASSED] - sendKeys(findTestObject("Object Repository/checkout-step-one/input_Checkout Your Information_postalCode"), "9000"): Keys '9000' sent to object: 'Object Repository/checkout-step-one/input_Checkout Your Information_postalCode'

2023-05-12 17:30:59 - [MESSAGE][PASSED] - Keys '9000' sent to object: 'Object Repository/checkout-step-one/input_Checkout Your Information_postalCode'

2023-05-12 17:30:59 - [TEST_STEP][PASSED] - click(findTestObject("Object Repository/checkout-step-one/input_continue")): Object: 'Object Repository/checkout-step-one/input_continue' is clicked on

2023-05-12 17:30:59 - [MESSAGE][PASSED] - Object: 'Object Repository/checkout-step-one/input_continue' is clicked on

2023-05-12 17:30:59 - [TEST_STEP][PASSED] - click(findTestObject("Object Repository/finish checkout/button_Finish")): Object: 'Object Repository/finish checkout/button_Finish' is clicked on

2023-05-12 17:31:00 - [MESSAGE][PASSED] - Object: 'Object Repository/finish checkout/button_Finish' is clicked on

2023-05-12 17:31:00 - [TEST_STEP][PASSED] - verifyElementVisible(findTestObject("Object Repository/order-success/h2_Thank you for your order")): Object 'Object Repository/order-success/h2_Thank you for your order' is visible

2023-05-12 17:31:00 - [MESSAGE][PASSED] - Object 'Object Repository/order-success/h2_Thank you for your order' is visible

2023-05-12 17:31:00 - [TEST_STEP][PASSED] - click(findTestObject("Object Repository/NavSideBar/sidebar")): Object: 'Object Repository/NavSideBar/sidebar' is clicked on

2023-05-12 17:31:01 - [MESSAGE][PASSED] - Object: 'Object Repository/NavSideBar/sidebar' is clicked on

2023-05-12 17:31:01 - [TEST_STEP][PASSED] - click(findTestObject("Object Repository/NavSideBar/a_Logout")): Object: 'Object Repository/NavSideBar/a_Logout' is clicked on

2023-05-12 17:31:01 - [MESSAGE][PASSED] - Object: 'Object Repository/NavSideBar/a_Logout' is clicked on

2023-05-12 17:31:01 - [TEST_STEP][PASSED] - verifyElementVisible(findTestObject("Object Repository/Page_Swag Labs/input_Swag Labs_user-name")): Object 'Object Repository/Page_Swag Labs/input_Swag Labs_user-name' is visible

2023-05-12 17:31:02 - [MESSAGE][PASSED] - Object 'Object Repository/Page_Swag Labs/input_Swag Labs_user-name' is visible

2023-05-12 17:31:02 - [TEST_STEP][PASSED] - closeBrowser(): Browser is closed

2023-05-12 17:31:02 - [MESSAGE][PASSED] - Browser is closed]]></system-out>
         <system-err><![CDATA[]]></system-err>
      </testcase>
      <testcase name="Test Cases/test-flow-1-buy-1-product" time="11.674" classname="Test Cases/test-flow-1-buy-1-product" status="PASSED">
         <system-out><![CDATA[2023-05-12 17:31:02 - [TEST_CASE][PASSED] - Test Cases/test-flow-1-buy-1-product: Test Cases/test-flow-1-buy-1-product

2023-05-12 17:31:02 - [TEST_STEP][PASSED] - openBrowser("https://www.saucedemo.com/"): Browser is opened with url: 'https://www.saucedemo.com/'

2023-05-12 17:31:02 - [MESSAGE][INFO] - Starting 'Chrome' driver

2023-05-12 17:31:02 - [MESSAGE][INFO] - Action delay is set to 0 milliseconds

2023-05-12 17:31:05 - [MESSAGE][PASSED] - Browser is opened with url: 'https://www.saucedemo.com/'

2023-05-12 17:31:05 - [TEST_STEP][PASSED] - click(findTestObject("Object Repository/Page_Swag Labs/input_Swag Labs_user-name")): Object: 'Object Repository/Page_Swag Labs/input_Swag Labs_user-name' is clicked on

2023-05-12 17:31:05 - [MESSAGE][PASSED] - Object: 'Object Repository/Page_Swag Labs/input_Swag Labs_user-name' is clicked on

2023-05-12 17:31:05 - [TEST_STEP][PASSED] - sendKeys(findTestObject("Object Repository/Page_Swag Labs/input_Swag Labs_user-name"), "standard_user"): Keys 'standard_user' sent to object: 'Object Repository/Page_Swag Labs/input_Swag Labs_user-name'

2023-05-12 17:31:05 - [MESSAGE][PASSED] - Keys 'standard_user' sent to object: 'Object Repository/Page_Swag Labs/input_Swag Labs_user-name'

2023-05-12 17:31:05 - [TEST_STEP][PASSED] - click(findTestObject("Object Repository/Page_Swag Labs/input_Swag Labs_password")): Object: 'Object Repository/Page_Swag Labs/input_Swag Labs_password' is clicked on

2023-05-12 17:31:06 - [MESSAGE][PASSED] - Object: 'Object Repository/Page_Swag Labs/input_Swag Labs_password' is clicked on

2023-05-12 17:31:06 - [TEST_STEP][PASSED] - sendKeys(findTestObject("Object Repository/Page_Swag Labs/input_Swag Labs_password"), "secret_sauce"): Keys 'secret_sauce' sent to object: 'Object Repository/Page_Swag Labs/input_Swag Labs_password'

2023-05-12 17:31:06 - [MESSAGE][PASSED] - Keys 'secret_sauce' sent to object: 'Object Repository/Page_Swag Labs/input_Swag Labs_password'

2023-05-12 17:31:06 - [TEST_STEP][PASSED] - click(findTestObject("Object Repository/Page_Swag Labs/input_Swag Labs_login-button")): Object: 'Object Repository/Page_Swag Labs/input_Swag Labs_login-button' is clicked on

2023-05-12 17:31:06 - [MESSAGE][PASSED] - Object: 'Object Repository/Page_Swag Labs/input_Swag Labs_login-button' is clicked on

2023-05-12 17:31:06 - [TEST_STEP][PASSED] - click(findTestObject("Object Repository/inventoryPage/Backpack")): Object: 'Object Repository/inventoryPage/Backpack' is clicked on

2023-05-12 17:31:07 - [MESSAGE][PASSED] - Object: 'Object Repository/inventoryPage/Backpack' is clicked on

2023-05-12 17:31:07 - [TEST_STEP][PASSED] - click(findTestObject("Object Repository/inventoryPage/button_Add to cart")): Object: 'Object Repository/inventoryPage/button_Add to cart' is clicked on

2023-05-12 17:31:07 - [MESSAGE][PASSED] - Object: 'Object Repository/inventoryPage/button_Add to cart' is clicked on

2023-05-12 17:31:07 - [TEST_STEP][PASSED] - click(findTestObject("Object Repository/inventoryPage/products_back-image")): Object: 'Object Repository/inventoryPage/products_back-image' is clicked on

2023-05-12 17:31:08 - [MESSAGE][PASSED] - Object: 'Object Repository/inventoryPage/products_back-image' is clicked on

2023-05-12 17:31:08 - [TEST_STEP][PASSED] - click(findTestObject("Object Repository/inventoryPage/cart")): Object: 'Object Repository/inventoryPage/cart' is clicked on

2023-05-12 17:31:08 - [MESSAGE][PASSED] - Object: 'Object Repository/inventoryPage/cart' is clicked on

2023-05-12 17:31:08 - [TEST_STEP][PASSED] - click(findTestObject("Object Repository/CheckoutPage/button_Checkout")): Object: 'Object Repository/CheckoutPage/button_Checkout' is clicked on

2023-05-12 17:31:09 - [MESSAGE][PASSED] - Object: 'Object Repository/CheckoutPage/button_Checkout' is clicked on

2023-05-12 17:31:09 - [TEST_STEP][PASSED] - sendKeys(findTestObject("Object Repository/checkout-step-one/input_Checkout Your Information_firstName"), "demo"): Keys 'demo' sent to object: 'Object Repository/checkout-step-one/input_Checkout Your Information_firstName'

2023-05-12 17:31:09 - [MESSAGE][PASSED] - Keys 'demo' sent to object: 'Object Repository/checkout-step-one/input_Checkout Your Information_firstName'

2023-05-12 17:31:09 - [TEST_STEP][PASSED] - sendKeys(findTestObject("Object Repository/checkout-step-one/input_Checkout Your Information_lastName"), "qa test"): Keys 'qa test' sent to object: 'Object Repository/checkout-step-one/input_Checkout Your Information_lastName'

2023-05-12 17:31:10 - [MESSAGE][PASSED] - Keys 'qa test' sent to object: 'Object Repository/checkout-step-one/input_Checkout Your Information_lastName'

2023-05-12 17:31:10 - [TEST_STEP][PASSED] - sendKeys(findTestObject("Object Repository/checkout-step-one/input_Checkout Your Information_postalCode"), "9000"): Keys '9000' sent to object: 'Object Repository/checkout-step-one/input_Checkout Your Information_postalCode'

2023-05-12 17:31:10 - [MESSAGE][PASSED] - Keys '9000' sent to object: 'Object Repository/checkout-step-one/input_Checkout Your Information_postalCode'

2023-05-12 17:31:10 - [TEST_STEP][PASSED] - click(findTestObject("Object Repository/checkout-step-one/input_continue")): Object: 'Object Repository/checkout-step-one/input_continue' is clicked on

2023-05-12 17:31:11 - [MESSAGE][PASSED] - Object: 'Object Repository/checkout-step-one/input_continue' is clicked on

2023-05-12 17:31:11 - [TEST_STEP][PASSED] - click(findTestObject("Object Repository/finish checkout/button_Finish")): Object: 'Object Repository/finish checkout/button_Finish' is clicked on

2023-05-12 17:31:12 - [MESSAGE][PASSED] - Object: 'Object Repository/finish checkout/button_Finish' is clicked on

2023-05-12 17:31:12 - [TEST_STEP][PASSED] - verifyElementVisible(findTestObject("Object Repository/order-success/h2_Thank you for your order")): Object 'Object Repository/order-success/h2_Thank you for your order' is visible

2023-05-12 17:31:12 - [MESSAGE][PASSED] - Object 'Object Repository/order-success/h2_Thank you for your order' is visible

2023-05-12 17:31:12 - [TEST_STEP][PASSED] - click(findTestObject("Object Repository/NavSideBar/sidebar")): Object: 'Object Repository/NavSideBar/sidebar' is clicked on

2023-05-12 17:31:12 - [MESSAGE][PASSED] - Object: 'Object Repository/NavSideBar/sidebar' is clicked on

2023-05-12 17:31:12 - [TEST_STEP][PASSED] - click(findTestObject("Object Repository/NavSideBar/a_Logout")): Object: 'Object Repository/NavSideBar/a_Logout' is clicked on

2023-05-12 17:31:13 - [MESSAGE][PASSED] - Object: 'Object Repository/NavSideBar/a_Logout' is clicked on

2023-05-12 17:31:13 - [TEST_STEP][PASSED] - verifyElementVisible(findTestObject("Object Repository/Page_Swag Labs/input_Swag Labs_user-name")): Object 'Object Repository/Page_Swag Labs/input_Swag Labs_user-name' is visible

2023-05-12 17:31:13 - [MESSAGE][PASSED] - Object 'Object Repository/Page_Swag Labs/input_Swag Labs_user-name' is visible

2023-05-12 17:31:13 - [TEST_STEP][PASSED] - closeBrowser(): Browser is closed

2023-05-12 17:31:14 - [MESSAGE][PASSED] - Browser is closed]]></system-out>
         <system-err><![CDATA[]]></system-err>
      </testcase>
      <testcase name="Test Cases/test-flow-1-buy-1-product" time="11.72" classname="Test Cases/test-flow-1-buy-1-product" status="PASSED">
         <system-out><![CDATA[2023-05-12 17:31:14 - [TEST_CASE][PASSED] - Test Cases/test-flow-1-buy-1-product: Test Cases/test-flow-1-buy-1-product

2023-05-12 17:31:14 - [TEST_STEP][PASSED] - openBrowser("https://www.saucedemo.com/"): Browser is opened with url: 'https://www.saucedemo.com/'

2023-05-12 17:31:14 - [MESSAGE][INFO] - Starting 'Chrome' driver

2023-05-12 17:31:14 - [MESSAGE][INFO] - Action delay is set to 0 milliseconds

2023-05-12 17:31:16 - [MESSAGE][PASSED] - Browser is opened with url: 'https://www.saucedemo.com/'

2023-05-12 17:31:16 - [TEST_STEP][PASSED] - click(findTestObject("Object Repository/Page_Swag Labs/input_Swag Labs_user-name")): Object: 'Object Repository/Page_Swag Labs/input_Swag Labs_user-name' is clicked on

2023-05-12 17:31:16 - [MESSAGE][PASSED] - Object: 'Object Repository/Page_Swag Labs/input_Swag Labs_user-name' is clicked on

2023-05-12 17:31:16 - [TEST_STEP][PASSED] - sendKeys(findTestObject("Object Repository/Page_Swag Labs/input_Swag Labs_user-name"), "standard_user"): Keys 'standard_user' sent to object: 'Object Repository/Page_Swag Labs/input_Swag Labs_user-name'

2023-05-12 17:31:17 - [MESSAGE][PASSED] - Keys 'standard_user' sent to object: 'Object Repository/Page_Swag Labs/input_Swag Labs_user-name'

2023-05-12 17:31:17 - [TEST_STEP][PASSED] - click(findTestObject("Object Repository/Page_Swag Labs/input_Swag Labs_password")): Object: 'Object Repository/Page_Swag Labs/input_Swag Labs_password' is clicked on

2023-05-12 17:31:17 - [MESSAGE][PASSED] - Object: 'Object Repository/Page_Swag Labs/input_Swag Labs_password' is clicked on

2023-05-12 17:31:17 - [TEST_STEP][PASSED] - sendKeys(findTestObject("Object Repository/Page_Swag Labs/input_Swag Labs_password"), "secret_sauce"): Keys 'secret_sauce' sent to object: 'Object Repository/Page_Swag Labs/input_Swag Labs_password'

2023-05-12 17:31:17 - [MESSAGE][PASSED] - Keys 'secret_sauce' sent to object: 'Object Repository/Page_Swag Labs/input_Swag Labs_password'

2023-05-12 17:31:17 - [TEST_STEP][PASSED] - click(findTestObject("Object Repository/Page_Swag Labs/input_Swag Labs_login-button")): Object: 'Object Repository/Page_Swag Labs/input_Swag Labs_login-button' is clicked on

2023-05-12 17:31:18 - [MESSAGE][PASSED] - Object: 'Object Repository/Page_Swag Labs/input_Swag Labs_login-button' is clicked on

2023-05-12 17:31:18 - [TEST_STEP][PASSED] - click(findTestObject("Object Repository/inventoryPage/Backpack")): Object: 'Object Repository/inventoryPage/Backpack' is clicked on

2023-05-12 17:31:18 - [MESSAGE][PASSED] - Object: 'Object Repository/inventoryPage/Backpack' is clicked on

2023-05-12 17:31:18 - [TEST_STEP][PASSED] - click(findTestObject("Object Repository/inventoryPage/button_Add to cart")): Object: 'Object Repository/inventoryPage/button_Add to cart' is clicked on

2023-05-12 17:31:19 - [MESSAGE][PASSED] - Object: 'Object Repository/inventoryPage/button_Add to cart' is clicked on

2023-05-12 17:31:19 - [TEST_STEP][PASSED] - click(findTestObject("Object Repository/inventoryPage/products_back-image")): Object: 'Object Repository/inventoryPage/products_back-image' is clicked on

2023-05-12 17:31:19 - [MESSAGE][PASSED] - Object: 'Object Repository/inventoryPage/products_back-image' is clicked on

2023-05-12 17:31:19 - [TEST_STEP][PASSED] - click(findTestObject("Object Repository/inventoryPage/cart")): Object: 'Object Repository/inventoryPage/cart' is clicked on

2023-05-12 17:31:20 - [MESSAGE][PASSED] - Object: 'Object Repository/inventoryPage/cart' is clicked on

2023-05-12 17:31:20 - [TEST_STEP][PASSED] - click(findTestObject("Object Repository/CheckoutPage/button_Checkout")): Object: 'Object Repository/CheckoutPage/button_Checkout' is clicked on

2023-05-12 17:31:20 - [MESSAGE][PASSED] - Object: 'Object Repository/CheckoutPage/button_Checkout' is clicked on

2023-05-12 17:31:20 - [TEST_STEP][PASSED] - sendKeys(findTestObject("Object Repository/checkout-step-one/input_Checkout Your Information_firstName"), "demo"): Keys 'demo' sent to object: 'Object Repository/checkout-step-one/input_Checkout Your Information_firstName'

2023-05-12 17:31:21 - [MESSAGE][PASSED] - Keys 'demo' sent to object: 'Object Repository/checkout-step-one/input_Checkout Your Information_firstName'

2023-05-12 17:31:21 - [TEST_STEP][PASSED] - sendKeys(findTestObject("Object Repository/checkout-step-one/input_Checkout Your Information_lastName"), "qa test"): Keys 'qa test' sent to object: 'Object Repository/checkout-step-one/input_Checkout Your Information_lastName'

2023-05-12 17:31:22 - [MESSAGE][PASSED] - Keys 'qa test' sent to object: 'Object Repository/checkout-step-one/input_Checkout Your Information_lastName'

2023-05-12 17:31:22 - [TEST_STEP][PASSED] - sendKeys(findTestObject("Object Repository/checkout-step-one/input_Checkout Your Information_postalCode"), "9000"): Keys '9000' sent to object: 'Object Repository/checkout-step-one/input_Checkout Your Information_postalCode'

2023-05-12 17:31:22 - [MESSAGE][PASSED] - Keys '9000' sent to object: 'Object Repository/checkout-step-one/input_Checkout Your Information_postalCode'

2023-05-12 17:31:22 - [TEST_STEP][PASSED] - click(findTestObject("Object Repository/checkout-step-one/input_continue")): Object: 'Object Repository/checkout-step-one/input_continue' is clicked on

2023-05-12 17:31:23 - [MESSAGE][PASSED] - Object: 'Object Repository/checkout-step-one/input_continue' is clicked on

2023-05-12 17:31:23 - [TEST_STEP][PASSED] - click(findTestObject("Object Repository/finish checkout/button_Finish")): Object: 'Object Repository/finish checkout/button_Finish' is clicked on

2023-05-12 17:31:23 - [MESSAGE][PASSED] - Object: 'Object Repository/finish checkout/button_Finish' is clicked on

2023-05-12 17:31:23 - [TEST_STEP][PASSED] - verifyElementVisible(findTestObject("Object Repository/order-success/h2_Thank you for your order")): Object 'Object Repository/order-success/h2_Thank you for your order' is visible

2023-05-12 17:31:24 - [MESSAGE][PASSED] - Object 'Object Repository/order-success/h2_Thank you for your order' is visible

2023-05-12 17:31:24 - [TEST_STEP][PASSED] - click(findTestObject("Object Repository/NavSideBar/sidebar")): Object: 'Object Repository/NavSideBar/sidebar' is clicked on

2023-05-12 17:31:24 - [MESSAGE][PASSED] - Object: 'Object Repository/NavSideBar/sidebar' is clicked on

2023-05-12 17:31:24 - [TEST_STEP][PASSED] - click(findTestObject("Object Repository/NavSideBar/a_Logout")): Object: 'Object Repository/NavSideBar/a_Logout' is clicked on

2023-05-12 17:31:25 - [MESSAGE][PASSED] - Object: 'Object Repository/NavSideBar/a_Logout' is clicked on

2023-05-12 17:31:25 - [TEST_STEP][PASSED] - verifyElementVisible(findTestObject("Object Repository/Page_Swag Labs/input_Swag Labs_user-name")): Object 'Object Repository/Page_Swag Labs/input_Swag Labs_user-name' is visible

2023-05-12 17:31:25 - [MESSAGE][PASSED] - Object 'Object Repository/Page_Swag Labs/input_Swag Labs_user-name' is visible

2023-05-12 17:31:25 - [TEST_STEP][PASSED] - closeBrowser(): Browser is closed

2023-05-12 17:31:26 - [MESSAGE][PASSED] - Browser is closed]]></system-out>
         <system-err><![CDATA[]]></system-err>
      </testcase>
      <testcase name="Test Cases/test-flow-1-buy-1-product" time="11.778" classname="Test Cases/test-flow-1-buy-1-product" status="PASSED">
         <system-out><![CDATA[2023-05-12 17:31:26 - [TEST_CASE][PASSED] - Test Cases/test-flow-1-buy-1-product: Test Cases/test-flow-1-buy-1-product

2023-05-12 17:31:26 - [TEST_STEP][PASSED] - openBrowser("https://www.saucedemo.com/"): Browser is opened with url: 'https://www.saucedemo.com/'

2023-05-12 17:31:26 - [MESSAGE][INFO] - Starting 'Chrome' driver

2023-05-12 17:31:26 - [MESSAGE][INFO] - Action delay is set to 0 milliseconds

2023-05-12 17:31:28 - [MESSAGE][PASSED] - Browser is opened with url: 'https://www.saucedemo.com/'

2023-05-12 17:31:28 - [TEST_STEP][PASSED] - click(findTestObject("Object Repository/Page_Swag Labs/input_Swag Labs_user-name")): Object: 'Object Repository/Page_Swag Labs/input_Swag Labs_user-name' is clicked on

2023-05-12 17:31:28 - [MESSAGE][PASSED] - Object: 'Object Repository/Page_Swag Labs/input_Swag Labs_user-name' is clicked on

2023-05-12 17:31:28 - [TEST_STEP][PASSED] - sendKeys(findTestObject("Object Repository/Page_Swag Labs/input_Swag Labs_user-name"), "standard_user"): Keys 'standard_user' sent to object: 'Object Repository/Page_Swag Labs/input_Swag Labs_user-name'

2023-05-12 17:31:29 - [MESSAGE][PASSED] - Keys 'standard_user' sent to object: 'Object Repository/Page_Swag Labs/input_Swag Labs_user-name'

2023-05-12 17:31:29 - [TEST_STEP][PASSED] - click(findTestObject("Object Repository/Page_Swag Labs/input_Swag Labs_password")): Object: 'Object Repository/Page_Swag Labs/input_Swag Labs_password' is clicked on

2023-05-12 17:31:29 - [MESSAGE][PASSED] - Object: 'Object Repository/Page_Swag Labs/input_Swag Labs_password' is clicked on

2023-05-12 17:31:29 - [TEST_STEP][PASSED] - sendKeys(findTestObject("Object Repository/Page_Swag Labs/input_Swag Labs_password"), "secret_sauce"): Keys 'secret_sauce' sent to object: 'Object Repository/Page_Swag Labs/input_Swag Labs_password'

2023-05-12 17:31:29 - [MESSAGE][PASSED] - Keys 'secret_sauce' sent to object: 'Object Repository/Page_Swag Labs/input_Swag Labs_password'

2023-05-12 17:31:29 - [TEST_STEP][PASSED] - click(findTestObject("Object Repository/Page_Swag Labs/input_Swag Labs_login-button")): Object: 'Object Repository/Page_Swag Labs/input_Swag Labs_login-button' is clicked on

2023-05-12 17:31:30 - [MESSAGE][PASSED] - Object: 'Object Repository/Page_Swag Labs/input_Swag Labs_login-button' is clicked on

2023-05-12 17:31:30 - [TEST_STEP][PASSED] - click(findTestObject("Object Repository/inventoryPage/Backpack")): Object: 'Object Repository/inventoryPage/Backpack' is clicked on

2023-05-12 17:31:30 - [MESSAGE][PASSED] - Object: 'Object Repository/inventoryPage/Backpack' is clicked on

2023-05-12 17:31:30 - [TEST_STEP][PASSED] - click(findTestObject("Object Repository/inventoryPage/button_Add to cart")): Object: 'Object Repository/inventoryPage/button_Add to cart' is clicked on

2023-05-12 17:31:31 - [MESSAGE][PASSED] - Object: 'Object Repository/inventoryPage/button_Add to cart' is clicked on

2023-05-12 17:31:31 - [TEST_STEP][PASSED] - click(findTestObject("Object Repository/inventoryPage/products_back-image")): Object: 'Object Repository/inventoryPage/products_back-image' is clicked on

2023-05-12 17:31:31 - [MESSAGE][PASSED] - Object: 'Object Repository/inventoryPage/products_back-image' is clicked on

2023-05-12 17:31:31 - [TEST_STEP][PASSED] - click(findTestObject("Object Repository/inventoryPage/cart")): Object: 'Object Repository/inventoryPage/cart' is clicked on

2023-05-12 17:31:32 - [MESSAGE][PASSED] - Object: 'Object Repository/inventoryPage/cart' is clicked on

2023-05-12 17:31:32 - [TEST_STEP][PASSED] - click(findTestObject("Object Repository/CheckoutPage/button_Checkout")): Object: 'Object Repository/CheckoutPage/button_Checkout' is clicked on

2023-05-12 17:31:32 - [MESSAGE][PASSED] - Object: 'Object Repository/CheckoutPage/button_Checkout' is clicked on

2023-05-12 17:31:32 - [TEST_STEP][PASSED] - sendKeys(findTestObject("Object Repository/checkout-step-one/input_Checkout Your Information_firstName"), "demo"): Keys 'demo' sent to object: 'Object Repository/checkout-step-one/input_Checkout Your Information_firstName'

2023-05-12 17:31:33 - [MESSAGE][PASSED] - Keys 'demo' sent to object: 'Object Repository/checkout-step-one/input_Checkout Your Information_firstName'

2023-05-12 17:31:33 - [TEST_STEP][PASSED] - sendKeys(findTestObject("Object Repository/checkout-step-one/input_Checkout Your Information_lastName"), "qa test"): Keys 'qa test' sent to object: 'Object Repository/checkout-step-one/input_Checkout Your Information_lastName'

2023-05-12 17:31:33 - [MESSAGE][PASSED] - Keys 'qa test' sent to object: 'Object Repository/checkout-step-one/input_Checkout Your Information_lastName'

2023-05-12 17:31:33 - [TEST_STEP][PASSED] - sendKeys(findTestObject("Object Repository/checkout-step-one/input_Checkout Your Information_postalCode"), "9000"): Keys '9000' sent to object: 'Object Repository/checkout-step-one/input_Checkout Your Information_postalCode'

2023-05-12 17:31:34 - [MESSAGE][PASSED] - Keys '9000' sent to object: 'Object Repository/checkout-step-one/input_Checkout Your Information_postalCode'

2023-05-12 17:31:34 - [TEST_STEP][PASSED] - click(findTestObject("Object Repository/checkout-step-one/input_continue")): Object: 'Object Repository/checkout-step-one/input_continue' is clicked on

2023-05-12 17:31:34 - [MESSAGE][PASSED] - Object: 'Object Repository/checkout-step-one/input_continue' is clicked on

2023-05-12 17:31:34 - [TEST_STEP][PASSED] - click(findTestObject("Object Repository/finish checkout/button_Finish")): Object: 'Object Repository/finish checkout/button_Finish' is clicked on

2023-05-12 17:31:35 - [MESSAGE][PASSED] - Object: 'Object Repository/finish checkout/button_Finish' is clicked on

2023-05-12 17:31:35 - [TEST_STEP][PASSED] - verifyElementVisible(findTestObject("Object Repository/order-success/h2_Thank you for your order")): Object 'Object Repository/order-success/h2_Thank you for your order' is visible

2023-05-12 17:31:35 - [MESSAGE][PASSED] - Object 'Object Repository/order-success/h2_Thank you for your order' is visible

2023-05-12 17:31:35 - [TEST_STEP][PASSED] - click(findTestObject("Object Repository/NavSideBar/sidebar")): Object: 'Object Repository/NavSideBar/sidebar' is clicked on

2023-05-12 17:31:36 - [MESSAGE][PASSED] - Object: 'Object Repository/NavSideBar/sidebar' is clicked on

2023-05-12 17:31:36 - [TEST_STEP][PASSED] - click(findTestObject("Object Repository/NavSideBar/a_Logout")): Object: 'Object Repository/NavSideBar/a_Logout' is clicked on

2023-05-12 17:31:36 - [MESSAGE][PASSED] - Object: 'Object Repository/NavSideBar/a_Logout' is clicked on

2023-05-12 17:31:36 - [TEST_STEP][PASSED] - verifyElementVisible(findTestObject("Object Repository/Page_Swag Labs/input_Swag Labs_user-name")): Object 'Object Repository/Page_Swag Labs/input_Swag Labs_user-name' is visible

2023-05-12 17:31:37 - [MESSAGE][PASSED] - Object 'Object Repository/Page_Swag Labs/input_Swag Labs_user-name' is visible

2023-05-12 17:31:37 - [TEST_STEP][PASSED] - closeBrowser(): Browser is closed

2023-05-12 17:31:38 - [MESSAGE][PASSED] - Browser is closed]]></system-out>
         <system-err><![CDATA[]]></system-err>
      </testcase>
      <testcase name="Test Cases/test-flow-1-buy-1-product" time="11.72" classname="Test Cases/test-flow-1-buy-1-product" status="PASSED">
         <system-out><![CDATA[2023-05-12 17:31:38 - [TEST_CASE][PASSED] - Test Cases/test-flow-1-buy-1-product: Test Cases/test-flow-1-buy-1-product

2023-05-12 17:31:38 - [TEST_STEP][PASSED] - openBrowser("https://www.saucedemo.com/"): Browser is opened with url: 'https://www.saucedemo.com/'

2023-05-12 17:31:38 - [MESSAGE][INFO] - Starting 'Chrome' driver

2023-05-12 17:31:38 - [MESSAGE][INFO] - Action delay is set to 0 milliseconds

2023-05-12 17:31:40 - [MESSAGE][PASSED] - Browser is opened with url: 'https://www.saucedemo.com/'

2023-05-12 17:31:40 - [TEST_STEP][PASSED] - click(findTestObject("Object Repository/Page_Swag Labs/input_Swag Labs_user-name")): Object: 'Object Repository/Page_Swag Labs/input_Swag Labs_user-name' is clicked on

2023-05-12 17:31:40 - [MESSAGE][PASSED] - Object: 'Object Repository/Page_Swag Labs/input_Swag Labs_user-name' is clicked on

2023-05-12 17:31:40 - [TEST_STEP][PASSED] - sendKeys(findTestObject("Object Repository/Page_Swag Labs/input_Swag Labs_user-name"), "standard_user"): Keys 'standard_user' sent to object: 'Object Repository/Page_Swag Labs/input_Swag Labs_user-name'

2023-05-12 17:31:40 - [MESSAGE][PASSED] - Keys 'standard_user' sent to object: 'Object Repository/Page_Swag Labs/input_Swag Labs_user-name'

2023-05-12 17:31:40 - [TEST_STEP][PASSED] - click(findTestObject("Object Repository/Page_Swag Labs/input_Swag Labs_password")): Object: 'Object Repository/Page_Swag Labs/input_Swag Labs_password' is clicked on

2023-05-12 17:31:41 - [MESSAGE][PASSED] - Object: 'Object Repository/Page_Swag Labs/input_Swag Labs_password' is clicked on

2023-05-12 17:31:41 - [TEST_STEP][PASSED] - sendKeys(findTestObject("Object Repository/Page_Swag Labs/input_Swag Labs_password"), "secret_sauce"): Keys 'secret_sauce' sent to object: 'Object Repository/Page_Swag Labs/input_Swag Labs_password'

2023-05-12 17:31:41 - [MESSAGE][PASSED] - Keys 'secret_sauce' sent to object: 'Object Repository/Page_Swag Labs/input_Swag Labs_password'

2023-05-12 17:31:41 - [TEST_STEP][PASSED] - click(findTestObject("Object Repository/Page_Swag Labs/input_Swag Labs_login-button")): Object: 'Object Repository/Page_Swag Labs/input_Swag Labs_login-button' is clicked on

2023-05-12 17:31:41 - [MESSAGE][PASSED] - Object: 'Object Repository/Page_Swag Labs/input_Swag Labs_login-button' is clicked on

2023-05-12 17:31:41 - [TEST_STEP][PASSED] - click(findTestObject("Object Repository/inventoryPage/Backpack")): Object: 'Object Repository/inventoryPage/Backpack' is clicked on

2023-05-12 17:31:42 - [MESSAGE][PASSED] - Object: 'Object Repository/inventoryPage/Backpack' is clicked on

2023-05-12 17:31:42 - [TEST_STEP][PASSED] - click(findTestObject("Object Repository/inventoryPage/button_Add to cart")): Object: 'Object Repository/inventoryPage/button_Add to cart' is clicked on

2023-05-12 17:31:42 - [MESSAGE][PASSED] - Object: 'Object Repository/inventoryPage/button_Add to cart' is clicked on

2023-05-12 17:31:42 - [TEST_STEP][PASSED] - click(findTestObject("Object Repository/inventoryPage/products_back-image")): Object: 'Object Repository/inventoryPage/products_back-image' is clicked on

2023-05-12 17:31:43 - [MESSAGE][PASSED] - Object: 'Object Repository/inventoryPage/products_back-image' is clicked on

2023-05-12 17:31:43 - [TEST_STEP][PASSED] - click(findTestObject("Object Repository/inventoryPage/cart")): Object: 'Object Repository/inventoryPage/cart' is clicked on

2023-05-12 17:31:43 - [MESSAGE][PASSED] - Object: 'Object Repository/inventoryPage/cart' is clicked on

2023-05-12 17:31:43 - [TEST_STEP][PASSED] - click(findTestObject("Object Repository/CheckoutPage/button_Checkout")): Object: 'Object Repository/CheckoutPage/button_Checkout' is clicked on

2023-05-12 17:31:44 - [MESSAGE][PASSED] - Object: 'Object Repository/CheckoutPage/button_Checkout' is clicked on

2023-05-12 17:31:44 - [TEST_STEP][PASSED] - sendKeys(findTestObject("Object Repository/checkout-step-one/input_Checkout Your Information_firstName"), "demo"): Keys 'demo' sent to object: 'Object Repository/checkout-step-one/input_Checkout Your Information_firstName'

2023-05-12 17:31:44 - [MESSAGE][PASSED] - Keys 'demo' sent to object: 'Object Repository/checkout-step-one/input_Checkout Your Information_firstName'

2023-05-12 17:31:44 - [TEST_STEP][PASSED] - sendKeys(findTestObject("Object Repository/checkout-step-one/input_Checkout Your Information_lastName"), "qa test"): Keys 'qa test' sent to object: 'Object Repository/checkout-step-one/input_Checkout Your Information_lastName'

2023-05-12 17:31:45 - [MESSAGE][PASSED] - Keys 'qa test' sent to object: 'Object Repository/checkout-step-one/input_Checkout Your Information_lastName'

2023-05-12 17:31:45 - [TEST_STEP][PASSED] - sendKeys(findTestObject("Object Repository/checkout-step-one/input_Checkout Your Information_postalCode"), "9000"): Keys '9000' sent to object: 'Object Repository/checkout-step-one/input_Checkout Your Information_postalCode'

2023-05-12 17:31:46 - [MESSAGE][PASSED] - Keys '9000' sent to object: 'Object Repository/checkout-step-one/input_Checkout Your Information_postalCode'

2023-05-12 17:31:46 - [TEST_STEP][PASSED] - click(findTestObject("Object Repository/checkout-step-one/input_continue")): Object: 'Object Repository/checkout-step-one/input_continue' is clicked on

2023-05-12 17:31:46 - [MESSAGE][PASSED] - Object: 'Object Repository/checkout-step-one/input_continue' is clicked on

2023-05-12 17:31:46 - [TEST_STEP][PASSED] - click(findTestObject("Object Repository/finish checkout/button_Finish")): Object: 'Object Repository/finish checkout/button_Finish' is clicked on

2023-05-12 17:31:47 - [MESSAGE][PASSED] - Object: 'Object Repository/finish checkout/button_Finish' is clicked on

2023-05-12 17:31:47 - [TEST_STEP][PASSED] - verifyElementVisible(findTestObject("Object Repository/order-success/h2_Thank you for your order")): Object 'Object Repository/order-success/h2_Thank you for your order' is visible

2023-05-12 17:31:47 - [MESSAGE][PASSED] - Object 'Object Repository/order-success/h2_Thank you for your order' is visible

2023-05-12 17:31:47 - [TEST_STEP][PASSED] - click(findTestObject("Object Repository/NavSideBar/sidebar")): Object: 'Object Repository/NavSideBar/sidebar' is clicked on

2023-05-12 17:31:48 - [MESSAGE][PASSED] - Object: 'Object Repository/NavSideBar/sidebar' is clicked on

2023-05-12 17:31:48 - [TEST_STEP][PASSED] - click(findTestObject("Object Repository/NavSideBar/a_Logout")): Object: 'Object Repository/NavSideBar/a_Logout' is clicked on

2023-05-12 17:31:48 - [MESSAGE][PASSED] - Object: 'Object Repository/NavSideBar/a_Logout' is clicked on

2023-05-12 17:31:48 - [TEST_STEP][PASSED] - verifyElementVisible(findTestObject("Object Repository/Page_Swag Labs/input_Swag Labs_user-name")): Object 'Object Repository/Page_Swag Labs/input_Swag Labs_user-name' is visible

2023-05-12 17:31:49 - [MESSAGE][PASSED] - Object 'Object Repository/Page_Swag Labs/input_Swag Labs_user-name' is visible

2023-05-12 17:31:49 - [TEST_STEP][PASSED] - closeBrowser(): Browser is closed

2023-05-12 17:31:49 - [MESSAGE][PASSED] - Browser is closed]]></system-out>
         <system-err><![CDATA[]]></system-err>
      </testcase>
      <testcase name="Test Cases/test-flow-1-buy-1-product" time="11.768" classname="Test Cases/test-flow-1-buy-1-product" status="PASSED">
         <system-out><![CDATA[2023-05-12 17:31:49 - [TEST_CASE][PASSED] - Test Cases/test-flow-1-buy-1-product: Test Cases/test-flow-1-buy-1-product

2023-05-12 17:31:49 - [TEST_STEP][PASSED] - openBrowser("https://www.saucedemo.com/"): Browser is opened with url: 'https://www.saucedemo.com/'

2023-05-12 17:31:49 - [MESSAGE][INFO] - Starting 'Chrome' driver

2023-05-12 17:31:49 - [MESSAGE][INFO] - Action delay is set to 0 milliseconds

2023-05-12 17:31:51 - [MESSAGE][PASSED] - Browser is opened with url: 'https://www.saucedemo.com/'

2023-05-12 17:31:51 - [TEST_STEP][PASSED] - click(findTestObject("Object Repository/Page_Swag Labs/input_Swag Labs_user-name")): Object: 'Object Repository/Page_Swag Labs/input_Swag Labs_user-name' is clicked on

2023-05-12 17:31:52 - [MESSAGE][PASSED] - Object: 'Object Repository/Page_Swag Labs/input_Swag Labs_user-name' is clicked on

2023-05-12 17:31:52 - [TEST_STEP][PASSED] - sendKeys(findTestObject("Object Repository/Page_Swag Labs/input_Swag Labs_user-name"), "standard_user"): Keys 'standard_user' sent to object: 'Object Repository/Page_Swag Labs/input_Swag Labs_user-name'

2023-05-12 17:31:52 - [MESSAGE][PASSED] - Keys 'standard_user' sent to object: 'Object Repository/Page_Swag Labs/input_Swag Labs_user-name'

2023-05-12 17:31:52 - [TEST_STEP][PASSED] - click(findTestObject("Object Repository/Page_Swag Labs/input_Swag Labs_password")): Object: 'Object Repository/Page_Swag Labs/input_Swag Labs_password' is clicked on

2023-05-12 17:31:52 - [MESSAGE][PASSED] - Object: 'Object Repository/Page_Swag Labs/input_Swag Labs_password' is clicked on

2023-05-12 17:31:52 - [TEST_STEP][PASSED] - sendKeys(findTestObject("Object Repository/Page_Swag Labs/input_Swag Labs_password"), "secret_sauce"): Keys 'secret_sauce' sent to object: 'Object Repository/Page_Swag Labs/input_Swag Labs_password'

2023-05-12 17:31:53 - [MESSAGE][PASSED] - Keys 'secret_sauce' sent to object: 'Object Repository/Page_Swag Labs/input_Swag Labs_password'

2023-05-12 17:31:53 - [TEST_STEP][PASSED] - click(findTestObject("Object Repository/Page_Swag Labs/input_Swag Labs_login-button")): Object: 'Object Repository/Page_Swag Labs/input_Swag Labs_login-button' is clicked on

2023-05-12 17:31:53 - [MESSAGE][PASSED] - Object: 'Object Repository/Page_Swag Labs/input_Swag Labs_login-button' is clicked on

2023-05-12 17:31:53 - [TEST_STEP][PASSED] - click(findTestObject("Object Repository/inventoryPage/Backpack")): Object: 'Object Repository/inventoryPage/Backpack' is clicked on

2023-05-12 17:31:54 - [MESSAGE][PASSED] - Object: 'Object Repository/inventoryPage/Backpack' is clicked on

2023-05-12 17:31:54 - [TEST_STEP][PASSED] - click(findTestObject("Object Repository/inventoryPage/button_Add to cart")): Object: 'Object Repository/inventoryPage/button_Add to cart' is clicked on

2023-05-12 17:31:54 - [MESSAGE][PASSED] - Object: 'Object Repository/inventoryPage/button_Add to cart' is clicked on

2023-05-12 17:31:54 - [TEST_STEP][PASSED] - click(findTestObject("Object Repository/inventoryPage/products_back-image")): Object: 'Object Repository/inventoryPage/products_back-image' is clicked on

2023-05-12 17:31:55 - [MESSAGE][PASSED] - Object: 'Object Repository/inventoryPage/products_back-image' is clicked on

2023-05-12 17:31:55 - [TEST_STEP][PASSED] - click(findTestObject("Object Repository/inventoryPage/cart")): Object: 'Object Repository/inventoryPage/cart' is clicked on

2023-05-12 17:31:55 - [MESSAGE][PASSED] - Object: 'Object Repository/inventoryPage/cart' is clicked on

2023-05-12 17:31:55 - [TEST_STEP][PASSED] - click(findTestObject("Object Repository/CheckoutPage/button_Checkout")): Object: 'Object Repository/CheckoutPage/button_Checkout' is clicked on

2023-05-12 17:31:56 - [MESSAGE][PASSED] - Object: 'Object Repository/CheckoutPage/button_Checkout' is clicked on

2023-05-12 17:31:56 - [TEST_STEP][PASSED] - sendKeys(findTestObject("Object Repository/checkout-step-one/input_Checkout Your Information_firstName"), "demo"): Keys 'demo' sent to object: 'Object Repository/checkout-step-one/input_Checkout Your Information_firstName'

2023-05-12 17:31:56 - [MESSAGE][PASSED] - Keys 'demo' sent to object: 'Object Repository/checkout-step-one/input_Checkout Your Information_firstName'

2023-05-12 17:31:56 - [TEST_STEP][PASSED] - sendKeys(findTestObject("Object Repository/checkout-step-one/input_Checkout Your Information_lastName"), "qa test"): Keys 'qa test' sent to object: 'Object Repository/checkout-step-one/input_Checkout Your Information_lastName'

2023-05-12 17:31:57 - [MESSAGE][PASSED] - Keys 'qa test' sent to object: 'Object Repository/checkout-step-one/input_Checkout Your Information_lastName'

2023-05-12 17:31:57 - [TEST_STEP][PASSED] - sendKeys(findTestObject("Object Repository/checkout-step-one/input_Checkout Your Information_postalCode"), "9000"): Keys '9000' sent to object: 'Object Repository/checkout-step-one/input_Checkout Your Information_postalCode'

2023-05-12 17:31:58 - [MESSAGE][PASSED] - Keys '9000' sent to object: 'Object Repository/checkout-step-one/input_Checkout Your Information_postalCode'

2023-05-12 17:31:58 - [TEST_STEP][PASSED] - click(findTestObject("Object Repository/checkout-step-one/input_continue")): Object: 'Object Repository/checkout-step-one/input_continue' is clicked on

2023-05-12 17:31:58 - [MESSAGE][PASSED] - Object: 'Object Repository/checkout-step-one/input_continue' is clicked on

2023-05-12 17:31:58 - [TEST_STEP][PASSED] - click(findTestObject("Object Repository/finish checkout/button_Finish")): Object: 'Object Repository/finish checkout/button_Finish' is clicked on

2023-05-12 17:31:59 - [MESSAGE][PASSED] - Object: 'Object Repository/finish checkout/button_Finish' is clicked on

2023-05-12 17:31:59 - [TEST_STEP][PASSED] - verifyElementVisible(findTestObject("Object Repository/order-success/h2_Thank you for your order")): Object 'Object Repository/order-success/h2_Thank you for your order' is visible

2023-05-12 17:31:59 - [MESSAGE][PASSED] - Object 'Object Repository/order-success/h2_Thank you for your order' is visible

2023-05-12 17:31:59 - [TEST_STEP][PASSED] - click(findTestObject("Object Repository/NavSideBar/sidebar")): Object: 'Object Repository/NavSideBar/sidebar' is clicked on

2023-05-12 17:31:59 - [MESSAGE][PASSED] - Object: 'Object Repository/NavSideBar/sidebar' is clicked on

2023-05-12 17:31:59 - [TEST_STEP][PASSED] - click(findTestObject("Object Repository/NavSideBar/a_Logout")): Object: 'Object Repository/NavSideBar/a_Logout' is clicked on

2023-05-12 17:32:00 - [MESSAGE][PASSED] - Object: 'Object Repository/NavSideBar/a_Logout' is clicked on

2023-05-12 17:32:00 - [TEST_STEP][PASSED] - verifyElementVisible(findTestObject("Object Repository/Page_Swag Labs/input_Swag Labs_user-name")): Object 'Object Repository/Page_Swag Labs/input_Swag Labs_user-name' is visible

2023-05-12 17:32:00 - [MESSAGE][PASSED] - Object 'Object Repository/Page_Swag Labs/input_Swag Labs_user-name' is visible

2023-05-12 17:32:00 - [TEST_STEP][PASSED] - closeBrowser(): Browser is closed

2023-05-12 17:32:01 - [MESSAGE][PASSED] - Browser is closed]]></system-out>
         <system-err><![CDATA[]]></system-err>
      </testcase>
      <testcase name="Test Cases/test-flow-1-buy-1-product" time="12.179" classname="Test Cases/test-flow-1-buy-1-product" status="PASSED">
         <system-out><![CDATA[2023-05-12 17:32:01 - [TEST_CASE][PASSED] - Test Cases/test-flow-1-buy-1-product: Test Cases/test-flow-1-buy-1-product

2023-05-12 17:32:01 - [TEST_STEP][PASSED] - openBrowser("https://www.saucedemo.com/"): Browser is opened with url: 'https://www.saucedemo.com/'

2023-05-12 17:32:01 - [MESSAGE][INFO] - Starting 'Chrome' driver

2023-05-12 17:32:01 - [MESSAGE][INFO] - Action delay is set to 0 milliseconds

2023-05-12 17:32:03 - [MESSAGE][PASSED] - Browser is opened with url: 'https://www.saucedemo.com/'

2023-05-12 17:32:03 - [TEST_STEP][PASSED] - click(findTestObject("Object Repository/Page_Swag Labs/input_Swag Labs_user-name")): Object: 'Object Repository/Page_Swag Labs/input_Swag Labs_user-name' is clicked on

2023-05-12 17:32:04 - [MESSAGE][PASSED] - Object: 'Object Repository/Page_Swag Labs/input_Swag Labs_user-name' is clicked on

2023-05-12 17:32:04 - [TEST_STEP][PASSED] - sendKeys(findTestObject("Object Repository/Page_Swag Labs/input_Swag Labs_user-name"), "standard_user"): Keys 'standard_user' sent to object: 'Object Repository/Page_Swag Labs/input_Swag Labs_user-name'

2023-05-12 17:32:04 - [MESSAGE][PASSED] - Keys 'standard_user' sent to object: 'Object Repository/Page_Swag Labs/input_Swag Labs_user-name'

2023-05-12 17:32:04 - [TEST_STEP][PASSED] - click(findTestObject("Object Repository/Page_Swag Labs/input_Swag Labs_password")): Object: 'Object Repository/Page_Swag Labs/input_Swag Labs_password' is clicked on

2023-05-12 17:32:05 - [MESSAGE][PASSED] - Object: 'Object Repository/Page_Swag Labs/input_Swag Labs_password' is clicked on

2023-05-12 17:32:05 - [TEST_STEP][PASSED] - sendKeys(findTestObject("Object Repository/Page_Swag Labs/input_Swag Labs_password"), "secret_sauce"): Keys 'secret_sauce' sent to object: 'Object Repository/Page_Swag Labs/input_Swag Labs_password'

2023-05-12 17:32:05 - [MESSAGE][PASSED] - Keys 'secret_sauce' sent to object: 'Object Repository/Page_Swag Labs/input_Swag Labs_password'

2023-05-12 17:32:05 - [TEST_STEP][PASSED] - click(findTestObject("Object Repository/Page_Swag Labs/input_Swag Labs_login-button")): Object: 'Object Repository/Page_Swag Labs/input_Swag Labs_login-button' is clicked on

2023-05-12 17:32:05 - [MESSAGE][PASSED] - Object: 'Object Repository/Page_Swag Labs/input_Swag Labs_login-button' is clicked on

2023-05-12 17:32:05 - [TEST_STEP][PASSED] - click(findTestObject("Object Repository/inventoryPage/Backpack")): Object: 'Object Repository/inventoryPage/Backpack' is clicked on

2023-05-12 17:32:06 - [MESSAGE][PASSED] - Object: 'Object Repository/inventoryPage/Backpack' is clicked on

2023-05-12 17:32:06 - [TEST_STEP][PASSED] - click(findTestObject("Object Repository/inventoryPage/button_Add to cart")): Object: 'Object Repository/inventoryPage/button_Add to cart' is clicked on

2023-05-12 17:32:06 - [MESSAGE][PASSED] - Object: 'Object Repository/inventoryPage/button_Add to cart' is clicked on

2023-05-12 17:32:06 - [TEST_STEP][PASSED] - click(findTestObject("Object Repository/inventoryPage/products_back-image")): Object: 'Object Repository/inventoryPage/products_back-image' is clicked on

2023-05-12 17:32:07 - [MESSAGE][PASSED] - Object: 'Object Repository/inventoryPage/products_back-image' is clicked on

2023-05-12 17:32:07 - [TEST_STEP][PASSED] - click(findTestObject("Object Repository/inventoryPage/cart")): Object: 'Object Repository/inventoryPage/cart' is clicked on

2023-05-12 17:32:07 - [MESSAGE][PASSED] - Object: 'Object Repository/inventoryPage/cart' is clicked on

2023-05-12 17:32:07 - [TEST_STEP][PASSED] - click(findTestObject("Object Repository/CheckoutPage/button_Checkout")): Object: 'Object Repository/CheckoutPage/button_Checkout' is clicked on

2023-05-12 17:32:08 - [MESSAGE][PASSED] - Object: 'Object Repository/CheckoutPage/button_Checkout' is clicked on

2023-05-12 17:32:08 - [TEST_STEP][PASSED] - sendKeys(findTestObject("Object Repository/checkout-step-one/input_Checkout Your Information_firstName"), "demo"): Keys 'demo' sent to object: 'Object Repository/checkout-step-one/input_Checkout Your Information_firstName'

2023-05-12 17:32:08 - [MESSAGE][PASSED] - Keys 'demo' sent to object: 'Object Repository/checkout-step-one/input_Checkout Your Information_firstName'

2023-05-12 17:32:08 - [TEST_STEP][PASSED] - sendKeys(findTestObject("Object Repository/checkout-step-one/input_Checkout Your Information_lastName"), "qa test"): Keys 'qa test' sent to object: 'Object Repository/checkout-step-one/input_Checkout Your Information_lastName'

2023-05-12 17:32:09 - [MESSAGE][PASSED] - Keys 'qa test' sent to object: 'Object Repository/checkout-step-one/input_Checkout Your Information_lastName'

2023-05-12 17:32:09 - [TEST_STEP][PASSED] - sendKeys(findTestObject("Object Repository/checkout-step-one/input_Checkout Your Information_postalCode"), "9000"): Keys '9000' sent to object: 'Object Repository/checkout-step-one/input_Checkout Your Information_postalCode'

2023-05-12 17:32:10 - [MESSAGE][PASSED] - Keys '9000' sent to object: 'Object Repository/checkout-step-one/input_Checkout Your Information_postalCode'

2023-05-12 17:32:10 - [TEST_STEP][PASSED] - click(findTestObject("Object Repository/checkout-step-one/input_continue")): Object: 'Object Repository/checkout-step-one/input_continue' is clicked on

2023-05-12 17:32:10 - [MESSAGE][PASSED] - Object: 'Object Repository/checkout-step-one/input_continue' is clicked on

2023-05-12 17:32:10 - [TEST_STEP][PASSED] - click(findTestObject("Object Repository/finish checkout/button_Finish")): Object: 'Object Repository/finish checkout/button_Finish' is clicked on

2023-05-12 17:32:11 - [MESSAGE][PASSED] - Object: 'Object Repository/finish checkout/button_Finish' is clicked on

2023-05-12 17:32:11 - [TEST_STEP][PASSED] - verifyElementVisible(findTestObject("Object Repository/order-success/h2_Thank you for your order")): Object 'Object Repository/order-success/h2_Thank you for your order' is visible

2023-05-12 17:32:11 - [MESSAGE][PASSED] - Object 'Object Repository/order-success/h2_Thank you for your order' is visible

2023-05-12 17:32:11 - [TEST_STEP][PASSED] - click(findTestObject("Object Repository/NavSideBar/sidebar")): Object: 'Object Repository/NavSideBar/sidebar' is clicked on

2023-05-12 17:32:12 - [MESSAGE][PASSED] - Object: 'Object Repository/NavSideBar/sidebar' is clicked on

2023-05-12 17:32:12 - [TEST_STEP][PASSED] - click(findTestObject("Object Repository/NavSideBar/a_Logout")): Object: 'Object Repository/NavSideBar/a_Logout' is clicked on

2023-05-12 17:32:12 - [MESSAGE][PASSED] - Object: 'Object Repository/NavSideBar/a_Logout' is clicked on

2023-05-12 17:32:12 - [TEST_STEP][PASSED] - verifyElementVisible(findTestObject("Object Repository/Page_Swag Labs/input_Swag Labs_user-name")): Object 'Object Repository/Page_Swag Labs/input_Swag Labs_user-name' is visible

2023-05-12 17:32:13 - [MESSAGE][PASSED] - Object 'Object Repository/Page_Swag Labs/input_Swag Labs_user-name' is visible

2023-05-12 17:32:13 - [TEST_STEP][PASSED] - closeBrowser(): Browser is closed

2023-05-12 17:32:13 - [MESSAGE][PASSED] - Browser is closed]]></system-out>
         <system-err><![CDATA[]]></system-err>
      </testcase>
      <testcase name="Test Cases/test-flow-1-buy-1-product" time="11.704" classname="Test Cases/test-flow-1-buy-1-product" status="PASSED">
         <system-out><![CDATA[2023-05-12 17:32:13 - [TEST_CASE][PASSED] - Test Cases/test-flow-1-buy-1-product: Test Cases/test-flow-1-buy-1-product

2023-05-12 17:32:13 - [TEST_STEP][PASSED] - openBrowser("https://www.saucedemo.com/"): Browser is opened with url: 'https://www.saucedemo.com/'

2023-05-12 17:32:13 - [MESSAGE][INFO] - Starting 'Chrome' driver

2023-05-12 17:32:13 - [MESSAGE][INFO] - Action delay is set to 0 milliseconds

2023-05-12 17:32:15 - [MESSAGE][PASSED] - Browser is opened with url: 'https://www.saucedemo.com/'

2023-05-12 17:32:15 - [TEST_STEP][PASSED] - click(findTestObject("Object Repository/Page_Swag Labs/input_Swag Labs_user-name")): Object: 'Object Repository/Page_Swag Labs/input_Swag Labs_user-name' is clicked on

2023-05-12 17:32:16 - [MESSAGE][PASSED] - Object: 'Object Repository/Page_Swag Labs/input_Swag Labs_user-name' is clicked on

2023-05-12 17:32:16 - [TEST_STEP][PASSED] - sendKeys(findTestObject("Object Repository/Page_Swag Labs/input_Swag Labs_user-name"), "standard_user"): Keys 'standard_user' sent to object: 'Object Repository/Page_Swag Labs/input_Swag Labs_user-name'

2023-05-12 17:32:16 - [MESSAGE][PASSED] - Keys 'standard_user' sent to object: 'Object Repository/Page_Swag Labs/input_Swag Labs_user-name'

2023-05-12 17:32:16 - [TEST_STEP][PASSED] - click(findTestObject("Object Repository/Page_Swag Labs/input_Swag Labs_password")): Object: 'Object Repository/Page_Swag Labs/input_Swag Labs_password' is clicked on

2023-05-12 17:32:16 - [MESSAGE][PASSED] - Object: 'Object Repository/Page_Swag Labs/input_Swag Labs_password' is clicked on

2023-05-12 17:32:16 - [TEST_STEP][PASSED] - sendKeys(findTestObject("Object Repository/Page_Swag Labs/input_Swag Labs_password"), "secret_sauce"): Keys 'secret_sauce' sent to object: 'Object Repository/Page_Swag Labs/input_Swag Labs_password'

2023-05-12 17:32:17 - [MESSAGE][PASSED] - Keys 'secret_sauce' sent to object: 'Object Repository/Page_Swag Labs/input_Swag Labs_password'

2023-05-12 17:32:17 - [TEST_STEP][PASSED] - click(findTestObject("Object Repository/Page_Swag Labs/input_Swag Labs_login-button")): Object: 'Object Repository/Page_Swag Labs/input_Swag Labs_login-button' is clicked on

2023-05-12 17:32:17 - [MESSAGE][PASSED] - Object: 'Object Repository/Page_Swag Labs/input_Swag Labs_login-button' is clicked on

2023-05-12 17:32:17 - [TEST_STEP][PASSED] - click(findTestObject("Object Repository/inventoryPage/Backpack")): Object: 'Object Repository/inventoryPage/Backpack' is clicked on

2023-05-12 17:32:18 - [MESSAGE][PASSED] - Object: 'Object Repository/inventoryPage/Backpack' is clicked on

2023-05-12 17:32:18 - [TEST_STEP][PASSED] - click(findTestObject("Object Repository/inventoryPage/button_Add to cart")): Object: 'Object Repository/inventoryPage/button_Add to cart' is clicked on

2023-05-12 17:32:18 - [MESSAGE][PASSED] - Object: 'Object Repository/inventoryPage/button_Add to cart' is clicked on

2023-05-12 17:32:18 - [TEST_STEP][PASSED] - click(findTestObject("Object Repository/inventoryPage/products_back-image")): Object: 'Object Repository/inventoryPage/products_back-image' is clicked on

2023-05-12 17:32:19 - [MESSAGE][PASSED] - Object: 'Object Repository/inventoryPage/products_back-image' is clicked on

2023-05-12 17:32:19 - [TEST_STEP][PASSED] - click(findTestObject("Object Repository/inventoryPage/cart")): Object: 'Object Repository/inventoryPage/cart' is clicked on

2023-05-12 17:32:19 - [MESSAGE][PASSED] - Object: 'Object Repository/inventoryPage/cart' is clicked on

2023-05-12 17:32:19 - [TEST_STEP][PASSED] - click(findTestObject("Object Repository/CheckoutPage/button_Checkout")): Object: 'Object Repository/CheckoutPage/button_Checkout' is clicked on

2023-05-12 17:32:20 - [MESSAGE][PASSED] - Object: 'Object Repository/CheckoutPage/button_Checkout' is clicked on

2023-05-12 17:32:20 - [TEST_STEP][PASSED] - sendKeys(findTestObject("Object Repository/checkout-step-one/input_Checkout Your Information_firstName"), "demo"): Keys 'demo' sent to object: 'Object Repository/checkout-step-one/input_Checkout Your Information_firstName'

2023-05-12 17:32:20 - [MESSAGE][PASSED] - Keys 'demo' sent to object: 'Object Repository/checkout-step-one/input_Checkout Your Information_firstName'

2023-05-12 17:32:20 - [TEST_STEP][PASSED] - sendKeys(findTestObject("Object Repository/checkout-step-one/input_Checkout Your Information_lastName"), "qa test"): Keys 'qa test' sent to object: 'Object Repository/checkout-step-one/input_Checkout Your Information_lastName'

2023-05-12 17:32:21 - [MESSAGE][PASSED] - Keys 'qa test' sent to object: 'Object Repository/checkout-step-one/input_Checkout Your Information_lastName'

2023-05-12 17:32:21 - [TEST_STEP][PASSED] - sendKeys(findTestObject("Object Repository/checkout-step-one/input_Checkout Your Information_postalCode"), "9000"): Keys '9000' sent to object: 'Object Repository/checkout-step-one/input_Checkout Your Information_postalCode'

2023-05-12 17:32:21 - [MESSAGE][PASSED] - Keys '9000' sent to object: 'Object Repository/checkout-step-one/input_Checkout Your Information_postalCode'

2023-05-12 17:32:21 - [TEST_STEP][PASSED] - click(findTestObject("Object Repository/checkout-step-one/input_continue")): Object: 'Object Repository/checkout-step-one/input_continue' is clicked on

2023-05-12 17:32:22 - [MESSAGE][PASSED] - Object: 'Object Repository/checkout-step-one/input_continue' is clicked on

2023-05-12 17:32:22 - [TEST_STEP][PASSED] - click(findTestObject("Object Repository/finish checkout/button_Finish")): Object: 'Object Repository/finish checkout/button_Finish' is clicked on

2023-05-12 17:32:23 - [MESSAGE][PASSED] - Object: 'Object Repository/finish checkout/button_Finish' is clicked on

2023-05-12 17:32:23 - [TEST_STEP][PASSED] - verifyElementVisible(findTestObject("Object Repository/order-success/h2_Thank you for your order")): Object 'Object Repository/order-success/h2_Thank you for your order' is visible

2023-05-12 17:32:23 - [MESSAGE][PASSED] - Object 'Object Repository/order-success/h2_Thank you for your order' is visible

2023-05-12 17:32:23 - [TEST_STEP][PASSED] - click(findTestObject("Object Repository/NavSideBar/sidebar")): Object: 'Object Repository/NavSideBar/sidebar' is clicked on

2023-05-12 17:32:23 - [MESSAGE][PASSED] - Object: 'Object Repository/NavSideBar/sidebar' is clicked on

2023-05-12 17:32:23 - [TEST_STEP][PASSED] - click(findTestObject("Object Repository/NavSideBar/a_Logout")): Object: 'Object Repository/NavSideBar/a_Logout' is clicked on

2023-05-12 17:32:24 - [MESSAGE][PASSED] - Object: 'Object Repository/NavSideBar/a_Logout' is clicked on

2023-05-12 17:32:24 - [TEST_STEP][PASSED] - verifyElementVisible(findTestObject("Object Repository/Page_Swag Labs/input_Swag Labs_user-name")): Object 'Object Repository/Page_Swag Labs/input_Swag Labs_user-name' is visible

2023-05-12 17:32:24 - [MESSAGE][PASSED] - Object 'Object Repository/Page_Swag Labs/input_Swag Labs_user-name' is visible

2023-05-12 17:32:24 - [TEST_STEP][PASSED] - closeBrowser(): Browser is closed

2023-05-12 17:32:25 - [MESSAGE][PASSED] - Browser is closed]]></system-out>
         <system-err><![CDATA[]]></system-err>
      </testcase>
      <testcase name="Test Cases/test-flow-1-buy-1-product" time="11.683" classname="Test Cases/test-flow-1-buy-1-product" status="PASSED">
         <system-out><![CDATA[2023-05-12 17:32:25 - [TEST_CASE][PASSED] - Test Cases/test-flow-1-buy-1-product: Test Cases/test-flow-1-buy-1-product

2023-05-12 17:32:25 - [TEST_STEP][PASSED] - openBrowser("https://www.saucedemo.com/"): Browser is opened with url: 'https://www.saucedemo.com/'

2023-05-12 17:32:25 - [MESSAGE][INFO] - Starting 'Chrome' driver

2023-05-12 17:32:25 - [MESSAGE][INFO] - Action delay is set to 0 milliseconds

2023-05-12 17:32:27 - [MESSAGE][PASSED] - Browser is opened with url: 'https://www.saucedemo.com/'

2023-05-12 17:32:27 - [TEST_STEP][PASSED] - click(findTestObject("Object Repository/Page_Swag Labs/input_Swag Labs_user-name")): Object: 'Object Repository/Page_Swag Labs/input_Swag Labs_user-name' is clicked on

2023-05-12 17:32:27 - [MESSAGE][PASSED] - Object: 'Object Repository/Page_Swag Labs/input_Swag Labs_user-name' is clicked on

2023-05-12 17:32:27 - [TEST_STEP][PASSED] - sendKeys(findTestObject("Object Repository/Page_Swag Labs/input_Swag Labs_user-name"), "standard_user"): Keys 'standard_user' sent to object: 'Object Repository/Page_Swag Labs/input_Swag Labs_user-name'

2023-05-12 17:32:28 - [MESSAGE][PASSED] - Keys 'standard_user' sent to object: 'Object Repository/Page_Swag Labs/input_Swag Labs_user-name'

2023-05-12 17:32:28 - [TEST_STEP][PASSED] - click(findTestObject("Object Repository/Page_Swag Labs/input_Swag Labs_password")): Object: 'Object Repository/Page_Swag Labs/input_Swag Labs_password' is clicked on

2023-05-12 17:32:28 - [MESSAGE][PASSED] - Object: 'Object Repository/Page_Swag Labs/input_Swag Labs_password' is clicked on

2023-05-12 17:32:28 - [TEST_STEP][PASSED] - sendKeys(findTestObject("Object Repository/Page_Swag Labs/input_Swag Labs_password"), "secret_sauce"): Keys 'secret_sauce' sent to object: 'Object Repository/Page_Swag Labs/input_Swag Labs_password'

2023-05-12 17:32:28 - [MESSAGE][PASSED] - Keys 'secret_sauce' sent to object: 'Object Repository/Page_Swag Labs/input_Swag Labs_password'

2023-05-12 17:32:28 - [TEST_STEP][PASSED] - click(findTestObject("Object Repository/Page_Swag Labs/input_Swag Labs_login-button")): Object: 'Object Repository/Page_Swag Labs/input_Swag Labs_login-button' is clicked on

2023-05-12 17:32:29 - [MESSAGE][PASSED] - Object: 'Object Repository/Page_Swag Labs/input_Swag Labs_login-button' is clicked on

2023-05-12 17:32:29 - [TEST_STEP][PASSED] - click(findTestObject("Object Repository/inventoryPage/Backpack")): Object: 'Object Repository/inventoryPage/Backpack' is clicked on

2023-05-12 17:32:29 - [MESSAGE][PASSED] - Object: 'Object Repository/inventoryPage/Backpack' is clicked on

2023-05-12 17:32:29 - [TEST_STEP][PASSED] - click(findTestObject("Object Repository/inventoryPage/button_Add to cart")): Object: 'Object Repository/inventoryPage/button_Add to cart' is clicked on

2023-05-12 17:32:30 - [MESSAGE][PASSED] - Object: 'Object Repository/inventoryPage/button_Add to cart' is clicked on

2023-05-12 17:32:30 - [TEST_STEP][PASSED] - click(findTestObject("Object Repository/inventoryPage/products_back-image")): Object: 'Object Repository/inventoryPage/products_back-image' is clicked on

2023-05-12 17:32:30 - [MESSAGE][PASSED] - Object: 'Object Repository/inventoryPage/products_back-image' is clicked on

2023-05-12 17:32:30 - [TEST_STEP][PASSED] - click(findTestObject("Object Repository/inventoryPage/cart")): Object: 'Object Repository/inventoryPage/cart' is clicked on

2023-05-12 17:32:31 - [MESSAGE][PASSED] - Object: 'Object Repository/inventoryPage/cart' is clicked on

2023-05-12 17:32:31 - [TEST_STEP][PASSED] - click(findTestObject("Object Repository/CheckoutPage/button_Checkout")): Object: 'Object Repository/CheckoutPage/button_Checkout' is clicked on

2023-05-12 17:32:31 - [MESSAGE][PASSED] - Object: 'Object Repository/CheckoutPage/button_Checkout' is clicked on

2023-05-12 17:32:31 - [TEST_STEP][PASSED] - sendKeys(findTestObject("Object Repository/checkout-step-one/input_Checkout Your Information_firstName"), "demo"): Keys 'demo' sent to object: 'Object Repository/checkout-step-one/input_Checkout Your Information_firstName'

2023-05-12 17:32:32 - [MESSAGE][PASSED] - Keys 'demo' sent to object: 'Object Repository/checkout-step-one/input_Checkout Your Information_firstName'

2023-05-12 17:32:32 - [TEST_STEP][PASSED] - sendKeys(findTestObject("Object Repository/checkout-step-one/input_Checkout Your Information_lastName"), "qa test"): Keys 'qa test' sent to object: 'Object Repository/checkout-step-one/input_Checkout Your Information_lastName'

2023-05-12 17:32:32 - [MESSAGE][PASSED] - Keys 'qa test' sent to object: 'Object Repository/checkout-step-one/input_Checkout Your Information_lastName'

2023-05-12 17:32:32 - [TEST_STEP][PASSED] - sendKeys(findTestObject("Object Repository/checkout-step-one/input_Checkout Your Information_postalCode"), "9000"): Keys '9000' sent to object: 'Object Repository/checkout-step-one/input_Checkout Your Information_postalCode'

2023-05-12 17:32:33 - [MESSAGE][PASSED] - Keys '9000' sent to object: 'Object Repository/checkout-step-one/input_Checkout Your Information_postalCode'

2023-05-12 17:32:33 - [TEST_STEP][PASSED] - click(findTestObject("Object Repository/checkout-step-one/input_continue")): Object: 'Object Repository/checkout-step-one/input_continue' is clicked on

2023-05-12 17:32:34 - [MESSAGE][PASSED] - Object: 'Object Repository/checkout-step-one/input_continue' is clicked on

2023-05-12 17:32:34 - [TEST_STEP][PASSED] - click(findTestObject("Object Repository/finish checkout/button_Finish")): Object: 'Object Repository/finish checkout/button_Finish' is clicked on

2023-05-12 17:32:34 - [MESSAGE][PASSED] - Object: 'Object Repository/finish checkout/button_Finish' is clicked on

2023-05-12 17:32:34 - [TEST_STEP][PASSED] - verifyElementVisible(findTestObject("Object Repository/order-success/h2_Thank you for your order")): Object 'Object Repository/order-success/h2_Thank you for your order' is visible

2023-05-12 17:32:35 - [MESSAGE][PASSED] - Object 'Object Repository/order-success/h2_Thank you for your order' is visible

2023-05-12 17:32:35 - [TEST_STEP][PASSED] - click(findTestObject("Object Repository/NavSideBar/sidebar")): Object: 'Object Repository/NavSideBar/sidebar' is clicked on

2023-05-12 17:32:35 - [MESSAGE][PASSED] - Object: 'Object Repository/NavSideBar/sidebar' is clicked on

2023-05-12 17:32:35 - [TEST_STEP][PASSED] - click(findTestObject("Object Repository/NavSideBar/a_Logout")): Object: 'Object Repository/NavSideBar/a_Logout' is clicked on

2023-05-12 17:32:35 - [MESSAGE][PASSED] - Object: 'Object Repository/NavSideBar/a_Logout' is clicked on

2023-05-12 17:32:35 - [TEST_STEP][PASSED] - verifyElementVisible(findTestObject("Object Repository/Page_Swag Labs/input_Swag Labs_user-name")): Object 'Object Repository/Page_Swag Labs/input_Swag Labs_user-name' is visible

2023-05-12 17:32:36 - [MESSAGE][PASSED] - Object 'Object Repository/Page_Swag Labs/input_Swag Labs_user-name' is visible

2023-05-12 17:32:36 - [TEST_STEP][PASSED] - closeBrowser(): Browser is closed

2023-05-12 17:32:37 - [MESSAGE][PASSED] - Browser is closed]]></system-out>
         <system-err><![CDATA[]]></system-err>
      </testcase>
      <testcase name="Test Cases/test-flow-1-buy-1-product" time="11.799" classname="Test Cases/test-flow-1-buy-1-product" status="PASSED">
         <system-out><![CDATA[2023-05-12 17:32:37 - [TEST_CASE][PASSED] - Test Cases/test-flow-1-buy-1-product: Test Cases/test-flow-1-buy-1-product

2023-05-12 17:32:37 - [TEST_STEP][PASSED] - openBrowser("https://www.saucedemo.com/"): Browser is opened with url: 'https://www.saucedemo.com/'

2023-05-12 17:32:37 - [MESSAGE][INFO] - Starting 'Chrome' driver

2023-05-12 17:32:37 - [MESSAGE][INFO] - Action delay is set to 0 milliseconds

2023-05-12 17:32:39 - [MESSAGE][PASSED] - Browser is opened with url: 'https://www.saucedemo.com/'

2023-05-12 17:32:39 - [TEST_STEP][PASSED] - click(findTestObject("Object Repository/Page_Swag Labs/input_Swag Labs_user-name")): Object: 'Object Repository/Page_Swag Labs/input_Swag Labs_user-name' is clicked on

2023-05-12 17:32:39 - [MESSAGE][PASSED] - Object: 'Object Repository/Page_Swag Labs/input_Swag Labs_user-name' is clicked on

2023-05-12 17:32:39 - [TEST_STEP][PASSED] - sendKeys(findTestObject("Object Repository/Page_Swag Labs/input_Swag Labs_user-name"), "standard_user"): Keys 'standard_user' sent to object: 'Object Repository/Page_Swag Labs/input_Swag Labs_user-name'

2023-05-12 17:32:39 - [MESSAGE][PASSED] - Keys 'standard_user' sent to object: 'Object Repository/Page_Swag Labs/input_Swag Labs_user-name'

2023-05-12 17:32:39 - [TEST_STEP][PASSED] - click(findTestObject("Object Repository/Page_Swag Labs/input_Swag Labs_password")): Object: 'Object Repository/Page_Swag Labs/input_Swag Labs_password' is clicked on

2023-05-12 17:32:40 - [MESSAGE][PASSED] - Object: 'Object Repository/Page_Swag Labs/input_Swag Labs_password' is clicked on

2023-05-12 17:32:40 - [TEST_STEP][PASSED] - sendKeys(findTestObject("Object Repository/Page_Swag Labs/input_Swag Labs_password"), "secret_sauce"): Keys 'secret_sauce' sent to object: 'Object Repository/Page_Swag Labs/input_Swag Labs_password'

2023-05-12 17:32:40 - [MESSAGE][PASSED] - Keys 'secret_sauce' sent to object: 'Object Repository/Page_Swag Labs/input_Swag Labs_password'

2023-05-12 17:32:40 - [TEST_STEP][PASSED] - click(findTestObject("Object Repository/Page_Swag Labs/input_Swag Labs_login-button")): Object: 'Object Repository/Page_Swag Labs/input_Swag Labs_login-button' is clicked on

2023-05-12 17:32:40 - [MESSAGE][PASSED] - Object: 'Object Repository/Page_Swag Labs/input_Swag Labs_login-button' is clicked on

2023-05-12 17:32:40 - [TEST_STEP][PASSED] - click(findTestObject("Object Repository/inventoryPage/Backpack")): Object: 'Object Repository/inventoryPage/Backpack' is clicked on

2023-05-12 17:32:41 - [MESSAGE][PASSED] - Object: 'Object Repository/inventoryPage/Backpack' is clicked on

2023-05-12 17:32:41 - [TEST_STEP][PASSED] - click(findTestObject("Object Repository/inventoryPage/button_Add to cart")): Object: 'Object Repository/inventoryPage/button_Add to cart' is clicked on

2023-05-12 17:32:41 - [MESSAGE][PASSED] - Object: 'Object Repository/inventoryPage/button_Add to cart' is clicked on

2023-05-12 17:32:41 - [TEST_STEP][PASSED] - click(findTestObject("Object Repository/inventoryPage/products_back-image")): Object: 'Object Repository/inventoryPage/products_back-image' is clicked on

2023-05-12 17:32:42 - [MESSAGE][PASSED] - Object: 'Object Repository/inventoryPage/products_back-image' is clicked on

2023-05-12 17:32:42 - [TEST_STEP][PASSED] - click(findTestObject("Object Repository/inventoryPage/cart")): Object: 'Object Repository/inventoryPage/cart' is clicked on

2023-05-12 17:32:43 - [MESSAGE][PASSED] - Object: 'Object Repository/inventoryPage/cart' is clicked on

2023-05-12 17:32:43 - [TEST_STEP][PASSED] - click(findTestObject("Object Repository/CheckoutPage/button_Checkout")): Object: 'Object Repository/CheckoutPage/button_Checkout' is clicked on

2023-05-12 17:32:43 - [MESSAGE][PASSED] - Object: 'Object Repository/CheckoutPage/button_Checkout' is clicked on

2023-05-12 17:32:43 - [TEST_STEP][PASSED] - sendKeys(findTestObject("Object Repository/checkout-step-one/input_Checkout Your Information_firstName"), "demo"): Keys 'demo' sent to object: 'Object Repository/checkout-step-one/input_Checkout Your Information_firstName'

2023-05-12 17:32:44 - [MESSAGE][PASSED] - Keys 'demo' sent to object: 'Object Repository/checkout-step-one/input_Checkout Your Information_firstName'

2023-05-12 17:32:44 - [TEST_STEP][PASSED] - sendKeys(findTestObject("Object Repository/checkout-step-one/input_Checkout Your Information_lastName"), "qa test"): Keys 'qa test' sent to object: 'Object Repository/checkout-step-one/input_Checkout Your Information_lastName'

2023-05-12 17:32:44 - [MESSAGE][PASSED] - Keys 'qa test' sent to object: 'Object Repository/checkout-step-one/input_Checkout Your Information_lastName'

2023-05-12 17:32:44 - [TEST_STEP][PASSED] - sendKeys(findTestObject("Object Repository/checkout-step-one/input_Checkout Your Information_postalCode"), "9000"): Keys '9000' sent to object: 'Object Repository/checkout-step-one/input_Checkout Your Information_postalCode'

2023-05-12 17:32:45 - [MESSAGE][PASSED] - Keys '9000' sent to object: 'Object Repository/checkout-step-one/input_Checkout Your Information_postalCode'

2023-05-12 17:32:45 - [TEST_STEP][PASSED] - click(findTestObject("Object Repository/checkout-step-one/input_continue")): Object: 'Object Repository/checkout-step-one/input_continue' is clicked on

2023-05-12 17:32:45 - [MESSAGE][PASSED] - Object: 'Object Repository/checkout-step-one/input_continue' is clicked on

2023-05-12 17:32:45 - [TEST_STEP][PASSED] - click(findTestObject("Object Repository/finish checkout/button_Finish")): Object: 'Object Repository/finish checkout/button_Finish' is clicked on

2023-05-12 17:32:46 - [MESSAGE][PASSED] - Object: 'Object Repository/finish checkout/button_Finish' is clicked on

2023-05-12 17:32:46 - [TEST_STEP][PASSED] - verifyElementVisible(findTestObject("Object Repository/order-success/h2_Thank you for your order")): Object 'Object Repository/order-success/h2_Thank you for your order' is visible

2023-05-12 17:32:46 - [MESSAGE][PASSED] - Object 'Object Repository/order-success/h2_Thank you for your order' is visible

2023-05-12 17:32:46 - [TEST_STEP][PASSED] - click(findTestObject("Object Repository/NavSideBar/sidebar")): Object: 'Object Repository/NavSideBar/sidebar' is clicked on

2023-05-12 17:32:47 - [MESSAGE][PASSED] - Object: 'Object Repository/NavSideBar/sidebar' is clicked on

2023-05-12 17:32:47 - [TEST_STEP][PASSED] - click(findTestObject("Object Repository/NavSideBar/a_Logout")): Object: 'Object Repository/NavSideBar/a_Logout' is clicked on

2023-05-12 17:32:47 - [MESSAGE][PASSED] - Object: 'Object Repository/NavSideBar/a_Logout' is clicked on

2023-05-12 17:32:47 - [TEST_STEP][PASSED] - verifyElementVisible(findTestObject("Object Repository/Page_Swag Labs/input_Swag Labs_user-name")): Object 'Object Repository/Page_Swag Labs/input_Swag Labs_user-name' is visible

2023-05-12 17:32:48 - [MESSAGE][PASSED] - Object 'Object Repository/Page_Swag Labs/input_Swag Labs_user-name' is visible

2023-05-12 17:32:48 - [TEST_STEP][PASSED] - closeBrowser(): Browser is closed

2023-05-12 17:32:49 - [MESSAGE][PASSED] - Browser is closed]]></system-out>
         <system-err><![CDATA[]]></system-err>
      </testcase>
      <testcase name="Test Cases/test-flow-1-buy-1-product" time="11.962" classname="Test Cases/test-flow-1-buy-1-product" status="PASSED">
         <system-out><![CDATA[2023-05-12 17:32:49 - [TEST_CASE][PASSED] - Test Cases/test-flow-1-buy-1-product: Test Cases/test-flow-1-buy-1-product

2023-05-12 17:32:49 - [TEST_STEP][PASSED] - openBrowser("https://www.saucedemo.com/"): Browser is opened with url: 'https://www.saucedemo.com/'

2023-05-12 17:32:49 - [MESSAGE][INFO] - Starting 'Chrome' driver

2023-05-12 17:32:49 - [MESSAGE][INFO] - Action delay is set to 0 milliseconds

2023-05-12 17:32:51 - [MESSAGE][PASSED] - Browser is opened with url: 'https://www.saucedemo.com/'

2023-05-12 17:32:51 - [TEST_STEP][PASSED] - click(findTestObject("Object Repository/Page_Swag Labs/input_Swag Labs_user-name")): Object: 'Object Repository/Page_Swag Labs/input_Swag Labs_user-name' is clicked on

2023-05-12 17:32:51 - [MESSAGE][PASSED] - Object: 'Object Repository/Page_Swag Labs/input_Swag Labs_user-name' is clicked on

2023-05-12 17:32:51 - [TEST_STEP][PASSED] - sendKeys(findTestObject("Object Repository/Page_Swag Labs/input_Swag Labs_user-name"), "standard_user"): Keys 'standard_user' sent to object: 'Object Repository/Page_Swag Labs/input_Swag Labs_user-name'

2023-05-12 17:32:51 - [MESSAGE][PASSED] - Keys 'standard_user' sent to object: 'Object Repository/Page_Swag Labs/input_Swag Labs_user-name'

2023-05-12 17:32:51 - [TEST_STEP][PASSED] - click(findTestObject("Object Repository/Page_Swag Labs/input_Swag Labs_password")): Object: 'Object Repository/Page_Swag Labs/input_Swag Labs_password' is clicked on

2023-05-12 17:32:52 - [MESSAGE][PASSED] - Object: 'Object Repository/Page_Swag Labs/input_Swag Labs_password' is clicked on

2023-05-12 17:32:52 - [TEST_STEP][PASSED] - sendKeys(findTestObject("Object Repository/Page_Swag Labs/input_Swag Labs_password"), "secret_sauce"): Keys 'secret_sauce' sent to object: 'Object Repository/Page_Swag Labs/input_Swag Labs_password'

2023-05-12 17:32:52 - [MESSAGE][PASSED] - Keys 'secret_sauce' sent to object: 'Object Repository/Page_Swag Labs/input_Swag Labs_password'

2023-05-12 17:32:52 - [TEST_STEP][PASSED] - click(findTestObject("Object Repository/Page_Swag Labs/input_Swag Labs_login-button")): Object: 'Object Repository/Page_Swag Labs/input_Swag Labs_login-button' is clicked on

2023-05-12 17:32:52 - [MESSAGE][PASSED] - Object: 'Object Repository/Page_Swag Labs/input_Swag Labs_login-button' is clicked on

2023-05-12 17:32:52 - [TEST_STEP][PASSED] - click(findTestObject("Object Repository/inventoryPage/Backpack")): Object: 'Object Repository/inventoryPage/Backpack' is clicked on

2023-05-12 17:32:53 - [MESSAGE][PASSED] - Object: 'Object Repository/inventoryPage/Backpack' is clicked on

2023-05-12 17:32:53 - [TEST_STEP][PASSED] - click(findTestObject("Object Repository/inventoryPage/button_Add to cart")): Object: 'Object Repository/inventoryPage/button_Add to cart' is clicked on

2023-05-12 17:32:53 - [MESSAGE][PASSED] - Object: 'Object Repository/inventoryPage/button_Add to cart' is clicked on

2023-05-12 17:32:53 - [TEST_STEP][PASSED] - click(findTestObject("Object Repository/inventoryPage/products_back-image")): Object: 'Object Repository/inventoryPage/products_back-image' is clicked on

2023-05-12 17:32:54 - [MESSAGE][PASSED] - Object: 'Object Repository/inventoryPage/products_back-image' is clicked on

2023-05-12 17:32:54 - [TEST_STEP][PASSED] - click(findTestObject("Object Repository/inventoryPage/cart")): Object: 'Object Repository/inventoryPage/cart' is clicked on

2023-05-12 17:32:55 - [MESSAGE][PASSED] - Object: 'Object Repository/inventoryPage/cart' is clicked on

2023-05-12 17:32:55 - [TEST_STEP][PASSED] - click(findTestObject("Object Repository/CheckoutPage/button_Checkout")): Object: 'Object Repository/CheckoutPage/button_Checkout' is clicked on

2023-05-12 17:32:55 - [MESSAGE][PASSED] - Object: 'Object Repository/CheckoutPage/button_Checkout' is clicked on

2023-05-12 17:32:55 - [TEST_STEP][PASSED] - sendKeys(findTestObject("Object Repository/checkout-step-one/input_Checkout Your Information_firstName"), "demo"): Keys 'demo' sent to object: 'Object Repository/checkout-step-one/input_Checkout Your Information_firstName'

2023-05-12 17:32:56 - [MESSAGE][PASSED] - Keys 'demo' sent to object: 'Object Repository/checkout-step-one/input_Checkout Your Information_firstName'

2023-05-12 17:32:56 - [TEST_STEP][PASSED] - sendKeys(findTestObject("Object Repository/checkout-step-one/input_Checkout Your Information_lastName"), "qa test"): Keys 'qa test' sent to object: 'Object Repository/checkout-step-one/input_Checkout Your Information_lastName'

2023-05-12 17:32:56 - [MESSAGE][PASSED] - Keys 'qa test' sent to object: 'Object Repository/checkout-step-one/input_Checkout Your Information_lastName'

2023-05-12 17:32:56 - [TEST_STEP][PASSED] - sendKeys(findTestObject("Object Repository/checkout-step-one/input_Checkout Your Information_postalCode"), "9000"): Keys '9000' sent to object: 'Object Repository/checkout-step-one/input_Checkout Your Information_postalCode'

2023-05-12 17:32:57 - [MESSAGE][PASSED] - Keys '9000' sent to object: 'Object Repository/checkout-step-one/input_Checkout Your Information_postalCode'

2023-05-12 17:32:57 - [TEST_STEP][PASSED] - click(findTestObject("Object Repository/checkout-step-one/input_continue")): Object: 'Object Repository/checkout-step-one/input_continue' is clicked on

2023-05-12 17:32:57 - [MESSAGE][PASSED] - Object: 'Object Repository/checkout-step-one/input_continue' is clicked on

2023-05-12 17:32:57 - [TEST_STEP][PASSED] - click(findTestObject("Object Repository/finish checkout/button_Finish")): Object: 'Object Repository/finish checkout/button_Finish' is clicked on

2023-05-12 17:32:58 - [MESSAGE][PASSED] - Object: 'Object Repository/finish checkout/button_Finish' is clicked on

2023-05-12 17:32:58 - [TEST_STEP][PASSED] - verifyElementVisible(findTestObject("Object Repository/order-success/h2_Thank you for your order")): Object 'Object Repository/order-success/h2_Thank you for your order' is visible

2023-05-12 17:32:58 - [MESSAGE][PASSED] - Object 'Object Repository/order-success/h2_Thank you for your order' is visible

2023-05-12 17:32:58 - [TEST_STEP][PASSED] - click(findTestObject("Object Repository/NavSideBar/sidebar")): Object: 'Object Repository/NavSideBar/sidebar' is clicked on

2023-05-12 17:32:59 - [MESSAGE][PASSED] - Object: 'Object Repository/NavSideBar/sidebar' is clicked on

2023-05-12 17:32:59 - [TEST_STEP][PASSED] - click(findTestObject("Object Repository/NavSideBar/a_Logout")): Object: 'Object Repository/NavSideBar/a_Logout' is clicked on

2023-05-12 17:32:59 - [MESSAGE][PASSED] - Object: 'Object Repository/NavSideBar/a_Logout' is clicked on

2023-05-12 17:32:59 - [TEST_STEP][PASSED] - verifyElementVisible(findTestObject("Object Repository/Page_Swag Labs/input_Swag Labs_user-name")): Object 'Object Repository/Page_Swag Labs/input_Swag Labs_user-name' is visible

2023-05-12 17:33:00 - [MESSAGE][PASSED] - Object 'Object Repository/Page_Swag Labs/input_Swag Labs_user-name' is visible

2023-05-12 17:33:00 - [TEST_STEP][PASSED] - closeBrowser(): Browser is closed

2023-05-12 17:33:01 - [MESSAGE][PASSED] - Browser is closed]]></system-out>
         <system-err><![CDATA[]]></system-err>
      </testcase>
      <testcase name="Test Cases/test-flow-1-buy-1-product" time="11.981" classname="Test Cases/test-flow-1-buy-1-product" status="PASSED">
         <system-out><![CDATA[2023-05-12 17:33:01 - [TEST_CASE][PASSED] - Test Cases/test-flow-1-buy-1-product: Test Cases/test-flow-1-buy-1-product

2023-05-12 17:33:01 - [TEST_STEP][PASSED] - openBrowser("https://www.saucedemo.com/"): Browser is opened with url: 'https://www.saucedemo.com/'

2023-05-12 17:33:01 - [MESSAGE][INFO] - Starting 'Chrome' driver

2023-05-12 17:33:01 - [MESSAGE][INFO] - Action delay is set to 0 milliseconds

2023-05-12 17:33:02 - [MESSAGE][PASSED] - Browser is opened with url: 'https://www.saucedemo.com/'

2023-05-12 17:33:02 - [TEST_STEP][PASSED] - click(findTestObject("Object Repository/Page_Swag Labs/input_Swag Labs_user-name")): Object: 'Object Repository/Page_Swag Labs/input_Swag Labs_user-name' is clicked on

2023-05-12 17:33:03 - [MESSAGE][PASSED] - Object: 'Object Repository/Page_Swag Labs/input_Swag Labs_user-name' is clicked on

2023-05-12 17:33:03 - [TEST_STEP][PASSED] - sendKeys(findTestObject("Object Repository/Page_Swag Labs/input_Swag Labs_user-name"), "standard_user"): Keys 'standard_user' sent to object: 'Object Repository/Page_Swag Labs/input_Swag Labs_user-name'

2023-05-12 17:33:03 - [MESSAGE][PASSED] - Keys 'standard_user' sent to object: 'Object Repository/Page_Swag Labs/input_Swag Labs_user-name'

2023-05-12 17:33:03 - [TEST_STEP][PASSED] - click(findTestObject("Object Repository/Page_Swag Labs/input_Swag Labs_password")): Object: 'Object Repository/Page_Swag Labs/input_Swag Labs_password' is clicked on

2023-05-12 17:33:04 - [MESSAGE][PASSED] - Object: 'Object Repository/Page_Swag Labs/input_Swag Labs_password' is clicked on

2023-05-12 17:33:04 - [TEST_STEP][PASSED] - sendKeys(findTestObject("Object Repository/Page_Swag Labs/input_Swag Labs_password"), "secret_sauce"): Keys 'secret_sauce' sent to object: 'Object Repository/Page_Swag Labs/input_Swag Labs_password'

2023-05-12 17:33:04 - [MESSAGE][PASSED] - Keys 'secret_sauce' sent to object: 'Object Repository/Page_Swag Labs/input_Swag Labs_password'

2023-05-12 17:33:04 - [TEST_STEP][PASSED] - click(findTestObject("Object Repository/Page_Swag Labs/input_Swag Labs_login-button")): Object: 'Object Repository/Page_Swag Labs/input_Swag Labs_login-button' is clicked on

2023-05-12 17:33:04 - [MESSAGE][PASSED] - Object: 'Object Repository/Page_Swag Labs/input_Swag Labs_login-button' is clicked on

2023-05-12 17:33:04 - [TEST_STEP][PASSED] - click(findTestObject("Object Repository/inventoryPage/Backpack")): Object: 'Object Repository/inventoryPage/Backpack' is clicked on

2023-05-12 17:33:05 - [MESSAGE][PASSED] - Object: 'Object Repository/inventoryPage/Backpack' is clicked on

2023-05-12 17:33:05 - [TEST_STEP][PASSED] - click(findTestObject("Object Repository/inventoryPage/button_Add to cart")): Object: 'Object Repository/inventoryPage/button_Add to cart' is clicked on

2023-05-12 17:33:05 - [MESSAGE][PASSED] - Object: 'Object Repository/inventoryPage/button_Add to cart' is clicked on

2023-05-12 17:33:05 - [TEST_STEP][PASSED] - click(findTestObject("Object Repository/inventoryPage/products_back-image")): Object: 'Object Repository/inventoryPage/products_back-image' is clicked on

2023-05-12 17:33:06 - [MESSAGE][PASSED] - Object: 'Object Repository/inventoryPage/products_back-image' is clicked on

2023-05-12 17:33:06 - [TEST_STEP][PASSED] - click(findTestObject("Object Repository/inventoryPage/cart")): Object: 'Object Repository/inventoryPage/cart' is clicked on

2023-05-12 17:33:06 - [MESSAGE][PASSED] - Object: 'Object Repository/inventoryPage/cart' is clicked on

2023-05-12 17:33:06 - [TEST_STEP][PASSED] - click(findTestObject("Object Repository/CheckoutPage/button_Checkout")): Object: 'Object Repository/CheckoutPage/button_Checkout' is clicked on

2023-05-12 17:33:07 - [MESSAGE][PASSED] - Object: 'Object Repository/CheckoutPage/button_Checkout' is clicked on

2023-05-12 17:33:07 - [TEST_STEP][PASSED] - sendKeys(findTestObject("Object Repository/checkout-step-one/input_Checkout Your Information_firstName"), "demo"): Keys 'demo' sent to object: 'Object Repository/checkout-step-one/input_Checkout Your Information_firstName'

2023-05-12 17:33:07 - [MESSAGE][PASSED] - Keys 'demo' sent to object: 'Object Repository/checkout-step-one/input_Checkout Your Information_firstName'

2023-05-12 17:33:07 - [TEST_STEP][PASSED] - sendKeys(findTestObject("Object Repository/checkout-step-one/input_Checkout Your Information_lastName"), "qa test"): Keys 'qa test' sent to object: 'Object Repository/checkout-step-one/input_Checkout Your Information_lastName'

2023-05-12 17:33:08 - [MESSAGE][PASSED] - Keys 'qa test' sent to object: 'Object Repository/checkout-step-one/input_Checkout Your Information_lastName'

2023-05-12 17:33:08 - [TEST_STEP][PASSED] - sendKeys(findTestObject("Object Repository/checkout-step-one/input_Checkout Your Information_postalCode"), "9000"): Keys '9000' sent to object: 'Object Repository/checkout-step-one/input_Checkout Your Information_postalCode'

2023-05-12 17:33:09 - [MESSAGE][PASSED] - Keys '9000' sent to object: 'Object Repository/checkout-step-one/input_Checkout Your Information_postalCode'

2023-05-12 17:33:09 - [TEST_STEP][PASSED] - click(findTestObject("Object Repository/checkout-step-one/input_continue")): Object: 'Object Repository/checkout-step-one/input_continue' is clicked on

2023-05-12 17:33:09 - [MESSAGE][PASSED] - Object: 'Object Repository/checkout-step-one/input_continue' is clicked on

2023-05-12 17:33:09 - [TEST_STEP][PASSED] - click(findTestObject("Object Repository/finish checkout/button_Finish")): Object: 'Object Repository/finish checkout/button_Finish' is clicked on

2023-05-12 17:33:10 - [MESSAGE][PASSED] - Object: 'Object Repository/finish checkout/button_Finish' is clicked on

2023-05-12 17:33:10 - [TEST_STEP][PASSED] - verifyElementVisible(findTestObject("Object Repository/order-success/h2_Thank you for your order")): Object 'Object Repository/order-success/h2_Thank you for your order' is visible

2023-05-12 17:33:10 - [MESSAGE][PASSED] - Object 'Object Repository/order-success/h2_Thank you for your order' is visible

2023-05-12 17:33:10 - [TEST_STEP][PASSED] - click(findTestObject("Object Repository/NavSideBar/sidebar")): Object: 'Object Repository/NavSideBar/sidebar' is clicked on

2023-05-12 17:33:11 - [MESSAGE][PASSED] - Object: 'Object Repository/NavSideBar/sidebar' is clicked on

2023-05-12 17:33:11 - [TEST_STEP][PASSED] - click(findTestObject("Object Repository/NavSideBar/a_Logout")): Object: 'Object Repository/NavSideBar/a_Logout' is clicked on

2023-05-12 17:33:11 - [MESSAGE][PASSED] - Object: 'Object Repository/NavSideBar/a_Logout' is clicked on

2023-05-12 17:33:11 - [TEST_STEP][PASSED] - verifyElementVisible(findTestObject("Object Repository/Page_Swag Labs/input_Swag Labs_user-name")): Object 'Object Repository/Page_Swag Labs/input_Swag Labs_user-name' is visible

2023-05-12 17:33:12 - [MESSAGE][PASSED] - Object 'Object Repository/Page_Swag Labs/input_Swag Labs_user-name' is visible

2023-05-12 17:33:12 - [TEST_STEP][PASSED] - closeBrowser(): Browser is closed

2023-05-12 17:33:12 - [MESSAGE][PASSED] - Browser is closed]]></system-out>
         <system-err><![CDATA[]]></system-err>
      </testcase>
      <testcase name="Test Cases/test-flow-1-buy-1-product" time="11.336" classname="Test Cases/test-flow-1-buy-1-product" status="PASSED">
         <system-out><![CDATA[2023-05-12 17:33:12 - [TEST_CASE][PASSED] - Test Cases/test-flow-1-buy-1-product: Test Cases/test-flow-1-buy-1-product

2023-05-12 17:33:13 - [TEST_STEP][PASSED] - openBrowser("https://www.saucedemo.com/"): Browser is opened with url: 'https://www.saucedemo.com/'

2023-05-12 17:33:13 - [MESSAGE][INFO] - Starting 'Chrome' driver

2023-05-12 17:33:13 - [MESSAGE][INFO] - Action delay is set to 0 milliseconds

2023-05-12 17:33:14 - [MESSAGE][PASSED] - Browser is opened with url: 'https://www.saucedemo.com/'

2023-05-12 17:33:14 - [TEST_STEP][PASSED] - click(findTestObject("Object Repository/Page_Swag Labs/input_Swag Labs_user-name")): Object: 'Object Repository/Page_Swag Labs/input_Swag Labs_user-name' is clicked on

2023-05-12 17:33:15 - [MESSAGE][PASSED] - Object: 'Object Repository/Page_Swag Labs/input_Swag Labs_user-name' is clicked on

2023-05-12 17:33:15 - [TEST_STEP][PASSED] - sendKeys(findTestObject("Object Repository/Page_Swag Labs/input_Swag Labs_user-name"), "standard_user"): Keys 'standard_user' sent to object: 'Object Repository/Page_Swag Labs/input_Swag Labs_user-name'

2023-05-12 17:33:15 - [MESSAGE][PASSED] - Keys 'standard_user' sent to object: 'Object Repository/Page_Swag Labs/input_Swag Labs_user-name'

2023-05-12 17:33:15 - [TEST_STEP][PASSED] - click(findTestObject("Object Repository/Page_Swag Labs/input_Swag Labs_password")): Object: 'Object Repository/Page_Swag Labs/input_Swag Labs_password' is clicked on

2023-05-12 17:33:16 - [MESSAGE][PASSED] - Object: 'Object Repository/Page_Swag Labs/input_Swag Labs_password' is clicked on

2023-05-12 17:33:16 - [TEST_STEP][PASSED] - sendKeys(findTestObject("Object Repository/Page_Swag Labs/input_Swag Labs_password"), "secret_sauce"): Keys 'secret_sauce' sent to object: 'Object Repository/Page_Swag Labs/input_Swag Labs_password'

2023-05-12 17:33:16 - [MESSAGE][PASSED] - Keys 'secret_sauce' sent to object: 'Object Repository/Page_Swag Labs/input_Swag Labs_password'

2023-05-12 17:33:16 - [TEST_STEP][PASSED] - click(findTestObject("Object Repository/Page_Swag Labs/input_Swag Labs_login-button")): Object: 'Object Repository/Page_Swag Labs/input_Swag Labs_login-button' is clicked on

2023-05-12 17:33:16 - [MESSAGE][PASSED] - Object: 'Object Repository/Page_Swag Labs/input_Swag Labs_login-button' is clicked on

2023-05-12 17:33:16 - [TEST_STEP][PASSED] - click(findTestObject("Object Repository/inventoryPage/Backpack")): Object: 'Object Repository/inventoryPage/Backpack' is clicked on

2023-05-12 17:33:17 - [MESSAGE][PASSED] - Object: 'Object Repository/inventoryPage/Backpack' is clicked on

2023-05-12 17:33:17 - [TEST_STEP][PASSED] - click(findTestObject("Object Repository/inventoryPage/button_Add to cart")): Object: 'Object Repository/inventoryPage/button_Add to cart' is clicked on

2023-05-12 17:33:17 - [MESSAGE][PASSED] - Object: 'Object Repository/inventoryPage/button_Add to cart' is clicked on

2023-05-12 17:33:17 - [TEST_STEP][PASSED] - click(findTestObject("Object Repository/inventoryPage/products_back-image")): Object: 'Object Repository/inventoryPage/products_back-image' is clicked on

2023-05-12 17:33:18 - [MESSAGE][PASSED] - Object: 'Object Repository/inventoryPage/products_back-image' is clicked on

2023-05-12 17:33:18 - [TEST_STEP][PASSED] - click(findTestObject("Object Repository/inventoryPage/cart")): Object: 'Object Repository/inventoryPage/cart' is clicked on

2023-05-12 17:33:18 - [MESSAGE][PASSED] - Object: 'Object Repository/inventoryPage/cart' is clicked on

2023-05-12 17:33:18 - [TEST_STEP][PASSED] - click(findTestObject("Object Repository/CheckoutPage/button_Checkout")): Object: 'Object Repository/CheckoutPage/button_Checkout' is clicked on

2023-05-12 17:33:19 - [MESSAGE][PASSED] - Object: 'Object Repository/CheckoutPage/button_Checkout' is clicked on

2023-05-12 17:33:19 - [TEST_STEP][PASSED] - sendKeys(findTestObject("Object Repository/checkout-step-one/input_Checkout Your Information_firstName"), "demo"): Keys 'demo' sent to object: 'Object Repository/checkout-step-one/input_Checkout Your Information_firstName'

2023-05-12 17:33:19 - [MESSAGE][PASSED] - Keys 'demo' sent to object: 'Object Repository/checkout-step-one/input_Checkout Your Information_firstName'

2023-05-12 17:33:19 - [TEST_STEP][PASSED] - sendKeys(findTestObject("Object Repository/checkout-step-one/input_Checkout Your Information_lastName"), "qa test"): Keys 'qa test' sent to object: 'Object Repository/checkout-step-one/input_Checkout Your Information_lastName'

2023-05-12 17:33:20 - [MESSAGE][PASSED] - Keys 'qa test' sent to object: 'Object Repository/checkout-step-one/input_Checkout Your Information_lastName'

2023-05-12 17:33:20 - [TEST_STEP][PASSED] - sendKeys(findTestObject("Object Repository/checkout-step-one/input_Checkout Your Information_postalCode"), "9000"): Keys '9000' sent to object: 'Object Repository/checkout-step-one/input_Checkout Your Information_postalCode'

2023-05-12 17:33:20 - [MESSAGE][PASSED] - Keys '9000' sent to object: 'Object Repository/checkout-step-one/input_Checkout Your Information_postalCode'

2023-05-12 17:33:20 - [TEST_STEP][PASSED] - click(findTestObject("Object Repository/checkout-step-one/input_continue")): Object: 'Object Repository/checkout-step-one/input_continue' is clicked on

2023-05-12 17:33:21 - [MESSAGE][PASSED] - Object: 'Object Repository/checkout-step-one/input_continue' is clicked on

2023-05-12 17:33:21 - [TEST_STEP][PASSED] - click(findTestObject("Object Repository/finish checkout/button_Finish")): Object: 'Object Repository/finish checkout/button_Finish' is clicked on

2023-05-12 17:33:21 - [MESSAGE][PASSED] - Object: 'Object Repository/finish checkout/button_Finish' is clicked on

2023-05-12 17:33:21 - [TEST_STEP][PASSED] - verifyElementVisible(findTestObject("Object Repository/order-success/h2_Thank you for your order")): Object 'Object Repository/order-success/h2_Thank you for your order' is visible

2023-05-12 17:33:22 - [MESSAGE][PASSED] - Object 'Object Repository/order-success/h2_Thank you for your order' is visible

2023-05-12 17:33:22 - [TEST_STEP][PASSED] - click(findTestObject("Object Repository/NavSideBar/sidebar")): Object: 'Object Repository/NavSideBar/sidebar' is clicked on

2023-05-12 17:33:22 - [MESSAGE][PASSED] - Object: 'Object Repository/NavSideBar/sidebar' is clicked on

2023-05-12 17:33:22 - [TEST_STEP][PASSED] - click(findTestObject("Object Repository/NavSideBar/a_Logout")): Object: 'Object Repository/NavSideBar/a_Logout' is clicked on

2023-05-12 17:33:23 - [MESSAGE][PASSED] - Object: 'Object Repository/NavSideBar/a_Logout' is clicked on

2023-05-12 17:33:23 - [TEST_STEP][PASSED] - verifyElementVisible(findTestObject("Object Repository/Page_Swag Labs/input_Swag Labs_user-name")): Object 'Object Repository/Page_Swag Labs/input_Swag Labs_user-name' is visible

2023-05-12 17:33:23 - [MESSAGE][PASSED] - Object 'Object Repository/Page_Swag Labs/input_Swag Labs_user-name' is visible

2023-05-12 17:33:23 - [TEST_STEP][PASSED] - closeBrowser(): Browser is closed

2023-05-12 17:33:24 - [MESSAGE][PASSED] - Browser is closed]]></system-out>
         <system-err><![CDATA[]]></system-err>
      </testcase>
      <testcase name="Test Cases/test-flow-1-buy-1-product" time="11.576" classname="Test Cases/test-flow-1-buy-1-product" status="PASSED">
         <system-out><![CDATA[2023-05-12 17:33:24 - [TEST_CASE][PASSED] - Test Cases/test-flow-1-buy-1-product: Test Cases/test-flow-1-buy-1-product

2023-05-12 17:33:24 - [TEST_STEP][PASSED] - openBrowser("https://www.saucedemo.com/"): Browser is opened with url: 'https://www.saucedemo.com/'

2023-05-12 17:33:24 - [MESSAGE][INFO] - Starting 'Chrome' driver

2023-05-12 17:33:24 - [MESSAGE][INFO] - Action delay is set to 0 milliseconds

2023-05-12 17:33:26 - [MESSAGE][PASSED] - Browser is opened with url: 'https://www.saucedemo.com/'

2023-05-12 17:33:26 - [TEST_STEP][PASSED] - click(findTestObject("Object Repository/Page_Swag Labs/input_Swag Labs_user-name")): Object: 'Object Repository/Page_Swag Labs/input_Swag Labs_user-name' is clicked on

2023-05-12 17:33:26 - [MESSAGE][PASSED] - Object: 'Object Repository/Page_Swag Labs/input_Swag Labs_user-name' is clicked on

2023-05-12 17:33:26 - [TEST_STEP][PASSED] - sendKeys(findTestObject("Object Repository/Page_Swag Labs/input_Swag Labs_user-name"), "standard_user"): Keys 'standard_user' sent to object: 'Object Repository/Page_Swag Labs/input_Swag Labs_user-name'

2023-05-12 17:33:26 - [MESSAGE][PASSED] - Keys 'standard_user' sent to object: 'Object Repository/Page_Swag Labs/input_Swag Labs_user-name'

2023-05-12 17:33:26 - [TEST_STEP][PASSED] - click(findTestObject("Object Repository/Page_Swag Labs/input_Swag Labs_password")): Object: 'Object Repository/Page_Swag Labs/input_Swag Labs_password' is clicked on

2023-05-12 17:33:27 - [MESSAGE][PASSED] - Object: 'Object Repository/Page_Swag Labs/input_Swag Labs_password' is clicked on

2023-05-12 17:33:27 - [TEST_STEP][PASSED] - sendKeys(findTestObject("Object Repository/Page_Swag Labs/input_Swag Labs_password"), "secret_sauce"): Keys 'secret_sauce' sent to object: 'Object Repository/Page_Swag Labs/input_Swag Labs_password'

2023-05-12 17:33:27 - [MESSAGE][PASSED] - Keys 'secret_sauce' sent to object: 'Object Repository/Page_Swag Labs/input_Swag Labs_password'

2023-05-12 17:33:27 - [TEST_STEP][PASSED] - click(findTestObject("Object Repository/Page_Swag Labs/input_Swag Labs_login-button")): Object: 'Object Repository/Page_Swag Labs/input_Swag Labs_login-button' is clicked on

2023-05-12 17:33:28 - [MESSAGE][PASSED] - Object: 'Object Repository/Page_Swag Labs/input_Swag Labs_login-button' is clicked on

2023-05-12 17:33:28 - [TEST_STEP][PASSED] - click(findTestObject("Object Repository/inventoryPage/Backpack")): Object: 'Object Repository/inventoryPage/Backpack' is clicked on

2023-05-12 17:33:28 - [MESSAGE][PASSED] - Object: 'Object Repository/inventoryPage/Backpack' is clicked on

2023-05-12 17:33:28 - [TEST_STEP][PASSED] - click(findTestObject("Object Repository/inventoryPage/button_Add to cart")): Object: 'Object Repository/inventoryPage/button_Add to cart' is clicked on

2023-05-12 17:33:28 - [MESSAGE][PASSED] - Object: 'Object Repository/inventoryPage/button_Add to cart' is clicked on

2023-05-12 17:33:28 - [TEST_STEP][PASSED] - click(findTestObject("Object Repository/inventoryPage/products_back-image")): Object: 'Object Repository/inventoryPage/products_back-image' is clicked on

2023-05-12 17:33:29 - [MESSAGE][PASSED] - Object: 'Object Repository/inventoryPage/products_back-image' is clicked on

2023-05-12 17:33:29 - [TEST_STEP][PASSED] - click(findTestObject("Object Repository/inventoryPage/cart")): Object: 'Object Repository/inventoryPage/cart' is clicked on

2023-05-12 17:33:30 - [MESSAGE][PASSED] - Object: 'Object Repository/inventoryPage/cart' is clicked on

2023-05-12 17:33:30 - [TEST_STEP][PASSED] - click(findTestObject("Object Repository/CheckoutPage/button_Checkout")): Object: 'Object Repository/CheckoutPage/button_Checkout' is clicked on

2023-05-12 17:33:30 - [MESSAGE][PASSED] - Object: 'Object Repository/CheckoutPage/button_Checkout' is clicked on

2023-05-12 17:33:30 - [TEST_STEP][PASSED] - sendKeys(findTestObject("Object Repository/checkout-step-one/input_Checkout Your Information_firstName"), "demo"): Keys 'demo' sent to object: 'Object Repository/checkout-step-one/input_Checkout Your Information_firstName'

2023-05-12 17:33:30 - [MESSAGE][PASSED] - Keys 'demo' sent to object: 'Object Repository/checkout-step-one/input_Checkout Your Information_firstName'

2023-05-12 17:33:30 - [TEST_STEP][PASSED] - sendKeys(findTestObject("Object Repository/checkout-step-one/input_Checkout Your Information_lastName"), "qa test"): Keys 'qa test' sent to object: 'Object Repository/checkout-step-one/input_Checkout Your Information_lastName'

2023-05-12 17:33:31 - [MESSAGE][PASSED] - Keys 'qa test' sent to object: 'Object Repository/checkout-step-one/input_Checkout Your Information_lastName'

2023-05-12 17:33:31 - [TEST_STEP][PASSED] - sendKeys(findTestObject("Object Repository/checkout-step-one/input_Checkout Your Information_postalCode"), "9000"): Keys '9000' sent to object: 'Object Repository/checkout-step-one/input_Checkout Your Information_postalCode'

2023-05-12 17:33:32 - [MESSAGE][PASSED] - Keys '9000' sent to object: 'Object Repository/checkout-step-one/input_Checkout Your Information_postalCode'

2023-05-12 17:33:32 - [TEST_STEP][PASSED] - click(findTestObject("Object Repository/checkout-step-one/input_continue")): Object: 'Object Repository/checkout-step-one/input_continue' is clicked on

2023-05-12 17:33:32 - [MESSAGE][PASSED] - Object: 'Object Repository/checkout-step-one/input_continue' is clicked on

2023-05-12 17:33:32 - [TEST_STEP][PASSED] - click(findTestObject("Object Repository/finish checkout/button_Finish")): Object: 'Object Repository/finish checkout/button_Finish' is clicked on

2023-05-12 17:33:33 - [MESSAGE][PASSED] - Object: 'Object Repository/finish checkout/button_Finish' is clicked on

2023-05-12 17:33:33 - [TEST_STEP][PASSED] - verifyElementVisible(findTestObject("Object Repository/order-success/h2_Thank you for your order")): Object 'Object Repository/order-success/h2_Thank you for your order' is visible

2023-05-12 17:33:33 - [MESSAGE][PASSED] - Object 'Object Repository/order-success/h2_Thank you for your order' is visible

2023-05-12 17:33:33 - [TEST_STEP][PASSED] - click(findTestObject("Object Repository/NavSideBar/sidebar")): Object: 'Object Repository/NavSideBar/sidebar' is clicked on

2023-05-12 17:33:34 - [MESSAGE][PASSED] - Object: 'Object Repository/NavSideBar/sidebar' is clicked on

2023-05-12 17:33:34 - [TEST_STEP][PASSED] - click(findTestObject("Object Repository/NavSideBar/a_Logout")): Object: 'Object Repository/NavSideBar/a_Logout' is clicked on

2023-05-12 17:33:34 - [MESSAGE][PASSED] - Object: 'Object Repository/NavSideBar/a_Logout' is clicked on

2023-05-12 17:33:34 - [TEST_STEP][PASSED] - verifyElementVisible(findTestObject("Object Repository/Page_Swag Labs/input_Swag Labs_user-name")): Object 'Object Repository/Page_Swag Labs/input_Swag Labs_user-name' is visible

2023-05-12 17:33:35 - [MESSAGE][PASSED] - Object 'Object Repository/Page_Swag Labs/input_Swag Labs_user-name' is visible

2023-05-12 17:33:35 - [TEST_STEP][PASSED] - closeBrowser(): Browser is closed

2023-05-12 17:33:35 - [MESSAGE][PASSED] - Browser is closed]]></system-out>
         <system-err><![CDATA[]]></system-err>
      </testcase>
      <testcase name="Test Cases/test-flow-1-buy-1-product" time="13.026" classname="Test Cases/test-flow-1-buy-1-product" status="PASSED">
         <system-out><![CDATA[2023-05-12 17:33:35 - [TEST_CASE][PASSED] - Test Cases/test-flow-1-buy-1-product: Test Cases/test-flow-1-buy-1-product

2023-05-12 17:33:35 - [TEST_STEP][PASSED] - openBrowser("https://www.saucedemo.com/"): Browser is opened with url: 'https://www.saucedemo.com/'

2023-05-12 17:33:35 - [MESSAGE][INFO] - Starting 'Chrome' driver

2023-05-12 17:33:35 - [MESSAGE][INFO] - Action delay is set to 0 milliseconds

2023-05-12 17:33:38 - [MESSAGE][PASSED] - Browser is opened with url: 'https://www.saucedemo.com/'

2023-05-12 17:33:38 - [TEST_STEP][PASSED] - click(findTestObject("Object Repository/Page_Swag Labs/input_Swag Labs_user-name")): Object: 'Object Repository/Page_Swag Labs/input_Swag Labs_user-name' is clicked on

2023-05-12 17:33:39 - [MESSAGE][PASSED] - Object: 'Object Repository/Page_Swag Labs/input_Swag Labs_user-name' is clicked on

2023-05-12 17:33:39 - [TEST_STEP][PASSED] - sendKeys(findTestObject("Object Repository/Page_Swag Labs/input_Swag Labs_user-name"), "standard_user"): Keys 'standard_user' sent to object: 'Object Repository/Page_Swag Labs/input_Swag Labs_user-name'

2023-05-12 17:33:39 - [MESSAGE][PASSED] - Keys 'standard_user' sent to object: 'Object Repository/Page_Swag Labs/input_Swag Labs_user-name'

2023-05-12 17:33:39 - [TEST_STEP][PASSED] - click(findTestObject("Object Repository/Page_Swag Labs/input_Swag Labs_password")): Object: 'Object Repository/Page_Swag Labs/input_Swag Labs_password' is clicked on

2023-05-12 17:33:40 - [MESSAGE][PASSED] - Object: 'Object Repository/Page_Swag Labs/input_Swag Labs_password' is clicked on

2023-05-12 17:33:40 - [TEST_STEP][PASSED] - sendKeys(findTestObject("Object Repository/Page_Swag Labs/input_Swag Labs_password"), "secret_sauce"): Keys 'secret_sauce' sent to object: 'Object Repository/Page_Swag Labs/input_Swag Labs_password'

2023-05-12 17:33:40 - [MESSAGE][PASSED] - Keys 'secret_sauce' sent to object: 'Object Repository/Page_Swag Labs/input_Swag Labs_password'

2023-05-12 17:33:40 - [TEST_STEP][PASSED] - click(findTestObject("Object Repository/Page_Swag Labs/input_Swag Labs_login-button")): Object: 'Object Repository/Page_Swag Labs/input_Swag Labs_login-button' is clicked on

2023-05-12 17:33:41 - [MESSAGE][PASSED] - Object: 'Object Repository/Page_Swag Labs/input_Swag Labs_login-button' is clicked on

2023-05-12 17:33:41 - [TEST_STEP][PASSED] - click(findTestObject("Object Repository/inventoryPage/Backpack")): Object: 'Object Repository/inventoryPage/Backpack' is clicked on

2023-05-12 17:33:41 - [MESSAGE][PASSED] - Object: 'Object Repository/inventoryPage/Backpack' is clicked on

2023-05-12 17:33:41 - [TEST_STEP][PASSED] - click(findTestObject("Object Repository/inventoryPage/button_Add to cart")): Object: 'Object Repository/inventoryPage/button_Add to cart' is clicked on

2023-05-12 17:33:42 - [MESSAGE][PASSED] - Object: 'Object Repository/inventoryPage/button_Add to cart' is clicked on

2023-05-12 17:33:42 - [TEST_STEP][PASSED] - click(findTestObject("Object Repository/inventoryPage/products_back-image")): Object: 'Object Repository/inventoryPage/products_back-image' is clicked on

2023-05-12 17:33:42 - [MESSAGE][PASSED] - Object: 'Object Repository/inventoryPage/products_back-image' is clicked on

2023-05-12 17:33:42 - [TEST_STEP][PASSED] - click(findTestObject("Object Repository/inventoryPage/cart")): Object: 'Object Repository/inventoryPage/cart' is clicked on

2023-05-12 17:33:43 - [MESSAGE][PASSED] - Object: 'Object Repository/inventoryPage/cart' is clicked on

2023-05-12 17:33:43 - [TEST_STEP][PASSED] - click(findTestObject("Object Repository/CheckoutPage/button_Checkout")): Object: 'Object Repository/CheckoutPage/button_Checkout' is clicked on

2023-05-12 17:33:43 - [MESSAGE][PASSED] - Object: 'Object Repository/CheckoutPage/button_Checkout' is clicked on

2023-05-12 17:33:43 - [TEST_STEP][PASSED] - sendKeys(findTestObject("Object Repository/checkout-step-one/input_Checkout Your Information_firstName"), "demo"): Keys 'demo' sent to object: 'Object Repository/checkout-step-one/input_Checkout Your Information_firstName'

2023-05-12 17:33:44 - [MESSAGE][PASSED] - Keys 'demo' sent to object: 'Object Repository/checkout-step-one/input_Checkout Your Information_firstName'

2023-05-12 17:33:44 - [TEST_STEP][PASSED] - sendKeys(findTestObject("Object Repository/checkout-step-one/input_Checkout Your Information_lastName"), "qa test"): Keys 'qa test' sent to object: 'Object Repository/checkout-step-one/input_Checkout Your Information_lastName'

2023-05-12 17:33:44 - [MESSAGE][PASSED] - Keys 'qa test' sent to object: 'Object Repository/checkout-step-one/input_Checkout Your Information_lastName'

2023-05-12 17:33:44 - [TEST_STEP][PASSED] - sendKeys(findTestObject("Object Repository/checkout-step-one/input_Checkout Your Information_postalCode"), "9000"): Keys '9000' sent to object: 'Object Repository/checkout-step-one/input_Checkout Your Information_postalCode'

2023-05-12 17:33:45 - [MESSAGE][PASSED] - Keys '9000' sent to object: 'Object Repository/checkout-step-one/input_Checkout Your Information_postalCode'

2023-05-12 17:33:45 - [TEST_STEP][PASSED] - click(findTestObject("Object Repository/checkout-step-one/input_continue")): Object: 'Object Repository/checkout-step-one/input_continue' is clicked on

2023-05-12 17:33:45 - [MESSAGE][PASSED] - Object: 'Object Repository/checkout-step-one/input_continue' is clicked on

2023-05-12 17:33:45 - [TEST_STEP][PASSED] - click(findTestObject("Object Repository/finish checkout/button_Finish")): Object: 'Object Repository/finish checkout/button_Finish' is clicked on

2023-05-12 17:33:46 - [MESSAGE][PASSED] - Object: 'Object Repository/finish checkout/button_Finish' is clicked on

2023-05-12 17:33:46 - [TEST_STEP][PASSED] - verifyElementVisible(findTestObject("Object Repository/order-success/h2_Thank you for your order")): Object 'Object Repository/order-success/h2_Thank you for your order' is visible

2023-05-12 17:33:46 - [MESSAGE][PASSED] - Object 'Object Repository/order-success/h2_Thank you for your order' is visible

2023-05-12 17:33:46 - [TEST_STEP][PASSED] - click(findTestObject("Object Repository/NavSideBar/sidebar")): Object: 'Object Repository/NavSideBar/sidebar' is clicked on

2023-05-12 17:33:47 - [MESSAGE][PASSED] - Object: 'Object Repository/NavSideBar/sidebar' is clicked on

2023-05-12 17:33:47 - [TEST_STEP][PASSED] - click(findTestObject("Object Repository/NavSideBar/a_Logout")): Object: 'Object Repository/NavSideBar/a_Logout' is clicked on

2023-05-12 17:33:47 - [MESSAGE][PASSED] - Object: 'Object Repository/NavSideBar/a_Logout' is clicked on

2023-05-12 17:33:47 - [TEST_STEP][PASSED] - verifyElementVisible(findTestObject("Object Repository/Page_Swag Labs/input_Swag Labs_user-name")): Object 'Object Repository/Page_Swag Labs/input_Swag Labs_user-name' is visible

2023-05-12 17:33:48 - [MESSAGE][PASSED] - Object 'Object Repository/Page_Swag Labs/input_Swag Labs_user-name' is visible

2023-05-12 17:33:48 - [TEST_STEP][PASSED] - closeBrowser(): Browser is closed

2023-05-12 17:33:48 - [MESSAGE][PASSED] - Browser is closed]]></system-out>
         <system-err><![CDATA[]]></system-err>
      </testcase>
      <testcase name="Test Cases/test-flow-1-buy-1-product" time="11.851" classname="Test Cases/test-flow-1-buy-1-product" status="PASSED">
         <system-out><![CDATA[2023-05-12 17:33:48 - [TEST_CASE][PASSED] - Test Cases/test-flow-1-buy-1-product: Test Cases/test-flow-1-buy-1-product

2023-05-12 17:33:48 - [TEST_STEP][PASSED] - openBrowser("https://www.saucedemo.com/"): Browser is opened with url: 'https://www.saucedemo.com/'

2023-05-12 17:33:48 - [MESSAGE][INFO] - Starting 'Chrome' driver

2023-05-12 17:33:48 - [MESSAGE][INFO] - Action delay is set to 0 milliseconds

2023-05-12 17:33:51 - [MESSAGE][PASSED] - Browser is opened with url: 'https://www.saucedemo.com/'

2023-05-12 17:33:51 - [TEST_STEP][PASSED] - click(findTestObject("Object Repository/Page_Swag Labs/input_Swag Labs_user-name")): Object: 'Object Repository/Page_Swag Labs/input_Swag Labs_user-name' is clicked on

2023-05-12 17:33:51 - [MESSAGE][PASSED] - Object: 'Object Repository/Page_Swag Labs/input_Swag Labs_user-name' is clicked on

2023-05-12 17:33:51 - [TEST_STEP][PASSED] - sendKeys(findTestObject("Object Repository/Page_Swag Labs/input_Swag Labs_user-name"), "standard_user"): Keys 'standard_user' sent to object: 'Object Repository/Page_Swag Labs/input_Swag Labs_user-name'

2023-05-12 17:33:51 - [MESSAGE][PASSED] - Keys 'standard_user' sent to object: 'Object Repository/Page_Swag Labs/input_Swag Labs_user-name'

2023-05-12 17:33:51 - [TEST_STEP][PASSED] - click(findTestObject("Object Repository/Page_Swag Labs/input_Swag Labs_password")): Object: 'Object Repository/Page_Swag Labs/input_Swag Labs_password' is clicked on

2023-05-12 17:33:52 - [MESSAGE][PASSED] - Object: 'Object Repository/Page_Swag Labs/input_Swag Labs_password' is clicked on

2023-05-12 17:33:52 - [TEST_STEP][PASSED] - sendKeys(findTestObject("Object Repository/Page_Swag Labs/input_Swag Labs_password"), "secret_sauce"): Keys 'secret_sauce' sent to object: 'Object Repository/Page_Swag Labs/input_Swag Labs_password'

2023-05-12 17:33:52 - [MESSAGE][PASSED] - Keys 'secret_sauce' sent to object: 'Object Repository/Page_Swag Labs/input_Swag Labs_password'

2023-05-12 17:33:52 - [TEST_STEP][PASSED] - click(findTestObject("Object Repository/Page_Swag Labs/input_Swag Labs_login-button")): Object: 'Object Repository/Page_Swag Labs/input_Swag Labs_login-button' is clicked on

2023-05-12 17:33:52 - [MESSAGE][PASSED] - Object: 'Object Repository/Page_Swag Labs/input_Swag Labs_login-button' is clicked on

2023-05-12 17:33:52 - [TEST_STEP][PASSED] - click(findTestObject("Object Repository/inventoryPage/Backpack")): Object: 'Object Repository/inventoryPage/Backpack' is clicked on

2023-05-12 17:33:53 - [MESSAGE][PASSED] - Object: 'Object Repository/inventoryPage/Backpack' is clicked on

2023-05-12 17:33:53 - [TEST_STEP][PASSED] - click(findTestObject("Object Repository/inventoryPage/button_Add to cart")): Object: 'Object Repository/inventoryPage/button_Add to cart' is clicked on

2023-05-12 17:33:53 - [MESSAGE][PASSED] - Object: 'Object Repository/inventoryPage/button_Add to cart' is clicked on

2023-05-12 17:33:53 - [TEST_STEP][PASSED] - click(findTestObject("Object Repository/inventoryPage/products_back-image")): Object: 'Object Repository/inventoryPage/products_back-image' is clicked on

2023-05-12 17:33:54 - [MESSAGE][PASSED] - Object: 'Object Repository/inventoryPage/products_back-image' is clicked on

2023-05-12 17:33:54 - [TEST_STEP][PASSED] - click(findTestObject("Object Repository/inventoryPage/cart")): Object: 'Object Repository/inventoryPage/cart' is clicked on

2023-05-12 17:33:54 - [MESSAGE][PASSED] - Object: 'Object Repository/inventoryPage/cart' is clicked on

2023-05-12 17:33:54 - [TEST_STEP][PASSED] - click(findTestObject("Object Repository/CheckoutPage/button_Checkout")): Object: 'Object Repository/CheckoutPage/button_Checkout' is clicked on

2023-05-12 17:33:55 - [MESSAGE][PASSED] - Object: 'Object Repository/CheckoutPage/button_Checkout' is clicked on

2023-05-12 17:33:55 - [TEST_STEP][PASSED] - sendKeys(findTestObject("Object Repository/checkout-step-one/input_Checkout Your Information_firstName"), "demo"): Keys 'demo' sent to object: 'Object Repository/checkout-step-one/input_Checkout Your Information_firstName'

2023-05-12 17:33:56 - [MESSAGE][PASSED] - Keys 'demo' sent to object: 'Object Repository/checkout-step-one/input_Checkout Your Information_firstName'

2023-05-12 17:33:56 - [TEST_STEP][PASSED] - sendKeys(findTestObject("Object Repository/checkout-step-one/input_Checkout Your Information_lastName"), "qa test"): Keys 'qa test' sent to object: 'Object Repository/checkout-step-one/input_Checkout Your Information_lastName'

2023-05-12 17:33:56 - [MESSAGE][PASSED] - Keys 'qa test' sent to object: 'Object Repository/checkout-step-one/input_Checkout Your Information_lastName'

2023-05-12 17:33:56 - [TEST_STEP][PASSED] - sendKeys(findTestObject("Object Repository/checkout-step-one/input_Checkout Your Information_postalCode"), "9000"): Keys '9000' sent to object: 'Object Repository/checkout-step-one/input_Checkout Your Information_postalCode'

2023-05-12 17:33:57 - [MESSAGE][PASSED] - Keys '9000' sent to object: 'Object Repository/checkout-step-one/input_Checkout Your Information_postalCode'

2023-05-12 17:33:57 - [TEST_STEP][PASSED] - click(findTestObject("Object Repository/checkout-step-one/input_continue")): Object: 'Object Repository/checkout-step-one/input_continue' is clicked on

2023-05-12 17:33:57 - [MESSAGE][PASSED] - Object: 'Object Repository/checkout-step-one/input_continue' is clicked on

2023-05-12 17:33:57 - [TEST_STEP][PASSED] - click(findTestObject("Object Repository/finish checkout/button_Finish")): Object: 'Object Repository/finish checkout/button_Finish' is clicked on

2023-05-12 17:33:58 - [MESSAGE][PASSED] - Object: 'Object Repository/finish checkout/button_Finish' is clicked on

2023-05-12 17:33:58 - [TEST_STEP][PASSED] - verifyElementVisible(findTestObject("Object Repository/order-success/h2_Thank you for your order")): Object 'Object Repository/order-success/h2_Thank you for your order' is visible

2023-05-12 17:33:58 - [MESSAGE][PASSED] - Object 'Object Repository/order-success/h2_Thank you for your order' is visible

2023-05-12 17:33:58 - [TEST_STEP][PASSED] - click(findTestObject("Object Repository/NavSideBar/sidebar")): Object: 'Object Repository/NavSideBar/sidebar' is clicked on

2023-05-12 17:33:58 - [MESSAGE][PASSED] - Object: 'Object Repository/NavSideBar/sidebar' is clicked on

2023-05-12 17:33:58 - [TEST_STEP][PASSED] - click(findTestObject("Object Repository/NavSideBar/a_Logout")): Object: 'Object Repository/NavSideBar/a_Logout' is clicked on

2023-05-12 17:33:59 - [MESSAGE][PASSED] - Object: 'Object Repository/NavSideBar/a_Logout' is clicked on

2023-05-12 17:33:59 - [TEST_STEP][PASSED] - verifyElementVisible(findTestObject("Object Repository/Page_Swag Labs/input_Swag Labs_user-name")): Object 'Object Repository/Page_Swag Labs/input_Swag Labs_user-name' is visible

2023-05-12 17:34:00 - [MESSAGE][PASSED] - Object 'Object Repository/Page_Swag Labs/input_Swag Labs_user-name' is visible

2023-05-12 17:34:00 - [TEST_STEP][PASSED] - closeBrowser(): Browser is closed

2023-05-12 17:34:00 - [MESSAGE][PASSED] - Browser is closed]]></system-out>
         <system-err><![CDATA[]]></system-err>
      </testcase>
      <testcase name="Test Cases/test-flow-1-buy-1-product" time="12.088" classname="Test Cases/test-flow-1-buy-1-product" status="PASSED">
         <system-out><![CDATA[2023-05-12 17:34:00 - [TEST_CASE][PASSED] - Test Cases/test-flow-1-buy-1-product: Test Cases/test-flow-1-buy-1-product

2023-05-12 17:34:00 - [TEST_STEP][PASSED] - openBrowser("https://www.saucedemo.com/"): Browser is opened with url: 'https://www.saucedemo.com/'

2023-05-12 17:34:00 - [MESSAGE][INFO] - Starting 'Chrome' driver

2023-05-12 17:34:00 - [MESSAGE][INFO] - Action delay is set to 0 milliseconds

2023-05-12 17:34:02 - [MESSAGE][PASSED] - Browser is opened with url: 'https://www.saucedemo.com/'

2023-05-12 17:34:02 - [TEST_STEP][PASSED] - click(findTestObject("Object Repository/Page_Swag Labs/input_Swag Labs_user-name")): Object: 'Object Repository/Page_Swag Labs/input_Swag Labs_user-name' is clicked on

2023-05-12 17:34:03 - [MESSAGE][PASSED] - Object: 'Object Repository/Page_Swag Labs/input_Swag Labs_user-name' is clicked on

2023-05-12 17:34:03 - [TEST_STEP][PASSED] - sendKeys(findTestObject("Object Repository/Page_Swag Labs/input_Swag Labs_user-name"), "standard_user"): Keys 'standard_user' sent to object: 'Object Repository/Page_Swag Labs/input_Swag Labs_user-name'

2023-05-12 17:34:03 - [MESSAGE][PASSED] - Keys 'standard_user' sent to object: 'Object Repository/Page_Swag Labs/input_Swag Labs_user-name'

2023-05-12 17:34:03 - [TEST_STEP][PASSED] - click(findTestObject("Object Repository/Page_Swag Labs/input_Swag Labs_password")): Object: 'Object Repository/Page_Swag Labs/input_Swag Labs_password' is clicked on

2023-05-12 17:34:03 - [MESSAGE][PASSED] - Object: 'Object Repository/Page_Swag Labs/input_Swag Labs_password' is clicked on

2023-05-12 17:34:03 - [TEST_STEP][PASSED] - sendKeys(findTestObject("Object Repository/Page_Swag Labs/input_Swag Labs_password"), "secret_sauce"): Keys 'secret_sauce' sent to object: 'Object Repository/Page_Swag Labs/input_Swag Labs_password'

2023-05-12 17:34:04 - [MESSAGE][PASSED] - Keys 'secret_sauce' sent to object: 'Object Repository/Page_Swag Labs/input_Swag Labs_password'

2023-05-12 17:34:04 - [TEST_STEP][PASSED] - click(findTestObject("Object Repository/Page_Swag Labs/input_Swag Labs_login-button")): Object: 'Object Repository/Page_Swag Labs/input_Swag Labs_login-button' is clicked on

2023-05-12 17:34:04 - [MESSAGE][PASSED] - Object: 'Object Repository/Page_Swag Labs/input_Swag Labs_login-button' is clicked on

2023-05-12 17:34:04 - [TEST_STEP][PASSED] - click(findTestObject("Object Repository/inventoryPage/Backpack")): Object: 'Object Repository/inventoryPage/Backpack' is clicked on

2023-05-12 17:34:05 - [MESSAGE][PASSED] - Object: 'Object Repository/inventoryPage/Backpack' is clicked on

2023-05-12 17:34:05 - [TEST_STEP][PASSED] - click(findTestObject("Object Repository/inventoryPage/button_Add to cart")): Object: 'Object Repository/inventoryPage/button_Add to cart' is clicked on

2023-05-12 17:34:05 - [MESSAGE][PASSED] - Object: 'Object Repository/inventoryPage/button_Add to cart' is clicked on

2023-05-12 17:34:05 - [TEST_STEP][PASSED] - click(findTestObject("Object Repository/inventoryPage/products_back-image")): Object: 'Object Repository/inventoryPage/products_back-image' is clicked on

2023-05-12 17:34:06 - [MESSAGE][PASSED] - Object: 'Object Repository/inventoryPage/products_back-image' is clicked on

2023-05-12 17:34:06 - [TEST_STEP][PASSED] - click(findTestObject("Object Repository/inventoryPage/cart")): Object: 'Object Repository/inventoryPage/cart' is clicked on

2023-05-12 17:34:06 - [MESSAGE][PASSED] - Object: 'Object Repository/inventoryPage/cart' is clicked on

2023-05-12 17:34:06 - [TEST_STEP][PASSED] - click(findTestObject("Object Repository/CheckoutPage/button_Checkout")): Object: 'Object Repository/CheckoutPage/button_Checkout' is clicked on

2023-05-12 17:34:07 - [MESSAGE][PASSED] - Object: 'Object Repository/CheckoutPage/button_Checkout' is clicked on

2023-05-12 17:34:07 - [TEST_STEP][PASSED] - sendKeys(findTestObject("Object Repository/checkout-step-one/input_Checkout Your Information_firstName"), "demo"): Keys 'demo' sent to object: 'Object Repository/checkout-step-one/input_Checkout Your Information_firstName'

2023-05-12 17:34:07 - [MESSAGE][PASSED] - Keys 'demo' sent to object: 'Object Repository/checkout-step-one/input_Checkout Your Information_firstName'

2023-05-12 17:34:07 - [TEST_STEP][PASSED] - sendKeys(findTestObject("Object Repository/checkout-step-one/input_Checkout Your Information_lastName"), "qa test"): Keys 'qa test' sent to object: 'Object Repository/checkout-step-one/input_Checkout Your Information_lastName'

2023-05-12 17:34:08 - [MESSAGE][PASSED] - Keys 'qa test' sent to object: 'Object Repository/checkout-step-one/input_Checkout Your Information_lastName'

2023-05-12 17:34:08 - [TEST_STEP][PASSED] - sendKeys(findTestObject("Object Repository/checkout-step-one/input_Checkout Your Information_postalCode"), "9000"): Keys '9000' sent to object: 'Object Repository/checkout-step-one/input_Checkout Your Information_postalCode'

2023-05-12 17:34:08 - [MESSAGE][PASSED] - Keys '9000' sent to object: 'Object Repository/checkout-step-one/input_Checkout Your Information_postalCode'

2023-05-12 17:34:08 - [TEST_STEP][PASSED] - click(findTestObject("Object Repository/checkout-step-one/input_continue")): Object: 'Object Repository/checkout-step-one/input_continue' is clicked on

2023-05-12 17:34:09 - [MESSAGE][PASSED] - Object: 'Object Repository/checkout-step-one/input_continue' is clicked on

2023-05-12 17:34:09 - [TEST_STEP][PASSED] - click(findTestObject("Object Repository/finish checkout/button_Finish")): Object: 'Object Repository/finish checkout/button_Finish' is clicked on

2023-05-12 17:34:10 - [MESSAGE][PASSED] - Object: 'Object Repository/finish checkout/button_Finish' is clicked on

2023-05-12 17:34:10 - [TEST_STEP][PASSED] - verifyElementVisible(findTestObject("Object Repository/order-success/h2_Thank you for your order")): Object 'Object Repository/order-success/h2_Thank you for your order' is visible

2023-05-12 17:34:10 - [MESSAGE][PASSED] - Object 'Object Repository/order-success/h2_Thank you for your order' is visible

2023-05-12 17:34:10 - [TEST_STEP][PASSED] - click(findTestObject("Object Repository/NavSideBar/sidebar")): Object: 'Object Repository/NavSideBar/sidebar' is clicked on

2023-05-12 17:34:11 - [MESSAGE][PASSED] - Object: 'Object Repository/NavSideBar/sidebar' is clicked on

2023-05-12 17:34:11 - [TEST_STEP][PASSED] - click(findTestObject("Object Repository/NavSideBar/a_Logout")): Object: 'Object Repository/NavSideBar/a_Logout' is clicked on

2023-05-12 17:34:11 - [MESSAGE][PASSED] - Object: 'Object Repository/NavSideBar/a_Logout' is clicked on

2023-05-12 17:34:11 - [TEST_STEP][PASSED] - verifyElementVisible(findTestObject("Object Repository/Page_Swag Labs/input_Swag Labs_user-name")): Object 'Object Repository/Page_Swag Labs/input_Swag Labs_user-name' is visible

2023-05-12 17:34:12 - [MESSAGE][PASSED] - Object 'Object Repository/Page_Swag Labs/input_Swag Labs_user-name' is visible

2023-05-12 17:34:12 - [TEST_STEP][PASSED] - closeBrowser(): Browser is closed

2023-05-12 17:34:12 - [MESSAGE][PASSED] - Browser is closed]]></system-out>
         <system-err><![CDATA[]]></system-err>
      </testcase>
      <system-out><![CDATA[2023-05-12 17:30:13 - [TEST_SUITE][PASSED] - simple case: Test Cases/test-flow-1-buy-1-product]]></system-out>
      <system-err><![CDATA[]]></system-err>
   </testsuite>
   <testsuite name="simple case" tests="20" failures="0" errors="0" time="237.152" skipped="0" timestamp="2023-05-12 17:34:16" hostname="minh.nguyen - 5YHW2D3" id="Test Suites/simple case">
      <properties>
         <property name="deviceName" value=""/>
         <property name="devicePlatform" value=""/>
         <property name="logFolder" value="C:\\Users\\minh.nguyen\\Desktop\\GitRepo\\tri-nhan-repo\\Reports\\20230512_171239\\simple case\\20230512_171250"/>
         <property name="logFiles" value="C:\\Users\\minh.nguyen\\Desktop\\GitRepo\\tri-nhan-repo\\Reports\\20230512_171239\\simple case\\20230512_171250\\execution0.log"/>
         <property name="attachments" value=""/>
         <property name="hostName" value="minh.nguyen - 5YHW2D3"/>
         <property name="os" value="Windows 10 64bit"/>
         <property name="katalonVersion" value="8.5.5.208"/>
         <property name="browser" value="Chrome 112.0.0.0"/>
         <property name="hostAddress" value="192.168.1.86"/>
         <property name="sessionId" value="66689e81e50c871025d57b79e1f1e19a"/>
         <property name="seleniumVersion" value="3.141.59"/>
         <property name="proxyInformation" value="ProxyInformation { proxyOption=NO_PROXY, proxyServerType=HTTP, username=, password=********, proxyServerAddress=, proxyServerPort=0, executionList=&quot;&quot;, isApplyToDesiredCapabilities=true }"/>
         <property name="platform" value="Windows 10"/>
      </properties>
      <testcase name="Test Cases/test-flow-1-buy-1-product" time="13.036" classname="Test Cases/test-flow-1-buy-1-product" status="PASSED">
         <system-out><![CDATA[2023-05-12 17:34:16 - [TEST_CASE][PASSED] - Test Cases/test-flow-1-buy-1-product: Test Cases/test-flow-1-buy-1-product

2023-05-12 17:34:16 - [TEST_STEP][PASSED] - openBrowser("https://www.saucedemo.com/"): Browser is opened with url: 'https://www.saucedemo.com/'

2023-05-12 17:34:16 - [MESSAGE][INFO] - Starting 'Chrome' driver

2023-05-12 17:34:16 - [MESSAGE][INFO] - Action delay is set to 0 milliseconds

2023-05-12 17:34:19 - [MESSAGE][PASSED] - Browser is opened with url: 'https://www.saucedemo.com/'

2023-05-12 17:34:19 - [TEST_STEP][PASSED] - click(findTestObject("Object Repository/Page_Swag Labs/input_Swag Labs_user-name")): Object: 'Object Repository/Page_Swag Labs/input_Swag Labs_user-name' is clicked on

2023-05-12 17:34:19 - [MESSAGE][PASSED] - Object: 'Object Repository/Page_Swag Labs/input_Swag Labs_user-name' is clicked on

2023-05-12 17:34:19 - [TEST_STEP][PASSED] - sendKeys(findTestObject("Object Repository/Page_Swag Labs/input_Swag Labs_user-name"), "standard_user"): Keys 'standard_user' sent to object: 'Object Repository/Page_Swag Labs/input_Swag Labs_user-name'

2023-05-12 17:34:20 - [MESSAGE][PASSED] - Keys 'standard_user' sent to object: 'Object Repository/Page_Swag Labs/input_Swag Labs_user-name'

2023-05-12 17:34:20 - [TEST_STEP][PASSED] - click(findTestObject("Object Repository/Page_Swag Labs/input_Swag Labs_password")): Object: 'Object Repository/Page_Swag Labs/input_Swag Labs_password' is clicked on

2023-05-12 17:34:20 - [MESSAGE][PASSED] - Object: 'Object Repository/Page_Swag Labs/input_Swag Labs_password' is clicked on

2023-05-12 17:34:20 - [TEST_STEP][PASSED] - sendKeys(findTestObject("Object Repository/Page_Swag Labs/input_Swag Labs_password"), "secret_sauce"): Keys 'secret_sauce' sent to object: 'Object Repository/Page_Swag Labs/input_Swag Labs_password'

2023-05-12 17:34:20 - [MESSAGE][PASSED] - Keys 'secret_sauce' sent to object: 'Object Repository/Page_Swag Labs/input_Swag Labs_password'

2023-05-12 17:34:20 - [TEST_STEP][PASSED] - click(findTestObject("Object Repository/Page_Swag Labs/input_Swag Labs_login-button")): Object: 'Object Repository/Page_Swag Labs/input_Swag Labs_login-button' is clicked on

2023-05-12 17:34:21 - [MESSAGE][PASSED] - Object: 'Object Repository/Page_Swag Labs/input_Swag Labs_login-button' is clicked on

2023-05-12 17:34:21 - [TEST_STEP][PASSED] - click(findTestObject("Object Repository/inventoryPage/Backpack")): Object: 'Object Repository/inventoryPage/Backpack' is clicked on

2023-05-12 17:34:21 - [MESSAGE][PASSED] - Object: 'Object Repository/inventoryPage/Backpack' is clicked on

2023-05-12 17:34:21 - [TEST_STEP][PASSED] - click(findTestObject("Object Repository/inventoryPage/button_Add to cart")): Object: 'Object Repository/inventoryPage/button_Add to cart' is clicked on

2023-05-12 17:34:22 - [MESSAGE][PASSED] - Object: 'Object Repository/inventoryPage/button_Add to cart' is clicked on

2023-05-12 17:34:22 - [TEST_STEP][PASSED] - click(findTestObject("Object Repository/inventoryPage/products_back-image")): Object: 'Object Repository/inventoryPage/products_back-image' is clicked on

2023-05-12 17:34:22 - [MESSAGE][PASSED] - Object: 'Object Repository/inventoryPage/products_back-image' is clicked on

2023-05-12 17:34:22 - [TEST_STEP][PASSED] - click(findTestObject("Object Repository/inventoryPage/cart")): Object: 'Object Repository/inventoryPage/cart' is clicked on

2023-05-12 17:34:23 - [MESSAGE][PASSED] - Object: 'Object Repository/inventoryPage/cart' is clicked on

2023-05-12 17:34:23 - [TEST_STEP][PASSED] - click(findTestObject("Object Repository/CheckoutPage/button_Checkout")): Object: 'Object Repository/CheckoutPage/button_Checkout' is clicked on

2023-05-12 17:34:23 - [MESSAGE][PASSED] - Object: 'Object Repository/CheckoutPage/button_Checkout' is clicked on

2023-05-12 17:34:23 - [TEST_STEP][PASSED] - sendKeys(findTestObject("Object Repository/checkout-step-one/input_Checkout Your Information_firstName"), "demo"): Keys 'demo' sent to object: 'Object Repository/checkout-step-one/input_Checkout Your Information_firstName'

2023-05-12 17:34:24 - [MESSAGE][PASSED] - Keys 'demo' sent to object: 'Object Repository/checkout-step-one/input_Checkout Your Information_firstName'

2023-05-12 17:34:24 - [TEST_STEP][PASSED] - sendKeys(findTestObject("Object Repository/checkout-step-one/input_Checkout Your Information_lastName"), "qa test"): Keys 'qa test' sent to object: 'Object Repository/checkout-step-one/input_Checkout Your Information_lastName'

2023-05-12 17:34:25 - [MESSAGE][PASSED] - Keys 'qa test' sent to object: 'Object Repository/checkout-step-one/input_Checkout Your Information_lastName'

2023-05-12 17:34:25 - [TEST_STEP][PASSED] - sendKeys(findTestObject("Object Repository/checkout-step-one/input_Checkout Your Information_postalCode"), "9000"): Keys '9000' sent to object: 'Object Repository/checkout-step-one/input_Checkout Your Information_postalCode'

2023-05-12 17:34:25 - [MESSAGE][PASSED] - Keys '9000' sent to object: 'Object Repository/checkout-step-one/input_Checkout Your Information_postalCode'

2023-05-12 17:34:25 - [TEST_STEP][PASSED] - click(findTestObject("Object Repository/checkout-step-one/input_continue")): Object: 'Object Repository/checkout-step-one/input_continue' is clicked on

2023-05-12 17:34:26 - [MESSAGE][PASSED] - Object: 'Object Repository/checkout-step-one/input_continue' is clicked on

2023-05-12 17:34:26 - [TEST_STEP][PASSED] - click(findTestObject("Object Repository/finish checkout/button_Finish")): Object: 'Object Repository/finish checkout/button_Finish' is clicked on

2023-05-12 17:34:26 - [MESSAGE][PASSED] - Object: 'Object Repository/finish checkout/button_Finish' is clicked on

2023-05-12 17:34:26 - [TEST_STEP][PASSED] - verifyElementVisible(findTestObject("Object Repository/order-success/h2_Thank you for your order")): Object 'Object Repository/order-success/h2_Thank you for your order' is visible

2023-05-12 17:34:27 - [MESSAGE][PASSED] - Object 'Object Repository/order-success/h2_Thank you for your order' is visible

2023-05-12 17:34:27 - [TEST_STEP][PASSED] - click(findTestObject("Object Repository/NavSideBar/sidebar")): Object: 'Object Repository/NavSideBar/sidebar' is clicked on

2023-05-12 17:34:27 - [MESSAGE][PASSED] - Object: 'Object Repository/NavSideBar/sidebar' is clicked on

2023-05-12 17:34:27 - [TEST_STEP][PASSED] - click(findTestObject("Object Repository/NavSideBar/a_Logout")): Object: 'Object Repository/NavSideBar/a_Logout' is clicked on

2023-05-12 17:34:28 - [MESSAGE][PASSED] - Object: 'Object Repository/NavSideBar/a_Logout' is clicked on

2023-05-12 17:34:28 - [TEST_STEP][PASSED] - verifyElementVisible(findTestObject("Object Repository/Page_Swag Labs/input_Swag Labs_user-name")): Object 'Object Repository/Page_Swag Labs/input_Swag Labs_user-name' is visible

2023-05-12 17:34:28 - [MESSAGE][PASSED] - Object 'Object Repository/Page_Swag Labs/input_Swag Labs_user-name' is visible

2023-05-12 17:34:28 - [TEST_STEP][PASSED] - closeBrowser(): Browser is closed

2023-05-12 17:34:29 - [MESSAGE][PASSED] - Browser is closed]]></system-out>
         <system-err><![CDATA[]]></system-err>
      </testcase>
      <testcase name="Test Cases/test-flow-1-buy-1-product" time="11.548" classname="Test Cases/test-flow-1-buy-1-product" status="PASSED">
         <system-out><![CDATA[2023-05-12 17:34:29 - [TEST_CASE][PASSED] - Test Cases/test-flow-1-buy-1-product: Test Cases/test-flow-1-buy-1-product

2023-05-12 17:34:29 - [TEST_STEP][PASSED] - openBrowser("https://www.saucedemo.com/"): Browser is opened with url: 'https://www.saucedemo.com/'

2023-05-12 17:34:29 - [MESSAGE][INFO] - Starting 'Chrome' driver

2023-05-12 17:34:29 - [MESSAGE][INFO] - Action delay is set to 0 milliseconds

2023-05-12 17:34:31 - [MESSAGE][PASSED] - Browser is opened with url: 'https://www.saucedemo.com/'

2023-05-12 17:34:31 - [TEST_STEP][PASSED] - click(findTestObject("Object Repository/Page_Swag Labs/input_Swag Labs_user-name")): Object: 'Object Repository/Page_Swag Labs/input_Swag Labs_user-name' is clicked on

2023-05-12 17:34:31 - [MESSAGE][PASSED] - Object: 'Object Repository/Page_Swag Labs/input_Swag Labs_user-name' is clicked on

2023-05-12 17:34:31 - [TEST_STEP][PASSED] - sendKeys(findTestObject("Object Repository/Page_Swag Labs/input_Swag Labs_user-name"), "standard_user"): Keys 'standard_user' sent to object: 'Object Repository/Page_Swag Labs/input_Swag Labs_user-name'

2023-05-12 17:34:32 - [MESSAGE][PASSED] - Keys 'standard_user' sent to object: 'Object Repository/Page_Swag Labs/input_Swag Labs_user-name'

2023-05-12 17:34:32 - [TEST_STEP][PASSED] - click(findTestObject("Object Repository/Page_Swag Labs/input_Swag Labs_password")): Object: 'Object Repository/Page_Swag Labs/input_Swag Labs_password' is clicked on

2023-05-12 17:34:32 - [MESSAGE][PASSED] - Object: 'Object Repository/Page_Swag Labs/input_Swag Labs_password' is clicked on

2023-05-12 17:34:32 - [TEST_STEP][PASSED] - sendKeys(findTestObject("Object Repository/Page_Swag Labs/input_Swag Labs_password"), "secret_sauce"): Keys 'secret_sauce' sent to object: 'Object Repository/Page_Swag Labs/input_Swag Labs_password'

2023-05-12 17:34:32 - [MESSAGE][PASSED] - Keys 'secret_sauce' sent to object: 'Object Repository/Page_Swag Labs/input_Swag Labs_password'

2023-05-12 17:34:32 - [TEST_STEP][PASSED] - click(findTestObject("Object Repository/Page_Swag Labs/input_Swag Labs_login-button")): Object: 'Object Repository/Page_Swag Labs/input_Swag Labs_login-button' is clicked on

2023-05-12 17:34:33 - [MESSAGE][PASSED] - Object: 'Object Repository/Page_Swag Labs/input_Swag Labs_login-button' is clicked on

2023-05-12 17:34:33 - [TEST_STEP][PASSED] - click(findTestObject("Object Repository/inventoryPage/Backpack")): Object: 'Object Repository/inventoryPage/Backpack' is clicked on

2023-05-12 17:34:33 - [MESSAGE][PASSED] - Object: 'Object Repository/inventoryPage/Backpack' is clicked on

2023-05-12 17:34:33 - [TEST_STEP][PASSED] - click(findTestObject("Object Repository/inventoryPage/button_Add to cart")): Object: 'Object Repository/inventoryPage/button_Add to cart' is clicked on

2023-05-12 17:34:34 - [MESSAGE][PASSED] - Object: 'Object Repository/inventoryPage/button_Add to cart' is clicked on

2023-05-12 17:34:34 - [TEST_STEP][PASSED] - click(findTestObject("Object Repository/inventoryPage/products_back-image")): Object: 'Object Repository/inventoryPage/products_back-image' is clicked on

2023-05-12 17:34:34 - [MESSAGE][PASSED] - Object: 'Object Repository/inventoryPage/products_back-image' is clicked on

2023-05-12 17:34:34 - [TEST_STEP][PASSED] - click(findTestObject("Object Repository/inventoryPage/cart")): Object: 'Object Repository/inventoryPage/cart' is clicked on

2023-05-12 17:34:35 - [MESSAGE][PASSED] - Object: 'Object Repository/inventoryPage/cart' is clicked on

2023-05-12 17:34:35 - [TEST_STEP][PASSED] - click(findTestObject("Object Repository/CheckoutPage/button_Checkout")): Object: 'Object Repository/CheckoutPage/button_Checkout' is clicked on

2023-05-12 17:34:35 - [MESSAGE][PASSED] - Object: 'Object Repository/CheckoutPage/button_Checkout' is clicked on

2023-05-12 17:34:35 - [TEST_STEP][PASSED] - sendKeys(findTestObject("Object Repository/checkout-step-one/input_Checkout Your Information_firstName"), "demo"): Keys 'demo' sent to object: 'Object Repository/checkout-step-one/input_Checkout Your Information_firstName'

2023-05-12 17:34:36 - [MESSAGE][PASSED] - Keys 'demo' sent to object: 'Object Repository/checkout-step-one/input_Checkout Your Information_firstName'

2023-05-12 17:34:36 - [TEST_STEP][PASSED] - sendKeys(findTestObject("Object Repository/checkout-step-one/input_Checkout Your Information_lastName"), "qa test"): Keys 'qa test' sent to object: 'Object Repository/checkout-step-one/input_Checkout Your Information_lastName'

2023-05-12 17:34:36 - [MESSAGE][PASSED] - Keys 'qa test' sent to object: 'Object Repository/checkout-step-one/input_Checkout Your Information_lastName'

2023-05-12 17:34:36 - [TEST_STEP][PASSED] - sendKeys(findTestObject("Object Repository/checkout-step-one/input_Checkout Your Information_postalCode"), "9000"): Keys '9000' sent to object: 'Object Repository/checkout-step-one/input_Checkout Your Information_postalCode'

2023-05-12 17:34:37 - [MESSAGE][PASSED] - Keys '9000' sent to object: 'Object Repository/checkout-step-one/input_Checkout Your Information_postalCode'

2023-05-12 17:34:37 - [TEST_STEP][PASSED] - click(findTestObject("Object Repository/checkout-step-one/input_continue")): Object: 'Object Repository/checkout-step-one/input_continue' is clicked on

2023-05-12 17:34:37 - [MESSAGE][PASSED] - Object: 'Object Repository/checkout-step-one/input_continue' is clicked on

2023-05-12 17:34:37 - [TEST_STEP][PASSED] - click(findTestObject("Object Repository/finish checkout/button_Finish")): Object: 'Object Repository/finish checkout/button_Finish' is clicked on

2023-05-12 17:34:38 - [MESSAGE][PASSED] - Object: 'Object Repository/finish checkout/button_Finish' is clicked on

2023-05-12 17:34:38 - [TEST_STEP][PASSED] - verifyElementVisible(findTestObject("Object Repository/order-success/h2_Thank you for your order")): Object 'Object Repository/order-success/h2_Thank you for your order' is visible

2023-05-12 17:34:38 - [MESSAGE][PASSED] - Object 'Object Repository/order-success/h2_Thank you for your order' is visible

2023-05-12 17:34:38 - [TEST_STEP][PASSED] - click(findTestObject("Object Repository/NavSideBar/sidebar")): Object: 'Object Repository/NavSideBar/sidebar' is clicked on

2023-05-12 17:34:39 - [MESSAGE][PASSED] - Object: 'Object Repository/NavSideBar/sidebar' is clicked on

2023-05-12 17:34:39 - [TEST_STEP][PASSED] - click(findTestObject("Object Repository/NavSideBar/a_Logout")): Object: 'Object Repository/NavSideBar/a_Logout' is clicked on

2023-05-12 17:34:39 - [MESSAGE][PASSED] - Object: 'Object Repository/NavSideBar/a_Logout' is clicked on

2023-05-12 17:34:39 - [TEST_STEP][PASSED] - verifyElementVisible(findTestObject("Object Repository/Page_Swag Labs/input_Swag Labs_user-name")): Object 'Object Repository/Page_Swag Labs/input_Swag Labs_user-name' is visible

2023-05-12 17:34:40 - [MESSAGE][PASSED] - Object 'Object Repository/Page_Swag Labs/input_Swag Labs_user-name' is visible

2023-05-12 17:34:40 - [TEST_STEP][PASSED] - closeBrowser(): Browser is closed

2023-05-12 17:34:40 - [MESSAGE][PASSED] - Browser is closed]]></system-out>
         <system-err><![CDATA[]]></system-err>
      </testcase>
      <testcase name="Test Cases/test-flow-1-buy-1-product" time="11.635" classname="Test Cases/test-flow-1-buy-1-product" status="PASSED">
         <system-out><![CDATA[2023-05-12 17:34:40 - [TEST_CASE][PASSED] - Test Cases/test-flow-1-buy-1-product: Test Cases/test-flow-1-buy-1-product

2023-05-12 17:34:40 - [TEST_STEP][PASSED] - openBrowser("https://www.saucedemo.com/"): Browser is opened with url: 'https://www.saucedemo.com/'

2023-05-12 17:34:40 - [MESSAGE][INFO] - Starting 'Chrome' driver

2023-05-12 17:34:40 - [MESSAGE][INFO] - Action delay is set to 0 milliseconds

2023-05-12 17:34:42 - [MESSAGE][PASSED] - Browser is opened with url: 'https://www.saucedemo.com/'

2023-05-12 17:34:42 - [TEST_STEP][PASSED] - click(findTestObject("Object Repository/Page_Swag Labs/input_Swag Labs_user-name")): Object: 'Object Repository/Page_Swag Labs/input_Swag Labs_user-name' is clicked on

2023-05-12 17:34:43 - [MESSAGE][PASSED] - Object: 'Object Repository/Page_Swag Labs/input_Swag Labs_user-name' is clicked on

2023-05-12 17:34:43 - [TEST_STEP][PASSED] - sendKeys(findTestObject("Object Repository/Page_Swag Labs/input_Swag Labs_user-name"), "standard_user"): Keys 'standard_user' sent to object: 'Object Repository/Page_Swag Labs/input_Swag Labs_user-name'

2023-05-12 17:34:43 - [MESSAGE][PASSED] - Keys 'standard_user' sent to object: 'Object Repository/Page_Swag Labs/input_Swag Labs_user-name'

2023-05-12 17:34:43 - [TEST_STEP][PASSED] - click(findTestObject("Object Repository/Page_Swag Labs/input_Swag Labs_password")): Object: 'Object Repository/Page_Swag Labs/input_Swag Labs_password' is clicked on

2023-05-12 17:34:43 - [MESSAGE][PASSED] - Object: 'Object Repository/Page_Swag Labs/input_Swag Labs_password' is clicked on

2023-05-12 17:34:43 - [TEST_STEP][PASSED] - sendKeys(findTestObject("Object Repository/Page_Swag Labs/input_Swag Labs_password"), "secret_sauce"): Keys 'secret_sauce' sent to object: 'Object Repository/Page_Swag Labs/input_Swag Labs_password'

2023-05-12 17:34:44 - [MESSAGE][PASSED] - Keys 'secret_sauce' sent to object: 'Object Repository/Page_Swag Labs/input_Swag Labs_password'

2023-05-12 17:34:44 - [TEST_STEP][PASSED] - click(findTestObject("Object Repository/Page_Swag Labs/input_Swag Labs_login-button")): Object: 'Object Repository/Page_Swag Labs/input_Swag Labs_login-button' is clicked on

2023-05-12 17:34:44 - [MESSAGE][PASSED] - Object: 'Object Repository/Page_Swag Labs/input_Swag Labs_login-button' is clicked on

2023-05-12 17:34:44 - [TEST_STEP][PASSED] - click(findTestObject("Object Repository/inventoryPage/Backpack")): Object: 'Object Repository/inventoryPage/Backpack' is clicked on

2023-05-12 17:34:45 - [MESSAGE][PASSED] - Object: 'Object Repository/inventoryPage/Backpack' is clicked on

2023-05-12 17:34:45 - [TEST_STEP][PASSED] - click(findTestObject("Object Repository/inventoryPage/button_Add to cart")): Object: 'Object Repository/inventoryPage/button_Add to cart' is clicked on

2023-05-12 17:34:45 - [MESSAGE][PASSED] - Object: 'Object Repository/inventoryPage/button_Add to cart' is clicked on

2023-05-12 17:34:45 - [TEST_STEP][PASSED] - click(findTestObject("Object Repository/inventoryPage/products_back-image")): Object: 'Object Repository/inventoryPage/products_back-image' is clicked on

2023-05-12 17:34:46 - [MESSAGE][PASSED] - Object: 'Object Repository/inventoryPage/products_back-image' is clicked on

2023-05-12 17:34:46 - [TEST_STEP][PASSED] - click(findTestObject("Object Repository/inventoryPage/cart")): Object: 'Object Repository/inventoryPage/cart' is clicked on

2023-05-12 17:34:46 - [MESSAGE][PASSED] - Object: 'Object Repository/inventoryPage/cart' is clicked on

2023-05-12 17:34:46 - [TEST_STEP][PASSED] - click(findTestObject("Object Repository/CheckoutPage/button_Checkout")): Object: 'Object Repository/CheckoutPage/button_Checkout' is clicked on

2023-05-12 17:34:47 - [MESSAGE][PASSED] - Object: 'Object Repository/CheckoutPage/button_Checkout' is clicked on

2023-05-12 17:34:47 - [TEST_STEP][PASSED] - sendKeys(findTestObject("Object Repository/checkout-step-one/input_Checkout Your Information_firstName"), "demo"): Keys 'demo' sent to object: 'Object Repository/checkout-step-one/input_Checkout Your Information_firstName'

2023-05-12 17:34:47 - [MESSAGE][PASSED] - Keys 'demo' sent to object: 'Object Repository/checkout-step-one/input_Checkout Your Information_firstName'

2023-05-12 17:34:47 - [TEST_STEP][PASSED] - sendKeys(findTestObject("Object Repository/checkout-step-one/input_Checkout Your Information_lastName"), "qa test"): Keys 'qa test' sent to object: 'Object Repository/checkout-step-one/input_Checkout Your Information_lastName'

2023-05-12 17:34:48 - [MESSAGE][PASSED] - Keys 'qa test' sent to object: 'Object Repository/checkout-step-one/input_Checkout Your Information_lastName'

2023-05-12 17:34:48 - [TEST_STEP][PASSED] - sendKeys(findTestObject("Object Repository/checkout-step-one/input_Checkout Your Information_postalCode"), "9000"): Keys '9000' sent to object: 'Object Repository/checkout-step-one/input_Checkout Your Information_postalCode'

2023-05-12 17:34:48 - [MESSAGE][PASSED] - Keys '9000' sent to object: 'Object Repository/checkout-step-one/input_Checkout Your Information_postalCode'

2023-05-12 17:34:48 - [TEST_STEP][PASSED] - click(findTestObject("Object Repository/checkout-step-one/input_continue")): Object: 'Object Repository/checkout-step-one/input_continue' is clicked on

2023-05-12 17:34:49 - [MESSAGE][PASSED] - Object: 'Object Repository/checkout-step-one/input_continue' is clicked on

2023-05-12 17:34:49 - [TEST_STEP][PASSED] - click(findTestObject("Object Repository/finish checkout/button_Finish")): Object: 'Object Repository/finish checkout/button_Finish' is clicked on

2023-05-12 17:34:49 - [MESSAGE][PASSED] - Object: 'Object Repository/finish checkout/button_Finish' is clicked on

2023-05-12 17:34:49 - [TEST_STEP][PASSED] - verifyElementVisible(findTestObject("Object Repository/order-success/h2_Thank you for your order")): Object 'Object Repository/order-success/h2_Thank you for your order' is visible

2023-05-12 17:34:50 - [MESSAGE][PASSED] - Object 'Object Repository/order-success/h2_Thank you for your order' is visible

2023-05-12 17:34:50 - [TEST_STEP][PASSED] - click(findTestObject("Object Repository/NavSideBar/sidebar")): Object: 'Object Repository/NavSideBar/sidebar' is clicked on

2023-05-12 17:34:50 - [MESSAGE][PASSED] - Object: 'Object Repository/NavSideBar/sidebar' is clicked on

2023-05-12 17:34:50 - [TEST_STEP][PASSED] - click(findTestObject("Object Repository/NavSideBar/a_Logout")): Object: 'Object Repository/NavSideBar/a_Logout' is clicked on

2023-05-12 17:34:51 - [MESSAGE][PASSED] - Object: 'Object Repository/NavSideBar/a_Logout' is clicked on

2023-05-12 17:34:51 - [TEST_STEP][PASSED] - verifyElementVisible(findTestObject("Object Repository/Page_Swag Labs/input_Swag Labs_user-name")): Object 'Object Repository/Page_Swag Labs/input_Swag Labs_user-name' is visible

2023-05-12 17:34:51 - [MESSAGE][PASSED] - Object 'Object Repository/Page_Swag Labs/input_Swag Labs_user-name' is visible

2023-05-12 17:34:51 - [TEST_STEP][PASSED] - closeBrowser(): Browser is closed

2023-05-12 17:34:52 - [MESSAGE][PASSED] - Browser is closed]]></system-out>
         <system-err><![CDATA[]]></system-err>
      </testcase>
      <testcase name="Test Cases/test-flow-1-buy-1-product" time="11.641" classname="Test Cases/test-flow-1-buy-1-product" status="PASSED">
         <system-out><![CDATA[2023-05-12 17:34:52 - [TEST_CASE][PASSED] - Test Cases/test-flow-1-buy-1-product: Test Cases/test-flow-1-buy-1-product

2023-05-12 17:34:52 - [TEST_STEP][PASSED] - openBrowser("https://www.saucedemo.com/"): Browser is opened with url: 'https://www.saucedemo.com/'

2023-05-12 17:34:52 - [MESSAGE][INFO] - Starting 'Chrome' driver

2023-05-12 17:34:52 - [MESSAGE][INFO] - Action delay is set to 0 milliseconds

2023-05-12 17:34:54 - [MESSAGE][PASSED] - Browser is opened with url: 'https://www.saucedemo.com/'

2023-05-12 17:34:54 - [TEST_STEP][PASSED] - click(findTestObject("Object Repository/Page_Swag Labs/input_Swag Labs_user-name")): Object: 'Object Repository/Page_Swag Labs/input_Swag Labs_user-name' is clicked on

2023-05-12 17:34:54 - [MESSAGE][PASSED] - Object: 'Object Repository/Page_Swag Labs/input_Swag Labs_user-name' is clicked on

2023-05-12 17:34:54 - [TEST_STEP][PASSED] - sendKeys(findTestObject("Object Repository/Page_Swag Labs/input_Swag Labs_user-name"), "standard_user"): Keys 'standard_user' sent to object: 'Object Repository/Page_Swag Labs/input_Swag Labs_user-name'

2023-05-12 17:34:55 - [MESSAGE][PASSED] - Keys 'standard_user' sent to object: 'Object Repository/Page_Swag Labs/input_Swag Labs_user-name'

2023-05-12 17:34:55 - [TEST_STEP][PASSED] - click(findTestObject("Object Repository/Page_Swag Labs/input_Swag Labs_password")): Object: 'Object Repository/Page_Swag Labs/input_Swag Labs_password' is clicked on

2023-05-12 17:34:55 - [MESSAGE][PASSED] - Object: 'Object Repository/Page_Swag Labs/input_Swag Labs_password' is clicked on

2023-05-12 17:34:55 - [TEST_STEP][PASSED] - sendKeys(findTestObject("Object Repository/Page_Swag Labs/input_Swag Labs_password"), "secret_sauce"): Keys 'secret_sauce' sent to object: 'Object Repository/Page_Swag Labs/input_Swag Labs_password'

2023-05-12 17:34:55 - [MESSAGE][PASSED] - Keys 'secret_sauce' sent to object: 'Object Repository/Page_Swag Labs/input_Swag Labs_password'

2023-05-12 17:34:55 - [TEST_STEP][PASSED] - click(findTestObject("Object Repository/Page_Swag Labs/input_Swag Labs_login-button")): Object: 'Object Repository/Page_Swag Labs/input_Swag Labs_login-button' is clicked on

2023-05-12 17:34:56 - [MESSAGE][PASSED] - Object: 'Object Repository/Page_Swag Labs/input_Swag Labs_login-button' is clicked on

2023-05-12 17:34:56 - [TEST_STEP][PASSED] - click(findTestObject("Object Repository/inventoryPage/Backpack")): Object: 'Object Repository/inventoryPage/Backpack' is clicked on

2023-05-12 17:34:56 - [MESSAGE][PASSED] - Object: 'Object Repository/inventoryPage/Backpack' is clicked on

2023-05-12 17:34:56 - [TEST_STEP][PASSED] - click(findTestObject("Object Repository/inventoryPage/button_Add to cart")): Object: 'Object Repository/inventoryPage/button_Add to cart' is clicked on

2023-05-12 17:34:57 - [MESSAGE][PASSED] - Object: 'Object Repository/inventoryPage/button_Add to cart' is clicked on

2023-05-12 17:34:57 - [TEST_STEP][PASSED] - click(findTestObject("Object Repository/inventoryPage/products_back-image")): Object: 'Object Repository/inventoryPage/products_back-image' is clicked on

2023-05-12 17:34:57 - [MESSAGE][PASSED] - Object: 'Object Repository/inventoryPage/products_back-image' is clicked on

2023-05-12 17:34:57 - [TEST_STEP][PASSED] - click(findTestObject("Object Repository/inventoryPage/cart")): Object: 'Object Repository/inventoryPage/cart' is clicked on

2023-05-12 17:34:58 - [MESSAGE][PASSED] - Object: 'Object Repository/inventoryPage/cart' is clicked on

2023-05-12 17:34:58 - [TEST_STEP][PASSED] - click(findTestObject("Object Repository/CheckoutPage/button_Checkout")): Object: 'Object Repository/CheckoutPage/button_Checkout' is clicked on

2023-05-12 17:34:58 - [MESSAGE][PASSED] - Object: 'Object Repository/CheckoutPage/button_Checkout' is clicked on

2023-05-12 17:34:58 - [TEST_STEP][PASSED] - sendKeys(findTestObject("Object Repository/checkout-step-one/input_Checkout Your Information_firstName"), "demo"): Keys 'demo' sent to object: 'Object Repository/checkout-step-one/input_Checkout Your Information_firstName'

2023-05-12 17:34:59 - [MESSAGE][PASSED] - Keys 'demo' sent to object: 'Object Repository/checkout-step-one/input_Checkout Your Information_firstName'

2023-05-12 17:34:59 - [TEST_STEP][PASSED] - sendKeys(findTestObject("Object Repository/checkout-step-one/input_Checkout Your Information_lastName"), "qa test"): Keys 'qa test' sent to object: 'Object Repository/checkout-step-one/input_Checkout Your Information_lastName'

2023-05-12 17:34:59 - [MESSAGE][PASSED] - Keys 'qa test' sent to object: 'Object Repository/checkout-step-one/input_Checkout Your Information_lastName'

2023-05-12 17:34:59 - [TEST_STEP][PASSED] - sendKeys(findTestObject("Object Repository/checkout-step-one/input_Checkout Your Information_postalCode"), "9000"): Keys '9000' sent to object: 'Object Repository/checkout-step-one/input_Checkout Your Information_postalCode'

2023-05-12 17:35:00 - [MESSAGE][PASSED] - Keys '9000' sent to object: 'Object Repository/checkout-step-one/input_Checkout Your Information_postalCode'

2023-05-12 17:35:00 - [TEST_STEP][PASSED] - click(findTestObject("Object Repository/checkout-step-one/input_continue")): Object: 'Object Repository/checkout-step-one/input_continue' is clicked on

2023-05-12 17:35:01 - [MESSAGE][PASSED] - Object: 'Object Repository/checkout-step-one/input_continue' is clicked on

2023-05-12 17:35:01 - [TEST_STEP][PASSED] - click(findTestObject("Object Repository/finish checkout/button_Finish")): Object: 'Object Repository/finish checkout/button_Finish' is clicked on

2023-05-12 17:35:01 - [MESSAGE][PASSED] - Object: 'Object Repository/finish checkout/button_Finish' is clicked on

2023-05-12 17:35:01 - [TEST_STEP][PASSED] - verifyElementVisible(findTestObject("Object Repository/order-success/h2_Thank you for your order")): Object 'Object Repository/order-success/h2_Thank you for your order' is visible

2023-05-12 17:35:02 - [MESSAGE][PASSED] - Object 'Object Repository/order-success/h2_Thank you for your order' is visible

2023-05-12 17:35:02 - [TEST_STEP][PASSED] - click(findTestObject("Object Repository/NavSideBar/sidebar")): Object: 'Object Repository/NavSideBar/sidebar' is clicked on

2023-05-12 17:35:02 - [MESSAGE][PASSED] - Object: 'Object Repository/NavSideBar/sidebar' is clicked on

2023-05-12 17:35:02 - [TEST_STEP][PASSED] - click(findTestObject("Object Repository/NavSideBar/a_Logout")): Object: 'Object Repository/NavSideBar/a_Logout' is clicked on

2023-05-12 17:35:03 - [MESSAGE][PASSED] - Object: 'Object Repository/NavSideBar/a_Logout' is clicked on

2023-05-12 17:35:03 - [TEST_STEP][PASSED] - verifyElementVisible(findTestObject("Object Repository/Page_Swag Labs/input_Swag Labs_user-name")): Object 'Object Repository/Page_Swag Labs/input_Swag Labs_user-name' is visible

2023-05-12 17:35:03 - [MESSAGE][PASSED] - Object 'Object Repository/Page_Swag Labs/input_Swag Labs_user-name' is visible

2023-05-12 17:35:03 - [TEST_STEP][PASSED] - closeBrowser(): Browser is closed

2023-05-12 17:35:04 - [MESSAGE][PASSED] - Browser is closed]]></system-out>
         <system-err><![CDATA[]]></system-err>
      </testcase>
      <testcase name="Test Cases/test-flow-1-buy-1-product" time="11.712" classname="Test Cases/test-flow-1-buy-1-product" status="PASSED">
         <system-out><![CDATA[2023-05-12 17:35:04 - [TEST_CASE][PASSED] - Test Cases/test-flow-1-buy-1-product: Test Cases/test-flow-1-buy-1-product

2023-05-12 17:35:04 - [TEST_STEP][PASSED] - openBrowser("https://www.saucedemo.com/"): Browser is opened with url: 'https://www.saucedemo.com/'

2023-05-12 17:35:04 - [MESSAGE][INFO] - Starting 'Chrome' driver

2023-05-12 17:35:04 - [MESSAGE][INFO] - Action delay is set to 0 milliseconds

2023-05-12 17:35:06 - [MESSAGE][PASSED] - Browser is opened with url: 'https://www.saucedemo.com/'

2023-05-12 17:35:06 - [TEST_STEP][PASSED] - click(findTestObject("Object Repository/Page_Swag Labs/input_Swag Labs_user-name")): Object: 'Object Repository/Page_Swag Labs/input_Swag Labs_user-name' is clicked on

2023-05-12 17:35:06 - [MESSAGE][PASSED] - Object: 'Object Repository/Page_Swag Labs/input_Swag Labs_user-name' is clicked on

2023-05-12 17:35:06 - [TEST_STEP][PASSED] - sendKeys(findTestObject("Object Repository/Page_Swag Labs/input_Swag Labs_user-name"), "standard_user"): Keys 'standard_user' sent to object: 'Object Repository/Page_Swag Labs/input_Swag Labs_user-name'

2023-05-12 17:35:06 - [MESSAGE][PASSED] - Keys 'standard_user' sent to object: 'Object Repository/Page_Swag Labs/input_Swag Labs_user-name'

2023-05-12 17:35:06 - [TEST_STEP][PASSED] - click(findTestObject("Object Repository/Page_Swag Labs/input_Swag Labs_password")): Object: 'Object Repository/Page_Swag Labs/input_Swag Labs_password' is clicked on

2023-05-12 17:35:07 - [MESSAGE][PASSED] - Object: 'Object Repository/Page_Swag Labs/input_Swag Labs_password' is clicked on

2023-05-12 17:35:07 - [TEST_STEP][PASSED] - sendKeys(findTestObject("Object Repository/Page_Swag Labs/input_Swag Labs_password"), "secret_sauce"): Keys 'secret_sauce' sent to object: 'Object Repository/Page_Swag Labs/input_Swag Labs_password'

2023-05-12 17:35:07 - [MESSAGE][PASSED] - Keys 'secret_sauce' sent to object: 'Object Repository/Page_Swag Labs/input_Swag Labs_password'

2023-05-12 17:35:07 - [TEST_STEP][PASSED] - click(findTestObject("Object Repository/Page_Swag Labs/input_Swag Labs_login-button")): Object: 'Object Repository/Page_Swag Labs/input_Swag Labs_login-button' is clicked on

2023-05-12 17:35:07 - [MESSAGE][PASSED] - Object: 'Object Repository/Page_Swag Labs/input_Swag Labs_login-button' is clicked on

2023-05-12 17:35:07 - [TEST_STEP][PASSED] - click(findTestObject("Object Repository/inventoryPage/Backpack")): Object: 'Object Repository/inventoryPage/Backpack' is clicked on

2023-05-12 17:35:08 - [MESSAGE][PASSED] - Object: 'Object Repository/inventoryPage/Backpack' is clicked on

2023-05-12 17:35:08 - [TEST_STEP][PASSED] - click(findTestObject("Object Repository/inventoryPage/button_Add to cart")): Object: 'Object Repository/inventoryPage/button_Add to cart' is clicked on

2023-05-12 17:35:08 - [MESSAGE][PASSED] - Object: 'Object Repository/inventoryPage/button_Add to cart' is clicked on

2023-05-12 17:35:08 - [TEST_STEP][PASSED] - click(findTestObject("Object Repository/inventoryPage/products_back-image")): Object: 'Object Repository/inventoryPage/products_back-image' is clicked on

2023-05-12 17:35:09 - [MESSAGE][PASSED] - Object: 'Object Repository/inventoryPage/products_back-image' is clicked on

2023-05-12 17:35:09 - [TEST_STEP][PASSED] - click(findTestObject("Object Repository/inventoryPage/cart")): Object: 'Object Repository/inventoryPage/cart' is clicked on

2023-05-12 17:35:09 - [MESSAGE][PASSED] - Object: 'Object Repository/inventoryPage/cart' is clicked on

2023-05-12 17:35:09 - [TEST_STEP][PASSED] - click(findTestObject("Object Repository/CheckoutPage/button_Checkout")): Object: 'Object Repository/CheckoutPage/button_Checkout' is clicked on

2023-05-12 17:35:10 - [MESSAGE][PASSED] - Object: 'Object Repository/CheckoutPage/button_Checkout' is clicked on

2023-05-12 17:35:10 - [TEST_STEP][PASSED] - sendKeys(findTestObject("Object Repository/checkout-step-one/input_Checkout Your Information_firstName"), "demo"): Keys 'demo' sent to object: 'Object Repository/checkout-step-one/input_Checkout Your Information_firstName'

2023-05-12 17:35:11 - [MESSAGE][PASSED] - Keys 'demo' sent to object: 'Object Repository/checkout-step-one/input_Checkout Your Information_firstName'

2023-05-12 17:35:11 - [TEST_STEP][PASSED] - sendKeys(findTestObject("Object Repository/checkout-step-one/input_Checkout Your Information_lastName"), "qa test"): Keys 'qa test' sent to object: 'Object Repository/checkout-step-one/input_Checkout Your Information_lastName'

2023-05-12 17:35:11 - [MESSAGE][PASSED] - Keys 'qa test' sent to object: 'Object Repository/checkout-step-one/input_Checkout Your Information_lastName'

2023-05-12 17:35:11 - [TEST_STEP][PASSED] - sendKeys(findTestObject("Object Repository/checkout-step-one/input_Checkout Your Information_postalCode"), "9000"): Keys '9000' sent to object: 'Object Repository/checkout-step-one/input_Checkout Your Information_postalCode'

2023-05-12 17:35:12 - [MESSAGE][PASSED] - Keys '9000' sent to object: 'Object Repository/checkout-step-one/input_Checkout Your Information_postalCode'

2023-05-12 17:35:12 - [TEST_STEP][PASSED] - click(findTestObject("Object Repository/checkout-step-one/input_continue")): Object: 'Object Repository/checkout-step-one/input_continue' is clicked on

2023-05-12 17:35:12 - [MESSAGE][PASSED] - Object: 'Object Repository/checkout-step-one/input_continue' is clicked on

2023-05-12 17:35:12 - [TEST_STEP][PASSED] - click(findTestObject("Object Repository/finish checkout/button_Finish")): Object: 'Object Repository/finish checkout/button_Finish' is clicked on

2023-05-12 17:35:13 - [MESSAGE][PASSED] - Object: 'Object Repository/finish checkout/button_Finish' is clicked on

2023-05-12 17:35:13 - [TEST_STEP][PASSED] - verifyElementVisible(findTestObject("Object Repository/order-success/h2_Thank you for your order")): Object 'Object Repository/order-success/h2_Thank you for your order' is visible

2023-05-12 17:35:13 - [MESSAGE][PASSED] - Object 'Object Repository/order-success/h2_Thank you for your order' is visible

2023-05-12 17:35:13 - [TEST_STEP][PASSED] - click(findTestObject("Object Repository/NavSideBar/sidebar")): Object: 'Object Repository/NavSideBar/sidebar' is clicked on

2023-05-12 17:35:14 - [MESSAGE][PASSED] - Object: 'Object Repository/NavSideBar/sidebar' is clicked on

2023-05-12 17:35:14 - [TEST_STEP][PASSED] - click(findTestObject("Object Repository/NavSideBar/a_Logout")): Object: 'Object Repository/NavSideBar/a_Logout' is clicked on

2023-05-12 17:35:14 - [MESSAGE][PASSED] - Object: 'Object Repository/NavSideBar/a_Logout' is clicked on

2023-05-12 17:35:14 - [TEST_STEP][PASSED] - verifyElementVisible(findTestObject("Object Repository/Page_Swag Labs/input_Swag Labs_user-name")): Object 'Object Repository/Page_Swag Labs/input_Swag Labs_user-name' is visible

2023-05-12 17:35:15 - [MESSAGE][PASSED] - Object 'Object Repository/Page_Swag Labs/input_Swag Labs_user-name' is visible

2023-05-12 17:35:15 - [TEST_STEP][PASSED] - closeBrowser(): Browser is closed

2023-05-12 17:35:15 - [MESSAGE][PASSED] - Browser is closed]]></system-out>
         <system-err><![CDATA[]]></system-err>
      </testcase>
      <testcase name="Test Cases/test-flow-1-buy-1-product" time="11.604" classname="Test Cases/test-flow-1-buy-1-product" status="PASSED">
         <system-out><![CDATA[2023-05-12 17:35:15 - [TEST_CASE][PASSED] - Test Cases/test-flow-1-buy-1-product: Test Cases/test-flow-1-buy-1-product

2023-05-12 17:35:15 - [TEST_STEP][PASSED] - openBrowser("https://www.saucedemo.com/"): Browser is opened with url: 'https://www.saucedemo.com/'

2023-05-12 17:35:15 - [MESSAGE][INFO] - Starting 'Chrome' driver

2023-05-12 17:35:15 - [MESSAGE][INFO] - Action delay is set to 0 milliseconds

2023-05-12 17:35:17 - [MESSAGE][PASSED] - Browser is opened with url: 'https://www.saucedemo.com/'

2023-05-12 17:35:17 - [TEST_STEP][PASSED] - click(findTestObject("Object Repository/Page_Swag Labs/input_Swag Labs_user-name")): Object: 'Object Repository/Page_Swag Labs/input_Swag Labs_user-name' is clicked on

2023-05-12 17:35:18 - [MESSAGE][PASSED] - Object: 'Object Repository/Page_Swag Labs/input_Swag Labs_user-name' is clicked on

2023-05-12 17:35:18 - [TEST_STEP][PASSED] - sendKeys(findTestObject("Object Repository/Page_Swag Labs/input_Swag Labs_user-name"), "standard_user"): Keys 'standard_user' sent to object: 'Object Repository/Page_Swag Labs/input_Swag Labs_user-name'

2023-05-12 17:35:18 - [MESSAGE][PASSED] - Keys 'standard_user' sent to object: 'Object Repository/Page_Swag Labs/input_Swag Labs_user-name'

2023-05-12 17:35:18 - [TEST_STEP][PASSED] - click(findTestObject("Object Repository/Page_Swag Labs/input_Swag Labs_password")): Object: 'Object Repository/Page_Swag Labs/input_Swag Labs_password' is clicked on

2023-05-12 17:35:18 - [MESSAGE][PASSED] - Object: 'Object Repository/Page_Swag Labs/input_Swag Labs_password' is clicked on

2023-05-12 17:35:18 - [TEST_STEP][PASSED] - sendKeys(findTestObject("Object Repository/Page_Swag Labs/input_Swag Labs_password"), "secret_sauce"): Keys 'secret_sauce' sent to object: 'Object Repository/Page_Swag Labs/input_Swag Labs_password'

2023-05-12 17:35:19 - [MESSAGE][PASSED] - Keys 'secret_sauce' sent to object: 'Object Repository/Page_Swag Labs/input_Swag Labs_password'

2023-05-12 17:35:19 - [TEST_STEP][PASSED] - click(findTestObject("Object Repository/Page_Swag Labs/input_Swag Labs_login-button")): Object: 'Object Repository/Page_Swag Labs/input_Swag Labs_login-button' is clicked on

2023-05-12 17:35:19 - [MESSAGE][PASSED] - Object: 'Object Repository/Page_Swag Labs/input_Swag Labs_login-button' is clicked on

2023-05-12 17:35:19 - [TEST_STEP][PASSED] - click(findTestObject("Object Repository/inventoryPage/Backpack")): Object: 'Object Repository/inventoryPage/Backpack' is clicked on

2023-05-12 17:35:20 - [MESSAGE][PASSED] - Object: 'Object Repository/inventoryPage/Backpack' is clicked on

2023-05-12 17:35:20 - [TEST_STEP][PASSED] - click(findTestObject("Object Repository/inventoryPage/button_Add to cart")): Object: 'Object Repository/inventoryPage/button_Add to cart' is clicked on

2023-05-12 17:35:20 - [MESSAGE][PASSED] - Object: 'Object Repository/inventoryPage/button_Add to cart' is clicked on

2023-05-12 17:35:20 - [TEST_STEP][PASSED] - click(findTestObject("Object Repository/inventoryPage/products_back-image")): Object: 'Object Repository/inventoryPage/products_back-image' is clicked on

2023-05-12 17:35:21 - [MESSAGE][PASSED] - Object: 'Object Repository/inventoryPage/products_back-image' is clicked on

2023-05-12 17:35:21 - [TEST_STEP][PASSED] - click(findTestObject("Object Repository/inventoryPage/cart")): Object: 'Object Repository/inventoryPage/cart' is clicked on

2023-05-12 17:35:21 - [MESSAGE][PASSED] - Object: 'Object Repository/inventoryPage/cart' is clicked on

2023-05-12 17:35:21 - [TEST_STEP][PASSED] - click(findTestObject("Object Repository/CheckoutPage/button_Checkout")): Object: 'Object Repository/CheckoutPage/button_Checkout' is clicked on

2023-05-12 17:35:22 - [MESSAGE][PASSED] - Object: 'Object Repository/CheckoutPage/button_Checkout' is clicked on

2023-05-12 17:35:22 - [TEST_STEP][PASSED] - sendKeys(findTestObject("Object Repository/checkout-step-one/input_Checkout Your Information_firstName"), "demo"): Keys 'demo' sent to object: 'Object Repository/checkout-step-one/input_Checkout Your Information_firstName'

2023-05-12 17:35:22 - [MESSAGE][PASSED] - Keys 'demo' sent to object: 'Object Repository/checkout-step-one/input_Checkout Your Information_firstName'

2023-05-12 17:35:22 - [TEST_STEP][PASSED] - sendKeys(findTestObject("Object Repository/checkout-step-one/input_Checkout Your Information_lastName"), "qa test"): Keys 'qa test' sent to object: 'Object Repository/checkout-step-one/input_Checkout Your Information_lastName'

2023-05-12 17:35:23 - [MESSAGE][PASSED] - Keys 'qa test' sent to object: 'Object Repository/checkout-step-one/input_Checkout Your Information_lastName'

2023-05-12 17:35:23 - [TEST_STEP][PASSED] - sendKeys(findTestObject("Object Repository/checkout-step-one/input_Checkout Your Information_postalCode"), "9000"): Keys '9000' sent to object: 'Object Repository/checkout-step-one/input_Checkout Your Information_postalCode'

2023-05-12 17:35:23 - [MESSAGE][PASSED] - Keys '9000' sent to object: 'Object Repository/checkout-step-one/input_Checkout Your Information_postalCode'

2023-05-12 17:35:23 - [TEST_STEP][PASSED] - click(findTestObject("Object Repository/checkout-step-one/input_continue")): Object: 'Object Repository/checkout-step-one/input_continue' is clicked on

2023-05-12 17:35:24 - [MESSAGE][PASSED] - Object: 'Object Repository/checkout-step-one/input_continue' is clicked on

2023-05-12 17:35:24 - [TEST_STEP][PASSED] - click(findTestObject("Object Repository/finish checkout/button_Finish")): Object: 'Object Repository/finish checkout/button_Finish' is clicked on

2023-05-12 17:35:24 - [MESSAGE][PASSED] - Object: 'Object Repository/finish checkout/button_Finish' is clicked on

2023-05-12 17:35:24 - [TEST_STEP][PASSED] - verifyElementVisible(findTestObject("Object Repository/order-success/h2_Thank you for your order")): Object 'Object Repository/order-success/h2_Thank you for your order' is visible

2023-05-12 17:35:25 - [MESSAGE][PASSED] - Object 'Object Repository/order-success/h2_Thank you for your order' is visible

2023-05-12 17:35:25 - [TEST_STEP][PASSED] - click(findTestObject("Object Repository/NavSideBar/sidebar")): Object: 'Object Repository/NavSideBar/sidebar' is clicked on

2023-05-12 17:35:25 - [MESSAGE][PASSED] - Object: 'Object Repository/NavSideBar/sidebar' is clicked on

2023-05-12 17:35:25 - [TEST_STEP][PASSED] - click(findTestObject("Object Repository/NavSideBar/a_Logout")): Object: 'Object Repository/NavSideBar/a_Logout' is clicked on

2023-05-12 17:35:26 - [MESSAGE][PASSED] - Object: 'Object Repository/NavSideBar/a_Logout' is clicked on

2023-05-12 17:35:26 - [TEST_STEP][PASSED] - verifyElementVisible(findTestObject("Object Repository/Page_Swag Labs/input_Swag Labs_user-name")): Object 'Object Repository/Page_Swag Labs/input_Swag Labs_user-name' is visible

2023-05-12 17:35:26 - [MESSAGE][PASSED] - Object 'Object Repository/Page_Swag Labs/input_Swag Labs_user-name' is visible

2023-05-12 17:35:26 - [TEST_STEP][PASSED] - closeBrowser(): Browser is closed

2023-05-12 17:35:27 - [MESSAGE][PASSED] - Browser is closed]]></system-out>
         <system-err><![CDATA[]]></system-err>
      </testcase>
      <testcase name="Test Cases/test-flow-1-buy-1-product" time="11.885" classname="Test Cases/test-flow-1-buy-1-product" status="PASSED">
         <system-out><![CDATA[2023-05-12 17:35:27 - [TEST_CASE][PASSED] - Test Cases/test-flow-1-buy-1-product: Test Cases/test-flow-1-buy-1-product

2023-05-12 17:35:27 - [TEST_STEP][PASSED] - openBrowser("https://www.saucedemo.com/"): Browser is opened with url: 'https://www.saucedemo.com/'

2023-05-12 17:35:27 - [MESSAGE][INFO] - Starting 'Chrome' driver

2023-05-12 17:35:27 - [MESSAGE][INFO] - Action delay is set to 0 milliseconds

2023-05-12 17:35:29 - [MESSAGE][PASSED] - Browser is opened with url: 'https://www.saucedemo.com/'

2023-05-12 17:35:29 - [TEST_STEP][PASSED] - click(findTestObject("Object Repository/Page_Swag Labs/input_Swag Labs_user-name")): Object: 'Object Repository/Page_Swag Labs/input_Swag Labs_user-name' is clicked on

2023-05-12 17:35:30 - [MESSAGE][PASSED] - Object: 'Object Repository/Page_Swag Labs/input_Swag Labs_user-name' is clicked on

2023-05-12 17:35:30 - [TEST_STEP][PASSED] - sendKeys(findTestObject("Object Repository/Page_Swag Labs/input_Swag Labs_user-name"), "standard_user"): Keys 'standard_user' sent to object: 'Object Repository/Page_Swag Labs/input_Swag Labs_user-name'

2023-05-12 17:35:30 - [MESSAGE][PASSED] - Keys 'standard_user' sent to object: 'Object Repository/Page_Swag Labs/input_Swag Labs_user-name'

2023-05-12 17:35:30 - [TEST_STEP][PASSED] - click(findTestObject("Object Repository/Page_Swag Labs/input_Swag Labs_password")): Object: 'Object Repository/Page_Swag Labs/input_Swag Labs_password' is clicked on

2023-05-12 17:35:30 - [MESSAGE][PASSED] - Object: 'Object Repository/Page_Swag Labs/input_Swag Labs_password' is clicked on

2023-05-12 17:35:30 - [TEST_STEP][PASSED] - sendKeys(findTestObject("Object Repository/Page_Swag Labs/input_Swag Labs_password"), "secret_sauce"): Keys 'secret_sauce' sent to object: 'Object Repository/Page_Swag Labs/input_Swag Labs_password'

2023-05-12 17:35:31 - [MESSAGE][PASSED] - Keys 'secret_sauce' sent to object: 'Object Repository/Page_Swag Labs/input_Swag Labs_password'

2023-05-12 17:35:31 - [TEST_STEP][PASSED] - click(findTestObject("Object Repository/Page_Swag Labs/input_Swag Labs_login-button")): Object: 'Object Repository/Page_Swag Labs/input_Swag Labs_login-button' is clicked on

2023-05-12 17:35:31 - [MESSAGE][PASSED] - Object: 'Object Repository/Page_Swag Labs/input_Swag Labs_login-button' is clicked on

2023-05-12 17:35:31 - [TEST_STEP][PASSED] - click(findTestObject("Object Repository/inventoryPage/Backpack")): Object: 'Object Repository/inventoryPage/Backpack' is clicked on

2023-05-12 17:35:31 - [MESSAGE][PASSED] - Object: 'Object Repository/inventoryPage/Backpack' is clicked on

2023-05-12 17:35:31 - [TEST_STEP][PASSED] - click(findTestObject("Object Repository/inventoryPage/button_Add to cart")): Object: 'Object Repository/inventoryPage/button_Add to cart' is clicked on

2023-05-12 17:35:32 - [MESSAGE][PASSED] - Object: 'Object Repository/inventoryPage/button_Add to cart' is clicked on

2023-05-12 17:35:32 - [TEST_STEP][PASSED] - click(findTestObject("Object Repository/inventoryPage/products_back-image")): Object: 'Object Repository/inventoryPage/products_back-image' is clicked on

2023-05-12 17:35:32 - [MESSAGE][PASSED] - Object: 'Object Repository/inventoryPage/products_back-image' is clicked on

2023-05-12 17:35:32 - [TEST_STEP][PASSED] - click(findTestObject("Object Repository/inventoryPage/cart")): Object: 'Object Repository/inventoryPage/cart' is clicked on

2023-05-12 17:35:33 - [MESSAGE][PASSED] - Object: 'Object Repository/inventoryPage/cart' is clicked on

2023-05-12 17:35:33 - [TEST_STEP][PASSED] - click(findTestObject("Object Repository/CheckoutPage/button_Checkout")): Object: 'Object Repository/CheckoutPage/button_Checkout' is clicked on

2023-05-12 17:35:34 - [MESSAGE][PASSED] - Object: 'Object Repository/CheckoutPage/button_Checkout' is clicked on

2023-05-12 17:35:34 - [TEST_STEP][PASSED] - sendKeys(findTestObject("Object Repository/checkout-step-one/input_Checkout Your Information_firstName"), "demo"): Keys 'demo' sent to object: 'Object Repository/checkout-step-one/input_Checkout Your Information_firstName'

2023-05-12 17:35:34 - [MESSAGE][PASSED] - Keys 'demo' sent to object: 'Object Repository/checkout-step-one/input_Checkout Your Information_firstName'

2023-05-12 17:35:34 - [TEST_STEP][PASSED] - sendKeys(findTestObject("Object Repository/checkout-step-one/input_Checkout Your Information_lastName"), "qa test"): Keys 'qa test' sent to object: 'Object Repository/checkout-step-one/input_Checkout Your Information_lastName'

2023-05-12 17:35:35 - [MESSAGE][PASSED] - Keys 'qa test' sent to object: 'Object Repository/checkout-step-one/input_Checkout Your Information_lastName'

2023-05-12 17:35:35 - [TEST_STEP][PASSED] - sendKeys(findTestObject("Object Repository/checkout-step-one/input_Checkout Your Information_postalCode"), "9000"): Keys '9000' sent to object: 'Object Repository/checkout-step-one/input_Checkout Your Information_postalCode'

2023-05-12 17:35:35 - [MESSAGE][PASSED] - Keys '9000' sent to object: 'Object Repository/checkout-step-one/input_Checkout Your Information_postalCode'

2023-05-12 17:35:35 - [TEST_STEP][PASSED] - click(findTestObject("Object Repository/checkout-step-one/input_continue")): Object: 'Object Repository/checkout-step-one/input_continue' is clicked on

2023-05-12 17:35:36 - [MESSAGE][PASSED] - Object: 'Object Repository/checkout-step-one/input_continue' is clicked on

2023-05-12 17:35:36 - [TEST_STEP][PASSED] - click(findTestObject("Object Repository/finish checkout/button_Finish")): Object: 'Object Repository/finish checkout/button_Finish' is clicked on

2023-05-12 17:35:36 - [MESSAGE][PASSED] - Object: 'Object Repository/finish checkout/button_Finish' is clicked on

2023-05-12 17:35:36 - [TEST_STEP][PASSED] - verifyElementVisible(findTestObject("Object Repository/order-success/h2_Thank you for your order")): Object 'Object Repository/order-success/h2_Thank you for your order' is visible

2023-05-12 17:35:37 - [MESSAGE][PASSED] - Object 'Object Repository/order-success/h2_Thank you for your order' is visible

2023-05-12 17:35:37 - [TEST_STEP][PASSED] - click(findTestObject("Object Repository/NavSideBar/sidebar")): Object: 'Object Repository/NavSideBar/sidebar' is clicked on

2023-05-12 17:35:37 - [MESSAGE][PASSED] - Object: 'Object Repository/NavSideBar/sidebar' is clicked on

2023-05-12 17:35:37 - [TEST_STEP][PASSED] - click(findTestObject("Object Repository/NavSideBar/a_Logout")): Object: 'Object Repository/NavSideBar/a_Logout' is clicked on

2023-05-12 17:35:38 - [MESSAGE][PASSED] - Object: 'Object Repository/NavSideBar/a_Logout' is clicked on

2023-05-12 17:35:38 - [TEST_STEP][PASSED] - verifyElementVisible(findTestObject("Object Repository/Page_Swag Labs/input_Swag Labs_user-name")): Object 'Object Repository/Page_Swag Labs/input_Swag Labs_user-name' is visible

2023-05-12 17:35:38 - [MESSAGE][PASSED] - Object 'Object Repository/Page_Swag Labs/input_Swag Labs_user-name' is visible

2023-05-12 17:35:38 - [TEST_STEP][PASSED] - closeBrowser(): Browser is closed

2023-05-12 17:35:39 - [MESSAGE][PASSED] - Browser is closed]]></system-out>
         <system-err><![CDATA[]]></system-err>
      </testcase>
      <testcase name="Test Cases/test-flow-1-buy-1-product" time="11.565" classname="Test Cases/test-flow-1-buy-1-product" status="PASSED">
         <system-out><![CDATA[2023-05-12 17:35:39 - [TEST_CASE][PASSED] - Test Cases/test-flow-1-buy-1-product: Test Cases/test-flow-1-buy-1-product

2023-05-12 17:35:39 - [TEST_STEP][PASSED] - openBrowser("https://www.saucedemo.com/"): Browser is opened with url: 'https://www.saucedemo.com/'

2023-05-12 17:35:39 - [MESSAGE][INFO] - Starting 'Chrome' driver

2023-05-12 17:35:39 - [MESSAGE][INFO] - Action delay is set to 0 milliseconds

2023-05-12 17:35:41 - [MESSAGE][PASSED] - Browser is opened with url: 'https://www.saucedemo.com/'

2023-05-12 17:35:41 - [TEST_STEP][PASSED] - click(findTestObject("Object Repository/Page_Swag Labs/input_Swag Labs_user-name")): Object: 'Object Repository/Page_Swag Labs/input_Swag Labs_user-name' is clicked on

2023-05-12 17:35:41 - [MESSAGE][PASSED] - Object: 'Object Repository/Page_Swag Labs/input_Swag Labs_user-name' is clicked on

2023-05-12 17:35:41 - [TEST_STEP][PASSED] - sendKeys(findTestObject("Object Repository/Page_Swag Labs/input_Swag Labs_user-name"), "standard_user"): Keys 'standard_user' sent to object: 'Object Repository/Page_Swag Labs/input_Swag Labs_user-name'

2023-05-12 17:35:42 - [MESSAGE][PASSED] - Keys 'standard_user' sent to object: 'Object Repository/Page_Swag Labs/input_Swag Labs_user-name'

2023-05-12 17:35:42 - [TEST_STEP][PASSED] - click(findTestObject("Object Repository/Page_Swag Labs/input_Swag Labs_password")): Object: 'Object Repository/Page_Swag Labs/input_Swag Labs_password' is clicked on

2023-05-12 17:35:42 - [MESSAGE][PASSED] - Object: 'Object Repository/Page_Swag Labs/input_Swag Labs_password' is clicked on

2023-05-12 17:35:42 - [TEST_STEP][PASSED] - sendKeys(findTestObject("Object Repository/Page_Swag Labs/input_Swag Labs_password"), "secret_sauce"): Keys 'secret_sauce' sent to object: 'Object Repository/Page_Swag Labs/input_Swag Labs_password'

2023-05-12 17:35:42 - [MESSAGE][PASSED] - Keys 'secret_sauce' sent to object: 'Object Repository/Page_Swag Labs/input_Swag Labs_password'

2023-05-12 17:35:42 - [TEST_STEP][PASSED] - click(findTestObject("Object Repository/Page_Swag Labs/input_Swag Labs_login-button")): Object: 'Object Repository/Page_Swag Labs/input_Swag Labs_login-button' is clicked on

2023-05-12 17:35:43 - [MESSAGE][PASSED] - Object: 'Object Repository/Page_Swag Labs/input_Swag Labs_login-button' is clicked on

2023-05-12 17:35:43 - [TEST_STEP][PASSED] - click(findTestObject("Object Repository/inventoryPage/Backpack")): Object: 'Object Repository/inventoryPage/Backpack' is clicked on

2023-05-12 17:35:43 - [MESSAGE][PASSED] - Object: 'Object Repository/inventoryPage/Backpack' is clicked on

2023-05-12 17:35:43 - [TEST_STEP][PASSED] - click(findTestObject("Object Repository/inventoryPage/button_Add to cart")): Object: 'Object Repository/inventoryPage/button_Add to cart' is clicked on

2023-05-12 17:35:44 - [MESSAGE][PASSED] - Object: 'Object Repository/inventoryPage/button_Add to cart' is clicked on

2023-05-12 17:35:44 - [TEST_STEP][PASSED] - click(findTestObject("Object Repository/inventoryPage/products_back-image")): Object: 'Object Repository/inventoryPage/products_back-image' is clicked on

2023-05-12 17:35:44 - [MESSAGE][PASSED] - Object: 'Object Repository/inventoryPage/products_back-image' is clicked on

2023-05-12 17:35:44 - [TEST_STEP][PASSED] - click(findTestObject("Object Repository/inventoryPage/cart")): Object: 'Object Repository/inventoryPage/cart' is clicked on

2023-05-12 17:35:45 - [MESSAGE][PASSED] - Object: 'Object Repository/inventoryPage/cart' is clicked on

2023-05-12 17:35:45 - [TEST_STEP][PASSED] - click(findTestObject("Object Repository/CheckoutPage/button_Checkout")): Object: 'Object Repository/CheckoutPage/button_Checkout' is clicked on

2023-05-12 17:35:45 - [MESSAGE][PASSED] - Object: 'Object Repository/CheckoutPage/button_Checkout' is clicked on

2023-05-12 17:35:45 - [TEST_STEP][PASSED] - sendKeys(findTestObject("Object Repository/checkout-step-one/input_Checkout Your Information_firstName"), "demo"): Keys 'demo' sent to object: 'Object Repository/checkout-step-one/input_Checkout Your Information_firstName'

2023-05-12 17:35:46 - [MESSAGE][PASSED] - Keys 'demo' sent to object: 'Object Repository/checkout-step-one/input_Checkout Your Information_firstName'

2023-05-12 17:35:46 - [TEST_STEP][PASSED] - sendKeys(findTestObject("Object Repository/checkout-step-one/input_Checkout Your Information_lastName"), "qa test"): Keys 'qa test' sent to object: 'Object Repository/checkout-step-one/input_Checkout Your Information_lastName'

2023-05-12 17:35:46 - [MESSAGE][PASSED] - Keys 'qa test' sent to object: 'Object Repository/checkout-step-one/input_Checkout Your Information_lastName'

2023-05-12 17:35:46 - [TEST_STEP][PASSED] - sendKeys(findTestObject("Object Repository/checkout-step-one/input_Checkout Your Information_postalCode"), "9000"): Keys '9000' sent to object: 'Object Repository/checkout-step-one/input_Checkout Your Information_postalCode'

2023-05-12 17:35:47 - [MESSAGE][PASSED] - Keys '9000' sent to object: 'Object Repository/checkout-step-one/input_Checkout Your Information_postalCode'

2023-05-12 17:35:47 - [TEST_STEP][PASSED] - click(findTestObject("Object Repository/checkout-step-one/input_continue")): Object: 'Object Repository/checkout-step-one/input_continue' is clicked on

2023-05-12 17:35:47 - [MESSAGE][PASSED] - Object: 'Object Repository/checkout-step-one/input_continue' is clicked on

2023-05-12 17:35:47 - [TEST_STEP][PASSED] - click(findTestObject("Object Repository/finish checkout/button_Finish")): Object: 'Object Repository/finish checkout/button_Finish' is clicked on

2023-05-12 17:35:48 - [MESSAGE][PASSED] - Object: 'Object Repository/finish checkout/button_Finish' is clicked on

2023-05-12 17:35:48 - [TEST_STEP][PASSED] - verifyElementVisible(findTestObject("Object Repository/order-success/h2_Thank you for your order")): Object 'Object Repository/order-success/h2_Thank you for your order' is visible

2023-05-12 17:35:48 - [MESSAGE][PASSED] - Object 'Object Repository/order-success/h2_Thank you for your order' is visible

2023-05-12 17:35:48 - [TEST_STEP][PASSED] - click(findTestObject("Object Repository/NavSideBar/sidebar")): Object: 'Object Repository/NavSideBar/sidebar' is clicked on

2023-05-12 17:35:49 - [MESSAGE][PASSED] - Object: 'Object Repository/NavSideBar/sidebar' is clicked on

2023-05-12 17:35:49 - [TEST_STEP][PASSED] - click(findTestObject("Object Repository/NavSideBar/a_Logout")): Object: 'Object Repository/NavSideBar/a_Logout' is clicked on

2023-05-12 17:35:49 - [MESSAGE][PASSED] - Object: 'Object Repository/NavSideBar/a_Logout' is clicked on

2023-05-12 17:35:49 - [TEST_STEP][PASSED] - verifyElementVisible(findTestObject("Object Repository/Page_Swag Labs/input_Swag Labs_user-name")): Object 'Object Repository/Page_Swag Labs/input_Swag Labs_user-name' is visible

2023-05-12 17:35:50 - [MESSAGE][PASSED] - Object 'Object Repository/Page_Swag Labs/input_Swag Labs_user-name' is visible

2023-05-12 17:35:50 - [TEST_STEP][PASSED] - closeBrowser(): Browser is closed

2023-05-12 17:35:50 - [MESSAGE][PASSED] - Browser is closed]]></system-out>
         <system-err><![CDATA[]]></system-err>
      </testcase>
      <testcase name="Test Cases/test-flow-1-buy-1-product" time="11.869" classname="Test Cases/test-flow-1-buy-1-product" status="PASSED">
         <system-out><![CDATA[2023-05-12 17:35:50 - [TEST_CASE][PASSED] - Test Cases/test-flow-1-buy-1-product: Test Cases/test-flow-1-buy-1-product

2023-05-12 17:35:50 - [TEST_STEP][PASSED] - openBrowser("https://www.saucedemo.com/"): Browser is opened with url: 'https://www.saucedemo.com/'

2023-05-12 17:35:50 - [MESSAGE][INFO] - Starting 'Chrome' driver

2023-05-12 17:35:50 - [MESSAGE][INFO] - Action delay is set to 0 milliseconds

2023-05-12 17:35:52 - [MESSAGE][PASSED] - Browser is opened with url: 'https://www.saucedemo.com/'

2023-05-12 17:35:52 - [TEST_STEP][PASSED] - click(findTestObject("Object Repository/Page_Swag Labs/input_Swag Labs_user-name")): Object: 'Object Repository/Page_Swag Labs/input_Swag Labs_user-name' is clicked on

2023-05-12 17:35:53 - [MESSAGE][PASSED] - Object: 'Object Repository/Page_Swag Labs/input_Swag Labs_user-name' is clicked on

2023-05-12 17:35:53 - [TEST_STEP][PASSED] - sendKeys(findTestObject("Object Repository/Page_Swag Labs/input_Swag Labs_user-name"), "standard_user"): Keys 'standard_user' sent to object: 'Object Repository/Page_Swag Labs/input_Swag Labs_user-name'

2023-05-12 17:35:53 - [MESSAGE][PASSED] - Keys 'standard_user' sent to object: 'Object Repository/Page_Swag Labs/input_Swag Labs_user-name'

2023-05-12 17:35:53 - [TEST_STEP][PASSED] - click(findTestObject("Object Repository/Page_Swag Labs/input_Swag Labs_password")): Object: 'Object Repository/Page_Swag Labs/input_Swag Labs_password' is clicked on

2023-05-12 17:35:54 - [MESSAGE][PASSED] - Object: 'Object Repository/Page_Swag Labs/input_Swag Labs_password' is clicked on

2023-05-12 17:35:54 - [TEST_STEP][PASSED] - sendKeys(findTestObject("Object Repository/Page_Swag Labs/input_Swag Labs_password"), "secret_sauce"): Keys 'secret_sauce' sent to object: 'Object Repository/Page_Swag Labs/input_Swag Labs_password'

2023-05-12 17:35:54 - [MESSAGE][PASSED] - Keys 'secret_sauce' sent to object: 'Object Repository/Page_Swag Labs/input_Swag Labs_password'

2023-05-12 17:35:54 - [TEST_STEP][PASSED] - click(findTestObject("Object Repository/Page_Swag Labs/input_Swag Labs_login-button")): Object: 'Object Repository/Page_Swag Labs/input_Swag Labs_login-button' is clicked on

2023-05-12 17:35:54 - [MESSAGE][PASSED] - Object: 'Object Repository/Page_Swag Labs/input_Swag Labs_login-button' is clicked on

2023-05-12 17:35:54 - [TEST_STEP][PASSED] - click(findTestObject("Object Repository/inventoryPage/Backpack")): Object: 'Object Repository/inventoryPage/Backpack' is clicked on

2023-05-12 17:35:55 - [MESSAGE][PASSED] - Object: 'Object Repository/inventoryPage/Backpack' is clicked on

2023-05-12 17:35:55 - [TEST_STEP][PASSED] - click(findTestObject("Object Repository/inventoryPage/button_Add to cart")): Object: 'Object Repository/inventoryPage/button_Add to cart' is clicked on

2023-05-12 17:35:55 - [MESSAGE][PASSED] - Object: 'Object Repository/inventoryPage/button_Add to cart' is clicked on

2023-05-12 17:35:55 - [TEST_STEP][PASSED] - click(findTestObject("Object Repository/inventoryPage/products_back-image")): Object: 'Object Repository/inventoryPage/products_back-image' is clicked on

2023-05-12 17:35:56 - [MESSAGE][PASSED] - Object: 'Object Repository/inventoryPage/products_back-image' is clicked on

2023-05-12 17:35:56 - [TEST_STEP][PASSED] - click(findTestObject("Object Repository/inventoryPage/cart")): Object: 'Object Repository/inventoryPage/cart' is clicked on

2023-05-12 17:35:56 - [MESSAGE][PASSED] - Object: 'Object Repository/inventoryPage/cart' is clicked on

2023-05-12 17:35:56 - [TEST_STEP][PASSED] - click(findTestObject("Object Repository/CheckoutPage/button_Checkout")): Object: 'Object Repository/CheckoutPage/button_Checkout' is clicked on

2023-05-12 17:35:57 - [MESSAGE][PASSED] - Object: 'Object Repository/CheckoutPage/button_Checkout' is clicked on

2023-05-12 17:35:57 - [TEST_STEP][PASSED] - sendKeys(findTestObject("Object Repository/checkout-step-one/input_Checkout Your Information_firstName"), "demo"): Keys 'demo' sent to object: 'Object Repository/checkout-step-one/input_Checkout Your Information_firstName'

2023-05-12 17:35:57 - [MESSAGE][PASSED] - Keys 'demo' sent to object: 'Object Repository/checkout-step-one/input_Checkout Your Information_firstName'

2023-05-12 17:35:57 - [TEST_STEP][PASSED] - sendKeys(findTestObject("Object Repository/checkout-step-one/input_Checkout Your Information_lastName"), "qa test"): Keys 'qa test' sent to object: 'Object Repository/checkout-step-one/input_Checkout Your Information_lastName'

2023-05-12 17:35:58 - [MESSAGE][PASSED] - Keys 'qa test' sent to object: 'Object Repository/checkout-step-one/input_Checkout Your Information_lastName'

2023-05-12 17:35:58 - [TEST_STEP][PASSED] - sendKeys(findTestObject("Object Repository/checkout-step-one/input_Checkout Your Information_postalCode"), "9000"): Keys '9000' sent to object: 'Object Repository/checkout-step-one/input_Checkout Your Information_postalCode'

2023-05-12 17:35:59 - [MESSAGE][PASSED] - Keys '9000' sent to object: 'Object Repository/checkout-step-one/input_Checkout Your Information_postalCode'

2023-05-12 17:35:59 - [TEST_STEP][PASSED] - click(findTestObject("Object Repository/checkout-step-one/input_continue")): Object: 'Object Repository/checkout-step-one/input_continue' is clicked on

2023-05-12 17:35:59 - [MESSAGE][PASSED] - Object: 'Object Repository/checkout-step-one/input_continue' is clicked on

2023-05-12 17:35:59 - [TEST_STEP][PASSED] - click(findTestObject("Object Repository/finish checkout/button_Finish")): Object: 'Object Repository/finish checkout/button_Finish' is clicked on

2023-05-12 17:36:00 - [MESSAGE][PASSED] - Object: 'Object Repository/finish checkout/button_Finish' is clicked on

2023-05-12 17:36:00 - [TEST_STEP][PASSED] - verifyElementVisible(findTestObject("Object Repository/order-success/h2_Thank you for your order")): Object 'Object Repository/order-success/h2_Thank you for your order' is visible

2023-05-12 17:36:00 - [MESSAGE][PASSED] - Object 'Object Repository/order-success/h2_Thank you for your order' is visible

2023-05-12 17:36:00 - [TEST_STEP][PASSED] - click(findTestObject("Object Repository/NavSideBar/sidebar")): Object: 'Object Repository/NavSideBar/sidebar' is clicked on

2023-05-12 17:36:01 - [MESSAGE][PASSED] - Object: 'Object Repository/NavSideBar/sidebar' is clicked on

2023-05-12 17:36:01 - [TEST_STEP][PASSED] - click(findTestObject("Object Repository/NavSideBar/a_Logout")): Object: 'Object Repository/NavSideBar/a_Logout' is clicked on

2023-05-12 17:36:01 - [MESSAGE][PASSED] - Object: 'Object Repository/NavSideBar/a_Logout' is clicked on

2023-05-12 17:36:01 - [TEST_STEP][PASSED] - verifyElementVisible(findTestObject("Object Repository/Page_Swag Labs/input_Swag Labs_user-name")): Object 'Object Repository/Page_Swag Labs/input_Swag Labs_user-name' is visible

2023-05-12 17:36:02 - [MESSAGE][PASSED] - Object 'Object Repository/Page_Swag Labs/input_Swag Labs_user-name' is visible

2023-05-12 17:36:02 - [TEST_STEP][PASSED] - closeBrowser(): Browser is closed

2023-05-12 17:36:02 - [MESSAGE][PASSED] - Browser is closed]]></system-out>
         <system-err><![CDATA[]]></system-err>
      </testcase>
      <testcase name="Test Cases/test-flow-1-buy-1-product" time="12.098" classname="Test Cases/test-flow-1-buy-1-product" status="PASSED">
         <system-out><![CDATA[2023-05-12 17:36:02 - [TEST_CASE][PASSED] - Test Cases/test-flow-1-buy-1-product: Test Cases/test-flow-1-buy-1-product

2023-05-12 17:36:02 - [TEST_STEP][PASSED] - openBrowser("https://www.saucedemo.com/"): Browser is opened with url: 'https://www.saucedemo.com/'

2023-05-12 17:36:02 - [MESSAGE][INFO] - Starting 'Chrome' driver

2023-05-12 17:36:02 - [MESSAGE][INFO] - Action delay is set to 0 milliseconds

2023-05-12 17:36:04 - [MESSAGE][PASSED] - Browser is opened with url: 'https://www.saucedemo.com/'

2023-05-12 17:36:04 - [TEST_STEP][PASSED] - click(findTestObject("Object Repository/Page_Swag Labs/input_Swag Labs_user-name")): Object: 'Object Repository/Page_Swag Labs/input_Swag Labs_user-name' is clicked on

2023-05-12 17:36:05 - [MESSAGE][PASSED] - Object: 'Object Repository/Page_Swag Labs/input_Swag Labs_user-name' is clicked on

2023-05-12 17:36:05 - [TEST_STEP][PASSED] - sendKeys(findTestObject("Object Repository/Page_Swag Labs/input_Swag Labs_user-name"), "standard_user"): Keys 'standard_user' sent to object: 'Object Repository/Page_Swag Labs/input_Swag Labs_user-name'

2023-05-12 17:36:05 - [MESSAGE][PASSED] - Keys 'standard_user' sent to object: 'Object Repository/Page_Swag Labs/input_Swag Labs_user-name'

2023-05-12 17:36:05 - [TEST_STEP][PASSED] - click(findTestObject("Object Repository/Page_Swag Labs/input_Swag Labs_password")): Object: 'Object Repository/Page_Swag Labs/input_Swag Labs_password' is clicked on

2023-05-12 17:36:06 - [MESSAGE][PASSED] - Object: 'Object Repository/Page_Swag Labs/input_Swag Labs_password' is clicked on

2023-05-12 17:36:06 - [TEST_STEP][PASSED] - sendKeys(findTestObject("Object Repository/Page_Swag Labs/input_Swag Labs_password"), "secret_sauce"): Keys 'secret_sauce' sent to object: 'Object Repository/Page_Swag Labs/input_Swag Labs_password'

2023-05-12 17:36:06 - [MESSAGE][PASSED] - Keys 'secret_sauce' sent to object: 'Object Repository/Page_Swag Labs/input_Swag Labs_password'

2023-05-12 17:36:06 - [TEST_STEP][PASSED] - click(findTestObject("Object Repository/Page_Swag Labs/input_Swag Labs_login-button")): Object: 'Object Repository/Page_Swag Labs/input_Swag Labs_login-button' is clicked on

2023-05-12 17:36:06 - [MESSAGE][PASSED] - Object: 'Object Repository/Page_Swag Labs/input_Swag Labs_login-button' is clicked on

2023-05-12 17:36:06 - [TEST_STEP][PASSED] - click(findTestObject("Object Repository/inventoryPage/Backpack")): Object: 'Object Repository/inventoryPage/Backpack' is clicked on

2023-05-12 17:36:07 - [MESSAGE][PASSED] - Object: 'Object Repository/inventoryPage/Backpack' is clicked on

2023-05-12 17:36:07 - [TEST_STEP][PASSED] - click(findTestObject("Object Repository/inventoryPage/button_Add to cart")): Object: 'Object Repository/inventoryPage/button_Add to cart' is clicked on

2023-05-12 17:36:07 - [MESSAGE][PASSED] - Object: 'Object Repository/inventoryPage/button_Add to cart' is clicked on

2023-05-12 17:36:07 - [TEST_STEP][PASSED] - click(findTestObject("Object Repository/inventoryPage/products_back-image")): Object: 'Object Repository/inventoryPage/products_back-image' is clicked on

2023-05-12 17:36:08 - [MESSAGE][PASSED] - Object: 'Object Repository/inventoryPage/products_back-image' is clicked on

2023-05-12 17:36:08 - [TEST_STEP][PASSED] - click(findTestObject("Object Repository/inventoryPage/cart")): Object: 'Object Repository/inventoryPage/cart' is clicked on

2023-05-12 17:36:08 - [MESSAGE][PASSED] - Object: 'Object Repository/inventoryPage/cart' is clicked on

2023-05-12 17:36:08 - [TEST_STEP][PASSED] - click(findTestObject("Object Repository/CheckoutPage/button_Checkout")): Object: 'Object Repository/CheckoutPage/button_Checkout' is clicked on

2023-05-12 17:36:09 - [MESSAGE][PASSED] - Object: 'Object Repository/CheckoutPage/button_Checkout' is clicked on

2023-05-12 17:36:09 - [TEST_STEP][PASSED] - sendKeys(findTestObject("Object Repository/checkout-step-one/input_Checkout Your Information_firstName"), "demo"): Keys 'demo' sent to object: 'Object Repository/checkout-step-one/input_Checkout Your Information_firstName'

2023-05-12 17:36:10 - [MESSAGE][PASSED] - Keys 'demo' sent to object: 'Object Repository/checkout-step-one/input_Checkout Your Information_firstName'

2023-05-12 17:36:10 - [TEST_STEP][PASSED] - sendKeys(findTestObject("Object Repository/checkout-step-one/input_Checkout Your Information_lastName"), "qa test"): Keys 'qa test' sent to object: 'Object Repository/checkout-step-one/input_Checkout Your Information_lastName'

2023-05-12 17:36:10 - [MESSAGE][PASSED] - Keys 'qa test' sent to object: 'Object Repository/checkout-step-one/input_Checkout Your Information_lastName'

2023-05-12 17:36:10 - [TEST_STEP][PASSED] - sendKeys(findTestObject("Object Repository/checkout-step-one/input_Checkout Your Information_postalCode"), "9000"): Keys '9000' sent to object: 'Object Repository/checkout-step-one/input_Checkout Your Information_postalCode'

2023-05-12 17:36:11 - [MESSAGE][PASSED] - Keys '9000' sent to object: 'Object Repository/checkout-step-one/input_Checkout Your Information_postalCode'

2023-05-12 17:36:11 - [TEST_STEP][PASSED] - click(findTestObject("Object Repository/checkout-step-one/input_continue")): Object: 'Object Repository/checkout-step-one/input_continue' is clicked on

2023-05-12 17:36:11 - [MESSAGE][PASSED] - Object: 'Object Repository/checkout-step-one/input_continue' is clicked on

2023-05-12 17:36:11 - [TEST_STEP][PASSED] - click(findTestObject("Object Repository/finish checkout/button_Finish")): Object: 'Object Repository/finish checkout/button_Finish' is clicked on

2023-05-12 17:36:12 - [MESSAGE][PASSED] - Object: 'Object Repository/finish checkout/button_Finish' is clicked on

2023-05-12 17:36:12 - [TEST_STEP][PASSED] - verifyElementVisible(findTestObject("Object Repository/order-success/h2_Thank you for your order")): Object 'Object Repository/order-success/h2_Thank you for your order' is visible

2023-05-12 17:36:12 - [MESSAGE][PASSED] - Object 'Object Repository/order-success/h2_Thank you for your order' is visible

2023-05-12 17:36:12 - [TEST_STEP][PASSED] - click(findTestObject("Object Repository/NavSideBar/sidebar")): Object: 'Object Repository/NavSideBar/sidebar' is clicked on

2023-05-12 17:36:13 - [MESSAGE][PASSED] - Object: 'Object Repository/NavSideBar/sidebar' is clicked on

2023-05-12 17:36:13 - [TEST_STEP][PASSED] - click(findTestObject("Object Repository/NavSideBar/a_Logout")): Object: 'Object Repository/NavSideBar/a_Logout' is clicked on

2023-05-12 17:36:13 - [MESSAGE][PASSED] - Object: 'Object Repository/NavSideBar/a_Logout' is clicked on

2023-05-12 17:36:13 - [TEST_STEP][PASSED] - verifyElementVisible(findTestObject("Object Repository/Page_Swag Labs/input_Swag Labs_user-name")): Object 'Object Repository/Page_Swag Labs/input_Swag Labs_user-name' is visible

2023-05-12 17:36:14 - [MESSAGE][PASSED] - Object 'Object Repository/Page_Swag Labs/input_Swag Labs_user-name' is visible

2023-05-12 17:36:14 - [TEST_STEP][PASSED] - closeBrowser(): Browser is closed

2023-05-12 17:36:14 - [MESSAGE][PASSED] - Browser is closed]]></system-out>
         <system-err><![CDATA[]]></system-err>
      </testcase>
      <testcase name="Test Cases/test-flow-1-buy-1-product" time="11.858" classname="Test Cases/test-flow-1-buy-1-product" status="PASSED">
         <system-out><![CDATA[2023-05-12 17:36:14 - [TEST_CASE][PASSED] - Test Cases/test-flow-1-buy-1-product: Test Cases/test-flow-1-buy-1-product

2023-05-12 17:36:14 - [TEST_STEP][PASSED] - openBrowser("https://www.saucedemo.com/"): Browser is opened with url: 'https://www.saucedemo.com/'

2023-05-12 17:36:14 - [MESSAGE][INFO] - Starting 'Chrome' driver

2023-05-12 17:36:14 - [MESSAGE][INFO] - Action delay is set to 0 milliseconds

2023-05-12 17:36:16 - [MESSAGE][PASSED] - Browser is opened with url: 'https://www.saucedemo.com/'

2023-05-12 17:36:16 - [TEST_STEP][PASSED] - click(findTestObject("Object Repository/Page_Swag Labs/input_Swag Labs_user-name")): Object: 'Object Repository/Page_Swag Labs/input_Swag Labs_user-name' is clicked on

2023-05-12 17:36:17 - [MESSAGE][PASSED] - Object: 'Object Repository/Page_Swag Labs/input_Swag Labs_user-name' is clicked on

2023-05-12 17:36:17 - [TEST_STEP][PASSED] - sendKeys(findTestObject("Object Repository/Page_Swag Labs/input_Swag Labs_user-name"), "standard_user"): Keys 'standard_user' sent to object: 'Object Repository/Page_Swag Labs/input_Swag Labs_user-name'

2023-05-12 17:36:17 - [MESSAGE][PASSED] - Keys 'standard_user' sent to object: 'Object Repository/Page_Swag Labs/input_Swag Labs_user-name'

2023-05-12 17:36:17 - [TEST_STEP][PASSED] - click(findTestObject("Object Repository/Page_Swag Labs/input_Swag Labs_password")): Object: 'Object Repository/Page_Swag Labs/input_Swag Labs_password' is clicked on

2023-05-12 17:36:17 - [MESSAGE][PASSED] - Object: 'Object Repository/Page_Swag Labs/input_Swag Labs_password' is clicked on

2023-05-12 17:36:17 - [TEST_STEP][PASSED] - sendKeys(findTestObject("Object Repository/Page_Swag Labs/input_Swag Labs_password"), "secret_sauce"): Keys 'secret_sauce' sent to object: 'Object Repository/Page_Swag Labs/input_Swag Labs_password'

2023-05-12 17:36:18 - [MESSAGE][PASSED] - Keys 'secret_sauce' sent to object: 'Object Repository/Page_Swag Labs/input_Swag Labs_password'

2023-05-12 17:36:18 - [TEST_STEP][PASSED] - click(findTestObject("Object Repository/Page_Swag Labs/input_Swag Labs_login-button")): Object: 'Object Repository/Page_Swag Labs/input_Swag Labs_login-button' is clicked on

2023-05-12 17:36:18 - [MESSAGE][PASSED] - Object: 'Object Repository/Page_Swag Labs/input_Swag Labs_login-button' is clicked on

2023-05-12 17:36:18 - [TEST_STEP][PASSED] - click(findTestObject("Object Repository/inventoryPage/Backpack")): Object: 'Object Repository/inventoryPage/Backpack' is clicked on

2023-05-12 17:36:19 - [MESSAGE][PASSED] - Object: 'Object Repository/inventoryPage/Backpack' is clicked on

2023-05-12 17:36:19 - [TEST_STEP][PASSED] - click(findTestObject("Object Repository/inventoryPage/button_Add to cart")): Object: 'Object Repository/inventoryPage/button_Add to cart' is clicked on

2023-05-12 17:36:19 - [MESSAGE][PASSED] - Object: 'Object Repository/inventoryPage/button_Add to cart' is clicked on

2023-05-12 17:36:19 - [TEST_STEP][PASSED] - click(findTestObject("Object Repository/inventoryPage/products_back-image")): Object: 'Object Repository/inventoryPage/products_back-image' is clicked on

2023-05-12 17:36:20 - [MESSAGE][PASSED] - Object: 'Object Repository/inventoryPage/products_back-image' is clicked on

2023-05-12 17:36:20 - [TEST_STEP][PASSED] - click(findTestObject("Object Repository/inventoryPage/cart")): Object: 'Object Repository/inventoryPage/cart' is clicked on

2023-05-12 17:36:20 - [MESSAGE][PASSED] - Object: 'Object Repository/inventoryPage/cart' is clicked on

2023-05-12 17:36:20 - [TEST_STEP][PASSED] - click(findTestObject("Object Repository/CheckoutPage/button_Checkout")): Object: 'Object Repository/CheckoutPage/button_Checkout' is clicked on

2023-05-12 17:36:21 - [MESSAGE][PASSED] - Object: 'Object Repository/CheckoutPage/button_Checkout' is clicked on

2023-05-12 17:36:21 - [TEST_STEP][PASSED] - sendKeys(findTestObject("Object Repository/checkout-step-one/input_Checkout Your Information_firstName"), "demo"): Keys 'demo' sent to object: 'Object Repository/checkout-step-one/input_Checkout Your Information_firstName'

2023-05-12 17:36:21 - [MESSAGE][PASSED] - Keys 'demo' sent to object: 'Object Repository/checkout-step-one/input_Checkout Your Information_firstName'

2023-05-12 17:36:21 - [TEST_STEP][PASSED] - sendKeys(findTestObject("Object Repository/checkout-step-one/input_Checkout Your Information_lastName"), "qa test"): Keys 'qa test' sent to object: 'Object Repository/checkout-step-one/input_Checkout Your Information_lastName'

2023-05-12 17:36:22 - [MESSAGE][PASSED] - Keys 'qa test' sent to object: 'Object Repository/checkout-step-one/input_Checkout Your Information_lastName'

2023-05-12 17:36:22 - [TEST_STEP][PASSED] - sendKeys(findTestObject("Object Repository/checkout-step-one/input_Checkout Your Information_postalCode"), "9000"): Keys '9000' sent to object: 'Object Repository/checkout-step-one/input_Checkout Your Information_postalCode'

2023-05-12 17:36:23 - [MESSAGE][PASSED] - Keys '9000' sent to object: 'Object Repository/checkout-step-one/input_Checkout Your Information_postalCode'

2023-05-12 17:36:23 - [TEST_STEP][PASSED] - click(findTestObject("Object Repository/checkout-step-one/input_continue")): Object: 'Object Repository/checkout-step-one/input_continue' is clicked on

2023-05-12 17:36:23 - [MESSAGE][PASSED] - Object: 'Object Repository/checkout-step-one/input_continue' is clicked on

2023-05-12 17:36:23 - [TEST_STEP][PASSED] - click(findTestObject("Object Repository/finish checkout/button_Finish")): Object: 'Object Repository/finish checkout/button_Finish' is clicked on

2023-05-12 17:36:24 - [MESSAGE][PASSED] - Object: 'Object Repository/finish checkout/button_Finish' is clicked on

2023-05-12 17:36:24 - [TEST_STEP][PASSED] - verifyElementVisible(findTestObject("Object Repository/order-success/h2_Thank you for your order")): Object 'Object Repository/order-success/h2_Thank you for your order' is visible

2023-05-12 17:36:24 - [MESSAGE][PASSED] - Object 'Object Repository/order-success/h2_Thank you for your order' is visible

2023-05-12 17:36:24 - [TEST_STEP][PASSED] - click(findTestObject("Object Repository/NavSideBar/sidebar")): Object: 'Object Repository/NavSideBar/sidebar' is clicked on

2023-05-12 17:36:25 - [MESSAGE][PASSED] - Object: 'Object Repository/NavSideBar/sidebar' is clicked on

2023-05-12 17:36:25 - [TEST_STEP][PASSED] - click(findTestObject("Object Repository/NavSideBar/a_Logout")): Object: 'Object Repository/NavSideBar/a_Logout' is clicked on

2023-05-12 17:36:25 - [MESSAGE][PASSED] - Object: 'Object Repository/NavSideBar/a_Logout' is clicked on

2023-05-12 17:36:25 - [TEST_STEP][PASSED] - verifyElementVisible(findTestObject("Object Repository/Page_Swag Labs/input_Swag Labs_user-name")): Object 'Object Repository/Page_Swag Labs/input_Swag Labs_user-name' is visible

2023-05-12 17:36:26 - [MESSAGE][PASSED] - Object 'Object Repository/Page_Swag Labs/input_Swag Labs_user-name' is visible

2023-05-12 17:36:26 - [TEST_STEP][PASSED] - closeBrowser(): Browser is closed

2023-05-12 17:36:26 - [MESSAGE][PASSED] - Browser is closed]]></system-out>
         <system-err><![CDATA[]]></system-err>
      </testcase>
      <testcase name="Test Cases/test-flow-1-buy-1-product" time="11.795" classname="Test Cases/test-flow-1-buy-1-product" status="PASSED">
         <system-out><![CDATA[2023-05-12 17:36:26 - [TEST_CASE][PASSED] - Test Cases/test-flow-1-buy-1-product: Test Cases/test-flow-1-buy-1-product

2023-05-12 17:36:26 - [TEST_STEP][PASSED] - openBrowser("https://www.saucedemo.com/"): Browser is opened with url: 'https://www.saucedemo.com/'

2023-05-12 17:36:26 - [MESSAGE][INFO] - Starting 'Chrome' driver

2023-05-12 17:36:26 - [MESSAGE][INFO] - Action delay is set to 0 milliseconds

2023-05-12 17:36:28 - [MESSAGE][PASSED] - Browser is opened with url: 'https://www.saucedemo.com/'

2023-05-12 17:36:28 - [TEST_STEP][PASSED] - click(findTestObject("Object Repository/Page_Swag Labs/input_Swag Labs_user-name")): Object: 'Object Repository/Page_Swag Labs/input_Swag Labs_user-name' is clicked on

2023-05-12 17:36:29 - [MESSAGE][PASSED] - Object: 'Object Repository/Page_Swag Labs/input_Swag Labs_user-name' is clicked on

2023-05-12 17:36:29 - [TEST_STEP][PASSED] - sendKeys(findTestObject("Object Repository/Page_Swag Labs/input_Swag Labs_user-name"), "standard_user"): Keys 'standard_user' sent to object: 'Object Repository/Page_Swag Labs/input_Swag Labs_user-name'

2023-05-12 17:36:29 - [MESSAGE][PASSED] - Keys 'standard_user' sent to object: 'Object Repository/Page_Swag Labs/input_Swag Labs_user-name'

2023-05-12 17:36:29 - [TEST_STEP][PASSED] - click(findTestObject("Object Repository/Page_Swag Labs/input_Swag Labs_password")): Object: 'Object Repository/Page_Swag Labs/input_Swag Labs_password' is clicked on

2023-05-12 17:36:29 - [MESSAGE][PASSED] - Object: 'Object Repository/Page_Swag Labs/input_Swag Labs_password' is clicked on

2023-05-12 17:36:29 - [TEST_STEP][PASSED] - sendKeys(findTestObject("Object Repository/Page_Swag Labs/input_Swag Labs_password"), "secret_sauce"): Keys 'secret_sauce' sent to object: 'Object Repository/Page_Swag Labs/input_Swag Labs_password'

2023-05-12 17:36:30 - [MESSAGE][PASSED] - Keys 'secret_sauce' sent to object: 'Object Repository/Page_Swag Labs/input_Swag Labs_password'

2023-05-12 17:36:30 - [TEST_STEP][PASSED] - click(findTestObject("Object Repository/Page_Swag Labs/input_Swag Labs_login-button")): Object: 'Object Repository/Page_Swag Labs/input_Swag Labs_login-button' is clicked on

2023-05-12 17:36:30 - [MESSAGE][PASSED] - Object: 'Object Repository/Page_Swag Labs/input_Swag Labs_login-button' is clicked on

2023-05-12 17:36:30 - [TEST_STEP][PASSED] - click(findTestObject("Object Repository/inventoryPage/Backpack")): Object: 'Object Repository/inventoryPage/Backpack' is clicked on

2023-05-12 17:36:31 - [MESSAGE][PASSED] - Object: 'Object Repository/inventoryPage/Backpack' is clicked on

2023-05-12 17:36:31 - [TEST_STEP][PASSED] - click(findTestObject("Object Repository/inventoryPage/button_Add to cart")): Object: 'Object Repository/inventoryPage/button_Add to cart' is clicked on

2023-05-12 17:36:31 - [MESSAGE][PASSED] - Object: 'Object Repository/inventoryPage/button_Add to cart' is clicked on

2023-05-12 17:36:31 - [TEST_STEP][PASSED] - click(findTestObject("Object Repository/inventoryPage/products_back-image")): Object: 'Object Repository/inventoryPage/products_back-image' is clicked on

2023-05-12 17:36:32 - [MESSAGE][PASSED] - Object: 'Object Repository/inventoryPage/products_back-image' is clicked on

2023-05-12 17:36:32 - [TEST_STEP][PASSED] - click(findTestObject("Object Repository/inventoryPage/cart")): Object: 'Object Repository/inventoryPage/cart' is clicked on

2023-05-12 17:36:32 - [MESSAGE][PASSED] - Object: 'Object Repository/inventoryPage/cart' is clicked on

2023-05-12 17:36:32 - [TEST_STEP][PASSED] - click(findTestObject("Object Repository/CheckoutPage/button_Checkout")): Object: 'Object Repository/CheckoutPage/button_Checkout' is clicked on

2023-05-12 17:36:33 - [MESSAGE][PASSED] - Object: 'Object Repository/CheckoutPage/button_Checkout' is clicked on

2023-05-12 17:36:33 - [TEST_STEP][PASSED] - sendKeys(findTestObject("Object Repository/checkout-step-one/input_Checkout Your Information_firstName"), "demo"): Keys 'demo' sent to object: 'Object Repository/checkout-step-one/input_Checkout Your Information_firstName'

2023-05-12 17:36:33 - [MESSAGE][PASSED] - Keys 'demo' sent to object: 'Object Repository/checkout-step-one/input_Checkout Your Information_firstName'

2023-05-12 17:36:33 - [TEST_STEP][PASSED] - sendKeys(findTestObject("Object Repository/checkout-step-one/input_Checkout Your Information_lastName"), "qa test"): Keys 'qa test' sent to object: 'Object Repository/checkout-step-one/input_Checkout Your Information_lastName'

2023-05-12 17:36:34 - [MESSAGE][PASSED] - Keys 'qa test' sent to object: 'Object Repository/checkout-step-one/input_Checkout Your Information_lastName'

2023-05-12 17:36:34 - [TEST_STEP][PASSED] - sendKeys(findTestObject("Object Repository/checkout-step-one/input_Checkout Your Information_postalCode"), "9000"): Keys '9000' sent to object: 'Object Repository/checkout-step-one/input_Checkout Your Information_postalCode'

2023-05-12 17:36:34 - [MESSAGE][PASSED] - Keys '9000' sent to object: 'Object Repository/checkout-step-one/input_Checkout Your Information_postalCode'

2023-05-12 17:36:34 - [TEST_STEP][PASSED] - click(findTestObject("Object Repository/checkout-step-one/input_continue")): Object: 'Object Repository/checkout-step-one/input_continue' is clicked on

2023-05-12 17:36:35 - [MESSAGE][PASSED] - Object: 'Object Repository/checkout-step-one/input_continue' is clicked on

2023-05-12 17:36:35 - [TEST_STEP][PASSED] - click(findTestObject("Object Repository/finish checkout/button_Finish")): Object: 'Object Repository/finish checkout/button_Finish' is clicked on

2023-05-12 17:36:35 - [MESSAGE][PASSED] - Object: 'Object Repository/finish checkout/button_Finish' is clicked on

2023-05-12 17:36:35 - [TEST_STEP][PASSED] - verifyElementVisible(findTestObject("Object Repository/order-success/h2_Thank you for your order")): Object 'Object Repository/order-success/h2_Thank you for your order' is visible

2023-05-12 17:36:36 - [MESSAGE][PASSED] - Object 'Object Repository/order-success/h2_Thank you for your order' is visible

2023-05-12 17:36:36 - [TEST_STEP][PASSED] - click(findTestObject("Object Repository/NavSideBar/sidebar")): Object: 'Object Repository/NavSideBar/sidebar' is clicked on

2023-05-12 17:36:36 - [MESSAGE][PASSED] - Object: 'Object Repository/NavSideBar/sidebar' is clicked on

2023-05-12 17:36:36 - [TEST_STEP][PASSED] - click(findTestObject("Object Repository/NavSideBar/a_Logout")): Object: 'Object Repository/NavSideBar/a_Logout' is clicked on

2023-05-12 17:36:37 - [MESSAGE][PASSED] - Object: 'Object Repository/NavSideBar/a_Logout' is clicked on

2023-05-12 17:36:37 - [TEST_STEP][PASSED] - verifyElementVisible(findTestObject("Object Repository/Page_Swag Labs/input_Swag Labs_user-name")): Object 'Object Repository/Page_Swag Labs/input_Swag Labs_user-name' is visible

2023-05-12 17:36:37 - [MESSAGE][PASSED] - Object 'Object Repository/Page_Swag Labs/input_Swag Labs_user-name' is visible

2023-05-12 17:36:37 - [TEST_STEP][PASSED] - closeBrowser(): Browser is closed

2023-05-12 17:36:38 - [MESSAGE][PASSED] - Browser is closed]]></system-out>
         <system-err><![CDATA[]]></system-err>
      </testcase>
      <testcase name="Test Cases/test-flow-1-buy-1-product" time="11.804" classname="Test Cases/test-flow-1-buy-1-product" status="PASSED">
         <system-out><![CDATA[2023-05-12 17:36:38 - [TEST_CASE][PASSED] - Test Cases/test-flow-1-buy-1-product: Test Cases/test-flow-1-buy-1-product

2023-05-12 17:36:38 - [TEST_STEP][PASSED] - openBrowser("https://www.saucedemo.com/"): Browser is opened with url: 'https://www.saucedemo.com/'

2023-05-12 17:36:38 - [MESSAGE][INFO] - Starting 'Chrome' driver

2023-05-12 17:36:38 - [MESSAGE][INFO] - Action delay is set to 0 milliseconds

2023-05-12 17:36:40 - [MESSAGE][PASSED] - Browser is opened with url: 'https://www.saucedemo.com/'

2023-05-12 17:36:40 - [TEST_STEP][PASSED] - click(findTestObject("Object Repository/Page_Swag Labs/input_Swag Labs_user-name")): Object: 'Object Repository/Page_Swag Labs/input_Swag Labs_user-name' is clicked on

2023-05-12 17:36:40 - [MESSAGE][PASSED] - Object: 'Object Repository/Page_Swag Labs/input_Swag Labs_user-name' is clicked on

2023-05-12 17:36:40 - [TEST_STEP][PASSED] - sendKeys(findTestObject("Object Repository/Page_Swag Labs/input_Swag Labs_user-name"), "standard_user"): Keys 'standard_user' sent to object: 'Object Repository/Page_Swag Labs/input_Swag Labs_user-name'

2023-05-12 17:36:41 - [MESSAGE][PASSED] - Keys 'standard_user' sent to object: 'Object Repository/Page_Swag Labs/input_Swag Labs_user-name'

2023-05-12 17:36:41 - [TEST_STEP][PASSED] - click(findTestObject("Object Repository/Page_Swag Labs/input_Swag Labs_password")): Object: 'Object Repository/Page_Swag Labs/input_Swag Labs_password' is clicked on

2023-05-12 17:36:41 - [MESSAGE][PASSED] - Object: 'Object Repository/Page_Swag Labs/input_Swag Labs_password' is clicked on

2023-05-12 17:36:41 - [TEST_STEP][PASSED] - sendKeys(findTestObject("Object Repository/Page_Swag Labs/input_Swag Labs_password"), "secret_sauce"): Keys 'secret_sauce' sent to object: 'Object Repository/Page_Swag Labs/input_Swag Labs_password'

2023-05-12 17:36:41 - [MESSAGE][PASSED] - Keys 'secret_sauce' sent to object: 'Object Repository/Page_Swag Labs/input_Swag Labs_password'

2023-05-12 17:36:41 - [TEST_STEP][PASSED] - click(findTestObject("Object Repository/Page_Swag Labs/input_Swag Labs_login-button")): Object: 'Object Repository/Page_Swag Labs/input_Swag Labs_login-button' is clicked on

2023-05-12 17:36:42 - [MESSAGE][PASSED] - Object: 'Object Repository/Page_Swag Labs/input_Swag Labs_login-button' is clicked on

2023-05-12 17:36:42 - [TEST_STEP][PASSED] - click(findTestObject("Object Repository/inventoryPage/Backpack")): Object: 'Object Repository/inventoryPage/Backpack' is clicked on

2023-05-12 17:36:42 - [MESSAGE][PASSED] - Object: 'Object Repository/inventoryPage/Backpack' is clicked on

2023-05-12 17:36:42 - [TEST_STEP][PASSED] - click(findTestObject("Object Repository/inventoryPage/button_Add to cart")): Object: 'Object Repository/inventoryPage/button_Add to cart' is clicked on

2023-05-12 17:36:43 - [MESSAGE][PASSED] - Object: 'Object Repository/inventoryPage/button_Add to cart' is clicked on

2023-05-12 17:36:43 - [TEST_STEP][PASSED] - click(findTestObject("Object Repository/inventoryPage/products_back-image")): Object: 'Object Repository/inventoryPage/products_back-image' is clicked on

2023-05-12 17:36:43 - [MESSAGE][PASSED] - Object: 'Object Repository/inventoryPage/products_back-image' is clicked on

2023-05-12 17:36:43 - [TEST_STEP][PASSED] - click(findTestObject("Object Repository/inventoryPage/cart")): Object: 'Object Repository/inventoryPage/cart' is clicked on

2023-05-12 17:36:44 - [MESSAGE][PASSED] - Object: 'Object Repository/inventoryPage/cart' is clicked on

2023-05-12 17:36:44 - [TEST_STEP][PASSED] - click(findTestObject("Object Repository/CheckoutPage/button_Checkout")): Object: 'Object Repository/CheckoutPage/button_Checkout' is clicked on

2023-05-12 17:36:44 - [MESSAGE][PASSED] - Object: 'Object Repository/CheckoutPage/button_Checkout' is clicked on

2023-05-12 17:36:44 - [TEST_STEP][PASSED] - sendKeys(findTestObject("Object Repository/checkout-step-one/input_Checkout Your Information_firstName"), "demo"): Keys 'demo' sent to object: 'Object Repository/checkout-step-one/input_Checkout Your Information_firstName'

2023-05-12 17:36:45 - [MESSAGE][PASSED] - Keys 'demo' sent to object: 'Object Repository/checkout-step-one/input_Checkout Your Information_firstName'

2023-05-12 17:36:45 - [TEST_STEP][PASSED] - sendKeys(findTestObject("Object Repository/checkout-step-one/input_Checkout Your Information_lastName"), "qa test"): Keys 'qa test' sent to object: 'Object Repository/checkout-step-one/input_Checkout Your Information_lastName'

2023-05-12 17:36:46 - [MESSAGE][PASSED] - Keys 'qa test' sent to object: 'Object Repository/checkout-step-one/input_Checkout Your Information_lastName'

2023-05-12 17:36:46 - [TEST_STEP][PASSED] - sendKeys(findTestObject("Object Repository/checkout-step-one/input_Checkout Your Information_postalCode"), "9000"): Keys '9000' sent to object: 'Object Repository/checkout-step-one/input_Checkout Your Information_postalCode'

2023-05-12 17:36:46 - [MESSAGE][PASSED] - Keys '9000' sent to object: 'Object Repository/checkout-step-one/input_Checkout Your Information_postalCode'

2023-05-12 17:36:46 - [TEST_STEP][PASSED] - click(findTestObject("Object Repository/checkout-step-one/input_continue")): Object: 'Object Repository/checkout-step-one/input_continue' is clicked on

2023-05-12 17:36:47 - [MESSAGE][PASSED] - Object: 'Object Repository/checkout-step-one/input_continue' is clicked on

2023-05-12 17:36:47 - [TEST_STEP][PASSED] - click(findTestObject("Object Repository/finish checkout/button_Finish")): Object: 'Object Repository/finish checkout/button_Finish' is clicked on

2023-05-12 17:36:47 - [MESSAGE][PASSED] - Object: 'Object Repository/finish checkout/button_Finish' is clicked on

2023-05-12 17:36:47 - [TEST_STEP][PASSED] - verifyElementVisible(findTestObject("Object Repository/order-success/h2_Thank you for your order")): Object 'Object Repository/order-success/h2_Thank you for your order' is visible

2023-05-12 17:36:48 - [MESSAGE][PASSED] - Object 'Object Repository/order-success/h2_Thank you for your order' is visible

2023-05-12 17:36:48 - [TEST_STEP][PASSED] - click(findTestObject("Object Repository/NavSideBar/sidebar")): Object: 'Object Repository/NavSideBar/sidebar' is clicked on

2023-05-12 17:36:48 - [MESSAGE][PASSED] - Object: 'Object Repository/NavSideBar/sidebar' is clicked on

2023-05-12 17:36:48 - [TEST_STEP][PASSED] - click(findTestObject("Object Repository/NavSideBar/a_Logout")): Object: 'Object Repository/NavSideBar/a_Logout' is clicked on

2023-05-12 17:36:49 - [MESSAGE][PASSED] - Object: 'Object Repository/NavSideBar/a_Logout' is clicked on

2023-05-12 17:36:49 - [TEST_STEP][PASSED] - verifyElementVisible(findTestObject("Object Repository/Page_Swag Labs/input_Swag Labs_user-name")): Object 'Object Repository/Page_Swag Labs/input_Swag Labs_user-name' is visible

2023-05-12 17:36:49 - [MESSAGE][PASSED] - Object 'Object Repository/Page_Swag Labs/input_Swag Labs_user-name' is visible

2023-05-12 17:36:49 - [TEST_STEP][PASSED] - closeBrowser(): Browser is closed

2023-05-12 17:36:50 - [MESSAGE][PASSED] - Browser is closed]]></system-out>
         <system-err><![CDATA[]]></system-err>
      </testcase>
      <testcase name="Test Cases/test-flow-1-buy-1-product" time="11.839" classname="Test Cases/test-flow-1-buy-1-product" status="PASSED">
         <system-out><![CDATA[2023-05-12 17:36:50 - [TEST_CASE][PASSED] - Test Cases/test-flow-1-buy-1-product: Test Cases/test-flow-1-buy-1-product

2023-05-12 17:36:50 - [TEST_STEP][PASSED] - openBrowser("https://www.saucedemo.com/"): Browser is opened with url: 'https://www.saucedemo.com/'

2023-05-12 17:36:50 - [MESSAGE][INFO] - Starting 'Chrome' driver

2023-05-12 17:36:50 - [MESSAGE][INFO] - Action delay is set to 0 milliseconds

2023-05-12 17:36:52 - [MESSAGE][PASSED] - Browser is opened with url: 'https://www.saucedemo.com/'

2023-05-12 17:36:52 - [TEST_STEP][PASSED] - click(findTestObject("Object Repository/Page_Swag Labs/input_Swag Labs_user-name")): Object: 'Object Repository/Page_Swag Labs/input_Swag Labs_user-name' is clicked on

2023-05-12 17:36:52 - [MESSAGE][PASSED] - Object: 'Object Repository/Page_Swag Labs/input_Swag Labs_user-name' is clicked on

2023-05-12 17:36:52 - [TEST_STEP][PASSED] - sendKeys(findTestObject("Object Repository/Page_Swag Labs/input_Swag Labs_user-name"), "standard_user"): Keys 'standard_user' sent to object: 'Object Repository/Page_Swag Labs/input_Swag Labs_user-name'

2023-05-12 17:36:53 - [MESSAGE][PASSED] - Keys 'standard_user' sent to object: 'Object Repository/Page_Swag Labs/input_Swag Labs_user-name'

2023-05-12 17:36:53 - [TEST_STEP][PASSED] - click(findTestObject("Object Repository/Page_Swag Labs/input_Swag Labs_password")): Object: 'Object Repository/Page_Swag Labs/input_Swag Labs_password' is clicked on

2023-05-12 17:36:53 - [MESSAGE][PASSED] - Object: 'Object Repository/Page_Swag Labs/input_Swag Labs_password' is clicked on

2023-05-12 17:36:53 - [TEST_STEP][PASSED] - sendKeys(findTestObject("Object Repository/Page_Swag Labs/input_Swag Labs_password"), "secret_sauce"): Keys 'secret_sauce' sent to object: 'Object Repository/Page_Swag Labs/input_Swag Labs_password'

2023-05-12 17:36:53 - [MESSAGE][PASSED] - Keys 'secret_sauce' sent to object: 'Object Repository/Page_Swag Labs/input_Swag Labs_password'

2023-05-12 17:36:53 - [TEST_STEP][PASSED] - click(findTestObject("Object Repository/Page_Swag Labs/input_Swag Labs_login-button")): Object: 'Object Repository/Page_Swag Labs/input_Swag Labs_login-button' is clicked on

2023-05-12 17:36:54 - [MESSAGE][PASSED] - Object: 'Object Repository/Page_Swag Labs/input_Swag Labs_login-button' is clicked on

2023-05-12 17:36:54 - [TEST_STEP][PASSED] - click(findTestObject("Object Repository/inventoryPage/Backpack")): Object: 'Object Repository/inventoryPage/Backpack' is clicked on

2023-05-12 17:36:54 - [MESSAGE][PASSED] - Object: 'Object Repository/inventoryPage/Backpack' is clicked on

2023-05-12 17:36:54 - [TEST_STEP][PASSED] - click(findTestObject("Object Repository/inventoryPage/button_Add to cart")): Object: 'Object Repository/inventoryPage/button_Add to cart' is clicked on

2023-05-12 17:36:55 - [MESSAGE][PASSED] - Object: 'Object Repository/inventoryPage/button_Add to cart' is clicked on

2023-05-12 17:36:55 - [TEST_STEP][PASSED] - click(findTestObject("Object Repository/inventoryPage/products_back-image")): Object: 'Object Repository/inventoryPage/products_back-image' is clicked on

2023-05-12 17:36:55 - [MESSAGE][PASSED] - Object: 'Object Repository/inventoryPage/products_back-image' is clicked on

2023-05-12 17:36:55 - [TEST_STEP][PASSED] - click(findTestObject("Object Repository/inventoryPage/cart")): Object: 'Object Repository/inventoryPage/cart' is clicked on

2023-05-12 17:36:56 - [MESSAGE][PASSED] - Object: 'Object Repository/inventoryPage/cart' is clicked on

2023-05-12 17:36:56 - [TEST_STEP][PASSED] - click(findTestObject("Object Repository/CheckoutPage/button_Checkout")): Object: 'Object Repository/CheckoutPage/button_Checkout' is clicked on

2023-05-12 17:36:56 - [MESSAGE][PASSED] - Object: 'Object Repository/CheckoutPage/button_Checkout' is clicked on

2023-05-12 17:36:56 - [TEST_STEP][PASSED] - sendKeys(findTestObject("Object Repository/checkout-step-one/input_Checkout Your Information_firstName"), "demo"): Keys 'demo' sent to object: 'Object Repository/checkout-step-one/input_Checkout Your Information_firstName'

2023-05-12 17:36:57 - [MESSAGE][PASSED] - Keys 'demo' sent to object: 'Object Repository/checkout-step-one/input_Checkout Your Information_firstName'

2023-05-12 17:36:57 - [TEST_STEP][PASSED] - sendKeys(findTestObject("Object Repository/checkout-step-one/input_Checkout Your Information_lastName"), "qa test"): Keys 'qa test' sent to object: 'Object Repository/checkout-step-one/input_Checkout Your Information_lastName'

2023-05-12 17:36:57 - [MESSAGE][PASSED] - Keys 'qa test' sent to object: 'Object Repository/checkout-step-one/input_Checkout Your Information_lastName'

2023-05-12 17:36:57 - [TEST_STEP][PASSED] - sendKeys(findTestObject("Object Repository/checkout-step-one/input_Checkout Your Information_postalCode"), "9000"): Keys '9000' sent to object: 'Object Repository/checkout-step-one/input_Checkout Your Information_postalCode'

2023-05-12 17:36:58 - [MESSAGE][PASSED] - Keys '9000' sent to object: 'Object Repository/checkout-step-one/input_Checkout Your Information_postalCode'

2023-05-12 17:36:58 - [TEST_STEP][PASSED] - click(findTestObject("Object Repository/checkout-step-one/input_continue")): Object: 'Object Repository/checkout-step-one/input_continue' is clicked on

2023-05-12 17:36:59 - [MESSAGE][PASSED] - Object: 'Object Repository/checkout-step-one/input_continue' is clicked on

2023-05-12 17:36:59 - [TEST_STEP][PASSED] - click(findTestObject("Object Repository/finish checkout/button_Finish")): Object: 'Object Repository/finish checkout/button_Finish' is clicked on

2023-05-12 17:36:59 - [MESSAGE][PASSED] - Object: 'Object Repository/finish checkout/button_Finish' is clicked on

2023-05-12 17:36:59 - [TEST_STEP][PASSED] - verifyElementVisible(findTestObject("Object Repository/order-success/h2_Thank you for your order")): Object 'Object Repository/order-success/h2_Thank you for your order' is visible

2023-05-12 17:37:00 - [MESSAGE][PASSED] - Object 'Object Repository/order-success/h2_Thank you for your order' is visible

2023-05-12 17:37:00 - [TEST_STEP][PASSED] - click(findTestObject("Object Repository/NavSideBar/sidebar")): Object: 'Object Repository/NavSideBar/sidebar' is clicked on

2023-05-12 17:37:00 - [MESSAGE][PASSED] - Object: 'Object Repository/NavSideBar/sidebar' is clicked on

2023-05-12 17:37:00 - [TEST_STEP][PASSED] - click(findTestObject("Object Repository/NavSideBar/a_Logout")): Object: 'Object Repository/NavSideBar/a_Logout' is clicked on

2023-05-12 17:37:01 - [MESSAGE][PASSED] - Object: 'Object Repository/NavSideBar/a_Logout' is clicked on

2023-05-12 17:37:01 - [TEST_STEP][PASSED] - verifyElementVisible(findTestObject("Object Repository/Page_Swag Labs/input_Swag Labs_user-name")): Object 'Object Repository/Page_Swag Labs/input_Swag Labs_user-name' is visible

2023-05-12 17:37:01 - [MESSAGE][PASSED] - Object 'Object Repository/Page_Swag Labs/input_Swag Labs_user-name' is visible

2023-05-12 17:37:01 - [TEST_STEP][PASSED] - closeBrowser(): Browser is closed

2023-05-12 17:37:02 - [MESSAGE][PASSED] - Browser is closed]]></system-out>
         <system-err><![CDATA[]]></system-err>
      </testcase>
      <testcase name="Test Cases/test-flow-1-buy-1-product" time="11.88" classname="Test Cases/test-flow-1-buy-1-product" status="PASSED">
         <system-out><![CDATA[2023-05-12 17:37:02 - [TEST_CASE][PASSED] - Test Cases/test-flow-1-buy-1-product: Test Cases/test-flow-1-buy-1-product

2023-05-12 17:37:02 - [TEST_STEP][PASSED] - openBrowser("https://www.saucedemo.com/"): Browser is opened with url: 'https://www.saucedemo.com/'

2023-05-12 17:37:02 - [MESSAGE][INFO] - Starting 'Chrome' driver

2023-05-12 17:37:02 - [MESSAGE][INFO] - Action delay is set to 0 milliseconds

2023-05-12 17:37:04 - [MESSAGE][PASSED] - Browser is opened with url: 'https://www.saucedemo.com/'

2023-05-12 17:37:04 - [TEST_STEP][PASSED] - click(findTestObject("Object Repository/Page_Swag Labs/input_Swag Labs_user-name")): Object: 'Object Repository/Page_Swag Labs/input_Swag Labs_user-name' is clicked on

2023-05-12 17:37:04 - [MESSAGE][PASSED] - Object: 'Object Repository/Page_Swag Labs/input_Swag Labs_user-name' is clicked on

2023-05-12 17:37:04 - [TEST_STEP][PASSED] - sendKeys(findTestObject("Object Repository/Page_Swag Labs/input_Swag Labs_user-name"), "standard_user"): Keys 'standard_user' sent to object: 'Object Repository/Page_Swag Labs/input_Swag Labs_user-name'

2023-05-12 17:37:04 - [MESSAGE][PASSED] - Keys 'standard_user' sent to object: 'Object Repository/Page_Swag Labs/input_Swag Labs_user-name'

2023-05-12 17:37:04 - [TEST_STEP][PASSED] - click(findTestObject("Object Repository/Page_Swag Labs/input_Swag Labs_password")): Object: 'Object Repository/Page_Swag Labs/input_Swag Labs_password' is clicked on

2023-05-12 17:37:05 - [MESSAGE][PASSED] - Object: 'Object Repository/Page_Swag Labs/input_Swag Labs_password' is clicked on

2023-05-12 17:37:05 - [TEST_STEP][PASSED] - sendKeys(findTestObject("Object Repository/Page_Swag Labs/input_Swag Labs_password"), "secret_sauce"): Keys 'secret_sauce' sent to object: 'Object Repository/Page_Swag Labs/input_Swag Labs_password'

2023-05-12 17:37:05 - [MESSAGE][PASSED] - Keys 'secret_sauce' sent to object: 'Object Repository/Page_Swag Labs/input_Swag Labs_password'

2023-05-12 17:37:05 - [TEST_STEP][PASSED] - click(findTestObject("Object Repository/Page_Swag Labs/input_Swag Labs_login-button")): Object: 'Object Repository/Page_Swag Labs/input_Swag Labs_login-button' is clicked on

2023-05-12 17:37:05 - [MESSAGE][PASSED] - Object: 'Object Repository/Page_Swag Labs/input_Swag Labs_login-button' is clicked on

2023-05-12 17:37:05 - [TEST_STEP][PASSED] - click(findTestObject("Object Repository/inventoryPage/Backpack")): Object: 'Object Repository/inventoryPage/Backpack' is clicked on

2023-05-12 17:37:06 - [MESSAGE][PASSED] - Object: 'Object Repository/inventoryPage/Backpack' is clicked on

2023-05-12 17:37:06 - [TEST_STEP][PASSED] - click(findTestObject("Object Repository/inventoryPage/button_Add to cart")): Object: 'Object Repository/inventoryPage/button_Add to cart' is clicked on

2023-05-12 17:37:07 - [MESSAGE][PASSED] - Object: 'Object Repository/inventoryPage/button_Add to cart' is clicked on

2023-05-12 17:37:07 - [TEST_STEP][PASSED] - click(findTestObject("Object Repository/inventoryPage/products_back-image")): Object: 'Object Repository/inventoryPage/products_back-image' is clicked on

2023-05-12 17:37:07 - [MESSAGE][PASSED] - Object: 'Object Repository/inventoryPage/products_back-image' is clicked on

2023-05-12 17:37:07 - [TEST_STEP][PASSED] - click(findTestObject("Object Repository/inventoryPage/cart")): Object: 'Object Repository/inventoryPage/cart' is clicked on

2023-05-12 17:37:08 - [MESSAGE][PASSED] - Object: 'Object Repository/inventoryPage/cart' is clicked on

2023-05-12 17:37:08 - [TEST_STEP][PASSED] - click(findTestObject("Object Repository/CheckoutPage/button_Checkout")): Object: 'Object Repository/CheckoutPage/button_Checkout' is clicked on

2023-05-12 17:37:08 - [MESSAGE][PASSED] - Object: 'Object Repository/CheckoutPage/button_Checkout' is clicked on

2023-05-12 17:37:08 - [TEST_STEP][PASSED] - sendKeys(findTestObject("Object Repository/checkout-step-one/input_Checkout Your Information_firstName"), "demo"): Keys 'demo' sent to object: 'Object Repository/checkout-step-one/input_Checkout Your Information_firstName'

2023-05-12 17:37:09 - [MESSAGE][PASSED] - Keys 'demo' sent to object: 'Object Repository/checkout-step-one/input_Checkout Your Information_firstName'

2023-05-12 17:37:09 - [TEST_STEP][PASSED] - sendKeys(findTestObject("Object Repository/checkout-step-one/input_Checkout Your Information_lastName"), "qa test"): Keys 'qa test' sent to object: 'Object Repository/checkout-step-one/input_Checkout Your Information_lastName'

2023-05-12 17:37:09 - [MESSAGE][PASSED] - Keys 'qa test' sent to object: 'Object Repository/checkout-step-one/input_Checkout Your Information_lastName'

2023-05-12 17:37:09 - [TEST_STEP][PASSED] - sendKeys(findTestObject("Object Repository/checkout-step-one/input_Checkout Your Information_postalCode"), "9000"): Keys '9000' sent to object: 'Object Repository/checkout-step-one/input_Checkout Your Information_postalCode'

2023-05-12 17:37:10 - [MESSAGE][PASSED] - Keys '9000' sent to object: 'Object Repository/checkout-step-one/input_Checkout Your Information_postalCode'

2023-05-12 17:37:10 - [TEST_STEP][PASSED] - click(findTestObject("Object Repository/checkout-step-one/input_continue")): Object: 'Object Repository/checkout-step-one/input_continue' is clicked on

2023-05-12 17:37:10 - [MESSAGE][PASSED] - Object: 'Object Repository/checkout-step-one/input_continue' is clicked on

2023-05-12 17:37:10 - [TEST_STEP][PASSED] - click(findTestObject("Object Repository/finish checkout/button_Finish")): Object: 'Object Repository/finish checkout/button_Finish' is clicked on

2023-05-12 17:37:11 - [MESSAGE][PASSED] - Object: 'Object Repository/finish checkout/button_Finish' is clicked on

2023-05-12 17:37:11 - [TEST_STEP][PASSED] - verifyElementVisible(findTestObject("Object Repository/order-success/h2_Thank you for your order")): Object 'Object Repository/order-success/h2_Thank you for your order' is visible

2023-05-12 17:37:11 - [MESSAGE][PASSED] - Object 'Object Repository/order-success/h2_Thank you for your order' is visible

2023-05-12 17:37:11 - [TEST_STEP][PASSED] - click(findTestObject("Object Repository/NavSideBar/sidebar")): Object: 'Object Repository/NavSideBar/sidebar' is clicked on

2023-05-12 17:37:12 - [MESSAGE][PASSED] - Object: 'Object Repository/NavSideBar/sidebar' is clicked on

2023-05-12 17:37:12 - [TEST_STEP][PASSED] - click(findTestObject("Object Repository/NavSideBar/a_Logout")): Object: 'Object Repository/NavSideBar/a_Logout' is clicked on

2023-05-12 17:37:12 - [MESSAGE][PASSED] - Object: 'Object Repository/NavSideBar/a_Logout' is clicked on

2023-05-12 17:37:12 - [TEST_STEP][PASSED] - verifyElementVisible(findTestObject("Object Repository/Page_Swag Labs/input_Swag Labs_user-name")): Object 'Object Repository/Page_Swag Labs/input_Swag Labs_user-name' is visible

2023-05-12 17:37:13 - [MESSAGE][PASSED] - Object 'Object Repository/Page_Swag Labs/input_Swag Labs_user-name' is visible

2023-05-12 17:37:13 - [TEST_STEP][PASSED] - closeBrowser(): Browser is closed

2023-05-12 17:37:14 - [MESSAGE][PASSED] - Browser is closed]]></system-out>
         <system-err><![CDATA[]]></system-err>
      </testcase>
      <testcase name="Test Cases/test-flow-1-buy-1-product" time="11.819" classname="Test Cases/test-flow-1-buy-1-product" status="PASSED">
         <system-out><![CDATA[2023-05-12 17:37:14 - [TEST_CASE][PASSED] - Test Cases/test-flow-1-buy-1-product: Test Cases/test-flow-1-buy-1-product

2023-05-12 17:37:14 - [TEST_STEP][PASSED] - openBrowser("https://www.saucedemo.com/"): Browser is opened with url: 'https://www.saucedemo.com/'

2023-05-12 17:37:14 - [MESSAGE][INFO] - Starting 'Chrome' driver

2023-05-12 17:37:14 - [MESSAGE][INFO] - Action delay is set to 0 milliseconds

2023-05-12 17:37:16 - [MESSAGE][PASSED] - Browser is opened with url: 'https://www.saucedemo.com/'

2023-05-12 17:37:16 - [TEST_STEP][PASSED] - click(findTestObject("Object Repository/Page_Swag Labs/input_Swag Labs_user-name")): Object: 'Object Repository/Page_Swag Labs/input_Swag Labs_user-name' is clicked on

2023-05-12 17:37:16 - [MESSAGE][PASSED] - Object: 'Object Repository/Page_Swag Labs/input_Swag Labs_user-name' is clicked on

2023-05-12 17:37:16 - [TEST_STEP][PASSED] - sendKeys(findTestObject("Object Repository/Page_Swag Labs/input_Swag Labs_user-name"), "standard_user"): Keys 'standard_user' sent to object: 'Object Repository/Page_Swag Labs/input_Swag Labs_user-name'

2023-05-12 17:37:16 - [MESSAGE][PASSED] - Keys 'standard_user' sent to object: 'Object Repository/Page_Swag Labs/input_Swag Labs_user-name'

2023-05-12 17:37:16 - [TEST_STEP][PASSED] - click(findTestObject("Object Repository/Page_Swag Labs/input_Swag Labs_password")): Object: 'Object Repository/Page_Swag Labs/input_Swag Labs_password' is clicked on

2023-05-12 17:37:17 - [MESSAGE][PASSED] - Object: 'Object Repository/Page_Swag Labs/input_Swag Labs_password' is clicked on

2023-05-12 17:37:17 - [TEST_STEP][PASSED] - sendKeys(findTestObject("Object Repository/Page_Swag Labs/input_Swag Labs_password"), "secret_sauce"): Keys 'secret_sauce' sent to object: 'Object Repository/Page_Swag Labs/input_Swag Labs_password'

2023-05-12 17:37:17 - [MESSAGE][PASSED] - Keys 'secret_sauce' sent to object: 'Object Repository/Page_Swag Labs/input_Swag Labs_password'

2023-05-12 17:37:17 - [TEST_STEP][PASSED] - click(findTestObject("Object Repository/Page_Swag Labs/input_Swag Labs_login-button")): Object: 'Object Repository/Page_Swag Labs/input_Swag Labs_login-button' is clicked on

2023-05-12 17:37:17 - [MESSAGE][PASSED] - Object: 'Object Repository/Page_Swag Labs/input_Swag Labs_login-button' is clicked on

2023-05-12 17:37:17 - [TEST_STEP][PASSED] - click(findTestObject("Object Repository/inventoryPage/Backpack")): Object: 'Object Repository/inventoryPage/Backpack' is clicked on

2023-05-12 17:37:18 - [MESSAGE][PASSED] - Object: 'Object Repository/inventoryPage/Backpack' is clicked on

2023-05-12 17:37:18 - [TEST_STEP][PASSED] - click(findTestObject("Object Repository/inventoryPage/button_Add to cart")): Object: 'Object Repository/inventoryPage/button_Add to cart' is clicked on

2023-05-12 17:37:18 - [MESSAGE][PASSED] - Object: 'Object Repository/inventoryPage/button_Add to cart' is clicked on

2023-05-12 17:37:18 - [TEST_STEP][PASSED] - click(findTestObject("Object Repository/inventoryPage/products_back-image")): Object: 'Object Repository/inventoryPage/products_back-image' is clicked on

2023-05-12 17:37:19 - [MESSAGE][PASSED] - Object: 'Object Repository/inventoryPage/products_back-image' is clicked on

2023-05-12 17:37:19 - [TEST_STEP][PASSED] - click(findTestObject("Object Repository/inventoryPage/cart")): Object: 'Object Repository/inventoryPage/cart' is clicked on

2023-05-12 17:37:19 - [MESSAGE][PASSED] - Object: 'Object Repository/inventoryPage/cart' is clicked on

2023-05-12 17:37:19 - [TEST_STEP][PASSED] - click(findTestObject("Object Repository/CheckoutPage/button_Checkout")): Object: 'Object Repository/CheckoutPage/button_Checkout' is clicked on

2023-05-12 17:37:20 - [MESSAGE][PASSED] - Object: 'Object Repository/CheckoutPage/button_Checkout' is clicked on

2023-05-12 17:37:20 - [TEST_STEP][PASSED] - sendKeys(findTestObject("Object Repository/checkout-step-one/input_Checkout Your Information_firstName"), "demo"): Keys 'demo' sent to object: 'Object Repository/checkout-step-one/input_Checkout Your Information_firstName'

2023-05-12 17:37:21 - [MESSAGE][PASSED] - Keys 'demo' sent to object: 'Object Repository/checkout-step-one/input_Checkout Your Information_firstName'

2023-05-12 17:37:21 - [TEST_STEP][PASSED] - sendKeys(findTestObject("Object Repository/checkout-step-one/input_Checkout Your Information_lastName"), "qa test"): Keys 'qa test' sent to object: 'Object Repository/checkout-step-one/input_Checkout Your Information_lastName'

2023-05-12 17:37:21 - [MESSAGE][PASSED] - Keys 'qa test' sent to object: 'Object Repository/checkout-step-one/input_Checkout Your Information_lastName'

2023-05-12 17:37:21 - [TEST_STEP][PASSED] - sendKeys(findTestObject("Object Repository/checkout-step-one/input_Checkout Your Information_postalCode"), "9000"): Keys '9000' sent to object: 'Object Repository/checkout-step-one/input_Checkout Your Information_postalCode'

2023-05-12 17:37:22 - [MESSAGE][PASSED] - Keys '9000' sent to object: 'Object Repository/checkout-step-one/input_Checkout Your Information_postalCode'

2023-05-12 17:37:22 - [TEST_STEP][PASSED] - click(findTestObject("Object Repository/checkout-step-one/input_continue")): Object: 'Object Repository/checkout-step-one/input_continue' is clicked on

2023-05-12 17:37:22 - [MESSAGE][PASSED] - Object: 'Object Repository/checkout-step-one/input_continue' is clicked on

2023-05-12 17:37:22 - [TEST_STEP][PASSED] - click(findTestObject("Object Repository/finish checkout/button_Finish")): Object: 'Object Repository/finish checkout/button_Finish' is clicked on

2023-05-12 17:37:23 - [MESSAGE][PASSED] - Object: 'Object Repository/finish checkout/button_Finish' is clicked on

2023-05-12 17:37:23 - [TEST_STEP][PASSED] - verifyElementVisible(findTestObject("Object Repository/order-success/h2_Thank you for your order")): Object 'Object Repository/order-success/h2_Thank you for your order' is visible

2023-05-12 17:37:23 - [MESSAGE][PASSED] - Object 'Object Repository/order-success/h2_Thank you for your order' is visible

2023-05-12 17:37:23 - [TEST_STEP][PASSED] - click(findTestObject("Object Repository/NavSideBar/sidebar")): Object: 'Object Repository/NavSideBar/sidebar' is clicked on

2023-05-12 17:37:24 - [MESSAGE][PASSED] - Object: 'Object Repository/NavSideBar/sidebar' is clicked on

2023-05-12 17:37:24 - [TEST_STEP][PASSED] - click(findTestObject("Object Repository/NavSideBar/a_Logout")): Object: 'Object Repository/NavSideBar/a_Logout' is clicked on

2023-05-12 17:37:24 - [MESSAGE][PASSED] - Object: 'Object Repository/NavSideBar/a_Logout' is clicked on

2023-05-12 17:37:24 - [TEST_STEP][PASSED] - verifyElementVisible(findTestObject("Object Repository/Page_Swag Labs/input_Swag Labs_user-name")): Object 'Object Repository/Page_Swag Labs/input_Swag Labs_user-name' is visible

2023-05-12 17:37:25 - [MESSAGE][PASSED] - Object 'Object Repository/Page_Swag Labs/input_Swag Labs_user-name' is visible

2023-05-12 17:37:25 - [TEST_STEP][PASSED] - closeBrowser(): Browser is closed

2023-05-12 17:37:25 - [MESSAGE][PASSED] - Browser is closed]]></system-out>
         <system-err><![CDATA[]]></system-err>
      </testcase>
      <testcase name="Test Cases/test-flow-1-buy-1-product" time="11.877" classname="Test Cases/test-flow-1-buy-1-product" status="PASSED">
         <system-out><![CDATA[2023-05-12 17:37:25 - [TEST_CASE][PASSED] - Test Cases/test-flow-1-buy-1-product: Test Cases/test-flow-1-buy-1-product

2023-05-12 17:37:25 - [TEST_STEP][PASSED] - openBrowser("https://www.saucedemo.com/"): Browser is opened with url: 'https://www.saucedemo.com/'

2023-05-12 17:37:25 - [MESSAGE][INFO] - Starting 'Chrome' driver

2023-05-12 17:37:25 - [MESSAGE][INFO] - Action delay is set to 0 milliseconds

2023-05-12 17:37:27 - [MESSAGE][PASSED] - Browser is opened with url: 'https://www.saucedemo.com/'

2023-05-12 17:37:27 - [TEST_STEP][PASSED] - click(findTestObject("Object Repository/Page_Swag Labs/input_Swag Labs_user-name")): Object: 'Object Repository/Page_Swag Labs/input_Swag Labs_user-name' is clicked on

2023-05-12 17:37:28 - [MESSAGE][PASSED] - Object: 'Object Repository/Page_Swag Labs/input_Swag Labs_user-name' is clicked on

2023-05-12 17:37:28 - [TEST_STEP][PASSED] - sendKeys(findTestObject("Object Repository/Page_Swag Labs/input_Swag Labs_user-name"), "standard_user"): Keys 'standard_user' sent to object: 'Object Repository/Page_Swag Labs/input_Swag Labs_user-name'

2023-05-12 17:37:28 - [MESSAGE][PASSED] - Keys 'standard_user' sent to object: 'Object Repository/Page_Swag Labs/input_Swag Labs_user-name'

2023-05-12 17:37:28 - [TEST_STEP][PASSED] - click(findTestObject("Object Repository/Page_Swag Labs/input_Swag Labs_password")): Object: 'Object Repository/Page_Swag Labs/input_Swag Labs_password' is clicked on

2023-05-12 17:37:29 - [MESSAGE][PASSED] - Object: 'Object Repository/Page_Swag Labs/input_Swag Labs_password' is clicked on

2023-05-12 17:37:29 - [TEST_STEP][PASSED] - sendKeys(findTestObject("Object Repository/Page_Swag Labs/input_Swag Labs_password"), "secret_sauce"): Keys 'secret_sauce' sent to object: 'Object Repository/Page_Swag Labs/input_Swag Labs_password'

2023-05-12 17:37:29 - [MESSAGE][PASSED] - Keys 'secret_sauce' sent to object: 'Object Repository/Page_Swag Labs/input_Swag Labs_password'

2023-05-12 17:37:29 - [TEST_STEP][PASSED] - click(findTestObject("Object Repository/Page_Swag Labs/input_Swag Labs_login-button")): Object: 'Object Repository/Page_Swag Labs/input_Swag Labs_login-button' is clicked on

2023-05-12 17:37:29 - [MESSAGE][PASSED] - Object: 'Object Repository/Page_Swag Labs/input_Swag Labs_login-button' is clicked on

2023-05-12 17:37:29 - [TEST_STEP][PASSED] - click(findTestObject("Object Repository/inventoryPage/Backpack")): Object: 'Object Repository/inventoryPage/Backpack' is clicked on

2023-05-12 17:37:30 - [MESSAGE][PASSED] - Object: 'Object Repository/inventoryPage/Backpack' is clicked on

2023-05-12 17:37:30 - [TEST_STEP][PASSED] - click(findTestObject("Object Repository/inventoryPage/button_Add to cart")): Object: 'Object Repository/inventoryPage/button_Add to cart' is clicked on

2023-05-12 17:37:30 - [MESSAGE][PASSED] - Object: 'Object Repository/inventoryPage/button_Add to cart' is clicked on

2023-05-12 17:37:30 - [TEST_STEP][PASSED] - click(findTestObject("Object Repository/inventoryPage/products_back-image")): Object: 'Object Repository/inventoryPage/products_back-image' is clicked on

2023-05-12 17:37:31 - [MESSAGE][PASSED] - Object: 'Object Repository/inventoryPage/products_back-image' is clicked on

2023-05-12 17:37:31 - [TEST_STEP][PASSED] - click(findTestObject("Object Repository/inventoryPage/cart")): Object: 'Object Repository/inventoryPage/cart' is clicked on

2023-05-12 17:37:31 - [MESSAGE][PASSED] - Object: 'Object Repository/inventoryPage/cart' is clicked on

2023-05-12 17:37:31 - [TEST_STEP][PASSED] - click(findTestObject("Object Repository/CheckoutPage/button_Checkout")): Object: 'Object Repository/CheckoutPage/button_Checkout' is clicked on

2023-05-12 17:37:32 - [MESSAGE][PASSED] - Object: 'Object Repository/CheckoutPage/button_Checkout' is clicked on

2023-05-12 17:37:32 - [TEST_STEP][PASSED] - sendKeys(findTestObject("Object Repository/checkout-step-one/input_Checkout Your Information_firstName"), "demo"): Keys 'demo' sent to object: 'Object Repository/checkout-step-one/input_Checkout Your Information_firstName'

2023-05-12 17:37:32 - [MESSAGE][PASSED] - Keys 'demo' sent to object: 'Object Repository/checkout-step-one/input_Checkout Your Information_firstName'

2023-05-12 17:37:32 - [TEST_STEP][PASSED] - sendKeys(findTestObject("Object Repository/checkout-step-one/input_Checkout Your Information_lastName"), "qa test"): Keys 'qa test' sent to object: 'Object Repository/checkout-step-one/input_Checkout Your Information_lastName'

2023-05-12 17:37:33 - [MESSAGE][PASSED] - Keys 'qa test' sent to object: 'Object Repository/checkout-step-one/input_Checkout Your Information_lastName'

2023-05-12 17:37:33 - [TEST_STEP][PASSED] - sendKeys(findTestObject("Object Repository/checkout-step-one/input_Checkout Your Information_postalCode"), "9000"): Keys '9000' sent to object: 'Object Repository/checkout-step-one/input_Checkout Your Information_postalCode'

2023-05-12 17:37:34 - [MESSAGE][PASSED] - Keys '9000' sent to object: 'Object Repository/checkout-step-one/input_Checkout Your Information_postalCode'

2023-05-12 17:37:34 - [TEST_STEP][PASSED] - click(findTestObject("Object Repository/checkout-step-one/input_continue")): Object: 'Object Repository/checkout-step-one/input_continue' is clicked on

2023-05-12 17:37:34 - [MESSAGE][PASSED] - Object: 'Object Repository/checkout-step-one/input_continue' is clicked on

2023-05-12 17:37:34 - [TEST_STEP][PASSED] - click(findTestObject("Object Repository/finish checkout/button_Finish")): Object: 'Object Repository/finish checkout/button_Finish' is clicked on

2023-05-12 17:37:35 - [MESSAGE][PASSED] - Object: 'Object Repository/finish checkout/button_Finish' is clicked on

2023-05-12 17:37:35 - [TEST_STEP][PASSED] - verifyElementVisible(findTestObject("Object Repository/order-success/h2_Thank you for your order")): Object 'Object Repository/order-success/h2_Thank you for your order' is visible

2023-05-12 17:37:35 - [MESSAGE][PASSED] - Object 'Object Repository/order-success/h2_Thank you for your order' is visible

2023-05-12 17:37:35 - [TEST_STEP][PASSED] - click(findTestObject("Object Repository/NavSideBar/sidebar")): Object: 'Object Repository/NavSideBar/sidebar' is clicked on

2023-05-12 17:37:36 - [MESSAGE][PASSED] - Object: 'Object Repository/NavSideBar/sidebar' is clicked on

2023-05-12 17:37:36 - [TEST_STEP][PASSED] - click(findTestObject("Object Repository/NavSideBar/a_Logout")): Object: 'Object Repository/NavSideBar/a_Logout' is clicked on

2023-05-12 17:37:36 - [MESSAGE][PASSED] - Object: 'Object Repository/NavSideBar/a_Logout' is clicked on

2023-05-12 17:37:36 - [TEST_STEP][PASSED] - verifyElementVisible(findTestObject("Object Repository/Page_Swag Labs/input_Swag Labs_user-name")): Object 'Object Repository/Page_Swag Labs/input_Swag Labs_user-name' is visible

2023-05-12 17:37:37 - [MESSAGE][PASSED] - Object 'Object Repository/Page_Swag Labs/input_Swag Labs_user-name' is visible

2023-05-12 17:37:37 - [TEST_STEP][PASSED] - closeBrowser(): Browser is closed

2023-05-12 17:37:37 - [MESSAGE][PASSED] - Browser is closed]]></system-out>
         <system-err><![CDATA[]]></system-err>
      </testcase>
      <testcase name="Test Cases/test-flow-1-buy-1-product" time="11.68" classname="Test Cases/test-flow-1-buy-1-product" status="PASSED">
         <system-out><![CDATA[2023-05-12 17:37:37 - [TEST_CASE][PASSED] - Test Cases/test-flow-1-buy-1-product: Test Cases/test-flow-1-buy-1-product

2023-05-12 17:37:37 - [TEST_STEP][PASSED] - openBrowser("https://www.saucedemo.com/"): Browser is opened with url: 'https://www.saucedemo.com/'

2023-05-12 17:37:37 - [MESSAGE][INFO] - Starting 'Chrome' driver

2023-05-12 17:37:37 - [MESSAGE][INFO] - Action delay is set to 0 milliseconds

2023-05-12 17:37:39 - [MESSAGE][PASSED] - Browser is opened with url: 'https://www.saucedemo.com/'

2023-05-12 17:37:39 - [TEST_STEP][PASSED] - click(findTestObject("Object Repository/Page_Swag Labs/input_Swag Labs_user-name")): Object: 'Object Repository/Page_Swag Labs/input_Swag Labs_user-name' is clicked on

2023-05-12 17:37:40 - [MESSAGE][PASSED] - Object: 'Object Repository/Page_Swag Labs/input_Swag Labs_user-name' is clicked on

2023-05-12 17:37:40 - [TEST_STEP][PASSED] - sendKeys(findTestObject("Object Repository/Page_Swag Labs/input_Swag Labs_user-name"), "standard_user"): Keys 'standard_user' sent to object: 'Object Repository/Page_Swag Labs/input_Swag Labs_user-name'

2023-05-12 17:37:40 - [MESSAGE][PASSED] - Keys 'standard_user' sent to object: 'Object Repository/Page_Swag Labs/input_Swag Labs_user-name'

2023-05-12 17:37:40 - [TEST_STEP][PASSED] - click(findTestObject("Object Repository/Page_Swag Labs/input_Swag Labs_password")): Object: 'Object Repository/Page_Swag Labs/input_Swag Labs_password' is clicked on

2023-05-12 17:37:40 - [MESSAGE][PASSED] - Object: 'Object Repository/Page_Swag Labs/input_Swag Labs_password' is clicked on

2023-05-12 17:37:40 - [TEST_STEP][PASSED] - sendKeys(findTestObject("Object Repository/Page_Swag Labs/input_Swag Labs_password"), "secret_sauce"): Keys 'secret_sauce' sent to object: 'Object Repository/Page_Swag Labs/input_Swag Labs_password'

2023-05-12 17:37:41 - [MESSAGE][PASSED] - Keys 'secret_sauce' sent to object: 'Object Repository/Page_Swag Labs/input_Swag Labs_password'

2023-05-12 17:37:41 - [TEST_STEP][PASSED] - click(findTestObject("Object Repository/Page_Swag Labs/input_Swag Labs_login-button")): Object: 'Object Repository/Page_Swag Labs/input_Swag Labs_login-button' is clicked on

2023-05-12 17:37:41 - [MESSAGE][PASSED] - Object: 'Object Repository/Page_Swag Labs/input_Swag Labs_login-button' is clicked on

2023-05-12 17:37:41 - [TEST_STEP][PASSED] - click(findTestObject("Object Repository/inventoryPage/Backpack")): Object: 'Object Repository/inventoryPage/Backpack' is clicked on

2023-05-12 17:37:42 - [MESSAGE][PASSED] - Object: 'Object Repository/inventoryPage/Backpack' is clicked on

2023-05-12 17:37:42 - [TEST_STEP][PASSED] - click(findTestObject("Object Repository/inventoryPage/button_Add to cart")): Object: 'Object Repository/inventoryPage/button_Add to cart' is clicked on

2023-05-12 17:37:42 - [MESSAGE][PASSED] - Object: 'Object Repository/inventoryPage/button_Add to cart' is clicked on

2023-05-12 17:37:42 - [TEST_STEP][PASSED] - click(findTestObject("Object Repository/inventoryPage/products_back-image")): Object: 'Object Repository/inventoryPage/products_back-image' is clicked on

2023-05-12 17:37:43 - [MESSAGE][PASSED] - Object: 'Object Repository/inventoryPage/products_back-image' is clicked on

2023-05-12 17:37:43 - [TEST_STEP][PASSED] - click(findTestObject("Object Repository/inventoryPage/cart")): Object: 'Object Repository/inventoryPage/cart' is clicked on

2023-05-12 17:37:43 - [MESSAGE][PASSED] - Object: 'Object Repository/inventoryPage/cart' is clicked on

2023-05-12 17:37:43 - [TEST_STEP][PASSED] - click(findTestObject("Object Repository/CheckoutPage/button_Checkout")): Object: 'Object Repository/CheckoutPage/button_Checkout' is clicked on

2023-05-12 17:37:44 - [MESSAGE][PASSED] - Object: 'Object Repository/CheckoutPage/button_Checkout' is clicked on

2023-05-12 17:37:44 - [TEST_STEP][PASSED] - sendKeys(findTestObject("Object Repository/checkout-step-one/input_Checkout Your Information_firstName"), "demo"): Keys 'demo' sent to object: 'Object Repository/checkout-step-one/input_Checkout Your Information_firstName'

2023-05-12 17:37:44 - [MESSAGE][PASSED] - Keys 'demo' sent to object: 'Object Repository/checkout-step-one/input_Checkout Your Information_firstName'

2023-05-12 17:37:44 - [TEST_STEP][PASSED] - sendKeys(findTestObject("Object Repository/checkout-step-one/input_Checkout Your Information_lastName"), "qa test"): Keys 'qa test' sent to object: 'Object Repository/checkout-step-one/input_Checkout Your Information_lastName'

2023-05-12 17:37:45 - [MESSAGE][PASSED] - Keys 'qa test' sent to object: 'Object Repository/checkout-step-one/input_Checkout Your Information_lastName'

2023-05-12 17:37:45 - [TEST_STEP][PASSED] - sendKeys(findTestObject("Object Repository/checkout-step-one/input_Checkout Your Information_postalCode"), "9000"): Keys '9000' sent to object: 'Object Repository/checkout-step-one/input_Checkout Your Information_postalCode'

2023-05-12 17:37:45 - [MESSAGE][PASSED] - Keys '9000' sent to object: 'Object Repository/checkout-step-one/input_Checkout Your Information_postalCode'

2023-05-12 17:37:45 - [TEST_STEP][PASSED] - click(findTestObject("Object Repository/checkout-step-one/input_continue")): Object: 'Object Repository/checkout-step-one/input_continue' is clicked on

2023-05-12 17:37:46 - [MESSAGE][PASSED] - Object: 'Object Repository/checkout-step-one/input_continue' is clicked on

2023-05-12 17:37:46 - [TEST_STEP][PASSED] - click(findTestObject("Object Repository/finish checkout/button_Finish")): Object: 'Object Repository/finish checkout/button_Finish' is clicked on

2023-05-12 17:37:46 - [MESSAGE][PASSED] - Object: 'Object Repository/finish checkout/button_Finish' is clicked on

2023-05-12 17:37:46 - [TEST_STEP][PASSED] - verifyElementVisible(findTestObject("Object Repository/order-success/h2_Thank you for your order")): Object 'Object Repository/order-success/h2_Thank you for your order' is visible

2023-05-12 17:37:47 - [MESSAGE][PASSED] - Object 'Object Repository/order-success/h2_Thank you for your order' is visible

2023-05-12 17:37:47 - [TEST_STEP][PASSED] - click(findTestObject("Object Repository/NavSideBar/sidebar")): Object: 'Object Repository/NavSideBar/sidebar' is clicked on

2023-05-12 17:37:47 - [MESSAGE][PASSED] - Object: 'Object Repository/NavSideBar/sidebar' is clicked on

2023-05-12 17:37:47 - [TEST_STEP][PASSED] - click(findTestObject("Object Repository/NavSideBar/a_Logout")): Object: 'Object Repository/NavSideBar/a_Logout' is clicked on

2023-05-12 17:37:48 - [MESSAGE][PASSED] - Object: 'Object Repository/NavSideBar/a_Logout' is clicked on

2023-05-12 17:37:48 - [TEST_STEP][PASSED] - verifyElementVisible(findTestObject("Object Repository/Page_Swag Labs/input_Swag Labs_user-name")): Object 'Object Repository/Page_Swag Labs/input_Swag Labs_user-name' is visible

2023-05-12 17:37:48 - [MESSAGE][PASSED] - Object 'Object Repository/Page_Swag Labs/input_Swag Labs_user-name' is visible

2023-05-12 17:37:48 - [TEST_STEP][PASSED] - closeBrowser(): Browser is closed

2023-05-12 17:37:49 - [MESSAGE][PASSED] - Browser is closed]]></system-out>
         <system-err><![CDATA[]]></system-err>
      </testcase>
      <testcase name="Test Cases/test-flow-1-buy-1-product" time="11.809" classname="Test Cases/test-flow-1-buy-1-product" status="PASSED">
         <system-out><![CDATA[2023-05-12 17:37:49 - [TEST_CASE][PASSED] - Test Cases/test-flow-1-buy-1-product: Test Cases/test-flow-1-buy-1-product

2023-05-12 17:37:49 - [TEST_STEP][PASSED] - openBrowser("https://www.saucedemo.com/"): Browser is opened with url: 'https://www.saucedemo.com/'

2023-05-12 17:37:49 - [MESSAGE][INFO] - Starting 'Chrome' driver

2023-05-12 17:37:49 - [MESSAGE][INFO] - Action delay is set to 0 milliseconds

2023-05-12 17:37:51 - [MESSAGE][PASSED] - Browser is opened with url: 'https://www.saucedemo.com/'

2023-05-12 17:37:51 - [TEST_STEP][PASSED] - click(findTestObject("Object Repository/Page_Swag Labs/input_Swag Labs_user-name")): Object: 'Object Repository/Page_Swag Labs/input_Swag Labs_user-name' is clicked on

2023-05-12 17:37:51 - [MESSAGE][PASSED] - Object: 'Object Repository/Page_Swag Labs/input_Swag Labs_user-name' is clicked on

2023-05-12 17:37:51 - [TEST_STEP][PASSED] - sendKeys(findTestObject("Object Repository/Page_Swag Labs/input_Swag Labs_user-name"), "standard_user"): Keys 'standard_user' sent to object: 'Object Repository/Page_Swag Labs/input_Swag Labs_user-name'

2023-05-12 17:37:52 - [MESSAGE][PASSED] - Keys 'standard_user' sent to object: 'Object Repository/Page_Swag Labs/input_Swag Labs_user-name'

2023-05-12 17:37:52 - [TEST_STEP][PASSED] - click(findTestObject("Object Repository/Page_Swag Labs/input_Swag Labs_password")): Object: 'Object Repository/Page_Swag Labs/input_Swag Labs_password' is clicked on

2023-05-12 17:37:52 - [MESSAGE][PASSED] - Object: 'Object Repository/Page_Swag Labs/input_Swag Labs_password' is clicked on

2023-05-12 17:37:52 - [TEST_STEP][PASSED] - sendKeys(findTestObject("Object Repository/Page_Swag Labs/input_Swag Labs_password"), "secret_sauce"): Keys 'secret_sauce' sent to object: 'Object Repository/Page_Swag Labs/input_Swag Labs_password'

2023-05-12 17:37:52 - [MESSAGE][PASSED] - Keys 'secret_sauce' sent to object: 'Object Repository/Page_Swag Labs/input_Swag Labs_password'

2023-05-12 17:37:52 - [TEST_STEP][PASSED] - click(findTestObject("Object Repository/Page_Swag Labs/input_Swag Labs_login-button")): Object: 'Object Repository/Page_Swag Labs/input_Swag Labs_login-button' is clicked on

2023-05-12 17:37:53 - [MESSAGE][PASSED] - Object: 'Object Repository/Page_Swag Labs/input_Swag Labs_login-button' is clicked on

2023-05-12 17:37:53 - [TEST_STEP][PASSED] - click(findTestObject("Object Repository/inventoryPage/Backpack")): Object: 'Object Repository/inventoryPage/Backpack' is clicked on

2023-05-12 17:37:53 - [MESSAGE][PASSED] - Object: 'Object Repository/inventoryPage/Backpack' is clicked on

2023-05-12 17:37:53 - [TEST_STEP][PASSED] - click(findTestObject("Object Repository/inventoryPage/button_Add to cart")): Object: 'Object Repository/inventoryPage/button_Add to cart' is clicked on

2023-05-12 17:37:54 - [MESSAGE][PASSED] - Object: 'Object Repository/inventoryPage/button_Add to cart' is clicked on

2023-05-12 17:37:54 - [TEST_STEP][PASSED] - click(findTestObject("Object Repository/inventoryPage/products_back-image")): Object: 'Object Repository/inventoryPage/products_back-image' is clicked on

2023-05-12 17:37:54 - [MESSAGE][PASSED] - Object: 'Object Repository/inventoryPage/products_back-image' is clicked on

2023-05-12 17:37:54 - [TEST_STEP][PASSED] - click(findTestObject("Object Repository/inventoryPage/cart")): Object: 'Object Repository/inventoryPage/cart' is clicked on

2023-05-12 17:37:55 - [MESSAGE][PASSED] - Object: 'Object Repository/inventoryPage/cart' is clicked on

2023-05-12 17:37:55 - [TEST_STEP][PASSED] - click(findTestObject("Object Repository/CheckoutPage/button_Checkout")): Object: 'Object Repository/CheckoutPage/button_Checkout' is clicked on

2023-05-12 17:37:55 - [MESSAGE][PASSED] - Object: 'Object Repository/CheckoutPage/button_Checkout' is clicked on

2023-05-12 17:37:55 - [TEST_STEP][PASSED] - sendKeys(findTestObject("Object Repository/checkout-step-one/input_Checkout Your Information_firstName"), "demo"): Keys 'demo' sent to object: 'Object Repository/checkout-step-one/input_Checkout Your Information_firstName'

2023-05-12 17:37:56 - [MESSAGE][PASSED] - Keys 'demo' sent to object: 'Object Repository/checkout-step-one/input_Checkout Your Information_firstName'

2023-05-12 17:37:56 - [TEST_STEP][PASSED] - sendKeys(findTestObject("Object Repository/checkout-step-one/input_Checkout Your Information_lastName"), "qa test"): Keys 'qa test' sent to object: 'Object Repository/checkout-step-one/input_Checkout Your Information_lastName'

2023-05-12 17:37:56 - [MESSAGE][PASSED] - Keys 'qa test' sent to object: 'Object Repository/checkout-step-one/input_Checkout Your Information_lastName'

2023-05-12 17:37:56 - [TEST_STEP][PASSED] - sendKeys(findTestObject("Object Repository/checkout-step-one/input_Checkout Your Information_postalCode"), "9000"): Keys '9000' sent to object: 'Object Repository/checkout-step-one/input_Checkout Your Information_postalCode'

2023-05-12 17:37:57 - [MESSAGE][PASSED] - Keys '9000' sent to object: 'Object Repository/checkout-step-one/input_Checkout Your Information_postalCode'

2023-05-12 17:37:57 - [TEST_STEP][PASSED] - click(findTestObject("Object Repository/checkout-step-one/input_continue")): Object: 'Object Repository/checkout-step-one/input_continue' is clicked on

2023-05-12 17:37:58 - [MESSAGE][PASSED] - Object: 'Object Repository/checkout-step-one/input_continue' is clicked on

2023-05-12 17:37:58 - [TEST_STEP][PASSED] - click(findTestObject("Object Repository/finish checkout/button_Finish")): Object: 'Object Repository/finish checkout/button_Finish' is clicked on

2023-05-12 17:37:58 - [MESSAGE][PASSED] - Object: 'Object Repository/finish checkout/button_Finish' is clicked on

2023-05-12 17:37:58 - [TEST_STEP][PASSED] - verifyElementVisible(findTestObject("Object Repository/order-success/h2_Thank you for your order")): Object 'Object Repository/order-success/h2_Thank you for your order' is visible

2023-05-12 17:37:59 - [MESSAGE][PASSED] - Object 'Object Repository/order-success/h2_Thank you for your order' is visible

2023-05-12 17:37:59 - [TEST_STEP][PASSED] - click(findTestObject("Object Repository/NavSideBar/sidebar")): Object: 'Object Repository/NavSideBar/sidebar' is clicked on

2023-05-12 17:37:59 - [MESSAGE][PASSED] - Object: 'Object Repository/NavSideBar/sidebar' is clicked on

2023-05-12 17:37:59 - [TEST_STEP][PASSED] - click(findTestObject("Object Repository/NavSideBar/a_Logout")): Object: 'Object Repository/NavSideBar/a_Logout' is clicked on

2023-05-12 17:38:00 - [MESSAGE][PASSED] - Object: 'Object Repository/NavSideBar/a_Logout' is clicked on

2023-05-12 17:38:00 - [TEST_STEP][PASSED] - verifyElementVisible(findTestObject("Object Repository/Page_Swag Labs/input_Swag Labs_user-name")): Object 'Object Repository/Page_Swag Labs/input_Swag Labs_user-name' is visible

2023-05-12 17:38:00 - [MESSAGE][PASSED] - Object 'Object Repository/Page_Swag Labs/input_Swag Labs_user-name' is visible

2023-05-12 17:38:00 - [TEST_STEP][PASSED] - closeBrowser(): Browser is closed

2023-05-12 17:38:01 - [MESSAGE][PASSED] - Browser is closed]]></system-out>
         <system-err><![CDATA[]]></system-err>
      </testcase>
      <testcase name="Test Cases/test-flow-1-buy-1-product" time="11.908" classname="Test Cases/test-flow-1-buy-1-product" status="PASSED">
         <system-out><![CDATA[2023-05-12 17:38:01 - [TEST_CASE][PASSED] - Test Cases/test-flow-1-buy-1-product: Test Cases/test-flow-1-buy-1-product

2023-05-12 17:38:01 - [TEST_STEP][PASSED] - openBrowser("https://www.saucedemo.com/"): Browser is opened with url: 'https://www.saucedemo.com/'

2023-05-12 17:38:01 - [MESSAGE][INFO] - Starting 'Chrome' driver

2023-05-12 17:38:01 - [MESSAGE][INFO] - Action delay is set to 0 milliseconds

2023-05-12 17:38:03 - [MESSAGE][PASSED] - Browser is opened with url: 'https://www.saucedemo.com/'

2023-05-12 17:38:03 - [TEST_STEP][PASSED] - click(findTestObject("Object Repository/Page_Swag Labs/input_Swag Labs_user-name")): Object: 'Object Repository/Page_Swag Labs/input_Swag Labs_user-name' is clicked on

2023-05-12 17:38:03 - [MESSAGE][PASSED] - Object: 'Object Repository/Page_Swag Labs/input_Swag Labs_user-name' is clicked on

2023-05-12 17:38:03 - [TEST_STEP][PASSED] - sendKeys(findTestObject("Object Repository/Page_Swag Labs/input_Swag Labs_user-name"), "standard_user"): Keys 'standard_user' sent to object: 'Object Repository/Page_Swag Labs/input_Swag Labs_user-name'

2023-05-12 17:38:03 - [MESSAGE][PASSED] - Keys 'standard_user' sent to object: 'Object Repository/Page_Swag Labs/input_Swag Labs_user-name'

2023-05-12 17:38:03 - [TEST_STEP][PASSED] - click(findTestObject("Object Repository/Page_Swag Labs/input_Swag Labs_password")): Object: 'Object Repository/Page_Swag Labs/input_Swag Labs_password' is clicked on

2023-05-12 17:38:04 - [MESSAGE][PASSED] - Object: 'Object Repository/Page_Swag Labs/input_Swag Labs_password' is clicked on

2023-05-12 17:38:04 - [TEST_STEP][PASSED] - sendKeys(findTestObject("Object Repository/Page_Swag Labs/input_Swag Labs_password"), "secret_sauce"): Keys 'secret_sauce' sent to object: 'Object Repository/Page_Swag Labs/input_Swag Labs_password'

2023-05-12 17:38:04 - [MESSAGE][PASSED] - Keys 'secret_sauce' sent to object: 'Object Repository/Page_Swag Labs/input_Swag Labs_password'

2023-05-12 17:38:04 - [TEST_STEP][PASSED] - click(findTestObject("Object Repository/Page_Swag Labs/input_Swag Labs_login-button")): Object: 'Object Repository/Page_Swag Labs/input_Swag Labs_login-button' is clicked on

2023-05-12 17:38:05 - [MESSAGE][PASSED] - Object: 'Object Repository/Page_Swag Labs/input_Swag Labs_login-button' is clicked on

2023-05-12 17:38:05 - [TEST_STEP][PASSED] - click(findTestObject("Object Repository/inventoryPage/Backpack")): Object: 'Object Repository/inventoryPage/Backpack' is clicked on

2023-05-12 17:38:05 - [MESSAGE][PASSED] - Object: 'Object Repository/inventoryPage/Backpack' is clicked on

2023-05-12 17:38:05 - [TEST_STEP][PASSED] - click(findTestObject("Object Repository/inventoryPage/button_Add to cart")): Object: 'Object Repository/inventoryPage/button_Add to cart' is clicked on

2023-05-12 17:38:06 - [MESSAGE][PASSED] - Object: 'Object Repository/inventoryPage/button_Add to cart' is clicked on

2023-05-12 17:38:06 - [TEST_STEP][PASSED] - click(findTestObject("Object Repository/inventoryPage/products_back-image")): Object: 'Object Repository/inventoryPage/products_back-image' is clicked on

2023-05-12 17:38:06 - [MESSAGE][PASSED] - Object: 'Object Repository/inventoryPage/products_back-image' is clicked on

2023-05-12 17:38:06 - [TEST_STEP][PASSED] - click(findTestObject("Object Repository/inventoryPage/cart")): Object: 'Object Repository/inventoryPage/cart' is clicked on

2023-05-12 17:38:07 - [MESSAGE][PASSED] - Object: 'Object Repository/inventoryPage/cart' is clicked on

2023-05-12 17:38:07 - [TEST_STEP][PASSED] - click(findTestObject("Object Repository/CheckoutPage/button_Checkout")): Object: 'Object Repository/CheckoutPage/button_Checkout' is clicked on

2023-05-12 17:38:07 - [MESSAGE][PASSED] - Object: 'Object Repository/CheckoutPage/button_Checkout' is clicked on

2023-05-12 17:38:07 - [TEST_STEP][PASSED] - sendKeys(findTestObject("Object Repository/checkout-step-one/input_Checkout Your Information_firstName"), "demo"): Keys 'demo' sent to object: 'Object Repository/checkout-step-one/input_Checkout Your Information_firstName'

2023-05-12 17:38:08 - [MESSAGE][PASSED] - Keys 'demo' sent to object: 'Object Repository/checkout-step-one/input_Checkout Your Information_firstName'

2023-05-12 17:38:08 - [TEST_STEP][PASSED] - sendKeys(findTestObject("Object Repository/checkout-step-one/input_Checkout Your Information_lastName"), "qa test"): Keys 'qa test' sent to object: 'Object Repository/checkout-step-one/input_Checkout Your Information_lastName'

2023-05-12 17:38:08 - [MESSAGE][PASSED] - Keys 'qa test' sent to object: 'Object Repository/checkout-step-one/input_Checkout Your Information_lastName'

2023-05-12 17:38:08 - [TEST_STEP][PASSED] - sendKeys(findTestObject("Object Repository/checkout-step-one/input_Checkout Your Information_postalCode"), "9000"): Keys '9000' sent to object: 'Object Repository/checkout-step-one/input_Checkout Your Information_postalCode'

2023-05-12 17:38:09 - [MESSAGE][PASSED] - Keys '9000' sent to object: 'Object Repository/checkout-step-one/input_Checkout Your Information_postalCode'

2023-05-12 17:38:09 - [TEST_STEP][PASSED] - click(findTestObject("Object Repository/checkout-step-one/input_continue")): Object: 'Object Repository/checkout-step-one/input_continue' is clicked on

2023-05-12 17:38:09 - [MESSAGE][PASSED] - Object: 'Object Repository/checkout-step-one/input_continue' is clicked on

2023-05-12 17:38:09 - [TEST_STEP][PASSED] - click(findTestObject("Object Repository/finish checkout/button_Finish")): Object: 'Object Repository/finish checkout/button_Finish' is clicked on

2023-05-12 17:38:10 - [MESSAGE][PASSED] - Object: 'Object Repository/finish checkout/button_Finish' is clicked on

2023-05-12 17:38:10 - [TEST_STEP][PASSED] - verifyElementVisible(findTestObject("Object Repository/order-success/h2_Thank you for your order")): Object 'Object Repository/order-success/h2_Thank you for your order' is visible

2023-05-12 17:38:11 - [MESSAGE][PASSED] - Object 'Object Repository/order-success/h2_Thank you for your order' is visible

2023-05-12 17:38:11 - [TEST_STEP][PASSED] - click(findTestObject("Object Repository/NavSideBar/sidebar")): Object: 'Object Repository/NavSideBar/sidebar' is clicked on

2023-05-12 17:38:11 - [MESSAGE][PASSED] - Object: 'Object Repository/NavSideBar/sidebar' is clicked on

2023-05-12 17:38:11 - [TEST_STEP][PASSED] - click(findTestObject("Object Repository/NavSideBar/a_Logout")): Object: 'Object Repository/NavSideBar/a_Logout' is clicked on

2023-05-12 17:38:11 - [MESSAGE][PASSED] - Object: 'Object Repository/NavSideBar/a_Logout' is clicked on

2023-05-12 17:38:11 - [TEST_STEP][PASSED] - verifyElementVisible(findTestObject("Object Repository/Page_Swag Labs/input_Swag Labs_user-name")): Object 'Object Repository/Page_Swag Labs/input_Swag Labs_user-name' is visible

2023-05-12 17:38:12 - [MESSAGE][PASSED] - Object 'Object Repository/Page_Swag Labs/input_Swag Labs_user-name' is visible

2023-05-12 17:38:12 - [TEST_STEP][PASSED] - closeBrowser(): Browser is closed

2023-05-12 17:38:13 - [MESSAGE][PASSED] - Browser is closed]]></system-out>
         <system-err><![CDATA[]]></system-err>
      </testcase>
      <system-out><![CDATA[2023-05-12 17:34:16 - [TEST_SUITE][PASSED] - simple case: Test Cases/test-flow-1-buy-1-product]]></system-out>
      <system-err><![CDATA[]]></system-err>
   </testsuite>
   <testsuite name="simple case" tests="20" failures="0" errors="0" time="239.144" skipped="0" timestamp="2023-05-12 17:38:16" hostname="minh.nguyen - 5YHW2D3" id="Test Suites/simple case">
      <properties>
         <property name="deviceName" value=""/>
         <property name="devicePlatform" value=""/>
         <property name="logFolder" value="C:\\Users\\minh.nguyen\\Desktop\\GitRepo\\tri-nhan-repo\\Reports\\20230512_171239\\simple case\\20230512_171252"/>
         <property name="logFiles" value="C:\\Users\\minh.nguyen\\Desktop\\GitRepo\\tri-nhan-repo\\Reports\\20230512_171239\\simple case\\20230512_171252\\execution0.log"/>
         <property name="attachments" value=""/>
         <property name="hostName" value="minh.nguyen - 5YHW2D3"/>
         <property name="os" value="Windows 10 64bit"/>
         <property name="katalonVersion" value="8.5.5.208"/>
         <property name="browser" value="Chrome 112.0.0.0"/>
         <property name="hostAddress" value="192.168.1.86"/>
         <property name="sessionId" value="bfde4f09bdf2d93ef4da09c2c7a50d1e"/>
         <property name="seleniumVersion" value="3.141.59"/>
         <property name="proxyInformation" value="ProxyInformation { proxyOption=NO_PROXY, proxyServerType=HTTP, username=, password=********, proxyServerAddress=, proxyServerPort=0, executionList=&quot;&quot;, isApplyToDesiredCapabilities=true }"/>
         <property name="platform" value="Windows 10"/>
      </properties>
      <testcase name="Test Cases/test-flow-1-buy-1-product" time="13.08" classname="Test Cases/test-flow-1-buy-1-product" status="PASSED">
         <system-out><![CDATA[2023-05-12 17:38:16 - [TEST_CASE][PASSED] - Test Cases/test-flow-1-buy-1-product: Test Cases/test-flow-1-buy-1-product

2023-05-12 17:38:16 - [TEST_STEP][PASSED] - openBrowser("https://www.saucedemo.com/"): Browser is opened with url: 'https://www.saucedemo.com/'

2023-05-12 17:38:17 - [MESSAGE][INFO] - Starting 'Chrome' driver

2023-05-12 17:38:17 - [MESSAGE][INFO] - Action delay is set to 0 milliseconds

2023-05-12 17:38:19 - [MESSAGE][PASSED] - Browser is opened with url: 'https://www.saucedemo.com/'

2023-05-12 17:38:19 - [TEST_STEP][PASSED] - click(findTestObject("Object Repository/Page_Swag Labs/input_Swag Labs_user-name")): Object: 'Object Repository/Page_Swag Labs/input_Swag Labs_user-name' is clicked on

2023-05-12 17:38:20 - [MESSAGE][PASSED] - Object: 'Object Repository/Page_Swag Labs/input_Swag Labs_user-name' is clicked on

2023-05-12 17:38:20 - [TEST_STEP][PASSED] - sendKeys(findTestObject("Object Repository/Page_Swag Labs/input_Swag Labs_user-name"), "standard_user"): Keys 'standard_user' sent to object: 'Object Repository/Page_Swag Labs/input_Swag Labs_user-name'

2023-05-12 17:38:20 - [MESSAGE][PASSED] - Keys 'standard_user' sent to object: 'Object Repository/Page_Swag Labs/input_Swag Labs_user-name'

2023-05-12 17:38:20 - [TEST_STEP][PASSED] - click(findTestObject("Object Repository/Page_Swag Labs/input_Swag Labs_password")): Object: 'Object Repository/Page_Swag Labs/input_Swag Labs_password' is clicked on

2023-05-12 17:38:20 - [MESSAGE][PASSED] - Object: 'Object Repository/Page_Swag Labs/input_Swag Labs_password' is clicked on

2023-05-12 17:38:20 - [TEST_STEP][PASSED] - sendKeys(findTestObject("Object Repository/Page_Swag Labs/input_Swag Labs_password"), "secret_sauce"): Keys 'secret_sauce' sent to object: 'Object Repository/Page_Swag Labs/input_Swag Labs_password'

2023-05-12 17:38:21 - [MESSAGE][PASSED] - Keys 'secret_sauce' sent to object: 'Object Repository/Page_Swag Labs/input_Swag Labs_password'

2023-05-12 17:38:21 - [TEST_STEP][PASSED] - click(findTestObject("Object Repository/Page_Swag Labs/input_Swag Labs_login-button")): Object: 'Object Repository/Page_Swag Labs/input_Swag Labs_login-button' is clicked on

2023-05-12 17:38:21 - [MESSAGE][PASSED] - Object: 'Object Repository/Page_Swag Labs/input_Swag Labs_login-button' is clicked on

2023-05-12 17:38:21 - [TEST_STEP][PASSED] - click(findTestObject("Object Repository/inventoryPage/Backpack")): Object: 'Object Repository/inventoryPage/Backpack' is clicked on

2023-05-12 17:38:22 - [MESSAGE][PASSED] - Object: 'Object Repository/inventoryPage/Backpack' is clicked on

2023-05-12 17:38:22 - [TEST_STEP][PASSED] - click(findTestObject("Object Repository/inventoryPage/button_Add to cart")): Object: 'Object Repository/inventoryPage/button_Add to cart' is clicked on

2023-05-12 17:38:22 - [MESSAGE][PASSED] - Object: 'Object Repository/inventoryPage/button_Add to cart' is clicked on

2023-05-12 17:38:22 - [TEST_STEP][PASSED] - click(findTestObject("Object Repository/inventoryPage/products_back-image")): Object: 'Object Repository/inventoryPage/products_back-image' is clicked on

2023-05-12 17:38:23 - [MESSAGE][PASSED] - Object: 'Object Repository/inventoryPage/products_back-image' is clicked on

2023-05-12 17:38:23 - [TEST_STEP][PASSED] - click(findTestObject("Object Repository/inventoryPage/cart")): Object: 'Object Repository/inventoryPage/cart' is clicked on

2023-05-12 17:38:23 - [MESSAGE][PASSED] - Object: 'Object Repository/inventoryPage/cart' is clicked on

2023-05-12 17:38:23 - [TEST_STEP][PASSED] - click(findTestObject("Object Repository/CheckoutPage/button_Checkout")): Object: 'Object Repository/CheckoutPage/button_Checkout' is clicked on

2023-05-12 17:38:24 - [MESSAGE][PASSED] - Object: 'Object Repository/CheckoutPage/button_Checkout' is clicked on

2023-05-12 17:38:24 - [TEST_STEP][PASSED] - sendKeys(findTestObject("Object Repository/checkout-step-one/input_Checkout Your Information_firstName"), "demo"): Keys 'demo' sent to object: 'Object Repository/checkout-step-one/input_Checkout Your Information_firstName'

2023-05-12 17:38:24 - [MESSAGE][PASSED] - Keys 'demo' sent to object: 'Object Repository/checkout-step-one/input_Checkout Your Information_firstName'

2023-05-12 17:38:24 - [TEST_STEP][PASSED] - sendKeys(findTestObject("Object Repository/checkout-step-one/input_Checkout Your Information_lastName"), "qa test"): Keys 'qa test' sent to object: 'Object Repository/checkout-step-one/input_Checkout Your Information_lastName'

2023-05-12 17:38:25 - [MESSAGE][PASSED] - Keys 'qa test' sent to object: 'Object Repository/checkout-step-one/input_Checkout Your Information_lastName'

2023-05-12 17:38:25 - [TEST_STEP][PASSED] - sendKeys(findTestObject("Object Repository/checkout-step-one/input_Checkout Your Information_postalCode"), "9000"): Keys '9000' sent to object: 'Object Repository/checkout-step-one/input_Checkout Your Information_postalCode'

2023-05-12 17:38:25 - [MESSAGE][PASSED] - Keys '9000' sent to object: 'Object Repository/checkout-step-one/input_Checkout Your Information_postalCode'

2023-05-12 17:38:25 - [TEST_STEP][PASSED] - click(findTestObject("Object Repository/checkout-step-one/input_continue")): Object: 'Object Repository/checkout-step-one/input_continue' is clicked on

2023-05-12 17:38:26 - [MESSAGE][PASSED] - Object: 'Object Repository/checkout-step-one/input_continue' is clicked on

2023-05-12 17:38:26 - [TEST_STEP][PASSED] - click(findTestObject("Object Repository/finish checkout/button_Finish")): Object: 'Object Repository/finish checkout/button_Finish' is clicked on

2023-05-12 17:38:27 - [MESSAGE][PASSED] - Object: 'Object Repository/finish checkout/button_Finish' is clicked on

2023-05-12 17:38:27 - [TEST_STEP][PASSED] - verifyElementVisible(findTestObject("Object Repository/order-success/h2_Thank you for your order")): Object 'Object Repository/order-success/h2_Thank you for your order' is visible

2023-05-12 17:38:27 - [MESSAGE][PASSED] - Object 'Object Repository/order-success/h2_Thank you for your order' is visible

2023-05-12 17:38:27 - [TEST_STEP][PASSED] - click(findTestObject("Object Repository/NavSideBar/sidebar")): Object: 'Object Repository/NavSideBar/sidebar' is clicked on

2023-05-12 17:38:27 - [MESSAGE][PASSED] - Object: 'Object Repository/NavSideBar/sidebar' is clicked on

2023-05-12 17:38:27 - [TEST_STEP][PASSED] - click(findTestObject("Object Repository/NavSideBar/a_Logout")): Object: 'Object Repository/NavSideBar/a_Logout' is clicked on

2023-05-12 17:38:28 - [MESSAGE][PASSED] - Object: 'Object Repository/NavSideBar/a_Logout' is clicked on

2023-05-12 17:38:28 - [TEST_STEP][PASSED] - verifyElementVisible(findTestObject("Object Repository/Page_Swag Labs/input_Swag Labs_user-name")): Object 'Object Repository/Page_Swag Labs/input_Swag Labs_user-name' is visible

2023-05-12 17:38:29 - [MESSAGE][PASSED] - Object 'Object Repository/Page_Swag Labs/input_Swag Labs_user-name' is visible

2023-05-12 17:38:29 - [TEST_STEP][PASSED] - closeBrowser(): Browser is closed

2023-05-12 17:38:29 - [MESSAGE][PASSED] - Browser is closed]]></system-out>
         <system-err><![CDATA[]]></system-err>
      </testcase>
      <testcase name="Test Cases/test-flow-1-buy-1-product" time="12.0" classname="Test Cases/test-flow-1-buy-1-product" status="PASSED">
         <system-out><![CDATA[2023-05-12 17:38:29 - [TEST_CASE][PASSED] - Test Cases/test-flow-1-buy-1-product: Test Cases/test-flow-1-buy-1-product

2023-05-12 17:38:29 - [TEST_STEP][PASSED] - openBrowser("https://www.saucedemo.com/"): Browser is opened with url: 'https://www.saucedemo.com/'

2023-05-12 17:38:29 - [MESSAGE][INFO] - Starting 'Chrome' driver

2023-05-12 17:38:29 - [MESSAGE][INFO] - Action delay is set to 0 milliseconds

2023-05-12 17:38:32 - [MESSAGE][PASSED] - Browser is opened with url: 'https://www.saucedemo.com/'

2023-05-12 17:38:32 - [TEST_STEP][PASSED] - click(findTestObject("Object Repository/Page_Swag Labs/input_Swag Labs_user-name")): Object: 'Object Repository/Page_Swag Labs/input_Swag Labs_user-name' is clicked on

2023-05-12 17:38:32 - [MESSAGE][PASSED] - Object: 'Object Repository/Page_Swag Labs/input_Swag Labs_user-name' is clicked on

2023-05-12 17:38:32 - [TEST_STEP][PASSED] - sendKeys(findTestObject("Object Repository/Page_Swag Labs/input_Swag Labs_user-name"), "standard_user"): Keys 'standard_user' sent to object: 'Object Repository/Page_Swag Labs/input_Swag Labs_user-name'

2023-05-12 17:38:32 - [MESSAGE][PASSED] - Keys 'standard_user' sent to object: 'Object Repository/Page_Swag Labs/input_Swag Labs_user-name'

2023-05-12 17:38:32 - [TEST_STEP][PASSED] - click(findTestObject("Object Repository/Page_Swag Labs/input_Swag Labs_password")): Object: 'Object Repository/Page_Swag Labs/input_Swag Labs_password' is clicked on

2023-05-12 17:38:33 - [MESSAGE][PASSED] - Object: 'Object Repository/Page_Swag Labs/input_Swag Labs_password' is clicked on

2023-05-12 17:38:33 - [TEST_STEP][PASSED] - sendKeys(findTestObject("Object Repository/Page_Swag Labs/input_Swag Labs_password"), "secret_sauce"): Keys 'secret_sauce' sent to object: 'Object Repository/Page_Swag Labs/input_Swag Labs_password'

2023-05-12 17:38:33 - [MESSAGE][PASSED] - Keys 'secret_sauce' sent to object: 'Object Repository/Page_Swag Labs/input_Swag Labs_password'

2023-05-12 17:38:33 - [TEST_STEP][PASSED] - click(findTestObject("Object Repository/Page_Swag Labs/input_Swag Labs_login-button")): Object: 'Object Repository/Page_Swag Labs/input_Swag Labs_login-button' is clicked on

2023-05-12 17:38:33 - [MESSAGE][PASSED] - Object: 'Object Repository/Page_Swag Labs/input_Swag Labs_login-button' is clicked on

2023-05-12 17:38:33 - [TEST_STEP][PASSED] - click(findTestObject("Object Repository/inventoryPage/Backpack")): Object: 'Object Repository/inventoryPage/Backpack' is clicked on

2023-05-12 17:38:34 - [MESSAGE][PASSED] - Object: 'Object Repository/inventoryPage/Backpack' is clicked on

2023-05-12 17:38:34 - [TEST_STEP][PASSED] - click(findTestObject("Object Repository/inventoryPage/button_Add to cart")): Object: 'Object Repository/inventoryPage/button_Add to cart' is clicked on

2023-05-12 17:38:34 - [MESSAGE][PASSED] - Object: 'Object Repository/inventoryPage/button_Add to cart' is clicked on

2023-05-12 17:38:34 - [TEST_STEP][PASSED] - click(findTestObject("Object Repository/inventoryPage/products_back-image")): Object: 'Object Repository/inventoryPage/products_back-image' is clicked on

2023-05-12 17:38:35 - [MESSAGE][PASSED] - Object: 'Object Repository/inventoryPage/products_back-image' is clicked on

2023-05-12 17:38:35 - [TEST_STEP][PASSED] - click(findTestObject("Object Repository/inventoryPage/cart")): Object: 'Object Repository/inventoryPage/cart' is clicked on

2023-05-12 17:38:35 - [MESSAGE][PASSED] - Object: 'Object Repository/inventoryPage/cart' is clicked on

2023-05-12 17:38:35 - [TEST_STEP][PASSED] - click(findTestObject("Object Repository/CheckoutPage/button_Checkout")): Object: 'Object Repository/CheckoutPage/button_Checkout' is clicked on

2023-05-12 17:38:36 - [MESSAGE][PASSED] - Object: 'Object Repository/CheckoutPage/button_Checkout' is clicked on

2023-05-12 17:38:36 - [TEST_STEP][PASSED] - sendKeys(findTestObject("Object Repository/checkout-step-one/input_Checkout Your Information_firstName"), "demo"): Keys 'demo' sent to object: 'Object Repository/checkout-step-one/input_Checkout Your Information_firstName'

2023-05-12 17:38:36 - [MESSAGE][PASSED] - Keys 'demo' sent to object: 'Object Repository/checkout-step-one/input_Checkout Your Information_firstName'

2023-05-12 17:38:36 - [TEST_STEP][PASSED] - sendKeys(findTestObject("Object Repository/checkout-step-one/input_Checkout Your Information_lastName"), "qa test"): Keys 'qa test' sent to object: 'Object Repository/checkout-step-one/input_Checkout Your Information_lastName'

2023-05-12 17:38:37 - [MESSAGE][PASSED] - Keys 'qa test' sent to object: 'Object Repository/checkout-step-one/input_Checkout Your Information_lastName'

2023-05-12 17:38:37 - [TEST_STEP][PASSED] - sendKeys(findTestObject("Object Repository/checkout-step-one/input_Checkout Your Information_postalCode"), "9000"): Keys '9000' sent to object: 'Object Repository/checkout-step-one/input_Checkout Your Information_postalCode'

2023-05-12 17:38:37 - [MESSAGE][PASSED] - Keys '9000' sent to object: 'Object Repository/checkout-step-one/input_Checkout Your Information_postalCode'

2023-05-12 17:38:37 - [TEST_STEP][PASSED] - click(findTestObject("Object Repository/checkout-step-one/input_continue")): Object: 'Object Repository/checkout-step-one/input_continue' is clicked on

2023-05-12 17:38:38 - [MESSAGE][PASSED] - Object: 'Object Repository/checkout-step-one/input_continue' is clicked on

2023-05-12 17:38:38 - [TEST_STEP][PASSED] - click(findTestObject("Object Repository/finish checkout/button_Finish")): Object: 'Object Repository/finish checkout/button_Finish' is clicked on

2023-05-12 17:38:38 - [MESSAGE][PASSED] - Object: 'Object Repository/finish checkout/button_Finish' is clicked on

2023-05-12 17:38:38 - [TEST_STEP][PASSED] - verifyElementVisible(findTestObject("Object Repository/order-success/h2_Thank you for your order")): Object 'Object Repository/order-success/h2_Thank you for your order' is visible

2023-05-12 17:38:39 - [MESSAGE][PASSED] - Object 'Object Repository/order-success/h2_Thank you for your order' is visible

2023-05-12 17:38:39 - [TEST_STEP][PASSED] - click(findTestObject("Object Repository/NavSideBar/sidebar")): Object: 'Object Repository/NavSideBar/sidebar' is clicked on

2023-05-12 17:38:39 - [MESSAGE][PASSED] - Object: 'Object Repository/NavSideBar/sidebar' is clicked on

2023-05-12 17:38:39 - [TEST_STEP][PASSED] - click(findTestObject("Object Repository/NavSideBar/a_Logout")): Object: 'Object Repository/NavSideBar/a_Logout' is clicked on

2023-05-12 17:38:40 - [MESSAGE][PASSED] - Object: 'Object Repository/NavSideBar/a_Logout' is clicked on

2023-05-12 17:38:40 - [TEST_STEP][PASSED] - verifyElementVisible(findTestObject("Object Repository/Page_Swag Labs/input_Swag Labs_user-name")): Object 'Object Repository/Page_Swag Labs/input_Swag Labs_user-name' is visible

2023-05-12 17:38:40 - [MESSAGE][PASSED] - Object 'Object Repository/Page_Swag Labs/input_Swag Labs_user-name' is visible

2023-05-12 17:38:40 - [TEST_STEP][PASSED] - closeBrowser(): Browser is closed

2023-05-12 17:38:41 - [MESSAGE][PASSED] - Browser is closed]]></system-out>
         <system-err><![CDATA[]]></system-err>
      </testcase>
      <testcase name="Test Cases/test-flow-1-buy-1-product" time="12.039" classname="Test Cases/test-flow-1-buy-1-product" status="PASSED">
         <system-out><![CDATA[2023-05-12 17:38:41 - [TEST_CASE][PASSED] - Test Cases/test-flow-1-buy-1-product: Test Cases/test-flow-1-buy-1-product

2023-05-12 17:38:41 - [TEST_STEP][PASSED] - openBrowser("https://www.saucedemo.com/"): Browser is opened with url: 'https://www.saucedemo.com/'

2023-05-12 17:38:41 - [MESSAGE][INFO] - Starting 'Chrome' driver

2023-05-12 17:38:41 - [MESSAGE][INFO] - Action delay is set to 0 milliseconds

2023-05-12 17:38:43 - [MESSAGE][PASSED] - Browser is opened with url: 'https://www.saucedemo.com/'

2023-05-12 17:38:43 - [TEST_STEP][PASSED] - click(findTestObject("Object Repository/Page_Swag Labs/input_Swag Labs_user-name")): Object: 'Object Repository/Page_Swag Labs/input_Swag Labs_user-name' is clicked on

2023-05-12 17:38:44 - [MESSAGE][PASSED] - Object: 'Object Repository/Page_Swag Labs/input_Swag Labs_user-name' is clicked on

2023-05-12 17:38:44 - [TEST_STEP][PASSED] - sendKeys(findTestObject("Object Repository/Page_Swag Labs/input_Swag Labs_user-name"), "standard_user"): Keys 'standard_user' sent to object: 'Object Repository/Page_Swag Labs/input_Swag Labs_user-name'

2023-05-12 17:38:44 - [MESSAGE][PASSED] - Keys 'standard_user' sent to object: 'Object Repository/Page_Swag Labs/input_Swag Labs_user-name'

2023-05-12 17:38:44 - [TEST_STEP][PASSED] - click(findTestObject("Object Repository/Page_Swag Labs/input_Swag Labs_password")): Object: 'Object Repository/Page_Swag Labs/input_Swag Labs_password' is clicked on

2023-05-12 17:38:44 - [MESSAGE][PASSED] - Object: 'Object Repository/Page_Swag Labs/input_Swag Labs_password' is clicked on

2023-05-12 17:38:44 - [TEST_STEP][PASSED] - sendKeys(findTestObject("Object Repository/Page_Swag Labs/input_Swag Labs_password"), "secret_sauce"): Keys 'secret_sauce' sent to object: 'Object Repository/Page_Swag Labs/input_Swag Labs_password'

2023-05-12 17:38:45 - [MESSAGE][PASSED] - Keys 'secret_sauce' sent to object: 'Object Repository/Page_Swag Labs/input_Swag Labs_password'

2023-05-12 17:38:45 - [TEST_STEP][PASSED] - click(findTestObject("Object Repository/Page_Swag Labs/input_Swag Labs_login-button")): Object: 'Object Repository/Page_Swag Labs/input_Swag Labs_login-button' is clicked on

2023-05-12 17:38:45 - [MESSAGE][PASSED] - Object: 'Object Repository/Page_Swag Labs/input_Swag Labs_login-button' is clicked on

2023-05-12 17:38:45 - [TEST_STEP][PASSED] - click(findTestObject("Object Repository/inventoryPage/Backpack")): Object: 'Object Repository/inventoryPage/Backpack' is clicked on

2023-05-12 17:38:46 - [MESSAGE][PASSED] - Object: 'Object Repository/inventoryPage/Backpack' is clicked on

2023-05-12 17:38:46 - [TEST_STEP][PASSED] - click(findTestObject("Object Repository/inventoryPage/button_Add to cart")): Object: 'Object Repository/inventoryPage/button_Add to cart' is clicked on

2023-05-12 17:38:46 - [MESSAGE][PASSED] - Object: 'Object Repository/inventoryPage/button_Add to cart' is clicked on

2023-05-12 17:38:46 - [TEST_STEP][PASSED] - click(findTestObject("Object Repository/inventoryPage/products_back-image")): Object: 'Object Repository/inventoryPage/products_back-image' is clicked on

2023-05-12 17:38:47 - [MESSAGE][PASSED] - Object: 'Object Repository/inventoryPage/products_back-image' is clicked on

2023-05-12 17:38:47 - [TEST_STEP][PASSED] - click(findTestObject("Object Repository/inventoryPage/cart")): Object: 'Object Repository/inventoryPage/cart' is clicked on

2023-05-12 17:38:47 - [MESSAGE][PASSED] - Object: 'Object Repository/inventoryPage/cart' is clicked on

2023-05-12 17:38:47 - [TEST_STEP][PASSED] - click(findTestObject("Object Repository/CheckoutPage/button_Checkout")): Object: 'Object Repository/CheckoutPage/button_Checkout' is clicked on

2023-05-12 17:38:48 - [MESSAGE][PASSED] - Object: 'Object Repository/CheckoutPage/button_Checkout' is clicked on

2023-05-12 17:38:48 - [TEST_STEP][PASSED] - sendKeys(findTestObject("Object Repository/checkout-step-one/input_Checkout Your Information_firstName"), "demo"): Keys 'demo' sent to object: 'Object Repository/checkout-step-one/input_Checkout Your Information_firstName'

2023-05-12 17:38:48 - [MESSAGE][PASSED] - Keys 'demo' sent to object: 'Object Repository/checkout-step-one/input_Checkout Your Information_firstName'

2023-05-12 17:38:48 - [TEST_STEP][PASSED] - sendKeys(findTestObject("Object Repository/checkout-step-one/input_Checkout Your Information_lastName"), "qa test"): Keys 'qa test' sent to object: 'Object Repository/checkout-step-one/input_Checkout Your Information_lastName'

2023-05-12 17:38:49 - [MESSAGE][PASSED] - Keys 'qa test' sent to object: 'Object Repository/checkout-step-one/input_Checkout Your Information_lastName'

2023-05-12 17:38:49 - [TEST_STEP][PASSED] - sendKeys(findTestObject("Object Repository/checkout-step-one/input_Checkout Your Information_postalCode"), "9000"): Keys '9000' sent to object: 'Object Repository/checkout-step-one/input_Checkout Your Information_postalCode'

2023-05-12 17:38:49 - [MESSAGE][PASSED] - Keys '9000' sent to object: 'Object Repository/checkout-step-one/input_Checkout Your Information_postalCode'

2023-05-12 17:38:49 - [TEST_STEP][PASSED] - click(findTestObject("Object Repository/checkout-step-one/input_continue")): Object: 'Object Repository/checkout-step-one/input_continue' is clicked on

2023-05-12 17:38:50 - [MESSAGE][PASSED] - Object: 'Object Repository/checkout-step-one/input_continue' is clicked on

2023-05-12 17:38:50 - [TEST_STEP][PASSED] - click(findTestObject("Object Repository/finish checkout/button_Finish")): Object: 'Object Repository/finish checkout/button_Finish' is clicked on

2023-05-12 17:38:51 - [MESSAGE][PASSED] - Object: 'Object Repository/finish checkout/button_Finish' is clicked on

2023-05-12 17:38:51 - [TEST_STEP][PASSED] - verifyElementVisible(findTestObject("Object Repository/order-success/h2_Thank you for your order")): Object 'Object Repository/order-success/h2_Thank you for your order' is visible

2023-05-12 17:38:51 - [MESSAGE][PASSED] - Object 'Object Repository/order-success/h2_Thank you for your order' is visible

2023-05-12 17:38:51 - [TEST_STEP][PASSED] - click(findTestObject("Object Repository/NavSideBar/sidebar")): Object: 'Object Repository/NavSideBar/sidebar' is clicked on

2023-05-12 17:38:52 - [MESSAGE][PASSED] - Object: 'Object Repository/NavSideBar/sidebar' is clicked on

2023-05-12 17:38:52 - [TEST_STEP][PASSED] - click(findTestObject("Object Repository/NavSideBar/a_Logout")): Object: 'Object Repository/NavSideBar/a_Logout' is clicked on

2023-05-12 17:38:52 - [MESSAGE][PASSED] - Object: 'Object Repository/NavSideBar/a_Logout' is clicked on

2023-05-12 17:38:52 - [TEST_STEP][PASSED] - verifyElementVisible(findTestObject("Object Repository/Page_Swag Labs/input_Swag Labs_user-name")): Object 'Object Repository/Page_Swag Labs/input_Swag Labs_user-name' is visible

2023-05-12 17:38:53 - [MESSAGE][PASSED] - Object 'Object Repository/Page_Swag Labs/input_Swag Labs_user-name' is visible

2023-05-12 17:38:53 - [TEST_STEP][PASSED] - closeBrowser(): Browser is closed

2023-05-12 17:38:53 - [MESSAGE][PASSED] - Browser is closed]]></system-out>
         <system-err><![CDATA[]]></system-err>
      </testcase>
      <testcase name="Test Cases/test-flow-1-buy-1-product" time="12.057" classname="Test Cases/test-flow-1-buy-1-product" status="PASSED">
         <system-out><![CDATA[2023-05-12 17:38:53 - [TEST_CASE][PASSED] - Test Cases/test-flow-1-buy-1-product: Test Cases/test-flow-1-buy-1-product

2023-05-12 17:38:53 - [TEST_STEP][PASSED] - openBrowser("https://www.saucedemo.com/"): Browser is opened with url: 'https://www.saucedemo.com/'

2023-05-12 17:38:53 - [MESSAGE][INFO] - Starting 'Chrome' driver

2023-05-12 17:38:53 - [MESSAGE][INFO] - Action delay is set to 0 milliseconds

2023-05-12 17:38:56 - [MESSAGE][PASSED] - Browser is opened with url: 'https://www.saucedemo.com/'

2023-05-12 17:38:56 - [TEST_STEP][PASSED] - click(findTestObject("Object Repository/Page_Swag Labs/input_Swag Labs_user-name")): Object: 'Object Repository/Page_Swag Labs/input_Swag Labs_user-name' is clicked on

2023-05-12 17:38:56 - [MESSAGE][PASSED] - Object: 'Object Repository/Page_Swag Labs/input_Swag Labs_user-name' is clicked on

2023-05-12 17:38:56 - [TEST_STEP][PASSED] - sendKeys(findTestObject("Object Repository/Page_Swag Labs/input_Swag Labs_user-name"), "standard_user"): Keys 'standard_user' sent to object: 'Object Repository/Page_Swag Labs/input_Swag Labs_user-name'

2023-05-12 17:38:56 - [MESSAGE][PASSED] - Keys 'standard_user' sent to object: 'Object Repository/Page_Swag Labs/input_Swag Labs_user-name'

2023-05-12 17:38:56 - [TEST_STEP][PASSED] - click(findTestObject("Object Repository/Page_Swag Labs/input_Swag Labs_password")): Object: 'Object Repository/Page_Swag Labs/input_Swag Labs_password' is clicked on

2023-05-12 17:38:57 - [MESSAGE][PASSED] - Object: 'Object Repository/Page_Swag Labs/input_Swag Labs_password' is clicked on

2023-05-12 17:38:57 - [TEST_STEP][PASSED] - sendKeys(findTestObject("Object Repository/Page_Swag Labs/input_Swag Labs_password"), "secret_sauce"): Keys 'secret_sauce' sent to object: 'Object Repository/Page_Swag Labs/input_Swag Labs_password'

2023-05-12 17:38:57 - [MESSAGE][PASSED] - Keys 'secret_sauce' sent to object: 'Object Repository/Page_Swag Labs/input_Swag Labs_password'

2023-05-12 17:38:57 - [TEST_STEP][PASSED] - click(findTestObject("Object Repository/Page_Swag Labs/input_Swag Labs_login-button")): Object: 'Object Repository/Page_Swag Labs/input_Swag Labs_login-button' is clicked on

2023-05-12 17:38:57 - [MESSAGE][PASSED] - Object: 'Object Repository/Page_Swag Labs/input_Swag Labs_login-button' is clicked on

2023-05-12 17:38:57 - [TEST_STEP][PASSED] - click(findTestObject("Object Repository/inventoryPage/Backpack")): Object: 'Object Repository/inventoryPage/Backpack' is clicked on

2023-05-12 17:38:58 - [MESSAGE][PASSED] - Object: 'Object Repository/inventoryPage/Backpack' is clicked on

2023-05-12 17:38:58 - [TEST_STEP][PASSED] - click(findTestObject("Object Repository/inventoryPage/button_Add to cart")): Object: 'Object Repository/inventoryPage/button_Add to cart' is clicked on

2023-05-12 17:38:58 - [MESSAGE][PASSED] - Object: 'Object Repository/inventoryPage/button_Add to cart' is clicked on

2023-05-12 17:38:58 - [TEST_STEP][PASSED] - click(findTestObject("Object Repository/inventoryPage/products_back-image")): Object: 'Object Repository/inventoryPage/products_back-image' is clicked on

2023-05-12 17:38:59 - [MESSAGE][PASSED] - Object: 'Object Repository/inventoryPage/products_back-image' is clicked on

2023-05-12 17:38:59 - [TEST_STEP][PASSED] - click(findTestObject("Object Repository/inventoryPage/cart")): Object: 'Object Repository/inventoryPage/cart' is clicked on

2023-05-12 17:38:59 - [MESSAGE][PASSED] - Object: 'Object Repository/inventoryPage/cart' is clicked on

2023-05-12 17:38:59 - [TEST_STEP][PASSED] - click(findTestObject("Object Repository/CheckoutPage/button_Checkout")): Object: 'Object Repository/CheckoutPage/button_Checkout' is clicked on

2023-05-12 17:39:00 - [MESSAGE][PASSED] - Object: 'Object Repository/CheckoutPage/button_Checkout' is clicked on

2023-05-12 17:39:00 - [TEST_STEP][PASSED] - sendKeys(findTestObject("Object Repository/checkout-step-one/input_Checkout Your Information_firstName"), "demo"): Keys 'demo' sent to object: 'Object Repository/checkout-step-one/input_Checkout Your Information_firstName'

2023-05-12 17:39:01 - [MESSAGE][PASSED] - Keys 'demo' sent to object: 'Object Repository/checkout-step-one/input_Checkout Your Information_firstName'

2023-05-12 17:39:01 - [TEST_STEP][PASSED] - sendKeys(findTestObject("Object Repository/checkout-step-one/input_Checkout Your Information_lastName"), "qa test"): Keys 'qa test' sent to object: 'Object Repository/checkout-step-one/input_Checkout Your Information_lastName'

2023-05-12 17:39:01 - [MESSAGE][PASSED] - Keys 'qa test' sent to object: 'Object Repository/checkout-step-one/input_Checkout Your Information_lastName'

2023-05-12 17:39:01 - [TEST_STEP][PASSED] - sendKeys(findTestObject("Object Repository/checkout-step-one/input_Checkout Your Information_postalCode"), "9000"): Keys '9000' sent to object: 'Object Repository/checkout-step-one/input_Checkout Your Information_postalCode'

2023-05-12 17:39:02 - [MESSAGE][PASSED] - Keys '9000' sent to object: 'Object Repository/checkout-step-one/input_Checkout Your Information_postalCode'

2023-05-12 17:39:02 - [TEST_STEP][PASSED] - click(findTestObject("Object Repository/checkout-step-one/input_continue")): Object: 'Object Repository/checkout-step-one/input_continue' is clicked on

2023-05-12 17:39:02 - [MESSAGE][PASSED] - Object: 'Object Repository/checkout-step-one/input_continue' is clicked on

2023-05-12 17:39:02 - [TEST_STEP][PASSED] - click(findTestObject("Object Repository/finish checkout/button_Finish")): Object: 'Object Repository/finish checkout/button_Finish' is clicked on

2023-05-12 17:39:03 - [MESSAGE][PASSED] - Object: 'Object Repository/finish checkout/button_Finish' is clicked on

2023-05-12 17:39:03 - [TEST_STEP][PASSED] - verifyElementVisible(findTestObject("Object Repository/order-success/h2_Thank you for your order")): Object 'Object Repository/order-success/h2_Thank you for your order' is visible

2023-05-12 17:39:03 - [MESSAGE][PASSED] - Object 'Object Repository/order-success/h2_Thank you for your order' is visible

2023-05-12 17:39:03 - [TEST_STEP][PASSED] - click(findTestObject("Object Repository/NavSideBar/sidebar")): Object: 'Object Repository/NavSideBar/sidebar' is clicked on

2023-05-12 17:39:04 - [MESSAGE][PASSED] - Object: 'Object Repository/NavSideBar/sidebar' is clicked on

2023-05-12 17:39:04 - [TEST_STEP][PASSED] - click(findTestObject("Object Repository/NavSideBar/a_Logout")): Object: 'Object Repository/NavSideBar/a_Logout' is clicked on

2023-05-12 17:39:04 - [MESSAGE][PASSED] - Object: 'Object Repository/NavSideBar/a_Logout' is clicked on

2023-05-12 17:39:04 - [TEST_STEP][PASSED] - verifyElementVisible(findTestObject("Object Repository/Page_Swag Labs/input_Swag Labs_user-name")): Object 'Object Repository/Page_Swag Labs/input_Swag Labs_user-name' is visible

2023-05-12 17:39:05 - [MESSAGE][PASSED] - Object 'Object Repository/Page_Swag Labs/input_Swag Labs_user-name' is visible

2023-05-12 17:39:05 - [TEST_STEP][PASSED] - closeBrowser(): Browser is closed

2023-05-12 17:39:05 - [MESSAGE][PASSED] - Browser is closed]]></system-out>
         <system-err><![CDATA[]]></system-err>
      </testcase>
      <testcase name="Test Cases/test-flow-1-buy-1-product" time="11.688" classname="Test Cases/test-flow-1-buy-1-product" status="PASSED">
         <system-out><![CDATA[2023-05-12 17:39:05 - [TEST_CASE][PASSED] - Test Cases/test-flow-1-buy-1-product: Test Cases/test-flow-1-buy-1-product

2023-05-12 17:39:05 - [TEST_STEP][PASSED] - openBrowser("https://www.saucedemo.com/"): Browser is opened with url: 'https://www.saucedemo.com/'

2023-05-12 17:39:05 - [MESSAGE][INFO] - Starting 'Chrome' driver

2023-05-12 17:39:05 - [MESSAGE][INFO] - Action delay is set to 0 milliseconds

2023-05-12 17:39:07 - [MESSAGE][PASSED] - Browser is opened with url: 'https://www.saucedemo.com/'

2023-05-12 17:39:07 - [TEST_STEP][PASSED] - click(findTestObject("Object Repository/Page_Swag Labs/input_Swag Labs_user-name")): Object: 'Object Repository/Page_Swag Labs/input_Swag Labs_user-name' is clicked on

2023-05-12 17:39:08 - [MESSAGE][PASSED] - Object: 'Object Repository/Page_Swag Labs/input_Swag Labs_user-name' is clicked on

2023-05-12 17:39:08 - [TEST_STEP][PASSED] - sendKeys(findTestObject("Object Repository/Page_Swag Labs/input_Swag Labs_user-name"), "standard_user"): Keys 'standard_user' sent to object: 'Object Repository/Page_Swag Labs/input_Swag Labs_user-name'

2023-05-12 17:39:08 - [MESSAGE][PASSED] - Keys 'standard_user' sent to object: 'Object Repository/Page_Swag Labs/input_Swag Labs_user-name'

2023-05-12 17:39:08 - [TEST_STEP][PASSED] - click(findTestObject("Object Repository/Page_Swag Labs/input_Swag Labs_password")): Object: 'Object Repository/Page_Swag Labs/input_Swag Labs_password' is clicked on

2023-05-12 17:39:08 - [MESSAGE][PASSED] - Object: 'Object Repository/Page_Swag Labs/input_Swag Labs_password' is clicked on

2023-05-12 17:39:08 - [TEST_STEP][PASSED] - sendKeys(findTestObject("Object Repository/Page_Swag Labs/input_Swag Labs_password"), "secret_sauce"): Keys 'secret_sauce' sent to object: 'Object Repository/Page_Swag Labs/input_Swag Labs_password'

2023-05-12 17:39:09 - [MESSAGE][PASSED] - Keys 'secret_sauce' sent to object: 'Object Repository/Page_Swag Labs/input_Swag Labs_password'

2023-05-12 17:39:09 - [TEST_STEP][PASSED] - click(findTestObject("Object Repository/Page_Swag Labs/input_Swag Labs_login-button")): Object: 'Object Repository/Page_Swag Labs/input_Swag Labs_login-button' is clicked on

2023-05-12 17:39:09 - [MESSAGE][PASSED] - Object: 'Object Repository/Page_Swag Labs/input_Swag Labs_login-button' is clicked on

2023-05-12 17:39:09 - [TEST_STEP][PASSED] - click(findTestObject("Object Repository/inventoryPage/Backpack")): Object: 'Object Repository/inventoryPage/Backpack' is clicked on

2023-05-12 17:39:10 - [MESSAGE][PASSED] - Object: 'Object Repository/inventoryPage/Backpack' is clicked on

2023-05-12 17:39:10 - [TEST_STEP][PASSED] - click(findTestObject("Object Repository/inventoryPage/button_Add to cart")): Object: 'Object Repository/inventoryPage/button_Add to cart' is clicked on

2023-05-12 17:39:10 - [MESSAGE][PASSED] - Object: 'Object Repository/inventoryPage/button_Add to cart' is clicked on

2023-05-12 17:39:10 - [TEST_STEP][PASSED] - click(findTestObject("Object Repository/inventoryPage/products_back-image")): Object: 'Object Repository/inventoryPage/products_back-image' is clicked on

2023-05-12 17:39:11 - [MESSAGE][PASSED] - Object: 'Object Repository/inventoryPage/products_back-image' is clicked on

2023-05-12 17:39:11 - [TEST_STEP][PASSED] - click(findTestObject("Object Repository/inventoryPage/cart")): Object: 'Object Repository/inventoryPage/cart' is clicked on

2023-05-12 17:39:11 - [MESSAGE][PASSED] - Object: 'Object Repository/inventoryPage/cart' is clicked on

2023-05-12 17:39:11 - [TEST_STEP][PASSED] - click(findTestObject("Object Repository/CheckoutPage/button_Checkout")): Object: 'Object Repository/CheckoutPage/button_Checkout' is clicked on

2023-05-12 17:39:12 - [MESSAGE][PASSED] - Object: 'Object Repository/CheckoutPage/button_Checkout' is clicked on

2023-05-12 17:39:12 - [TEST_STEP][PASSED] - sendKeys(findTestObject("Object Repository/checkout-step-one/input_Checkout Your Information_firstName"), "demo"): Keys 'demo' sent to object: 'Object Repository/checkout-step-one/input_Checkout Your Information_firstName'

2023-05-12 17:39:12 - [MESSAGE][PASSED] - Keys 'demo' sent to object: 'Object Repository/checkout-step-one/input_Checkout Your Information_firstName'

2023-05-12 17:39:12 - [TEST_STEP][PASSED] - sendKeys(findTestObject("Object Repository/checkout-step-one/input_Checkout Your Information_lastName"), "qa test"): Keys 'qa test' sent to object: 'Object Repository/checkout-step-one/input_Checkout Your Information_lastName'

2023-05-12 17:39:13 - [MESSAGE][PASSED] - Keys 'qa test' sent to object: 'Object Repository/checkout-step-one/input_Checkout Your Information_lastName'

2023-05-12 17:39:13 - [TEST_STEP][PASSED] - sendKeys(findTestObject("Object Repository/checkout-step-one/input_Checkout Your Information_postalCode"), "9000"): Keys '9000' sent to object: 'Object Repository/checkout-step-one/input_Checkout Your Information_postalCode'

2023-05-12 17:39:13 - [MESSAGE][PASSED] - Keys '9000' sent to object: 'Object Repository/checkout-step-one/input_Checkout Your Information_postalCode'

2023-05-12 17:39:13 - [TEST_STEP][PASSED] - click(findTestObject("Object Repository/checkout-step-one/input_continue")): Object: 'Object Repository/checkout-step-one/input_continue' is clicked on

2023-05-12 17:39:14 - [MESSAGE][PASSED] - Object: 'Object Repository/checkout-step-one/input_continue' is clicked on

2023-05-12 17:39:14 - [TEST_STEP][PASSED] - click(findTestObject("Object Repository/finish checkout/button_Finish")): Object: 'Object Repository/finish checkout/button_Finish' is clicked on

2023-05-12 17:39:14 - [MESSAGE][PASSED] - Object: 'Object Repository/finish checkout/button_Finish' is clicked on

2023-05-12 17:39:14 - [TEST_STEP][PASSED] - verifyElementVisible(findTestObject("Object Repository/order-success/h2_Thank you for your order")): Object 'Object Repository/order-success/h2_Thank you for your order' is visible

2023-05-12 17:39:15 - [MESSAGE][PASSED] - Object 'Object Repository/order-success/h2_Thank you for your order' is visible

2023-05-12 17:39:15 - [TEST_STEP][PASSED] - click(findTestObject("Object Repository/NavSideBar/sidebar")): Object: 'Object Repository/NavSideBar/sidebar' is clicked on

2023-05-12 17:39:15 - [MESSAGE][PASSED] - Object: 'Object Repository/NavSideBar/sidebar' is clicked on

2023-05-12 17:39:15 - [TEST_STEP][PASSED] - click(findTestObject("Object Repository/NavSideBar/a_Logout")): Object: 'Object Repository/NavSideBar/a_Logout' is clicked on

2023-05-12 17:39:16 - [MESSAGE][PASSED] - Object: 'Object Repository/NavSideBar/a_Logout' is clicked on

2023-05-12 17:39:16 - [TEST_STEP][PASSED] - verifyElementVisible(findTestObject("Object Repository/Page_Swag Labs/input_Swag Labs_user-name")): Object 'Object Repository/Page_Swag Labs/input_Swag Labs_user-name' is visible

2023-05-12 17:39:16 - [MESSAGE][PASSED] - Object 'Object Repository/Page_Swag Labs/input_Swag Labs_user-name' is visible

2023-05-12 17:39:16 - [TEST_STEP][PASSED] - closeBrowser(): Browser is closed

2023-05-12 17:39:17 - [MESSAGE][PASSED] - Browser is closed]]></system-out>
         <system-err><![CDATA[]]></system-err>
      </testcase>
      <testcase name="Test Cases/test-flow-1-buy-1-product" time="11.869" classname="Test Cases/test-flow-1-buy-1-product" status="PASSED">
         <system-out><![CDATA[2023-05-12 17:39:17 - [TEST_CASE][PASSED] - Test Cases/test-flow-1-buy-1-product: Test Cases/test-flow-1-buy-1-product

2023-05-12 17:39:17 - [TEST_STEP][PASSED] - openBrowser("https://www.saucedemo.com/"): Browser is opened with url: 'https://www.saucedemo.com/'

2023-05-12 17:39:17 - [MESSAGE][INFO] - Starting 'Chrome' driver

2023-05-12 17:39:17 - [MESSAGE][INFO] - Action delay is set to 0 milliseconds

2023-05-12 17:39:19 - [MESSAGE][PASSED] - Browser is opened with url: 'https://www.saucedemo.com/'

2023-05-12 17:39:19 - [TEST_STEP][PASSED] - click(findTestObject("Object Repository/Page_Swag Labs/input_Swag Labs_user-name")): Object: 'Object Repository/Page_Swag Labs/input_Swag Labs_user-name' is clicked on

2023-05-12 17:39:19 - [MESSAGE][PASSED] - Object: 'Object Repository/Page_Swag Labs/input_Swag Labs_user-name' is clicked on

2023-05-12 17:39:19 - [TEST_STEP][PASSED] - sendKeys(findTestObject("Object Repository/Page_Swag Labs/input_Swag Labs_user-name"), "standard_user"): Keys 'standard_user' sent to object: 'Object Repository/Page_Swag Labs/input_Swag Labs_user-name'

2023-05-12 17:39:20 - [MESSAGE][PASSED] - Keys 'standard_user' sent to object: 'Object Repository/Page_Swag Labs/input_Swag Labs_user-name'

2023-05-12 17:39:20 - [TEST_STEP][PASSED] - click(findTestObject("Object Repository/Page_Swag Labs/input_Swag Labs_password")): Object: 'Object Repository/Page_Swag Labs/input_Swag Labs_password' is clicked on

2023-05-12 17:39:20 - [MESSAGE][PASSED] - Object: 'Object Repository/Page_Swag Labs/input_Swag Labs_password' is clicked on

2023-05-12 17:39:20 - [TEST_STEP][PASSED] - sendKeys(findTestObject("Object Repository/Page_Swag Labs/input_Swag Labs_password"), "secret_sauce"): Keys 'secret_sauce' sent to object: 'Object Repository/Page_Swag Labs/input_Swag Labs_password'

2023-05-12 17:39:20 - [MESSAGE][PASSED] - Keys 'secret_sauce' sent to object: 'Object Repository/Page_Swag Labs/input_Swag Labs_password'

2023-05-12 17:39:20 - [TEST_STEP][PASSED] - click(findTestObject("Object Repository/Page_Swag Labs/input_Swag Labs_login-button")): Object: 'Object Repository/Page_Swag Labs/input_Swag Labs_login-button' is clicked on

2023-05-12 17:39:21 - [MESSAGE][PASSED] - Object: 'Object Repository/Page_Swag Labs/input_Swag Labs_login-button' is clicked on

2023-05-12 17:39:21 - [TEST_STEP][PASSED] - click(findTestObject("Object Repository/inventoryPage/Backpack")): Object: 'Object Repository/inventoryPage/Backpack' is clicked on

2023-05-12 17:39:21 - [MESSAGE][PASSED] - Object: 'Object Repository/inventoryPage/Backpack' is clicked on

2023-05-12 17:39:21 - [TEST_STEP][PASSED] - click(findTestObject("Object Repository/inventoryPage/button_Add to cart")): Object: 'Object Repository/inventoryPage/button_Add to cart' is clicked on

2023-05-12 17:39:22 - [MESSAGE][PASSED] - Object: 'Object Repository/inventoryPage/button_Add to cart' is clicked on

2023-05-12 17:39:22 - [TEST_STEP][PASSED] - click(findTestObject("Object Repository/inventoryPage/products_back-image")): Object: 'Object Repository/inventoryPage/products_back-image' is clicked on

2023-05-12 17:39:22 - [MESSAGE][PASSED] - Object: 'Object Repository/inventoryPage/products_back-image' is clicked on

2023-05-12 17:39:22 - [TEST_STEP][PASSED] - click(findTestObject("Object Repository/inventoryPage/cart")): Object: 'Object Repository/inventoryPage/cart' is clicked on

2023-05-12 17:39:23 - [MESSAGE][PASSED] - Object: 'Object Repository/inventoryPage/cart' is clicked on

2023-05-12 17:39:23 - [TEST_STEP][PASSED] - click(findTestObject("Object Repository/CheckoutPage/button_Checkout")): Object: 'Object Repository/CheckoutPage/button_Checkout' is clicked on

2023-05-12 17:39:23 - [MESSAGE][PASSED] - Object: 'Object Repository/CheckoutPage/button_Checkout' is clicked on

2023-05-12 17:39:23 - [TEST_STEP][PASSED] - sendKeys(findTestObject("Object Repository/checkout-step-one/input_Checkout Your Information_firstName"), "demo"): Keys 'demo' sent to object: 'Object Repository/checkout-step-one/input_Checkout Your Information_firstName'

2023-05-12 17:39:24 - [MESSAGE][PASSED] - Keys 'demo' sent to object: 'Object Repository/checkout-step-one/input_Checkout Your Information_firstName'

2023-05-12 17:39:24 - [TEST_STEP][PASSED] - sendKeys(findTestObject("Object Repository/checkout-step-one/input_Checkout Your Information_lastName"), "qa test"): Keys 'qa test' sent to object: 'Object Repository/checkout-step-one/input_Checkout Your Information_lastName'

2023-05-12 17:39:25 - [MESSAGE][PASSED] - Keys 'qa test' sent to object: 'Object Repository/checkout-step-one/input_Checkout Your Information_lastName'

2023-05-12 17:39:25 - [TEST_STEP][PASSED] - sendKeys(findTestObject("Object Repository/checkout-step-one/input_Checkout Your Information_postalCode"), "9000"): Keys '9000' sent to object: 'Object Repository/checkout-step-one/input_Checkout Your Information_postalCode'

2023-05-12 17:39:25 - [MESSAGE][PASSED] - Keys '9000' sent to object: 'Object Repository/checkout-step-one/input_Checkout Your Information_postalCode'

2023-05-12 17:39:25 - [TEST_STEP][PASSED] - click(findTestObject("Object Repository/checkout-step-one/input_continue")): Object: 'Object Repository/checkout-step-one/input_continue' is clicked on

2023-05-12 17:39:26 - [MESSAGE][PASSED] - Object: 'Object Repository/checkout-step-one/input_continue' is clicked on

2023-05-12 17:39:26 - [TEST_STEP][PASSED] - click(findTestObject("Object Repository/finish checkout/button_Finish")): Object: 'Object Repository/finish checkout/button_Finish' is clicked on

2023-05-12 17:39:26 - [MESSAGE][PASSED] - Object: 'Object Repository/finish checkout/button_Finish' is clicked on

2023-05-12 17:39:26 - [TEST_STEP][PASSED] - verifyElementVisible(findTestObject("Object Repository/order-success/h2_Thank you for your order")): Object 'Object Repository/order-success/h2_Thank you for your order' is visible

2023-05-12 17:39:27 - [MESSAGE][PASSED] - Object 'Object Repository/order-success/h2_Thank you for your order' is visible

2023-05-12 17:39:27 - [TEST_STEP][PASSED] - click(findTestObject("Object Repository/NavSideBar/sidebar")): Object: 'Object Repository/NavSideBar/sidebar' is clicked on

2023-05-12 17:39:27 - [MESSAGE][PASSED] - Object: 'Object Repository/NavSideBar/sidebar' is clicked on

2023-05-12 17:39:27 - [TEST_STEP][PASSED] - click(findTestObject("Object Repository/NavSideBar/a_Logout")): Object: 'Object Repository/NavSideBar/a_Logout' is clicked on

2023-05-12 17:39:28 - [MESSAGE][PASSED] - Object: 'Object Repository/NavSideBar/a_Logout' is clicked on

2023-05-12 17:39:28 - [TEST_STEP][PASSED] - verifyElementVisible(findTestObject("Object Repository/Page_Swag Labs/input_Swag Labs_user-name")): Object 'Object Repository/Page_Swag Labs/input_Swag Labs_user-name' is visible

2023-05-12 17:39:28 - [MESSAGE][PASSED] - Object 'Object Repository/Page_Swag Labs/input_Swag Labs_user-name' is visible

2023-05-12 17:39:28 - [TEST_STEP][PASSED] - closeBrowser(): Browser is closed

2023-05-12 17:39:29 - [MESSAGE][PASSED] - Browser is closed]]></system-out>
         <system-err><![CDATA[]]></system-err>
      </testcase>
      <testcase name="Test Cases/test-flow-1-buy-1-product" time="11.893" classname="Test Cases/test-flow-1-buy-1-product" status="PASSED">
         <system-out><![CDATA[2023-05-12 17:39:29 - [TEST_CASE][PASSED] - Test Cases/test-flow-1-buy-1-product: Test Cases/test-flow-1-buy-1-product

2023-05-12 17:39:29 - [TEST_STEP][PASSED] - openBrowser("https://www.saucedemo.com/"): Browser is opened with url: 'https://www.saucedemo.com/'

2023-05-12 17:39:29 - [MESSAGE][INFO] - Starting 'Chrome' driver

2023-05-12 17:39:29 - [MESSAGE][INFO] - Action delay is set to 0 milliseconds

2023-05-12 17:39:31 - [MESSAGE][PASSED] - Browser is opened with url: 'https://www.saucedemo.com/'

2023-05-12 17:39:31 - [TEST_STEP][PASSED] - click(findTestObject("Object Repository/Page_Swag Labs/input_Swag Labs_user-name")): Object: 'Object Repository/Page_Swag Labs/input_Swag Labs_user-name' is clicked on

2023-05-12 17:39:31 - [MESSAGE][PASSED] - Object: 'Object Repository/Page_Swag Labs/input_Swag Labs_user-name' is clicked on

2023-05-12 17:39:31 - [TEST_STEP][PASSED] - sendKeys(findTestObject("Object Repository/Page_Swag Labs/input_Swag Labs_user-name"), "standard_user"): Keys 'standard_user' sent to object: 'Object Repository/Page_Swag Labs/input_Swag Labs_user-name'

2023-05-12 17:39:32 - [MESSAGE][PASSED] - Keys 'standard_user' sent to object: 'Object Repository/Page_Swag Labs/input_Swag Labs_user-name'

2023-05-12 17:39:32 - [TEST_STEP][PASSED] - click(findTestObject("Object Repository/Page_Swag Labs/input_Swag Labs_password")): Object: 'Object Repository/Page_Swag Labs/input_Swag Labs_password' is clicked on

2023-05-12 17:39:32 - [MESSAGE][PASSED] - Object: 'Object Repository/Page_Swag Labs/input_Swag Labs_password' is clicked on

2023-05-12 17:39:32 - [TEST_STEP][PASSED] - sendKeys(findTestObject("Object Repository/Page_Swag Labs/input_Swag Labs_password"), "secret_sauce"): Keys 'secret_sauce' sent to object: 'Object Repository/Page_Swag Labs/input_Swag Labs_password'

2023-05-12 17:39:32 - [MESSAGE][PASSED] - Keys 'secret_sauce' sent to object: 'Object Repository/Page_Swag Labs/input_Swag Labs_password'

2023-05-12 17:39:32 - [TEST_STEP][PASSED] - click(findTestObject("Object Repository/Page_Swag Labs/input_Swag Labs_login-button")): Object: 'Object Repository/Page_Swag Labs/input_Swag Labs_login-button' is clicked on

2023-05-12 17:39:33 - [MESSAGE][PASSED] - Object: 'Object Repository/Page_Swag Labs/input_Swag Labs_login-button' is clicked on

2023-05-12 17:39:33 - [TEST_STEP][PASSED] - click(findTestObject("Object Repository/inventoryPage/Backpack")): Object: 'Object Repository/inventoryPage/Backpack' is clicked on

2023-05-12 17:39:33 - [MESSAGE][PASSED] - Object: 'Object Repository/inventoryPage/Backpack' is clicked on

2023-05-12 17:39:33 - [TEST_STEP][PASSED] - click(findTestObject("Object Repository/inventoryPage/button_Add to cart")): Object: 'Object Repository/inventoryPage/button_Add to cart' is clicked on

2023-05-12 17:39:34 - [MESSAGE][PASSED] - Object: 'Object Repository/inventoryPage/button_Add to cart' is clicked on

2023-05-12 17:39:34 - [TEST_STEP][PASSED] - click(findTestObject("Object Repository/inventoryPage/products_back-image")): Object: 'Object Repository/inventoryPage/products_back-image' is clicked on

2023-05-12 17:39:34 - [MESSAGE][PASSED] - Object: 'Object Repository/inventoryPage/products_back-image' is clicked on

2023-05-12 17:39:34 - [TEST_STEP][PASSED] - click(findTestObject("Object Repository/inventoryPage/cart")): Object: 'Object Repository/inventoryPage/cart' is clicked on

2023-05-12 17:39:35 - [MESSAGE][PASSED] - Object: 'Object Repository/inventoryPage/cart' is clicked on

2023-05-12 17:39:35 - [TEST_STEP][PASSED] - click(findTestObject("Object Repository/CheckoutPage/button_Checkout")): Object: 'Object Repository/CheckoutPage/button_Checkout' is clicked on

2023-05-12 17:39:35 - [MESSAGE][PASSED] - Object: 'Object Repository/CheckoutPage/button_Checkout' is clicked on

2023-05-12 17:39:35 - [TEST_STEP][PASSED] - sendKeys(findTestObject("Object Repository/checkout-step-one/input_Checkout Your Information_firstName"), "demo"): Keys 'demo' sent to object: 'Object Repository/checkout-step-one/input_Checkout Your Information_firstName'

2023-05-12 17:39:36 - [MESSAGE][PASSED] - Keys 'demo' sent to object: 'Object Repository/checkout-step-one/input_Checkout Your Information_firstName'

2023-05-12 17:39:36 - [TEST_STEP][PASSED] - sendKeys(findTestObject("Object Repository/checkout-step-one/input_Checkout Your Information_lastName"), "qa test"): Keys 'qa test' sent to object: 'Object Repository/checkout-step-one/input_Checkout Your Information_lastName'

2023-05-12 17:39:36 - [MESSAGE][PASSED] - Keys 'qa test' sent to object: 'Object Repository/checkout-step-one/input_Checkout Your Information_lastName'

2023-05-12 17:39:36 - [TEST_STEP][PASSED] - sendKeys(findTestObject("Object Repository/checkout-step-one/input_Checkout Your Information_postalCode"), "9000"): Keys '9000' sent to object: 'Object Repository/checkout-step-one/input_Checkout Your Information_postalCode'

2023-05-12 17:39:37 - [MESSAGE][PASSED] - Keys '9000' sent to object: 'Object Repository/checkout-step-one/input_Checkout Your Information_postalCode'

2023-05-12 17:39:37 - [TEST_STEP][PASSED] - click(findTestObject("Object Repository/checkout-step-one/input_continue")): Object: 'Object Repository/checkout-step-one/input_continue' is clicked on

2023-05-12 17:39:38 - [MESSAGE][PASSED] - Object: 'Object Repository/checkout-step-one/input_continue' is clicked on

2023-05-12 17:39:38 - [TEST_STEP][PASSED] - click(findTestObject("Object Repository/finish checkout/button_Finish")): Object: 'Object Repository/finish checkout/button_Finish' is clicked on

2023-05-12 17:39:38 - [MESSAGE][PASSED] - Object: 'Object Repository/finish checkout/button_Finish' is clicked on

2023-05-12 17:39:38 - [TEST_STEP][PASSED] - verifyElementVisible(findTestObject("Object Repository/order-success/h2_Thank you for your order")): Object 'Object Repository/order-success/h2_Thank you for your order' is visible

2023-05-12 17:39:39 - [MESSAGE][PASSED] - Object 'Object Repository/order-success/h2_Thank you for your order' is visible

2023-05-12 17:39:39 - [TEST_STEP][PASSED] - click(findTestObject("Object Repository/NavSideBar/sidebar")): Object: 'Object Repository/NavSideBar/sidebar' is clicked on

2023-05-12 17:39:39 - [MESSAGE][PASSED] - Object: 'Object Repository/NavSideBar/sidebar' is clicked on

2023-05-12 17:39:39 - [TEST_STEP][PASSED] - click(findTestObject("Object Repository/NavSideBar/a_Logout")): Object: 'Object Repository/NavSideBar/a_Logout' is clicked on

2023-05-12 17:39:40 - [MESSAGE][PASSED] - Object: 'Object Repository/NavSideBar/a_Logout' is clicked on

2023-05-12 17:39:40 - [TEST_STEP][PASSED] - verifyElementVisible(findTestObject("Object Repository/Page_Swag Labs/input_Swag Labs_user-name")): Object 'Object Repository/Page_Swag Labs/input_Swag Labs_user-name' is visible

2023-05-12 17:39:40 - [MESSAGE][PASSED] - Object 'Object Repository/Page_Swag Labs/input_Swag Labs_user-name' is visible

2023-05-12 17:39:40 - [TEST_STEP][PASSED] - closeBrowser(): Browser is closed

2023-05-12 17:39:41 - [MESSAGE][PASSED] - Browser is closed]]></system-out>
         <system-err><![CDATA[]]></system-err>
      </testcase>
      <testcase name="Test Cases/test-flow-1-buy-1-product" time="11.88" classname="Test Cases/test-flow-1-buy-1-product" status="PASSED">
         <system-out><![CDATA[2023-05-12 17:39:41 - [TEST_CASE][PASSED] - Test Cases/test-flow-1-buy-1-product: Test Cases/test-flow-1-buy-1-product

2023-05-12 17:39:41 - [TEST_STEP][PASSED] - openBrowser("https://www.saucedemo.com/"): Browser is opened with url: 'https://www.saucedemo.com/'

2023-05-12 17:39:41 - [MESSAGE][INFO] - Starting 'Chrome' driver

2023-05-12 17:39:41 - [MESSAGE][INFO] - Action delay is set to 0 milliseconds

2023-05-12 17:39:43 - [MESSAGE][PASSED] - Browser is opened with url: 'https://www.saucedemo.com/'

2023-05-12 17:39:43 - [TEST_STEP][PASSED] - click(findTestObject("Object Repository/Page_Swag Labs/input_Swag Labs_user-name")): Object: 'Object Repository/Page_Swag Labs/input_Swag Labs_user-name' is clicked on

2023-05-12 17:39:43 - [MESSAGE][PASSED] - Object: 'Object Repository/Page_Swag Labs/input_Swag Labs_user-name' is clicked on

2023-05-12 17:39:43 - [TEST_STEP][PASSED] - sendKeys(findTestObject("Object Repository/Page_Swag Labs/input_Swag Labs_user-name"), "standard_user"): Keys 'standard_user' sent to object: 'Object Repository/Page_Swag Labs/input_Swag Labs_user-name'

2023-05-12 17:39:44 - [MESSAGE][PASSED] - Keys 'standard_user' sent to object: 'Object Repository/Page_Swag Labs/input_Swag Labs_user-name'

2023-05-12 17:39:44 - [TEST_STEP][PASSED] - click(findTestObject("Object Repository/Page_Swag Labs/input_Swag Labs_password")): Object: 'Object Repository/Page_Swag Labs/input_Swag Labs_password' is clicked on

2023-05-12 17:39:44 - [MESSAGE][PASSED] - Object: 'Object Repository/Page_Swag Labs/input_Swag Labs_password' is clicked on

2023-05-12 17:39:44 - [TEST_STEP][PASSED] - sendKeys(findTestObject("Object Repository/Page_Swag Labs/input_Swag Labs_password"), "secret_sauce"): Keys 'secret_sauce' sent to object: 'Object Repository/Page_Swag Labs/input_Swag Labs_password'

2023-05-12 17:39:44 - [MESSAGE][PASSED] - Keys 'secret_sauce' sent to object: 'Object Repository/Page_Swag Labs/input_Swag Labs_password'

2023-05-12 17:39:44 - [TEST_STEP][PASSED] - click(findTestObject("Object Repository/Page_Swag Labs/input_Swag Labs_login-button")): Object: 'Object Repository/Page_Swag Labs/input_Swag Labs_login-button' is clicked on

2023-05-12 17:39:45 - [MESSAGE][PASSED] - Object: 'Object Repository/Page_Swag Labs/input_Swag Labs_login-button' is clicked on

2023-05-12 17:39:45 - [TEST_STEP][PASSED] - click(findTestObject("Object Repository/inventoryPage/Backpack")): Object: 'Object Repository/inventoryPage/Backpack' is clicked on

2023-05-12 17:39:45 - [MESSAGE][PASSED] - Object: 'Object Repository/inventoryPage/Backpack' is clicked on

2023-05-12 17:39:45 - [TEST_STEP][PASSED] - click(findTestObject("Object Repository/inventoryPage/button_Add to cart")): Object: 'Object Repository/inventoryPage/button_Add to cart' is clicked on

2023-05-12 17:39:46 - [MESSAGE][PASSED] - Object: 'Object Repository/inventoryPage/button_Add to cart' is clicked on

2023-05-12 17:39:46 - [TEST_STEP][PASSED] - click(findTestObject("Object Repository/inventoryPage/products_back-image")): Object: 'Object Repository/inventoryPage/products_back-image' is clicked on

2023-05-12 17:39:46 - [MESSAGE][PASSED] - Object: 'Object Repository/inventoryPage/products_back-image' is clicked on

2023-05-12 17:39:46 - [TEST_STEP][PASSED] - click(findTestObject("Object Repository/inventoryPage/cart")): Object: 'Object Repository/inventoryPage/cart' is clicked on

2023-05-12 17:39:47 - [MESSAGE][PASSED] - Object: 'Object Repository/inventoryPage/cart' is clicked on

2023-05-12 17:39:47 - [TEST_STEP][PASSED] - click(findTestObject("Object Repository/CheckoutPage/button_Checkout")): Object: 'Object Repository/CheckoutPage/button_Checkout' is clicked on

2023-05-12 17:39:47 - [MESSAGE][PASSED] - Object: 'Object Repository/CheckoutPage/button_Checkout' is clicked on

2023-05-12 17:39:47 - [TEST_STEP][PASSED] - sendKeys(findTestObject("Object Repository/checkout-step-one/input_Checkout Your Information_firstName"), "demo"): Keys 'demo' sent to object: 'Object Repository/checkout-step-one/input_Checkout Your Information_firstName'

2023-05-12 17:39:48 - [MESSAGE][PASSED] - Keys 'demo' sent to object: 'Object Repository/checkout-step-one/input_Checkout Your Information_firstName'

2023-05-12 17:39:48 - [TEST_STEP][PASSED] - sendKeys(findTestObject("Object Repository/checkout-step-one/input_Checkout Your Information_lastName"), "qa test"): Keys 'qa test' sent to object: 'Object Repository/checkout-step-one/input_Checkout Your Information_lastName'

2023-05-12 17:39:48 - [MESSAGE][PASSED] - Keys 'qa test' sent to object: 'Object Repository/checkout-step-one/input_Checkout Your Information_lastName'

2023-05-12 17:39:48 - [TEST_STEP][PASSED] - sendKeys(findTestObject("Object Repository/checkout-step-one/input_Checkout Your Information_postalCode"), "9000"): Keys '9000' sent to object: 'Object Repository/checkout-step-one/input_Checkout Your Information_postalCode'

2023-05-12 17:39:49 - [MESSAGE][PASSED] - Keys '9000' sent to object: 'Object Repository/checkout-step-one/input_Checkout Your Information_postalCode'

2023-05-12 17:39:49 - [TEST_STEP][PASSED] - click(findTestObject("Object Repository/checkout-step-one/input_continue")): Object: 'Object Repository/checkout-step-one/input_continue' is clicked on

2023-05-12 17:39:50 - [MESSAGE][PASSED] - Object: 'Object Repository/checkout-step-one/input_continue' is clicked on

2023-05-12 17:39:50 - [TEST_STEP][PASSED] - click(findTestObject("Object Repository/finish checkout/button_Finish")): Object: 'Object Repository/finish checkout/button_Finish' is clicked on

2023-05-12 17:39:50 - [MESSAGE][PASSED] - Object: 'Object Repository/finish checkout/button_Finish' is clicked on

2023-05-12 17:39:50 - [TEST_STEP][PASSED] - verifyElementVisible(findTestObject("Object Repository/order-success/h2_Thank you for your order")): Object 'Object Repository/order-success/h2_Thank you for your order' is visible

2023-05-12 17:39:51 - [MESSAGE][PASSED] - Object 'Object Repository/order-success/h2_Thank you for your order' is visible

2023-05-12 17:39:51 - [TEST_STEP][PASSED] - click(findTestObject("Object Repository/NavSideBar/sidebar")): Object: 'Object Repository/NavSideBar/sidebar' is clicked on

2023-05-12 17:39:51 - [MESSAGE][PASSED] - Object: 'Object Repository/NavSideBar/sidebar' is clicked on

2023-05-12 17:39:51 - [TEST_STEP][PASSED] - click(findTestObject("Object Repository/NavSideBar/a_Logout")): Object: 'Object Repository/NavSideBar/a_Logout' is clicked on

2023-05-12 17:39:52 - [MESSAGE][PASSED] - Object: 'Object Repository/NavSideBar/a_Logout' is clicked on

2023-05-12 17:39:52 - [TEST_STEP][PASSED] - verifyElementVisible(findTestObject("Object Repository/Page_Swag Labs/input_Swag Labs_user-name")): Object 'Object Repository/Page_Swag Labs/input_Swag Labs_user-name' is visible

2023-05-12 17:39:52 - [MESSAGE][PASSED] - Object 'Object Repository/Page_Swag Labs/input_Swag Labs_user-name' is visible

2023-05-12 17:39:52 - [TEST_STEP][PASSED] - closeBrowser(): Browser is closed

2023-05-12 17:39:53 - [MESSAGE][PASSED] - Browser is closed]]></system-out>
         <system-err><![CDATA[]]></system-err>
      </testcase>
      <testcase name="Test Cases/test-flow-1-buy-1-product" time="11.777" classname="Test Cases/test-flow-1-buy-1-product" status="PASSED">
         <system-out><![CDATA[2023-05-12 17:39:53 - [TEST_CASE][PASSED] - Test Cases/test-flow-1-buy-1-product: Test Cases/test-flow-1-buy-1-product

2023-05-12 17:39:53 - [TEST_STEP][PASSED] - openBrowser("https://www.saucedemo.com/"): Browser is opened with url: 'https://www.saucedemo.com/'

2023-05-12 17:39:53 - [MESSAGE][INFO] - Starting 'Chrome' driver

2023-05-12 17:39:53 - [MESSAGE][INFO] - Action delay is set to 0 milliseconds

2023-05-12 17:39:55 - [MESSAGE][PASSED] - Browser is opened with url: 'https://www.saucedemo.com/'

2023-05-12 17:39:55 - [TEST_STEP][PASSED] - click(findTestObject("Object Repository/Page_Swag Labs/input_Swag Labs_user-name")): Object: 'Object Repository/Page_Swag Labs/input_Swag Labs_user-name' is clicked on

2023-05-12 17:39:55 - [MESSAGE][PASSED] - Object: 'Object Repository/Page_Swag Labs/input_Swag Labs_user-name' is clicked on

2023-05-12 17:39:55 - [TEST_STEP][PASSED] - sendKeys(findTestObject("Object Repository/Page_Swag Labs/input_Swag Labs_user-name"), "standard_user"): Keys 'standard_user' sent to object: 'Object Repository/Page_Swag Labs/input_Swag Labs_user-name'

2023-05-12 17:39:55 - [MESSAGE][PASSED] - Keys 'standard_user' sent to object: 'Object Repository/Page_Swag Labs/input_Swag Labs_user-name'

2023-05-12 17:39:55 - [TEST_STEP][PASSED] - click(findTestObject("Object Repository/Page_Swag Labs/input_Swag Labs_password")): Object: 'Object Repository/Page_Swag Labs/input_Swag Labs_password' is clicked on

2023-05-12 17:39:56 - [MESSAGE][PASSED] - Object: 'Object Repository/Page_Swag Labs/input_Swag Labs_password' is clicked on

2023-05-12 17:39:56 - [TEST_STEP][PASSED] - sendKeys(findTestObject("Object Repository/Page_Swag Labs/input_Swag Labs_password"), "secret_sauce"): Keys 'secret_sauce' sent to object: 'Object Repository/Page_Swag Labs/input_Swag Labs_password'

2023-05-12 17:39:56 - [MESSAGE][PASSED] - Keys 'secret_sauce' sent to object: 'Object Repository/Page_Swag Labs/input_Swag Labs_password'

2023-05-12 17:39:56 - [TEST_STEP][PASSED] - click(findTestObject("Object Repository/Page_Swag Labs/input_Swag Labs_login-button")): Object: 'Object Repository/Page_Swag Labs/input_Swag Labs_login-button' is clicked on

2023-05-12 17:39:57 - [MESSAGE][PASSED] - Object: 'Object Repository/Page_Swag Labs/input_Swag Labs_login-button' is clicked on

2023-05-12 17:39:57 - [TEST_STEP][PASSED] - click(findTestObject("Object Repository/inventoryPage/Backpack")): Object: 'Object Repository/inventoryPage/Backpack' is clicked on

2023-05-12 17:39:57 - [MESSAGE][PASSED] - Object: 'Object Repository/inventoryPage/Backpack' is clicked on

2023-05-12 17:39:57 - [TEST_STEP][PASSED] - click(findTestObject("Object Repository/inventoryPage/button_Add to cart")): Object: 'Object Repository/inventoryPage/button_Add to cart' is clicked on

2023-05-12 17:39:57 - [MESSAGE][PASSED] - Object: 'Object Repository/inventoryPage/button_Add to cart' is clicked on

2023-05-12 17:39:57 - [TEST_STEP][PASSED] - click(findTestObject("Object Repository/inventoryPage/products_back-image")): Object: 'Object Repository/inventoryPage/products_back-image' is clicked on

2023-05-12 17:39:58 - [MESSAGE][PASSED] - Object: 'Object Repository/inventoryPage/products_back-image' is clicked on

2023-05-12 17:39:58 - [TEST_STEP][PASSED] - click(findTestObject("Object Repository/inventoryPage/cart")): Object: 'Object Repository/inventoryPage/cart' is clicked on

2023-05-12 17:39:59 - [MESSAGE][PASSED] - Object: 'Object Repository/inventoryPage/cart' is clicked on

2023-05-12 17:39:59 - [TEST_STEP][PASSED] - click(findTestObject("Object Repository/CheckoutPage/button_Checkout")): Object: 'Object Repository/CheckoutPage/button_Checkout' is clicked on

2023-05-12 17:39:59 - [MESSAGE][PASSED] - Object: 'Object Repository/CheckoutPage/button_Checkout' is clicked on

2023-05-12 17:39:59 - [TEST_STEP][PASSED] - sendKeys(findTestObject("Object Repository/checkout-step-one/input_Checkout Your Information_firstName"), "demo"): Keys 'demo' sent to object: 'Object Repository/checkout-step-one/input_Checkout Your Information_firstName'

2023-05-12 17:40:00 - [MESSAGE][PASSED] - Keys 'demo' sent to object: 'Object Repository/checkout-step-one/input_Checkout Your Information_firstName'

2023-05-12 17:40:00 - [TEST_STEP][PASSED] - sendKeys(findTestObject("Object Repository/checkout-step-one/input_Checkout Your Information_lastName"), "qa test"): Keys 'qa test' sent to object: 'Object Repository/checkout-step-one/input_Checkout Your Information_lastName'

2023-05-12 17:40:00 - [MESSAGE][PASSED] - Keys 'qa test' sent to object: 'Object Repository/checkout-step-one/input_Checkout Your Information_lastName'

2023-05-12 17:40:00 - [TEST_STEP][PASSED] - sendKeys(findTestObject("Object Repository/checkout-step-one/input_Checkout Your Information_postalCode"), "9000"): Keys '9000' sent to object: 'Object Repository/checkout-step-one/input_Checkout Your Information_postalCode'

2023-05-12 17:40:01 - [MESSAGE][PASSED] - Keys '9000' sent to object: 'Object Repository/checkout-step-one/input_Checkout Your Information_postalCode'

2023-05-12 17:40:01 - [TEST_STEP][PASSED] - click(findTestObject("Object Repository/checkout-step-one/input_continue")): Object: 'Object Repository/checkout-step-one/input_continue' is clicked on

2023-05-12 17:40:01 - [MESSAGE][PASSED] - Object: 'Object Repository/checkout-step-one/input_continue' is clicked on

2023-05-12 17:40:01 - [TEST_STEP][PASSED] - click(findTestObject("Object Repository/finish checkout/button_Finish")): Object: 'Object Repository/finish checkout/button_Finish' is clicked on

2023-05-12 17:40:02 - [MESSAGE][PASSED] - Object: 'Object Repository/finish checkout/button_Finish' is clicked on

2023-05-12 17:40:02 - [TEST_STEP][PASSED] - verifyElementVisible(findTestObject("Object Repository/order-success/h2_Thank you for your order")): Object 'Object Repository/order-success/h2_Thank you for your order' is visible

2023-05-12 17:40:02 - [MESSAGE][PASSED] - Object 'Object Repository/order-success/h2_Thank you for your order' is visible

2023-05-12 17:40:02 - [TEST_STEP][PASSED] - click(findTestObject("Object Repository/NavSideBar/sidebar")): Object: 'Object Repository/NavSideBar/sidebar' is clicked on

2023-05-12 17:40:03 - [MESSAGE][PASSED] - Object: 'Object Repository/NavSideBar/sidebar' is clicked on

2023-05-12 17:40:03 - [TEST_STEP][PASSED] - click(findTestObject("Object Repository/NavSideBar/a_Logout")): Object: 'Object Repository/NavSideBar/a_Logout' is clicked on

2023-05-12 17:40:03 - [MESSAGE][PASSED] - Object: 'Object Repository/NavSideBar/a_Logout' is clicked on

2023-05-12 17:40:03 - [TEST_STEP][PASSED] - verifyElementVisible(findTestObject("Object Repository/Page_Swag Labs/input_Swag Labs_user-name")): Object 'Object Repository/Page_Swag Labs/input_Swag Labs_user-name' is visible

2023-05-12 17:40:04 - [MESSAGE][PASSED] - Object 'Object Repository/Page_Swag Labs/input_Swag Labs_user-name' is visible

2023-05-12 17:40:04 - [TEST_STEP][PASSED] - closeBrowser(): Browser is closed

2023-05-12 17:40:05 - [MESSAGE][PASSED] - Browser is closed]]></system-out>
         <system-err><![CDATA[]]></system-err>
      </testcase>
      <testcase name="Test Cases/test-flow-1-buy-1-product" time="11.98" classname="Test Cases/test-flow-1-buy-1-product" status="PASSED">
         <system-out><![CDATA[2023-05-12 17:40:05 - [TEST_CASE][PASSED] - Test Cases/test-flow-1-buy-1-product: Test Cases/test-flow-1-buy-1-product

2023-05-12 17:40:05 - [TEST_STEP][PASSED] - openBrowser("https://www.saucedemo.com/"): Browser is opened with url: 'https://www.saucedemo.com/'

2023-05-12 17:40:05 - [MESSAGE][INFO] - Starting 'Chrome' driver

2023-05-12 17:40:05 - [MESSAGE][INFO] - Action delay is set to 0 milliseconds

2023-05-12 17:40:07 - [MESSAGE][PASSED] - Browser is opened with url: 'https://www.saucedemo.com/'

2023-05-12 17:40:07 - [TEST_STEP][PASSED] - click(findTestObject("Object Repository/Page_Swag Labs/input_Swag Labs_user-name")): Object: 'Object Repository/Page_Swag Labs/input_Swag Labs_user-name' is clicked on

2023-05-12 17:40:07 - [MESSAGE][PASSED] - Object: 'Object Repository/Page_Swag Labs/input_Swag Labs_user-name' is clicked on

2023-05-12 17:40:07 - [TEST_STEP][PASSED] - sendKeys(findTestObject("Object Repository/Page_Swag Labs/input_Swag Labs_user-name"), "standard_user"): Keys 'standard_user' sent to object: 'Object Repository/Page_Swag Labs/input_Swag Labs_user-name'

2023-05-12 17:40:07 - [MESSAGE][PASSED] - Keys 'standard_user' sent to object: 'Object Repository/Page_Swag Labs/input_Swag Labs_user-name'

2023-05-12 17:40:07 - [TEST_STEP][PASSED] - click(findTestObject("Object Repository/Page_Swag Labs/input_Swag Labs_password")): Object: 'Object Repository/Page_Swag Labs/input_Swag Labs_password' is clicked on

2023-05-12 17:40:08 - [MESSAGE][PASSED] - Object: 'Object Repository/Page_Swag Labs/input_Swag Labs_password' is clicked on

2023-05-12 17:40:08 - [TEST_STEP][PASSED] - sendKeys(findTestObject("Object Repository/Page_Swag Labs/input_Swag Labs_password"), "secret_sauce"): Keys 'secret_sauce' sent to object: 'Object Repository/Page_Swag Labs/input_Swag Labs_password'

2023-05-12 17:40:08 - [MESSAGE][PASSED] - Keys 'secret_sauce' sent to object: 'Object Repository/Page_Swag Labs/input_Swag Labs_password'

2023-05-12 17:40:08 - [TEST_STEP][PASSED] - click(findTestObject("Object Repository/Page_Swag Labs/input_Swag Labs_login-button")): Object: 'Object Repository/Page_Swag Labs/input_Swag Labs_login-button' is clicked on

2023-05-12 17:40:08 - [MESSAGE][PASSED] - Object: 'Object Repository/Page_Swag Labs/input_Swag Labs_login-button' is clicked on

2023-05-12 17:40:08 - [TEST_STEP][PASSED] - click(findTestObject("Object Repository/inventoryPage/Backpack")): Object: 'Object Repository/inventoryPage/Backpack' is clicked on

2023-05-12 17:40:09 - [MESSAGE][PASSED] - Object: 'Object Repository/inventoryPage/Backpack' is clicked on

2023-05-12 17:40:09 - [TEST_STEP][PASSED] - click(findTestObject("Object Repository/inventoryPage/button_Add to cart")): Object: 'Object Repository/inventoryPage/button_Add to cart' is clicked on

2023-05-12 17:40:09 - [MESSAGE][PASSED] - Object: 'Object Repository/inventoryPage/button_Add to cart' is clicked on

2023-05-12 17:40:09 - [TEST_STEP][PASSED] - click(findTestObject("Object Repository/inventoryPage/products_back-image")): Object: 'Object Repository/inventoryPage/products_back-image' is clicked on

2023-05-12 17:40:10 - [MESSAGE][PASSED] - Object: 'Object Repository/inventoryPage/products_back-image' is clicked on

2023-05-12 17:40:10 - [TEST_STEP][PASSED] - click(findTestObject("Object Repository/inventoryPage/cart")): Object: 'Object Repository/inventoryPage/cart' is clicked on

2023-05-12 17:40:10 - [MESSAGE][PASSED] - Object: 'Object Repository/inventoryPage/cart' is clicked on

2023-05-12 17:40:10 - [TEST_STEP][PASSED] - click(findTestObject("Object Repository/CheckoutPage/button_Checkout")): Object: 'Object Repository/CheckoutPage/button_Checkout' is clicked on

2023-05-12 17:40:11 - [MESSAGE][PASSED] - Object: 'Object Repository/CheckoutPage/button_Checkout' is clicked on

2023-05-12 17:40:11 - [TEST_STEP][PASSED] - sendKeys(findTestObject("Object Repository/checkout-step-one/input_Checkout Your Information_firstName"), "demo"): Keys 'demo' sent to object: 'Object Repository/checkout-step-one/input_Checkout Your Information_firstName'

2023-05-12 17:40:12 - [MESSAGE][PASSED] - Keys 'demo' sent to object: 'Object Repository/checkout-step-one/input_Checkout Your Information_firstName'

2023-05-12 17:40:12 - [TEST_STEP][PASSED] - sendKeys(findTestObject("Object Repository/checkout-step-one/input_Checkout Your Information_lastName"), "qa test"): Keys 'qa test' sent to object: 'Object Repository/checkout-step-one/input_Checkout Your Information_lastName'

2023-05-12 17:40:12 - [MESSAGE][PASSED] - Keys 'qa test' sent to object: 'Object Repository/checkout-step-one/input_Checkout Your Information_lastName'

2023-05-12 17:40:12 - [TEST_STEP][PASSED] - sendKeys(findTestObject("Object Repository/checkout-step-one/input_Checkout Your Information_postalCode"), "9000"): Keys '9000' sent to object: 'Object Repository/checkout-step-one/input_Checkout Your Information_postalCode'

2023-05-12 17:40:13 - [MESSAGE][PASSED] - Keys '9000' sent to object: 'Object Repository/checkout-step-one/input_Checkout Your Information_postalCode'

2023-05-12 17:40:13 - [TEST_STEP][PASSED] - click(findTestObject("Object Repository/checkout-step-one/input_continue")): Object: 'Object Repository/checkout-step-one/input_continue' is clicked on

2023-05-12 17:40:13 - [MESSAGE][PASSED] - Object: 'Object Repository/checkout-step-one/input_continue' is clicked on

2023-05-12 17:40:13 - [TEST_STEP][PASSED] - click(findTestObject("Object Repository/finish checkout/button_Finish")): Object: 'Object Repository/finish checkout/button_Finish' is clicked on

2023-05-12 17:40:14 - [MESSAGE][PASSED] - Object: 'Object Repository/finish checkout/button_Finish' is clicked on

2023-05-12 17:40:14 - [TEST_STEP][PASSED] - verifyElementVisible(findTestObject("Object Repository/order-success/h2_Thank you for your order")): Object 'Object Repository/order-success/h2_Thank you for your order' is visible

2023-05-12 17:40:14 - [MESSAGE][PASSED] - Object 'Object Repository/order-success/h2_Thank you for your order' is visible

2023-05-12 17:40:14 - [TEST_STEP][PASSED] - click(findTestObject("Object Repository/NavSideBar/sidebar")): Object: 'Object Repository/NavSideBar/sidebar' is clicked on

2023-05-12 17:40:15 - [MESSAGE][PASSED] - Object: 'Object Repository/NavSideBar/sidebar' is clicked on

2023-05-12 17:40:15 - [TEST_STEP][PASSED] - click(findTestObject("Object Repository/NavSideBar/a_Logout")): Object: 'Object Repository/NavSideBar/a_Logout' is clicked on

2023-05-12 17:40:15 - [MESSAGE][PASSED] - Object: 'Object Repository/NavSideBar/a_Logout' is clicked on

2023-05-12 17:40:15 - [TEST_STEP][PASSED] - verifyElementVisible(findTestObject("Object Repository/Page_Swag Labs/input_Swag Labs_user-name")): Object 'Object Repository/Page_Swag Labs/input_Swag Labs_user-name' is visible

2023-05-12 17:40:16 - [MESSAGE][PASSED] - Object 'Object Repository/Page_Swag Labs/input_Swag Labs_user-name' is visible

2023-05-12 17:40:16 - [TEST_STEP][PASSED] - closeBrowser(): Browser is closed

2023-05-12 17:40:17 - [MESSAGE][PASSED] - Browser is closed]]></system-out>
         <system-err><![CDATA[]]></system-err>
      </testcase>
      <testcase name="Test Cases/test-flow-1-buy-1-product" time="12.108" classname="Test Cases/test-flow-1-buy-1-product" status="PASSED">
         <system-out><![CDATA[2023-05-12 17:40:17 - [TEST_CASE][PASSED] - Test Cases/test-flow-1-buy-1-product: Test Cases/test-flow-1-buy-1-product

2023-05-12 17:40:17 - [TEST_STEP][PASSED] - openBrowser("https://www.saucedemo.com/"): Browser is opened with url: 'https://www.saucedemo.com/'

2023-05-12 17:40:17 - [MESSAGE][INFO] - Starting 'Chrome' driver

2023-05-12 17:40:17 - [MESSAGE][INFO] - Action delay is set to 0 milliseconds

2023-05-12 17:40:19 - [MESSAGE][PASSED] - Browser is opened with url: 'https://www.saucedemo.com/'

2023-05-12 17:40:19 - [TEST_STEP][PASSED] - click(findTestObject("Object Repository/Page_Swag Labs/input_Swag Labs_user-name")): Object: 'Object Repository/Page_Swag Labs/input_Swag Labs_user-name' is clicked on

2023-05-12 17:40:19 - [MESSAGE][PASSED] - Object: 'Object Repository/Page_Swag Labs/input_Swag Labs_user-name' is clicked on

2023-05-12 17:40:19 - [TEST_STEP][PASSED] - sendKeys(findTestObject("Object Repository/Page_Swag Labs/input_Swag Labs_user-name"), "standard_user"): Keys 'standard_user' sent to object: 'Object Repository/Page_Swag Labs/input_Swag Labs_user-name'

2023-05-12 17:40:19 - [MESSAGE][PASSED] - Keys 'standard_user' sent to object: 'Object Repository/Page_Swag Labs/input_Swag Labs_user-name'

2023-05-12 17:40:19 - [TEST_STEP][PASSED] - click(findTestObject("Object Repository/Page_Swag Labs/input_Swag Labs_password")): Object: 'Object Repository/Page_Swag Labs/input_Swag Labs_password' is clicked on

2023-05-12 17:40:20 - [MESSAGE][PASSED] - Object: 'Object Repository/Page_Swag Labs/input_Swag Labs_password' is clicked on

2023-05-12 17:40:20 - [TEST_STEP][PASSED] - sendKeys(findTestObject("Object Repository/Page_Swag Labs/input_Swag Labs_password"), "secret_sauce"): Keys 'secret_sauce' sent to object: 'Object Repository/Page_Swag Labs/input_Swag Labs_password'

2023-05-12 17:40:20 - [MESSAGE][PASSED] - Keys 'secret_sauce' sent to object: 'Object Repository/Page_Swag Labs/input_Swag Labs_password'

2023-05-12 17:40:20 - [TEST_STEP][PASSED] - click(findTestObject("Object Repository/Page_Swag Labs/input_Swag Labs_login-button")): Object: 'Object Repository/Page_Swag Labs/input_Swag Labs_login-button' is clicked on

2023-05-12 17:40:20 - [MESSAGE][PASSED] - Object: 'Object Repository/Page_Swag Labs/input_Swag Labs_login-button' is clicked on

2023-05-12 17:40:20 - [TEST_STEP][PASSED] - click(findTestObject("Object Repository/inventoryPage/Backpack")): Object: 'Object Repository/inventoryPage/Backpack' is clicked on

2023-05-12 17:40:21 - [MESSAGE][PASSED] - Object: 'Object Repository/inventoryPage/Backpack' is clicked on

2023-05-12 17:40:21 - [TEST_STEP][PASSED] - click(findTestObject("Object Repository/inventoryPage/button_Add to cart")): Object: 'Object Repository/inventoryPage/button_Add to cart' is clicked on

2023-05-12 17:40:21 - [MESSAGE][PASSED] - Object: 'Object Repository/inventoryPage/button_Add to cart' is clicked on

2023-05-12 17:40:21 - [TEST_STEP][PASSED] - click(findTestObject("Object Repository/inventoryPage/products_back-image")): Object: 'Object Repository/inventoryPage/products_back-image' is clicked on

2023-05-12 17:40:22 - [MESSAGE][PASSED] - Object: 'Object Repository/inventoryPage/products_back-image' is clicked on

2023-05-12 17:40:22 - [TEST_STEP][PASSED] - click(findTestObject("Object Repository/inventoryPage/cart")): Object: 'Object Repository/inventoryPage/cart' is clicked on

2023-05-12 17:40:22 - [MESSAGE][PASSED] - Object: 'Object Repository/inventoryPage/cart' is clicked on

2023-05-12 17:40:22 - [TEST_STEP][PASSED] - click(findTestObject("Object Repository/CheckoutPage/button_Checkout")): Object: 'Object Repository/CheckoutPage/button_Checkout' is clicked on

2023-05-12 17:40:23 - [MESSAGE][PASSED] - Object: 'Object Repository/CheckoutPage/button_Checkout' is clicked on

2023-05-12 17:40:23 - [TEST_STEP][PASSED] - sendKeys(findTestObject("Object Repository/checkout-step-one/input_Checkout Your Information_firstName"), "demo"): Keys 'demo' sent to object: 'Object Repository/checkout-step-one/input_Checkout Your Information_firstName'

2023-05-12 17:40:24 - [MESSAGE][PASSED] - Keys 'demo' sent to object: 'Object Repository/checkout-step-one/input_Checkout Your Information_firstName'

2023-05-12 17:40:24 - [TEST_STEP][PASSED] - sendKeys(findTestObject("Object Repository/checkout-step-one/input_Checkout Your Information_lastName"), "qa test"): Keys 'qa test' sent to object: 'Object Repository/checkout-step-one/input_Checkout Your Information_lastName'

2023-05-12 17:40:24 - [MESSAGE][PASSED] - Keys 'qa test' sent to object: 'Object Repository/checkout-step-one/input_Checkout Your Information_lastName'

2023-05-12 17:40:24 - [TEST_STEP][PASSED] - sendKeys(findTestObject("Object Repository/checkout-step-one/input_Checkout Your Information_postalCode"), "9000"): Keys '9000' sent to object: 'Object Repository/checkout-step-one/input_Checkout Your Information_postalCode'

2023-05-12 17:40:25 - [MESSAGE][PASSED] - Keys '9000' sent to object: 'Object Repository/checkout-step-one/input_Checkout Your Information_postalCode'

2023-05-12 17:40:25 - [TEST_STEP][PASSED] - click(findTestObject("Object Repository/checkout-step-one/input_continue")): Object: 'Object Repository/checkout-step-one/input_continue' is clicked on

2023-05-12 17:40:25 - [MESSAGE][PASSED] - Object: 'Object Repository/checkout-step-one/input_continue' is clicked on

2023-05-12 17:40:25 - [TEST_STEP][PASSED] - click(findTestObject("Object Repository/finish checkout/button_Finish")): Object: 'Object Repository/finish checkout/button_Finish' is clicked on

2023-05-12 17:40:26 - [MESSAGE][PASSED] - Object: 'Object Repository/finish checkout/button_Finish' is clicked on

2023-05-12 17:40:26 - [TEST_STEP][PASSED] - verifyElementVisible(findTestObject("Object Repository/order-success/h2_Thank you for your order")): Object 'Object Repository/order-success/h2_Thank you for your order' is visible

2023-05-12 17:40:26 - [MESSAGE][PASSED] - Object 'Object Repository/order-success/h2_Thank you for your order' is visible

2023-05-12 17:40:26 - [TEST_STEP][PASSED] - click(findTestObject("Object Repository/NavSideBar/sidebar")): Object: 'Object Repository/NavSideBar/sidebar' is clicked on

2023-05-12 17:40:27 - [MESSAGE][PASSED] - Object: 'Object Repository/NavSideBar/sidebar' is clicked on

2023-05-12 17:40:27 - [TEST_STEP][PASSED] - click(findTestObject("Object Repository/NavSideBar/a_Logout")): Object: 'Object Repository/NavSideBar/a_Logout' is clicked on

2023-05-12 17:40:27 - [MESSAGE][PASSED] - Object: 'Object Repository/NavSideBar/a_Logout' is clicked on

2023-05-12 17:40:27 - [TEST_STEP][PASSED] - verifyElementVisible(findTestObject("Object Repository/Page_Swag Labs/input_Swag Labs_user-name")): Object 'Object Repository/Page_Swag Labs/input_Swag Labs_user-name' is visible

2023-05-12 17:40:28 - [MESSAGE][PASSED] - Object 'Object Repository/Page_Swag Labs/input_Swag Labs_user-name' is visible

2023-05-12 17:40:28 - [TEST_STEP][PASSED] - closeBrowser(): Browser is closed

2023-05-12 17:40:29 - [MESSAGE][PASSED] - Browser is closed]]></system-out>
         <system-err><![CDATA[]]></system-err>
      </testcase>
      <testcase name="Test Cases/test-flow-1-buy-1-product" time="11.754" classname="Test Cases/test-flow-1-buy-1-product" status="PASSED">
         <system-out><![CDATA[2023-05-12 17:40:29 - [TEST_CASE][PASSED] - Test Cases/test-flow-1-buy-1-product: Test Cases/test-flow-1-buy-1-product

2023-05-12 17:40:29 - [TEST_STEP][PASSED] - openBrowser("https://www.saucedemo.com/"): Browser is opened with url: 'https://www.saucedemo.com/'

2023-05-12 17:40:29 - [MESSAGE][INFO] - Starting 'Chrome' driver

2023-05-12 17:40:29 - [MESSAGE][INFO] - Action delay is set to 0 milliseconds

2023-05-12 17:40:31 - [MESSAGE][PASSED] - Browser is opened with url: 'https://www.saucedemo.com/'

2023-05-12 17:40:31 - [TEST_STEP][PASSED] - click(findTestObject("Object Repository/Page_Swag Labs/input_Swag Labs_user-name")): Object: 'Object Repository/Page_Swag Labs/input_Swag Labs_user-name' is clicked on

2023-05-12 17:40:31 - [MESSAGE][PASSED] - Object: 'Object Repository/Page_Swag Labs/input_Swag Labs_user-name' is clicked on

2023-05-12 17:40:31 - [TEST_STEP][PASSED] - sendKeys(findTestObject("Object Repository/Page_Swag Labs/input_Swag Labs_user-name"), "standard_user"): Keys 'standard_user' sent to object: 'Object Repository/Page_Swag Labs/input_Swag Labs_user-name'

2023-05-12 17:40:31 - [MESSAGE][PASSED] - Keys 'standard_user' sent to object: 'Object Repository/Page_Swag Labs/input_Swag Labs_user-name'

2023-05-12 17:40:31 - [TEST_STEP][PASSED] - click(findTestObject("Object Repository/Page_Swag Labs/input_Swag Labs_password")): Object: 'Object Repository/Page_Swag Labs/input_Swag Labs_password' is clicked on

2023-05-12 17:40:32 - [MESSAGE][PASSED] - Object: 'Object Repository/Page_Swag Labs/input_Swag Labs_password' is clicked on

2023-05-12 17:40:32 - [TEST_STEP][PASSED] - sendKeys(findTestObject("Object Repository/Page_Swag Labs/input_Swag Labs_password"), "secret_sauce"): Keys 'secret_sauce' sent to object: 'Object Repository/Page_Swag Labs/input_Swag Labs_password'

2023-05-12 17:40:32 - [MESSAGE][PASSED] - Keys 'secret_sauce' sent to object: 'Object Repository/Page_Swag Labs/input_Swag Labs_password'

2023-05-12 17:40:32 - [TEST_STEP][PASSED] - click(findTestObject("Object Repository/Page_Swag Labs/input_Swag Labs_login-button")): Object: 'Object Repository/Page_Swag Labs/input_Swag Labs_login-button' is clicked on

2023-05-12 17:40:32 - [MESSAGE][PASSED] - Object: 'Object Repository/Page_Swag Labs/input_Swag Labs_login-button' is clicked on

2023-05-12 17:40:32 - [TEST_STEP][PASSED] - click(findTestObject("Object Repository/inventoryPage/Backpack")): Object: 'Object Repository/inventoryPage/Backpack' is clicked on

2023-05-12 17:40:33 - [MESSAGE][PASSED] - Object: 'Object Repository/inventoryPage/Backpack' is clicked on

2023-05-12 17:40:33 - [TEST_STEP][PASSED] - click(findTestObject("Object Repository/inventoryPage/button_Add to cart")): Object: 'Object Repository/inventoryPage/button_Add to cart' is clicked on

2023-05-12 17:40:33 - [MESSAGE][PASSED] - Object: 'Object Repository/inventoryPage/button_Add to cart' is clicked on

2023-05-12 17:40:33 - [TEST_STEP][PASSED] - click(findTestObject("Object Repository/inventoryPage/products_back-image")): Object: 'Object Repository/inventoryPage/products_back-image' is clicked on

2023-05-12 17:40:34 - [MESSAGE][PASSED] - Object: 'Object Repository/inventoryPage/products_back-image' is clicked on

2023-05-12 17:40:34 - [TEST_STEP][PASSED] - click(findTestObject("Object Repository/inventoryPage/cart")): Object: 'Object Repository/inventoryPage/cart' is clicked on

2023-05-12 17:40:34 - [MESSAGE][PASSED] - Object: 'Object Repository/inventoryPage/cart' is clicked on

2023-05-12 17:40:34 - [TEST_STEP][PASSED] - click(findTestObject("Object Repository/CheckoutPage/button_Checkout")): Object: 'Object Repository/CheckoutPage/button_Checkout' is clicked on

2023-05-12 17:40:35 - [MESSAGE][PASSED] - Object: 'Object Repository/CheckoutPage/button_Checkout' is clicked on

2023-05-12 17:40:35 - [TEST_STEP][PASSED] - sendKeys(findTestObject("Object Repository/checkout-step-one/input_Checkout Your Information_firstName"), "demo"): Keys 'demo' sent to object: 'Object Repository/checkout-step-one/input_Checkout Your Information_firstName'

2023-05-12 17:40:35 - [MESSAGE][PASSED] - Keys 'demo' sent to object: 'Object Repository/checkout-step-one/input_Checkout Your Information_firstName'

2023-05-12 17:40:35 - [TEST_STEP][PASSED] - sendKeys(findTestObject("Object Repository/checkout-step-one/input_Checkout Your Information_lastName"), "qa test"): Keys 'qa test' sent to object: 'Object Repository/checkout-step-one/input_Checkout Your Information_lastName'

2023-05-12 17:40:36 - [MESSAGE][PASSED] - Keys 'qa test' sent to object: 'Object Repository/checkout-step-one/input_Checkout Your Information_lastName'

2023-05-12 17:40:36 - [TEST_STEP][PASSED] - sendKeys(findTestObject("Object Repository/checkout-step-one/input_Checkout Your Information_postalCode"), "9000"): Keys '9000' sent to object: 'Object Repository/checkout-step-one/input_Checkout Your Information_postalCode'

2023-05-12 17:40:37 - [MESSAGE][PASSED] - Keys '9000' sent to object: 'Object Repository/checkout-step-one/input_Checkout Your Information_postalCode'

2023-05-12 17:40:37 - [TEST_STEP][PASSED] - click(findTestObject("Object Repository/checkout-step-one/input_continue")): Object: 'Object Repository/checkout-step-one/input_continue' is clicked on

2023-05-12 17:40:37 - [MESSAGE][PASSED] - Object: 'Object Repository/checkout-step-one/input_continue' is clicked on

2023-05-12 17:40:37 - [TEST_STEP][PASSED] - click(findTestObject("Object Repository/finish checkout/button_Finish")): Object: 'Object Repository/finish checkout/button_Finish' is clicked on

2023-05-12 17:40:38 - [MESSAGE][PASSED] - Object: 'Object Repository/finish checkout/button_Finish' is clicked on

2023-05-12 17:40:38 - [TEST_STEP][PASSED] - verifyElementVisible(findTestObject("Object Repository/order-success/h2_Thank you for your order")): Object 'Object Repository/order-success/h2_Thank you for your order' is visible

2023-05-12 17:40:38 - [MESSAGE][PASSED] - Object 'Object Repository/order-success/h2_Thank you for your order' is visible

2023-05-12 17:40:38 - [TEST_STEP][PASSED] - click(findTestObject("Object Repository/NavSideBar/sidebar")): Object: 'Object Repository/NavSideBar/sidebar' is clicked on

2023-05-12 17:40:39 - [MESSAGE][PASSED] - Object: 'Object Repository/NavSideBar/sidebar' is clicked on

2023-05-12 17:40:39 - [TEST_STEP][PASSED] - click(findTestObject("Object Repository/NavSideBar/a_Logout")): Object: 'Object Repository/NavSideBar/a_Logout' is clicked on

2023-05-12 17:40:39 - [MESSAGE][PASSED] - Object: 'Object Repository/NavSideBar/a_Logout' is clicked on

2023-05-12 17:40:39 - [TEST_STEP][PASSED] - verifyElementVisible(findTestObject("Object Repository/Page_Swag Labs/input_Swag Labs_user-name")): Object 'Object Repository/Page_Swag Labs/input_Swag Labs_user-name' is visible

2023-05-12 17:40:40 - [MESSAGE][PASSED] - Object 'Object Repository/Page_Swag Labs/input_Swag Labs_user-name' is visible

2023-05-12 17:40:40 - [TEST_STEP][PASSED] - closeBrowser(): Browser is closed

2023-05-12 17:40:40 - [MESSAGE][PASSED] - Browser is closed]]></system-out>
         <system-err><![CDATA[]]></system-err>
      </testcase>
      <testcase name="Test Cases/test-flow-1-buy-1-product" time="11.704" classname="Test Cases/test-flow-1-buy-1-product" status="PASSED">
         <system-out><![CDATA[2023-05-12 17:40:40 - [TEST_CASE][PASSED] - Test Cases/test-flow-1-buy-1-product: Test Cases/test-flow-1-buy-1-product

2023-05-12 17:40:40 - [TEST_STEP][PASSED] - openBrowser("https://www.saucedemo.com/"): Browser is opened with url: 'https://www.saucedemo.com/'

2023-05-12 17:40:40 - [MESSAGE][INFO] - Starting 'Chrome' driver

2023-05-12 17:40:40 - [MESSAGE][INFO] - Action delay is set to 0 milliseconds

2023-05-12 17:40:42 - [MESSAGE][PASSED] - Browser is opened with url: 'https://www.saucedemo.com/'

2023-05-12 17:40:42 - [TEST_STEP][PASSED] - click(findTestObject("Object Repository/Page_Swag Labs/input_Swag Labs_user-name")): Object: 'Object Repository/Page_Swag Labs/input_Swag Labs_user-name' is clicked on

2023-05-12 17:40:43 - [MESSAGE][PASSED] - Object: 'Object Repository/Page_Swag Labs/input_Swag Labs_user-name' is clicked on

2023-05-12 17:40:43 - [TEST_STEP][PASSED] - sendKeys(findTestObject("Object Repository/Page_Swag Labs/input_Swag Labs_user-name"), "standard_user"): Keys 'standard_user' sent to object: 'Object Repository/Page_Swag Labs/input_Swag Labs_user-name'

2023-05-12 17:40:43 - [MESSAGE][PASSED] - Keys 'standard_user' sent to object: 'Object Repository/Page_Swag Labs/input_Swag Labs_user-name'

2023-05-12 17:40:43 - [TEST_STEP][PASSED] - click(findTestObject("Object Repository/Page_Swag Labs/input_Swag Labs_password")): Object: 'Object Repository/Page_Swag Labs/input_Swag Labs_password' is clicked on

2023-05-12 17:40:43 - [MESSAGE][PASSED] - Object: 'Object Repository/Page_Swag Labs/input_Swag Labs_password' is clicked on

2023-05-12 17:40:43 - [TEST_STEP][PASSED] - sendKeys(findTestObject("Object Repository/Page_Swag Labs/input_Swag Labs_password"), "secret_sauce"): Keys 'secret_sauce' sent to object: 'Object Repository/Page_Swag Labs/input_Swag Labs_password'

2023-05-12 17:40:44 - [MESSAGE][PASSED] - Keys 'secret_sauce' sent to object: 'Object Repository/Page_Swag Labs/input_Swag Labs_password'

2023-05-12 17:40:44 - [TEST_STEP][PASSED] - click(findTestObject("Object Repository/Page_Swag Labs/input_Swag Labs_login-button")): Object: 'Object Repository/Page_Swag Labs/input_Swag Labs_login-button' is clicked on

2023-05-12 17:40:44 - [MESSAGE][PASSED] - Object: 'Object Repository/Page_Swag Labs/input_Swag Labs_login-button' is clicked on

2023-05-12 17:40:44 - [TEST_STEP][PASSED] - click(findTestObject("Object Repository/inventoryPage/Backpack")): Object: 'Object Repository/inventoryPage/Backpack' is clicked on

2023-05-12 17:40:45 - [MESSAGE][PASSED] - Object: 'Object Repository/inventoryPage/Backpack' is clicked on

2023-05-12 17:40:45 - [TEST_STEP][PASSED] - click(findTestObject("Object Repository/inventoryPage/button_Add to cart")): Object: 'Object Repository/inventoryPage/button_Add to cart' is clicked on

2023-05-12 17:40:45 - [MESSAGE][PASSED] - Object: 'Object Repository/inventoryPage/button_Add to cart' is clicked on

2023-05-12 17:40:45 - [TEST_STEP][PASSED] - click(findTestObject("Object Repository/inventoryPage/products_back-image")): Object: 'Object Repository/inventoryPage/products_back-image' is clicked on

2023-05-12 17:40:46 - [MESSAGE][PASSED] - Object: 'Object Repository/inventoryPage/products_back-image' is clicked on

2023-05-12 17:40:46 - [TEST_STEP][PASSED] - click(findTestObject("Object Repository/inventoryPage/cart")): Object: 'Object Repository/inventoryPage/cart' is clicked on

2023-05-12 17:40:46 - [MESSAGE][PASSED] - Object: 'Object Repository/inventoryPage/cart' is clicked on

2023-05-12 17:40:46 - [TEST_STEP][PASSED] - click(findTestObject("Object Repository/CheckoutPage/button_Checkout")): Object: 'Object Repository/CheckoutPage/button_Checkout' is clicked on

2023-05-12 17:40:47 - [MESSAGE][PASSED] - Object: 'Object Repository/CheckoutPage/button_Checkout' is clicked on

2023-05-12 17:40:47 - [TEST_STEP][PASSED] - sendKeys(findTestObject("Object Repository/checkout-step-one/input_Checkout Your Information_firstName"), "demo"): Keys 'demo' sent to object: 'Object Repository/checkout-step-one/input_Checkout Your Information_firstName'

2023-05-12 17:40:47 - [MESSAGE][PASSED] - Keys 'demo' sent to object: 'Object Repository/checkout-step-one/input_Checkout Your Information_firstName'

2023-05-12 17:40:47 - [TEST_STEP][PASSED] - sendKeys(findTestObject("Object Repository/checkout-step-one/input_Checkout Your Information_lastName"), "qa test"): Keys 'qa test' sent to object: 'Object Repository/checkout-step-one/input_Checkout Your Information_lastName'

2023-05-12 17:40:48 - [MESSAGE][PASSED] - Keys 'qa test' sent to object: 'Object Repository/checkout-step-one/input_Checkout Your Information_lastName'

2023-05-12 17:40:48 - [TEST_STEP][PASSED] - sendKeys(findTestObject("Object Repository/checkout-step-one/input_Checkout Your Information_postalCode"), "9000"): Keys '9000' sent to object: 'Object Repository/checkout-step-one/input_Checkout Your Information_postalCode'

2023-05-12 17:40:48 - [MESSAGE][PASSED] - Keys '9000' sent to object: 'Object Repository/checkout-step-one/input_Checkout Your Information_postalCode'

2023-05-12 17:40:48 - [TEST_STEP][PASSED] - click(findTestObject("Object Repository/checkout-step-one/input_continue")): Object: 'Object Repository/checkout-step-one/input_continue' is clicked on

2023-05-12 17:40:49 - [MESSAGE][PASSED] - Object: 'Object Repository/checkout-step-one/input_continue' is clicked on

2023-05-12 17:40:49 - [TEST_STEP][PASSED] - click(findTestObject("Object Repository/finish checkout/button_Finish")): Object: 'Object Repository/finish checkout/button_Finish' is clicked on

2023-05-12 17:40:49 - [MESSAGE][PASSED] - Object: 'Object Repository/finish checkout/button_Finish' is clicked on

2023-05-12 17:40:49 - [TEST_STEP][PASSED] - verifyElementVisible(findTestObject("Object Repository/order-success/h2_Thank you for your order")): Object 'Object Repository/order-success/h2_Thank you for your order' is visible

2023-05-12 17:40:50 - [MESSAGE][PASSED] - Object 'Object Repository/order-success/h2_Thank you for your order' is visible

2023-05-12 17:40:50 - [TEST_STEP][PASSED] - click(findTestObject("Object Repository/NavSideBar/sidebar")): Object: 'Object Repository/NavSideBar/sidebar' is clicked on

2023-05-12 17:40:50 - [MESSAGE][PASSED] - Object: 'Object Repository/NavSideBar/sidebar' is clicked on

2023-05-12 17:40:50 - [TEST_STEP][PASSED] - click(findTestObject("Object Repository/NavSideBar/a_Logout")): Object: 'Object Repository/NavSideBar/a_Logout' is clicked on

2023-05-12 17:40:51 - [MESSAGE][PASSED] - Object: 'Object Repository/NavSideBar/a_Logout' is clicked on

2023-05-12 17:40:51 - [TEST_STEP][PASSED] - verifyElementVisible(findTestObject("Object Repository/Page_Swag Labs/input_Swag Labs_user-name")): Object 'Object Repository/Page_Swag Labs/input_Swag Labs_user-name' is visible

2023-05-12 17:40:51 - [MESSAGE][PASSED] - Object 'Object Repository/Page_Swag Labs/input_Swag Labs_user-name' is visible

2023-05-12 17:40:51 - [TEST_STEP][PASSED] - closeBrowser(): Browser is closed

2023-05-12 17:40:52 - [MESSAGE][PASSED] - Browser is closed]]></system-out>
         <system-err><![CDATA[]]></system-err>
      </testcase>
      <testcase name="Test Cases/test-flow-1-buy-1-product" time="11.856" classname="Test Cases/test-flow-1-buy-1-product" status="PASSED">
         <system-out><![CDATA[2023-05-12 17:40:52 - [TEST_CASE][PASSED] - Test Cases/test-flow-1-buy-1-product: Test Cases/test-flow-1-buy-1-product

2023-05-12 17:40:52 - [TEST_STEP][PASSED] - openBrowser("https://www.saucedemo.com/"): Browser is opened with url: 'https://www.saucedemo.com/'

2023-05-12 17:40:52 - [MESSAGE][INFO] - Starting 'Chrome' driver

2023-05-12 17:40:52 - [MESSAGE][INFO] - Action delay is set to 0 milliseconds

2023-05-12 17:40:54 - [MESSAGE][PASSED] - Browser is opened with url: 'https://www.saucedemo.com/'

2023-05-12 17:40:54 - [TEST_STEP][PASSED] - click(findTestObject("Object Repository/Page_Swag Labs/input_Swag Labs_user-name")): Object: 'Object Repository/Page_Swag Labs/input_Swag Labs_user-name' is clicked on

2023-05-12 17:40:54 - [MESSAGE][PASSED] - Object: 'Object Repository/Page_Swag Labs/input_Swag Labs_user-name' is clicked on

2023-05-12 17:40:54 - [TEST_STEP][PASSED] - sendKeys(findTestObject("Object Repository/Page_Swag Labs/input_Swag Labs_user-name"), "standard_user"): Keys 'standard_user' sent to object: 'Object Repository/Page_Swag Labs/input_Swag Labs_user-name'

2023-05-12 17:40:55 - [MESSAGE][PASSED] - Keys 'standard_user' sent to object: 'Object Repository/Page_Swag Labs/input_Swag Labs_user-name'

2023-05-12 17:40:55 - [TEST_STEP][PASSED] - click(findTestObject("Object Repository/Page_Swag Labs/input_Swag Labs_password")): Object: 'Object Repository/Page_Swag Labs/input_Swag Labs_password' is clicked on

2023-05-12 17:40:55 - [MESSAGE][PASSED] - Object: 'Object Repository/Page_Swag Labs/input_Swag Labs_password' is clicked on

2023-05-12 17:40:55 - [TEST_STEP][PASSED] - sendKeys(findTestObject("Object Repository/Page_Swag Labs/input_Swag Labs_password"), "secret_sauce"): Keys 'secret_sauce' sent to object: 'Object Repository/Page_Swag Labs/input_Swag Labs_password'

2023-05-12 17:40:55 - [MESSAGE][PASSED] - Keys 'secret_sauce' sent to object: 'Object Repository/Page_Swag Labs/input_Swag Labs_password'

2023-05-12 17:40:55 - [TEST_STEP][PASSED] - click(findTestObject("Object Repository/Page_Swag Labs/input_Swag Labs_login-button")): Object: 'Object Repository/Page_Swag Labs/input_Swag Labs_login-button' is clicked on

2023-05-12 17:40:56 - [MESSAGE][PASSED] - Object: 'Object Repository/Page_Swag Labs/input_Swag Labs_login-button' is clicked on

2023-05-12 17:40:56 - [TEST_STEP][PASSED] - click(findTestObject("Object Repository/inventoryPage/Backpack")): Object: 'Object Repository/inventoryPage/Backpack' is clicked on

2023-05-12 17:40:56 - [MESSAGE][PASSED] - Object: 'Object Repository/inventoryPage/Backpack' is clicked on

2023-05-12 17:40:56 - [TEST_STEP][PASSED] - click(findTestObject("Object Repository/inventoryPage/button_Add to cart")): Object: 'Object Repository/inventoryPage/button_Add to cart' is clicked on

2023-05-12 17:40:57 - [MESSAGE][PASSED] - Object: 'Object Repository/inventoryPage/button_Add to cart' is clicked on

2023-05-12 17:40:57 - [TEST_STEP][PASSED] - click(findTestObject("Object Repository/inventoryPage/products_back-image")): Object: 'Object Repository/inventoryPage/products_back-image' is clicked on

2023-05-12 17:40:57 - [MESSAGE][PASSED] - Object: 'Object Repository/inventoryPage/products_back-image' is clicked on

2023-05-12 17:40:57 - [TEST_STEP][PASSED] - click(findTestObject("Object Repository/inventoryPage/cart")): Object: 'Object Repository/inventoryPage/cart' is clicked on

2023-05-12 17:40:58 - [MESSAGE][PASSED] - Object: 'Object Repository/inventoryPage/cart' is clicked on

2023-05-12 17:40:58 - [TEST_STEP][PASSED] - click(findTestObject("Object Repository/CheckoutPage/button_Checkout")): Object: 'Object Repository/CheckoutPage/button_Checkout' is clicked on

2023-05-12 17:40:58 - [MESSAGE][PASSED] - Object: 'Object Repository/CheckoutPage/button_Checkout' is clicked on

2023-05-12 17:40:58 - [TEST_STEP][PASSED] - sendKeys(findTestObject("Object Repository/checkout-step-one/input_Checkout Your Information_firstName"), "demo"): Keys 'demo' sent to object: 'Object Repository/checkout-step-one/input_Checkout Your Information_firstName'

2023-05-12 17:40:59 - [MESSAGE][PASSED] - Keys 'demo' sent to object: 'Object Repository/checkout-step-one/input_Checkout Your Information_firstName'

2023-05-12 17:40:59 - [TEST_STEP][PASSED] - sendKeys(findTestObject("Object Repository/checkout-step-one/input_Checkout Your Information_lastName"), "qa test"): Keys 'qa test' sent to object: 'Object Repository/checkout-step-one/input_Checkout Your Information_lastName'

2023-05-12 17:40:59 - [MESSAGE][PASSED] - Keys 'qa test' sent to object: 'Object Repository/checkout-step-one/input_Checkout Your Information_lastName'

2023-05-12 17:40:59 - [TEST_STEP][PASSED] - sendKeys(findTestObject("Object Repository/checkout-step-one/input_Checkout Your Information_postalCode"), "9000"): Keys '9000' sent to object: 'Object Repository/checkout-step-one/input_Checkout Your Information_postalCode'

2023-05-12 17:41:00 - [MESSAGE][PASSED] - Keys '9000' sent to object: 'Object Repository/checkout-step-one/input_Checkout Your Information_postalCode'

2023-05-12 17:41:00 - [TEST_STEP][PASSED] - click(findTestObject("Object Repository/checkout-step-one/input_continue")): Object: 'Object Repository/checkout-step-one/input_continue' is clicked on

2023-05-12 17:41:01 - [MESSAGE][PASSED] - Object: 'Object Repository/checkout-step-one/input_continue' is clicked on

2023-05-12 17:41:01 - [TEST_STEP][PASSED] - click(findTestObject("Object Repository/finish checkout/button_Finish")): Object: 'Object Repository/finish checkout/button_Finish' is clicked on

2023-05-12 17:41:01 - [MESSAGE][PASSED] - Object: 'Object Repository/finish checkout/button_Finish' is clicked on

2023-05-12 17:41:01 - [TEST_STEP][PASSED] - verifyElementVisible(findTestObject("Object Repository/order-success/h2_Thank you for your order")): Object 'Object Repository/order-success/h2_Thank you for your order' is visible

2023-05-12 17:41:02 - [MESSAGE][PASSED] - Object 'Object Repository/order-success/h2_Thank you for your order' is visible

2023-05-12 17:41:02 - [TEST_STEP][PASSED] - click(findTestObject("Object Repository/NavSideBar/sidebar")): Object: 'Object Repository/NavSideBar/sidebar' is clicked on

2023-05-12 17:41:02 - [MESSAGE][PASSED] - Object: 'Object Repository/NavSideBar/sidebar' is clicked on

2023-05-12 17:41:02 - [TEST_STEP][PASSED] - click(findTestObject("Object Repository/NavSideBar/a_Logout")): Object: 'Object Repository/NavSideBar/a_Logout' is clicked on

2023-05-12 17:41:03 - [MESSAGE][PASSED] - Object: 'Object Repository/NavSideBar/a_Logout' is clicked on

2023-05-12 17:41:03 - [TEST_STEP][PASSED] - verifyElementVisible(findTestObject("Object Repository/Page_Swag Labs/input_Swag Labs_user-name")): Object 'Object Repository/Page_Swag Labs/input_Swag Labs_user-name' is visible

2023-05-12 17:41:03 - [MESSAGE][PASSED] - Object 'Object Repository/Page_Swag Labs/input_Swag Labs_user-name' is visible

2023-05-12 17:41:03 - [TEST_STEP][PASSED] - closeBrowser(): Browser is closed

2023-05-12 17:41:04 - [MESSAGE][PASSED] - Browser is closed]]></system-out>
         <system-err><![CDATA[]]></system-err>
      </testcase>
      <testcase name="Test Cases/test-flow-1-buy-1-product" time="11.877" classname="Test Cases/test-flow-1-buy-1-product" status="PASSED">
         <system-out><![CDATA[2023-05-12 17:41:04 - [TEST_CASE][PASSED] - Test Cases/test-flow-1-buy-1-product: Test Cases/test-flow-1-buy-1-product

2023-05-12 17:41:04 - [TEST_STEP][PASSED] - openBrowser("https://www.saucedemo.com/"): Browser is opened with url: 'https://www.saucedemo.com/'

2023-05-12 17:41:04 - [MESSAGE][INFO] - Starting 'Chrome' driver

2023-05-12 17:41:04 - [MESSAGE][INFO] - Action delay is set to 0 milliseconds

2023-05-12 17:41:06 - [MESSAGE][PASSED] - Browser is opened with url: 'https://www.saucedemo.com/'

2023-05-12 17:41:06 - [TEST_STEP][PASSED] - click(findTestObject("Object Repository/Page_Swag Labs/input_Swag Labs_user-name")): Object: 'Object Repository/Page_Swag Labs/input_Swag Labs_user-name' is clicked on

2023-05-12 17:41:06 - [MESSAGE][PASSED] - Object: 'Object Repository/Page_Swag Labs/input_Swag Labs_user-name' is clicked on

2023-05-12 17:41:06 - [TEST_STEP][PASSED] - sendKeys(findTestObject("Object Repository/Page_Swag Labs/input_Swag Labs_user-name"), "standard_user"): Keys 'standard_user' sent to object: 'Object Repository/Page_Swag Labs/input_Swag Labs_user-name'

2023-05-12 17:41:07 - [MESSAGE][PASSED] - Keys 'standard_user' sent to object: 'Object Repository/Page_Swag Labs/input_Swag Labs_user-name'

2023-05-12 17:41:07 - [TEST_STEP][PASSED] - click(findTestObject("Object Repository/Page_Swag Labs/input_Swag Labs_password")): Object: 'Object Repository/Page_Swag Labs/input_Swag Labs_password' is clicked on

2023-05-12 17:41:07 - [MESSAGE][PASSED] - Object: 'Object Repository/Page_Swag Labs/input_Swag Labs_password' is clicked on

2023-05-12 17:41:07 - [TEST_STEP][PASSED] - sendKeys(findTestObject("Object Repository/Page_Swag Labs/input_Swag Labs_password"), "secret_sauce"): Keys 'secret_sauce' sent to object: 'Object Repository/Page_Swag Labs/input_Swag Labs_password'

2023-05-12 17:41:07 - [MESSAGE][PASSED] - Keys 'secret_sauce' sent to object: 'Object Repository/Page_Swag Labs/input_Swag Labs_password'

2023-05-12 17:41:07 - [TEST_STEP][PASSED] - click(findTestObject("Object Repository/Page_Swag Labs/input_Swag Labs_login-button")): Object: 'Object Repository/Page_Swag Labs/input_Swag Labs_login-button' is clicked on

2023-05-12 17:41:08 - [MESSAGE][PASSED] - Object: 'Object Repository/Page_Swag Labs/input_Swag Labs_login-button' is clicked on

2023-05-12 17:41:08 - [TEST_STEP][PASSED] - click(findTestObject("Object Repository/inventoryPage/Backpack")): Object: 'Object Repository/inventoryPage/Backpack' is clicked on

2023-05-12 17:41:08 - [MESSAGE][PASSED] - Object: 'Object Repository/inventoryPage/Backpack' is clicked on

2023-05-12 17:41:08 - [TEST_STEP][PASSED] - click(findTestObject("Object Repository/inventoryPage/button_Add to cart")): Object: 'Object Repository/inventoryPage/button_Add to cart' is clicked on

2023-05-12 17:41:09 - [MESSAGE][PASSED] - Object: 'Object Repository/inventoryPage/button_Add to cart' is clicked on

2023-05-12 17:41:09 - [TEST_STEP][PASSED] - click(findTestObject("Object Repository/inventoryPage/products_back-image")): Object: 'Object Repository/inventoryPage/products_back-image' is clicked on

2023-05-12 17:41:09 - [MESSAGE][PASSED] - Object: 'Object Repository/inventoryPage/products_back-image' is clicked on

2023-05-12 17:41:09 - [TEST_STEP][PASSED] - click(findTestObject("Object Repository/inventoryPage/cart")): Object: 'Object Repository/inventoryPage/cart' is clicked on

2023-05-12 17:41:10 - [MESSAGE][PASSED] - Object: 'Object Repository/inventoryPage/cart' is clicked on

2023-05-12 17:41:10 - [TEST_STEP][PASSED] - click(findTestObject("Object Repository/CheckoutPage/button_Checkout")): Object: 'Object Repository/CheckoutPage/button_Checkout' is clicked on

2023-05-12 17:41:10 - [MESSAGE][PASSED] - Object: 'Object Repository/CheckoutPage/button_Checkout' is clicked on

2023-05-12 17:41:10 - [TEST_STEP][PASSED] - sendKeys(findTestObject("Object Repository/checkout-step-one/input_Checkout Your Information_firstName"), "demo"): Keys 'demo' sent to object: 'Object Repository/checkout-step-one/input_Checkout Your Information_firstName'

2023-05-12 17:41:11 - [MESSAGE][PASSED] - Keys 'demo' sent to object: 'Object Repository/checkout-step-one/input_Checkout Your Information_firstName'

2023-05-12 17:41:11 - [TEST_STEP][PASSED] - sendKeys(findTestObject("Object Repository/checkout-step-one/input_Checkout Your Information_lastName"), "qa test"): Keys 'qa test' sent to object: 'Object Repository/checkout-step-one/input_Checkout Your Information_lastName'

2023-05-12 17:41:11 - [MESSAGE][PASSED] - Keys 'qa test' sent to object: 'Object Repository/checkout-step-one/input_Checkout Your Information_lastName'

2023-05-12 17:41:11 - [TEST_STEP][PASSED] - sendKeys(findTestObject("Object Repository/checkout-step-one/input_Checkout Your Information_postalCode"), "9000"): Keys '9000' sent to object: 'Object Repository/checkout-step-one/input_Checkout Your Information_postalCode'

2023-05-12 17:41:12 - [MESSAGE][PASSED] - Keys '9000' sent to object: 'Object Repository/checkout-step-one/input_Checkout Your Information_postalCode'

2023-05-12 17:41:12 - [TEST_STEP][PASSED] - click(findTestObject("Object Repository/checkout-step-one/input_continue")): Object: 'Object Repository/checkout-step-one/input_continue' is clicked on

2023-05-12 17:41:13 - [MESSAGE][PASSED] - Object: 'Object Repository/checkout-step-one/input_continue' is clicked on

2023-05-12 17:41:13 - [TEST_STEP][PASSED] - click(findTestObject("Object Repository/finish checkout/button_Finish")): Object: 'Object Repository/finish checkout/button_Finish' is clicked on

2023-05-12 17:41:13 - [MESSAGE][PASSED] - Object: 'Object Repository/finish checkout/button_Finish' is clicked on

2023-05-12 17:41:13 - [TEST_STEP][PASSED] - verifyElementVisible(findTestObject("Object Repository/order-success/h2_Thank you for your order")): Object 'Object Repository/order-success/h2_Thank you for your order' is visible

2023-05-12 17:41:14 - [MESSAGE][PASSED] - Object 'Object Repository/order-success/h2_Thank you for your order' is visible

2023-05-12 17:41:14 - [TEST_STEP][PASSED] - click(findTestObject("Object Repository/NavSideBar/sidebar")): Object: 'Object Repository/NavSideBar/sidebar' is clicked on

2023-05-12 17:41:14 - [MESSAGE][PASSED] - Object: 'Object Repository/NavSideBar/sidebar' is clicked on

2023-05-12 17:41:14 - [TEST_STEP][PASSED] - click(findTestObject("Object Repository/NavSideBar/a_Logout")): Object: 'Object Repository/NavSideBar/a_Logout' is clicked on

2023-05-12 17:41:15 - [MESSAGE][PASSED] - Object: 'Object Repository/NavSideBar/a_Logout' is clicked on

2023-05-12 17:41:15 - [TEST_STEP][PASSED] - verifyElementVisible(findTestObject("Object Repository/Page_Swag Labs/input_Swag Labs_user-name")): Object 'Object Repository/Page_Swag Labs/input_Swag Labs_user-name' is visible

2023-05-12 17:41:15 - [MESSAGE][PASSED] - Object 'Object Repository/Page_Swag Labs/input_Swag Labs_user-name' is visible

2023-05-12 17:41:15 - [TEST_STEP][PASSED] - closeBrowser(): Browser is closed

2023-05-12 17:41:16 - [MESSAGE][PASSED] - Browser is closed]]></system-out>
         <system-err><![CDATA[]]></system-err>
      </testcase>
      <testcase name="Test Cases/test-flow-1-buy-1-product" time="11.79" classname="Test Cases/test-flow-1-buy-1-product" status="PASSED">
         <system-out><![CDATA[2023-05-12 17:41:16 - [TEST_CASE][PASSED] - Test Cases/test-flow-1-buy-1-product: Test Cases/test-flow-1-buy-1-product

2023-05-12 17:41:16 - [TEST_STEP][PASSED] - openBrowser("https://www.saucedemo.com/"): Browser is opened with url: 'https://www.saucedemo.com/'

2023-05-12 17:41:16 - [MESSAGE][INFO] - Starting 'Chrome' driver

2023-05-12 17:41:16 - [MESSAGE][INFO] - Action delay is set to 0 milliseconds

2023-05-12 17:41:18 - [MESSAGE][PASSED] - Browser is opened with url: 'https://www.saucedemo.com/'

2023-05-12 17:41:18 - [TEST_STEP][PASSED] - click(findTestObject("Object Repository/Page_Swag Labs/input_Swag Labs_user-name")): Object: 'Object Repository/Page_Swag Labs/input_Swag Labs_user-name' is clicked on

2023-05-12 17:41:18 - [MESSAGE][PASSED] - Object: 'Object Repository/Page_Swag Labs/input_Swag Labs_user-name' is clicked on

2023-05-12 17:41:18 - [TEST_STEP][PASSED] - sendKeys(findTestObject("Object Repository/Page_Swag Labs/input_Swag Labs_user-name"), "standard_user"): Keys 'standard_user' sent to object: 'Object Repository/Page_Swag Labs/input_Swag Labs_user-name'

2023-05-12 17:41:19 - [MESSAGE][PASSED] - Keys 'standard_user' sent to object: 'Object Repository/Page_Swag Labs/input_Swag Labs_user-name'

2023-05-12 17:41:19 - [TEST_STEP][PASSED] - click(findTestObject("Object Repository/Page_Swag Labs/input_Swag Labs_password")): Object: 'Object Repository/Page_Swag Labs/input_Swag Labs_password' is clicked on

2023-05-12 17:41:19 - [MESSAGE][PASSED] - Object: 'Object Repository/Page_Swag Labs/input_Swag Labs_password' is clicked on

2023-05-12 17:41:19 - [TEST_STEP][PASSED] - sendKeys(findTestObject("Object Repository/Page_Swag Labs/input_Swag Labs_password"), "secret_sauce"): Keys 'secret_sauce' sent to object: 'Object Repository/Page_Swag Labs/input_Swag Labs_password'

2023-05-12 17:41:19 - [MESSAGE][PASSED] - Keys 'secret_sauce' sent to object: 'Object Repository/Page_Swag Labs/input_Swag Labs_password'

2023-05-12 17:41:19 - [TEST_STEP][PASSED] - click(findTestObject("Object Repository/Page_Swag Labs/input_Swag Labs_login-button")): Object: 'Object Repository/Page_Swag Labs/input_Swag Labs_login-button' is clicked on

2023-05-12 17:41:20 - [MESSAGE][PASSED] - Object: 'Object Repository/Page_Swag Labs/input_Swag Labs_login-button' is clicked on

2023-05-12 17:41:20 - [TEST_STEP][PASSED] - click(findTestObject("Object Repository/inventoryPage/Backpack")): Object: 'Object Repository/inventoryPage/Backpack' is clicked on

2023-05-12 17:41:20 - [MESSAGE][PASSED] - Object: 'Object Repository/inventoryPage/Backpack' is clicked on

2023-05-12 17:41:20 - [TEST_STEP][PASSED] - click(findTestObject("Object Repository/inventoryPage/button_Add to cart")): Object: 'Object Repository/inventoryPage/button_Add to cart' is clicked on

2023-05-12 17:41:21 - [MESSAGE][PASSED] - Object: 'Object Repository/inventoryPage/button_Add to cart' is clicked on

2023-05-12 17:41:21 - [TEST_STEP][PASSED] - click(findTestObject("Object Repository/inventoryPage/products_back-image")): Object: 'Object Repository/inventoryPage/products_back-image' is clicked on

2023-05-12 17:41:21 - [MESSAGE][PASSED] - Object: 'Object Repository/inventoryPage/products_back-image' is clicked on

2023-05-12 17:41:21 - [TEST_STEP][PASSED] - click(findTestObject("Object Repository/inventoryPage/cart")): Object: 'Object Repository/inventoryPage/cart' is clicked on

2023-05-12 17:41:22 - [MESSAGE][PASSED] - Object: 'Object Repository/inventoryPage/cart' is clicked on

2023-05-12 17:41:22 - [TEST_STEP][PASSED] - click(findTestObject("Object Repository/CheckoutPage/button_Checkout")): Object: 'Object Repository/CheckoutPage/button_Checkout' is clicked on

2023-05-12 17:41:22 - [MESSAGE][PASSED] - Object: 'Object Repository/CheckoutPage/button_Checkout' is clicked on

2023-05-12 17:41:22 - [TEST_STEP][PASSED] - sendKeys(findTestObject("Object Repository/checkout-step-one/input_Checkout Your Information_firstName"), "demo"): Keys 'demo' sent to object: 'Object Repository/checkout-step-one/input_Checkout Your Information_firstName'

2023-05-12 17:41:23 - [MESSAGE][PASSED] - Keys 'demo' sent to object: 'Object Repository/checkout-step-one/input_Checkout Your Information_firstName'

2023-05-12 17:41:23 - [TEST_STEP][PASSED] - sendKeys(findTestObject("Object Repository/checkout-step-one/input_Checkout Your Information_lastName"), "qa test"): Keys 'qa test' sent to object: 'Object Repository/checkout-step-one/input_Checkout Your Information_lastName'

2023-05-12 17:41:23 - [MESSAGE][PASSED] - Keys 'qa test' sent to object: 'Object Repository/checkout-step-one/input_Checkout Your Information_lastName'

2023-05-12 17:41:23 - [TEST_STEP][PASSED] - sendKeys(findTestObject("Object Repository/checkout-step-one/input_Checkout Your Information_postalCode"), "9000"): Keys '9000' sent to object: 'Object Repository/checkout-step-one/input_Checkout Your Information_postalCode'

2023-05-12 17:41:24 - [MESSAGE][PASSED] - Keys '9000' sent to object: 'Object Repository/checkout-step-one/input_Checkout Your Information_postalCode'

2023-05-12 17:41:24 - [TEST_STEP][PASSED] - click(findTestObject("Object Repository/checkout-step-one/input_continue")): Object: 'Object Repository/checkout-step-one/input_continue' is clicked on

2023-05-12 17:41:24 - [MESSAGE][PASSED] - Object: 'Object Repository/checkout-step-one/input_continue' is clicked on

2023-05-12 17:41:24 - [TEST_STEP][PASSED] - click(findTestObject("Object Repository/finish checkout/button_Finish")): Object: 'Object Repository/finish checkout/button_Finish' is clicked on

2023-05-12 17:41:25 - [MESSAGE][PASSED] - Object: 'Object Repository/finish checkout/button_Finish' is clicked on

2023-05-12 17:41:25 - [TEST_STEP][PASSED] - verifyElementVisible(findTestObject("Object Repository/order-success/h2_Thank you for your order")): Object 'Object Repository/order-success/h2_Thank you for your order' is visible

2023-05-12 17:41:25 - [MESSAGE][PASSED] - Object 'Object Repository/order-success/h2_Thank you for your order' is visible

2023-05-12 17:41:25 - [TEST_STEP][PASSED] - click(findTestObject("Object Repository/NavSideBar/sidebar")): Object: 'Object Repository/NavSideBar/sidebar' is clicked on

2023-05-12 17:41:26 - [MESSAGE][PASSED] - Object: 'Object Repository/NavSideBar/sidebar' is clicked on

2023-05-12 17:41:26 - [TEST_STEP][PASSED] - click(findTestObject("Object Repository/NavSideBar/a_Logout")): Object: 'Object Repository/NavSideBar/a_Logout' is clicked on

2023-05-12 17:41:26 - [MESSAGE][PASSED] - Object: 'Object Repository/NavSideBar/a_Logout' is clicked on

2023-05-12 17:41:26 - [TEST_STEP][PASSED] - verifyElementVisible(findTestObject("Object Repository/Page_Swag Labs/input_Swag Labs_user-name")): Object 'Object Repository/Page_Swag Labs/input_Swag Labs_user-name' is visible

2023-05-12 17:41:27 - [MESSAGE][PASSED] - Object 'Object Repository/Page_Swag Labs/input_Swag Labs_user-name' is visible

2023-05-12 17:41:27 - [TEST_STEP][PASSED] - closeBrowser(): Browser is closed

2023-05-12 17:41:28 - [MESSAGE][PASSED] - Browser is closed]]></system-out>
         <system-err><![CDATA[]]></system-err>
      </testcase>
      <testcase name="Test Cases/test-flow-1-buy-1-product" time="11.898" classname="Test Cases/test-flow-1-buy-1-product" status="PASSED">
         <system-out><![CDATA[2023-05-12 17:41:28 - [TEST_CASE][PASSED] - Test Cases/test-flow-1-buy-1-product: Test Cases/test-flow-1-buy-1-product

2023-05-12 17:41:28 - [TEST_STEP][PASSED] - openBrowser("https://www.saucedemo.com/"): Browser is opened with url: 'https://www.saucedemo.com/'

2023-05-12 17:41:28 - [MESSAGE][INFO] - Starting 'Chrome' driver

2023-05-12 17:41:28 - [MESSAGE][INFO] - Action delay is set to 0 milliseconds

2023-05-12 17:41:30 - [MESSAGE][PASSED] - Browser is opened with url: 'https://www.saucedemo.com/'

2023-05-12 17:41:30 - [TEST_STEP][PASSED] - click(findTestObject("Object Repository/Page_Swag Labs/input_Swag Labs_user-name")): Object: 'Object Repository/Page_Swag Labs/input_Swag Labs_user-name' is clicked on

2023-05-12 17:41:30 - [MESSAGE][PASSED] - Object: 'Object Repository/Page_Swag Labs/input_Swag Labs_user-name' is clicked on

2023-05-12 17:41:30 - [TEST_STEP][PASSED] - sendKeys(findTestObject("Object Repository/Page_Swag Labs/input_Swag Labs_user-name"), "standard_user"): Keys 'standard_user' sent to object: 'Object Repository/Page_Swag Labs/input_Swag Labs_user-name'

2023-05-12 17:41:30 - [MESSAGE][PASSED] - Keys 'standard_user' sent to object: 'Object Repository/Page_Swag Labs/input_Swag Labs_user-name'

2023-05-12 17:41:30 - [TEST_STEP][PASSED] - click(findTestObject("Object Repository/Page_Swag Labs/input_Swag Labs_password")): Object: 'Object Repository/Page_Swag Labs/input_Swag Labs_password' is clicked on

2023-05-12 17:41:31 - [MESSAGE][PASSED] - Object: 'Object Repository/Page_Swag Labs/input_Swag Labs_password' is clicked on

2023-05-12 17:41:31 - [TEST_STEP][PASSED] - sendKeys(findTestObject("Object Repository/Page_Swag Labs/input_Swag Labs_password"), "secret_sauce"): Keys 'secret_sauce' sent to object: 'Object Repository/Page_Swag Labs/input_Swag Labs_password'

2023-05-12 17:41:31 - [MESSAGE][PASSED] - Keys 'secret_sauce' sent to object: 'Object Repository/Page_Swag Labs/input_Swag Labs_password'

2023-05-12 17:41:31 - [TEST_STEP][PASSED] - click(findTestObject("Object Repository/Page_Swag Labs/input_Swag Labs_login-button")): Object: 'Object Repository/Page_Swag Labs/input_Swag Labs_login-button' is clicked on

2023-05-12 17:41:31 - [MESSAGE][PASSED] - Object: 'Object Repository/Page_Swag Labs/input_Swag Labs_login-button' is clicked on

2023-05-12 17:41:31 - [TEST_STEP][PASSED] - click(findTestObject("Object Repository/inventoryPage/Backpack")): Object: 'Object Repository/inventoryPage/Backpack' is clicked on

2023-05-12 17:41:32 - [MESSAGE][PASSED] - Object: 'Object Repository/inventoryPage/Backpack' is clicked on

2023-05-12 17:41:32 - [TEST_STEP][PASSED] - click(findTestObject("Object Repository/inventoryPage/button_Add to cart")): Object: 'Object Repository/inventoryPage/button_Add to cart' is clicked on

2023-05-12 17:41:32 - [MESSAGE][PASSED] - Object: 'Object Repository/inventoryPage/button_Add to cart' is clicked on

2023-05-12 17:41:32 - [TEST_STEP][PASSED] - click(findTestObject("Object Repository/inventoryPage/products_back-image")): Object: 'Object Repository/inventoryPage/products_back-image' is clicked on

2023-05-12 17:41:33 - [MESSAGE][PASSED] - Object: 'Object Repository/inventoryPage/products_back-image' is clicked on

2023-05-12 17:41:33 - [TEST_STEP][PASSED] - click(findTestObject("Object Repository/inventoryPage/cart")): Object: 'Object Repository/inventoryPage/cart' is clicked on

2023-05-12 17:41:34 - [MESSAGE][PASSED] - Object: 'Object Repository/inventoryPage/cart' is clicked on

2023-05-12 17:41:34 - [TEST_STEP][PASSED] - click(findTestObject("Object Repository/CheckoutPage/button_Checkout")): Object: 'Object Repository/CheckoutPage/button_Checkout' is clicked on

2023-05-12 17:41:34 - [MESSAGE][PASSED] - Object: 'Object Repository/CheckoutPage/button_Checkout' is clicked on

2023-05-12 17:41:34 - [TEST_STEP][PASSED] - sendKeys(findTestObject("Object Repository/checkout-step-one/input_Checkout Your Information_firstName"), "demo"): Keys 'demo' sent to object: 'Object Repository/checkout-step-one/input_Checkout Your Information_firstName'

2023-05-12 17:41:35 - [MESSAGE][PASSED] - Keys 'demo' sent to object: 'Object Repository/checkout-step-one/input_Checkout Your Information_firstName'

2023-05-12 17:41:35 - [TEST_STEP][PASSED] - sendKeys(findTestObject("Object Repository/checkout-step-one/input_Checkout Your Information_lastName"), "qa test"): Keys 'qa test' sent to object: 'Object Repository/checkout-step-one/input_Checkout Your Information_lastName'

2023-05-12 17:41:35 - [MESSAGE][PASSED] - Keys 'qa test' sent to object: 'Object Repository/checkout-step-one/input_Checkout Your Information_lastName'

2023-05-12 17:41:35 - [TEST_STEP][PASSED] - sendKeys(findTestObject("Object Repository/checkout-step-one/input_Checkout Your Information_postalCode"), "9000"): Keys '9000' sent to object: 'Object Repository/checkout-step-one/input_Checkout Your Information_postalCode'

2023-05-12 17:41:36 - [MESSAGE][PASSED] - Keys '9000' sent to object: 'Object Repository/checkout-step-one/input_Checkout Your Information_postalCode'

2023-05-12 17:41:36 - [TEST_STEP][PASSED] - click(findTestObject("Object Repository/checkout-step-one/input_continue")): Object: 'Object Repository/checkout-step-one/input_continue' is clicked on

2023-05-12 17:41:36 - [MESSAGE][PASSED] - Object: 'Object Repository/checkout-step-one/input_continue' is clicked on

2023-05-12 17:41:36 - [TEST_STEP][PASSED] - click(findTestObject("Object Repository/finish checkout/button_Finish")): Object: 'Object Repository/finish checkout/button_Finish' is clicked on

2023-05-12 17:41:37 - [MESSAGE][PASSED] - Object: 'Object Repository/finish checkout/button_Finish' is clicked on

2023-05-12 17:41:37 - [TEST_STEP][PASSED] - verifyElementVisible(findTestObject("Object Repository/order-success/h2_Thank you for your order")): Object 'Object Repository/order-success/h2_Thank you for your order' is visible

2023-05-12 17:41:38 - [MESSAGE][PASSED] - Object 'Object Repository/order-success/h2_Thank you for your order' is visible

2023-05-12 17:41:38 - [TEST_STEP][PASSED] - click(findTestObject("Object Repository/NavSideBar/sidebar")): Object: 'Object Repository/NavSideBar/sidebar' is clicked on

2023-05-12 17:41:38 - [MESSAGE][PASSED] - Object: 'Object Repository/NavSideBar/sidebar' is clicked on

2023-05-12 17:41:38 - [TEST_STEP][PASSED] - click(findTestObject("Object Repository/NavSideBar/a_Logout")): Object: 'Object Repository/NavSideBar/a_Logout' is clicked on

2023-05-12 17:41:38 - [MESSAGE][PASSED] - Object: 'Object Repository/NavSideBar/a_Logout' is clicked on

2023-05-12 17:41:38 - [TEST_STEP][PASSED] - verifyElementVisible(findTestObject("Object Repository/Page_Swag Labs/input_Swag Labs_user-name")): Object 'Object Repository/Page_Swag Labs/input_Swag Labs_user-name' is visible

2023-05-12 17:41:39 - [MESSAGE][PASSED] - Object 'Object Repository/Page_Swag Labs/input_Swag Labs_user-name' is visible

2023-05-12 17:41:39 - [TEST_STEP][PASSED] - closeBrowser(): Browser is closed

2023-05-12 17:41:40 - [MESSAGE][PASSED] - Browser is closed]]></system-out>
         <system-err><![CDATA[]]></system-err>
      </testcase>
      <testcase name="Test Cases/test-flow-1-buy-1-product" time="11.861" classname="Test Cases/test-flow-1-buy-1-product" status="PASSED">
         <system-out><![CDATA[2023-05-12 17:41:40 - [TEST_CASE][PASSED] - Test Cases/test-flow-1-buy-1-product: Test Cases/test-flow-1-buy-1-product

2023-05-12 17:41:40 - [TEST_STEP][PASSED] - openBrowser("https://www.saucedemo.com/"): Browser is opened with url: 'https://www.saucedemo.com/'

2023-05-12 17:41:40 - [MESSAGE][INFO] - Starting 'Chrome' driver

2023-05-12 17:41:40 - [MESSAGE][INFO] - Action delay is set to 0 milliseconds

2023-05-12 17:41:42 - [MESSAGE][PASSED] - Browser is opened with url: 'https://www.saucedemo.com/'

2023-05-12 17:41:42 - [TEST_STEP][PASSED] - click(findTestObject("Object Repository/Page_Swag Labs/input_Swag Labs_user-name")): Object: 'Object Repository/Page_Swag Labs/input_Swag Labs_user-name' is clicked on

2023-05-12 17:41:42 - [MESSAGE][PASSED] - Object: 'Object Repository/Page_Swag Labs/input_Swag Labs_user-name' is clicked on

2023-05-12 17:41:42 - [TEST_STEP][PASSED] - sendKeys(findTestObject("Object Repository/Page_Swag Labs/input_Swag Labs_user-name"), "standard_user"): Keys 'standard_user' sent to object: 'Object Repository/Page_Swag Labs/input_Swag Labs_user-name'

2023-05-12 17:41:42 - [MESSAGE][PASSED] - Keys 'standard_user' sent to object: 'Object Repository/Page_Swag Labs/input_Swag Labs_user-name'

2023-05-12 17:41:42 - [TEST_STEP][PASSED] - click(findTestObject("Object Repository/Page_Swag Labs/input_Swag Labs_password")): Object: 'Object Repository/Page_Swag Labs/input_Swag Labs_password' is clicked on

2023-05-12 17:41:43 - [MESSAGE][PASSED] - Object: 'Object Repository/Page_Swag Labs/input_Swag Labs_password' is clicked on

2023-05-12 17:41:43 - [TEST_STEP][PASSED] - sendKeys(findTestObject("Object Repository/Page_Swag Labs/input_Swag Labs_password"), "secret_sauce"): Keys 'secret_sauce' sent to object: 'Object Repository/Page_Swag Labs/input_Swag Labs_password'

2023-05-12 17:41:43 - [MESSAGE][PASSED] - Keys 'secret_sauce' sent to object: 'Object Repository/Page_Swag Labs/input_Swag Labs_password'

2023-05-12 17:41:43 - [TEST_STEP][PASSED] - click(findTestObject("Object Repository/Page_Swag Labs/input_Swag Labs_login-button")): Object: 'Object Repository/Page_Swag Labs/input_Swag Labs_login-button' is clicked on

2023-05-12 17:41:43 - [MESSAGE][PASSED] - Object: 'Object Repository/Page_Swag Labs/input_Swag Labs_login-button' is clicked on

2023-05-12 17:41:43 - [TEST_STEP][PASSED] - click(findTestObject("Object Repository/inventoryPage/Backpack")): Object: 'Object Repository/inventoryPage/Backpack' is clicked on

2023-05-12 17:41:44 - [MESSAGE][PASSED] - Object: 'Object Repository/inventoryPage/Backpack' is clicked on

2023-05-12 17:41:44 - [TEST_STEP][PASSED] - click(findTestObject("Object Repository/inventoryPage/button_Add to cart")): Object: 'Object Repository/inventoryPage/button_Add to cart' is clicked on

2023-05-12 17:41:44 - [MESSAGE][PASSED] - Object: 'Object Repository/inventoryPage/button_Add to cart' is clicked on

2023-05-12 17:41:44 - [TEST_STEP][PASSED] - click(findTestObject("Object Repository/inventoryPage/products_back-image")): Object: 'Object Repository/inventoryPage/products_back-image' is clicked on

2023-05-12 17:41:45 - [MESSAGE][PASSED] - Object: 'Object Repository/inventoryPage/products_back-image' is clicked on

2023-05-12 17:41:45 - [TEST_STEP][PASSED] - click(findTestObject("Object Repository/inventoryPage/cart")): Object: 'Object Repository/inventoryPage/cart' is clicked on

2023-05-12 17:41:45 - [MESSAGE][PASSED] - Object: 'Object Repository/inventoryPage/cart' is clicked on

2023-05-12 17:41:45 - [TEST_STEP][PASSED] - click(findTestObject("Object Repository/CheckoutPage/button_Checkout")): Object: 'Object Repository/CheckoutPage/button_Checkout' is clicked on

2023-05-12 17:41:46 - [MESSAGE][PASSED] - Object: 'Object Repository/CheckoutPage/button_Checkout' is clicked on

2023-05-12 17:41:46 - [TEST_STEP][PASSED] - sendKeys(findTestObject("Object Repository/checkout-step-one/input_Checkout Your Information_firstName"), "demo"): Keys 'demo' sent to object: 'Object Repository/checkout-step-one/input_Checkout Your Information_firstName'

2023-05-12 17:41:46 - [MESSAGE][PASSED] - Keys 'demo' sent to object: 'Object Repository/checkout-step-one/input_Checkout Your Information_firstName'

2023-05-12 17:41:46 - [TEST_STEP][PASSED] - sendKeys(findTestObject("Object Repository/checkout-step-one/input_Checkout Your Information_lastName"), "qa test"): Keys 'qa test' sent to object: 'Object Repository/checkout-step-one/input_Checkout Your Information_lastName'

2023-05-12 17:41:47 - [MESSAGE][PASSED] - Keys 'qa test' sent to object: 'Object Repository/checkout-step-one/input_Checkout Your Information_lastName'

2023-05-12 17:41:47 - [TEST_STEP][PASSED] - sendKeys(findTestObject("Object Repository/checkout-step-one/input_Checkout Your Information_postalCode"), "9000"): Keys '9000' sent to object: 'Object Repository/checkout-step-one/input_Checkout Your Information_postalCode'

2023-05-12 17:41:48 - [MESSAGE][PASSED] - Keys '9000' sent to object: 'Object Repository/checkout-step-one/input_Checkout Your Information_postalCode'

2023-05-12 17:41:48 - [TEST_STEP][PASSED] - click(findTestObject("Object Repository/checkout-step-one/input_continue")): Object: 'Object Repository/checkout-step-one/input_continue' is clicked on

2023-05-12 17:41:48 - [MESSAGE][PASSED] - Object: 'Object Repository/checkout-step-one/input_continue' is clicked on

2023-05-12 17:41:48 - [TEST_STEP][PASSED] - click(findTestObject("Object Repository/finish checkout/button_Finish")): Object: 'Object Repository/finish checkout/button_Finish' is clicked on

2023-05-12 17:41:49 - [MESSAGE][PASSED] - Object: 'Object Repository/finish checkout/button_Finish' is clicked on

2023-05-12 17:41:49 - [TEST_STEP][PASSED] - verifyElementVisible(findTestObject("Object Repository/order-success/h2_Thank you for your order")): Object 'Object Repository/order-success/h2_Thank you for your order' is visible

2023-05-12 17:41:49 - [MESSAGE][PASSED] - Object 'Object Repository/order-success/h2_Thank you for your order' is visible

2023-05-12 17:41:49 - [TEST_STEP][PASSED] - click(findTestObject("Object Repository/NavSideBar/sidebar")): Object: 'Object Repository/NavSideBar/sidebar' is clicked on

2023-05-12 17:41:50 - [MESSAGE][PASSED] - Object: 'Object Repository/NavSideBar/sidebar' is clicked on

2023-05-12 17:41:50 - [TEST_STEP][PASSED] - click(findTestObject("Object Repository/NavSideBar/a_Logout")): Object: 'Object Repository/NavSideBar/a_Logout' is clicked on

2023-05-12 17:41:50 - [MESSAGE][PASSED] - Object: 'Object Repository/NavSideBar/a_Logout' is clicked on

2023-05-12 17:41:50 - [TEST_STEP][PASSED] - verifyElementVisible(findTestObject("Object Repository/Page_Swag Labs/input_Swag Labs_user-name")): Object 'Object Repository/Page_Swag Labs/input_Swag Labs_user-name' is visible

2023-05-12 17:41:51 - [MESSAGE][PASSED] - Object 'Object Repository/Page_Swag Labs/input_Swag Labs_user-name' is visible

2023-05-12 17:41:51 - [TEST_STEP][PASSED] - closeBrowser(): Browser is closed

2023-05-12 17:41:51 - [MESSAGE][PASSED] - Browser is closed]]></system-out>
         <system-err><![CDATA[]]></system-err>
      </testcase>
      <testcase name="Test Cases/test-flow-1-buy-1-product" time="11.885" classname="Test Cases/test-flow-1-buy-1-product" status="PASSED">
         <system-out><![CDATA[2023-05-12 17:41:51 - [TEST_CASE][PASSED] - Test Cases/test-flow-1-buy-1-product: Test Cases/test-flow-1-buy-1-product

2023-05-12 17:41:51 - [TEST_STEP][PASSED] - openBrowser("https://www.saucedemo.com/"): Browser is opened with url: 'https://www.saucedemo.com/'

2023-05-12 17:41:51 - [MESSAGE][INFO] - Starting 'Chrome' driver

2023-05-12 17:41:51 - [MESSAGE][INFO] - Action delay is set to 0 milliseconds

2023-05-12 17:41:53 - [MESSAGE][PASSED] - Browser is opened with url: 'https://www.saucedemo.com/'

2023-05-12 17:41:53 - [TEST_STEP][PASSED] - click(findTestObject("Object Repository/Page_Swag Labs/input_Swag Labs_user-name")): Object: 'Object Repository/Page_Swag Labs/input_Swag Labs_user-name' is clicked on

2023-05-12 17:41:54 - [MESSAGE][PASSED] - Object: 'Object Repository/Page_Swag Labs/input_Swag Labs_user-name' is clicked on

2023-05-12 17:41:54 - [TEST_STEP][PASSED] - sendKeys(findTestObject("Object Repository/Page_Swag Labs/input_Swag Labs_user-name"), "standard_user"): Keys 'standard_user' sent to object: 'Object Repository/Page_Swag Labs/input_Swag Labs_user-name'

2023-05-12 17:41:54 - [MESSAGE][PASSED] - Keys 'standard_user' sent to object: 'Object Repository/Page_Swag Labs/input_Swag Labs_user-name'

2023-05-12 17:41:54 - [TEST_STEP][PASSED] - click(findTestObject("Object Repository/Page_Swag Labs/input_Swag Labs_password")): Object: 'Object Repository/Page_Swag Labs/input_Swag Labs_password' is clicked on

2023-05-12 17:41:54 - [MESSAGE][PASSED] - Object: 'Object Repository/Page_Swag Labs/input_Swag Labs_password' is clicked on

2023-05-12 17:41:54 - [TEST_STEP][PASSED] - sendKeys(findTestObject("Object Repository/Page_Swag Labs/input_Swag Labs_password"), "secret_sauce"): Keys 'secret_sauce' sent to object: 'Object Repository/Page_Swag Labs/input_Swag Labs_password'

2023-05-12 17:41:55 - [MESSAGE][PASSED] - Keys 'secret_sauce' sent to object: 'Object Repository/Page_Swag Labs/input_Swag Labs_password'

2023-05-12 17:41:55 - [TEST_STEP][PASSED] - click(findTestObject("Object Repository/Page_Swag Labs/input_Swag Labs_login-button")): Object: 'Object Repository/Page_Swag Labs/input_Swag Labs_login-button' is clicked on

2023-05-12 17:41:55 - [MESSAGE][PASSED] - Object: 'Object Repository/Page_Swag Labs/input_Swag Labs_login-button' is clicked on

2023-05-12 17:41:55 - [TEST_STEP][PASSED] - click(findTestObject("Object Repository/inventoryPage/Backpack")): Object: 'Object Repository/inventoryPage/Backpack' is clicked on

2023-05-12 17:41:56 - [MESSAGE][PASSED] - Object: 'Object Repository/inventoryPage/Backpack' is clicked on

2023-05-12 17:41:56 - [TEST_STEP][PASSED] - click(findTestObject("Object Repository/inventoryPage/button_Add to cart")): Object: 'Object Repository/inventoryPage/button_Add to cart' is clicked on

2023-05-12 17:41:56 - [MESSAGE][PASSED] - Object: 'Object Repository/inventoryPage/button_Add to cart' is clicked on

2023-05-12 17:41:56 - [TEST_STEP][PASSED] - click(findTestObject("Object Repository/inventoryPage/products_back-image")): Object: 'Object Repository/inventoryPage/products_back-image' is clicked on

2023-05-12 17:41:57 - [MESSAGE][PASSED] - Object: 'Object Repository/inventoryPage/products_back-image' is clicked on

2023-05-12 17:41:57 - [TEST_STEP][PASSED] - click(findTestObject("Object Repository/inventoryPage/cart")): Object: 'Object Repository/inventoryPage/cart' is clicked on

2023-05-12 17:41:57 - [MESSAGE][PASSED] - Object: 'Object Repository/inventoryPage/cart' is clicked on

2023-05-12 17:41:57 - [TEST_STEP][PASSED] - click(findTestObject("Object Repository/CheckoutPage/button_Checkout")): Object: 'Object Repository/CheckoutPage/button_Checkout' is clicked on

2023-05-12 17:41:58 - [MESSAGE][PASSED] - Object: 'Object Repository/CheckoutPage/button_Checkout' is clicked on

2023-05-12 17:41:58 - [TEST_STEP][PASSED] - sendKeys(findTestObject("Object Repository/checkout-step-one/input_Checkout Your Information_firstName"), "demo"): Keys 'demo' sent to object: 'Object Repository/checkout-step-one/input_Checkout Your Information_firstName'

2023-05-12 17:41:58 - [MESSAGE][PASSED] - Keys 'demo' sent to object: 'Object Repository/checkout-step-one/input_Checkout Your Information_firstName'

2023-05-12 17:41:58 - [TEST_STEP][PASSED] - sendKeys(findTestObject("Object Repository/checkout-step-one/input_Checkout Your Information_lastName"), "qa test"): Keys 'qa test' sent to object: 'Object Repository/checkout-step-one/input_Checkout Your Information_lastName'

2023-05-12 17:41:59 - [MESSAGE][PASSED] - Keys 'qa test' sent to object: 'Object Repository/checkout-step-one/input_Checkout Your Information_lastName'

2023-05-12 17:41:59 - [TEST_STEP][PASSED] - sendKeys(findTestObject("Object Repository/checkout-step-one/input_Checkout Your Information_postalCode"), "9000"): Keys '9000' sent to object: 'Object Repository/checkout-step-one/input_Checkout Your Information_postalCode'

2023-05-12 17:41:59 - [MESSAGE][PASSED] - Keys '9000' sent to object: 'Object Repository/checkout-step-one/input_Checkout Your Information_postalCode'

2023-05-12 17:41:59 - [TEST_STEP][PASSED] - click(findTestObject("Object Repository/checkout-step-one/input_continue")): Object: 'Object Repository/checkout-step-one/input_continue' is clicked on

2023-05-12 17:42:00 - [MESSAGE][PASSED] - Object: 'Object Repository/checkout-step-one/input_continue' is clicked on

2023-05-12 17:42:00 - [TEST_STEP][PASSED] - click(findTestObject("Object Repository/finish checkout/button_Finish")): Object: 'Object Repository/finish checkout/button_Finish' is clicked on

2023-05-12 17:42:01 - [MESSAGE][PASSED] - Object: 'Object Repository/finish checkout/button_Finish' is clicked on

2023-05-12 17:42:01 - [TEST_STEP][PASSED] - verifyElementVisible(findTestObject("Object Repository/order-success/h2_Thank you for your order")): Object 'Object Repository/order-success/h2_Thank you for your order' is visible

2023-05-12 17:42:01 - [MESSAGE][PASSED] - Object 'Object Repository/order-success/h2_Thank you for your order' is visible

2023-05-12 17:42:01 - [TEST_STEP][PASSED] - click(findTestObject("Object Repository/NavSideBar/sidebar")): Object: 'Object Repository/NavSideBar/sidebar' is clicked on

2023-05-12 17:42:01 - [MESSAGE][PASSED] - Object: 'Object Repository/NavSideBar/sidebar' is clicked on

2023-05-12 17:42:01 - [TEST_STEP][PASSED] - click(findTestObject("Object Repository/NavSideBar/a_Logout")): Object: 'Object Repository/NavSideBar/a_Logout' is clicked on

2023-05-12 17:42:02 - [MESSAGE][PASSED] - Object: 'Object Repository/NavSideBar/a_Logout' is clicked on

2023-05-12 17:42:02 - [TEST_STEP][PASSED] - verifyElementVisible(findTestObject("Object Repository/Page_Swag Labs/input_Swag Labs_user-name")): Object 'Object Repository/Page_Swag Labs/input_Swag Labs_user-name' is visible

2023-05-12 17:42:03 - [MESSAGE][PASSED] - Object 'Object Repository/Page_Swag Labs/input_Swag Labs_user-name' is visible

2023-05-12 17:42:03 - [TEST_STEP][PASSED] - closeBrowser(): Browser is closed

2023-05-12 17:42:03 - [MESSAGE][PASSED] - Browser is closed]]></system-out>
         <system-err><![CDATA[]]></system-err>
      </testcase>
      <testcase name="Test Cases/test-flow-1-buy-1-product" time="11.865" classname="Test Cases/test-flow-1-buy-1-product" status="PASSED">
         <system-out><![CDATA[2023-05-12 17:42:03 - [TEST_CASE][PASSED] - Test Cases/test-flow-1-buy-1-product: Test Cases/test-flow-1-buy-1-product

2023-05-12 17:42:03 - [TEST_STEP][PASSED] - openBrowser("https://www.saucedemo.com/"): Browser is opened with url: 'https://www.saucedemo.com/'

2023-05-12 17:42:03 - [MESSAGE][INFO] - Starting 'Chrome' driver

2023-05-12 17:42:03 - [MESSAGE][INFO] - Action delay is set to 0 milliseconds

2023-05-12 17:42:05 - [MESSAGE][PASSED] - Browser is opened with url: 'https://www.saucedemo.com/'

2023-05-12 17:42:05 - [TEST_STEP][PASSED] - click(findTestObject("Object Repository/Page_Swag Labs/input_Swag Labs_user-name")): Object: 'Object Repository/Page_Swag Labs/input_Swag Labs_user-name' is clicked on

2023-05-12 17:42:06 - [MESSAGE][PASSED] - Object: 'Object Repository/Page_Swag Labs/input_Swag Labs_user-name' is clicked on

2023-05-12 17:42:06 - [TEST_STEP][PASSED] - sendKeys(findTestObject("Object Repository/Page_Swag Labs/input_Swag Labs_user-name"), "standard_user"): Keys 'standard_user' sent to object: 'Object Repository/Page_Swag Labs/input_Swag Labs_user-name'

2023-05-12 17:42:06 - [MESSAGE][PASSED] - Keys 'standard_user' sent to object: 'Object Repository/Page_Swag Labs/input_Swag Labs_user-name'

2023-05-12 17:42:06 - [TEST_STEP][PASSED] - click(findTestObject("Object Repository/Page_Swag Labs/input_Swag Labs_password")): Object: 'Object Repository/Page_Swag Labs/input_Swag Labs_password' is clicked on

2023-05-12 17:42:06 - [MESSAGE][PASSED] - Object: 'Object Repository/Page_Swag Labs/input_Swag Labs_password' is clicked on

2023-05-12 17:42:06 - [TEST_STEP][PASSED] - sendKeys(findTestObject("Object Repository/Page_Swag Labs/input_Swag Labs_password"), "secret_sauce"): Keys 'secret_sauce' sent to object: 'Object Repository/Page_Swag Labs/input_Swag Labs_password'

2023-05-12 17:42:07 - [MESSAGE][PASSED] - Keys 'secret_sauce' sent to object: 'Object Repository/Page_Swag Labs/input_Swag Labs_password'

2023-05-12 17:42:07 - [TEST_STEP][PASSED] - click(findTestObject("Object Repository/Page_Swag Labs/input_Swag Labs_login-button")): Object: 'Object Repository/Page_Swag Labs/input_Swag Labs_login-button' is clicked on

2023-05-12 17:42:07 - [MESSAGE][PASSED] - Object: 'Object Repository/Page_Swag Labs/input_Swag Labs_login-button' is clicked on

2023-05-12 17:42:07 - [TEST_STEP][PASSED] - click(findTestObject("Object Repository/inventoryPage/Backpack")): Object: 'Object Repository/inventoryPage/Backpack' is clicked on

2023-05-12 17:42:08 - [MESSAGE][PASSED] - Object: 'Object Repository/inventoryPage/Backpack' is clicked on

2023-05-12 17:42:08 - [TEST_STEP][PASSED] - click(findTestObject("Object Repository/inventoryPage/button_Add to cart")): Object: 'Object Repository/inventoryPage/button_Add to cart' is clicked on

2023-05-12 17:42:08 - [MESSAGE][PASSED] - Object: 'Object Repository/inventoryPage/button_Add to cart' is clicked on

2023-05-12 17:42:08 - [TEST_STEP][PASSED] - click(findTestObject("Object Repository/inventoryPage/products_back-image")): Object: 'Object Repository/inventoryPage/products_back-image' is clicked on

2023-05-12 17:42:09 - [MESSAGE][PASSED] - Object: 'Object Repository/inventoryPage/products_back-image' is clicked on

2023-05-12 17:42:09 - [TEST_STEP][PASSED] - click(findTestObject("Object Repository/inventoryPage/cart")): Object: 'Object Repository/inventoryPage/cart' is clicked on

2023-05-12 17:42:09 - [MESSAGE][PASSED] - Object: 'Object Repository/inventoryPage/cart' is clicked on

2023-05-12 17:42:09 - [TEST_STEP][PASSED] - click(findTestObject("Object Repository/CheckoutPage/button_Checkout")): Object: 'Object Repository/CheckoutPage/button_Checkout' is clicked on

2023-05-12 17:42:10 - [MESSAGE][PASSED] - Object: 'Object Repository/CheckoutPage/button_Checkout' is clicked on

2023-05-12 17:42:10 - [TEST_STEP][PASSED] - sendKeys(findTestObject("Object Repository/checkout-step-one/input_Checkout Your Information_firstName"), "demo"): Keys 'demo' sent to object: 'Object Repository/checkout-step-one/input_Checkout Your Information_firstName'

2023-05-12 17:42:10 - [MESSAGE][PASSED] - Keys 'demo' sent to object: 'Object Repository/checkout-step-one/input_Checkout Your Information_firstName'

2023-05-12 17:42:10 - [TEST_STEP][PASSED] - sendKeys(findTestObject("Object Repository/checkout-step-one/input_Checkout Your Information_lastName"), "qa test"): Keys 'qa test' sent to object: 'Object Repository/checkout-step-one/input_Checkout Your Information_lastName'

2023-05-12 17:42:11 - [MESSAGE][PASSED] - Keys 'qa test' sent to object: 'Object Repository/checkout-step-one/input_Checkout Your Information_lastName'

2023-05-12 17:42:11 - [TEST_STEP][PASSED] - sendKeys(findTestObject("Object Repository/checkout-step-one/input_Checkout Your Information_postalCode"), "9000"): Keys '9000' sent to object: 'Object Repository/checkout-step-one/input_Checkout Your Information_postalCode'

2023-05-12 17:42:11 - [MESSAGE][PASSED] - Keys '9000' sent to object: 'Object Repository/checkout-step-one/input_Checkout Your Information_postalCode'

2023-05-12 17:42:11 - [TEST_STEP][PASSED] - click(findTestObject("Object Repository/checkout-step-one/input_continue")): Object: 'Object Repository/checkout-step-one/input_continue' is clicked on

2023-05-12 17:42:12 - [MESSAGE][PASSED] - Object: 'Object Repository/checkout-step-one/input_continue' is clicked on

2023-05-12 17:42:12 - [TEST_STEP][PASSED] - click(findTestObject("Object Repository/finish checkout/button_Finish")): Object: 'Object Repository/finish checkout/button_Finish' is clicked on

2023-05-12 17:42:12 - [MESSAGE][PASSED] - Object: 'Object Repository/finish checkout/button_Finish' is clicked on

2023-05-12 17:42:12 - [TEST_STEP][PASSED] - verifyElementVisible(findTestObject("Object Repository/order-success/h2_Thank you for your order")): Object 'Object Repository/order-success/h2_Thank you for your order' is visible

2023-05-12 17:42:13 - [MESSAGE][PASSED] - Object 'Object Repository/order-success/h2_Thank you for your order' is visible

2023-05-12 17:42:13 - [TEST_STEP][PASSED] - click(findTestObject("Object Repository/NavSideBar/sidebar")): Object: 'Object Repository/NavSideBar/sidebar' is clicked on

2023-05-12 17:42:13 - [MESSAGE][PASSED] - Object: 'Object Repository/NavSideBar/sidebar' is clicked on

2023-05-12 17:42:13 - [TEST_STEP][PASSED] - click(findTestObject("Object Repository/NavSideBar/a_Logout")): Object: 'Object Repository/NavSideBar/a_Logout' is clicked on

2023-05-12 17:42:14 - [MESSAGE][PASSED] - Object: 'Object Repository/NavSideBar/a_Logout' is clicked on

2023-05-12 17:42:14 - [TEST_STEP][PASSED] - verifyElementVisible(findTestObject("Object Repository/Page_Swag Labs/input_Swag Labs_user-name")): Object 'Object Repository/Page_Swag Labs/input_Swag Labs_user-name' is visible

2023-05-12 17:42:14 - [MESSAGE][PASSED] - Object 'Object Repository/Page_Swag Labs/input_Swag Labs_user-name' is visible

2023-05-12 17:42:14 - [TEST_STEP][PASSED] - closeBrowser(): Browser is closed

2023-05-12 17:42:15 - [MESSAGE][PASSED] - Browser is closed]]></system-out>
         <system-err><![CDATA[]]></system-err>
      </testcase>
      <system-out><![CDATA[2023-05-12 17:38:16 - [TEST_SUITE][PASSED] - simple case: Test Cases/test-flow-1-buy-1-product]]></system-out>
      <system-err><![CDATA[]]></system-err>
   </testsuite>
   <testsuite name="simple case" tests="20" failures="0" errors="0" time="237.893" skipped="0" timestamp="2023-05-12 17:42:18" hostname="minh.nguyen - 5YHW2D3" id="Test Suites/simple case">
      <properties>
         <property name="deviceName" value=""/>
         <property name="devicePlatform" value=""/>
         <property name="logFolder" value="C:\\Users\\minh.nguyen\\Desktop\\GitRepo\\tri-nhan-repo\\Reports\\20230512_171239\\simple case\\20230512_171254"/>
         <property name="logFiles" value="C:\\Users\\minh.nguyen\\Desktop\\GitRepo\\tri-nhan-repo\\Reports\\20230512_171239\\simple case\\20230512_171254\\execution0.log"/>
         <property name="attachments" value=""/>
         <property name="hostName" value="minh.nguyen - 5YHW2D3"/>
         <property name="os" value="Windows 10 64bit"/>
         <property name="katalonVersion" value="8.5.5.208"/>
         <property name="browser" value="Chrome 112.0.0.0"/>
         <property name="hostAddress" value="192.168.1.86"/>
         <property name="sessionId" value="612584450c775a94c89e768497bcc796"/>
         <property name="seleniumVersion" value="3.141.59"/>
         <property name="proxyInformation" value="ProxyInformation { proxyOption=NO_PROXY, proxyServerType=HTTP, username=, password=********, proxyServerAddress=, proxyServerPort=0, executionList=&quot;&quot;, isApplyToDesiredCapabilities=true }"/>
         <property name="platform" value="Windows 10"/>
      </properties>
      <testcase name="Test Cases/test-flow-1-buy-1-product" time="12.556" classname="Test Cases/test-flow-1-buy-1-product" status="PASSED">
         <system-out><![CDATA[2023-05-12 17:42:19 - [TEST_CASE][PASSED] - Test Cases/test-flow-1-buy-1-product: Test Cases/test-flow-1-buy-1-product

2023-05-12 17:42:19 - [TEST_STEP][PASSED] - openBrowser("https://www.saucedemo.com/"): Browser is opened with url: 'https://www.saucedemo.com/'

2023-05-12 17:42:19 - [MESSAGE][INFO] - Starting 'Chrome' driver

2023-05-12 17:42:19 - [MESSAGE][INFO] - Action delay is set to 0 milliseconds

2023-05-12 17:42:22 - [MESSAGE][PASSED] - Browser is opened with url: 'https://www.saucedemo.com/'

2023-05-12 17:42:22 - [TEST_STEP][PASSED] - click(findTestObject("Object Repository/Page_Swag Labs/input_Swag Labs_user-name")): Object: 'Object Repository/Page_Swag Labs/input_Swag Labs_user-name' is clicked on

2023-05-12 17:42:22 - [MESSAGE][PASSED] - Object: 'Object Repository/Page_Swag Labs/input_Swag Labs_user-name' is clicked on

2023-05-12 17:42:22 - [TEST_STEP][PASSED] - sendKeys(findTestObject("Object Repository/Page_Swag Labs/input_Swag Labs_user-name"), "standard_user"): Keys 'standard_user' sent to object: 'Object Repository/Page_Swag Labs/input_Swag Labs_user-name'

2023-05-12 17:42:23 - [MESSAGE][PASSED] - Keys 'standard_user' sent to object: 'Object Repository/Page_Swag Labs/input_Swag Labs_user-name'

2023-05-12 17:42:23 - [TEST_STEP][PASSED] - click(findTestObject("Object Repository/Page_Swag Labs/input_Swag Labs_password")): Object: 'Object Repository/Page_Swag Labs/input_Swag Labs_password' is clicked on

2023-05-12 17:42:23 - [MESSAGE][PASSED] - Object: 'Object Repository/Page_Swag Labs/input_Swag Labs_password' is clicked on

2023-05-12 17:42:23 - [TEST_STEP][PASSED] - sendKeys(findTestObject("Object Repository/Page_Swag Labs/input_Swag Labs_password"), "secret_sauce"): Keys 'secret_sauce' sent to object: 'Object Repository/Page_Swag Labs/input_Swag Labs_password'

2023-05-12 17:42:23 - [MESSAGE][PASSED] - Keys 'secret_sauce' sent to object: 'Object Repository/Page_Swag Labs/input_Swag Labs_password'

2023-05-12 17:42:23 - [TEST_STEP][PASSED] - click(findTestObject("Object Repository/Page_Swag Labs/input_Swag Labs_login-button")): Object: 'Object Repository/Page_Swag Labs/input_Swag Labs_login-button' is clicked on

2023-05-12 17:42:24 - [MESSAGE][PASSED] - Object: 'Object Repository/Page_Swag Labs/input_Swag Labs_login-button' is clicked on

2023-05-12 17:42:24 - [TEST_STEP][PASSED] - click(findTestObject("Object Repository/inventoryPage/Backpack")): Object: 'Object Repository/inventoryPage/Backpack' is clicked on

2023-05-12 17:42:24 - [MESSAGE][PASSED] - Object: 'Object Repository/inventoryPage/Backpack' is clicked on

2023-05-12 17:42:24 - [TEST_STEP][PASSED] - click(findTestObject("Object Repository/inventoryPage/button_Add to cart")): Object: 'Object Repository/inventoryPage/button_Add to cart' is clicked on

2023-05-12 17:42:25 - [MESSAGE][PASSED] - Object: 'Object Repository/inventoryPage/button_Add to cart' is clicked on

2023-05-12 17:42:25 - [TEST_STEP][PASSED] - click(findTestObject("Object Repository/inventoryPage/products_back-image")): Object: 'Object Repository/inventoryPage/products_back-image' is clicked on

2023-05-12 17:42:25 - [MESSAGE][PASSED] - Object: 'Object Repository/inventoryPage/products_back-image' is clicked on

2023-05-12 17:42:25 - [TEST_STEP][PASSED] - click(findTestObject("Object Repository/inventoryPage/cart")): Object: 'Object Repository/inventoryPage/cart' is clicked on

2023-05-12 17:42:26 - [MESSAGE][PASSED] - Object: 'Object Repository/inventoryPage/cart' is clicked on

2023-05-12 17:42:26 - [TEST_STEP][PASSED] - click(findTestObject("Object Repository/CheckoutPage/button_Checkout")): Object: 'Object Repository/CheckoutPage/button_Checkout' is clicked on

2023-05-12 17:42:26 - [MESSAGE][PASSED] - Object: 'Object Repository/CheckoutPage/button_Checkout' is clicked on

2023-05-12 17:42:26 - [TEST_STEP][PASSED] - sendKeys(findTestObject("Object Repository/checkout-step-one/input_Checkout Your Information_firstName"), "demo"): Keys 'demo' sent to object: 'Object Repository/checkout-step-one/input_Checkout Your Information_firstName'

2023-05-12 17:42:27 - [MESSAGE][PASSED] - Keys 'demo' sent to object: 'Object Repository/checkout-step-one/input_Checkout Your Information_firstName'

2023-05-12 17:42:27 - [TEST_STEP][PASSED] - sendKeys(findTestObject("Object Repository/checkout-step-one/input_Checkout Your Information_lastName"), "qa test"): Keys 'qa test' sent to object: 'Object Repository/checkout-step-one/input_Checkout Your Information_lastName'

2023-05-12 17:42:27 - [MESSAGE][PASSED] - Keys 'qa test' sent to object: 'Object Repository/checkout-step-one/input_Checkout Your Information_lastName'

2023-05-12 17:42:27 - [TEST_STEP][PASSED] - sendKeys(findTestObject("Object Repository/checkout-step-one/input_Checkout Your Information_postalCode"), "9000"): Keys '9000' sent to object: 'Object Repository/checkout-step-one/input_Checkout Your Information_postalCode'

2023-05-12 17:42:28 - [MESSAGE][PASSED] - Keys '9000' sent to object: 'Object Repository/checkout-step-one/input_Checkout Your Information_postalCode'

2023-05-12 17:42:28 - [TEST_STEP][PASSED] - click(findTestObject("Object Repository/checkout-step-one/input_continue")): Object: 'Object Repository/checkout-step-one/input_continue' is clicked on

2023-05-12 17:42:28 - [MESSAGE][PASSED] - Object: 'Object Repository/checkout-step-one/input_continue' is clicked on

2023-05-12 17:42:28 - [TEST_STEP][PASSED] - click(findTestObject("Object Repository/finish checkout/button_Finish")): Object: 'Object Repository/finish checkout/button_Finish' is clicked on

2023-05-12 17:42:29 - [MESSAGE][PASSED] - Object: 'Object Repository/finish checkout/button_Finish' is clicked on

2023-05-12 17:42:29 - [TEST_STEP][PASSED] - verifyElementVisible(findTestObject("Object Repository/order-success/h2_Thank you for your order")): Object 'Object Repository/order-success/h2_Thank you for your order' is visible

2023-05-12 17:42:29 - [MESSAGE][PASSED] - Object 'Object Repository/order-success/h2_Thank you for your order' is visible

2023-05-12 17:42:29 - [TEST_STEP][PASSED] - click(findTestObject("Object Repository/NavSideBar/sidebar")): Object: 'Object Repository/NavSideBar/sidebar' is clicked on

2023-05-12 17:42:29 - [MESSAGE][PASSED] - Object: 'Object Repository/NavSideBar/sidebar' is clicked on

2023-05-12 17:42:29 - [TEST_STEP][PASSED] - click(findTestObject("Object Repository/NavSideBar/a_Logout")): Object: 'Object Repository/NavSideBar/a_Logout' is clicked on

2023-05-12 17:42:30 - [MESSAGE][PASSED] - Object: 'Object Repository/NavSideBar/a_Logout' is clicked on

2023-05-12 17:42:30 - [TEST_STEP][PASSED] - verifyElementVisible(findTestObject("Object Repository/Page_Swag Labs/input_Swag Labs_user-name")): Object 'Object Repository/Page_Swag Labs/input_Swag Labs_user-name' is visible

2023-05-12 17:42:31 - [MESSAGE][PASSED] - Object 'Object Repository/Page_Swag Labs/input_Swag Labs_user-name' is visible

2023-05-12 17:42:31 - [TEST_STEP][PASSED] - closeBrowser(): Browser is closed

2023-05-12 17:42:31 - [MESSAGE][PASSED] - Browser is closed]]></system-out>
         <system-err><![CDATA[]]></system-err>
      </testcase>
      <testcase name="Test Cases/test-flow-1-buy-1-product" time="11.756" classname="Test Cases/test-flow-1-buy-1-product" status="PASSED">
         <system-out><![CDATA[2023-05-12 17:42:31 - [TEST_CASE][PASSED] - Test Cases/test-flow-1-buy-1-product: Test Cases/test-flow-1-buy-1-product

2023-05-12 17:42:31 - [TEST_STEP][PASSED] - openBrowser("https://www.saucedemo.com/"): Browser is opened with url: 'https://www.saucedemo.com/'

2023-05-12 17:42:31 - [MESSAGE][INFO] - Starting 'Chrome' driver

2023-05-12 17:42:31 - [MESSAGE][INFO] - Action delay is set to 0 milliseconds

2023-05-12 17:42:33 - [MESSAGE][PASSED] - Browser is opened with url: 'https://www.saucedemo.com/'

2023-05-12 17:42:33 - [TEST_STEP][PASSED] - click(findTestObject("Object Repository/Page_Swag Labs/input_Swag Labs_user-name")): Object: 'Object Repository/Page_Swag Labs/input_Swag Labs_user-name' is clicked on

2023-05-12 17:42:33 - [MESSAGE][PASSED] - Object: 'Object Repository/Page_Swag Labs/input_Swag Labs_user-name' is clicked on

2023-05-12 17:42:33 - [TEST_STEP][PASSED] - sendKeys(findTestObject("Object Repository/Page_Swag Labs/input_Swag Labs_user-name"), "standard_user"): Keys 'standard_user' sent to object: 'Object Repository/Page_Swag Labs/input_Swag Labs_user-name'

2023-05-12 17:42:34 - [MESSAGE][PASSED] - Keys 'standard_user' sent to object: 'Object Repository/Page_Swag Labs/input_Swag Labs_user-name'

2023-05-12 17:42:34 - [TEST_STEP][PASSED] - click(findTestObject("Object Repository/Page_Swag Labs/input_Swag Labs_password")): Object: 'Object Repository/Page_Swag Labs/input_Swag Labs_password' is clicked on

2023-05-12 17:42:34 - [MESSAGE][PASSED] - Object: 'Object Repository/Page_Swag Labs/input_Swag Labs_password' is clicked on

2023-05-12 17:42:34 - [TEST_STEP][PASSED] - sendKeys(findTestObject("Object Repository/Page_Swag Labs/input_Swag Labs_password"), "secret_sauce"): Keys 'secret_sauce' sent to object: 'Object Repository/Page_Swag Labs/input_Swag Labs_password'

2023-05-12 17:42:35 - [MESSAGE][PASSED] - Keys 'secret_sauce' sent to object: 'Object Repository/Page_Swag Labs/input_Swag Labs_password'

2023-05-12 17:42:35 - [TEST_STEP][PASSED] - click(findTestObject("Object Repository/Page_Swag Labs/input_Swag Labs_login-button")): Object: 'Object Repository/Page_Swag Labs/input_Swag Labs_login-button' is clicked on

2023-05-12 17:42:35 - [MESSAGE][PASSED] - Object: 'Object Repository/Page_Swag Labs/input_Swag Labs_login-button' is clicked on

2023-05-12 17:42:35 - [TEST_STEP][PASSED] - click(findTestObject("Object Repository/inventoryPage/Backpack")): Object: 'Object Repository/inventoryPage/Backpack' is clicked on

2023-05-12 17:42:35 - [MESSAGE][PASSED] - Object: 'Object Repository/inventoryPage/Backpack' is clicked on

2023-05-12 17:42:35 - [TEST_STEP][PASSED] - click(findTestObject("Object Repository/inventoryPage/button_Add to cart")): Object: 'Object Repository/inventoryPage/button_Add to cart' is clicked on

2023-05-12 17:42:36 - [MESSAGE][PASSED] - Object: 'Object Repository/inventoryPage/button_Add to cart' is clicked on

2023-05-12 17:42:36 - [TEST_STEP][PASSED] - click(findTestObject("Object Repository/inventoryPage/products_back-image")): Object: 'Object Repository/inventoryPage/products_back-image' is clicked on

2023-05-12 17:42:36 - [MESSAGE][PASSED] - Object: 'Object Repository/inventoryPage/products_back-image' is clicked on

2023-05-12 17:42:36 - [TEST_STEP][PASSED] - click(findTestObject("Object Repository/inventoryPage/cart")): Object: 'Object Repository/inventoryPage/cart' is clicked on

2023-05-12 17:42:37 - [MESSAGE][PASSED] - Object: 'Object Repository/inventoryPage/cart' is clicked on

2023-05-12 17:42:37 - [TEST_STEP][PASSED] - click(findTestObject("Object Repository/CheckoutPage/button_Checkout")): Object: 'Object Repository/CheckoutPage/button_Checkout' is clicked on

2023-05-12 17:42:37 - [MESSAGE][PASSED] - Object: 'Object Repository/CheckoutPage/button_Checkout' is clicked on

2023-05-12 17:42:37 - [TEST_STEP][PASSED] - sendKeys(findTestObject("Object Repository/checkout-step-one/input_Checkout Your Information_firstName"), "demo"): Keys 'demo' sent to object: 'Object Repository/checkout-step-one/input_Checkout Your Information_firstName'

2023-05-12 17:42:38 - [MESSAGE][PASSED] - Keys 'demo' sent to object: 'Object Repository/checkout-step-one/input_Checkout Your Information_firstName'

2023-05-12 17:42:38 - [TEST_STEP][PASSED] - sendKeys(findTestObject("Object Repository/checkout-step-one/input_Checkout Your Information_lastName"), "qa test"): Keys 'qa test' sent to object: 'Object Repository/checkout-step-one/input_Checkout Your Information_lastName'

2023-05-12 17:42:39 - [MESSAGE][PASSED] - Keys 'qa test' sent to object: 'Object Repository/checkout-step-one/input_Checkout Your Information_lastName'

2023-05-12 17:42:39 - [TEST_STEP][PASSED] - sendKeys(findTestObject("Object Repository/checkout-step-one/input_Checkout Your Information_postalCode"), "9000"): Keys '9000' sent to object: 'Object Repository/checkout-step-one/input_Checkout Your Information_postalCode'

2023-05-12 17:42:39 - [MESSAGE][PASSED] - Keys '9000' sent to object: 'Object Repository/checkout-step-one/input_Checkout Your Information_postalCode'

2023-05-12 17:42:39 - [TEST_STEP][PASSED] - click(findTestObject("Object Repository/checkout-step-one/input_continue")): Object: 'Object Repository/checkout-step-one/input_continue' is clicked on

2023-05-12 17:42:40 - [MESSAGE][PASSED] - Object: 'Object Repository/checkout-step-one/input_continue' is clicked on

2023-05-12 17:42:40 - [TEST_STEP][PASSED] - click(findTestObject("Object Repository/finish checkout/button_Finish")): Object: 'Object Repository/finish checkout/button_Finish' is clicked on

2023-05-12 17:42:40 - [MESSAGE][PASSED] - Object: 'Object Repository/finish checkout/button_Finish' is clicked on

2023-05-12 17:42:40 - [TEST_STEP][PASSED] - verifyElementVisible(findTestObject("Object Repository/order-success/h2_Thank you for your order")): Object 'Object Repository/order-success/h2_Thank you for your order' is visible

2023-05-12 17:42:41 - [MESSAGE][PASSED] - Object 'Object Repository/order-success/h2_Thank you for your order' is visible

2023-05-12 17:42:41 - [TEST_STEP][PASSED] - click(findTestObject("Object Repository/NavSideBar/sidebar")): Object: 'Object Repository/NavSideBar/sidebar' is clicked on

2023-05-12 17:42:41 - [MESSAGE][PASSED] - Object: 'Object Repository/NavSideBar/sidebar' is clicked on

2023-05-12 17:42:41 - [TEST_STEP][PASSED] - click(findTestObject("Object Repository/NavSideBar/a_Logout")): Object: 'Object Repository/NavSideBar/a_Logout' is clicked on

2023-05-12 17:42:42 - [MESSAGE][PASSED] - Object: 'Object Repository/NavSideBar/a_Logout' is clicked on

2023-05-12 17:42:42 - [TEST_STEP][PASSED] - verifyElementVisible(findTestObject("Object Repository/Page_Swag Labs/input_Swag Labs_user-name")): Object 'Object Repository/Page_Swag Labs/input_Swag Labs_user-name' is visible

2023-05-12 17:42:42 - [MESSAGE][PASSED] - Object 'Object Repository/Page_Swag Labs/input_Swag Labs_user-name' is visible

2023-05-12 17:42:42 - [TEST_STEP][PASSED] - closeBrowser(): Browser is closed

2023-05-12 17:42:43 - [MESSAGE][PASSED] - Browser is closed]]></system-out>
         <system-err><![CDATA[]]></system-err>
      </testcase>
      <testcase name="Test Cases/test-flow-1-buy-1-product" time="11.896" classname="Test Cases/test-flow-1-buy-1-product" status="PASSED">
         <system-out><![CDATA[2023-05-12 17:42:43 - [TEST_CASE][PASSED] - Test Cases/test-flow-1-buy-1-product: Test Cases/test-flow-1-buy-1-product

2023-05-12 17:42:43 - [TEST_STEP][PASSED] - openBrowser("https://www.saucedemo.com/"): Browser is opened with url: 'https://www.saucedemo.com/'

2023-05-12 17:42:43 - [MESSAGE][INFO] - Starting 'Chrome' driver

2023-05-12 17:42:43 - [MESSAGE][INFO] - Action delay is set to 0 milliseconds

2023-05-12 17:42:45 - [MESSAGE][PASSED] - Browser is opened with url: 'https://www.saucedemo.com/'

2023-05-12 17:42:45 - [TEST_STEP][PASSED] - click(findTestObject("Object Repository/Page_Swag Labs/input_Swag Labs_user-name")): Object: 'Object Repository/Page_Swag Labs/input_Swag Labs_user-name' is clicked on

2023-05-12 17:42:45 - [MESSAGE][PASSED] - Object: 'Object Repository/Page_Swag Labs/input_Swag Labs_user-name' is clicked on

2023-05-12 17:42:45 - [TEST_STEP][PASSED] - sendKeys(findTestObject("Object Repository/Page_Swag Labs/input_Swag Labs_user-name"), "standard_user"): Keys 'standard_user' sent to object: 'Object Repository/Page_Swag Labs/input_Swag Labs_user-name'

2023-05-12 17:42:46 - [MESSAGE][PASSED] - Keys 'standard_user' sent to object: 'Object Repository/Page_Swag Labs/input_Swag Labs_user-name'

2023-05-12 17:42:46 - [TEST_STEP][PASSED] - click(findTestObject("Object Repository/Page_Swag Labs/input_Swag Labs_password")): Object: 'Object Repository/Page_Swag Labs/input_Swag Labs_password' is clicked on

2023-05-12 17:42:46 - [MESSAGE][PASSED] - Object: 'Object Repository/Page_Swag Labs/input_Swag Labs_password' is clicked on

2023-05-12 17:42:46 - [TEST_STEP][PASSED] - sendKeys(findTestObject("Object Repository/Page_Swag Labs/input_Swag Labs_password"), "secret_sauce"): Keys 'secret_sauce' sent to object: 'Object Repository/Page_Swag Labs/input_Swag Labs_password'

2023-05-12 17:42:46 - [MESSAGE][PASSED] - Keys 'secret_sauce' sent to object: 'Object Repository/Page_Swag Labs/input_Swag Labs_password'

2023-05-12 17:42:46 - [TEST_STEP][PASSED] - click(findTestObject("Object Repository/Page_Swag Labs/input_Swag Labs_login-button")): Object: 'Object Repository/Page_Swag Labs/input_Swag Labs_login-button' is clicked on

2023-05-12 17:42:47 - [MESSAGE][PASSED] - Object: 'Object Repository/Page_Swag Labs/input_Swag Labs_login-button' is clicked on

2023-05-12 17:42:47 - [TEST_STEP][PASSED] - click(findTestObject("Object Repository/inventoryPage/Backpack")): Object: 'Object Repository/inventoryPage/Backpack' is clicked on

2023-05-12 17:42:47 - [MESSAGE][PASSED] - Object: 'Object Repository/inventoryPage/Backpack' is clicked on

2023-05-12 17:42:47 - [TEST_STEP][PASSED] - click(findTestObject("Object Repository/inventoryPage/button_Add to cart")): Object: 'Object Repository/inventoryPage/button_Add to cart' is clicked on

2023-05-12 17:42:48 - [MESSAGE][PASSED] - Object: 'Object Repository/inventoryPage/button_Add to cart' is clicked on

2023-05-12 17:42:48 - [TEST_STEP][PASSED] - click(findTestObject("Object Repository/inventoryPage/products_back-image")): Object: 'Object Repository/inventoryPage/products_back-image' is clicked on

2023-05-12 17:42:48 - [MESSAGE][PASSED] - Object: 'Object Repository/inventoryPage/products_back-image' is clicked on

2023-05-12 17:42:48 - [TEST_STEP][PASSED] - click(findTestObject("Object Repository/inventoryPage/cart")): Object: 'Object Repository/inventoryPage/cart' is clicked on

2023-05-12 17:42:49 - [MESSAGE][PASSED] - Object: 'Object Repository/inventoryPage/cart' is clicked on

2023-05-12 17:42:49 - [TEST_STEP][PASSED] - click(findTestObject("Object Repository/CheckoutPage/button_Checkout")): Object: 'Object Repository/CheckoutPage/button_Checkout' is clicked on

2023-05-12 17:42:50 - [MESSAGE][PASSED] - Object: 'Object Repository/CheckoutPage/button_Checkout' is clicked on

2023-05-12 17:42:50 - [TEST_STEP][PASSED] - sendKeys(findTestObject("Object Repository/checkout-step-one/input_Checkout Your Information_firstName"), "demo"): Keys 'demo' sent to object: 'Object Repository/checkout-step-one/input_Checkout Your Information_firstName'

2023-05-12 17:42:50 - [MESSAGE][PASSED] - Keys 'demo' sent to object: 'Object Repository/checkout-step-one/input_Checkout Your Information_firstName'

2023-05-12 17:42:50 - [TEST_STEP][PASSED] - sendKeys(findTestObject("Object Repository/checkout-step-one/input_Checkout Your Information_lastName"), "qa test"): Keys 'qa test' sent to object: 'Object Repository/checkout-step-one/input_Checkout Your Information_lastName'

2023-05-12 17:42:51 - [MESSAGE][PASSED] - Keys 'qa test' sent to object: 'Object Repository/checkout-step-one/input_Checkout Your Information_lastName'

2023-05-12 17:42:51 - [TEST_STEP][PASSED] - sendKeys(findTestObject("Object Repository/checkout-step-one/input_Checkout Your Information_postalCode"), "9000"): Keys '9000' sent to object: 'Object Repository/checkout-step-one/input_Checkout Your Information_postalCode'

2023-05-12 17:42:51 - [MESSAGE][PASSED] - Keys '9000' sent to object: 'Object Repository/checkout-step-one/input_Checkout Your Information_postalCode'

2023-05-12 17:42:51 - [TEST_STEP][PASSED] - click(findTestObject("Object Repository/checkout-step-one/input_continue")): Object: 'Object Repository/checkout-step-one/input_continue' is clicked on

2023-05-12 17:42:52 - [MESSAGE][PASSED] - Object: 'Object Repository/checkout-step-one/input_continue' is clicked on

2023-05-12 17:42:52 - [TEST_STEP][PASSED] - click(findTestObject("Object Repository/finish checkout/button_Finish")): Object: 'Object Repository/finish checkout/button_Finish' is clicked on

2023-05-12 17:42:52 - [MESSAGE][PASSED] - Object: 'Object Repository/finish checkout/button_Finish' is clicked on

2023-05-12 17:42:52 - [TEST_STEP][PASSED] - verifyElementVisible(findTestObject("Object Repository/order-success/h2_Thank you for your order")): Object 'Object Repository/order-success/h2_Thank you for your order' is visible

2023-05-12 17:42:53 - [MESSAGE][PASSED] - Object 'Object Repository/order-success/h2_Thank you for your order' is visible

2023-05-12 17:42:53 - [TEST_STEP][PASSED] - click(findTestObject("Object Repository/NavSideBar/sidebar")): Object: 'Object Repository/NavSideBar/sidebar' is clicked on

2023-05-12 17:42:53 - [MESSAGE][PASSED] - Object: 'Object Repository/NavSideBar/sidebar' is clicked on

2023-05-12 17:42:53 - [TEST_STEP][PASSED] - click(findTestObject("Object Repository/NavSideBar/a_Logout")): Object: 'Object Repository/NavSideBar/a_Logout' is clicked on

2023-05-12 17:42:54 - [MESSAGE][PASSED] - Object: 'Object Repository/NavSideBar/a_Logout' is clicked on

2023-05-12 17:42:54 - [TEST_STEP][PASSED] - verifyElementVisible(findTestObject("Object Repository/Page_Swag Labs/input_Swag Labs_user-name")): Object 'Object Repository/Page_Swag Labs/input_Swag Labs_user-name' is visible

2023-05-12 17:42:54 - [MESSAGE][PASSED] - Object 'Object Repository/Page_Swag Labs/input_Swag Labs_user-name' is visible

2023-05-12 17:42:54 - [TEST_STEP][PASSED] - closeBrowser(): Browser is closed

2023-05-12 17:42:55 - [MESSAGE][PASSED] - Browser is closed]]></system-out>
         <system-err><![CDATA[]]></system-err>
      </testcase>
      <testcase name="Test Cases/test-flow-1-buy-1-product" time="11.984" classname="Test Cases/test-flow-1-buy-1-product" status="PASSED">
         <system-out><![CDATA[2023-05-12 17:42:55 - [TEST_CASE][PASSED] - Test Cases/test-flow-1-buy-1-product: Test Cases/test-flow-1-buy-1-product

2023-05-12 17:42:55 - [TEST_STEP][PASSED] - openBrowser("https://www.saucedemo.com/"): Browser is opened with url: 'https://www.saucedemo.com/'

2023-05-12 17:42:55 - [MESSAGE][INFO] - Starting 'Chrome' driver

2023-05-12 17:42:55 - [MESSAGE][INFO] - Action delay is set to 0 milliseconds

2023-05-12 17:42:57 - [MESSAGE][PASSED] - Browser is opened with url: 'https://www.saucedemo.com/'

2023-05-12 17:42:57 - [TEST_STEP][PASSED] - click(findTestObject("Object Repository/Page_Swag Labs/input_Swag Labs_user-name")): Object: 'Object Repository/Page_Swag Labs/input_Swag Labs_user-name' is clicked on

2023-05-12 17:42:57 - [MESSAGE][PASSED] - Object: 'Object Repository/Page_Swag Labs/input_Swag Labs_user-name' is clicked on

2023-05-12 17:42:57 - [TEST_STEP][PASSED] - sendKeys(findTestObject("Object Repository/Page_Swag Labs/input_Swag Labs_user-name"), "standard_user"): Keys 'standard_user' sent to object: 'Object Repository/Page_Swag Labs/input_Swag Labs_user-name'

2023-05-12 17:42:58 - [MESSAGE][PASSED] - Keys 'standard_user' sent to object: 'Object Repository/Page_Swag Labs/input_Swag Labs_user-name'

2023-05-12 17:42:58 - [TEST_STEP][PASSED] - click(findTestObject("Object Repository/Page_Swag Labs/input_Swag Labs_password")): Object: 'Object Repository/Page_Swag Labs/input_Swag Labs_password' is clicked on

2023-05-12 17:42:58 - [MESSAGE][PASSED] - Object: 'Object Repository/Page_Swag Labs/input_Swag Labs_password' is clicked on

2023-05-12 17:42:58 - [TEST_STEP][PASSED] - sendKeys(findTestObject("Object Repository/Page_Swag Labs/input_Swag Labs_password"), "secret_sauce"): Keys 'secret_sauce' sent to object: 'Object Repository/Page_Swag Labs/input_Swag Labs_password'

2023-05-12 17:42:58 - [MESSAGE][PASSED] - Keys 'secret_sauce' sent to object: 'Object Repository/Page_Swag Labs/input_Swag Labs_password'

2023-05-12 17:42:58 - [TEST_STEP][PASSED] - click(findTestObject("Object Repository/Page_Swag Labs/input_Swag Labs_login-button")): Object: 'Object Repository/Page_Swag Labs/input_Swag Labs_login-button' is clicked on

2023-05-12 17:42:59 - [MESSAGE][PASSED] - Object: 'Object Repository/Page_Swag Labs/input_Swag Labs_login-button' is clicked on

2023-05-12 17:42:59 - [TEST_STEP][PASSED] - click(findTestObject("Object Repository/inventoryPage/Backpack")): Object: 'Object Repository/inventoryPage/Backpack' is clicked on

2023-05-12 17:42:59 - [MESSAGE][PASSED] - Object: 'Object Repository/inventoryPage/Backpack' is clicked on

2023-05-12 17:42:59 - [TEST_STEP][PASSED] - click(findTestObject("Object Repository/inventoryPage/button_Add to cart")): Object: 'Object Repository/inventoryPage/button_Add to cart' is clicked on

2023-05-12 17:43:00 - [MESSAGE][PASSED] - Object: 'Object Repository/inventoryPage/button_Add to cart' is clicked on

2023-05-12 17:43:00 - [TEST_STEP][PASSED] - click(findTestObject("Object Repository/inventoryPage/products_back-image")): Object: 'Object Repository/inventoryPage/products_back-image' is clicked on

2023-05-12 17:43:00 - [MESSAGE][PASSED] - Object: 'Object Repository/inventoryPage/products_back-image' is clicked on

2023-05-12 17:43:00 - [TEST_STEP][PASSED] - click(findTestObject("Object Repository/inventoryPage/cart")): Object: 'Object Repository/inventoryPage/cart' is clicked on

2023-05-12 17:43:01 - [MESSAGE][PASSED] - Object: 'Object Repository/inventoryPage/cart' is clicked on

2023-05-12 17:43:01 - [TEST_STEP][PASSED] - click(findTestObject("Object Repository/CheckoutPage/button_Checkout")): Object: 'Object Repository/CheckoutPage/button_Checkout' is clicked on

2023-05-12 17:43:01 - [MESSAGE][PASSED] - Object: 'Object Repository/CheckoutPage/button_Checkout' is clicked on

2023-05-12 17:43:01 - [TEST_STEP][PASSED] - sendKeys(findTestObject("Object Repository/checkout-step-one/input_Checkout Your Information_firstName"), "demo"): Keys 'demo' sent to object: 'Object Repository/checkout-step-one/input_Checkout Your Information_firstName'

2023-05-12 17:43:02 - [MESSAGE][PASSED] - Keys 'demo' sent to object: 'Object Repository/checkout-step-one/input_Checkout Your Information_firstName'

2023-05-12 17:43:02 - [TEST_STEP][PASSED] - sendKeys(findTestObject("Object Repository/checkout-step-one/input_Checkout Your Information_lastName"), "qa test"): Keys 'qa test' sent to object: 'Object Repository/checkout-step-one/input_Checkout Your Information_lastName'

2023-05-12 17:43:03 - [MESSAGE][PASSED] - Keys 'qa test' sent to object: 'Object Repository/checkout-step-one/input_Checkout Your Information_lastName'

2023-05-12 17:43:03 - [TEST_STEP][PASSED] - sendKeys(findTestObject("Object Repository/checkout-step-one/input_Checkout Your Information_postalCode"), "9000"): Keys '9000' sent to object: 'Object Repository/checkout-step-one/input_Checkout Your Information_postalCode'

2023-05-12 17:43:03 - [MESSAGE][PASSED] - Keys '9000' sent to object: 'Object Repository/checkout-step-one/input_Checkout Your Information_postalCode'

2023-05-12 17:43:03 - [TEST_STEP][PASSED] - click(findTestObject("Object Repository/checkout-step-one/input_continue")): Object: 'Object Repository/checkout-step-one/input_continue' is clicked on

2023-05-12 17:43:04 - [MESSAGE][PASSED] - Object: 'Object Repository/checkout-step-one/input_continue' is clicked on

2023-05-12 17:43:04 - [TEST_STEP][PASSED] - click(findTestObject("Object Repository/finish checkout/button_Finish")): Object: 'Object Repository/finish checkout/button_Finish' is clicked on

2023-05-12 17:43:04 - [MESSAGE][PASSED] - Object: 'Object Repository/finish checkout/button_Finish' is clicked on

2023-05-12 17:43:04 - [TEST_STEP][PASSED] - verifyElementVisible(findTestObject("Object Repository/order-success/h2_Thank you for your order")): Object 'Object Repository/order-success/h2_Thank you for your order' is visible

2023-05-12 17:43:05 - [MESSAGE][PASSED] - Object 'Object Repository/order-success/h2_Thank you for your order' is visible

2023-05-12 17:43:05 - [TEST_STEP][PASSED] - click(findTestObject("Object Repository/NavSideBar/sidebar")): Object: 'Object Repository/NavSideBar/sidebar' is clicked on

2023-05-12 17:43:05 - [MESSAGE][PASSED] - Object: 'Object Repository/NavSideBar/sidebar' is clicked on

2023-05-12 17:43:05 - [TEST_STEP][PASSED] - click(findTestObject("Object Repository/NavSideBar/a_Logout")): Object: 'Object Repository/NavSideBar/a_Logout' is clicked on

2023-05-12 17:43:06 - [MESSAGE][PASSED] - Object: 'Object Repository/NavSideBar/a_Logout' is clicked on

2023-05-12 17:43:06 - [TEST_STEP][PASSED] - verifyElementVisible(findTestObject("Object Repository/Page_Swag Labs/input_Swag Labs_user-name")): Object 'Object Repository/Page_Swag Labs/input_Swag Labs_user-name' is visible

2023-05-12 17:43:06 - [MESSAGE][PASSED] - Object 'Object Repository/Page_Swag Labs/input_Swag Labs_user-name' is visible

2023-05-12 17:43:06 - [TEST_STEP][PASSED] - closeBrowser(): Browser is closed

2023-05-12 17:43:07 - [MESSAGE][PASSED] - Browser is closed]]></system-out>
         <system-err><![CDATA[]]></system-err>
      </testcase>
      <testcase name="Test Cases/test-flow-1-buy-1-product" time="11.684" classname="Test Cases/test-flow-1-buy-1-product" status="PASSED">
         <system-out><![CDATA[2023-05-12 17:43:07 - [TEST_CASE][PASSED] - Test Cases/test-flow-1-buy-1-product: Test Cases/test-flow-1-buy-1-product

2023-05-12 17:43:07 - [TEST_STEP][PASSED] - openBrowser("https://www.saucedemo.com/"): Browser is opened with url: 'https://www.saucedemo.com/'

2023-05-12 17:43:07 - [MESSAGE][INFO] - Starting 'Chrome' driver

2023-05-12 17:43:07 - [MESSAGE][INFO] - Action delay is set to 0 milliseconds

2023-05-12 17:43:09 - [MESSAGE][PASSED] - Browser is opened with url: 'https://www.saucedemo.com/'

2023-05-12 17:43:09 - [TEST_STEP][PASSED] - click(findTestObject("Object Repository/Page_Swag Labs/input_Swag Labs_user-name")): Object: 'Object Repository/Page_Swag Labs/input_Swag Labs_user-name' is clicked on

2023-05-12 17:43:09 - [MESSAGE][PASSED] - Object: 'Object Repository/Page_Swag Labs/input_Swag Labs_user-name' is clicked on

2023-05-12 17:43:09 - [TEST_STEP][PASSED] - sendKeys(findTestObject("Object Repository/Page_Swag Labs/input_Swag Labs_user-name"), "standard_user"): Keys 'standard_user' sent to object: 'Object Repository/Page_Swag Labs/input_Swag Labs_user-name'

2023-05-12 17:43:10 - [MESSAGE][PASSED] - Keys 'standard_user' sent to object: 'Object Repository/Page_Swag Labs/input_Swag Labs_user-name'

2023-05-12 17:43:10 - [TEST_STEP][PASSED] - click(findTestObject("Object Repository/Page_Swag Labs/input_Swag Labs_password")): Object: 'Object Repository/Page_Swag Labs/input_Swag Labs_password' is clicked on

2023-05-12 17:43:10 - [MESSAGE][PASSED] - Object: 'Object Repository/Page_Swag Labs/input_Swag Labs_password' is clicked on

2023-05-12 17:43:10 - [TEST_STEP][PASSED] - sendKeys(findTestObject("Object Repository/Page_Swag Labs/input_Swag Labs_password"), "secret_sauce"): Keys 'secret_sauce' sent to object: 'Object Repository/Page_Swag Labs/input_Swag Labs_password'

2023-05-12 17:43:10 - [MESSAGE][PASSED] - Keys 'secret_sauce' sent to object: 'Object Repository/Page_Swag Labs/input_Swag Labs_password'

2023-05-12 17:43:10 - [TEST_STEP][PASSED] - click(findTestObject("Object Repository/Page_Swag Labs/input_Swag Labs_login-button")): Object: 'Object Repository/Page_Swag Labs/input_Swag Labs_login-button' is clicked on

2023-05-12 17:43:11 - [MESSAGE][PASSED] - Object: 'Object Repository/Page_Swag Labs/input_Swag Labs_login-button' is clicked on

2023-05-12 17:43:11 - [TEST_STEP][PASSED] - click(findTestObject("Object Repository/inventoryPage/Backpack")): Object: 'Object Repository/inventoryPage/Backpack' is clicked on

2023-05-12 17:43:11 - [MESSAGE][PASSED] - Object: 'Object Repository/inventoryPage/Backpack' is clicked on

2023-05-12 17:43:11 - [TEST_STEP][PASSED] - click(findTestObject("Object Repository/inventoryPage/button_Add to cart")): Object: 'Object Repository/inventoryPage/button_Add to cart' is clicked on

2023-05-12 17:43:12 - [MESSAGE][PASSED] - Object: 'Object Repository/inventoryPage/button_Add to cart' is clicked on

2023-05-12 17:43:12 - [TEST_STEP][PASSED] - click(findTestObject("Object Repository/inventoryPage/products_back-image")): Object: 'Object Repository/inventoryPage/products_back-image' is clicked on

2023-05-12 17:43:12 - [MESSAGE][PASSED] - Object: 'Object Repository/inventoryPage/products_back-image' is clicked on

2023-05-12 17:43:12 - [TEST_STEP][PASSED] - click(findTestObject("Object Repository/inventoryPage/cart")): Object: 'Object Repository/inventoryPage/cart' is clicked on

2023-05-12 17:43:13 - [MESSAGE][PASSED] - Object: 'Object Repository/inventoryPage/cart' is clicked on

2023-05-12 17:43:13 - [TEST_STEP][PASSED] - click(findTestObject("Object Repository/CheckoutPage/button_Checkout")): Object: 'Object Repository/CheckoutPage/button_Checkout' is clicked on

2023-05-12 17:43:13 - [MESSAGE][PASSED] - Object: 'Object Repository/CheckoutPage/button_Checkout' is clicked on

2023-05-12 17:43:13 - [TEST_STEP][PASSED] - sendKeys(findTestObject("Object Repository/checkout-step-one/input_Checkout Your Information_firstName"), "demo"): Keys 'demo' sent to object: 'Object Repository/checkout-step-one/input_Checkout Your Information_firstName'

2023-05-12 17:43:14 - [MESSAGE][PASSED] - Keys 'demo' sent to object: 'Object Repository/checkout-step-one/input_Checkout Your Information_firstName'

2023-05-12 17:43:14 - [TEST_STEP][PASSED] - sendKeys(findTestObject("Object Repository/checkout-step-one/input_Checkout Your Information_lastName"), "qa test"): Keys 'qa test' sent to object: 'Object Repository/checkout-step-one/input_Checkout Your Information_lastName'

2023-05-12 17:43:14 - [MESSAGE][PASSED] - Keys 'qa test' sent to object: 'Object Repository/checkout-step-one/input_Checkout Your Information_lastName'

2023-05-12 17:43:14 - [TEST_STEP][PASSED] - sendKeys(findTestObject("Object Repository/checkout-step-one/input_Checkout Your Information_postalCode"), "9000"): Keys '9000' sent to object: 'Object Repository/checkout-step-one/input_Checkout Your Information_postalCode'

2023-05-12 17:43:15 - [MESSAGE][PASSED] - Keys '9000' sent to object: 'Object Repository/checkout-step-one/input_Checkout Your Information_postalCode'

2023-05-12 17:43:15 - [TEST_STEP][PASSED] - click(findTestObject("Object Repository/checkout-step-one/input_continue")): Object: 'Object Repository/checkout-step-one/input_continue' is clicked on

2023-05-12 17:43:15 - [MESSAGE][PASSED] - Object: 'Object Repository/checkout-step-one/input_continue' is clicked on

2023-05-12 17:43:15 - [TEST_STEP][PASSED] - click(findTestObject("Object Repository/finish checkout/button_Finish")): Object: 'Object Repository/finish checkout/button_Finish' is clicked on

2023-05-12 17:43:16 - [MESSAGE][PASSED] - Object: 'Object Repository/finish checkout/button_Finish' is clicked on

2023-05-12 17:43:16 - [TEST_STEP][PASSED] - verifyElementVisible(findTestObject("Object Repository/order-success/h2_Thank you for your order")): Object 'Object Repository/order-success/h2_Thank you for your order' is visible

2023-05-12 17:43:17 - [MESSAGE][PASSED] - Object 'Object Repository/order-success/h2_Thank you for your order' is visible

2023-05-12 17:43:17 - [TEST_STEP][PASSED] - click(findTestObject("Object Repository/NavSideBar/sidebar")): Object: 'Object Repository/NavSideBar/sidebar' is clicked on

2023-05-12 17:43:17 - [MESSAGE][PASSED] - Object: 'Object Repository/NavSideBar/sidebar' is clicked on

2023-05-12 17:43:17 - [TEST_STEP][PASSED] - click(findTestObject("Object Repository/NavSideBar/a_Logout")): Object: 'Object Repository/NavSideBar/a_Logout' is clicked on

2023-05-12 17:43:17 - [MESSAGE][PASSED] - Object: 'Object Repository/NavSideBar/a_Logout' is clicked on

2023-05-12 17:43:17 - [TEST_STEP][PASSED] - verifyElementVisible(findTestObject("Object Repository/Page_Swag Labs/input_Swag Labs_user-name")): Object 'Object Repository/Page_Swag Labs/input_Swag Labs_user-name' is visible

2023-05-12 17:43:18 - [MESSAGE][PASSED] - Object 'Object Repository/Page_Swag Labs/input_Swag Labs_user-name' is visible

2023-05-12 17:43:18 - [TEST_STEP][PASSED] - closeBrowser(): Browser is closed

2023-05-12 17:43:19 - [MESSAGE][PASSED] - Browser is closed]]></system-out>
         <system-err><![CDATA[]]></system-err>
      </testcase>
      <testcase name="Test Cases/test-flow-1-buy-1-product" time="11.656" classname="Test Cases/test-flow-1-buy-1-product" status="PASSED">
         <system-out><![CDATA[2023-05-12 17:43:19 - [TEST_CASE][PASSED] - Test Cases/test-flow-1-buy-1-product: Test Cases/test-flow-1-buy-1-product

2023-05-12 17:43:19 - [TEST_STEP][PASSED] - openBrowser("https://www.saucedemo.com/"): Browser is opened with url: 'https://www.saucedemo.com/'

2023-05-12 17:43:19 - [MESSAGE][INFO] - Starting 'Chrome' driver

2023-05-12 17:43:19 - [MESSAGE][INFO] - Action delay is set to 0 milliseconds

2023-05-12 17:43:21 - [MESSAGE][PASSED] - Browser is opened with url: 'https://www.saucedemo.com/'

2023-05-12 17:43:21 - [TEST_STEP][PASSED] - click(findTestObject("Object Repository/Page_Swag Labs/input_Swag Labs_user-name")): Object: 'Object Repository/Page_Swag Labs/input_Swag Labs_user-name' is clicked on

2023-05-12 17:43:21 - [MESSAGE][PASSED] - Object: 'Object Repository/Page_Swag Labs/input_Swag Labs_user-name' is clicked on

2023-05-12 17:43:21 - [TEST_STEP][PASSED] - sendKeys(findTestObject("Object Repository/Page_Swag Labs/input_Swag Labs_user-name"), "standard_user"): Keys 'standard_user' sent to object: 'Object Repository/Page_Swag Labs/input_Swag Labs_user-name'

2023-05-12 17:43:21 - [MESSAGE][PASSED] - Keys 'standard_user' sent to object: 'Object Repository/Page_Swag Labs/input_Swag Labs_user-name'

2023-05-12 17:43:21 - [TEST_STEP][PASSED] - click(findTestObject("Object Repository/Page_Swag Labs/input_Swag Labs_password")): Object: 'Object Repository/Page_Swag Labs/input_Swag Labs_password' is clicked on

2023-05-12 17:43:22 - [MESSAGE][PASSED] - Object: 'Object Repository/Page_Swag Labs/input_Swag Labs_password' is clicked on

2023-05-12 17:43:22 - [TEST_STEP][PASSED] - sendKeys(findTestObject("Object Repository/Page_Swag Labs/input_Swag Labs_password"), "secret_sauce"): Keys 'secret_sauce' sent to object: 'Object Repository/Page_Swag Labs/input_Swag Labs_password'

2023-05-12 17:43:22 - [MESSAGE][PASSED] - Keys 'secret_sauce' sent to object: 'Object Repository/Page_Swag Labs/input_Swag Labs_password'

2023-05-12 17:43:22 - [TEST_STEP][PASSED] - click(findTestObject("Object Repository/Page_Swag Labs/input_Swag Labs_login-button")): Object: 'Object Repository/Page_Swag Labs/input_Swag Labs_login-button' is clicked on

2023-05-12 17:43:22 - [MESSAGE][PASSED] - Object: 'Object Repository/Page_Swag Labs/input_Swag Labs_login-button' is clicked on

2023-05-12 17:43:22 - [TEST_STEP][PASSED] - click(findTestObject("Object Repository/inventoryPage/Backpack")): Object: 'Object Repository/inventoryPage/Backpack' is clicked on

2023-05-12 17:43:23 - [MESSAGE][PASSED] - Object: 'Object Repository/inventoryPage/Backpack' is clicked on

2023-05-12 17:43:23 - [TEST_STEP][PASSED] - click(findTestObject("Object Repository/inventoryPage/button_Add to cart")): Object: 'Object Repository/inventoryPage/button_Add to cart' is clicked on

2023-05-12 17:43:23 - [MESSAGE][PASSED] - Object: 'Object Repository/inventoryPage/button_Add to cart' is clicked on

2023-05-12 17:43:23 - [TEST_STEP][PASSED] - click(findTestObject("Object Repository/inventoryPage/products_back-image")): Object: 'Object Repository/inventoryPage/products_back-image' is clicked on

2023-05-12 17:43:24 - [MESSAGE][PASSED] - Object: 'Object Repository/inventoryPage/products_back-image' is clicked on

2023-05-12 17:43:24 - [TEST_STEP][PASSED] - click(findTestObject("Object Repository/inventoryPage/cart")): Object: 'Object Repository/inventoryPage/cart' is clicked on

2023-05-12 17:43:24 - [MESSAGE][PASSED] - Object: 'Object Repository/inventoryPage/cart' is clicked on

2023-05-12 17:43:24 - [TEST_STEP][PASSED] - click(findTestObject("Object Repository/CheckoutPage/button_Checkout")): Object: 'Object Repository/CheckoutPage/button_Checkout' is clicked on

2023-05-12 17:43:25 - [MESSAGE][PASSED] - Object: 'Object Repository/CheckoutPage/button_Checkout' is clicked on

2023-05-12 17:43:25 - [TEST_STEP][PASSED] - sendKeys(findTestObject("Object Repository/checkout-step-one/input_Checkout Your Information_firstName"), "demo"): Keys 'demo' sent to object: 'Object Repository/checkout-step-one/input_Checkout Your Information_firstName'

2023-05-12 17:43:25 - [MESSAGE][PASSED] - Keys 'demo' sent to object: 'Object Repository/checkout-step-one/input_Checkout Your Information_firstName'

2023-05-12 17:43:25 - [TEST_STEP][PASSED] - sendKeys(findTestObject("Object Repository/checkout-step-one/input_Checkout Your Information_lastName"), "qa test"): Keys 'qa test' sent to object: 'Object Repository/checkout-step-one/input_Checkout Your Information_lastName'

2023-05-12 17:43:26 - [MESSAGE][PASSED] - Keys 'qa test' sent to object: 'Object Repository/checkout-step-one/input_Checkout Your Information_lastName'

2023-05-12 17:43:26 - [TEST_STEP][PASSED] - sendKeys(findTestObject("Object Repository/checkout-step-one/input_Checkout Your Information_postalCode"), "9000"): Keys '9000' sent to object: 'Object Repository/checkout-step-one/input_Checkout Your Information_postalCode'

2023-05-12 17:43:26 - [MESSAGE][PASSED] - Keys '9000' sent to object: 'Object Repository/checkout-step-one/input_Checkout Your Information_postalCode'

2023-05-12 17:43:26 - [TEST_STEP][PASSED] - click(findTestObject("Object Repository/checkout-step-one/input_continue")): Object: 'Object Repository/checkout-step-one/input_continue' is clicked on

2023-05-12 17:43:27 - [MESSAGE][PASSED] - Object: 'Object Repository/checkout-step-one/input_continue' is clicked on

2023-05-12 17:43:27 - [TEST_STEP][PASSED] - click(findTestObject("Object Repository/finish checkout/button_Finish")): Object: 'Object Repository/finish checkout/button_Finish' is clicked on

2023-05-12 17:43:28 - [MESSAGE][PASSED] - Object: 'Object Repository/finish checkout/button_Finish' is clicked on

2023-05-12 17:43:28 - [TEST_STEP][PASSED] - verifyElementVisible(findTestObject("Object Repository/order-success/h2_Thank you for your order")): Object 'Object Repository/order-success/h2_Thank you for your order' is visible

2023-05-12 17:43:28 - [MESSAGE][PASSED] - Object 'Object Repository/order-success/h2_Thank you for your order' is visible

2023-05-12 17:43:28 - [TEST_STEP][PASSED] - click(findTestObject("Object Repository/NavSideBar/sidebar")): Object: 'Object Repository/NavSideBar/sidebar' is clicked on

2023-05-12 17:43:28 - [MESSAGE][PASSED] - Object: 'Object Repository/NavSideBar/sidebar' is clicked on

2023-05-12 17:43:28 - [TEST_STEP][PASSED] - click(findTestObject("Object Repository/NavSideBar/a_Logout")): Object: 'Object Repository/NavSideBar/a_Logout' is clicked on

2023-05-12 17:43:29 - [MESSAGE][PASSED] - Object: 'Object Repository/NavSideBar/a_Logout' is clicked on

2023-05-12 17:43:29 - [TEST_STEP][PASSED] - verifyElementVisible(findTestObject("Object Repository/Page_Swag Labs/input_Swag Labs_user-name")): Object 'Object Repository/Page_Swag Labs/input_Swag Labs_user-name' is visible

2023-05-12 17:43:30 - [MESSAGE][PASSED] - Object 'Object Repository/Page_Swag Labs/input_Swag Labs_user-name' is visible

2023-05-12 17:43:30 - [TEST_STEP][PASSED] - closeBrowser(): Browser is closed

2023-05-12 17:43:30 - [MESSAGE][PASSED] - Browser is closed]]></system-out>
         <system-err><![CDATA[]]></system-err>
      </testcase>
      <testcase name="Test Cases/test-flow-1-buy-1-product" time="11.853" classname="Test Cases/test-flow-1-buy-1-product" status="PASSED">
         <system-out><![CDATA[2023-05-12 17:43:30 - [TEST_CASE][PASSED] - Test Cases/test-flow-1-buy-1-product: Test Cases/test-flow-1-buy-1-product

2023-05-12 17:43:30 - [TEST_STEP][PASSED] - openBrowser("https://www.saucedemo.com/"): Browser is opened with url: 'https://www.saucedemo.com/'

2023-05-12 17:43:30 - [MESSAGE][INFO] - Starting 'Chrome' driver

2023-05-12 17:43:30 - [MESSAGE][INFO] - Action delay is set to 0 milliseconds

2023-05-12 17:43:32 - [MESSAGE][PASSED] - Browser is opened with url: 'https://www.saucedemo.com/'

2023-05-12 17:43:32 - [TEST_STEP][PASSED] - click(findTestObject("Object Repository/Page_Swag Labs/input_Swag Labs_user-name")): Object: 'Object Repository/Page_Swag Labs/input_Swag Labs_user-name' is clicked on

2023-05-12 17:43:33 - [MESSAGE][PASSED] - Object: 'Object Repository/Page_Swag Labs/input_Swag Labs_user-name' is clicked on

2023-05-12 17:43:33 - [TEST_STEP][PASSED] - sendKeys(findTestObject("Object Repository/Page_Swag Labs/input_Swag Labs_user-name"), "standard_user"): Keys 'standard_user' sent to object: 'Object Repository/Page_Swag Labs/input_Swag Labs_user-name'

2023-05-12 17:43:33 - [MESSAGE][PASSED] - Keys 'standard_user' sent to object: 'Object Repository/Page_Swag Labs/input_Swag Labs_user-name'

2023-05-12 17:43:33 - [TEST_STEP][PASSED] - click(findTestObject("Object Repository/Page_Swag Labs/input_Swag Labs_password")): Object: 'Object Repository/Page_Swag Labs/input_Swag Labs_password' is clicked on

2023-05-12 17:43:33 - [MESSAGE][PASSED] - Object: 'Object Repository/Page_Swag Labs/input_Swag Labs_password' is clicked on

2023-05-12 17:43:33 - [TEST_STEP][PASSED] - sendKeys(findTestObject("Object Repository/Page_Swag Labs/input_Swag Labs_password"), "secret_sauce"): Keys 'secret_sauce' sent to object: 'Object Repository/Page_Swag Labs/input_Swag Labs_password'

2023-05-12 17:43:34 - [MESSAGE][PASSED] - Keys 'secret_sauce' sent to object: 'Object Repository/Page_Swag Labs/input_Swag Labs_password'

2023-05-12 17:43:34 - [TEST_STEP][PASSED] - click(findTestObject("Object Repository/Page_Swag Labs/input_Swag Labs_login-button")): Object: 'Object Repository/Page_Swag Labs/input_Swag Labs_login-button' is clicked on

2023-05-12 17:43:34 - [MESSAGE][PASSED] - Object: 'Object Repository/Page_Swag Labs/input_Swag Labs_login-button' is clicked on

2023-05-12 17:43:34 - [TEST_STEP][PASSED] - click(findTestObject("Object Repository/inventoryPage/Backpack")): Object: 'Object Repository/inventoryPage/Backpack' is clicked on

2023-05-12 17:43:34 - [MESSAGE][PASSED] - Object: 'Object Repository/inventoryPage/Backpack' is clicked on

2023-05-12 17:43:34 - [TEST_STEP][PASSED] - click(findTestObject("Object Repository/inventoryPage/button_Add to cart")): Object: 'Object Repository/inventoryPage/button_Add to cart' is clicked on

2023-05-12 17:43:35 - [MESSAGE][PASSED] - Object: 'Object Repository/inventoryPage/button_Add to cart' is clicked on

2023-05-12 17:43:35 - [TEST_STEP][PASSED] - click(findTestObject("Object Repository/inventoryPage/products_back-image")): Object: 'Object Repository/inventoryPage/products_back-image' is clicked on

2023-05-12 17:43:35 - [MESSAGE][PASSED] - Object: 'Object Repository/inventoryPage/products_back-image' is clicked on

2023-05-12 17:43:35 - [TEST_STEP][PASSED] - click(findTestObject("Object Repository/inventoryPage/cart")): Object: 'Object Repository/inventoryPage/cart' is clicked on

2023-05-12 17:43:36 - [MESSAGE][PASSED] - Object: 'Object Repository/inventoryPage/cart' is clicked on

2023-05-12 17:43:36 - [TEST_STEP][PASSED] - click(findTestObject("Object Repository/CheckoutPage/button_Checkout")): Object: 'Object Repository/CheckoutPage/button_Checkout' is clicked on

2023-05-12 17:43:36 - [MESSAGE][PASSED] - Object: 'Object Repository/CheckoutPage/button_Checkout' is clicked on

2023-05-12 17:43:36 - [TEST_STEP][PASSED] - sendKeys(findTestObject("Object Repository/checkout-step-one/input_Checkout Your Information_firstName"), "demo"): Keys 'demo' sent to object: 'Object Repository/checkout-step-one/input_Checkout Your Information_firstName'

2023-05-12 17:43:37 - [MESSAGE][PASSED] - Keys 'demo' sent to object: 'Object Repository/checkout-step-one/input_Checkout Your Information_firstName'

2023-05-12 17:43:37 - [TEST_STEP][PASSED] - sendKeys(findTestObject("Object Repository/checkout-step-one/input_Checkout Your Information_lastName"), "qa test"): Keys 'qa test' sent to object: 'Object Repository/checkout-step-one/input_Checkout Your Information_lastName'

2023-05-12 17:43:38 - [MESSAGE][PASSED] - Keys 'qa test' sent to object: 'Object Repository/checkout-step-one/input_Checkout Your Information_lastName'

2023-05-12 17:43:38 - [TEST_STEP][PASSED] - sendKeys(findTestObject("Object Repository/checkout-step-one/input_Checkout Your Information_postalCode"), "9000"): Keys '9000' sent to object: 'Object Repository/checkout-step-one/input_Checkout Your Information_postalCode'

2023-05-12 17:43:38 - [MESSAGE][PASSED] - Keys '9000' sent to object: 'Object Repository/checkout-step-one/input_Checkout Your Information_postalCode'

2023-05-12 17:43:38 - [TEST_STEP][PASSED] - click(findTestObject("Object Repository/checkout-step-one/input_continue")): Object: 'Object Repository/checkout-step-one/input_continue' is clicked on

2023-05-12 17:43:39 - [MESSAGE][PASSED] - Object: 'Object Repository/checkout-step-one/input_continue' is clicked on

2023-05-12 17:43:39 - [TEST_STEP][PASSED] - click(findTestObject("Object Repository/finish checkout/button_Finish")): Object: 'Object Repository/finish checkout/button_Finish' is clicked on

2023-05-12 17:43:39 - [MESSAGE][PASSED] - Object: 'Object Repository/finish checkout/button_Finish' is clicked on

2023-05-12 17:43:39 - [TEST_STEP][PASSED] - verifyElementVisible(findTestObject("Object Repository/order-success/h2_Thank you for your order")): Object 'Object Repository/order-success/h2_Thank you for your order' is visible

2023-05-12 17:43:40 - [MESSAGE][PASSED] - Object 'Object Repository/order-success/h2_Thank you for your order' is visible

2023-05-12 17:43:40 - [TEST_STEP][PASSED] - click(findTestObject("Object Repository/NavSideBar/sidebar")): Object: 'Object Repository/NavSideBar/sidebar' is clicked on

2023-05-12 17:43:40 - [MESSAGE][PASSED] - Object: 'Object Repository/NavSideBar/sidebar' is clicked on

2023-05-12 17:43:40 - [TEST_STEP][PASSED] - click(findTestObject("Object Repository/NavSideBar/a_Logout")): Object: 'Object Repository/NavSideBar/a_Logout' is clicked on

2023-05-12 17:43:41 - [MESSAGE][PASSED] - Object: 'Object Repository/NavSideBar/a_Logout' is clicked on

2023-05-12 17:43:41 - [TEST_STEP][PASSED] - verifyElementVisible(findTestObject("Object Repository/Page_Swag Labs/input_Swag Labs_user-name")): Object 'Object Repository/Page_Swag Labs/input_Swag Labs_user-name' is visible

2023-05-12 17:43:41 - [MESSAGE][PASSED] - Object 'Object Repository/Page_Swag Labs/input_Swag Labs_user-name' is visible

2023-05-12 17:43:41 - [TEST_STEP][PASSED] - closeBrowser(): Browser is closed

2023-05-12 17:43:42 - [MESSAGE][PASSED] - Browser is closed]]></system-out>
         <system-err><![CDATA[]]></system-err>
      </testcase>
      <testcase name="Test Cases/test-flow-1-buy-1-product" time="11.732" classname="Test Cases/test-flow-1-buy-1-product" status="PASSED">
         <system-out><![CDATA[2023-05-12 17:43:42 - [TEST_CASE][PASSED] - Test Cases/test-flow-1-buy-1-product: Test Cases/test-flow-1-buy-1-product

2023-05-12 17:43:42 - [TEST_STEP][PASSED] - openBrowser("https://www.saucedemo.com/"): Browser is opened with url: 'https://www.saucedemo.com/'

2023-05-12 17:43:42 - [MESSAGE][INFO] - Starting 'Chrome' driver

2023-05-12 17:43:42 - [MESSAGE][INFO] - Action delay is set to 0 milliseconds

2023-05-12 17:43:44 - [MESSAGE][PASSED] - Browser is opened with url: 'https://www.saucedemo.com/'

2023-05-12 17:43:44 - [TEST_STEP][PASSED] - click(findTestObject("Object Repository/Page_Swag Labs/input_Swag Labs_user-name")): Object: 'Object Repository/Page_Swag Labs/input_Swag Labs_user-name' is clicked on

2023-05-12 17:43:44 - [MESSAGE][PASSED] - Object: 'Object Repository/Page_Swag Labs/input_Swag Labs_user-name' is clicked on

2023-05-12 17:43:44 - [TEST_STEP][PASSED] - sendKeys(findTestObject("Object Repository/Page_Swag Labs/input_Swag Labs_user-name"), "standard_user"): Keys 'standard_user' sent to object: 'Object Repository/Page_Swag Labs/input_Swag Labs_user-name'

2023-05-12 17:43:45 - [MESSAGE][PASSED] - Keys 'standard_user' sent to object: 'Object Repository/Page_Swag Labs/input_Swag Labs_user-name'

2023-05-12 17:43:45 - [TEST_STEP][PASSED] - click(findTestObject("Object Repository/Page_Swag Labs/input_Swag Labs_password")): Object: 'Object Repository/Page_Swag Labs/input_Swag Labs_password' is clicked on

2023-05-12 17:43:45 - [MESSAGE][PASSED] - Object: 'Object Repository/Page_Swag Labs/input_Swag Labs_password' is clicked on

2023-05-12 17:43:45 - [TEST_STEP][PASSED] - sendKeys(findTestObject("Object Repository/Page_Swag Labs/input_Swag Labs_password"), "secret_sauce"): Keys 'secret_sauce' sent to object: 'Object Repository/Page_Swag Labs/input_Swag Labs_password'

2023-05-12 17:43:45 - [MESSAGE][PASSED] - Keys 'secret_sauce' sent to object: 'Object Repository/Page_Swag Labs/input_Swag Labs_password'

2023-05-12 17:43:45 - [TEST_STEP][PASSED] - click(findTestObject("Object Repository/Page_Swag Labs/input_Swag Labs_login-button")): Object: 'Object Repository/Page_Swag Labs/input_Swag Labs_login-button' is clicked on

2023-05-12 17:43:46 - [MESSAGE][PASSED] - Object: 'Object Repository/Page_Swag Labs/input_Swag Labs_login-button' is clicked on

2023-05-12 17:43:46 - [TEST_STEP][PASSED] - click(findTestObject("Object Repository/inventoryPage/Backpack")): Object: 'Object Repository/inventoryPage/Backpack' is clicked on

2023-05-12 17:43:46 - [MESSAGE][PASSED] - Object: 'Object Repository/inventoryPage/Backpack' is clicked on

2023-05-12 17:43:46 - [TEST_STEP][PASSED] - click(findTestObject("Object Repository/inventoryPage/button_Add to cart")): Object: 'Object Repository/inventoryPage/button_Add to cart' is clicked on

2023-05-12 17:43:47 - [MESSAGE][PASSED] - Object: 'Object Repository/inventoryPage/button_Add to cart' is clicked on

2023-05-12 17:43:47 - [TEST_STEP][PASSED] - click(findTestObject("Object Repository/inventoryPage/products_back-image")): Object: 'Object Repository/inventoryPage/products_back-image' is clicked on

2023-05-12 17:43:47 - [MESSAGE][PASSED] - Object: 'Object Repository/inventoryPage/products_back-image' is clicked on

2023-05-12 17:43:47 - [TEST_STEP][PASSED] - click(findTestObject("Object Repository/inventoryPage/cart")): Object: 'Object Repository/inventoryPage/cart' is clicked on

2023-05-12 17:43:48 - [MESSAGE][PASSED] - Object: 'Object Repository/inventoryPage/cart' is clicked on

2023-05-12 17:43:48 - [TEST_STEP][PASSED] - click(findTestObject("Object Repository/CheckoutPage/button_Checkout")): Object: 'Object Repository/CheckoutPage/button_Checkout' is clicked on

2023-05-12 17:43:48 - [MESSAGE][PASSED] - Object: 'Object Repository/CheckoutPage/button_Checkout' is clicked on

2023-05-12 17:43:48 - [TEST_STEP][PASSED] - sendKeys(findTestObject("Object Repository/checkout-step-one/input_Checkout Your Information_firstName"), "demo"): Keys 'demo' sent to object: 'Object Repository/checkout-step-one/input_Checkout Your Information_firstName'

2023-05-12 17:43:49 - [MESSAGE][PASSED] - Keys 'demo' sent to object: 'Object Repository/checkout-step-one/input_Checkout Your Information_firstName'

2023-05-12 17:43:49 - [TEST_STEP][PASSED] - sendKeys(findTestObject("Object Repository/checkout-step-one/input_Checkout Your Information_lastName"), "qa test"): Keys 'qa test' sent to object: 'Object Repository/checkout-step-one/input_Checkout Your Information_lastName'

2023-05-12 17:43:49 - [MESSAGE][PASSED] - Keys 'qa test' sent to object: 'Object Repository/checkout-step-one/input_Checkout Your Information_lastName'

2023-05-12 17:43:49 - [TEST_STEP][PASSED] - sendKeys(findTestObject("Object Repository/checkout-step-one/input_Checkout Your Information_postalCode"), "9000"): Keys '9000' sent to object: 'Object Repository/checkout-step-one/input_Checkout Your Information_postalCode'

2023-05-12 17:43:50 - [MESSAGE][PASSED] - Keys '9000' sent to object: 'Object Repository/checkout-step-one/input_Checkout Your Information_postalCode'

2023-05-12 17:43:50 - [TEST_STEP][PASSED] - click(findTestObject("Object Repository/checkout-step-one/input_continue")): Object: 'Object Repository/checkout-step-one/input_continue' is clicked on

2023-05-12 17:43:51 - [MESSAGE][PASSED] - Object: 'Object Repository/checkout-step-one/input_continue' is clicked on

2023-05-12 17:43:51 - [TEST_STEP][PASSED] - click(findTestObject("Object Repository/finish checkout/button_Finish")): Object: 'Object Repository/finish checkout/button_Finish' is clicked on

2023-05-12 17:43:51 - [MESSAGE][PASSED] - Object: 'Object Repository/finish checkout/button_Finish' is clicked on

2023-05-12 17:43:51 - [TEST_STEP][PASSED] - verifyElementVisible(findTestObject("Object Repository/order-success/h2_Thank you for your order")): Object 'Object Repository/order-success/h2_Thank you for your order' is visible

2023-05-12 17:43:52 - [MESSAGE][PASSED] - Object 'Object Repository/order-success/h2_Thank you for your order' is visible

2023-05-12 17:43:52 - [TEST_STEP][PASSED] - click(findTestObject("Object Repository/NavSideBar/sidebar")): Object: 'Object Repository/NavSideBar/sidebar' is clicked on

2023-05-12 17:43:52 - [MESSAGE][PASSED] - Object: 'Object Repository/NavSideBar/sidebar' is clicked on

2023-05-12 17:43:52 - [TEST_STEP][PASSED] - click(findTestObject("Object Repository/NavSideBar/a_Logout")): Object: 'Object Repository/NavSideBar/a_Logout' is clicked on

2023-05-12 17:43:53 - [MESSAGE][PASSED] - Object: 'Object Repository/NavSideBar/a_Logout' is clicked on

2023-05-12 17:43:53 - [TEST_STEP][PASSED] - verifyElementVisible(findTestObject("Object Repository/Page_Swag Labs/input_Swag Labs_user-name")): Object 'Object Repository/Page_Swag Labs/input_Swag Labs_user-name' is visible

2023-05-12 17:43:53 - [MESSAGE][PASSED] - Object 'Object Repository/Page_Swag Labs/input_Swag Labs_user-name' is visible

2023-05-12 17:43:53 - [TEST_STEP][PASSED] - closeBrowser(): Browser is closed

2023-05-12 17:43:54 - [MESSAGE][PASSED] - Browser is closed]]></system-out>
         <system-err><![CDATA[]]></system-err>
      </testcase>
      <testcase name="Test Cases/test-flow-1-buy-1-product" time="11.783" classname="Test Cases/test-flow-1-buy-1-product" status="PASSED">
         <system-out><![CDATA[2023-05-12 17:43:54 - [TEST_CASE][PASSED] - Test Cases/test-flow-1-buy-1-product: Test Cases/test-flow-1-buy-1-product

2023-05-12 17:43:54 - [TEST_STEP][PASSED] - openBrowser("https://www.saucedemo.com/"): Browser is opened with url: 'https://www.saucedemo.com/'

2023-05-12 17:43:54 - [MESSAGE][INFO] - Starting 'Chrome' driver

2023-05-12 17:43:54 - [MESSAGE][INFO] - Action delay is set to 0 milliseconds

2023-05-12 17:43:56 - [MESSAGE][PASSED] - Browser is opened with url: 'https://www.saucedemo.com/'

2023-05-12 17:43:56 - [TEST_STEP][PASSED] - click(findTestObject("Object Repository/Page_Swag Labs/input_Swag Labs_user-name")): Object: 'Object Repository/Page_Swag Labs/input_Swag Labs_user-name' is clicked on

2023-05-12 17:43:56 - [MESSAGE][PASSED] - Object: 'Object Repository/Page_Swag Labs/input_Swag Labs_user-name' is clicked on

2023-05-12 17:43:56 - [TEST_STEP][PASSED] - sendKeys(findTestObject("Object Repository/Page_Swag Labs/input_Swag Labs_user-name"), "standard_user"): Keys 'standard_user' sent to object: 'Object Repository/Page_Swag Labs/input_Swag Labs_user-name'

2023-05-12 17:43:56 - [MESSAGE][PASSED] - Keys 'standard_user' sent to object: 'Object Repository/Page_Swag Labs/input_Swag Labs_user-name'

2023-05-12 17:43:56 - [TEST_STEP][PASSED] - click(findTestObject("Object Repository/Page_Swag Labs/input_Swag Labs_password")): Object: 'Object Repository/Page_Swag Labs/input_Swag Labs_password' is clicked on

2023-05-12 17:43:57 - [MESSAGE][PASSED] - Object: 'Object Repository/Page_Swag Labs/input_Swag Labs_password' is clicked on

2023-05-12 17:43:57 - [TEST_STEP][PASSED] - sendKeys(findTestObject("Object Repository/Page_Swag Labs/input_Swag Labs_password"), "secret_sauce"): Keys 'secret_sauce' sent to object: 'Object Repository/Page_Swag Labs/input_Swag Labs_password'

2023-05-12 17:43:57 - [MESSAGE][PASSED] - Keys 'secret_sauce' sent to object: 'Object Repository/Page_Swag Labs/input_Swag Labs_password'

2023-05-12 17:43:57 - [TEST_STEP][PASSED] - click(findTestObject("Object Repository/Page_Swag Labs/input_Swag Labs_login-button")): Object: 'Object Repository/Page_Swag Labs/input_Swag Labs_login-button' is clicked on

2023-05-12 17:43:58 - [MESSAGE][PASSED] - Object: 'Object Repository/Page_Swag Labs/input_Swag Labs_login-button' is clicked on

2023-05-12 17:43:58 - [TEST_STEP][PASSED] - click(findTestObject("Object Repository/inventoryPage/Backpack")): Object: 'Object Repository/inventoryPage/Backpack' is clicked on

2023-05-12 17:43:58 - [MESSAGE][PASSED] - Object: 'Object Repository/inventoryPage/Backpack' is clicked on

2023-05-12 17:43:58 - [TEST_STEP][PASSED] - click(findTestObject("Object Repository/inventoryPage/button_Add to cart")): Object: 'Object Repository/inventoryPage/button_Add to cart' is clicked on

2023-05-12 17:43:58 - [MESSAGE][PASSED] - Object: 'Object Repository/inventoryPage/button_Add to cart' is clicked on

2023-05-12 17:43:58 - [TEST_STEP][PASSED] - click(findTestObject("Object Repository/inventoryPage/products_back-image")): Object: 'Object Repository/inventoryPage/products_back-image' is clicked on

2023-05-12 17:43:59 - [MESSAGE][PASSED] - Object: 'Object Repository/inventoryPage/products_back-image' is clicked on

2023-05-12 17:43:59 - [TEST_STEP][PASSED] - click(findTestObject("Object Repository/inventoryPage/cart")): Object: 'Object Repository/inventoryPage/cart' is clicked on

2023-05-12 17:44:00 - [MESSAGE][PASSED] - Object: 'Object Repository/inventoryPage/cart' is clicked on

2023-05-12 17:44:00 - [TEST_STEP][PASSED] - click(findTestObject("Object Repository/CheckoutPage/button_Checkout")): Object: 'Object Repository/CheckoutPage/button_Checkout' is clicked on

2023-05-12 17:44:00 - [MESSAGE][PASSED] - Object: 'Object Repository/CheckoutPage/button_Checkout' is clicked on

2023-05-12 17:44:00 - [TEST_STEP][PASSED] - sendKeys(findTestObject("Object Repository/checkout-step-one/input_Checkout Your Information_firstName"), "demo"): Keys 'demo' sent to object: 'Object Repository/checkout-step-one/input_Checkout Your Information_firstName'

2023-05-12 17:44:01 - [MESSAGE][PASSED] - Keys 'demo' sent to object: 'Object Repository/checkout-step-one/input_Checkout Your Information_firstName'

2023-05-12 17:44:01 - [TEST_STEP][PASSED] - sendKeys(findTestObject("Object Repository/checkout-step-one/input_Checkout Your Information_lastName"), "qa test"): Keys 'qa test' sent to object: 'Object Repository/checkout-step-one/input_Checkout Your Information_lastName'

2023-05-12 17:44:01 - [MESSAGE][PASSED] - Keys 'qa test' sent to object: 'Object Repository/checkout-step-one/input_Checkout Your Information_lastName'

2023-05-12 17:44:01 - [TEST_STEP][PASSED] - sendKeys(findTestObject("Object Repository/checkout-step-one/input_Checkout Your Information_postalCode"), "9000"): Keys '9000' sent to object: 'Object Repository/checkout-step-one/input_Checkout Your Information_postalCode'

2023-05-12 17:44:02 - [MESSAGE][PASSED] - Keys '9000' sent to object: 'Object Repository/checkout-step-one/input_Checkout Your Information_postalCode'

2023-05-12 17:44:02 - [TEST_STEP][PASSED] - click(findTestObject("Object Repository/checkout-step-one/input_continue")): Object: 'Object Repository/checkout-step-one/input_continue' is clicked on

2023-05-12 17:44:02 - [MESSAGE][PASSED] - Object: 'Object Repository/checkout-step-one/input_continue' is clicked on

2023-05-12 17:44:02 - [TEST_STEP][PASSED] - click(findTestObject("Object Repository/finish checkout/button_Finish")): Object: 'Object Repository/finish checkout/button_Finish' is clicked on

2023-05-12 17:44:03 - [MESSAGE][PASSED] - Object: 'Object Repository/finish checkout/button_Finish' is clicked on

2023-05-12 17:44:03 - [TEST_STEP][PASSED] - verifyElementVisible(findTestObject("Object Repository/order-success/h2_Thank you for your order")): Object 'Object Repository/order-success/h2_Thank you for your order' is visible

2023-05-12 17:44:03 - [MESSAGE][PASSED] - Object 'Object Repository/order-success/h2_Thank you for your order' is visible

2023-05-12 17:44:03 - [TEST_STEP][PASSED] - click(findTestObject("Object Repository/NavSideBar/sidebar")): Object: 'Object Repository/NavSideBar/sidebar' is clicked on

2023-05-12 17:44:04 - [MESSAGE][PASSED] - Object: 'Object Repository/NavSideBar/sidebar' is clicked on

2023-05-12 17:44:04 - [TEST_STEP][PASSED] - click(findTestObject("Object Repository/NavSideBar/a_Logout")): Object: 'Object Repository/NavSideBar/a_Logout' is clicked on

2023-05-12 17:44:04 - [MESSAGE][PASSED] - Object: 'Object Repository/NavSideBar/a_Logout' is clicked on

2023-05-12 17:44:04 - [TEST_STEP][PASSED] - verifyElementVisible(findTestObject("Object Repository/Page_Swag Labs/input_Swag Labs_user-name")): Object 'Object Repository/Page_Swag Labs/input_Swag Labs_user-name' is visible

2023-05-12 17:44:05 - [MESSAGE][PASSED] - Object 'Object Repository/Page_Swag Labs/input_Swag Labs_user-name' is visible

2023-05-12 17:44:05 - [TEST_STEP][PASSED] - closeBrowser(): Browser is closed

2023-05-12 17:44:06 - [MESSAGE][PASSED] - Browser is closed]]></system-out>
         <system-err><![CDATA[]]></system-err>
      </testcase>
      <testcase name="Test Cases/test-flow-1-buy-1-product" time="12.374" classname="Test Cases/test-flow-1-buy-1-product" status="PASSED">
         <system-out><![CDATA[2023-05-12 17:44:06 - [TEST_CASE][PASSED] - Test Cases/test-flow-1-buy-1-product: Test Cases/test-flow-1-buy-1-product

2023-05-12 17:44:06 - [TEST_STEP][PASSED] - openBrowser("https://www.saucedemo.com/"): Browser is opened with url: 'https://www.saucedemo.com/'

2023-05-12 17:44:06 - [MESSAGE][INFO] - Starting 'Chrome' driver

2023-05-12 17:44:06 - [MESSAGE][INFO] - Action delay is set to 0 milliseconds

2023-05-12 17:44:08 - [MESSAGE][PASSED] - Browser is opened with url: 'https://www.saucedemo.com/'

2023-05-12 17:44:08 - [TEST_STEP][PASSED] - click(findTestObject("Object Repository/Page_Swag Labs/input_Swag Labs_user-name")): Object: 'Object Repository/Page_Swag Labs/input_Swag Labs_user-name' is clicked on

2023-05-12 17:44:08 - [MESSAGE][PASSED] - Object: 'Object Repository/Page_Swag Labs/input_Swag Labs_user-name' is clicked on

2023-05-12 17:44:08 - [TEST_STEP][PASSED] - sendKeys(findTestObject("Object Repository/Page_Swag Labs/input_Swag Labs_user-name"), "standard_user"): Keys 'standard_user' sent to object: 'Object Repository/Page_Swag Labs/input_Swag Labs_user-name'

2023-05-12 17:44:09 - [MESSAGE][PASSED] - Keys 'standard_user' sent to object: 'Object Repository/Page_Swag Labs/input_Swag Labs_user-name'

2023-05-12 17:44:09 - [TEST_STEP][PASSED] - click(findTestObject("Object Repository/Page_Swag Labs/input_Swag Labs_password")): Object: 'Object Repository/Page_Swag Labs/input_Swag Labs_password' is clicked on

2023-05-12 17:44:09 - [MESSAGE][PASSED] - Object: 'Object Repository/Page_Swag Labs/input_Swag Labs_password' is clicked on

2023-05-12 17:44:09 - [TEST_STEP][PASSED] - sendKeys(findTestObject("Object Repository/Page_Swag Labs/input_Swag Labs_password"), "secret_sauce"): Keys 'secret_sauce' sent to object: 'Object Repository/Page_Swag Labs/input_Swag Labs_password'

2023-05-12 17:44:09 - [MESSAGE][PASSED] - Keys 'secret_sauce' sent to object: 'Object Repository/Page_Swag Labs/input_Swag Labs_password'

2023-05-12 17:44:09 - [TEST_STEP][PASSED] - click(findTestObject("Object Repository/Page_Swag Labs/input_Swag Labs_login-button")): Object: 'Object Repository/Page_Swag Labs/input_Swag Labs_login-button' is clicked on

2023-05-12 17:44:10 - [MESSAGE][PASSED] - Object: 'Object Repository/Page_Swag Labs/input_Swag Labs_login-button' is clicked on

2023-05-12 17:44:10 - [TEST_STEP][PASSED] - click(findTestObject("Object Repository/inventoryPage/Backpack")): Object: 'Object Repository/inventoryPage/Backpack' is clicked on

2023-05-12 17:44:10 - [MESSAGE][PASSED] - Object: 'Object Repository/inventoryPage/Backpack' is clicked on

2023-05-12 17:44:10 - [TEST_STEP][PASSED] - click(findTestObject("Object Repository/inventoryPage/button_Add to cart")): Object: 'Object Repository/inventoryPage/button_Add to cart' is clicked on

2023-05-12 17:44:11 - [MESSAGE][PASSED] - Object: 'Object Repository/inventoryPage/button_Add to cart' is clicked on

2023-05-12 17:44:11 - [TEST_STEP][PASSED] - click(findTestObject("Object Repository/inventoryPage/products_back-image")): Object: 'Object Repository/inventoryPage/products_back-image' is clicked on

2023-05-12 17:44:11 - [MESSAGE][PASSED] - Object: 'Object Repository/inventoryPage/products_back-image' is clicked on

2023-05-12 17:44:11 - [TEST_STEP][PASSED] - click(findTestObject("Object Repository/inventoryPage/cart")): Object: 'Object Repository/inventoryPage/cart' is clicked on

2023-05-12 17:44:12 - [MESSAGE][PASSED] - Object: 'Object Repository/inventoryPage/cart' is clicked on

2023-05-12 17:44:12 - [TEST_STEP][PASSED] - click(findTestObject("Object Repository/CheckoutPage/button_Checkout")): Object: 'Object Repository/CheckoutPage/button_Checkout' is clicked on

2023-05-12 17:44:12 - [MESSAGE][PASSED] - Object: 'Object Repository/CheckoutPage/button_Checkout' is clicked on

2023-05-12 17:44:12 - [TEST_STEP][PASSED] - sendKeys(findTestObject("Object Repository/checkout-step-one/input_Checkout Your Information_firstName"), "demo"): Keys 'demo' sent to object: 'Object Repository/checkout-step-one/input_Checkout Your Information_firstName'

2023-05-12 17:44:13 - [MESSAGE][PASSED] - Keys 'demo' sent to object: 'Object Repository/checkout-step-one/input_Checkout Your Information_firstName'

2023-05-12 17:44:13 - [TEST_STEP][PASSED] - sendKeys(findTestObject("Object Repository/checkout-step-one/input_Checkout Your Information_lastName"), "qa test"): Keys 'qa test' sent to object: 'Object Repository/checkout-step-one/input_Checkout Your Information_lastName'

2023-05-12 17:44:14 - [MESSAGE][PASSED] - Keys 'qa test' sent to object: 'Object Repository/checkout-step-one/input_Checkout Your Information_lastName'

2023-05-12 17:44:14 - [TEST_STEP][PASSED] - sendKeys(findTestObject("Object Repository/checkout-step-one/input_Checkout Your Information_postalCode"), "9000"): Keys '9000' sent to object: 'Object Repository/checkout-step-one/input_Checkout Your Information_postalCode'

2023-05-12 17:44:14 - [MESSAGE][PASSED] - Keys '9000' sent to object: 'Object Repository/checkout-step-one/input_Checkout Your Information_postalCode'

2023-05-12 17:44:14 - [TEST_STEP][PASSED] - click(findTestObject("Object Repository/checkout-step-one/input_continue")): Object: 'Object Repository/checkout-step-one/input_continue' is clicked on

2023-05-12 17:44:15 - [MESSAGE][PASSED] - Object: 'Object Repository/checkout-step-one/input_continue' is clicked on

2023-05-12 17:44:15 - [TEST_STEP][PASSED] - click(findTestObject("Object Repository/finish checkout/button_Finish")): Object: 'Object Repository/finish checkout/button_Finish' is clicked on

2023-05-12 17:44:15 - [MESSAGE][PASSED] - Object: 'Object Repository/finish checkout/button_Finish' is clicked on

2023-05-12 17:44:15 - [TEST_STEP][PASSED] - verifyElementVisible(findTestObject("Object Repository/order-success/h2_Thank you for your order")): Object 'Object Repository/order-success/h2_Thank you for your order' is visible

2023-05-12 17:44:16 - [MESSAGE][PASSED] - Object 'Object Repository/order-success/h2_Thank you for your order' is visible

2023-05-12 17:44:16 - [TEST_STEP][PASSED] - click(findTestObject("Object Repository/NavSideBar/sidebar")): Object: 'Object Repository/NavSideBar/sidebar' is clicked on

2023-05-12 17:44:16 - [MESSAGE][PASSED] - Object: 'Object Repository/NavSideBar/sidebar' is clicked on

2023-05-12 17:44:16 - [TEST_STEP][PASSED] - click(findTestObject("Object Repository/NavSideBar/a_Logout")): Object: 'Object Repository/NavSideBar/a_Logout' is clicked on

2023-05-12 17:44:17 - [MESSAGE][PASSED] - Object: 'Object Repository/NavSideBar/a_Logout' is clicked on

2023-05-12 17:44:17 - [TEST_STEP][PASSED] - verifyElementVisible(findTestObject("Object Repository/Page_Swag Labs/input_Swag Labs_user-name")): Object 'Object Repository/Page_Swag Labs/input_Swag Labs_user-name' is visible

2023-05-12 17:44:17 - [MESSAGE][PASSED] - Object 'Object Repository/Page_Swag Labs/input_Swag Labs_user-name' is visible

2023-05-12 17:44:17 - [TEST_STEP][PASSED] - closeBrowser(): Browser is closed

2023-05-12 17:44:18 - [MESSAGE][PASSED] - Browser is closed]]></system-out>
         <system-err><![CDATA[]]></system-err>
      </testcase>
      <testcase name="Test Cases/test-flow-1-buy-1-product" time="11.767" classname="Test Cases/test-flow-1-buy-1-product" status="PASSED">
         <system-out><![CDATA[2023-05-12 17:44:18 - [TEST_CASE][PASSED] - Test Cases/test-flow-1-buy-1-product: Test Cases/test-flow-1-buy-1-product

2023-05-12 17:44:18 - [TEST_STEP][PASSED] - openBrowser("https://www.saucedemo.com/"): Browser is opened with url: 'https://www.saucedemo.com/'

2023-05-12 17:44:18 - [MESSAGE][INFO] - Starting 'Chrome' driver

2023-05-12 17:44:18 - [MESSAGE][INFO] - Action delay is set to 0 milliseconds

2023-05-12 17:44:20 - [MESSAGE][PASSED] - Browser is opened with url: 'https://www.saucedemo.com/'

2023-05-12 17:44:20 - [TEST_STEP][PASSED] - click(findTestObject("Object Repository/Page_Swag Labs/input_Swag Labs_user-name")): Object: 'Object Repository/Page_Swag Labs/input_Swag Labs_user-name' is clicked on

2023-05-12 17:44:20 - [MESSAGE][PASSED] - Object: 'Object Repository/Page_Swag Labs/input_Swag Labs_user-name' is clicked on

2023-05-12 17:44:20 - [TEST_STEP][PASSED] - sendKeys(findTestObject("Object Repository/Page_Swag Labs/input_Swag Labs_user-name"), "standard_user"): Keys 'standard_user' sent to object: 'Object Repository/Page_Swag Labs/input_Swag Labs_user-name'

2023-05-12 17:44:21 - [MESSAGE][PASSED] - Keys 'standard_user' sent to object: 'Object Repository/Page_Swag Labs/input_Swag Labs_user-name'

2023-05-12 17:44:21 - [TEST_STEP][PASSED] - click(findTestObject("Object Repository/Page_Swag Labs/input_Swag Labs_password")): Object: 'Object Repository/Page_Swag Labs/input_Swag Labs_password' is clicked on

2023-05-12 17:44:21 - [MESSAGE][PASSED] - Object: 'Object Repository/Page_Swag Labs/input_Swag Labs_password' is clicked on

2023-05-12 17:44:21 - [TEST_STEP][PASSED] - sendKeys(findTestObject("Object Repository/Page_Swag Labs/input_Swag Labs_password"), "secret_sauce"): Keys 'secret_sauce' sent to object: 'Object Repository/Page_Swag Labs/input_Swag Labs_password'

2023-05-12 17:44:21 - [MESSAGE][PASSED] - Keys 'secret_sauce' sent to object: 'Object Repository/Page_Swag Labs/input_Swag Labs_password'

2023-05-12 17:44:21 - [TEST_STEP][PASSED] - click(findTestObject("Object Repository/Page_Swag Labs/input_Swag Labs_login-button")): Object: 'Object Repository/Page_Swag Labs/input_Swag Labs_login-button' is clicked on

2023-05-12 17:44:22 - [MESSAGE][PASSED] - Object: 'Object Repository/Page_Swag Labs/input_Swag Labs_login-button' is clicked on

2023-05-12 17:44:22 - [TEST_STEP][PASSED] - click(findTestObject("Object Repository/inventoryPage/Backpack")): Object: 'Object Repository/inventoryPage/Backpack' is clicked on

2023-05-12 17:44:22 - [MESSAGE][PASSED] - Object: 'Object Repository/inventoryPage/Backpack' is clicked on

2023-05-12 17:44:22 - [TEST_STEP][PASSED] - click(findTestObject("Object Repository/inventoryPage/button_Add to cart")): Object: 'Object Repository/inventoryPage/button_Add to cart' is clicked on

2023-05-12 17:44:23 - [MESSAGE][PASSED] - Object: 'Object Repository/inventoryPage/button_Add to cart' is clicked on

2023-05-12 17:44:23 - [TEST_STEP][PASSED] - click(findTestObject("Object Repository/inventoryPage/products_back-image")): Object: 'Object Repository/inventoryPage/products_back-image' is clicked on

2023-05-12 17:44:23 - [MESSAGE][PASSED] - Object: 'Object Repository/inventoryPage/products_back-image' is clicked on

2023-05-12 17:44:23 - [TEST_STEP][PASSED] - click(findTestObject("Object Repository/inventoryPage/cart")): Object: 'Object Repository/inventoryPage/cart' is clicked on

2023-05-12 17:44:24 - [MESSAGE][PASSED] - Object: 'Object Repository/inventoryPage/cart' is clicked on

2023-05-12 17:44:24 - [TEST_STEP][PASSED] - click(findTestObject("Object Repository/CheckoutPage/button_Checkout")): Object: 'Object Repository/CheckoutPage/button_Checkout' is clicked on

2023-05-12 17:44:24 - [MESSAGE][PASSED] - Object: 'Object Repository/CheckoutPage/button_Checkout' is clicked on

2023-05-12 17:44:24 - [TEST_STEP][PASSED] - sendKeys(findTestObject("Object Repository/checkout-step-one/input_Checkout Your Information_firstName"), "demo"): Keys 'demo' sent to object: 'Object Repository/checkout-step-one/input_Checkout Your Information_firstName'

2023-05-12 17:44:25 - [MESSAGE][PASSED] - Keys 'demo' sent to object: 'Object Repository/checkout-step-one/input_Checkout Your Information_firstName'

2023-05-12 17:44:25 - [TEST_STEP][PASSED] - sendKeys(findTestObject("Object Repository/checkout-step-one/input_Checkout Your Information_lastName"), "qa test"): Keys 'qa test' sent to object: 'Object Repository/checkout-step-one/input_Checkout Your Information_lastName'

2023-05-12 17:44:25 - [MESSAGE][PASSED] - Keys 'qa test' sent to object: 'Object Repository/checkout-step-one/input_Checkout Your Information_lastName'

2023-05-12 17:44:25 - [TEST_STEP][PASSED] - sendKeys(findTestObject("Object Repository/checkout-step-one/input_Checkout Your Information_postalCode"), "9000"): Keys '9000' sent to object: 'Object Repository/checkout-step-one/input_Checkout Your Information_postalCode'

2023-05-12 17:44:26 - [MESSAGE][PASSED] - Keys '9000' sent to object: 'Object Repository/checkout-step-one/input_Checkout Your Information_postalCode'

2023-05-12 17:44:26 - [TEST_STEP][PASSED] - click(findTestObject("Object Repository/checkout-step-one/input_continue")): Object: 'Object Repository/checkout-step-one/input_continue' is clicked on

2023-05-12 17:44:27 - [MESSAGE][PASSED] - Object: 'Object Repository/checkout-step-one/input_continue' is clicked on

2023-05-12 17:44:27 - [TEST_STEP][PASSED] - click(findTestObject("Object Repository/finish checkout/button_Finish")): Object: 'Object Repository/finish checkout/button_Finish' is clicked on

2023-05-12 17:44:27 - [MESSAGE][PASSED] - Object: 'Object Repository/finish checkout/button_Finish' is clicked on

2023-05-12 17:44:27 - [TEST_STEP][PASSED] - verifyElementVisible(findTestObject("Object Repository/order-success/h2_Thank you for your order")): Object 'Object Repository/order-success/h2_Thank you for your order' is visible

2023-05-12 17:44:28 - [MESSAGE][PASSED] - Object 'Object Repository/order-success/h2_Thank you for your order' is visible

2023-05-12 17:44:28 - [TEST_STEP][PASSED] - click(findTestObject("Object Repository/NavSideBar/sidebar")): Object: 'Object Repository/NavSideBar/sidebar' is clicked on

2023-05-12 17:44:28 - [MESSAGE][PASSED] - Object: 'Object Repository/NavSideBar/sidebar' is clicked on

2023-05-12 17:44:28 - [TEST_STEP][PASSED] - click(findTestObject("Object Repository/NavSideBar/a_Logout")): Object: 'Object Repository/NavSideBar/a_Logout' is clicked on

2023-05-12 17:44:29 - [MESSAGE][PASSED] - Object: 'Object Repository/NavSideBar/a_Logout' is clicked on

2023-05-12 17:44:29 - [TEST_STEP][PASSED] - verifyElementVisible(findTestObject("Object Repository/Page_Swag Labs/input_Swag Labs_user-name")): Object 'Object Repository/Page_Swag Labs/input_Swag Labs_user-name' is visible

2023-05-12 17:44:29 - [MESSAGE][PASSED] - Object 'Object Repository/Page_Swag Labs/input_Swag Labs_user-name' is visible

2023-05-12 17:44:29 - [TEST_STEP][PASSED] - closeBrowser(): Browser is closed

2023-05-12 17:44:30 - [MESSAGE][PASSED] - Browser is closed]]></system-out>
         <system-err><![CDATA[]]></system-err>
      </testcase>
      <testcase name="Test Cases/test-flow-1-buy-1-product" time="11.839" classname="Test Cases/test-flow-1-buy-1-product" status="PASSED">
         <system-out><![CDATA[2023-05-12 17:44:30 - [TEST_CASE][PASSED] - Test Cases/test-flow-1-buy-1-product: Test Cases/test-flow-1-buy-1-product

2023-05-12 17:44:30 - [TEST_STEP][PASSED] - openBrowser("https://www.saucedemo.com/"): Browser is opened with url: 'https://www.saucedemo.com/'

2023-05-12 17:44:30 - [MESSAGE][INFO] - Starting 'Chrome' driver

2023-05-12 17:44:30 - [MESSAGE][INFO] - Action delay is set to 0 milliseconds

2023-05-12 17:44:32 - [MESSAGE][PASSED] - Browser is opened with url: 'https://www.saucedemo.com/'

2023-05-12 17:44:32 - [TEST_STEP][PASSED] - click(findTestObject("Object Repository/Page_Swag Labs/input_Swag Labs_user-name")): Object: 'Object Repository/Page_Swag Labs/input_Swag Labs_user-name' is clicked on

2023-05-12 17:44:32 - [MESSAGE][PASSED] - Object: 'Object Repository/Page_Swag Labs/input_Swag Labs_user-name' is clicked on

2023-05-12 17:44:32 - [TEST_STEP][PASSED] - sendKeys(findTestObject("Object Repository/Page_Swag Labs/input_Swag Labs_user-name"), "standard_user"): Keys 'standard_user' sent to object: 'Object Repository/Page_Swag Labs/input_Swag Labs_user-name'

2023-05-12 17:44:32 - [MESSAGE][PASSED] - Keys 'standard_user' sent to object: 'Object Repository/Page_Swag Labs/input_Swag Labs_user-name'

2023-05-12 17:44:32 - [TEST_STEP][PASSED] - click(findTestObject("Object Repository/Page_Swag Labs/input_Swag Labs_password")): Object: 'Object Repository/Page_Swag Labs/input_Swag Labs_password' is clicked on

2023-05-12 17:44:33 - [MESSAGE][PASSED] - Object: 'Object Repository/Page_Swag Labs/input_Swag Labs_password' is clicked on

2023-05-12 17:44:33 - [TEST_STEP][PASSED] - sendKeys(findTestObject("Object Repository/Page_Swag Labs/input_Swag Labs_password"), "secret_sauce"): Keys 'secret_sauce' sent to object: 'Object Repository/Page_Swag Labs/input_Swag Labs_password'

2023-05-12 17:44:33 - [MESSAGE][PASSED] - Keys 'secret_sauce' sent to object: 'Object Repository/Page_Swag Labs/input_Swag Labs_password'

2023-05-12 17:44:33 - [TEST_STEP][PASSED] - click(findTestObject("Object Repository/Page_Swag Labs/input_Swag Labs_login-button")): Object: 'Object Repository/Page_Swag Labs/input_Swag Labs_login-button' is clicked on

2023-05-12 17:44:34 - [MESSAGE][PASSED] - Object: 'Object Repository/Page_Swag Labs/input_Swag Labs_login-button' is clicked on

2023-05-12 17:44:34 - [TEST_STEP][PASSED] - click(findTestObject("Object Repository/inventoryPage/Backpack")): Object: 'Object Repository/inventoryPage/Backpack' is clicked on

2023-05-12 17:44:34 - [MESSAGE][PASSED] - Object: 'Object Repository/inventoryPage/Backpack' is clicked on

2023-05-12 17:44:34 - [TEST_STEP][PASSED] - click(findTestObject("Object Repository/inventoryPage/button_Add to cart")): Object: 'Object Repository/inventoryPage/button_Add to cart' is clicked on

2023-05-12 17:44:34 - [MESSAGE][PASSED] - Object: 'Object Repository/inventoryPage/button_Add to cart' is clicked on

2023-05-12 17:44:34 - [TEST_STEP][PASSED] - click(findTestObject("Object Repository/inventoryPage/products_back-image")): Object: 'Object Repository/inventoryPage/products_back-image' is clicked on

2023-05-12 17:44:35 - [MESSAGE][PASSED] - Object: 'Object Repository/inventoryPage/products_back-image' is clicked on

2023-05-12 17:44:35 - [TEST_STEP][PASSED] - click(findTestObject("Object Repository/inventoryPage/cart")): Object: 'Object Repository/inventoryPage/cart' is clicked on

2023-05-12 17:44:36 - [MESSAGE][PASSED] - Object: 'Object Repository/inventoryPage/cart' is clicked on

2023-05-12 17:44:36 - [TEST_STEP][PASSED] - click(findTestObject("Object Repository/CheckoutPage/button_Checkout")): Object: 'Object Repository/CheckoutPage/button_Checkout' is clicked on

2023-05-12 17:44:36 - [MESSAGE][PASSED] - Object: 'Object Repository/CheckoutPage/button_Checkout' is clicked on

2023-05-12 17:44:36 - [TEST_STEP][PASSED] - sendKeys(findTestObject("Object Repository/checkout-step-one/input_Checkout Your Information_firstName"), "demo"): Keys 'demo' sent to object: 'Object Repository/checkout-step-one/input_Checkout Your Information_firstName'

2023-05-12 17:44:37 - [MESSAGE][PASSED] - Keys 'demo' sent to object: 'Object Repository/checkout-step-one/input_Checkout Your Information_firstName'

2023-05-12 17:44:37 - [TEST_STEP][PASSED] - sendKeys(findTestObject("Object Repository/checkout-step-one/input_Checkout Your Information_lastName"), "qa test"): Keys 'qa test' sent to object: 'Object Repository/checkout-step-one/input_Checkout Your Information_lastName'

2023-05-12 17:44:37 - [MESSAGE][PASSED] - Keys 'qa test' sent to object: 'Object Repository/checkout-step-one/input_Checkout Your Information_lastName'

2023-05-12 17:44:37 - [TEST_STEP][PASSED] - sendKeys(findTestObject("Object Repository/checkout-step-one/input_Checkout Your Information_postalCode"), "9000"): Keys '9000' sent to object: 'Object Repository/checkout-step-one/input_Checkout Your Information_postalCode'

2023-05-12 17:44:38 - [MESSAGE][PASSED] - Keys '9000' sent to object: 'Object Repository/checkout-step-one/input_Checkout Your Information_postalCode'

2023-05-12 17:44:38 - [TEST_STEP][PASSED] - click(findTestObject("Object Repository/checkout-step-one/input_continue")): Object: 'Object Repository/checkout-step-one/input_continue' is clicked on

2023-05-12 17:44:38 - [MESSAGE][PASSED] - Object: 'Object Repository/checkout-step-one/input_continue' is clicked on

2023-05-12 17:44:38 - [TEST_STEP][PASSED] - click(findTestObject("Object Repository/finish checkout/button_Finish")): Object: 'Object Repository/finish checkout/button_Finish' is clicked on

2023-05-12 17:44:39 - [MESSAGE][PASSED] - Object: 'Object Repository/finish checkout/button_Finish' is clicked on

2023-05-12 17:44:39 - [TEST_STEP][PASSED] - verifyElementVisible(findTestObject("Object Repository/order-success/h2_Thank you for your order")): Object 'Object Repository/order-success/h2_Thank you for your order' is visible

2023-05-12 17:44:40 - [MESSAGE][PASSED] - Object 'Object Repository/order-success/h2_Thank you for your order' is visible

2023-05-12 17:44:40 - [TEST_STEP][PASSED] - click(findTestObject("Object Repository/NavSideBar/sidebar")): Object: 'Object Repository/NavSideBar/sidebar' is clicked on

2023-05-12 17:44:40 - [MESSAGE][PASSED] - Object: 'Object Repository/NavSideBar/sidebar' is clicked on

2023-05-12 17:44:40 - [TEST_STEP][PASSED] - click(findTestObject("Object Repository/NavSideBar/a_Logout")): Object: 'Object Repository/NavSideBar/a_Logout' is clicked on

2023-05-12 17:44:40 - [MESSAGE][PASSED] - Object: 'Object Repository/NavSideBar/a_Logout' is clicked on

2023-05-12 17:44:40 - [TEST_STEP][PASSED] - verifyElementVisible(findTestObject("Object Repository/Page_Swag Labs/input_Swag Labs_user-name")): Object 'Object Repository/Page_Swag Labs/input_Swag Labs_user-name' is visible

2023-05-12 17:44:41 - [MESSAGE][PASSED] - Object 'Object Repository/Page_Swag Labs/input_Swag Labs_user-name' is visible

2023-05-12 17:44:41 - [TEST_STEP][PASSED] - closeBrowser(): Browser is closed

2023-05-12 17:44:42 - [MESSAGE][PASSED] - Browser is closed]]></system-out>
         <system-err><![CDATA[]]></system-err>
      </testcase>
      <testcase name="Test Cases/test-flow-1-buy-1-product" time="11.863" classname="Test Cases/test-flow-1-buy-1-product" status="PASSED">
         <system-out><![CDATA[2023-05-12 17:44:42 - [TEST_CASE][PASSED] - Test Cases/test-flow-1-buy-1-product: Test Cases/test-flow-1-buy-1-product

2023-05-12 17:44:42 - [TEST_STEP][PASSED] - openBrowser("https://www.saucedemo.com/"): Browser is opened with url: 'https://www.saucedemo.com/'

2023-05-12 17:44:42 - [MESSAGE][INFO] - Starting 'Chrome' driver

2023-05-12 17:44:42 - [MESSAGE][INFO] - Action delay is set to 0 milliseconds

2023-05-12 17:44:44 - [MESSAGE][PASSED] - Browser is opened with url: 'https://www.saucedemo.com/'

2023-05-12 17:44:44 - [TEST_STEP][PASSED] - click(findTestObject("Object Repository/Page_Swag Labs/input_Swag Labs_user-name")): Object: 'Object Repository/Page_Swag Labs/input_Swag Labs_user-name' is clicked on

2023-05-12 17:44:44 - [MESSAGE][PASSED] - Object: 'Object Repository/Page_Swag Labs/input_Swag Labs_user-name' is clicked on

2023-05-12 17:44:44 - [TEST_STEP][PASSED] - sendKeys(findTestObject("Object Repository/Page_Swag Labs/input_Swag Labs_user-name"), "standard_user"): Keys 'standard_user' sent to object: 'Object Repository/Page_Swag Labs/input_Swag Labs_user-name'

2023-05-12 17:44:44 - [MESSAGE][PASSED] - Keys 'standard_user' sent to object: 'Object Repository/Page_Swag Labs/input_Swag Labs_user-name'

2023-05-12 17:44:44 - [TEST_STEP][PASSED] - click(findTestObject("Object Repository/Page_Swag Labs/input_Swag Labs_password")): Object: 'Object Repository/Page_Swag Labs/input_Swag Labs_password' is clicked on

2023-05-12 17:44:45 - [MESSAGE][PASSED] - Object: 'Object Repository/Page_Swag Labs/input_Swag Labs_password' is clicked on

2023-05-12 17:44:45 - [TEST_STEP][PASSED] - sendKeys(findTestObject("Object Repository/Page_Swag Labs/input_Swag Labs_password"), "secret_sauce"): Keys 'secret_sauce' sent to object: 'Object Repository/Page_Swag Labs/input_Swag Labs_password'

2023-05-12 17:44:45 - [MESSAGE][PASSED] - Keys 'secret_sauce' sent to object: 'Object Repository/Page_Swag Labs/input_Swag Labs_password'

2023-05-12 17:44:45 - [TEST_STEP][PASSED] - click(findTestObject("Object Repository/Page_Swag Labs/input_Swag Labs_login-button")): Object: 'Object Repository/Page_Swag Labs/input_Swag Labs_login-button' is clicked on

2023-05-12 17:44:45 - [MESSAGE][PASSED] - Object: 'Object Repository/Page_Swag Labs/input_Swag Labs_login-button' is clicked on

2023-05-12 17:44:45 - [TEST_STEP][PASSED] - click(findTestObject("Object Repository/inventoryPage/Backpack")): Object: 'Object Repository/inventoryPage/Backpack' is clicked on

2023-05-12 17:44:46 - [MESSAGE][PASSED] - Object: 'Object Repository/inventoryPage/Backpack' is clicked on

2023-05-12 17:44:46 - [TEST_STEP][PASSED] - click(findTestObject("Object Repository/inventoryPage/button_Add to cart")): Object: 'Object Repository/inventoryPage/button_Add to cart' is clicked on

2023-05-12 17:44:46 - [MESSAGE][PASSED] - Object: 'Object Repository/inventoryPage/button_Add to cart' is clicked on

2023-05-12 17:44:46 - [TEST_STEP][PASSED] - click(findTestObject("Object Repository/inventoryPage/products_back-image")): Object: 'Object Repository/inventoryPage/products_back-image' is clicked on

2023-05-12 17:44:47 - [MESSAGE][PASSED] - Object: 'Object Repository/inventoryPage/products_back-image' is clicked on

2023-05-12 17:44:47 - [TEST_STEP][PASSED] - click(findTestObject("Object Repository/inventoryPage/cart")): Object: 'Object Repository/inventoryPage/cart' is clicked on

2023-05-12 17:44:47 - [MESSAGE][PASSED] - Object: 'Object Repository/inventoryPage/cart' is clicked on

2023-05-12 17:44:47 - [TEST_STEP][PASSED] - click(findTestObject("Object Repository/CheckoutPage/button_Checkout")): Object: 'Object Repository/CheckoutPage/button_Checkout' is clicked on

2023-05-12 17:44:48 - [MESSAGE][PASSED] - Object: 'Object Repository/CheckoutPage/button_Checkout' is clicked on

2023-05-12 17:44:48 - [TEST_STEP][PASSED] - sendKeys(findTestObject("Object Repository/checkout-step-one/input_Checkout Your Information_firstName"), "demo"): Keys 'demo' sent to object: 'Object Repository/checkout-step-one/input_Checkout Your Information_firstName'

2023-05-12 17:44:49 - [MESSAGE][PASSED] - Keys 'demo' sent to object: 'Object Repository/checkout-step-one/input_Checkout Your Information_firstName'

2023-05-12 17:44:49 - [TEST_STEP][PASSED] - sendKeys(findTestObject("Object Repository/checkout-step-one/input_Checkout Your Information_lastName"), "qa test"): Keys 'qa test' sent to object: 'Object Repository/checkout-step-one/input_Checkout Your Information_lastName'

2023-05-12 17:44:49 - [MESSAGE][PASSED] - Keys 'qa test' sent to object: 'Object Repository/checkout-step-one/input_Checkout Your Information_lastName'

2023-05-12 17:44:49 - [TEST_STEP][PASSED] - sendKeys(findTestObject("Object Repository/checkout-step-one/input_Checkout Your Information_postalCode"), "9000"): Keys '9000' sent to object: 'Object Repository/checkout-step-one/input_Checkout Your Information_postalCode'

2023-05-12 17:44:50 - [MESSAGE][PASSED] - Keys '9000' sent to object: 'Object Repository/checkout-step-one/input_Checkout Your Information_postalCode'

2023-05-12 17:44:50 - [TEST_STEP][PASSED] - click(findTestObject("Object Repository/checkout-step-one/input_continue")): Object: 'Object Repository/checkout-step-one/input_continue' is clicked on

2023-05-12 17:44:50 - [MESSAGE][PASSED] - Object: 'Object Repository/checkout-step-one/input_continue' is clicked on

2023-05-12 17:44:50 - [TEST_STEP][PASSED] - click(findTestObject("Object Repository/finish checkout/button_Finish")): Object: 'Object Repository/finish checkout/button_Finish' is clicked on

2023-05-12 17:44:51 - [MESSAGE][PASSED] - Object: 'Object Repository/finish checkout/button_Finish' is clicked on

2023-05-12 17:44:51 - [TEST_STEP][PASSED] - verifyElementVisible(findTestObject("Object Repository/order-success/h2_Thank you for your order")): Object 'Object Repository/order-success/h2_Thank you for your order' is visible

2023-05-12 17:44:51 - [MESSAGE][PASSED] - Object 'Object Repository/order-success/h2_Thank you for your order' is visible

2023-05-12 17:44:51 - [TEST_STEP][PASSED] - click(findTestObject("Object Repository/NavSideBar/sidebar")): Object: 'Object Repository/NavSideBar/sidebar' is clicked on

2023-05-12 17:44:52 - [MESSAGE][PASSED] - Object: 'Object Repository/NavSideBar/sidebar' is clicked on

2023-05-12 17:44:52 - [TEST_STEP][PASSED] - click(findTestObject("Object Repository/NavSideBar/a_Logout")): Object: 'Object Repository/NavSideBar/a_Logout' is clicked on

2023-05-12 17:44:52 - [MESSAGE][PASSED] - Object: 'Object Repository/NavSideBar/a_Logout' is clicked on

2023-05-12 17:44:52 - [TEST_STEP][PASSED] - verifyElementVisible(findTestObject("Object Repository/Page_Swag Labs/input_Swag Labs_user-name")): Object 'Object Repository/Page_Swag Labs/input_Swag Labs_user-name' is visible

2023-05-12 17:44:53 - [MESSAGE][PASSED] - Object 'Object Repository/Page_Swag Labs/input_Swag Labs_user-name' is visible

2023-05-12 17:44:53 - [TEST_STEP][PASSED] - closeBrowser(): Browser is closed

2023-05-12 17:44:53 - [MESSAGE][PASSED] - Browser is closed]]></system-out>
         <system-err><![CDATA[]]></system-err>
      </testcase>
      <testcase name="Test Cases/test-flow-1-buy-1-product" time="11.916" classname="Test Cases/test-flow-1-buy-1-product" status="PASSED">
         <system-out><![CDATA[2023-05-12 17:44:53 - [TEST_CASE][PASSED] - Test Cases/test-flow-1-buy-1-product: Test Cases/test-flow-1-buy-1-product

2023-05-12 17:44:53 - [TEST_STEP][PASSED] - openBrowser("https://www.saucedemo.com/"): Browser is opened with url: 'https://www.saucedemo.com/'

2023-05-12 17:44:53 - [MESSAGE][INFO] - Starting 'Chrome' driver

2023-05-12 17:44:53 - [MESSAGE][INFO] - Action delay is set to 0 milliseconds

2023-05-12 17:44:55 - [MESSAGE][PASSED] - Browser is opened with url: 'https://www.saucedemo.com/'

2023-05-12 17:44:55 - [TEST_STEP][PASSED] - click(findTestObject("Object Repository/Page_Swag Labs/input_Swag Labs_user-name")): Object: 'Object Repository/Page_Swag Labs/input_Swag Labs_user-name' is clicked on

2023-05-12 17:44:56 - [MESSAGE][PASSED] - Object: 'Object Repository/Page_Swag Labs/input_Swag Labs_user-name' is clicked on

2023-05-12 17:44:56 - [TEST_STEP][PASSED] - sendKeys(findTestObject("Object Repository/Page_Swag Labs/input_Swag Labs_user-name"), "standard_user"): Keys 'standard_user' sent to object: 'Object Repository/Page_Swag Labs/input_Swag Labs_user-name'

2023-05-12 17:44:56 - [MESSAGE][PASSED] - Keys 'standard_user' sent to object: 'Object Repository/Page_Swag Labs/input_Swag Labs_user-name'

2023-05-12 17:44:56 - [TEST_STEP][PASSED] - click(findTestObject("Object Repository/Page_Swag Labs/input_Swag Labs_password")): Object: 'Object Repository/Page_Swag Labs/input_Swag Labs_password' is clicked on

2023-05-12 17:44:56 - [MESSAGE][PASSED] - Object: 'Object Repository/Page_Swag Labs/input_Swag Labs_password' is clicked on

2023-05-12 17:44:56 - [TEST_STEP][PASSED] - sendKeys(findTestObject("Object Repository/Page_Swag Labs/input_Swag Labs_password"), "secret_sauce"): Keys 'secret_sauce' sent to object: 'Object Repository/Page_Swag Labs/input_Swag Labs_password'

2023-05-12 17:44:57 - [MESSAGE][PASSED] - Keys 'secret_sauce' sent to object: 'Object Repository/Page_Swag Labs/input_Swag Labs_password'

2023-05-12 17:44:57 - [TEST_STEP][PASSED] - click(findTestObject("Object Repository/Page_Swag Labs/input_Swag Labs_login-button")): Object: 'Object Repository/Page_Swag Labs/input_Swag Labs_login-button' is clicked on

2023-05-12 17:44:57 - [MESSAGE][PASSED] - Object: 'Object Repository/Page_Swag Labs/input_Swag Labs_login-button' is clicked on

2023-05-12 17:44:57 - [TEST_STEP][PASSED] - click(findTestObject("Object Repository/inventoryPage/Backpack")): Object: 'Object Repository/inventoryPage/Backpack' is clicked on

2023-05-12 17:44:58 - [MESSAGE][PASSED] - Object: 'Object Repository/inventoryPage/Backpack' is clicked on

2023-05-12 17:44:58 - [TEST_STEP][PASSED] - click(findTestObject("Object Repository/inventoryPage/button_Add to cart")): Object: 'Object Repository/inventoryPage/button_Add to cart' is clicked on

2023-05-12 17:44:58 - [MESSAGE][PASSED] - Object: 'Object Repository/inventoryPage/button_Add to cart' is clicked on

2023-05-12 17:44:58 - [TEST_STEP][PASSED] - click(findTestObject("Object Repository/inventoryPage/products_back-image")): Object: 'Object Repository/inventoryPage/products_back-image' is clicked on

2023-05-12 17:44:59 - [MESSAGE][PASSED] - Object: 'Object Repository/inventoryPage/products_back-image' is clicked on

2023-05-12 17:44:59 - [TEST_STEP][PASSED] - click(findTestObject("Object Repository/inventoryPage/cart")): Object: 'Object Repository/inventoryPage/cart' is clicked on

2023-05-12 17:44:59 - [MESSAGE][PASSED] - Object: 'Object Repository/inventoryPage/cart' is clicked on

2023-05-12 17:44:59 - [TEST_STEP][PASSED] - click(findTestObject("Object Repository/CheckoutPage/button_Checkout")): Object: 'Object Repository/CheckoutPage/button_Checkout' is clicked on

2023-05-12 17:45:00 - [MESSAGE][PASSED] - Object: 'Object Repository/CheckoutPage/button_Checkout' is clicked on

2023-05-12 17:45:00 - [TEST_STEP][PASSED] - sendKeys(findTestObject("Object Repository/checkout-step-one/input_Checkout Your Information_firstName"), "demo"): Keys 'demo' sent to object: 'Object Repository/checkout-step-one/input_Checkout Your Information_firstName'

2023-05-12 17:45:00 - [MESSAGE][PASSED] - Keys 'demo' sent to object: 'Object Repository/checkout-step-one/input_Checkout Your Information_firstName'

2023-05-12 17:45:00 - [TEST_STEP][PASSED] - sendKeys(findTestObject("Object Repository/checkout-step-one/input_Checkout Your Information_lastName"), "qa test"): Keys 'qa test' sent to object: 'Object Repository/checkout-step-one/input_Checkout Your Information_lastName'

2023-05-12 17:45:01 - [MESSAGE][PASSED] - Keys 'qa test' sent to object: 'Object Repository/checkout-step-one/input_Checkout Your Information_lastName'

2023-05-12 17:45:01 - [TEST_STEP][PASSED] - sendKeys(findTestObject("Object Repository/checkout-step-one/input_Checkout Your Information_postalCode"), "9000"): Keys '9000' sent to object: 'Object Repository/checkout-step-one/input_Checkout Your Information_postalCode'

2023-05-12 17:45:02 - [MESSAGE][PASSED] - Keys '9000' sent to object: 'Object Repository/checkout-step-one/input_Checkout Your Information_postalCode'

2023-05-12 17:45:02 - [TEST_STEP][PASSED] - click(findTestObject("Object Repository/checkout-step-one/input_continue")): Object: 'Object Repository/checkout-step-one/input_continue' is clicked on

2023-05-12 17:45:02 - [MESSAGE][PASSED] - Object: 'Object Repository/checkout-step-one/input_continue' is clicked on

2023-05-12 17:45:02 - [TEST_STEP][PASSED] - click(findTestObject("Object Repository/finish checkout/button_Finish")): Object: 'Object Repository/finish checkout/button_Finish' is clicked on

2023-05-12 17:45:03 - [MESSAGE][PASSED] - Object: 'Object Repository/finish checkout/button_Finish' is clicked on

2023-05-12 17:45:03 - [TEST_STEP][PASSED] - verifyElementVisible(findTestObject("Object Repository/order-success/h2_Thank you for your order")): Object 'Object Repository/order-success/h2_Thank you for your order' is visible

2023-05-12 17:45:03 - [MESSAGE][PASSED] - Object 'Object Repository/order-success/h2_Thank you for your order' is visible

2023-05-12 17:45:03 - [TEST_STEP][PASSED] - click(findTestObject("Object Repository/NavSideBar/sidebar")): Object: 'Object Repository/NavSideBar/sidebar' is clicked on

2023-05-12 17:45:04 - [MESSAGE][PASSED] - Object: 'Object Repository/NavSideBar/sidebar' is clicked on

2023-05-12 17:45:04 - [TEST_STEP][PASSED] - click(findTestObject("Object Repository/NavSideBar/a_Logout")): Object: 'Object Repository/NavSideBar/a_Logout' is clicked on

2023-05-12 17:45:04 - [MESSAGE][PASSED] - Object: 'Object Repository/NavSideBar/a_Logout' is clicked on

2023-05-12 17:45:04 - [TEST_STEP][PASSED] - verifyElementVisible(findTestObject("Object Repository/Page_Swag Labs/input_Swag Labs_user-name")): Object 'Object Repository/Page_Swag Labs/input_Swag Labs_user-name' is visible

2023-05-12 17:45:05 - [MESSAGE][PASSED] - Object 'Object Repository/Page_Swag Labs/input_Swag Labs_user-name' is visible

2023-05-12 17:45:05 - [TEST_STEP][PASSED] - closeBrowser(): Browser is closed

2023-05-12 17:45:05 - [MESSAGE][PASSED] - Browser is closed]]></system-out>
         <system-err><![CDATA[]]></system-err>
      </testcase>
      <testcase name="Test Cases/test-flow-1-buy-1-product" time="11.839" classname="Test Cases/test-flow-1-buy-1-product" status="PASSED">
         <system-out><![CDATA[2023-05-12 17:45:05 - [TEST_CASE][PASSED] - Test Cases/test-flow-1-buy-1-product: Test Cases/test-flow-1-buy-1-product

2023-05-12 17:45:05 - [TEST_STEP][PASSED] - openBrowser("https://www.saucedemo.com/"): Browser is opened with url: 'https://www.saucedemo.com/'

2023-05-12 17:45:05 - [MESSAGE][INFO] - Starting 'Chrome' driver

2023-05-12 17:45:05 - [MESSAGE][INFO] - Action delay is set to 0 milliseconds

2023-05-12 17:45:07 - [MESSAGE][PASSED] - Browser is opened with url: 'https://www.saucedemo.com/'

2023-05-12 17:45:07 - [TEST_STEP][PASSED] - click(findTestObject("Object Repository/Page_Swag Labs/input_Swag Labs_user-name")): Object: 'Object Repository/Page_Swag Labs/input_Swag Labs_user-name' is clicked on

2023-05-12 17:45:08 - [MESSAGE][PASSED] - Object: 'Object Repository/Page_Swag Labs/input_Swag Labs_user-name' is clicked on

2023-05-12 17:45:08 - [TEST_STEP][PASSED] - sendKeys(findTestObject("Object Repository/Page_Swag Labs/input_Swag Labs_user-name"), "standard_user"): Keys 'standard_user' sent to object: 'Object Repository/Page_Swag Labs/input_Swag Labs_user-name'

2023-05-12 17:45:08 - [MESSAGE][PASSED] - Keys 'standard_user' sent to object: 'Object Repository/Page_Swag Labs/input_Swag Labs_user-name'

2023-05-12 17:45:08 - [TEST_STEP][PASSED] - click(findTestObject("Object Repository/Page_Swag Labs/input_Swag Labs_password")): Object: 'Object Repository/Page_Swag Labs/input_Swag Labs_password' is clicked on

2023-05-12 17:45:08 - [MESSAGE][PASSED] - Object: 'Object Repository/Page_Swag Labs/input_Swag Labs_password' is clicked on

2023-05-12 17:45:08 - [TEST_STEP][PASSED] - sendKeys(findTestObject("Object Repository/Page_Swag Labs/input_Swag Labs_password"), "secret_sauce"): Keys 'secret_sauce' sent to object: 'Object Repository/Page_Swag Labs/input_Swag Labs_password'

2023-05-12 17:45:09 - [MESSAGE][PASSED] - Keys 'secret_sauce' sent to object: 'Object Repository/Page_Swag Labs/input_Swag Labs_password'

2023-05-12 17:45:09 - [TEST_STEP][PASSED] - click(findTestObject("Object Repository/Page_Swag Labs/input_Swag Labs_login-button")): Object: 'Object Repository/Page_Swag Labs/input_Swag Labs_login-button' is clicked on

2023-05-12 17:45:09 - [MESSAGE][PASSED] - Object: 'Object Repository/Page_Swag Labs/input_Swag Labs_login-button' is clicked on

2023-05-12 17:45:09 - [TEST_STEP][PASSED] - click(findTestObject("Object Repository/inventoryPage/Backpack")): Object: 'Object Repository/inventoryPage/Backpack' is clicked on

2023-05-12 17:45:10 - [MESSAGE][PASSED] - Object: 'Object Repository/inventoryPage/Backpack' is clicked on

2023-05-12 17:45:10 - [TEST_STEP][PASSED] - click(findTestObject("Object Repository/inventoryPage/button_Add to cart")): Object: 'Object Repository/inventoryPage/button_Add to cart' is clicked on

2023-05-12 17:45:10 - [MESSAGE][PASSED] - Object: 'Object Repository/inventoryPage/button_Add to cart' is clicked on

2023-05-12 17:45:10 - [TEST_STEP][PASSED] - click(findTestObject("Object Repository/inventoryPage/products_back-image")): Object: 'Object Repository/inventoryPage/products_back-image' is clicked on

2023-05-12 17:45:11 - [MESSAGE][PASSED] - Object: 'Object Repository/inventoryPage/products_back-image' is clicked on

2023-05-12 17:45:11 - [TEST_STEP][PASSED] - click(findTestObject("Object Repository/inventoryPage/cart")): Object: 'Object Repository/inventoryPage/cart' is clicked on

2023-05-12 17:45:11 - [MESSAGE][PASSED] - Object: 'Object Repository/inventoryPage/cart' is clicked on

2023-05-12 17:45:11 - [TEST_STEP][PASSED] - click(findTestObject("Object Repository/CheckoutPage/button_Checkout")): Object: 'Object Repository/CheckoutPage/button_Checkout' is clicked on

2023-05-12 17:45:12 - [MESSAGE][PASSED] - Object: 'Object Repository/CheckoutPage/button_Checkout' is clicked on

2023-05-12 17:45:12 - [TEST_STEP][PASSED] - sendKeys(findTestObject("Object Repository/checkout-step-one/input_Checkout Your Information_firstName"), "demo"): Keys 'demo' sent to object: 'Object Repository/checkout-step-one/input_Checkout Your Information_firstName'

2023-05-12 17:45:12 - [MESSAGE][PASSED] - Keys 'demo' sent to object: 'Object Repository/checkout-step-one/input_Checkout Your Information_firstName'

2023-05-12 17:45:12 - [TEST_STEP][PASSED] - sendKeys(findTestObject("Object Repository/checkout-step-one/input_Checkout Your Information_lastName"), "qa test"): Keys 'qa test' sent to object: 'Object Repository/checkout-step-one/input_Checkout Your Information_lastName'

2023-05-12 17:45:13 - [MESSAGE][PASSED] - Keys 'qa test' sent to object: 'Object Repository/checkout-step-one/input_Checkout Your Information_lastName'

2023-05-12 17:45:13 - [TEST_STEP][PASSED] - sendKeys(findTestObject("Object Repository/checkout-step-one/input_Checkout Your Information_postalCode"), "9000"): Keys '9000' sent to object: 'Object Repository/checkout-step-one/input_Checkout Your Information_postalCode'

2023-05-12 17:45:13 - [MESSAGE][PASSED] - Keys '9000' sent to object: 'Object Repository/checkout-step-one/input_Checkout Your Information_postalCode'

2023-05-12 17:45:13 - [TEST_STEP][PASSED] - click(findTestObject("Object Repository/checkout-step-one/input_continue")): Object: 'Object Repository/checkout-step-one/input_continue' is clicked on

2023-05-12 17:45:14 - [MESSAGE][PASSED] - Object: 'Object Repository/checkout-step-one/input_continue' is clicked on

2023-05-12 17:45:14 - [TEST_STEP][PASSED] - click(findTestObject("Object Repository/finish checkout/button_Finish")): Object: 'Object Repository/finish checkout/button_Finish' is clicked on

2023-05-12 17:45:15 - [MESSAGE][PASSED] - Object: 'Object Repository/finish checkout/button_Finish' is clicked on

2023-05-12 17:45:15 - [TEST_STEP][PASSED] - verifyElementVisible(findTestObject("Object Repository/order-success/h2_Thank you for your order")): Object 'Object Repository/order-success/h2_Thank you for your order' is visible

2023-05-12 17:45:15 - [MESSAGE][PASSED] - Object 'Object Repository/order-success/h2_Thank you for your order' is visible

2023-05-12 17:45:15 - [TEST_STEP][PASSED] - click(findTestObject("Object Repository/NavSideBar/sidebar")): Object: 'Object Repository/NavSideBar/sidebar' is clicked on

2023-05-12 17:45:15 - [MESSAGE][PASSED] - Object: 'Object Repository/NavSideBar/sidebar' is clicked on

2023-05-12 17:45:15 - [TEST_STEP][PASSED] - click(findTestObject("Object Repository/NavSideBar/a_Logout")): Object: 'Object Repository/NavSideBar/a_Logout' is clicked on

2023-05-12 17:45:16 - [MESSAGE][PASSED] - Object: 'Object Repository/NavSideBar/a_Logout' is clicked on

2023-05-12 17:45:16 - [TEST_STEP][PASSED] - verifyElementVisible(findTestObject("Object Repository/Page_Swag Labs/input_Swag Labs_user-name")): Object 'Object Repository/Page_Swag Labs/input_Swag Labs_user-name' is visible

2023-05-12 17:45:17 - [MESSAGE][PASSED] - Object 'Object Repository/Page_Swag Labs/input_Swag Labs_user-name' is visible

2023-05-12 17:45:17 - [TEST_STEP][PASSED] - closeBrowser(): Browser is closed

2023-05-12 17:45:17 - [MESSAGE][PASSED] - Browser is closed]]></system-out>
         <system-err><![CDATA[]]></system-err>
      </testcase>
      <testcase name="Test Cases/test-flow-1-buy-1-product" time="11.779" classname="Test Cases/test-flow-1-buy-1-product" status="PASSED">
         <system-out><![CDATA[2023-05-12 17:45:17 - [TEST_CASE][PASSED] - Test Cases/test-flow-1-buy-1-product: Test Cases/test-flow-1-buy-1-product

2023-05-12 17:45:17 - [TEST_STEP][PASSED] - openBrowser("https://www.saucedemo.com/"): Browser is opened with url: 'https://www.saucedemo.com/'

2023-05-12 17:45:17 - [MESSAGE][INFO] - Starting 'Chrome' driver

2023-05-12 17:45:17 - [MESSAGE][INFO] - Action delay is set to 0 milliseconds

2023-05-12 17:45:19 - [MESSAGE][PASSED] - Browser is opened with url: 'https://www.saucedemo.com/'

2023-05-12 17:45:19 - [TEST_STEP][PASSED] - click(findTestObject("Object Repository/Page_Swag Labs/input_Swag Labs_user-name")): Object: 'Object Repository/Page_Swag Labs/input_Swag Labs_user-name' is clicked on

2023-05-12 17:45:20 - [MESSAGE][PASSED] - Object: 'Object Repository/Page_Swag Labs/input_Swag Labs_user-name' is clicked on

2023-05-12 17:45:20 - [TEST_STEP][PASSED] - sendKeys(findTestObject("Object Repository/Page_Swag Labs/input_Swag Labs_user-name"), "standard_user"): Keys 'standard_user' sent to object: 'Object Repository/Page_Swag Labs/input_Swag Labs_user-name'

2023-05-12 17:45:20 - [MESSAGE][PASSED] - Keys 'standard_user' sent to object: 'Object Repository/Page_Swag Labs/input_Swag Labs_user-name'

2023-05-12 17:45:20 - [TEST_STEP][PASSED] - click(findTestObject("Object Repository/Page_Swag Labs/input_Swag Labs_password")): Object: 'Object Repository/Page_Swag Labs/input_Swag Labs_password' is clicked on

2023-05-12 17:45:20 - [MESSAGE][PASSED] - Object: 'Object Repository/Page_Swag Labs/input_Swag Labs_password' is clicked on

2023-05-12 17:45:20 - [TEST_STEP][PASSED] - sendKeys(findTestObject("Object Repository/Page_Swag Labs/input_Swag Labs_password"), "secret_sauce"): Keys 'secret_sauce' sent to object: 'Object Repository/Page_Swag Labs/input_Swag Labs_password'

2023-05-12 17:45:21 - [MESSAGE][PASSED] - Keys 'secret_sauce' sent to object: 'Object Repository/Page_Swag Labs/input_Swag Labs_password'

2023-05-12 17:45:21 - [TEST_STEP][PASSED] - click(findTestObject("Object Repository/Page_Swag Labs/input_Swag Labs_login-button")): Object: 'Object Repository/Page_Swag Labs/input_Swag Labs_login-button' is clicked on

2023-05-12 17:45:21 - [MESSAGE][PASSED] - Object: 'Object Repository/Page_Swag Labs/input_Swag Labs_login-button' is clicked on

2023-05-12 17:45:21 - [TEST_STEP][PASSED] - click(findTestObject("Object Repository/inventoryPage/Backpack")): Object: 'Object Repository/inventoryPage/Backpack' is clicked on

2023-05-12 17:45:21 - [MESSAGE][PASSED] - Object: 'Object Repository/inventoryPage/Backpack' is clicked on

2023-05-12 17:45:21 - [TEST_STEP][PASSED] - click(findTestObject("Object Repository/inventoryPage/button_Add to cart")): Object: 'Object Repository/inventoryPage/button_Add to cart' is clicked on

2023-05-12 17:45:22 - [MESSAGE][PASSED] - Object: 'Object Repository/inventoryPage/button_Add to cart' is clicked on

2023-05-12 17:45:22 - [TEST_STEP][PASSED] - click(findTestObject("Object Repository/inventoryPage/products_back-image")): Object: 'Object Repository/inventoryPage/products_back-image' is clicked on

2023-05-12 17:45:22 - [MESSAGE][PASSED] - Object: 'Object Repository/inventoryPage/products_back-image' is clicked on

2023-05-12 17:45:22 - [TEST_STEP][PASSED] - click(findTestObject("Object Repository/inventoryPage/cart")): Object: 'Object Repository/inventoryPage/cart' is clicked on

2023-05-12 17:45:23 - [MESSAGE][PASSED] - Object: 'Object Repository/inventoryPage/cart' is clicked on

2023-05-12 17:45:23 - [TEST_STEP][PASSED] - click(findTestObject("Object Repository/CheckoutPage/button_Checkout")): Object: 'Object Repository/CheckoutPage/button_Checkout' is clicked on

2023-05-12 17:45:23 - [MESSAGE][PASSED] - Object: 'Object Repository/CheckoutPage/button_Checkout' is clicked on

2023-05-12 17:45:23 - [TEST_STEP][PASSED] - sendKeys(findTestObject("Object Repository/checkout-step-one/input_Checkout Your Information_firstName"), "demo"): Keys 'demo' sent to object: 'Object Repository/checkout-step-one/input_Checkout Your Information_firstName'

2023-05-12 17:45:24 - [MESSAGE][PASSED] - Keys 'demo' sent to object: 'Object Repository/checkout-step-one/input_Checkout Your Information_firstName'

2023-05-12 17:45:24 - [TEST_STEP][PASSED] - sendKeys(findTestObject("Object Repository/checkout-step-one/input_Checkout Your Information_lastName"), "qa test"): Keys 'qa test' sent to object: 'Object Repository/checkout-step-one/input_Checkout Your Information_lastName'

2023-05-12 17:45:25 - [MESSAGE][PASSED] - Keys 'qa test' sent to object: 'Object Repository/checkout-step-one/input_Checkout Your Information_lastName'

2023-05-12 17:45:25 - [TEST_STEP][PASSED] - sendKeys(findTestObject("Object Repository/checkout-step-one/input_Checkout Your Information_postalCode"), "9000"): Keys '9000' sent to object: 'Object Repository/checkout-step-one/input_Checkout Your Information_postalCode'

2023-05-12 17:45:25 - [MESSAGE][PASSED] - Keys '9000' sent to object: 'Object Repository/checkout-step-one/input_Checkout Your Information_postalCode'

2023-05-12 17:45:25 - [TEST_STEP][PASSED] - click(findTestObject("Object Repository/checkout-step-one/input_continue")): Object: 'Object Repository/checkout-step-one/input_continue' is clicked on

2023-05-12 17:45:26 - [MESSAGE][PASSED] - Object: 'Object Repository/checkout-step-one/input_continue' is clicked on

2023-05-12 17:45:26 - [TEST_STEP][PASSED] - click(findTestObject("Object Repository/finish checkout/button_Finish")): Object: 'Object Repository/finish checkout/button_Finish' is clicked on

2023-05-12 17:45:26 - [MESSAGE][PASSED] - Object: 'Object Repository/finish checkout/button_Finish' is clicked on

2023-05-12 17:45:26 - [TEST_STEP][PASSED] - verifyElementVisible(findTestObject("Object Repository/order-success/h2_Thank you for your order")): Object 'Object Repository/order-success/h2_Thank you for your order' is visible

2023-05-12 17:45:27 - [MESSAGE][PASSED] - Object 'Object Repository/order-success/h2_Thank you for your order' is visible

2023-05-12 17:45:27 - [TEST_STEP][PASSED] - click(findTestObject("Object Repository/NavSideBar/sidebar")): Object: 'Object Repository/NavSideBar/sidebar' is clicked on

2023-05-12 17:45:27 - [MESSAGE][PASSED] - Object: 'Object Repository/NavSideBar/sidebar' is clicked on

2023-05-12 17:45:27 - [TEST_STEP][PASSED] - click(findTestObject("Object Repository/NavSideBar/a_Logout")): Object: 'Object Repository/NavSideBar/a_Logout' is clicked on

2023-05-12 17:45:28 - [MESSAGE][PASSED] - Object: 'Object Repository/NavSideBar/a_Logout' is clicked on

2023-05-12 17:45:28 - [TEST_STEP][PASSED] - verifyElementVisible(findTestObject("Object Repository/Page_Swag Labs/input_Swag Labs_user-name")): Object 'Object Repository/Page_Swag Labs/input_Swag Labs_user-name' is visible

2023-05-12 17:45:28 - [MESSAGE][PASSED] - Object 'Object Repository/Page_Swag Labs/input_Swag Labs_user-name' is visible

2023-05-12 17:45:28 - [TEST_STEP][PASSED] - closeBrowser(): Browser is closed

2023-05-12 17:45:29 - [MESSAGE][PASSED] - Browser is closed]]></system-out>
         <system-err><![CDATA[]]></system-err>
      </testcase>
      <testcase name="Test Cases/test-flow-1-buy-1-product" time="11.959" classname="Test Cases/test-flow-1-buy-1-product" status="PASSED">
         <system-out><![CDATA[2023-05-12 17:45:29 - [TEST_CASE][PASSED] - Test Cases/test-flow-1-buy-1-product: Test Cases/test-flow-1-buy-1-product

2023-05-12 17:45:29 - [TEST_STEP][PASSED] - openBrowser("https://www.saucedemo.com/"): Browser is opened with url: 'https://www.saucedemo.com/'

2023-05-12 17:45:29 - [MESSAGE][INFO] - Starting 'Chrome' driver

2023-05-12 17:45:29 - [MESSAGE][INFO] - Action delay is set to 0 milliseconds

2023-05-12 17:45:31 - [MESSAGE][PASSED] - Browser is opened with url: 'https://www.saucedemo.com/'

2023-05-12 17:45:31 - [TEST_STEP][PASSED] - click(findTestObject("Object Repository/Page_Swag Labs/input_Swag Labs_user-name")): Object: 'Object Repository/Page_Swag Labs/input_Swag Labs_user-name' is clicked on

2023-05-12 17:45:32 - [MESSAGE][PASSED] - Object: 'Object Repository/Page_Swag Labs/input_Swag Labs_user-name' is clicked on

2023-05-12 17:45:32 - [TEST_STEP][PASSED] - sendKeys(findTestObject("Object Repository/Page_Swag Labs/input_Swag Labs_user-name"), "standard_user"): Keys 'standard_user' sent to object: 'Object Repository/Page_Swag Labs/input_Swag Labs_user-name'

2023-05-12 17:45:32 - [MESSAGE][PASSED] - Keys 'standard_user' sent to object: 'Object Repository/Page_Swag Labs/input_Swag Labs_user-name'

2023-05-12 17:45:32 - [TEST_STEP][PASSED] - click(findTestObject("Object Repository/Page_Swag Labs/input_Swag Labs_password")): Object: 'Object Repository/Page_Swag Labs/input_Swag Labs_password' is clicked on

2023-05-12 17:45:32 - [MESSAGE][PASSED] - Object: 'Object Repository/Page_Swag Labs/input_Swag Labs_password' is clicked on

2023-05-12 17:45:32 - [TEST_STEP][PASSED] - sendKeys(findTestObject("Object Repository/Page_Swag Labs/input_Swag Labs_password"), "secret_sauce"): Keys 'secret_sauce' sent to object: 'Object Repository/Page_Swag Labs/input_Swag Labs_password'

2023-05-12 17:45:33 - [MESSAGE][PASSED] - Keys 'secret_sauce' sent to object: 'Object Repository/Page_Swag Labs/input_Swag Labs_password'

2023-05-12 17:45:33 - [TEST_STEP][PASSED] - click(findTestObject("Object Repository/Page_Swag Labs/input_Swag Labs_login-button")): Object: 'Object Repository/Page_Swag Labs/input_Swag Labs_login-button' is clicked on

2023-05-12 17:45:33 - [MESSAGE][PASSED] - Object: 'Object Repository/Page_Swag Labs/input_Swag Labs_login-button' is clicked on

2023-05-12 17:45:33 - [TEST_STEP][PASSED] - click(findTestObject("Object Repository/inventoryPage/Backpack")): Object: 'Object Repository/inventoryPage/Backpack' is clicked on

2023-05-12 17:45:33 - [MESSAGE][PASSED] - Object: 'Object Repository/inventoryPage/Backpack' is clicked on

2023-05-12 17:45:33 - [TEST_STEP][PASSED] - click(findTestObject("Object Repository/inventoryPage/button_Add to cart")): Object: 'Object Repository/inventoryPage/button_Add to cart' is clicked on

2023-05-12 17:45:34 - [MESSAGE][PASSED] - Object: 'Object Repository/inventoryPage/button_Add to cart' is clicked on

2023-05-12 17:45:34 - [TEST_STEP][PASSED] - click(findTestObject("Object Repository/inventoryPage/products_back-image")): Object: 'Object Repository/inventoryPage/products_back-image' is clicked on

2023-05-12 17:45:34 - [MESSAGE][PASSED] - Object: 'Object Repository/inventoryPage/products_back-image' is clicked on

2023-05-12 17:45:34 - [TEST_STEP][PASSED] - click(findTestObject("Object Repository/inventoryPage/cart")): Object: 'Object Repository/inventoryPage/cart' is clicked on

2023-05-12 17:45:35 - [MESSAGE][PASSED] - Object: 'Object Repository/inventoryPage/cart' is clicked on

2023-05-12 17:45:35 - [TEST_STEP][PASSED] - click(findTestObject("Object Repository/CheckoutPage/button_Checkout")): Object: 'Object Repository/CheckoutPage/button_Checkout' is clicked on

2023-05-12 17:45:36 - [MESSAGE][PASSED] - Object: 'Object Repository/CheckoutPage/button_Checkout' is clicked on

2023-05-12 17:45:36 - [TEST_STEP][PASSED] - sendKeys(findTestObject("Object Repository/checkout-step-one/input_Checkout Your Information_firstName"), "demo"): Keys 'demo' sent to object: 'Object Repository/checkout-step-one/input_Checkout Your Information_firstName'

2023-05-12 17:45:36 - [MESSAGE][PASSED] - Keys 'demo' sent to object: 'Object Repository/checkout-step-one/input_Checkout Your Information_firstName'

2023-05-12 17:45:36 - [TEST_STEP][PASSED] - sendKeys(findTestObject("Object Repository/checkout-step-one/input_Checkout Your Information_lastName"), "qa test"): Keys 'qa test' sent to object: 'Object Repository/checkout-step-one/input_Checkout Your Information_lastName'

2023-05-12 17:45:37 - [MESSAGE][PASSED] - Keys 'qa test' sent to object: 'Object Repository/checkout-step-one/input_Checkout Your Information_lastName'

2023-05-12 17:45:37 - [TEST_STEP][PASSED] - sendKeys(findTestObject("Object Repository/checkout-step-one/input_Checkout Your Information_postalCode"), "9000"): Keys '9000' sent to object: 'Object Repository/checkout-step-one/input_Checkout Your Information_postalCode'

2023-05-12 17:45:37 - [MESSAGE][PASSED] - Keys '9000' sent to object: 'Object Repository/checkout-step-one/input_Checkout Your Information_postalCode'

2023-05-12 17:45:37 - [TEST_STEP][PASSED] - click(findTestObject("Object Repository/checkout-step-one/input_continue")): Object: 'Object Repository/checkout-step-one/input_continue' is clicked on

2023-05-12 17:45:38 - [MESSAGE][PASSED] - Object: 'Object Repository/checkout-step-one/input_continue' is clicked on

2023-05-12 17:45:38 - [TEST_STEP][PASSED] - click(findTestObject("Object Repository/finish checkout/button_Finish")): Object: 'Object Repository/finish checkout/button_Finish' is clicked on

2023-05-12 17:45:38 - [MESSAGE][PASSED] - Object: 'Object Repository/finish checkout/button_Finish' is clicked on

2023-05-12 17:45:38 - [TEST_STEP][PASSED] - verifyElementVisible(findTestObject("Object Repository/order-success/h2_Thank you for your order")): Object 'Object Repository/order-success/h2_Thank you for your order' is visible

2023-05-12 17:45:39 - [MESSAGE][PASSED] - Object 'Object Repository/order-success/h2_Thank you for your order' is visible

2023-05-12 17:45:39 - [TEST_STEP][PASSED] - click(findTestObject("Object Repository/NavSideBar/sidebar")): Object: 'Object Repository/NavSideBar/sidebar' is clicked on

2023-05-12 17:45:39 - [MESSAGE][PASSED] - Object: 'Object Repository/NavSideBar/sidebar' is clicked on

2023-05-12 17:45:39 - [TEST_STEP][PASSED] - click(findTestObject("Object Repository/NavSideBar/a_Logout")): Object: 'Object Repository/NavSideBar/a_Logout' is clicked on

2023-05-12 17:45:40 - [MESSAGE][PASSED] - Object: 'Object Repository/NavSideBar/a_Logout' is clicked on

2023-05-12 17:45:40 - [TEST_STEP][PASSED] - verifyElementVisible(findTestObject("Object Repository/Page_Swag Labs/input_Swag Labs_user-name")): Object 'Object Repository/Page_Swag Labs/input_Swag Labs_user-name' is visible

2023-05-12 17:45:40 - [MESSAGE][PASSED] - Object 'Object Repository/Page_Swag Labs/input_Swag Labs_user-name' is visible

2023-05-12 17:45:40 - [TEST_STEP][PASSED] - closeBrowser(): Browser is closed

2023-05-12 17:45:41 - [MESSAGE][PASSED] - Browser is closed]]></system-out>
         <system-err><![CDATA[]]></system-err>
      </testcase>
      <testcase name="Test Cases/test-flow-1-buy-1-product" time="12.042" classname="Test Cases/test-flow-1-buy-1-product" status="PASSED">
         <system-out><![CDATA[2023-05-12 17:45:41 - [TEST_CASE][PASSED] - Test Cases/test-flow-1-buy-1-product: Test Cases/test-flow-1-buy-1-product

2023-05-12 17:45:41 - [TEST_STEP][PASSED] - openBrowser("https://www.saucedemo.com/"): Browser is opened with url: 'https://www.saucedemo.com/'

2023-05-12 17:45:41 - [MESSAGE][INFO] - Starting 'Chrome' driver

2023-05-12 17:45:41 - [MESSAGE][INFO] - Action delay is set to 0 milliseconds

2023-05-12 17:45:43 - [MESSAGE][PASSED] - Browser is opened with url: 'https://www.saucedemo.com/'

2023-05-12 17:45:43 - [TEST_STEP][PASSED] - click(findTestObject("Object Repository/Page_Swag Labs/input_Swag Labs_user-name")): Object: 'Object Repository/Page_Swag Labs/input_Swag Labs_user-name' is clicked on

2023-05-12 17:45:43 - [MESSAGE][PASSED] - Object: 'Object Repository/Page_Swag Labs/input_Swag Labs_user-name' is clicked on

2023-05-12 17:45:43 - [TEST_STEP][PASSED] - sendKeys(findTestObject("Object Repository/Page_Swag Labs/input_Swag Labs_user-name"), "standard_user"): Keys 'standard_user' sent to object: 'Object Repository/Page_Swag Labs/input_Swag Labs_user-name'

2023-05-12 17:45:44 - [MESSAGE][PASSED] - Keys 'standard_user' sent to object: 'Object Repository/Page_Swag Labs/input_Swag Labs_user-name'

2023-05-12 17:45:44 - [TEST_STEP][PASSED] - click(findTestObject("Object Repository/Page_Swag Labs/input_Swag Labs_password")): Object: 'Object Repository/Page_Swag Labs/input_Swag Labs_password' is clicked on

2023-05-12 17:45:44 - [MESSAGE][PASSED] - Object: 'Object Repository/Page_Swag Labs/input_Swag Labs_password' is clicked on

2023-05-12 17:45:44 - [TEST_STEP][PASSED] - sendKeys(findTestObject("Object Repository/Page_Swag Labs/input_Swag Labs_password"), "secret_sauce"): Keys 'secret_sauce' sent to object: 'Object Repository/Page_Swag Labs/input_Swag Labs_password'

2023-05-12 17:45:44 - [MESSAGE][PASSED] - Keys 'secret_sauce' sent to object: 'Object Repository/Page_Swag Labs/input_Swag Labs_password'

2023-05-12 17:45:44 - [TEST_STEP][PASSED] - click(findTestObject("Object Repository/Page_Swag Labs/input_Swag Labs_login-button")): Object: 'Object Repository/Page_Swag Labs/input_Swag Labs_login-button' is clicked on

2023-05-12 17:45:45 - [MESSAGE][PASSED] - Object: 'Object Repository/Page_Swag Labs/input_Swag Labs_login-button' is clicked on

2023-05-12 17:45:45 - [TEST_STEP][PASSED] - click(findTestObject("Object Repository/inventoryPage/Backpack")): Object: 'Object Repository/inventoryPage/Backpack' is clicked on

2023-05-12 17:45:45 - [MESSAGE][PASSED] - Object: 'Object Repository/inventoryPage/Backpack' is clicked on

2023-05-12 17:45:45 - [TEST_STEP][PASSED] - click(findTestObject("Object Repository/inventoryPage/button_Add to cart")): Object: 'Object Repository/inventoryPage/button_Add to cart' is clicked on

2023-05-12 17:45:46 - [MESSAGE][PASSED] - Object: 'Object Repository/inventoryPage/button_Add to cart' is clicked on

2023-05-12 17:45:46 - [TEST_STEP][PASSED] - click(findTestObject("Object Repository/inventoryPage/products_back-image")): Object: 'Object Repository/inventoryPage/products_back-image' is clicked on

2023-05-12 17:45:46 - [MESSAGE][PASSED] - Object: 'Object Repository/inventoryPage/products_back-image' is clicked on

2023-05-12 17:45:46 - [TEST_STEP][PASSED] - click(findTestObject("Object Repository/inventoryPage/cart")): Object: 'Object Repository/inventoryPage/cart' is clicked on

2023-05-12 17:45:47 - [MESSAGE][PASSED] - Object: 'Object Repository/inventoryPage/cart' is clicked on

2023-05-12 17:45:47 - [TEST_STEP][PASSED] - click(findTestObject("Object Repository/CheckoutPage/button_Checkout")): Object: 'Object Repository/CheckoutPage/button_Checkout' is clicked on

2023-05-12 17:45:47 - [MESSAGE][PASSED] - Object: 'Object Repository/CheckoutPage/button_Checkout' is clicked on

2023-05-12 17:45:47 - [TEST_STEP][PASSED] - sendKeys(findTestObject("Object Repository/checkout-step-one/input_Checkout Your Information_firstName"), "demo"): Keys 'demo' sent to object: 'Object Repository/checkout-step-one/input_Checkout Your Information_firstName'

2023-05-12 17:45:48 - [MESSAGE][PASSED] - Keys 'demo' sent to object: 'Object Repository/checkout-step-one/input_Checkout Your Information_firstName'

2023-05-12 17:45:48 - [TEST_STEP][PASSED] - sendKeys(findTestObject("Object Repository/checkout-step-one/input_Checkout Your Information_lastName"), "qa test"): Keys 'qa test' sent to object: 'Object Repository/checkout-step-one/input_Checkout Your Information_lastName'

2023-05-12 17:45:49 - [MESSAGE][PASSED] - Keys 'qa test' sent to object: 'Object Repository/checkout-step-one/input_Checkout Your Information_lastName'

2023-05-12 17:45:49 - [TEST_STEP][PASSED] - sendKeys(findTestObject("Object Repository/checkout-step-one/input_Checkout Your Information_postalCode"), "9000"): Keys '9000' sent to object: 'Object Repository/checkout-step-one/input_Checkout Your Information_postalCode'

2023-05-12 17:45:49 - [MESSAGE][PASSED] - Keys '9000' sent to object: 'Object Repository/checkout-step-one/input_Checkout Your Information_postalCode'

2023-05-12 17:45:49 - [TEST_STEP][PASSED] - click(findTestObject("Object Repository/checkout-step-one/input_continue")): Object: 'Object Repository/checkout-step-one/input_continue' is clicked on

2023-05-12 17:45:50 - [MESSAGE][PASSED] - Object: 'Object Repository/checkout-step-one/input_continue' is clicked on

2023-05-12 17:45:50 - [TEST_STEP][PASSED] - click(findTestObject("Object Repository/finish checkout/button_Finish")): Object: 'Object Repository/finish checkout/button_Finish' is clicked on

2023-05-12 17:45:50 - [MESSAGE][PASSED] - Object: 'Object Repository/finish checkout/button_Finish' is clicked on

2023-05-12 17:45:50 - [TEST_STEP][PASSED] - verifyElementVisible(findTestObject("Object Repository/order-success/h2_Thank you for your order")): Object 'Object Repository/order-success/h2_Thank you for your order' is visible

2023-05-12 17:45:51 - [MESSAGE][PASSED] - Object 'Object Repository/order-success/h2_Thank you for your order' is visible

2023-05-12 17:45:51 - [TEST_STEP][PASSED] - click(findTestObject("Object Repository/NavSideBar/sidebar")): Object: 'Object Repository/NavSideBar/sidebar' is clicked on

2023-05-12 17:45:51 - [MESSAGE][PASSED] - Object: 'Object Repository/NavSideBar/sidebar' is clicked on

2023-05-12 17:45:51 - [TEST_STEP][PASSED] - click(findTestObject("Object Repository/NavSideBar/a_Logout")): Object: 'Object Repository/NavSideBar/a_Logout' is clicked on

2023-05-12 17:45:52 - [MESSAGE][PASSED] - Object: 'Object Repository/NavSideBar/a_Logout' is clicked on

2023-05-12 17:45:52 - [TEST_STEP][PASSED] - verifyElementVisible(findTestObject("Object Repository/Page_Swag Labs/input_Swag Labs_user-name")): Object 'Object Repository/Page_Swag Labs/input_Swag Labs_user-name' is visible

2023-05-12 17:45:52 - [MESSAGE][PASSED] - Object 'Object Repository/Page_Swag Labs/input_Swag Labs_user-name' is visible

2023-05-12 17:45:52 - [TEST_STEP][PASSED] - closeBrowser(): Browser is closed

2023-05-12 17:45:53 - [MESSAGE][PASSED] - Browser is closed]]></system-out>
         <system-err><![CDATA[]]></system-err>
      </testcase>
      <testcase name="Test Cases/test-flow-1-buy-1-product" time="11.593" classname="Test Cases/test-flow-1-buy-1-product" status="PASSED">
         <system-out><![CDATA[2023-05-12 17:45:53 - [TEST_CASE][PASSED] - Test Cases/test-flow-1-buy-1-product: Test Cases/test-flow-1-buy-1-product

2023-05-12 17:45:53 - [TEST_STEP][PASSED] - openBrowser("https://www.saucedemo.com/"): Browser is opened with url: 'https://www.saucedemo.com/'

2023-05-12 17:45:53 - [MESSAGE][INFO] - Starting 'Chrome' driver

2023-05-12 17:45:53 - [MESSAGE][INFO] - Action delay is set to 0 milliseconds

2023-05-12 17:45:55 - [MESSAGE][PASSED] - Browser is opened with url: 'https://www.saucedemo.com/'

2023-05-12 17:45:55 - [TEST_STEP][PASSED] - click(findTestObject("Object Repository/Page_Swag Labs/input_Swag Labs_user-name")): Object: 'Object Repository/Page_Swag Labs/input_Swag Labs_user-name' is clicked on

2023-05-12 17:45:55 - [MESSAGE][PASSED] - Object: 'Object Repository/Page_Swag Labs/input_Swag Labs_user-name' is clicked on

2023-05-12 17:45:55 - [TEST_STEP][PASSED] - sendKeys(findTestObject("Object Repository/Page_Swag Labs/input_Swag Labs_user-name"), "standard_user"): Keys 'standard_user' sent to object: 'Object Repository/Page_Swag Labs/input_Swag Labs_user-name'

2023-05-12 17:45:56 - [MESSAGE][PASSED] - Keys 'standard_user' sent to object: 'Object Repository/Page_Swag Labs/input_Swag Labs_user-name'

2023-05-12 17:45:56 - [TEST_STEP][PASSED] - click(findTestObject("Object Repository/Page_Swag Labs/input_Swag Labs_password")): Object: 'Object Repository/Page_Swag Labs/input_Swag Labs_password' is clicked on

2023-05-12 17:45:56 - [MESSAGE][PASSED] - Object: 'Object Repository/Page_Swag Labs/input_Swag Labs_password' is clicked on

2023-05-12 17:45:56 - [TEST_STEP][PASSED] - sendKeys(findTestObject("Object Repository/Page_Swag Labs/input_Swag Labs_password"), "secret_sauce"): Keys 'secret_sauce' sent to object: 'Object Repository/Page_Swag Labs/input_Swag Labs_password'

2023-05-12 17:45:56 - [MESSAGE][PASSED] - Keys 'secret_sauce' sent to object: 'Object Repository/Page_Swag Labs/input_Swag Labs_password'

2023-05-12 17:45:56 - [TEST_STEP][PASSED] - click(findTestObject("Object Repository/Page_Swag Labs/input_Swag Labs_login-button")): Object: 'Object Repository/Page_Swag Labs/input_Swag Labs_login-button' is clicked on

2023-05-12 17:45:57 - [MESSAGE][PASSED] - Object: 'Object Repository/Page_Swag Labs/input_Swag Labs_login-button' is clicked on

2023-05-12 17:45:57 - [TEST_STEP][PASSED] - click(findTestObject("Object Repository/inventoryPage/Backpack")): Object: 'Object Repository/inventoryPage/Backpack' is clicked on

2023-05-12 17:45:57 - [MESSAGE][PASSED] - Object: 'Object Repository/inventoryPage/Backpack' is clicked on

2023-05-12 17:45:57 - [TEST_STEP][PASSED] - click(findTestObject("Object Repository/inventoryPage/button_Add to cart")): Object: 'Object Repository/inventoryPage/button_Add to cart' is clicked on

2023-05-12 17:45:58 - [MESSAGE][PASSED] - Object: 'Object Repository/inventoryPage/button_Add to cart' is clicked on

2023-05-12 17:45:58 - [TEST_STEP][PASSED] - click(findTestObject("Object Repository/inventoryPage/products_back-image")): Object: 'Object Repository/inventoryPage/products_back-image' is clicked on

2023-05-12 17:45:58 - [MESSAGE][PASSED] - Object: 'Object Repository/inventoryPage/products_back-image' is clicked on

2023-05-12 17:45:58 - [TEST_STEP][PASSED] - click(findTestObject("Object Repository/inventoryPage/cart")): Object: 'Object Repository/inventoryPage/cart' is clicked on

2023-05-12 17:45:59 - [MESSAGE][PASSED] - Object: 'Object Repository/inventoryPage/cart' is clicked on

2023-05-12 17:45:59 - [TEST_STEP][PASSED] - click(findTestObject("Object Repository/CheckoutPage/button_Checkout")): Object: 'Object Repository/CheckoutPage/button_Checkout' is clicked on

2023-05-12 17:45:59 - [MESSAGE][PASSED] - Object: 'Object Repository/CheckoutPage/button_Checkout' is clicked on

2023-05-12 17:45:59 - [TEST_STEP][PASSED] - sendKeys(findTestObject("Object Repository/checkout-step-one/input_Checkout Your Information_firstName"), "demo"): Keys 'demo' sent to object: 'Object Repository/checkout-step-one/input_Checkout Your Information_firstName'

2023-05-12 17:46:00 - [MESSAGE][PASSED] - Keys 'demo' sent to object: 'Object Repository/checkout-step-one/input_Checkout Your Information_firstName'

2023-05-12 17:46:00 - [TEST_STEP][PASSED] - sendKeys(findTestObject("Object Repository/checkout-step-one/input_Checkout Your Information_lastName"), "qa test"): Keys 'qa test' sent to object: 'Object Repository/checkout-step-one/input_Checkout Your Information_lastName'

2023-05-12 17:46:00 - [MESSAGE][PASSED] - Keys 'qa test' sent to object: 'Object Repository/checkout-step-one/input_Checkout Your Information_lastName'

2023-05-12 17:46:00 - [TEST_STEP][PASSED] - sendKeys(findTestObject("Object Repository/checkout-step-one/input_Checkout Your Information_postalCode"), "9000"): Keys '9000' sent to object: 'Object Repository/checkout-step-one/input_Checkout Your Information_postalCode'

2023-05-12 17:46:01 - [MESSAGE][PASSED] - Keys '9000' sent to object: 'Object Repository/checkout-step-one/input_Checkout Your Information_postalCode'

2023-05-12 17:46:01 - [TEST_STEP][PASSED] - click(findTestObject("Object Repository/checkout-step-one/input_continue")): Object: 'Object Repository/checkout-step-one/input_continue' is clicked on

2023-05-12 17:46:02 - [MESSAGE][PASSED] - Object: 'Object Repository/checkout-step-one/input_continue' is clicked on

2023-05-12 17:46:02 - [TEST_STEP][PASSED] - click(findTestObject("Object Repository/finish checkout/button_Finish")): Object: 'Object Repository/finish checkout/button_Finish' is clicked on

2023-05-12 17:46:02 - [MESSAGE][PASSED] - Object: 'Object Repository/finish checkout/button_Finish' is clicked on

2023-05-12 17:46:02 - [TEST_STEP][PASSED] - verifyElementVisible(findTestObject("Object Repository/order-success/h2_Thank you for your order")): Object 'Object Repository/order-success/h2_Thank you for your order' is visible

2023-05-12 17:46:03 - [MESSAGE][PASSED] - Object 'Object Repository/order-success/h2_Thank you for your order' is visible

2023-05-12 17:46:03 - [TEST_STEP][PASSED] - click(findTestObject("Object Repository/NavSideBar/sidebar")): Object: 'Object Repository/NavSideBar/sidebar' is clicked on

2023-05-12 17:46:03 - [MESSAGE][PASSED] - Object: 'Object Repository/NavSideBar/sidebar' is clicked on

2023-05-12 17:46:03 - [TEST_STEP][PASSED] - click(findTestObject("Object Repository/NavSideBar/a_Logout")): Object: 'Object Repository/NavSideBar/a_Logout' is clicked on

2023-05-12 17:46:04 - [MESSAGE][PASSED] - Object: 'Object Repository/NavSideBar/a_Logout' is clicked on

2023-05-12 17:46:04 - [TEST_STEP][PASSED] - verifyElementVisible(findTestObject("Object Repository/Page_Swag Labs/input_Swag Labs_user-name")): Object 'Object Repository/Page_Swag Labs/input_Swag Labs_user-name' is visible

2023-05-12 17:46:04 - [MESSAGE][PASSED] - Object 'Object Repository/Page_Swag Labs/input_Swag Labs_user-name' is visible

2023-05-12 17:46:04 - [TEST_STEP][PASSED] - closeBrowser(): Browser is closed

2023-05-12 17:46:05 - [MESSAGE][PASSED] - Browser is closed]]></system-out>
         <system-err><![CDATA[]]></system-err>
      </testcase>
      <testcase name="Test Cases/test-flow-1-buy-1-product" time="11.701" classname="Test Cases/test-flow-1-buy-1-product" status="PASSED">
         <system-out><![CDATA[2023-05-12 17:46:05 - [TEST_CASE][PASSED] - Test Cases/test-flow-1-buy-1-product: Test Cases/test-flow-1-buy-1-product

2023-05-12 17:46:05 - [TEST_STEP][PASSED] - openBrowser("https://www.saucedemo.com/"): Browser is opened with url: 'https://www.saucedemo.com/'

2023-05-12 17:46:05 - [MESSAGE][INFO] - Starting 'Chrome' driver

2023-05-12 17:46:05 - [MESSAGE][INFO] - Action delay is set to 0 milliseconds

2023-05-12 17:46:07 - [MESSAGE][PASSED] - Browser is opened with url: 'https://www.saucedemo.com/'

2023-05-12 17:46:07 - [TEST_STEP][PASSED] - click(findTestObject("Object Repository/Page_Swag Labs/input_Swag Labs_user-name")): Object: 'Object Repository/Page_Swag Labs/input_Swag Labs_user-name' is clicked on

2023-05-12 17:46:07 - [MESSAGE][PASSED] - Object: 'Object Repository/Page_Swag Labs/input_Swag Labs_user-name' is clicked on

2023-05-12 17:46:07 - [TEST_STEP][PASSED] - sendKeys(findTestObject("Object Repository/Page_Swag Labs/input_Swag Labs_user-name"), "standard_user"): Keys 'standard_user' sent to object: 'Object Repository/Page_Swag Labs/input_Swag Labs_user-name'

2023-05-12 17:46:07 - [MESSAGE][PASSED] - Keys 'standard_user' sent to object: 'Object Repository/Page_Swag Labs/input_Swag Labs_user-name'

2023-05-12 17:46:07 - [TEST_STEP][PASSED] - click(findTestObject("Object Repository/Page_Swag Labs/input_Swag Labs_password")): Object: 'Object Repository/Page_Swag Labs/input_Swag Labs_password' is clicked on

2023-05-12 17:46:08 - [MESSAGE][PASSED] - Object: 'Object Repository/Page_Swag Labs/input_Swag Labs_password' is clicked on

2023-05-12 17:46:08 - [TEST_STEP][PASSED] - sendKeys(findTestObject("Object Repository/Page_Swag Labs/input_Swag Labs_password"), "secret_sauce"): Keys 'secret_sauce' sent to object: 'Object Repository/Page_Swag Labs/input_Swag Labs_password'

2023-05-12 17:46:08 - [MESSAGE][PASSED] - Keys 'secret_sauce' sent to object: 'Object Repository/Page_Swag Labs/input_Swag Labs_password'

2023-05-12 17:46:08 - [TEST_STEP][PASSED] - click(findTestObject("Object Repository/Page_Swag Labs/input_Swag Labs_login-button")): Object: 'Object Repository/Page_Swag Labs/input_Swag Labs_login-button' is clicked on

2023-05-12 17:46:08 - [MESSAGE][PASSED] - Object: 'Object Repository/Page_Swag Labs/input_Swag Labs_login-button' is clicked on

2023-05-12 17:46:08 - [TEST_STEP][PASSED] - click(findTestObject("Object Repository/inventoryPage/Backpack")): Object: 'Object Repository/inventoryPage/Backpack' is clicked on

2023-05-12 17:46:09 - [MESSAGE][PASSED] - Object: 'Object Repository/inventoryPage/Backpack' is clicked on

2023-05-12 17:46:09 - [TEST_STEP][PASSED] - click(findTestObject("Object Repository/inventoryPage/button_Add to cart")): Object: 'Object Repository/inventoryPage/button_Add to cart' is clicked on

2023-05-12 17:46:09 - [MESSAGE][PASSED] - Object: 'Object Repository/inventoryPage/button_Add to cart' is clicked on

2023-05-12 17:46:09 - [TEST_STEP][PASSED] - click(findTestObject("Object Repository/inventoryPage/products_back-image")): Object: 'Object Repository/inventoryPage/products_back-image' is clicked on

2023-05-12 17:46:10 - [MESSAGE][PASSED] - Object: 'Object Repository/inventoryPage/products_back-image' is clicked on

2023-05-12 17:46:10 - [TEST_STEP][PASSED] - click(findTestObject("Object Repository/inventoryPage/cart")): Object: 'Object Repository/inventoryPage/cart' is clicked on

2023-05-12 17:46:10 - [MESSAGE][PASSED] - Object: 'Object Repository/inventoryPage/cart' is clicked on

2023-05-12 17:46:10 - [TEST_STEP][PASSED] - click(findTestObject("Object Repository/CheckoutPage/button_Checkout")): Object: 'Object Repository/CheckoutPage/button_Checkout' is clicked on

2023-05-12 17:46:11 - [MESSAGE][PASSED] - Object: 'Object Repository/CheckoutPage/button_Checkout' is clicked on

2023-05-12 17:46:11 - [TEST_STEP][PASSED] - sendKeys(findTestObject("Object Repository/checkout-step-one/input_Checkout Your Information_firstName"), "demo"): Keys 'demo' sent to object: 'Object Repository/checkout-step-one/input_Checkout Your Information_firstName'

2023-05-12 17:46:11 - [MESSAGE][PASSED] - Keys 'demo' sent to object: 'Object Repository/checkout-step-one/input_Checkout Your Information_firstName'

2023-05-12 17:46:11 - [TEST_STEP][PASSED] - sendKeys(findTestObject("Object Repository/checkout-step-one/input_Checkout Your Information_lastName"), "qa test"): Keys 'qa test' sent to object: 'Object Repository/checkout-step-one/input_Checkout Your Information_lastName'

2023-05-12 17:46:12 - [MESSAGE][PASSED] - Keys 'qa test' sent to object: 'Object Repository/checkout-step-one/input_Checkout Your Information_lastName'

2023-05-12 17:46:12 - [TEST_STEP][PASSED] - sendKeys(findTestObject("Object Repository/checkout-step-one/input_Checkout Your Information_postalCode"), "9000"): Keys '9000' sent to object: 'Object Repository/checkout-step-one/input_Checkout Your Information_postalCode'

2023-05-12 17:46:13 - [MESSAGE][PASSED] - Keys '9000' sent to object: 'Object Repository/checkout-step-one/input_Checkout Your Information_postalCode'

2023-05-12 17:46:13 - [TEST_STEP][PASSED] - click(findTestObject("Object Repository/checkout-step-one/input_continue")): Object: 'Object Repository/checkout-step-one/input_continue' is clicked on

2023-05-12 17:46:13 - [MESSAGE][PASSED] - Object: 'Object Repository/checkout-step-one/input_continue' is clicked on

2023-05-12 17:46:13 - [TEST_STEP][PASSED] - click(findTestObject("Object Repository/finish checkout/button_Finish")): Object: 'Object Repository/finish checkout/button_Finish' is clicked on

2023-05-12 17:46:14 - [MESSAGE][PASSED] - Object: 'Object Repository/finish checkout/button_Finish' is clicked on

2023-05-12 17:46:14 - [TEST_STEP][PASSED] - verifyElementVisible(findTestObject("Object Repository/order-success/h2_Thank you for your order")): Object 'Object Repository/order-success/h2_Thank you for your order' is visible

2023-05-12 17:46:14 - [MESSAGE][PASSED] - Object 'Object Repository/order-success/h2_Thank you for your order' is visible

2023-05-12 17:46:14 - [TEST_STEP][PASSED] - click(findTestObject("Object Repository/NavSideBar/sidebar")): Object: 'Object Repository/NavSideBar/sidebar' is clicked on

2023-05-12 17:46:15 - [MESSAGE][PASSED] - Object: 'Object Repository/NavSideBar/sidebar' is clicked on

2023-05-12 17:46:15 - [TEST_STEP][PASSED] - click(findTestObject("Object Repository/NavSideBar/a_Logout")): Object: 'Object Repository/NavSideBar/a_Logout' is clicked on

2023-05-12 17:46:15 - [MESSAGE][PASSED] - Object: 'Object Repository/NavSideBar/a_Logout' is clicked on

2023-05-12 17:46:15 - [TEST_STEP][PASSED] - verifyElementVisible(findTestObject("Object Repository/Page_Swag Labs/input_Swag Labs_user-name")): Object 'Object Repository/Page_Swag Labs/input_Swag Labs_user-name' is visible

2023-05-12 17:46:16 - [MESSAGE][PASSED] - Object 'Object Repository/Page_Swag Labs/input_Swag Labs_user-name' is visible

2023-05-12 17:46:16 - [TEST_STEP][PASSED] - closeBrowser(): Browser is closed

2023-05-12 17:46:16 - [MESSAGE][PASSED] - Browser is closed]]></system-out>
         <system-err><![CDATA[]]></system-err>
      </testcase>
      <system-out><![CDATA[2023-05-12 17:42:18 - [TEST_SUITE][PASSED] - simple case: Test Cases/test-flow-1-buy-1-product]]></system-out>
      <system-err><![CDATA[]]></system-err>
   </testsuite>
   <testsuite name="simple case" tests="20" failures="0" errors="0" time="240.899" skipped="0" timestamp="2023-05-12 17:46:20" hostname="minh.nguyen - 5YHW2D3" id="Test Suites/simple case">
      <properties>
         <property name="deviceName" value=""/>
         <property name="devicePlatform" value=""/>
         <property name="logFolder" value="C:\\Users\\minh.nguyen\\Desktop\\GitRepo\\tri-nhan-repo\\Reports\\20230512_171239\\simple case\\20230512_171256"/>
         <property name="logFiles" value="C:\\Users\\minh.nguyen\\Desktop\\GitRepo\\tri-nhan-repo\\Reports\\20230512_171239\\simple case\\20230512_171256\\execution0.log"/>
         <property name="attachments" value=""/>
         <property name="hostName" value="minh.nguyen - 5YHW2D3"/>
         <property name="os" value="Windows 10 64bit"/>
         <property name="katalonVersion" value="8.5.5.208"/>
         <property name="browser" value="Chrome 112.0.0.0"/>
         <property name="hostAddress" value="192.168.1.86"/>
         <property name="sessionId" value="ebf50233adf0988c923f252bf135096a"/>
         <property name="seleniumVersion" value="3.141.59"/>
         <property name="proxyInformation" value="ProxyInformation { proxyOption=NO_PROXY, proxyServerType=HTTP, username=, password=********, proxyServerAddress=, proxyServerPort=0, executionList=&quot;&quot;, isApplyToDesiredCapabilities=true }"/>
         <property name="platform" value="Windows 10"/>
      </properties>
      <testcase name="Test Cases/test-flow-1-buy-1-product" time="13.148" classname="Test Cases/test-flow-1-buy-1-product" status="PASSED">
         <system-out><![CDATA[2023-05-12 17:46:20 - [TEST_CASE][PASSED] - Test Cases/test-flow-1-buy-1-product: Test Cases/test-flow-1-buy-1-product

2023-05-12 17:46:20 - [TEST_STEP][PASSED] - openBrowser("https://www.saucedemo.com/"): Browser is opened with url: 'https://www.saucedemo.com/'

2023-05-12 17:46:20 - [MESSAGE][INFO] - Starting 'Chrome' driver

2023-05-12 17:46:20 - [MESSAGE][INFO] - Action delay is set to 0 milliseconds

2023-05-12 17:46:23 - [MESSAGE][PASSED] - Browser is opened with url: 'https://www.saucedemo.com/'

2023-05-12 17:46:23 - [TEST_STEP][PASSED] - click(findTestObject("Object Repository/Page_Swag Labs/input_Swag Labs_user-name")): Object: 'Object Repository/Page_Swag Labs/input_Swag Labs_user-name' is clicked on

2023-05-12 17:46:23 - [MESSAGE][PASSED] - Object: 'Object Repository/Page_Swag Labs/input_Swag Labs_user-name' is clicked on

2023-05-12 17:46:23 - [TEST_STEP][PASSED] - sendKeys(findTestObject("Object Repository/Page_Swag Labs/input_Swag Labs_user-name"), "standard_user"): Keys 'standard_user' sent to object: 'Object Repository/Page_Swag Labs/input_Swag Labs_user-name'

2023-05-12 17:46:24 - [MESSAGE][PASSED] - Keys 'standard_user' sent to object: 'Object Repository/Page_Swag Labs/input_Swag Labs_user-name'

2023-05-12 17:46:24 - [TEST_STEP][PASSED] - click(findTestObject("Object Repository/Page_Swag Labs/input_Swag Labs_password")): Object: 'Object Repository/Page_Swag Labs/input_Swag Labs_password' is clicked on

2023-05-12 17:46:24 - [MESSAGE][PASSED] - Object: 'Object Repository/Page_Swag Labs/input_Swag Labs_password' is clicked on

2023-05-12 17:46:24 - [TEST_STEP][PASSED] - sendKeys(findTestObject("Object Repository/Page_Swag Labs/input_Swag Labs_password"), "secret_sauce"): Keys 'secret_sauce' sent to object: 'Object Repository/Page_Swag Labs/input_Swag Labs_password'

2023-05-12 17:46:25 - [MESSAGE][PASSED] - Keys 'secret_sauce' sent to object: 'Object Repository/Page_Swag Labs/input_Swag Labs_password'

2023-05-12 17:46:25 - [TEST_STEP][PASSED] - click(findTestObject("Object Repository/Page_Swag Labs/input_Swag Labs_login-button")): Object: 'Object Repository/Page_Swag Labs/input_Swag Labs_login-button' is clicked on

2023-05-12 17:46:25 - [MESSAGE][PASSED] - Object: 'Object Repository/Page_Swag Labs/input_Swag Labs_login-button' is clicked on

2023-05-12 17:46:25 - [TEST_STEP][PASSED] - click(findTestObject("Object Repository/inventoryPage/Backpack")): Object: 'Object Repository/inventoryPage/Backpack' is clicked on

2023-05-12 17:46:25 - [MESSAGE][PASSED] - Object: 'Object Repository/inventoryPage/Backpack' is clicked on

2023-05-12 17:46:25 - [TEST_STEP][PASSED] - click(findTestObject("Object Repository/inventoryPage/button_Add to cart")): Object: 'Object Repository/inventoryPage/button_Add to cart' is clicked on

2023-05-12 17:46:26 - [MESSAGE][PASSED] - Object: 'Object Repository/inventoryPage/button_Add to cart' is clicked on

2023-05-12 17:46:26 - [TEST_STEP][PASSED] - click(findTestObject("Object Repository/inventoryPage/products_back-image")): Object: 'Object Repository/inventoryPage/products_back-image' is clicked on

2023-05-12 17:46:26 - [MESSAGE][PASSED] - Object: 'Object Repository/inventoryPage/products_back-image' is clicked on

2023-05-12 17:46:26 - [TEST_STEP][PASSED] - click(findTestObject("Object Repository/inventoryPage/cart")): Object: 'Object Repository/inventoryPage/cart' is clicked on

2023-05-12 17:46:27 - [MESSAGE][PASSED] - Object: 'Object Repository/inventoryPage/cart' is clicked on

2023-05-12 17:46:27 - [TEST_STEP][PASSED] - click(findTestObject("Object Repository/CheckoutPage/button_Checkout")): Object: 'Object Repository/CheckoutPage/button_Checkout' is clicked on

2023-05-12 17:46:27 - [MESSAGE][PASSED] - Object: 'Object Repository/CheckoutPage/button_Checkout' is clicked on

2023-05-12 17:46:27 - [TEST_STEP][PASSED] - sendKeys(findTestObject("Object Repository/checkout-step-one/input_Checkout Your Information_firstName"), "demo"): Keys 'demo' sent to object: 'Object Repository/checkout-step-one/input_Checkout Your Information_firstName'

2023-05-12 17:46:28 - [MESSAGE][PASSED] - Keys 'demo' sent to object: 'Object Repository/checkout-step-one/input_Checkout Your Information_firstName'

2023-05-12 17:46:28 - [TEST_STEP][PASSED] - sendKeys(findTestObject("Object Repository/checkout-step-one/input_Checkout Your Information_lastName"), "qa test"): Keys 'qa test' sent to object: 'Object Repository/checkout-step-one/input_Checkout Your Information_lastName'

2023-05-12 17:46:29 - [MESSAGE][PASSED] - Keys 'qa test' sent to object: 'Object Repository/checkout-step-one/input_Checkout Your Information_lastName'

2023-05-12 17:46:29 - [TEST_STEP][PASSED] - sendKeys(findTestObject("Object Repository/checkout-step-one/input_Checkout Your Information_postalCode"), "9000"): Keys '9000' sent to object: 'Object Repository/checkout-step-one/input_Checkout Your Information_postalCode'

2023-05-12 17:46:29 - [MESSAGE][PASSED] - Keys '9000' sent to object: 'Object Repository/checkout-step-one/input_Checkout Your Information_postalCode'

2023-05-12 17:46:29 - [TEST_STEP][PASSED] - click(findTestObject("Object Repository/checkout-step-one/input_continue")): Object: 'Object Repository/checkout-step-one/input_continue' is clicked on

2023-05-12 17:46:30 - [MESSAGE][PASSED] - Object: 'Object Repository/checkout-step-one/input_continue' is clicked on

2023-05-12 17:46:30 - [TEST_STEP][PASSED] - click(findTestObject("Object Repository/finish checkout/button_Finish")): Object: 'Object Repository/finish checkout/button_Finish' is clicked on

2023-05-12 17:46:30 - [MESSAGE][PASSED] - Object: 'Object Repository/finish checkout/button_Finish' is clicked on

2023-05-12 17:46:30 - [TEST_STEP][PASSED] - verifyElementVisible(findTestObject("Object Repository/order-success/h2_Thank you for your order")): Object 'Object Repository/order-success/h2_Thank you for your order' is visible

2023-05-12 17:46:31 - [MESSAGE][PASSED] - Object 'Object Repository/order-success/h2_Thank you for your order' is visible

2023-05-12 17:46:31 - [TEST_STEP][PASSED] - click(findTestObject("Object Repository/NavSideBar/sidebar")): Object: 'Object Repository/NavSideBar/sidebar' is clicked on

2023-05-12 17:46:31 - [MESSAGE][PASSED] - Object: 'Object Repository/NavSideBar/sidebar' is clicked on

2023-05-12 17:46:31 - [TEST_STEP][PASSED] - click(findTestObject("Object Repository/NavSideBar/a_Logout")): Object: 'Object Repository/NavSideBar/a_Logout' is clicked on

2023-05-12 17:46:32 - [MESSAGE][PASSED] - Object: 'Object Repository/NavSideBar/a_Logout' is clicked on

2023-05-12 17:46:32 - [TEST_STEP][PASSED] - verifyElementVisible(findTestObject("Object Repository/Page_Swag Labs/input_Swag Labs_user-name")): Object 'Object Repository/Page_Swag Labs/input_Swag Labs_user-name' is visible

2023-05-12 17:46:32 - [MESSAGE][PASSED] - Object 'Object Repository/Page_Swag Labs/input_Swag Labs_user-name' is visible

2023-05-12 17:46:32 - [TEST_STEP][PASSED] - closeBrowser(): Browser is closed

2023-05-12 17:46:33 - [MESSAGE][PASSED] - Browser is closed]]></system-out>
         <system-err><![CDATA[]]></system-err>
      </testcase>
      <testcase name="Test Cases/test-flow-1-buy-1-product" time="11.716" classname="Test Cases/test-flow-1-buy-1-product" status="PASSED">
         <system-out><![CDATA[2023-05-12 17:46:33 - [TEST_CASE][PASSED] - Test Cases/test-flow-1-buy-1-product: Test Cases/test-flow-1-buy-1-product

2023-05-12 17:46:33 - [TEST_STEP][PASSED] - openBrowser("https://www.saucedemo.com/"): Browser is opened with url: 'https://www.saucedemo.com/'

2023-05-12 17:46:33 - [MESSAGE][INFO] - Starting 'Chrome' driver

2023-05-12 17:46:33 - [MESSAGE][INFO] - Action delay is set to 0 milliseconds

2023-05-12 17:46:35 - [MESSAGE][PASSED] - Browser is opened with url: 'https://www.saucedemo.com/'

2023-05-12 17:46:35 - [TEST_STEP][PASSED] - click(findTestObject("Object Repository/Page_Swag Labs/input_Swag Labs_user-name")): Object: 'Object Repository/Page_Swag Labs/input_Swag Labs_user-name' is clicked on

2023-05-12 17:46:35 - [MESSAGE][PASSED] - Object: 'Object Repository/Page_Swag Labs/input_Swag Labs_user-name' is clicked on

2023-05-12 17:46:35 - [TEST_STEP][PASSED] - sendKeys(findTestObject("Object Repository/Page_Swag Labs/input_Swag Labs_user-name"), "standard_user"): Keys 'standard_user' sent to object: 'Object Repository/Page_Swag Labs/input_Swag Labs_user-name'

2023-05-12 17:46:36 - [MESSAGE][PASSED] - Keys 'standard_user' sent to object: 'Object Repository/Page_Swag Labs/input_Swag Labs_user-name'

2023-05-12 17:46:36 - [TEST_STEP][PASSED] - click(findTestObject("Object Repository/Page_Swag Labs/input_Swag Labs_password")): Object: 'Object Repository/Page_Swag Labs/input_Swag Labs_password' is clicked on

2023-05-12 17:46:36 - [MESSAGE][PASSED] - Object: 'Object Repository/Page_Swag Labs/input_Swag Labs_password' is clicked on

2023-05-12 17:46:36 - [TEST_STEP][PASSED] - sendKeys(findTestObject("Object Repository/Page_Swag Labs/input_Swag Labs_password"), "secret_sauce"): Keys 'secret_sauce' sent to object: 'Object Repository/Page_Swag Labs/input_Swag Labs_password'

2023-05-12 17:46:36 - [MESSAGE][PASSED] - Keys 'secret_sauce' sent to object: 'Object Repository/Page_Swag Labs/input_Swag Labs_password'

2023-05-12 17:46:36 - [TEST_STEP][PASSED] - click(findTestObject("Object Repository/Page_Swag Labs/input_Swag Labs_login-button")): Object: 'Object Repository/Page_Swag Labs/input_Swag Labs_login-button' is clicked on

2023-05-12 17:46:37 - [MESSAGE][PASSED] - Object: 'Object Repository/Page_Swag Labs/input_Swag Labs_login-button' is clicked on

2023-05-12 17:46:37 - [TEST_STEP][PASSED] - click(findTestObject("Object Repository/inventoryPage/Backpack")): Object: 'Object Repository/inventoryPage/Backpack' is clicked on

2023-05-12 17:46:37 - [MESSAGE][PASSED] - Object: 'Object Repository/inventoryPage/Backpack' is clicked on

2023-05-12 17:46:37 - [TEST_STEP][PASSED] - click(findTestObject("Object Repository/inventoryPage/button_Add to cart")): Object: 'Object Repository/inventoryPage/button_Add to cart' is clicked on

2023-05-12 17:46:38 - [MESSAGE][PASSED] - Object: 'Object Repository/inventoryPage/button_Add to cart' is clicked on

2023-05-12 17:46:38 - [TEST_STEP][PASSED] - click(findTestObject("Object Repository/inventoryPage/products_back-image")): Object: 'Object Repository/inventoryPage/products_back-image' is clicked on

2023-05-12 17:46:38 - [MESSAGE][PASSED] - Object: 'Object Repository/inventoryPage/products_back-image' is clicked on

2023-05-12 17:46:38 - [TEST_STEP][PASSED] - click(findTestObject("Object Repository/inventoryPage/cart")): Object: 'Object Repository/inventoryPage/cart' is clicked on

2023-05-12 17:46:39 - [MESSAGE][PASSED] - Object: 'Object Repository/inventoryPage/cart' is clicked on

2023-05-12 17:46:39 - [TEST_STEP][PASSED] - click(findTestObject("Object Repository/CheckoutPage/button_Checkout")): Object: 'Object Repository/CheckoutPage/button_Checkout' is clicked on

2023-05-12 17:46:39 - [MESSAGE][PASSED] - Object: 'Object Repository/CheckoutPage/button_Checkout' is clicked on

2023-05-12 17:46:39 - [TEST_STEP][PASSED] - sendKeys(findTestObject("Object Repository/checkout-step-one/input_Checkout Your Information_firstName"), "demo"): Keys 'demo' sent to object: 'Object Repository/checkout-step-one/input_Checkout Your Information_firstName'

2023-05-12 17:46:40 - [MESSAGE][PASSED] - Keys 'demo' sent to object: 'Object Repository/checkout-step-one/input_Checkout Your Information_firstName'

2023-05-12 17:46:40 - [TEST_STEP][PASSED] - sendKeys(findTestObject("Object Repository/checkout-step-one/input_Checkout Your Information_lastName"), "qa test"): Keys 'qa test' sent to object: 'Object Repository/checkout-step-one/input_Checkout Your Information_lastName'

2023-05-12 17:46:40 - [MESSAGE][PASSED] - Keys 'qa test' sent to object: 'Object Repository/checkout-step-one/input_Checkout Your Information_lastName'

2023-05-12 17:46:40 - [TEST_STEP][PASSED] - sendKeys(findTestObject("Object Repository/checkout-step-one/input_Checkout Your Information_postalCode"), "9000"): Keys '9000' sent to object: 'Object Repository/checkout-step-one/input_Checkout Your Information_postalCode'

2023-05-12 17:46:41 - [MESSAGE][PASSED] - Keys '9000' sent to object: 'Object Repository/checkout-step-one/input_Checkout Your Information_postalCode'

2023-05-12 17:46:41 - [TEST_STEP][PASSED] - click(findTestObject("Object Repository/checkout-step-one/input_continue")): Object: 'Object Repository/checkout-step-one/input_continue' is clicked on

2023-05-12 17:46:41 - [MESSAGE][PASSED] - Object: 'Object Repository/checkout-step-one/input_continue' is clicked on

2023-05-12 17:46:41 - [TEST_STEP][PASSED] - click(findTestObject("Object Repository/finish checkout/button_Finish")): Object: 'Object Repository/finish checkout/button_Finish' is clicked on

2023-05-12 17:46:42 - [MESSAGE][PASSED] - Object: 'Object Repository/finish checkout/button_Finish' is clicked on

2023-05-12 17:46:42 - [TEST_STEP][PASSED] - verifyElementVisible(findTestObject("Object Repository/order-success/h2_Thank you for your order")): Object 'Object Repository/order-success/h2_Thank you for your order' is visible

2023-05-12 17:46:42 - [MESSAGE][PASSED] - Object 'Object Repository/order-success/h2_Thank you for your order' is visible

2023-05-12 17:46:42 - [TEST_STEP][PASSED] - click(findTestObject("Object Repository/NavSideBar/sidebar")): Object: 'Object Repository/NavSideBar/sidebar' is clicked on

2023-05-12 17:46:43 - [MESSAGE][PASSED] - Object: 'Object Repository/NavSideBar/sidebar' is clicked on

2023-05-12 17:46:43 - [TEST_STEP][PASSED] - click(findTestObject("Object Repository/NavSideBar/a_Logout")): Object: 'Object Repository/NavSideBar/a_Logout' is clicked on

2023-05-12 17:46:43 - [MESSAGE][PASSED] - Object: 'Object Repository/NavSideBar/a_Logout' is clicked on

2023-05-12 17:46:43 - [TEST_STEP][PASSED] - verifyElementVisible(findTestObject("Object Repository/Page_Swag Labs/input_Swag Labs_user-name")): Object 'Object Repository/Page_Swag Labs/input_Swag Labs_user-name' is visible

2023-05-12 17:46:44 - [MESSAGE][PASSED] - Object 'Object Repository/Page_Swag Labs/input_Swag Labs_user-name' is visible

2023-05-12 17:46:44 - [TEST_STEP][PASSED] - closeBrowser(): Browser is closed

2023-05-12 17:46:45 - [MESSAGE][PASSED] - Browser is closed]]></system-out>
         <system-err><![CDATA[]]></system-err>
      </testcase>
      <testcase name="Test Cases/test-flow-1-buy-1-product" time="11.823" classname="Test Cases/test-flow-1-buy-1-product" status="PASSED">
         <system-out><![CDATA[2023-05-12 17:46:45 - [TEST_CASE][PASSED] - Test Cases/test-flow-1-buy-1-product: Test Cases/test-flow-1-buy-1-product

2023-05-12 17:46:45 - [TEST_STEP][PASSED] - openBrowser("https://www.saucedemo.com/"): Browser is opened with url: 'https://www.saucedemo.com/'

2023-05-12 17:46:45 - [MESSAGE][INFO] - Starting 'Chrome' driver

2023-05-12 17:46:45 - [MESSAGE][INFO] - Action delay is set to 0 milliseconds

2023-05-12 17:46:47 - [MESSAGE][PASSED] - Browser is opened with url: 'https://www.saucedemo.com/'

2023-05-12 17:46:47 - [TEST_STEP][PASSED] - click(findTestObject("Object Repository/Page_Swag Labs/input_Swag Labs_user-name")): Object: 'Object Repository/Page_Swag Labs/input_Swag Labs_user-name' is clicked on

2023-05-12 17:46:47 - [MESSAGE][PASSED] - Object: 'Object Repository/Page_Swag Labs/input_Swag Labs_user-name' is clicked on

2023-05-12 17:46:47 - [TEST_STEP][PASSED] - sendKeys(findTestObject("Object Repository/Page_Swag Labs/input_Swag Labs_user-name"), "standard_user"): Keys 'standard_user' sent to object: 'Object Repository/Page_Swag Labs/input_Swag Labs_user-name'

2023-05-12 17:46:47 - [MESSAGE][PASSED] - Keys 'standard_user' sent to object: 'Object Repository/Page_Swag Labs/input_Swag Labs_user-name'

2023-05-12 17:46:47 - [TEST_STEP][PASSED] - click(findTestObject("Object Repository/Page_Swag Labs/input_Swag Labs_password")): Object: 'Object Repository/Page_Swag Labs/input_Swag Labs_password' is clicked on

2023-05-12 17:46:48 - [MESSAGE][PASSED] - Object: 'Object Repository/Page_Swag Labs/input_Swag Labs_password' is clicked on

2023-05-12 17:46:48 - [TEST_STEP][PASSED] - sendKeys(findTestObject("Object Repository/Page_Swag Labs/input_Swag Labs_password"), "secret_sauce"): Keys 'secret_sauce' sent to object: 'Object Repository/Page_Swag Labs/input_Swag Labs_password'

2023-05-12 17:46:48 - [MESSAGE][PASSED] - Keys 'secret_sauce' sent to object: 'Object Repository/Page_Swag Labs/input_Swag Labs_password'

2023-05-12 17:46:48 - [TEST_STEP][PASSED] - click(findTestObject("Object Repository/Page_Swag Labs/input_Swag Labs_login-button")): Object: 'Object Repository/Page_Swag Labs/input_Swag Labs_login-button' is clicked on

2023-05-12 17:46:48 - [MESSAGE][PASSED] - Object: 'Object Repository/Page_Swag Labs/input_Swag Labs_login-button' is clicked on

2023-05-12 17:46:48 - [TEST_STEP][PASSED] - click(findTestObject("Object Repository/inventoryPage/Backpack")): Object: 'Object Repository/inventoryPage/Backpack' is clicked on

2023-05-12 17:46:49 - [MESSAGE][PASSED] - Object: 'Object Repository/inventoryPage/Backpack' is clicked on

2023-05-12 17:46:49 - [TEST_STEP][PASSED] - click(findTestObject("Object Repository/inventoryPage/button_Add to cart")): Object: 'Object Repository/inventoryPage/button_Add to cart' is clicked on

2023-05-12 17:46:49 - [MESSAGE][PASSED] - Object: 'Object Repository/inventoryPage/button_Add to cart' is clicked on

2023-05-12 17:46:49 - [TEST_STEP][PASSED] - click(findTestObject("Object Repository/inventoryPage/products_back-image")): Object: 'Object Repository/inventoryPage/products_back-image' is clicked on

2023-05-12 17:46:50 - [MESSAGE][PASSED] - Object: 'Object Repository/inventoryPage/products_back-image' is clicked on

2023-05-12 17:46:50 - [TEST_STEP][PASSED] - click(findTestObject("Object Repository/inventoryPage/cart")): Object: 'Object Repository/inventoryPage/cart' is clicked on

2023-05-12 17:46:50 - [MESSAGE][PASSED] - Object: 'Object Repository/inventoryPage/cart' is clicked on

2023-05-12 17:46:50 - [TEST_STEP][PASSED] - click(findTestObject("Object Repository/CheckoutPage/button_Checkout")): Object: 'Object Repository/CheckoutPage/button_Checkout' is clicked on

2023-05-12 17:46:51 - [MESSAGE][PASSED] - Object: 'Object Repository/CheckoutPage/button_Checkout' is clicked on

2023-05-12 17:46:51 - [TEST_STEP][PASSED] - sendKeys(findTestObject("Object Repository/checkout-step-one/input_Checkout Your Information_firstName"), "demo"): Keys 'demo' sent to object: 'Object Repository/checkout-step-one/input_Checkout Your Information_firstName'

2023-05-12 17:46:52 - [MESSAGE][PASSED] - Keys 'demo' sent to object: 'Object Repository/checkout-step-one/input_Checkout Your Information_firstName'

2023-05-12 17:46:52 - [TEST_STEP][PASSED] - sendKeys(findTestObject("Object Repository/checkout-step-one/input_Checkout Your Information_lastName"), "qa test"): Keys 'qa test' sent to object: 'Object Repository/checkout-step-one/input_Checkout Your Information_lastName'

2023-05-12 17:46:52 - [MESSAGE][PASSED] - Keys 'qa test' sent to object: 'Object Repository/checkout-step-one/input_Checkout Your Information_lastName'

2023-05-12 17:46:52 - [TEST_STEP][PASSED] - sendKeys(findTestObject("Object Repository/checkout-step-one/input_Checkout Your Information_postalCode"), "9000"): Keys '9000' sent to object: 'Object Repository/checkout-step-one/input_Checkout Your Information_postalCode'

2023-05-12 17:46:53 - [MESSAGE][PASSED] - Keys '9000' sent to object: 'Object Repository/checkout-step-one/input_Checkout Your Information_postalCode'

2023-05-12 17:46:53 - [TEST_STEP][PASSED] - click(findTestObject("Object Repository/checkout-step-one/input_continue")): Object: 'Object Repository/checkout-step-one/input_continue' is clicked on

2023-05-12 17:46:53 - [MESSAGE][PASSED] - Object: 'Object Repository/checkout-step-one/input_continue' is clicked on

2023-05-12 17:46:53 - [TEST_STEP][PASSED] - click(findTestObject("Object Repository/finish checkout/button_Finish")): Object: 'Object Repository/finish checkout/button_Finish' is clicked on

2023-05-12 17:46:54 - [MESSAGE][PASSED] - Object: 'Object Repository/finish checkout/button_Finish' is clicked on

2023-05-12 17:46:54 - [TEST_STEP][PASSED] - verifyElementVisible(findTestObject("Object Repository/order-success/h2_Thank you for your order")): Object 'Object Repository/order-success/h2_Thank you for your order' is visible

2023-05-12 17:46:54 - [MESSAGE][PASSED] - Object 'Object Repository/order-success/h2_Thank you for your order' is visible

2023-05-12 17:46:54 - [TEST_STEP][PASSED] - click(findTestObject("Object Repository/NavSideBar/sidebar")): Object: 'Object Repository/NavSideBar/sidebar' is clicked on

2023-05-12 17:46:55 - [MESSAGE][PASSED] - Object: 'Object Repository/NavSideBar/sidebar' is clicked on

2023-05-12 17:46:55 - [TEST_STEP][PASSED] - click(findTestObject("Object Repository/NavSideBar/a_Logout")): Object: 'Object Repository/NavSideBar/a_Logout' is clicked on

2023-05-12 17:46:55 - [MESSAGE][PASSED] - Object: 'Object Repository/NavSideBar/a_Logout' is clicked on

2023-05-12 17:46:55 - [TEST_STEP][PASSED] - verifyElementVisible(findTestObject("Object Repository/Page_Swag Labs/input_Swag Labs_user-name")): Object 'Object Repository/Page_Swag Labs/input_Swag Labs_user-name' is visible

2023-05-12 17:46:56 - [MESSAGE][PASSED] - Object 'Object Repository/Page_Swag Labs/input_Swag Labs_user-name' is visible

2023-05-12 17:46:56 - [TEST_STEP][PASSED] - closeBrowser(): Browser is closed

2023-05-12 17:46:56 - [MESSAGE][PASSED] - Browser is closed]]></system-out>
         <system-err><![CDATA[]]></system-err>
      </testcase>
      <testcase name="Test Cases/test-flow-1-buy-1-product" time="11.686" classname="Test Cases/test-flow-1-buy-1-product" status="PASSED">
         <system-out><![CDATA[2023-05-12 17:46:56 - [TEST_CASE][PASSED] - Test Cases/test-flow-1-buy-1-product: Test Cases/test-flow-1-buy-1-product

2023-05-12 17:46:56 - [TEST_STEP][PASSED] - openBrowser("https://www.saucedemo.com/"): Browser is opened with url: 'https://www.saucedemo.com/'

2023-05-12 17:46:56 - [MESSAGE][INFO] - Starting 'Chrome' driver

2023-05-12 17:46:56 - [MESSAGE][INFO] - Action delay is set to 0 milliseconds

2023-05-12 17:46:58 - [MESSAGE][PASSED] - Browser is opened with url: 'https://www.saucedemo.com/'

2023-05-12 17:46:58 - [TEST_STEP][PASSED] - click(findTestObject("Object Repository/Page_Swag Labs/input_Swag Labs_user-name")): Object: 'Object Repository/Page_Swag Labs/input_Swag Labs_user-name' is clicked on

2023-05-12 17:46:59 - [MESSAGE][PASSED] - Object: 'Object Repository/Page_Swag Labs/input_Swag Labs_user-name' is clicked on

2023-05-12 17:46:59 - [TEST_STEP][PASSED] - sendKeys(findTestObject("Object Repository/Page_Swag Labs/input_Swag Labs_user-name"), "standard_user"): Keys 'standard_user' sent to object: 'Object Repository/Page_Swag Labs/input_Swag Labs_user-name'

2023-05-12 17:46:59 - [MESSAGE][PASSED] - Keys 'standard_user' sent to object: 'Object Repository/Page_Swag Labs/input_Swag Labs_user-name'

2023-05-12 17:46:59 - [TEST_STEP][PASSED] - click(findTestObject("Object Repository/Page_Swag Labs/input_Swag Labs_password")): Object: 'Object Repository/Page_Swag Labs/input_Swag Labs_password' is clicked on

2023-05-12 17:46:59 - [MESSAGE][PASSED] - Object: 'Object Repository/Page_Swag Labs/input_Swag Labs_password' is clicked on

2023-05-12 17:46:59 - [TEST_STEP][PASSED] - sendKeys(findTestObject("Object Repository/Page_Swag Labs/input_Swag Labs_password"), "secret_sauce"): Keys 'secret_sauce' sent to object: 'Object Repository/Page_Swag Labs/input_Swag Labs_password'

2023-05-12 17:47:00 - [MESSAGE][PASSED] - Keys 'secret_sauce' sent to object: 'Object Repository/Page_Swag Labs/input_Swag Labs_password'

2023-05-12 17:47:00 - [TEST_STEP][PASSED] - click(findTestObject("Object Repository/Page_Swag Labs/input_Swag Labs_login-button")): Object: 'Object Repository/Page_Swag Labs/input_Swag Labs_login-button' is clicked on

2023-05-12 17:47:00 - [MESSAGE][PASSED] - Object: 'Object Repository/Page_Swag Labs/input_Swag Labs_login-button' is clicked on

2023-05-12 17:47:00 - [TEST_STEP][PASSED] - click(findTestObject("Object Repository/inventoryPage/Backpack")): Object: 'Object Repository/inventoryPage/Backpack' is clicked on

2023-05-12 17:47:01 - [MESSAGE][PASSED] - Object: 'Object Repository/inventoryPage/Backpack' is clicked on

2023-05-12 17:47:01 - [TEST_STEP][PASSED] - click(findTestObject("Object Repository/inventoryPage/button_Add to cart")): Object: 'Object Repository/inventoryPage/button_Add to cart' is clicked on

2023-05-12 17:47:01 - [MESSAGE][PASSED] - Object: 'Object Repository/inventoryPage/button_Add to cart' is clicked on

2023-05-12 17:47:01 - [TEST_STEP][PASSED] - click(findTestObject("Object Repository/inventoryPage/products_back-image")): Object: 'Object Repository/inventoryPage/products_back-image' is clicked on

2023-05-12 17:47:02 - [MESSAGE][PASSED] - Object: 'Object Repository/inventoryPage/products_back-image' is clicked on

2023-05-12 17:47:02 - [TEST_STEP][PASSED] - click(findTestObject("Object Repository/inventoryPage/cart")): Object: 'Object Repository/inventoryPage/cart' is clicked on

2023-05-12 17:47:02 - [MESSAGE][PASSED] - Object: 'Object Repository/inventoryPage/cart' is clicked on

2023-05-12 17:47:02 - [TEST_STEP][PASSED] - click(findTestObject("Object Repository/CheckoutPage/button_Checkout")): Object: 'Object Repository/CheckoutPage/button_Checkout' is clicked on

2023-05-12 17:47:03 - [MESSAGE][PASSED] - Object: 'Object Repository/CheckoutPage/button_Checkout' is clicked on

2023-05-12 17:47:03 - [TEST_STEP][PASSED] - sendKeys(findTestObject("Object Repository/checkout-step-one/input_Checkout Your Information_firstName"), "demo"): Keys 'demo' sent to object: 'Object Repository/checkout-step-one/input_Checkout Your Information_firstName'

2023-05-12 17:47:03 - [MESSAGE][PASSED] - Keys 'demo' sent to object: 'Object Repository/checkout-step-one/input_Checkout Your Information_firstName'

2023-05-12 17:47:03 - [TEST_STEP][PASSED] - sendKeys(findTestObject("Object Repository/checkout-step-one/input_Checkout Your Information_lastName"), "qa test"): Keys 'qa test' sent to object: 'Object Repository/checkout-step-one/input_Checkout Your Information_lastName'

2023-05-12 17:47:04 - [MESSAGE][PASSED] - Keys 'qa test' sent to object: 'Object Repository/checkout-step-one/input_Checkout Your Information_lastName'

2023-05-12 17:47:04 - [TEST_STEP][PASSED] - sendKeys(findTestObject("Object Repository/checkout-step-one/input_Checkout Your Information_postalCode"), "9000"): Keys '9000' sent to object: 'Object Repository/checkout-step-one/input_Checkout Your Information_postalCode'

2023-05-12 17:47:04 - [MESSAGE][PASSED] - Keys '9000' sent to object: 'Object Repository/checkout-step-one/input_Checkout Your Information_postalCode'

2023-05-12 17:47:04 - [TEST_STEP][PASSED] - click(findTestObject("Object Repository/checkout-step-one/input_continue")): Object: 'Object Repository/checkout-step-one/input_continue' is clicked on

2023-05-12 17:47:05 - [MESSAGE][PASSED] - Object: 'Object Repository/checkout-step-one/input_continue' is clicked on

2023-05-12 17:47:05 - [TEST_STEP][PASSED] - click(findTestObject("Object Repository/finish checkout/button_Finish")): Object: 'Object Repository/finish checkout/button_Finish' is clicked on

2023-05-12 17:47:05 - [MESSAGE][PASSED] - Object: 'Object Repository/finish checkout/button_Finish' is clicked on

2023-05-12 17:47:05 - [TEST_STEP][PASSED] - verifyElementVisible(findTestObject("Object Repository/order-success/h2_Thank you for your order")): Object 'Object Repository/order-success/h2_Thank you for your order' is visible

2023-05-12 17:47:06 - [MESSAGE][PASSED] - Object 'Object Repository/order-success/h2_Thank you for your order' is visible

2023-05-12 17:47:06 - [TEST_STEP][PASSED] - click(findTestObject("Object Repository/NavSideBar/sidebar")): Object: 'Object Repository/NavSideBar/sidebar' is clicked on

2023-05-12 17:47:06 - [MESSAGE][PASSED] - Object: 'Object Repository/NavSideBar/sidebar' is clicked on

2023-05-12 17:47:06 - [TEST_STEP][PASSED] - click(findTestObject("Object Repository/NavSideBar/a_Logout")): Object: 'Object Repository/NavSideBar/a_Logout' is clicked on

2023-05-12 17:47:07 - [MESSAGE][PASSED] - Object: 'Object Repository/NavSideBar/a_Logout' is clicked on

2023-05-12 17:47:07 - [TEST_STEP][PASSED] - verifyElementVisible(findTestObject("Object Repository/Page_Swag Labs/input_Swag Labs_user-name")): Object 'Object Repository/Page_Swag Labs/input_Swag Labs_user-name' is visible

2023-05-12 17:47:07 - [MESSAGE][PASSED] - Object 'Object Repository/Page_Swag Labs/input_Swag Labs_user-name' is visible

2023-05-12 17:47:07 - [TEST_STEP][PASSED] - closeBrowser(): Browser is closed

2023-05-12 17:47:08 - [MESSAGE][PASSED] - Browser is closed]]></system-out>
         <system-err><![CDATA[]]></system-err>
      </testcase>
      <testcase name="Test Cases/test-flow-1-buy-1-product" time="11.577" classname="Test Cases/test-flow-1-buy-1-product" status="PASSED">
         <system-out><![CDATA[2023-05-12 17:47:08 - [TEST_CASE][PASSED] - Test Cases/test-flow-1-buy-1-product: Test Cases/test-flow-1-buy-1-product

2023-05-12 17:47:08 - [TEST_STEP][PASSED] - openBrowser("https://www.saucedemo.com/"): Browser is opened with url: 'https://www.saucedemo.com/'

2023-05-12 17:47:08 - [MESSAGE][INFO] - Starting 'Chrome' driver

2023-05-12 17:47:08 - [MESSAGE][INFO] - Action delay is set to 0 milliseconds

2023-05-12 17:47:10 - [MESSAGE][PASSED] - Browser is opened with url: 'https://www.saucedemo.com/'

2023-05-12 17:47:10 - [TEST_STEP][PASSED] - click(findTestObject("Object Repository/Page_Swag Labs/input_Swag Labs_user-name")): Object: 'Object Repository/Page_Swag Labs/input_Swag Labs_user-name' is clicked on

2023-05-12 17:47:10 - [MESSAGE][PASSED] - Object: 'Object Repository/Page_Swag Labs/input_Swag Labs_user-name' is clicked on

2023-05-12 17:47:10 - [TEST_STEP][PASSED] - sendKeys(findTestObject("Object Repository/Page_Swag Labs/input_Swag Labs_user-name"), "standard_user"): Keys 'standard_user' sent to object: 'Object Repository/Page_Swag Labs/input_Swag Labs_user-name'

2023-05-12 17:47:11 - [MESSAGE][PASSED] - Keys 'standard_user' sent to object: 'Object Repository/Page_Swag Labs/input_Swag Labs_user-name'

2023-05-12 17:47:11 - [TEST_STEP][PASSED] - click(findTestObject("Object Repository/Page_Swag Labs/input_Swag Labs_password")): Object: 'Object Repository/Page_Swag Labs/input_Swag Labs_password' is clicked on

2023-05-12 17:47:11 - [MESSAGE][PASSED] - Object: 'Object Repository/Page_Swag Labs/input_Swag Labs_password' is clicked on

2023-05-12 17:47:11 - [TEST_STEP][PASSED] - sendKeys(findTestObject("Object Repository/Page_Swag Labs/input_Swag Labs_password"), "secret_sauce"): Keys 'secret_sauce' sent to object: 'Object Repository/Page_Swag Labs/input_Swag Labs_password'

2023-05-12 17:47:12 - [MESSAGE][PASSED] - Keys 'secret_sauce' sent to object: 'Object Repository/Page_Swag Labs/input_Swag Labs_password'

2023-05-12 17:47:12 - [TEST_STEP][PASSED] - click(findTestObject("Object Repository/Page_Swag Labs/input_Swag Labs_login-button")): Object: 'Object Repository/Page_Swag Labs/input_Swag Labs_login-button' is clicked on

2023-05-12 17:47:12 - [MESSAGE][PASSED] - Object: 'Object Repository/Page_Swag Labs/input_Swag Labs_login-button' is clicked on

2023-05-12 17:47:12 - [TEST_STEP][PASSED] - click(findTestObject("Object Repository/inventoryPage/Backpack")): Object: 'Object Repository/inventoryPage/Backpack' is clicked on

2023-05-12 17:47:12 - [MESSAGE][PASSED] - Object: 'Object Repository/inventoryPage/Backpack' is clicked on

2023-05-12 17:47:12 - [TEST_STEP][PASSED] - click(findTestObject("Object Repository/inventoryPage/button_Add to cart")): Object: 'Object Repository/inventoryPage/button_Add to cart' is clicked on

2023-05-12 17:47:13 - [MESSAGE][PASSED] - Object: 'Object Repository/inventoryPage/button_Add to cart' is clicked on

2023-05-12 17:47:13 - [TEST_STEP][PASSED] - click(findTestObject("Object Repository/inventoryPage/products_back-image")): Object: 'Object Repository/inventoryPage/products_back-image' is clicked on

2023-05-12 17:47:13 - [MESSAGE][PASSED] - Object: 'Object Repository/inventoryPage/products_back-image' is clicked on

2023-05-12 17:47:13 - [TEST_STEP][PASSED] - click(findTestObject("Object Repository/inventoryPage/cart")): Object: 'Object Repository/inventoryPage/cart' is clicked on

2023-05-12 17:47:14 - [MESSAGE][PASSED] - Object: 'Object Repository/inventoryPage/cart' is clicked on

2023-05-12 17:47:14 - [TEST_STEP][PASSED] - click(findTestObject("Object Repository/CheckoutPage/button_Checkout")): Object: 'Object Repository/CheckoutPage/button_Checkout' is clicked on

2023-05-12 17:47:14 - [MESSAGE][PASSED] - Object: 'Object Repository/CheckoutPage/button_Checkout' is clicked on

2023-05-12 17:47:14 - [TEST_STEP][PASSED] - sendKeys(findTestObject("Object Repository/checkout-step-one/input_Checkout Your Information_firstName"), "demo"): Keys 'demo' sent to object: 'Object Repository/checkout-step-one/input_Checkout Your Information_firstName'

2023-05-12 17:47:15 - [MESSAGE][PASSED] - Keys 'demo' sent to object: 'Object Repository/checkout-step-one/input_Checkout Your Information_firstName'

2023-05-12 17:47:15 - [TEST_STEP][PASSED] - sendKeys(findTestObject("Object Repository/checkout-step-one/input_Checkout Your Information_lastName"), "qa test"): Keys 'qa test' sent to object: 'Object Repository/checkout-step-one/input_Checkout Your Information_lastName'

2023-05-12 17:47:15 - [MESSAGE][PASSED] - Keys 'qa test' sent to object: 'Object Repository/checkout-step-one/input_Checkout Your Information_lastName'

2023-05-12 17:47:15 - [TEST_STEP][PASSED] - sendKeys(findTestObject("Object Repository/checkout-step-one/input_Checkout Your Information_postalCode"), "9000"): Keys '9000' sent to object: 'Object Repository/checkout-step-one/input_Checkout Your Information_postalCode'

2023-05-12 17:47:16 - [MESSAGE][PASSED] - Keys '9000' sent to object: 'Object Repository/checkout-step-one/input_Checkout Your Information_postalCode'

2023-05-12 17:47:16 - [TEST_STEP][PASSED] - click(findTestObject("Object Repository/checkout-step-one/input_continue")): Object: 'Object Repository/checkout-step-one/input_continue' is clicked on

2023-05-12 17:47:17 - [MESSAGE][PASSED] - Object: 'Object Repository/checkout-step-one/input_continue' is clicked on

2023-05-12 17:47:17 - [TEST_STEP][PASSED] - click(findTestObject("Object Repository/finish checkout/button_Finish")): Object: 'Object Repository/finish checkout/button_Finish' is clicked on

2023-05-12 17:47:17 - [MESSAGE][PASSED] - Object: 'Object Repository/finish checkout/button_Finish' is clicked on

2023-05-12 17:47:17 - [TEST_STEP][PASSED] - verifyElementVisible(findTestObject("Object Repository/order-success/h2_Thank you for your order")): Object 'Object Repository/order-success/h2_Thank you for your order' is visible

2023-05-12 17:47:18 - [MESSAGE][PASSED] - Object 'Object Repository/order-success/h2_Thank you for your order' is visible

2023-05-12 17:47:18 - [TEST_STEP][PASSED] - click(findTestObject("Object Repository/NavSideBar/sidebar")): Object: 'Object Repository/NavSideBar/sidebar' is clicked on

2023-05-12 17:47:18 - [MESSAGE][PASSED] - Object: 'Object Repository/NavSideBar/sidebar' is clicked on

2023-05-12 17:47:18 - [TEST_STEP][PASSED] - click(findTestObject("Object Repository/NavSideBar/a_Logout")): Object: 'Object Repository/NavSideBar/a_Logout' is clicked on

2023-05-12 17:47:18 - [MESSAGE][PASSED] - Object: 'Object Repository/NavSideBar/a_Logout' is clicked on

2023-05-12 17:47:18 - [TEST_STEP][PASSED] - verifyElementVisible(findTestObject("Object Repository/Page_Swag Labs/input_Swag Labs_user-name")): Object 'Object Repository/Page_Swag Labs/input_Swag Labs_user-name' is visible

2023-05-12 17:47:19 - [MESSAGE][PASSED] - Object 'Object Repository/Page_Swag Labs/input_Swag Labs_user-name' is visible

2023-05-12 17:47:19 - [TEST_STEP][PASSED] - closeBrowser(): Browser is closed

2023-05-12 17:47:20 - [MESSAGE][PASSED] - Browser is closed]]></system-out>
         <system-err><![CDATA[]]></system-err>
      </testcase>
      <testcase name="Test Cases/test-flow-1-buy-1-product" time="12.03" classname="Test Cases/test-flow-1-buy-1-product" status="PASSED">
         <system-out><![CDATA[2023-05-12 17:47:20 - [TEST_CASE][PASSED] - Test Cases/test-flow-1-buy-1-product: Test Cases/test-flow-1-buy-1-product

2023-05-12 17:47:20 - [TEST_STEP][PASSED] - openBrowser("https://www.saucedemo.com/"): Browser is opened with url: 'https://www.saucedemo.com/'

2023-05-12 17:47:20 - [MESSAGE][INFO] - Starting 'Chrome' driver

2023-05-12 17:47:20 - [MESSAGE][INFO] - Action delay is set to 0 milliseconds

2023-05-12 17:47:22 - [MESSAGE][PASSED] - Browser is opened with url: 'https://www.saucedemo.com/'

2023-05-12 17:47:22 - [TEST_STEP][PASSED] - click(findTestObject("Object Repository/Page_Swag Labs/input_Swag Labs_user-name")): Object: 'Object Repository/Page_Swag Labs/input_Swag Labs_user-name' is clicked on

2023-05-12 17:47:22 - [MESSAGE][PASSED] - Object: 'Object Repository/Page_Swag Labs/input_Swag Labs_user-name' is clicked on

2023-05-12 17:47:22 - [TEST_STEP][PASSED] - sendKeys(findTestObject("Object Repository/Page_Swag Labs/input_Swag Labs_user-name"), "standard_user"): Keys 'standard_user' sent to object: 'Object Repository/Page_Swag Labs/input_Swag Labs_user-name'

2023-05-12 17:47:23 - [MESSAGE][PASSED] - Keys 'standard_user' sent to object: 'Object Repository/Page_Swag Labs/input_Swag Labs_user-name'

2023-05-12 17:47:23 - [TEST_STEP][PASSED] - click(findTestObject("Object Repository/Page_Swag Labs/input_Swag Labs_password")): Object: 'Object Repository/Page_Swag Labs/input_Swag Labs_password' is clicked on

2023-05-12 17:47:23 - [MESSAGE][PASSED] - Object: 'Object Repository/Page_Swag Labs/input_Swag Labs_password' is clicked on

2023-05-12 17:47:23 - [TEST_STEP][PASSED] - sendKeys(findTestObject("Object Repository/Page_Swag Labs/input_Swag Labs_password"), "secret_sauce"): Keys 'secret_sauce' sent to object: 'Object Repository/Page_Swag Labs/input_Swag Labs_password'

2023-05-12 17:47:23 - [MESSAGE][PASSED] - Keys 'secret_sauce' sent to object: 'Object Repository/Page_Swag Labs/input_Swag Labs_password'

2023-05-12 17:47:23 - [TEST_STEP][PASSED] - click(findTestObject("Object Repository/Page_Swag Labs/input_Swag Labs_login-button")): Object: 'Object Repository/Page_Swag Labs/input_Swag Labs_login-button' is clicked on

2023-05-12 17:47:24 - [MESSAGE][PASSED] - Object: 'Object Repository/Page_Swag Labs/input_Swag Labs_login-button' is clicked on

2023-05-12 17:47:24 - [TEST_STEP][PASSED] - click(findTestObject("Object Repository/inventoryPage/Backpack")): Object: 'Object Repository/inventoryPage/Backpack' is clicked on

2023-05-12 17:47:24 - [MESSAGE][PASSED] - Object: 'Object Repository/inventoryPage/Backpack' is clicked on

2023-05-12 17:47:24 - [TEST_STEP][PASSED] - click(findTestObject("Object Repository/inventoryPage/button_Add to cart")): Object: 'Object Repository/inventoryPage/button_Add to cart' is clicked on

2023-05-12 17:47:25 - [MESSAGE][PASSED] - Object: 'Object Repository/inventoryPage/button_Add to cart' is clicked on

2023-05-12 17:47:25 - [TEST_STEP][PASSED] - click(findTestObject("Object Repository/inventoryPage/products_back-image")): Object: 'Object Repository/inventoryPage/products_back-image' is clicked on

2023-05-12 17:47:25 - [MESSAGE][PASSED] - Object: 'Object Repository/inventoryPage/products_back-image' is clicked on

2023-05-12 17:47:25 - [TEST_STEP][PASSED] - click(findTestObject("Object Repository/inventoryPage/cart")): Object: 'Object Repository/inventoryPage/cart' is clicked on

2023-05-12 17:47:26 - [MESSAGE][PASSED] - Object: 'Object Repository/inventoryPage/cart' is clicked on

2023-05-12 17:47:26 - [TEST_STEP][PASSED] - click(findTestObject("Object Repository/CheckoutPage/button_Checkout")): Object: 'Object Repository/CheckoutPage/button_Checkout' is clicked on

2023-05-12 17:47:26 - [MESSAGE][PASSED] - Object: 'Object Repository/CheckoutPage/button_Checkout' is clicked on

2023-05-12 17:47:26 - [TEST_STEP][PASSED] - sendKeys(findTestObject("Object Repository/checkout-step-one/input_Checkout Your Information_firstName"), "demo"): Keys 'demo' sent to object: 'Object Repository/checkout-step-one/input_Checkout Your Information_firstName'

2023-05-12 17:47:27 - [MESSAGE][PASSED] - Keys 'demo' sent to object: 'Object Repository/checkout-step-one/input_Checkout Your Information_firstName'

2023-05-12 17:47:27 - [TEST_STEP][PASSED] - sendKeys(findTestObject("Object Repository/checkout-step-one/input_Checkout Your Information_lastName"), "qa test"): Keys 'qa test' sent to object: 'Object Repository/checkout-step-one/input_Checkout Your Information_lastName'

2023-05-12 17:47:27 - [MESSAGE][PASSED] - Keys 'qa test' sent to object: 'Object Repository/checkout-step-one/input_Checkout Your Information_lastName'

2023-05-12 17:47:27 - [TEST_STEP][PASSED] - sendKeys(findTestObject("Object Repository/checkout-step-one/input_Checkout Your Information_postalCode"), "9000"): Keys '9000' sent to object: 'Object Repository/checkout-step-one/input_Checkout Your Information_postalCode'

2023-05-12 17:47:28 - [MESSAGE][PASSED] - Keys '9000' sent to object: 'Object Repository/checkout-step-one/input_Checkout Your Information_postalCode'

2023-05-12 17:47:28 - [TEST_STEP][PASSED] - click(findTestObject("Object Repository/checkout-step-one/input_continue")): Object: 'Object Repository/checkout-step-one/input_continue' is clicked on

2023-05-12 17:47:29 - [MESSAGE][PASSED] - Object: 'Object Repository/checkout-step-one/input_continue' is clicked on

2023-05-12 17:47:29 - [TEST_STEP][PASSED] - click(findTestObject("Object Repository/finish checkout/button_Finish")): Object: 'Object Repository/finish checkout/button_Finish' is clicked on

2023-05-12 17:47:29 - [MESSAGE][PASSED] - Object: 'Object Repository/finish checkout/button_Finish' is clicked on

2023-05-12 17:47:29 - [TEST_STEP][PASSED] - verifyElementVisible(findTestObject("Object Repository/order-success/h2_Thank you for your order")): Object 'Object Repository/order-success/h2_Thank you for your order' is visible

2023-05-12 17:47:30 - [MESSAGE][PASSED] - Object 'Object Repository/order-success/h2_Thank you for your order' is visible

2023-05-12 17:47:30 - [TEST_STEP][PASSED] - click(findTestObject("Object Repository/NavSideBar/sidebar")): Object: 'Object Repository/NavSideBar/sidebar' is clicked on

2023-05-12 17:47:30 - [MESSAGE][PASSED] - Object: 'Object Repository/NavSideBar/sidebar' is clicked on

2023-05-12 17:47:30 - [TEST_STEP][PASSED] - click(findTestObject("Object Repository/NavSideBar/a_Logout")): Object: 'Object Repository/NavSideBar/a_Logout' is clicked on

2023-05-12 17:47:31 - [MESSAGE][PASSED] - Object: 'Object Repository/NavSideBar/a_Logout' is clicked on

2023-05-12 17:47:31 - [TEST_STEP][PASSED] - verifyElementVisible(findTestObject("Object Repository/Page_Swag Labs/input_Swag Labs_user-name")): Object 'Object Repository/Page_Swag Labs/input_Swag Labs_user-name' is visible

2023-05-12 17:47:31 - [MESSAGE][PASSED] - Object 'Object Repository/Page_Swag Labs/input_Swag Labs_user-name' is visible

2023-05-12 17:47:31 - [TEST_STEP][PASSED] - closeBrowser(): Browser is closed

2023-05-12 17:47:32 - [MESSAGE][PASSED] - Browser is closed]]></system-out>
         <system-err><![CDATA[]]></system-err>
      </testcase>
      <testcase name="Test Cases/test-flow-1-buy-1-product" time="12.085" classname="Test Cases/test-flow-1-buy-1-product" status="PASSED">
         <system-out><![CDATA[2023-05-12 17:47:32 - [TEST_CASE][PASSED] - Test Cases/test-flow-1-buy-1-product: Test Cases/test-flow-1-buy-1-product

2023-05-12 17:47:32 - [TEST_STEP][PASSED] - openBrowser("https://www.saucedemo.com/"): Browser is opened with url: 'https://www.saucedemo.com/'

2023-05-12 17:47:32 - [MESSAGE][INFO] - Starting 'Chrome' driver

2023-05-12 17:47:32 - [MESSAGE][INFO] - Action delay is set to 0 milliseconds

2023-05-12 17:47:34 - [MESSAGE][PASSED] - Browser is opened with url: 'https://www.saucedemo.com/'

2023-05-12 17:47:34 - [TEST_STEP][PASSED] - click(findTestObject("Object Repository/Page_Swag Labs/input_Swag Labs_user-name")): Object: 'Object Repository/Page_Swag Labs/input_Swag Labs_user-name' is clicked on

2023-05-12 17:47:34 - [MESSAGE][PASSED] - Object: 'Object Repository/Page_Swag Labs/input_Swag Labs_user-name' is clicked on

2023-05-12 17:47:34 - [TEST_STEP][PASSED] - sendKeys(findTestObject("Object Repository/Page_Swag Labs/input_Swag Labs_user-name"), "standard_user"): Keys 'standard_user' sent to object: 'Object Repository/Page_Swag Labs/input_Swag Labs_user-name'

2023-05-12 17:47:35 - [MESSAGE][PASSED] - Keys 'standard_user' sent to object: 'Object Repository/Page_Swag Labs/input_Swag Labs_user-name'

2023-05-12 17:47:35 - [TEST_STEP][PASSED] - click(findTestObject("Object Repository/Page_Swag Labs/input_Swag Labs_password")): Object: 'Object Repository/Page_Swag Labs/input_Swag Labs_password' is clicked on

2023-05-12 17:47:35 - [MESSAGE][PASSED] - Object: 'Object Repository/Page_Swag Labs/input_Swag Labs_password' is clicked on

2023-05-12 17:47:35 - [TEST_STEP][PASSED] - sendKeys(findTestObject("Object Repository/Page_Swag Labs/input_Swag Labs_password"), "secret_sauce"): Keys 'secret_sauce' sent to object: 'Object Repository/Page_Swag Labs/input_Swag Labs_password'

2023-05-12 17:47:35 - [MESSAGE][PASSED] - Keys 'secret_sauce' sent to object: 'Object Repository/Page_Swag Labs/input_Swag Labs_password'

2023-05-12 17:47:35 - [TEST_STEP][PASSED] - click(findTestObject("Object Repository/Page_Swag Labs/input_Swag Labs_login-button")): Object: 'Object Repository/Page_Swag Labs/input_Swag Labs_login-button' is clicked on

2023-05-12 17:47:36 - [MESSAGE][PASSED] - Object: 'Object Repository/Page_Swag Labs/input_Swag Labs_login-button' is clicked on

2023-05-12 17:47:36 - [TEST_STEP][PASSED] - click(findTestObject("Object Repository/inventoryPage/Backpack")): Object: 'Object Repository/inventoryPage/Backpack' is clicked on

2023-05-12 17:47:36 - [MESSAGE][PASSED] - Object: 'Object Repository/inventoryPage/Backpack' is clicked on

2023-05-12 17:47:36 - [TEST_STEP][PASSED] - click(findTestObject("Object Repository/inventoryPage/button_Add to cart")): Object: 'Object Repository/inventoryPage/button_Add to cart' is clicked on

2023-05-12 17:47:37 - [MESSAGE][PASSED] - Object: 'Object Repository/inventoryPage/button_Add to cart' is clicked on

2023-05-12 17:47:37 - [TEST_STEP][PASSED] - click(findTestObject("Object Repository/inventoryPage/products_back-image")): Object: 'Object Repository/inventoryPage/products_back-image' is clicked on

2023-05-12 17:47:37 - [MESSAGE][PASSED] - Object: 'Object Repository/inventoryPage/products_back-image' is clicked on

2023-05-12 17:47:37 - [TEST_STEP][PASSED] - click(findTestObject("Object Repository/inventoryPage/cart")): Object: 'Object Repository/inventoryPage/cart' is clicked on

2023-05-12 17:47:38 - [MESSAGE][PASSED] - Object: 'Object Repository/inventoryPage/cart' is clicked on

2023-05-12 17:47:38 - [TEST_STEP][PASSED] - click(findTestObject("Object Repository/CheckoutPage/button_Checkout")): Object: 'Object Repository/CheckoutPage/button_Checkout' is clicked on

2023-05-12 17:47:38 - [MESSAGE][PASSED] - Object: 'Object Repository/CheckoutPage/button_Checkout' is clicked on

2023-05-12 17:47:38 - [TEST_STEP][PASSED] - sendKeys(findTestObject("Object Repository/checkout-step-one/input_Checkout Your Information_firstName"), "demo"): Keys 'demo' sent to object: 'Object Repository/checkout-step-one/input_Checkout Your Information_firstName'

2023-05-12 17:47:39 - [MESSAGE][PASSED] - Keys 'demo' sent to object: 'Object Repository/checkout-step-one/input_Checkout Your Information_firstName'

2023-05-12 17:47:39 - [TEST_STEP][PASSED] - sendKeys(findTestObject("Object Repository/checkout-step-one/input_Checkout Your Information_lastName"), "qa test"): Keys 'qa test' sent to object: 'Object Repository/checkout-step-one/input_Checkout Your Information_lastName'

2023-05-12 17:47:39 - [MESSAGE][PASSED] - Keys 'qa test' sent to object: 'Object Repository/checkout-step-one/input_Checkout Your Information_lastName'

2023-05-12 17:47:39 - [TEST_STEP][PASSED] - sendKeys(findTestObject("Object Repository/checkout-step-one/input_Checkout Your Information_postalCode"), "9000"): Keys '9000' sent to object: 'Object Repository/checkout-step-one/input_Checkout Your Information_postalCode'

2023-05-12 17:47:40 - [MESSAGE][PASSED] - Keys '9000' sent to object: 'Object Repository/checkout-step-one/input_Checkout Your Information_postalCode'

2023-05-12 17:47:40 - [TEST_STEP][PASSED] - click(findTestObject("Object Repository/checkout-step-one/input_continue")): Object: 'Object Repository/checkout-step-one/input_continue' is clicked on

2023-05-12 17:47:41 - [MESSAGE][PASSED] - Object: 'Object Repository/checkout-step-one/input_continue' is clicked on

2023-05-12 17:47:41 - [TEST_STEP][PASSED] - click(findTestObject("Object Repository/finish checkout/button_Finish")): Object: 'Object Repository/finish checkout/button_Finish' is clicked on

2023-05-12 17:47:41 - [MESSAGE][PASSED] - Object: 'Object Repository/finish checkout/button_Finish' is clicked on

2023-05-12 17:47:41 - [TEST_STEP][PASSED] - verifyElementVisible(findTestObject("Object Repository/order-success/h2_Thank you for your order")): Object 'Object Repository/order-success/h2_Thank you for your order' is visible

2023-05-12 17:47:42 - [MESSAGE][PASSED] - Object 'Object Repository/order-success/h2_Thank you for your order' is visible

2023-05-12 17:47:42 - [TEST_STEP][PASSED] - click(findTestObject("Object Repository/NavSideBar/sidebar")): Object: 'Object Repository/NavSideBar/sidebar' is clicked on

2023-05-12 17:47:42 - [MESSAGE][PASSED] - Object: 'Object Repository/NavSideBar/sidebar' is clicked on

2023-05-12 17:47:42 - [TEST_STEP][PASSED] - click(findTestObject("Object Repository/NavSideBar/a_Logout")): Object: 'Object Repository/NavSideBar/a_Logout' is clicked on

2023-05-12 17:47:43 - [MESSAGE][PASSED] - Object: 'Object Repository/NavSideBar/a_Logout' is clicked on

2023-05-12 17:47:43 - [TEST_STEP][PASSED] - verifyElementVisible(findTestObject("Object Repository/Page_Swag Labs/input_Swag Labs_user-name")): Object 'Object Repository/Page_Swag Labs/input_Swag Labs_user-name' is visible

2023-05-12 17:47:43 - [MESSAGE][PASSED] - Object 'Object Repository/Page_Swag Labs/input_Swag Labs_user-name' is visible

2023-05-12 17:47:43 - [TEST_STEP][PASSED] - closeBrowser(): Browser is closed

2023-05-12 17:47:44 - [MESSAGE][PASSED] - Browser is closed]]></system-out>
         <system-err><![CDATA[]]></system-err>
      </testcase>
      <testcase name="Test Cases/test-flow-1-buy-1-product" time="11.805" classname="Test Cases/test-flow-1-buy-1-product" status="PASSED">
         <system-out><![CDATA[2023-05-12 17:47:44 - [TEST_CASE][PASSED] - Test Cases/test-flow-1-buy-1-product: Test Cases/test-flow-1-buy-1-product

2023-05-12 17:47:44 - [TEST_STEP][PASSED] - openBrowser("https://www.saucedemo.com/"): Browser is opened with url: 'https://www.saucedemo.com/'

2023-05-12 17:47:44 - [MESSAGE][INFO] - Starting 'Chrome' driver

2023-05-12 17:47:44 - [MESSAGE][INFO] - Action delay is set to 0 milliseconds

2023-05-12 17:47:46 - [MESSAGE][PASSED] - Browser is opened with url: 'https://www.saucedemo.com/'

2023-05-12 17:47:46 - [TEST_STEP][PASSED] - click(findTestObject("Object Repository/Page_Swag Labs/input_Swag Labs_user-name")): Object: 'Object Repository/Page_Swag Labs/input_Swag Labs_user-name' is clicked on

2023-05-12 17:47:46 - [MESSAGE][PASSED] - Object: 'Object Repository/Page_Swag Labs/input_Swag Labs_user-name' is clicked on

2023-05-12 17:47:46 - [TEST_STEP][PASSED] - sendKeys(findTestObject("Object Repository/Page_Swag Labs/input_Swag Labs_user-name"), "standard_user"): Keys 'standard_user' sent to object: 'Object Repository/Page_Swag Labs/input_Swag Labs_user-name'

2023-05-12 17:47:47 - [MESSAGE][PASSED] - Keys 'standard_user' sent to object: 'Object Repository/Page_Swag Labs/input_Swag Labs_user-name'

2023-05-12 17:47:47 - [TEST_STEP][PASSED] - click(findTestObject("Object Repository/Page_Swag Labs/input_Swag Labs_password")): Object: 'Object Repository/Page_Swag Labs/input_Swag Labs_password' is clicked on

2023-05-12 17:47:47 - [MESSAGE][PASSED] - Object: 'Object Repository/Page_Swag Labs/input_Swag Labs_password' is clicked on

2023-05-12 17:47:47 - [TEST_STEP][PASSED] - sendKeys(findTestObject("Object Repository/Page_Swag Labs/input_Swag Labs_password"), "secret_sauce"): Keys 'secret_sauce' sent to object: 'Object Repository/Page_Swag Labs/input_Swag Labs_password'

2023-05-12 17:47:47 - [MESSAGE][PASSED] - Keys 'secret_sauce' sent to object: 'Object Repository/Page_Swag Labs/input_Swag Labs_password'

2023-05-12 17:47:47 - [TEST_STEP][PASSED] - click(findTestObject("Object Repository/Page_Swag Labs/input_Swag Labs_login-button")): Object: 'Object Repository/Page_Swag Labs/input_Swag Labs_login-button' is clicked on

2023-05-12 17:47:48 - [MESSAGE][PASSED] - Object: 'Object Repository/Page_Swag Labs/input_Swag Labs_login-button' is clicked on

2023-05-12 17:47:48 - [TEST_STEP][PASSED] - click(findTestObject("Object Repository/inventoryPage/Backpack")): Object: 'Object Repository/inventoryPage/Backpack' is clicked on

2023-05-12 17:47:48 - [MESSAGE][PASSED] - Object: 'Object Repository/inventoryPage/Backpack' is clicked on

2023-05-12 17:47:48 - [TEST_STEP][PASSED] - click(findTestObject("Object Repository/inventoryPage/button_Add to cart")): Object: 'Object Repository/inventoryPage/button_Add to cart' is clicked on

2023-05-12 17:47:49 - [MESSAGE][PASSED] - Object: 'Object Repository/inventoryPage/button_Add to cart' is clicked on

2023-05-12 17:47:49 - [TEST_STEP][PASSED] - click(findTestObject("Object Repository/inventoryPage/products_back-image")): Object: 'Object Repository/inventoryPage/products_back-image' is clicked on

2023-05-12 17:47:49 - [MESSAGE][PASSED] - Object: 'Object Repository/inventoryPage/products_back-image' is clicked on

2023-05-12 17:47:49 - [TEST_STEP][PASSED] - click(findTestObject("Object Repository/inventoryPage/cart")): Object: 'Object Repository/inventoryPage/cart' is clicked on

2023-05-12 17:47:50 - [MESSAGE][PASSED] - Object: 'Object Repository/inventoryPage/cart' is clicked on

2023-05-12 17:47:50 - [TEST_STEP][PASSED] - click(findTestObject("Object Repository/CheckoutPage/button_Checkout")): Object: 'Object Repository/CheckoutPage/button_Checkout' is clicked on

2023-05-12 17:47:50 - [MESSAGE][PASSED] - Object: 'Object Repository/CheckoutPage/button_Checkout' is clicked on

2023-05-12 17:47:50 - [TEST_STEP][PASSED] - sendKeys(findTestObject("Object Repository/checkout-step-one/input_Checkout Your Information_firstName"), "demo"): Keys 'demo' sent to object: 'Object Repository/checkout-step-one/input_Checkout Your Information_firstName'

2023-05-12 17:47:51 - [MESSAGE][PASSED] - Keys 'demo' sent to object: 'Object Repository/checkout-step-one/input_Checkout Your Information_firstName'

2023-05-12 17:47:51 - [TEST_STEP][PASSED] - sendKeys(findTestObject("Object Repository/checkout-step-one/input_Checkout Your Information_lastName"), "qa test"): Keys 'qa test' sent to object: 'Object Repository/checkout-step-one/input_Checkout Your Information_lastName'

2023-05-12 17:47:51 - [MESSAGE][PASSED] - Keys 'qa test' sent to object: 'Object Repository/checkout-step-one/input_Checkout Your Information_lastName'

2023-05-12 17:47:51 - [TEST_STEP][PASSED] - sendKeys(findTestObject("Object Repository/checkout-step-one/input_Checkout Your Information_postalCode"), "9000"): Keys '9000' sent to object: 'Object Repository/checkout-step-one/input_Checkout Your Information_postalCode'

2023-05-12 17:47:52 - [MESSAGE][PASSED] - Keys '9000' sent to object: 'Object Repository/checkout-step-one/input_Checkout Your Information_postalCode'

2023-05-12 17:47:52 - [TEST_STEP][PASSED] - click(findTestObject("Object Repository/checkout-step-one/input_continue")): Object: 'Object Repository/checkout-step-one/input_continue' is clicked on

2023-05-12 17:47:53 - [MESSAGE][PASSED] - Object: 'Object Repository/checkout-step-one/input_continue' is clicked on

2023-05-12 17:47:53 - [TEST_STEP][PASSED] - click(findTestObject("Object Repository/finish checkout/button_Finish")): Object: 'Object Repository/finish checkout/button_Finish' is clicked on

2023-05-12 17:47:53 - [MESSAGE][PASSED] - Object: 'Object Repository/finish checkout/button_Finish' is clicked on

2023-05-12 17:47:53 - [TEST_STEP][PASSED] - verifyElementVisible(findTestObject("Object Repository/order-success/h2_Thank you for your order")): Object 'Object Repository/order-success/h2_Thank you for your order' is visible

2023-05-12 17:47:54 - [MESSAGE][PASSED] - Object 'Object Repository/order-success/h2_Thank you for your order' is visible

2023-05-12 17:47:54 - [TEST_STEP][PASSED] - click(findTestObject("Object Repository/NavSideBar/sidebar")): Object: 'Object Repository/NavSideBar/sidebar' is clicked on

2023-05-12 17:47:54 - [MESSAGE][PASSED] - Object: 'Object Repository/NavSideBar/sidebar' is clicked on

2023-05-12 17:47:54 - [TEST_STEP][PASSED] - click(findTestObject("Object Repository/NavSideBar/a_Logout")): Object: 'Object Repository/NavSideBar/a_Logout' is clicked on

2023-05-12 17:47:54 - [MESSAGE][PASSED] - Object: 'Object Repository/NavSideBar/a_Logout' is clicked on

2023-05-12 17:47:54 - [TEST_STEP][PASSED] - verifyElementVisible(findTestObject("Object Repository/Page_Swag Labs/input_Swag Labs_user-name")): Object 'Object Repository/Page_Swag Labs/input_Swag Labs_user-name' is visible

2023-05-12 17:47:55 - [MESSAGE][PASSED] - Object 'Object Repository/Page_Swag Labs/input_Swag Labs_user-name' is visible

2023-05-12 17:47:55 - [TEST_STEP][PASSED] - closeBrowser(): Browser is closed

2023-05-12 17:47:56 - [MESSAGE][PASSED] - Browser is closed]]></system-out>
         <system-err><![CDATA[]]></system-err>
      </testcase>
      <testcase name="Test Cases/test-flow-1-buy-1-product" time="12.016" classname="Test Cases/test-flow-1-buy-1-product" status="PASSED">
         <system-out><![CDATA[2023-05-12 17:47:56 - [TEST_CASE][PASSED] - Test Cases/test-flow-1-buy-1-product: Test Cases/test-flow-1-buy-1-product

2023-05-12 17:47:56 - [TEST_STEP][PASSED] - openBrowser("https://www.saucedemo.com/"): Browser is opened with url: 'https://www.saucedemo.com/'

2023-05-12 17:47:56 - [MESSAGE][INFO] - Starting 'Chrome' driver

2023-05-12 17:47:56 - [MESSAGE][INFO] - Action delay is set to 0 milliseconds

2023-05-12 17:47:58 - [MESSAGE][PASSED] - Browser is opened with url: 'https://www.saucedemo.com/'

2023-05-12 17:47:58 - [TEST_STEP][PASSED] - click(findTestObject("Object Repository/Page_Swag Labs/input_Swag Labs_user-name")): Object: 'Object Repository/Page_Swag Labs/input_Swag Labs_user-name' is clicked on

2023-05-12 17:47:58 - [MESSAGE][PASSED] - Object: 'Object Repository/Page_Swag Labs/input_Swag Labs_user-name' is clicked on

2023-05-12 17:47:58 - [TEST_STEP][PASSED] - sendKeys(findTestObject("Object Repository/Page_Swag Labs/input_Swag Labs_user-name"), "standard_user"): Keys 'standard_user' sent to object: 'Object Repository/Page_Swag Labs/input_Swag Labs_user-name'

2023-05-12 17:47:58 - [MESSAGE][PASSED] - Keys 'standard_user' sent to object: 'Object Repository/Page_Swag Labs/input_Swag Labs_user-name'

2023-05-12 17:47:58 - [TEST_STEP][PASSED] - click(findTestObject("Object Repository/Page_Swag Labs/input_Swag Labs_password")): Object: 'Object Repository/Page_Swag Labs/input_Swag Labs_password' is clicked on

2023-05-12 17:47:59 - [MESSAGE][PASSED] - Object: 'Object Repository/Page_Swag Labs/input_Swag Labs_password' is clicked on

2023-05-12 17:47:59 - [TEST_STEP][PASSED] - sendKeys(findTestObject("Object Repository/Page_Swag Labs/input_Swag Labs_password"), "secret_sauce"): Keys 'secret_sauce' sent to object: 'Object Repository/Page_Swag Labs/input_Swag Labs_password'

2023-05-12 17:47:59 - [MESSAGE][PASSED] - Keys 'secret_sauce' sent to object: 'Object Repository/Page_Swag Labs/input_Swag Labs_password'

2023-05-12 17:47:59 - [TEST_STEP][PASSED] - click(findTestObject("Object Repository/Page_Swag Labs/input_Swag Labs_login-button")): Object: 'Object Repository/Page_Swag Labs/input_Swag Labs_login-button' is clicked on

2023-05-12 17:47:59 - [MESSAGE][PASSED] - Object: 'Object Repository/Page_Swag Labs/input_Swag Labs_login-button' is clicked on

2023-05-12 17:47:59 - [TEST_STEP][PASSED] - click(findTestObject("Object Repository/inventoryPage/Backpack")): Object: 'Object Repository/inventoryPage/Backpack' is clicked on

2023-05-12 17:48:00 - [MESSAGE][PASSED] - Object: 'Object Repository/inventoryPage/Backpack' is clicked on

2023-05-12 17:48:00 - [TEST_STEP][PASSED] - click(findTestObject("Object Repository/inventoryPage/button_Add to cart")): Object: 'Object Repository/inventoryPage/button_Add to cart' is clicked on

2023-05-12 17:48:00 - [MESSAGE][PASSED] - Object: 'Object Repository/inventoryPage/button_Add to cart' is clicked on

2023-05-12 17:48:00 - [TEST_STEP][PASSED] - click(findTestObject("Object Repository/inventoryPage/products_back-image")): Object: 'Object Repository/inventoryPage/products_back-image' is clicked on

2023-05-12 17:48:01 - [MESSAGE][PASSED] - Object: 'Object Repository/inventoryPage/products_back-image' is clicked on

2023-05-12 17:48:01 - [TEST_STEP][PASSED] - click(findTestObject("Object Repository/inventoryPage/cart")): Object: 'Object Repository/inventoryPage/cart' is clicked on

2023-05-12 17:48:02 - [MESSAGE][PASSED] - Object: 'Object Repository/inventoryPage/cart' is clicked on

2023-05-12 17:48:02 - [TEST_STEP][PASSED] - click(findTestObject("Object Repository/CheckoutPage/button_Checkout")): Object: 'Object Repository/CheckoutPage/button_Checkout' is clicked on

2023-05-12 17:48:02 - [MESSAGE][PASSED] - Object: 'Object Repository/CheckoutPage/button_Checkout' is clicked on

2023-05-12 17:48:02 - [TEST_STEP][PASSED] - sendKeys(findTestObject("Object Repository/checkout-step-one/input_Checkout Your Information_firstName"), "demo"): Keys 'demo' sent to object: 'Object Repository/checkout-step-one/input_Checkout Your Information_firstName'

2023-05-12 17:48:03 - [MESSAGE][PASSED] - Keys 'demo' sent to object: 'Object Repository/checkout-step-one/input_Checkout Your Information_firstName'

2023-05-12 17:48:03 - [TEST_STEP][PASSED] - sendKeys(findTestObject("Object Repository/checkout-step-one/input_Checkout Your Information_lastName"), "qa test"): Keys 'qa test' sent to object: 'Object Repository/checkout-step-one/input_Checkout Your Information_lastName'

2023-05-12 17:48:03 - [MESSAGE][PASSED] - Keys 'qa test' sent to object: 'Object Repository/checkout-step-one/input_Checkout Your Information_lastName'

2023-05-12 17:48:03 - [TEST_STEP][PASSED] - sendKeys(findTestObject("Object Repository/checkout-step-one/input_Checkout Your Information_postalCode"), "9000"): Keys '9000' sent to object: 'Object Repository/checkout-step-one/input_Checkout Your Information_postalCode'

2023-05-12 17:48:04 - [MESSAGE][PASSED] - Keys '9000' sent to object: 'Object Repository/checkout-step-one/input_Checkout Your Information_postalCode'

2023-05-12 17:48:04 - [TEST_STEP][PASSED] - click(findTestObject("Object Repository/checkout-step-one/input_continue")): Object: 'Object Repository/checkout-step-one/input_continue' is clicked on

2023-05-12 17:48:04 - [MESSAGE][PASSED] - Object: 'Object Repository/checkout-step-one/input_continue' is clicked on

2023-05-12 17:48:04 - [TEST_STEP][PASSED] - click(findTestObject("Object Repository/finish checkout/button_Finish")): Object: 'Object Repository/finish checkout/button_Finish' is clicked on

2023-05-12 17:48:05 - [MESSAGE][PASSED] - Object: 'Object Repository/finish checkout/button_Finish' is clicked on

2023-05-12 17:48:05 - [TEST_STEP][PASSED] - verifyElementVisible(findTestObject("Object Repository/order-success/h2_Thank you for your order")): Object 'Object Repository/order-success/h2_Thank you for your order' is visible

2023-05-12 17:48:06 - [MESSAGE][PASSED] - Object 'Object Repository/order-success/h2_Thank you for your order' is visible

2023-05-12 17:48:06 - [TEST_STEP][PASSED] - click(findTestObject("Object Repository/NavSideBar/sidebar")): Object: 'Object Repository/NavSideBar/sidebar' is clicked on

2023-05-12 17:48:06 - [MESSAGE][PASSED] - Object: 'Object Repository/NavSideBar/sidebar' is clicked on

2023-05-12 17:48:06 - [TEST_STEP][PASSED] - click(findTestObject("Object Repository/NavSideBar/a_Logout")): Object: 'Object Repository/NavSideBar/a_Logout' is clicked on

2023-05-12 17:48:06 - [MESSAGE][PASSED] - Object: 'Object Repository/NavSideBar/a_Logout' is clicked on

2023-05-12 17:48:06 - [TEST_STEP][PASSED] - verifyElementVisible(findTestObject("Object Repository/Page_Swag Labs/input_Swag Labs_user-name")): Object 'Object Repository/Page_Swag Labs/input_Swag Labs_user-name' is visible

2023-05-12 17:48:07 - [MESSAGE][PASSED] - Object 'Object Repository/Page_Swag Labs/input_Swag Labs_user-name' is visible

2023-05-12 17:48:07 - [TEST_STEP][PASSED] - closeBrowser(): Browser is closed

2023-05-12 17:48:08 - [MESSAGE][PASSED] - Browser is closed]]></system-out>
         <system-err><![CDATA[]]></system-err>
      </testcase>
      <testcase name="Test Cases/test-flow-1-buy-1-product" time="12.379" classname="Test Cases/test-flow-1-buy-1-product" status="PASSED">
         <system-out><![CDATA[2023-05-12 17:48:08 - [TEST_CASE][PASSED] - Test Cases/test-flow-1-buy-1-product: Test Cases/test-flow-1-buy-1-product

2023-05-12 17:48:08 - [TEST_STEP][PASSED] - openBrowser("https://www.saucedemo.com/"): Browser is opened with url: 'https://www.saucedemo.com/'

2023-05-12 17:48:08 - [MESSAGE][INFO] - Starting 'Chrome' driver

2023-05-12 17:48:08 - [MESSAGE][INFO] - Action delay is set to 0 milliseconds

2023-05-12 17:48:10 - [MESSAGE][PASSED] - Browser is opened with url: 'https://www.saucedemo.com/'

2023-05-12 17:48:10 - [TEST_STEP][PASSED] - click(findTestObject("Object Repository/Page_Swag Labs/input_Swag Labs_user-name")): Object: 'Object Repository/Page_Swag Labs/input_Swag Labs_user-name' is clicked on

2023-05-12 17:48:10 - [MESSAGE][PASSED] - Object: 'Object Repository/Page_Swag Labs/input_Swag Labs_user-name' is clicked on

2023-05-12 17:48:10 - [TEST_STEP][PASSED] - sendKeys(findTestObject("Object Repository/Page_Swag Labs/input_Swag Labs_user-name"), "standard_user"): Keys 'standard_user' sent to object: 'Object Repository/Page_Swag Labs/input_Swag Labs_user-name'

2023-05-12 17:48:11 - [MESSAGE][PASSED] - Keys 'standard_user' sent to object: 'Object Repository/Page_Swag Labs/input_Swag Labs_user-name'

2023-05-12 17:48:11 - [TEST_STEP][PASSED] - click(findTestObject("Object Repository/Page_Swag Labs/input_Swag Labs_password")): Object: 'Object Repository/Page_Swag Labs/input_Swag Labs_password' is clicked on

2023-05-12 17:48:11 - [MESSAGE][PASSED] - Object: 'Object Repository/Page_Swag Labs/input_Swag Labs_password' is clicked on

2023-05-12 17:48:11 - [TEST_STEP][PASSED] - sendKeys(findTestObject("Object Repository/Page_Swag Labs/input_Swag Labs_password"), "secret_sauce"): Keys 'secret_sauce' sent to object: 'Object Repository/Page_Swag Labs/input_Swag Labs_password'

2023-05-12 17:48:11 - [MESSAGE][PASSED] - Keys 'secret_sauce' sent to object: 'Object Repository/Page_Swag Labs/input_Swag Labs_password'

2023-05-12 17:48:11 - [TEST_STEP][PASSED] - click(findTestObject("Object Repository/Page_Swag Labs/input_Swag Labs_login-button")): Object: 'Object Repository/Page_Swag Labs/input_Swag Labs_login-button' is clicked on

2023-05-12 17:48:12 - [MESSAGE][PASSED] - Object: 'Object Repository/Page_Swag Labs/input_Swag Labs_login-button' is clicked on

2023-05-12 17:48:12 - [TEST_STEP][PASSED] - click(findTestObject("Object Repository/inventoryPage/Backpack")): Object: 'Object Repository/inventoryPage/Backpack' is clicked on

2023-05-12 17:48:12 - [MESSAGE][PASSED] - Object: 'Object Repository/inventoryPage/Backpack' is clicked on

2023-05-12 17:48:12 - [TEST_STEP][PASSED] - click(findTestObject("Object Repository/inventoryPage/button_Add to cart")): Object: 'Object Repository/inventoryPage/button_Add to cart' is clicked on

2023-05-12 17:48:13 - [MESSAGE][PASSED] - Object: 'Object Repository/inventoryPage/button_Add to cart' is clicked on

2023-05-12 17:48:13 - [TEST_STEP][PASSED] - click(findTestObject("Object Repository/inventoryPage/products_back-image")): Object: 'Object Repository/inventoryPage/products_back-image' is clicked on

2023-05-12 17:48:13 - [MESSAGE][PASSED] - Object: 'Object Repository/inventoryPage/products_back-image' is clicked on

2023-05-12 17:48:13 - [TEST_STEP][PASSED] - click(findTestObject("Object Repository/inventoryPage/cart")): Object: 'Object Repository/inventoryPage/cart' is clicked on

2023-05-12 17:48:14 - [MESSAGE][PASSED] - Object: 'Object Repository/inventoryPage/cart' is clicked on

2023-05-12 17:48:14 - [TEST_STEP][PASSED] - click(findTestObject("Object Repository/CheckoutPage/button_Checkout")): Object: 'Object Repository/CheckoutPage/button_Checkout' is clicked on

2023-05-12 17:48:14 - [MESSAGE][PASSED] - Object: 'Object Repository/CheckoutPage/button_Checkout' is clicked on

2023-05-12 17:48:14 - [TEST_STEP][PASSED] - sendKeys(findTestObject("Object Repository/checkout-step-one/input_Checkout Your Information_firstName"), "demo"): Keys 'demo' sent to object: 'Object Repository/checkout-step-one/input_Checkout Your Information_firstName'

2023-05-12 17:48:15 - [MESSAGE][PASSED] - Keys 'demo' sent to object: 'Object Repository/checkout-step-one/input_Checkout Your Information_firstName'

2023-05-12 17:48:15 - [TEST_STEP][PASSED] - sendKeys(findTestObject("Object Repository/checkout-step-one/input_Checkout Your Information_lastName"), "qa test"): Keys 'qa test' sent to object: 'Object Repository/checkout-step-one/input_Checkout Your Information_lastName'

2023-05-12 17:48:16 - [MESSAGE][PASSED] - Keys 'qa test' sent to object: 'Object Repository/checkout-step-one/input_Checkout Your Information_lastName'

2023-05-12 17:48:16 - [TEST_STEP][PASSED] - sendKeys(findTestObject("Object Repository/checkout-step-one/input_Checkout Your Information_postalCode"), "9000"): Keys '9000' sent to object: 'Object Repository/checkout-step-one/input_Checkout Your Information_postalCode'

2023-05-12 17:48:16 - [MESSAGE][PASSED] - Keys '9000' sent to object: 'Object Repository/checkout-step-one/input_Checkout Your Information_postalCode'

2023-05-12 17:48:16 - [TEST_STEP][PASSED] - click(findTestObject("Object Repository/checkout-step-one/input_continue")): Object: 'Object Repository/checkout-step-one/input_continue' is clicked on

2023-05-12 17:48:17 - [MESSAGE][PASSED] - Object: 'Object Repository/checkout-step-one/input_continue' is clicked on

2023-05-12 17:48:17 - [TEST_STEP][PASSED] - click(findTestObject("Object Repository/finish checkout/button_Finish")): Object: 'Object Repository/finish checkout/button_Finish' is clicked on

2023-05-12 17:48:17 - [MESSAGE][PASSED] - Object: 'Object Repository/finish checkout/button_Finish' is clicked on

2023-05-12 17:48:17 - [TEST_STEP][PASSED] - verifyElementVisible(findTestObject("Object Repository/order-success/h2_Thank you for your order")): Object 'Object Repository/order-success/h2_Thank you for your order' is visible

2023-05-12 17:48:18 - [MESSAGE][PASSED] - Object 'Object Repository/order-success/h2_Thank you for your order' is visible

2023-05-12 17:48:18 - [TEST_STEP][PASSED] - click(findTestObject("Object Repository/NavSideBar/sidebar")): Object: 'Object Repository/NavSideBar/sidebar' is clicked on

2023-05-12 17:48:18 - [MESSAGE][PASSED] - Object: 'Object Repository/NavSideBar/sidebar' is clicked on

2023-05-12 17:48:18 - [TEST_STEP][PASSED] - click(findTestObject("Object Repository/NavSideBar/a_Logout")): Object: 'Object Repository/NavSideBar/a_Logout' is clicked on

2023-05-12 17:48:19 - [MESSAGE][PASSED] - Object: 'Object Repository/NavSideBar/a_Logout' is clicked on

2023-05-12 17:48:19 - [TEST_STEP][PASSED] - verifyElementVisible(findTestObject("Object Repository/Page_Swag Labs/input_Swag Labs_user-name")): Object 'Object Repository/Page_Swag Labs/input_Swag Labs_user-name' is visible

2023-05-12 17:48:19 - [MESSAGE][PASSED] - Object 'Object Repository/Page_Swag Labs/input_Swag Labs_user-name' is visible

2023-05-12 17:48:19 - [TEST_STEP][PASSED] - closeBrowser(): Browser is closed

2023-05-12 17:48:20 - [MESSAGE][PASSED] - Browser is closed]]></system-out>
         <system-err><![CDATA[]]></system-err>
      </testcase>
      <testcase name="Test Cases/test-flow-1-buy-1-product" time="11.693" classname="Test Cases/test-flow-1-buy-1-product" status="PASSED">
         <system-out><![CDATA[2023-05-12 17:48:20 - [TEST_CASE][PASSED] - Test Cases/test-flow-1-buy-1-product: Test Cases/test-flow-1-buy-1-product

2023-05-12 17:48:20 - [TEST_STEP][PASSED] - openBrowser("https://www.saucedemo.com/"): Browser is opened with url: 'https://www.saucedemo.com/'

2023-05-12 17:48:20 - [MESSAGE][INFO] - Starting 'Chrome' driver

2023-05-12 17:48:20 - [MESSAGE][INFO] - Action delay is set to 0 milliseconds

2023-05-12 17:48:22 - [MESSAGE][PASSED] - Browser is opened with url: 'https://www.saucedemo.com/'

2023-05-12 17:48:22 - [TEST_STEP][PASSED] - click(findTestObject("Object Repository/Page_Swag Labs/input_Swag Labs_user-name")): Object: 'Object Repository/Page_Swag Labs/input_Swag Labs_user-name' is clicked on

2023-05-12 17:48:22 - [MESSAGE][PASSED] - Object: 'Object Repository/Page_Swag Labs/input_Swag Labs_user-name' is clicked on

2023-05-12 17:48:22 - [TEST_STEP][PASSED] - sendKeys(findTestObject("Object Repository/Page_Swag Labs/input_Swag Labs_user-name"), "standard_user"): Keys 'standard_user' sent to object: 'Object Repository/Page_Swag Labs/input_Swag Labs_user-name'

2023-05-12 17:48:23 - [MESSAGE][PASSED] - Keys 'standard_user' sent to object: 'Object Repository/Page_Swag Labs/input_Swag Labs_user-name'

2023-05-12 17:48:23 - [TEST_STEP][PASSED] - click(findTestObject("Object Repository/Page_Swag Labs/input_Swag Labs_password")): Object: 'Object Repository/Page_Swag Labs/input_Swag Labs_password' is clicked on

2023-05-12 17:48:23 - [MESSAGE][PASSED] - Object: 'Object Repository/Page_Swag Labs/input_Swag Labs_password' is clicked on

2023-05-12 17:48:23 - [TEST_STEP][PASSED] - sendKeys(findTestObject("Object Repository/Page_Swag Labs/input_Swag Labs_password"), "secret_sauce"): Keys 'secret_sauce' sent to object: 'Object Repository/Page_Swag Labs/input_Swag Labs_password'

2023-05-12 17:48:23 - [MESSAGE][PASSED] - Keys 'secret_sauce' sent to object: 'Object Repository/Page_Swag Labs/input_Swag Labs_password'

2023-05-12 17:48:23 - [TEST_STEP][PASSED] - click(findTestObject("Object Repository/Page_Swag Labs/input_Swag Labs_login-button")): Object: 'Object Repository/Page_Swag Labs/input_Swag Labs_login-button' is clicked on

2023-05-12 17:48:24 - [MESSAGE][PASSED] - Object: 'Object Repository/Page_Swag Labs/input_Swag Labs_login-button' is clicked on

2023-05-12 17:48:24 - [TEST_STEP][PASSED] - click(findTestObject("Object Repository/inventoryPage/Backpack")): Object: 'Object Repository/inventoryPage/Backpack' is clicked on

2023-05-12 17:48:24 - [MESSAGE][PASSED] - Object: 'Object Repository/inventoryPage/Backpack' is clicked on

2023-05-12 17:48:24 - [TEST_STEP][PASSED] - click(findTestObject("Object Repository/inventoryPage/button_Add to cart")): Object: 'Object Repository/inventoryPage/button_Add to cart' is clicked on

2023-05-12 17:48:25 - [MESSAGE][PASSED] - Object: 'Object Repository/inventoryPage/button_Add to cart' is clicked on

2023-05-12 17:48:25 - [TEST_STEP][PASSED] - click(findTestObject("Object Repository/inventoryPage/products_back-image")): Object: 'Object Repository/inventoryPage/products_back-image' is clicked on

2023-05-12 17:48:25 - [MESSAGE][PASSED] - Object: 'Object Repository/inventoryPage/products_back-image' is clicked on

2023-05-12 17:48:25 - [TEST_STEP][PASSED] - click(findTestObject("Object Repository/inventoryPage/cart")): Object: 'Object Repository/inventoryPage/cart' is clicked on

2023-05-12 17:48:26 - [MESSAGE][PASSED] - Object: 'Object Repository/inventoryPage/cart' is clicked on

2023-05-12 17:48:26 - [TEST_STEP][PASSED] - click(findTestObject("Object Repository/CheckoutPage/button_Checkout")): Object: 'Object Repository/CheckoutPage/button_Checkout' is clicked on

2023-05-12 17:48:26 - [MESSAGE][PASSED] - Object: 'Object Repository/CheckoutPage/button_Checkout' is clicked on

2023-05-12 17:48:26 - [TEST_STEP][PASSED] - sendKeys(findTestObject("Object Repository/checkout-step-one/input_Checkout Your Information_firstName"), "demo"): Keys 'demo' sent to object: 'Object Repository/checkout-step-one/input_Checkout Your Information_firstName'

2023-05-12 17:48:27 - [MESSAGE][PASSED] - Keys 'demo' sent to object: 'Object Repository/checkout-step-one/input_Checkout Your Information_firstName'

2023-05-12 17:48:27 - [TEST_STEP][PASSED] - sendKeys(findTestObject("Object Repository/checkout-step-one/input_Checkout Your Information_lastName"), "qa test"): Keys 'qa test' sent to object: 'Object Repository/checkout-step-one/input_Checkout Your Information_lastName'

2023-05-12 17:48:27 - [MESSAGE][PASSED] - Keys 'qa test' sent to object: 'Object Repository/checkout-step-one/input_Checkout Your Information_lastName'

2023-05-12 17:48:27 - [TEST_STEP][PASSED] - sendKeys(findTestObject("Object Repository/checkout-step-one/input_Checkout Your Information_postalCode"), "9000"): Keys '9000' sent to object: 'Object Repository/checkout-step-one/input_Checkout Your Information_postalCode'

2023-05-12 17:48:28 - [MESSAGE][PASSED] - Keys '9000' sent to object: 'Object Repository/checkout-step-one/input_Checkout Your Information_postalCode'

2023-05-12 17:48:28 - [TEST_STEP][PASSED] - click(findTestObject("Object Repository/checkout-step-one/input_continue")): Object: 'Object Repository/checkout-step-one/input_continue' is clicked on

2023-05-12 17:48:29 - [MESSAGE][PASSED] - Object: 'Object Repository/checkout-step-one/input_continue' is clicked on

2023-05-12 17:48:29 - [TEST_STEP][PASSED] - click(findTestObject("Object Repository/finish checkout/button_Finish")): Object: 'Object Repository/finish checkout/button_Finish' is clicked on

2023-05-12 17:48:29 - [MESSAGE][PASSED] - Object: 'Object Repository/finish checkout/button_Finish' is clicked on

2023-05-12 17:48:29 - [TEST_STEP][PASSED] - verifyElementVisible(findTestObject("Object Repository/order-success/h2_Thank you for your order")): Object 'Object Repository/order-success/h2_Thank you for your order' is visible

2023-05-12 17:48:30 - [MESSAGE][PASSED] - Object 'Object Repository/order-success/h2_Thank you for your order' is visible

2023-05-12 17:48:30 - [TEST_STEP][PASSED] - click(findTestObject("Object Repository/NavSideBar/sidebar")): Object: 'Object Repository/NavSideBar/sidebar' is clicked on

2023-05-12 17:48:30 - [MESSAGE][PASSED] - Object: 'Object Repository/NavSideBar/sidebar' is clicked on

2023-05-12 17:48:30 - [TEST_STEP][PASSED] - click(findTestObject("Object Repository/NavSideBar/a_Logout")): Object: 'Object Repository/NavSideBar/a_Logout' is clicked on

2023-05-12 17:48:31 - [MESSAGE][PASSED] - Object: 'Object Repository/NavSideBar/a_Logout' is clicked on

2023-05-12 17:48:31 - [TEST_STEP][PASSED] - verifyElementVisible(findTestObject("Object Repository/Page_Swag Labs/input_Swag Labs_user-name")): Object 'Object Repository/Page_Swag Labs/input_Swag Labs_user-name' is visible

2023-05-12 17:48:31 - [MESSAGE][PASSED] - Object 'Object Repository/Page_Swag Labs/input_Swag Labs_user-name' is visible

2023-05-12 17:48:31 - [TEST_STEP][PASSED] - closeBrowser(): Browser is closed

2023-05-12 17:48:32 - [MESSAGE][PASSED] - Browser is closed]]></system-out>
         <system-err><![CDATA[]]></system-err>
      </testcase>
      <testcase name="Test Cases/test-flow-1-buy-1-product" time="11.831" classname="Test Cases/test-flow-1-buy-1-product" status="PASSED">
         <system-out><![CDATA[2023-05-12 17:48:32 - [TEST_CASE][PASSED] - Test Cases/test-flow-1-buy-1-product: Test Cases/test-flow-1-buy-1-product

2023-05-12 17:48:32 - [TEST_STEP][PASSED] - openBrowser("https://www.saucedemo.com/"): Browser is opened with url: 'https://www.saucedemo.com/'

2023-05-12 17:48:32 - [MESSAGE][INFO] - Starting 'Chrome' driver

2023-05-12 17:48:32 - [MESSAGE][INFO] - Action delay is set to 0 milliseconds

2023-05-12 17:48:34 - [MESSAGE][PASSED] - Browser is opened with url: 'https://www.saucedemo.com/'

2023-05-12 17:48:34 - [TEST_STEP][PASSED] - click(findTestObject("Object Repository/Page_Swag Labs/input_Swag Labs_user-name")): Object: 'Object Repository/Page_Swag Labs/input_Swag Labs_user-name' is clicked on

2023-05-12 17:48:34 - [MESSAGE][PASSED] - Object: 'Object Repository/Page_Swag Labs/input_Swag Labs_user-name' is clicked on

2023-05-12 17:48:34 - [TEST_STEP][PASSED] - sendKeys(findTestObject("Object Repository/Page_Swag Labs/input_Swag Labs_user-name"), "standard_user"): Keys 'standard_user' sent to object: 'Object Repository/Page_Swag Labs/input_Swag Labs_user-name'

2023-05-12 17:48:34 - [MESSAGE][PASSED] - Keys 'standard_user' sent to object: 'Object Repository/Page_Swag Labs/input_Swag Labs_user-name'

2023-05-12 17:48:34 - [TEST_STEP][PASSED] - click(findTestObject("Object Repository/Page_Swag Labs/input_Swag Labs_password")): Object: 'Object Repository/Page_Swag Labs/input_Swag Labs_password' is clicked on

2023-05-12 17:48:35 - [MESSAGE][PASSED] - Object: 'Object Repository/Page_Swag Labs/input_Swag Labs_password' is clicked on

2023-05-12 17:48:35 - [TEST_STEP][PASSED] - sendKeys(findTestObject("Object Repository/Page_Swag Labs/input_Swag Labs_password"), "secret_sauce"): Keys 'secret_sauce' sent to object: 'Object Repository/Page_Swag Labs/input_Swag Labs_password'

2023-05-12 17:48:35 - [MESSAGE][PASSED] - Keys 'secret_sauce' sent to object: 'Object Repository/Page_Swag Labs/input_Swag Labs_password'

2023-05-12 17:48:35 - [TEST_STEP][PASSED] - click(findTestObject("Object Repository/Page_Swag Labs/input_Swag Labs_login-button")): Object: 'Object Repository/Page_Swag Labs/input_Swag Labs_login-button' is clicked on

2023-05-12 17:48:35 - [MESSAGE][PASSED] - Object: 'Object Repository/Page_Swag Labs/input_Swag Labs_login-button' is clicked on

2023-05-12 17:48:35 - [TEST_STEP][PASSED] - click(findTestObject("Object Repository/inventoryPage/Backpack")): Object: 'Object Repository/inventoryPage/Backpack' is clicked on

2023-05-12 17:48:36 - [MESSAGE][PASSED] - Object: 'Object Repository/inventoryPage/Backpack' is clicked on

2023-05-12 17:48:36 - [TEST_STEP][PASSED] - click(findTestObject("Object Repository/inventoryPage/button_Add to cart")): Object: 'Object Repository/inventoryPage/button_Add to cart' is clicked on

2023-05-12 17:48:36 - [MESSAGE][PASSED] - Object: 'Object Repository/inventoryPage/button_Add to cart' is clicked on

2023-05-12 17:48:36 - [TEST_STEP][PASSED] - click(findTestObject("Object Repository/inventoryPage/products_back-image")): Object: 'Object Repository/inventoryPage/products_back-image' is clicked on

2023-05-12 17:48:37 - [MESSAGE][PASSED] - Object: 'Object Repository/inventoryPage/products_back-image' is clicked on

2023-05-12 17:48:37 - [TEST_STEP][PASSED] - click(findTestObject("Object Repository/inventoryPage/cart")): Object: 'Object Repository/inventoryPage/cart' is clicked on

2023-05-12 17:48:37 - [MESSAGE][PASSED] - Object: 'Object Repository/inventoryPage/cart' is clicked on

2023-05-12 17:48:37 - [TEST_STEP][PASSED] - click(findTestObject("Object Repository/CheckoutPage/button_Checkout")): Object: 'Object Repository/CheckoutPage/button_Checkout' is clicked on

2023-05-12 17:48:38 - [MESSAGE][PASSED] - Object: 'Object Repository/CheckoutPage/button_Checkout' is clicked on

2023-05-12 17:48:38 - [TEST_STEP][PASSED] - sendKeys(findTestObject("Object Repository/checkout-step-one/input_Checkout Your Information_firstName"), "demo"): Keys 'demo' sent to object: 'Object Repository/checkout-step-one/input_Checkout Your Information_firstName'

2023-05-12 17:48:39 - [MESSAGE][PASSED] - Keys 'demo' sent to object: 'Object Repository/checkout-step-one/input_Checkout Your Information_firstName'

2023-05-12 17:48:39 - [TEST_STEP][PASSED] - sendKeys(findTestObject("Object Repository/checkout-step-one/input_Checkout Your Information_lastName"), "qa test"): Keys 'qa test' sent to object: 'Object Repository/checkout-step-one/input_Checkout Your Information_lastName'

2023-05-12 17:48:39 - [MESSAGE][PASSED] - Keys 'qa test' sent to object: 'Object Repository/checkout-step-one/input_Checkout Your Information_lastName'

2023-05-12 17:48:39 - [TEST_STEP][PASSED] - sendKeys(findTestObject("Object Repository/checkout-step-one/input_Checkout Your Information_postalCode"), "9000"): Keys '9000' sent to object: 'Object Repository/checkout-step-one/input_Checkout Your Information_postalCode'

2023-05-12 17:48:40 - [MESSAGE][PASSED] - Keys '9000' sent to object: 'Object Repository/checkout-step-one/input_Checkout Your Information_postalCode'

2023-05-12 17:48:40 - [TEST_STEP][PASSED] - click(findTestObject("Object Repository/checkout-step-one/input_continue")): Object: 'Object Repository/checkout-step-one/input_continue' is clicked on

2023-05-12 17:48:40 - [MESSAGE][PASSED] - Object: 'Object Repository/checkout-step-one/input_continue' is clicked on

2023-05-12 17:48:40 - [TEST_STEP][PASSED] - click(findTestObject("Object Repository/finish checkout/button_Finish")): Object: 'Object Repository/finish checkout/button_Finish' is clicked on

2023-05-12 17:48:41 - [MESSAGE][PASSED] - Object: 'Object Repository/finish checkout/button_Finish' is clicked on

2023-05-12 17:48:41 - [TEST_STEP][PASSED] - verifyElementVisible(findTestObject("Object Repository/order-success/h2_Thank you for your order")): Object 'Object Repository/order-success/h2_Thank you for your order' is visible

2023-05-12 17:48:41 - [MESSAGE][PASSED] - Object 'Object Repository/order-success/h2_Thank you for your order' is visible

2023-05-12 17:48:41 - [TEST_STEP][PASSED] - click(findTestObject("Object Repository/NavSideBar/sidebar")): Object: 'Object Repository/NavSideBar/sidebar' is clicked on

2023-05-12 17:48:42 - [MESSAGE][PASSED] - Object: 'Object Repository/NavSideBar/sidebar' is clicked on

2023-05-12 17:48:42 - [TEST_STEP][PASSED] - click(findTestObject("Object Repository/NavSideBar/a_Logout")): Object: 'Object Repository/NavSideBar/a_Logout' is clicked on

2023-05-12 17:48:42 - [MESSAGE][PASSED] - Object: 'Object Repository/NavSideBar/a_Logout' is clicked on

2023-05-12 17:48:42 - [TEST_STEP][PASSED] - verifyElementVisible(findTestObject("Object Repository/Page_Swag Labs/input_Swag Labs_user-name")): Object 'Object Repository/Page_Swag Labs/input_Swag Labs_user-name' is visible

2023-05-12 17:48:43 - [MESSAGE][PASSED] - Object 'Object Repository/Page_Swag Labs/input_Swag Labs_user-name' is visible

2023-05-12 17:48:43 - [TEST_STEP][PASSED] - closeBrowser(): Browser is closed

2023-05-12 17:48:44 - [MESSAGE][PASSED] - Browser is closed]]></system-out>
         <system-err><![CDATA[]]></system-err>
      </testcase>
      <testcase name="Test Cases/test-flow-1-buy-1-product" time="12.066" classname="Test Cases/test-flow-1-buy-1-product" status="PASSED">
         <system-out><![CDATA[2023-05-12 17:48:44 - [TEST_CASE][PASSED] - Test Cases/test-flow-1-buy-1-product: Test Cases/test-flow-1-buy-1-product

2023-05-12 17:48:44 - [TEST_STEP][PASSED] - openBrowser("https://www.saucedemo.com/"): Browser is opened with url: 'https://www.saucedemo.com/'

2023-05-12 17:48:44 - [MESSAGE][INFO] - Starting 'Chrome' driver

2023-05-12 17:48:44 - [MESSAGE][INFO] - Action delay is set to 0 milliseconds

2023-05-12 17:48:46 - [MESSAGE][PASSED] - Browser is opened with url: 'https://www.saucedemo.com/'

2023-05-12 17:48:46 - [TEST_STEP][PASSED] - click(findTestObject("Object Repository/Page_Swag Labs/input_Swag Labs_user-name")): Object: 'Object Repository/Page_Swag Labs/input_Swag Labs_user-name' is clicked on

2023-05-12 17:48:46 - [MESSAGE][PASSED] - Object: 'Object Repository/Page_Swag Labs/input_Swag Labs_user-name' is clicked on

2023-05-12 17:48:46 - [TEST_STEP][PASSED] - sendKeys(findTestObject("Object Repository/Page_Swag Labs/input_Swag Labs_user-name"), "standard_user"): Keys 'standard_user' sent to object: 'Object Repository/Page_Swag Labs/input_Swag Labs_user-name'

2023-05-12 17:48:47 - [MESSAGE][PASSED] - Keys 'standard_user' sent to object: 'Object Repository/Page_Swag Labs/input_Swag Labs_user-name'

2023-05-12 17:48:47 - [TEST_STEP][PASSED] - click(findTestObject("Object Repository/Page_Swag Labs/input_Swag Labs_password")): Object: 'Object Repository/Page_Swag Labs/input_Swag Labs_password' is clicked on

2023-05-12 17:48:47 - [MESSAGE][PASSED] - Object: 'Object Repository/Page_Swag Labs/input_Swag Labs_password' is clicked on

2023-05-12 17:48:47 - [TEST_STEP][PASSED] - sendKeys(findTestObject("Object Repository/Page_Swag Labs/input_Swag Labs_password"), "secret_sauce"): Keys 'secret_sauce' sent to object: 'Object Repository/Page_Swag Labs/input_Swag Labs_password'

2023-05-12 17:48:47 - [MESSAGE][PASSED] - Keys 'secret_sauce' sent to object: 'Object Repository/Page_Swag Labs/input_Swag Labs_password'

2023-05-12 17:48:47 - [TEST_STEP][PASSED] - click(findTestObject("Object Repository/Page_Swag Labs/input_Swag Labs_login-button")): Object: 'Object Repository/Page_Swag Labs/input_Swag Labs_login-button' is clicked on

2023-05-12 17:48:48 - [MESSAGE][PASSED] - Object: 'Object Repository/Page_Swag Labs/input_Swag Labs_login-button' is clicked on

2023-05-12 17:48:48 - [TEST_STEP][PASSED] - click(findTestObject("Object Repository/inventoryPage/Backpack")): Object: 'Object Repository/inventoryPage/Backpack' is clicked on

2023-05-12 17:48:48 - [MESSAGE][PASSED] - Object: 'Object Repository/inventoryPage/Backpack' is clicked on

2023-05-12 17:48:48 - [TEST_STEP][PASSED] - click(findTestObject("Object Repository/inventoryPage/button_Add to cart")): Object: 'Object Repository/inventoryPage/button_Add to cart' is clicked on

2023-05-12 17:48:49 - [MESSAGE][PASSED] - Object: 'Object Repository/inventoryPage/button_Add to cart' is clicked on

2023-05-12 17:48:49 - [TEST_STEP][PASSED] - click(findTestObject("Object Repository/inventoryPage/products_back-image")): Object: 'Object Repository/inventoryPage/products_back-image' is clicked on

2023-05-12 17:48:49 - [MESSAGE][PASSED] - Object: 'Object Repository/inventoryPage/products_back-image' is clicked on

2023-05-12 17:48:49 - [TEST_STEP][PASSED] - click(findTestObject("Object Repository/inventoryPage/cart")): Object: 'Object Repository/inventoryPage/cart' is clicked on

2023-05-12 17:48:50 - [MESSAGE][PASSED] - Object: 'Object Repository/inventoryPage/cart' is clicked on

2023-05-12 17:48:50 - [TEST_STEP][PASSED] - click(findTestObject("Object Repository/CheckoutPage/button_Checkout")): Object: 'Object Repository/CheckoutPage/button_Checkout' is clicked on

2023-05-12 17:48:50 - [MESSAGE][PASSED] - Object: 'Object Repository/CheckoutPage/button_Checkout' is clicked on

2023-05-12 17:48:50 - [TEST_STEP][PASSED] - sendKeys(findTestObject("Object Repository/checkout-step-one/input_Checkout Your Information_firstName"), "demo"): Keys 'demo' sent to object: 'Object Repository/checkout-step-one/input_Checkout Your Information_firstName'

2023-05-12 17:48:51 - [MESSAGE][PASSED] - Keys 'demo' sent to object: 'Object Repository/checkout-step-one/input_Checkout Your Information_firstName'

2023-05-12 17:48:51 - [TEST_STEP][PASSED] - sendKeys(findTestObject("Object Repository/checkout-step-one/input_Checkout Your Information_lastName"), "qa test"): Keys 'qa test' sent to object: 'Object Repository/checkout-step-one/input_Checkout Your Information_lastName'

2023-05-12 17:48:51 - [MESSAGE][PASSED] - Keys 'qa test' sent to object: 'Object Repository/checkout-step-one/input_Checkout Your Information_lastName'

2023-05-12 17:48:51 - [TEST_STEP][PASSED] - sendKeys(findTestObject("Object Repository/checkout-step-one/input_Checkout Your Information_postalCode"), "9000"): Keys '9000' sent to object: 'Object Repository/checkout-step-one/input_Checkout Your Information_postalCode'

2023-05-12 17:48:52 - [MESSAGE][PASSED] - Keys '9000' sent to object: 'Object Repository/checkout-step-one/input_Checkout Your Information_postalCode'

2023-05-12 17:48:52 - [TEST_STEP][PASSED] - click(findTestObject("Object Repository/checkout-step-one/input_continue")): Object: 'Object Repository/checkout-step-one/input_continue' is clicked on

2023-05-12 17:48:53 - [MESSAGE][PASSED] - Object: 'Object Repository/checkout-step-one/input_continue' is clicked on

2023-05-12 17:48:53 - [TEST_STEP][PASSED] - click(findTestObject("Object Repository/finish checkout/button_Finish")): Object: 'Object Repository/finish checkout/button_Finish' is clicked on

2023-05-12 17:48:53 - [MESSAGE][PASSED] - Object: 'Object Repository/finish checkout/button_Finish' is clicked on

2023-05-12 17:48:53 - [TEST_STEP][PASSED] - verifyElementVisible(findTestObject("Object Repository/order-success/h2_Thank you for your order")): Object 'Object Repository/order-success/h2_Thank you for your order' is visible

2023-05-12 17:48:54 - [MESSAGE][PASSED] - Object 'Object Repository/order-success/h2_Thank you for your order' is visible

2023-05-12 17:48:54 - [TEST_STEP][PASSED] - click(findTestObject("Object Repository/NavSideBar/sidebar")): Object: 'Object Repository/NavSideBar/sidebar' is clicked on

2023-05-12 17:48:54 - [MESSAGE][PASSED] - Object: 'Object Repository/NavSideBar/sidebar' is clicked on

2023-05-12 17:48:54 - [TEST_STEP][PASSED] - click(findTestObject("Object Repository/NavSideBar/a_Logout")): Object: 'Object Repository/NavSideBar/a_Logout' is clicked on

2023-05-12 17:48:54 - [MESSAGE][PASSED] - Object: 'Object Repository/NavSideBar/a_Logout' is clicked on

2023-05-12 17:48:54 - [TEST_STEP][PASSED] - verifyElementVisible(findTestObject("Object Repository/Page_Swag Labs/input_Swag Labs_user-name")): Object 'Object Repository/Page_Swag Labs/input_Swag Labs_user-name' is visible

2023-05-12 17:48:55 - [MESSAGE][PASSED] - Object 'Object Repository/Page_Swag Labs/input_Swag Labs_user-name' is visible

2023-05-12 17:48:55 - [TEST_STEP][PASSED] - closeBrowser(): Browser is closed

2023-05-12 17:48:56 - [MESSAGE][PASSED] - Browser is closed]]></system-out>
         <system-err><![CDATA[]]></system-err>
      </testcase>
      <testcase name="Test Cases/test-flow-1-buy-1-product" time="12.026" classname="Test Cases/test-flow-1-buy-1-product" status="PASSED">
         <system-out><![CDATA[2023-05-12 17:48:56 - [TEST_CASE][PASSED] - Test Cases/test-flow-1-buy-1-product: Test Cases/test-flow-1-buy-1-product

2023-05-12 17:48:56 - [TEST_STEP][PASSED] - openBrowser("https://www.saucedemo.com/"): Browser is opened with url: 'https://www.saucedemo.com/'

2023-05-12 17:48:56 - [MESSAGE][INFO] - Starting 'Chrome' driver

2023-05-12 17:48:56 - [MESSAGE][INFO] - Action delay is set to 0 milliseconds

2023-05-12 17:48:58 - [MESSAGE][PASSED] - Browser is opened with url: 'https://www.saucedemo.com/'

2023-05-12 17:48:58 - [TEST_STEP][PASSED] - click(findTestObject("Object Repository/Page_Swag Labs/input_Swag Labs_user-name")): Object: 'Object Repository/Page_Swag Labs/input_Swag Labs_user-name' is clicked on

2023-05-12 17:48:58 - [MESSAGE][PASSED] - Object: 'Object Repository/Page_Swag Labs/input_Swag Labs_user-name' is clicked on

2023-05-12 17:48:58 - [TEST_STEP][PASSED] - sendKeys(findTestObject("Object Repository/Page_Swag Labs/input_Swag Labs_user-name"), "standard_user"): Keys 'standard_user' sent to object: 'Object Repository/Page_Swag Labs/input_Swag Labs_user-name'

2023-05-12 17:48:58 - [MESSAGE][PASSED] - Keys 'standard_user' sent to object: 'Object Repository/Page_Swag Labs/input_Swag Labs_user-name'

2023-05-12 17:48:58 - [TEST_STEP][PASSED] - click(findTestObject("Object Repository/Page_Swag Labs/input_Swag Labs_password")): Object: 'Object Repository/Page_Swag Labs/input_Swag Labs_password' is clicked on

2023-05-12 17:48:59 - [MESSAGE][PASSED] - Object: 'Object Repository/Page_Swag Labs/input_Swag Labs_password' is clicked on

2023-05-12 17:48:59 - [TEST_STEP][PASSED] - sendKeys(findTestObject("Object Repository/Page_Swag Labs/input_Swag Labs_password"), "secret_sauce"): Keys 'secret_sauce' sent to object: 'Object Repository/Page_Swag Labs/input_Swag Labs_password'

2023-05-12 17:48:59 - [MESSAGE][PASSED] - Keys 'secret_sauce' sent to object: 'Object Repository/Page_Swag Labs/input_Swag Labs_password'

2023-05-12 17:48:59 - [TEST_STEP][PASSED] - click(findTestObject("Object Repository/Page_Swag Labs/input_Swag Labs_login-button")): Object: 'Object Repository/Page_Swag Labs/input_Swag Labs_login-button' is clicked on

2023-05-12 17:49:00 - [MESSAGE][PASSED] - Object: 'Object Repository/Page_Swag Labs/input_Swag Labs_login-button' is clicked on

2023-05-12 17:49:00 - [TEST_STEP][PASSED] - click(findTestObject("Object Repository/inventoryPage/Backpack")): Object: 'Object Repository/inventoryPage/Backpack' is clicked on

2023-05-12 17:49:00 - [MESSAGE][PASSED] - Object: 'Object Repository/inventoryPage/Backpack' is clicked on

2023-05-12 17:49:00 - [TEST_STEP][PASSED] - click(findTestObject("Object Repository/inventoryPage/button_Add to cart")): Object: 'Object Repository/inventoryPage/button_Add to cart' is clicked on

2023-05-12 17:49:01 - [MESSAGE][PASSED] - Object: 'Object Repository/inventoryPage/button_Add to cart' is clicked on

2023-05-12 17:49:01 - [TEST_STEP][PASSED] - click(findTestObject("Object Repository/inventoryPage/products_back-image")): Object: 'Object Repository/inventoryPage/products_back-image' is clicked on

2023-05-12 17:49:01 - [MESSAGE][PASSED] - Object: 'Object Repository/inventoryPage/products_back-image' is clicked on

2023-05-12 17:49:01 - [TEST_STEP][PASSED] - click(findTestObject("Object Repository/inventoryPage/cart")): Object: 'Object Repository/inventoryPage/cart' is clicked on

2023-05-12 17:49:02 - [MESSAGE][PASSED] - Object: 'Object Repository/inventoryPage/cart' is clicked on

2023-05-12 17:49:02 - [TEST_STEP][PASSED] - click(findTestObject("Object Repository/CheckoutPage/button_Checkout")): Object: 'Object Repository/CheckoutPage/button_Checkout' is clicked on

2023-05-12 17:49:02 - [MESSAGE][PASSED] - Object: 'Object Repository/CheckoutPage/button_Checkout' is clicked on

2023-05-12 17:49:02 - [TEST_STEP][PASSED] - sendKeys(findTestObject("Object Repository/checkout-step-one/input_Checkout Your Information_firstName"), "demo"): Keys 'demo' sent to object: 'Object Repository/checkout-step-one/input_Checkout Your Information_firstName'

2023-05-12 17:49:03 - [MESSAGE][PASSED] - Keys 'demo' sent to object: 'Object Repository/checkout-step-one/input_Checkout Your Information_firstName'

2023-05-12 17:49:03 - [TEST_STEP][PASSED] - sendKeys(findTestObject("Object Repository/checkout-step-one/input_Checkout Your Information_lastName"), "qa test"): Keys 'qa test' sent to object: 'Object Repository/checkout-step-one/input_Checkout Your Information_lastName'

2023-05-12 17:49:03 - [MESSAGE][PASSED] - Keys 'qa test' sent to object: 'Object Repository/checkout-step-one/input_Checkout Your Information_lastName'

2023-05-12 17:49:03 - [TEST_STEP][PASSED] - sendKeys(findTestObject("Object Repository/checkout-step-one/input_Checkout Your Information_postalCode"), "9000"): Keys '9000' sent to object: 'Object Repository/checkout-step-one/input_Checkout Your Information_postalCode'

2023-05-12 17:49:04 - [MESSAGE][PASSED] - Keys '9000' sent to object: 'Object Repository/checkout-step-one/input_Checkout Your Information_postalCode'

2023-05-12 17:49:04 - [TEST_STEP][PASSED] - click(findTestObject("Object Repository/checkout-step-one/input_continue")): Object: 'Object Repository/checkout-step-one/input_continue' is clicked on

2023-05-12 17:49:04 - [MESSAGE][PASSED] - Object: 'Object Repository/checkout-step-one/input_continue' is clicked on

2023-05-12 17:49:04 - [TEST_STEP][PASSED] - click(findTestObject("Object Repository/finish checkout/button_Finish")): Object: 'Object Repository/finish checkout/button_Finish' is clicked on

2023-05-12 17:49:05 - [MESSAGE][PASSED] - Object: 'Object Repository/finish checkout/button_Finish' is clicked on

2023-05-12 17:49:05 - [TEST_STEP][PASSED] - verifyElementVisible(findTestObject("Object Repository/order-success/h2_Thank you for your order")): Object 'Object Repository/order-success/h2_Thank you for your order' is visible

2023-05-12 17:49:06 - [MESSAGE][PASSED] - Object 'Object Repository/order-success/h2_Thank you for your order' is visible

2023-05-12 17:49:06 - [TEST_STEP][PASSED] - click(findTestObject("Object Repository/NavSideBar/sidebar")): Object: 'Object Repository/NavSideBar/sidebar' is clicked on

2023-05-12 17:49:06 - [MESSAGE][PASSED] - Object: 'Object Repository/NavSideBar/sidebar' is clicked on

2023-05-12 17:49:06 - [TEST_STEP][PASSED] - click(findTestObject("Object Repository/NavSideBar/a_Logout")): Object: 'Object Repository/NavSideBar/a_Logout' is clicked on

2023-05-12 17:49:06 - [MESSAGE][PASSED] - Object: 'Object Repository/NavSideBar/a_Logout' is clicked on

2023-05-12 17:49:06 - [TEST_STEP][PASSED] - verifyElementVisible(findTestObject("Object Repository/Page_Swag Labs/input_Swag Labs_user-name")): Object 'Object Repository/Page_Swag Labs/input_Swag Labs_user-name' is visible

2023-05-12 17:49:07 - [MESSAGE][PASSED] - Object 'Object Repository/Page_Swag Labs/input_Swag Labs_user-name' is visible

2023-05-12 17:49:07 - [TEST_STEP][PASSED] - closeBrowser(): Browser is closed

2023-05-12 17:49:08 - [MESSAGE][PASSED] - Browser is closed]]></system-out>
         <system-err><![CDATA[]]></system-err>
      </testcase>
      <testcase name="Test Cases/test-flow-1-buy-1-product" time="11.669" classname="Test Cases/test-flow-1-buy-1-product" status="PASSED">
         <system-out><![CDATA[2023-05-12 17:49:08 - [TEST_CASE][PASSED] - Test Cases/test-flow-1-buy-1-product: Test Cases/test-flow-1-buy-1-product

2023-05-12 17:49:08 - [TEST_STEP][PASSED] - openBrowser("https://www.saucedemo.com/"): Browser is opened with url: 'https://www.saucedemo.com/'

2023-05-12 17:49:08 - [MESSAGE][INFO] - Starting 'Chrome' driver

2023-05-12 17:49:08 - [MESSAGE][INFO] - Action delay is set to 0 milliseconds

2023-05-12 17:49:10 - [MESSAGE][PASSED] - Browser is opened with url: 'https://www.saucedemo.com/'

2023-05-12 17:49:10 - [TEST_STEP][PASSED] - click(findTestObject("Object Repository/Page_Swag Labs/input_Swag Labs_user-name")): Object: 'Object Repository/Page_Swag Labs/input_Swag Labs_user-name' is clicked on

2023-05-12 17:49:10 - [MESSAGE][PASSED] - Object: 'Object Repository/Page_Swag Labs/input_Swag Labs_user-name' is clicked on

2023-05-12 17:49:10 - [TEST_STEP][PASSED] - sendKeys(findTestObject("Object Repository/Page_Swag Labs/input_Swag Labs_user-name"), "standard_user"): Keys 'standard_user' sent to object: 'Object Repository/Page_Swag Labs/input_Swag Labs_user-name'

2023-05-12 17:49:10 - [MESSAGE][PASSED] - Keys 'standard_user' sent to object: 'Object Repository/Page_Swag Labs/input_Swag Labs_user-name'

2023-05-12 17:49:10 - [TEST_STEP][PASSED] - click(findTestObject("Object Repository/Page_Swag Labs/input_Swag Labs_password")): Object: 'Object Repository/Page_Swag Labs/input_Swag Labs_password' is clicked on

2023-05-12 17:49:11 - [MESSAGE][PASSED] - Object: 'Object Repository/Page_Swag Labs/input_Swag Labs_password' is clicked on

2023-05-12 17:49:11 - [TEST_STEP][PASSED] - sendKeys(findTestObject("Object Repository/Page_Swag Labs/input_Swag Labs_password"), "secret_sauce"): Keys 'secret_sauce' sent to object: 'Object Repository/Page_Swag Labs/input_Swag Labs_password'

2023-05-12 17:49:11 - [MESSAGE][PASSED] - Keys 'secret_sauce' sent to object: 'Object Repository/Page_Swag Labs/input_Swag Labs_password'

2023-05-12 17:49:11 - [TEST_STEP][PASSED] - click(findTestObject("Object Repository/Page_Swag Labs/input_Swag Labs_login-button")): Object: 'Object Repository/Page_Swag Labs/input_Swag Labs_login-button' is clicked on

2023-05-12 17:49:11 - [MESSAGE][PASSED] - Object: 'Object Repository/Page_Swag Labs/input_Swag Labs_login-button' is clicked on

2023-05-12 17:49:11 - [TEST_STEP][PASSED] - click(findTestObject("Object Repository/inventoryPage/Backpack")): Object: 'Object Repository/inventoryPage/Backpack' is clicked on

2023-05-12 17:49:12 - [MESSAGE][PASSED] - Object: 'Object Repository/inventoryPage/Backpack' is clicked on

2023-05-12 17:49:12 - [TEST_STEP][PASSED] - click(findTestObject("Object Repository/inventoryPage/button_Add to cart")): Object: 'Object Repository/inventoryPage/button_Add to cart' is clicked on

2023-05-12 17:49:12 - [MESSAGE][PASSED] - Object: 'Object Repository/inventoryPage/button_Add to cart' is clicked on

2023-05-12 17:49:12 - [TEST_STEP][PASSED] - click(findTestObject("Object Repository/inventoryPage/products_back-image")): Object: 'Object Repository/inventoryPage/products_back-image' is clicked on

2023-05-12 17:49:13 - [MESSAGE][PASSED] - Object: 'Object Repository/inventoryPage/products_back-image' is clicked on

2023-05-12 17:49:13 - [TEST_STEP][PASSED] - click(findTestObject("Object Repository/inventoryPage/cart")): Object: 'Object Repository/inventoryPage/cart' is clicked on

2023-05-12 17:49:13 - [MESSAGE][PASSED] - Object: 'Object Repository/inventoryPage/cart' is clicked on

2023-05-12 17:49:13 - [TEST_STEP][PASSED] - click(findTestObject("Object Repository/CheckoutPage/button_Checkout")): Object: 'Object Repository/CheckoutPage/button_Checkout' is clicked on

2023-05-12 17:49:14 - [MESSAGE][PASSED] - Object: 'Object Repository/CheckoutPage/button_Checkout' is clicked on

2023-05-12 17:49:14 - [TEST_STEP][PASSED] - sendKeys(findTestObject("Object Repository/checkout-step-one/input_Checkout Your Information_firstName"), "demo"): Keys 'demo' sent to object: 'Object Repository/checkout-step-one/input_Checkout Your Information_firstName'

2023-05-12 17:49:15 - [MESSAGE][PASSED] - Keys 'demo' sent to object: 'Object Repository/checkout-step-one/input_Checkout Your Information_firstName'

2023-05-12 17:49:15 - [TEST_STEP][PASSED] - sendKeys(findTestObject("Object Repository/checkout-step-one/input_Checkout Your Information_lastName"), "qa test"): Keys 'qa test' sent to object: 'Object Repository/checkout-step-one/input_Checkout Your Information_lastName'

2023-05-12 17:49:15 - [MESSAGE][PASSED] - Keys 'qa test' sent to object: 'Object Repository/checkout-step-one/input_Checkout Your Information_lastName'

2023-05-12 17:49:15 - [TEST_STEP][PASSED] - sendKeys(findTestObject("Object Repository/checkout-step-one/input_Checkout Your Information_postalCode"), "9000"): Keys '9000' sent to object: 'Object Repository/checkout-step-one/input_Checkout Your Information_postalCode'

2023-05-12 17:49:16 - [MESSAGE][PASSED] - Keys '9000' sent to object: 'Object Repository/checkout-step-one/input_Checkout Your Information_postalCode'

2023-05-12 17:49:16 - [TEST_STEP][PASSED] - click(findTestObject("Object Repository/checkout-step-one/input_continue")): Object: 'Object Repository/checkout-step-one/input_continue' is clicked on

2023-05-12 17:49:16 - [MESSAGE][PASSED] - Object: 'Object Repository/checkout-step-one/input_continue' is clicked on

2023-05-12 17:49:16 - [TEST_STEP][PASSED] - click(findTestObject("Object Repository/finish checkout/button_Finish")): Object: 'Object Repository/finish checkout/button_Finish' is clicked on

2023-05-12 17:49:17 - [MESSAGE][PASSED] - Object: 'Object Repository/finish checkout/button_Finish' is clicked on

2023-05-12 17:49:17 - [TEST_STEP][PASSED] - verifyElementVisible(findTestObject("Object Repository/order-success/h2_Thank you for your order")): Object 'Object Repository/order-success/h2_Thank you for your order' is visible

2023-05-12 17:49:17 - [MESSAGE][PASSED] - Object 'Object Repository/order-success/h2_Thank you for your order' is visible

2023-05-12 17:49:17 - [TEST_STEP][PASSED] - click(findTestObject("Object Repository/NavSideBar/sidebar")): Object: 'Object Repository/NavSideBar/sidebar' is clicked on

2023-05-12 17:49:18 - [MESSAGE][PASSED] - Object: 'Object Repository/NavSideBar/sidebar' is clicked on

2023-05-12 17:49:18 - [TEST_STEP][PASSED] - click(findTestObject("Object Repository/NavSideBar/a_Logout")): Object: 'Object Repository/NavSideBar/a_Logout' is clicked on

2023-05-12 17:49:18 - [MESSAGE][PASSED] - Object: 'Object Repository/NavSideBar/a_Logout' is clicked on

2023-05-12 17:49:18 - [TEST_STEP][PASSED] - verifyElementVisible(findTestObject("Object Repository/Page_Swag Labs/input_Swag Labs_user-name")): Object 'Object Repository/Page_Swag Labs/input_Swag Labs_user-name' is visible

2023-05-12 17:49:19 - [MESSAGE][PASSED] - Object 'Object Repository/Page_Swag Labs/input_Swag Labs_user-name' is visible

2023-05-12 17:49:19 - [TEST_STEP][PASSED] - closeBrowser(): Browser is closed

2023-05-12 17:49:19 - [MESSAGE][PASSED] - Browser is closed]]></system-out>
         <system-err><![CDATA[]]></system-err>
      </testcase>
      <testcase name="Test Cases/test-flow-1-buy-1-product" time="12.926" classname="Test Cases/test-flow-1-buy-1-product" status="PASSED">
         <system-out><![CDATA[2023-05-12 17:49:19 - [TEST_CASE][PASSED] - Test Cases/test-flow-1-buy-1-product: Test Cases/test-flow-1-buy-1-product

2023-05-12 17:49:19 - [TEST_STEP][PASSED] - openBrowser("https://www.saucedemo.com/"): Browser is opened with url: 'https://www.saucedemo.com/'

2023-05-12 17:49:19 - [MESSAGE][INFO] - Starting 'Chrome' driver

2023-05-12 17:49:19 - [MESSAGE][INFO] - Action delay is set to 0 milliseconds

2023-05-12 17:49:22 - [MESSAGE][PASSED] - Browser is opened with url: 'https://www.saucedemo.com/'

2023-05-12 17:49:22 - [TEST_STEP][PASSED] - click(findTestObject("Object Repository/Page_Swag Labs/input_Swag Labs_user-name")): Object: 'Object Repository/Page_Swag Labs/input_Swag Labs_user-name' is clicked on

2023-05-12 17:49:23 - [MESSAGE][PASSED] - Object: 'Object Repository/Page_Swag Labs/input_Swag Labs_user-name' is clicked on

2023-05-12 17:49:23 - [TEST_STEP][PASSED] - sendKeys(findTestObject("Object Repository/Page_Swag Labs/input_Swag Labs_user-name"), "standard_user"): Keys 'standard_user' sent to object: 'Object Repository/Page_Swag Labs/input_Swag Labs_user-name'

2023-05-12 17:49:23 - [MESSAGE][PASSED] - Keys 'standard_user' sent to object: 'Object Repository/Page_Swag Labs/input_Swag Labs_user-name'

2023-05-12 17:49:23 - [TEST_STEP][PASSED] - click(findTestObject("Object Repository/Page_Swag Labs/input_Swag Labs_password")): Object: 'Object Repository/Page_Swag Labs/input_Swag Labs_password' is clicked on

2023-05-12 17:49:23 - [MESSAGE][PASSED] - Object: 'Object Repository/Page_Swag Labs/input_Swag Labs_password' is clicked on

2023-05-12 17:49:23 - [TEST_STEP][PASSED] - sendKeys(findTestObject("Object Repository/Page_Swag Labs/input_Swag Labs_password"), "secret_sauce"): Keys 'secret_sauce' sent to object: 'Object Repository/Page_Swag Labs/input_Swag Labs_password'

2023-05-12 17:49:24 - [MESSAGE][PASSED] - Keys 'secret_sauce' sent to object: 'Object Repository/Page_Swag Labs/input_Swag Labs_password'

2023-05-12 17:49:24 - [TEST_STEP][PASSED] - click(findTestObject("Object Repository/Page_Swag Labs/input_Swag Labs_login-button")): Object: 'Object Repository/Page_Swag Labs/input_Swag Labs_login-button' is clicked on

2023-05-12 17:49:24 - [MESSAGE][PASSED] - Object: 'Object Repository/Page_Swag Labs/input_Swag Labs_login-button' is clicked on

2023-05-12 17:49:24 - [TEST_STEP][PASSED] - click(findTestObject("Object Repository/inventoryPage/Backpack")): Object: 'Object Repository/inventoryPage/Backpack' is clicked on

2023-05-12 17:49:25 - [MESSAGE][PASSED] - Object: 'Object Repository/inventoryPage/Backpack' is clicked on

2023-05-12 17:49:25 - [TEST_STEP][PASSED] - click(findTestObject("Object Repository/inventoryPage/button_Add to cart")): Object: 'Object Repository/inventoryPage/button_Add to cart' is clicked on

2023-05-12 17:49:25 - [MESSAGE][PASSED] - Object: 'Object Repository/inventoryPage/button_Add to cart' is clicked on

2023-05-12 17:49:25 - [TEST_STEP][PASSED] - click(findTestObject("Object Repository/inventoryPage/products_back-image")): Object: 'Object Repository/inventoryPage/products_back-image' is clicked on

2023-05-12 17:49:26 - [MESSAGE][PASSED] - Object: 'Object Repository/inventoryPage/products_back-image' is clicked on

2023-05-12 17:49:26 - [TEST_STEP][PASSED] - click(findTestObject("Object Repository/inventoryPage/cart")): Object: 'Object Repository/inventoryPage/cart' is clicked on

2023-05-12 17:49:26 - [MESSAGE][PASSED] - Object: 'Object Repository/inventoryPage/cart' is clicked on

2023-05-12 17:49:26 - [TEST_STEP][PASSED] - click(findTestObject("Object Repository/CheckoutPage/button_Checkout")): Object: 'Object Repository/CheckoutPage/button_Checkout' is clicked on

2023-05-12 17:49:27 - [MESSAGE][PASSED] - Object: 'Object Repository/CheckoutPage/button_Checkout' is clicked on

2023-05-12 17:49:27 - [TEST_STEP][PASSED] - sendKeys(findTestObject("Object Repository/checkout-step-one/input_Checkout Your Information_firstName"), "demo"): Keys 'demo' sent to object: 'Object Repository/checkout-step-one/input_Checkout Your Information_firstName'

2023-05-12 17:49:27 - [MESSAGE][PASSED] - Keys 'demo' sent to object: 'Object Repository/checkout-step-one/input_Checkout Your Information_firstName'

2023-05-12 17:49:27 - [TEST_STEP][PASSED] - sendKeys(findTestObject("Object Repository/checkout-step-one/input_Checkout Your Information_lastName"), "qa test"): Keys 'qa test' sent to object: 'Object Repository/checkout-step-one/input_Checkout Your Information_lastName'

2023-05-12 17:49:28 - [MESSAGE][PASSED] - Keys 'qa test' sent to object: 'Object Repository/checkout-step-one/input_Checkout Your Information_lastName'

2023-05-12 17:49:28 - [TEST_STEP][PASSED] - sendKeys(findTestObject("Object Repository/checkout-step-one/input_Checkout Your Information_postalCode"), "9000"): Keys '9000' sent to object: 'Object Repository/checkout-step-one/input_Checkout Your Information_postalCode'

2023-05-12 17:49:28 - [MESSAGE][PASSED] - Keys '9000' sent to object: 'Object Repository/checkout-step-one/input_Checkout Your Information_postalCode'

2023-05-12 17:49:28 - [TEST_STEP][PASSED] - click(findTestObject("Object Repository/checkout-step-one/input_continue")): Object: 'Object Repository/checkout-step-one/input_continue' is clicked on

2023-05-12 17:49:29 - [MESSAGE][PASSED] - Object: 'Object Repository/checkout-step-one/input_continue' is clicked on

2023-05-12 17:49:29 - [TEST_STEP][PASSED] - click(findTestObject("Object Repository/finish checkout/button_Finish")): Object: 'Object Repository/finish checkout/button_Finish' is clicked on

2023-05-12 17:49:30 - [MESSAGE][PASSED] - Object: 'Object Repository/finish checkout/button_Finish' is clicked on

2023-05-12 17:49:30 - [TEST_STEP][PASSED] - verifyElementVisible(findTestObject("Object Repository/order-success/h2_Thank you for your order")): Object 'Object Repository/order-success/h2_Thank you for your order' is visible

2023-05-12 17:49:30 - [MESSAGE][PASSED] - Object 'Object Repository/order-success/h2_Thank you for your order' is visible

2023-05-12 17:49:30 - [TEST_STEP][PASSED] - click(findTestObject("Object Repository/NavSideBar/sidebar")): Object: 'Object Repository/NavSideBar/sidebar' is clicked on

2023-05-12 17:49:31 - [MESSAGE][PASSED] - Object: 'Object Repository/NavSideBar/sidebar' is clicked on

2023-05-12 17:49:31 - [TEST_STEP][PASSED] - click(findTestObject("Object Repository/NavSideBar/a_Logout")): Object: 'Object Repository/NavSideBar/a_Logout' is clicked on

2023-05-12 17:49:31 - [MESSAGE][PASSED] - Object: 'Object Repository/NavSideBar/a_Logout' is clicked on

2023-05-12 17:49:31 - [TEST_STEP][PASSED] - verifyElementVisible(findTestObject("Object Repository/Page_Swag Labs/input_Swag Labs_user-name")): Object 'Object Repository/Page_Swag Labs/input_Swag Labs_user-name' is visible

2023-05-12 17:49:32 - [MESSAGE][PASSED] - Object 'Object Repository/Page_Swag Labs/input_Swag Labs_user-name' is visible

2023-05-12 17:49:32 - [TEST_STEP][PASSED] - closeBrowser(): Browser is closed

2023-05-12 17:49:32 - [MESSAGE][PASSED] - Browser is closed]]></system-out>
         <system-err><![CDATA[]]></system-err>
      </testcase>
      <testcase name="Test Cases/test-flow-1-buy-1-product" time="11.965" classname="Test Cases/test-flow-1-buy-1-product" status="PASSED">
         <system-out><![CDATA[2023-05-12 17:49:32 - [TEST_CASE][PASSED] - Test Cases/test-flow-1-buy-1-product: Test Cases/test-flow-1-buy-1-product

2023-05-12 17:49:32 - [TEST_STEP][PASSED] - openBrowser("https://www.saucedemo.com/"): Browser is opened with url: 'https://www.saucedemo.com/'

2023-05-12 17:49:32 - [MESSAGE][INFO] - Starting 'Chrome' driver

2023-05-12 17:49:32 - [MESSAGE][INFO] - Action delay is set to 0 milliseconds

2023-05-12 17:49:34 - [MESSAGE][PASSED] - Browser is opened with url: 'https://www.saucedemo.com/'

2023-05-12 17:49:34 - [TEST_STEP][PASSED] - click(findTestObject("Object Repository/Page_Swag Labs/input_Swag Labs_user-name")): Object: 'Object Repository/Page_Swag Labs/input_Swag Labs_user-name' is clicked on

2023-05-12 17:49:35 - [MESSAGE][PASSED] - Object: 'Object Repository/Page_Swag Labs/input_Swag Labs_user-name' is clicked on

2023-05-12 17:49:35 - [TEST_STEP][PASSED] - sendKeys(findTestObject("Object Repository/Page_Swag Labs/input_Swag Labs_user-name"), "standard_user"): Keys 'standard_user' sent to object: 'Object Repository/Page_Swag Labs/input_Swag Labs_user-name'

2023-05-12 17:49:35 - [MESSAGE][PASSED] - Keys 'standard_user' sent to object: 'Object Repository/Page_Swag Labs/input_Swag Labs_user-name'

2023-05-12 17:49:35 - [TEST_STEP][PASSED] - click(findTestObject("Object Repository/Page_Swag Labs/input_Swag Labs_password")): Object: 'Object Repository/Page_Swag Labs/input_Swag Labs_password' is clicked on

2023-05-12 17:49:35 - [MESSAGE][PASSED] - Object: 'Object Repository/Page_Swag Labs/input_Swag Labs_password' is clicked on

2023-05-12 17:49:35 - [TEST_STEP][PASSED] - sendKeys(findTestObject("Object Repository/Page_Swag Labs/input_Swag Labs_password"), "secret_sauce"): Keys 'secret_sauce' sent to object: 'Object Repository/Page_Swag Labs/input_Swag Labs_password'

2023-05-12 17:49:36 - [MESSAGE][PASSED] - Keys 'secret_sauce' sent to object: 'Object Repository/Page_Swag Labs/input_Swag Labs_password'

2023-05-12 17:49:36 - [TEST_STEP][PASSED] - click(findTestObject("Object Repository/Page_Swag Labs/input_Swag Labs_login-button")): Object: 'Object Repository/Page_Swag Labs/input_Swag Labs_login-button' is clicked on

2023-05-12 17:49:36 - [MESSAGE][PASSED] - Object: 'Object Repository/Page_Swag Labs/input_Swag Labs_login-button' is clicked on

2023-05-12 17:49:36 - [TEST_STEP][PASSED] - click(findTestObject("Object Repository/inventoryPage/Backpack")): Object: 'Object Repository/inventoryPage/Backpack' is clicked on

2023-05-12 17:49:37 - [MESSAGE][PASSED] - Object: 'Object Repository/inventoryPage/Backpack' is clicked on

2023-05-12 17:49:37 - [TEST_STEP][PASSED] - click(findTestObject("Object Repository/inventoryPage/button_Add to cart")): Object: 'Object Repository/inventoryPage/button_Add to cart' is clicked on

2023-05-12 17:49:37 - [MESSAGE][PASSED] - Object: 'Object Repository/inventoryPage/button_Add to cart' is clicked on

2023-05-12 17:49:37 - [TEST_STEP][PASSED] - click(findTestObject("Object Repository/inventoryPage/products_back-image")): Object: 'Object Repository/inventoryPage/products_back-image' is clicked on

2023-05-12 17:49:38 - [MESSAGE][PASSED] - Object: 'Object Repository/inventoryPage/products_back-image' is clicked on

2023-05-12 17:49:38 - [TEST_STEP][PASSED] - click(findTestObject("Object Repository/inventoryPage/cart")): Object: 'Object Repository/inventoryPage/cart' is clicked on

2023-05-12 17:49:38 - [MESSAGE][PASSED] - Object: 'Object Repository/inventoryPage/cart' is clicked on

2023-05-12 17:49:38 - [TEST_STEP][PASSED] - click(findTestObject("Object Repository/CheckoutPage/button_Checkout")): Object: 'Object Repository/CheckoutPage/button_Checkout' is clicked on

2023-05-12 17:49:39 - [MESSAGE][PASSED] - Object: 'Object Repository/CheckoutPage/button_Checkout' is clicked on

2023-05-12 17:49:39 - [TEST_STEP][PASSED] - sendKeys(findTestObject("Object Repository/checkout-step-one/input_Checkout Your Information_firstName"), "demo"): Keys 'demo' sent to object: 'Object Repository/checkout-step-one/input_Checkout Your Information_firstName'

2023-05-12 17:49:39 - [MESSAGE][PASSED] - Keys 'demo' sent to object: 'Object Repository/checkout-step-one/input_Checkout Your Information_firstName'

2023-05-12 17:49:39 - [TEST_STEP][PASSED] - sendKeys(findTestObject("Object Repository/checkout-step-one/input_Checkout Your Information_lastName"), "qa test"): Keys 'qa test' sent to object: 'Object Repository/checkout-step-one/input_Checkout Your Information_lastName'

2023-05-12 17:49:40 - [MESSAGE][PASSED] - Keys 'qa test' sent to object: 'Object Repository/checkout-step-one/input_Checkout Your Information_lastName'

2023-05-12 17:49:40 - [TEST_STEP][PASSED] - sendKeys(findTestObject("Object Repository/checkout-step-one/input_Checkout Your Information_postalCode"), "9000"): Keys '9000' sent to object: 'Object Repository/checkout-step-one/input_Checkout Your Information_postalCode'

2023-05-12 17:49:40 - [MESSAGE][PASSED] - Keys '9000' sent to object: 'Object Repository/checkout-step-one/input_Checkout Your Information_postalCode'

2023-05-12 17:49:40 - [TEST_STEP][PASSED] - click(findTestObject("Object Repository/checkout-step-one/input_continue")): Object: 'Object Repository/checkout-step-one/input_continue' is clicked on

2023-05-12 17:49:41 - [MESSAGE][PASSED] - Object: 'Object Repository/checkout-step-one/input_continue' is clicked on

2023-05-12 17:49:41 - [TEST_STEP][PASSED] - click(findTestObject("Object Repository/finish checkout/button_Finish")): Object: 'Object Repository/finish checkout/button_Finish' is clicked on

2023-05-12 17:49:42 - [MESSAGE][PASSED] - Object: 'Object Repository/finish checkout/button_Finish' is clicked on

2023-05-12 17:49:42 - [TEST_STEP][PASSED] - verifyElementVisible(findTestObject("Object Repository/order-success/h2_Thank you for your order")): Object 'Object Repository/order-success/h2_Thank you for your order' is visible

2023-05-12 17:49:42 - [MESSAGE][PASSED] - Object 'Object Repository/order-success/h2_Thank you for your order' is visible

2023-05-12 17:49:42 - [TEST_STEP][PASSED] - click(findTestObject("Object Repository/NavSideBar/sidebar")): Object: 'Object Repository/NavSideBar/sidebar' is clicked on

2023-05-12 17:49:42 - [MESSAGE][PASSED] - Object: 'Object Repository/NavSideBar/sidebar' is clicked on

2023-05-12 17:49:42 - [TEST_STEP][PASSED] - click(findTestObject("Object Repository/NavSideBar/a_Logout")): Object: 'Object Repository/NavSideBar/a_Logout' is clicked on

2023-05-12 17:49:43 - [MESSAGE][PASSED] - Object: 'Object Repository/NavSideBar/a_Logout' is clicked on

2023-05-12 17:49:43 - [TEST_STEP][PASSED] - verifyElementVisible(findTestObject("Object Repository/Page_Swag Labs/input_Swag Labs_user-name")): Object 'Object Repository/Page_Swag Labs/input_Swag Labs_user-name' is visible

2023-05-12 17:49:44 - [MESSAGE][PASSED] - Object 'Object Repository/Page_Swag Labs/input_Swag Labs_user-name' is visible

2023-05-12 17:49:44 - [TEST_STEP][PASSED] - closeBrowser(): Browser is closed

2023-05-12 17:49:44 - [MESSAGE][PASSED] - Browser is closed]]></system-out>
         <system-err><![CDATA[]]></system-err>
      </testcase>
      <testcase name="Test Cases/test-flow-1-buy-1-product" time="11.803" classname="Test Cases/test-flow-1-buy-1-product" status="PASSED">
         <system-out><![CDATA[2023-05-12 17:49:44 - [TEST_CASE][PASSED] - Test Cases/test-flow-1-buy-1-product: Test Cases/test-flow-1-buy-1-product

2023-05-12 17:49:44 - [TEST_STEP][PASSED] - openBrowser("https://www.saucedemo.com/"): Browser is opened with url: 'https://www.saucedemo.com/'

2023-05-12 17:49:44 - [MESSAGE][INFO] - Starting 'Chrome' driver

2023-05-12 17:49:44 - [MESSAGE][INFO] - Action delay is set to 0 milliseconds

2023-05-12 17:49:46 - [MESSAGE][PASSED] - Browser is opened with url: 'https://www.saucedemo.com/'

2023-05-12 17:49:46 - [TEST_STEP][PASSED] - click(findTestObject("Object Repository/Page_Swag Labs/input_Swag Labs_user-name")): Object: 'Object Repository/Page_Swag Labs/input_Swag Labs_user-name' is clicked on

2023-05-12 17:49:47 - [MESSAGE][PASSED] - Object: 'Object Repository/Page_Swag Labs/input_Swag Labs_user-name' is clicked on

2023-05-12 17:49:47 - [TEST_STEP][PASSED] - sendKeys(findTestObject("Object Repository/Page_Swag Labs/input_Swag Labs_user-name"), "standard_user"): Keys 'standard_user' sent to object: 'Object Repository/Page_Swag Labs/input_Swag Labs_user-name'

2023-05-12 17:49:47 - [MESSAGE][PASSED] - Keys 'standard_user' sent to object: 'Object Repository/Page_Swag Labs/input_Swag Labs_user-name'

2023-05-12 17:49:47 - [TEST_STEP][PASSED] - click(findTestObject("Object Repository/Page_Swag Labs/input_Swag Labs_password")): Object: 'Object Repository/Page_Swag Labs/input_Swag Labs_password' is clicked on

2023-05-12 17:49:47 - [MESSAGE][PASSED] - Object: 'Object Repository/Page_Swag Labs/input_Swag Labs_password' is clicked on

2023-05-12 17:49:47 - [TEST_STEP][PASSED] - sendKeys(findTestObject("Object Repository/Page_Swag Labs/input_Swag Labs_password"), "secret_sauce"): Keys 'secret_sauce' sent to object: 'Object Repository/Page_Swag Labs/input_Swag Labs_password'

2023-05-12 17:49:48 - [MESSAGE][PASSED] - Keys 'secret_sauce' sent to object: 'Object Repository/Page_Swag Labs/input_Swag Labs_password'

2023-05-12 17:49:48 - [TEST_STEP][PASSED] - click(findTestObject("Object Repository/Page_Swag Labs/input_Swag Labs_login-button")): Object: 'Object Repository/Page_Swag Labs/input_Swag Labs_login-button' is clicked on

2023-05-12 17:49:48 - [MESSAGE][PASSED] - Object: 'Object Repository/Page_Swag Labs/input_Swag Labs_login-button' is clicked on

2023-05-12 17:49:48 - [TEST_STEP][PASSED] - click(findTestObject("Object Repository/inventoryPage/Backpack")): Object: 'Object Repository/inventoryPage/Backpack' is clicked on

2023-05-12 17:49:48 - [MESSAGE][PASSED] - Object: 'Object Repository/inventoryPage/Backpack' is clicked on

2023-05-12 17:49:48 - [TEST_STEP][PASSED] - click(findTestObject("Object Repository/inventoryPage/button_Add to cart")): Object: 'Object Repository/inventoryPage/button_Add to cart' is clicked on

2023-05-12 17:49:49 - [MESSAGE][PASSED] - Object: 'Object Repository/inventoryPage/button_Add to cart' is clicked on

2023-05-12 17:49:49 - [TEST_STEP][PASSED] - click(findTestObject("Object Repository/inventoryPage/products_back-image")): Object: 'Object Repository/inventoryPage/products_back-image' is clicked on

2023-05-12 17:49:50 - [MESSAGE][PASSED] - Object: 'Object Repository/inventoryPage/products_back-image' is clicked on

2023-05-12 17:49:50 - [TEST_STEP][PASSED] - click(findTestObject("Object Repository/inventoryPage/cart")): Object: 'Object Repository/inventoryPage/cart' is clicked on

2023-05-12 17:49:50 - [MESSAGE][PASSED] - Object: 'Object Repository/inventoryPage/cart' is clicked on

2023-05-12 17:49:50 - [TEST_STEP][PASSED] - click(findTestObject("Object Repository/CheckoutPage/button_Checkout")): Object: 'Object Repository/CheckoutPage/button_Checkout' is clicked on

2023-05-12 17:49:51 - [MESSAGE][PASSED] - Object: 'Object Repository/CheckoutPage/button_Checkout' is clicked on

2023-05-12 17:49:51 - [TEST_STEP][PASSED] - sendKeys(findTestObject("Object Repository/checkout-step-one/input_Checkout Your Information_firstName"), "demo"): Keys 'demo' sent to object: 'Object Repository/checkout-step-one/input_Checkout Your Information_firstName'

2023-05-12 17:49:51 - [MESSAGE][PASSED] - Keys 'demo' sent to object: 'Object Repository/checkout-step-one/input_Checkout Your Information_firstName'

2023-05-12 17:49:51 - [TEST_STEP][PASSED] - sendKeys(findTestObject("Object Repository/checkout-step-one/input_Checkout Your Information_lastName"), "qa test"): Keys 'qa test' sent to object: 'Object Repository/checkout-step-one/input_Checkout Your Information_lastName'

2023-05-12 17:49:52 - [MESSAGE][PASSED] - Keys 'qa test' sent to object: 'Object Repository/checkout-step-one/input_Checkout Your Information_lastName'

2023-05-12 17:49:52 - [TEST_STEP][PASSED] - sendKeys(findTestObject("Object Repository/checkout-step-one/input_Checkout Your Information_postalCode"), "9000"): Keys '9000' sent to object: 'Object Repository/checkout-step-one/input_Checkout Your Information_postalCode'

2023-05-12 17:49:52 - [MESSAGE][PASSED] - Keys '9000' sent to object: 'Object Repository/checkout-step-one/input_Checkout Your Information_postalCode'

2023-05-12 17:49:52 - [TEST_STEP][PASSED] - click(findTestObject("Object Repository/checkout-step-one/input_continue")): Object: 'Object Repository/checkout-step-one/input_continue' is clicked on

2023-05-12 17:49:53 - [MESSAGE][PASSED] - Object: 'Object Repository/checkout-step-one/input_continue' is clicked on

2023-05-12 17:49:53 - [TEST_STEP][PASSED] - click(findTestObject("Object Repository/finish checkout/button_Finish")): Object: 'Object Repository/finish checkout/button_Finish' is clicked on

2023-05-12 17:49:53 - [MESSAGE][PASSED] - Object: 'Object Repository/finish checkout/button_Finish' is clicked on

2023-05-12 17:49:53 - [TEST_STEP][PASSED] - verifyElementVisible(findTestObject("Object Repository/order-success/h2_Thank you for your order")): Object 'Object Repository/order-success/h2_Thank you for your order' is visible

2023-05-12 17:49:54 - [MESSAGE][PASSED] - Object 'Object Repository/order-success/h2_Thank you for your order' is visible

2023-05-12 17:49:54 - [TEST_STEP][PASSED] - click(findTestObject("Object Repository/NavSideBar/sidebar")): Object: 'Object Repository/NavSideBar/sidebar' is clicked on

2023-05-12 17:49:54 - [MESSAGE][PASSED] - Object: 'Object Repository/NavSideBar/sidebar' is clicked on

2023-05-12 17:49:54 - [TEST_STEP][PASSED] - click(findTestObject("Object Repository/NavSideBar/a_Logout")): Object: 'Object Repository/NavSideBar/a_Logout' is clicked on

2023-05-12 17:49:55 - [MESSAGE][PASSED] - Object: 'Object Repository/NavSideBar/a_Logout' is clicked on

2023-05-12 17:49:55 - [TEST_STEP][PASSED] - verifyElementVisible(findTestObject("Object Repository/Page_Swag Labs/input_Swag Labs_user-name")): Object 'Object Repository/Page_Swag Labs/input_Swag Labs_user-name' is visible

2023-05-12 17:49:55 - [MESSAGE][PASSED] - Object 'Object Repository/Page_Swag Labs/input_Swag Labs_user-name' is visible

2023-05-12 17:49:55 - [TEST_STEP][PASSED] - closeBrowser(): Browser is closed

2023-05-12 17:49:56 - [MESSAGE][PASSED] - Browser is closed]]></system-out>
         <system-err><![CDATA[]]></system-err>
      </testcase>
      <testcase name="Test Cases/test-flow-1-buy-1-product" time="11.976" classname="Test Cases/test-flow-1-buy-1-product" status="PASSED">
         <system-out><![CDATA[2023-05-12 17:49:56 - [TEST_CASE][PASSED] - Test Cases/test-flow-1-buy-1-product: Test Cases/test-flow-1-buy-1-product

2023-05-12 17:49:56 - [TEST_STEP][PASSED] - openBrowser("https://www.saucedemo.com/"): Browser is opened with url: 'https://www.saucedemo.com/'

2023-05-12 17:49:56 - [MESSAGE][INFO] - Starting 'Chrome' driver

2023-05-12 17:49:56 - [MESSAGE][INFO] - Action delay is set to 0 milliseconds

2023-05-12 17:49:58 - [MESSAGE][PASSED] - Browser is opened with url: 'https://www.saucedemo.com/'

2023-05-12 17:49:58 - [TEST_STEP][PASSED] - click(findTestObject("Object Repository/Page_Swag Labs/input_Swag Labs_user-name")): Object: 'Object Repository/Page_Swag Labs/input_Swag Labs_user-name' is clicked on

2023-05-12 17:49:59 - [MESSAGE][PASSED] - Object: 'Object Repository/Page_Swag Labs/input_Swag Labs_user-name' is clicked on

2023-05-12 17:49:59 - [TEST_STEP][PASSED] - sendKeys(findTestObject("Object Repository/Page_Swag Labs/input_Swag Labs_user-name"), "standard_user"): Keys 'standard_user' sent to object: 'Object Repository/Page_Swag Labs/input_Swag Labs_user-name'

2023-05-12 17:49:59 - [MESSAGE][PASSED] - Keys 'standard_user' sent to object: 'Object Repository/Page_Swag Labs/input_Swag Labs_user-name'

2023-05-12 17:49:59 - [TEST_STEP][PASSED] - click(findTestObject("Object Repository/Page_Swag Labs/input_Swag Labs_password")): Object: 'Object Repository/Page_Swag Labs/input_Swag Labs_password' is clicked on

2023-05-12 17:49:59 - [MESSAGE][PASSED] - Object: 'Object Repository/Page_Swag Labs/input_Swag Labs_password' is clicked on

2023-05-12 17:49:59 - [TEST_STEP][PASSED] - sendKeys(findTestObject("Object Repository/Page_Swag Labs/input_Swag Labs_password"), "secret_sauce"): Keys 'secret_sauce' sent to object: 'Object Repository/Page_Swag Labs/input_Swag Labs_password'

2023-05-12 17:50:00 - [MESSAGE][PASSED] - Keys 'secret_sauce' sent to object: 'Object Repository/Page_Swag Labs/input_Swag Labs_password'

2023-05-12 17:50:00 - [TEST_STEP][PASSED] - click(findTestObject("Object Repository/Page_Swag Labs/input_Swag Labs_login-button")): Object: 'Object Repository/Page_Swag Labs/input_Swag Labs_login-button' is clicked on

2023-05-12 17:50:00 - [MESSAGE][PASSED] - Object: 'Object Repository/Page_Swag Labs/input_Swag Labs_login-button' is clicked on

2023-05-12 17:50:00 - [TEST_STEP][PASSED] - click(findTestObject("Object Repository/inventoryPage/Backpack")): Object: 'Object Repository/inventoryPage/Backpack' is clicked on

2023-05-12 17:50:01 - [MESSAGE][PASSED] - Object: 'Object Repository/inventoryPage/Backpack' is clicked on

2023-05-12 17:50:01 - [TEST_STEP][PASSED] - click(findTestObject("Object Repository/inventoryPage/button_Add to cart")): Object: 'Object Repository/inventoryPage/button_Add to cart' is clicked on

2023-05-12 17:50:01 - [MESSAGE][PASSED] - Object: 'Object Repository/inventoryPage/button_Add to cart' is clicked on

2023-05-12 17:50:01 - [TEST_STEP][PASSED] - click(findTestObject("Object Repository/inventoryPage/products_back-image")): Object: 'Object Repository/inventoryPage/products_back-image' is clicked on

2023-05-12 17:50:02 - [MESSAGE][PASSED] - Object: 'Object Repository/inventoryPage/products_back-image' is clicked on

2023-05-12 17:50:02 - [TEST_STEP][PASSED] - click(findTestObject("Object Repository/inventoryPage/cart")): Object: 'Object Repository/inventoryPage/cart' is clicked on

2023-05-12 17:50:02 - [MESSAGE][PASSED] - Object: 'Object Repository/inventoryPage/cart' is clicked on

2023-05-12 17:50:02 - [TEST_STEP][PASSED] - click(findTestObject("Object Repository/CheckoutPage/button_Checkout")): Object: 'Object Repository/CheckoutPage/button_Checkout' is clicked on

2023-05-12 17:50:03 - [MESSAGE][PASSED] - Object: 'Object Repository/CheckoutPage/button_Checkout' is clicked on

2023-05-12 17:50:03 - [TEST_STEP][PASSED] - sendKeys(findTestObject("Object Repository/checkout-step-one/input_Checkout Your Information_firstName"), "demo"): Keys 'demo' sent to object: 'Object Repository/checkout-step-one/input_Checkout Your Information_firstName'

2023-05-12 17:50:03 - [MESSAGE][PASSED] - Keys 'demo' sent to object: 'Object Repository/checkout-step-one/input_Checkout Your Information_firstName'

2023-05-12 17:50:03 - [TEST_STEP][PASSED] - sendKeys(findTestObject("Object Repository/checkout-step-one/input_Checkout Your Information_lastName"), "qa test"): Keys 'qa test' sent to object: 'Object Repository/checkout-step-one/input_Checkout Your Information_lastName'

2023-05-12 17:50:04 - [MESSAGE][PASSED] - Keys 'qa test' sent to object: 'Object Repository/checkout-step-one/input_Checkout Your Information_lastName'

2023-05-12 17:50:04 - [TEST_STEP][PASSED] - sendKeys(findTestObject("Object Repository/checkout-step-one/input_Checkout Your Information_postalCode"), "9000"): Keys '9000' sent to object: 'Object Repository/checkout-step-one/input_Checkout Your Information_postalCode'

2023-05-12 17:50:04 - [MESSAGE][PASSED] - Keys '9000' sent to object: 'Object Repository/checkout-step-one/input_Checkout Your Information_postalCode'

2023-05-12 17:50:04 - [TEST_STEP][PASSED] - click(findTestObject("Object Repository/checkout-step-one/input_continue")): Object: 'Object Repository/checkout-step-one/input_continue' is clicked on

2023-05-12 17:50:05 - [MESSAGE][PASSED] - Object: 'Object Repository/checkout-step-one/input_continue' is clicked on

2023-05-12 17:50:05 - [TEST_STEP][PASSED] - click(findTestObject("Object Repository/finish checkout/button_Finish")): Object: 'Object Repository/finish checkout/button_Finish' is clicked on

2023-05-12 17:50:05 - [MESSAGE][PASSED] - Object: 'Object Repository/finish checkout/button_Finish' is clicked on

2023-05-12 17:50:05 - [TEST_STEP][PASSED] - verifyElementVisible(findTestObject("Object Repository/order-success/h2_Thank you for your order")): Object 'Object Repository/order-success/h2_Thank you for your order' is visible

2023-05-12 17:50:06 - [MESSAGE][PASSED] - Object 'Object Repository/order-success/h2_Thank you for your order' is visible

2023-05-12 17:50:06 - [TEST_STEP][PASSED] - click(findTestObject("Object Repository/NavSideBar/sidebar")): Object: 'Object Repository/NavSideBar/sidebar' is clicked on

2023-05-12 17:50:06 - [MESSAGE][PASSED] - Object: 'Object Repository/NavSideBar/sidebar' is clicked on

2023-05-12 17:50:06 - [TEST_STEP][PASSED] - click(findTestObject("Object Repository/NavSideBar/a_Logout")): Object: 'Object Repository/NavSideBar/a_Logout' is clicked on

2023-05-12 17:50:07 - [MESSAGE][PASSED] - Object: 'Object Repository/NavSideBar/a_Logout' is clicked on

2023-05-12 17:50:07 - [TEST_STEP][PASSED] - verifyElementVisible(findTestObject("Object Repository/Page_Swag Labs/input_Swag Labs_user-name")): Object 'Object Repository/Page_Swag Labs/input_Swag Labs_user-name' is visible

2023-05-12 17:50:07 - [MESSAGE][PASSED] - Object 'Object Repository/Page_Swag Labs/input_Swag Labs_user-name' is visible

2023-05-12 17:50:07 - [TEST_STEP][PASSED] - closeBrowser(): Browser is closed

2023-05-12 17:50:08 - [MESSAGE][PASSED] - Browser is closed]]></system-out>
         <system-err><![CDATA[]]></system-err>
      </testcase>
      <testcase name="Test Cases/test-flow-1-buy-1-product" time="12.364" classname="Test Cases/test-flow-1-buy-1-product" status="PASSED">
         <system-out><![CDATA[2023-05-12 17:50:08 - [TEST_CASE][PASSED] - Test Cases/test-flow-1-buy-1-product: Test Cases/test-flow-1-buy-1-product

2023-05-12 17:50:08 - [TEST_STEP][PASSED] - openBrowser("https://www.saucedemo.com/"): Browser is opened with url: 'https://www.saucedemo.com/'

2023-05-12 17:50:08 - [MESSAGE][INFO] - Starting 'Chrome' driver

2023-05-12 17:50:08 - [MESSAGE][INFO] - Action delay is set to 0 milliseconds

2023-05-12 17:50:10 - [MESSAGE][PASSED] - Browser is opened with url: 'https://www.saucedemo.com/'

2023-05-12 17:50:10 - [TEST_STEP][PASSED] - click(findTestObject("Object Repository/Page_Swag Labs/input_Swag Labs_user-name")): Object: 'Object Repository/Page_Swag Labs/input_Swag Labs_user-name' is clicked on

2023-05-12 17:50:11 - [MESSAGE][PASSED] - Object: 'Object Repository/Page_Swag Labs/input_Swag Labs_user-name' is clicked on

2023-05-12 17:50:11 - [TEST_STEP][PASSED] - sendKeys(findTestObject("Object Repository/Page_Swag Labs/input_Swag Labs_user-name"), "standard_user"): Keys 'standard_user' sent to object: 'Object Repository/Page_Swag Labs/input_Swag Labs_user-name'

2023-05-12 17:50:11 - [MESSAGE][PASSED] - Keys 'standard_user' sent to object: 'Object Repository/Page_Swag Labs/input_Swag Labs_user-name'

2023-05-12 17:50:11 - [TEST_STEP][PASSED] - click(findTestObject("Object Repository/Page_Swag Labs/input_Swag Labs_password")): Object: 'Object Repository/Page_Swag Labs/input_Swag Labs_password' is clicked on

2023-05-12 17:50:11 - [MESSAGE][PASSED] - Object: 'Object Repository/Page_Swag Labs/input_Swag Labs_password' is clicked on

2023-05-12 17:50:11 - [TEST_STEP][PASSED] - sendKeys(findTestObject("Object Repository/Page_Swag Labs/input_Swag Labs_password"), "secret_sauce"): Keys 'secret_sauce' sent to object: 'Object Repository/Page_Swag Labs/input_Swag Labs_password'

2023-05-12 17:50:12 - [MESSAGE][PASSED] - Keys 'secret_sauce' sent to object: 'Object Repository/Page_Swag Labs/input_Swag Labs_password'

2023-05-12 17:50:12 - [TEST_STEP][PASSED] - click(findTestObject("Object Repository/Page_Swag Labs/input_Swag Labs_login-button")): Object: 'Object Repository/Page_Swag Labs/input_Swag Labs_login-button' is clicked on

2023-05-12 17:50:12 - [MESSAGE][PASSED] - Object: 'Object Repository/Page_Swag Labs/input_Swag Labs_login-button' is clicked on

2023-05-12 17:50:12 - [TEST_STEP][PASSED] - click(findTestObject("Object Repository/inventoryPage/Backpack")): Object: 'Object Repository/inventoryPage/Backpack' is clicked on

2023-05-12 17:50:13 - [MESSAGE][PASSED] - Object: 'Object Repository/inventoryPage/Backpack' is clicked on

2023-05-12 17:50:13 - [TEST_STEP][PASSED] - click(findTestObject("Object Repository/inventoryPage/button_Add to cart")): Object: 'Object Repository/inventoryPage/button_Add to cart' is clicked on

2023-05-12 17:50:13 - [MESSAGE][PASSED] - Object: 'Object Repository/inventoryPage/button_Add to cart' is clicked on

2023-05-12 17:50:13 - [TEST_STEP][PASSED] - click(findTestObject("Object Repository/inventoryPage/products_back-image")): Object: 'Object Repository/inventoryPage/products_back-image' is clicked on

2023-05-12 17:50:14 - [MESSAGE][PASSED] - Object: 'Object Repository/inventoryPage/products_back-image' is clicked on

2023-05-12 17:50:14 - [TEST_STEP][PASSED] - click(findTestObject("Object Repository/inventoryPage/cart")): Object: 'Object Repository/inventoryPage/cart' is clicked on

2023-05-12 17:50:14 - [MESSAGE][PASSED] - Object: 'Object Repository/inventoryPage/cart' is clicked on

2023-05-12 17:50:14 - [TEST_STEP][PASSED] - click(findTestObject("Object Repository/CheckoutPage/button_Checkout")): Object: 'Object Repository/CheckoutPage/button_Checkout' is clicked on

2023-05-12 17:50:15 - [MESSAGE][PASSED] - Object: 'Object Repository/CheckoutPage/button_Checkout' is clicked on

2023-05-12 17:50:15 - [TEST_STEP][PASSED] - sendKeys(findTestObject("Object Repository/checkout-step-one/input_Checkout Your Information_firstName"), "demo"): Keys 'demo' sent to object: 'Object Repository/checkout-step-one/input_Checkout Your Information_firstName'

2023-05-12 17:50:15 - [MESSAGE][PASSED] - Keys 'demo' sent to object: 'Object Repository/checkout-step-one/input_Checkout Your Information_firstName'

2023-05-12 17:50:15 - [TEST_STEP][PASSED] - sendKeys(findTestObject("Object Repository/checkout-step-one/input_Checkout Your Information_lastName"), "qa test"): Keys 'qa test' sent to object: 'Object Repository/checkout-step-one/input_Checkout Your Information_lastName'

2023-05-12 17:50:16 - [MESSAGE][PASSED] - Keys 'qa test' sent to object: 'Object Repository/checkout-step-one/input_Checkout Your Information_lastName'

2023-05-12 17:50:16 - [TEST_STEP][PASSED] - sendKeys(findTestObject("Object Repository/checkout-step-one/input_Checkout Your Information_postalCode"), "9000"): Keys '9000' sent to object: 'Object Repository/checkout-step-one/input_Checkout Your Information_postalCode'

2023-05-12 17:50:17 - [MESSAGE][PASSED] - Keys '9000' sent to object: 'Object Repository/checkout-step-one/input_Checkout Your Information_postalCode'

2023-05-12 17:50:17 - [TEST_STEP][PASSED] - click(findTestObject("Object Repository/checkout-step-one/input_continue")): Object: 'Object Repository/checkout-step-one/input_continue' is clicked on

2023-05-12 17:50:17 - [MESSAGE][PASSED] - Object: 'Object Repository/checkout-step-one/input_continue' is clicked on

2023-05-12 17:50:17 - [TEST_STEP][PASSED] - click(findTestObject("Object Repository/finish checkout/button_Finish")): Object: 'Object Repository/finish checkout/button_Finish' is clicked on

2023-05-12 17:50:18 - [MESSAGE][PASSED] - Object: 'Object Repository/finish checkout/button_Finish' is clicked on

2023-05-12 17:50:18 - [TEST_STEP][PASSED] - verifyElementVisible(findTestObject("Object Repository/order-success/h2_Thank you for your order")): Object 'Object Repository/order-success/h2_Thank you for your order' is visible

2023-05-12 17:50:18 - [MESSAGE][PASSED] - Object 'Object Repository/order-success/h2_Thank you for your order' is visible

2023-05-12 17:50:18 - [TEST_STEP][PASSED] - click(findTestObject("Object Repository/NavSideBar/sidebar")): Object: 'Object Repository/NavSideBar/sidebar' is clicked on

2023-05-12 17:50:19 - [MESSAGE][PASSED] - Object: 'Object Repository/NavSideBar/sidebar' is clicked on

2023-05-12 17:50:19 - [TEST_STEP][PASSED] - click(findTestObject("Object Repository/NavSideBar/a_Logout")): Object: 'Object Repository/NavSideBar/a_Logout' is clicked on

2023-05-12 17:50:19 - [MESSAGE][PASSED] - Object: 'Object Repository/NavSideBar/a_Logout' is clicked on

2023-05-12 17:50:19 - [TEST_STEP][PASSED] - verifyElementVisible(findTestObject("Object Repository/Page_Swag Labs/input_Swag Labs_user-name")): Object 'Object Repository/Page_Swag Labs/input_Swag Labs_user-name' is visible

2023-05-12 17:50:20 - [MESSAGE][PASSED] - Object 'Object Repository/Page_Swag Labs/input_Swag Labs_user-name' is visible

2023-05-12 17:50:20 - [TEST_STEP][PASSED] - closeBrowser(): Browser is closed

2023-05-12 17:50:20 - [MESSAGE][PASSED] - Browser is closed]]></system-out>
         <system-err><![CDATA[]]></system-err>
      </testcase>
      <system-out><![CDATA[2023-05-12 17:46:20 - [TEST_SUITE][PASSED] - simple case: Test Cases/test-flow-1-buy-1-product]]></system-out>
      <system-err><![CDATA[]]></system-err>
   </testsuite>
   <testsuite name="simple case" tests="20" failures="0" errors="0" time="238.505" skipped="0" timestamp="2023-05-12 17:50:24" hostname="minh.nguyen - 5YHW2D3" id="Test Suites/simple case">
      <properties>
         <property name="deviceName" value=""/>
         <property name="devicePlatform" value=""/>
         <property name="logFolder" value="C:\\Users\\minh.nguyen\\Desktop\\GitRepo\\tri-nhan-repo\\Reports\\20230512_171239\\simple case\\20230512_171258"/>
         <property name="logFiles" value="C:\\Users\\minh.nguyen\\Desktop\\GitRepo\\tri-nhan-repo\\Reports\\20230512_171239\\simple case\\20230512_171258\\execution0.log"/>
         <property name="attachments" value=""/>
         <property name="hostName" value="minh.nguyen - 5YHW2D3"/>
         <property name="os" value="Windows 10 64bit"/>
         <property name="katalonVersion" value="8.5.5.208"/>
         <property name="browser" value="Chrome 112.0.0.0"/>
         <property name="hostAddress" value="192.168.1.86"/>
         <property name="sessionId" value="7e86b37a711ee373c2e7c7aaa33f1304"/>
         <property name="seleniumVersion" value="3.141.59"/>
         <property name="proxyInformation" value="ProxyInformation { proxyOption=NO_PROXY, proxyServerType=HTTP, username=, password=********, proxyServerAddress=, proxyServerPort=0, executionList=&quot;&quot;, isApplyToDesiredCapabilities=true }"/>
         <property name="platform" value="Windows 10"/>
      </properties>
      <testcase name="Test Cases/test-flow-1-buy-1-product" time="12.859" classname="Test Cases/test-flow-1-buy-1-product" status="PASSED">
         <system-out><![CDATA[2023-05-12 17:50:24 - [TEST_CASE][PASSED] - Test Cases/test-flow-1-buy-1-product: Test Cases/test-flow-1-buy-1-product

2023-05-12 17:50:24 - [TEST_STEP][PASSED] - openBrowser("https://www.saucedemo.com/"): Browser is opened with url: 'https://www.saucedemo.com/'

2023-05-12 17:50:24 - [MESSAGE][INFO] - Starting 'Chrome' driver

2023-05-12 17:50:24 - [MESSAGE][INFO] - Action delay is set to 0 milliseconds

2023-05-12 17:50:27 - [MESSAGE][PASSED] - Browser is opened with url: 'https://www.saucedemo.com/'

2023-05-12 17:50:27 - [TEST_STEP][PASSED] - click(findTestObject("Object Repository/Page_Swag Labs/input_Swag Labs_user-name")): Object: 'Object Repository/Page_Swag Labs/input_Swag Labs_user-name' is clicked on

2023-05-12 17:50:27 - [MESSAGE][PASSED] - Object: 'Object Repository/Page_Swag Labs/input_Swag Labs_user-name' is clicked on

2023-05-12 17:50:27 - [TEST_STEP][PASSED] - sendKeys(findTestObject("Object Repository/Page_Swag Labs/input_Swag Labs_user-name"), "standard_user"): Keys 'standard_user' sent to object: 'Object Repository/Page_Swag Labs/input_Swag Labs_user-name'

2023-05-12 17:50:28 - [MESSAGE][PASSED] - Keys 'standard_user' sent to object: 'Object Repository/Page_Swag Labs/input_Swag Labs_user-name'

2023-05-12 17:50:28 - [TEST_STEP][PASSED] - click(findTestObject("Object Repository/Page_Swag Labs/input_Swag Labs_password")): Object: 'Object Repository/Page_Swag Labs/input_Swag Labs_password' is clicked on

2023-05-12 17:50:28 - [MESSAGE][PASSED] - Object: 'Object Repository/Page_Swag Labs/input_Swag Labs_password' is clicked on

2023-05-12 17:50:28 - [TEST_STEP][PASSED] - sendKeys(findTestObject("Object Repository/Page_Swag Labs/input_Swag Labs_password"), "secret_sauce"): Keys 'secret_sauce' sent to object: 'Object Repository/Page_Swag Labs/input_Swag Labs_password'

2023-05-12 17:50:29 - [MESSAGE][PASSED] - Keys 'secret_sauce' sent to object: 'Object Repository/Page_Swag Labs/input_Swag Labs_password'

2023-05-12 17:50:29 - [TEST_STEP][PASSED] - click(findTestObject("Object Repository/Page_Swag Labs/input_Swag Labs_login-button")): Object: 'Object Repository/Page_Swag Labs/input_Swag Labs_login-button' is clicked on

2023-05-12 17:50:29 - [MESSAGE][PASSED] - Object: 'Object Repository/Page_Swag Labs/input_Swag Labs_login-button' is clicked on

2023-05-12 17:50:29 - [TEST_STEP][PASSED] - click(findTestObject("Object Repository/inventoryPage/Backpack")): Object: 'Object Repository/inventoryPage/Backpack' is clicked on

2023-05-12 17:50:29 - [MESSAGE][PASSED] - Object: 'Object Repository/inventoryPage/Backpack' is clicked on

2023-05-12 17:50:29 - [TEST_STEP][PASSED] - click(findTestObject("Object Repository/inventoryPage/button_Add to cart")): Object: 'Object Repository/inventoryPage/button_Add to cart' is clicked on

2023-05-12 17:50:30 - [MESSAGE][PASSED] - Object: 'Object Repository/inventoryPage/button_Add to cart' is clicked on

2023-05-12 17:50:30 - [TEST_STEP][PASSED] - click(findTestObject("Object Repository/inventoryPage/products_back-image")): Object: 'Object Repository/inventoryPage/products_back-image' is clicked on

2023-05-12 17:50:30 - [MESSAGE][PASSED] - Object: 'Object Repository/inventoryPage/products_back-image' is clicked on

2023-05-12 17:50:30 - [TEST_STEP][PASSED] - click(findTestObject("Object Repository/inventoryPage/cart")): Object: 'Object Repository/inventoryPage/cart' is clicked on

2023-05-12 17:50:31 - [MESSAGE][PASSED] - Object: 'Object Repository/inventoryPage/cart' is clicked on

2023-05-12 17:50:31 - [TEST_STEP][PASSED] - click(findTestObject("Object Repository/CheckoutPage/button_Checkout")): Object: 'Object Repository/CheckoutPage/button_Checkout' is clicked on

2023-05-12 17:50:31 - [MESSAGE][PASSED] - Object: 'Object Repository/CheckoutPage/button_Checkout' is clicked on

2023-05-12 17:50:31 - [TEST_STEP][PASSED] - sendKeys(findTestObject("Object Repository/checkout-step-one/input_Checkout Your Information_firstName"), "demo"): Keys 'demo' sent to object: 'Object Repository/checkout-step-one/input_Checkout Your Information_firstName'

2023-05-12 17:50:32 - [MESSAGE][PASSED] - Keys 'demo' sent to object: 'Object Repository/checkout-step-one/input_Checkout Your Information_firstName'

2023-05-12 17:50:32 - [TEST_STEP][PASSED] - sendKeys(findTestObject("Object Repository/checkout-step-one/input_Checkout Your Information_lastName"), "qa test"): Keys 'qa test' sent to object: 'Object Repository/checkout-step-one/input_Checkout Your Information_lastName'

2023-05-12 17:50:33 - [MESSAGE][PASSED] - Keys 'qa test' sent to object: 'Object Repository/checkout-step-one/input_Checkout Your Information_lastName'

2023-05-12 17:50:33 - [TEST_STEP][PASSED] - sendKeys(findTestObject("Object Repository/checkout-step-one/input_Checkout Your Information_postalCode"), "9000"): Keys '9000' sent to object: 'Object Repository/checkout-step-one/input_Checkout Your Information_postalCode'

2023-05-12 17:50:33 - [MESSAGE][PASSED] - Keys '9000' sent to object: 'Object Repository/checkout-step-one/input_Checkout Your Information_postalCode'

2023-05-12 17:50:33 - [TEST_STEP][PASSED] - click(findTestObject("Object Repository/checkout-step-one/input_continue")): Object: 'Object Repository/checkout-step-one/input_continue' is clicked on

2023-05-12 17:50:34 - [MESSAGE][PASSED] - Object: 'Object Repository/checkout-step-one/input_continue' is clicked on

2023-05-12 17:50:34 - [TEST_STEP][PASSED] - click(findTestObject("Object Repository/finish checkout/button_Finish")): Object: 'Object Repository/finish checkout/button_Finish' is clicked on

2023-05-12 17:50:34 - [MESSAGE][PASSED] - Object: 'Object Repository/finish checkout/button_Finish' is clicked on

2023-05-12 17:50:34 - [TEST_STEP][PASSED] - verifyElementVisible(findTestObject("Object Repository/order-success/h2_Thank you for your order")): Object 'Object Repository/order-success/h2_Thank you for your order' is visible

2023-05-12 17:50:35 - [MESSAGE][PASSED] - Object 'Object Repository/order-success/h2_Thank you for your order' is visible

2023-05-12 17:50:35 - [TEST_STEP][PASSED] - click(findTestObject("Object Repository/NavSideBar/sidebar")): Object: 'Object Repository/NavSideBar/sidebar' is clicked on

2023-05-12 17:50:35 - [MESSAGE][PASSED] - Object: 'Object Repository/NavSideBar/sidebar' is clicked on

2023-05-12 17:50:35 - [TEST_STEP][PASSED] - click(findTestObject("Object Repository/NavSideBar/a_Logout")): Object: 'Object Repository/NavSideBar/a_Logout' is clicked on

2023-05-12 17:50:35 - [MESSAGE][PASSED] - Object: 'Object Repository/NavSideBar/a_Logout' is clicked on

2023-05-12 17:50:35 - [TEST_STEP][PASSED] - verifyElementVisible(findTestObject("Object Repository/Page_Swag Labs/input_Swag Labs_user-name")): Object 'Object Repository/Page_Swag Labs/input_Swag Labs_user-name' is visible

2023-05-12 17:50:36 - [MESSAGE][PASSED] - Object 'Object Repository/Page_Swag Labs/input_Swag Labs_user-name' is visible

2023-05-12 17:50:36 - [TEST_STEP][PASSED] - closeBrowser(): Browser is closed

2023-05-12 17:50:37 - [MESSAGE][PASSED] - Browser is closed]]></system-out>
         <system-err><![CDATA[]]></system-err>
      </testcase>
      <testcase name="Test Cases/test-flow-1-buy-1-product" time="11.84" classname="Test Cases/test-flow-1-buy-1-product" status="PASSED">
         <system-out><![CDATA[2023-05-12 17:50:37 - [TEST_CASE][PASSED] - Test Cases/test-flow-1-buy-1-product: Test Cases/test-flow-1-buy-1-product

2023-05-12 17:50:37 - [TEST_STEP][PASSED] - openBrowser("https://www.saucedemo.com/"): Browser is opened with url: 'https://www.saucedemo.com/'

2023-05-12 17:50:37 - [MESSAGE][INFO] - Starting 'Chrome' driver

2023-05-12 17:50:37 - [MESSAGE][INFO] - Action delay is set to 0 milliseconds

2023-05-12 17:50:39 - [MESSAGE][PASSED] - Browser is opened with url: 'https://www.saucedemo.com/'

2023-05-12 17:50:39 - [TEST_STEP][PASSED] - click(findTestObject("Object Repository/Page_Swag Labs/input_Swag Labs_user-name")): Object: 'Object Repository/Page_Swag Labs/input_Swag Labs_user-name' is clicked on

2023-05-12 17:50:39 - [MESSAGE][PASSED] - Object: 'Object Repository/Page_Swag Labs/input_Swag Labs_user-name' is clicked on

2023-05-12 17:50:39 - [TEST_STEP][PASSED] - sendKeys(findTestObject("Object Repository/Page_Swag Labs/input_Swag Labs_user-name"), "standard_user"): Keys 'standard_user' sent to object: 'Object Repository/Page_Swag Labs/input_Swag Labs_user-name'

2023-05-12 17:50:40 - [MESSAGE][PASSED] - Keys 'standard_user' sent to object: 'Object Repository/Page_Swag Labs/input_Swag Labs_user-name'

2023-05-12 17:50:40 - [TEST_STEP][PASSED] - click(findTestObject("Object Repository/Page_Swag Labs/input_Swag Labs_password")): Object: 'Object Repository/Page_Swag Labs/input_Swag Labs_password' is clicked on

2023-05-12 17:50:40 - [MESSAGE][PASSED] - Object: 'Object Repository/Page_Swag Labs/input_Swag Labs_password' is clicked on

2023-05-12 17:50:40 - [TEST_STEP][PASSED] - sendKeys(findTestObject("Object Repository/Page_Swag Labs/input_Swag Labs_password"), "secret_sauce"): Keys 'secret_sauce' sent to object: 'Object Repository/Page_Swag Labs/input_Swag Labs_password'

2023-05-12 17:50:40 - [MESSAGE][PASSED] - Keys 'secret_sauce' sent to object: 'Object Repository/Page_Swag Labs/input_Swag Labs_password'

2023-05-12 17:50:40 - [TEST_STEP][PASSED] - click(findTestObject("Object Repository/Page_Swag Labs/input_Swag Labs_login-button")): Object: 'Object Repository/Page_Swag Labs/input_Swag Labs_login-button' is clicked on

2023-05-12 17:50:41 - [MESSAGE][PASSED] - Object: 'Object Repository/Page_Swag Labs/input_Swag Labs_login-button' is clicked on

2023-05-12 17:50:41 - [TEST_STEP][PASSED] - click(findTestObject("Object Repository/inventoryPage/Backpack")): Object: 'Object Repository/inventoryPage/Backpack' is clicked on

2023-05-12 17:50:41 - [MESSAGE][PASSED] - Object: 'Object Repository/inventoryPage/Backpack' is clicked on

2023-05-12 17:50:41 - [TEST_STEP][PASSED] - click(findTestObject("Object Repository/inventoryPage/button_Add to cart")): Object: 'Object Repository/inventoryPage/button_Add to cart' is clicked on

2023-05-12 17:50:42 - [MESSAGE][PASSED] - Object: 'Object Repository/inventoryPage/button_Add to cart' is clicked on

2023-05-12 17:50:42 - [TEST_STEP][PASSED] - click(findTestObject("Object Repository/inventoryPage/products_back-image")): Object: 'Object Repository/inventoryPage/products_back-image' is clicked on

2023-05-12 17:50:42 - [MESSAGE][PASSED] - Object: 'Object Repository/inventoryPage/products_back-image' is clicked on

2023-05-12 17:50:42 - [TEST_STEP][PASSED] - click(findTestObject("Object Repository/inventoryPage/cart")): Object: 'Object Repository/inventoryPage/cart' is clicked on

2023-05-12 17:50:43 - [MESSAGE][PASSED] - Object: 'Object Repository/inventoryPage/cart' is clicked on

2023-05-12 17:50:43 - [TEST_STEP][PASSED] - click(findTestObject("Object Repository/CheckoutPage/button_Checkout")): Object: 'Object Repository/CheckoutPage/button_Checkout' is clicked on

2023-05-12 17:50:43 - [MESSAGE][PASSED] - Object: 'Object Repository/CheckoutPage/button_Checkout' is clicked on

2023-05-12 17:50:43 - [TEST_STEP][PASSED] - sendKeys(findTestObject("Object Repository/checkout-step-one/input_Checkout Your Information_firstName"), "demo"): Keys 'demo' sent to object: 'Object Repository/checkout-step-one/input_Checkout Your Information_firstName'

2023-05-12 17:50:44 - [MESSAGE][PASSED] - Keys 'demo' sent to object: 'Object Repository/checkout-step-one/input_Checkout Your Information_firstName'

2023-05-12 17:50:44 - [TEST_STEP][PASSED] - sendKeys(findTestObject("Object Repository/checkout-step-one/input_Checkout Your Information_lastName"), "qa test"): Keys 'qa test' sent to object: 'Object Repository/checkout-step-one/input_Checkout Your Information_lastName'

2023-05-12 17:50:44 - [MESSAGE][PASSED] - Keys 'qa test' sent to object: 'Object Repository/checkout-step-one/input_Checkout Your Information_lastName'

2023-05-12 17:50:44 - [TEST_STEP][PASSED] - sendKeys(findTestObject("Object Repository/checkout-step-one/input_Checkout Your Information_postalCode"), "9000"): Keys '9000' sent to object: 'Object Repository/checkout-step-one/input_Checkout Your Information_postalCode'

2023-05-12 17:50:45 - [MESSAGE][PASSED] - Keys '9000' sent to object: 'Object Repository/checkout-step-one/input_Checkout Your Information_postalCode'

2023-05-12 17:50:45 - [TEST_STEP][PASSED] - click(findTestObject("Object Repository/checkout-step-one/input_continue")): Object: 'Object Repository/checkout-step-one/input_continue' is clicked on

2023-05-12 17:50:45 - [MESSAGE][PASSED] - Object: 'Object Repository/checkout-step-one/input_continue' is clicked on

2023-05-12 17:50:45 - [TEST_STEP][PASSED] - click(findTestObject("Object Repository/finish checkout/button_Finish")): Object: 'Object Repository/finish checkout/button_Finish' is clicked on

2023-05-12 17:50:46 - [MESSAGE][PASSED] - Object: 'Object Repository/finish checkout/button_Finish' is clicked on

2023-05-12 17:50:46 - [TEST_STEP][PASSED] - verifyElementVisible(findTestObject("Object Repository/order-success/h2_Thank you for your order")): Object 'Object Repository/order-success/h2_Thank you for your order' is visible

2023-05-12 17:50:46 - [MESSAGE][PASSED] - Object 'Object Repository/order-success/h2_Thank you for your order' is visible

2023-05-12 17:50:46 - [TEST_STEP][PASSED] - click(findTestObject("Object Repository/NavSideBar/sidebar")): Object: 'Object Repository/NavSideBar/sidebar' is clicked on

2023-05-12 17:50:47 - [MESSAGE][PASSED] - Object: 'Object Repository/NavSideBar/sidebar' is clicked on

2023-05-12 17:50:47 - [TEST_STEP][PASSED] - click(findTestObject("Object Repository/NavSideBar/a_Logout")): Object: 'Object Repository/NavSideBar/a_Logout' is clicked on

2023-05-12 17:50:47 - [MESSAGE][PASSED] - Object: 'Object Repository/NavSideBar/a_Logout' is clicked on

2023-05-12 17:50:47 - [TEST_STEP][PASSED] - verifyElementVisible(findTestObject("Object Repository/Page_Swag Labs/input_Swag Labs_user-name")): Object 'Object Repository/Page_Swag Labs/input_Swag Labs_user-name' is visible

2023-05-12 17:50:48 - [MESSAGE][PASSED] - Object 'Object Repository/Page_Swag Labs/input_Swag Labs_user-name' is visible

2023-05-12 17:50:48 - [TEST_STEP][PASSED] - closeBrowser(): Browser is closed

2023-05-12 17:50:49 - [MESSAGE][PASSED] - Browser is closed]]></system-out>
         <system-err><![CDATA[]]></system-err>
      </testcase>
      <testcase name="Test Cases/test-flow-1-buy-1-product" time="11.813" classname="Test Cases/test-flow-1-buy-1-product" status="PASSED">
         <system-out><![CDATA[2023-05-12 17:50:49 - [TEST_CASE][PASSED] - Test Cases/test-flow-1-buy-1-product: Test Cases/test-flow-1-buy-1-product

2023-05-12 17:50:49 - [TEST_STEP][PASSED] - openBrowser("https://www.saucedemo.com/"): Browser is opened with url: 'https://www.saucedemo.com/'

2023-05-12 17:50:49 - [MESSAGE][INFO] - Starting 'Chrome' driver

2023-05-12 17:50:49 - [MESSAGE][INFO] - Action delay is set to 0 milliseconds

2023-05-12 17:50:51 - [MESSAGE][PASSED] - Browser is opened with url: 'https://www.saucedemo.com/'

2023-05-12 17:50:51 - [TEST_STEP][PASSED] - click(findTestObject("Object Repository/Page_Swag Labs/input_Swag Labs_user-name")): Object: 'Object Repository/Page_Swag Labs/input_Swag Labs_user-name' is clicked on

2023-05-12 17:50:51 - [MESSAGE][PASSED] - Object: 'Object Repository/Page_Swag Labs/input_Swag Labs_user-name' is clicked on

2023-05-12 17:50:51 - [TEST_STEP][PASSED] - sendKeys(findTestObject("Object Repository/Page_Swag Labs/input_Swag Labs_user-name"), "standard_user"): Keys 'standard_user' sent to object: 'Object Repository/Page_Swag Labs/input_Swag Labs_user-name'

2023-05-12 17:50:51 - [MESSAGE][PASSED] - Keys 'standard_user' sent to object: 'Object Repository/Page_Swag Labs/input_Swag Labs_user-name'

2023-05-12 17:50:51 - [TEST_STEP][PASSED] - click(findTestObject("Object Repository/Page_Swag Labs/input_Swag Labs_password")): Object: 'Object Repository/Page_Swag Labs/input_Swag Labs_password' is clicked on

2023-05-12 17:50:52 - [MESSAGE][PASSED] - Object: 'Object Repository/Page_Swag Labs/input_Swag Labs_password' is clicked on

2023-05-12 17:50:52 - [TEST_STEP][PASSED] - sendKeys(findTestObject("Object Repository/Page_Swag Labs/input_Swag Labs_password"), "secret_sauce"): Keys 'secret_sauce' sent to object: 'Object Repository/Page_Swag Labs/input_Swag Labs_password'

2023-05-12 17:50:52 - [MESSAGE][PASSED] - Keys 'secret_sauce' sent to object: 'Object Repository/Page_Swag Labs/input_Swag Labs_password'

2023-05-12 17:50:52 - [TEST_STEP][PASSED] - click(findTestObject("Object Repository/Page_Swag Labs/input_Swag Labs_login-button")): Object: 'Object Repository/Page_Swag Labs/input_Swag Labs_login-button' is clicked on

2023-05-12 17:50:52 - [MESSAGE][PASSED] - Object: 'Object Repository/Page_Swag Labs/input_Swag Labs_login-button' is clicked on

2023-05-12 17:50:52 - [TEST_STEP][PASSED] - click(findTestObject("Object Repository/inventoryPage/Backpack")): Object: 'Object Repository/inventoryPage/Backpack' is clicked on

2023-05-12 17:50:53 - [MESSAGE][PASSED] - Object: 'Object Repository/inventoryPage/Backpack' is clicked on

2023-05-12 17:50:53 - [TEST_STEP][PASSED] - click(findTestObject("Object Repository/inventoryPage/button_Add to cart")): Object: 'Object Repository/inventoryPage/button_Add to cart' is clicked on

2023-05-12 17:50:53 - [MESSAGE][PASSED] - Object: 'Object Repository/inventoryPage/button_Add to cart' is clicked on

2023-05-12 17:50:53 - [TEST_STEP][PASSED] - click(findTestObject("Object Repository/inventoryPage/products_back-image")): Object: 'Object Repository/inventoryPage/products_back-image' is clicked on

2023-05-12 17:50:54 - [MESSAGE][PASSED] - Object: 'Object Repository/inventoryPage/products_back-image' is clicked on

2023-05-12 17:50:54 - [TEST_STEP][PASSED] - click(findTestObject("Object Repository/inventoryPage/cart")): Object: 'Object Repository/inventoryPage/cart' is clicked on

2023-05-12 17:50:54 - [MESSAGE][PASSED] - Object: 'Object Repository/inventoryPage/cart' is clicked on

2023-05-12 17:50:54 - [TEST_STEP][PASSED] - click(findTestObject("Object Repository/CheckoutPage/button_Checkout")): Object: 'Object Repository/CheckoutPage/button_Checkout' is clicked on

2023-05-12 17:50:55 - [MESSAGE][PASSED] - Object: 'Object Repository/CheckoutPage/button_Checkout' is clicked on

2023-05-12 17:50:55 - [TEST_STEP][PASSED] - sendKeys(findTestObject("Object Repository/checkout-step-one/input_Checkout Your Information_firstName"), "demo"): Keys 'demo' sent to object: 'Object Repository/checkout-step-one/input_Checkout Your Information_firstName'

2023-05-12 17:50:55 - [MESSAGE][PASSED] - Keys 'demo' sent to object: 'Object Repository/checkout-step-one/input_Checkout Your Information_firstName'

2023-05-12 17:50:55 - [TEST_STEP][PASSED] - sendKeys(findTestObject("Object Repository/checkout-step-one/input_Checkout Your Information_lastName"), "qa test"): Keys 'qa test' sent to object: 'Object Repository/checkout-step-one/input_Checkout Your Information_lastName'

2023-05-12 17:50:56 - [MESSAGE][PASSED] - Keys 'qa test' sent to object: 'Object Repository/checkout-step-one/input_Checkout Your Information_lastName'

2023-05-12 17:50:56 - [TEST_STEP][PASSED] - sendKeys(findTestObject("Object Repository/checkout-step-one/input_Checkout Your Information_postalCode"), "9000"): Keys '9000' sent to object: 'Object Repository/checkout-step-one/input_Checkout Your Information_postalCode'

2023-05-12 17:50:57 - [MESSAGE][PASSED] - Keys '9000' sent to object: 'Object Repository/checkout-step-one/input_Checkout Your Information_postalCode'

2023-05-12 17:50:57 - [TEST_STEP][PASSED] - click(findTestObject("Object Repository/checkout-step-one/input_continue")): Object: 'Object Repository/checkout-step-one/input_continue' is clicked on

2023-05-12 17:50:57 - [MESSAGE][PASSED] - Object: 'Object Repository/checkout-step-one/input_continue' is clicked on

2023-05-12 17:50:57 - [TEST_STEP][PASSED] - click(findTestObject("Object Repository/finish checkout/button_Finish")): Object: 'Object Repository/finish checkout/button_Finish' is clicked on

2023-05-12 17:50:58 - [MESSAGE][PASSED] - Object: 'Object Repository/finish checkout/button_Finish' is clicked on

2023-05-12 17:50:58 - [TEST_STEP][PASSED] - verifyElementVisible(findTestObject("Object Repository/order-success/h2_Thank you for your order")): Object 'Object Repository/order-success/h2_Thank you for your order' is visible

2023-05-12 17:50:58 - [MESSAGE][PASSED] - Object 'Object Repository/order-success/h2_Thank you for your order' is visible

2023-05-12 17:50:58 - [TEST_STEP][PASSED] - click(findTestObject("Object Repository/NavSideBar/sidebar")): Object: 'Object Repository/NavSideBar/sidebar' is clicked on

2023-05-12 17:50:59 - [MESSAGE][PASSED] - Object: 'Object Repository/NavSideBar/sidebar' is clicked on

2023-05-12 17:50:59 - [TEST_STEP][PASSED] - click(findTestObject("Object Repository/NavSideBar/a_Logout")): Object: 'Object Repository/NavSideBar/a_Logout' is clicked on

2023-05-12 17:50:59 - [MESSAGE][PASSED] - Object: 'Object Repository/NavSideBar/a_Logout' is clicked on

2023-05-12 17:50:59 - [TEST_STEP][PASSED] - verifyElementVisible(findTestObject("Object Repository/Page_Swag Labs/input_Swag Labs_user-name")): Object 'Object Repository/Page_Swag Labs/input_Swag Labs_user-name' is visible

2023-05-12 17:51:00 - [MESSAGE][PASSED] - Object 'Object Repository/Page_Swag Labs/input_Swag Labs_user-name' is visible

2023-05-12 17:51:00 - [TEST_STEP][PASSED] - closeBrowser(): Browser is closed

2023-05-12 17:51:00 - [MESSAGE][PASSED] - Browser is closed]]></system-out>
         <system-err><![CDATA[]]></system-err>
      </testcase>
      <testcase name="Test Cases/test-flow-1-buy-1-product" time="12.025" classname="Test Cases/test-flow-1-buy-1-product" status="PASSED">
         <system-out><![CDATA[2023-05-12 17:51:00 - [TEST_CASE][PASSED] - Test Cases/test-flow-1-buy-1-product: Test Cases/test-flow-1-buy-1-product

2023-05-12 17:51:00 - [TEST_STEP][PASSED] - openBrowser("https://www.saucedemo.com/"): Browser is opened with url: 'https://www.saucedemo.com/'

2023-05-12 17:51:00 - [MESSAGE][INFO] - Starting 'Chrome' driver

2023-05-12 17:51:00 - [MESSAGE][INFO] - Action delay is set to 0 milliseconds

2023-05-12 17:51:02 - [MESSAGE][PASSED] - Browser is opened with url: 'https://www.saucedemo.com/'

2023-05-12 17:51:02 - [TEST_STEP][PASSED] - click(findTestObject("Object Repository/Page_Swag Labs/input_Swag Labs_user-name")): Object: 'Object Repository/Page_Swag Labs/input_Swag Labs_user-name' is clicked on

2023-05-12 17:51:03 - [MESSAGE][PASSED] - Object: 'Object Repository/Page_Swag Labs/input_Swag Labs_user-name' is clicked on

2023-05-12 17:51:03 - [TEST_STEP][PASSED] - sendKeys(findTestObject("Object Repository/Page_Swag Labs/input_Swag Labs_user-name"), "standard_user"): Keys 'standard_user' sent to object: 'Object Repository/Page_Swag Labs/input_Swag Labs_user-name'

2023-05-12 17:51:03 - [MESSAGE][PASSED] - Keys 'standard_user' sent to object: 'Object Repository/Page_Swag Labs/input_Swag Labs_user-name'

2023-05-12 17:51:03 - [TEST_STEP][PASSED] - click(findTestObject("Object Repository/Page_Swag Labs/input_Swag Labs_password")): Object: 'Object Repository/Page_Swag Labs/input_Swag Labs_password' is clicked on

2023-05-12 17:51:03 - [MESSAGE][PASSED] - Object: 'Object Repository/Page_Swag Labs/input_Swag Labs_password' is clicked on

2023-05-12 17:51:03 - [TEST_STEP][PASSED] - sendKeys(findTestObject("Object Repository/Page_Swag Labs/input_Swag Labs_password"), "secret_sauce"): Keys 'secret_sauce' sent to object: 'Object Repository/Page_Swag Labs/input_Swag Labs_password'

2023-05-12 17:51:04 - [MESSAGE][PASSED] - Keys 'secret_sauce' sent to object: 'Object Repository/Page_Swag Labs/input_Swag Labs_password'

2023-05-12 17:51:04 - [TEST_STEP][PASSED] - click(findTestObject("Object Repository/Page_Swag Labs/input_Swag Labs_login-button")): Object: 'Object Repository/Page_Swag Labs/input_Swag Labs_login-button' is clicked on

2023-05-12 17:51:04 - [MESSAGE][PASSED] - Object: 'Object Repository/Page_Swag Labs/input_Swag Labs_login-button' is clicked on

2023-05-12 17:51:04 - [TEST_STEP][PASSED] - click(findTestObject("Object Repository/inventoryPage/Backpack")): Object: 'Object Repository/inventoryPage/Backpack' is clicked on

2023-05-12 17:51:05 - [MESSAGE][PASSED] - Object: 'Object Repository/inventoryPage/Backpack' is clicked on

2023-05-12 17:51:05 - [TEST_STEP][PASSED] - click(findTestObject("Object Repository/inventoryPage/button_Add to cart")): Object: 'Object Repository/inventoryPage/button_Add to cart' is clicked on

2023-05-12 17:51:05 - [MESSAGE][PASSED] - Object: 'Object Repository/inventoryPage/button_Add to cart' is clicked on

2023-05-12 17:51:05 - [TEST_STEP][PASSED] - click(findTestObject("Object Repository/inventoryPage/products_back-image")): Object: 'Object Repository/inventoryPage/products_back-image' is clicked on

2023-05-12 17:51:06 - [MESSAGE][PASSED] - Object: 'Object Repository/inventoryPage/products_back-image' is clicked on

2023-05-12 17:51:06 - [TEST_STEP][PASSED] - click(findTestObject("Object Repository/inventoryPage/cart")): Object: 'Object Repository/inventoryPage/cart' is clicked on

2023-05-12 17:51:06 - [MESSAGE][PASSED] - Object: 'Object Repository/inventoryPage/cart' is clicked on

2023-05-12 17:51:06 - [TEST_STEP][PASSED] - click(findTestObject("Object Repository/CheckoutPage/button_Checkout")): Object: 'Object Repository/CheckoutPage/button_Checkout' is clicked on

2023-05-12 17:51:07 - [MESSAGE][PASSED] - Object: 'Object Repository/CheckoutPage/button_Checkout' is clicked on

2023-05-12 17:51:07 - [TEST_STEP][PASSED] - sendKeys(findTestObject("Object Repository/checkout-step-one/input_Checkout Your Information_firstName"), "demo"): Keys 'demo' sent to object: 'Object Repository/checkout-step-one/input_Checkout Your Information_firstName'

2023-05-12 17:51:07 - [MESSAGE][PASSED] - Keys 'demo' sent to object: 'Object Repository/checkout-step-one/input_Checkout Your Information_firstName'

2023-05-12 17:51:07 - [TEST_STEP][PASSED] - sendKeys(findTestObject("Object Repository/checkout-step-one/input_Checkout Your Information_lastName"), "qa test"): Keys 'qa test' sent to object: 'Object Repository/checkout-step-one/input_Checkout Your Information_lastName'

2023-05-12 17:51:08 - [MESSAGE][PASSED] - Keys 'qa test' sent to object: 'Object Repository/checkout-step-one/input_Checkout Your Information_lastName'

2023-05-12 17:51:08 - [TEST_STEP][PASSED] - sendKeys(findTestObject("Object Repository/checkout-step-one/input_Checkout Your Information_postalCode"), "9000"): Keys '9000' sent to object: 'Object Repository/checkout-step-one/input_Checkout Your Information_postalCode'

2023-05-12 17:51:09 - [MESSAGE][PASSED] - Keys '9000' sent to object: 'Object Repository/checkout-step-one/input_Checkout Your Information_postalCode'

2023-05-12 17:51:09 - [TEST_STEP][PASSED] - click(findTestObject("Object Repository/checkout-step-one/input_continue")): Object: 'Object Repository/checkout-step-one/input_continue' is clicked on

2023-05-12 17:51:09 - [MESSAGE][PASSED] - Object: 'Object Repository/checkout-step-one/input_continue' is clicked on

2023-05-12 17:51:09 - [TEST_STEP][PASSED] - click(findTestObject("Object Repository/finish checkout/button_Finish")): Object: 'Object Repository/finish checkout/button_Finish' is clicked on

2023-05-12 17:51:10 - [MESSAGE][PASSED] - Object: 'Object Repository/finish checkout/button_Finish' is clicked on

2023-05-12 17:51:10 - [TEST_STEP][PASSED] - verifyElementVisible(findTestObject("Object Repository/order-success/h2_Thank you for your order")): Object 'Object Repository/order-success/h2_Thank you for your order' is visible

2023-05-12 17:51:10 - [MESSAGE][PASSED] - Object 'Object Repository/order-success/h2_Thank you for your order' is visible

2023-05-12 17:51:10 - [TEST_STEP][PASSED] - click(findTestObject("Object Repository/NavSideBar/sidebar")): Object: 'Object Repository/NavSideBar/sidebar' is clicked on

2023-05-12 17:51:11 - [MESSAGE][PASSED] - Object: 'Object Repository/NavSideBar/sidebar' is clicked on

2023-05-12 17:51:11 - [TEST_STEP][PASSED] - click(findTestObject("Object Repository/NavSideBar/a_Logout")): Object: 'Object Repository/NavSideBar/a_Logout' is clicked on

2023-05-12 17:51:11 - [MESSAGE][PASSED] - Object: 'Object Repository/NavSideBar/a_Logout' is clicked on

2023-05-12 17:51:11 - [TEST_STEP][PASSED] - verifyElementVisible(findTestObject("Object Repository/Page_Swag Labs/input_Swag Labs_user-name")): Object 'Object Repository/Page_Swag Labs/input_Swag Labs_user-name' is visible

2023-05-12 17:51:12 - [MESSAGE][PASSED] - Object 'Object Repository/Page_Swag Labs/input_Swag Labs_user-name' is visible

2023-05-12 17:51:12 - [TEST_STEP][PASSED] - closeBrowser(): Browser is closed

2023-05-12 17:51:12 - [MESSAGE][PASSED] - Browser is closed]]></system-out>
         <system-err><![CDATA[]]></system-err>
      </testcase>
      <testcase name="Test Cases/test-flow-1-buy-1-product" time="11.715" classname="Test Cases/test-flow-1-buy-1-product" status="PASSED">
         <system-out><![CDATA[2023-05-12 17:51:12 - [TEST_CASE][PASSED] - Test Cases/test-flow-1-buy-1-product: Test Cases/test-flow-1-buy-1-product

2023-05-12 17:51:12 - [TEST_STEP][PASSED] - openBrowser("https://www.saucedemo.com/"): Browser is opened with url: 'https://www.saucedemo.com/'

2023-05-12 17:51:12 - [MESSAGE][INFO] - Starting 'Chrome' driver

2023-05-12 17:51:12 - [MESSAGE][INFO] - Action delay is set to 0 milliseconds

2023-05-12 17:51:14 - [MESSAGE][PASSED] - Browser is opened with url: 'https://www.saucedemo.com/'

2023-05-12 17:51:14 - [TEST_STEP][PASSED] - click(findTestObject("Object Repository/Page_Swag Labs/input_Swag Labs_user-name")): Object: 'Object Repository/Page_Swag Labs/input_Swag Labs_user-name' is clicked on

2023-05-12 17:51:15 - [MESSAGE][PASSED] - Object: 'Object Repository/Page_Swag Labs/input_Swag Labs_user-name' is clicked on

2023-05-12 17:51:15 - [TEST_STEP][PASSED] - sendKeys(findTestObject("Object Repository/Page_Swag Labs/input_Swag Labs_user-name"), "standard_user"): Keys 'standard_user' sent to object: 'Object Repository/Page_Swag Labs/input_Swag Labs_user-name'

2023-05-12 17:51:15 - [MESSAGE][PASSED] - Keys 'standard_user' sent to object: 'Object Repository/Page_Swag Labs/input_Swag Labs_user-name'

2023-05-12 17:51:15 - [TEST_STEP][PASSED] - click(findTestObject("Object Repository/Page_Swag Labs/input_Swag Labs_password")): Object: 'Object Repository/Page_Swag Labs/input_Swag Labs_password' is clicked on

2023-05-12 17:51:15 - [MESSAGE][PASSED] - Object: 'Object Repository/Page_Swag Labs/input_Swag Labs_password' is clicked on

2023-05-12 17:51:15 - [TEST_STEP][PASSED] - sendKeys(findTestObject("Object Repository/Page_Swag Labs/input_Swag Labs_password"), "secret_sauce"): Keys 'secret_sauce' sent to object: 'Object Repository/Page_Swag Labs/input_Swag Labs_password'

2023-05-12 17:51:16 - [MESSAGE][PASSED] - Keys 'secret_sauce' sent to object: 'Object Repository/Page_Swag Labs/input_Swag Labs_password'

2023-05-12 17:51:16 - [TEST_STEP][PASSED] - click(findTestObject("Object Repository/Page_Swag Labs/input_Swag Labs_login-button")): Object: 'Object Repository/Page_Swag Labs/input_Swag Labs_login-button' is clicked on

2023-05-12 17:51:16 - [MESSAGE][PASSED] - Object: 'Object Repository/Page_Swag Labs/input_Swag Labs_login-button' is clicked on

2023-05-12 17:51:16 - [TEST_STEP][PASSED] - click(findTestObject("Object Repository/inventoryPage/Backpack")): Object: 'Object Repository/inventoryPage/Backpack' is clicked on

2023-05-12 17:51:17 - [MESSAGE][PASSED] - Object: 'Object Repository/inventoryPage/Backpack' is clicked on

2023-05-12 17:51:17 - [TEST_STEP][PASSED] - click(findTestObject("Object Repository/inventoryPage/button_Add to cart")): Object: 'Object Repository/inventoryPage/button_Add to cart' is clicked on

2023-05-12 17:51:17 - [MESSAGE][PASSED] - Object: 'Object Repository/inventoryPage/button_Add to cart' is clicked on

2023-05-12 17:51:17 - [TEST_STEP][PASSED] - click(findTestObject("Object Repository/inventoryPage/products_back-image")): Object: 'Object Repository/inventoryPage/products_back-image' is clicked on

2023-05-12 17:51:18 - [MESSAGE][PASSED] - Object: 'Object Repository/inventoryPage/products_back-image' is clicked on

2023-05-12 17:51:18 - [TEST_STEP][PASSED] - click(findTestObject("Object Repository/inventoryPage/cart")): Object: 'Object Repository/inventoryPage/cart' is clicked on

2023-05-12 17:51:18 - [MESSAGE][PASSED] - Object: 'Object Repository/inventoryPage/cart' is clicked on

2023-05-12 17:51:18 - [TEST_STEP][PASSED] - click(findTestObject("Object Repository/CheckoutPage/button_Checkout")): Object: 'Object Repository/CheckoutPage/button_Checkout' is clicked on

2023-05-12 17:51:19 - [MESSAGE][PASSED] - Object: 'Object Repository/CheckoutPage/button_Checkout' is clicked on

2023-05-12 17:51:19 - [TEST_STEP][PASSED] - sendKeys(findTestObject("Object Repository/checkout-step-one/input_Checkout Your Information_firstName"), "demo"): Keys 'demo' sent to object: 'Object Repository/checkout-step-one/input_Checkout Your Information_firstName'

2023-05-12 17:51:19 - [MESSAGE][PASSED] - Keys 'demo' sent to object: 'Object Repository/checkout-step-one/input_Checkout Your Information_firstName'

2023-05-12 17:51:19 - [TEST_STEP][PASSED] - sendKeys(findTestObject("Object Repository/checkout-step-one/input_Checkout Your Information_lastName"), "qa test"): Keys 'qa test' sent to object: 'Object Repository/checkout-step-one/input_Checkout Your Information_lastName'

2023-05-12 17:51:20 - [MESSAGE][PASSED] - Keys 'qa test' sent to object: 'Object Repository/checkout-step-one/input_Checkout Your Information_lastName'

2023-05-12 17:51:20 - [TEST_STEP][PASSED] - sendKeys(findTestObject("Object Repository/checkout-step-one/input_Checkout Your Information_postalCode"), "9000"): Keys '9000' sent to object: 'Object Repository/checkout-step-one/input_Checkout Your Information_postalCode'

2023-05-12 17:51:20 - [MESSAGE][PASSED] - Keys '9000' sent to object: 'Object Repository/checkout-step-one/input_Checkout Your Information_postalCode'

2023-05-12 17:51:20 - [TEST_STEP][PASSED] - click(findTestObject("Object Repository/checkout-step-one/input_continue")): Object: 'Object Repository/checkout-step-one/input_continue' is clicked on

2023-05-12 17:51:21 - [MESSAGE][PASSED] - Object: 'Object Repository/checkout-step-one/input_continue' is clicked on

2023-05-12 17:51:21 - [TEST_STEP][PASSED] - click(findTestObject("Object Repository/finish checkout/button_Finish")): Object: 'Object Repository/finish checkout/button_Finish' is clicked on

2023-05-12 17:51:22 - [MESSAGE][PASSED] - Object: 'Object Repository/finish checkout/button_Finish' is clicked on

2023-05-12 17:51:22 - [TEST_STEP][PASSED] - verifyElementVisible(findTestObject("Object Repository/order-success/h2_Thank you for your order")): Object 'Object Repository/order-success/h2_Thank you for your order' is visible

2023-05-12 17:51:22 - [MESSAGE][PASSED] - Object 'Object Repository/order-success/h2_Thank you for your order' is visible

2023-05-12 17:51:22 - [TEST_STEP][PASSED] - click(findTestObject("Object Repository/NavSideBar/sidebar")): Object: 'Object Repository/NavSideBar/sidebar' is clicked on

2023-05-12 17:51:22 - [MESSAGE][PASSED] - Object: 'Object Repository/NavSideBar/sidebar' is clicked on

2023-05-12 17:51:22 - [TEST_STEP][PASSED] - click(findTestObject("Object Repository/NavSideBar/a_Logout")): Object: 'Object Repository/NavSideBar/a_Logout' is clicked on

2023-05-12 17:51:23 - [MESSAGE][PASSED] - Object: 'Object Repository/NavSideBar/a_Logout' is clicked on

2023-05-12 17:51:23 - [TEST_STEP][PASSED] - verifyElementVisible(findTestObject("Object Repository/Page_Swag Labs/input_Swag Labs_user-name")): Object 'Object Repository/Page_Swag Labs/input_Swag Labs_user-name' is visible

2023-05-12 17:51:23 - [MESSAGE][PASSED] - Object 'Object Repository/Page_Swag Labs/input_Swag Labs_user-name' is visible

2023-05-12 17:51:23 - [TEST_STEP][PASSED] - closeBrowser(): Browser is closed

2023-05-12 17:51:24 - [MESSAGE][PASSED] - Browser is closed]]></system-out>
         <system-err><![CDATA[]]></system-err>
      </testcase>
      <testcase name="Test Cases/test-flow-1-buy-1-product" time="11.673" classname="Test Cases/test-flow-1-buy-1-product" status="PASSED">
         <system-out><![CDATA[2023-05-12 17:51:24 - [TEST_CASE][PASSED] - Test Cases/test-flow-1-buy-1-product: Test Cases/test-flow-1-buy-1-product

2023-05-12 17:51:24 - [TEST_STEP][PASSED] - openBrowser("https://www.saucedemo.com/"): Browser is opened with url: 'https://www.saucedemo.com/'

2023-05-12 17:51:24 - [MESSAGE][INFO] - Starting 'Chrome' driver

2023-05-12 17:51:24 - [MESSAGE][INFO] - Action delay is set to 0 milliseconds

2023-05-12 17:51:26 - [MESSAGE][PASSED] - Browser is opened with url: 'https://www.saucedemo.com/'

2023-05-12 17:51:26 - [TEST_STEP][PASSED] - click(findTestObject("Object Repository/Page_Swag Labs/input_Swag Labs_user-name")): Object: 'Object Repository/Page_Swag Labs/input_Swag Labs_user-name' is clicked on

2023-05-12 17:51:26 - [MESSAGE][PASSED] - Object: 'Object Repository/Page_Swag Labs/input_Swag Labs_user-name' is clicked on

2023-05-12 17:51:26 - [TEST_STEP][PASSED] - sendKeys(findTestObject("Object Repository/Page_Swag Labs/input_Swag Labs_user-name"), "standard_user"): Keys 'standard_user' sent to object: 'Object Repository/Page_Swag Labs/input_Swag Labs_user-name'

2023-05-12 17:51:27 - [MESSAGE][PASSED] - Keys 'standard_user' sent to object: 'Object Repository/Page_Swag Labs/input_Swag Labs_user-name'

2023-05-12 17:51:27 - [TEST_STEP][PASSED] - click(findTestObject("Object Repository/Page_Swag Labs/input_Swag Labs_password")): Object: 'Object Repository/Page_Swag Labs/input_Swag Labs_password' is clicked on

2023-05-12 17:51:27 - [MESSAGE][PASSED] - Object: 'Object Repository/Page_Swag Labs/input_Swag Labs_password' is clicked on

2023-05-12 17:51:27 - [TEST_STEP][PASSED] - sendKeys(findTestObject("Object Repository/Page_Swag Labs/input_Swag Labs_password"), "secret_sauce"): Keys 'secret_sauce' sent to object: 'Object Repository/Page_Swag Labs/input_Swag Labs_password'

2023-05-12 17:51:27 - [MESSAGE][PASSED] - Keys 'secret_sauce' sent to object: 'Object Repository/Page_Swag Labs/input_Swag Labs_password'

2023-05-12 17:51:27 - [TEST_STEP][PASSED] - click(findTestObject("Object Repository/Page_Swag Labs/input_Swag Labs_login-button")): Object: 'Object Repository/Page_Swag Labs/input_Swag Labs_login-button' is clicked on

2023-05-12 17:51:28 - [MESSAGE][PASSED] - Object: 'Object Repository/Page_Swag Labs/input_Swag Labs_login-button' is clicked on

2023-05-12 17:51:28 - [TEST_STEP][PASSED] - click(findTestObject("Object Repository/inventoryPage/Backpack")): Object: 'Object Repository/inventoryPage/Backpack' is clicked on

2023-05-12 17:51:28 - [MESSAGE][PASSED] - Object: 'Object Repository/inventoryPage/Backpack' is clicked on

2023-05-12 17:51:28 - [TEST_STEP][PASSED] - click(findTestObject("Object Repository/inventoryPage/button_Add to cart")): Object: 'Object Repository/inventoryPage/button_Add to cart' is clicked on

2023-05-12 17:51:29 - [MESSAGE][PASSED] - Object: 'Object Repository/inventoryPage/button_Add to cart' is clicked on

2023-05-12 17:51:29 - [TEST_STEP][PASSED] - click(findTestObject("Object Repository/inventoryPage/products_back-image")): Object: 'Object Repository/inventoryPage/products_back-image' is clicked on

2023-05-12 17:51:29 - [MESSAGE][PASSED] - Object: 'Object Repository/inventoryPage/products_back-image' is clicked on

2023-05-12 17:51:29 - [TEST_STEP][PASSED] - click(findTestObject("Object Repository/inventoryPage/cart")): Object: 'Object Repository/inventoryPage/cart' is clicked on

2023-05-12 17:51:30 - [MESSAGE][PASSED] - Object: 'Object Repository/inventoryPage/cart' is clicked on

2023-05-12 17:51:30 - [TEST_STEP][PASSED] - click(findTestObject("Object Repository/CheckoutPage/button_Checkout")): Object: 'Object Repository/CheckoutPage/button_Checkout' is clicked on

2023-05-12 17:51:30 - [MESSAGE][PASSED] - Object: 'Object Repository/CheckoutPage/button_Checkout' is clicked on

2023-05-12 17:51:30 - [TEST_STEP][PASSED] - sendKeys(findTestObject("Object Repository/checkout-step-one/input_Checkout Your Information_firstName"), "demo"): Keys 'demo' sent to object: 'Object Repository/checkout-step-one/input_Checkout Your Information_firstName'

2023-05-12 17:51:31 - [MESSAGE][PASSED] - Keys 'demo' sent to object: 'Object Repository/checkout-step-one/input_Checkout Your Information_firstName'

2023-05-12 17:51:31 - [TEST_STEP][PASSED] - sendKeys(findTestObject("Object Repository/checkout-step-one/input_Checkout Your Information_lastName"), "qa test"): Keys 'qa test' sent to object: 'Object Repository/checkout-step-one/input_Checkout Your Information_lastName'

2023-05-12 17:51:31 - [MESSAGE][PASSED] - Keys 'qa test' sent to object: 'Object Repository/checkout-step-one/input_Checkout Your Information_lastName'

2023-05-12 17:51:31 - [TEST_STEP][PASSED] - sendKeys(findTestObject("Object Repository/checkout-step-one/input_Checkout Your Information_postalCode"), "9000"): Keys '9000' sent to object: 'Object Repository/checkout-step-one/input_Checkout Your Information_postalCode'

2023-05-12 17:51:32 - [MESSAGE][PASSED] - Keys '9000' sent to object: 'Object Repository/checkout-step-one/input_Checkout Your Information_postalCode'

2023-05-12 17:51:32 - [TEST_STEP][PASSED] - click(findTestObject("Object Repository/checkout-step-one/input_continue")): Object: 'Object Repository/checkout-step-one/input_continue' is clicked on

2023-05-12 17:51:33 - [MESSAGE][PASSED] - Object: 'Object Repository/checkout-step-one/input_continue' is clicked on

2023-05-12 17:51:33 - [TEST_STEP][PASSED] - click(findTestObject("Object Repository/finish checkout/button_Finish")): Object: 'Object Repository/finish checkout/button_Finish' is clicked on

2023-05-12 17:51:33 - [MESSAGE][PASSED] - Object: 'Object Repository/finish checkout/button_Finish' is clicked on

2023-05-12 17:51:33 - [TEST_STEP][PASSED] - verifyElementVisible(findTestObject("Object Repository/order-success/h2_Thank you for your order")): Object 'Object Repository/order-success/h2_Thank you for your order' is visible

2023-05-12 17:51:34 - [MESSAGE][PASSED] - Object 'Object Repository/order-success/h2_Thank you for your order' is visible

2023-05-12 17:51:34 - [TEST_STEP][PASSED] - click(findTestObject("Object Repository/NavSideBar/sidebar")): Object: 'Object Repository/NavSideBar/sidebar' is clicked on

2023-05-12 17:51:34 - [MESSAGE][PASSED] - Object: 'Object Repository/NavSideBar/sidebar' is clicked on

2023-05-12 17:51:34 - [TEST_STEP][PASSED] - click(findTestObject("Object Repository/NavSideBar/a_Logout")): Object: 'Object Repository/NavSideBar/a_Logout' is clicked on

2023-05-12 17:51:35 - [MESSAGE][PASSED] - Object: 'Object Repository/NavSideBar/a_Logout' is clicked on

2023-05-12 17:51:35 - [TEST_STEP][PASSED] - verifyElementVisible(findTestObject("Object Repository/Page_Swag Labs/input_Swag Labs_user-name")): Object 'Object Repository/Page_Swag Labs/input_Swag Labs_user-name' is visible

2023-05-12 17:51:35 - [MESSAGE][PASSED] - Object 'Object Repository/Page_Swag Labs/input_Swag Labs_user-name' is visible

2023-05-12 17:51:35 - [TEST_STEP][PASSED] - closeBrowser(): Browser is closed

2023-05-12 17:51:36 - [MESSAGE][PASSED] - Browser is closed]]></system-out>
         <system-err><![CDATA[]]></system-err>
      </testcase>
      <testcase name="Test Cases/test-flow-1-buy-1-product" time="11.891" classname="Test Cases/test-flow-1-buy-1-product" status="PASSED">
         <system-out><![CDATA[2023-05-12 17:51:36 - [TEST_CASE][PASSED] - Test Cases/test-flow-1-buy-1-product: Test Cases/test-flow-1-buy-1-product

2023-05-12 17:51:36 - [TEST_STEP][PASSED] - openBrowser("https://www.saucedemo.com/"): Browser is opened with url: 'https://www.saucedemo.com/'

2023-05-12 17:51:36 - [MESSAGE][INFO] - Starting 'Chrome' driver

2023-05-12 17:51:36 - [MESSAGE][INFO] - Action delay is set to 0 milliseconds

2023-05-12 17:51:38 - [MESSAGE][PASSED] - Browser is opened with url: 'https://www.saucedemo.com/'

2023-05-12 17:51:38 - [TEST_STEP][PASSED] - click(findTestObject("Object Repository/Page_Swag Labs/input_Swag Labs_user-name")): Object: 'Object Repository/Page_Swag Labs/input_Swag Labs_user-name' is clicked on

2023-05-12 17:51:38 - [MESSAGE][PASSED] - Object: 'Object Repository/Page_Swag Labs/input_Swag Labs_user-name' is clicked on

2023-05-12 17:51:38 - [TEST_STEP][PASSED] - sendKeys(findTestObject("Object Repository/Page_Swag Labs/input_Swag Labs_user-name"), "standard_user"): Keys 'standard_user' sent to object: 'Object Repository/Page_Swag Labs/input_Swag Labs_user-name'

2023-05-12 17:51:38 - [MESSAGE][PASSED] - Keys 'standard_user' sent to object: 'Object Repository/Page_Swag Labs/input_Swag Labs_user-name'

2023-05-12 17:51:38 - [TEST_STEP][PASSED] - click(findTestObject("Object Repository/Page_Swag Labs/input_Swag Labs_password")): Object: 'Object Repository/Page_Swag Labs/input_Swag Labs_password' is clicked on

2023-05-12 17:51:39 - [MESSAGE][PASSED] - Object: 'Object Repository/Page_Swag Labs/input_Swag Labs_password' is clicked on

2023-05-12 17:51:39 - [TEST_STEP][PASSED] - sendKeys(findTestObject("Object Repository/Page_Swag Labs/input_Swag Labs_password"), "secret_sauce"): Keys 'secret_sauce' sent to object: 'Object Repository/Page_Swag Labs/input_Swag Labs_password'

2023-05-12 17:51:39 - [MESSAGE][PASSED] - Keys 'secret_sauce' sent to object: 'Object Repository/Page_Swag Labs/input_Swag Labs_password'

2023-05-12 17:51:39 - [TEST_STEP][PASSED] - click(findTestObject("Object Repository/Page_Swag Labs/input_Swag Labs_login-button")): Object: 'Object Repository/Page_Swag Labs/input_Swag Labs_login-button' is clicked on

2023-05-12 17:51:40 - [MESSAGE][PASSED] - Object: 'Object Repository/Page_Swag Labs/input_Swag Labs_login-button' is clicked on

2023-05-12 17:51:40 - [TEST_STEP][PASSED] - click(findTestObject("Object Repository/inventoryPage/Backpack")): Object: 'Object Repository/inventoryPage/Backpack' is clicked on

2023-05-12 17:51:40 - [MESSAGE][PASSED] - Object: 'Object Repository/inventoryPage/Backpack' is clicked on

2023-05-12 17:51:40 - [TEST_STEP][PASSED] - click(findTestObject("Object Repository/inventoryPage/button_Add to cart")): Object: 'Object Repository/inventoryPage/button_Add to cart' is clicked on

2023-05-12 17:51:40 - [MESSAGE][PASSED] - Object: 'Object Repository/inventoryPage/button_Add to cart' is clicked on

2023-05-12 17:51:40 - [TEST_STEP][PASSED] - click(findTestObject("Object Repository/inventoryPage/products_back-image")): Object: 'Object Repository/inventoryPage/products_back-image' is clicked on

2023-05-12 17:51:41 - [MESSAGE][PASSED] - Object: 'Object Repository/inventoryPage/products_back-image' is clicked on

2023-05-12 17:51:41 - [TEST_STEP][PASSED] - click(findTestObject("Object Repository/inventoryPage/cart")): Object: 'Object Repository/inventoryPage/cart' is clicked on

2023-05-12 17:51:42 - [MESSAGE][PASSED] - Object: 'Object Repository/inventoryPage/cart' is clicked on

2023-05-12 17:51:42 - [TEST_STEP][PASSED] - click(findTestObject("Object Repository/CheckoutPage/button_Checkout")): Object: 'Object Repository/CheckoutPage/button_Checkout' is clicked on

2023-05-12 17:51:42 - [MESSAGE][PASSED] - Object: 'Object Repository/CheckoutPage/button_Checkout' is clicked on

2023-05-12 17:51:42 - [TEST_STEP][PASSED] - sendKeys(findTestObject("Object Repository/checkout-step-one/input_Checkout Your Information_firstName"), "demo"): Keys 'demo' sent to object: 'Object Repository/checkout-step-one/input_Checkout Your Information_firstName'

2023-05-12 17:51:43 - [MESSAGE][PASSED] - Keys 'demo' sent to object: 'Object Repository/checkout-step-one/input_Checkout Your Information_firstName'

2023-05-12 17:51:43 - [TEST_STEP][PASSED] - sendKeys(findTestObject("Object Repository/checkout-step-one/input_Checkout Your Information_lastName"), "qa test"): Keys 'qa test' sent to object: 'Object Repository/checkout-step-one/input_Checkout Your Information_lastName'

2023-05-12 17:51:43 - [MESSAGE][PASSED] - Keys 'qa test' sent to object: 'Object Repository/checkout-step-one/input_Checkout Your Information_lastName'

2023-05-12 17:51:43 - [TEST_STEP][PASSED] - sendKeys(findTestObject("Object Repository/checkout-step-one/input_Checkout Your Information_postalCode"), "9000"): Keys '9000' sent to object: 'Object Repository/checkout-step-one/input_Checkout Your Information_postalCode'

2023-05-12 17:51:44 - [MESSAGE][PASSED] - Keys '9000' sent to object: 'Object Repository/checkout-step-one/input_Checkout Your Information_postalCode'

2023-05-12 17:51:44 - [TEST_STEP][PASSED] - click(findTestObject("Object Repository/checkout-step-one/input_continue")): Object: 'Object Repository/checkout-step-one/input_continue' is clicked on

2023-05-12 17:51:44 - [MESSAGE][PASSED] - Object: 'Object Repository/checkout-step-one/input_continue' is clicked on

2023-05-12 17:51:44 - [TEST_STEP][PASSED] - click(findTestObject("Object Repository/finish checkout/button_Finish")): Object: 'Object Repository/finish checkout/button_Finish' is clicked on

2023-05-12 17:51:45 - [MESSAGE][PASSED] - Object: 'Object Repository/finish checkout/button_Finish' is clicked on

2023-05-12 17:51:45 - [TEST_STEP][PASSED] - verifyElementVisible(findTestObject("Object Repository/order-success/h2_Thank you for your order")): Object 'Object Repository/order-success/h2_Thank you for your order' is visible

2023-05-12 17:51:46 - [MESSAGE][PASSED] - Object 'Object Repository/order-success/h2_Thank you for your order' is visible

2023-05-12 17:51:46 - [TEST_STEP][PASSED] - click(findTestObject("Object Repository/NavSideBar/sidebar")): Object: 'Object Repository/NavSideBar/sidebar' is clicked on

2023-05-12 17:51:46 - [MESSAGE][PASSED] - Object: 'Object Repository/NavSideBar/sidebar' is clicked on

2023-05-12 17:51:46 - [TEST_STEP][PASSED] - click(findTestObject("Object Repository/NavSideBar/a_Logout")): Object: 'Object Repository/NavSideBar/a_Logout' is clicked on

2023-05-12 17:51:46 - [MESSAGE][PASSED] - Object: 'Object Repository/NavSideBar/a_Logout' is clicked on

2023-05-12 17:51:46 - [TEST_STEP][PASSED] - verifyElementVisible(findTestObject("Object Repository/Page_Swag Labs/input_Swag Labs_user-name")): Object 'Object Repository/Page_Swag Labs/input_Swag Labs_user-name' is visible

2023-05-12 17:51:47 - [MESSAGE][PASSED] - Object 'Object Repository/Page_Swag Labs/input_Swag Labs_user-name' is visible

2023-05-12 17:51:47 - [TEST_STEP][PASSED] - closeBrowser(): Browser is closed

2023-05-12 17:51:48 - [MESSAGE][PASSED] - Browser is closed]]></system-out>
         <system-err><![CDATA[]]></system-err>
      </testcase>
      <testcase name="Test Cases/test-flow-1-buy-1-product" time="11.886" classname="Test Cases/test-flow-1-buy-1-product" status="PASSED">
         <system-out><![CDATA[2023-05-12 17:51:48 - [TEST_CASE][PASSED] - Test Cases/test-flow-1-buy-1-product: Test Cases/test-flow-1-buy-1-product

2023-05-12 17:51:48 - [TEST_STEP][PASSED] - openBrowser("https://www.saucedemo.com/"): Browser is opened with url: 'https://www.saucedemo.com/'

2023-05-12 17:51:48 - [MESSAGE][INFO] - Starting 'Chrome' driver

2023-05-12 17:51:48 - [MESSAGE][INFO] - Action delay is set to 0 milliseconds

2023-05-12 17:51:50 - [MESSAGE][PASSED] - Browser is opened with url: 'https://www.saucedemo.com/'

2023-05-12 17:51:50 - [TEST_STEP][PASSED] - click(findTestObject("Object Repository/Page_Swag Labs/input_Swag Labs_user-name")): Object: 'Object Repository/Page_Swag Labs/input_Swag Labs_user-name' is clicked on

2023-05-12 17:51:50 - [MESSAGE][PASSED] - Object: 'Object Repository/Page_Swag Labs/input_Swag Labs_user-name' is clicked on

2023-05-12 17:51:50 - [TEST_STEP][PASSED] - sendKeys(findTestObject("Object Repository/Page_Swag Labs/input_Swag Labs_user-name"), "standard_user"): Keys 'standard_user' sent to object: 'Object Repository/Page_Swag Labs/input_Swag Labs_user-name'

2023-05-12 17:51:50 - [MESSAGE][PASSED] - Keys 'standard_user' sent to object: 'Object Repository/Page_Swag Labs/input_Swag Labs_user-name'

2023-05-12 17:51:50 - [TEST_STEP][PASSED] - click(findTestObject("Object Repository/Page_Swag Labs/input_Swag Labs_password")): Object: 'Object Repository/Page_Swag Labs/input_Swag Labs_password' is clicked on

2023-05-12 17:51:51 - [MESSAGE][PASSED] - Object: 'Object Repository/Page_Swag Labs/input_Swag Labs_password' is clicked on

2023-05-12 17:51:51 - [TEST_STEP][PASSED] - sendKeys(findTestObject("Object Repository/Page_Swag Labs/input_Swag Labs_password"), "secret_sauce"): Keys 'secret_sauce' sent to object: 'Object Repository/Page_Swag Labs/input_Swag Labs_password'

2023-05-12 17:51:51 - [MESSAGE][PASSED] - Keys 'secret_sauce' sent to object: 'Object Repository/Page_Swag Labs/input_Swag Labs_password'

2023-05-12 17:51:51 - [TEST_STEP][PASSED] - click(findTestObject("Object Repository/Page_Swag Labs/input_Swag Labs_login-button")): Object: 'Object Repository/Page_Swag Labs/input_Swag Labs_login-button' is clicked on

2023-05-12 17:51:51 - [MESSAGE][PASSED] - Object: 'Object Repository/Page_Swag Labs/input_Swag Labs_login-button' is clicked on

2023-05-12 17:51:51 - [TEST_STEP][PASSED] - click(findTestObject("Object Repository/inventoryPage/Backpack")): Object: 'Object Repository/inventoryPage/Backpack' is clicked on

2023-05-12 17:51:52 - [MESSAGE][PASSED] - Object: 'Object Repository/inventoryPage/Backpack' is clicked on

2023-05-12 17:51:52 - [TEST_STEP][PASSED] - click(findTestObject("Object Repository/inventoryPage/button_Add to cart")): Object: 'Object Repository/inventoryPage/button_Add to cart' is clicked on

2023-05-12 17:51:52 - [MESSAGE][PASSED] - Object: 'Object Repository/inventoryPage/button_Add to cart' is clicked on

2023-05-12 17:51:52 - [TEST_STEP][PASSED] - click(findTestObject("Object Repository/inventoryPage/products_back-image")): Object: 'Object Repository/inventoryPage/products_back-image' is clicked on

2023-05-12 17:51:53 - [MESSAGE][PASSED] - Object: 'Object Repository/inventoryPage/products_back-image' is clicked on

2023-05-12 17:51:53 - [TEST_STEP][PASSED] - click(findTestObject("Object Repository/inventoryPage/cart")): Object: 'Object Repository/inventoryPage/cart' is clicked on

2023-05-12 17:51:53 - [MESSAGE][PASSED] - Object: 'Object Repository/inventoryPage/cart' is clicked on

2023-05-12 17:51:53 - [TEST_STEP][PASSED] - click(findTestObject("Object Repository/CheckoutPage/button_Checkout")): Object: 'Object Repository/CheckoutPage/button_Checkout' is clicked on

2023-05-12 17:51:54 - [MESSAGE][PASSED] - Object: 'Object Repository/CheckoutPage/button_Checkout' is clicked on

2023-05-12 17:51:54 - [TEST_STEP][PASSED] - sendKeys(findTestObject("Object Repository/checkout-step-one/input_Checkout Your Information_firstName"), "demo"): Keys 'demo' sent to object: 'Object Repository/checkout-step-one/input_Checkout Your Information_firstName'

2023-05-12 17:51:55 - [MESSAGE][PASSED] - Keys 'demo' sent to object: 'Object Repository/checkout-step-one/input_Checkout Your Information_firstName'

2023-05-12 17:51:55 - [TEST_STEP][PASSED] - sendKeys(findTestObject("Object Repository/checkout-step-one/input_Checkout Your Information_lastName"), "qa test"): Keys 'qa test' sent to object: 'Object Repository/checkout-step-one/input_Checkout Your Information_lastName'

2023-05-12 17:51:55 - [MESSAGE][PASSED] - Keys 'qa test' sent to object: 'Object Repository/checkout-step-one/input_Checkout Your Information_lastName'

2023-05-12 17:51:55 - [TEST_STEP][PASSED] - sendKeys(findTestObject("Object Repository/checkout-step-one/input_Checkout Your Information_postalCode"), "9000"): Keys '9000' sent to object: 'Object Repository/checkout-step-one/input_Checkout Your Information_postalCode'

2023-05-12 17:51:56 - [MESSAGE][PASSED] - Keys '9000' sent to object: 'Object Repository/checkout-step-one/input_Checkout Your Information_postalCode'

2023-05-12 17:51:56 - [TEST_STEP][PASSED] - click(findTestObject("Object Repository/checkout-step-one/input_continue")): Object: 'Object Repository/checkout-step-one/input_continue' is clicked on

2023-05-12 17:51:56 - [MESSAGE][PASSED] - Object: 'Object Repository/checkout-step-one/input_continue' is clicked on

2023-05-12 17:51:56 - [TEST_STEP][PASSED] - click(findTestObject("Object Repository/finish checkout/button_Finish")): Object: 'Object Repository/finish checkout/button_Finish' is clicked on

2023-05-12 17:51:57 - [MESSAGE][PASSED] - Object: 'Object Repository/finish checkout/button_Finish' is clicked on

2023-05-12 17:51:57 - [TEST_STEP][PASSED] - verifyElementVisible(findTestObject("Object Repository/order-success/h2_Thank you for your order")): Object 'Object Repository/order-success/h2_Thank you for your order' is visible

2023-05-12 17:51:57 - [MESSAGE][PASSED] - Object 'Object Repository/order-success/h2_Thank you for your order' is visible

2023-05-12 17:51:57 - [TEST_STEP][PASSED] - click(findTestObject("Object Repository/NavSideBar/sidebar")): Object: 'Object Repository/NavSideBar/sidebar' is clicked on

2023-05-12 17:51:58 - [MESSAGE][PASSED] - Object: 'Object Repository/NavSideBar/sidebar' is clicked on

2023-05-12 17:51:58 - [TEST_STEP][PASSED] - click(findTestObject("Object Repository/NavSideBar/a_Logout")): Object: 'Object Repository/NavSideBar/a_Logout' is clicked on

2023-05-12 17:51:58 - [MESSAGE][PASSED] - Object: 'Object Repository/NavSideBar/a_Logout' is clicked on

2023-05-12 17:51:58 - [TEST_STEP][PASSED] - verifyElementVisible(findTestObject("Object Repository/Page_Swag Labs/input_Swag Labs_user-name")): Object 'Object Repository/Page_Swag Labs/input_Swag Labs_user-name' is visible

2023-05-12 17:51:59 - [MESSAGE][PASSED] - Object 'Object Repository/Page_Swag Labs/input_Swag Labs_user-name' is visible

2023-05-12 17:51:59 - [TEST_STEP][PASSED] - closeBrowser(): Browser is closed

2023-05-12 17:52:00 - [MESSAGE][PASSED] - Browser is closed]]></system-out>
         <system-err><![CDATA[]]></system-err>
      </testcase>
      <testcase name="Test Cases/test-flow-1-buy-1-product" time="11.663" classname="Test Cases/test-flow-1-buy-1-product" status="PASSED">
         <system-out><![CDATA[2023-05-12 17:52:00 - [TEST_CASE][PASSED] - Test Cases/test-flow-1-buy-1-product: Test Cases/test-flow-1-buy-1-product

2023-05-12 17:52:00 - [TEST_STEP][PASSED] - openBrowser("https://www.saucedemo.com/"): Browser is opened with url: 'https://www.saucedemo.com/'

2023-05-12 17:52:00 - [MESSAGE][INFO] - Starting 'Chrome' driver

2023-05-12 17:52:00 - [MESSAGE][INFO] - Action delay is set to 0 milliseconds

2023-05-12 17:52:02 - [MESSAGE][PASSED] - Browser is opened with url: 'https://www.saucedemo.com/'

2023-05-12 17:52:02 - [TEST_STEP][PASSED] - click(findTestObject("Object Repository/Page_Swag Labs/input_Swag Labs_user-name")): Object: 'Object Repository/Page_Swag Labs/input_Swag Labs_user-name' is clicked on

2023-05-12 17:52:02 - [MESSAGE][PASSED] - Object: 'Object Repository/Page_Swag Labs/input_Swag Labs_user-name' is clicked on

2023-05-12 17:52:02 - [TEST_STEP][PASSED] - sendKeys(findTestObject("Object Repository/Page_Swag Labs/input_Swag Labs_user-name"), "standard_user"): Keys 'standard_user' sent to object: 'Object Repository/Page_Swag Labs/input_Swag Labs_user-name'

2023-05-12 17:52:02 - [MESSAGE][PASSED] - Keys 'standard_user' sent to object: 'Object Repository/Page_Swag Labs/input_Swag Labs_user-name'

2023-05-12 17:52:02 - [TEST_STEP][PASSED] - click(findTestObject("Object Repository/Page_Swag Labs/input_Swag Labs_password")): Object: 'Object Repository/Page_Swag Labs/input_Swag Labs_password' is clicked on

2023-05-12 17:52:03 - [MESSAGE][PASSED] - Object: 'Object Repository/Page_Swag Labs/input_Swag Labs_password' is clicked on

2023-05-12 17:52:03 - [TEST_STEP][PASSED] - sendKeys(findTestObject("Object Repository/Page_Swag Labs/input_Swag Labs_password"), "secret_sauce"): Keys 'secret_sauce' sent to object: 'Object Repository/Page_Swag Labs/input_Swag Labs_password'

2023-05-12 17:52:03 - [MESSAGE][PASSED] - Keys 'secret_sauce' sent to object: 'Object Repository/Page_Swag Labs/input_Swag Labs_password'

2023-05-12 17:52:03 - [TEST_STEP][PASSED] - click(findTestObject("Object Repository/Page_Swag Labs/input_Swag Labs_login-button")): Object: 'Object Repository/Page_Swag Labs/input_Swag Labs_login-button' is clicked on

2023-05-12 17:52:03 - [MESSAGE][PASSED] - Object: 'Object Repository/Page_Swag Labs/input_Swag Labs_login-button' is clicked on

2023-05-12 17:52:03 - [TEST_STEP][PASSED] - click(findTestObject("Object Repository/inventoryPage/Backpack")): Object: 'Object Repository/inventoryPage/Backpack' is clicked on

2023-05-12 17:52:04 - [MESSAGE][PASSED] - Object: 'Object Repository/inventoryPage/Backpack' is clicked on

2023-05-12 17:52:04 - [TEST_STEP][PASSED] - click(findTestObject("Object Repository/inventoryPage/button_Add to cart")): Object: 'Object Repository/inventoryPage/button_Add to cart' is clicked on

2023-05-12 17:52:04 - [MESSAGE][PASSED] - Object: 'Object Repository/inventoryPage/button_Add to cart' is clicked on

2023-05-12 17:52:04 - [TEST_STEP][PASSED] - click(findTestObject("Object Repository/inventoryPage/products_back-image")): Object: 'Object Repository/inventoryPage/products_back-image' is clicked on

2023-05-12 17:52:05 - [MESSAGE][PASSED] - Object: 'Object Repository/inventoryPage/products_back-image' is clicked on

2023-05-12 17:52:05 - [TEST_STEP][PASSED] - click(findTestObject("Object Repository/inventoryPage/cart")): Object: 'Object Repository/inventoryPage/cart' is clicked on

2023-05-12 17:52:05 - [MESSAGE][PASSED] - Object: 'Object Repository/inventoryPage/cart' is clicked on

2023-05-12 17:52:05 - [TEST_STEP][PASSED] - click(findTestObject("Object Repository/CheckoutPage/button_Checkout")): Object: 'Object Repository/CheckoutPage/button_Checkout' is clicked on

2023-05-12 17:52:06 - [MESSAGE][PASSED] - Object: 'Object Repository/CheckoutPage/button_Checkout' is clicked on

2023-05-12 17:52:06 - [TEST_STEP][PASSED] - sendKeys(findTestObject("Object Repository/checkout-step-one/input_Checkout Your Information_firstName"), "demo"): Keys 'demo' sent to object: 'Object Repository/checkout-step-one/input_Checkout Your Information_firstName'

2023-05-12 17:52:07 - [MESSAGE][PASSED] - Keys 'demo' sent to object: 'Object Repository/checkout-step-one/input_Checkout Your Information_firstName'

2023-05-12 17:52:07 - [TEST_STEP][PASSED] - sendKeys(findTestObject("Object Repository/checkout-step-one/input_Checkout Your Information_lastName"), "qa test"): Keys 'qa test' sent to object: 'Object Repository/checkout-step-one/input_Checkout Your Information_lastName'

2023-05-12 17:52:07 - [MESSAGE][PASSED] - Keys 'qa test' sent to object: 'Object Repository/checkout-step-one/input_Checkout Your Information_lastName'

2023-05-12 17:52:07 - [TEST_STEP][PASSED] - sendKeys(findTestObject("Object Repository/checkout-step-one/input_Checkout Your Information_postalCode"), "9000"): Keys '9000' sent to object: 'Object Repository/checkout-step-one/input_Checkout Your Information_postalCode'

2023-05-12 17:52:08 - [MESSAGE][PASSED] - Keys '9000' sent to object: 'Object Repository/checkout-step-one/input_Checkout Your Information_postalCode'

2023-05-12 17:52:08 - [TEST_STEP][PASSED] - click(findTestObject("Object Repository/checkout-step-one/input_continue")): Object: 'Object Repository/checkout-step-one/input_continue' is clicked on

2023-05-12 17:52:08 - [MESSAGE][PASSED] - Object: 'Object Repository/checkout-step-one/input_continue' is clicked on

2023-05-12 17:52:08 - [TEST_STEP][PASSED] - click(findTestObject("Object Repository/finish checkout/button_Finish")): Object: 'Object Repository/finish checkout/button_Finish' is clicked on

2023-05-12 17:52:09 - [MESSAGE][PASSED] - Object: 'Object Repository/finish checkout/button_Finish' is clicked on

2023-05-12 17:52:09 - [TEST_STEP][PASSED] - verifyElementVisible(findTestObject("Object Repository/order-success/h2_Thank you for your order")): Object 'Object Repository/order-success/h2_Thank you for your order' is visible

2023-05-12 17:52:09 - [MESSAGE][PASSED] - Object 'Object Repository/order-success/h2_Thank you for your order' is visible

2023-05-12 17:52:09 - [TEST_STEP][PASSED] - click(findTestObject("Object Repository/NavSideBar/sidebar")): Object: 'Object Repository/NavSideBar/sidebar' is clicked on

2023-05-12 17:52:10 - [MESSAGE][PASSED] - Object: 'Object Repository/NavSideBar/sidebar' is clicked on

2023-05-12 17:52:10 - [TEST_STEP][PASSED] - click(findTestObject("Object Repository/NavSideBar/a_Logout")): Object: 'Object Repository/NavSideBar/a_Logout' is clicked on

2023-05-12 17:52:10 - [MESSAGE][PASSED] - Object: 'Object Repository/NavSideBar/a_Logout' is clicked on

2023-05-12 17:52:10 - [TEST_STEP][PASSED] - verifyElementVisible(findTestObject("Object Repository/Page_Swag Labs/input_Swag Labs_user-name")): Object 'Object Repository/Page_Swag Labs/input_Swag Labs_user-name' is visible

2023-05-12 17:52:11 - [MESSAGE][PASSED] - Object 'Object Repository/Page_Swag Labs/input_Swag Labs_user-name' is visible

2023-05-12 17:52:11 - [TEST_STEP][PASSED] - closeBrowser(): Browser is closed

2023-05-12 17:52:11 - [MESSAGE][PASSED] - Browser is closed]]></system-out>
         <system-err><![CDATA[]]></system-err>
      </testcase>
      <testcase name="Test Cases/test-flow-1-buy-1-product" time="12.065" classname="Test Cases/test-flow-1-buy-1-product" status="PASSED">
         <system-out><![CDATA[2023-05-12 17:52:11 - [TEST_CASE][PASSED] - Test Cases/test-flow-1-buy-1-product: Test Cases/test-flow-1-buy-1-product

2023-05-12 17:52:11 - [TEST_STEP][PASSED] - openBrowser("https://www.saucedemo.com/"): Browser is opened with url: 'https://www.saucedemo.com/'

2023-05-12 17:52:11 - [MESSAGE][INFO] - Starting 'Chrome' driver

2023-05-12 17:52:11 - [MESSAGE][INFO] - Action delay is set to 0 milliseconds

2023-05-12 17:52:13 - [MESSAGE][PASSED] - Browser is opened with url: 'https://www.saucedemo.com/'

2023-05-12 17:52:13 - [TEST_STEP][PASSED] - click(findTestObject("Object Repository/Page_Swag Labs/input_Swag Labs_user-name")): Object: 'Object Repository/Page_Swag Labs/input_Swag Labs_user-name' is clicked on

2023-05-12 17:52:14 - [MESSAGE][PASSED] - Object: 'Object Repository/Page_Swag Labs/input_Swag Labs_user-name' is clicked on

2023-05-12 17:52:14 - [TEST_STEP][PASSED] - sendKeys(findTestObject("Object Repository/Page_Swag Labs/input_Swag Labs_user-name"), "standard_user"): Keys 'standard_user' sent to object: 'Object Repository/Page_Swag Labs/input_Swag Labs_user-name'

2023-05-12 17:52:14 - [MESSAGE][PASSED] - Keys 'standard_user' sent to object: 'Object Repository/Page_Swag Labs/input_Swag Labs_user-name'

2023-05-12 17:52:14 - [TEST_STEP][PASSED] - click(findTestObject("Object Repository/Page_Swag Labs/input_Swag Labs_password")): Object: 'Object Repository/Page_Swag Labs/input_Swag Labs_password' is clicked on

2023-05-12 17:52:14 - [MESSAGE][PASSED] - Object: 'Object Repository/Page_Swag Labs/input_Swag Labs_password' is clicked on

2023-05-12 17:52:14 - [TEST_STEP][PASSED] - sendKeys(findTestObject("Object Repository/Page_Swag Labs/input_Swag Labs_password"), "secret_sauce"): Keys 'secret_sauce' sent to object: 'Object Repository/Page_Swag Labs/input_Swag Labs_password'

2023-05-12 17:52:15 - [MESSAGE][PASSED] - Keys 'secret_sauce' sent to object: 'Object Repository/Page_Swag Labs/input_Swag Labs_password'

2023-05-12 17:52:15 - [TEST_STEP][PASSED] - click(findTestObject("Object Repository/Page_Swag Labs/input_Swag Labs_login-button")): Object: 'Object Repository/Page_Swag Labs/input_Swag Labs_login-button' is clicked on

2023-05-12 17:52:15 - [MESSAGE][PASSED] - Object: 'Object Repository/Page_Swag Labs/input_Swag Labs_login-button' is clicked on

2023-05-12 17:52:15 - [TEST_STEP][PASSED] - click(findTestObject("Object Repository/inventoryPage/Backpack")): Object: 'Object Repository/inventoryPage/Backpack' is clicked on

2023-05-12 17:52:16 - [MESSAGE][PASSED] - Object: 'Object Repository/inventoryPage/Backpack' is clicked on

2023-05-12 17:52:16 - [TEST_STEP][PASSED] - click(findTestObject("Object Repository/inventoryPage/button_Add to cart")): Object: 'Object Repository/inventoryPage/button_Add to cart' is clicked on

2023-05-12 17:52:16 - [MESSAGE][PASSED] - Object: 'Object Repository/inventoryPage/button_Add to cart' is clicked on

2023-05-12 17:52:16 - [TEST_STEP][PASSED] - click(findTestObject("Object Repository/inventoryPage/products_back-image")): Object: 'Object Repository/inventoryPage/products_back-image' is clicked on

2023-05-12 17:52:17 - [MESSAGE][PASSED] - Object: 'Object Repository/inventoryPage/products_back-image' is clicked on

2023-05-12 17:52:17 - [TEST_STEP][PASSED] - click(findTestObject("Object Repository/inventoryPage/cart")): Object: 'Object Repository/inventoryPage/cart' is clicked on

2023-05-12 17:52:17 - [MESSAGE][PASSED] - Object: 'Object Repository/inventoryPage/cart' is clicked on

2023-05-12 17:52:17 - [TEST_STEP][PASSED] - click(findTestObject("Object Repository/CheckoutPage/button_Checkout")): Object: 'Object Repository/CheckoutPage/button_Checkout' is clicked on

2023-05-12 17:52:18 - [MESSAGE][PASSED] - Object: 'Object Repository/CheckoutPage/button_Checkout' is clicked on

2023-05-12 17:52:18 - [TEST_STEP][PASSED] - sendKeys(findTestObject("Object Repository/checkout-step-one/input_Checkout Your Information_firstName"), "demo"): Keys 'demo' sent to object: 'Object Repository/checkout-step-one/input_Checkout Your Information_firstName'

2023-05-12 17:52:18 - [MESSAGE][PASSED] - Keys 'demo' sent to object: 'Object Repository/checkout-step-one/input_Checkout Your Information_firstName'

2023-05-12 17:52:18 - [TEST_STEP][PASSED] - sendKeys(findTestObject("Object Repository/checkout-step-one/input_Checkout Your Information_lastName"), "qa test"): Keys 'qa test' sent to object: 'Object Repository/checkout-step-one/input_Checkout Your Information_lastName'

2023-05-12 17:52:19 - [MESSAGE][PASSED] - Keys 'qa test' sent to object: 'Object Repository/checkout-step-one/input_Checkout Your Information_lastName'

2023-05-12 17:52:19 - [TEST_STEP][PASSED] - sendKeys(findTestObject("Object Repository/checkout-step-one/input_Checkout Your Information_postalCode"), "9000"): Keys '9000' sent to object: 'Object Repository/checkout-step-one/input_Checkout Your Information_postalCode'

2023-05-12 17:52:19 - [MESSAGE][PASSED] - Keys '9000' sent to object: 'Object Repository/checkout-step-one/input_Checkout Your Information_postalCode'

2023-05-12 17:52:19 - [TEST_STEP][PASSED] - click(findTestObject("Object Repository/checkout-step-one/input_continue")): Object: 'Object Repository/checkout-step-one/input_continue' is clicked on

2023-05-12 17:52:20 - [MESSAGE][PASSED] - Object: 'Object Repository/checkout-step-one/input_continue' is clicked on

2023-05-12 17:52:20 - [TEST_STEP][PASSED] - click(findTestObject("Object Repository/finish checkout/button_Finish")): Object: 'Object Repository/finish checkout/button_Finish' is clicked on

2023-05-12 17:52:21 - [MESSAGE][PASSED] - Object: 'Object Repository/finish checkout/button_Finish' is clicked on

2023-05-12 17:52:21 - [TEST_STEP][PASSED] - verifyElementVisible(findTestObject("Object Repository/order-success/h2_Thank you for your order")): Object 'Object Repository/order-success/h2_Thank you for your order' is visible

2023-05-12 17:52:21 - [MESSAGE][PASSED] - Object 'Object Repository/order-success/h2_Thank you for your order' is visible

2023-05-12 17:52:21 - [TEST_STEP][PASSED] - click(findTestObject("Object Repository/NavSideBar/sidebar")): Object: 'Object Repository/NavSideBar/sidebar' is clicked on

2023-05-12 17:52:22 - [MESSAGE][PASSED] - Object: 'Object Repository/NavSideBar/sidebar' is clicked on

2023-05-12 17:52:22 - [TEST_STEP][PASSED] - click(findTestObject("Object Repository/NavSideBar/a_Logout")): Object: 'Object Repository/NavSideBar/a_Logout' is clicked on

2023-05-12 17:52:22 - [MESSAGE][PASSED] - Object: 'Object Repository/NavSideBar/a_Logout' is clicked on

2023-05-12 17:52:22 - [TEST_STEP][PASSED] - verifyElementVisible(findTestObject("Object Repository/Page_Swag Labs/input_Swag Labs_user-name")): Object 'Object Repository/Page_Swag Labs/input_Swag Labs_user-name' is visible

2023-05-12 17:52:23 - [MESSAGE][PASSED] - Object 'Object Repository/Page_Swag Labs/input_Swag Labs_user-name' is visible

2023-05-12 17:52:23 - [TEST_STEP][PASSED] - closeBrowser(): Browser is closed

2023-05-12 17:52:23 - [MESSAGE][PASSED] - Browser is closed]]></system-out>
         <system-err><![CDATA[]]></system-err>
      </testcase>
      <testcase name="Test Cases/test-flow-1-buy-1-product" time="11.734" classname="Test Cases/test-flow-1-buy-1-product" status="PASSED">
         <system-out><![CDATA[2023-05-12 17:52:23 - [TEST_CASE][PASSED] - Test Cases/test-flow-1-buy-1-product: Test Cases/test-flow-1-buy-1-product

2023-05-12 17:52:23 - [TEST_STEP][PASSED] - openBrowser("https://www.saucedemo.com/"): Browser is opened with url: 'https://www.saucedemo.com/'

2023-05-12 17:52:23 - [MESSAGE][INFO] - Starting 'Chrome' driver

2023-05-12 17:52:23 - [MESSAGE][INFO] - Action delay is set to 0 milliseconds

2023-05-12 17:52:25 - [MESSAGE][PASSED] - Browser is opened with url: 'https://www.saucedemo.com/'

2023-05-12 17:52:25 - [TEST_STEP][PASSED] - click(findTestObject("Object Repository/Page_Swag Labs/input_Swag Labs_user-name")): Object: 'Object Repository/Page_Swag Labs/input_Swag Labs_user-name' is clicked on

2023-05-12 17:52:26 - [MESSAGE][PASSED] - Object: 'Object Repository/Page_Swag Labs/input_Swag Labs_user-name' is clicked on

2023-05-12 17:52:26 - [TEST_STEP][PASSED] - sendKeys(findTestObject("Object Repository/Page_Swag Labs/input_Swag Labs_user-name"), "standard_user"): Keys 'standard_user' sent to object: 'Object Repository/Page_Swag Labs/input_Swag Labs_user-name'

2023-05-12 17:52:26 - [MESSAGE][PASSED] - Keys 'standard_user' sent to object: 'Object Repository/Page_Swag Labs/input_Swag Labs_user-name'

2023-05-12 17:52:26 - [TEST_STEP][PASSED] - click(findTestObject("Object Repository/Page_Swag Labs/input_Swag Labs_password")): Object: 'Object Repository/Page_Swag Labs/input_Swag Labs_password' is clicked on

2023-05-12 17:52:26 - [MESSAGE][PASSED] - Object: 'Object Repository/Page_Swag Labs/input_Swag Labs_password' is clicked on

2023-05-12 17:52:26 - [TEST_STEP][PASSED] - sendKeys(findTestObject("Object Repository/Page_Swag Labs/input_Swag Labs_password"), "secret_sauce"): Keys 'secret_sauce' sent to object: 'Object Repository/Page_Swag Labs/input_Swag Labs_password'

2023-05-12 17:52:27 - [MESSAGE][PASSED] - Keys 'secret_sauce' sent to object: 'Object Repository/Page_Swag Labs/input_Swag Labs_password'

2023-05-12 17:52:27 - [TEST_STEP][PASSED] - click(findTestObject("Object Repository/Page_Swag Labs/input_Swag Labs_login-button")): Object: 'Object Repository/Page_Swag Labs/input_Swag Labs_login-button' is clicked on

2023-05-12 17:52:27 - [MESSAGE][PASSED] - Object: 'Object Repository/Page_Swag Labs/input_Swag Labs_login-button' is clicked on

2023-05-12 17:52:27 - [TEST_STEP][PASSED] - click(findTestObject("Object Repository/inventoryPage/Backpack")): Object: 'Object Repository/inventoryPage/Backpack' is clicked on

2023-05-12 17:52:28 - [MESSAGE][PASSED] - Object: 'Object Repository/inventoryPage/Backpack' is clicked on

2023-05-12 17:52:28 - [TEST_STEP][PASSED] - click(findTestObject("Object Repository/inventoryPage/button_Add to cart")): Object: 'Object Repository/inventoryPage/button_Add to cart' is clicked on

2023-05-12 17:52:28 - [MESSAGE][PASSED] - Object: 'Object Repository/inventoryPage/button_Add to cart' is clicked on

2023-05-12 17:52:28 - [TEST_STEP][PASSED] - click(findTestObject("Object Repository/inventoryPage/products_back-image")): Object: 'Object Repository/inventoryPage/products_back-image' is clicked on

2023-05-12 17:52:29 - [MESSAGE][PASSED] - Object: 'Object Repository/inventoryPage/products_back-image' is clicked on

2023-05-12 17:52:29 - [TEST_STEP][PASSED] - click(findTestObject("Object Repository/inventoryPage/cart")): Object: 'Object Repository/inventoryPage/cart' is clicked on

2023-05-12 17:52:29 - [MESSAGE][PASSED] - Object: 'Object Repository/inventoryPage/cart' is clicked on

2023-05-12 17:52:29 - [TEST_STEP][PASSED] - click(findTestObject("Object Repository/CheckoutPage/button_Checkout")): Object: 'Object Repository/CheckoutPage/button_Checkout' is clicked on

2023-05-12 17:52:30 - [MESSAGE][PASSED] - Object: 'Object Repository/CheckoutPage/button_Checkout' is clicked on

2023-05-12 17:52:30 - [TEST_STEP][PASSED] - sendKeys(findTestObject("Object Repository/checkout-step-one/input_Checkout Your Information_firstName"), "demo"): Keys 'demo' sent to object: 'Object Repository/checkout-step-one/input_Checkout Your Information_firstName'

2023-05-12 17:52:30 - [MESSAGE][PASSED] - Keys 'demo' sent to object: 'Object Repository/checkout-step-one/input_Checkout Your Information_firstName'

2023-05-12 17:52:30 - [TEST_STEP][PASSED] - sendKeys(findTestObject("Object Repository/checkout-step-one/input_Checkout Your Information_lastName"), "qa test"): Keys 'qa test' sent to object: 'Object Repository/checkout-step-one/input_Checkout Your Information_lastName'

2023-05-12 17:52:31 - [MESSAGE][PASSED] - Keys 'qa test' sent to object: 'Object Repository/checkout-step-one/input_Checkout Your Information_lastName'

2023-05-12 17:52:31 - [TEST_STEP][PASSED] - sendKeys(findTestObject("Object Repository/checkout-step-one/input_Checkout Your Information_postalCode"), "9000"): Keys '9000' sent to object: 'Object Repository/checkout-step-one/input_Checkout Your Information_postalCode'

2023-05-12 17:52:31 - [MESSAGE][PASSED] - Keys '9000' sent to object: 'Object Repository/checkout-step-one/input_Checkout Your Information_postalCode'

2023-05-12 17:52:31 - [TEST_STEP][PASSED] - click(findTestObject("Object Repository/checkout-step-one/input_continue")): Object: 'Object Repository/checkout-step-one/input_continue' is clicked on

2023-05-12 17:52:32 - [MESSAGE][PASSED] - Object: 'Object Repository/checkout-step-one/input_continue' is clicked on

2023-05-12 17:52:32 - [TEST_STEP][PASSED] - click(findTestObject("Object Repository/finish checkout/button_Finish")): Object: 'Object Repository/finish checkout/button_Finish' is clicked on

2023-05-12 17:52:32 - [MESSAGE][PASSED] - Object: 'Object Repository/finish checkout/button_Finish' is clicked on

2023-05-12 17:52:32 - [TEST_STEP][PASSED] - verifyElementVisible(findTestObject("Object Repository/order-success/h2_Thank you for your order")): Object 'Object Repository/order-success/h2_Thank you for your order' is visible

2023-05-12 17:52:33 - [MESSAGE][PASSED] - Object 'Object Repository/order-success/h2_Thank you for your order' is visible

2023-05-12 17:52:33 - [TEST_STEP][PASSED] - click(findTestObject("Object Repository/NavSideBar/sidebar")): Object: 'Object Repository/NavSideBar/sidebar' is clicked on

2023-05-12 17:52:33 - [MESSAGE][PASSED] - Object: 'Object Repository/NavSideBar/sidebar' is clicked on

2023-05-12 17:52:33 - [TEST_STEP][PASSED] - click(findTestObject("Object Repository/NavSideBar/a_Logout")): Object: 'Object Repository/NavSideBar/a_Logout' is clicked on

2023-05-12 17:52:34 - [MESSAGE][PASSED] - Object: 'Object Repository/NavSideBar/a_Logout' is clicked on

2023-05-12 17:52:34 - [TEST_STEP][PASSED] - verifyElementVisible(findTestObject("Object Repository/Page_Swag Labs/input_Swag Labs_user-name")): Object 'Object Repository/Page_Swag Labs/input_Swag Labs_user-name' is visible

2023-05-12 17:52:34 - [MESSAGE][PASSED] - Object 'Object Repository/Page_Swag Labs/input_Swag Labs_user-name' is visible

2023-05-12 17:52:34 - [TEST_STEP][PASSED] - closeBrowser(): Browser is closed

2023-05-12 17:52:35 - [MESSAGE][PASSED] - Browser is closed]]></system-out>
         <system-err><![CDATA[]]></system-err>
      </testcase>
      <testcase name="Test Cases/test-flow-1-buy-1-product" time="12.1" classname="Test Cases/test-flow-1-buy-1-product" status="PASSED">
         <system-out><![CDATA[2023-05-12 17:52:35 - [TEST_CASE][PASSED] - Test Cases/test-flow-1-buy-1-product: Test Cases/test-flow-1-buy-1-product

2023-05-12 17:52:35 - [TEST_STEP][PASSED] - openBrowser("https://www.saucedemo.com/"): Browser is opened with url: 'https://www.saucedemo.com/'

2023-05-12 17:52:35 - [MESSAGE][INFO] - Starting 'Chrome' driver

2023-05-12 17:52:35 - [MESSAGE][INFO] - Action delay is set to 0 milliseconds

2023-05-12 17:52:37 - [MESSAGE][PASSED] - Browser is opened with url: 'https://www.saucedemo.com/'

2023-05-12 17:52:37 - [TEST_STEP][PASSED] - click(findTestObject("Object Repository/Page_Swag Labs/input_Swag Labs_user-name")): Object: 'Object Repository/Page_Swag Labs/input_Swag Labs_user-name' is clicked on

2023-05-12 17:52:37 - [MESSAGE][PASSED] - Object: 'Object Repository/Page_Swag Labs/input_Swag Labs_user-name' is clicked on

2023-05-12 17:52:38 - [TEST_STEP][PASSED] - sendKeys(findTestObject("Object Repository/Page_Swag Labs/input_Swag Labs_user-name"), "standard_user"): Keys 'standard_user' sent to object: 'Object Repository/Page_Swag Labs/input_Swag Labs_user-name'

2023-05-12 17:52:38 - [MESSAGE][PASSED] - Keys 'standard_user' sent to object: 'Object Repository/Page_Swag Labs/input_Swag Labs_user-name'

2023-05-12 17:52:38 - [TEST_STEP][PASSED] - click(findTestObject("Object Repository/Page_Swag Labs/input_Swag Labs_password")): Object: 'Object Repository/Page_Swag Labs/input_Swag Labs_password' is clicked on

2023-05-12 17:52:38 - [MESSAGE][PASSED] - Object: 'Object Repository/Page_Swag Labs/input_Swag Labs_password' is clicked on

2023-05-12 17:52:38 - [TEST_STEP][PASSED] - sendKeys(findTestObject("Object Repository/Page_Swag Labs/input_Swag Labs_password"), "secret_sauce"): Keys 'secret_sauce' sent to object: 'Object Repository/Page_Swag Labs/input_Swag Labs_password'

2023-05-12 17:52:39 - [MESSAGE][PASSED] - Keys 'secret_sauce' sent to object: 'Object Repository/Page_Swag Labs/input_Swag Labs_password'

2023-05-12 17:52:39 - [TEST_STEP][PASSED] - click(findTestObject("Object Repository/Page_Swag Labs/input_Swag Labs_login-button")): Object: 'Object Repository/Page_Swag Labs/input_Swag Labs_login-button' is clicked on

2023-05-12 17:52:39 - [MESSAGE][PASSED] - Object: 'Object Repository/Page_Swag Labs/input_Swag Labs_login-button' is clicked on

2023-05-12 17:52:39 - [TEST_STEP][PASSED] - click(findTestObject("Object Repository/inventoryPage/Backpack")): Object: 'Object Repository/inventoryPage/Backpack' is clicked on

2023-05-12 17:52:39 - [MESSAGE][PASSED] - Object: 'Object Repository/inventoryPage/Backpack' is clicked on

2023-05-12 17:52:39 - [TEST_STEP][PASSED] - click(findTestObject("Object Repository/inventoryPage/button_Add to cart")): Object: 'Object Repository/inventoryPage/button_Add to cart' is clicked on

2023-05-12 17:52:40 - [MESSAGE][PASSED] - Object: 'Object Repository/inventoryPage/button_Add to cart' is clicked on

2023-05-12 17:52:40 - [TEST_STEP][PASSED] - click(findTestObject("Object Repository/inventoryPage/products_back-image")): Object: 'Object Repository/inventoryPage/products_back-image' is clicked on

2023-05-12 17:52:40 - [MESSAGE][PASSED] - Object: 'Object Repository/inventoryPage/products_back-image' is clicked on

2023-05-12 17:52:40 - [TEST_STEP][PASSED] - click(findTestObject("Object Repository/inventoryPage/cart")): Object: 'Object Repository/inventoryPage/cart' is clicked on

2023-05-12 17:52:41 - [MESSAGE][PASSED] - Object: 'Object Repository/inventoryPage/cart' is clicked on

2023-05-12 17:52:41 - [TEST_STEP][PASSED] - click(findTestObject("Object Repository/CheckoutPage/button_Checkout")): Object: 'Object Repository/CheckoutPage/button_Checkout' is clicked on

2023-05-12 17:52:42 - [MESSAGE][PASSED] - Object: 'Object Repository/CheckoutPage/button_Checkout' is clicked on

2023-05-12 17:52:42 - [TEST_STEP][PASSED] - sendKeys(findTestObject("Object Repository/checkout-step-one/input_Checkout Your Information_firstName"), "demo"): Keys 'demo' sent to object: 'Object Repository/checkout-step-one/input_Checkout Your Information_firstName'

2023-05-12 17:52:42 - [MESSAGE][PASSED] - Keys 'demo' sent to object: 'Object Repository/checkout-step-one/input_Checkout Your Information_firstName'

2023-05-12 17:52:42 - [TEST_STEP][PASSED] - sendKeys(findTestObject("Object Repository/checkout-step-one/input_Checkout Your Information_lastName"), "qa test"): Keys 'qa test' sent to object: 'Object Repository/checkout-step-one/input_Checkout Your Information_lastName'

2023-05-12 17:52:43 - [MESSAGE][PASSED] - Keys 'qa test' sent to object: 'Object Repository/checkout-step-one/input_Checkout Your Information_lastName'

2023-05-12 17:52:43 - [TEST_STEP][PASSED] - sendKeys(findTestObject("Object Repository/checkout-step-one/input_Checkout Your Information_postalCode"), "9000"): Keys '9000' sent to object: 'Object Repository/checkout-step-one/input_Checkout Your Information_postalCode'

2023-05-12 17:52:43 - [MESSAGE][PASSED] - Keys '9000' sent to object: 'Object Repository/checkout-step-one/input_Checkout Your Information_postalCode'

2023-05-12 17:52:43 - [TEST_STEP][PASSED] - click(findTestObject("Object Repository/checkout-step-one/input_continue")): Object: 'Object Repository/checkout-step-one/input_continue' is clicked on

2023-05-12 17:52:44 - [MESSAGE][PASSED] - Object: 'Object Repository/checkout-step-one/input_continue' is clicked on

2023-05-12 17:52:44 - [TEST_STEP][PASSED] - click(findTestObject("Object Repository/finish checkout/button_Finish")): Object: 'Object Repository/finish checkout/button_Finish' is clicked on

2023-05-12 17:52:44 - [MESSAGE][PASSED] - Object: 'Object Repository/finish checkout/button_Finish' is clicked on

2023-05-12 17:52:44 - [TEST_STEP][PASSED] - verifyElementVisible(findTestObject("Object Repository/order-success/h2_Thank you for your order")): Object 'Object Repository/order-success/h2_Thank you for your order' is visible

2023-05-12 17:52:45 - [MESSAGE][PASSED] - Object 'Object Repository/order-success/h2_Thank you for your order' is visible

2023-05-12 17:52:45 - [TEST_STEP][PASSED] - click(findTestObject("Object Repository/NavSideBar/sidebar")): Object: 'Object Repository/NavSideBar/sidebar' is clicked on

2023-05-12 17:52:45 - [MESSAGE][PASSED] - Object: 'Object Repository/NavSideBar/sidebar' is clicked on

2023-05-12 17:52:45 - [TEST_STEP][PASSED] - click(findTestObject("Object Repository/NavSideBar/a_Logout")): Object: 'Object Repository/NavSideBar/a_Logout' is clicked on

2023-05-12 17:52:46 - [MESSAGE][PASSED] - Object: 'Object Repository/NavSideBar/a_Logout' is clicked on

2023-05-12 17:52:46 - [TEST_STEP][PASSED] - verifyElementVisible(findTestObject("Object Repository/Page_Swag Labs/input_Swag Labs_user-name")): Object 'Object Repository/Page_Swag Labs/input_Swag Labs_user-name' is visible

2023-05-12 17:52:46 - [MESSAGE][PASSED] - Object 'Object Repository/Page_Swag Labs/input_Swag Labs_user-name' is visible

2023-05-12 17:52:46 - [TEST_STEP][PASSED] - closeBrowser(): Browser is closed

2023-05-12 17:52:47 - [MESSAGE][PASSED] - Browser is closed]]></system-out>
         <system-err><![CDATA[]]></system-err>
      </testcase>
      <testcase name="Test Cases/test-flow-1-buy-1-product" time="11.936" classname="Test Cases/test-flow-1-buy-1-product" status="PASSED">
         <system-out><![CDATA[2023-05-12 17:52:47 - [TEST_CASE][PASSED] - Test Cases/test-flow-1-buy-1-product: Test Cases/test-flow-1-buy-1-product

2023-05-12 17:52:47 - [TEST_STEP][PASSED] - openBrowser("https://www.saucedemo.com/"): Browser is opened with url: 'https://www.saucedemo.com/'

2023-05-12 17:52:47 - [MESSAGE][INFO] - Starting 'Chrome' driver

2023-05-12 17:52:47 - [MESSAGE][INFO] - Action delay is set to 0 milliseconds

2023-05-12 17:52:49 - [MESSAGE][PASSED] - Browser is opened with url: 'https://www.saucedemo.com/'

2023-05-12 17:52:49 - [TEST_STEP][PASSED] - click(findTestObject("Object Repository/Page_Swag Labs/input_Swag Labs_user-name")): Object: 'Object Repository/Page_Swag Labs/input_Swag Labs_user-name' is clicked on

2023-05-12 17:52:50 - [MESSAGE][PASSED] - Object: 'Object Repository/Page_Swag Labs/input_Swag Labs_user-name' is clicked on

2023-05-12 17:52:50 - [TEST_STEP][PASSED] - sendKeys(findTestObject("Object Repository/Page_Swag Labs/input_Swag Labs_user-name"), "standard_user"): Keys 'standard_user' sent to object: 'Object Repository/Page_Swag Labs/input_Swag Labs_user-name'

2023-05-12 17:52:50 - [MESSAGE][PASSED] - Keys 'standard_user' sent to object: 'Object Repository/Page_Swag Labs/input_Swag Labs_user-name'

2023-05-12 17:52:50 - [TEST_STEP][PASSED] - click(findTestObject("Object Repository/Page_Swag Labs/input_Swag Labs_password")): Object: 'Object Repository/Page_Swag Labs/input_Swag Labs_password' is clicked on

2023-05-12 17:52:50 - [MESSAGE][PASSED] - Object: 'Object Repository/Page_Swag Labs/input_Swag Labs_password' is clicked on

2023-05-12 17:52:50 - [TEST_STEP][PASSED] - sendKeys(findTestObject("Object Repository/Page_Swag Labs/input_Swag Labs_password"), "secret_sauce"): Keys 'secret_sauce' sent to object: 'Object Repository/Page_Swag Labs/input_Swag Labs_password'

2023-05-12 17:52:51 - [MESSAGE][PASSED] - Keys 'secret_sauce' sent to object: 'Object Repository/Page_Swag Labs/input_Swag Labs_password'

2023-05-12 17:52:51 - [TEST_STEP][PASSED] - click(findTestObject("Object Repository/Page_Swag Labs/input_Swag Labs_login-button")): Object: 'Object Repository/Page_Swag Labs/input_Swag Labs_login-button' is clicked on

2023-05-12 17:52:51 - [MESSAGE][PASSED] - Object: 'Object Repository/Page_Swag Labs/input_Swag Labs_login-button' is clicked on

2023-05-12 17:52:51 - [TEST_STEP][PASSED] - click(findTestObject("Object Repository/inventoryPage/Backpack")): Object: 'Object Repository/inventoryPage/Backpack' is clicked on

2023-05-12 17:52:51 - [MESSAGE][PASSED] - Object: 'Object Repository/inventoryPage/Backpack' is clicked on

2023-05-12 17:52:51 - [TEST_STEP][PASSED] - click(findTestObject("Object Repository/inventoryPage/button_Add to cart")): Object: 'Object Repository/inventoryPage/button_Add to cart' is clicked on

2023-05-12 17:52:52 - [MESSAGE][PASSED] - Object: 'Object Repository/inventoryPage/button_Add to cart' is clicked on

2023-05-12 17:52:52 - [TEST_STEP][PASSED] - click(findTestObject("Object Repository/inventoryPage/products_back-image")): Object: 'Object Repository/inventoryPage/products_back-image' is clicked on

2023-05-12 17:52:52 - [MESSAGE][PASSED] - Object: 'Object Repository/inventoryPage/products_back-image' is clicked on

2023-05-12 17:52:52 - [TEST_STEP][PASSED] - click(findTestObject("Object Repository/inventoryPage/cart")): Object: 'Object Repository/inventoryPage/cart' is clicked on

2023-05-12 17:52:53 - [MESSAGE][PASSED] - Object: 'Object Repository/inventoryPage/cart' is clicked on

2023-05-12 17:52:53 - [TEST_STEP][PASSED] - click(findTestObject("Object Repository/CheckoutPage/button_Checkout")): Object: 'Object Repository/CheckoutPage/button_Checkout' is clicked on

2023-05-12 17:52:53 - [MESSAGE][PASSED] - Object: 'Object Repository/CheckoutPage/button_Checkout' is clicked on

2023-05-12 17:52:53 - [TEST_STEP][PASSED] - sendKeys(findTestObject("Object Repository/checkout-step-one/input_Checkout Your Information_firstName"), "demo"): Keys 'demo' sent to object: 'Object Repository/checkout-step-one/input_Checkout Your Information_firstName'

2023-05-12 17:52:54 - [MESSAGE][PASSED] - Keys 'demo' sent to object: 'Object Repository/checkout-step-one/input_Checkout Your Information_firstName'

2023-05-12 17:52:54 - [TEST_STEP][PASSED] - sendKeys(findTestObject("Object Repository/checkout-step-one/input_Checkout Your Information_lastName"), "qa test"): Keys 'qa test' sent to object: 'Object Repository/checkout-step-one/input_Checkout Your Information_lastName'

2023-05-12 17:52:55 - [MESSAGE][PASSED] - Keys 'qa test' sent to object: 'Object Repository/checkout-step-one/input_Checkout Your Information_lastName'

2023-05-12 17:52:55 - [TEST_STEP][PASSED] - sendKeys(findTestObject("Object Repository/checkout-step-one/input_Checkout Your Information_postalCode"), "9000"): Keys '9000' sent to object: 'Object Repository/checkout-step-one/input_Checkout Your Information_postalCode'

2023-05-12 17:52:55 - [MESSAGE][PASSED] - Keys '9000' sent to object: 'Object Repository/checkout-step-one/input_Checkout Your Information_postalCode'

2023-05-12 17:52:55 - [TEST_STEP][PASSED] - click(findTestObject("Object Repository/checkout-step-one/input_continue")): Object: 'Object Repository/checkout-step-one/input_continue' is clicked on

2023-05-12 17:52:56 - [MESSAGE][PASSED] - Object: 'Object Repository/checkout-step-one/input_continue' is clicked on

2023-05-12 17:52:56 - [TEST_STEP][PASSED] - click(findTestObject("Object Repository/finish checkout/button_Finish")): Object: 'Object Repository/finish checkout/button_Finish' is clicked on

2023-05-12 17:52:56 - [MESSAGE][PASSED] - Object: 'Object Repository/finish checkout/button_Finish' is clicked on

2023-05-12 17:52:56 - [TEST_STEP][PASSED] - verifyElementVisible(findTestObject("Object Repository/order-success/h2_Thank you for your order")): Object 'Object Repository/order-success/h2_Thank you for your order' is visible

2023-05-12 17:52:57 - [MESSAGE][PASSED] - Object 'Object Repository/order-success/h2_Thank you for your order' is visible

2023-05-12 17:52:57 - [TEST_STEP][PASSED] - click(findTestObject("Object Repository/NavSideBar/sidebar")): Object: 'Object Repository/NavSideBar/sidebar' is clicked on

2023-05-12 17:52:57 - [MESSAGE][PASSED] - Object: 'Object Repository/NavSideBar/sidebar' is clicked on

2023-05-12 17:52:57 - [TEST_STEP][PASSED] - click(findTestObject("Object Repository/NavSideBar/a_Logout")): Object: 'Object Repository/NavSideBar/a_Logout' is clicked on

2023-05-12 17:52:58 - [MESSAGE][PASSED] - Object: 'Object Repository/NavSideBar/a_Logout' is clicked on

2023-05-12 17:52:58 - [TEST_STEP][PASSED] - verifyElementVisible(findTestObject("Object Repository/Page_Swag Labs/input_Swag Labs_user-name")): Object 'Object Repository/Page_Swag Labs/input_Swag Labs_user-name' is visible

2023-05-12 17:52:58 - [MESSAGE][PASSED] - Object 'Object Repository/Page_Swag Labs/input_Swag Labs_user-name' is visible

2023-05-12 17:52:58 - [TEST_STEP][PASSED] - closeBrowser(): Browser is closed

2023-05-12 17:52:59 - [MESSAGE][PASSED] - Browser is closed]]></system-out>
         <system-err><![CDATA[]]></system-err>
      </testcase>
      <testcase name="Test Cases/test-flow-1-buy-1-product" time="12.046" classname="Test Cases/test-flow-1-buy-1-product" status="PASSED">
         <system-out><![CDATA[2023-05-12 17:52:59 - [TEST_CASE][PASSED] - Test Cases/test-flow-1-buy-1-product: Test Cases/test-flow-1-buy-1-product

2023-05-12 17:52:59 - [TEST_STEP][PASSED] - openBrowser("https://www.saucedemo.com/"): Browser is opened with url: 'https://www.saucedemo.com/'

2023-05-12 17:52:59 - [MESSAGE][INFO] - Starting 'Chrome' driver

2023-05-12 17:52:59 - [MESSAGE][INFO] - Action delay is set to 0 milliseconds

2023-05-12 17:53:01 - [MESSAGE][PASSED] - Browser is opened with url: 'https://www.saucedemo.com/'

2023-05-12 17:53:01 - [TEST_STEP][PASSED] - click(findTestObject("Object Repository/Page_Swag Labs/input_Swag Labs_user-name")): Object: 'Object Repository/Page_Swag Labs/input_Swag Labs_user-name' is clicked on

2023-05-12 17:53:02 - [MESSAGE][PASSED] - Object: 'Object Repository/Page_Swag Labs/input_Swag Labs_user-name' is clicked on

2023-05-12 17:53:02 - [TEST_STEP][PASSED] - sendKeys(findTestObject("Object Repository/Page_Swag Labs/input_Swag Labs_user-name"), "standard_user"): Keys 'standard_user' sent to object: 'Object Repository/Page_Swag Labs/input_Swag Labs_user-name'

2023-05-12 17:53:02 - [MESSAGE][PASSED] - Keys 'standard_user' sent to object: 'Object Repository/Page_Swag Labs/input_Swag Labs_user-name'

2023-05-12 17:53:02 - [TEST_STEP][PASSED] - click(findTestObject("Object Repository/Page_Swag Labs/input_Swag Labs_password")): Object: 'Object Repository/Page_Swag Labs/input_Swag Labs_password' is clicked on

2023-05-12 17:53:02 - [MESSAGE][PASSED] - Object: 'Object Repository/Page_Swag Labs/input_Swag Labs_password' is clicked on

2023-05-12 17:53:02 - [TEST_STEP][PASSED] - sendKeys(findTestObject("Object Repository/Page_Swag Labs/input_Swag Labs_password"), "secret_sauce"): Keys 'secret_sauce' sent to object: 'Object Repository/Page_Swag Labs/input_Swag Labs_password'

2023-05-12 17:53:03 - [MESSAGE][PASSED] - Keys 'secret_sauce' sent to object: 'Object Repository/Page_Swag Labs/input_Swag Labs_password'

2023-05-12 17:53:03 - [TEST_STEP][PASSED] - click(findTestObject("Object Repository/Page_Swag Labs/input_Swag Labs_login-button")): Object: 'Object Repository/Page_Swag Labs/input_Swag Labs_login-button' is clicked on

2023-05-12 17:53:03 - [MESSAGE][PASSED] - Object: 'Object Repository/Page_Swag Labs/input_Swag Labs_login-button' is clicked on

2023-05-12 17:53:03 - [TEST_STEP][PASSED] - click(findTestObject("Object Repository/inventoryPage/Backpack")): Object: 'Object Repository/inventoryPage/Backpack' is clicked on

2023-05-12 17:53:04 - [MESSAGE][PASSED] - Object: 'Object Repository/inventoryPage/Backpack' is clicked on

2023-05-12 17:53:04 - [TEST_STEP][PASSED] - click(findTestObject("Object Repository/inventoryPage/button_Add to cart")): Object: 'Object Repository/inventoryPage/button_Add to cart' is clicked on

2023-05-12 17:53:04 - [MESSAGE][PASSED] - Object: 'Object Repository/inventoryPage/button_Add to cart' is clicked on

2023-05-12 17:53:04 - [TEST_STEP][PASSED] - click(findTestObject("Object Repository/inventoryPage/products_back-image")): Object: 'Object Repository/inventoryPage/products_back-image' is clicked on

2023-05-12 17:53:05 - [MESSAGE][PASSED] - Object: 'Object Repository/inventoryPage/products_back-image' is clicked on

2023-05-12 17:53:05 - [TEST_STEP][PASSED] - click(findTestObject("Object Repository/inventoryPage/cart")): Object: 'Object Repository/inventoryPage/cart' is clicked on

2023-05-12 17:53:05 - [MESSAGE][PASSED] - Object: 'Object Repository/inventoryPage/cart' is clicked on

2023-05-12 17:53:05 - [TEST_STEP][PASSED] - click(findTestObject("Object Repository/CheckoutPage/button_Checkout")): Object: 'Object Repository/CheckoutPage/button_Checkout' is clicked on

2023-05-12 17:53:06 - [MESSAGE][PASSED] - Object: 'Object Repository/CheckoutPage/button_Checkout' is clicked on

2023-05-12 17:53:06 - [TEST_STEP][PASSED] - sendKeys(findTestObject("Object Repository/checkout-step-one/input_Checkout Your Information_firstName"), "demo"): Keys 'demo' sent to object: 'Object Repository/checkout-step-one/input_Checkout Your Information_firstName'

2023-05-12 17:53:06 - [MESSAGE][PASSED] - Keys 'demo' sent to object: 'Object Repository/checkout-step-one/input_Checkout Your Information_firstName'

2023-05-12 17:53:06 - [TEST_STEP][PASSED] - sendKeys(findTestObject("Object Repository/checkout-step-one/input_Checkout Your Information_lastName"), "qa test"): Keys 'qa test' sent to object: 'Object Repository/checkout-step-one/input_Checkout Your Information_lastName'

2023-05-12 17:53:07 - [MESSAGE][PASSED] - Keys 'qa test' sent to object: 'Object Repository/checkout-step-one/input_Checkout Your Information_lastName'

2023-05-12 17:53:07 - [TEST_STEP][PASSED] - sendKeys(findTestObject("Object Repository/checkout-step-one/input_Checkout Your Information_postalCode"), "9000"): Keys '9000' sent to object: 'Object Repository/checkout-step-one/input_Checkout Your Information_postalCode'

2023-05-12 17:53:07 - [MESSAGE][PASSED] - Keys '9000' sent to object: 'Object Repository/checkout-step-one/input_Checkout Your Information_postalCode'

2023-05-12 17:53:07 - [TEST_STEP][PASSED] - click(findTestObject("Object Repository/checkout-step-one/input_continue")): Object: 'Object Repository/checkout-step-one/input_continue' is clicked on

2023-05-12 17:53:08 - [MESSAGE][PASSED] - Object: 'Object Repository/checkout-step-one/input_continue' is clicked on

2023-05-12 17:53:08 - [TEST_STEP][PASSED] - click(findTestObject("Object Repository/finish checkout/button_Finish")): Object: 'Object Repository/finish checkout/button_Finish' is clicked on

2023-05-12 17:53:08 - [MESSAGE][PASSED] - Object: 'Object Repository/finish checkout/button_Finish' is clicked on

2023-05-12 17:53:08 - [TEST_STEP][PASSED] - verifyElementVisible(findTestObject("Object Repository/order-success/h2_Thank you for your order")): Object 'Object Repository/order-success/h2_Thank you for your order' is visible

2023-05-12 17:53:09 - [MESSAGE][PASSED] - Object 'Object Repository/order-success/h2_Thank you for your order' is visible

2023-05-12 17:53:09 - [TEST_STEP][PASSED] - click(findTestObject("Object Repository/NavSideBar/sidebar")): Object: 'Object Repository/NavSideBar/sidebar' is clicked on

2023-05-12 17:53:09 - [MESSAGE][PASSED] - Object: 'Object Repository/NavSideBar/sidebar' is clicked on

2023-05-12 17:53:09 - [TEST_STEP][PASSED] - click(findTestObject("Object Repository/NavSideBar/a_Logout")): Object: 'Object Repository/NavSideBar/a_Logout' is clicked on

2023-05-12 17:53:10 - [MESSAGE][PASSED] - Object: 'Object Repository/NavSideBar/a_Logout' is clicked on

2023-05-12 17:53:10 - [TEST_STEP][PASSED] - verifyElementVisible(findTestObject("Object Repository/Page_Swag Labs/input_Swag Labs_user-name")): Object 'Object Repository/Page_Swag Labs/input_Swag Labs_user-name' is visible

2023-05-12 17:53:10 - [MESSAGE][PASSED] - Object 'Object Repository/Page_Swag Labs/input_Swag Labs_user-name' is visible

2023-05-12 17:53:10 - [TEST_STEP][PASSED] - closeBrowser(): Browser is closed

2023-05-12 17:53:11 - [MESSAGE][PASSED] - Browser is closed]]></system-out>
         <system-err><![CDATA[]]></system-err>
      </testcase>
      <testcase name="Test Cases/test-flow-1-buy-1-product" time="11.921" classname="Test Cases/test-flow-1-buy-1-product" status="PASSED">
         <system-out><![CDATA[2023-05-12 17:53:11 - [TEST_CASE][PASSED] - Test Cases/test-flow-1-buy-1-product: Test Cases/test-flow-1-buy-1-product

2023-05-12 17:53:11 - [TEST_STEP][PASSED] - openBrowser("https://www.saucedemo.com/"): Browser is opened with url: 'https://www.saucedemo.com/'

2023-05-12 17:53:11 - [MESSAGE][INFO] - Starting 'Chrome' driver

2023-05-12 17:53:11 - [MESSAGE][INFO] - Action delay is set to 0 milliseconds

2023-05-12 17:53:13 - [MESSAGE][PASSED] - Browser is opened with url: 'https://www.saucedemo.com/'

2023-05-12 17:53:13 - [TEST_STEP][PASSED] - click(findTestObject("Object Repository/Page_Swag Labs/input_Swag Labs_user-name")): Object: 'Object Repository/Page_Swag Labs/input_Swag Labs_user-name' is clicked on

2023-05-12 17:53:13 - [MESSAGE][PASSED] - Object: 'Object Repository/Page_Swag Labs/input_Swag Labs_user-name' is clicked on

2023-05-12 17:53:13 - [TEST_STEP][PASSED] - sendKeys(findTestObject("Object Repository/Page_Swag Labs/input_Swag Labs_user-name"), "standard_user"): Keys 'standard_user' sent to object: 'Object Repository/Page_Swag Labs/input_Swag Labs_user-name'

2023-05-12 17:53:14 - [MESSAGE][PASSED] - Keys 'standard_user' sent to object: 'Object Repository/Page_Swag Labs/input_Swag Labs_user-name'

2023-05-12 17:53:14 - [TEST_STEP][PASSED] - click(findTestObject("Object Repository/Page_Swag Labs/input_Swag Labs_password")): Object: 'Object Repository/Page_Swag Labs/input_Swag Labs_password' is clicked on

2023-05-12 17:53:14 - [MESSAGE][PASSED] - Object: 'Object Repository/Page_Swag Labs/input_Swag Labs_password' is clicked on

2023-05-12 17:53:14 - [TEST_STEP][PASSED] - sendKeys(findTestObject("Object Repository/Page_Swag Labs/input_Swag Labs_password"), "secret_sauce"): Keys 'secret_sauce' sent to object: 'Object Repository/Page_Swag Labs/input_Swag Labs_password'

2023-05-12 17:53:15 - [MESSAGE][PASSED] - Keys 'secret_sauce' sent to object: 'Object Repository/Page_Swag Labs/input_Swag Labs_password'

2023-05-12 17:53:15 - [TEST_STEP][PASSED] - click(findTestObject("Object Repository/Page_Swag Labs/input_Swag Labs_login-button")): Object: 'Object Repository/Page_Swag Labs/input_Swag Labs_login-button' is clicked on

2023-05-12 17:53:15 - [MESSAGE][PASSED] - Object: 'Object Repository/Page_Swag Labs/input_Swag Labs_login-button' is clicked on

2023-05-12 17:53:15 - [TEST_STEP][PASSED] - click(findTestObject("Object Repository/inventoryPage/Backpack")): Object: 'Object Repository/inventoryPage/Backpack' is clicked on

2023-05-12 17:53:15 - [MESSAGE][PASSED] - Object: 'Object Repository/inventoryPage/Backpack' is clicked on

2023-05-12 17:53:15 - [TEST_STEP][PASSED] - click(findTestObject("Object Repository/inventoryPage/button_Add to cart")): Object: 'Object Repository/inventoryPage/button_Add to cart' is clicked on

2023-05-12 17:53:16 - [MESSAGE][PASSED] - Object: 'Object Repository/inventoryPage/button_Add to cart' is clicked on

2023-05-12 17:53:16 - [TEST_STEP][PASSED] - click(findTestObject("Object Repository/inventoryPage/products_back-image")): Object: 'Object Repository/inventoryPage/products_back-image' is clicked on

2023-05-12 17:53:16 - [MESSAGE][PASSED] - Object: 'Object Repository/inventoryPage/products_back-image' is clicked on

2023-05-12 17:53:16 - [TEST_STEP][PASSED] - click(findTestObject("Object Repository/inventoryPage/cart")): Object: 'Object Repository/inventoryPage/cart' is clicked on

2023-05-12 17:53:17 - [MESSAGE][PASSED] - Object: 'Object Repository/inventoryPage/cart' is clicked on

2023-05-12 17:53:17 - [TEST_STEP][PASSED] - click(findTestObject("Object Repository/CheckoutPage/button_Checkout")): Object: 'Object Repository/CheckoutPage/button_Checkout' is clicked on

2023-05-12 17:53:18 - [MESSAGE][PASSED] - Object: 'Object Repository/CheckoutPage/button_Checkout' is clicked on

2023-05-12 17:53:18 - [TEST_STEP][PASSED] - sendKeys(findTestObject("Object Repository/checkout-step-one/input_Checkout Your Information_firstName"), "demo"): Keys 'demo' sent to object: 'Object Repository/checkout-step-one/input_Checkout Your Information_firstName'

2023-05-12 17:53:18 - [MESSAGE][PASSED] - Keys 'demo' sent to object: 'Object Repository/checkout-step-one/input_Checkout Your Information_firstName'

2023-05-12 17:53:18 - [TEST_STEP][PASSED] - sendKeys(findTestObject("Object Repository/checkout-step-one/input_Checkout Your Information_lastName"), "qa test"): Keys 'qa test' sent to object: 'Object Repository/checkout-step-one/input_Checkout Your Information_lastName'

2023-05-12 17:53:19 - [MESSAGE][PASSED] - Keys 'qa test' sent to object: 'Object Repository/checkout-step-one/input_Checkout Your Information_lastName'

2023-05-12 17:53:19 - [TEST_STEP][PASSED] - sendKeys(findTestObject("Object Repository/checkout-step-one/input_Checkout Your Information_postalCode"), "9000"): Keys '9000' sent to object: 'Object Repository/checkout-step-one/input_Checkout Your Information_postalCode'

2023-05-12 17:53:19 - [MESSAGE][PASSED] - Keys '9000' sent to object: 'Object Repository/checkout-step-one/input_Checkout Your Information_postalCode'

2023-05-12 17:53:19 - [TEST_STEP][PASSED] - click(findTestObject("Object Repository/checkout-step-one/input_continue")): Object: 'Object Repository/checkout-step-one/input_continue' is clicked on

2023-05-12 17:53:20 - [MESSAGE][PASSED] - Object: 'Object Repository/checkout-step-one/input_continue' is clicked on

2023-05-12 17:53:20 - [TEST_STEP][PASSED] - click(findTestObject("Object Repository/finish checkout/button_Finish")): Object: 'Object Repository/finish checkout/button_Finish' is clicked on

2023-05-12 17:53:20 - [MESSAGE][PASSED] - Object: 'Object Repository/finish checkout/button_Finish' is clicked on

2023-05-12 17:53:20 - [TEST_STEP][PASSED] - verifyElementVisible(findTestObject("Object Repository/order-success/h2_Thank you for your order")): Object 'Object Repository/order-success/h2_Thank you for your order' is visible

2023-05-12 17:53:21 - [MESSAGE][PASSED] - Object 'Object Repository/order-success/h2_Thank you for your order' is visible

2023-05-12 17:53:21 - [TEST_STEP][PASSED] - click(findTestObject("Object Repository/NavSideBar/sidebar")): Object: 'Object Repository/NavSideBar/sidebar' is clicked on

2023-05-12 17:53:21 - [MESSAGE][PASSED] - Object: 'Object Repository/NavSideBar/sidebar' is clicked on

2023-05-12 17:53:21 - [TEST_STEP][PASSED] - click(findTestObject("Object Repository/NavSideBar/a_Logout")): Object: 'Object Repository/NavSideBar/a_Logout' is clicked on

2023-05-12 17:53:22 - [MESSAGE][PASSED] - Object: 'Object Repository/NavSideBar/a_Logout' is clicked on

2023-05-12 17:53:22 - [TEST_STEP][PASSED] - verifyElementVisible(findTestObject("Object Repository/Page_Swag Labs/input_Swag Labs_user-name")): Object 'Object Repository/Page_Swag Labs/input_Swag Labs_user-name' is visible

2023-05-12 17:53:22 - [MESSAGE][PASSED] - Object 'Object Repository/Page_Swag Labs/input_Swag Labs_user-name' is visible

2023-05-12 17:53:22 - [TEST_STEP][PASSED] - closeBrowser(): Browser is closed

2023-05-12 17:53:23 - [MESSAGE][PASSED] - Browser is closed]]></system-out>
         <system-err><![CDATA[]]></system-err>
      </testcase>
      <testcase name="Test Cases/test-flow-1-buy-1-product" time="11.638" classname="Test Cases/test-flow-1-buy-1-product" status="PASSED">
         <system-out><![CDATA[2023-05-12 17:53:23 - [TEST_CASE][PASSED] - Test Cases/test-flow-1-buy-1-product: Test Cases/test-flow-1-buy-1-product

2023-05-12 17:53:23 - [TEST_STEP][PASSED] - openBrowser("https://www.saucedemo.com/"): Browser is opened with url: 'https://www.saucedemo.com/'

2023-05-12 17:53:23 - [MESSAGE][INFO] - Starting 'Chrome' driver

2023-05-12 17:53:23 - [MESSAGE][INFO] - Action delay is set to 0 milliseconds

2023-05-12 17:53:25 - [MESSAGE][PASSED] - Browser is opened with url: 'https://www.saucedemo.com/'

2023-05-12 17:53:25 - [TEST_STEP][PASSED] - click(findTestObject("Object Repository/Page_Swag Labs/input_Swag Labs_user-name")): Object: 'Object Repository/Page_Swag Labs/input_Swag Labs_user-name' is clicked on

2023-05-12 17:53:25 - [MESSAGE][PASSED] - Object: 'Object Repository/Page_Swag Labs/input_Swag Labs_user-name' is clicked on

2023-05-12 17:53:25 - [TEST_STEP][PASSED] - sendKeys(findTestObject("Object Repository/Page_Swag Labs/input_Swag Labs_user-name"), "standard_user"): Keys 'standard_user' sent to object: 'Object Repository/Page_Swag Labs/input_Swag Labs_user-name'

2023-05-12 17:53:26 - [MESSAGE][PASSED] - Keys 'standard_user' sent to object: 'Object Repository/Page_Swag Labs/input_Swag Labs_user-name'

2023-05-12 17:53:26 - [TEST_STEP][PASSED] - click(findTestObject("Object Repository/Page_Swag Labs/input_Swag Labs_password")): Object: 'Object Repository/Page_Swag Labs/input_Swag Labs_password' is clicked on

2023-05-12 17:53:26 - [MESSAGE][PASSED] - Object: 'Object Repository/Page_Swag Labs/input_Swag Labs_password' is clicked on

2023-05-12 17:53:26 - [TEST_STEP][PASSED] - sendKeys(findTestObject("Object Repository/Page_Swag Labs/input_Swag Labs_password"), "secret_sauce"): Keys 'secret_sauce' sent to object: 'Object Repository/Page_Swag Labs/input_Swag Labs_password'

2023-05-12 17:53:26 - [MESSAGE][PASSED] - Keys 'secret_sauce' sent to object: 'Object Repository/Page_Swag Labs/input_Swag Labs_password'

2023-05-12 17:53:26 - [TEST_STEP][PASSED] - click(findTestObject("Object Repository/Page_Swag Labs/input_Swag Labs_login-button")): Object: 'Object Repository/Page_Swag Labs/input_Swag Labs_login-button' is clicked on

2023-05-12 17:53:27 - [MESSAGE][PASSED] - Object: 'Object Repository/Page_Swag Labs/input_Swag Labs_login-button' is clicked on

2023-05-12 17:53:27 - [TEST_STEP][PASSED] - click(findTestObject("Object Repository/inventoryPage/Backpack")): Object: 'Object Repository/inventoryPage/Backpack' is clicked on

2023-05-12 17:53:27 - [MESSAGE][PASSED] - Object: 'Object Repository/inventoryPage/Backpack' is clicked on

2023-05-12 17:53:27 - [TEST_STEP][PASSED] - click(findTestObject("Object Repository/inventoryPage/button_Add to cart")): Object: 'Object Repository/inventoryPage/button_Add to cart' is clicked on

2023-05-12 17:53:28 - [MESSAGE][PASSED] - Object: 'Object Repository/inventoryPage/button_Add to cart' is clicked on

2023-05-12 17:53:28 - [TEST_STEP][PASSED] - click(findTestObject("Object Repository/inventoryPage/products_back-image")): Object: 'Object Repository/inventoryPage/products_back-image' is clicked on

2023-05-12 17:53:28 - [MESSAGE][PASSED] - Object: 'Object Repository/inventoryPage/products_back-image' is clicked on

2023-05-12 17:53:28 - [TEST_STEP][PASSED] - click(findTestObject("Object Repository/inventoryPage/cart")): Object: 'Object Repository/inventoryPage/cart' is clicked on

2023-05-12 17:53:29 - [MESSAGE][PASSED] - Object: 'Object Repository/inventoryPage/cart' is clicked on

2023-05-12 17:53:29 - [TEST_STEP][PASSED] - click(findTestObject("Object Repository/CheckoutPage/button_Checkout")): Object: 'Object Repository/CheckoutPage/button_Checkout' is clicked on

2023-05-12 17:53:29 - [MESSAGE][PASSED] - Object: 'Object Repository/CheckoutPage/button_Checkout' is clicked on

2023-05-12 17:53:29 - [TEST_STEP][PASSED] - sendKeys(findTestObject("Object Repository/checkout-step-one/input_Checkout Your Information_firstName"), "demo"): Keys 'demo' sent to object: 'Object Repository/checkout-step-one/input_Checkout Your Information_firstName'

2023-05-12 17:53:30 - [MESSAGE][PASSED] - Keys 'demo' sent to object: 'Object Repository/checkout-step-one/input_Checkout Your Information_firstName'

2023-05-12 17:53:30 - [TEST_STEP][PASSED] - sendKeys(findTestObject("Object Repository/checkout-step-one/input_Checkout Your Information_lastName"), "qa test"): Keys 'qa test' sent to object: 'Object Repository/checkout-step-one/input_Checkout Your Information_lastName'

2023-05-12 17:53:30 - [MESSAGE][PASSED] - Keys 'qa test' sent to object: 'Object Repository/checkout-step-one/input_Checkout Your Information_lastName'

2023-05-12 17:53:30 - [TEST_STEP][PASSED] - sendKeys(findTestObject("Object Repository/checkout-step-one/input_Checkout Your Information_postalCode"), "9000"): Keys '9000' sent to object: 'Object Repository/checkout-step-one/input_Checkout Your Information_postalCode'

2023-05-12 17:53:31 - [MESSAGE][PASSED] - Keys '9000' sent to object: 'Object Repository/checkout-step-one/input_Checkout Your Information_postalCode'

2023-05-12 17:53:31 - [TEST_STEP][PASSED] - click(findTestObject("Object Repository/checkout-step-one/input_continue")): Object: 'Object Repository/checkout-step-one/input_continue' is clicked on

2023-05-12 17:53:32 - [MESSAGE][PASSED] - Object: 'Object Repository/checkout-step-one/input_continue' is clicked on

2023-05-12 17:53:32 - [TEST_STEP][PASSED] - click(findTestObject("Object Repository/finish checkout/button_Finish")): Object: 'Object Repository/finish checkout/button_Finish' is clicked on

2023-05-12 17:53:32 - [MESSAGE][PASSED] - Object: 'Object Repository/finish checkout/button_Finish' is clicked on

2023-05-12 17:53:32 - [TEST_STEP][PASSED] - verifyElementVisible(findTestObject("Object Repository/order-success/h2_Thank you for your order")): Object 'Object Repository/order-success/h2_Thank you for your order' is visible

2023-05-12 17:53:33 - [MESSAGE][PASSED] - Object 'Object Repository/order-success/h2_Thank you for your order' is visible

2023-05-12 17:53:33 - [TEST_STEP][PASSED] - click(findTestObject("Object Repository/NavSideBar/sidebar")): Object: 'Object Repository/NavSideBar/sidebar' is clicked on

2023-05-12 17:53:33 - [MESSAGE][PASSED] - Object: 'Object Repository/NavSideBar/sidebar' is clicked on

2023-05-12 17:53:33 - [TEST_STEP][PASSED] - click(findTestObject("Object Repository/NavSideBar/a_Logout")): Object: 'Object Repository/NavSideBar/a_Logout' is clicked on

2023-05-12 17:53:33 - [MESSAGE][PASSED] - Object: 'Object Repository/NavSideBar/a_Logout' is clicked on

2023-05-12 17:53:33 - [TEST_STEP][PASSED] - verifyElementVisible(findTestObject("Object Repository/Page_Swag Labs/input_Swag Labs_user-name")): Object 'Object Repository/Page_Swag Labs/input_Swag Labs_user-name' is visible

2023-05-12 17:53:34 - [MESSAGE][PASSED] - Object 'Object Repository/Page_Swag Labs/input_Swag Labs_user-name' is visible

2023-05-12 17:53:34 - [TEST_STEP][PASSED] - closeBrowser(): Browser is closed

2023-05-12 17:53:35 - [MESSAGE][PASSED] - Browser is closed]]></system-out>
         <system-err><![CDATA[]]></system-err>
      </testcase>
      <testcase name="Test Cases/test-flow-1-buy-1-product" time="11.656" classname="Test Cases/test-flow-1-buy-1-product" status="PASSED">
         <system-out><![CDATA[2023-05-12 17:53:35 - [TEST_CASE][PASSED] - Test Cases/test-flow-1-buy-1-product: Test Cases/test-flow-1-buy-1-product

2023-05-12 17:53:35 - [TEST_STEP][PASSED] - openBrowser("https://www.saucedemo.com/"): Browser is opened with url: 'https://www.saucedemo.com/'

2023-05-12 17:53:35 - [MESSAGE][INFO] - Starting 'Chrome' driver

2023-05-12 17:53:35 - [MESSAGE][INFO] - Action delay is set to 0 milliseconds

2023-05-12 17:53:37 - [MESSAGE][PASSED] - Browser is opened with url: 'https://www.saucedemo.com/'

2023-05-12 17:53:37 - [TEST_STEP][PASSED] - click(findTestObject("Object Repository/Page_Swag Labs/input_Swag Labs_user-name")): Object: 'Object Repository/Page_Swag Labs/input_Swag Labs_user-name' is clicked on

2023-05-12 17:53:37 - [MESSAGE][PASSED] - Object: 'Object Repository/Page_Swag Labs/input_Swag Labs_user-name' is clicked on

2023-05-12 17:53:37 - [TEST_STEP][PASSED] - sendKeys(findTestObject("Object Repository/Page_Swag Labs/input_Swag Labs_user-name"), "standard_user"): Keys 'standard_user' sent to object: 'Object Repository/Page_Swag Labs/input_Swag Labs_user-name'

2023-05-12 17:53:37 - [MESSAGE][PASSED] - Keys 'standard_user' sent to object: 'Object Repository/Page_Swag Labs/input_Swag Labs_user-name'

2023-05-12 17:53:37 - [TEST_STEP][PASSED] - click(findTestObject("Object Repository/Page_Swag Labs/input_Swag Labs_password")): Object: 'Object Repository/Page_Swag Labs/input_Swag Labs_password' is clicked on

2023-05-12 17:53:38 - [MESSAGE][PASSED] - Object: 'Object Repository/Page_Swag Labs/input_Swag Labs_password' is clicked on

2023-05-12 17:53:38 - [TEST_STEP][PASSED] - sendKeys(findTestObject("Object Repository/Page_Swag Labs/input_Swag Labs_password"), "secret_sauce"): Keys 'secret_sauce' sent to object: 'Object Repository/Page_Swag Labs/input_Swag Labs_password'

2023-05-12 17:53:38 - [MESSAGE][PASSED] - Keys 'secret_sauce' sent to object: 'Object Repository/Page_Swag Labs/input_Swag Labs_password'

2023-05-12 17:53:38 - [TEST_STEP][PASSED] - click(findTestObject("Object Repository/Page_Swag Labs/input_Swag Labs_login-button")): Object: 'Object Repository/Page_Swag Labs/input_Swag Labs_login-button' is clicked on

2023-05-12 17:53:38 - [MESSAGE][PASSED] - Object: 'Object Repository/Page_Swag Labs/input_Swag Labs_login-button' is clicked on

2023-05-12 17:53:38 - [TEST_STEP][PASSED] - click(findTestObject("Object Repository/inventoryPage/Backpack")): Object: 'Object Repository/inventoryPage/Backpack' is clicked on

2023-05-12 17:53:39 - [MESSAGE][PASSED] - Object: 'Object Repository/inventoryPage/Backpack' is clicked on

2023-05-12 17:53:39 - [TEST_STEP][PASSED] - click(findTestObject("Object Repository/inventoryPage/button_Add to cart")): Object: 'Object Repository/inventoryPage/button_Add to cart' is clicked on

2023-05-12 17:53:39 - [MESSAGE][PASSED] - Object: 'Object Repository/inventoryPage/button_Add to cart' is clicked on

2023-05-12 17:53:39 - [TEST_STEP][PASSED] - click(findTestObject("Object Repository/inventoryPage/products_back-image")): Object: 'Object Repository/inventoryPage/products_back-image' is clicked on

2023-05-12 17:53:40 - [MESSAGE][PASSED] - Object: 'Object Repository/inventoryPage/products_back-image' is clicked on

2023-05-12 17:53:40 - [TEST_STEP][PASSED] - click(findTestObject("Object Repository/inventoryPage/cart")): Object: 'Object Repository/inventoryPage/cart' is clicked on

2023-05-12 17:53:40 - [MESSAGE][PASSED] - Object: 'Object Repository/inventoryPage/cart' is clicked on

2023-05-12 17:53:40 - [TEST_STEP][PASSED] - click(findTestObject("Object Repository/CheckoutPage/button_Checkout")): Object: 'Object Repository/CheckoutPage/button_Checkout' is clicked on

2023-05-12 17:53:41 - [MESSAGE][PASSED] - Object: 'Object Repository/CheckoutPage/button_Checkout' is clicked on

2023-05-12 17:53:41 - [TEST_STEP][PASSED] - sendKeys(findTestObject("Object Repository/checkout-step-one/input_Checkout Your Information_firstName"), "demo"): Keys 'demo' sent to object: 'Object Repository/checkout-step-one/input_Checkout Your Information_firstName'

2023-05-12 17:53:42 - [MESSAGE][PASSED] - Keys 'demo' sent to object: 'Object Repository/checkout-step-one/input_Checkout Your Information_firstName'

2023-05-12 17:53:42 - [TEST_STEP][PASSED] - sendKeys(findTestObject("Object Repository/checkout-step-one/input_Checkout Your Information_lastName"), "qa test"): Keys 'qa test' sent to object: 'Object Repository/checkout-step-one/input_Checkout Your Information_lastName'

2023-05-12 17:53:42 - [MESSAGE][PASSED] - Keys 'qa test' sent to object: 'Object Repository/checkout-step-one/input_Checkout Your Information_lastName'

2023-05-12 17:53:42 - [TEST_STEP][PASSED] - sendKeys(findTestObject("Object Repository/checkout-step-one/input_Checkout Your Information_postalCode"), "9000"): Keys '9000' sent to object: 'Object Repository/checkout-step-one/input_Checkout Your Information_postalCode'

2023-05-12 17:53:43 - [MESSAGE][PASSED] - Keys '9000' sent to object: 'Object Repository/checkout-step-one/input_Checkout Your Information_postalCode'

2023-05-12 17:53:43 - [TEST_STEP][PASSED] - click(findTestObject("Object Repository/checkout-step-one/input_continue")): Object: 'Object Repository/checkout-step-one/input_continue' is clicked on

2023-05-12 17:53:43 - [MESSAGE][PASSED] - Object: 'Object Repository/checkout-step-one/input_continue' is clicked on

2023-05-12 17:53:43 - [TEST_STEP][PASSED] - click(findTestObject("Object Repository/finish checkout/button_Finish")): Object: 'Object Repository/finish checkout/button_Finish' is clicked on

2023-05-12 17:53:44 - [MESSAGE][PASSED] - Object: 'Object Repository/finish checkout/button_Finish' is clicked on

2023-05-12 17:53:44 - [TEST_STEP][PASSED] - verifyElementVisible(findTestObject("Object Repository/order-success/h2_Thank you for your order")): Object 'Object Repository/order-success/h2_Thank you for your order' is visible

2023-05-12 17:53:44 - [MESSAGE][PASSED] - Object 'Object Repository/order-success/h2_Thank you for your order' is visible

2023-05-12 17:53:44 - [TEST_STEP][PASSED] - click(findTestObject("Object Repository/NavSideBar/sidebar")): Object: 'Object Repository/NavSideBar/sidebar' is clicked on

2023-05-12 17:53:45 - [MESSAGE][PASSED] - Object: 'Object Repository/NavSideBar/sidebar' is clicked on

2023-05-12 17:53:45 - [TEST_STEP][PASSED] - click(findTestObject("Object Repository/NavSideBar/a_Logout")): Object: 'Object Repository/NavSideBar/a_Logout' is clicked on

2023-05-12 17:53:45 - [MESSAGE][PASSED] - Object: 'Object Repository/NavSideBar/a_Logout' is clicked on

2023-05-12 17:53:45 - [TEST_STEP][PASSED] - verifyElementVisible(findTestObject("Object Repository/Page_Swag Labs/input_Swag Labs_user-name")): Object 'Object Repository/Page_Swag Labs/input_Swag Labs_user-name' is visible

2023-05-12 17:53:46 - [MESSAGE][PASSED] - Object 'Object Repository/Page_Swag Labs/input_Swag Labs_user-name' is visible

2023-05-12 17:53:46 - [TEST_STEP][PASSED] - closeBrowser(): Browser is closed

2023-05-12 17:53:46 - [MESSAGE][PASSED] - Browser is closed]]></system-out>
         <system-err><![CDATA[]]></system-err>
      </testcase>
      <testcase name="Test Cases/test-flow-1-buy-1-product" time="11.955" classname="Test Cases/test-flow-1-buy-1-product" status="PASSED">
         <system-out><![CDATA[2023-05-12 17:53:46 - [TEST_CASE][PASSED] - Test Cases/test-flow-1-buy-1-product: Test Cases/test-flow-1-buy-1-product

2023-05-12 17:53:46 - [TEST_STEP][PASSED] - openBrowser("https://www.saucedemo.com/"): Browser is opened with url: 'https://www.saucedemo.com/'

2023-05-12 17:53:46 - [MESSAGE][INFO] - Starting 'Chrome' driver

2023-05-12 17:53:46 - [MESSAGE][INFO] - Action delay is set to 0 milliseconds

2023-05-12 17:53:49 - [MESSAGE][PASSED] - Browser is opened with url: 'https://www.saucedemo.com/'

2023-05-12 17:53:49 - [TEST_STEP][PASSED] - click(findTestObject("Object Repository/Page_Swag Labs/input_Swag Labs_user-name")): Object: 'Object Repository/Page_Swag Labs/input_Swag Labs_user-name' is clicked on

2023-05-12 17:53:49 - [MESSAGE][PASSED] - Object: 'Object Repository/Page_Swag Labs/input_Swag Labs_user-name' is clicked on

2023-05-12 17:53:49 - [TEST_STEP][PASSED] - sendKeys(findTestObject("Object Repository/Page_Swag Labs/input_Swag Labs_user-name"), "standard_user"): Keys 'standard_user' sent to object: 'Object Repository/Page_Swag Labs/input_Swag Labs_user-name'

2023-05-12 17:53:49 - [MESSAGE][PASSED] - Keys 'standard_user' sent to object: 'Object Repository/Page_Swag Labs/input_Swag Labs_user-name'

2023-05-12 17:53:49 - [TEST_STEP][PASSED] - click(findTestObject("Object Repository/Page_Swag Labs/input_Swag Labs_password")): Object: 'Object Repository/Page_Swag Labs/input_Swag Labs_password' is clicked on

2023-05-12 17:53:50 - [MESSAGE][PASSED] - Object: 'Object Repository/Page_Swag Labs/input_Swag Labs_password' is clicked on

2023-05-12 17:53:50 - [TEST_STEP][PASSED] - sendKeys(findTestObject("Object Repository/Page_Swag Labs/input_Swag Labs_password"), "secret_sauce"): Keys 'secret_sauce' sent to object: 'Object Repository/Page_Swag Labs/input_Swag Labs_password'

2023-05-12 17:53:50 - [MESSAGE][PASSED] - Keys 'secret_sauce' sent to object: 'Object Repository/Page_Swag Labs/input_Swag Labs_password'

2023-05-12 17:53:50 - [TEST_STEP][PASSED] - click(findTestObject("Object Repository/Page_Swag Labs/input_Swag Labs_login-button")): Object: 'Object Repository/Page_Swag Labs/input_Swag Labs_login-button' is clicked on

2023-05-12 17:53:50 - [MESSAGE][PASSED] - Object: 'Object Repository/Page_Swag Labs/input_Swag Labs_login-button' is clicked on

2023-05-12 17:53:50 - [TEST_STEP][PASSED] - click(findTestObject("Object Repository/inventoryPage/Backpack")): Object: 'Object Repository/inventoryPage/Backpack' is clicked on

2023-05-12 17:53:51 - [MESSAGE][PASSED] - Object: 'Object Repository/inventoryPage/Backpack' is clicked on

2023-05-12 17:53:51 - [TEST_STEP][PASSED] - click(findTestObject("Object Repository/inventoryPage/button_Add to cart")): Object: 'Object Repository/inventoryPage/button_Add to cart' is clicked on

2023-05-12 17:53:51 - [MESSAGE][PASSED] - Object: 'Object Repository/inventoryPage/button_Add to cart' is clicked on

2023-05-12 17:53:51 - [TEST_STEP][PASSED] - click(findTestObject("Object Repository/inventoryPage/products_back-image")): Object: 'Object Repository/inventoryPage/products_back-image' is clicked on

2023-05-12 17:53:52 - [MESSAGE][PASSED] - Object: 'Object Repository/inventoryPage/products_back-image' is clicked on

2023-05-12 17:53:52 - [TEST_STEP][PASSED] - click(findTestObject("Object Repository/inventoryPage/cart")): Object: 'Object Repository/inventoryPage/cart' is clicked on

2023-05-12 17:53:52 - [MESSAGE][PASSED] - Object: 'Object Repository/inventoryPage/cart' is clicked on

2023-05-12 17:53:52 - [TEST_STEP][PASSED] - click(findTestObject("Object Repository/CheckoutPage/button_Checkout")): Object: 'Object Repository/CheckoutPage/button_Checkout' is clicked on

2023-05-12 17:53:53 - [MESSAGE][PASSED] - Object: 'Object Repository/CheckoutPage/button_Checkout' is clicked on

2023-05-12 17:53:53 - [TEST_STEP][PASSED] - sendKeys(findTestObject("Object Repository/checkout-step-one/input_Checkout Your Information_firstName"), "demo"): Keys 'demo' sent to object: 'Object Repository/checkout-step-one/input_Checkout Your Information_firstName'

2023-05-12 17:53:54 - [MESSAGE][PASSED] - Keys 'demo' sent to object: 'Object Repository/checkout-step-one/input_Checkout Your Information_firstName'

2023-05-12 17:53:54 - [TEST_STEP][PASSED] - sendKeys(findTestObject("Object Repository/checkout-step-one/input_Checkout Your Information_lastName"), "qa test"): Keys 'qa test' sent to object: 'Object Repository/checkout-step-one/input_Checkout Your Information_lastName'

2023-05-12 17:53:54 - [MESSAGE][PASSED] - Keys 'qa test' sent to object: 'Object Repository/checkout-step-one/input_Checkout Your Information_lastName'

2023-05-12 17:53:54 - [TEST_STEP][PASSED] - sendKeys(findTestObject("Object Repository/checkout-step-one/input_Checkout Your Information_postalCode"), "9000"): Keys '9000' sent to object: 'Object Repository/checkout-step-one/input_Checkout Your Information_postalCode'

2023-05-12 17:53:55 - [MESSAGE][PASSED] - Keys '9000' sent to object: 'Object Repository/checkout-step-one/input_Checkout Your Information_postalCode'

2023-05-12 17:53:55 - [TEST_STEP][PASSED] - click(findTestObject("Object Repository/checkout-step-one/input_continue")): Object: 'Object Repository/checkout-step-one/input_continue' is clicked on

2023-05-12 17:53:55 - [MESSAGE][PASSED] - Object: 'Object Repository/checkout-step-one/input_continue' is clicked on

2023-05-12 17:53:55 - [TEST_STEP][PASSED] - click(findTestObject("Object Repository/finish checkout/button_Finish")): Object: 'Object Repository/finish checkout/button_Finish' is clicked on

2023-05-12 17:53:56 - [MESSAGE][PASSED] - Object: 'Object Repository/finish checkout/button_Finish' is clicked on

2023-05-12 17:53:56 - [TEST_STEP][PASSED] - verifyElementVisible(findTestObject("Object Repository/order-success/h2_Thank you for your order")): Object 'Object Repository/order-success/h2_Thank you for your order' is visible

2023-05-12 17:53:56 - [MESSAGE][PASSED] - Object 'Object Repository/order-success/h2_Thank you for your order' is visible

2023-05-12 17:53:56 - [TEST_STEP][PASSED] - click(findTestObject("Object Repository/NavSideBar/sidebar")): Object: 'Object Repository/NavSideBar/sidebar' is clicked on

2023-05-12 17:53:57 - [MESSAGE][PASSED] - Object: 'Object Repository/NavSideBar/sidebar' is clicked on

2023-05-12 17:53:57 - [TEST_STEP][PASSED] - click(findTestObject("Object Repository/NavSideBar/a_Logout")): Object: 'Object Repository/NavSideBar/a_Logout' is clicked on

2023-05-12 17:53:57 - [MESSAGE][PASSED] - Object: 'Object Repository/NavSideBar/a_Logout' is clicked on

2023-05-12 17:53:57 - [TEST_STEP][PASSED] - verifyElementVisible(findTestObject("Object Repository/Page_Swag Labs/input_Swag Labs_user-name")): Object 'Object Repository/Page_Swag Labs/input_Swag Labs_user-name' is visible

2023-05-12 17:53:58 - [MESSAGE][PASSED] - Object 'Object Repository/Page_Swag Labs/input_Swag Labs_user-name' is visible

2023-05-12 17:53:58 - [TEST_STEP][PASSED] - closeBrowser(): Browser is closed

2023-05-12 17:53:58 - [MESSAGE][PASSED] - Browser is closed]]></system-out>
         <system-err><![CDATA[]]></system-err>
      </testcase>
      <testcase name="Test Cases/test-flow-1-buy-1-product" time="12.001" classname="Test Cases/test-flow-1-buy-1-product" status="PASSED">
         <system-out><![CDATA[2023-05-12 17:53:58 - [TEST_CASE][PASSED] - Test Cases/test-flow-1-buy-1-product: Test Cases/test-flow-1-buy-1-product

2023-05-12 17:53:58 - [TEST_STEP][PASSED] - openBrowser("https://www.saucedemo.com/"): Browser is opened with url: 'https://www.saucedemo.com/'

2023-05-12 17:53:58 - [MESSAGE][INFO] - Starting 'Chrome' driver

2023-05-12 17:53:58 - [MESSAGE][INFO] - Action delay is set to 0 milliseconds

2023-05-12 17:54:00 - [MESSAGE][PASSED] - Browser is opened with url: 'https://www.saucedemo.com/'

2023-05-12 17:54:00 - [TEST_STEP][PASSED] - click(findTestObject("Object Repository/Page_Swag Labs/input_Swag Labs_user-name")): Object: 'Object Repository/Page_Swag Labs/input_Swag Labs_user-name' is clicked on

2023-05-12 17:54:01 - [MESSAGE][PASSED] - Object: 'Object Repository/Page_Swag Labs/input_Swag Labs_user-name' is clicked on

2023-05-12 17:54:01 - [TEST_STEP][PASSED] - sendKeys(findTestObject("Object Repository/Page_Swag Labs/input_Swag Labs_user-name"), "standard_user"): Keys 'standard_user' sent to object: 'Object Repository/Page_Swag Labs/input_Swag Labs_user-name'

2023-05-12 17:54:01 - [MESSAGE][PASSED] - Keys 'standard_user' sent to object: 'Object Repository/Page_Swag Labs/input_Swag Labs_user-name'

2023-05-12 17:54:01 - [TEST_STEP][PASSED] - click(findTestObject("Object Repository/Page_Swag Labs/input_Swag Labs_password")): Object: 'Object Repository/Page_Swag Labs/input_Swag Labs_password' is clicked on

2023-05-12 17:54:01 - [MESSAGE][PASSED] - Object: 'Object Repository/Page_Swag Labs/input_Swag Labs_password' is clicked on

2023-05-12 17:54:01 - [TEST_STEP][PASSED] - sendKeys(findTestObject("Object Repository/Page_Swag Labs/input_Swag Labs_password"), "secret_sauce"): Keys 'secret_sauce' sent to object: 'Object Repository/Page_Swag Labs/input_Swag Labs_password'

2023-05-12 17:54:02 - [MESSAGE][PASSED] - Keys 'secret_sauce' sent to object: 'Object Repository/Page_Swag Labs/input_Swag Labs_password'

2023-05-12 17:54:02 - [TEST_STEP][PASSED] - click(findTestObject("Object Repository/Page_Swag Labs/input_Swag Labs_login-button")): Object: 'Object Repository/Page_Swag Labs/input_Swag Labs_login-button' is clicked on

2023-05-12 17:54:02 - [MESSAGE][PASSED] - Object: 'Object Repository/Page_Swag Labs/input_Swag Labs_login-button' is clicked on

2023-05-12 17:54:02 - [TEST_STEP][PASSED] - click(findTestObject("Object Repository/inventoryPage/Backpack")): Object: 'Object Repository/inventoryPage/Backpack' is clicked on

2023-05-12 17:54:03 - [MESSAGE][PASSED] - Object: 'Object Repository/inventoryPage/Backpack' is clicked on

2023-05-12 17:54:03 - [TEST_STEP][PASSED] - click(findTestObject("Object Repository/inventoryPage/button_Add to cart")): Object: 'Object Repository/inventoryPage/button_Add to cart' is clicked on

2023-05-12 17:54:03 - [MESSAGE][PASSED] - Object: 'Object Repository/inventoryPage/button_Add to cart' is clicked on

2023-05-12 17:54:03 - [TEST_STEP][PASSED] - click(findTestObject("Object Repository/inventoryPage/products_back-image")): Object: 'Object Repository/inventoryPage/products_back-image' is clicked on

2023-05-12 17:54:04 - [MESSAGE][PASSED] - Object: 'Object Repository/inventoryPage/products_back-image' is clicked on

2023-05-12 17:54:04 - [TEST_STEP][PASSED] - click(findTestObject("Object Repository/inventoryPage/cart")): Object: 'Object Repository/inventoryPage/cart' is clicked on

2023-05-12 17:54:04 - [MESSAGE][PASSED] - Object: 'Object Repository/inventoryPage/cart' is clicked on

2023-05-12 17:54:04 - [TEST_STEP][PASSED] - click(findTestObject("Object Repository/CheckoutPage/button_Checkout")): Object: 'Object Repository/CheckoutPage/button_Checkout' is clicked on

2023-05-12 17:54:05 - [MESSAGE][PASSED] - Object: 'Object Repository/CheckoutPage/button_Checkout' is clicked on

2023-05-12 17:54:05 - [TEST_STEP][PASSED] - sendKeys(findTestObject("Object Repository/checkout-step-one/input_Checkout Your Information_firstName"), "demo"): Keys 'demo' sent to object: 'Object Repository/checkout-step-one/input_Checkout Your Information_firstName'

2023-05-12 17:54:05 - [MESSAGE][PASSED] - Keys 'demo' sent to object: 'Object Repository/checkout-step-one/input_Checkout Your Information_firstName'

2023-05-12 17:54:05 - [TEST_STEP][PASSED] - sendKeys(findTestObject("Object Repository/checkout-step-one/input_Checkout Your Information_lastName"), "qa test"): Keys 'qa test' sent to object: 'Object Repository/checkout-step-one/input_Checkout Your Information_lastName'

2023-05-12 17:54:06 - [MESSAGE][PASSED] - Keys 'qa test' sent to object: 'Object Repository/checkout-step-one/input_Checkout Your Information_lastName'

2023-05-12 17:54:06 - [TEST_STEP][PASSED] - sendKeys(findTestObject("Object Repository/checkout-step-one/input_Checkout Your Information_postalCode"), "9000"): Keys '9000' sent to object: 'Object Repository/checkout-step-one/input_Checkout Your Information_postalCode'

2023-05-12 17:54:06 - [MESSAGE][PASSED] - Keys '9000' sent to object: 'Object Repository/checkout-step-one/input_Checkout Your Information_postalCode'

2023-05-12 17:54:06 - [TEST_STEP][PASSED] - click(findTestObject("Object Repository/checkout-step-one/input_continue")): Object: 'Object Repository/checkout-step-one/input_continue' is clicked on

2023-05-12 17:54:07 - [MESSAGE][PASSED] - Object: 'Object Repository/checkout-step-one/input_continue' is clicked on

2023-05-12 17:54:07 - [TEST_STEP][PASSED] - click(findTestObject("Object Repository/finish checkout/button_Finish")): Object: 'Object Repository/finish checkout/button_Finish' is clicked on

2023-05-12 17:54:08 - [MESSAGE][PASSED] - Object: 'Object Repository/finish checkout/button_Finish' is clicked on

2023-05-12 17:54:08 - [TEST_STEP][PASSED] - verifyElementVisible(findTestObject("Object Repository/order-success/h2_Thank you for your order")): Object 'Object Repository/order-success/h2_Thank you for your order' is visible

2023-05-12 17:54:08 - [MESSAGE][PASSED] - Object 'Object Repository/order-success/h2_Thank you for your order' is visible

2023-05-12 17:54:08 - [TEST_STEP][PASSED] - click(findTestObject("Object Repository/NavSideBar/sidebar")): Object: 'Object Repository/NavSideBar/sidebar' is clicked on

2023-05-12 17:54:09 - [MESSAGE][PASSED] - Object: 'Object Repository/NavSideBar/sidebar' is clicked on

2023-05-12 17:54:09 - [TEST_STEP][PASSED] - click(findTestObject("Object Repository/NavSideBar/a_Logout")): Object: 'Object Repository/NavSideBar/a_Logout' is clicked on

2023-05-12 17:54:09 - [MESSAGE][PASSED] - Object: 'Object Repository/NavSideBar/a_Logout' is clicked on

2023-05-12 17:54:09 - [TEST_STEP][PASSED] - verifyElementVisible(findTestObject("Object Repository/Page_Swag Labs/input_Swag Labs_user-name")): Object 'Object Repository/Page_Swag Labs/input_Swag Labs_user-name' is visible

2023-05-12 17:54:10 - [MESSAGE][PASSED] - Object 'Object Repository/Page_Swag Labs/input_Swag Labs_user-name' is visible

2023-05-12 17:54:10 - [TEST_STEP][PASSED] - closeBrowser(): Browser is closed

2023-05-12 17:54:10 - [MESSAGE][PASSED] - Browser is closed]]></system-out>
         <system-err><![CDATA[]]></system-err>
      </testcase>
      <testcase name="Test Cases/test-flow-1-buy-1-product" time="11.785" classname="Test Cases/test-flow-1-buy-1-product" status="PASSED">
         <system-out><![CDATA[2023-05-12 17:54:10 - [TEST_CASE][PASSED] - Test Cases/test-flow-1-buy-1-product: Test Cases/test-flow-1-buy-1-product

2023-05-12 17:54:10 - [TEST_STEP][PASSED] - openBrowser("https://www.saucedemo.com/"): Browser is opened with url: 'https://www.saucedemo.com/'

2023-05-12 17:54:10 - [MESSAGE][INFO] - Starting 'Chrome' driver

2023-05-12 17:54:10 - [MESSAGE][INFO] - Action delay is set to 0 milliseconds

2023-05-12 17:54:12 - [MESSAGE][PASSED] - Browser is opened with url: 'https://www.saucedemo.com/'

2023-05-12 17:54:12 - [TEST_STEP][PASSED] - click(findTestObject("Object Repository/Page_Swag Labs/input_Swag Labs_user-name")): Object: 'Object Repository/Page_Swag Labs/input_Swag Labs_user-name' is clicked on

2023-05-12 17:54:13 - [MESSAGE][PASSED] - Object: 'Object Repository/Page_Swag Labs/input_Swag Labs_user-name' is clicked on

2023-05-12 17:54:13 - [TEST_STEP][PASSED] - sendKeys(findTestObject("Object Repository/Page_Swag Labs/input_Swag Labs_user-name"), "standard_user"): Keys 'standard_user' sent to object: 'Object Repository/Page_Swag Labs/input_Swag Labs_user-name'

2023-05-12 17:54:13 - [MESSAGE][PASSED] - Keys 'standard_user' sent to object: 'Object Repository/Page_Swag Labs/input_Swag Labs_user-name'

2023-05-12 17:54:13 - [TEST_STEP][PASSED] - click(findTestObject("Object Repository/Page_Swag Labs/input_Swag Labs_password")): Object: 'Object Repository/Page_Swag Labs/input_Swag Labs_password' is clicked on

2023-05-12 17:54:13 - [MESSAGE][PASSED] - Object: 'Object Repository/Page_Swag Labs/input_Swag Labs_password' is clicked on

2023-05-12 17:54:13 - [TEST_STEP][PASSED] - sendKeys(findTestObject("Object Repository/Page_Swag Labs/input_Swag Labs_password"), "secret_sauce"): Keys 'secret_sauce' sent to object: 'Object Repository/Page_Swag Labs/input_Swag Labs_password'

2023-05-12 17:54:14 - [MESSAGE][PASSED] - Keys 'secret_sauce' sent to object: 'Object Repository/Page_Swag Labs/input_Swag Labs_password'

2023-05-12 17:54:14 - [TEST_STEP][PASSED] - click(findTestObject("Object Repository/Page_Swag Labs/input_Swag Labs_login-button")): Object: 'Object Repository/Page_Swag Labs/input_Swag Labs_login-button' is clicked on

2023-05-12 17:54:14 - [MESSAGE][PASSED] - Object: 'Object Repository/Page_Swag Labs/input_Swag Labs_login-button' is clicked on

2023-05-12 17:54:14 - [TEST_STEP][PASSED] - click(findTestObject("Object Repository/inventoryPage/Backpack")): Object: 'Object Repository/inventoryPage/Backpack' is clicked on

2023-05-12 17:54:15 - [MESSAGE][PASSED] - Object: 'Object Repository/inventoryPage/Backpack' is clicked on

2023-05-12 17:54:15 - [TEST_STEP][PASSED] - click(findTestObject("Object Repository/inventoryPage/button_Add to cart")): Object: 'Object Repository/inventoryPage/button_Add to cart' is clicked on

2023-05-12 17:54:15 - [MESSAGE][PASSED] - Object: 'Object Repository/inventoryPage/button_Add to cart' is clicked on

2023-05-12 17:54:15 - [TEST_STEP][PASSED] - click(findTestObject("Object Repository/inventoryPage/products_back-image")): Object: 'Object Repository/inventoryPage/products_back-image' is clicked on

2023-05-12 17:54:16 - [MESSAGE][PASSED] - Object: 'Object Repository/inventoryPage/products_back-image' is clicked on

2023-05-12 17:54:16 - [TEST_STEP][PASSED] - click(findTestObject("Object Repository/inventoryPage/cart")): Object: 'Object Repository/inventoryPage/cart' is clicked on

2023-05-12 17:54:16 - [MESSAGE][PASSED] - Object: 'Object Repository/inventoryPage/cart' is clicked on

2023-05-12 17:54:16 - [TEST_STEP][PASSED] - click(findTestObject("Object Repository/CheckoutPage/button_Checkout")): Object: 'Object Repository/CheckoutPage/button_Checkout' is clicked on

2023-05-12 17:54:17 - [MESSAGE][PASSED] - Object: 'Object Repository/CheckoutPage/button_Checkout' is clicked on

2023-05-12 17:54:17 - [TEST_STEP][PASSED] - sendKeys(findTestObject("Object Repository/checkout-step-one/input_Checkout Your Information_firstName"), "demo"): Keys 'demo' sent to object: 'Object Repository/checkout-step-one/input_Checkout Your Information_firstName'

2023-05-12 17:54:17 - [MESSAGE][PASSED] - Keys 'demo' sent to object: 'Object Repository/checkout-step-one/input_Checkout Your Information_firstName'

2023-05-12 17:54:17 - [TEST_STEP][PASSED] - sendKeys(findTestObject("Object Repository/checkout-step-one/input_Checkout Your Information_lastName"), "qa test"): Keys 'qa test' sent to object: 'Object Repository/checkout-step-one/input_Checkout Your Information_lastName'

2023-05-12 17:54:18 - [MESSAGE][PASSED] - Keys 'qa test' sent to object: 'Object Repository/checkout-step-one/input_Checkout Your Information_lastName'

2023-05-12 17:54:18 - [TEST_STEP][PASSED] - sendKeys(findTestObject("Object Repository/checkout-step-one/input_Checkout Your Information_postalCode"), "9000"): Keys '9000' sent to object: 'Object Repository/checkout-step-one/input_Checkout Your Information_postalCode'

2023-05-12 17:54:18 - [MESSAGE][PASSED] - Keys '9000' sent to object: 'Object Repository/checkout-step-one/input_Checkout Your Information_postalCode'

2023-05-12 17:54:18 - [TEST_STEP][PASSED] - click(findTestObject("Object Repository/checkout-step-one/input_continue")): Object: 'Object Repository/checkout-step-one/input_continue' is clicked on

2023-05-12 17:54:19 - [MESSAGE][PASSED] - Object: 'Object Repository/checkout-step-one/input_continue' is clicked on

2023-05-12 17:54:19 - [TEST_STEP][PASSED] - click(findTestObject("Object Repository/finish checkout/button_Finish")): Object: 'Object Repository/finish checkout/button_Finish' is clicked on

2023-05-12 17:54:20 - [MESSAGE][PASSED] - Object: 'Object Repository/finish checkout/button_Finish' is clicked on

2023-05-12 17:54:20 - [TEST_STEP][PASSED] - verifyElementVisible(findTestObject("Object Repository/order-success/h2_Thank you for your order")): Object 'Object Repository/order-success/h2_Thank you for your order' is visible

2023-05-12 17:54:20 - [MESSAGE][PASSED] - Object 'Object Repository/order-success/h2_Thank you for your order' is visible

2023-05-12 17:54:20 - [TEST_STEP][PASSED] - click(findTestObject("Object Repository/NavSideBar/sidebar")): Object: 'Object Repository/NavSideBar/sidebar' is clicked on

2023-05-12 17:54:20 - [MESSAGE][PASSED] - Object: 'Object Repository/NavSideBar/sidebar' is clicked on

2023-05-12 17:54:20 - [TEST_STEP][PASSED] - click(findTestObject("Object Repository/NavSideBar/a_Logout")): Object: 'Object Repository/NavSideBar/a_Logout' is clicked on

2023-05-12 17:54:21 - [MESSAGE][PASSED] - Object: 'Object Repository/NavSideBar/a_Logout' is clicked on

2023-05-12 17:54:21 - [TEST_STEP][PASSED] - verifyElementVisible(findTestObject("Object Repository/Page_Swag Labs/input_Swag Labs_user-name")): Object 'Object Repository/Page_Swag Labs/input_Swag Labs_user-name' is visible

2023-05-12 17:54:21 - [MESSAGE][PASSED] - Object 'Object Repository/Page_Swag Labs/input_Swag Labs_user-name' is visible

2023-05-12 17:54:21 - [TEST_STEP][PASSED] - closeBrowser(): Browser is closed

2023-05-12 17:54:22 - [MESSAGE][PASSED] - Browser is closed]]></system-out>
         <system-err><![CDATA[]]></system-err>
      </testcase>
      <system-out><![CDATA[2023-05-12 17:50:24 - [TEST_SUITE][PASSED] - simple case: Test Cases/test-flow-1-buy-1-product]]></system-out>
      <system-err><![CDATA[]]></system-err>
   </testsuite>
   <testsuite name="simple case" tests="20" failures="0" errors="0" time="240.588" skipped="0" timestamp="2023-05-12 17:54:25" hostname="minh.nguyen - 5YHW2D3" id="Test Suites/simple case">
      <properties>
         <property name="deviceName" value=""/>
         <property name="devicePlatform" value=""/>
         <property name="logFolder" value="C:\\Users\\minh.nguyen\\Desktop\\GitRepo\\tri-nhan-repo\\Reports\\20230512_171239\\simple case\\20230512_171300"/>
         <property name="logFiles" value="C:\\Users\\minh.nguyen\\Desktop\\GitRepo\\tri-nhan-repo\\Reports\\20230512_171239\\simple case\\20230512_171300\\execution0.log"/>
         <property name="attachments" value=""/>
         <property name="hostName" value="minh.nguyen - 5YHW2D3"/>
         <property name="os" value="Windows 10 64bit"/>
         <property name="katalonVersion" value="8.5.5.208"/>
         <property name="browser" value="Chrome 112.0.0.0"/>
         <property name="hostAddress" value="192.168.1.86"/>
         <property name="sessionId" value="f2d99877fe355325ed48b80fefce5bc2"/>
         <property name="seleniumVersion" value="3.141.59"/>
         <property name="proxyInformation" value="ProxyInformation { proxyOption=NO_PROXY, proxyServerType=HTTP, username=, password=********, proxyServerAddress=, proxyServerPort=0, executionList=&quot;&quot;, isApplyToDesiredCapabilities=true }"/>
         <property name="platform" value="Windows 10"/>
      </properties>
      <testcase name="Test Cases/test-flow-1-buy-1-product" time="12.826" classname="Test Cases/test-flow-1-buy-1-product" status="PASSED">
         <system-out><![CDATA[2023-05-12 17:54:25 - [TEST_CASE][PASSED] - Test Cases/test-flow-1-buy-1-product: Test Cases/test-flow-1-buy-1-product

2023-05-12 17:54:26 - [TEST_STEP][PASSED] - openBrowser("https://www.saucedemo.com/"): Browser is opened with url: 'https://www.saucedemo.com/'

2023-05-12 17:54:26 - [MESSAGE][INFO] - Starting 'Chrome' driver

2023-05-12 17:54:26 - [MESSAGE][INFO] - Action delay is set to 0 milliseconds

2023-05-12 17:54:29 - [MESSAGE][PASSED] - Browser is opened with url: 'https://www.saucedemo.com/'

2023-05-12 17:54:29 - [TEST_STEP][PASSED] - click(findTestObject("Object Repository/Page_Swag Labs/input_Swag Labs_user-name")): Object: 'Object Repository/Page_Swag Labs/input_Swag Labs_user-name' is clicked on

2023-05-12 17:54:29 - [MESSAGE][PASSED] - Object: 'Object Repository/Page_Swag Labs/input_Swag Labs_user-name' is clicked on

2023-05-12 17:54:29 - [TEST_STEP][PASSED] - sendKeys(findTestObject("Object Repository/Page_Swag Labs/input_Swag Labs_user-name"), "standard_user"): Keys 'standard_user' sent to object: 'Object Repository/Page_Swag Labs/input_Swag Labs_user-name'

2023-05-12 17:54:29 - [MESSAGE][PASSED] - Keys 'standard_user' sent to object: 'Object Repository/Page_Swag Labs/input_Swag Labs_user-name'

2023-05-12 17:54:29 - [TEST_STEP][PASSED] - click(findTestObject("Object Repository/Page_Swag Labs/input_Swag Labs_password")): Object: 'Object Repository/Page_Swag Labs/input_Swag Labs_password' is clicked on

2023-05-12 17:54:30 - [MESSAGE][PASSED] - Object: 'Object Repository/Page_Swag Labs/input_Swag Labs_password' is clicked on

2023-05-12 17:54:30 - [TEST_STEP][PASSED] - sendKeys(findTestObject("Object Repository/Page_Swag Labs/input_Swag Labs_password"), "secret_sauce"): Keys 'secret_sauce' sent to object: 'Object Repository/Page_Swag Labs/input_Swag Labs_password'

2023-05-12 17:54:30 - [MESSAGE][PASSED] - Keys 'secret_sauce' sent to object: 'Object Repository/Page_Swag Labs/input_Swag Labs_password'

2023-05-12 17:54:30 - [TEST_STEP][PASSED] - click(findTestObject("Object Repository/Page_Swag Labs/input_Swag Labs_login-button")): Object: 'Object Repository/Page_Swag Labs/input_Swag Labs_login-button' is clicked on

2023-05-12 17:54:30 - [MESSAGE][PASSED] - Object: 'Object Repository/Page_Swag Labs/input_Swag Labs_login-button' is clicked on

2023-05-12 17:54:30 - [TEST_STEP][PASSED] - click(findTestObject("Object Repository/inventoryPage/Backpack")): Object: 'Object Repository/inventoryPage/Backpack' is clicked on

2023-05-12 17:54:31 - [MESSAGE][PASSED] - Object: 'Object Repository/inventoryPage/Backpack' is clicked on

2023-05-12 17:54:31 - [TEST_STEP][PASSED] - click(findTestObject("Object Repository/inventoryPage/button_Add to cart")): Object: 'Object Repository/inventoryPage/button_Add to cart' is clicked on

2023-05-12 17:54:31 - [MESSAGE][PASSED] - Object: 'Object Repository/inventoryPage/button_Add to cart' is clicked on

2023-05-12 17:54:31 - [TEST_STEP][PASSED] - click(findTestObject("Object Repository/inventoryPage/products_back-image")): Object: 'Object Repository/inventoryPage/products_back-image' is clicked on

2023-05-12 17:54:32 - [MESSAGE][PASSED] - Object: 'Object Repository/inventoryPage/products_back-image' is clicked on

2023-05-12 17:54:32 - [TEST_STEP][PASSED] - click(findTestObject("Object Repository/inventoryPage/cart")): Object: 'Object Repository/inventoryPage/cart' is clicked on

2023-05-12 17:54:32 - [MESSAGE][PASSED] - Object: 'Object Repository/inventoryPage/cart' is clicked on

2023-05-12 17:54:32 - [TEST_STEP][PASSED] - click(findTestObject("Object Repository/CheckoutPage/button_Checkout")): Object: 'Object Repository/CheckoutPage/button_Checkout' is clicked on

2023-05-12 17:54:33 - [MESSAGE][PASSED] - Object: 'Object Repository/CheckoutPage/button_Checkout' is clicked on

2023-05-12 17:54:33 - [TEST_STEP][PASSED] - sendKeys(findTestObject("Object Repository/checkout-step-one/input_Checkout Your Information_firstName"), "demo"): Keys 'demo' sent to object: 'Object Repository/checkout-step-one/input_Checkout Your Information_firstName'

2023-05-12 17:54:34 - [MESSAGE][PASSED] - Keys 'demo' sent to object: 'Object Repository/checkout-step-one/input_Checkout Your Information_firstName'

2023-05-12 17:54:34 - [TEST_STEP][PASSED] - sendKeys(findTestObject("Object Repository/checkout-step-one/input_Checkout Your Information_lastName"), "qa test"): Keys 'qa test' sent to object: 'Object Repository/checkout-step-one/input_Checkout Your Information_lastName'

2023-05-12 17:54:34 - [MESSAGE][PASSED] - Keys 'qa test' sent to object: 'Object Repository/checkout-step-one/input_Checkout Your Information_lastName'

2023-05-12 17:54:34 - [TEST_STEP][PASSED] - sendKeys(findTestObject("Object Repository/checkout-step-one/input_Checkout Your Information_postalCode"), "9000"): Keys '9000' sent to object: 'Object Repository/checkout-step-one/input_Checkout Your Information_postalCode'

2023-05-12 17:54:35 - [MESSAGE][PASSED] - Keys '9000' sent to object: 'Object Repository/checkout-step-one/input_Checkout Your Information_postalCode'

2023-05-12 17:54:35 - [TEST_STEP][PASSED] - click(findTestObject("Object Repository/checkout-step-one/input_continue")): Object: 'Object Repository/checkout-step-one/input_continue' is clicked on

2023-05-12 17:54:35 - [MESSAGE][PASSED] - Object: 'Object Repository/checkout-step-one/input_continue' is clicked on

2023-05-12 17:54:35 - [TEST_STEP][PASSED] - click(findTestObject("Object Repository/finish checkout/button_Finish")): Object: 'Object Repository/finish checkout/button_Finish' is clicked on

2023-05-12 17:54:36 - [MESSAGE][PASSED] - Object: 'Object Repository/finish checkout/button_Finish' is clicked on

2023-05-12 17:54:36 - [TEST_STEP][PASSED] - verifyElementVisible(findTestObject("Object Repository/order-success/h2_Thank you for your order")): Object 'Object Repository/order-success/h2_Thank you for your order' is visible

2023-05-12 17:54:36 - [MESSAGE][PASSED] - Object 'Object Repository/order-success/h2_Thank you for your order' is visible

2023-05-12 17:54:36 - [TEST_STEP][PASSED] - click(findTestObject("Object Repository/NavSideBar/sidebar")): Object: 'Object Repository/NavSideBar/sidebar' is clicked on

2023-05-12 17:54:37 - [MESSAGE][PASSED] - Object: 'Object Repository/NavSideBar/sidebar' is clicked on

2023-05-12 17:54:37 - [TEST_STEP][PASSED] - click(findTestObject("Object Repository/NavSideBar/a_Logout")): Object: 'Object Repository/NavSideBar/a_Logout' is clicked on

2023-05-12 17:54:37 - [MESSAGE][PASSED] - Object: 'Object Repository/NavSideBar/a_Logout' is clicked on

2023-05-12 17:54:37 - [TEST_STEP][PASSED] - verifyElementVisible(findTestObject("Object Repository/Page_Swag Labs/input_Swag Labs_user-name")): Object 'Object Repository/Page_Swag Labs/input_Swag Labs_user-name' is visible

2023-05-12 17:54:38 - [MESSAGE][PASSED] - Object 'Object Repository/Page_Swag Labs/input_Swag Labs_user-name' is visible

2023-05-12 17:54:38 - [TEST_STEP][PASSED] - closeBrowser(): Browser is closed

2023-05-12 17:54:38 - [MESSAGE][PASSED] - Browser is closed]]></system-out>
         <system-err><![CDATA[]]></system-err>
      </testcase>
      <testcase name="Test Cases/test-flow-1-buy-1-product" time="11.827" classname="Test Cases/test-flow-1-buy-1-product" status="PASSED">
         <system-out><![CDATA[2023-05-12 17:54:38 - [TEST_CASE][PASSED] - Test Cases/test-flow-1-buy-1-product: Test Cases/test-flow-1-buy-1-product

2023-05-12 17:54:38 - [TEST_STEP][PASSED] - openBrowser("https://www.saucedemo.com/"): Browser is opened with url: 'https://www.saucedemo.com/'

2023-05-12 17:54:38 - [MESSAGE][INFO] - Starting 'Chrome' driver

2023-05-12 17:54:38 - [MESSAGE][INFO] - Action delay is set to 0 milliseconds

2023-05-12 17:54:40 - [MESSAGE][PASSED] - Browser is opened with url: 'https://www.saucedemo.com/'

2023-05-12 17:54:40 - [TEST_STEP][PASSED] - click(findTestObject("Object Repository/Page_Swag Labs/input_Swag Labs_user-name")): Object: 'Object Repository/Page_Swag Labs/input_Swag Labs_user-name' is clicked on

2023-05-12 17:54:41 - [MESSAGE][PASSED] - Object: 'Object Repository/Page_Swag Labs/input_Swag Labs_user-name' is clicked on

2023-05-12 17:54:41 - [TEST_STEP][PASSED] - sendKeys(findTestObject("Object Repository/Page_Swag Labs/input_Swag Labs_user-name"), "standard_user"): Keys 'standard_user' sent to object: 'Object Repository/Page_Swag Labs/input_Swag Labs_user-name'

2023-05-12 17:54:41 - [MESSAGE][PASSED] - Keys 'standard_user' sent to object: 'Object Repository/Page_Swag Labs/input_Swag Labs_user-name'

2023-05-12 17:54:41 - [TEST_STEP][PASSED] - click(findTestObject("Object Repository/Page_Swag Labs/input_Swag Labs_password")): Object: 'Object Repository/Page_Swag Labs/input_Swag Labs_password' is clicked on

2023-05-12 17:54:41 - [MESSAGE][PASSED] - Object: 'Object Repository/Page_Swag Labs/input_Swag Labs_password' is clicked on

2023-05-12 17:54:41 - [TEST_STEP][PASSED] - sendKeys(findTestObject("Object Repository/Page_Swag Labs/input_Swag Labs_password"), "secret_sauce"): Keys 'secret_sauce' sent to object: 'Object Repository/Page_Swag Labs/input_Swag Labs_password'

2023-05-12 17:54:42 - [MESSAGE][PASSED] - Keys 'secret_sauce' sent to object: 'Object Repository/Page_Swag Labs/input_Swag Labs_password'

2023-05-12 17:54:42 - [TEST_STEP][PASSED] - click(findTestObject("Object Repository/Page_Swag Labs/input_Swag Labs_login-button")): Object: 'Object Repository/Page_Swag Labs/input_Swag Labs_login-button' is clicked on

2023-05-12 17:54:42 - [MESSAGE][PASSED] - Object: 'Object Repository/Page_Swag Labs/input_Swag Labs_login-button' is clicked on

2023-05-12 17:54:42 - [TEST_STEP][PASSED] - click(findTestObject("Object Repository/inventoryPage/Backpack")): Object: 'Object Repository/inventoryPage/Backpack' is clicked on

2023-05-12 17:54:43 - [MESSAGE][PASSED] - Object: 'Object Repository/inventoryPage/Backpack' is clicked on

2023-05-12 17:54:43 - [TEST_STEP][PASSED] - click(findTestObject("Object Repository/inventoryPage/button_Add to cart")): Object: 'Object Repository/inventoryPage/button_Add to cart' is clicked on

2023-05-12 17:54:43 - [MESSAGE][PASSED] - Object: 'Object Repository/inventoryPage/button_Add to cart' is clicked on

2023-05-12 17:54:43 - [TEST_STEP][PASSED] - click(findTestObject("Object Repository/inventoryPage/products_back-image")): Object: 'Object Repository/inventoryPage/products_back-image' is clicked on

2023-05-12 17:54:44 - [MESSAGE][PASSED] - Object: 'Object Repository/inventoryPage/products_back-image' is clicked on

2023-05-12 17:54:44 - [TEST_STEP][PASSED] - click(findTestObject("Object Repository/inventoryPage/cart")): Object: 'Object Repository/inventoryPage/cart' is clicked on

2023-05-12 17:54:44 - [MESSAGE][PASSED] - Object: 'Object Repository/inventoryPage/cart' is clicked on

2023-05-12 17:54:44 - [TEST_STEP][PASSED] - click(findTestObject("Object Repository/CheckoutPage/button_Checkout")): Object: 'Object Repository/CheckoutPage/button_Checkout' is clicked on

2023-05-12 17:54:45 - [MESSAGE][PASSED] - Object: 'Object Repository/CheckoutPage/button_Checkout' is clicked on

2023-05-12 17:54:45 - [TEST_STEP][PASSED] - sendKeys(findTestObject("Object Repository/checkout-step-one/input_Checkout Your Information_firstName"), "demo"): Keys 'demo' sent to object: 'Object Repository/checkout-step-one/input_Checkout Your Information_firstName'

2023-05-12 17:54:45 - [MESSAGE][PASSED] - Keys 'demo' sent to object: 'Object Repository/checkout-step-one/input_Checkout Your Information_firstName'

2023-05-12 17:54:45 - [TEST_STEP][PASSED] - sendKeys(findTestObject("Object Repository/checkout-step-one/input_Checkout Your Information_lastName"), "qa test"): Keys 'qa test' sent to object: 'Object Repository/checkout-step-one/input_Checkout Your Information_lastName'

2023-05-12 17:54:46 - [MESSAGE][PASSED] - Keys 'qa test' sent to object: 'Object Repository/checkout-step-one/input_Checkout Your Information_lastName'

2023-05-12 17:54:46 - [TEST_STEP][PASSED] - sendKeys(findTestObject("Object Repository/checkout-step-one/input_Checkout Your Information_postalCode"), "9000"): Keys '9000' sent to object: 'Object Repository/checkout-step-one/input_Checkout Your Information_postalCode'

2023-05-12 17:54:46 - [MESSAGE][PASSED] - Keys '9000' sent to object: 'Object Repository/checkout-step-one/input_Checkout Your Information_postalCode'

2023-05-12 17:54:46 - [TEST_STEP][PASSED] - click(findTestObject("Object Repository/checkout-step-one/input_continue")): Object: 'Object Repository/checkout-step-one/input_continue' is clicked on

2023-05-12 17:54:47 - [MESSAGE][PASSED] - Object: 'Object Repository/checkout-step-one/input_continue' is clicked on

2023-05-12 17:54:47 - [TEST_STEP][PASSED] - click(findTestObject("Object Repository/finish checkout/button_Finish")): Object: 'Object Repository/finish checkout/button_Finish' is clicked on

2023-05-12 17:54:47 - [MESSAGE][PASSED] - Object: 'Object Repository/finish checkout/button_Finish' is clicked on

2023-05-12 17:54:47 - [TEST_STEP][PASSED] - verifyElementVisible(findTestObject("Object Repository/order-success/h2_Thank you for your order")): Object 'Object Repository/order-success/h2_Thank you for your order' is visible

2023-05-12 17:54:48 - [MESSAGE][PASSED] - Object 'Object Repository/order-success/h2_Thank you for your order' is visible

2023-05-12 17:54:48 - [TEST_STEP][PASSED] - click(findTestObject("Object Repository/NavSideBar/sidebar")): Object: 'Object Repository/NavSideBar/sidebar' is clicked on

2023-05-12 17:54:48 - [MESSAGE][PASSED] - Object: 'Object Repository/NavSideBar/sidebar' is clicked on

2023-05-12 17:54:48 - [TEST_STEP][PASSED] - click(findTestObject("Object Repository/NavSideBar/a_Logout")): Object: 'Object Repository/NavSideBar/a_Logout' is clicked on

2023-05-12 17:54:49 - [MESSAGE][PASSED] - Object: 'Object Repository/NavSideBar/a_Logout' is clicked on

2023-05-12 17:54:49 - [TEST_STEP][PASSED] - verifyElementVisible(findTestObject("Object Repository/Page_Swag Labs/input_Swag Labs_user-name")): Object 'Object Repository/Page_Swag Labs/input_Swag Labs_user-name' is visible

2023-05-12 17:54:49 - [MESSAGE][PASSED] - Object 'Object Repository/Page_Swag Labs/input_Swag Labs_user-name' is visible

2023-05-12 17:54:49 - [TEST_STEP][PASSED] - closeBrowser(): Browser is closed

2023-05-12 17:54:50 - [MESSAGE][PASSED] - Browser is closed]]></system-out>
         <system-err><![CDATA[]]></system-err>
      </testcase>
      <testcase name="Test Cases/test-flow-1-buy-1-product" time="11.781" classname="Test Cases/test-flow-1-buy-1-product" status="PASSED">
         <system-out><![CDATA[2023-05-12 17:54:50 - [TEST_CASE][PASSED] - Test Cases/test-flow-1-buy-1-product: Test Cases/test-flow-1-buy-1-product

2023-05-12 17:54:50 - [TEST_STEP][PASSED] - openBrowser("https://www.saucedemo.com/"): Browser is opened with url: 'https://www.saucedemo.com/'

2023-05-12 17:54:50 - [MESSAGE][INFO] - Starting 'Chrome' driver

2023-05-12 17:54:50 - [MESSAGE][INFO] - Action delay is set to 0 milliseconds

2023-05-12 17:54:52 - [MESSAGE][PASSED] - Browser is opened with url: 'https://www.saucedemo.com/'

2023-05-12 17:54:52 - [TEST_STEP][PASSED] - click(findTestObject("Object Repository/Page_Swag Labs/input_Swag Labs_user-name")): Object: 'Object Repository/Page_Swag Labs/input_Swag Labs_user-name' is clicked on

2023-05-12 17:54:53 - [MESSAGE][PASSED] - Object: 'Object Repository/Page_Swag Labs/input_Swag Labs_user-name' is clicked on

2023-05-12 17:54:53 - [TEST_STEP][PASSED] - sendKeys(findTestObject("Object Repository/Page_Swag Labs/input_Swag Labs_user-name"), "standard_user"): Keys 'standard_user' sent to object: 'Object Repository/Page_Swag Labs/input_Swag Labs_user-name'

2023-05-12 17:54:53 - [MESSAGE][PASSED] - Keys 'standard_user' sent to object: 'Object Repository/Page_Swag Labs/input_Swag Labs_user-name'

2023-05-12 17:54:53 - [TEST_STEP][PASSED] - click(findTestObject("Object Repository/Page_Swag Labs/input_Swag Labs_password")): Object: 'Object Repository/Page_Swag Labs/input_Swag Labs_password' is clicked on

2023-05-12 17:54:53 - [MESSAGE][PASSED] - Object: 'Object Repository/Page_Swag Labs/input_Swag Labs_password' is clicked on

2023-05-12 17:54:53 - [TEST_STEP][PASSED] - sendKeys(findTestObject("Object Repository/Page_Swag Labs/input_Swag Labs_password"), "secret_sauce"): Keys 'secret_sauce' sent to object: 'Object Repository/Page_Swag Labs/input_Swag Labs_password'

2023-05-12 17:54:54 - [MESSAGE][PASSED] - Keys 'secret_sauce' sent to object: 'Object Repository/Page_Swag Labs/input_Swag Labs_password'

2023-05-12 17:54:54 - [TEST_STEP][PASSED] - click(findTestObject("Object Repository/Page_Swag Labs/input_Swag Labs_login-button")): Object: 'Object Repository/Page_Swag Labs/input_Swag Labs_login-button' is clicked on

2023-05-12 17:54:54 - [MESSAGE][PASSED] - Object: 'Object Repository/Page_Swag Labs/input_Swag Labs_login-button' is clicked on

2023-05-12 17:54:54 - [TEST_STEP][PASSED] - click(findTestObject("Object Repository/inventoryPage/Backpack")): Object: 'Object Repository/inventoryPage/Backpack' is clicked on

2023-05-12 17:54:54 - [MESSAGE][PASSED] - Object: 'Object Repository/inventoryPage/Backpack' is clicked on

2023-05-12 17:54:54 - [TEST_STEP][PASSED] - click(findTestObject("Object Repository/inventoryPage/button_Add to cart")): Object: 'Object Repository/inventoryPage/button_Add to cart' is clicked on

2023-05-12 17:54:55 - [MESSAGE][PASSED] - Object: 'Object Repository/inventoryPage/button_Add to cart' is clicked on

2023-05-12 17:54:55 - [TEST_STEP][PASSED] - click(findTestObject("Object Repository/inventoryPage/products_back-image")): Object: 'Object Repository/inventoryPage/products_back-image' is clicked on

2023-05-12 17:54:55 - [MESSAGE][PASSED] - Object: 'Object Repository/inventoryPage/products_back-image' is clicked on

2023-05-12 17:54:55 - [TEST_STEP][PASSED] - click(findTestObject("Object Repository/inventoryPage/cart")): Object: 'Object Repository/inventoryPage/cart' is clicked on

2023-05-12 17:54:56 - [MESSAGE][PASSED] - Object: 'Object Repository/inventoryPage/cart' is clicked on

2023-05-12 17:54:56 - [TEST_STEP][PASSED] - click(findTestObject("Object Repository/CheckoutPage/button_Checkout")): Object: 'Object Repository/CheckoutPage/button_Checkout' is clicked on

2023-05-12 17:54:56 - [MESSAGE][PASSED] - Object: 'Object Repository/CheckoutPage/button_Checkout' is clicked on

2023-05-12 17:54:56 - [TEST_STEP][PASSED] - sendKeys(findTestObject("Object Repository/checkout-step-one/input_Checkout Your Information_firstName"), "demo"): Keys 'demo' sent to object: 'Object Repository/checkout-step-one/input_Checkout Your Information_firstName'

2023-05-12 17:54:57 - [MESSAGE][PASSED] - Keys 'demo' sent to object: 'Object Repository/checkout-step-one/input_Checkout Your Information_firstName'

2023-05-12 17:54:57 - [TEST_STEP][PASSED] - sendKeys(findTestObject("Object Repository/checkout-step-one/input_Checkout Your Information_lastName"), "qa test"): Keys 'qa test' sent to object: 'Object Repository/checkout-step-one/input_Checkout Your Information_lastName'

2023-05-12 17:54:58 - [MESSAGE][PASSED] - Keys 'qa test' sent to object: 'Object Repository/checkout-step-one/input_Checkout Your Information_lastName'

2023-05-12 17:54:58 - [TEST_STEP][PASSED] - sendKeys(findTestObject("Object Repository/checkout-step-one/input_Checkout Your Information_postalCode"), "9000"): Keys '9000' sent to object: 'Object Repository/checkout-step-one/input_Checkout Your Information_postalCode'

2023-05-12 17:54:58 - [MESSAGE][PASSED] - Keys '9000' sent to object: 'Object Repository/checkout-step-one/input_Checkout Your Information_postalCode'

2023-05-12 17:54:58 - [TEST_STEP][PASSED] - click(findTestObject("Object Repository/checkout-step-one/input_continue")): Object: 'Object Repository/checkout-step-one/input_continue' is clicked on

2023-05-12 17:54:59 - [MESSAGE][PASSED] - Object: 'Object Repository/checkout-step-one/input_continue' is clicked on

2023-05-12 17:54:59 - [TEST_STEP][PASSED] - click(findTestObject("Object Repository/finish checkout/button_Finish")): Object: 'Object Repository/finish checkout/button_Finish' is clicked on

2023-05-12 17:54:59 - [MESSAGE][PASSED] - Object: 'Object Repository/finish checkout/button_Finish' is clicked on

2023-05-12 17:54:59 - [TEST_STEP][PASSED] - verifyElementVisible(findTestObject("Object Repository/order-success/h2_Thank you for your order")): Object 'Object Repository/order-success/h2_Thank you for your order' is visible

2023-05-12 17:55:00 - [MESSAGE][PASSED] - Object 'Object Repository/order-success/h2_Thank you for your order' is visible

2023-05-12 17:55:00 - [TEST_STEP][PASSED] - click(findTestObject("Object Repository/NavSideBar/sidebar")): Object: 'Object Repository/NavSideBar/sidebar' is clicked on

2023-05-12 17:55:00 - [MESSAGE][PASSED] - Object: 'Object Repository/NavSideBar/sidebar' is clicked on

2023-05-12 17:55:00 - [TEST_STEP][PASSED] - click(findTestObject("Object Repository/NavSideBar/a_Logout")): Object: 'Object Repository/NavSideBar/a_Logout' is clicked on

2023-05-12 17:55:01 - [MESSAGE][PASSED] - Object: 'Object Repository/NavSideBar/a_Logout' is clicked on

2023-05-12 17:55:01 - [TEST_STEP][PASSED] - verifyElementVisible(findTestObject("Object Repository/Page_Swag Labs/input_Swag Labs_user-name")): Object 'Object Repository/Page_Swag Labs/input_Swag Labs_user-name' is visible

2023-05-12 17:55:01 - [MESSAGE][PASSED] - Object 'Object Repository/Page_Swag Labs/input_Swag Labs_user-name' is visible

2023-05-12 17:55:01 - [TEST_STEP][PASSED] - closeBrowser(): Browser is closed

2023-05-12 17:55:02 - [MESSAGE][PASSED] - Browser is closed]]></system-out>
         <system-err><![CDATA[]]></system-err>
      </testcase>
      <testcase name="Test Cases/test-flow-1-buy-1-product" time="11.743" classname="Test Cases/test-flow-1-buy-1-product" status="PASSED">
         <system-out><![CDATA[2023-05-12 17:55:02 - [TEST_CASE][PASSED] - Test Cases/test-flow-1-buy-1-product: Test Cases/test-flow-1-buy-1-product

2023-05-12 17:55:02 - [TEST_STEP][PASSED] - openBrowser("https://www.saucedemo.com/"): Browser is opened with url: 'https://www.saucedemo.com/'

2023-05-12 17:55:02 - [MESSAGE][INFO] - Starting 'Chrome' driver

2023-05-12 17:55:02 - [MESSAGE][INFO] - Action delay is set to 0 milliseconds

2023-05-12 17:55:04 - [MESSAGE][PASSED] - Browser is opened with url: 'https://www.saucedemo.com/'

2023-05-12 17:55:04 - [TEST_STEP][PASSED] - click(findTestObject("Object Repository/Page_Swag Labs/input_Swag Labs_user-name")): Object: 'Object Repository/Page_Swag Labs/input_Swag Labs_user-name' is clicked on

2023-05-12 17:55:04 - [MESSAGE][PASSED] - Object: 'Object Repository/Page_Swag Labs/input_Swag Labs_user-name' is clicked on

2023-05-12 17:55:04 - [TEST_STEP][PASSED] - sendKeys(findTestObject("Object Repository/Page_Swag Labs/input_Swag Labs_user-name"), "standard_user"): Keys 'standard_user' sent to object: 'Object Repository/Page_Swag Labs/input_Swag Labs_user-name'

2023-05-12 17:55:05 - [MESSAGE][PASSED] - Keys 'standard_user' sent to object: 'Object Repository/Page_Swag Labs/input_Swag Labs_user-name'

2023-05-12 17:55:05 - [TEST_STEP][PASSED] - click(findTestObject("Object Repository/Page_Swag Labs/input_Swag Labs_password")): Object: 'Object Repository/Page_Swag Labs/input_Swag Labs_password' is clicked on

2023-05-12 17:55:05 - [MESSAGE][PASSED] - Object: 'Object Repository/Page_Swag Labs/input_Swag Labs_password' is clicked on

2023-05-12 17:55:05 - [TEST_STEP][PASSED] - sendKeys(findTestObject("Object Repository/Page_Swag Labs/input_Swag Labs_password"), "secret_sauce"): Keys 'secret_sauce' sent to object: 'Object Repository/Page_Swag Labs/input_Swag Labs_password'

2023-05-12 17:55:05 - [MESSAGE][PASSED] - Keys 'secret_sauce' sent to object: 'Object Repository/Page_Swag Labs/input_Swag Labs_password'

2023-05-12 17:55:05 - [TEST_STEP][PASSED] - click(findTestObject("Object Repository/Page_Swag Labs/input_Swag Labs_login-button")): Object: 'Object Repository/Page_Swag Labs/input_Swag Labs_login-button' is clicked on

2023-05-12 17:55:06 - [MESSAGE][PASSED] - Object: 'Object Repository/Page_Swag Labs/input_Swag Labs_login-button' is clicked on

2023-05-12 17:55:06 - [TEST_STEP][PASSED] - click(findTestObject("Object Repository/inventoryPage/Backpack")): Object: 'Object Repository/inventoryPage/Backpack' is clicked on

2023-05-12 17:55:06 - [MESSAGE][PASSED] - Object: 'Object Repository/inventoryPage/Backpack' is clicked on

2023-05-12 17:55:06 - [TEST_STEP][PASSED] - click(findTestObject("Object Repository/inventoryPage/button_Add to cart")): Object: 'Object Repository/inventoryPage/button_Add to cart' is clicked on

2023-05-12 17:55:07 - [MESSAGE][PASSED] - Object: 'Object Repository/inventoryPage/button_Add to cart' is clicked on

2023-05-12 17:55:07 - [TEST_STEP][PASSED] - click(findTestObject("Object Repository/inventoryPage/products_back-image")): Object: 'Object Repository/inventoryPage/products_back-image' is clicked on

2023-05-12 17:55:07 - [MESSAGE][PASSED] - Object: 'Object Repository/inventoryPage/products_back-image' is clicked on

2023-05-12 17:55:07 - [TEST_STEP][PASSED] - click(findTestObject("Object Repository/inventoryPage/cart")): Object: 'Object Repository/inventoryPage/cart' is clicked on

2023-05-12 17:55:08 - [MESSAGE][PASSED] - Object: 'Object Repository/inventoryPage/cart' is clicked on

2023-05-12 17:55:08 - [TEST_STEP][PASSED] - click(findTestObject("Object Repository/CheckoutPage/button_Checkout")): Object: 'Object Repository/CheckoutPage/button_Checkout' is clicked on

2023-05-12 17:55:08 - [MESSAGE][PASSED] - Object: 'Object Repository/CheckoutPage/button_Checkout' is clicked on

2023-05-12 17:55:08 - [TEST_STEP][PASSED] - sendKeys(findTestObject("Object Repository/checkout-step-one/input_Checkout Your Information_firstName"), "demo"): Keys 'demo' sent to object: 'Object Repository/checkout-step-one/input_Checkout Your Information_firstName'

2023-05-12 17:55:09 - [MESSAGE][PASSED] - Keys 'demo' sent to object: 'Object Repository/checkout-step-one/input_Checkout Your Information_firstName'

2023-05-12 17:55:09 - [TEST_STEP][PASSED] - sendKeys(findTestObject("Object Repository/checkout-step-one/input_Checkout Your Information_lastName"), "qa test"): Keys 'qa test' sent to object: 'Object Repository/checkout-step-one/input_Checkout Your Information_lastName'

2023-05-12 17:55:09 - [MESSAGE][PASSED] - Keys 'qa test' sent to object: 'Object Repository/checkout-step-one/input_Checkout Your Information_lastName'

2023-05-12 17:55:09 - [TEST_STEP][PASSED] - sendKeys(findTestObject("Object Repository/checkout-step-one/input_Checkout Your Information_postalCode"), "9000"): Keys '9000' sent to object: 'Object Repository/checkout-step-one/input_Checkout Your Information_postalCode'

2023-05-12 17:55:10 - [MESSAGE][PASSED] - Keys '9000' sent to object: 'Object Repository/checkout-step-one/input_Checkout Your Information_postalCode'

2023-05-12 17:55:10 - [TEST_STEP][PASSED] - click(findTestObject("Object Repository/checkout-step-one/input_continue")): Object: 'Object Repository/checkout-step-one/input_continue' is clicked on

2023-05-12 17:55:11 - [MESSAGE][PASSED] - Object: 'Object Repository/checkout-step-one/input_continue' is clicked on

2023-05-12 17:55:11 - [TEST_STEP][PASSED] - click(findTestObject("Object Repository/finish checkout/button_Finish")): Object: 'Object Repository/finish checkout/button_Finish' is clicked on

2023-05-12 17:55:11 - [MESSAGE][PASSED] - Object: 'Object Repository/finish checkout/button_Finish' is clicked on

2023-05-12 17:55:11 - [TEST_STEP][PASSED] - verifyElementVisible(findTestObject("Object Repository/order-success/h2_Thank you for your order")): Object 'Object Repository/order-success/h2_Thank you for your order' is visible

2023-05-12 17:55:12 - [MESSAGE][PASSED] - Object 'Object Repository/order-success/h2_Thank you for your order' is visible

2023-05-12 17:55:12 - [TEST_STEP][PASSED] - click(findTestObject("Object Repository/NavSideBar/sidebar")): Object: 'Object Repository/NavSideBar/sidebar' is clicked on

2023-05-12 17:55:12 - [MESSAGE][PASSED] - Object: 'Object Repository/NavSideBar/sidebar' is clicked on

2023-05-12 17:55:12 - [TEST_STEP][PASSED] - click(findTestObject("Object Repository/NavSideBar/a_Logout")): Object: 'Object Repository/NavSideBar/a_Logout' is clicked on

2023-05-12 17:55:12 - [MESSAGE][PASSED] - Object: 'Object Repository/NavSideBar/a_Logout' is clicked on

2023-05-12 17:55:12 - [TEST_STEP][PASSED] - verifyElementVisible(findTestObject("Object Repository/Page_Swag Labs/input_Swag Labs_user-name")): Object 'Object Repository/Page_Swag Labs/input_Swag Labs_user-name' is visible

2023-05-12 17:55:13 - [MESSAGE][PASSED] - Object 'Object Repository/Page_Swag Labs/input_Swag Labs_user-name' is visible

2023-05-12 17:55:13 - [TEST_STEP][PASSED] - closeBrowser(): Browser is closed

2023-05-12 17:55:14 - [MESSAGE][PASSED] - Browser is closed]]></system-out>
         <system-err><![CDATA[]]></system-err>
      </testcase>
      <testcase name="Test Cases/test-flow-1-buy-1-product" time="12.061" classname="Test Cases/test-flow-1-buy-1-product" status="PASSED">
         <system-out><![CDATA[2023-05-12 17:55:14 - [TEST_CASE][PASSED] - Test Cases/test-flow-1-buy-1-product: Test Cases/test-flow-1-buy-1-product

2023-05-12 17:55:14 - [TEST_STEP][PASSED] - openBrowser("https://www.saucedemo.com/"): Browser is opened with url: 'https://www.saucedemo.com/'

2023-05-12 17:55:14 - [MESSAGE][INFO] - Starting 'Chrome' driver

2023-05-12 17:55:14 - [MESSAGE][INFO] - Action delay is set to 0 milliseconds

2023-05-12 17:55:16 - [MESSAGE][PASSED] - Browser is opened with url: 'https://www.saucedemo.com/'

2023-05-12 17:55:16 - [TEST_STEP][PASSED] - click(findTestObject("Object Repository/Page_Swag Labs/input_Swag Labs_user-name")): Object: 'Object Repository/Page_Swag Labs/input_Swag Labs_user-name' is clicked on

2023-05-12 17:55:16 - [MESSAGE][PASSED] - Object: 'Object Repository/Page_Swag Labs/input_Swag Labs_user-name' is clicked on

2023-05-12 17:55:16 - [TEST_STEP][PASSED] - sendKeys(findTestObject("Object Repository/Page_Swag Labs/input_Swag Labs_user-name"), "standard_user"): Keys 'standard_user' sent to object: 'Object Repository/Page_Swag Labs/input_Swag Labs_user-name'

2023-05-12 17:55:16 - [MESSAGE][PASSED] - Keys 'standard_user' sent to object: 'Object Repository/Page_Swag Labs/input_Swag Labs_user-name'

2023-05-12 17:55:16 - [TEST_STEP][PASSED] - click(findTestObject("Object Repository/Page_Swag Labs/input_Swag Labs_password")): Object: 'Object Repository/Page_Swag Labs/input_Swag Labs_password' is clicked on

2023-05-12 17:55:17 - [MESSAGE][PASSED] - Object: 'Object Repository/Page_Swag Labs/input_Swag Labs_password' is clicked on

2023-05-12 17:55:17 - [TEST_STEP][PASSED] - sendKeys(findTestObject("Object Repository/Page_Swag Labs/input_Swag Labs_password"), "secret_sauce"): Keys 'secret_sauce' sent to object: 'Object Repository/Page_Swag Labs/input_Swag Labs_password'

2023-05-12 17:55:17 - [MESSAGE][PASSED] - Keys 'secret_sauce' sent to object: 'Object Repository/Page_Swag Labs/input_Swag Labs_password'

2023-05-12 17:55:17 - [TEST_STEP][PASSED] - click(findTestObject("Object Repository/Page_Swag Labs/input_Swag Labs_login-button")): Object: 'Object Repository/Page_Swag Labs/input_Swag Labs_login-button' is clicked on

2023-05-12 17:55:17 - [MESSAGE][PASSED] - Object: 'Object Repository/Page_Swag Labs/input_Swag Labs_login-button' is clicked on

2023-05-12 17:55:17 - [TEST_STEP][PASSED] - click(findTestObject("Object Repository/inventoryPage/Backpack")): Object: 'Object Repository/inventoryPage/Backpack' is clicked on

2023-05-12 17:55:18 - [MESSAGE][PASSED] - Object: 'Object Repository/inventoryPage/Backpack' is clicked on

2023-05-12 17:55:18 - [TEST_STEP][PASSED] - click(findTestObject("Object Repository/inventoryPage/button_Add to cart")): Object: 'Object Repository/inventoryPage/button_Add to cart' is clicked on

2023-05-12 17:55:18 - [MESSAGE][PASSED] - Object: 'Object Repository/inventoryPage/button_Add to cart' is clicked on

2023-05-12 17:55:18 - [TEST_STEP][PASSED] - click(findTestObject("Object Repository/inventoryPage/products_back-image")): Object: 'Object Repository/inventoryPage/products_back-image' is clicked on

2023-05-12 17:55:19 - [MESSAGE][PASSED] - Object: 'Object Repository/inventoryPage/products_back-image' is clicked on

2023-05-12 17:55:19 - [TEST_STEP][PASSED] - click(findTestObject("Object Repository/inventoryPage/cart")): Object: 'Object Repository/inventoryPage/cart' is clicked on

2023-05-12 17:55:20 - [MESSAGE][PASSED] - Object: 'Object Repository/inventoryPage/cart' is clicked on

2023-05-12 17:55:20 - [TEST_STEP][PASSED] - click(findTestObject("Object Repository/CheckoutPage/button_Checkout")): Object: 'Object Repository/CheckoutPage/button_Checkout' is clicked on

2023-05-12 17:55:20 - [MESSAGE][PASSED] - Object: 'Object Repository/CheckoutPage/button_Checkout' is clicked on

2023-05-12 17:55:20 - [TEST_STEP][PASSED] - sendKeys(findTestObject("Object Repository/checkout-step-one/input_Checkout Your Information_firstName"), "demo"): Keys 'demo' sent to object: 'Object Repository/checkout-step-one/input_Checkout Your Information_firstName'

2023-05-12 17:55:21 - [MESSAGE][PASSED] - Keys 'demo' sent to object: 'Object Repository/checkout-step-one/input_Checkout Your Information_firstName'

2023-05-12 17:55:21 - [TEST_STEP][PASSED] - sendKeys(findTestObject("Object Repository/checkout-step-one/input_Checkout Your Information_lastName"), "qa test"): Keys 'qa test' sent to object: 'Object Repository/checkout-step-one/input_Checkout Your Information_lastName'

2023-05-12 17:55:21 - [MESSAGE][PASSED] - Keys 'qa test' sent to object: 'Object Repository/checkout-step-one/input_Checkout Your Information_lastName'

2023-05-12 17:55:21 - [TEST_STEP][PASSED] - sendKeys(findTestObject("Object Repository/checkout-step-one/input_Checkout Your Information_postalCode"), "9000"): Keys '9000' sent to object: 'Object Repository/checkout-step-one/input_Checkout Your Information_postalCode'

2023-05-12 17:55:22 - [MESSAGE][PASSED] - Keys '9000' sent to object: 'Object Repository/checkout-step-one/input_Checkout Your Information_postalCode'

2023-05-12 17:55:22 - [TEST_STEP][PASSED] - click(findTestObject("Object Repository/checkout-step-one/input_continue")): Object: 'Object Repository/checkout-step-one/input_continue' is clicked on

2023-05-12 17:55:22 - [MESSAGE][PASSED] - Object: 'Object Repository/checkout-step-one/input_continue' is clicked on

2023-05-12 17:55:22 - [TEST_STEP][PASSED] - click(findTestObject("Object Repository/finish checkout/button_Finish")): Object: 'Object Repository/finish checkout/button_Finish' is clicked on

2023-05-12 17:55:23 - [MESSAGE][PASSED] - Object: 'Object Repository/finish checkout/button_Finish' is clicked on

2023-05-12 17:55:23 - [TEST_STEP][PASSED] - verifyElementVisible(findTestObject("Object Repository/order-success/h2_Thank you for your order")): Object 'Object Repository/order-success/h2_Thank you for your order' is visible

2023-05-12 17:55:24 - [MESSAGE][PASSED] - Object 'Object Repository/order-success/h2_Thank you for your order' is visible

2023-05-12 17:55:24 - [TEST_STEP][PASSED] - click(findTestObject("Object Repository/NavSideBar/sidebar")): Object: 'Object Repository/NavSideBar/sidebar' is clicked on

2023-05-12 17:55:24 - [MESSAGE][PASSED] - Object: 'Object Repository/NavSideBar/sidebar' is clicked on

2023-05-12 17:55:24 - [TEST_STEP][PASSED] - click(findTestObject("Object Repository/NavSideBar/a_Logout")): Object: 'Object Repository/NavSideBar/a_Logout' is clicked on

2023-05-12 17:55:25 - [MESSAGE][PASSED] - Object: 'Object Repository/NavSideBar/a_Logout' is clicked on

2023-05-12 17:55:25 - [TEST_STEP][PASSED] - verifyElementVisible(findTestObject("Object Repository/Page_Swag Labs/input_Swag Labs_user-name")): Object 'Object Repository/Page_Swag Labs/input_Swag Labs_user-name' is visible

2023-05-12 17:55:25 - [MESSAGE][PASSED] - Object 'Object Repository/Page_Swag Labs/input_Swag Labs_user-name' is visible

2023-05-12 17:55:25 - [TEST_STEP][PASSED] - closeBrowser(): Browser is closed

2023-05-12 17:55:26 - [MESSAGE][PASSED] - Browser is closed]]></system-out>
         <system-err><![CDATA[]]></system-err>
      </testcase>
      <testcase name="Test Cases/test-flow-1-buy-1-product" time="11.818" classname="Test Cases/test-flow-1-buy-1-product" status="PASSED">
         <system-out><![CDATA[2023-05-12 17:55:26 - [TEST_CASE][PASSED] - Test Cases/test-flow-1-buy-1-product: Test Cases/test-flow-1-buy-1-product

2023-05-12 17:55:26 - [TEST_STEP][PASSED] - openBrowser("https://www.saucedemo.com/"): Browser is opened with url: 'https://www.saucedemo.com/'

2023-05-12 17:55:26 - [MESSAGE][INFO] - Starting 'Chrome' driver

2023-05-12 17:55:26 - [MESSAGE][INFO] - Action delay is set to 0 milliseconds

2023-05-12 17:55:28 - [MESSAGE][PASSED] - Browser is opened with url: 'https://www.saucedemo.com/'

2023-05-12 17:55:28 - [TEST_STEP][PASSED] - click(findTestObject("Object Repository/Page_Swag Labs/input_Swag Labs_user-name")): Object: 'Object Repository/Page_Swag Labs/input_Swag Labs_user-name' is clicked on

2023-05-12 17:55:28 - [MESSAGE][PASSED] - Object: 'Object Repository/Page_Swag Labs/input_Swag Labs_user-name' is clicked on

2023-05-12 17:55:28 - [TEST_STEP][PASSED] - sendKeys(findTestObject("Object Repository/Page_Swag Labs/input_Swag Labs_user-name"), "standard_user"): Keys 'standard_user' sent to object: 'Object Repository/Page_Swag Labs/input_Swag Labs_user-name'

2023-05-12 17:55:28 - [MESSAGE][PASSED] - Keys 'standard_user' sent to object: 'Object Repository/Page_Swag Labs/input_Swag Labs_user-name'

2023-05-12 17:55:28 - [TEST_STEP][PASSED] - click(findTestObject("Object Repository/Page_Swag Labs/input_Swag Labs_password")): Object: 'Object Repository/Page_Swag Labs/input_Swag Labs_password' is clicked on

2023-05-12 17:55:29 - [MESSAGE][PASSED] - Object: 'Object Repository/Page_Swag Labs/input_Swag Labs_password' is clicked on

2023-05-12 17:55:29 - [TEST_STEP][PASSED] - sendKeys(findTestObject("Object Repository/Page_Swag Labs/input_Swag Labs_password"), "secret_sauce"): Keys 'secret_sauce' sent to object: 'Object Repository/Page_Swag Labs/input_Swag Labs_password'

2023-05-12 17:55:29 - [MESSAGE][PASSED] - Keys 'secret_sauce' sent to object: 'Object Repository/Page_Swag Labs/input_Swag Labs_password'

2023-05-12 17:55:29 - [TEST_STEP][PASSED] - click(findTestObject("Object Repository/Page_Swag Labs/input_Swag Labs_login-button")): Object: 'Object Repository/Page_Swag Labs/input_Swag Labs_login-button' is clicked on

2023-05-12 17:55:30 - [MESSAGE][PASSED] - Object: 'Object Repository/Page_Swag Labs/input_Swag Labs_login-button' is clicked on

2023-05-12 17:55:30 - [TEST_STEP][PASSED] - click(findTestObject("Object Repository/inventoryPage/Backpack")): Object: 'Object Repository/inventoryPage/Backpack' is clicked on

2023-05-12 17:55:30 - [MESSAGE][PASSED] - Object: 'Object Repository/inventoryPage/Backpack' is clicked on

2023-05-12 17:55:30 - [TEST_STEP][PASSED] - click(findTestObject("Object Repository/inventoryPage/button_Add to cart")): Object: 'Object Repository/inventoryPage/button_Add to cart' is clicked on

2023-05-12 17:55:30 - [MESSAGE][PASSED] - Object: 'Object Repository/inventoryPage/button_Add to cart' is clicked on

2023-05-12 17:55:30 - [TEST_STEP][PASSED] - click(findTestObject("Object Repository/inventoryPage/products_back-image")): Object: 'Object Repository/inventoryPage/products_back-image' is clicked on

2023-05-12 17:55:31 - [MESSAGE][PASSED] - Object: 'Object Repository/inventoryPage/products_back-image' is clicked on

2023-05-12 17:55:31 - [TEST_STEP][PASSED] - click(findTestObject("Object Repository/inventoryPage/cart")): Object: 'Object Repository/inventoryPage/cart' is clicked on

2023-05-12 17:55:32 - [MESSAGE][PASSED] - Object: 'Object Repository/inventoryPage/cart' is clicked on

2023-05-12 17:55:32 - [TEST_STEP][PASSED] - click(findTestObject("Object Repository/CheckoutPage/button_Checkout")): Object: 'Object Repository/CheckoutPage/button_Checkout' is clicked on

2023-05-12 17:55:32 - [MESSAGE][PASSED] - Object: 'Object Repository/CheckoutPage/button_Checkout' is clicked on

2023-05-12 17:55:32 - [TEST_STEP][PASSED] - sendKeys(findTestObject("Object Repository/checkout-step-one/input_Checkout Your Information_firstName"), "demo"): Keys 'demo' sent to object: 'Object Repository/checkout-step-one/input_Checkout Your Information_firstName'

2023-05-12 17:55:33 - [MESSAGE][PASSED] - Keys 'demo' sent to object: 'Object Repository/checkout-step-one/input_Checkout Your Information_firstName'

2023-05-12 17:55:33 - [TEST_STEP][PASSED] - sendKeys(findTestObject("Object Repository/checkout-step-one/input_Checkout Your Information_lastName"), "qa test"): Keys 'qa test' sent to object: 'Object Repository/checkout-step-one/input_Checkout Your Information_lastName'

2023-05-12 17:55:33 - [MESSAGE][PASSED] - Keys 'qa test' sent to object: 'Object Repository/checkout-step-one/input_Checkout Your Information_lastName'

2023-05-12 17:55:33 - [TEST_STEP][PASSED] - sendKeys(findTestObject("Object Repository/checkout-step-one/input_Checkout Your Information_postalCode"), "9000"): Keys '9000' sent to object: 'Object Repository/checkout-step-one/input_Checkout Your Information_postalCode'

2023-05-12 17:55:34 - [MESSAGE][PASSED] - Keys '9000' sent to object: 'Object Repository/checkout-step-one/input_Checkout Your Information_postalCode'

2023-05-12 17:55:34 - [TEST_STEP][PASSED] - click(findTestObject("Object Repository/checkout-step-one/input_continue")): Object: 'Object Repository/checkout-step-one/input_continue' is clicked on

2023-05-12 17:55:34 - [MESSAGE][PASSED] - Object: 'Object Repository/checkout-step-one/input_continue' is clicked on

2023-05-12 17:55:34 - [TEST_STEP][PASSED] - click(findTestObject("Object Repository/finish checkout/button_Finish")): Object: 'Object Repository/finish checkout/button_Finish' is clicked on

2023-05-12 17:55:35 - [MESSAGE][PASSED] - Object: 'Object Repository/finish checkout/button_Finish' is clicked on

2023-05-12 17:55:35 - [TEST_STEP][PASSED] - verifyElementVisible(findTestObject("Object Repository/order-success/h2_Thank you for your order")): Object 'Object Repository/order-success/h2_Thank you for your order' is visible

2023-05-12 17:55:35 - [MESSAGE][PASSED] - Object 'Object Repository/order-success/h2_Thank you for your order' is visible

2023-05-12 17:55:35 - [TEST_STEP][PASSED] - click(findTestObject("Object Repository/NavSideBar/sidebar")): Object: 'Object Repository/NavSideBar/sidebar' is clicked on

2023-05-12 17:55:36 - [MESSAGE][PASSED] - Object: 'Object Repository/NavSideBar/sidebar' is clicked on

2023-05-12 17:55:36 - [TEST_STEP][PASSED] - click(findTestObject("Object Repository/NavSideBar/a_Logout")): Object: 'Object Repository/NavSideBar/a_Logout' is clicked on

2023-05-12 17:55:36 - [MESSAGE][PASSED] - Object: 'Object Repository/NavSideBar/a_Logout' is clicked on

2023-05-12 17:55:36 - [TEST_STEP][PASSED] - verifyElementVisible(findTestObject("Object Repository/Page_Swag Labs/input_Swag Labs_user-name")): Object 'Object Repository/Page_Swag Labs/input_Swag Labs_user-name' is visible

2023-05-12 17:55:37 - [MESSAGE][PASSED] - Object 'Object Repository/Page_Swag Labs/input_Swag Labs_user-name' is visible

2023-05-12 17:55:37 - [TEST_STEP][PASSED] - closeBrowser(): Browser is closed

2023-05-12 17:55:38 - [MESSAGE][PASSED] - Browser is closed]]></system-out>
         <system-err><![CDATA[]]></system-err>
      </testcase>
      <testcase name="Test Cases/test-flow-1-buy-1-product" time="11.782" classname="Test Cases/test-flow-1-buy-1-product" status="PASSED">
         <system-out><![CDATA[2023-05-12 17:55:38 - [TEST_CASE][PASSED] - Test Cases/test-flow-1-buy-1-product: Test Cases/test-flow-1-buy-1-product

2023-05-12 17:55:38 - [TEST_STEP][PASSED] - openBrowser("https://www.saucedemo.com/"): Browser is opened with url: 'https://www.saucedemo.com/'

2023-05-12 17:55:38 - [MESSAGE][INFO] - Starting 'Chrome' driver

2023-05-12 17:55:38 - [MESSAGE][INFO] - Action delay is set to 0 milliseconds

2023-05-12 17:55:40 - [MESSAGE][PASSED] - Browser is opened with url: 'https://www.saucedemo.com/'

2023-05-12 17:55:40 - [TEST_STEP][PASSED] - click(findTestObject("Object Repository/Page_Swag Labs/input_Swag Labs_user-name")): Object: 'Object Repository/Page_Swag Labs/input_Swag Labs_user-name' is clicked on

2023-05-12 17:55:40 - [MESSAGE][PASSED] - Object: 'Object Repository/Page_Swag Labs/input_Swag Labs_user-name' is clicked on

2023-05-12 17:55:40 - [TEST_STEP][PASSED] - sendKeys(findTestObject("Object Repository/Page_Swag Labs/input_Swag Labs_user-name"), "standard_user"): Keys 'standard_user' sent to object: 'Object Repository/Page_Swag Labs/input_Swag Labs_user-name'

2023-05-12 17:55:40 - [MESSAGE][PASSED] - Keys 'standard_user' sent to object: 'Object Repository/Page_Swag Labs/input_Swag Labs_user-name'

2023-05-12 17:55:40 - [TEST_STEP][PASSED] - click(findTestObject("Object Repository/Page_Swag Labs/input_Swag Labs_password")): Object: 'Object Repository/Page_Swag Labs/input_Swag Labs_password' is clicked on

2023-05-12 17:55:41 - [MESSAGE][PASSED] - Object: 'Object Repository/Page_Swag Labs/input_Swag Labs_password' is clicked on

2023-05-12 17:55:41 - [TEST_STEP][PASSED] - sendKeys(findTestObject("Object Repository/Page_Swag Labs/input_Swag Labs_password"), "secret_sauce"): Keys 'secret_sauce' sent to object: 'Object Repository/Page_Swag Labs/input_Swag Labs_password'

2023-05-12 17:55:41 - [MESSAGE][PASSED] - Keys 'secret_sauce' sent to object: 'Object Repository/Page_Swag Labs/input_Swag Labs_password'

2023-05-12 17:55:41 - [TEST_STEP][PASSED] - click(findTestObject("Object Repository/Page_Swag Labs/input_Swag Labs_login-button")): Object: 'Object Repository/Page_Swag Labs/input_Swag Labs_login-button' is clicked on

2023-05-12 17:55:41 - [MESSAGE][PASSED] - Object: 'Object Repository/Page_Swag Labs/input_Swag Labs_login-button' is clicked on

2023-05-12 17:55:41 - [TEST_STEP][PASSED] - click(findTestObject("Object Repository/inventoryPage/Backpack")): Object: 'Object Repository/inventoryPage/Backpack' is clicked on

2023-05-12 17:55:42 - [MESSAGE][PASSED] - Object: 'Object Repository/inventoryPage/Backpack' is clicked on

2023-05-12 17:55:42 - [TEST_STEP][PASSED] - click(findTestObject("Object Repository/inventoryPage/button_Add to cart")): Object: 'Object Repository/inventoryPage/button_Add to cart' is clicked on

2023-05-12 17:55:42 - [MESSAGE][PASSED] - Object: 'Object Repository/inventoryPage/button_Add to cart' is clicked on

2023-05-12 17:55:42 - [TEST_STEP][PASSED] - click(findTestObject("Object Repository/inventoryPage/products_back-image")): Object: 'Object Repository/inventoryPage/products_back-image' is clicked on

2023-05-12 17:55:43 - [MESSAGE][PASSED] - Object: 'Object Repository/inventoryPage/products_back-image' is clicked on

2023-05-12 17:55:43 - [TEST_STEP][PASSED] - click(findTestObject("Object Repository/inventoryPage/cart")): Object: 'Object Repository/inventoryPage/cart' is clicked on

2023-05-12 17:55:43 - [MESSAGE][PASSED] - Object: 'Object Repository/inventoryPage/cart' is clicked on

2023-05-12 17:55:43 - [TEST_STEP][PASSED] - click(findTestObject("Object Repository/CheckoutPage/button_Checkout")): Object: 'Object Repository/CheckoutPage/button_Checkout' is clicked on

2023-05-12 17:55:44 - [MESSAGE][PASSED] - Object: 'Object Repository/CheckoutPage/button_Checkout' is clicked on

2023-05-12 17:55:44 - [TEST_STEP][PASSED] - sendKeys(findTestObject("Object Repository/checkout-step-one/input_Checkout Your Information_firstName"), "demo"): Keys 'demo' sent to object: 'Object Repository/checkout-step-one/input_Checkout Your Information_firstName'

2023-05-12 17:55:44 - [MESSAGE][PASSED] - Keys 'demo' sent to object: 'Object Repository/checkout-step-one/input_Checkout Your Information_firstName'

2023-05-12 17:55:44 - [TEST_STEP][PASSED] - sendKeys(findTestObject("Object Repository/checkout-step-one/input_Checkout Your Information_lastName"), "qa test"): Keys 'qa test' sent to object: 'Object Repository/checkout-step-one/input_Checkout Your Information_lastName'

2023-05-12 17:55:45 - [MESSAGE][PASSED] - Keys 'qa test' sent to object: 'Object Repository/checkout-step-one/input_Checkout Your Information_lastName'

2023-05-12 17:55:45 - [TEST_STEP][PASSED] - sendKeys(findTestObject("Object Repository/checkout-step-one/input_Checkout Your Information_postalCode"), "9000"): Keys '9000' sent to object: 'Object Repository/checkout-step-one/input_Checkout Your Information_postalCode'

2023-05-12 17:55:45 - [MESSAGE][PASSED] - Keys '9000' sent to object: 'Object Repository/checkout-step-one/input_Checkout Your Information_postalCode'

2023-05-12 17:55:45 - [TEST_STEP][PASSED] - click(findTestObject("Object Repository/checkout-step-one/input_continue")): Object: 'Object Repository/checkout-step-one/input_continue' is clicked on

2023-05-12 17:55:46 - [MESSAGE][PASSED] - Object: 'Object Repository/checkout-step-one/input_continue' is clicked on

2023-05-12 17:55:46 - [TEST_STEP][PASSED] - click(findTestObject("Object Repository/finish checkout/button_Finish")): Object: 'Object Repository/finish checkout/button_Finish' is clicked on

2023-05-12 17:55:47 - [MESSAGE][PASSED] - Object: 'Object Repository/finish checkout/button_Finish' is clicked on

2023-05-12 17:55:47 - [TEST_STEP][PASSED] - verifyElementVisible(findTestObject("Object Repository/order-success/h2_Thank you for your order")): Object 'Object Repository/order-success/h2_Thank you for your order' is visible

2023-05-12 17:55:47 - [MESSAGE][PASSED] - Object 'Object Repository/order-success/h2_Thank you for your order' is visible

2023-05-12 17:55:47 - [TEST_STEP][PASSED] - click(findTestObject("Object Repository/NavSideBar/sidebar")): Object: 'Object Repository/NavSideBar/sidebar' is clicked on

2023-05-12 17:55:48 - [MESSAGE][PASSED] - Object: 'Object Repository/NavSideBar/sidebar' is clicked on

2023-05-12 17:55:48 - [TEST_STEP][PASSED] - click(findTestObject("Object Repository/NavSideBar/a_Logout")): Object: 'Object Repository/NavSideBar/a_Logout' is clicked on

2023-05-12 17:55:48 - [MESSAGE][PASSED] - Object: 'Object Repository/NavSideBar/a_Logout' is clicked on

2023-05-12 17:55:48 - [TEST_STEP][PASSED] - verifyElementVisible(findTestObject("Object Repository/Page_Swag Labs/input_Swag Labs_user-name")): Object 'Object Repository/Page_Swag Labs/input_Swag Labs_user-name' is visible

2023-05-12 17:55:49 - [MESSAGE][PASSED] - Object 'Object Repository/Page_Swag Labs/input_Swag Labs_user-name' is visible

2023-05-12 17:55:49 - [TEST_STEP][PASSED] - closeBrowser(): Browser is closed

2023-05-12 17:55:49 - [MESSAGE][PASSED] - Browser is closed]]></system-out>
         <system-err><![CDATA[]]></system-err>
      </testcase>
      <testcase name="Test Cases/test-flow-1-buy-1-product" time="11.862" classname="Test Cases/test-flow-1-buy-1-product" status="PASSED">
         <system-out><![CDATA[2023-05-12 17:55:49 - [TEST_CASE][PASSED] - Test Cases/test-flow-1-buy-1-product: Test Cases/test-flow-1-buy-1-product

2023-05-12 17:55:49 - [TEST_STEP][PASSED] - openBrowser("https://www.saucedemo.com/"): Browser is opened with url: 'https://www.saucedemo.com/'

2023-05-12 17:55:49 - [MESSAGE][INFO] - Starting 'Chrome' driver

2023-05-12 17:55:49 - [MESSAGE][INFO] - Action delay is set to 0 milliseconds

2023-05-12 17:55:51 - [MESSAGE][PASSED] - Browser is opened with url: 'https://www.saucedemo.com/'

2023-05-12 17:55:51 - [TEST_STEP][PASSED] - click(findTestObject("Object Repository/Page_Swag Labs/input_Swag Labs_user-name")): Object: 'Object Repository/Page_Swag Labs/input_Swag Labs_user-name' is clicked on

2023-05-12 17:55:52 - [MESSAGE][PASSED] - Object: 'Object Repository/Page_Swag Labs/input_Swag Labs_user-name' is clicked on

2023-05-12 17:55:52 - [TEST_STEP][PASSED] - sendKeys(findTestObject("Object Repository/Page_Swag Labs/input_Swag Labs_user-name"), "standard_user"): Keys 'standard_user' sent to object: 'Object Repository/Page_Swag Labs/input_Swag Labs_user-name'

2023-05-12 17:55:52 - [MESSAGE][PASSED] - Keys 'standard_user' sent to object: 'Object Repository/Page_Swag Labs/input_Swag Labs_user-name'

2023-05-12 17:55:52 - [TEST_STEP][PASSED] - click(findTestObject("Object Repository/Page_Swag Labs/input_Swag Labs_password")): Object: 'Object Repository/Page_Swag Labs/input_Swag Labs_password' is clicked on

2023-05-12 17:55:52 - [MESSAGE][PASSED] - Object: 'Object Repository/Page_Swag Labs/input_Swag Labs_password' is clicked on

2023-05-12 17:55:52 - [TEST_STEP][PASSED] - sendKeys(findTestObject("Object Repository/Page_Swag Labs/input_Swag Labs_password"), "secret_sauce"): Keys 'secret_sauce' sent to object: 'Object Repository/Page_Swag Labs/input_Swag Labs_password'

2023-05-12 17:55:53 - [MESSAGE][PASSED] - Keys 'secret_sauce' sent to object: 'Object Repository/Page_Swag Labs/input_Swag Labs_password'

2023-05-12 17:55:53 - [TEST_STEP][PASSED] - click(findTestObject("Object Repository/Page_Swag Labs/input_Swag Labs_login-button")): Object: 'Object Repository/Page_Swag Labs/input_Swag Labs_login-button' is clicked on

2023-05-12 17:55:53 - [MESSAGE][PASSED] - Object: 'Object Repository/Page_Swag Labs/input_Swag Labs_login-button' is clicked on

2023-05-12 17:55:53 - [TEST_STEP][PASSED] - click(findTestObject("Object Repository/inventoryPage/Backpack")): Object: 'Object Repository/inventoryPage/Backpack' is clicked on

2023-05-12 17:55:54 - [MESSAGE][PASSED] - Object: 'Object Repository/inventoryPage/Backpack' is clicked on

2023-05-12 17:55:54 - [TEST_STEP][PASSED] - click(findTestObject("Object Repository/inventoryPage/button_Add to cart")): Object: 'Object Repository/inventoryPage/button_Add to cart' is clicked on

2023-05-12 17:55:54 - [MESSAGE][PASSED] - Object: 'Object Repository/inventoryPage/button_Add to cart' is clicked on

2023-05-12 17:55:54 - [TEST_STEP][PASSED] - click(findTestObject("Object Repository/inventoryPage/products_back-image")): Object: 'Object Repository/inventoryPage/products_back-image' is clicked on

2023-05-12 17:55:55 - [MESSAGE][PASSED] - Object: 'Object Repository/inventoryPage/products_back-image' is clicked on

2023-05-12 17:55:55 - [TEST_STEP][PASSED] - click(findTestObject("Object Repository/inventoryPage/cart")): Object: 'Object Repository/inventoryPage/cart' is clicked on

2023-05-12 17:55:55 - [MESSAGE][PASSED] - Object: 'Object Repository/inventoryPage/cart' is clicked on

2023-05-12 17:55:55 - [TEST_STEP][PASSED] - click(findTestObject("Object Repository/CheckoutPage/button_Checkout")): Object: 'Object Repository/CheckoutPage/button_Checkout' is clicked on

2023-05-12 17:55:56 - [MESSAGE][PASSED] - Object: 'Object Repository/CheckoutPage/button_Checkout' is clicked on

2023-05-12 17:55:56 - [TEST_STEP][PASSED] - sendKeys(findTestObject("Object Repository/checkout-step-one/input_Checkout Your Information_firstName"), "demo"): Keys 'demo' sent to object: 'Object Repository/checkout-step-one/input_Checkout Your Information_firstName'

2023-05-12 17:55:56 - [MESSAGE][PASSED] - Keys 'demo' sent to object: 'Object Repository/checkout-step-one/input_Checkout Your Information_firstName'

2023-05-12 17:55:56 - [TEST_STEP][PASSED] - sendKeys(findTestObject("Object Repository/checkout-step-one/input_Checkout Your Information_lastName"), "qa test"): Keys 'qa test' sent to object: 'Object Repository/checkout-step-one/input_Checkout Your Information_lastName'

2023-05-12 17:55:57 - [MESSAGE][PASSED] - Keys 'qa test' sent to object: 'Object Repository/checkout-step-one/input_Checkout Your Information_lastName'

2023-05-12 17:55:57 - [TEST_STEP][PASSED] - sendKeys(findTestObject("Object Repository/checkout-step-one/input_Checkout Your Information_postalCode"), "9000"): Keys '9000' sent to object: 'Object Repository/checkout-step-one/input_Checkout Your Information_postalCode'

2023-05-12 17:55:57 - [MESSAGE][PASSED] - Keys '9000' sent to object: 'Object Repository/checkout-step-one/input_Checkout Your Information_postalCode'

2023-05-12 17:55:57 - [TEST_STEP][PASSED] - click(findTestObject("Object Repository/checkout-step-one/input_continue")): Object: 'Object Repository/checkout-step-one/input_continue' is clicked on

2023-05-12 17:55:58 - [MESSAGE][PASSED] - Object: 'Object Repository/checkout-step-one/input_continue' is clicked on

2023-05-12 17:55:58 - [TEST_STEP][PASSED] - click(findTestObject("Object Repository/finish checkout/button_Finish")): Object: 'Object Repository/finish checkout/button_Finish' is clicked on

2023-05-12 17:55:59 - [MESSAGE][PASSED] - Object: 'Object Repository/finish checkout/button_Finish' is clicked on

2023-05-12 17:55:59 - [TEST_STEP][PASSED] - verifyElementVisible(findTestObject("Object Repository/order-success/h2_Thank you for your order")): Object 'Object Repository/order-success/h2_Thank you for your order' is visible

2023-05-12 17:55:59 - [MESSAGE][PASSED] - Object 'Object Repository/order-success/h2_Thank you for your order' is visible

2023-05-12 17:55:59 - [TEST_STEP][PASSED] - click(findTestObject("Object Repository/NavSideBar/sidebar")): Object: 'Object Repository/NavSideBar/sidebar' is clicked on

2023-05-12 17:56:00 - [MESSAGE][PASSED] - Object: 'Object Repository/NavSideBar/sidebar' is clicked on

2023-05-12 17:56:00 - [TEST_STEP][PASSED] - click(findTestObject("Object Repository/NavSideBar/a_Logout")): Object: 'Object Repository/NavSideBar/a_Logout' is clicked on

2023-05-12 17:56:00 - [MESSAGE][PASSED] - Object: 'Object Repository/NavSideBar/a_Logout' is clicked on

2023-05-12 17:56:00 - [TEST_STEP][PASSED] - verifyElementVisible(findTestObject("Object Repository/Page_Swag Labs/input_Swag Labs_user-name")): Object 'Object Repository/Page_Swag Labs/input_Swag Labs_user-name' is visible

2023-05-12 17:56:01 - [MESSAGE][PASSED] - Object 'Object Repository/Page_Swag Labs/input_Swag Labs_user-name' is visible

2023-05-12 17:56:01 - [TEST_STEP][PASSED] - closeBrowser(): Browser is closed

2023-05-12 17:56:01 - [MESSAGE][PASSED] - Browser is closed]]></system-out>
         <system-err><![CDATA[]]></system-err>
      </testcase>
      <testcase name="Test Cases/test-flow-1-buy-1-product" time="11.841" classname="Test Cases/test-flow-1-buy-1-product" status="PASSED">
         <system-out><![CDATA[2023-05-12 17:56:01 - [TEST_CASE][PASSED] - Test Cases/test-flow-1-buy-1-product: Test Cases/test-flow-1-buy-1-product

2023-05-12 17:56:01 - [TEST_STEP][PASSED] - openBrowser("https://www.saucedemo.com/"): Browser is opened with url: 'https://www.saucedemo.com/'

2023-05-12 17:56:01 - [MESSAGE][INFO] - Starting 'Chrome' driver

2023-05-12 17:56:01 - [MESSAGE][INFO] - Action delay is set to 0 milliseconds

2023-05-12 17:56:03 - [MESSAGE][PASSED] - Browser is opened with url: 'https://www.saucedemo.com/'

2023-05-12 17:56:03 - [TEST_STEP][PASSED] - click(findTestObject("Object Repository/Page_Swag Labs/input_Swag Labs_user-name")): Object: 'Object Repository/Page_Swag Labs/input_Swag Labs_user-name' is clicked on

2023-05-12 17:56:04 - [MESSAGE][PASSED] - Object: 'Object Repository/Page_Swag Labs/input_Swag Labs_user-name' is clicked on

2023-05-12 17:56:04 - [TEST_STEP][PASSED] - sendKeys(findTestObject("Object Repository/Page_Swag Labs/input_Swag Labs_user-name"), "standard_user"): Keys 'standard_user' sent to object: 'Object Repository/Page_Swag Labs/input_Swag Labs_user-name'

2023-05-12 17:56:04 - [MESSAGE][PASSED] - Keys 'standard_user' sent to object: 'Object Repository/Page_Swag Labs/input_Swag Labs_user-name'

2023-05-12 17:56:04 - [TEST_STEP][PASSED] - click(findTestObject("Object Repository/Page_Swag Labs/input_Swag Labs_password")): Object: 'Object Repository/Page_Swag Labs/input_Swag Labs_password' is clicked on

2023-05-12 17:56:04 - [MESSAGE][PASSED] - Object: 'Object Repository/Page_Swag Labs/input_Swag Labs_password' is clicked on

2023-05-12 17:56:04 - [TEST_STEP][PASSED] - sendKeys(findTestObject("Object Repository/Page_Swag Labs/input_Swag Labs_password"), "secret_sauce"): Keys 'secret_sauce' sent to object: 'Object Repository/Page_Swag Labs/input_Swag Labs_password'

2023-05-12 17:56:05 - [MESSAGE][PASSED] - Keys 'secret_sauce' sent to object: 'Object Repository/Page_Swag Labs/input_Swag Labs_password'

2023-05-12 17:56:05 - [TEST_STEP][PASSED] - click(findTestObject("Object Repository/Page_Swag Labs/input_Swag Labs_login-button")): Object: 'Object Repository/Page_Swag Labs/input_Swag Labs_login-button' is clicked on

2023-05-12 17:56:05 - [MESSAGE][PASSED] - Object: 'Object Repository/Page_Swag Labs/input_Swag Labs_login-button' is clicked on

2023-05-12 17:56:05 - [TEST_STEP][PASSED] - click(findTestObject("Object Repository/inventoryPage/Backpack")): Object: 'Object Repository/inventoryPage/Backpack' is clicked on

2023-05-12 17:56:06 - [MESSAGE][PASSED] - Object: 'Object Repository/inventoryPage/Backpack' is clicked on

2023-05-12 17:56:06 - [TEST_STEP][PASSED] - click(findTestObject("Object Repository/inventoryPage/button_Add to cart")): Object: 'Object Repository/inventoryPage/button_Add to cart' is clicked on

2023-05-12 17:56:06 - [MESSAGE][PASSED] - Object: 'Object Repository/inventoryPage/button_Add to cart' is clicked on

2023-05-12 17:56:06 - [TEST_STEP][PASSED] - click(findTestObject("Object Repository/inventoryPage/products_back-image")): Object: 'Object Repository/inventoryPage/products_back-image' is clicked on

2023-05-12 17:56:07 - [MESSAGE][PASSED] - Object: 'Object Repository/inventoryPage/products_back-image' is clicked on

2023-05-12 17:56:07 - [TEST_STEP][PASSED] - click(findTestObject("Object Repository/inventoryPage/cart")): Object: 'Object Repository/inventoryPage/cart' is clicked on

2023-05-12 17:56:07 - [MESSAGE][PASSED] - Object: 'Object Repository/inventoryPage/cart' is clicked on

2023-05-12 17:56:07 - [TEST_STEP][PASSED] - click(findTestObject("Object Repository/CheckoutPage/button_Checkout")): Object: 'Object Repository/CheckoutPage/button_Checkout' is clicked on

2023-05-12 17:56:08 - [MESSAGE][PASSED] - Object: 'Object Repository/CheckoutPage/button_Checkout' is clicked on

2023-05-12 17:56:08 - [TEST_STEP][PASSED] - sendKeys(findTestObject("Object Repository/checkout-step-one/input_Checkout Your Information_firstName"), "demo"): Keys 'demo' sent to object: 'Object Repository/checkout-step-one/input_Checkout Your Information_firstName'

2023-05-12 17:56:08 - [MESSAGE][PASSED] - Keys 'demo' sent to object: 'Object Repository/checkout-step-one/input_Checkout Your Information_firstName'

2023-05-12 17:56:08 - [TEST_STEP][PASSED] - sendKeys(findTestObject("Object Repository/checkout-step-one/input_Checkout Your Information_lastName"), "qa test"): Keys 'qa test' sent to object: 'Object Repository/checkout-step-one/input_Checkout Your Information_lastName'

2023-05-12 17:56:09 - [MESSAGE][PASSED] - Keys 'qa test' sent to object: 'Object Repository/checkout-step-one/input_Checkout Your Information_lastName'

2023-05-12 17:56:09 - [TEST_STEP][PASSED] - sendKeys(findTestObject("Object Repository/checkout-step-one/input_Checkout Your Information_postalCode"), "9000"): Keys '9000' sent to object: 'Object Repository/checkout-step-one/input_Checkout Your Information_postalCode'

2023-05-12 17:56:09 - [MESSAGE][PASSED] - Keys '9000' sent to object: 'Object Repository/checkout-step-one/input_Checkout Your Information_postalCode'

2023-05-12 17:56:09 - [TEST_STEP][PASSED] - click(findTestObject("Object Repository/checkout-step-one/input_continue")): Object: 'Object Repository/checkout-step-one/input_continue' is clicked on

2023-05-12 17:56:10 - [MESSAGE][PASSED] - Object: 'Object Repository/checkout-step-one/input_continue' is clicked on

2023-05-12 17:56:10 - [TEST_STEP][PASSED] - click(findTestObject("Object Repository/finish checkout/button_Finish")): Object: 'Object Repository/finish checkout/button_Finish' is clicked on

2023-05-12 17:56:10 - [MESSAGE][PASSED] - Object: 'Object Repository/finish checkout/button_Finish' is clicked on

2023-05-12 17:56:10 - [TEST_STEP][PASSED] - verifyElementVisible(findTestObject("Object Repository/order-success/h2_Thank you for your order")): Object 'Object Repository/order-success/h2_Thank you for your order' is visible

2023-05-12 17:56:11 - [MESSAGE][PASSED] - Object 'Object Repository/order-success/h2_Thank you for your order' is visible

2023-05-12 17:56:11 - [TEST_STEP][PASSED] - click(findTestObject("Object Repository/NavSideBar/sidebar")): Object: 'Object Repository/NavSideBar/sidebar' is clicked on

2023-05-12 17:56:11 - [MESSAGE][PASSED] - Object: 'Object Repository/NavSideBar/sidebar' is clicked on

2023-05-12 17:56:11 - [TEST_STEP][PASSED] - click(findTestObject("Object Repository/NavSideBar/a_Logout")): Object: 'Object Repository/NavSideBar/a_Logout' is clicked on

2023-05-12 17:56:12 - [MESSAGE][PASSED] - Object: 'Object Repository/NavSideBar/a_Logout' is clicked on

2023-05-12 17:56:12 - [TEST_STEP][PASSED] - verifyElementVisible(findTestObject("Object Repository/Page_Swag Labs/input_Swag Labs_user-name")): Object 'Object Repository/Page_Swag Labs/input_Swag Labs_user-name' is visible

2023-05-12 17:56:12 - [MESSAGE][PASSED] - Object 'Object Repository/Page_Swag Labs/input_Swag Labs_user-name' is visible

2023-05-12 17:56:12 - [TEST_STEP][PASSED] - closeBrowser(): Browser is closed

2023-05-12 17:56:13 - [MESSAGE][PASSED] - Browser is closed]]></system-out>
         <system-err><![CDATA[]]></system-err>
      </testcase>
      <testcase name="Test Cases/test-flow-1-buy-1-product" time="12.559" classname="Test Cases/test-flow-1-buy-1-product" status="PASSED">
         <system-out><![CDATA[2023-05-12 17:56:13 - [TEST_CASE][PASSED] - Test Cases/test-flow-1-buy-1-product: Test Cases/test-flow-1-buy-1-product

2023-05-12 17:56:13 - [TEST_STEP][PASSED] - openBrowser("https://www.saucedemo.com/"): Browser is opened with url: 'https://www.saucedemo.com/'

2023-05-12 17:56:13 - [MESSAGE][INFO] - Starting 'Chrome' driver

2023-05-12 17:56:13 - [MESSAGE][INFO] - Action delay is set to 0 milliseconds

2023-05-12 17:56:15 - [MESSAGE][PASSED] - Browser is opened with url: 'https://www.saucedemo.com/'

2023-05-12 17:56:15 - [TEST_STEP][PASSED] - click(findTestObject("Object Repository/Page_Swag Labs/input_Swag Labs_user-name")): Object: 'Object Repository/Page_Swag Labs/input_Swag Labs_user-name' is clicked on

2023-05-12 17:56:16 - [MESSAGE][PASSED] - Object: 'Object Repository/Page_Swag Labs/input_Swag Labs_user-name' is clicked on

2023-05-12 17:56:16 - [TEST_STEP][PASSED] - sendKeys(findTestObject("Object Repository/Page_Swag Labs/input_Swag Labs_user-name"), "standard_user"): Keys 'standard_user' sent to object: 'Object Repository/Page_Swag Labs/input_Swag Labs_user-name'

2023-05-12 17:56:16 - [MESSAGE][PASSED] - Keys 'standard_user' sent to object: 'Object Repository/Page_Swag Labs/input_Swag Labs_user-name'

2023-05-12 17:56:16 - [TEST_STEP][PASSED] - click(findTestObject("Object Repository/Page_Swag Labs/input_Swag Labs_password")): Object: 'Object Repository/Page_Swag Labs/input_Swag Labs_password' is clicked on

2023-05-12 17:56:17 - [MESSAGE][PASSED] - Object: 'Object Repository/Page_Swag Labs/input_Swag Labs_password' is clicked on

2023-05-12 17:56:17 - [TEST_STEP][PASSED] - sendKeys(findTestObject("Object Repository/Page_Swag Labs/input_Swag Labs_password"), "secret_sauce"): Keys 'secret_sauce' sent to object: 'Object Repository/Page_Swag Labs/input_Swag Labs_password'

2023-05-12 17:56:17 - [MESSAGE][PASSED] - Keys 'secret_sauce' sent to object: 'Object Repository/Page_Swag Labs/input_Swag Labs_password'

2023-05-12 17:56:17 - [TEST_STEP][PASSED] - click(findTestObject("Object Repository/Page_Swag Labs/input_Swag Labs_login-button")): Object: 'Object Repository/Page_Swag Labs/input_Swag Labs_login-button' is clicked on

2023-05-12 17:56:17 - [MESSAGE][PASSED] - Object: 'Object Repository/Page_Swag Labs/input_Swag Labs_login-button' is clicked on

2023-05-12 17:56:17 - [TEST_STEP][PASSED] - click(findTestObject("Object Repository/inventoryPage/Backpack")): Object: 'Object Repository/inventoryPage/Backpack' is clicked on

2023-05-12 17:56:18 - [MESSAGE][PASSED] - Object: 'Object Repository/inventoryPage/Backpack' is clicked on

2023-05-12 17:56:18 - [TEST_STEP][PASSED] - click(findTestObject("Object Repository/inventoryPage/button_Add to cart")): Object: 'Object Repository/inventoryPage/button_Add to cart' is clicked on

2023-05-12 17:56:18 - [MESSAGE][PASSED] - Object: 'Object Repository/inventoryPage/button_Add to cart' is clicked on

2023-05-12 17:56:18 - [TEST_STEP][PASSED] - click(findTestObject("Object Repository/inventoryPage/products_back-image")): Object: 'Object Repository/inventoryPage/products_back-image' is clicked on

2023-05-12 17:56:19 - [MESSAGE][PASSED] - Object: 'Object Repository/inventoryPage/products_back-image' is clicked on

2023-05-12 17:56:19 - [TEST_STEP][PASSED] - click(findTestObject("Object Repository/inventoryPage/cart")): Object: 'Object Repository/inventoryPage/cart' is clicked on

2023-05-12 17:56:19 - [MESSAGE][PASSED] - Object: 'Object Repository/inventoryPage/cart' is clicked on

2023-05-12 17:56:19 - [TEST_STEP][PASSED] - click(findTestObject("Object Repository/CheckoutPage/button_Checkout")): Object: 'Object Repository/CheckoutPage/button_Checkout' is clicked on

2023-05-12 17:56:20 - [MESSAGE][PASSED] - Object: 'Object Repository/CheckoutPage/button_Checkout' is clicked on

2023-05-12 17:56:20 - [TEST_STEP][PASSED] - sendKeys(findTestObject("Object Repository/checkout-step-one/input_Checkout Your Information_firstName"), "demo"): Keys 'demo' sent to object: 'Object Repository/checkout-step-one/input_Checkout Your Information_firstName'

2023-05-12 17:56:21 - [MESSAGE][PASSED] - Keys 'demo' sent to object: 'Object Repository/checkout-step-one/input_Checkout Your Information_firstName'

2023-05-12 17:56:21 - [TEST_STEP][PASSED] - sendKeys(findTestObject("Object Repository/checkout-step-one/input_Checkout Your Information_lastName"), "qa test"): Keys 'qa test' sent to object: 'Object Repository/checkout-step-one/input_Checkout Your Information_lastName'

2023-05-12 17:56:21 - [MESSAGE][PASSED] - Keys 'qa test' sent to object: 'Object Repository/checkout-step-one/input_Checkout Your Information_lastName'

2023-05-12 17:56:21 - [TEST_STEP][PASSED] - sendKeys(findTestObject("Object Repository/checkout-step-one/input_Checkout Your Information_postalCode"), "9000"): Keys '9000' sent to object: 'Object Repository/checkout-step-one/input_Checkout Your Information_postalCode'

2023-05-12 17:56:22 - [MESSAGE][PASSED] - Keys '9000' sent to object: 'Object Repository/checkout-step-one/input_Checkout Your Information_postalCode'

2023-05-12 17:56:22 - [TEST_STEP][PASSED] - click(findTestObject("Object Repository/checkout-step-one/input_continue")): Object: 'Object Repository/checkout-step-one/input_continue' is clicked on

2023-05-12 17:56:22 - [MESSAGE][PASSED] - Object: 'Object Repository/checkout-step-one/input_continue' is clicked on

2023-05-12 17:56:22 - [TEST_STEP][PASSED] - click(findTestObject("Object Repository/finish checkout/button_Finish")): Object: 'Object Repository/finish checkout/button_Finish' is clicked on

2023-05-12 17:56:23 - [MESSAGE][PASSED] - Object: 'Object Repository/finish checkout/button_Finish' is clicked on

2023-05-12 17:56:23 - [TEST_STEP][PASSED] - verifyElementVisible(findTestObject("Object Repository/order-success/h2_Thank you for your order")): Object 'Object Repository/order-success/h2_Thank you for your order' is visible

2023-05-12 17:56:23 - [MESSAGE][PASSED] - Object 'Object Repository/order-success/h2_Thank you for your order' is visible

2023-05-12 17:56:23 - [TEST_STEP][PASSED] - click(findTestObject("Object Repository/NavSideBar/sidebar")): Object: 'Object Repository/NavSideBar/sidebar' is clicked on

2023-05-12 17:56:24 - [MESSAGE][PASSED] - Object: 'Object Repository/NavSideBar/sidebar' is clicked on

2023-05-12 17:56:24 - [TEST_STEP][PASSED] - click(findTestObject("Object Repository/NavSideBar/a_Logout")): Object: 'Object Repository/NavSideBar/a_Logout' is clicked on

2023-05-12 17:56:24 - [MESSAGE][PASSED] - Object: 'Object Repository/NavSideBar/a_Logout' is clicked on

2023-05-12 17:56:24 - [TEST_STEP][PASSED] - verifyElementVisible(findTestObject("Object Repository/Page_Swag Labs/input_Swag Labs_user-name")): Object 'Object Repository/Page_Swag Labs/input_Swag Labs_user-name' is visible

2023-05-12 17:56:25 - [MESSAGE][PASSED] - Object 'Object Repository/Page_Swag Labs/input_Swag Labs_user-name' is visible

2023-05-12 17:56:25 - [TEST_STEP][PASSED] - closeBrowser(): Browser is closed

2023-05-12 17:56:26 - [MESSAGE][PASSED] - Browser is closed]]></system-out>
         <system-err><![CDATA[]]></system-err>
      </testcase>
      <testcase name="Test Cases/test-flow-1-buy-1-product" time="12.141" classname="Test Cases/test-flow-1-buy-1-product" status="PASSED">
         <system-out><![CDATA[2023-05-12 17:56:26 - [TEST_CASE][PASSED] - Test Cases/test-flow-1-buy-1-product: Test Cases/test-flow-1-buy-1-product

2023-05-12 17:56:26 - [TEST_STEP][PASSED] - openBrowser("https://www.saucedemo.com/"): Browser is opened with url: 'https://www.saucedemo.com/'

2023-05-12 17:56:26 - [MESSAGE][INFO] - Starting 'Chrome' driver

2023-05-12 17:56:26 - [MESSAGE][INFO] - Action delay is set to 0 milliseconds

2023-05-12 17:56:28 - [MESSAGE][PASSED] - Browser is opened with url: 'https://www.saucedemo.com/'

2023-05-12 17:56:28 - [TEST_STEP][PASSED] - click(findTestObject("Object Repository/Page_Swag Labs/input_Swag Labs_user-name")): Object: 'Object Repository/Page_Swag Labs/input_Swag Labs_user-name' is clicked on

2023-05-12 17:56:28 - [MESSAGE][PASSED] - Object: 'Object Repository/Page_Swag Labs/input_Swag Labs_user-name' is clicked on

2023-05-12 17:56:28 - [TEST_STEP][PASSED] - sendKeys(findTestObject("Object Repository/Page_Swag Labs/input_Swag Labs_user-name"), "standard_user"): Keys 'standard_user' sent to object: 'Object Repository/Page_Swag Labs/input_Swag Labs_user-name'

2023-05-12 17:56:28 - [MESSAGE][PASSED] - Keys 'standard_user' sent to object: 'Object Repository/Page_Swag Labs/input_Swag Labs_user-name'

2023-05-12 17:56:28 - [TEST_STEP][PASSED] - click(findTestObject("Object Repository/Page_Swag Labs/input_Swag Labs_password")): Object: 'Object Repository/Page_Swag Labs/input_Swag Labs_password' is clicked on

2023-05-12 17:56:29 - [MESSAGE][PASSED] - Object: 'Object Repository/Page_Swag Labs/input_Swag Labs_password' is clicked on

2023-05-12 17:56:29 - [TEST_STEP][PASSED] - sendKeys(findTestObject("Object Repository/Page_Swag Labs/input_Swag Labs_password"), "secret_sauce"): Keys 'secret_sauce' sent to object: 'Object Repository/Page_Swag Labs/input_Swag Labs_password'

2023-05-12 17:56:29 - [MESSAGE][PASSED] - Keys 'secret_sauce' sent to object: 'Object Repository/Page_Swag Labs/input_Swag Labs_password'

2023-05-12 17:56:29 - [TEST_STEP][PASSED] - click(findTestObject("Object Repository/Page_Swag Labs/input_Swag Labs_login-button")): Object: 'Object Repository/Page_Swag Labs/input_Swag Labs_login-button' is clicked on

2023-05-12 17:56:30 - [MESSAGE][PASSED] - Object: 'Object Repository/Page_Swag Labs/input_Swag Labs_login-button' is clicked on

2023-05-12 17:56:30 - [TEST_STEP][PASSED] - click(findTestObject("Object Repository/inventoryPage/Backpack")): Object: 'Object Repository/inventoryPage/Backpack' is clicked on

2023-05-12 17:56:30 - [MESSAGE][PASSED] - Object: 'Object Repository/inventoryPage/Backpack' is clicked on

2023-05-12 17:56:30 - [TEST_STEP][PASSED] - click(findTestObject("Object Repository/inventoryPage/button_Add to cart")): Object: 'Object Repository/inventoryPage/button_Add to cart' is clicked on

2023-05-12 17:56:30 - [MESSAGE][PASSED] - Object: 'Object Repository/inventoryPage/button_Add to cart' is clicked on

2023-05-12 17:56:30 - [TEST_STEP][PASSED] - click(findTestObject("Object Repository/inventoryPage/products_back-image")): Object: 'Object Repository/inventoryPage/products_back-image' is clicked on

2023-05-12 17:56:31 - [MESSAGE][PASSED] - Object: 'Object Repository/inventoryPage/products_back-image' is clicked on

2023-05-12 17:56:31 - [TEST_STEP][PASSED] - click(findTestObject("Object Repository/inventoryPage/cart")): Object: 'Object Repository/inventoryPage/cart' is clicked on

2023-05-12 17:56:32 - [MESSAGE][PASSED] - Object: 'Object Repository/inventoryPage/cart' is clicked on

2023-05-12 17:56:32 - [TEST_STEP][PASSED] - click(findTestObject("Object Repository/CheckoutPage/button_Checkout")): Object: 'Object Repository/CheckoutPage/button_Checkout' is clicked on

2023-05-12 17:56:32 - [MESSAGE][PASSED] - Object: 'Object Repository/CheckoutPage/button_Checkout' is clicked on

2023-05-12 17:56:32 - [TEST_STEP][PASSED] - sendKeys(findTestObject("Object Repository/checkout-step-one/input_Checkout Your Information_firstName"), "demo"): Keys 'demo' sent to object: 'Object Repository/checkout-step-one/input_Checkout Your Information_firstName'

2023-05-12 17:56:33 - [MESSAGE][PASSED] - Keys 'demo' sent to object: 'Object Repository/checkout-step-one/input_Checkout Your Information_firstName'

2023-05-12 17:56:33 - [TEST_STEP][PASSED] - sendKeys(findTestObject("Object Repository/checkout-step-one/input_Checkout Your Information_lastName"), "qa test"): Keys 'qa test' sent to object: 'Object Repository/checkout-step-one/input_Checkout Your Information_lastName'

2023-05-12 17:56:33 - [MESSAGE][PASSED] - Keys 'qa test' sent to object: 'Object Repository/checkout-step-one/input_Checkout Your Information_lastName'

2023-05-12 17:56:33 - [TEST_STEP][PASSED] - sendKeys(findTestObject("Object Repository/checkout-step-one/input_Checkout Your Information_postalCode"), "9000"): Keys '9000' sent to object: 'Object Repository/checkout-step-one/input_Checkout Your Information_postalCode'

2023-05-12 17:56:34 - [MESSAGE][PASSED] - Keys '9000' sent to object: 'Object Repository/checkout-step-one/input_Checkout Your Information_postalCode'

2023-05-12 17:56:34 - [TEST_STEP][PASSED] - click(findTestObject("Object Repository/checkout-step-one/input_continue")): Object: 'Object Repository/checkout-step-one/input_continue' is clicked on

2023-05-12 17:56:34 - [MESSAGE][PASSED] - Object: 'Object Repository/checkout-step-one/input_continue' is clicked on

2023-05-12 17:56:34 - [TEST_STEP][PASSED] - click(findTestObject("Object Repository/finish checkout/button_Finish")): Object: 'Object Repository/finish checkout/button_Finish' is clicked on

2023-05-12 17:56:35 - [MESSAGE][PASSED] - Object: 'Object Repository/finish checkout/button_Finish' is clicked on

2023-05-12 17:56:35 - [TEST_STEP][PASSED] - verifyElementVisible(findTestObject("Object Repository/order-success/h2_Thank you for your order")): Object 'Object Repository/order-success/h2_Thank you for your order' is visible

2023-05-12 17:56:36 - [MESSAGE][PASSED] - Object 'Object Repository/order-success/h2_Thank you for your order' is visible

2023-05-12 17:56:36 - [TEST_STEP][PASSED] - click(findTestObject("Object Repository/NavSideBar/sidebar")): Object: 'Object Repository/NavSideBar/sidebar' is clicked on

2023-05-12 17:56:36 - [MESSAGE][PASSED] - Object: 'Object Repository/NavSideBar/sidebar' is clicked on

2023-05-12 17:56:36 - [TEST_STEP][PASSED] - click(findTestObject("Object Repository/NavSideBar/a_Logout")): Object: 'Object Repository/NavSideBar/a_Logout' is clicked on

2023-05-12 17:56:37 - [MESSAGE][PASSED] - Object: 'Object Repository/NavSideBar/a_Logout' is clicked on

2023-05-12 17:56:37 - [TEST_STEP][PASSED] - verifyElementVisible(findTestObject("Object Repository/Page_Swag Labs/input_Swag Labs_user-name")): Object 'Object Repository/Page_Swag Labs/input_Swag Labs_user-name' is visible

2023-05-12 17:56:37 - [MESSAGE][PASSED] - Object 'Object Repository/Page_Swag Labs/input_Swag Labs_user-name' is visible

2023-05-12 17:56:37 - [TEST_STEP][PASSED] - closeBrowser(): Browser is closed

2023-05-12 17:56:38 - [MESSAGE][PASSED] - Browser is closed]]></system-out>
         <system-err><![CDATA[]]></system-err>
      </testcase>
      <testcase name="Test Cases/test-flow-1-buy-1-product" time="11.878" classname="Test Cases/test-flow-1-buy-1-product" status="PASSED">
         <system-out><![CDATA[2023-05-12 17:56:38 - [TEST_CASE][PASSED] - Test Cases/test-flow-1-buy-1-product: Test Cases/test-flow-1-buy-1-product

2023-05-12 17:56:38 - [TEST_STEP][PASSED] - openBrowser("https://www.saucedemo.com/"): Browser is opened with url: 'https://www.saucedemo.com/'

2023-05-12 17:56:38 - [MESSAGE][INFO] - Starting 'Chrome' driver

2023-05-12 17:56:38 - [MESSAGE][INFO] - Action delay is set to 0 milliseconds

2023-05-12 17:56:40 - [MESSAGE][PASSED] - Browser is opened with url: 'https://www.saucedemo.com/'

2023-05-12 17:56:40 - [TEST_STEP][PASSED] - click(findTestObject("Object Repository/Page_Swag Labs/input_Swag Labs_user-name")): Object: 'Object Repository/Page_Swag Labs/input_Swag Labs_user-name' is clicked on

2023-05-12 17:56:40 - [MESSAGE][PASSED] - Object: 'Object Repository/Page_Swag Labs/input_Swag Labs_user-name' is clicked on

2023-05-12 17:56:40 - [TEST_STEP][PASSED] - sendKeys(findTestObject("Object Repository/Page_Swag Labs/input_Swag Labs_user-name"), "standard_user"): Keys 'standard_user' sent to object: 'Object Repository/Page_Swag Labs/input_Swag Labs_user-name'

2023-05-12 17:56:40 - [MESSAGE][PASSED] - Keys 'standard_user' sent to object: 'Object Repository/Page_Swag Labs/input_Swag Labs_user-name'

2023-05-12 17:56:40 - [TEST_STEP][PASSED] - click(findTestObject("Object Repository/Page_Swag Labs/input_Swag Labs_password")): Object: 'Object Repository/Page_Swag Labs/input_Swag Labs_password' is clicked on

2023-05-12 17:56:41 - [MESSAGE][PASSED] - Object: 'Object Repository/Page_Swag Labs/input_Swag Labs_password' is clicked on

2023-05-12 17:56:41 - [TEST_STEP][PASSED] - sendKeys(findTestObject("Object Repository/Page_Swag Labs/input_Swag Labs_password"), "secret_sauce"): Keys 'secret_sauce' sent to object: 'Object Repository/Page_Swag Labs/input_Swag Labs_password'

2023-05-12 17:56:41 - [MESSAGE][PASSED] - Keys 'secret_sauce' sent to object: 'Object Repository/Page_Swag Labs/input_Swag Labs_password'

2023-05-12 17:56:41 - [TEST_STEP][PASSED] - click(findTestObject("Object Repository/Page_Swag Labs/input_Swag Labs_login-button")): Object: 'Object Repository/Page_Swag Labs/input_Swag Labs_login-button' is clicked on

2023-05-12 17:56:42 - [MESSAGE][PASSED] - Object: 'Object Repository/Page_Swag Labs/input_Swag Labs_login-button' is clicked on

2023-05-12 17:56:42 - [TEST_STEP][PASSED] - click(findTestObject("Object Repository/inventoryPage/Backpack")): Object: 'Object Repository/inventoryPage/Backpack' is clicked on

2023-05-12 17:56:42 - [MESSAGE][PASSED] - Object: 'Object Repository/inventoryPage/Backpack' is clicked on

2023-05-12 17:56:42 - [TEST_STEP][PASSED] - click(findTestObject("Object Repository/inventoryPage/button_Add to cart")): Object: 'Object Repository/inventoryPage/button_Add to cart' is clicked on

2023-05-12 17:56:42 - [MESSAGE][PASSED] - Object: 'Object Repository/inventoryPage/button_Add to cart' is clicked on

2023-05-12 17:56:42 - [TEST_STEP][PASSED] - click(findTestObject("Object Repository/inventoryPage/products_back-image")): Object: 'Object Repository/inventoryPage/products_back-image' is clicked on

2023-05-12 17:56:43 - [MESSAGE][PASSED] - Object: 'Object Repository/inventoryPage/products_back-image' is clicked on

2023-05-12 17:56:43 - [TEST_STEP][PASSED] - click(findTestObject("Object Repository/inventoryPage/cart")): Object: 'Object Repository/inventoryPage/cart' is clicked on

2023-05-12 17:56:44 - [MESSAGE][PASSED] - Object: 'Object Repository/inventoryPage/cart' is clicked on

2023-05-12 17:56:44 - [TEST_STEP][PASSED] - click(findTestObject("Object Repository/CheckoutPage/button_Checkout")): Object: 'Object Repository/CheckoutPage/button_Checkout' is clicked on

2023-05-12 17:56:44 - [MESSAGE][PASSED] - Object: 'Object Repository/CheckoutPage/button_Checkout' is clicked on

2023-05-12 17:56:44 - [TEST_STEP][PASSED] - sendKeys(findTestObject("Object Repository/checkout-step-one/input_Checkout Your Information_firstName"), "demo"): Keys 'demo' sent to object: 'Object Repository/checkout-step-one/input_Checkout Your Information_firstName'

2023-05-12 17:56:45 - [MESSAGE][PASSED] - Keys 'demo' sent to object: 'Object Repository/checkout-step-one/input_Checkout Your Information_firstName'

2023-05-12 17:56:45 - [TEST_STEP][PASSED] - sendKeys(findTestObject("Object Repository/checkout-step-one/input_Checkout Your Information_lastName"), "qa test"): Keys 'qa test' sent to object: 'Object Repository/checkout-step-one/input_Checkout Your Information_lastName'

2023-05-12 17:56:45 - [MESSAGE][PASSED] - Keys 'qa test' sent to object: 'Object Repository/checkout-step-one/input_Checkout Your Information_lastName'

2023-05-12 17:56:45 - [TEST_STEP][PASSED] - sendKeys(findTestObject("Object Repository/checkout-step-one/input_Checkout Your Information_postalCode"), "9000"): Keys '9000' sent to object: 'Object Repository/checkout-step-one/input_Checkout Your Information_postalCode'

2023-05-12 17:56:46 - [MESSAGE][PASSED] - Keys '9000' sent to object: 'Object Repository/checkout-step-one/input_Checkout Your Information_postalCode'

2023-05-12 17:56:46 - [TEST_STEP][PASSED] - click(findTestObject("Object Repository/checkout-step-one/input_continue")): Object: 'Object Repository/checkout-step-one/input_continue' is clicked on

2023-05-12 17:56:46 - [MESSAGE][PASSED] - Object: 'Object Repository/checkout-step-one/input_continue' is clicked on

2023-05-12 17:56:46 - [TEST_STEP][PASSED] - click(findTestObject("Object Repository/finish checkout/button_Finish")): Object: 'Object Repository/finish checkout/button_Finish' is clicked on

2023-05-12 17:56:47 - [MESSAGE][PASSED] - Object: 'Object Repository/finish checkout/button_Finish' is clicked on

2023-05-12 17:56:47 - [TEST_STEP][PASSED] - verifyElementVisible(findTestObject("Object Repository/order-success/h2_Thank you for your order")): Object 'Object Repository/order-success/h2_Thank you for your order' is visible

2023-05-12 17:56:47 - [MESSAGE][PASSED] - Object 'Object Repository/order-success/h2_Thank you for your order' is visible

2023-05-12 17:56:47 - [TEST_STEP][PASSED] - click(findTestObject("Object Repository/NavSideBar/sidebar")): Object: 'Object Repository/NavSideBar/sidebar' is clicked on

2023-05-12 17:56:48 - [MESSAGE][PASSED] - Object: 'Object Repository/NavSideBar/sidebar' is clicked on

2023-05-12 17:56:48 - [TEST_STEP][PASSED] - click(findTestObject("Object Repository/NavSideBar/a_Logout")): Object: 'Object Repository/NavSideBar/a_Logout' is clicked on

2023-05-12 17:56:48 - [MESSAGE][PASSED] - Object: 'Object Repository/NavSideBar/a_Logout' is clicked on

2023-05-12 17:56:48 - [TEST_STEP][PASSED] - verifyElementVisible(findTestObject("Object Repository/Page_Swag Labs/input_Swag Labs_user-name")): Object 'Object Repository/Page_Swag Labs/input_Swag Labs_user-name' is visible

2023-05-12 17:56:49 - [MESSAGE][PASSED] - Object 'Object Repository/Page_Swag Labs/input_Swag Labs_user-name' is visible

2023-05-12 17:56:49 - [TEST_STEP][PASSED] - closeBrowser(): Browser is closed

2023-05-12 17:56:50 - [MESSAGE][PASSED] - Browser is closed]]></system-out>
         <system-err><![CDATA[]]></system-err>
      </testcase>
      <testcase name="Test Cases/test-flow-1-buy-1-product" time="12.182" classname="Test Cases/test-flow-1-buy-1-product" status="PASSED">
         <system-out><![CDATA[2023-05-12 17:56:50 - [TEST_CASE][PASSED] - Test Cases/test-flow-1-buy-1-product: Test Cases/test-flow-1-buy-1-product

2023-05-12 17:56:50 - [TEST_STEP][PASSED] - openBrowser("https://www.saucedemo.com/"): Browser is opened with url: 'https://www.saucedemo.com/'

2023-05-12 17:56:50 - [MESSAGE][INFO] - Starting 'Chrome' driver

2023-05-12 17:56:50 - [MESSAGE][INFO] - Action delay is set to 0 milliseconds

2023-05-12 17:56:52 - [MESSAGE][PASSED] - Browser is opened with url: 'https://www.saucedemo.com/'

2023-05-12 17:56:52 - [TEST_STEP][PASSED] - click(findTestObject("Object Repository/Page_Swag Labs/input_Swag Labs_user-name")): Object: 'Object Repository/Page_Swag Labs/input_Swag Labs_user-name' is clicked on

2023-05-12 17:56:52 - [MESSAGE][PASSED] - Object: 'Object Repository/Page_Swag Labs/input_Swag Labs_user-name' is clicked on

2023-05-12 17:56:52 - [TEST_STEP][PASSED] - sendKeys(findTestObject("Object Repository/Page_Swag Labs/input_Swag Labs_user-name"), "standard_user"): Keys 'standard_user' sent to object: 'Object Repository/Page_Swag Labs/input_Swag Labs_user-name'

2023-05-12 17:56:53 - [MESSAGE][PASSED] - Keys 'standard_user' sent to object: 'Object Repository/Page_Swag Labs/input_Swag Labs_user-name'

2023-05-12 17:56:53 - [TEST_STEP][PASSED] - click(findTestObject("Object Repository/Page_Swag Labs/input_Swag Labs_password")): Object: 'Object Repository/Page_Swag Labs/input_Swag Labs_password' is clicked on

2023-05-12 17:56:53 - [MESSAGE][PASSED] - Object: 'Object Repository/Page_Swag Labs/input_Swag Labs_password' is clicked on

2023-05-12 17:56:53 - [TEST_STEP][PASSED] - sendKeys(findTestObject("Object Repository/Page_Swag Labs/input_Swag Labs_password"), "secret_sauce"): Keys 'secret_sauce' sent to object: 'Object Repository/Page_Swag Labs/input_Swag Labs_password'

2023-05-12 17:56:53 - [MESSAGE][PASSED] - Keys 'secret_sauce' sent to object: 'Object Repository/Page_Swag Labs/input_Swag Labs_password'

2023-05-12 17:56:53 - [TEST_STEP][PASSED] - click(findTestObject("Object Repository/Page_Swag Labs/input_Swag Labs_login-button")): Object: 'Object Repository/Page_Swag Labs/input_Swag Labs_login-button' is clicked on

2023-05-12 17:56:54 - [MESSAGE][PASSED] - Object: 'Object Repository/Page_Swag Labs/input_Swag Labs_login-button' is clicked on

2023-05-12 17:56:54 - [TEST_STEP][PASSED] - click(findTestObject("Object Repository/inventoryPage/Backpack")): Object: 'Object Repository/inventoryPage/Backpack' is clicked on

2023-05-12 17:56:54 - [MESSAGE][PASSED] - Object: 'Object Repository/inventoryPage/Backpack' is clicked on

2023-05-12 17:56:54 - [TEST_STEP][PASSED] - click(findTestObject("Object Repository/inventoryPage/button_Add to cart")): Object: 'Object Repository/inventoryPage/button_Add to cart' is clicked on

2023-05-12 17:56:55 - [MESSAGE][PASSED] - Object: 'Object Repository/inventoryPage/button_Add to cart' is clicked on

2023-05-12 17:56:55 - [TEST_STEP][PASSED] - click(findTestObject("Object Repository/inventoryPage/products_back-image")): Object: 'Object Repository/inventoryPage/products_back-image' is clicked on

2023-05-12 17:56:55 - [MESSAGE][PASSED] - Object: 'Object Repository/inventoryPage/products_back-image' is clicked on

2023-05-12 17:56:55 - [TEST_STEP][PASSED] - click(findTestObject("Object Repository/inventoryPage/cart")): Object: 'Object Repository/inventoryPage/cart' is clicked on

2023-05-12 17:56:56 - [MESSAGE][PASSED] - Object: 'Object Repository/inventoryPage/cart' is clicked on

2023-05-12 17:56:56 - [TEST_STEP][PASSED] - click(findTestObject("Object Repository/CheckoutPage/button_Checkout")): Object: 'Object Repository/CheckoutPage/button_Checkout' is clicked on

2023-05-12 17:56:56 - [MESSAGE][PASSED] - Object: 'Object Repository/CheckoutPage/button_Checkout' is clicked on

2023-05-12 17:56:56 - [TEST_STEP][PASSED] - sendKeys(findTestObject("Object Repository/checkout-step-one/input_Checkout Your Information_firstName"), "demo"): Keys 'demo' sent to object: 'Object Repository/checkout-step-one/input_Checkout Your Information_firstName'

2023-05-12 17:56:57 - [MESSAGE][PASSED] - Keys 'demo' sent to object: 'Object Repository/checkout-step-one/input_Checkout Your Information_firstName'

2023-05-12 17:56:57 - [TEST_STEP][PASSED] - sendKeys(findTestObject("Object Repository/checkout-step-one/input_Checkout Your Information_lastName"), "qa test"): Keys 'qa test' sent to object: 'Object Repository/checkout-step-one/input_Checkout Your Information_lastName'

2023-05-12 17:56:57 - [MESSAGE][PASSED] - Keys 'qa test' sent to object: 'Object Repository/checkout-step-one/input_Checkout Your Information_lastName'

2023-05-12 17:56:57 - [TEST_STEP][PASSED] - sendKeys(findTestObject("Object Repository/checkout-step-one/input_Checkout Your Information_postalCode"), "9000"): Keys '9000' sent to object: 'Object Repository/checkout-step-one/input_Checkout Your Information_postalCode'

2023-05-12 17:56:58 - [MESSAGE][PASSED] - Keys '9000' sent to object: 'Object Repository/checkout-step-one/input_Checkout Your Information_postalCode'

2023-05-12 17:56:58 - [TEST_STEP][PASSED] - click(findTestObject("Object Repository/checkout-step-one/input_continue")): Object: 'Object Repository/checkout-step-one/input_continue' is clicked on

2023-05-12 17:56:59 - [MESSAGE][PASSED] - Object: 'Object Repository/checkout-step-one/input_continue' is clicked on

2023-05-12 17:56:59 - [TEST_STEP][PASSED] - click(findTestObject("Object Repository/finish checkout/button_Finish")): Object: 'Object Repository/finish checkout/button_Finish' is clicked on

2023-05-12 17:56:59 - [MESSAGE][PASSED] - Object: 'Object Repository/finish checkout/button_Finish' is clicked on

2023-05-12 17:56:59 - [TEST_STEP][PASSED] - verifyElementVisible(findTestObject("Object Repository/order-success/h2_Thank you for your order")): Object 'Object Repository/order-success/h2_Thank you for your order' is visible

2023-05-12 17:57:00 - [MESSAGE][PASSED] - Object 'Object Repository/order-success/h2_Thank you for your order' is visible

2023-05-12 17:57:00 - [TEST_STEP][PASSED] - click(findTestObject("Object Repository/NavSideBar/sidebar")): Object: 'Object Repository/NavSideBar/sidebar' is clicked on

2023-05-12 17:57:00 - [MESSAGE][PASSED] - Object: 'Object Repository/NavSideBar/sidebar' is clicked on

2023-05-12 17:57:00 - [TEST_STEP][PASSED] - click(findTestObject("Object Repository/NavSideBar/a_Logout")): Object: 'Object Repository/NavSideBar/a_Logout' is clicked on

2023-05-12 17:57:01 - [MESSAGE][PASSED] - Object: 'Object Repository/NavSideBar/a_Logout' is clicked on

2023-05-12 17:57:01 - [TEST_STEP][PASSED] - verifyElementVisible(findTestObject("Object Repository/Page_Swag Labs/input_Swag Labs_user-name")): Object 'Object Repository/Page_Swag Labs/input_Swag Labs_user-name' is visible

2023-05-12 17:57:01 - [MESSAGE][PASSED] - Object 'Object Repository/Page_Swag Labs/input_Swag Labs_user-name' is visible

2023-05-12 17:57:01 - [TEST_STEP][PASSED] - closeBrowser(): Browser is closed

2023-05-12 17:57:02 - [MESSAGE][PASSED] - Browser is closed]]></system-out>
         <system-err><![CDATA[]]></system-err>
      </testcase>
      <testcase name="Test Cases/test-flow-1-buy-1-product" time="12.112" classname="Test Cases/test-flow-1-buy-1-product" status="PASSED">
         <system-out><![CDATA[2023-05-12 17:57:02 - [TEST_CASE][PASSED] - Test Cases/test-flow-1-buy-1-product: Test Cases/test-flow-1-buy-1-product

2023-05-12 17:57:02 - [TEST_STEP][PASSED] - openBrowser("https://www.saucedemo.com/"): Browser is opened with url: 'https://www.saucedemo.com/'

2023-05-12 17:57:02 - [MESSAGE][INFO] - Starting 'Chrome' driver

2023-05-12 17:57:02 - [MESSAGE][INFO] - Action delay is set to 0 milliseconds

2023-05-12 17:57:04 - [MESSAGE][PASSED] - Browser is opened with url: 'https://www.saucedemo.com/'

2023-05-12 17:57:04 - [TEST_STEP][PASSED] - click(findTestObject("Object Repository/Page_Swag Labs/input_Swag Labs_user-name")): Object: 'Object Repository/Page_Swag Labs/input_Swag Labs_user-name' is clicked on

2023-05-12 17:57:04 - [MESSAGE][PASSED] - Object: 'Object Repository/Page_Swag Labs/input_Swag Labs_user-name' is clicked on

2023-05-12 17:57:04 - [TEST_STEP][PASSED] - sendKeys(findTestObject("Object Repository/Page_Swag Labs/input_Swag Labs_user-name"), "standard_user"): Keys 'standard_user' sent to object: 'Object Repository/Page_Swag Labs/input_Swag Labs_user-name'

2023-05-12 17:57:05 - [MESSAGE][PASSED] - Keys 'standard_user' sent to object: 'Object Repository/Page_Swag Labs/input_Swag Labs_user-name'

2023-05-12 17:57:05 - [TEST_STEP][PASSED] - click(findTestObject("Object Repository/Page_Swag Labs/input_Swag Labs_password")): Object: 'Object Repository/Page_Swag Labs/input_Swag Labs_password' is clicked on

2023-05-12 17:57:05 - [MESSAGE][PASSED] - Object: 'Object Repository/Page_Swag Labs/input_Swag Labs_password' is clicked on

2023-05-12 17:57:05 - [TEST_STEP][PASSED] - sendKeys(findTestObject("Object Repository/Page_Swag Labs/input_Swag Labs_password"), "secret_sauce"): Keys 'secret_sauce' sent to object: 'Object Repository/Page_Swag Labs/input_Swag Labs_password'

2023-05-12 17:57:05 - [MESSAGE][PASSED] - Keys 'secret_sauce' sent to object: 'Object Repository/Page_Swag Labs/input_Swag Labs_password'

2023-05-12 17:57:05 - [TEST_STEP][PASSED] - click(findTestObject("Object Repository/Page_Swag Labs/input_Swag Labs_login-button")): Object: 'Object Repository/Page_Swag Labs/input_Swag Labs_login-button' is clicked on

2023-05-12 17:57:06 - [MESSAGE][PASSED] - Object: 'Object Repository/Page_Swag Labs/input_Swag Labs_login-button' is clicked on

2023-05-12 17:57:06 - [TEST_STEP][PASSED] - click(findTestObject("Object Repository/inventoryPage/Backpack")): Object: 'Object Repository/inventoryPage/Backpack' is clicked on

2023-05-12 17:57:06 - [MESSAGE][PASSED] - Object: 'Object Repository/inventoryPage/Backpack' is clicked on

2023-05-12 17:57:06 - [TEST_STEP][PASSED] - click(findTestObject("Object Repository/inventoryPage/button_Add to cart")): Object: 'Object Repository/inventoryPage/button_Add to cart' is clicked on

2023-05-12 17:57:07 - [MESSAGE][PASSED] - Object: 'Object Repository/inventoryPage/button_Add to cart' is clicked on

2023-05-12 17:57:07 - [TEST_STEP][PASSED] - click(findTestObject("Object Repository/inventoryPage/products_back-image")): Object: 'Object Repository/inventoryPage/products_back-image' is clicked on

2023-05-12 17:57:07 - [MESSAGE][PASSED] - Object: 'Object Repository/inventoryPage/products_back-image' is clicked on

2023-05-12 17:57:07 - [TEST_STEP][PASSED] - click(findTestObject("Object Repository/inventoryPage/cart")): Object: 'Object Repository/inventoryPage/cart' is clicked on

2023-05-12 17:57:08 - [MESSAGE][PASSED] - Object: 'Object Repository/inventoryPage/cart' is clicked on

2023-05-12 17:57:08 - [TEST_STEP][PASSED] - click(findTestObject("Object Repository/CheckoutPage/button_Checkout")): Object: 'Object Repository/CheckoutPage/button_Checkout' is clicked on

2023-05-12 17:57:08 - [MESSAGE][PASSED] - Object: 'Object Repository/CheckoutPage/button_Checkout' is clicked on

2023-05-12 17:57:08 - [TEST_STEP][PASSED] - sendKeys(findTestObject("Object Repository/checkout-step-one/input_Checkout Your Information_firstName"), "demo"): Keys 'demo' sent to object: 'Object Repository/checkout-step-one/input_Checkout Your Information_firstName'

2023-05-12 17:57:09 - [MESSAGE][PASSED] - Keys 'demo' sent to object: 'Object Repository/checkout-step-one/input_Checkout Your Information_firstName'

2023-05-12 17:57:09 - [TEST_STEP][PASSED] - sendKeys(findTestObject("Object Repository/checkout-step-one/input_Checkout Your Information_lastName"), "qa test"): Keys 'qa test' sent to object: 'Object Repository/checkout-step-one/input_Checkout Your Information_lastName'

2023-05-12 17:57:10 - [MESSAGE][PASSED] - Keys 'qa test' sent to object: 'Object Repository/checkout-step-one/input_Checkout Your Information_lastName'

2023-05-12 17:57:10 - [TEST_STEP][PASSED] - sendKeys(findTestObject("Object Repository/checkout-step-one/input_Checkout Your Information_postalCode"), "9000"): Keys '9000' sent to object: 'Object Repository/checkout-step-one/input_Checkout Your Information_postalCode'

2023-05-12 17:57:10 - [MESSAGE][PASSED] - Keys '9000' sent to object: 'Object Repository/checkout-step-one/input_Checkout Your Information_postalCode'

2023-05-12 17:57:10 - [TEST_STEP][PASSED] - click(findTestObject("Object Repository/checkout-step-one/input_continue")): Object: 'Object Repository/checkout-step-one/input_continue' is clicked on

2023-05-12 17:57:11 - [MESSAGE][PASSED] - Object: 'Object Repository/checkout-step-one/input_continue' is clicked on

2023-05-12 17:57:11 - [TEST_STEP][PASSED] - click(findTestObject("Object Repository/finish checkout/button_Finish")): Object: 'Object Repository/finish checkout/button_Finish' is clicked on

2023-05-12 17:57:11 - [MESSAGE][PASSED] - Object: 'Object Repository/finish checkout/button_Finish' is clicked on

2023-05-12 17:57:11 - [TEST_STEP][PASSED] - verifyElementVisible(findTestObject("Object Repository/order-success/h2_Thank you for your order")): Object 'Object Repository/order-success/h2_Thank you for your order' is visible

2023-05-12 17:57:12 - [MESSAGE][PASSED] - Object 'Object Repository/order-success/h2_Thank you for your order' is visible

2023-05-12 17:57:12 - [TEST_STEP][PASSED] - click(findTestObject("Object Repository/NavSideBar/sidebar")): Object: 'Object Repository/NavSideBar/sidebar' is clicked on

2023-05-12 17:57:12 - [MESSAGE][PASSED] - Object: 'Object Repository/NavSideBar/sidebar' is clicked on

2023-05-12 17:57:12 - [TEST_STEP][PASSED] - click(findTestObject("Object Repository/NavSideBar/a_Logout")): Object: 'Object Repository/NavSideBar/a_Logout' is clicked on

2023-05-12 17:57:13 - [MESSAGE][PASSED] - Object: 'Object Repository/NavSideBar/a_Logout' is clicked on

2023-05-12 17:57:13 - [TEST_STEP][PASSED] - verifyElementVisible(findTestObject("Object Repository/Page_Swag Labs/input_Swag Labs_user-name")): Object 'Object Repository/Page_Swag Labs/input_Swag Labs_user-name' is visible

2023-05-12 17:57:13 - [MESSAGE][PASSED] - Object 'Object Repository/Page_Swag Labs/input_Swag Labs_user-name' is visible

2023-05-12 17:57:13 - [TEST_STEP][PASSED] - closeBrowser(): Browser is closed

2023-05-12 17:57:14 - [MESSAGE][PASSED] - Browser is closed]]></system-out>
         <system-err><![CDATA[]]></system-err>
      </testcase>
      <testcase name="Test Cases/test-flow-1-buy-1-product" time="12.067" classname="Test Cases/test-flow-1-buy-1-product" status="PASSED">
         <system-out><![CDATA[2023-05-12 17:57:14 - [TEST_CASE][PASSED] - Test Cases/test-flow-1-buy-1-product: Test Cases/test-flow-1-buy-1-product

2023-05-12 17:57:14 - [TEST_STEP][PASSED] - openBrowser("https://www.saucedemo.com/"): Browser is opened with url: 'https://www.saucedemo.com/'

2023-05-12 17:57:14 - [MESSAGE][INFO] - Starting 'Chrome' driver

2023-05-12 17:57:14 - [MESSAGE][INFO] - Action delay is set to 0 milliseconds

2023-05-12 17:57:16 - [MESSAGE][PASSED] - Browser is opened with url: 'https://www.saucedemo.com/'

2023-05-12 17:57:16 - [TEST_STEP][PASSED] - click(findTestObject("Object Repository/Page_Swag Labs/input_Swag Labs_user-name")): Object: 'Object Repository/Page_Swag Labs/input_Swag Labs_user-name' is clicked on

2023-05-12 17:57:16 - [MESSAGE][PASSED] - Object: 'Object Repository/Page_Swag Labs/input_Swag Labs_user-name' is clicked on

2023-05-12 17:57:16 - [TEST_STEP][PASSED] - sendKeys(findTestObject("Object Repository/Page_Swag Labs/input_Swag Labs_user-name"), "standard_user"): Keys 'standard_user' sent to object: 'Object Repository/Page_Swag Labs/input_Swag Labs_user-name'

2023-05-12 17:57:17 - [MESSAGE][PASSED] - Keys 'standard_user' sent to object: 'Object Repository/Page_Swag Labs/input_Swag Labs_user-name'

2023-05-12 17:57:17 - [TEST_STEP][PASSED] - click(findTestObject("Object Repository/Page_Swag Labs/input_Swag Labs_password")): Object: 'Object Repository/Page_Swag Labs/input_Swag Labs_password' is clicked on

2023-05-12 17:57:17 - [MESSAGE][PASSED] - Object: 'Object Repository/Page_Swag Labs/input_Swag Labs_password' is clicked on

2023-05-12 17:57:17 - [TEST_STEP][PASSED] - sendKeys(findTestObject("Object Repository/Page_Swag Labs/input_Swag Labs_password"), "secret_sauce"): Keys 'secret_sauce' sent to object: 'Object Repository/Page_Swag Labs/input_Swag Labs_password'

2023-05-12 17:57:17 - [MESSAGE][PASSED] - Keys 'secret_sauce' sent to object: 'Object Repository/Page_Swag Labs/input_Swag Labs_password'

2023-05-12 17:57:17 - [TEST_STEP][PASSED] - click(findTestObject("Object Repository/Page_Swag Labs/input_Swag Labs_login-button")): Object: 'Object Repository/Page_Swag Labs/input_Swag Labs_login-button' is clicked on

2023-05-12 17:57:18 - [MESSAGE][PASSED] - Object: 'Object Repository/Page_Swag Labs/input_Swag Labs_login-button' is clicked on

2023-05-12 17:57:18 - [TEST_STEP][PASSED] - click(findTestObject("Object Repository/inventoryPage/Backpack")): Object: 'Object Repository/inventoryPage/Backpack' is clicked on

2023-05-12 17:57:18 - [MESSAGE][PASSED] - Object: 'Object Repository/inventoryPage/Backpack' is clicked on

2023-05-12 17:57:18 - [TEST_STEP][PASSED] - click(findTestObject("Object Repository/inventoryPage/button_Add to cart")): Object: 'Object Repository/inventoryPage/button_Add to cart' is clicked on

2023-05-12 17:57:19 - [MESSAGE][PASSED] - Object: 'Object Repository/inventoryPage/button_Add to cart' is clicked on

2023-05-12 17:57:19 - [TEST_STEP][PASSED] - click(findTestObject("Object Repository/inventoryPage/products_back-image")): Object: 'Object Repository/inventoryPage/products_back-image' is clicked on

2023-05-12 17:57:19 - [MESSAGE][PASSED] - Object: 'Object Repository/inventoryPage/products_back-image' is clicked on

2023-05-12 17:57:19 - [TEST_STEP][PASSED] - click(findTestObject("Object Repository/inventoryPage/cart")): Object: 'Object Repository/inventoryPage/cart' is clicked on

2023-05-12 17:57:20 - [MESSAGE][PASSED] - Object: 'Object Repository/inventoryPage/cart' is clicked on

2023-05-12 17:57:20 - [TEST_STEP][PASSED] - click(findTestObject("Object Repository/CheckoutPage/button_Checkout")): Object: 'Object Repository/CheckoutPage/button_Checkout' is clicked on

2023-05-12 17:57:20 - [MESSAGE][PASSED] - Object: 'Object Repository/CheckoutPage/button_Checkout' is clicked on

2023-05-12 17:57:20 - [TEST_STEP][PASSED] - sendKeys(findTestObject("Object Repository/checkout-step-one/input_Checkout Your Information_firstName"), "demo"): Keys 'demo' sent to object: 'Object Repository/checkout-step-one/input_Checkout Your Information_firstName'

2023-05-12 17:57:21 - [MESSAGE][PASSED] - Keys 'demo' sent to object: 'Object Repository/checkout-step-one/input_Checkout Your Information_firstName'

2023-05-12 17:57:21 - [TEST_STEP][PASSED] - sendKeys(findTestObject("Object Repository/checkout-step-one/input_Checkout Your Information_lastName"), "qa test"): Keys 'qa test' sent to object: 'Object Repository/checkout-step-one/input_Checkout Your Information_lastName'

2023-05-12 17:57:22 - [MESSAGE][PASSED] - Keys 'qa test' sent to object: 'Object Repository/checkout-step-one/input_Checkout Your Information_lastName'

2023-05-12 17:57:22 - [TEST_STEP][PASSED] - sendKeys(findTestObject("Object Repository/checkout-step-one/input_Checkout Your Information_postalCode"), "9000"): Keys '9000' sent to object: 'Object Repository/checkout-step-one/input_Checkout Your Information_postalCode'

2023-05-12 17:57:22 - [MESSAGE][PASSED] - Keys '9000' sent to object: 'Object Repository/checkout-step-one/input_Checkout Your Information_postalCode'

2023-05-12 17:57:22 - [TEST_STEP][PASSED] - click(findTestObject("Object Repository/checkout-step-one/input_continue")): Object: 'Object Repository/checkout-step-one/input_continue' is clicked on

2023-05-12 17:57:23 - [MESSAGE][PASSED] - Object: 'Object Repository/checkout-step-one/input_continue' is clicked on

2023-05-12 17:57:23 - [TEST_STEP][PASSED] - click(findTestObject("Object Repository/finish checkout/button_Finish")): Object: 'Object Repository/finish checkout/button_Finish' is clicked on

2023-05-12 17:57:23 - [MESSAGE][PASSED] - Object: 'Object Repository/finish checkout/button_Finish' is clicked on

2023-05-12 17:57:23 - [TEST_STEP][PASSED] - verifyElementVisible(findTestObject("Object Repository/order-success/h2_Thank you for your order")): Object 'Object Repository/order-success/h2_Thank you for your order' is visible

2023-05-12 17:57:24 - [MESSAGE][PASSED] - Object 'Object Repository/order-success/h2_Thank you for your order' is visible

2023-05-12 17:57:24 - [TEST_STEP][PASSED] - click(findTestObject("Object Repository/NavSideBar/sidebar")): Object: 'Object Repository/NavSideBar/sidebar' is clicked on

2023-05-12 17:57:24 - [MESSAGE][PASSED] - Object: 'Object Repository/NavSideBar/sidebar' is clicked on

2023-05-12 17:57:24 - [TEST_STEP][PASSED] - click(findTestObject("Object Repository/NavSideBar/a_Logout")): Object: 'Object Repository/NavSideBar/a_Logout' is clicked on

2023-05-12 17:57:25 - [MESSAGE][PASSED] - Object: 'Object Repository/NavSideBar/a_Logout' is clicked on

2023-05-12 17:57:25 - [TEST_STEP][PASSED] - verifyElementVisible(findTestObject("Object Repository/Page_Swag Labs/input_Swag Labs_user-name")): Object 'Object Repository/Page_Swag Labs/input_Swag Labs_user-name' is visible

2023-05-12 17:57:25 - [MESSAGE][PASSED] - Object 'Object Repository/Page_Swag Labs/input_Swag Labs_user-name' is visible

2023-05-12 17:57:25 - [TEST_STEP][PASSED] - closeBrowser(): Browser is closed

2023-05-12 17:57:26 - [MESSAGE][PASSED] - Browser is closed]]></system-out>
         <system-err><![CDATA[]]></system-err>
      </testcase>
      <testcase name="Test Cases/test-flow-1-buy-1-product" time="12.092" classname="Test Cases/test-flow-1-buy-1-product" status="PASSED">
         <system-out><![CDATA[2023-05-12 17:57:26 - [TEST_CASE][PASSED] - Test Cases/test-flow-1-buy-1-product: Test Cases/test-flow-1-buy-1-product

2023-05-12 17:57:26 - [TEST_STEP][PASSED] - openBrowser("https://www.saucedemo.com/"): Browser is opened with url: 'https://www.saucedemo.com/'

2023-05-12 17:57:26 - [MESSAGE][INFO] - Starting 'Chrome' driver

2023-05-12 17:57:26 - [MESSAGE][INFO] - Action delay is set to 0 milliseconds

2023-05-12 17:57:28 - [MESSAGE][PASSED] - Browser is opened with url: 'https://www.saucedemo.com/'

2023-05-12 17:57:28 - [TEST_STEP][PASSED] - click(findTestObject("Object Repository/Page_Swag Labs/input_Swag Labs_user-name")): Object: 'Object Repository/Page_Swag Labs/input_Swag Labs_user-name' is clicked on

2023-05-12 17:57:28 - [MESSAGE][PASSED] - Object: 'Object Repository/Page_Swag Labs/input_Swag Labs_user-name' is clicked on

2023-05-12 17:57:28 - [TEST_STEP][PASSED] - sendKeys(findTestObject("Object Repository/Page_Swag Labs/input_Swag Labs_user-name"), "standard_user"): Keys 'standard_user' sent to object: 'Object Repository/Page_Swag Labs/input_Swag Labs_user-name'

2023-05-12 17:57:29 - [MESSAGE][PASSED] - Keys 'standard_user' sent to object: 'Object Repository/Page_Swag Labs/input_Swag Labs_user-name'

2023-05-12 17:57:29 - [TEST_STEP][PASSED] - click(findTestObject("Object Repository/Page_Swag Labs/input_Swag Labs_password")): Object: 'Object Repository/Page_Swag Labs/input_Swag Labs_password' is clicked on

2023-05-12 17:57:29 - [MESSAGE][PASSED] - Object: 'Object Repository/Page_Swag Labs/input_Swag Labs_password' is clicked on

2023-05-12 17:57:29 - [TEST_STEP][PASSED] - sendKeys(findTestObject("Object Repository/Page_Swag Labs/input_Swag Labs_password"), "secret_sauce"): Keys 'secret_sauce' sent to object: 'Object Repository/Page_Swag Labs/input_Swag Labs_password'

2023-05-12 17:57:30 - [MESSAGE][PASSED] - Keys 'secret_sauce' sent to object: 'Object Repository/Page_Swag Labs/input_Swag Labs_password'

2023-05-12 17:57:30 - [TEST_STEP][PASSED] - click(findTestObject("Object Repository/Page_Swag Labs/input_Swag Labs_login-button")): Object: 'Object Repository/Page_Swag Labs/input_Swag Labs_login-button' is clicked on

2023-05-12 17:57:30 - [MESSAGE][PASSED] - Object: 'Object Repository/Page_Swag Labs/input_Swag Labs_login-button' is clicked on

2023-05-12 17:57:30 - [TEST_STEP][PASSED] - click(findTestObject("Object Repository/inventoryPage/Backpack")): Object: 'Object Repository/inventoryPage/Backpack' is clicked on

2023-05-12 17:57:30 - [MESSAGE][PASSED] - Object: 'Object Repository/inventoryPage/Backpack' is clicked on

2023-05-12 17:57:30 - [TEST_STEP][PASSED] - click(findTestObject("Object Repository/inventoryPage/button_Add to cart")): Object: 'Object Repository/inventoryPage/button_Add to cart' is clicked on

2023-05-12 17:57:31 - [MESSAGE][PASSED] - Object: 'Object Repository/inventoryPage/button_Add to cart' is clicked on

2023-05-12 17:57:31 - [TEST_STEP][PASSED] - click(findTestObject("Object Repository/inventoryPage/products_back-image")): Object: 'Object Repository/inventoryPage/products_back-image' is clicked on

2023-05-12 17:57:31 - [MESSAGE][PASSED] - Object: 'Object Repository/inventoryPage/products_back-image' is clicked on

2023-05-12 17:57:31 - [TEST_STEP][PASSED] - click(findTestObject("Object Repository/inventoryPage/cart")): Object: 'Object Repository/inventoryPage/cart' is clicked on

2023-05-12 17:57:32 - [MESSAGE][PASSED] - Object: 'Object Repository/inventoryPage/cart' is clicked on

2023-05-12 17:57:32 - [TEST_STEP][PASSED] - click(findTestObject("Object Repository/CheckoutPage/button_Checkout")): Object: 'Object Repository/CheckoutPage/button_Checkout' is clicked on

2023-05-12 17:57:33 - [MESSAGE][PASSED] - Object: 'Object Repository/CheckoutPage/button_Checkout' is clicked on

2023-05-12 17:57:33 - [TEST_STEP][PASSED] - sendKeys(findTestObject("Object Repository/checkout-step-one/input_Checkout Your Information_firstName"), "demo"): Keys 'demo' sent to object: 'Object Repository/checkout-step-one/input_Checkout Your Information_firstName'

2023-05-12 17:57:33 - [MESSAGE][PASSED] - Keys 'demo' sent to object: 'Object Repository/checkout-step-one/input_Checkout Your Information_firstName'

2023-05-12 17:57:33 - [TEST_STEP][PASSED] - sendKeys(findTestObject("Object Repository/checkout-step-one/input_Checkout Your Information_lastName"), "qa test"): Keys 'qa test' sent to object: 'Object Repository/checkout-step-one/input_Checkout Your Information_lastName'

2023-05-12 17:57:34 - [MESSAGE][PASSED] - Keys 'qa test' sent to object: 'Object Repository/checkout-step-one/input_Checkout Your Information_lastName'

2023-05-12 17:57:34 - [TEST_STEP][PASSED] - sendKeys(findTestObject("Object Repository/checkout-step-one/input_Checkout Your Information_postalCode"), "9000"): Keys '9000' sent to object: 'Object Repository/checkout-step-one/input_Checkout Your Information_postalCode'

2023-05-12 17:57:34 - [MESSAGE][PASSED] - Keys '9000' sent to object: 'Object Repository/checkout-step-one/input_Checkout Your Information_postalCode'

2023-05-12 17:57:34 - [TEST_STEP][PASSED] - click(findTestObject("Object Repository/checkout-step-one/input_continue")): Object: 'Object Repository/checkout-step-one/input_continue' is clicked on

2023-05-12 17:57:35 - [MESSAGE][PASSED] - Object: 'Object Repository/checkout-step-one/input_continue' is clicked on

2023-05-12 17:57:35 - [TEST_STEP][PASSED] - click(findTestObject("Object Repository/finish checkout/button_Finish")): Object: 'Object Repository/finish checkout/button_Finish' is clicked on

2023-05-12 17:57:35 - [MESSAGE][PASSED] - Object: 'Object Repository/finish checkout/button_Finish' is clicked on

2023-05-12 17:57:35 - [TEST_STEP][PASSED] - verifyElementVisible(findTestObject("Object Repository/order-success/h2_Thank you for your order")): Object 'Object Repository/order-success/h2_Thank you for your order' is visible

2023-05-12 17:57:36 - [MESSAGE][PASSED] - Object 'Object Repository/order-success/h2_Thank you for your order' is visible

2023-05-12 17:57:36 - [TEST_STEP][PASSED] - click(findTestObject("Object Repository/NavSideBar/sidebar")): Object: 'Object Repository/NavSideBar/sidebar' is clicked on

2023-05-12 17:57:36 - [MESSAGE][PASSED] - Object: 'Object Repository/NavSideBar/sidebar' is clicked on

2023-05-12 17:57:36 - [TEST_STEP][PASSED] - click(findTestObject("Object Repository/NavSideBar/a_Logout")): Object: 'Object Repository/NavSideBar/a_Logout' is clicked on

2023-05-12 17:57:37 - [MESSAGE][PASSED] - Object: 'Object Repository/NavSideBar/a_Logout' is clicked on

2023-05-12 17:57:37 - [TEST_STEP][PASSED] - verifyElementVisible(findTestObject("Object Repository/Page_Swag Labs/input_Swag Labs_user-name")): Object 'Object Repository/Page_Swag Labs/input_Swag Labs_user-name' is visible

2023-05-12 17:57:37 - [MESSAGE][PASSED] - Object 'Object Repository/Page_Swag Labs/input_Swag Labs_user-name' is visible

2023-05-12 17:57:37 - [TEST_STEP][PASSED] - closeBrowser(): Browser is closed

2023-05-12 17:57:38 - [MESSAGE][PASSED] - Browser is closed]]></system-out>
         <system-err><![CDATA[]]></system-err>
      </testcase>
      <testcase name="Test Cases/test-flow-1-buy-1-product" time="11.983" classname="Test Cases/test-flow-1-buy-1-product" status="PASSED">
         <system-out><![CDATA[2023-05-12 17:57:38 - [TEST_CASE][PASSED] - Test Cases/test-flow-1-buy-1-product: Test Cases/test-flow-1-buy-1-product

2023-05-12 17:57:38 - [TEST_STEP][PASSED] - openBrowser("https://www.saucedemo.com/"): Browser is opened with url: 'https://www.saucedemo.com/'

2023-05-12 17:57:38 - [MESSAGE][INFO] - Starting 'Chrome' driver

2023-05-12 17:57:38 - [MESSAGE][INFO] - Action delay is set to 0 milliseconds

2023-05-12 17:57:40 - [MESSAGE][PASSED] - Browser is opened with url: 'https://www.saucedemo.com/'

2023-05-12 17:57:40 - [TEST_STEP][PASSED] - click(findTestObject("Object Repository/Page_Swag Labs/input_Swag Labs_user-name")): Object: 'Object Repository/Page_Swag Labs/input_Swag Labs_user-name' is clicked on

2023-05-12 17:57:41 - [MESSAGE][PASSED] - Object: 'Object Repository/Page_Swag Labs/input_Swag Labs_user-name' is clicked on

2023-05-12 17:57:41 - [TEST_STEP][PASSED] - sendKeys(findTestObject("Object Repository/Page_Swag Labs/input_Swag Labs_user-name"), "standard_user"): Keys 'standard_user' sent to object: 'Object Repository/Page_Swag Labs/input_Swag Labs_user-name'

2023-05-12 17:57:41 - [MESSAGE][PASSED] - Keys 'standard_user' sent to object: 'Object Repository/Page_Swag Labs/input_Swag Labs_user-name'

2023-05-12 17:57:41 - [TEST_STEP][PASSED] - click(findTestObject("Object Repository/Page_Swag Labs/input_Swag Labs_password")): Object: 'Object Repository/Page_Swag Labs/input_Swag Labs_password' is clicked on

2023-05-12 17:57:41 - [MESSAGE][PASSED] - Object: 'Object Repository/Page_Swag Labs/input_Swag Labs_password' is clicked on

2023-05-12 17:57:41 - [TEST_STEP][PASSED] - sendKeys(findTestObject("Object Repository/Page_Swag Labs/input_Swag Labs_password"), "secret_sauce"): Keys 'secret_sauce' sent to object: 'Object Repository/Page_Swag Labs/input_Swag Labs_password'

2023-05-12 17:57:42 - [MESSAGE][PASSED] - Keys 'secret_sauce' sent to object: 'Object Repository/Page_Swag Labs/input_Swag Labs_password'

2023-05-12 17:57:42 - [TEST_STEP][PASSED] - click(findTestObject("Object Repository/Page_Swag Labs/input_Swag Labs_login-button")): Object: 'Object Repository/Page_Swag Labs/input_Swag Labs_login-button' is clicked on

2023-05-12 17:57:42 - [MESSAGE][PASSED] - Object: 'Object Repository/Page_Swag Labs/input_Swag Labs_login-button' is clicked on

2023-05-12 17:57:42 - [TEST_STEP][PASSED] - click(findTestObject("Object Repository/inventoryPage/Backpack")): Object: 'Object Repository/inventoryPage/Backpack' is clicked on

2023-05-12 17:57:43 - [MESSAGE][PASSED] - Object: 'Object Repository/inventoryPage/Backpack' is clicked on

2023-05-12 17:57:43 - [TEST_STEP][PASSED] - click(findTestObject("Object Repository/inventoryPage/button_Add to cart")): Object: 'Object Repository/inventoryPage/button_Add to cart' is clicked on

2023-05-12 17:57:43 - [MESSAGE][PASSED] - Object: 'Object Repository/inventoryPage/button_Add to cart' is clicked on

2023-05-12 17:57:43 - [TEST_STEP][PASSED] - click(findTestObject("Object Repository/inventoryPage/products_back-image")): Object: 'Object Repository/inventoryPage/products_back-image' is clicked on

2023-05-12 17:57:44 - [MESSAGE][PASSED] - Object: 'Object Repository/inventoryPage/products_back-image' is clicked on

2023-05-12 17:57:44 - [TEST_STEP][PASSED] - click(findTestObject("Object Repository/inventoryPage/cart")): Object: 'Object Repository/inventoryPage/cart' is clicked on

2023-05-12 17:57:44 - [MESSAGE][PASSED] - Object: 'Object Repository/inventoryPage/cart' is clicked on

2023-05-12 17:57:44 - [TEST_STEP][PASSED] - click(findTestObject("Object Repository/CheckoutPage/button_Checkout")): Object: 'Object Repository/CheckoutPage/button_Checkout' is clicked on

2023-05-12 17:57:45 - [MESSAGE][PASSED] - Object: 'Object Repository/CheckoutPage/button_Checkout' is clicked on

2023-05-12 17:57:45 - [TEST_STEP][PASSED] - sendKeys(findTestObject("Object Repository/checkout-step-one/input_Checkout Your Information_firstName"), "demo"): Keys 'demo' sent to object: 'Object Repository/checkout-step-one/input_Checkout Your Information_firstName'

2023-05-12 17:57:45 - [MESSAGE][PASSED] - Keys 'demo' sent to object: 'Object Repository/checkout-step-one/input_Checkout Your Information_firstName'

2023-05-12 17:57:45 - [TEST_STEP][PASSED] - sendKeys(findTestObject("Object Repository/checkout-step-one/input_Checkout Your Information_lastName"), "qa test"): Keys 'qa test' sent to object: 'Object Repository/checkout-step-one/input_Checkout Your Information_lastName'

2023-05-12 17:57:46 - [MESSAGE][PASSED] - Keys 'qa test' sent to object: 'Object Repository/checkout-step-one/input_Checkout Your Information_lastName'

2023-05-12 17:57:46 - [TEST_STEP][PASSED] - sendKeys(findTestObject("Object Repository/checkout-step-one/input_Checkout Your Information_postalCode"), "9000"): Keys '9000' sent to object: 'Object Repository/checkout-step-one/input_Checkout Your Information_postalCode'

2023-05-12 17:57:46 - [MESSAGE][PASSED] - Keys '9000' sent to object: 'Object Repository/checkout-step-one/input_Checkout Your Information_postalCode'

2023-05-12 17:57:46 - [TEST_STEP][PASSED] - click(findTestObject("Object Repository/checkout-step-one/input_continue")): Object: 'Object Repository/checkout-step-one/input_continue' is clicked on

2023-05-12 17:57:47 - [MESSAGE][PASSED] - Object: 'Object Repository/checkout-step-one/input_continue' is clicked on

2023-05-12 17:57:47 - [TEST_STEP][PASSED] - click(findTestObject("Object Repository/finish checkout/button_Finish")): Object: 'Object Repository/finish checkout/button_Finish' is clicked on

2023-05-12 17:57:48 - [MESSAGE][PASSED] - Object: 'Object Repository/finish checkout/button_Finish' is clicked on

2023-05-12 17:57:48 - [TEST_STEP][PASSED] - verifyElementVisible(findTestObject("Object Repository/order-success/h2_Thank you for your order")): Object 'Object Repository/order-success/h2_Thank you for your order' is visible

2023-05-12 17:57:48 - [MESSAGE][PASSED] - Object 'Object Repository/order-success/h2_Thank you for your order' is visible

2023-05-12 17:57:48 - [TEST_STEP][PASSED] - click(findTestObject("Object Repository/NavSideBar/sidebar")): Object: 'Object Repository/NavSideBar/sidebar' is clicked on

2023-05-12 17:57:48 - [MESSAGE][PASSED] - Object: 'Object Repository/NavSideBar/sidebar' is clicked on

2023-05-12 17:57:48 - [TEST_STEP][PASSED] - click(findTestObject("Object Repository/NavSideBar/a_Logout")): Object: 'Object Repository/NavSideBar/a_Logout' is clicked on

2023-05-12 17:57:49 - [MESSAGE][PASSED] - Object: 'Object Repository/NavSideBar/a_Logout' is clicked on

2023-05-12 17:57:49 - [TEST_STEP][PASSED] - verifyElementVisible(findTestObject("Object Repository/Page_Swag Labs/input_Swag Labs_user-name")): Object 'Object Repository/Page_Swag Labs/input_Swag Labs_user-name' is visible

2023-05-12 17:57:49 - [MESSAGE][PASSED] - Object 'Object Repository/Page_Swag Labs/input_Swag Labs_user-name' is visible

2023-05-12 17:57:49 - [TEST_STEP][PASSED] - closeBrowser(): Browser is closed

2023-05-12 17:57:50 - [MESSAGE][PASSED] - Browser is closed]]></system-out>
         <system-err><![CDATA[]]></system-err>
      </testcase>
      <testcase name="Test Cases/test-flow-1-buy-1-product" time="11.991" classname="Test Cases/test-flow-1-buy-1-product" status="PASSED">
         <system-out><![CDATA[2023-05-12 17:57:50 - [TEST_CASE][PASSED] - Test Cases/test-flow-1-buy-1-product: Test Cases/test-flow-1-buy-1-product

2023-05-12 17:57:50 - [TEST_STEP][PASSED] - openBrowser("https://www.saucedemo.com/"): Browser is opened with url: 'https://www.saucedemo.com/'

2023-05-12 17:57:50 - [MESSAGE][INFO] - Starting 'Chrome' driver

2023-05-12 17:57:50 - [MESSAGE][INFO] - Action delay is set to 0 milliseconds

2023-05-12 17:57:52 - [MESSAGE][PASSED] - Browser is opened with url: 'https://www.saucedemo.com/'

2023-05-12 17:57:52 - [TEST_STEP][PASSED] - click(findTestObject("Object Repository/Page_Swag Labs/input_Swag Labs_user-name")): Object: 'Object Repository/Page_Swag Labs/input_Swag Labs_user-name' is clicked on

2023-05-12 17:57:53 - [MESSAGE][PASSED] - Object: 'Object Repository/Page_Swag Labs/input_Swag Labs_user-name' is clicked on

2023-05-12 17:57:53 - [TEST_STEP][PASSED] - sendKeys(findTestObject("Object Repository/Page_Swag Labs/input_Swag Labs_user-name"), "standard_user"): Keys 'standard_user' sent to object: 'Object Repository/Page_Swag Labs/input_Swag Labs_user-name'

2023-05-12 17:57:53 - [MESSAGE][PASSED] - Keys 'standard_user' sent to object: 'Object Repository/Page_Swag Labs/input_Swag Labs_user-name'

2023-05-12 17:57:53 - [TEST_STEP][PASSED] - click(findTestObject("Object Repository/Page_Swag Labs/input_Swag Labs_password")): Object: 'Object Repository/Page_Swag Labs/input_Swag Labs_password' is clicked on

2023-05-12 17:57:53 - [MESSAGE][PASSED] - Object: 'Object Repository/Page_Swag Labs/input_Swag Labs_password' is clicked on

2023-05-12 17:57:53 - [TEST_STEP][PASSED] - sendKeys(findTestObject("Object Repository/Page_Swag Labs/input_Swag Labs_password"), "secret_sauce"): Keys 'secret_sauce' sent to object: 'Object Repository/Page_Swag Labs/input_Swag Labs_password'

2023-05-12 17:57:54 - [MESSAGE][PASSED] - Keys 'secret_sauce' sent to object: 'Object Repository/Page_Swag Labs/input_Swag Labs_password'

2023-05-12 17:57:54 - [TEST_STEP][PASSED] - click(findTestObject("Object Repository/Page_Swag Labs/input_Swag Labs_login-button")): Object: 'Object Repository/Page_Swag Labs/input_Swag Labs_login-button' is clicked on

2023-05-12 17:57:54 - [MESSAGE][PASSED] - Object: 'Object Repository/Page_Swag Labs/input_Swag Labs_login-button' is clicked on

2023-05-12 17:57:54 - [TEST_STEP][PASSED] - click(findTestObject("Object Repository/inventoryPage/Backpack")): Object: 'Object Repository/inventoryPage/Backpack' is clicked on

2023-05-12 17:57:54 - [MESSAGE][PASSED] - Object: 'Object Repository/inventoryPage/Backpack' is clicked on

2023-05-12 17:57:54 - [TEST_STEP][PASSED] - click(findTestObject("Object Repository/inventoryPage/button_Add to cart")): Object: 'Object Repository/inventoryPage/button_Add to cart' is clicked on

2023-05-12 17:57:55 - [MESSAGE][PASSED] - Object: 'Object Repository/inventoryPage/button_Add to cart' is clicked on

2023-05-12 17:57:55 - [TEST_STEP][PASSED] - click(findTestObject("Object Repository/inventoryPage/products_back-image")): Object: 'Object Repository/inventoryPage/products_back-image' is clicked on

2023-05-12 17:57:56 - [MESSAGE][PASSED] - Object: 'Object Repository/inventoryPage/products_back-image' is clicked on

2023-05-12 17:57:56 - [TEST_STEP][PASSED] - click(findTestObject("Object Repository/inventoryPage/cart")): Object: 'Object Repository/inventoryPage/cart' is clicked on

2023-05-12 17:57:56 - [MESSAGE][PASSED] - Object: 'Object Repository/inventoryPage/cart' is clicked on

2023-05-12 17:57:56 - [TEST_STEP][PASSED] - click(findTestObject("Object Repository/CheckoutPage/button_Checkout")): Object: 'Object Repository/CheckoutPage/button_Checkout' is clicked on

2023-05-12 17:57:57 - [MESSAGE][PASSED] - Object: 'Object Repository/CheckoutPage/button_Checkout' is clicked on

2023-05-12 17:57:57 - [TEST_STEP][PASSED] - sendKeys(findTestObject("Object Repository/checkout-step-one/input_Checkout Your Information_firstName"), "demo"): Keys 'demo' sent to object: 'Object Repository/checkout-step-one/input_Checkout Your Information_firstName'

2023-05-12 17:57:57 - [MESSAGE][PASSED] - Keys 'demo' sent to object: 'Object Repository/checkout-step-one/input_Checkout Your Information_firstName'

2023-05-12 17:57:57 - [TEST_STEP][PASSED] - sendKeys(findTestObject("Object Repository/checkout-step-one/input_Checkout Your Information_lastName"), "qa test"): Keys 'qa test' sent to object: 'Object Repository/checkout-step-one/input_Checkout Your Information_lastName'

2023-05-12 17:57:58 - [MESSAGE][PASSED] - Keys 'qa test' sent to object: 'Object Repository/checkout-step-one/input_Checkout Your Information_lastName'

2023-05-12 17:57:58 - [TEST_STEP][PASSED] - sendKeys(findTestObject("Object Repository/checkout-step-one/input_Checkout Your Information_postalCode"), "9000"): Keys '9000' sent to object: 'Object Repository/checkout-step-one/input_Checkout Your Information_postalCode'

2023-05-12 17:57:58 - [MESSAGE][PASSED] - Keys '9000' sent to object: 'Object Repository/checkout-step-one/input_Checkout Your Information_postalCode'

2023-05-12 17:57:58 - [TEST_STEP][PASSED] - click(findTestObject("Object Repository/checkout-step-one/input_continue")): Object: 'Object Repository/checkout-step-one/input_continue' is clicked on

2023-05-12 17:57:59 - [MESSAGE][PASSED] - Object: 'Object Repository/checkout-step-one/input_continue' is clicked on

2023-05-12 17:57:59 - [TEST_STEP][PASSED] - click(findTestObject("Object Repository/finish checkout/button_Finish")): Object: 'Object Repository/finish checkout/button_Finish' is clicked on

2023-05-12 17:57:59 - [MESSAGE][PASSED] - Object: 'Object Repository/finish checkout/button_Finish' is clicked on

2023-05-12 17:57:59 - [TEST_STEP][PASSED] - verifyElementVisible(findTestObject("Object Repository/order-success/h2_Thank you for your order")): Object 'Object Repository/order-success/h2_Thank you for your order' is visible

2023-05-12 17:58:00 - [MESSAGE][PASSED] - Object 'Object Repository/order-success/h2_Thank you for your order' is visible

2023-05-12 17:58:00 - [TEST_STEP][PASSED] - click(findTestObject("Object Repository/NavSideBar/sidebar")): Object: 'Object Repository/NavSideBar/sidebar' is clicked on

2023-05-12 17:58:00 - [MESSAGE][PASSED] - Object: 'Object Repository/NavSideBar/sidebar' is clicked on

2023-05-12 17:58:00 - [TEST_STEP][PASSED] - click(findTestObject("Object Repository/NavSideBar/a_Logout")): Object: 'Object Repository/NavSideBar/a_Logout' is clicked on

2023-05-12 17:58:01 - [MESSAGE][PASSED] - Object: 'Object Repository/NavSideBar/a_Logout' is clicked on

2023-05-12 17:58:01 - [TEST_STEP][PASSED] - verifyElementVisible(findTestObject("Object Repository/Page_Swag Labs/input_Swag Labs_user-name")): Object 'Object Repository/Page_Swag Labs/input_Swag Labs_user-name' is visible

2023-05-12 17:58:01 - [MESSAGE][PASSED] - Object 'Object Repository/Page_Swag Labs/input_Swag Labs_user-name' is visible

2023-05-12 17:58:01 - [TEST_STEP][PASSED] - closeBrowser(): Browser is closed

2023-05-12 17:58:02 - [MESSAGE][PASSED] - Browser is closed]]></system-out>
         <system-err><![CDATA[]]></system-err>
      </testcase>
      <testcase name="Test Cases/test-flow-1-buy-1-product" time="11.916" classname="Test Cases/test-flow-1-buy-1-product" status="PASSED">
         <system-out><![CDATA[2023-05-12 17:58:02 - [TEST_CASE][PASSED] - Test Cases/test-flow-1-buy-1-product: Test Cases/test-flow-1-buy-1-product

2023-05-12 17:58:02 - [TEST_STEP][PASSED] - openBrowser("https://www.saucedemo.com/"): Browser is opened with url: 'https://www.saucedemo.com/'

2023-05-12 17:58:02 - [MESSAGE][INFO] - Starting 'Chrome' driver

2023-05-12 17:58:02 - [MESSAGE][INFO] - Action delay is set to 0 milliseconds

2023-05-12 17:58:04 - [MESSAGE][PASSED] - Browser is opened with url: 'https://www.saucedemo.com/'

2023-05-12 17:58:04 - [TEST_STEP][PASSED] - click(findTestObject("Object Repository/Page_Swag Labs/input_Swag Labs_user-name")): Object: 'Object Repository/Page_Swag Labs/input_Swag Labs_user-name' is clicked on

2023-05-12 17:58:04 - [MESSAGE][PASSED] - Object: 'Object Repository/Page_Swag Labs/input_Swag Labs_user-name' is clicked on

2023-05-12 17:58:04 - [TEST_STEP][PASSED] - sendKeys(findTestObject("Object Repository/Page_Swag Labs/input_Swag Labs_user-name"), "standard_user"): Keys 'standard_user' sent to object: 'Object Repository/Page_Swag Labs/input_Swag Labs_user-name'

2023-05-12 17:58:05 - [MESSAGE][PASSED] - Keys 'standard_user' sent to object: 'Object Repository/Page_Swag Labs/input_Swag Labs_user-name'

2023-05-12 17:58:05 - [TEST_STEP][PASSED] - click(findTestObject("Object Repository/Page_Swag Labs/input_Swag Labs_password")): Object: 'Object Repository/Page_Swag Labs/input_Swag Labs_password' is clicked on

2023-05-12 17:58:05 - [MESSAGE][PASSED] - Object: 'Object Repository/Page_Swag Labs/input_Swag Labs_password' is clicked on

2023-05-12 17:58:05 - [TEST_STEP][PASSED] - sendKeys(findTestObject("Object Repository/Page_Swag Labs/input_Swag Labs_password"), "secret_sauce"): Keys 'secret_sauce' sent to object: 'Object Repository/Page_Swag Labs/input_Swag Labs_password'

2023-05-12 17:58:05 - [MESSAGE][PASSED] - Keys 'secret_sauce' sent to object: 'Object Repository/Page_Swag Labs/input_Swag Labs_password'

2023-05-12 17:58:05 - [TEST_STEP][PASSED] - click(findTestObject("Object Repository/Page_Swag Labs/input_Swag Labs_login-button")): Object: 'Object Repository/Page_Swag Labs/input_Swag Labs_login-button' is clicked on

2023-05-12 17:58:06 - [MESSAGE][PASSED] - Object: 'Object Repository/Page_Swag Labs/input_Swag Labs_login-button' is clicked on

2023-05-12 17:58:06 - [TEST_STEP][PASSED] - click(findTestObject("Object Repository/inventoryPage/Backpack")): Object: 'Object Repository/inventoryPage/Backpack' is clicked on

2023-05-12 17:58:06 - [MESSAGE][PASSED] - Object: 'Object Repository/inventoryPage/Backpack' is clicked on

2023-05-12 17:58:06 - [TEST_STEP][PASSED] - click(findTestObject("Object Repository/inventoryPage/button_Add to cart")): Object: 'Object Repository/inventoryPage/button_Add to cart' is clicked on

2023-05-12 17:58:07 - [MESSAGE][PASSED] - Object: 'Object Repository/inventoryPage/button_Add to cart' is clicked on

2023-05-12 17:58:07 - [TEST_STEP][PASSED] - click(findTestObject("Object Repository/inventoryPage/products_back-image")): Object: 'Object Repository/inventoryPage/products_back-image' is clicked on

2023-05-12 17:58:07 - [MESSAGE][PASSED] - Object: 'Object Repository/inventoryPage/products_back-image' is clicked on

2023-05-12 17:58:07 - [TEST_STEP][PASSED] - click(findTestObject("Object Repository/inventoryPage/cart")): Object: 'Object Repository/inventoryPage/cart' is clicked on

2023-05-12 17:58:08 - [MESSAGE][PASSED] - Object: 'Object Repository/inventoryPage/cart' is clicked on

2023-05-12 17:58:08 - [TEST_STEP][PASSED] - click(findTestObject("Object Repository/CheckoutPage/button_Checkout")): Object: 'Object Repository/CheckoutPage/button_Checkout' is clicked on

2023-05-12 17:58:08 - [MESSAGE][PASSED] - Object: 'Object Repository/CheckoutPage/button_Checkout' is clicked on

2023-05-12 17:58:08 - [TEST_STEP][PASSED] - sendKeys(findTestObject("Object Repository/checkout-step-one/input_Checkout Your Information_firstName"), "demo"): Keys 'demo' sent to object: 'Object Repository/checkout-step-one/input_Checkout Your Information_firstName'

2023-05-12 17:58:09 - [MESSAGE][PASSED] - Keys 'demo' sent to object: 'Object Repository/checkout-step-one/input_Checkout Your Information_firstName'

2023-05-12 17:58:09 - [TEST_STEP][PASSED] - sendKeys(findTestObject("Object Repository/checkout-step-one/input_Checkout Your Information_lastName"), "qa test"): Keys 'qa test' sent to object: 'Object Repository/checkout-step-one/input_Checkout Your Information_lastName'

2023-05-12 17:58:10 - [MESSAGE][PASSED] - Keys 'qa test' sent to object: 'Object Repository/checkout-step-one/input_Checkout Your Information_lastName'

2023-05-12 17:58:10 - [TEST_STEP][PASSED] - sendKeys(findTestObject("Object Repository/checkout-step-one/input_Checkout Your Information_postalCode"), "9000"): Keys '9000' sent to object: 'Object Repository/checkout-step-one/input_Checkout Your Information_postalCode'

2023-05-12 17:58:10 - [MESSAGE][PASSED] - Keys '9000' sent to object: 'Object Repository/checkout-step-one/input_Checkout Your Information_postalCode'

2023-05-12 17:58:10 - [TEST_STEP][PASSED] - click(findTestObject("Object Repository/checkout-step-one/input_continue")): Object: 'Object Repository/checkout-step-one/input_continue' is clicked on

2023-05-12 17:58:11 - [MESSAGE][PASSED] - Object: 'Object Repository/checkout-step-one/input_continue' is clicked on

2023-05-12 17:58:11 - [TEST_STEP][PASSED] - click(findTestObject("Object Repository/finish checkout/button_Finish")): Object: 'Object Repository/finish checkout/button_Finish' is clicked on

2023-05-12 17:58:11 - [MESSAGE][PASSED] - Object: 'Object Repository/finish checkout/button_Finish' is clicked on

2023-05-12 17:58:11 - [TEST_STEP][PASSED] - verifyElementVisible(findTestObject("Object Repository/order-success/h2_Thank you for your order")): Object 'Object Repository/order-success/h2_Thank you for your order' is visible

2023-05-12 17:58:12 - [MESSAGE][PASSED] - Object 'Object Repository/order-success/h2_Thank you for your order' is visible

2023-05-12 17:58:12 - [TEST_STEP][PASSED] - click(findTestObject("Object Repository/NavSideBar/sidebar")): Object: 'Object Repository/NavSideBar/sidebar' is clicked on

2023-05-12 17:58:12 - [MESSAGE][PASSED] - Object: 'Object Repository/NavSideBar/sidebar' is clicked on

2023-05-12 17:58:12 - [TEST_STEP][PASSED] - click(findTestObject("Object Repository/NavSideBar/a_Logout")): Object: 'Object Repository/NavSideBar/a_Logout' is clicked on

2023-05-12 17:58:13 - [MESSAGE][PASSED] - Object: 'Object Repository/NavSideBar/a_Logout' is clicked on

2023-05-12 17:58:13 - [TEST_STEP][PASSED] - verifyElementVisible(findTestObject("Object Repository/Page_Swag Labs/input_Swag Labs_user-name")): Object 'Object Repository/Page_Swag Labs/input_Swag Labs_user-name' is visible

2023-05-12 17:58:13 - [MESSAGE][PASSED] - Object 'Object Repository/Page_Swag Labs/input_Swag Labs_user-name' is visible

2023-05-12 17:58:13 - [TEST_STEP][PASSED] - closeBrowser(): Browser is closed

2023-05-12 17:58:14 - [MESSAGE][PASSED] - Browser is closed]]></system-out>
         <system-err><![CDATA[]]></system-err>
      </testcase>
      <testcase name="Test Cases/test-flow-1-buy-1-product" time="11.826" classname="Test Cases/test-flow-1-buy-1-product" status="PASSED">
         <system-out><![CDATA[2023-05-12 17:58:14 - [TEST_CASE][PASSED] - Test Cases/test-flow-1-buy-1-product: Test Cases/test-flow-1-buy-1-product

2023-05-12 17:58:14 - [TEST_STEP][PASSED] - openBrowser("https://www.saucedemo.com/"): Browser is opened with url: 'https://www.saucedemo.com/'

2023-05-12 17:58:14 - [MESSAGE][INFO] - Starting 'Chrome' driver

2023-05-12 17:58:14 - [MESSAGE][INFO] - Action delay is set to 0 milliseconds

2023-05-12 17:58:16 - [MESSAGE][PASSED] - Browser is opened with url: 'https://www.saucedemo.com/'

2023-05-12 17:58:16 - [TEST_STEP][PASSED] - click(findTestObject("Object Repository/Page_Swag Labs/input_Swag Labs_user-name")): Object: 'Object Repository/Page_Swag Labs/input_Swag Labs_user-name' is clicked on

2023-05-12 17:58:16 - [MESSAGE][PASSED] - Object: 'Object Repository/Page_Swag Labs/input_Swag Labs_user-name' is clicked on

2023-05-12 17:58:16 - [TEST_STEP][PASSED] - sendKeys(findTestObject("Object Repository/Page_Swag Labs/input_Swag Labs_user-name"), "standard_user"): Keys 'standard_user' sent to object: 'Object Repository/Page_Swag Labs/input_Swag Labs_user-name'

2023-05-12 17:58:17 - [MESSAGE][PASSED] - Keys 'standard_user' sent to object: 'Object Repository/Page_Swag Labs/input_Swag Labs_user-name'

2023-05-12 17:58:17 - [TEST_STEP][PASSED] - click(findTestObject("Object Repository/Page_Swag Labs/input_Swag Labs_password")): Object: 'Object Repository/Page_Swag Labs/input_Swag Labs_password' is clicked on

2023-05-12 17:58:17 - [MESSAGE][PASSED] - Object: 'Object Repository/Page_Swag Labs/input_Swag Labs_password' is clicked on

2023-05-12 17:58:17 - [TEST_STEP][PASSED] - sendKeys(findTestObject("Object Repository/Page_Swag Labs/input_Swag Labs_password"), "secret_sauce"): Keys 'secret_sauce' sent to object: 'Object Repository/Page_Swag Labs/input_Swag Labs_password'

2023-05-12 17:58:17 - [MESSAGE][PASSED] - Keys 'secret_sauce' sent to object: 'Object Repository/Page_Swag Labs/input_Swag Labs_password'

2023-05-12 17:58:17 - [TEST_STEP][PASSED] - click(findTestObject("Object Repository/Page_Swag Labs/input_Swag Labs_login-button")): Object: 'Object Repository/Page_Swag Labs/input_Swag Labs_login-button' is clicked on

2023-05-12 17:58:18 - [MESSAGE][PASSED] - Object: 'Object Repository/Page_Swag Labs/input_Swag Labs_login-button' is clicked on

2023-05-12 17:58:18 - [TEST_STEP][PASSED] - click(findTestObject("Object Repository/inventoryPage/Backpack")): Object: 'Object Repository/inventoryPage/Backpack' is clicked on

2023-05-12 17:58:18 - [MESSAGE][PASSED] - Object: 'Object Repository/inventoryPage/Backpack' is clicked on

2023-05-12 17:58:18 - [TEST_STEP][PASSED] - click(findTestObject("Object Repository/inventoryPage/button_Add to cart")): Object: 'Object Repository/inventoryPage/button_Add to cart' is clicked on

2023-05-12 17:58:19 - [MESSAGE][PASSED] - Object: 'Object Repository/inventoryPage/button_Add to cart' is clicked on

2023-05-12 17:58:19 - [TEST_STEP][PASSED] - click(findTestObject("Object Repository/inventoryPage/products_back-image")): Object: 'Object Repository/inventoryPage/products_back-image' is clicked on

2023-05-12 17:58:19 - [MESSAGE][PASSED] - Object: 'Object Repository/inventoryPage/products_back-image' is clicked on

2023-05-12 17:58:19 - [TEST_STEP][PASSED] - click(findTestObject("Object Repository/inventoryPage/cart")): Object: 'Object Repository/inventoryPage/cart' is clicked on

2023-05-12 17:58:20 - [MESSAGE][PASSED] - Object: 'Object Repository/inventoryPage/cart' is clicked on

2023-05-12 17:58:20 - [TEST_STEP][PASSED] - click(findTestObject("Object Repository/CheckoutPage/button_Checkout")): Object: 'Object Repository/CheckoutPage/button_Checkout' is clicked on

2023-05-12 17:58:20 - [MESSAGE][PASSED] - Object: 'Object Repository/CheckoutPage/button_Checkout' is clicked on

2023-05-12 17:58:20 - [TEST_STEP][PASSED] - sendKeys(findTestObject("Object Repository/checkout-step-one/input_Checkout Your Information_firstName"), "demo"): Keys 'demo' sent to object: 'Object Repository/checkout-step-one/input_Checkout Your Information_firstName'

2023-05-12 17:58:21 - [MESSAGE][PASSED] - Keys 'demo' sent to object: 'Object Repository/checkout-step-one/input_Checkout Your Information_firstName'

2023-05-12 17:58:21 - [TEST_STEP][PASSED] - sendKeys(findTestObject("Object Repository/checkout-step-one/input_Checkout Your Information_lastName"), "qa test"): Keys 'qa test' sent to object: 'Object Repository/checkout-step-one/input_Checkout Your Information_lastName'

2023-05-12 17:58:21 - [MESSAGE][PASSED] - Keys 'qa test' sent to object: 'Object Repository/checkout-step-one/input_Checkout Your Information_lastName'

2023-05-12 17:58:21 - [TEST_STEP][PASSED] - sendKeys(findTestObject("Object Repository/checkout-step-one/input_Checkout Your Information_postalCode"), "9000"): Keys '9000' sent to object: 'Object Repository/checkout-step-one/input_Checkout Your Information_postalCode'

2023-05-12 17:58:22 - [MESSAGE][PASSED] - Keys '9000' sent to object: 'Object Repository/checkout-step-one/input_Checkout Your Information_postalCode'

2023-05-12 17:58:22 - [TEST_STEP][PASSED] - click(findTestObject("Object Repository/checkout-step-one/input_continue")): Object: 'Object Repository/checkout-step-one/input_continue' is clicked on

2023-05-12 17:58:23 - [MESSAGE][PASSED] - Object: 'Object Repository/checkout-step-one/input_continue' is clicked on

2023-05-12 17:58:23 - [TEST_STEP][PASSED] - click(findTestObject("Object Repository/finish checkout/button_Finish")): Object: 'Object Repository/finish checkout/button_Finish' is clicked on

2023-05-12 17:58:23 - [MESSAGE][PASSED] - Object: 'Object Repository/finish checkout/button_Finish' is clicked on

2023-05-12 17:58:23 - [TEST_STEP][PASSED] - verifyElementVisible(findTestObject("Object Repository/order-success/h2_Thank you for your order")): Object 'Object Repository/order-success/h2_Thank you for your order' is visible

2023-05-12 17:58:24 - [MESSAGE][PASSED] - Object 'Object Repository/order-success/h2_Thank you for your order' is visible

2023-05-12 17:58:24 - [TEST_STEP][PASSED] - click(findTestObject("Object Repository/NavSideBar/sidebar")): Object: 'Object Repository/NavSideBar/sidebar' is clicked on

2023-05-12 17:58:24 - [MESSAGE][PASSED] - Object: 'Object Repository/NavSideBar/sidebar' is clicked on

2023-05-12 17:58:24 - [TEST_STEP][PASSED] - click(findTestObject("Object Repository/NavSideBar/a_Logout")): Object: 'Object Repository/NavSideBar/a_Logout' is clicked on

2023-05-12 17:58:25 - [MESSAGE][PASSED] - Object: 'Object Repository/NavSideBar/a_Logout' is clicked on

2023-05-12 17:58:25 - [TEST_STEP][PASSED] - verifyElementVisible(findTestObject("Object Repository/Page_Swag Labs/input_Swag Labs_user-name")): Object 'Object Repository/Page_Swag Labs/input_Swag Labs_user-name' is visible

2023-05-12 17:58:25 - [MESSAGE][PASSED] - Object 'Object Repository/Page_Swag Labs/input_Swag Labs_user-name' is visible

2023-05-12 17:58:25 - [TEST_STEP][PASSED] - closeBrowser(): Browser is closed

2023-05-12 17:58:26 - [MESSAGE][PASSED] - Browser is closed]]></system-out>
         <system-err><![CDATA[]]></system-err>
      </testcase>
      <system-out><![CDATA[2023-05-12 17:54:25 - [TEST_SUITE][PASSED] - simple case: Test Cases/test-flow-1-buy-1-product]]></system-out>
      <system-err><![CDATA[]]></system-err>
   </testsuite>
   <testsuite name="simple case" tests="20" failures="0" errors="0" time="238.262" skipped="0" timestamp="2023-05-12 17:58:29" hostname="minh.nguyen - 5YHW2D3" id="Test Suites/simple case">
      <properties>
         <property name="deviceName" value=""/>
         <property name="devicePlatform" value=""/>
         <property name="logFolder" value="C:\\Users\\minh.nguyen\\Desktop\\GitRepo\\tri-nhan-repo\\Reports\\20230512_171239\\simple case\\20230512_171302"/>
         <property name="logFiles" value="C:\\Users\\minh.nguyen\\Desktop\\GitRepo\\tri-nhan-repo\\Reports\\20230512_171239\\simple case\\20230512_171302\\execution0.log"/>
         <property name="attachments" value=""/>
         <property name="hostName" value="minh.nguyen - 5YHW2D3"/>
         <property name="os" value="Windows 10 64bit"/>
         <property name="katalonVersion" value="8.5.5.208"/>
         <property name="browser" value="Chrome 112.0.0.0"/>
         <property name="hostAddress" value="192.168.1.86"/>
         <property name="sessionId" value="47446fbd5e3ae5ba24c55e77b34fa6a0"/>
         <property name="seleniumVersion" value="3.141.59"/>
         <property name="proxyInformation" value="ProxyInformation { proxyOption=NO_PROXY, proxyServerType=HTTP, username=, password=********, proxyServerAddress=, proxyServerPort=0, executionList=&quot;&quot;, isApplyToDesiredCapabilities=true }"/>
         <property name="platform" value="Windows 10"/>
      </properties>
      <testcase name="Test Cases/test-flow-1-buy-1-product" time="12.893" classname="Test Cases/test-flow-1-buy-1-product" status="PASSED">
         <system-out><![CDATA[2023-05-12 17:58:29 - [TEST_CASE][PASSED] - Test Cases/test-flow-1-buy-1-product: Test Cases/test-flow-1-buy-1-product

2023-05-12 17:58:29 - [TEST_STEP][PASSED] - openBrowser("https://www.saucedemo.com/"): Browser is opened with url: 'https://www.saucedemo.com/'

2023-05-12 17:58:30 - [MESSAGE][INFO] - Starting 'Chrome' driver

2023-05-12 17:58:30 - [MESSAGE][INFO] - Action delay is set to 0 milliseconds

2023-05-12 17:58:32 - [MESSAGE][PASSED] - Browser is opened with url: 'https://www.saucedemo.com/'

2023-05-12 17:58:32 - [TEST_STEP][PASSED] - click(findTestObject("Object Repository/Page_Swag Labs/input_Swag Labs_user-name")): Object: 'Object Repository/Page_Swag Labs/input_Swag Labs_user-name' is clicked on

2023-05-12 17:58:33 - [MESSAGE][PASSED] - Object: 'Object Repository/Page_Swag Labs/input_Swag Labs_user-name' is clicked on

2023-05-12 17:58:33 - [TEST_STEP][PASSED] - sendKeys(findTestObject("Object Repository/Page_Swag Labs/input_Swag Labs_user-name"), "standard_user"): Keys 'standard_user' sent to object: 'Object Repository/Page_Swag Labs/input_Swag Labs_user-name'

2023-05-12 17:58:33 - [MESSAGE][PASSED] - Keys 'standard_user' sent to object: 'Object Repository/Page_Swag Labs/input_Swag Labs_user-name'

2023-05-12 17:58:33 - [TEST_STEP][PASSED] - click(findTestObject("Object Repository/Page_Swag Labs/input_Swag Labs_password")): Object: 'Object Repository/Page_Swag Labs/input_Swag Labs_password' is clicked on

2023-05-12 17:58:33 - [MESSAGE][PASSED] - Object: 'Object Repository/Page_Swag Labs/input_Swag Labs_password' is clicked on

2023-05-12 17:58:33 - [TEST_STEP][PASSED] - sendKeys(findTestObject("Object Repository/Page_Swag Labs/input_Swag Labs_password"), "secret_sauce"): Keys 'secret_sauce' sent to object: 'Object Repository/Page_Swag Labs/input_Swag Labs_password'

2023-05-12 17:58:34 - [MESSAGE][PASSED] - Keys 'secret_sauce' sent to object: 'Object Repository/Page_Swag Labs/input_Swag Labs_password'

2023-05-12 17:58:34 - [TEST_STEP][PASSED] - click(findTestObject("Object Repository/Page_Swag Labs/input_Swag Labs_login-button")): Object: 'Object Repository/Page_Swag Labs/input_Swag Labs_login-button' is clicked on

2023-05-12 17:58:34 - [MESSAGE][PASSED] - Object: 'Object Repository/Page_Swag Labs/input_Swag Labs_login-button' is clicked on

2023-05-12 17:58:34 - [TEST_STEP][PASSED] - click(findTestObject("Object Repository/inventoryPage/Backpack")): Object: 'Object Repository/inventoryPage/Backpack' is clicked on

2023-05-12 17:58:35 - [MESSAGE][PASSED] - Object: 'Object Repository/inventoryPage/Backpack' is clicked on

2023-05-12 17:58:35 - [TEST_STEP][PASSED] - click(findTestObject("Object Repository/inventoryPage/button_Add to cart")): Object: 'Object Repository/inventoryPage/button_Add to cart' is clicked on

2023-05-12 17:58:35 - [MESSAGE][PASSED] - Object: 'Object Repository/inventoryPage/button_Add to cart' is clicked on

2023-05-12 17:58:35 - [TEST_STEP][PASSED] - click(findTestObject("Object Repository/inventoryPage/products_back-image")): Object: 'Object Repository/inventoryPage/products_back-image' is clicked on

2023-05-12 17:58:36 - [MESSAGE][PASSED] - Object: 'Object Repository/inventoryPage/products_back-image' is clicked on

2023-05-12 17:58:36 - [TEST_STEP][PASSED] - click(findTestObject("Object Repository/inventoryPage/cart")): Object: 'Object Repository/inventoryPage/cart' is clicked on

2023-05-12 17:58:36 - [MESSAGE][PASSED] - Object: 'Object Repository/inventoryPage/cart' is clicked on

2023-05-12 17:58:36 - [TEST_STEP][PASSED] - click(findTestObject("Object Repository/CheckoutPage/button_Checkout")): Object: 'Object Repository/CheckoutPage/button_Checkout' is clicked on

2023-05-12 17:58:37 - [MESSAGE][PASSED] - Object: 'Object Repository/CheckoutPage/button_Checkout' is clicked on

2023-05-12 17:58:37 - [TEST_STEP][PASSED] - sendKeys(findTestObject("Object Repository/checkout-step-one/input_Checkout Your Information_firstName"), "demo"): Keys 'demo' sent to object: 'Object Repository/checkout-step-one/input_Checkout Your Information_firstName'

2023-05-12 17:58:37 - [MESSAGE][PASSED] - Keys 'demo' sent to object: 'Object Repository/checkout-step-one/input_Checkout Your Information_firstName'

2023-05-12 17:58:37 - [TEST_STEP][PASSED] - sendKeys(findTestObject("Object Repository/checkout-step-one/input_Checkout Your Information_lastName"), "qa test"): Keys 'qa test' sent to object: 'Object Repository/checkout-step-one/input_Checkout Your Information_lastName'

2023-05-12 17:58:38 - [MESSAGE][PASSED] - Keys 'qa test' sent to object: 'Object Repository/checkout-step-one/input_Checkout Your Information_lastName'

2023-05-12 17:58:38 - [TEST_STEP][PASSED] - sendKeys(findTestObject("Object Repository/checkout-step-one/input_Checkout Your Information_postalCode"), "9000"): Keys '9000' sent to object: 'Object Repository/checkout-step-one/input_Checkout Your Information_postalCode'

2023-05-12 17:58:38 - [MESSAGE][PASSED] - Keys '9000' sent to object: 'Object Repository/checkout-step-one/input_Checkout Your Information_postalCode'

2023-05-12 17:58:38 - [TEST_STEP][PASSED] - click(findTestObject("Object Repository/checkout-step-one/input_continue")): Object: 'Object Repository/checkout-step-one/input_continue' is clicked on

2023-05-12 17:58:39 - [MESSAGE][PASSED] - Object: 'Object Repository/checkout-step-one/input_continue' is clicked on

2023-05-12 17:58:39 - [TEST_STEP][PASSED] - click(findTestObject("Object Repository/finish checkout/button_Finish")): Object: 'Object Repository/finish checkout/button_Finish' is clicked on

2023-05-12 17:58:39 - [MESSAGE][PASSED] - Object: 'Object Repository/finish checkout/button_Finish' is clicked on

2023-05-12 17:58:39 - [TEST_STEP][PASSED] - verifyElementVisible(findTestObject("Object Repository/order-success/h2_Thank you for your order")): Object 'Object Repository/order-success/h2_Thank you for your order' is visible

2023-05-12 17:58:40 - [MESSAGE][PASSED] - Object 'Object Repository/order-success/h2_Thank you for your order' is visible

2023-05-12 17:58:40 - [TEST_STEP][PASSED] - click(findTestObject("Object Repository/NavSideBar/sidebar")): Object: 'Object Repository/NavSideBar/sidebar' is clicked on

2023-05-12 17:58:40 - [MESSAGE][PASSED] - Object: 'Object Repository/NavSideBar/sidebar' is clicked on

2023-05-12 17:58:40 - [TEST_STEP][PASSED] - click(findTestObject("Object Repository/NavSideBar/a_Logout")): Object: 'Object Repository/NavSideBar/a_Logout' is clicked on

2023-05-12 17:58:41 - [MESSAGE][PASSED] - Object: 'Object Repository/NavSideBar/a_Logout' is clicked on

2023-05-12 17:58:41 - [TEST_STEP][PASSED] - verifyElementVisible(findTestObject("Object Repository/Page_Swag Labs/input_Swag Labs_user-name")): Object 'Object Repository/Page_Swag Labs/input_Swag Labs_user-name' is visible

2023-05-12 17:58:41 - [MESSAGE][PASSED] - Object 'Object Repository/Page_Swag Labs/input_Swag Labs_user-name' is visible

2023-05-12 17:58:41 - [TEST_STEP][PASSED] - closeBrowser(): Browser is closed

2023-05-12 17:58:42 - [MESSAGE][PASSED] - Browser is closed]]></system-out>
         <system-err><![CDATA[]]></system-err>
      </testcase>
      <testcase name="Test Cases/test-flow-1-buy-1-product" time="11.842" classname="Test Cases/test-flow-1-buy-1-product" status="PASSED">
         <system-out><![CDATA[2023-05-12 17:58:42 - [TEST_CASE][PASSED] - Test Cases/test-flow-1-buy-1-product: Test Cases/test-flow-1-buy-1-product

2023-05-12 17:58:42 - [TEST_STEP][PASSED] - openBrowser("https://www.saucedemo.com/"): Browser is opened with url: 'https://www.saucedemo.com/'

2023-05-12 17:58:42 - [MESSAGE][INFO] - Starting 'Chrome' driver

2023-05-12 17:58:42 - [MESSAGE][INFO] - Action delay is set to 0 milliseconds

2023-05-12 17:58:44 - [MESSAGE][PASSED] - Browser is opened with url: 'https://www.saucedemo.com/'

2023-05-12 17:58:44 - [TEST_STEP][PASSED] - click(findTestObject("Object Repository/Page_Swag Labs/input_Swag Labs_user-name")): Object: 'Object Repository/Page_Swag Labs/input_Swag Labs_user-name' is clicked on

2023-05-12 17:58:44 - [MESSAGE][PASSED] - Object: 'Object Repository/Page_Swag Labs/input_Swag Labs_user-name' is clicked on

2023-05-12 17:58:44 - [TEST_STEP][PASSED] - sendKeys(findTestObject("Object Repository/Page_Swag Labs/input_Swag Labs_user-name"), "standard_user"): Keys 'standard_user' sent to object: 'Object Repository/Page_Swag Labs/input_Swag Labs_user-name'

2023-05-12 17:58:45 - [MESSAGE][PASSED] - Keys 'standard_user' sent to object: 'Object Repository/Page_Swag Labs/input_Swag Labs_user-name'

2023-05-12 17:58:45 - [TEST_STEP][PASSED] - click(findTestObject("Object Repository/Page_Swag Labs/input_Swag Labs_password")): Object: 'Object Repository/Page_Swag Labs/input_Swag Labs_password' is clicked on

2023-05-12 17:58:45 - [MESSAGE][PASSED] - Object: 'Object Repository/Page_Swag Labs/input_Swag Labs_password' is clicked on

2023-05-12 17:58:45 - [TEST_STEP][PASSED] - sendKeys(findTestObject("Object Repository/Page_Swag Labs/input_Swag Labs_password"), "secret_sauce"): Keys 'secret_sauce' sent to object: 'Object Repository/Page_Swag Labs/input_Swag Labs_password'

2023-05-12 17:58:45 - [MESSAGE][PASSED] - Keys 'secret_sauce' sent to object: 'Object Repository/Page_Swag Labs/input_Swag Labs_password'

2023-05-12 17:58:45 - [TEST_STEP][PASSED] - click(findTestObject("Object Repository/Page_Swag Labs/input_Swag Labs_login-button")): Object: 'Object Repository/Page_Swag Labs/input_Swag Labs_login-button' is clicked on

2023-05-12 17:58:46 - [MESSAGE][PASSED] - Object: 'Object Repository/Page_Swag Labs/input_Swag Labs_login-button' is clicked on

2023-05-12 17:58:46 - [TEST_STEP][PASSED] - click(findTestObject("Object Repository/inventoryPage/Backpack")): Object: 'Object Repository/inventoryPage/Backpack' is clicked on

2023-05-12 17:58:46 - [MESSAGE][PASSED] - Object: 'Object Repository/inventoryPage/Backpack' is clicked on

2023-05-12 17:58:46 - [TEST_STEP][PASSED] - click(findTestObject("Object Repository/inventoryPage/button_Add to cart")): Object: 'Object Repository/inventoryPage/button_Add to cart' is clicked on

2023-05-12 17:58:47 - [MESSAGE][PASSED] - Object: 'Object Repository/inventoryPage/button_Add to cart' is clicked on

2023-05-12 17:58:47 - [TEST_STEP][PASSED] - click(findTestObject("Object Repository/inventoryPage/products_back-image")): Object: 'Object Repository/inventoryPage/products_back-image' is clicked on

2023-05-12 17:58:47 - [MESSAGE][PASSED] - Object: 'Object Repository/inventoryPage/products_back-image' is clicked on

2023-05-12 17:58:47 - [TEST_STEP][PASSED] - click(findTestObject("Object Repository/inventoryPage/cart")): Object: 'Object Repository/inventoryPage/cart' is clicked on

2023-05-12 17:58:48 - [MESSAGE][PASSED] - Object: 'Object Repository/inventoryPage/cart' is clicked on

2023-05-12 17:58:48 - [TEST_STEP][PASSED] - click(findTestObject("Object Repository/CheckoutPage/button_Checkout")): Object: 'Object Repository/CheckoutPage/button_Checkout' is clicked on

2023-05-12 17:58:48 - [MESSAGE][PASSED] - Object: 'Object Repository/CheckoutPage/button_Checkout' is clicked on

2023-05-12 17:58:48 - [TEST_STEP][PASSED] - sendKeys(findTestObject("Object Repository/checkout-step-one/input_Checkout Your Information_firstName"), "demo"): Keys 'demo' sent to object: 'Object Repository/checkout-step-one/input_Checkout Your Information_firstName'

2023-05-12 17:58:49 - [MESSAGE][PASSED] - Keys 'demo' sent to object: 'Object Repository/checkout-step-one/input_Checkout Your Information_firstName'

2023-05-12 17:58:49 - [TEST_STEP][PASSED] - sendKeys(findTestObject("Object Repository/checkout-step-one/input_Checkout Your Information_lastName"), "qa test"): Keys 'qa test' sent to object: 'Object Repository/checkout-step-one/input_Checkout Your Information_lastName'

2023-05-12 17:58:50 - [MESSAGE][PASSED] - Keys 'qa test' sent to object: 'Object Repository/checkout-step-one/input_Checkout Your Information_lastName'

2023-05-12 17:58:50 - [TEST_STEP][PASSED] - sendKeys(findTestObject("Object Repository/checkout-step-one/input_Checkout Your Information_postalCode"), "9000"): Keys '9000' sent to object: 'Object Repository/checkout-step-one/input_Checkout Your Information_postalCode'

2023-05-12 17:58:50 - [MESSAGE][PASSED] - Keys '9000' sent to object: 'Object Repository/checkout-step-one/input_Checkout Your Information_postalCode'

2023-05-12 17:58:50 - [TEST_STEP][PASSED] - click(findTestObject("Object Repository/checkout-step-one/input_continue")): Object: 'Object Repository/checkout-step-one/input_continue' is clicked on

2023-05-12 17:58:51 - [MESSAGE][PASSED] - Object: 'Object Repository/checkout-step-one/input_continue' is clicked on

2023-05-12 17:58:51 - [TEST_STEP][PASSED] - click(findTestObject("Object Repository/finish checkout/button_Finish")): Object: 'Object Repository/finish checkout/button_Finish' is clicked on

2023-05-12 17:58:51 - [MESSAGE][PASSED] - Object: 'Object Repository/finish checkout/button_Finish' is clicked on

2023-05-12 17:58:51 - [TEST_STEP][PASSED] - verifyElementVisible(findTestObject("Object Repository/order-success/h2_Thank you for your order")): Object 'Object Repository/order-success/h2_Thank you for your order' is visible

2023-05-12 17:58:52 - [MESSAGE][PASSED] - Object 'Object Repository/order-success/h2_Thank you for your order' is visible

2023-05-12 17:58:52 - [TEST_STEP][PASSED] - click(findTestObject("Object Repository/NavSideBar/sidebar")): Object: 'Object Repository/NavSideBar/sidebar' is clicked on

2023-05-12 17:58:52 - [MESSAGE][PASSED] - Object: 'Object Repository/NavSideBar/sidebar' is clicked on

2023-05-12 17:58:52 - [TEST_STEP][PASSED] - click(findTestObject("Object Repository/NavSideBar/a_Logout")): Object: 'Object Repository/NavSideBar/a_Logout' is clicked on

2023-05-12 17:58:53 - [MESSAGE][PASSED] - Object: 'Object Repository/NavSideBar/a_Logout' is clicked on

2023-05-12 17:58:53 - [TEST_STEP][PASSED] - verifyElementVisible(findTestObject("Object Repository/Page_Swag Labs/input_Swag Labs_user-name")): Object 'Object Repository/Page_Swag Labs/input_Swag Labs_user-name' is visible

2023-05-12 17:58:53 - [MESSAGE][PASSED] - Object 'Object Repository/Page_Swag Labs/input_Swag Labs_user-name' is visible

2023-05-12 17:58:53 - [TEST_STEP][PASSED] - closeBrowser(): Browser is closed

2023-05-12 17:58:54 - [MESSAGE][PASSED] - Browser is closed]]></system-out>
         <system-err><![CDATA[]]></system-err>
      </testcase>
      <testcase name="Test Cases/test-flow-1-buy-1-product" time="11.851" classname="Test Cases/test-flow-1-buy-1-product" status="PASSED">
         <system-out><![CDATA[2023-05-12 17:58:54 - [TEST_CASE][PASSED] - Test Cases/test-flow-1-buy-1-product: Test Cases/test-flow-1-buy-1-product

2023-05-12 17:58:54 - [TEST_STEP][PASSED] - openBrowser("https://www.saucedemo.com/"): Browser is opened with url: 'https://www.saucedemo.com/'

2023-05-12 17:58:54 - [MESSAGE][INFO] - Starting 'Chrome' driver

2023-05-12 17:58:54 - [MESSAGE][INFO] - Action delay is set to 0 milliseconds

2023-05-12 17:58:56 - [MESSAGE][PASSED] - Browser is opened with url: 'https://www.saucedemo.com/'

2023-05-12 17:58:56 - [TEST_STEP][PASSED] - click(findTestObject("Object Repository/Page_Swag Labs/input_Swag Labs_user-name")): Object: 'Object Repository/Page_Swag Labs/input_Swag Labs_user-name' is clicked on

2023-05-12 17:58:56 - [MESSAGE][PASSED] - Object: 'Object Repository/Page_Swag Labs/input_Swag Labs_user-name' is clicked on

2023-05-12 17:58:56 - [TEST_STEP][PASSED] - sendKeys(findTestObject("Object Repository/Page_Swag Labs/input_Swag Labs_user-name"), "standard_user"): Keys 'standard_user' sent to object: 'Object Repository/Page_Swag Labs/input_Swag Labs_user-name'

2023-05-12 17:58:57 - [MESSAGE][PASSED] - Keys 'standard_user' sent to object: 'Object Repository/Page_Swag Labs/input_Swag Labs_user-name'

2023-05-12 17:58:57 - [TEST_STEP][PASSED] - click(findTestObject("Object Repository/Page_Swag Labs/input_Swag Labs_password")): Object: 'Object Repository/Page_Swag Labs/input_Swag Labs_password' is clicked on

2023-05-12 17:58:57 - [MESSAGE][PASSED] - Object: 'Object Repository/Page_Swag Labs/input_Swag Labs_password' is clicked on

2023-05-12 17:58:57 - [TEST_STEP][PASSED] - sendKeys(findTestObject("Object Repository/Page_Swag Labs/input_Swag Labs_password"), "secret_sauce"): Keys 'secret_sauce' sent to object: 'Object Repository/Page_Swag Labs/input_Swag Labs_password'

2023-05-12 17:58:57 - [MESSAGE][PASSED] - Keys 'secret_sauce' sent to object: 'Object Repository/Page_Swag Labs/input_Swag Labs_password'

2023-05-12 17:58:57 - [TEST_STEP][PASSED] - click(findTestObject("Object Repository/Page_Swag Labs/input_Swag Labs_login-button")): Object: 'Object Repository/Page_Swag Labs/input_Swag Labs_login-button' is clicked on

2023-05-12 17:58:58 - [MESSAGE][PASSED] - Object: 'Object Repository/Page_Swag Labs/input_Swag Labs_login-button' is clicked on

2023-05-12 17:58:58 - [TEST_STEP][PASSED] - click(findTestObject("Object Repository/inventoryPage/Backpack")): Object: 'Object Repository/inventoryPage/Backpack' is clicked on

2023-05-12 17:58:58 - [MESSAGE][PASSED] - Object: 'Object Repository/inventoryPage/Backpack' is clicked on

2023-05-12 17:58:58 - [TEST_STEP][PASSED] - click(findTestObject("Object Repository/inventoryPage/button_Add to cart")): Object: 'Object Repository/inventoryPage/button_Add to cart' is clicked on

2023-05-12 17:58:59 - [MESSAGE][PASSED] - Object: 'Object Repository/inventoryPage/button_Add to cart' is clicked on

2023-05-12 17:58:59 - [TEST_STEP][PASSED] - click(findTestObject("Object Repository/inventoryPage/products_back-image")): Object: 'Object Repository/inventoryPage/products_back-image' is clicked on

2023-05-12 17:58:59 - [MESSAGE][PASSED] - Object: 'Object Repository/inventoryPage/products_back-image' is clicked on

2023-05-12 17:58:59 - [TEST_STEP][PASSED] - click(findTestObject("Object Repository/inventoryPage/cart")): Object: 'Object Repository/inventoryPage/cart' is clicked on

2023-05-12 17:59:00 - [MESSAGE][PASSED] - Object: 'Object Repository/inventoryPage/cart' is clicked on

2023-05-12 17:59:00 - [TEST_STEP][PASSED] - click(findTestObject("Object Repository/CheckoutPage/button_Checkout")): Object: 'Object Repository/CheckoutPage/button_Checkout' is clicked on

2023-05-12 17:59:00 - [MESSAGE][PASSED] - Object: 'Object Repository/CheckoutPage/button_Checkout' is clicked on

2023-05-12 17:59:00 - [TEST_STEP][PASSED] - sendKeys(findTestObject("Object Repository/checkout-step-one/input_Checkout Your Information_firstName"), "demo"): Keys 'demo' sent to object: 'Object Repository/checkout-step-one/input_Checkout Your Information_firstName'

2023-05-12 17:59:01 - [MESSAGE][PASSED] - Keys 'demo' sent to object: 'Object Repository/checkout-step-one/input_Checkout Your Information_firstName'

2023-05-12 17:59:01 - [TEST_STEP][PASSED] - sendKeys(findTestObject("Object Repository/checkout-step-one/input_Checkout Your Information_lastName"), "qa test"): Keys 'qa test' sent to object: 'Object Repository/checkout-step-one/input_Checkout Your Information_lastName'

2023-05-12 17:59:01 - [MESSAGE][PASSED] - Keys 'qa test' sent to object: 'Object Repository/checkout-step-one/input_Checkout Your Information_lastName'

2023-05-12 17:59:01 - [TEST_STEP][PASSED] - sendKeys(findTestObject("Object Repository/checkout-step-one/input_Checkout Your Information_postalCode"), "9000"): Keys '9000' sent to object: 'Object Repository/checkout-step-one/input_Checkout Your Information_postalCode'

2023-05-12 17:59:02 - [MESSAGE][PASSED] - Keys '9000' sent to object: 'Object Repository/checkout-step-one/input_Checkout Your Information_postalCode'

2023-05-12 17:59:02 - [TEST_STEP][PASSED] - click(findTestObject("Object Repository/checkout-step-one/input_continue")): Object: 'Object Repository/checkout-step-one/input_continue' is clicked on

2023-05-12 17:59:03 - [MESSAGE][PASSED] - Object: 'Object Repository/checkout-step-one/input_continue' is clicked on

2023-05-12 17:59:03 - [TEST_STEP][PASSED] - click(findTestObject("Object Repository/finish checkout/button_Finish")): Object: 'Object Repository/finish checkout/button_Finish' is clicked on

2023-05-12 17:59:03 - [MESSAGE][PASSED] - Object: 'Object Repository/finish checkout/button_Finish' is clicked on

2023-05-12 17:59:03 - [TEST_STEP][PASSED] - verifyElementVisible(findTestObject("Object Repository/order-success/h2_Thank you for your order")): Object 'Object Repository/order-success/h2_Thank you for your order' is visible

2023-05-12 17:59:04 - [MESSAGE][PASSED] - Object 'Object Repository/order-success/h2_Thank you for your order' is visible

2023-05-12 17:59:04 - [TEST_STEP][PASSED] - click(findTestObject("Object Repository/NavSideBar/sidebar")): Object: 'Object Repository/NavSideBar/sidebar' is clicked on

2023-05-12 17:59:04 - [MESSAGE][PASSED] - Object: 'Object Repository/NavSideBar/sidebar' is clicked on

2023-05-12 17:59:04 - [TEST_STEP][PASSED] - click(findTestObject("Object Repository/NavSideBar/a_Logout")): Object: 'Object Repository/NavSideBar/a_Logout' is clicked on

2023-05-12 17:59:05 - [MESSAGE][PASSED] - Object: 'Object Repository/NavSideBar/a_Logout' is clicked on

2023-05-12 17:59:05 - [TEST_STEP][PASSED] - verifyElementVisible(findTestObject("Object Repository/Page_Swag Labs/input_Swag Labs_user-name")): Object 'Object Repository/Page_Swag Labs/input_Swag Labs_user-name' is visible

2023-05-12 17:59:05 - [MESSAGE][PASSED] - Object 'Object Repository/Page_Swag Labs/input_Swag Labs_user-name' is visible

2023-05-12 17:59:05 - [TEST_STEP][PASSED] - closeBrowser(): Browser is closed

2023-05-12 17:59:06 - [MESSAGE][PASSED] - Browser is closed]]></system-out>
         <system-err><![CDATA[]]></system-err>
      </testcase>
      <testcase name="Test Cases/test-flow-1-buy-1-product" time="11.913" classname="Test Cases/test-flow-1-buy-1-product" status="PASSED">
         <system-out><![CDATA[2023-05-12 17:59:06 - [TEST_CASE][PASSED] - Test Cases/test-flow-1-buy-1-product: Test Cases/test-flow-1-buy-1-product

2023-05-12 17:59:06 - [TEST_STEP][PASSED] - openBrowser("https://www.saucedemo.com/"): Browser is opened with url: 'https://www.saucedemo.com/'

2023-05-12 17:59:06 - [MESSAGE][INFO] - Starting 'Chrome' driver

2023-05-12 17:59:06 - [MESSAGE][INFO] - Action delay is set to 0 milliseconds

2023-05-12 17:59:08 - [MESSAGE][PASSED] - Browser is opened with url: 'https://www.saucedemo.com/'

2023-05-12 17:59:08 - [TEST_STEP][PASSED] - click(findTestObject("Object Repository/Page_Swag Labs/input_Swag Labs_user-name")): Object: 'Object Repository/Page_Swag Labs/input_Swag Labs_user-name' is clicked on

2023-05-12 17:59:08 - [MESSAGE][PASSED] - Object: 'Object Repository/Page_Swag Labs/input_Swag Labs_user-name' is clicked on

2023-05-12 17:59:08 - [TEST_STEP][PASSED] - sendKeys(findTestObject("Object Repository/Page_Swag Labs/input_Swag Labs_user-name"), "standard_user"): Keys 'standard_user' sent to object: 'Object Repository/Page_Swag Labs/input_Swag Labs_user-name'

2023-05-12 17:59:08 - [MESSAGE][PASSED] - Keys 'standard_user' sent to object: 'Object Repository/Page_Swag Labs/input_Swag Labs_user-name'

2023-05-12 17:59:09 - [TEST_STEP][PASSED] - click(findTestObject("Object Repository/Page_Swag Labs/input_Swag Labs_password")): Object: 'Object Repository/Page_Swag Labs/input_Swag Labs_password' is clicked on

2023-05-12 17:59:09 - [MESSAGE][PASSED] - Object: 'Object Repository/Page_Swag Labs/input_Swag Labs_password' is clicked on

2023-05-12 17:59:09 - [TEST_STEP][PASSED] - sendKeys(findTestObject("Object Repository/Page_Swag Labs/input_Swag Labs_password"), "secret_sauce"): Keys 'secret_sauce' sent to object: 'Object Repository/Page_Swag Labs/input_Swag Labs_password'

2023-05-12 17:59:09 - [MESSAGE][PASSED] - Keys 'secret_sauce' sent to object: 'Object Repository/Page_Swag Labs/input_Swag Labs_password'

2023-05-12 17:59:09 - [TEST_STEP][PASSED] - click(findTestObject("Object Repository/Page_Swag Labs/input_Swag Labs_login-button")): Object: 'Object Repository/Page_Swag Labs/input_Swag Labs_login-button' is clicked on

2023-05-12 17:59:10 - [MESSAGE][PASSED] - Object: 'Object Repository/Page_Swag Labs/input_Swag Labs_login-button' is clicked on

2023-05-12 17:59:10 - [TEST_STEP][PASSED] - click(findTestObject("Object Repository/inventoryPage/Backpack")): Object: 'Object Repository/inventoryPage/Backpack' is clicked on

2023-05-12 17:59:10 - [MESSAGE][PASSED] - Object: 'Object Repository/inventoryPage/Backpack' is clicked on

2023-05-12 17:59:10 - [TEST_STEP][PASSED] - click(findTestObject("Object Repository/inventoryPage/button_Add to cart")): Object: 'Object Repository/inventoryPage/button_Add to cart' is clicked on

2023-05-12 17:59:11 - [MESSAGE][PASSED] - Object: 'Object Repository/inventoryPage/button_Add to cart' is clicked on

2023-05-12 17:59:11 - [TEST_STEP][PASSED] - click(findTestObject("Object Repository/inventoryPage/products_back-image")): Object: 'Object Repository/inventoryPage/products_back-image' is clicked on

2023-05-12 17:59:11 - [MESSAGE][PASSED] - Object: 'Object Repository/inventoryPage/products_back-image' is clicked on

2023-05-12 17:59:11 - [TEST_STEP][PASSED] - click(findTestObject("Object Repository/inventoryPage/cart")): Object: 'Object Repository/inventoryPage/cart' is clicked on

2023-05-12 17:59:12 - [MESSAGE][PASSED] - Object: 'Object Repository/inventoryPage/cart' is clicked on

2023-05-12 17:59:12 - [TEST_STEP][PASSED] - click(findTestObject("Object Repository/CheckoutPage/button_Checkout")): Object: 'Object Repository/CheckoutPage/button_Checkout' is clicked on

2023-05-12 17:59:12 - [MESSAGE][PASSED] - Object: 'Object Repository/CheckoutPage/button_Checkout' is clicked on

2023-05-12 17:59:12 - [TEST_STEP][PASSED] - sendKeys(findTestObject("Object Repository/checkout-step-one/input_Checkout Your Information_firstName"), "demo"): Keys 'demo' sent to object: 'Object Repository/checkout-step-one/input_Checkout Your Information_firstName'

2023-05-12 17:59:13 - [MESSAGE][PASSED] - Keys 'demo' sent to object: 'Object Repository/checkout-step-one/input_Checkout Your Information_firstName'

2023-05-12 17:59:13 - [TEST_STEP][PASSED] - sendKeys(findTestObject("Object Repository/checkout-step-one/input_Checkout Your Information_lastName"), "qa test"): Keys 'qa test' sent to object: 'Object Repository/checkout-step-one/input_Checkout Your Information_lastName'

2023-05-12 17:59:13 - [MESSAGE][PASSED] - Keys 'qa test' sent to object: 'Object Repository/checkout-step-one/input_Checkout Your Information_lastName'

2023-05-12 17:59:13 - [TEST_STEP][PASSED] - sendKeys(findTestObject("Object Repository/checkout-step-one/input_Checkout Your Information_postalCode"), "9000"): Keys '9000' sent to object: 'Object Repository/checkout-step-one/input_Checkout Your Information_postalCode'

2023-05-12 17:59:14 - [MESSAGE][PASSED] - Keys '9000' sent to object: 'Object Repository/checkout-step-one/input_Checkout Your Information_postalCode'

2023-05-12 17:59:14 - [TEST_STEP][PASSED] - click(findTestObject("Object Repository/checkout-step-one/input_continue")): Object: 'Object Repository/checkout-step-one/input_continue' is clicked on

2023-05-12 17:59:14 - [MESSAGE][PASSED] - Object: 'Object Repository/checkout-step-one/input_continue' is clicked on

2023-05-12 17:59:14 - [TEST_STEP][PASSED] - click(findTestObject("Object Repository/finish checkout/button_Finish")): Object: 'Object Repository/finish checkout/button_Finish' is clicked on

2023-05-12 17:59:15 - [MESSAGE][PASSED] - Object: 'Object Repository/finish checkout/button_Finish' is clicked on

2023-05-12 17:59:15 - [TEST_STEP][PASSED] - verifyElementVisible(findTestObject("Object Repository/order-success/h2_Thank you for your order")): Object 'Object Repository/order-success/h2_Thank you for your order' is visible

2023-05-12 17:59:16 - [MESSAGE][PASSED] - Object 'Object Repository/order-success/h2_Thank you for your order' is visible

2023-05-12 17:59:16 - [TEST_STEP][PASSED] - click(findTestObject("Object Repository/NavSideBar/sidebar")): Object: 'Object Repository/NavSideBar/sidebar' is clicked on

2023-05-12 17:59:16 - [MESSAGE][PASSED] - Object: 'Object Repository/NavSideBar/sidebar' is clicked on

2023-05-12 17:59:16 - [TEST_STEP][PASSED] - click(findTestObject("Object Repository/NavSideBar/a_Logout")): Object: 'Object Repository/NavSideBar/a_Logout' is clicked on

2023-05-12 17:59:16 - [MESSAGE][PASSED] - Object: 'Object Repository/NavSideBar/a_Logout' is clicked on

2023-05-12 17:59:16 - [TEST_STEP][PASSED] - verifyElementVisible(findTestObject("Object Repository/Page_Swag Labs/input_Swag Labs_user-name")): Object 'Object Repository/Page_Swag Labs/input_Swag Labs_user-name' is visible

2023-05-12 17:59:17 - [MESSAGE][PASSED] - Object 'Object Repository/Page_Swag Labs/input_Swag Labs_user-name' is visible

2023-05-12 17:59:17 - [TEST_STEP][PASSED] - closeBrowser(): Browser is closed

2023-05-12 17:59:18 - [MESSAGE][PASSED] - Browser is closed]]></system-out>
         <system-err><![CDATA[]]></system-err>
      </testcase>
      <testcase name="Test Cases/test-flow-1-buy-1-product" time="11.923" classname="Test Cases/test-flow-1-buy-1-product" status="PASSED">
         <system-out><![CDATA[2023-05-12 17:59:18 - [TEST_CASE][PASSED] - Test Cases/test-flow-1-buy-1-product: Test Cases/test-flow-1-buy-1-product

2023-05-12 17:59:18 - [TEST_STEP][PASSED] - openBrowser("https://www.saucedemo.com/"): Browser is opened with url: 'https://www.saucedemo.com/'

2023-05-12 17:59:18 - [MESSAGE][INFO] - Starting 'Chrome' driver

2023-05-12 17:59:18 - [MESSAGE][INFO] - Action delay is set to 0 milliseconds

2023-05-12 17:59:20 - [MESSAGE][PASSED] - Browser is opened with url: 'https://www.saucedemo.com/'

2023-05-12 17:59:20 - [TEST_STEP][PASSED] - click(findTestObject("Object Repository/Page_Swag Labs/input_Swag Labs_user-name")): Object: 'Object Repository/Page_Swag Labs/input_Swag Labs_user-name' is clicked on

2023-05-12 17:59:20 - [MESSAGE][PASSED] - Object: 'Object Repository/Page_Swag Labs/input_Swag Labs_user-name' is clicked on

2023-05-12 17:59:20 - [TEST_STEP][PASSED] - sendKeys(findTestObject("Object Repository/Page_Swag Labs/input_Swag Labs_user-name"), "standard_user"): Keys 'standard_user' sent to object: 'Object Repository/Page_Swag Labs/input_Swag Labs_user-name'

2023-05-12 17:59:20 - [MESSAGE][PASSED] - Keys 'standard_user' sent to object: 'Object Repository/Page_Swag Labs/input_Swag Labs_user-name'

2023-05-12 17:59:20 - [TEST_STEP][PASSED] - click(findTestObject("Object Repository/Page_Swag Labs/input_Swag Labs_password")): Object: 'Object Repository/Page_Swag Labs/input_Swag Labs_password' is clicked on

2023-05-12 17:59:21 - [MESSAGE][PASSED] - Object: 'Object Repository/Page_Swag Labs/input_Swag Labs_password' is clicked on

2023-05-12 17:59:21 - [TEST_STEP][PASSED] - sendKeys(findTestObject("Object Repository/Page_Swag Labs/input_Swag Labs_password"), "secret_sauce"): Keys 'secret_sauce' sent to object: 'Object Repository/Page_Swag Labs/input_Swag Labs_password'

2023-05-12 17:59:21 - [MESSAGE][PASSED] - Keys 'secret_sauce' sent to object: 'Object Repository/Page_Swag Labs/input_Swag Labs_password'

2023-05-12 17:59:21 - [TEST_STEP][PASSED] - click(findTestObject("Object Repository/Page_Swag Labs/input_Swag Labs_login-button")): Object: 'Object Repository/Page_Swag Labs/input_Swag Labs_login-button' is clicked on

2023-05-12 17:59:21 - [MESSAGE][PASSED] - Object: 'Object Repository/Page_Swag Labs/input_Swag Labs_login-button' is clicked on

2023-05-12 17:59:21 - [TEST_STEP][PASSED] - click(findTestObject("Object Repository/inventoryPage/Backpack")): Object: 'Object Repository/inventoryPage/Backpack' is clicked on

2023-05-12 17:59:22 - [MESSAGE][PASSED] - Object: 'Object Repository/inventoryPage/Backpack' is clicked on

2023-05-12 17:59:22 - [TEST_STEP][PASSED] - click(findTestObject("Object Repository/inventoryPage/button_Add to cart")): Object: 'Object Repository/inventoryPage/button_Add to cart' is clicked on

2023-05-12 17:59:22 - [MESSAGE][PASSED] - Object: 'Object Repository/inventoryPage/button_Add to cart' is clicked on

2023-05-12 17:59:22 - [TEST_STEP][PASSED] - click(findTestObject("Object Repository/inventoryPage/products_back-image")): Object: 'Object Repository/inventoryPage/products_back-image' is clicked on

2023-05-12 17:59:23 - [MESSAGE][PASSED] - Object: 'Object Repository/inventoryPage/products_back-image' is clicked on

2023-05-12 17:59:23 - [TEST_STEP][PASSED] - click(findTestObject("Object Repository/inventoryPage/cart")): Object: 'Object Repository/inventoryPage/cart' is clicked on

2023-05-12 17:59:23 - [MESSAGE][PASSED] - Object: 'Object Repository/inventoryPage/cart' is clicked on

2023-05-12 17:59:23 - [TEST_STEP][PASSED] - click(findTestObject("Object Repository/CheckoutPage/button_Checkout")): Object: 'Object Repository/CheckoutPage/button_Checkout' is clicked on

2023-05-12 17:59:24 - [MESSAGE][PASSED] - Object: 'Object Repository/CheckoutPage/button_Checkout' is clicked on

2023-05-12 17:59:24 - [TEST_STEP][PASSED] - sendKeys(findTestObject("Object Repository/checkout-step-one/input_Checkout Your Information_firstName"), "demo"): Keys 'demo' sent to object: 'Object Repository/checkout-step-one/input_Checkout Your Information_firstName'

2023-05-12 17:59:25 - [MESSAGE][PASSED] - Keys 'demo' sent to object: 'Object Repository/checkout-step-one/input_Checkout Your Information_firstName'

2023-05-12 17:59:25 - [TEST_STEP][PASSED] - sendKeys(findTestObject("Object Repository/checkout-step-one/input_Checkout Your Information_lastName"), "qa test"): Keys 'qa test' sent to object: 'Object Repository/checkout-step-one/input_Checkout Your Information_lastName'

2023-05-12 17:59:25 - [MESSAGE][PASSED] - Keys 'qa test' sent to object: 'Object Repository/checkout-step-one/input_Checkout Your Information_lastName'

2023-05-12 17:59:25 - [TEST_STEP][PASSED] - sendKeys(findTestObject("Object Repository/checkout-step-one/input_Checkout Your Information_postalCode"), "9000"): Keys '9000' sent to object: 'Object Repository/checkout-step-one/input_Checkout Your Information_postalCode'

2023-05-12 17:59:26 - [MESSAGE][PASSED] - Keys '9000' sent to object: 'Object Repository/checkout-step-one/input_Checkout Your Information_postalCode'

2023-05-12 17:59:26 - [TEST_STEP][PASSED] - click(findTestObject("Object Repository/checkout-step-one/input_continue")): Object: 'Object Repository/checkout-step-one/input_continue' is clicked on

2023-05-12 17:59:26 - [MESSAGE][PASSED] - Object: 'Object Repository/checkout-step-one/input_continue' is clicked on

2023-05-12 17:59:26 - [TEST_STEP][PASSED] - click(findTestObject("Object Repository/finish checkout/button_Finish")): Object: 'Object Repository/finish checkout/button_Finish' is clicked on

2023-05-12 17:59:27 - [MESSAGE][PASSED] - Object: 'Object Repository/finish checkout/button_Finish' is clicked on

2023-05-12 17:59:27 - [TEST_STEP][PASSED] - verifyElementVisible(findTestObject("Object Repository/order-success/h2_Thank you for your order")): Object 'Object Repository/order-success/h2_Thank you for your order' is visible

2023-05-12 17:59:27 - [MESSAGE][PASSED] - Object 'Object Repository/order-success/h2_Thank you for your order' is visible

2023-05-12 17:59:27 - [TEST_STEP][PASSED] - click(findTestObject("Object Repository/NavSideBar/sidebar")): Object: 'Object Repository/NavSideBar/sidebar' is clicked on

2023-05-12 17:59:28 - [MESSAGE][PASSED] - Object: 'Object Repository/NavSideBar/sidebar' is clicked on

2023-05-12 17:59:28 - [TEST_STEP][PASSED] - click(findTestObject("Object Repository/NavSideBar/a_Logout")): Object: 'Object Repository/NavSideBar/a_Logout' is clicked on

2023-05-12 17:59:28 - [MESSAGE][PASSED] - Object: 'Object Repository/NavSideBar/a_Logout' is clicked on

2023-05-12 17:59:28 - [TEST_STEP][PASSED] - verifyElementVisible(findTestObject("Object Repository/Page_Swag Labs/input_Swag Labs_user-name")): Object 'Object Repository/Page_Swag Labs/input_Swag Labs_user-name' is visible

2023-05-12 17:59:29 - [MESSAGE][PASSED] - Object 'Object Repository/Page_Swag Labs/input_Swag Labs_user-name' is visible

2023-05-12 17:59:29 - [TEST_STEP][PASSED] - closeBrowser(): Browser is closed

2023-05-12 17:59:30 - [MESSAGE][PASSED] - Browser is closed]]></system-out>
         <system-err><![CDATA[]]></system-err>
      </testcase>
      <testcase name="Test Cases/test-flow-1-buy-1-product" time="11.883" classname="Test Cases/test-flow-1-buy-1-product" status="PASSED">
         <system-out><![CDATA[2023-05-12 17:59:30 - [TEST_CASE][PASSED] - Test Cases/test-flow-1-buy-1-product: Test Cases/test-flow-1-buy-1-product

2023-05-12 17:59:30 - [TEST_STEP][PASSED] - openBrowser("https://www.saucedemo.com/"): Browser is opened with url: 'https://www.saucedemo.com/'

2023-05-12 17:59:30 - [MESSAGE][INFO] - Starting 'Chrome' driver

2023-05-12 17:59:30 - [MESSAGE][INFO] - Action delay is set to 0 milliseconds

2023-05-12 17:59:32 - [MESSAGE][PASSED] - Browser is opened with url: 'https://www.saucedemo.com/'

2023-05-12 17:59:32 - [TEST_STEP][PASSED] - click(findTestObject("Object Repository/Page_Swag Labs/input_Swag Labs_user-name")): Object: 'Object Repository/Page_Swag Labs/input_Swag Labs_user-name' is clicked on

2023-05-12 17:59:32 - [MESSAGE][PASSED] - Object: 'Object Repository/Page_Swag Labs/input_Swag Labs_user-name' is clicked on

2023-05-12 17:59:32 - [TEST_STEP][PASSED] - sendKeys(findTestObject("Object Repository/Page_Swag Labs/input_Swag Labs_user-name"), "standard_user"): Keys 'standard_user' sent to object: 'Object Repository/Page_Swag Labs/input_Swag Labs_user-name'

2023-05-12 17:59:32 - [MESSAGE][PASSED] - Keys 'standard_user' sent to object: 'Object Repository/Page_Swag Labs/input_Swag Labs_user-name'

2023-05-12 17:59:32 - [TEST_STEP][PASSED] - click(findTestObject("Object Repository/Page_Swag Labs/input_Swag Labs_password")): Object: 'Object Repository/Page_Swag Labs/input_Swag Labs_password' is clicked on

2023-05-12 17:59:33 - [MESSAGE][PASSED] - Object: 'Object Repository/Page_Swag Labs/input_Swag Labs_password' is clicked on

2023-05-12 17:59:33 - [TEST_STEP][PASSED] - sendKeys(findTestObject("Object Repository/Page_Swag Labs/input_Swag Labs_password"), "secret_sauce"): Keys 'secret_sauce' sent to object: 'Object Repository/Page_Swag Labs/input_Swag Labs_password'

2023-05-12 17:59:33 - [MESSAGE][PASSED] - Keys 'secret_sauce' sent to object: 'Object Repository/Page_Swag Labs/input_Swag Labs_password'

2023-05-12 17:59:33 - [TEST_STEP][PASSED] - click(findTestObject("Object Repository/Page_Swag Labs/input_Swag Labs_login-button")): Object: 'Object Repository/Page_Swag Labs/input_Swag Labs_login-button' is clicked on

2023-05-12 17:59:33 - [MESSAGE][PASSED] - Object: 'Object Repository/Page_Swag Labs/input_Swag Labs_login-button' is clicked on

2023-05-12 17:59:33 - [TEST_STEP][PASSED] - click(findTestObject("Object Repository/inventoryPage/Backpack")): Object: 'Object Repository/inventoryPage/Backpack' is clicked on

2023-05-12 17:59:34 - [MESSAGE][PASSED] - Object: 'Object Repository/inventoryPage/Backpack' is clicked on

2023-05-12 17:59:34 - [TEST_STEP][PASSED] - click(findTestObject("Object Repository/inventoryPage/button_Add to cart")): Object: 'Object Repository/inventoryPage/button_Add to cart' is clicked on

2023-05-12 17:59:34 - [MESSAGE][PASSED] - Object: 'Object Repository/inventoryPage/button_Add to cart' is clicked on

2023-05-12 17:59:34 - [TEST_STEP][PASSED] - click(findTestObject("Object Repository/inventoryPage/products_back-image")): Object: 'Object Repository/inventoryPage/products_back-image' is clicked on

2023-05-12 17:59:35 - [MESSAGE][PASSED] - Object: 'Object Repository/inventoryPage/products_back-image' is clicked on

2023-05-12 17:59:35 - [TEST_STEP][PASSED] - click(findTestObject("Object Repository/inventoryPage/cart")): Object: 'Object Repository/inventoryPage/cart' is clicked on

2023-05-12 17:59:35 - [MESSAGE][PASSED] - Object: 'Object Repository/inventoryPage/cart' is clicked on

2023-05-12 17:59:35 - [TEST_STEP][PASSED] - click(findTestObject("Object Repository/CheckoutPage/button_Checkout")): Object: 'Object Repository/CheckoutPage/button_Checkout' is clicked on

2023-05-12 17:59:36 - [MESSAGE][PASSED] - Object: 'Object Repository/CheckoutPage/button_Checkout' is clicked on

2023-05-12 17:59:36 - [TEST_STEP][PASSED] - sendKeys(findTestObject("Object Repository/checkout-step-one/input_Checkout Your Information_firstName"), "demo"): Keys 'demo' sent to object: 'Object Repository/checkout-step-one/input_Checkout Your Information_firstName'

2023-05-12 17:59:37 - [MESSAGE][PASSED] - Keys 'demo' sent to object: 'Object Repository/checkout-step-one/input_Checkout Your Information_firstName'

2023-05-12 17:59:37 - [TEST_STEP][PASSED] - sendKeys(findTestObject("Object Repository/checkout-step-one/input_Checkout Your Information_lastName"), "qa test"): Keys 'qa test' sent to object: 'Object Repository/checkout-step-one/input_Checkout Your Information_lastName'

2023-05-12 17:59:37 - [MESSAGE][PASSED] - Keys 'qa test' sent to object: 'Object Repository/checkout-step-one/input_Checkout Your Information_lastName'

2023-05-12 17:59:37 - [TEST_STEP][PASSED] - sendKeys(findTestObject("Object Repository/checkout-step-one/input_Checkout Your Information_postalCode"), "9000"): Keys '9000' sent to object: 'Object Repository/checkout-step-one/input_Checkout Your Information_postalCode'

2023-05-12 17:59:38 - [MESSAGE][PASSED] - Keys '9000' sent to object: 'Object Repository/checkout-step-one/input_Checkout Your Information_postalCode'

2023-05-12 17:59:38 - [TEST_STEP][PASSED] - click(findTestObject("Object Repository/checkout-step-one/input_continue")): Object: 'Object Repository/checkout-step-one/input_continue' is clicked on

2023-05-12 17:59:38 - [MESSAGE][PASSED] - Object: 'Object Repository/checkout-step-one/input_continue' is clicked on

2023-05-12 17:59:38 - [TEST_STEP][PASSED] - click(findTestObject("Object Repository/finish checkout/button_Finish")): Object: 'Object Repository/finish checkout/button_Finish' is clicked on

2023-05-12 17:59:39 - [MESSAGE][PASSED] - Object: 'Object Repository/finish checkout/button_Finish' is clicked on

2023-05-12 17:59:39 - [TEST_STEP][PASSED] - verifyElementVisible(findTestObject("Object Repository/order-success/h2_Thank you for your order")): Object 'Object Repository/order-success/h2_Thank you for your order' is visible

2023-05-12 17:59:39 - [MESSAGE][PASSED] - Object 'Object Repository/order-success/h2_Thank you for your order' is visible

2023-05-12 17:59:39 - [TEST_STEP][PASSED] - click(findTestObject("Object Repository/NavSideBar/sidebar")): Object: 'Object Repository/NavSideBar/sidebar' is clicked on

2023-05-12 17:59:40 - [MESSAGE][PASSED] - Object: 'Object Repository/NavSideBar/sidebar' is clicked on

2023-05-12 17:59:40 - [TEST_STEP][PASSED] - click(findTestObject("Object Repository/NavSideBar/a_Logout")): Object: 'Object Repository/NavSideBar/a_Logout' is clicked on

2023-05-12 17:59:40 - [MESSAGE][PASSED] - Object: 'Object Repository/NavSideBar/a_Logout' is clicked on

2023-05-12 17:59:40 - [TEST_STEP][PASSED] - verifyElementVisible(findTestObject("Object Repository/Page_Swag Labs/input_Swag Labs_user-name")): Object 'Object Repository/Page_Swag Labs/input_Swag Labs_user-name' is visible

2023-05-12 17:59:41 - [MESSAGE][PASSED] - Object 'Object Repository/Page_Swag Labs/input_Swag Labs_user-name' is visible

2023-05-12 17:59:41 - [TEST_STEP][PASSED] - closeBrowser(): Browser is closed

2023-05-12 17:59:42 - [MESSAGE][PASSED] - Browser is closed]]></system-out>
         <system-err><![CDATA[]]></system-err>
      </testcase>
      <testcase name="Test Cases/test-flow-1-buy-1-product" time="11.949" classname="Test Cases/test-flow-1-buy-1-product" status="PASSED">
         <system-out><![CDATA[2023-05-12 17:59:42 - [TEST_CASE][PASSED] - Test Cases/test-flow-1-buy-1-product: Test Cases/test-flow-1-buy-1-product

2023-05-12 17:59:42 - [TEST_STEP][PASSED] - openBrowser("https://www.saucedemo.com/"): Browser is opened with url: 'https://www.saucedemo.com/'

2023-05-12 17:59:42 - [MESSAGE][INFO] - Starting 'Chrome' driver

2023-05-12 17:59:42 - [MESSAGE][INFO] - Action delay is set to 0 milliseconds

2023-05-12 17:59:44 - [MESSAGE][PASSED] - Browser is opened with url: 'https://www.saucedemo.com/'

2023-05-12 17:59:44 - [TEST_STEP][PASSED] - click(findTestObject("Object Repository/Page_Swag Labs/input_Swag Labs_user-name")): Object: 'Object Repository/Page_Swag Labs/input_Swag Labs_user-name' is clicked on

2023-05-12 17:59:44 - [MESSAGE][PASSED] - Object: 'Object Repository/Page_Swag Labs/input_Swag Labs_user-name' is clicked on

2023-05-12 17:59:44 - [TEST_STEP][PASSED] - sendKeys(findTestObject("Object Repository/Page_Swag Labs/input_Swag Labs_user-name"), "standard_user"): Keys 'standard_user' sent to object: 'Object Repository/Page_Swag Labs/input_Swag Labs_user-name'

2023-05-12 17:59:44 - [MESSAGE][PASSED] - Keys 'standard_user' sent to object: 'Object Repository/Page_Swag Labs/input_Swag Labs_user-name'

2023-05-12 17:59:44 - [TEST_STEP][PASSED] - click(findTestObject("Object Repository/Page_Swag Labs/input_Swag Labs_password")): Object: 'Object Repository/Page_Swag Labs/input_Swag Labs_password' is clicked on

2023-05-12 17:59:45 - [MESSAGE][PASSED] - Object: 'Object Repository/Page_Swag Labs/input_Swag Labs_password' is clicked on

2023-05-12 17:59:45 - [TEST_STEP][PASSED] - sendKeys(findTestObject("Object Repository/Page_Swag Labs/input_Swag Labs_password"), "secret_sauce"): Keys 'secret_sauce' sent to object: 'Object Repository/Page_Swag Labs/input_Swag Labs_password'

2023-05-12 17:59:45 - [MESSAGE][PASSED] - Keys 'secret_sauce' sent to object: 'Object Repository/Page_Swag Labs/input_Swag Labs_password'

2023-05-12 17:59:45 - [TEST_STEP][PASSED] - click(findTestObject("Object Repository/Page_Swag Labs/input_Swag Labs_login-button")): Object: 'Object Repository/Page_Swag Labs/input_Swag Labs_login-button' is clicked on

2023-05-12 17:59:45 - [MESSAGE][PASSED] - Object: 'Object Repository/Page_Swag Labs/input_Swag Labs_login-button' is clicked on

2023-05-12 17:59:45 - [TEST_STEP][PASSED] - click(findTestObject("Object Repository/inventoryPage/Backpack")): Object: 'Object Repository/inventoryPage/Backpack' is clicked on

2023-05-12 17:59:46 - [MESSAGE][PASSED] - Object: 'Object Repository/inventoryPage/Backpack' is clicked on

2023-05-12 17:59:46 - [TEST_STEP][PASSED] - click(findTestObject("Object Repository/inventoryPage/button_Add to cart")): Object: 'Object Repository/inventoryPage/button_Add to cart' is clicked on

2023-05-12 17:59:46 - [MESSAGE][PASSED] - Object: 'Object Repository/inventoryPage/button_Add to cart' is clicked on

2023-05-12 17:59:46 - [TEST_STEP][PASSED] - click(findTestObject("Object Repository/inventoryPage/products_back-image")): Object: 'Object Repository/inventoryPage/products_back-image' is clicked on

2023-05-12 17:59:47 - [MESSAGE][PASSED] - Object: 'Object Repository/inventoryPage/products_back-image' is clicked on

2023-05-12 17:59:47 - [TEST_STEP][PASSED] - click(findTestObject("Object Repository/inventoryPage/cart")): Object: 'Object Repository/inventoryPage/cart' is clicked on

2023-05-12 17:59:47 - [MESSAGE][PASSED] - Object: 'Object Repository/inventoryPage/cart' is clicked on

2023-05-12 17:59:47 - [TEST_STEP][PASSED] - click(findTestObject("Object Repository/CheckoutPage/button_Checkout")): Object: 'Object Repository/CheckoutPage/button_Checkout' is clicked on

2023-05-12 17:59:48 - [MESSAGE][PASSED] - Object: 'Object Repository/CheckoutPage/button_Checkout' is clicked on

2023-05-12 17:59:48 - [TEST_STEP][PASSED] - sendKeys(findTestObject("Object Repository/checkout-step-one/input_Checkout Your Information_firstName"), "demo"): Keys 'demo' sent to object: 'Object Repository/checkout-step-one/input_Checkout Your Information_firstName'

2023-05-12 17:59:49 - [MESSAGE][PASSED] - Keys 'demo' sent to object: 'Object Repository/checkout-step-one/input_Checkout Your Information_firstName'

2023-05-12 17:59:49 - [TEST_STEP][PASSED] - sendKeys(findTestObject("Object Repository/checkout-step-one/input_Checkout Your Information_lastName"), "qa test"): Keys 'qa test' sent to object: 'Object Repository/checkout-step-one/input_Checkout Your Information_lastName'

2023-05-12 17:59:49 - [MESSAGE][PASSED] - Keys 'qa test' sent to object: 'Object Repository/checkout-step-one/input_Checkout Your Information_lastName'

2023-05-12 17:59:49 - [TEST_STEP][PASSED] - sendKeys(findTestObject("Object Repository/checkout-step-one/input_Checkout Your Information_postalCode"), "9000"): Keys '9000' sent to object: 'Object Repository/checkout-step-one/input_Checkout Your Information_postalCode'

2023-05-12 17:59:50 - [MESSAGE][PASSED] - Keys '9000' sent to object: 'Object Repository/checkout-step-one/input_Checkout Your Information_postalCode'

2023-05-12 17:59:50 - [TEST_STEP][PASSED] - click(findTestObject("Object Repository/checkout-step-one/input_continue")): Object: 'Object Repository/checkout-step-one/input_continue' is clicked on

2023-05-12 17:59:50 - [MESSAGE][PASSED] - Object: 'Object Repository/checkout-step-one/input_continue' is clicked on

2023-05-12 17:59:50 - [TEST_STEP][PASSED] - click(findTestObject("Object Repository/finish checkout/button_Finish")): Object: 'Object Repository/finish checkout/button_Finish' is clicked on

2023-05-12 17:59:51 - [MESSAGE][PASSED] - Object: 'Object Repository/finish checkout/button_Finish' is clicked on

2023-05-12 17:59:51 - [TEST_STEP][PASSED] - verifyElementVisible(findTestObject("Object Repository/order-success/h2_Thank you for your order")): Object 'Object Repository/order-success/h2_Thank you for your order' is visible

2023-05-12 17:59:51 - [MESSAGE][PASSED] - Object 'Object Repository/order-success/h2_Thank you for your order' is visible

2023-05-12 17:59:51 - [TEST_STEP][PASSED] - click(findTestObject("Object Repository/NavSideBar/sidebar")): Object: 'Object Repository/NavSideBar/sidebar' is clicked on

2023-05-12 17:59:52 - [MESSAGE][PASSED] - Object: 'Object Repository/NavSideBar/sidebar' is clicked on

2023-05-12 17:59:52 - [TEST_STEP][PASSED] - click(findTestObject("Object Repository/NavSideBar/a_Logout")): Object: 'Object Repository/NavSideBar/a_Logout' is clicked on

2023-05-12 17:59:52 - [MESSAGE][PASSED] - Object: 'Object Repository/NavSideBar/a_Logout' is clicked on

2023-05-12 17:59:52 - [TEST_STEP][PASSED] - verifyElementVisible(findTestObject("Object Repository/Page_Swag Labs/input_Swag Labs_user-name")): Object 'Object Repository/Page_Swag Labs/input_Swag Labs_user-name' is visible

2023-05-12 17:59:53 - [MESSAGE][PASSED] - Object 'Object Repository/Page_Swag Labs/input_Swag Labs_user-name' is visible

2023-05-12 17:59:53 - [TEST_STEP][PASSED] - closeBrowser(): Browser is closed

2023-05-12 17:59:54 - [MESSAGE][PASSED] - Browser is closed]]></system-out>
         <system-err><![CDATA[]]></system-err>
      </testcase>
      <testcase name="Test Cases/test-flow-1-buy-1-product" time="11.481" classname="Test Cases/test-flow-1-buy-1-product" status="PASSED">
         <system-out><![CDATA[2023-05-12 17:59:54 - [TEST_CASE][PASSED] - Test Cases/test-flow-1-buy-1-product: Test Cases/test-flow-1-buy-1-product

2023-05-12 17:59:54 - [TEST_STEP][PASSED] - openBrowser("https://www.saucedemo.com/"): Browser is opened with url: 'https://www.saucedemo.com/'

2023-05-12 17:59:54 - [MESSAGE][INFO] - Starting 'Chrome' driver

2023-05-12 17:59:54 - [MESSAGE][INFO] - Action delay is set to 0 milliseconds

2023-05-12 17:59:55 - [MESSAGE][PASSED] - Browser is opened with url: 'https://www.saucedemo.com/'

2023-05-12 17:59:55 - [TEST_STEP][PASSED] - click(findTestObject("Object Repository/Page_Swag Labs/input_Swag Labs_user-name")): Object: 'Object Repository/Page_Swag Labs/input_Swag Labs_user-name' is clicked on

2023-05-12 17:59:56 - [MESSAGE][PASSED] - Object: 'Object Repository/Page_Swag Labs/input_Swag Labs_user-name' is clicked on

2023-05-12 17:59:56 - [TEST_STEP][PASSED] - sendKeys(findTestObject("Object Repository/Page_Swag Labs/input_Swag Labs_user-name"), "standard_user"): Keys 'standard_user' sent to object: 'Object Repository/Page_Swag Labs/input_Swag Labs_user-name'

2023-05-12 17:59:56 - [MESSAGE][PASSED] - Keys 'standard_user' sent to object: 'Object Repository/Page_Swag Labs/input_Swag Labs_user-name'

2023-05-12 17:59:56 - [TEST_STEP][PASSED] - click(findTestObject("Object Repository/Page_Swag Labs/input_Swag Labs_password")): Object: 'Object Repository/Page_Swag Labs/input_Swag Labs_password' is clicked on

2023-05-12 17:59:56 - [MESSAGE][PASSED] - Object: 'Object Repository/Page_Swag Labs/input_Swag Labs_password' is clicked on

2023-05-12 17:59:56 - [TEST_STEP][PASSED] - sendKeys(findTestObject("Object Repository/Page_Swag Labs/input_Swag Labs_password"), "secret_sauce"): Keys 'secret_sauce' sent to object: 'Object Repository/Page_Swag Labs/input_Swag Labs_password'

2023-05-12 17:59:57 - [MESSAGE][PASSED] - Keys 'secret_sauce' sent to object: 'Object Repository/Page_Swag Labs/input_Swag Labs_password'

2023-05-12 17:59:57 - [TEST_STEP][PASSED] - click(findTestObject("Object Repository/Page_Swag Labs/input_Swag Labs_login-button")): Object: 'Object Repository/Page_Swag Labs/input_Swag Labs_login-button' is clicked on

2023-05-12 17:59:57 - [MESSAGE][PASSED] - Object: 'Object Repository/Page_Swag Labs/input_Swag Labs_login-button' is clicked on

2023-05-12 17:59:57 - [TEST_STEP][PASSED] - click(findTestObject("Object Repository/inventoryPage/Backpack")): Object: 'Object Repository/inventoryPage/Backpack' is clicked on

2023-05-12 17:59:58 - [MESSAGE][PASSED] - Object: 'Object Repository/inventoryPage/Backpack' is clicked on

2023-05-12 17:59:58 - [TEST_STEP][PASSED] - click(findTestObject("Object Repository/inventoryPage/button_Add to cart")): Object: 'Object Repository/inventoryPage/button_Add to cart' is clicked on

2023-05-12 17:59:58 - [MESSAGE][PASSED] - Object: 'Object Repository/inventoryPage/button_Add to cart' is clicked on

2023-05-12 17:59:58 - [TEST_STEP][PASSED] - click(findTestObject("Object Repository/inventoryPage/products_back-image")): Object: 'Object Repository/inventoryPage/products_back-image' is clicked on

2023-05-12 17:59:59 - [MESSAGE][PASSED] - Object: 'Object Repository/inventoryPage/products_back-image' is clicked on

2023-05-12 17:59:59 - [TEST_STEP][PASSED] - click(findTestObject("Object Repository/inventoryPage/cart")): Object: 'Object Repository/inventoryPage/cart' is clicked on

2023-05-12 17:59:59 - [MESSAGE][PASSED] - Object: 'Object Repository/inventoryPage/cart' is clicked on

2023-05-12 17:59:59 - [TEST_STEP][PASSED] - click(findTestObject("Object Repository/CheckoutPage/button_Checkout")): Object: 'Object Repository/CheckoutPage/button_Checkout' is clicked on

2023-05-12 18:00:00 - [MESSAGE][PASSED] - Object: 'Object Repository/CheckoutPage/button_Checkout' is clicked on

2023-05-12 18:00:00 - [TEST_STEP][PASSED] - sendKeys(findTestObject("Object Repository/checkout-step-one/input_Checkout Your Information_firstName"), "demo"): Keys 'demo' sent to object: 'Object Repository/checkout-step-one/input_Checkout Your Information_firstName'

2023-05-12 18:00:00 - [MESSAGE][PASSED] - Keys 'demo' sent to object: 'Object Repository/checkout-step-one/input_Checkout Your Information_firstName'

2023-05-12 18:00:00 - [TEST_STEP][PASSED] - sendKeys(findTestObject("Object Repository/checkout-step-one/input_Checkout Your Information_lastName"), "qa test"): Keys 'qa test' sent to object: 'Object Repository/checkout-step-one/input_Checkout Your Information_lastName'

2023-05-12 18:00:01 - [MESSAGE][PASSED] - Keys 'qa test' sent to object: 'Object Repository/checkout-step-one/input_Checkout Your Information_lastName'

2023-05-12 18:00:01 - [TEST_STEP][PASSED] - sendKeys(findTestObject("Object Repository/checkout-step-one/input_Checkout Your Information_postalCode"), "9000"): Keys '9000' sent to object: 'Object Repository/checkout-step-one/input_Checkout Your Information_postalCode'

2023-05-12 18:00:01 - [MESSAGE][PASSED] - Keys '9000' sent to object: 'Object Repository/checkout-step-one/input_Checkout Your Information_postalCode'

2023-05-12 18:00:01 - [TEST_STEP][PASSED] - click(findTestObject("Object Repository/checkout-step-one/input_continue")): Object: 'Object Repository/checkout-step-one/input_continue' is clicked on

2023-05-12 18:00:02 - [MESSAGE][PASSED] - Object: 'Object Repository/checkout-step-one/input_continue' is clicked on

2023-05-12 18:00:02 - [TEST_STEP][PASSED] - click(findTestObject("Object Repository/finish checkout/button_Finish")): Object: 'Object Repository/finish checkout/button_Finish' is clicked on

2023-05-12 18:00:02 - [MESSAGE][PASSED] - Object: 'Object Repository/finish checkout/button_Finish' is clicked on

2023-05-12 18:00:02 - [TEST_STEP][PASSED] - verifyElementVisible(findTestObject("Object Repository/order-success/h2_Thank you for your order")): Object 'Object Repository/order-success/h2_Thank you for your order' is visible

2023-05-12 18:00:03 - [MESSAGE][PASSED] - Object 'Object Repository/order-success/h2_Thank you for your order' is visible

2023-05-12 18:00:03 - [TEST_STEP][PASSED] - click(findTestObject("Object Repository/NavSideBar/sidebar")): Object: 'Object Repository/NavSideBar/sidebar' is clicked on

2023-05-12 18:00:03 - [MESSAGE][PASSED] - Object: 'Object Repository/NavSideBar/sidebar' is clicked on

2023-05-12 18:00:03 - [TEST_STEP][PASSED] - click(findTestObject("Object Repository/NavSideBar/a_Logout")): Object: 'Object Repository/NavSideBar/a_Logout' is clicked on

2023-05-12 18:00:04 - [MESSAGE][PASSED] - Object: 'Object Repository/NavSideBar/a_Logout' is clicked on

2023-05-12 18:00:04 - [TEST_STEP][PASSED] - verifyElementVisible(findTestObject("Object Repository/Page_Swag Labs/input_Swag Labs_user-name")): Object 'Object Repository/Page_Swag Labs/input_Swag Labs_user-name' is visible

2023-05-12 18:00:04 - [MESSAGE][PASSED] - Object 'Object Repository/Page_Swag Labs/input_Swag Labs_user-name' is visible

2023-05-12 18:00:04 - [TEST_STEP][PASSED] - closeBrowser(): Browser is closed

2023-05-12 18:00:05 - [MESSAGE][PASSED] - Browser is closed]]></system-out>
         <system-err><![CDATA[]]></system-err>
      </testcase>
      <testcase name="Test Cases/test-flow-1-buy-1-product" time="11.79" classname="Test Cases/test-flow-1-buy-1-product" status="PASSED">
         <system-out><![CDATA[2023-05-12 18:00:05 - [TEST_CASE][PASSED] - Test Cases/test-flow-1-buy-1-product: Test Cases/test-flow-1-buy-1-product

2023-05-12 18:00:05 - [TEST_STEP][PASSED] - openBrowser("https://www.saucedemo.com/"): Browser is opened with url: 'https://www.saucedemo.com/'

2023-05-12 18:00:05 - [MESSAGE][INFO] - Starting 'Chrome' driver

2023-05-12 18:00:05 - [MESSAGE][INFO] - Action delay is set to 0 milliseconds

2023-05-12 18:00:07 - [MESSAGE][PASSED] - Browser is opened with url: 'https://www.saucedemo.com/'

2023-05-12 18:00:07 - [TEST_STEP][PASSED] - click(findTestObject("Object Repository/Page_Swag Labs/input_Swag Labs_user-name")): Object: 'Object Repository/Page_Swag Labs/input_Swag Labs_user-name' is clicked on

2023-05-12 18:00:07 - [MESSAGE][PASSED] - Object: 'Object Repository/Page_Swag Labs/input_Swag Labs_user-name' is clicked on

2023-05-12 18:00:07 - [TEST_STEP][PASSED] - sendKeys(findTestObject("Object Repository/Page_Swag Labs/input_Swag Labs_user-name"), "standard_user"): Keys 'standard_user' sent to object: 'Object Repository/Page_Swag Labs/input_Swag Labs_user-name'

2023-05-12 18:00:08 - [MESSAGE][PASSED] - Keys 'standard_user' sent to object: 'Object Repository/Page_Swag Labs/input_Swag Labs_user-name'

2023-05-12 18:00:08 - [TEST_STEP][PASSED] - click(findTestObject("Object Repository/Page_Swag Labs/input_Swag Labs_password")): Object: 'Object Repository/Page_Swag Labs/input_Swag Labs_password' is clicked on

2023-05-12 18:00:08 - [MESSAGE][PASSED] - Object: 'Object Repository/Page_Swag Labs/input_Swag Labs_password' is clicked on

2023-05-12 18:00:08 - [TEST_STEP][PASSED] - sendKeys(findTestObject("Object Repository/Page_Swag Labs/input_Swag Labs_password"), "secret_sauce"): Keys 'secret_sauce' sent to object: 'Object Repository/Page_Swag Labs/input_Swag Labs_password'

2023-05-12 18:00:08 - [MESSAGE][PASSED] - Keys 'secret_sauce' sent to object: 'Object Repository/Page_Swag Labs/input_Swag Labs_password'

2023-05-12 18:00:08 - [TEST_STEP][PASSED] - click(findTestObject("Object Repository/Page_Swag Labs/input_Swag Labs_login-button")): Object: 'Object Repository/Page_Swag Labs/input_Swag Labs_login-button' is clicked on

2023-05-12 18:00:09 - [MESSAGE][PASSED] - Object: 'Object Repository/Page_Swag Labs/input_Swag Labs_login-button' is clicked on

2023-05-12 18:00:09 - [TEST_STEP][PASSED] - click(findTestObject("Object Repository/inventoryPage/Backpack")): Object: 'Object Repository/inventoryPage/Backpack' is clicked on

2023-05-12 18:00:09 - [MESSAGE][PASSED] - Object: 'Object Repository/inventoryPage/Backpack' is clicked on

2023-05-12 18:00:09 - [TEST_STEP][PASSED] - click(findTestObject("Object Repository/inventoryPage/button_Add to cart")): Object: 'Object Repository/inventoryPage/button_Add to cart' is clicked on

2023-05-12 18:00:10 - [MESSAGE][PASSED] - Object: 'Object Repository/inventoryPage/button_Add to cart' is clicked on

2023-05-12 18:00:10 - [TEST_STEP][PASSED] - click(findTestObject("Object Repository/inventoryPage/products_back-image")): Object: 'Object Repository/inventoryPage/products_back-image' is clicked on

2023-05-12 18:00:10 - [MESSAGE][PASSED] - Object: 'Object Repository/inventoryPage/products_back-image' is clicked on

2023-05-12 18:00:10 - [TEST_STEP][PASSED] - click(findTestObject("Object Repository/inventoryPage/cart")): Object: 'Object Repository/inventoryPage/cart' is clicked on

2023-05-12 18:00:11 - [MESSAGE][PASSED] - Object: 'Object Repository/inventoryPage/cart' is clicked on

2023-05-12 18:00:11 - [TEST_STEP][PASSED] - click(findTestObject("Object Repository/CheckoutPage/button_Checkout")): Object: 'Object Repository/CheckoutPage/button_Checkout' is clicked on

2023-05-12 18:00:11 - [MESSAGE][PASSED] - Object: 'Object Repository/CheckoutPage/button_Checkout' is clicked on

2023-05-12 18:00:11 - [TEST_STEP][PASSED] - sendKeys(findTestObject("Object Repository/checkout-step-one/input_Checkout Your Information_firstName"), "demo"): Keys 'demo' sent to object: 'Object Repository/checkout-step-one/input_Checkout Your Information_firstName'

2023-05-12 18:00:12 - [MESSAGE][PASSED] - Keys 'demo' sent to object: 'Object Repository/checkout-step-one/input_Checkout Your Information_firstName'

2023-05-12 18:00:12 - [TEST_STEP][PASSED] - sendKeys(findTestObject("Object Repository/checkout-step-one/input_Checkout Your Information_lastName"), "qa test"): Keys 'qa test' sent to object: 'Object Repository/checkout-step-one/input_Checkout Your Information_lastName'

2023-05-12 18:00:12 - [MESSAGE][PASSED] - Keys 'qa test' sent to object: 'Object Repository/checkout-step-one/input_Checkout Your Information_lastName'

2023-05-12 18:00:12 - [TEST_STEP][PASSED] - sendKeys(findTestObject("Object Repository/checkout-step-one/input_Checkout Your Information_postalCode"), "9000"): Keys '9000' sent to object: 'Object Repository/checkout-step-one/input_Checkout Your Information_postalCode'

2023-05-12 18:00:13 - [MESSAGE][PASSED] - Keys '9000' sent to object: 'Object Repository/checkout-step-one/input_Checkout Your Information_postalCode'

2023-05-12 18:00:13 - [TEST_STEP][PASSED] - click(findTestObject("Object Repository/checkout-step-one/input_continue")): Object: 'Object Repository/checkout-step-one/input_continue' is clicked on

2023-05-12 18:00:14 - [MESSAGE][PASSED] - Object: 'Object Repository/checkout-step-one/input_continue' is clicked on

2023-05-12 18:00:14 - [TEST_STEP][PASSED] - click(findTestObject("Object Repository/finish checkout/button_Finish")): Object: 'Object Repository/finish checkout/button_Finish' is clicked on

2023-05-12 18:00:14 - [MESSAGE][PASSED] - Object: 'Object Repository/finish checkout/button_Finish' is clicked on

2023-05-12 18:00:14 - [TEST_STEP][PASSED] - verifyElementVisible(findTestObject("Object Repository/order-success/h2_Thank you for your order")): Object 'Object Repository/order-success/h2_Thank you for your order' is visible

2023-05-12 18:00:15 - [MESSAGE][PASSED] - Object 'Object Repository/order-success/h2_Thank you for your order' is visible

2023-05-12 18:00:15 - [TEST_STEP][PASSED] - click(findTestObject("Object Repository/NavSideBar/sidebar")): Object: 'Object Repository/NavSideBar/sidebar' is clicked on

2023-05-12 18:00:15 - [MESSAGE][PASSED] - Object: 'Object Repository/NavSideBar/sidebar' is clicked on

2023-05-12 18:00:15 - [TEST_STEP][PASSED] - click(findTestObject("Object Repository/NavSideBar/a_Logout")): Object: 'Object Repository/NavSideBar/a_Logout' is clicked on

2023-05-12 18:00:16 - [MESSAGE][PASSED] - Object: 'Object Repository/NavSideBar/a_Logout' is clicked on

2023-05-12 18:00:16 - [TEST_STEP][PASSED] - verifyElementVisible(findTestObject("Object Repository/Page_Swag Labs/input_Swag Labs_user-name")): Object 'Object Repository/Page_Swag Labs/input_Swag Labs_user-name' is visible

2023-05-12 18:00:16 - [MESSAGE][PASSED] - Object 'Object Repository/Page_Swag Labs/input_Swag Labs_user-name' is visible

2023-05-12 18:00:16 - [TEST_STEP][PASSED] - closeBrowser(): Browser is closed

2023-05-12 18:00:17 - [MESSAGE][PASSED] - Browser is closed]]></system-out>
         <system-err><![CDATA[]]></system-err>
      </testcase>
      <testcase name="Test Cases/test-flow-1-buy-1-product" time="12.093" classname="Test Cases/test-flow-1-buy-1-product" status="PASSED">
         <system-out><![CDATA[2023-05-12 18:00:17 - [TEST_CASE][PASSED] - Test Cases/test-flow-1-buy-1-product: Test Cases/test-flow-1-buy-1-product

2023-05-12 18:00:17 - [TEST_STEP][PASSED] - openBrowser("https://www.saucedemo.com/"): Browser is opened with url: 'https://www.saucedemo.com/'

2023-05-12 18:00:17 - [MESSAGE][INFO] - Starting 'Chrome' driver

2023-05-12 18:00:17 - [MESSAGE][INFO] - Action delay is set to 0 milliseconds

2023-05-12 18:00:19 - [MESSAGE][PASSED] - Browser is opened with url: 'https://www.saucedemo.com/'

2023-05-12 18:00:19 - [TEST_STEP][PASSED] - click(findTestObject("Object Repository/Page_Swag Labs/input_Swag Labs_user-name")): Object: 'Object Repository/Page_Swag Labs/input_Swag Labs_user-name' is clicked on

2023-05-12 18:00:20 - [MESSAGE][PASSED] - Object: 'Object Repository/Page_Swag Labs/input_Swag Labs_user-name' is clicked on

2023-05-12 18:00:20 - [TEST_STEP][PASSED] - sendKeys(findTestObject("Object Repository/Page_Swag Labs/input_Swag Labs_user-name"), "standard_user"): Keys 'standard_user' sent to object: 'Object Repository/Page_Swag Labs/input_Swag Labs_user-name'

2023-05-12 18:00:20 - [MESSAGE][PASSED] - Keys 'standard_user' sent to object: 'Object Repository/Page_Swag Labs/input_Swag Labs_user-name'

2023-05-12 18:00:20 - [TEST_STEP][PASSED] - click(findTestObject("Object Repository/Page_Swag Labs/input_Swag Labs_password")): Object: 'Object Repository/Page_Swag Labs/input_Swag Labs_password' is clicked on

2023-05-12 18:00:20 - [MESSAGE][PASSED] - Object: 'Object Repository/Page_Swag Labs/input_Swag Labs_password' is clicked on

2023-05-12 18:00:20 - [TEST_STEP][PASSED] - sendKeys(findTestObject("Object Repository/Page_Swag Labs/input_Swag Labs_password"), "secret_sauce"): Keys 'secret_sauce' sent to object: 'Object Repository/Page_Swag Labs/input_Swag Labs_password'

2023-05-12 18:00:21 - [MESSAGE][PASSED] - Keys 'secret_sauce' sent to object: 'Object Repository/Page_Swag Labs/input_Swag Labs_password'

2023-05-12 18:00:21 - [TEST_STEP][PASSED] - click(findTestObject("Object Repository/Page_Swag Labs/input_Swag Labs_login-button")): Object: 'Object Repository/Page_Swag Labs/input_Swag Labs_login-button' is clicked on

2023-05-12 18:00:21 - [MESSAGE][PASSED] - Object: 'Object Repository/Page_Swag Labs/input_Swag Labs_login-button' is clicked on

2023-05-12 18:00:21 - [TEST_STEP][PASSED] - click(findTestObject("Object Repository/inventoryPage/Backpack")): Object: 'Object Repository/inventoryPage/Backpack' is clicked on

2023-05-12 18:00:21 - [MESSAGE][PASSED] - Object: 'Object Repository/inventoryPage/Backpack' is clicked on

2023-05-12 18:00:21 - [TEST_STEP][PASSED] - click(findTestObject("Object Repository/inventoryPage/button_Add to cart")): Object: 'Object Repository/inventoryPage/button_Add to cart' is clicked on

2023-05-12 18:00:22 - [MESSAGE][PASSED] - Object: 'Object Repository/inventoryPage/button_Add to cart' is clicked on

2023-05-12 18:00:22 - [TEST_STEP][PASSED] - click(findTestObject("Object Repository/inventoryPage/products_back-image")): Object: 'Object Repository/inventoryPage/products_back-image' is clicked on

2023-05-12 18:00:22 - [MESSAGE][PASSED] - Object: 'Object Repository/inventoryPage/products_back-image' is clicked on

2023-05-12 18:00:22 - [TEST_STEP][PASSED] - click(findTestObject("Object Repository/inventoryPage/cart")): Object: 'Object Repository/inventoryPage/cart' is clicked on

2023-05-12 18:00:23 - [MESSAGE][PASSED] - Object: 'Object Repository/inventoryPage/cart' is clicked on

2023-05-12 18:00:23 - [TEST_STEP][PASSED] - click(findTestObject("Object Repository/CheckoutPage/button_Checkout")): Object: 'Object Repository/CheckoutPage/button_Checkout' is clicked on

2023-05-12 18:00:23 - [MESSAGE][PASSED] - Object: 'Object Repository/CheckoutPage/button_Checkout' is clicked on

2023-05-12 18:00:23 - [TEST_STEP][PASSED] - sendKeys(findTestObject("Object Repository/checkout-step-one/input_Checkout Your Information_firstName"), "demo"): Keys 'demo' sent to object: 'Object Repository/checkout-step-one/input_Checkout Your Information_firstName'

2023-05-12 18:00:24 - [MESSAGE][PASSED] - Keys 'demo' sent to object: 'Object Repository/checkout-step-one/input_Checkout Your Information_firstName'

2023-05-12 18:00:24 - [TEST_STEP][PASSED] - sendKeys(findTestObject("Object Repository/checkout-step-one/input_Checkout Your Information_lastName"), "qa test"): Keys 'qa test' sent to object: 'Object Repository/checkout-step-one/input_Checkout Your Information_lastName'

2023-05-12 18:00:25 - [MESSAGE][PASSED] - Keys 'qa test' sent to object: 'Object Repository/checkout-step-one/input_Checkout Your Information_lastName'

2023-05-12 18:00:25 - [TEST_STEP][PASSED] - sendKeys(findTestObject("Object Repository/checkout-step-one/input_Checkout Your Information_postalCode"), "9000"): Keys '9000' sent to object: 'Object Repository/checkout-step-one/input_Checkout Your Information_postalCode'

2023-05-12 18:00:25 - [MESSAGE][PASSED] - Keys '9000' sent to object: 'Object Repository/checkout-step-one/input_Checkout Your Information_postalCode'

2023-05-12 18:00:25 - [TEST_STEP][PASSED] - click(findTestObject("Object Repository/checkout-step-one/input_continue")): Object: 'Object Repository/checkout-step-one/input_continue' is clicked on

2023-05-12 18:00:26 - [MESSAGE][PASSED] - Object: 'Object Repository/checkout-step-one/input_continue' is clicked on

2023-05-12 18:00:26 - [TEST_STEP][PASSED] - click(findTestObject("Object Repository/finish checkout/button_Finish")): Object: 'Object Repository/finish checkout/button_Finish' is clicked on

2023-05-12 18:00:26 - [MESSAGE][PASSED] - Object: 'Object Repository/finish checkout/button_Finish' is clicked on

2023-05-12 18:00:26 - [TEST_STEP][PASSED] - verifyElementVisible(findTestObject("Object Repository/order-success/h2_Thank you for your order")): Object 'Object Repository/order-success/h2_Thank you for your order' is visible

2023-05-12 18:00:27 - [MESSAGE][PASSED] - Object 'Object Repository/order-success/h2_Thank you for your order' is visible

2023-05-12 18:00:27 - [TEST_STEP][PASSED] - click(findTestObject("Object Repository/NavSideBar/sidebar")): Object: 'Object Repository/NavSideBar/sidebar' is clicked on

2023-05-12 18:00:27 - [MESSAGE][PASSED] - Object: 'Object Repository/NavSideBar/sidebar' is clicked on

2023-05-12 18:00:27 - [TEST_STEP][PASSED] - click(findTestObject("Object Repository/NavSideBar/a_Logout")): Object: 'Object Repository/NavSideBar/a_Logout' is clicked on

2023-05-12 18:00:28 - [MESSAGE][PASSED] - Object: 'Object Repository/NavSideBar/a_Logout' is clicked on

2023-05-12 18:00:28 - [TEST_STEP][PASSED] - verifyElementVisible(findTestObject("Object Repository/Page_Swag Labs/input_Swag Labs_user-name")): Object 'Object Repository/Page_Swag Labs/input_Swag Labs_user-name' is visible

2023-05-12 18:00:28 - [MESSAGE][PASSED] - Object 'Object Repository/Page_Swag Labs/input_Swag Labs_user-name' is visible

2023-05-12 18:00:28 - [TEST_STEP][PASSED] - closeBrowser(): Browser is closed

2023-05-12 18:00:29 - [MESSAGE][PASSED] - Browser is closed]]></system-out>
         <system-err><![CDATA[]]></system-err>
      </testcase>
      <testcase name="Test Cases/test-flow-1-buy-1-product" time="11.766" classname="Test Cases/test-flow-1-buy-1-product" status="PASSED">
         <system-out><![CDATA[2023-05-12 18:00:29 - [TEST_CASE][PASSED] - Test Cases/test-flow-1-buy-1-product: Test Cases/test-flow-1-buy-1-product

2023-05-12 18:00:29 - [TEST_STEP][PASSED] - openBrowser("https://www.saucedemo.com/"): Browser is opened with url: 'https://www.saucedemo.com/'

2023-05-12 18:00:29 - [MESSAGE][INFO] - Starting 'Chrome' driver

2023-05-12 18:00:29 - [MESSAGE][INFO] - Action delay is set to 0 milliseconds

2023-05-12 18:00:31 - [MESSAGE][PASSED] - Browser is opened with url: 'https://www.saucedemo.com/'

2023-05-12 18:00:31 - [TEST_STEP][PASSED] - click(findTestObject("Object Repository/Page_Swag Labs/input_Swag Labs_user-name")): Object: 'Object Repository/Page_Swag Labs/input_Swag Labs_user-name' is clicked on

2023-05-12 18:00:31 - [MESSAGE][PASSED] - Object: 'Object Repository/Page_Swag Labs/input_Swag Labs_user-name' is clicked on

2023-05-12 18:00:31 - [TEST_STEP][PASSED] - sendKeys(findTestObject("Object Repository/Page_Swag Labs/input_Swag Labs_user-name"), "standard_user"): Keys 'standard_user' sent to object: 'Object Repository/Page_Swag Labs/input_Swag Labs_user-name'

2023-05-12 18:00:32 - [MESSAGE][PASSED] - Keys 'standard_user' sent to object: 'Object Repository/Page_Swag Labs/input_Swag Labs_user-name'

2023-05-12 18:00:32 - [TEST_STEP][PASSED] - click(findTestObject("Object Repository/Page_Swag Labs/input_Swag Labs_password")): Object: 'Object Repository/Page_Swag Labs/input_Swag Labs_password' is clicked on

2023-05-12 18:00:32 - [MESSAGE][PASSED] - Object: 'Object Repository/Page_Swag Labs/input_Swag Labs_password' is clicked on

2023-05-12 18:00:32 - [TEST_STEP][PASSED] - sendKeys(findTestObject("Object Repository/Page_Swag Labs/input_Swag Labs_password"), "secret_sauce"): Keys 'secret_sauce' sent to object: 'Object Repository/Page_Swag Labs/input_Swag Labs_password'

2023-05-12 18:00:32 - [MESSAGE][PASSED] - Keys 'secret_sauce' sent to object: 'Object Repository/Page_Swag Labs/input_Swag Labs_password'

2023-05-12 18:00:32 - [TEST_STEP][PASSED] - click(findTestObject("Object Repository/Page_Swag Labs/input_Swag Labs_login-button")): Object: 'Object Repository/Page_Swag Labs/input_Swag Labs_login-button' is clicked on

2023-05-12 18:00:33 - [MESSAGE][PASSED] - Object: 'Object Repository/Page_Swag Labs/input_Swag Labs_login-button' is clicked on

2023-05-12 18:00:33 - [TEST_STEP][PASSED] - click(findTestObject("Object Repository/inventoryPage/Backpack")): Object: 'Object Repository/inventoryPage/Backpack' is clicked on

2023-05-12 18:00:33 - [MESSAGE][PASSED] - Object: 'Object Repository/inventoryPage/Backpack' is clicked on

2023-05-12 18:00:33 - [TEST_STEP][PASSED] - click(findTestObject("Object Repository/inventoryPage/button_Add to cart")): Object: 'Object Repository/inventoryPage/button_Add to cart' is clicked on

2023-05-12 18:00:34 - [MESSAGE][PASSED] - Object: 'Object Repository/inventoryPage/button_Add to cart' is clicked on

2023-05-12 18:00:34 - [TEST_STEP][PASSED] - click(findTestObject("Object Repository/inventoryPage/products_back-image")): Object: 'Object Repository/inventoryPage/products_back-image' is clicked on

2023-05-12 18:00:34 - [MESSAGE][PASSED] - Object: 'Object Repository/inventoryPage/products_back-image' is clicked on

2023-05-12 18:00:34 - [TEST_STEP][PASSED] - click(findTestObject("Object Repository/inventoryPage/cart")): Object: 'Object Repository/inventoryPage/cart' is clicked on

2023-05-12 18:00:35 - [MESSAGE][PASSED] - Object: 'Object Repository/inventoryPage/cart' is clicked on

2023-05-12 18:00:35 - [TEST_STEP][PASSED] - click(findTestObject("Object Repository/CheckoutPage/button_Checkout")): Object: 'Object Repository/CheckoutPage/button_Checkout' is clicked on

2023-05-12 18:00:35 - [MESSAGE][PASSED] - Object: 'Object Repository/CheckoutPage/button_Checkout' is clicked on

2023-05-12 18:00:35 - [TEST_STEP][PASSED] - sendKeys(findTestObject("Object Repository/checkout-step-one/input_Checkout Your Information_firstName"), "demo"): Keys 'demo' sent to object: 'Object Repository/checkout-step-one/input_Checkout Your Information_firstName'

2023-05-12 18:00:36 - [MESSAGE][PASSED] - Keys 'demo' sent to object: 'Object Repository/checkout-step-one/input_Checkout Your Information_firstName'

2023-05-12 18:00:36 - [TEST_STEP][PASSED] - sendKeys(findTestObject("Object Repository/checkout-step-one/input_Checkout Your Information_lastName"), "qa test"): Keys 'qa test' sent to object: 'Object Repository/checkout-step-one/input_Checkout Your Information_lastName'

2023-05-12 18:00:36 - [MESSAGE][PASSED] - Keys 'qa test' sent to object: 'Object Repository/checkout-step-one/input_Checkout Your Information_lastName'

2023-05-12 18:00:36 - [TEST_STEP][PASSED] - sendKeys(findTestObject("Object Repository/checkout-step-one/input_Checkout Your Information_postalCode"), "9000"): Keys '9000' sent to object: 'Object Repository/checkout-step-one/input_Checkout Your Information_postalCode'

2023-05-12 18:00:37 - [MESSAGE][PASSED] - Keys '9000' sent to object: 'Object Repository/checkout-step-one/input_Checkout Your Information_postalCode'

2023-05-12 18:00:37 - [TEST_STEP][PASSED] - click(findTestObject("Object Repository/checkout-step-one/input_continue")): Object: 'Object Repository/checkout-step-one/input_continue' is clicked on

2023-05-12 18:00:37 - [MESSAGE][PASSED] - Object: 'Object Repository/checkout-step-one/input_continue' is clicked on

2023-05-12 18:00:37 - [TEST_STEP][PASSED] - click(findTestObject("Object Repository/finish checkout/button_Finish")): Object: 'Object Repository/finish checkout/button_Finish' is clicked on

2023-05-12 18:00:38 - [MESSAGE][PASSED] - Object: 'Object Repository/finish checkout/button_Finish' is clicked on

2023-05-12 18:00:38 - [TEST_STEP][PASSED] - verifyElementVisible(findTestObject("Object Repository/order-success/h2_Thank you for your order")): Object 'Object Repository/order-success/h2_Thank you for your order' is visible

2023-05-12 18:00:39 - [MESSAGE][PASSED] - Object 'Object Repository/order-success/h2_Thank you for your order' is visible

2023-05-12 18:00:39 - [TEST_STEP][PASSED] - click(findTestObject("Object Repository/NavSideBar/sidebar")): Object: 'Object Repository/NavSideBar/sidebar' is clicked on

2023-05-12 18:00:39 - [MESSAGE][PASSED] - Object: 'Object Repository/NavSideBar/sidebar' is clicked on

2023-05-12 18:00:39 - [TEST_STEP][PASSED] - click(findTestObject("Object Repository/NavSideBar/a_Logout")): Object: 'Object Repository/NavSideBar/a_Logout' is clicked on

2023-05-12 18:00:39 - [MESSAGE][PASSED] - Object: 'Object Repository/NavSideBar/a_Logout' is clicked on

2023-05-12 18:00:39 - [TEST_STEP][PASSED] - verifyElementVisible(findTestObject("Object Repository/Page_Swag Labs/input_Swag Labs_user-name")): Object 'Object Repository/Page_Swag Labs/input_Swag Labs_user-name' is visible

2023-05-12 18:00:40 - [MESSAGE][PASSED] - Object 'Object Repository/Page_Swag Labs/input_Swag Labs_user-name' is visible

2023-05-12 18:00:40 - [TEST_STEP][PASSED] - closeBrowser(): Browser is closed

2023-05-12 18:00:41 - [MESSAGE][PASSED] - Browser is closed]]></system-out>
         <system-err><![CDATA[]]></system-err>
      </testcase>
      <testcase name="Test Cases/test-flow-1-buy-1-product" time="12.103" classname="Test Cases/test-flow-1-buy-1-product" status="PASSED">
         <system-out><![CDATA[2023-05-12 18:00:41 - [TEST_CASE][PASSED] - Test Cases/test-flow-1-buy-1-product: Test Cases/test-flow-1-buy-1-product

2023-05-12 18:00:41 - [TEST_STEP][PASSED] - openBrowser("https://www.saucedemo.com/"): Browser is opened with url: 'https://www.saucedemo.com/'

2023-05-12 18:00:41 - [MESSAGE][INFO] - Starting 'Chrome' driver

2023-05-12 18:00:41 - [MESSAGE][INFO] - Action delay is set to 0 milliseconds

2023-05-12 18:00:43 - [MESSAGE][PASSED] - Browser is opened with url: 'https://www.saucedemo.com/'

2023-05-12 18:00:43 - [TEST_STEP][PASSED] - click(findTestObject("Object Repository/Page_Swag Labs/input_Swag Labs_user-name")): Object: 'Object Repository/Page_Swag Labs/input_Swag Labs_user-name' is clicked on

2023-05-12 18:00:43 - [MESSAGE][PASSED] - Object: 'Object Repository/Page_Swag Labs/input_Swag Labs_user-name' is clicked on

2023-05-12 18:00:43 - [TEST_STEP][PASSED] - sendKeys(findTestObject("Object Repository/Page_Swag Labs/input_Swag Labs_user-name"), "standard_user"): Keys 'standard_user' sent to object: 'Object Repository/Page_Swag Labs/input_Swag Labs_user-name'

2023-05-12 18:00:43 - [MESSAGE][PASSED] - Keys 'standard_user' sent to object: 'Object Repository/Page_Swag Labs/input_Swag Labs_user-name'

2023-05-12 18:00:43 - [TEST_STEP][PASSED] - click(findTestObject("Object Repository/Page_Swag Labs/input_Swag Labs_password")): Object: 'Object Repository/Page_Swag Labs/input_Swag Labs_password' is clicked on

2023-05-12 18:00:44 - [MESSAGE][PASSED] - Object: 'Object Repository/Page_Swag Labs/input_Swag Labs_password' is clicked on

2023-05-12 18:00:44 - [TEST_STEP][PASSED] - sendKeys(findTestObject("Object Repository/Page_Swag Labs/input_Swag Labs_password"), "secret_sauce"): Keys 'secret_sauce' sent to object: 'Object Repository/Page_Swag Labs/input_Swag Labs_password'

2023-05-12 18:00:44 - [MESSAGE][PASSED] - Keys 'secret_sauce' sent to object: 'Object Repository/Page_Swag Labs/input_Swag Labs_password'

2023-05-12 18:00:44 - [TEST_STEP][PASSED] - click(findTestObject("Object Repository/Page_Swag Labs/input_Swag Labs_login-button")): Object: 'Object Repository/Page_Swag Labs/input_Swag Labs_login-button' is clicked on

2023-05-12 18:00:45 - [MESSAGE][PASSED] - Object: 'Object Repository/Page_Swag Labs/input_Swag Labs_login-button' is clicked on

2023-05-12 18:00:45 - [TEST_STEP][PASSED] - click(findTestObject("Object Repository/inventoryPage/Backpack")): Object: 'Object Repository/inventoryPage/Backpack' is clicked on

2023-05-12 18:00:45 - [MESSAGE][PASSED] - Object: 'Object Repository/inventoryPage/Backpack' is clicked on

2023-05-12 18:00:45 - [TEST_STEP][PASSED] - click(findTestObject("Object Repository/inventoryPage/button_Add to cart")): Object: 'Object Repository/inventoryPage/button_Add to cart' is clicked on

2023-05-12 18:00:45 - [MESSAGE][PASSED] - Object: 'Object Repository/inventoryPage/button_Add to cart' is clicked on

2023-05-12 18:00:45 - [TEST_STEP][PASSED] - click(findTestObject("Object Repository/inventoryPage/products_back-image")): Object: 'Object Repository/inventoryPage/products_back-image' is clicked on

2023-05-12 18:00:46 - [MESSAGE][PASSED] - Object: 'Object Repository/inventoryPage/products_back-image' is clicked on

2023-05-12 18:00:46 - [TEST_STEP][PASSED] - click(findTestObject("Object Repository/inventoryPage/cart")): Object: 'Object Repository/inventoryPage/cart' is clicked on

2023-05-12 18:00:47 - [MESSAGE][PASSED] - Object: 'Object Repository/inventoryPage/cart' is clicked on

2023-05-12 18:00:47 - [TEST_STEP][PASSED] - click(findTestObject("Object Repository/CheckoutPage/button_Checkout")): Object: 'Object Repository/CheckoutPage/button_Checkout' is clicked on

2023-05-12 18:00:47 - [MESSAGE][PASSED] - Object: 'Object Repository/CheckoutPage/button_Checkout' is clicked on

2023-05-12 18:00:47 - [TEST_STEP][PASSED] - sendKeys(findTestObject("Object Repository/checkout-step-one/input_Checkout Your Information_firstName"), "demo"): Keys 'demo' sent to object: 'Object Repository/checkout-step-one/input_Checkout Your Information_firstName'

2023-05-12 18:00:48 - [MESSAGE][PASSED] - Keys 'demo' sent to object: 'Object Repository/checkout-step-one/input_Checkout Your Information_firstName'

2023-05-12 18:00:48 - [TEST_STEP][PASSED] - sendKeys(findTestObject("Object Repository/checkout-step-one/input_Checkout Your Information_lastName"), "qa test"): Keys 'qa test' sent to object: 'Object Repository/checkout-step-one/input_Checkout Your Information_lastName'

2023-05-12 18:00:48 - [MESSAGE][PASSED] - Keys 'qa test' sent to object: 'Object Repository/checkout-step-one/input_Checkout Your Information_lastName'

2023-05-12 18:00:48 - [TEST_STEP][PASSED] - sendKeys(findTestObject("Object Repository/checkout-step-one/input_Checkout Your Information_postalCode"), "9000"): Keys '9000' sent to object: 'Object Repository/checkout-step-one/input_Checkout Your Information_postalCode'

2023-05-12 18:00:49 - [MESSAGE][PASSED] - Keys '9000' sent to object: 'Object Repository/checkout-step-one/input_Checkout Your Information_postalCode'

2023-05-12 18:00:49 - [TEST_STEP][PASSED] - click(findTestObject("Object Repository/checkout-step-one/input_continue")): Object: 'Object Repository/checkout-step-one/input_continue' is clicked on

2023-05-12 18:00:49 - [MESSAGE][PASSED] - Object: 'Object Repository/checkout-step-one/input_continue' is clicked on

2023-05-12 18:00:49 - [TEST_STEP][PASSED] - click(findTestObject("Object Repository/finish checkout/button_Finish")): Object: 'Object Repository/finish checkout/button_Finish' is clicked on

2023-05-12 18:00:50 - [MESSAGE][PASSED] - Object: 'Object Repository/finish checkout/button_Finish' is clicked on

2023-05-12 18:00:50 - [TEST_STEP][PASSED] - verifyElementVisible(findTestObject("Object Repository/order-success/h2_Thank you for your order")): Object 'Object Repository/order-success/h2_Thank you for your order' is visible

2023-05-12 18:00:51 - [MESSAGE][PASSED] - Object 'Object Repository/order-success/h2_Thank you for your order' is visible

2023-05-12 18:00:51 - [TEST_STEP][PASSED] - click(findTestObject("Object Repository/NavSideBar/sidebar")): Object: 'Object Repository/NavSideBar/sidebar' is clicked on

2023-05-12 18:00:51 - [MESSAGE][PASSED] - Object: 'Object Repository/NavSideBar/sidebar' is clicked on

2023-05-12 18:00:51 - [TEST_STEP][PASSED] - click(findTestObject("Object Repository/NavSideBar/a_Logout")): Object: 'Object Repository/NavSideBar/a_Logout' is clicked on

2023-05-12 18:00:52 - [MESSAGE][PASSED] - Object: 'Object Repository/NavSideBar/a_Logout' is clicked on

2023-05-12 18:00:52 - [TEST_STEP][PASSED] - verifyElementVisible(findTestObject("Object Repository/Page_Swag Labs/input_Swag Labs_user-name")): Object 'Object Repository/Page_Swag Labs/input_Swag Labs_user-name' is visible

2023-05-12 18:00:52 - [MESSAGE][PASSED] - Object 'Object Repository/Page_Swag Labs/input_Swag Labs_user-name' is visible

2023-05-12 18:00:52 - [TEST_STEP][PASSED] - closeBrowser(): Browser is closed

2023-05-12 18:00:53 - [MESSAGE][PASSED] - Browser is closed]]></system-out>
         <system-err><![CDATA[]]></system-err>
      </testcase>
      <testcase name="Test Cases/test-flow-1-buy-1-product" time="11.965" classname="Test Cases/test-flow-1-buy-1-product" status="PASSED">
         <system-out><![CDATA[2023-05-12 18:00:53 - [TEST_CASE][PASSED] - Test Cases/test-flow-1-buy-1-product: Test Cases/test-flow-1-buy-1-product

2023-05-12 18:00:53 - [TEST_STEP][PASSED] - openBrowser("https://www.saucedemo.com/"): Browser is opened with url: 'https://www.saucedemo.com/'

2023-05-12 18:00:53 - [MESSAGE][INFO] - Starting 'Chrome' driver

2023-05-12 18:00:53 - [MESSAGE][INFO] - Action delay is set to 0 milliseconds

2023-05-12 18:00:55 - [MESSAGE][PASSED] - Browser is opened with url: 'https://www.saucedemo.com/'

2023-05-12 18:00:55 - [TEST_STEP][PASSED] - click(findTestObject("Object Repository/Page_Swag Labs/input_Swag Labs_user-name")): Object: 'Object Repository/Page_Swag Labs/input_Swag Labs_user-name' is clicked on

2023-05-12 18:00:55 - [MESSAGE][PASSED] - Object: 'Object Repository/Page_Swag Labs/input_Swag Labs_user-name' is clicked on

2023-05-12 18:00:55 - [TEST_STEP][PASSED] - sendKeys(findTestObject("Object Repository/Page_Swag Labs/input_Swag Labs_user-name"), "standard_user"): Keys 'standard_user' sent to object: 'Object Repository/Page_Swag Labs/input_Swag Labs_user-name'

2023-05-12 18:00:56 - [MESSAGE][PASSED] - Keys 'standard_user' sent to object: 'Object Repository/Page_Swag Labs/input_Swag Labs_user-name'

2023-05-12 18:00:56 - [TEST_STEP][PASSED] - click(findTestObject("Object Repository/Page_Swag Labs/input_Swag Labs_password")): Object: 'Object Repository/Page_Swag Labs/input_Swag Labs_password' is clicked on

2023-05-12 18:00:56 - [MESSAGE][PASSED] - Object: 'Object Repository/Page_Swag Labs/input_Swag Labs_password' is clicked on

2023-05-12 18:00:56 - [TEST_STEP][PASSED] - sendKeys(findTestObject("Object Repository/Page_Swag Labs/input_Swag Labs_password"), "secret_sauce"): Keys 'secret_sauce' sent to object: 'Object Repository/Page_Swag Labs/input_Swag Labs_password'

2023-05-12 18:00:56 - [MESSAGE][PASSED] - Keys 'secret_sauce' sent to object: 'Object Repository/Page_Swag Labs/input_Swag Labs_password'

2023-05-12 18:00:56 - [TEST_STEP][PASSED] - click(findTestObject("Object Repository/Page_Swag Labs/input_Swag Labs_login-button")): Object: 'Object Repository/Page_Swag Labs/input_Swag Labs_login-button' is clicked on

2023-05-12 18:00:57 - [MESSAGE][PASSED] - Object: 'Object Repository/Page_Swag Labs/input_Swag Labs_login-button' is clicked on

2023-05-12 18:00:57 - [TEST_STEP][PASSED] - click(findTestObject("Object Repository/inventoryPage/Backpack")): Object: 'Object Repository/inventoryPage/Backpack' is clicked on

2023-05-12 18:00:57 - [MESSAGE][PASSED] - Object: 'Object Repository/inventoryPage/Backpack' is clicked on

2023-05-12 18:00:57 - [TEST_STEP][PASSED] - click(findTestObject("Object Repository/inventoryPage/button_Add to cart")): Object: 'Object Repository/inventoryPage/button_Add to cart' is clicked on

2023-05-12 18:00:58 - [MESSAGE][PASSED] - Object: 'Object Repository/inventoryPage/button_Add to cart' is clicked on

2023-05-12 18:00:58 - [TEST_STEP][PASSED] - click(findTestObject("Object Repository/inventoryPage/products_back-image")): Object: 'Object Repository/inventoryPage/products_back-image' is clicked on

2023-05-12 18:00:58 - [MESSAGE][PASSED] - Object: 'Object Repository/inventoryPage/products_back-image' is clicked on

2023-05-12 18:00:58 - [TEST_STEP][PASSED] - click(findTestObject("Object Repository/inventoryPage/cart")): Object: 'Object Repository/inventoryPage/cart' is clicked on

2023-05-12 18:00:59 - [MESSAGE][PASSED] - Object: 'Object Repository/inventoryPage/cart' is clicked on

2023-05-12 18:00:59 - [TEST_STEP][PASSED] - click(findTestObject("Object Repository/CheckoutPage/button_Checkout")): Object: 'Object Repository/CheckoutPage/button_Checkout' is clicked on

2023-05-12 18:00:59 - [MESSAGE][PASSED] - Object: 'Object Repository/CheckoutPage/button_Checkout' is clicked on

2023-05-12 18:00:59 - [TEST_STEP][PASSED] - sendKeys(findTestObject("Object Repository/checkout-step-one/input_Checkout Your Information_firstName"), "demo"): Keys 'demo' sent to object: 'Object Repository/checkout-step-one/input_Checkout Your Information_firstName'

2023-05-12 18:01:00 - [MESSAGE][PASSED] - Keys 'demo' sent to object: 'Object Repository/checkout-step-one/input_Checkout Your Information_firstName'

2023-05-12 18:01:00 - [TEST_STEP][PASSED] - sendKeys(findTestObject("Object Repository/checkout-step-one/input_Checkout Your Information_lastName"), "qa test"): Keys 'qa test' sent to object: 'Object Repository/checkout-step-one/input_Checkout Your Information_lastName'

2023-05-12 18:01:00 - [MESSAGE][PASSED] - Keys 'qa test' sent to object: 'Object Repository/checkout-step-one/input_Checkout Your Information_lastName'

2023-05-12 18:01:00 - [TEST_STEP][PASSED] - sendKeys(findTestObject("Object Repository/checkout-step-one/input_Checkout Your Information_postalCode"), "9000"): Keys '9000' sent to object: 'Object Repository/checkout-step-one/input_Checkout Your Information_postalCode'

2023-05-12 18:01:01 - [MESSAGE][PASSED] - Keys '9000' sent to object: 'Object Repository/checkout-step-one/input_Checkout Your Information_postalCode'

2023-05-12 18:01:01 - [TEST_STEP][PASSED] - click(findTestObject("Object Repository/checkout-step-one/input_continue")): Object: 'Object Repository/checkout-step-one/input_continue' is clicked on

2023-05-12 18:01:01 - [MESSAGE][PASSED] - Object: 'Object Repository/checkout-step-one/input_continue' is clicked on

2023-05-12 18:01:01 - [TEST_STEP][PASSED] - click(findTestObject("Object Repository/finish checkout/button_Finish")): Object: 'Object Repository/finish checkout/button_Finish' is clicked on

2023-05-12 18:01:02 - [MESSAGE][PASSED] - Object: 'Object Repository/finish checkout/button_Finish' is clicked on

2023-05-12 18:01:02 - [TEST_STEP][PASSED] - verifyElementVisible(findTestObject("Object Repository/order-success/h2_Thank you for your order")): Object 'Object Repository/order-success/h2_Thank you for your order' is visible

2023-05-12 18:01:03 - [MESSAGE][PASSED] - Object 'Object Repository/order-success/h2_Thank you for your order' is visible

2023-05-12 18:01:03 - [TEST_STEP][PASSED] - click(findTestObject("Object Repository/NavSideBar/sidebar")): Object: 'Object Repository/NavSideBar/sidebar' is clicked on

2023-05-12 18:01:03 - [MESSAGE][PASSED] - Object: 'Object Repository/NavSideBar/sidebar' is clicked on

2023-05-12 18:01:03 - [TEST_STEP][PASSED] - click(findTestObject("Object Repository/NavSideBar/a_Logout")): Object: 'Object Repository/NavSideBar/a_Logout' is clicked on

2023-05-12 18:01:03 - [MESSAGE][PASSED] - Object: 'Object Repository/NavSideBar/a_Logout' is clicked on

2023-05-12 18:01:03 - [TEST_STEP][PASSED] - verifyElementVisible(findTestObject("Object Repository/Page_Swag Labs/input_Swag Labs_user-name")): Object 'Object Repository/Page_Swag Labs/input_Swag Labs_user-name' is visible

2023-05-12 18:01:04 - [MESSAGE][PASSED] - Object 'Object Repository/Page_Swag Labs/input_Swag Labs_user-name' is visible

2023-05-12 18:01:04 - [TEST_STEP][PASSED] - closeBrowser(): Browser is closed

2023-05-12 18:01:05 - [MESSAGE][PASSED] - Browser is closed]]></system-out>
         <system-err><![CDATA[]]></system-err>
      </testcase>
      <testcase name="Test Cases/test-flow-1-buy-1-product" time="11.976" classname="Test Cases/test-flow-1-buy-1-product" status="PASSED">
         <system-out><![CDATA[2023-05-12 18:01:05 - [TEST_CASE][PASSED] - Test Cases/test-flow-1-buy-1-product: Test Cases/test-flow-1-buy-1-product

2023-05-12 18:01:05 - [TEST_STEP][PASSED] - openBrowser("https://www.saucedemo.com/"): Browser is opened with url: 'https://www.saucedemo.com/'

2023-05-12 18:01:05 - [MESSAGE][INFO] - Starting 'Chrome' driver

2023-05-12 18:01:05 - [MESSAGE][INFO] - Action delay is set to 0 milliseconds

2023-05-12 18:01:07 - [MESSAGE][PASSED] - Browser is opened with url: 'https://www.saucedemo.com/'

2023-05-12 18:01:07 - [TEST_STEP][PASSED] - click(findTestObject("Object Repository/Page_Swag Labs/input_Swag Labs_user-name")): Object: 'Object Repository/Page_Swag Labs/input_Swag Labs_user-name' is clicked on

2023-05-12 18:01:07 - [MESSAGE][PASSED] - Object: 'Object Repository/Page_Swag Labs/input_Swag Labs_user-name' is clicked on

2023-05-12 18:01:07 - [TEST_STEP][PASSED] - sendKeys(findTestObject("Object Repository/Page_Swag Labs/input_Swag Labs_user-name"), "standard_user"): Keys 'standard_user' sent to object: 'Object Repository/Page_Swag Labs/input_Swag Labs_user-name'

2023-05-12 18:01:08 - [MESSAGE][PASSED] - Keys 'standard_user' sent to object: 'Object Repository/Page_Swag Labs/input_Swag Labs_user-name'

2023-05-12 18:01:08 - [TEST_STEP][PASSED] - click(findTestObject("Object Repository/Page_Swag Labs/input_Swag Labs_password")): Object: 'Object Repository/Page_Swag Labs/input_Swag Labs_password' is clicked on

2023-05-12 18:01:08 - [MESSAGE][PASSED] - Object: 'Object Repository/Page_Swag Labs/input_Swag Labs_password' is clicked on

2023-05-12 18:01:08 - [TEST_STEP][PASSED] - sendKeys(findTestObject("Object Repository/Page_Swag Labs/input_Swag Labs_password"), "secret_sauce"): Keys 'secret_sauce' sent to object: 'Object Repository/Page_Swag Labs/input_Swag Labs_password'

2023-05-12 18:01:08 - [MESSAGE][PASSED] - Keys 'secret_sauce' sent to object: 'Object Repository/Page_Swag Labs/input_Swag Labs_password'

2023-05-12 18:01:08 - [TEST_STEP][PASSED] - click(findTestObject("Object Repository/Page_Swag Labs/input_Swag Labs_login-button")): Object: 'Object Repository/Page_Swag Labs/input_Swag Labs_login-button' is clicked on

2023-05-12 18:01:09 - [MESSAGE][PASSED] - Object: 'Object Repository/Page_Swag Labs/input_Swag Labs_login-button' is clicked on

2023-05-12 18:01:09 - [TEST_STEP][PASSED] - click(findTestObject("Object Repository/inventoryPage/Backpack")): Object: 'Object Repository/inventoryPage/Backpack' is clicked on

2023-05-12 18:01:09 - [MESSAGE][PASSED] - Object: 'Object Repository/inventoryPage/Backpack' is clicked on

2023-05-12 18:01:09 - [TEST_STEP][PASSED] - click(findTestObject("Object Repository/inventoryPage/button_Add to cart")): Object: 'Object Repository/inventoryPage/button_Add to cart' is clicked on

2023-05-12 18:01:10 - [MESSAGE][PASSED] - Object: 'Object Repository/inventoryPage/button_Add to cart' is clicked on

2023-05-12 18:01:10 - [TEST_STEP][PASSED] - click(findTestObject("Object Repository/inventoryPage/products_back-image")): Object: 'Object Repository/inventoryPage/products_back-image' is clicked on

2023-05-12 18:01:10 - [MESSAGE][PASSED] - Object: 'Object Repository/inventoryPage/products_back-image' is clicked on

2023-05-12 18:01:10 - [TEST_STEP][PASSED] - click(findTestObject("Object Repository/inventoryPage/cart")): Object: 'Object Repository/inventoryPage/cart' is clicked on

2023-05-12 18:01:11 - [MESSAGE][PASSED] - Object: 'Object Repository/inventoryPage/cart' is clicked on

2023-05-12 18:01:11 - [TEST_STEP][PASSED] - click(findTestObject("Object Repository/CheckoutPage/button_Checkout")): Object: 'Object Repository/CheckoutPage/button_Checkout' is clicked on

2023-05-12 18:01:11 - [MESSAGE][PASSED] - Object: 'Object Repository/CheckoutPage/button_Checkout' is clicked on

2023-05-12 18:01:11 - [TEST_STEP][PASSED] - sendKeys(findTestObject("Object Repository/checkout-step-one/input_Checkout Your Information_firstName"), "demo"): Keys 'demo' sent to object: 'Object Repository/checkout-step-one/input_Checkout Your Information_firstName'

2023-05-12 18:01:12 - [MESSAGE][PASSED] - Keys 'demo' sent to object: 'Object Repository/checkout-step-one/input_Checkout Your Information_firstName'

2023-05-12 18:01:12 - [TEST_STEP][PASSED] - sendKeys(findTestObject("Object Repository/checkout-step-one/input_Checkout Your Information_lastName"), "qa test"): Keys 'qa test' sent to object: 'Object Repository/checkout-step-one/input_Checkout Your Information_lastName'

2023-05-12 18:01:12 - [MESSAGE][PASSED] - Keys 'qa test' sent to object: 'Object Repository/checkout-step-one/input_Checkout Your Information_lastName'

2023-05-12 18:01:12 - [TEST_STEP][PASSED] - sendKeys(findTestObject("Object Repository/checkout-step-one/input_Checkout Your Information_postalCode"), "9000"): Keys '9000' sent to object: 'Object Repository/checkout-step-one/input_Checkout Your Information_postalCode'

2023-05-12 18:01:13 - [MESSAGE][PASSED] - Keys '9000' sent to object: 'Object Repository/checkout-step-one/input_Checkout Your Information_postalCode'

2023-05-12 18:01:13 - [TEST_STEP][PASSED] - click(findTestObject("Object Repository/checkout-step-one/input_continue")): Object: 'Object Repository/checkout-step-one/input_continue' is clicked on

2023-05-12 18:01:14 - [MESSAGE][PASSED] - Object: 'Object Repository/checkout-step-one/input_continue' is clicked on

2023-05-12 18:01:14 - [TEST_STEP][PASSED] - click(findTestObject("Object Repository/finish checkout/button_Finish")): Object: 'Object Repository/finish checkout/button_Finish' is clicked on

2023-05-12 18:01:14 - [MESSAGE][PASSED] - Object: 'Object Repository/finish checkout/button_Finish' is clicked on

2023-05-12 18:01:14 - [TEST_STEP][PASSED] - verifyElementVisible(findTestObject("Object Repository/order-success/h2_Thank you for your order")): Object 'Object Repository/order-success/h2_Thank you for your order' is visible

2023-05-12 18:01:15 - [MESSAGE][PASSED] - Object 'Object Repository/order-success/h2_Thank you for your order' is visible

2023-05-12 18:01:15 - [TEST_STEP][PASSED] - click(findTestObject("Object Repository/NavSideBar/sidebar")): Object: 'Object Repository/NavSideBar/sidebar' is clicked on

2023-05-12 18:01:15 - [MESSAGE][PASSED] - Object: 'Object Repository/NavSideBar/sidebar' is clicked on

2023-05-12 18:01:15 - [TEST_STEP][PASSED] - click(findTestObject("Object Repository/NavSideBar/a_Logout")): Object: 'Object Repository/NavSideBar/a_Logout' is clicked on

2023-05-12 18:01:15 - [MESSAGE][PASSED] - Object: 'Object Repository/NavSideBar/a_Logout' is clicked on

2023-05-12 18:01:15 - [TEST_STEP][PASSED] - verifyElementVisible(findTestObject("Object Repository/Page_Swag Labs/input_Swag Labs_user-name")): Object 'Object Repository/Page_Swag Labs/input_Swag Labs_user-name' is visible

2023-05-12 18:01:16 - [MESSAGE][PASSED] - Object 'Object Repository/Page_Swag Labs/input_Swag Labs_user-name' is visible

2023-05-12 18:01:16 - [TEST_STEP][PASSED] - closeBrowser(): Browser is closed

2023-05-12 18:01:17 - [MESSAGE][PASSED] - Browser is closed]]></system-out>
         <system-err><![CDATA[]]></system-err>
      </testcase>
      <testcase name="Test Cases/test-flow-1-buy-1-product" time="11.77" classname="Test Cases/test-flow-1-buy-1-product" status="PASSED">
         <system-out><![CDATA[2023-05-12 18:01:17 - [TEST_CASE][PASSED] - Test Cases/test-flow-1-buy-1-product: Test Cases/test-flow-1-buy-1-product

2023-05-12 18:01:17 - [TEST_STEP][PASSED] - openBrowser("https://www.saucedemo.com/"): Browser is opened with url: 'https://www.saucedemo.com/'

2023-05-12 18:01:17 - [MESSAGE][INFO] - Starting 'Chrome' driver

2023-05-12 18:01:17 - [MESSAGE][INFO] - Action delay is set to 0 milliseconds

2023-05-12 18:01:19 - [MESSAGE][PASSED] - Browser is opened with url: 'https://www.saucedemo.com/'

2023-05-12 18:01:19 - [TEST_STEP][PASSED] - click(findTestObject("Object Repository/Page_Swag Labs/input_Swag Labs_user-name")): Object: 'Object Repository/Page_Swag Labs/input_Swag Labs_user-name' is clicked on

2023-05-12 18:01:19 - [MESSAGE][PASSED] - Object: 'Object Repository/Page_Swag Labs/input_Swag Labs_user-name' is clicked on

2023-05-12 18:01:19 - [TEST_STEP][PASSED] - sendKeys(findTestObject("Object Repository/Page_Swag Labs/input_Swag Labs_user-name"), "standard_user"): Keys 'standard_user' sent to object: 'Object Repository/Page_Swag Labs/input_Swag Labs_user-name'

2023-05-12 18:01:19 - [MESSAGE][PASSED] - Keys 'standard_user' sent to object: 'Object Repository/Page_Swag Labs/input_Swag Labs_user-name'

2023-05-12 18:01:19 - [TEST_STEP][PASSED] - click(findTestObject("Object Repository/Page_Swag Labs/input_Swag Labs_password")): Object: 'Object Repository/Page_Swag Labs/input_Swag Labs_password' is clicked on

2023-05-12 18:01:20 - [MESSAGE][PASSED] - Object: 'Object Repository/Page_Swag Labs/input_Swag Labs_password' is clicked on

2023-05-12 18:01:20 - [TEST_STEP][PASSED] - sendKeys(findTestObject("Object Repository/Page_Swag Labs/input_Swag Labs_password"), "secret_sauce"): Keys 'secret_sauce' sent to object: 'Object Repository/Page_Swag Labs/input_Swag Labs_password'

2023-05-12 18:01:20 - [MESSAGE][PASSED] - Keys 'secret_sauce' sent to object: 'Object Repository/Page_Swag Labs/input_Swag Labs_password'

2023-05-12 18:01:20 - [TEST_STEP][PASSED] - click(findTestObject("Object Repository/Page_Swag Labs/input_Swag Labs_login-button")): Object: 'Object Repository/Page_Swag Labs/input_Swag Labs_login-button' is clicked on

2023-05-12 18:01:20 - [MESSAGE][PASSED] - Object: 'Object Repository/Page_Swag Labs/input_Swag Labs_login-button' is clicked on

2023-05-12 18:01:20 - [TEST_STEP][PASSED] - click(findTestObject("Object Repository/inventoryPage/Backpack")): Object: 'Object Repository/inventoryPage/Backpack' is clicked on

2023-05-12 18:01:21 - [MESSAGE][PASSED] - Object: 'Object Repository/inventoryPage/Backpack' is clicked on

2023-05-12 18:01:21 - [TEST_STEP][PASSED] - click(findTestObject("Object Repository/inventoryPage/button_Add to cart")): Object: 'Object Repository/inventoryPage/button_Add to cart' is clicked on

2023-05-12 18:01:21 - [MESSAGE][PASSED] - Object: 'Object Repository/inventoryPage/button_Add to cart' is clicked on

2023-05-12 18:01:21 - [TEST_STEP][PASSED] - click(findTestObject("Object Repository/inventoryPage/products_back-image")): Object: 'Object Repository/inventoryPage/products_back-image' is clicked on

2023-05-12 18:01:22 - [MESSAGE][PASSED] - Object: 'Object Repository/inventoryPage/products_back-image' is clicked on

2023-05-12 18:01:22 - [TEST_STEP][PASSED] - click(findTestObject("Object Repository/inventoryPage/cart")): Object: 'Object Repository/inventoryPage/cart' is clicked on

2023-05-12 18:01:22 - [MESSAGE][PASSED] - Object: 'Object Repository/inventoryPage/cart' is clicked on

2023-05-12 18:01:22 - [TEST_STEP][PASSED] - click(findTestObject("Object Repository/CheckoutPage/button_Checkout")): Object: 'Object Repository/CheckoutPage/button_Checkout' is clicked on

2023-05-12 18:01:23 - [MESSAGE][PASSED] - Object: 'Object Repository/CheckoutPage/button_Checkout' is clicked on

2023-05-12 18:01:23 - [TEST_STEP][PASSED] - sendKeys(findTestObject("Object Repository/checkout-step-one/input_Checkout Your Information_firstName"), "demo"): Keys 'demo' sent to object: 'Object Repository/checkout-step-one/input_Checkout Your Information_firstName'

2023-05-12 18:01:24 - [MESSAGE][PASSED] - Keys 'demo' sent to object: 'Object Repository/checkout-step-one/input_Checkout Your Information_firstName'

2023-05-12 18:01:24 - [TEST_STEP][PASSED] - sendKeys(findTestObject("Object Repository/checkout-step-one/input_Checkout Your Information_lastName"), "qa test"): Keys 'qa test' sent to object: 'Object Repository/checkout-step-one/input_Checkout Your Information_lastName'

2023-05-12 18:01:24 - [MESSAGE][PASSED] - Keys 'qa test' sent to object: 'Object Repository/checkout-step-one/input_Checkout Your Information_lastName'

2023-05-12 18:01:24 - [TEST_STEP][PASSED] - sendKeys(findTestObject("Object Repository/checkout-step-one/input_Checkout Your Information_postalCode"), "9000"): Keys '9000' sent to object: 'Object Repository/checkout-step-one/input_Checkout Your Information_postalCode'

2023-05-12 18:01:25 - [MESSAGE][PASSED] - Keys '9000' sent to object: 'Object Repository/checkout-step-one/input_Checkout Your Information_postalCode'

2023-05-12 18:01:25 - [TEST_STEP][PASSED] - click(findTestObject("Object Repository/checkout-step-one/input_continue")): Object: 'Object Repository/checkout-step-one/input_continue' is clicked on

2023-05-12 18:01:25 - [MESSAGE][PASSED] - Object: 'Object Repository/checkout-step-one/input_continue' is clicked on

2023-05-12 18:01:25 - [TEST_STEP][PASSED] - click(findTestObject("Object Repository/finish checkout/button_Finish")): Object: 'Object Repository/finish checkout/button_Finish' is clicked on

2023-05-12 18:01:26 - [MESSAGE][PASSED] - Object: 'Object Repository/finish checkout/button_Finish' is clicked on

2023-05-12 18:01:26 - [TEST_STEP][PASSED] - verifyElementVisible(findTestObject("Object Repository/order-success/h2_Thank you for your order")): Object 'Object Repository/order-success/h2_Thank you for your order' is visible

2023-05-12 18:01:26 - [MESSAGE][PASSED] - Object 'Object Repository/order-success/h2_Thank you for your order' is visible

2023-05-12 18:01:26 - [TEST_STEP][PASSED] - click(findTestObject("Object Repository/NavSideBar/sidebar")): Object: 'Object Repository/NavSideBar/sidebar' is clicked on

2023-05-12 18:01:27 - [MESSAGE][PASSED] - Object: 'Object Repository/NavSideBar/sidebar' is clicked on

2023-05-12 18:01:27 - [TEST_STEP][PASSED] - click(findTestObject("Object Repository/NavSideBar/a_Logout")): Object: 'Object Repository/NavSideBar/a_Logout' is clicked on

2023-05-12 18:01:27 - [MESSAGE][PASSED] - Object: 'Object Repository/NavSideBar/a_Logout' is clicked on

2023-05-12 18:01:27 - [TEST_STEP][PASSED] - verifyElementVisible(findTestObject("Object Repository/Page_Swag Labs/input_Swag Labs_user-name")): Object 'Object Repository/Page_Swag Labs/input_Swag Labs_user-name' is visible

2023-05-12 18:01:28 - [MESSAGE][PASSED] - Object 'Object Repository/Page_Swag Labs/input_Swag Labs_user-name' is visible

2023-05-12 18:01:28 - [TEST_STEP][PASSED] - closeBrowser(): Browser is closed

2023-05-12 18:01:28 - [MESSAGE][PASSED] - Browser is closed]]></system-out>
         <system-err><![CDATA[]]></system-err>
      </testcase>
      <testcase name="Test Cases/test-flow-1-buy-1-product" time="11.751" classname="Test Cases/test-flow-1-buy-1-product" status="PASSED">
         <system-out><![CDATA[2023-05-12 18:01:28 - [TEST_CASE][PASSED] - Test Cases/test-flow-1-buy-1-product: Test Cases/test-flow-1-buy-1-product

2023-05-12 18:01:28 - [TEST_STEP][PASSED] - openBrowser("https://www.saucedemo.com/"): Browser is opened with url: 'https://www.saucedemo.com/'

2023-05-12 18:01:29 - [MESSAGE][INFO] - Starting 'Chrome' driver

2023-05-12 18:01:29 - [MESSAGE][INFO] - Action delay is set to 0 milliseconds

2023-05-12 18:01:30 - [MESSAGE][PASSED] - Browser is opened with url: 'https://www.saucedemo.com/'

2023-05-12 18:01:30 - [TEST_STEP][PASSED] - click(findTestObject("Object Repository/Page_Swag Labs/input_Swag Labs_user-name")): Object: 'Object Repository/Page_Swag Labs/input_Swag Labs_user-name' is clicked on

2023-05-12 18:01:31 - [MESSAGE][PASSED] - Object: 'Object Repository/Page_Swag Labs/input_Swag Labs_user-name' is clicked on

2023-05-12 18:01:31 - [TEST_STEP][PASSED] - sendKeys(findTestObject("Object Repository/Page_Swag Labs/input_Swag Labs_user-name"), "standard_user"): Keys 'standard_user' sent to object: 'Object Repository/Page_Swag Labs/input_Swag Labs_user-name'

2023-05-12 18:01:31 - [MESSAGE][PASSED] - Keys 'standard_user' sent to object: 'Object Repository/Page_Swag Labs/input_Swag Labs_user-name'

2023-05-12 18:01:31 - [TEST_STEP][PASSED] - click(findTestObject("Object Repository/Page_Swag Labs/input_Swag Labs_password")): Object: 'Object Repository/Page_Swag Labs/input_Swag Labs_password' is clicked on

2023-05-12 18:01:31 - [MESSAGE][PASSED] - Object: 'Object Repository/Page_Swag Labs/input_Swag Labs_password' is clicked on

2023-05-12 18:01:31 - [TEST_STEP][PASSED] - sendKeys(findTestObject("Object Repository/Page_Swag Labs/input_Swag Labs_password"), "secret_sauce"): Keys 'secret_sauce' sent to object: 'Object Repository/Page_Swag Labs/input_Swag Labs_password'

2023-05-12 18:01:32 - [MESSAGE][PASSED] - Keys 'secret_sauce' sent to object: 'Object Repository/Page_Swag Labs/input_Swag Labs_password'

2023-05-12 18:01:32 - [TEST_STEP][PASSED] - click(findTestObject("Object Repository/Page_Swag Labs/input_Swag Labs_login-button")): Object: 'Object Repository/Page_Swag Labs/input_Swag Labs_login-button' is clicked on

2023-05-12 18:01:32 - [MESSAGE][PASSED] - Object: 'Object Repository/Page_Swag Labs/input_Swag Labs_login-button' is clicked on

2023-05-12 18:01:32 - [TEST_STEP][PASSED] - click(findTestObject("Object Repository/inventoryPage/Backpack")): Object: 'Object Repository/inventoryPage/Backpack' is clicked on

2023-05-12 18:01:33 - [MESSAGE][PASSED] - Object: 'Object Repository/inventoryPage/Backpack' is clicked on

2023-05-12 18:01:33 - [TEST_STEP][PASSED] - click(findTestObject("Object Repository/inventoryPage/button_Add to cart")): Object: 'Object Repository/inventoryPage/button_Add to cart' is clicked on

2023-05-12 18:01:33 - [MESSAGE][PASSED] - Object: 'Object Repository/inventoryPage/button_Add to cart' is clicked on

2023-05-12 18:01:33 - [TEST_STEP][PASSED] - click(findTestObject("Object Repository/inventoryPage/products_back-image")): Object: 'Object Repository/inventoryPage/products_back-image' is clicked on

2023-05-12 18:01:34 - [MESSAGE][PASSED] - Object: 'Object Repository/inventoryPage/products_back-image' is clicked on

2023-05-12 18:01:34 - [TEST_STEP][PASSED] - click(findTestObject("Object Repository/inventoryPage/cart")): Object: 'Object Repository/inventoryPage/cart' is clicked on

2023-05-12 18:01:34 - [MESSAGE][PASSED] - Object: 'Object Repository/inventoryPage/cart' is clicked on

2023-05-12 18:01:34 - [TEST_STEP][PASSED] - click(findTestObject("Object Repository/CheckoutPage/button_Checkout")): Object: 'Object Repository/CheckoutPage/button_Checkout' is clicked on

2023-05-12 18:01:35 - [MESSAGE][PASSED] - Object: 'Object Repository/CheckoutPage/button_Checkout' is clicked on

2023-05-12 18:01:35 - [TEST_STEP][PASSED] - sendKeys(findTestObject("Object Repository/checkout-step-one/input_Checkout Your Information_firstName"), "demo"): Keys 'demo' sent to object: 'Object Repository/checkout-step-one/input_Checkout Your Information_firstName'

2023-05-12 18:01:35 - [MESSAGE][PASSED] - Keys 'demo' sent to object: 'Object Repository/checkout-step-one/input_Checkout Your Information_firstName'

2023-05-12 18:01:35 - [TEST_STEP][PASSED] - sendKeys(findTestObject("Object Repository/checkout-step-one/input_Checkout Your Information_lastName"), "qa test"): Keys 'qa test' sent to object: 'Object Repository/checkout-step-one/input_Checkout Your Information_lastName'

2023-05-12 18:01:36 - [MESSAGE][PASSED] - Keys 'qa test' sent to object: 'Object Repository/checkout-step-one/input_Checkout Your Information_lastName'

2023-05-12 18:01:36 - [TEST_STEP][PASSED] - sendKeys(findTestObject("Object Repository/checkout-step-one/input_Checkout Your Information_postalCode"), "9000"): Keys '9000' sent to object: 'Object Repository/checkout-step-one/input_Checkout Your Information_postalCode'

2023-05-12 18:01:36 - [MESSAGE][PASSED] - Keys '9000' sent to object: 'Object Repository/checkout-step-one/input_Checkout Your Information_postalCode'

2023-05-12 18:01:36 - [TEST_STEP][PASSED] - click(findTestObject("Object Repository/checkout-step-one/input_continue")): Object: 'Object Repository/checkout-step-one/input_continue' is clicked on

2023-05-12 18:01:37 - [MESSAGE][PASSED] - Object: 'Object Repository/checkout-step-one/input_continue' is clicked on

2023-05-12 18:01:37 - [TEST_STEP][PASSED] - click(findTestObject("Object Repository/finish checkout/button_Finish")): Object: 'Object Repository/finish checkout/button_Finish' is clicked on

2023-05-12 18:01:38 - [MESSAGE][PASSED] - Object: 'Object Repository/finish checkout/button_Finish' is clicked on

2023-05-12 18:01:38 - [TEST_STEP][PASSED] - verifyElementVisible(findTestObject("Object Repository/order-success/h2_Thank you for your order")): Object 'Object Repository/order-success/h2_Thank you for your order' is visible

2023-05-12 18:01:38 - [MESSAGE][PASSED] - Object 'Object Repository/order-success/h2_Thank you for your order' is visible

2023-05-12 18:01:38 - [TEST_STEP][PASSED] - click(findTestObject("Object Repository/NavSideBar/sidebar")): Object: 'Object Repository/NavSideBar/sidebar' is clicked on

2023-05-12 18:01:38 - [MESSAGE][PASSED] - Object: 'Object Repository/NavSideBar/sidebar' is clicked on

2023-05-12 18:01:38 - [TEST_STEP][PASSED] - click(findTestObject("Object Repository/NavSideBar/a_Logout")): Object: 'Object Repository/NavSideBar/a_Logout' is clicked on

2023-05-12 18:01:39 - [MESSAGE][PASSED] - Object: 'Object Repository/NavSideBar/a_Logout' is clicked on

2023-05-12 18:01:39 - [TEST_STEP][PASSED] - verifyElementVisible(findTestObject("Object Repository/Page_Swag Labs/input_Swag Labs_user-name")): Object 'Object Repository/Page_Swag Labs/input_Swag Labs_user-name' is visible

2023-05-12 18:01:40 - [MESSAGE][PASSED] - Object 'Object Repository/Page_Swag Labs/input_Swag Labs_user-name' is visible

2023-05-12 18:01:40 - [TEST_STEP][PASSED] - closeBrowser(): Browser is closed

2023-05-12 18:01:40 - [MESSAGE][PASSED] - Browser is closed]]></system-out>
         <system-err><![CDATA[]]></system-err>
      </testcase>
      <testcase name="Test Cases/test-flow-1-buy-1-product" time="11.638" classname="Test Cases/test-flow-1-buy-1-product" status="PASSED">
         <system-out><![CDATA[2023-05-12 18:01:40 - [TEST_CASE][PASSED] - Test Cases/test-flow-1-buy-1-product: Test Cases/test-flow-1-buy-1-product

2023-05-12 18:01:40 - [TEST_STEP][PASSED] - openBrowser("https://www.saucedemo.com/"): Browser is opened with url: 'https://www.saucedemo.com/'

2023-05-12 18:01:40 - [MESSAGE][INFO] - Starting 'Chrome' driver

2023-05-12 18:01:40 - [MESSAGE][INFO] - Action delay is set to 0 milliseconds

2023-05-12 18:01:42 - [MESSAGE][PASSED] - Browser is opened with url: 'https://www.saucedemo.com/'

2023-05-12 18:01:42 - [TEST_STEP][PASSED] - click(findTestObject("Object Repository/Page_Swag Labs/input_Swag Labs_user-name")): Object: 'Object Repository/Page_Swag Labs/input_Swag Labs_user-name' is clicked on

2023-05-12 18:01:43 - [MESSAGE][PASSED] - Object: 'Object Repository/Page_Swag Labs/input_Swag Labs_user-name' is clicked on

2023-05-12 18:01:43 - [TEST_STEP][PASSED] - sendKeys(findTestObject("Object Repository/Page_Swag Labs/input_Swag Labs_user-name"), "standard_user"): Keys 'standard_user' sent to object: 'Object Repository/Page_Swag Labs/input_Swag Labs_user-name'

2023-05-12 18:01:43 - [MESSAGE][PASSED] - Keys 'standard_user' sent to object: 'Object Repository/Page_Swag Labs/input_Swag Labs_user-name'

2023-05-12 18:01:43 - [TEST_STEP][PASSED] - click(findTestObject("Object Repository/Page_Swag Labs/input_Swag Labs_password")): Object: 'Object Repository/Page_Swag Labs/input_Swag Labs_password' is clicked on

2023-05-12 18:01:43 - [MESSAGE][PASSED] - Object: 'Object Repository/Page_Swag Labs/input_Swag Labs_password' is clicked on

2023-05-12 18:01:43 - [TEST_STEP][PASSED] - sendKeys(findTestObject("Object Repository/Page_Swag Labs/input_Swag Labs_password"), "secret_sauce"): Keys 'secret_sauce' sent to object: 'Object Repository/Page_Swag Labs/input_Swag Labs_password'

2023-05-12 18:01:44 - [MESSAGE][PASSED] - Keys 'secret_sauce' sent to object: 'Object Repository/Page_Swag Labs/input_Swag Labs_password'

2023-05-12 18:01:44 - [TEST_STEP][PASSED] - click(findTestObject("Object Repository/Page_Swag Labs/input_Swag Labs_login-button")): Object: 'Object Repository/Page_Swag Labs/input_Swag Labs_login-button' is clicked on

2023-05-12 18:01:44 - [MESSAGE][PASSED] - Object: 'Object Repository/Page_Swag Labs/input_Swag Labs_login-button' is clicked on

2023-05-12 18:01:44 - [TEST_STEP][PASSED] - click(findTestObject("Object Repository/inventoryPage/Backpack")): Object: 'Object Repository/inventoryPage/Backpack' is clicked on

2023-05-12 18:01:44 - [MESSAGE][PASSED] - Object: 'Object Repository/inventoryPage/Backpack' is clicked on

2023-05-12 18:01:44 - [TEST_STEP][PASSED] - click(findTestObject("Object Repository/inventoryPage/button_Add to cart")): Object: 'Object Repository/inventoryPage/button_Add to cart' is clicked on

2023-05-12 18:01:45 - [MESSAGE][PASSED] - Object: 'Object Repository/inventoryPage/button_Add to cart' is clicked on

2023-05-12 18:01:45 - [TEST_STEP][PASSED] - click(findTestObject("Object Repository/inventoryPage/products_back-image")): Object: 'Object Repository/inventoryPage/products_back-image' is clicked on

2023-05-12 18:01:45 - [MESSAGE][PASSED] - Object: 'Object Repository/inventoryPage/products_back-image' is clicked on

2023-05-12 18:01:45 - [TEST_STEP][PASSED] - click(findTestObject("Object Repository/inventoryPage/cart")): Object: 'Object Repository/inventoryPage/cart' is clicked on

2023-05-12 18:01:46 - [MESSAGE][PASSED] - Object: 'Object Repository/inventoryPage/cart' is clicked on

2023-05-12 18:01:46 - [TEST_STEP][PASSED] - click(findTestObject("Object Repository/CheckoutPage/button_Checkout")): Object: 'Object Repository/CheckoutPage/button_Checkout' is clicked on

2023-05-12 18:01:46 - [MESSAGE][PASSED] - Object: 'Object Repository/CheckoutPage/button_Checkout' is clicked on

2023-05-12 18:01:46 - [TEST_STEP][PASSED] - sendKeys(findTestObject("Object Repository/checkout-step-one/input_Checkout Your Information_firstName"), "demo"): Keys 'demo' sent to object: 'Object Repository/checkout-step-one/input_Checkout Your Information_firstName'

2023-05-12 18:01:47 - [MESSAGE][PASSED] - Keys 'demo' sent to object: 'Object Repository/checkout-step-one/input_Checkout Your Information_firstName'

2023-05-12 18:01:47 - [TEST_STEP][PASSED] - sendKeys(findTestObject("Object Repository/checkout-step-one/input_Checkout Your Information_lastName"), "qa test"): Keys 'qa test' sent to object: 'Object Repository/checkout-step-one/input_Checkout Your Information_lastName'

2023-05-12 18:01:47 - [MESSAGE][PASSED] - Keys 'qa test' sent to object: 'Object Repository/checkout-step-one/input_Checkout Your Information_lastName'

2023-05-12 18:01:47 - [TEST_STEP][PASSED] - sendKeys(findTestObject("Object Repository/checkout-step-one/input_Checkout Your Information_postalCode"), "9000"): Keys '9000' sent to object: 'Object Repository/checkout-step-one/input_Checkout Your Information_postalCode'

2023-05-12 18:01:48 - [MESSAGE][PASSED] - Keys '9000' sent to object: 'Object Repository/checkout-step-one/input_Checkout Your Information_postalCode'

2023-05-12 18:01:48 - [TEST_STEP][PASSED] - click(findTestObject("Object Repository/checkout-step-one/input_continue")): Object: 'Object Repository/checkout-step-one/input_continue' is clicked on

2023-05-12 18:01:49 - [MESSAGE][PASSED] - Object: 'Object Repository/checkout-step-one/input_continue' is clicked on

2023-05-12 18:01:49 - [TEST_STEP][PASSED] - click(findTestObject("Object Repository/finish checkout/button_Finish")): Object: 'Object Repository/finish checkout/button_Finish' is clicked on

2023-05-12 18:01:49 - [MESSAGE][PASSED] - Object: 'Object Repository/finish checkout/button_Finish' is clicked on

2023-05-12 18:01:49 - [TEST_STEP][PASSED] - verifyElementVisible(findTestObject("Object Repository/order-success/h2_Thank you for your order")): Object 'Object Repository/order-success/h2_Thank you for your order' is visible

2023-05-12 18:01:50 - [MESSAGE][PASSED] - Object 'Object Repository/order-success/h2_Thank you for your order' is visible

2023-05-12 18:01:50 - [TEST_STEP][PASSED] - click(findTestObject("Object Repository/NavSideBar/sidebar")): Object: 'Object Repository/NavSideBar/sidebar' is clicked on

2023-05-12 18:01:50 - [MESSAGE][PASSED] - Object: 'Object Repository/NavSideBar/sidebar' is clicked on

2023-05-12 18:01:50 - [TEST_STEP][PASSED] - click(findTestObject("Object Repository/NavSideBar/a_Logout")): Object: 'Object Repository/NavSideBar/a_Logout' is clicked on

2023-05-12 18:01:51 - [MESSAGE][PASSED] - Object: 'Object Repository/NavSideBar/a_Logout' is clicked on

2023-05-12 18:01:51 - [TEST_STEP][PASSED] - verifyElementVisible(findTestObject("Object Repository/Page_Swag Labs/input_Swag Labs_user-name")): Object 'Object Repository/Page_Swag Labs/input_Swag Labs_user-name' is visible

2023-05-12 18:01:51 - [MESSAGE][PASSED] - Object 'Object Repository/Page_Swag Labs/input_Swag Labs_user-name' is visible

2023-05-12 18:01:51 - [TEST_STEP][PASSED] - closeBrowser(): Browser is closed

2023-05-12 18:01:52 - [MESSAGE][PASSED] - Browser is closed]]></system-out>
         <system-err><![CDATA[]]></system-err>
      </testcase>
      <testcase name="Test Cases/test-flow-1-buy-1-product" time="11.846" classname="Test Cases/test-flow-1-buy-1-product" status="PASSED">
         <system-out><![CDATA[2023-05-12 18:01:52 - [TEST_CASE][PASSED] - Test Cases/test-flow-1-buy-1-product: Test Cases/test-flow-1-buy-1-product

2023-05-12 18:01:52 - [TEST_STEP][PASSED] - openBrowser("https://www.saucedemo.com/"): Browser is opened with url: 'https://www.saucedemo.com/'

2023-05-12 18:01:52 - [MESSAGE][INFO] - Starting 'Chrome' driver

2023-05-12 18:01:52 - [MESSAGE][INFO] - Action delay is set to 0 milliseconds

2023-05-12 18:01:54 - [MESSAGE][PASSED] - Browser is opened with url: 'https://www.saucedemo.com/'

2023-05-12 18:01:54 - [TEST_STEP][PASSED] - click(findTestObject("Object Repository/Page_Swag Labs/input_Swag Labs_user-name")): Object: 'Object Repository/Page_Swag Labs/input_Swag Labs_user-name' is clicked on

2023-05-12 18:01:54 - [MESSAGE][PASSED] - Object: 'Object Repository/Page_Swag Labs/input_Swag Labs_user-name' is clicked on

2023-05-12 18:01:54 - [TEST_STEP][PASSED] - sendKeys(findTestObject("Object Repository/Page_Swag Labs/input_Swag Labs_user-name"), "standard_user"): Keys 'standard_user' sent to object: 'Object Repository/Page_Swag Labs/input_Swag Labs_user-name'

2023-05-12 18:01:55 - [MESSAGE][PASSED] - Keys 'standard_user' sent to object: 'Object Repository/Page_Swag Labs/input_Swag Labs_user-name'

2023-05-12 18:01:55 - [TEST_STEP][PASSED] - click(findTestObject("Object Repository/Page_Swag Labs/input_Swag Labs_password")): Object: 'Object Repository/Page_Swag Labs/input_Swag Labs_password' is clicked on

2023-05-12 18:01:55 - [MESSAGE][PASSED] - Object: 'Object Repository/Page_Swag Labs/input_Swag Labs_password' is clicked on

2023-05-12 18:01:55 - [TEST_STEP][PASSED] - sendKeys(findTestObject("Object Repository/Page_Swag Labs/input_Swag Labs_password"), "secret_sauce"): Keys 'secret_sauce' sent to object: 'Object Repository/Page_Swag Labs/input_Swag Labs_password'

2023-05-12 18:01:55 - [MESSAGE][PASSED] - Keys 'secret_sauce' sent to object: 'Object Repository/Page_Swag Labs/input_Swag Labs_password'

2023-05-12 18:01:55 - [TEST_STEP][PASSED] - click(findTestObject("Object Repository/Page_Swag Labs/input_Swag Labs_login-button")): Object: 'Object Repository/Page_Swag Labs/input_Swag Labs_login-button' is clicked on

2023-05-12 18:01:56 - [MESSAGE][PASSED] - Object: 'Object Repository/Page_Swag Labs/input_Swag Labs_login-button' is clicked on

2023-05-12 18:01:56 - [TEST_STEP][PASSED] - click(findTestObject("Object Repository/inventoryPage/Backpack")): Object: 'Object Repository/inventoryPage/Backpack' is clicked on

2023-05-12 18:01:56 - [MESSAGE][PASSED] - Object: 'Object Repository/inventoryPage/Backpack' is clicked on

2023-05-12 18:01:56 - [TEST_STEP][PASSED] - click(findTestObject("Object Repository/inventoryPage/button_Add to cart")): Object: 'Object Repository/inventoryPage/button_Add to cart' is clicked on

2023-05-12 18:01:57 - [MESSAGE][PASSED] - Object: 'Object Repository/inventoryPage/button_Add to cart' is clicked on

2023-05-12 18:01:57 - [TEST_STEP][PASSED] - click(findTestObject("Object Repository/inventoryPage/products_back-image")): Object: 'Object Repository/inventoryPage/products_back-image' is clicked on

2023-05-12 18:01:57 - [MESSAGE][PASSED] - Object: 'Object Repository/inventoryPage/products_back-image' is clicked on

2023-05-12 18:01:57 - [TEST_STEP][PASSED] - click(findTestObject("Object Repository/inventoryPage/cart")): Object: 'Object Repository/inventoryPage/cart' is clicked on

2023-05-12 18:01:58 - [MESSAGE][PASSED] - Object: 'Object Repository/inventoryPage/cart' is clicked on

2023-05-12 18:01:58 - [TEST_STEP][PASSED] - click(findTestObject("Object Repository/CheckoutPage/button_Checkout")): Object: 'Object Repository/CheckoutPage/button_Checkout' is clicked on

2023-05-12 18:01:58 - [MESSAGE][PASSED] - Object: 'Object Repository/CheckoutPage/button_Checkout' is clicked on

2023-05-12 18:01:58 - [TEST_STEP][PASSED] - sendKeys(findTestObject("Object Repository/checkout-step-one/input_Checkout Your Information_firstName"), "demo"): Keys 'demo' sent to object: 'Object Repository/checkout-step-one/input_Checkout Your Information_firstName'

2023-05-12 18:01:59 - [MESSAGE][PASSED] - Keys 'demo' sent to object: 'Object Repository/checkout-step-one/input_Checkout Your Information_firstName'

2023-05-12 18:01:59 - [TEST_STEP][PASSED] - sendKeys(findTestObject("Object Repository/checkout-step-one/input_Checkout Your Information_lastName"), "qa test"): Keys 'qa test' sent to object: 'Object Repository/checkout-step-one/input_Checkout Your Information_lastName'

2023-05-12 18:01:59 - [MESSAGE][PASSED] - Keys 'qa test' sent to object: 'Object Repository/checkout-step-one/input_Checkout Your Information_lastName'

2023-05-12 18:01:59 - [TEST_STEP][PASSED] - sendKeys(findTestObject("Object Repository/checkout-step-one/input_Checkout Your Information_postalCode"), "9000"): Keys '9000' sent to object: 'Object Repository/checkout-step-one/input_Checkout Your Information_postalCode'

2023-05-12 18:02:00 - [MESSAGE][PASSED] - Keys '9000' sent to object: 'Object Repository/checkout-step-one/input_Checkout Your Information_postalCode'

2023-05-12 18:02:00 - [TEST_STEP][PASSED] - click(findTestObject("Object Repository/checkout-step-one/input_continue")): Object: 'Object Repository/checkout-step-one/input_continue' is clicked on

2023-05-12 18:02:01 - [MESSAGE][PASSED] - Object: 'Object Repository/checkout-step-one/input_continue' is clicked on

2023-05-12 18:02:01 - [TEST_STEP][PASSED] - click(findTestObject("Object Repository/finish checkout/button_Finish")): Object: 'Object Repository/finish checkout/button_Finish' is clicked on

2023-05-12 18:02:01 - [MESSAGE][PASSED] - Object: 'Object Repository/finish checkout/button_Finish' is clicked on

2023-05-12 18:02:01 - [TEST_STEP][PASSED] - verifyElementVisible(findTestObject("Object Repository/order-success/h2_Thank you for your order")): Object 'Object Repository/order-success/h2_Thank you for your order' is visible

2023-05-12 18:02:02 - [MESSAGE][PASSED] - Object 'Object Repository/order-success/h2_Thank you for your order' is visible

2023-05-12 18:02:02 - [TEST_STEP][PASSED] - click(findTestObject("Object Repository/NavSideBar/sidebar")): Object: 'Object Repository/NavSideBar/sidebar' is clicked on

2023-05-12 18:02:02 - [MESSAGE][PASSED] - Object: 'Object Repository/NavSideBar/sidebar' is clicked on

2023-05-12 18:02:02 - [TEST_STEP][PASSED] - click(findTestObject("Object Repository/NavSideBar/a_Logout")): Object: 'Object Repository/NavSideBar/a_Logout' is clicked on

2023-05-12 18:02:03 - [MESSAGE][PASSED] - Object: 'Object Repository/NavSideBar/a_Logout' is clicked on

2023-05-12 18:02:03 - [TEST_STEP][PASSED] - verifyElementVisible(findTestObject("Object Repository/Page_Swag Labs/input_Swag Labs_user-name")): Object 'Object Repository/Page_Swag Labs/input_Swag Labs_user-name' is visible

2023-05-12 18:02:03 - [MESSAGE][PASSED] - Object 'Object Repository/Page_Swag Labs/input_Swag Labs_user-name' is visible

2023-05-12 18:02:03 - [TEST_STEP][PASSED] - closeBrowser(): Browser is closed

2023-05-12 18:02:04 - [MESSAGE][PASSED] - Browser is closed]]></system-out>
         <system-err><![CDATA[]]></system-err>
      </testcase>
      <testcase name="Test Cases/test-flow-1-buy-1-product" time="11.642" classname="Test Cases/test-flow-1-buy-1-product" status="PASSED">
         <system-out><![CDATA[2023-05-12 18:02:04 - [TEST_CASE][PASSED] - Test Cases/test-flow-1-buy-1-product: Test Cases/test-flow-1-buy-1-product

2023-05-12 18:02:04 - [TEST_STEP][PASSED] - openBrowser("https://www.saucedemo.com/"): Browser is opened with url: 'https://www.saucedemo.com/'

2023-05-12 18:02:04 - [MESSAGE][INFO] - Starting 'Chrome' driver

2023-05-12 18:02:04 - [MESSAGE][INFO] - Action delay is set to 0 milliseconds

2023-05-12 18:02:06 - [MESSAGE][PASSED] - Browser is opened with url: 'https://www.saucedemo.com/'

2023-05-12 18:02:06 - [TEST_STEP][PASSED] - click(findTestObject("Object Repository/Page_Swag Labs/input_Swag Labs_user-name")): Object: 'Object Repository/Page_Swag Labs/input_Swag Labs_user-name' is clicked on

2023-05-12 18:02:06 - [MESSAGE][PASSED] - Object: 'Object Repository/Page_Swag Labs/input_Swag Labs_user-name' is clicked on

2023-05-12 18:02:06 - [TEST_STEP][PASSED] - sendKeys(findTestObject("Object Repository/Page_Swag Labs/input_Swag Labs_user-name"), "standard_user"): Keys 'standard_user' sent to object: 'Object Repository/Page_Swag Labs/input_Swag Labs_user-name'

2023-05-12 18:02:06 - [MESSAGE][PASSED] - Keys 'standard_user' sent to object: 'Object Repository/Page_Swag Labs/input_Swag Labs_user-name'

2023-05-12 18:02:06 - [TEST_STEP][PASSED] - click(findTestObject("Object Repository/Page_Swag Labs/input_Swag Labs_password")): Object: 'Object Repository/Page_Swag Labs/input_Swag Labs_password' is clicked on

2023-05-12 18:02:07 - [MESSAGE][PASSED] - Object: 'Object Repository/Page_Swag Labs/input_Swag Labs_password' is clicked on

2023-05-12 18:02:07 - [TEST_STEP][PASSED] - sendKeys(findTestObject("Object Repository/Page_Swag Labs/input_Swag Labs_password"), "secret_sauce"): Keys 'secret_sauce' sent to object: 'Object Repository/Page_Swag Labs/input_Swag Labs_password'

2023-05-12 18:02:07 - [MESSAGE][PASSED] - Keys 'secret_sauce' sent to object: 'Object Repository/Page_Swag Labs/input_Swag Labs_password'

2023-05-12 18:02:07 - [TEST_STEP][PASSED] - click(findTestObject("Object Repository/Page_Swag Labs/input_Swag Labs_login-button")): Object: 'Object Repository/Page_Swag Labs/input_Swag Labs_login-button' is clicked on

2023-05-12 18:02:07 - [MESSAGE][PASSED] - Object: 'Object Repository/Page_Swag Labs/input_Swag Labs_login-button' is clicked on

2023-05-12 18:02:07 - [TEST_STEP][PASSED] - click(findTestObject("Object Repository/inventoryPage/Backpack")): Object: 'Object Repository/inventoryPage/Backpack' is clicked on

2023-05-12 18:02:08 - [MESSAGE][PASSED] - Object: 'Object Repository/inventoryPage/Backpack' is clicked on

2023-05-12 18:02:08 - [TEST_STEP][PASSED] - click(findTestObject("Object Repository/inventoryPage/button_Add to cart")): Object: 'Object Repository/inventoryPage/button_Add to cart' is clicked on

2023-05-12 18:02:08 - [MESSAGE][PASSED] - Object: 'Object Repository/inventoryPage/button_Add to cart' is clicked on

2023-05-12 18:02:08 - [TEST_STEP][PASSED] - click(findTestObject("Object Repository/inventoryPage/products_back-image")): Object: 'Object Repository/inventoryPage/products_back-image' is clicked on

2023-05-12 18:02:09 - [MESSAGE][PASSED] - Object: 'Object Repository/inventoryPage/products_back-image' is clicked on

2023-05-12 18:02:09 - [TEST_STEP][PASSED] - click(findTestObject("Object Repository/inventoryPage/cart")): Object: 'Object Repository/inventoryPage/cart' is clicked on

2023-05-12 18:02:09 - [MESSAGE][PASSED] - Object: 'Object Repository/inventoryPage/cart' is clicked on

2023-05-12 18:02:09 - [TEST_STEP][PASSED] - click(findTestObject("Object Repository/CheckoutPage/button_Checkout")): Object: 'Object Repository/CheckoutPage/button_Checkout' is clicked on

2023-05-12 18:02:10 - [MESSAGE][PASSED] - Object: 'Object Repository/CheckoutPage/button_Checkout' is clicked on

2023-05-12 18:02:10 - [TEST_STEP][PASSED] - sendKeys(findTestObject("Object Repository/checkout-step-one/input_Checkout Your Information_firstName"), "demo"): Keys 'demo' sent to object: 'Object Repository/checkout-step-one/input_Checkout Your Information_firstName'

2023-05-12 18:02:11 - [MESSAGE][PASSED] - Keys 'demo' sent to object: 'Object Repository/checkout-step-one/input_Checkout Your Information_firstName'

2023-05-12 18:02:11 - [TEST_STEP][PASSED] - sendKeys(findTestObject("Object Repository/checkout-step-one/input_Checkout Your Information_lastName"), "qa test"): Keys 'qa test' sent to object: 'Object Repository/checkout-step-one/input_Checkout Your Information_lastName'

2023-05-12 18:02:11 - [MESSAGE][PASSED] - Keys 'qa test' sent to object: 'Object Repository/checkout-step-one/input_Checkout Your Information_lastName'

2023-05-12 18:02:11 - [TEST_STEP][PASSED] - sendKeys(findTestObject("Object Repository/checkout-step-one/input_Checkout Your Information_postalCode"), "9000"): Keys '9000' sent to object: 'Object Repository/checkout-step-one/input_Checkout Your Information_postalCode'

2023-05-12 18:02:12 - [MESSAGE][PASSED] - Keys '9000' sent to object: 'Object Repository/checkout-step-one/input_Checkout Your Information_postalCode'

2023-05-12 18:02:12 - [TEST_STEP][PASSED] - click(findTestObject("Object Repository/checkout-step-one/input_continue")): Object: 'Object Repository/checkout-step-one/input_continue' is clicked on

2023-05-12 18:02:12 - [MESSAGE][PASSED] - Object: 'Object Repository/checkout-step-one/input_continue' is clicked on

2023-05-12 18:02:12 - [TEST_STEP][PASSED] - click(findTestObject("Object Repository/finish checkout/button_Finish")): Object: 'Object Repository/finish checkout/button_Finish' is clicked on

2023-05-12 18:02:13 - [MESSAGE][PASSED] - Object: 'Object Repository/finish checkout/button_Finish' is clicked on

2023-05-12 18:02:13 - [TEST_STEP][PASSED] - verifyElementVisible(findTestObject("Object Repository/order-success/h2_Thank you for your order")): Object 'Object Repository/order-success/h2_Thank you for your order' is visible

2023-05-12 18:02:13 - [MESSAGE][PASSED] - Object 'Object Repository/order-success/h2_Thank you for your order' is visible

2023-05-12 18:02:13 - [TEST_STEP][PASSED] - click(findTestObject("Object Repository/NavSideBar/sidebar")): Object: 'Object Repository/NavSideBar/sidebar' is clicked on

2023-05-12 18:02:14 - [MESSAGE][PASSED] - Object: 'Object Repository/NavSideBar/sidebar' is clicked on

2023-05-12 18:02:14 - [TEST_STEP][PASSED] - click(findTestObject("Object Repository/NavSideBar/a_Logout")): Object: 'Object Repository/NavSideBar/a_Logout' is clicked on

2023-05-12 18:02:14 - [MESSAGE][PASSED] - Object: 'Object Repository/NavSideBar/a_Logout' is clicked on

2023-05-12 18:02:14 - [TEST_STEP][PASSED] - verifyElementVisible(findTestObject("Object Repository/Page_Swag Labs/input_Swag Labs_user-name")): Object 'Object Repository/Page_Swag Labs/input_Swag Labs_user-name' is visible

2023-05-12 18:02:15 - [MESSAGE][PASSED] - Object 'Object Repository/Page_Swag Labs/input_Swag Labs_user-name' is visible

2023-05-12 18:02:15 - [TEST_STEP][PASSED] - closeBrowser(): Browser is closed

2023-05-12 18:02:15 - [MESSAGE][PASSED] - Browser is closed]]></system-out>
         <system-err><![CDATA[]]></system-err>
      </testcase>
      <testcase name="Test Cases/test-flow-1-buy-1-product" time="11.89" classname="Test Cases/test-flow-1-buy-1-product" status="PASSED">
         <system-out><![CDATA[2023-05-12 18:02:15 - [TEST_CASE][PASSED] - Test Cases/test-flow-1-buy-1-product: Test Cases/test-flow-1-buy-1-product

2023-05-12 18:02:15 - [TEST_STEP][PASSED] - openBrowser("https://www.saucedemo.com/"): Browser is opened with url: 'https://www.saucedemo.com/'

2023-05-12 18:02:15 - [MESSAGE][INFO] - Starting 'Chrome' driver

2023-05-12 18:02:15 - [MESSAGE][INFO] - Action delay is set to 0 milliseconds

2023-05-12 18:02:17 - [MESSAGE][PASSED] - Browser is opened with url: 'https://www.saucedemo.com/'

2023-05-12 18:02:17 - [TEST_STEP][PASSED] - click(findTestObject("Object Repository/Page_Swag Labs/input_Swag Labs_user-name")): Object: 'Object Repository/Page_Swag Labs/input_Swag Labs_user-name' is clicked on

2023-05-12 18:02:18 - [MESSAGE][PASSED] - Object: 'Object Repository/Page_Swag Labs/input_Swag Labs_user-name' is clicked on

2023-05-12 18:02:18 - [TEST_STEP][PASSED] - sendKeys(findTestObject("Object Repository/Page_Swag Labs/input_Swag Labs_user-name"), "standard_user"): Keys 'standard_user' sent to object: 'Object Repository/Page_Swag Labs/input_Swag Labs_user-name'

2023-05-12 18:02:18 - [MESSAGE][PASSED] - Keys 'standard_user' sent to object: 'Object Repository/Page_Swag Labs/input_Swag Labs_user-name'

2023-05-12 18:02:18 - [TEST_STEP][PASSED] - click(findTestObject("Object Repository/Page_Swag Labs/input_Swag Labs_password")): Object: 'Object Repository/Page_Swag Labs/input_Swag Labs_password' is clicked on

2023-05-12 18:02:18 - [MESSAGE][PASSED] - Object: 'Object Repository/Page_Swag Labs/input_Swag Labs_password' is clicked on

2023-05-12 18:02:18 - [TEST_STEP][PASSED] - sendKeys(findTestObject("Object Repository/Page_Swag Labs/input_Swag Labs_password"), "secret_sauce"): Keys 'secret_sauce' sent to object: 'Object Repository/Page_Swag Labs/input_Swag Labs_password'

2023-05-12 18:02:19 - [MESSAGE][PASSED] - Keys 'secret_sauce' sent to object: 'Object Repository/Page_Swag Labs/input_Swag Labs_password'

2023-05-12 18:02:19 - [TEST_STEP][PASSED] - click(findTestObject("Object Repository/Page_Swag Labs/input_Swag Labs_login-button")): Object: 'Object Repository/Page_Swag Labs/input_Swag Labs_login-button' is clicked on

2023-05-12 18:02:19 - [MESSAGE][PASSED] - Object: 'Object Repository/Page_Swag Labs/input_Swag Labs_login-button' is clicked on

2023-05-12 18:02:19 - [TEST_STEP][PASSED] - click(findTestObject("Object Repository/inventoryPage/Backpack")): Object: 'Object Repository/inventoryPage/Backpack' is clicked on

2023-05-12 18:02:20 - [MESSAGE][PASSED] - Object: 'Object Repository/inventoryPage/Backpack' is clicked on

2023-05-12 18:02:20 - [TEST_STEP][PASSED] - click(findTestObject("Object Repository/inventoryPage/button_Add to cart")): Object: 'Object Repository/inventoryPage/button_Add to cart' is clicked on

2023-05-12 18:02:20 - [MESSAGE][PASSED] - Object: 'Object Repository/inventoryPage/button_Add to cart' is clicked on

2023-05-12 18:02:20 - [TEST_STEP][PASSED] - click(findTestObject("Object Repository/inventoryPage/products_back-image")): Object: 'Object Repository/inventoryPage/products_back-image' is clicked on

2023-05-12 18:02:21 - [MESSAGE][PASSED] - Object: 'Object Repository/inventoryPage/products_back-image' is clicked on

2023-05-12 18:02:21 - [TEST_STEP][PASSED] - click(findTestObject("Object Repository/inventoryPage/cart")): Object: 'Object Repository/inventoryPage/cart' is clicked on

2023-05-12 18:02:21 - [MESSAGE][PASSED] - Object: 'Object Repository/inventoryPage/cart' is clicked on

2023-05-12 18:02:21 - [TEST_STEP][PASSED] - click(findTestObject("Object Repository/CheckoutPage/button_Checkout")): Object: 'Object Repository/CheckoutPage/button_Checkout' is clicked on

2023-05-12 18:02:22 - [MESSAGE][PASSED] - Object: 'Object Repository/CheckoutPage/button_Checkout' is clicked on

2023-05-12 18:02:22 - [TEST_STEP][PASSED] - sendKeys(findTestObject("Object Repository/checkout-step-one/input_Checkout Your Information_firstName"), "demo"): Keys 'demo' sent to object: 'Object Repository/checkout-step-one/input_Checkout Your Information_firstName'

2023-05-12 18:02:22 - [MESSAGE][PASSED] - Keys 'demo' sent to object: 'Object Repository/checkout-step-one/input_Checkout Your Information_firstName'

2023-05-12 18:02:22 - [TEST_STEP][PASSED] - sendKeys(findTestObject("Object Repository/checkout-step-one/input_Checkout Your Information_lastName"), "qa test"): Keys 'qa test' sent to object: 'Object Repository/checkout-step-one/input_Checkout Your Information_lastName'

2023-05-12 18:02:23 - [MESSAGE][PASSED] - Keys 'qa test' sent to object: 'Object Repository/checkout-step-one/input_Checkout Your Information_lastName'

2023-05-12 18:02:23 - [TEST_STEP][PASSED] - sendKeys(findTestObject("Object Repository/checkout-step-one/input_Checkout Your Information_postalCode"), "9000"): Keys '9000' sent to object: 'Object Repository/checkout-step-one/input_Checkout Your Information_postalCode'

2023-05-12 18:02:24 - [MESSAGE][PASSED] - Keys '9000' sent to object: 'Object Repository/checkout-step-one/input_Checkout Your Information_postalCode'

2023-05-12 18:02:24 - [TEST_STEP][PASSED] - click(findTestObject("Object Repository/checkout-step-one/input_continue")): Object: 'Object Repository/checkout-step-one/input_continue' is clicked on

2023-05-12 18:02:24 - [MESSAGE][PASSED] - Object: 'Object Repository/checkout-step-one/input_continue' is clicked on

2023-05-12 18:02:24 - [TEST_STEP][PASSED] - click(findTestObject("Object Repository/finish checkout/button_Finish")): Object: 'Object Repository/finish checkout/button_Finish' is clicked on

2023-05-12 18:02:25 - [MESSAGE][PASSED] - Object: 'Object Repository/finish checkout/button_Finish' is clicked on

2023-05-12 18:02:25 - [TEST_STEP][PASSED] - verifyElementVisible(findTestObject("Object Repository/order-success/h2_Thank you for your order")): Object 'Object Repository/order-success/h2_Thank you for your order' is visible

2023-05-12 18:02:25 - [MESSAGE][PASSED] - Object 'Object Repository/order-success/h2_Thank you for your order' is visible

2023-05-12 18:02:25 - [TEST_STEP][PASSED] - click(findTestObject("Object Repository/NavSideBar/sidebar")): Object: 'Object Repository/NavSideBar/sidebar' is clicked on

2023-05-12 18:02:25 - [MESSAGE][PASSED] - Object: 'Object Repository/NavSideBar/sidebar' is clicked on

2023-05-12 18:02:25 - [TEST_STEP][PASSED] - click(findTestObject("Object Repository/NavSideBar/a_Logout")): Object: 'Object Repository/NavSideBar/a_Logout' is clicked on

2023-05-12 18:02:26 - [MESSAGE][PASSED] - Object: 'Object Repository/NavSideBar/a_Logout' is clicked on

2023-05-12 18:02:26 - [TEST_STEP][PASSED] - verifyElementVisible(findTestObject("Object Repository/Page_Swag Labs/input_Swag Labs_user-name")): Object 'Object Repository/Page_Swag Labs/input_Swag Labs_user-name' is visible

2023-05-12 18:02:27 - [MESSAGE][PASSED] - Object 'Object Repository/Page_Swag Labs/input_Swag Labs_user-name' is visible

2023-05-12 18:02:27 - [TEST_STEP][PASSED] - closeBrowser(): Browser is closed

2023-05-12 18:02:27 - [MESSAGE][PASSED] - Browser is closed]]></system-out>
         <system-err><![CDATA[]]></system-err>
      </testcase>
      <system-out><![CDATA[2023-05-12 17:58:29 - [TEST_SUITE][PASSED] - simple case: Test Cases/test-flow-1-buy-1-product]]></system-out>
      <system-err><![CDATA[]]></system-err>
   </testsuite>
   <testsuite name="simple case" tests="20" failures="0" errors="0" time="240.747" skipped="0" timestamp="2023-05-12 18:02:31" hostname="minh.nguyen - 5YHW2D3" id="Test Suites/simple case">
      <properties>
         <property name="deviceName" value=""/>
         <property name="devicePlatform" value=""/>
         <property name="logFolder" value="C:\\Users\\minh.nguyen\\Desktop\\GitRepo\\tri-nhan-repo\\Reports\\20230512_171239\\simple case\\20230512_171304"/>
         <property name="logFiles" value="C:\\Users\\minh.nguyen\\Desktop\\GitRepo\\tri-nhan-repo\\Reports\\20230512_171239\\simple case\\20230512_171304\\execution0.log"/>
         <property name="attachments" value=""/>
         <property name="hostName" value="minh.nguyen - 5YHW2D3"/>
         <property name="os" value="Windows 10 64bit"/>
         <property name="katalonVersion" value="8.5.5.208"/>
         <property name="browser" value="Chrome 112.0.0.0"/>
         <property name="hostAddress" value="192.168.1.86"/>
         <property name="sessionId" value="03c4f6396f8a4f73f76efba53a31b362"/>
         <property name="seleniumVersion" value="3.141.59"/>
         <property name="proxyInformation" value="ProxyInformation { proxyOption=NO_PROXY, proxyServerType=HTTP, username=, password=********, proxyServerAddress=, proxyServerPort=0, executionList=&quot;&quot;, isApplyToDesiredCapabilities=true }"/>
         <property name="platform" value="Windows 10"/>
      </properties>
      <testcase name="Test Cases/test-flow-1-buy-1-product" time="13.043" classname="Test Cases/test-flow-1-buy-1-product" status="PASSED">
         <system-out><![CDATA[2023-05-12 18:02:31 - [TEST_CASE][PASSED] - Test Cases/test-flow-1-buy-1-product: Test Cases/test-flow-1-buy-1-product

2023-05-12 18:02:31 - [TEST_STEP][PASSED] - openBrowser("https://www.saucedemo.com/"): Browser is opened with url: 'https://www.saucedemo.com/'

2023-05-12 18:02:31 - [MESSAGE][INFO] - Starting 'Chrome' driver

2023-05-12 18:02:31 - [MESSAGE][INFO] - Action delay is set to 0 milliseconds

2023-05-12 18:02:34 - [MESSAGE][PASSED] - Browser is opened with url: 'https://www.saucedemo.com/'

2023-05-12 18:02:34 - [TEST_STEP][PASSED] - click(findTestObject("Object Repository/Page_Swag Labs/input_Swag Labs_user-name")): Object: 'Object Repository/Page_Swag Labs/input_Swag Labs_user-name' is clicked on

2023-05-12 18:02:34 - [MESSAGE][PASSED] - Object: 'Object Repository/Page_Swag Labs/input_Swag Labs_user-name' is clicked on

2023-05-12 18:02:34 - [TEST_STEP][PASSED] - sendKeys(findTestObject("Object Repository/Page_Swag Labs/input_Swag Labs_user-name"), "standard_user"): Keys 'standard_user' sent to object: 'Object Repository/Page_Swag Labs/input_Swag Labs_user-name'

2023-05-12 18:02:35 - [MESSAGE][PASSED] - Keys 'standard_user' sent to object: 'Object Repository/Page_Swag Labs/input_Swag Labs_user-name'

2023-05-12 18:02:35 - [TEST_STEP][PASSED] - click(findTestObject("Object Repository/Page_Swag Labs/input_Swag Labs_password")): Object: 'Object Repository/Page_Swag Labs/input_Swag Labs_password' is clicked on

2023-05-12 18:02:35 - [MESSAGE][PASSED] - Object: 'Object Repository/Page_Swag Labs/input_Swag Labs_password' is clicked on

2023-05-12 18:02:35 - [TEST_STEP][PASSED] - sendKeys(findTestObject("Object Repository/Page_Swag Labs/input_Swag Labs_password"), "secret_sauce"): Keys 'secret_sauce' sent to object: 'Object Repository/Page_Swag Labs/input_Swag Labs_password'

2023-05-12 18:02:35 - [MESSAGE][PASSED] - Keys 'secret_sauce' sent to object: 'Object Repository/Page_Swag Labs/input_Swag Labs_password'

2023-05-12 18:02:35 - [TEST_STEP][PASSED] - click(findTestObject("Object Repository/Page_Swag Labs/input_Swag Labs_login-button")): Object: 'Object Repository/Page_Swag Labs/input_Swag Labs_login-button' is clicked on

2023-05-12 18:02:36 - [MESSAGE][PASSED] - Object: 'Object Repository/Page_Swag Labs/input_Swag Labs_login-button' is clicked on

2023-05-12 18:02:36 - [TEST_STEP][PASSED] - click(findTestObject("Object Repository/inventoryPage/Backpack")): Object: 'Object Repository/inventoryPage/Backpack' is clicked on

2023-05-12 18:02:36 - [MESSAGE][PASSED] - Object: 'Object Repository/inventoryPage/Backpack' is clicked on

2023-05-12 18:02:36 - [TEST_STEP][PASSED] - click(findTestObject("Object Repository/inventoryPage/button_Add to cart")): Object: 'Object Repository/inventoryPage/button_Add to cart' is clicked on

2023-05-12 18:02:37 - [MESSAGE][PASSED] - Object: 'Object Repository/inventoryPage/button_Add to cart' is clicked on

2023-05-12 18:02:37 - [TEST_STEP][PASSED] - click(findTestObject("Object Repository/inventoryPage/products_back-image")): Object: 'Object Repository/inventoryPage/products_back-image' is clicked on

2023-05-12 18:02:37 - [MESSAGE][PASSED] - Object: 'Object Repository/inventoryPage/products_back-image' is clicked on

2023-05-12 18:02:37 - [TEST_STEP][PASSED] - click(findTestObject("Object Repository/inventoryPage/cart")): Object: 'Object Repository/inventoryPage/cart' is clicked on

2023-05-12 18:02:38 - [MESSAGE][PASSED] - Object: 'Object Repository/inventoryPage/cart' is clicked on

2023-05-12 18:02:38 - [TEST_STEP][PASSED] - click(findTestObject("Object Repository/CheckoutPage/button_Checkout")): Object: 'Object Repository/CheckoutPage/button_Checkout' is clicked on

2023-05-12 18:02:38 - [MESSAGE][PASSED] - Object: 'Object Repository/CheckoutPage/button_Checkout' is clicked on

2023-05-12 18:02:38 - [TEST_STEP][PASSED] - sendKeys(findTestObject("Object Repository/checkout-step-one/input_Checkout Your Information_firstName"), "demo"): Keys 'demo' sent to object: 'Object Repository/checkout-step-one/input_Checkout Your Information_firstName'

2023-05-12 18:02:39 - [MESSAGE][PASSED] - Keys 'demo' sent to object: 'Object Repository/checkout-step-one/input_Checkout Your Information_firstName'

2023-05-12 18:02:39 - [TEST_STEP][PASSED] - sendKeys(findTestObject("Object Repository/checkout-step-one/input_Checkout Your Information_lastName"), "qa test"): Keys 'qa test' sent to object: 'Object Repository/checkout-step-one/input_Checkout Your Information_lastName'

2023-05-12 18:02:39 - [MESSAGE][PASSED] - Keys 'qa test' sent to object: 'Object Repository/checkout-step-one/input_Checkout Your Information_lastName'

2023-05-12 18:02:39 - [TEST_STEP][PASSED] - sendKeys(findTestObject("Object Repository/checkout-step-one/input_Checkout Your Information_postalCode"), "9000"): Keys '9000' sent to object: 'Object Repository/checkout-step-one/input_Checkout Your Information_postalCode'

2023-05-12 18:02:40 - [MESSAGE][PASSED] - Keys '9000' sent to object: 'Object Repository/checkout-step-one/input_Checkout Your Information_postalCode'

2023-05-12 18:02:40 - [TEST_STEP][PASSED] - click(findTestObject("Object Repository/checkout-step-one/input_continue")): Object: 'Object Repository/checkout-step-one/input_continue' is clicked on

2023-05-12 18:02:41 - [MESSAGE][PASSED] - Object: 'Object Repository/checkout-step-one/input_continue' is clicked on

2023-05-12 18:02:41 - [TEST_STEP][PASSED] - click(findTestObject("Object Repository/finish checkout/button_Finish")): Object: 'Object Repository/finish checkout/button_Finish' is clicked on

2023-05-12 18:02:41 - [MESSAGE][PASSED] - Object: 'Object Repository/finish checkout/button_Finish' is clicked on

2023-05-12 18:02:41 - [TEST_STEP][PASSED] - verifyElementVisible(findTestObject("Object Repository/order-success/h2_Thank you for your order")): Object 'Object Repository/order-success/h2_Thank you for your order' is visible

2023-05-12 18:02:42 - [MESSAGE][PASSED] - Object 'Object Repository/order-success/h2_Thank you for your order' is visible

2023-05-12 18:02:42 - [TEST_STEP][PASSED] - click(findTestObject("Object Repository/NavSideBar/sidebar")): Object: 'Object Repository/NavSideBar/sidebar' is clicked on

2023-05-12 18:02:42 - [MESSAGE][PASSED] - Object: 'Object Repository/NavSideBar/sidebar' is clicked on

2023-05-12 18:02:42 - [TEST_STEP][PASSED] - click(findTestObject("Object Repository/NavSideBar/a_Logout")): Object: 'Object Repository/NavSideBar/a_Logout' is clicked on

2023-05-12 18:02:42 - [MESSAGE][PASSED] - Object: 'Object Repository/NavSideBar/a_Logout' is clicked on

2023-05-12 18:02:42 - [TEST_STEP][PASSED] - verifyElementVisible(findTestObject("Object Repository/Page_Swag Labs/input_Swag Labs_user-name")): Object 'Object Repository/Page_Swag Labs/input_Swag Labs_user-name' is visible

2023-05-12 18:02:43 - [MESSAGE][PASSED] - Object 'Object Repository/Page_Swag Labs/input_Swag Labs_user-name' is visible

2023-05-12 18:02:43 - [TEST_STEP][PASSED] - closeBrowser(): Browser is closed

2023-05-12 18:02:44 - [MESSAGE][PASSED] - Browser is closed]]></system-out>
         <system-err><![CDATA[]]></system-err>
      </testcase>
      <testcase name="Test Cases/test-flow-1-buy-1-product" time="11.961" classname="Test Cases/test-flow-1-buy-1-product" status="PASSED">
         <system-out><![CDATA[2023-05-12 18:02:44 - [TEST_CASE][PASSED] - Test Cases/test-flow-1-buy-1-product: Test Cases/test-flow-1-buy-1-product

2023-05-12 18:02:44 - [TEST_STEP][PASSED] - openBrowser("https://www.saucedemo.com/"): Browser is opened with url: 'https://www.saucedemo.com/'

2023-05-12 18:02:44 - [MESSAGE][INFO] - Starting 'Chrome' driver

2023-05-12 18:02:44 - [MESSAGE][INFO] - Action delay is set to 0 milliseconds

2023-05-12 18:02:46 - [MESSAGE][PASSED] - Browser is opened with url: 'https://www.saucedemo.com/'

2023-05-12 18:02:46 - [TEST_STEP][PASSED] - click(findTestObject("Object Repository/Page_Swag Labs/input_Swag Labs_user-name")): Object: 'Object Repository/Page_Swag Labs/input_Swag Labs_user-name' is clicked on

2023-05-12 18:02:46 - [MESSAGE][PASSED] - Object: 'Object Repository/Page_Swag Labs/input_Swag Labs_user-name' is clicked on

2023-05-12 18:02:46 - [TEST_STEP][PASSED] - sendKeys(findTestObject("Object Repository/Page_Swag Labs/input_Swag Labs_user-name"), "standard_user"): Keys 'standard_user' sent to object: 'Object Repository/Page_Swag Labs/input_Swag Labs_user-name'

2023-05-12 18:02:47 - [MESSAGE][PASSED] - Keys 'standard_user' sent to object: 'Object Repository/Page_Swag Labs/input_Swag Labs_user-name'

2023-05-12 18:02:47 - [TEST_STEP][PASSED] - click(findTestObject("Object Repository/Page_Swag Labs/input_Swag Labs_password")): Object: 'Object Repository/Page_Swag Labs/input_Swag Labs_password' is clicked on

2023-05-12 18:02:47 - [MESSAGE][PASSED] - Object: 'Object Repository/Page_Swag Labs/input_Swag Labs_password' is clicked on

2023-05-12 18:02:47 - [TEST_STEP][PASSED] - sendKeys(findTestObject("Object Repository/Page_Swag Labs/input_Swag Labs_password"), "secret_sauce"): Keys 'secret_sauce' sent to object: 'Object Repository/Page_Swag Labs/input_Swag Labs_password'

2023-05-12 18:02:47 - [MESSAGE][PASSED] - Keys 'secret_sauce' sent to object: 'Object Repository/Page_Swag Labs/input_Swag Labs_password'

2023-05-12 18:02:47 - [TEST_STEP][PASSED] - click(findTestObject("Object Repository/Page_Swag Labs/input_Swag Labs_login-button")): Object: 'Object Repository/Page_Swag Labs/input_Swag Labs_login-button' is clicked on

2023-05-12 18:02:48 - [MESSAGE][PASSED] - Object: 'Object Repository/Page_Swag Labs/input_Swag Labs_login-button' is clicked on

2023-05-12 18:02:48 - [TEST_STEP][PASSED] - click(findTestObject("Object Repository/inventoryPage/Backpack")): Object: 'Object Repository/inventoryPage/Backpack' is clicked on

2023-05-12 18:02:48 - [MESSAGE][PASSED] - Object: 'Object Repository/inventoryPage/Backpack' is clicked on

2023-05-12 18:02:48 - [TEST_STEP][PASSED] - click(findTestObject("Object Repository/inventoryPage/button_Add to cart")): Object: 'Object Repository/inventoryPage/button_Add to cart' is clicked on

2023-05-12 18:02:49 - [MESSAGE][PASSED] - Object: 'Object Repository/inventoryPage/button_Add to cart' is clicked on

2023-05-12 18:02:49 - [TEST_STEP][PASSED] - click(findTestObject("Object Repository/inventoryPage/products_back-image")): Object: 'Object Repository/inventoryPage/products_back-image' is clicked on

2023-05-12 18:02:49 - [MESSAGE][PASSED] - Object: 'Object Repository/inventoryPage/products_back-image' is clicked on

2023-05-12 18:02:49 - [TEST_STEP][PASSED] - click(findTestObject("Object Repository/inventoryPage/cart")): Object: 'Object Repository/inventoryPage/cart' is clicked on

2023-05-12 18:02:50 - [MESSAGE][PASSED] - Object: 'Object Repository/inventoryPage/cart' is clicked on

2023-05-12 18:02:50 - [TEST_STEP][PASSED] - click(findTestObject("Object Repository/CheckoutPage/button_Checkout")): Object: 'Object Repository/CheckoutPage/button_Checkout' is clicked on

2023-05-12 18:02:50 - [MESSAGE][PASSED] - Object: 'Object Repository/CheckoutPage/button_Checkout' is clicked on

2023-05-12 18:02:50 - [TEST_STEP][PASSED] - sendKeys(findTestObject("Object Repository/checkout-step-one/input_Checkout Your Information_firstName"), "demo"): Keys 'demo' sent to object: 'Object Repository/checkout-step-one/input_Checkout Your Information_firstName'

2023-05-12 18:02:51 - [MESSAGE][PASSED] - Keys 'demo' sent to object: 'Object Repository/checkout-step-one/input_Checkout Your Information_firstName'

2023-05-12 18:02:51 - [TEST_STEP][PASSED] - sendKeys(findTestObject("Object Repository/checkout-step-one/input_Checkout Your Information_lastName"), "qa test"): Keys 'qa test' sent to object: 'Object Repository/checkout-step-one/input_Checkout Your Information_lastName'

2023-05-12 18:02:51 - [MESSAGE][PASSED] - Keys 'qa test' sent to object: 'Object Repository/checkout-step-one/input_Checkout Your Information_lastName'

2023-05-12 18:02:51 - [TEST_STEP][PASSED] - sendKeys(findTestObject("Object Repository/checkout-step-one/input_Checkout Your Information_postalCode"), "9000"): Keys '9000' sent to object: 'Object Repository/checkout-step-one/input_Checkout Your Information_postalCode'

2023-05-12 18:02:52 - [MESSAGE][PASSED] - Keys '9000' sent to object: 'Object Repository/checkout-step-one/input_Checkout Your Information_postalCode'

2023-05-12 18:02:52 - [TEST_STEP][PASSED] - click(findTestObject("Object Repository/checkout-step-one/input_continue")): Object: 'Object Repository/checkout-step-one/input_continue' is clicked on

2023-05-12 18:02:53 - [MESSAGE][PASSED] - Object: 'Object Repository/checkout-step-one/input_continue' is clicked on

2023-05-12 18:02:53 - [TEST_STEP][PASSED] - click(findTestObject("Object Repository/finish checkout/button_Finish")): Object: 'Object Repository/finish checkout/button_Finish' is clicked on

2023-05-12 18:02:53 - [MESSAGE][PASSED] - Object: 'Object Repository/finish checkout/button_Finish' is clicked on

2023-05-12 18:02:53 - [TEST_STEP][PASSED] - verifyElementVisible(findTestObject("Object Repository/order-success/h2_Thank you for your order")): Object 'Object Repository/order-success/h2_Thank you for your order' is visible

2023-05-12 18:02:54 - [MESSAGE][PASSED] - Object 'Object Repository/order-success/h2_Thank you for your order' is visible

2023-05-12 18:02:54 - [TEST_STEP][PASSED] - click(findTestObject("Object Repository/NavSideBar/sidebar")): Object: 'Object Repository/NavSideBar/sidebar' is clicked on

2023-05-12 18:02:54 - [MESSAGE][PASSED] - Object: 'Object Repository/NavSideBar/sidebar' is clicked on

2023-05-12 18:02:54 - [TEST_STEP][PASSED] - click(findTestObject("Object Repository/NavSideBar/a_Logout")): Object: 'Object Repository/NavSideBar/a_Logout' is clicked on

2023-05-12 18:02:55 - [MESSAGE][PASSED] - Object: 'Object Repository/NavSideBar/a_Logout' is clicked on

2023-05-12 18:02:55 - [TEST_STEP][PASSED] - verifyElementVisible(findTestObject("Object Repository/Page_Swag Labs/input_Swag Labs_user-name")): Object 'Object Repository/Page_Swag Labs/input_Swag Labs_user-name' is visible

2023-05-12 18:02:55 - [MESSAGE][PASSED] - Object 'Object Repository/Page_Swag Labs/input_Swag Labs_user-name' is visible

2023-05-12 18:02:55 - [TEST_STEP][PASSED] - closeBrowser(): Browser is closed

2023-05-12 18:02:56 - [MESSAGE][PASSED] - Browser is closed]]></system-out>
         <system-err><![CDATA[]]></system-err>
      </testcase>
      <testcase name="Test Cases/test-flow-1-buy-1-product" time="11.747" classname="Test Cases/test-flow-1-buy-1-product" status="PASSED">
         <system-out><![CDATA[2023-05-12 18:02:56 - [TEST_CASE][PASSED] - Test Cases/test-flow-1-buy-1-product: Test Cases/test-flow-1-buy-1-product

2023-05-12 18:02:56 - [TEST_STEP][PASSED] - openBrowser("https://www.saucedemo.com/"): Browser is opened with url: 'https://www.saucedemo.com/'

2023-05-12 18:02:56 - [MESSAGE][INFO] - Starting 'Chrome' driver

2023-05-12 18:02:56 - [MESSAGE][INFO] - Action delay is set to 0 milliseconds

2023-05-12 18:02:58 - [MESSAGE][PASSED] - Browser is opened with url: 'https://www.saucedemo.com/'

2023-05-12 18:02:58 - [TEST_STEP][PASSED] - click(findTestObject("Object Repository/Page_Swag Labs/input_Swag Labs_user-name")): Object: 'Object Repository/Page_Swag Labs/input_Swag Labs_user-name' is clicked on

2023-05-12 18:02:58 - [MESSAGE][PASSED] - Object: 'Object Repository/Page_Swag Labs/input_Swag Labs_user-name' is clicked on

2023-05-12 18:02:58 - [TEST_STEP][PASSED] - sendKeys(findTestObject("Object Repository/Page_Swag Labs/input_Swag Labs_user-name"), "standard_user"): Keys 'standard_user' sent to object: 'Object Repository/Page_Swag Labs/input_Swag Labs_user-name'

2023-05-12 18:02:58 - [MESSAGE][PASSED] - Keys 'standard_user' sent to object: 'Object Repository/Page_Swag Labs/input_Swag Labs_user-name'

2023-05-12 18:02:58 - [TEST_STEP][PASSED] - click(findTestObject("Object Repository/Page_Swag Labs/input_Swag Labs_password")): Object: 'Object Repository/Page_Swag Labs/input_Swag Labs_password' is clicked on

2023-05-12 18:02:59 - [MESSAGE][PASSED] - Object: 'Object Repository/Page_Swag Labs/input_Swag Labs_password' is clicked on

2023-05-12 18:02:59 - [TEST_STEP][PASSED] - sendKeys(findTestObject("Object Repository/Page_Swag Labs/input_Swag Labs_password"), "secret_sauce"): Keys 'secret_sauce' sent to object: 'Object Repository/Page_Swag Labs/input_Swag Labs_password'

2023-05-12 18:02:59 - [MESSAGE][PASSED] - Keys 'secret_sauce' sent to object: 'Object Repository/Page_Swag Labs/input_Swag Labs_password'

2023-05-12 18:02:59 - [TEST_STEP][PASSED] - click(findTestObject("Object Repository/Page_Swag Labs/input_Swag Labs_login-button")): Object: 'Object Repository/Page_Swag Labs/input_Swag Labs_login-button' is clicked on

2023-05-12 18:03:00 - [MESSAGE][PASSED] - Object: 'Object Repository/Page_Swag Labs/input_Swag Labs_login-button' is clicked on

2023-05-12 18:03:00 - [TEST_STEP][PASSED] - click(findTestObject("Object Repository/inventoryPage/Backpack")): Object: 'Object Repository/inventoryPage/Backpack' is clicked on

2023-05-12 18:03:00 - [MESSAGE][PASSED] - Object: 'Object Repository/inventoryPage/Backpack' is clicked on

2023-05-12 18:03:00 - [TEST_STEP][PASSED] - click(findTestObject("Object Repository/inventoryPage/button_Add to cart")): Object: 'Object Repository/inventoryPage/button_Add to cart' is clicked on

2023-05-12 18:03:00 - [MESSAGE][PASSED] - Object: 'Object Repository/inventoryPage/button_Add to cart' is clicked on

2023-05-12 18:03:00 - [TEST_STEP][PASSED] - click(findTestObject("Object Repository/inventoryPage/products_back-image")): Object: 'Object Repository/inventoryPage/products_back-image' is clicked on

2023-05-12 18:03:01 - [MESSAGE][PASSED] - Object: 'Object Repository/inventoryPage/products_back-image' is clicked on

2023-05-12 18:03:01 - [TEST_STEP][PASSED] - click(findTestObject("Object Repository/inventoryPage/cart")): Object: 'Object Repository/inventoryPage/cart' is clicked on

2023-05-12 18:03:01 - [MESSAGE][PASSED] - Object: 'Object Repository/inventoryPage/cart' is clicked on

2023-05-12 18:03:01 - [TEST_STEP][PASSED] - click(findTestObject("Object Repository/CheckoutPage/button_Checkout")): Object: 'Object Repository/CheckoutPage/button_Checkout' is clicked on

2023-05-12 18:03:02 - [MESSAGE][PASSED] - Object: 'Object Repository/CheckoutPage/button_Checkout' is clicked on

2023-05-12 18:03:02 - [TEST_STEP][PASSED] - sendKeys(findTestObject("Object Repository/checkout-step-one/input_Checkout Your Information_firstName"), "demo"): Keys 'demo' sent to object: 'Object Repository/checkout-step-one/input_Checkout Your Information_firstName'

2023-05-12 18:03:03 - [MESSAGE][PASSED] - Keys 'demo' sent to object: 'Object Repository/checkout-step-one/input_Checkout Your Information_firstName'

2023-05-12 18:03:03 - [TEST_STEP][PASSED] - sendKeys(findTestObject("Object Repository/checkout-step-one/input_Checkout Your Information_lastName"), "qa test"): Keys 'qa test' sent to object: 'Object Repository/checkout-step-one/input_Checkout Your Information_lastName'

2023-05-12 18:03:03 - [MESSAGE][PASSED] - Keys 'qa test' sent to object: 'Object Repository/checkout-step-one/input_Checkout Your Information_lastName'

2023-05-12 18:03:03 - [TEST_STEP][PASSED] - sendKeys(findTestObject("Object Repository/checkout-step-one/input_Checkout Your Information_postalCode"), "9000"): Keys '9000' sent to object: 'Object Repository/checkout-step-one/input_Checkout Your Information_postalCode'

2023-05-12 18:03:04 - [MESSAGE][PASSED] - Keys '9000' sent to object: 'Object Repository/checkout-step-one/input_Checkout Your Information_postalCode'

2023-05-12 18:03:04 - [TEST_STEP][PASSED] - click(findTestObject("Object Repository/checkout-step-one/input_continue")): Object: 'Object Repository/checkout-step-one/input_continue' is clicked on

2023-05-12 18:03:04 - [MESSAGE][PASSED] - Object: 'Object Repository/checkout-step-one/input_continue' is clicked on

2023-05-12 18:03:04 - [TEST_STEP][PASSED] - click(findTestObject("Object Repository/finish checkout/button_Finish")): Object: 'Object Repository/finish checkout/button_Finish' is clicked on

2023-05-12 18:03:05 - [MESSAGE][PASSED] - Object: 'Object Repository/finish checkout/button_Finish' is clicked on

2023-05-12 18:03:05 - [TEST_STEP][PASSED] - verifyElementVisible(findTestObject("Object Repository/order-success/h2_Thank you for your order")): Object 'Object Repository/order-success/h2_Thank you for your order' is visible

2023-05-12 18:03:05 - [MESSAGE][PASSED] - Object 'Object Repository/order-success/h2_Thank you for your order' is visible

2023-05-12 18:03:05 - [TEST_STEP][PASSED] - click(findTestObject("Object Repository/NavSideBar/sidebar")): Object: 'Object Repository/NavSideBar/sidebar' is clicked on

2023-05-12 18:03:06 - [MESSAGE][PASSED] - Object: 'Object Repository/NavSideBar/sidebar' is clicked on

2023-05-12 18:03:06 - [TEST_STEP][PASSED] - click(findTestObject("Object Repository/NavSideBar/a_Logout")): Object: 'Object Repository/NavSideBar/a_Logout' is clicked on

2023-05-12 18:03:06 - [MESSAGE][PASSED] - Object: 'Object Repository/NavSideBar/a_Logout' is clicked on

2023-05-12 18:03:06 - [TEST_STEP][PASSED] - verifyElementVisible(findTestObject("Object Repository/Page_Swag Labs/input_Swag Labs_user-name")): Object 'Object Repository/Page_Swag Labs/input_Swag Labs_user-name' is visible

2023-05-12 18:03:07 - [MESSAGE][PASSED] - Object 'Object Repository/Page_Swag Labs/input_Swag Labs_user-name' is visible

2023-05-12 18:03:07 - [TEST_STEP][PASSED] - closeBrowser(): Browser is closed

2023-05-12 18:03:07 - [MESSAGE][PASSED] - Browser is closed]]></system-out>
         <system-err><![CDATA[]]></system-err>
      </testcase>
      <testcase name="Test Cases/test-flow-1-buy-1-product" time="12.034" classname="Test Cases/test-flow-1-buy-1-product" status="PASSED">
         <system-out><![CDATA[2023-05-12 18:03:07 - [TEST_CASE][PASSED] - Test Cases/test-flow-1-buy-1-product: Test Cases/test-flow-1-buy-1-product

2023-05-12 18:03:07 - [TEST_STEP][PASSED] - openBrowser("https://www.saucedemo.com/"): Browser is opened with url: 'https://www.saucedemo.com/'

2023-05-12 18:03:07 - [MESSAGE][INFO] - Starting 'Chrome' driver

2023-05-12 18:03:07 - [MESSAGE][INFO] - Action delay is set to 0 milliseconds

2023-05-12 18:03:10 - [MESSAGE][PASSED] - Browser is opened with url: 'https://www.saucedemo.com/'

2023-05-12 18:03:10 - [TEST_STEP][PASSED] - click(findTestObject("Object Repository/Page_Swag Labs/input_Swag Labs_user-name")): Object: 'Object Repository/Page_Swag Labs/input_Swag Labs_user-name' is clicked on

2023-05-12 18:03:10 - [MESSAGE][PASSED] - Object: 'Object Repository/Page_Swag Labs/input_Swag Labs_user-name' is clicked on

2023-05-12 18:03:10 - [TEST_STEP][PASSED] - sendKeys(findTestObject("Object Repository/Page_Swag Labs/input_Swag Labs_user-name"), "standard_user"): Keys 'standard_user' sent to object: 'Object Repository/Page_Swag Labs/input_Swag Labs_user-name'

2023-05-12 18:03:10 - [MESSAGE][PASSED] - Keys 'standard_user' sent to object: 'Object Repository/Page_Swag Labs/input_Swag Labs_user-name'

2023-05-12 18:03:10 - [TEST_STEP][PASSED] - click(findTestObject("Object Repository/Page_Swag Labs/input_Swag Labs_password")): Object: 'Object Repository/Page_Swag Labs/input_Swag Labs_password' is clicked on

2023-05-12 18:03:11 - [MESSAGE][PASSED] - Object: 'Object Repository/Page_Swag Labs/input_Swag Labs_password' is clicked on

2023-05-12 18:03:11 - [TEST_STEP][PASSED] - sendKeys(findTestObject("Object Repository/Page_Swag Labs/input_Swag Labs_password"), "secret_sauce"): Keys 'secret_sauce' sent to object: 'Object Repository/Page_Swag Labs/input_Swag Labs_password'

2023-05-12 18:03:11 - [MESSAGE][PASSED] - Keys 'secret_sauce' sent to object: 'Object Repository/Page_Swag Labs/input_Swag Labs_password'

2023-05-12 18:03:11 - [TEST_STEP][PASSED] - click(findTestObject("Object Repository/Page_Swag Labs/input_Swag Labs_login-button")): Object: 'Object Repository/Page_Swag Labs/input_Swag Labs_login-button' is clicked on

2023-05-12 18:03:11 - [MESSAGE][PASSED] - Object: 'Object Repository/Page_Swag Labs/input_Swag Labs_login-button' is clicked on

2023-05-12 18:03:11 - [TEST_STEP][PASSED] - click(findTestObject("Object Repository/inventoryPage/Backpack")): Object: 'Object Repository/inventoryPage/Backpack' is clicked on

2023-05-12 18:03:12 - [MESSAGE][PASSED] - Object: 'Object Repository/inventoryPage/Backpack' is clicked on

2023-05-12 18:03:12 - [TEST_STEP][PASSED] - click(findTestObject("Object Repository/inventoryPage/button_Add to cart")): Object: 'Object Repository/inventoryPage/button_Add to cart' is clicked on

2023-05-12 18:03:12 - [MESSAGE][PASSED] - Object: 'Object Repository/inventoryPage/button_Add to cart' is clicked on

2023-05-12 18:03:12 - [TEST_STEP][PASSED] - click(findTestObject("Object Repository/inventoryPage/products_back-image")): Object: 'Object Repository/inventoryPage/products_back-image' is clicked on

2023-05-12 18:03:13 - [MESSAGE][PASSED] - Object: 'Object Repository/inventoryPage/products_back-image' is clicked on

2023-05-12 18:03:13 - [TEST_STEP][PASSED] - click(findTestObject("Object Repository/inventoryPage/cart")): Object: 'Object Repository/inventoryPage/cart' is clicked on

2023-05-12 18:03:13 - [MESSAGE][PASSED] - Object: 'Object Repository/inventoryPage/cart' is clicked on

2023-05-12 18:03:13 - [TEST_STEP][PASSED] - click(findTestObject("Object Repository/CheckoutPage/button_Checkout")): Object: 'Object Repository/CheckoutPage/button_Checkout' is clicked on

2023-05-12 18:03:14 - [MESSAGE][PASSED] - Object: 'Object Repository/CheckoutPage/button_Checkout' is clicked on

2023-05-12 18:03:14 - [TEST_STEP][PASSED] - sendKeys(findTestObject("Object Repository/checkout-step-one/input_Checkout Your Information_firstName"), "demo"): Keys 'demo' sent to object: 'Object Repository/checkout-step-one/input_Checkout Your Information_firstName'

2023-05-12 18:03:15 - [MESSAGE][PASSED] - Keys 'demo' sent to object: 'Object Repository/checkout-step-one/input_Checkout Your Information_firstName'

2023-05-12 18:03:15 - [TEST_STEP][PASSED] - sendKeys(findTestObject("Object Repository/checkout-step-one/input_Checkout Your Information_lastName"), "qa test"): Keys 'qa test' sent to object: 'Object Repository/checkout-step-one/input_Checkout Your Information_lastName'

2023-05-12 18:03:15 - [MESSAGE][PASSED] - Keys 'qa test' sent to object: 'Object Repository/checkout-step-one/input_Checkout Your Information_lastName'

2023-05-12 18:03:15 - [TEST_STEP][PASSED] - sendKeys(findTestObject("Object Repository/checkout-step-one/input_Checkout Your Information_postalCode"), "9000"): Keys '9000' sent to object: 'Object Repository/checkout-step-one/input_Checkout Your Information_postalCode'

2023-05-12 18:03:16 - [MESSAGE][PASSED] - Keys '9000' sent to object: 'Object Repository/checkout-step-one/input_Checkout Your Information_postalCode'

2023-05-12 18:03:16 - [TEST_STEP][PASSED] - click(findTestObject("Object Repository/checkout-step-one/input_continue")): Object: 'Object Repository/checkout-step-one/input_continue' is clicked on

2023-05-12 18:03:16 - [MESSAGE][PASSED] - Object: 'Object Repository/checkout-step-one/input_continue' is clicked on

2023-05-12 18:03:16 - [TEST_STEP][PASSED] - click(findTestObject("Object Repository/finish checkout/button_Finish")): Object: 'Object Repository/finish checkout/button_Finish' is clicked on

2023-05-12 18:03:17 - [MESSAGE][PASSED] - Object: 'Object Repository/finish checkout/button_Finish' is clicked on

2023-05-12 18:03:17 - [TEST_STEP][PASSED] - verifyElementVisible(findTestObject("Object Repository/order-success/h2_Thank you for your order")): Object 'Object Repository/order-success/h2_Thank you for your order' is visible

2023-05-12 18:03:17 - [MESSAGE][PASSED] - Object 'Object Repository/order-success/h2_Thank you for your order' is visible

2023-05-12 18:03:17 - [TEST_STEP][PASSED] - click(findTestObject("Object Repository/NavSideBar/sidebar")): Object: 'Object Repository/NavSideBar/sidebar' is clicked on

2023-05-12 18:03:18 - [MESSAGE][PASSED] - Object: 'Object Repository/NavSideBar/sidebar' is clicked on

2023-05-12 18:03:18 - [TEST_STEP][PASSED] - click(findTestObject("Object Repository/NavSideBar/a_Logout")): Object: 'Object Repository/NavSideBar/a_Logout' is clicked on

2023-05-12 18:03:18 - [MESSAGE][PASSED] - Object: 'Object Repository/NavSideBar/a_Logout' is clicked on

2023-05-12 18:03:18 - [TEST_STEP][PASSED] - verifyElementVisible(findTestObject("Object Repository/Page_Swag Labs/input_Swag Labs_user-name")): Object 'Object Repository/Page_Swag Labs/input_Swag Labs_user-name' is visible

2023-05-12 18:03:19 - [MESSAGE][PASSED] - Object 'Object Repository/Page_Swag Labs/input_Swag Labs_user-name' is visible

2023-05-12 18:03:19 - [TEST_STEP][PASSED] - closeBrowser(): Browser is closed

2023-05-12 18:03:20 - [MESSAGE][PASSED] - Browser is closed]]></system-out>
         <system-err><![CDATA[]]></system-err>
      </testcase>
      <testcase name="Test Cases/test-flow-1-buy-1-product" time="11.963" classname="Test Cases/test-flow-1-buy-1-product" status="PASSED">
         <system-out><![CDATA[2023-05-12 18:03:20 - [TEST_CASE][PASSED] - Test Cases/test-flow-1-buy-1-product: Test Cases/test-flow-1-buy-1-product

2023-05-12 18:03:20 - [TEST_STEP][PASSED] - openBrowser("https://www.saucedemo.com/"): Browser is opened with url: 'https://www.saucedemo.com/'

2023-05-12 18:03:20 - [MESSAGE][INFO] - Starting 'Chrome' driver

2023-05-12 18:03:20 - [MESSAGE][INFO] - Action delay is set to 0 milliseconds

2023-05-12 18:03:21 - [MESSAGE][PASSED] - Browser is opened with url: 'https://www.saucedemo.com/'

2023-05-12 18:03:21 - [TEST_STEP][PASSED] - click(findTestObject("Object Repository/Page_Swag Labs/input_Swag Labs_user-name")): Object: 'Object Repository/Page_Swag Labs/input_Swag Labs_user-name' is clicked on

2023-05-12 18:03:22 - [MESSAGE][PASSED] - Object: 'Object Repository/Page_Swag Labs/input_Swag Labs_user-name' is clicked on

2023-05-12 18:03:22 - [TEST_STEP][PASSED] - sendKeys(findTestObject("Object Repository/Page_Swag Labs/input_Swag Labs_user-name"), "standard_user"): Keys 'standard_user' sent to object: 'Object Repository/Page_Swag Labs/input_Swag Labs_user-name'

2023-05-12 18:03:22 - [MESSAGE][PASSED] - Keys 'standard_user' sent to object: 'Object Repository/Page_Swag Labs/input_Swag Labs_user-name'

2023-05-12 18:03:22 - [TEST_STEP][PASSED] - click(findTestObject("Object Repository/Page_Swag Labs/input_Swag Labs_password")): Object: 'Object Repository/Page_Swag Labs/input_Swag Labs_password' is clicked on

2023-05-12 18:03:23 - [MESSAGE][PASSED] - Object: 'Object Repository/Page_Swag Labs/input_Swag Labs_password' is clicked on

2023-05-12 18:03:23 - [TEST_STEP][PASSED] - sendKeys(findTestObject("Object Repository/Page_Swag Labs/input_Swag Labs_password"), "secret_sauce"): Keys 'secret_sauce' sent to object: 'Object Repository/Page_Swag Labs/input_Swag Labs_password'

2023-05-12 18:03:23 - [MESSAGE][PASSED] - Keys 'secret_sauce' sent to object: 'Object Repository/Page_Swag Labs/input_Swag Labs_password'

2023-05-12 18:03:23 - [TEST_STEP][PASSED] - click(findTestObject("Object Repository/Page_Swag Labs/input_Swag Labs_login-button")): Object: 'Object Repository/Page_Swag Labs/input_Swag Labs_login-button' is clicked on

2023-05-12 18:03:23 - [MESSAGE][PASSED] - Object: 'Object Repository/Page_Swag Labs/input_Swag Labs_login-button' is clicked on

2023-05-12 18:03:23 - [TEST_STEP][PASSED] - click(findTestObject("Object Repository/inventoryPage/Backpack")): Object: 'Object Repository/inventoryPage/Backpack' is clicked on

2023-05-12 18:03:24 - [MESSAGE][PASSED] - Object: 'Object Repository/inventoryPage/Backpack' is clicked on

2023-05-12 18:03:24 - [TEST_STEP][PASSED] - click(findTestObject("Object Repository/inventoryPage/button_Add to cart")): Object: 'Object Repository/inventoryPage/button_Add to cart' is clicked on

2023-05-12 18:03:24 - [MESSAGE][PASSED] - Object: 'Object Repository/inventoryPage/button_Add to cart' is clicked on

2023-05-12 18:03:24 - [TEST_STEP][PASSED] - click(findTestObject("Object Repository/inventoryPage/products_back-image")): Object: 'Object Repository/inventoryPage/products_back-image' is clicked on

2023-05-12 18:03:25 - [MESSAGE][PASSED] - Object: 'Object Repository/inventoryPage/products_back-image' is clicked on

2023-05-12 18:03:25 - [TEST_STEP][PASSED] - click(findTestObject("Object Repository/inventoryPage/cart")): Object: 'Object Repository/inventoryPage/cart' is clicked on

2023-05-12 18:03:25 - [MESSAGE][PASSED] - Object: 'Object Repository/inventoryPage/cart' is clicked on

2023-05-12 18:03:25 - [TEST_STEP][PASSED] - click(findTestObject("Object Repository/CheckoutPage/button_Checkout")): Object: 'Object Repository/CheckoutPage/button_Checkout' is clicked on

2023-05-12 18:03:26 - [MESSAGE][PASSED] - Object: 'Object Repository/CheckoutPage/button_Checkout' is clicked on

2023-05-12 18:03:26 - [TEST_STEP][PASSED] - sendKeys(findTestObject("Object Repository/checkout-step-one/input_Checkout Your Information_firstName"), "demo"): Keys 'demo' sent to object: 'Object Repository/checkout-step-one/input_Checkout Your Information_firstName'

2023-05-12 18:03:26 - [MESSAGE][PASSED] - Keys 'demo' sent to object: 'Object Repository/checkout-step-one/input_Checkout Your Information_firstName'

2023-05-12 18:03:26 - [TEST_STEP][PASSED] - sendKeys(findTestObject("Object Repository/checkout-step-one/input_Checkout Your Information_lastName"), "qa test"): Keys 'qa test' sent to object: 'Object Repository/checkout-step-one/input_Checkout Your Information_lastName'

2023-05-12 18:03:27 - [MESSAGE][PASSED] - Keys 'qa test' sent to object: 'Object Repository/checkout-step-one/input_Checkout Your Information_lastName'

2023-05-12 18:03:27 - [TEST_STEP][PASSED] - sendKeys(findTestObject("Object Repository/checkout-step-one/input_Checkout Your Information_postalCode"), "9000"): Keys '9000' sent to object: 'Object Repository/checkout-step-one/input_Checkout Your Information_postalCode'

2023-05-12 18:03:28 - [MESSAGE][PASSED] - Keys '9000' sent to object: 'Object Repository/checkout-step-one/input_Checkout Your Information_postalCode'

2023-05-12 18:03:28 - [TEST_STEP][PASSED] - click(findTestObject("Object Repository/checkout-step-one/input_continue")): Object: 'Object Repository/checkout-step-one/input_continue' is clicked on

2023-05-12 18:03:28 - [MESSAGE][PASSED] - Object: 'Object Repository/checkout-step-one/input_continue' is clicked on

2023-05-12 18:03:28 - [TEST_STEP][PASSED] - click(findTestObject("Object Repository/finish checkout/button_Finish")): Object: 'Object Repository/finish checkout/button_Finish' is clicked on

2023-05-12 18:03:29 - [MESSAGE][PASSED] - Object: 'Object Repository/finish checkout/button_Finish' is clicked on

2023-05-12 18:03:29 - [TEST_STEP][PASSED] - verifyElementVisible(findTestObject("Object Repository/order-success/h2_Thank you for your order")): Object 'Object Repository/order-success/h2_Thank you for your order' is visible

2023-05-12 18:03:29 - [MESSAGE][PASSED] - Object 'Object Repository/order-success/h2_Thank you for your order' is visible

2023-05-12 18:03:29 - [TEST_STEP][PASSED] - click(findTestObject("Object Repository/NavSideBar/sidebar")): Object: 'Object Repository/NavSideBar/sidebar' is clicked on

2023-05-12 18:03:30 - [MESSAGE][PASSED] - Object: 'Object Repository/NavSideBar/sidebar' is clicked on

2023-05-12 18:03:30 - [TEST_STEP][PASSED] - click(findTestObject("Object Repository/NavSideBar/a_Logout")): Object: 'Object Repository/NavSideBar/a_Logout' is clicked on

2023-05-12 18:03:30 - [MESSAGE][PASSED] - Object: 'Object Repository/NavSideBar/a_Logout' is clicked on

2023-05-12 18:03:30 - [TEST_STEP][PASSED] - verifyElementVisible(findTestObject("Object Repository/Page_Swag Labs/input_Swag Labs_user-name")): Object 'Object Repository/Page_Swag Labs/input_Swag Labs_user-name' is visible

2023-05-12 18:03:31 - [MESSAGE][PASSED] - Object 'Object Repository/Page_Swag Labs/input_Swag Labs_user-name' is visible

2023-05-12 18:03:31 - [TEST_STEP][PASSED] - closeBrowser(): Browser is closed

2023-05-12 18:03:31 - [MESSAGE][PASSED] - Browser is closed]]></system-out>
         <system-err><![CDATA[]]></system-err>
      </testcase>
      <testcase name="Test Cases/test-flow-1-buy-1-product" time="12.051" classname="Test Cases/test-flow-1-buy-1-product" status="PASSED">
         <system-out><![CDATA[2023-05-12 18:03:31 - [TEST_CASE][PASSED] - Test Cases/test-flow-1-buy-1-product: Test Cases/test-flow-1-buy-1-product

2023-05-12 18:03:31 - [TEST_STEP][PASSED] - openBrowser("https://www.saucedemo.com/"): Browser is opened with url: 'https://www.saucedemo.com/'

2023-05-12 18:03:31 - [MESSAGE][INFO] - Starting 'Chrome' driver

2023-05-12 18:03:31 - [MESSAGE][INFO] - Action delay is set to 0 milliseconds

2023-05-12 18:03:34 - [MESSAGE][PASSED] - Browser is opened with url: 'https://www.saucedemo.com/'

2023-05-12 18:03:34 - [TEST_STEP][PASSED] - click(findTestObject("Object Repository/Page_Swag Labs/input_Swag Labs_user-name")): Object: 'Object Repository/Page_Swag Labs/input_Swag Labs_user-name' is clicked on

2023-05-12 18:03:34 - [MESSAGE][PASSED] - Object: 'Object Repository/Page_Swag Labs/input_Swag Labs_user-name' is clicked on

2023-05-12 18:03:34 - [TEST_STEP][PASSED] - sendKeys(findTestObject("Object Repository/Page_Swag Labs/input_Swag Labs_user-name"), "standard_user"): Keys 'standard_user' sent to object: 'Object Repository/Page_Swag Labs/input_Swag Labs_user-name'

2023-05-12 18:03:35 - [MESSAGE][PASSED] - Keys 'standard_user' sent to object: 'Object Repository/Page_Swag Labs/input_Swag Labs_user-name'

2023-05-12 18:03:35 - [TEST_STEP][PASSED] - click(findTestObject("Object Repository/Page_Swag Labs/input_Swag Labs_password")): Object: 'Object Repository/Page_Swag Labs/input_Swag Labs_password' is clicked on

2023-05-12 18:03:35 - [MESSAGE][PASSED] - Object: 'Object Repository/Page_Swag Labs/input_Swag Labs_password' is clicked on

2023-05-12 18:03:35 - [TEST_STEP][PASSED] - sendKeys(findTestObject("Object Repository/Page_Swag Labs/input_Swag Labs_password"), "secret_sauce"): Keys 'secret_sauce' sent to object: 'Object Repository/Page_Swag Labs/input_Swag Labs_password'

2023-05-12 18:03:35 - [MESSAGE][PASSED] - Keys 'secret_sauce' sent to object: 'Object Repository/Page_Swag Labs/input_Swag Labs_password'

2023-05-12 18:03:35 - [TEST_STEP][PASSED] - click(findTestObject("Object Repository/Page_Swag Labs/input_Swag Labs_login-button")): Object: 'Object Repository/Page_Swag Labs/input_Swag Labs_login-button' is clicked on

2023-05-12 18:03:36 - [MESSAGE][PASSED] - Object: 'Object Repository/Page_Swag Labs/input_Swag Labs_login-button' is clicked on

2023-05-12 18:03:36 - [TEST_STEP][PASSED] - click(findTestObject("Object Repository/inventoryPage/Backpack")): Object: 'Object Repository/inventoryPage/Backpack' is clicked on

2023-05-12 18:03:36 - [MESSAGE][PASSED] - Object: 'Object Repository/inventoryPage/Backpack' is clicked on

2023-05-12 18:03:36 - [TEST_STEP][PASSED] - click(findTestObject("Object Repository/inventoryPage/button_Add to cart")): Object: 'Object Repository/inventoryPage/button_Add to cart' is clicked on

2023-05-12 18:03:37 - [MESSAGE][PASSED] - Object: 'Object Repository/inventoryPage/button_Add to cart' is clicked on

2023-05-12 18:03:37 - [TEST_STEP][PASSED] - click(findTestObject("Object Repository/inventoryPage/products_back-image")): Object: 'Object Repository/inventoryPage/products_back-image' is clicked on

2023-05-12 18:03:37 - [MESSAGE][PASSED] - Object: 'Object Repository/inventoryPage/products_back-image' is clicked on

2023-05-12 18:03:37 - [TEST_STEP][PASSED] - click(findTestObject("Object Repository/inventoryPage/cart")): Object: 'Object Repository/inventoryPage/cart' is clicked on

2023-05-12 18:03:38 - [MESSAGE][PASSED] - Object: 'Object Repository/inventoryPage/cart' is clicked on

2023-05-12 18:03:38 - [TEST_STEP][PASSED] - click(findTestObject("Object Repository/CheckoutPage/button_Checkout")): Object: 'Object Repository/CheckoutPage/button_Checkout' is clicked on

2023-05-12 18:03:38 - [MESSAGE][PASSED] - Object: 'Object Repository/CheckoutPage/button_Checkout' is clicked on

2023-05-12 18:03:38 - [TEST_STEP][PASSED] - sendKeys(findTestObject("Object Repository/checkout-step-one/input_Checkout Your Information_firstName"), "demo"): Keys 'demo' sent to object: 'Object Repository/checkout-step-one/input_Checkout Your Information_firstName'

2023-05-12 18:03:39 - [MESSAGE][PASSED] - Keys 'demo' sent to object: 'Object Repository/checkout-step-one/input_Checkout Your Information_firstName'

2023-05-12 18:03:39 - [TEST_STEP][PASSED] - sendKeys(findTestObject("Object Repository/checkout-step-one/input_Checkout Your Information_lastName"), "qa test"): Keys 'qa test' sent to object: 'Object Repository/checkout-step-one/input_Checkout Your Information_lastName'

2023-05-12 18:03:39 - [MESSAGE][PASSED] - Keys 'qa test' sent to object: 'Object Repository/checkout-step-one/input_Checkout Your Information_lastName'

2023-05-12 18:03:39 - [TEST_STEP][PASSED] - sendKeys(findTestObject("Object Repository/checkout-step-one/input_Checkout Your Information_postalCode"), "9000"): Keys '9000' sent to object: 'Object Repository/checkout-step-one/input_Checkout Your Information_postalCode'

2023-05-12 18:03:40 - [MESSAGE][PASSED] - Keys '9000' sent to object: 'Object Repository/checkout-step-one/input_Checkout Your Information_postalCode'

2023-05-12 18:03:40 - [TEST_STEP][PASSED] - click(findTestObject("Object Repository/checkout-step-one/input_continue")): Object: 'Object Repository/checkout-step-one/input_continue' is clicked on

2023-05-12 18:03:40 - [MESSAGE][PASSED] - Object: 'Object Repository/checkout-step-one/input_continue' is clicked on

2023-05-12 18:03:40 - [TEST_STEP][PASSED] - click(findTestObject("Object Repository/finish checkout/button_Finish")): Object: 'Object Repository/finish checkout/button_Finish' is clicked on

2023-05-12 18:03:41 - [MESSAGE][PASSED] - Object: 'Object Repository/finish checkout/button_Finish' is clicked on

2023-05-12 18:03:41 - [TEST_STEP][PASSED] - verifyElementVisible(findTestObject("Object Repository/order-success/h2_Thank you for your order")): Object 'Object Repository/order-success/h2_Thank you for your order' is visible

2023-05-12 18:03:41 - [MESSAGE][PASSED] - Object 'Object Repository/order-success/h2_Thank you for your order' is visible

2023-05-12 18:03:41 - [TEST_STEP][PASSED] - click(findTestObject("Object Repository/NavSideBar/sidebar")): Object: 'Object Repository/NavSideBar/sidebar' is clicked on

2023-05-12 18:03:42 - [MESSAGE][PASSED] - Object: 'Object Repository/NavSideBar/sidebar' is clicked on

2023-05-12 18:03:42 - [TEST_STEP][PASSED] - click(findTestObject("Object Repository/NavSideBar/a_Logout")): Object: 'Object Repository/NavSideBar/a_Logout' is clicked on

2023-05-12 18:03:42 - [MESSAGE][PASSED] - Object: 'Object Repository/NavSideBar/a_Logout' is clicked on

2023-05-12 18:03:42 - [TEST_STEP][PASSED] - verifyElementVisible(findTestObject("Object Repository/Page_Swag Labs/input_Swag Labs_user-name")): Object 'Object Repository/Page_Swag Labs/input_Swag Labs_user-name' is visible

2023-05-12 18:03:43 - [MESSAGE][PASSED] - Object 'Object Repository/Page_Swag Labs/input_Swag Labs_user-name' is visible

2023-05-12 18:03:43 - [TEST_STEP][PASSED] - closeBrowser(): Browser is closed

2023-05-12 18:03:44 - [MESSAGE][PASSED] - Browser is closed]]></system-out>
         <system-err><![CDATA[]]></system-err>
      </testcase>
      <testcase name="Test Cases/test-flow-1-buy-1-product" time="11.997" classname="Test Cases/test-flow-1-buy-1-product" status="PASSED">
         <system-out><![CDATA[2023-05-12 18:03:44 - [TEST_CASE][PASSED] - Test Cases/test-flow-1-buy-1-product: Test Cases/test-flow-1-buy-1-product

2023-05-12 18:03:44 - [TEST_STEP][PASSED] - openBrowser("https://www.saucedemo.com/"): Browser is opened with url: 'https://www.saucedemo.com/'

2023-05-12 18:03:44 - [MESSAGE][INFO] - Starting 'Chrome' driver

2023-05-12 18:03:44 - [MESSAGE][INFO] - Action delay is set to 0 milliseconds

2023-05-12 18:03:46 - [MESSAGE][PASSED] - Browser is opened with url: 'https://www.saucedemo.com/'

2023-05-12 18:03:46 - [TEST_STEP][PASSED] - click(findTestObject("Object Repository/Page_Swag Labs/input_Swag Labs_user-name")): Object: 'Object Repository/Page_Swag Labs/input_Swag Labs_user-name' is clicked on

2023-05-12 18:03:46 - [MESSAGE][PASSED] - Object: 'Object Repository/Page_Swag Labs/input_Swag Labs_user-name' is clicked on

2023-05-12 18:03:46 - [TEST_STEP][PASSED] - sendKeys(findTestObject("Object Repository/Page_Swag Labs/input_Swag Labs_user-name"), "standard_user"): Keys 'standard_user' sent to object: 'Object Repository/Page_Swag Labs/input_Swag Labs_user-name'

2023-05-12 18:03:46 - [MESSAGE][PASSED] - Keys 'standard_user' sent to object: 'Object Repository/Page_Swag Labs/input_Swag Labs_user-name'

2023-05-12 18:03:46 - [TEST_STEP][PASSED] - click(findTestObject("Object Repository/Page_Swag Labs/input_Swag Labs_password")): Object: 'Object Repository/Page_Swag Labs/input_Swag Labs_password' is clicked on

2023-05-12 18:03:47 - [MESSAGE][PASSED] - Object: 'Object Repository/Page_Swag Labs/input_Swag Labs_password' is clicked on

2023-05-12 18:03:47 - [TEST_STEP][PASSED] - sendKeys(findTestObject("Object Repository/Page_Swag Labs/input_Swag Labs_password"), "secret_sauce"): Keys 'secret_sauce' sent to object: 'Object Repository/Page_Swag Labs/input_Swag Labs_password'

2023-05-12 18:03:47 - [MESSAGE][PASSED] - Keys 'secret_sauce' sent to object: 'Object Repository/Page_Swag Labs/input_Swag Labs_password'

2023-05-12 18:03:47 - [TEST_STEP][PASSED] - click(findTestObject("Object Repository/Page_Swag Labs/input_Swag Labs_login-button")): Object: 'Object Repository/Page_Swag Labs/input_Swag Labs_login-button' is clicked on

2023-05-12 18:03:47 - [MESSAGE][PASSED] - Object: 'Object Repository/Page_Swag Labs/input_Swag Labs_login-button' is clicked on

2023-05-12 18:03:47 - [TEST_STEP][PASSED] - click(findTestObject("Object Repository/inventoryPage/Backpack")): Object: 'Object Repository/inventoryPage/Backpack' is clicked on

2023-05-12 18:03:48 - [MESSAGE][PASSED] - Object: 'Object Repository/inventoryPage/Backpack' is clicked on

2023-05-12 18:03:48 - [TEST_STEP][PASSED] - click(findTestObject("Object Repository/inventoryPage/button_Add to cart")): Object: 'Object Repository/inventoryPage/button_Add to cart' is clicked on

2023-05-12 18:03:48 - [MESSAGE][PASSED] - Object: 'Object Repository/inventoryPage/button_Add to cart' is clicked on

2023-05-12 18:03:48 - [TEST_STEP][PASSED] - click(findTestObject("Object Repository/inventoryPage/products_back-image")): Object: 'Object Repository/inventoryPage/products_back-image' is clicked on

2023-05-12 18:03:49 - [MESSAGE][PASSED] - Object: 'Object Repository/inventoryPage/products_back-image' is clicked on

2023-05-12 18:03:49 - [TEST_STEP][PASSED] - click(findTestObject("Object Repository/inventoryPage/cart")): Object: 'Object Repository/inventoryPage/cart' is clicked on

2023-05-12 18:03:50 - [MESSAGE][PASSED] - Object: 'Object Repository/inventoryPage/cart' is clicked on

2023-05-12 18:03:50 - [TEST_STEP][PASSED] - click(findTestObject("Object Repository/CheckoutPage/button_Checkout")): Object: 'Object Repository/CheckoutPage/button_Checkout' is clicked on

2023-05-12 18:03:50 - [MESSAGE][PASSED] - Object: 'Object Repository/CheckoutPage/button_Checkout' is clicked on

2023-05-12 18:03:50 - [TEST_STEP][PASSED] - sendKeys(findTestObject("Object Repository/checkout-step-one/input_Checkout Your Information_firstName"), "demo"): Keys 'demo' sent to object: 'Object Repository/checkout-step-one/input_Checkout Your Information_firstName'

2023-05-12 18:03:51 - [MESSAGE][PASSED] - Keys 'demo' sent to object: 'Object Repository/checkout-step-one/input_Checkout Your Information_firstName'

2023-05-12 18:03:51 - [TEST_STEP][PASSED] - sendKeys(findTestObject("Object Repository/checkout-step-one/input_Checkout Your Information_lastName"), "qa test"): Keys 'qa test' sent to object: 'Object Repository/checkout-step-one/input_Checkout Your Information_lastName'

2023-05-12 18:03:51 - [MESSAGE][PASSED] - Keys 'qa test' sent to object: 'Object Repository/checkout-step-one/input_Checkout Your Information_lastName'

2023-05-12 18:03:51 - [TEST_STEP][PASSED] - sendKeys(findTestObject("Object Repository/checkout-step-one/input_Checkout Your Information_postalCode"), "9000"): Keys '9000' sent to object: 'Object Repository/checkout-step-one/input_Checkout Your Information_postalCode'

2023-05-12 18:03:52 - [MESSAGE][PASSED] - Keys '9000' sent to object: 'Object Repository/checkout-step-one/input_Checkout Your Information_postalCode'

2023-05-12 18:03:52 - [TEST_STEP][PASSED] - click(findTestObject("Object Repository/checkout-step-one/input_continue")): Object: 'Object Repository/checkout-step-one/input_continue' is clicked on

2023-05-12 18:03:52 - [MESSAGE][PASSED] - Object: 'Object Repository/checkout-step-one/input_continue' is clicked on

2023-05-12 18:03:52 - [TEST_STEP][PASSED] - click(findTestObject("Object Repository/finish checkout/button_Finish")): Object: 'Object Repository/finish checkout/button_Finish' is clicked on

2023-05-12 18:03:53 - [MESSAGE][PASSED] - Object: 'Object Repository/finish checkout/button_Finish' is clicked on

2023-05-12 18:03:53 - [TEST_STEP][PASSED] - verifyElementVisible(findTestObject("Object Repository/order-success/h2_Thank you for your order")): Object 'Object Repository/order-success/h2_Thank you for your order' is visible

2023-05-12 18:03:53 - [MESSAGE][PASSED] - Object 'Object Repository/order-success/h2_Thank you for your order' is visible

2023-05-12 18:03:53 - [TEST_STEP][PASSED] - click(findTestObject("Object Repository/NavSideBar/sidebar")): Object: 'Object Repository/NavSideBar/sidebar' is clicked on

2023-05-12 18:03:54 - [MESSAGE][PASSED] - Object: 'Object Repository/NavSideBar/sidebar' is clicked on

2023-05-12 18:03:54 - [TEST_STEP][PASSED] - click(findTestObject("Object Repository/NavSideBar/a_Logout")): Object: 'Object Repository/NavSideBar/a_Logout' is clicked on

2023-05-12 18:03:54 - [MESSAGE][PASSED] - Object: 'Object Repository/NavSideBar/a_Logout' is clicked on

2023-05-12 18:03:54 - [TEST_STEP][PASSED] - verifyElementVisible(findTestObject("Object Repository/Page_Swag Labs/input_Swag Labs_user-name")): Object 'Object Repository/Page_Swag Labs/input_Swag Labs_user-name' is visible

2023-05-12 18:03:55 - [MESSAGE][PASSED] - Object 'Object Repository/Page_Swag Labs/input_Swag Labs_user-name' is visible

2023-05-12 18:03:55 - [TEST_STEP][PASSED] - closeBrowser(): Browser is closed

2023-05-12 18:03:56 - [MESSAGE][PASSED] - Browser is closed]]></system-out>
         <system-err><![CDATA[]]></system-err>
      </testcase>
      <testcase name="Test Cases/test-flow-1-buy-1-product" time="12.118" classname="Test Cases/test-flow-1-buy-1-product" status="PASSED">
         <system-out><![CDATA[2023-05-12 18:03:56 - [TEST_CASE][PASSED] - Test Cases/test-flow-1-buy-1-product: Test Cases/test-flow-1-buy-1-product

2023-05-12 18:03:56 - [TEST_STEP][PASSED] - openBrowser("https://www.saucedemo.com/"): Browser is opened with url: 'https://www.saucedemo.com/'

2023-05-12 18:03:56 - [MESSAGE][INFO] - Starting 'Chrome' driver

2023-05-12 18:03:56 - [MESSAGE][INFO] - Action delay is set to 0 milliseconds

2023-05-12 18:03:58 - [MESSAGE][PASSED] - Browser is opened with url: 'https://www.saucedemo.com/'

2023-05-12 18:03:58 - [TEST_STEP][PASSED] - click(findTestObject("Object Repository/Page_Swag Labs/input_Swag Labs_user-name")): Object: 'Object Repository/Page_Swag Labs/input_Swag Labs_user-name' is clicked on

2023-05-12 18:03:58 - [MESSAGE][PASSED] - Object: 'Object Repository/Page_Swag Labs/input_Swag Labs_user-name' is clicked on

2023-05-12 18:03:58 - [TEST_STEP][PASSED] - sendKeys(findTestObject("Object Repository/Page_Swag Labs/input_Swag Labs_user-name"), "standard_user"): Keys 'standard_user' sent to object: 'Object Repository/Page_Swag Labs/input_Swag Labs_user-name'

2023-05-12 18:03:58 - [MESSAGE][PASSED] - Keys 'standard_user' sent to object: 'Object Repository/Page_Swag Labs/input_Swag Labs_user-name'

2023-05-12 18:03:58 - [TEST_STEP][PASSED] - click(findTestObject("Object Repository/Page_Swag Labs/input_Swag Labs_password")): Object: 'Object Repository/Page_Swag Labs/input_Swag Labs_password' is clicked on

2023-05-12 18:03:59 - [MESSAGE][PASSED] - Object: 'Object Repository/Page_Swag Labs/input_Swag Labs_password' is clicked on

2023-05-12 18:03:59 - [TEST_STEP][PASSED] - sendKeys(findTestObject("Object Repository/Page_Swag Labs/input_Swag Labs_password"), "secret_sauce"): Keys 'secret_sauce' sent to object: 'Object Repository/Page_Swag Labs/input_Swag Labs_password'

2023-05-12 18:03:59 - [MESSAGE][PASSED] - Keys 'secret_sauce' sent to object: 'Object Repository/Page_Swag Labs/input_Swag Labs_password'

2023-05-12 18:03:59 - [TEST_STEP][PASSED] - click(findTestObject("Object Repository/Page_Swag Labs/input_Swag Labs_login-button")): Object: 'Object Repository/Page_Swag Labs/input_Swag Labs_login-button' is clicked on

2023-05-12 18:03:59 - [MESSAGE][PASSED] - Object: 'Object Repository/Page_Swag Labs/input_Swag Labs_login-button' is clicked on

2023-05-12 18:03:59 - [TEST_STEP][PASSED] - click(findTestObject("Object Repository/inventoryPage/Backpack")): Object: 'Object Repository/inventoryPage/Backpack' is clicked on

2023-05-12 18:04:00 - [MESSAGE][PASSED] - Object: 'Object Repository/inventoryPage/Backpack' is clicked on

2023-05-12 18:04:00 - [TEST_STEP][PASSED] - click(findTestObject("Object Repository/inventoryPage/button_Add to cart")): Object: 'Object Repository/inventoryPage/button_Add to cart' is clicked on

2023-05-12 18:04:00 - [MESSAGE][PASSED] - Object: 'Object Repository/inventoryPage/button_Add to cart' is clicked on

2023-05-12 18:04:00 - [TEST_STEP][PASSED] - click(findTestObject("Object Repository/inventoryPage/products_back-image")): Object: 'Object Repository/inventoryPage/products_back-image' is clicked on

2023-05-12 18:04:01 - [MESSAGE][PASSED] - Object: 'Object Repository/inventoryPage/products_back-image' is clicked on

2023-05-12 18:04:01 - [TEST_STEP][PASSED] - click(findTestObject("Object Repository/inventoryPage/cart")): Object: 'Object Repository/inventoryPage/cart' is clicked on

2023-05-12 18:04:01 - [MESSAGE][PASSED] - Object: 'Object Repository/inventoryPage/cart' is clicked on

2023-05-12 18:04:01 - [TEST_STEP][PASSED] - click(findTestObject("Object Repository/CheckoutPage/button_Checkout")): Object: 'Object Repository/CheckoutPage/button_Checkout' is clicked on

2023-05-12 18:04:02 - [MESSAGE][PASSED] - Object: 'Object Repository/CheckoutPage/button_Checkout' is clicked on

2023-05-12 18:04:02 - [TEST_STEP][PASSED] - sendKeys(findTestObject("Object Repository/checkout-step-one/input_Checkout Your Information_firstName"), "demo"): Keys 'demo' sent to object: 'Object Repository/checkout-step-one/input_Checkout Your Information_firstName'

2023-05-12 18:04:03 - [MESSAGE][PASSED] - Keys 'demo' sent to object: 'Object Repository/checkout-step-one/input_Checkout Your Information_firstName'

2023-05-12 18:04:03 - [TEST_STEP][PASSED] - sendKeys(findTestObject("Object Repository/checkout-step-one/input_Checkout Your Information_lastName"), "qa test"): Keys 'qa test' sent to object: 'Object Repository/checkout-step-one/input_Checkout Your Information_lastName'

2023-05-12 18:04:03 - [MESSAGE][PASSED] - Keys 'qa test' sent to object: 'Object Repository/checkout-step-one/input_Checkout Your Information_lastName'

2023-05-12 18:04:03 - [TEST_STEP][PASSED] - sendKeys(findTestObject("Object Repository/checkout-step-one/input_Checkout Your Information_postalCode"), "9000"): Keys '9000' sent to object: 'Object Repository/checkout-step-one/input_Checkout Your Information_postalCode'

2023-05-12 18:04:04 - [MESSAGE][PASSED] - Keys '9000' sent to object: 'Object Repository/checkout-step-one/input_Checkout Your Information_postalCode'

2023-05-12 18:04:04 - [TEST_STEP][PASSED] - click(findTestObject("Object Repository/checkout-step-one/input_continue")): Object: 'Object Repository/checkout-step-one/input_continue' is clicked on

2023-05-12 18:04:04 - [MESSAGE][PASSED] - Object: 'Object Repository/checkout-step-one/input_continue' is clicked on

2023-05-12 18:04:04 - [TEST_STEP][PASSED] - click(findTestObject("Object Repository/finish checkout/button_Finish")): Object: 'Object Repository/finish checkout/button_Finish' is clicked on

2023-05-12 18:04:05 - [MESSAGE][PASSED] - Object: 'Object Repository/finish checkout/button_Finish' is clicked on

2023-05-12 18:04:05 - [TEST_STEP][PASSED] - verifyElementVisible(findTestObject("Object Repository/order-success/h2_Thank you for your order")): Object 'Object Repository/order-success/h2_Thank you for your order' is visible

2023-05-12 18:04:05 - [MESSAGE][PASSED] - Object 'Object Repository/order-success/h2_Thank you for your order' is visible

2023-05-12 18:04:05 - [TEST_STEP][PASSED] - click(findTestObject("Object Repository/NavSideBar/sidebar")): Object: 'Object Repository/NavSideBar/sidebar' is clicked on

2023-05-12 18:04:06 - [MESSAGE][PASSED] - Object: 'Object Repository/NavSideBar/sidebar' is clicked on

2023-05-12 18:04:06 - [TEST_STEP][PASSED] - click(findTestObject("Object Repository/NavSideBar/a_Logout")): Object: 'Object Repository/NavSideBar/a_Logout' is clicked on

2023-05-12 18:04:06 - [MESSAGE][PASSED] - Object: 'Object Repository/NavSideBar/a_Logout' is clicked on

2023-05-12 18:04:06 - [TEST_STEP][PASSED] - verifyElementVisible(findTestObject("Object Repository/Page_Swag Labs/input_Swag Labs_user-name")): Object 'Object Repository/Page_Swag Labs/input_Swag Labs_user-name' is visible

2023-05-12 18:04:07 - [MESSAGE][PASSED] - Object 'Object Repository/Page_Swag Labs/input_Swag Labs_user-name' is visible

2023-05-12 18:04:07 - [TEST_STEP][PASSED] - closeBrowser(): Browser is closed

2023-05-12 18:04:08 - [MESSAGE][PASSED] - Browser is closed]]></system-out>
         <system-err><![CDATA[]]></system-err>
      </testcase>
      <testcase name="Test Cases/test-flow-1-buy-1-product" time="12.06" classname="Test Cases/test-flow-1-buy-1-product" status="PASSED">
         <system-out><![CDATA[2023-05-12 18:04:08 - [TEST_CASE][PASSED] - Test Cases/test-flow-1-buy-1-product: Test Cases/test-flow-1-buy-1-product

2023-05-12 18:04:08 - [TEST_STEP][PASSED] - openBrowser("https://www.saucedemo.com/"): Browser is opened with url: 'https://www.saucedemo.com/'

2023-05-12 18:04:08 - [MESSAGE][INFO] - Starting 'Chrome' driver

2023-05-12 18:04:08 - [MESSAGE][INFO] - Action delay is set to 0 milliseconds

2023-05-12 18:04:10 - [MESSAGE][PASSED] - Browser is opened with url: 'https://www.saucedemo.com/'

2023-05-12 18:04:10 - [TEST_STEP][PASSED] - click(findTestObject("Object Repository/Page_Swag Labs/input_Swag Labs_user-name")): Object: 'Object Repository/Page_Swag Labs/input_Swag Labs_user-name' is clicked on

2023-05-12 18:04:10 - [MESSAGE][PASSED] - Object: 'Object Repository/Page_Swag Labs/input_Swag Labs_user-name' is clicked on

2023-05-12 18:04:10 - [TEST_STEP][PASSED] - sendKeys(findTestObject("Object Repository/Page_Swag Labs/input_Swag Labs_user-name"), "standard_user"): Keys 'standard_user' sent to object: 'Object Repository/Page_Swag Labs/input_Swag Labs_user-name'

2023-05-12 18:04:10 - [MESSAGE][PASSED] - Keys 'standard_user' sent to object: 'Object Repository/Page_Swag Labs/input_Swag Labs_user-name'

2023-05-12 18:04:10 - [TEST_STEP][PASSED] - click(findTestObject("Object Repository/Page_Swag Labs/input_Swag Labs_password")): Object: 'Object Repository/Page_Swag Labs/input_Swag Labs_password' is clicked on

2023-05-12 18:04:11 - [MESSAGE][PASSED] - Object: 'Object Repository/Page_Swag Labs/input_Swag Labs_password' is clicked on

2023-05-12 18:04:11 - [TEST_STEP][PASSED] - sendKeys(findTestObject("Object Repository/Page_Swag Labs/input_Swag Labs_password"), "secret_sauce"): Keys 'secret_sauce' sent to object: 'Object Repository/Page_Swag Labs/input_Swag Labs_password'

2023-05-12 18:04:11 - [MESSAGE][PASSED] - Keys 'secret_sauce' sent to object: 'Object Repository/Page_Swag Labs/input_Swag Labs_password'

2023-05-12 18:04:11 - [TEST_STEP][PASSED] - click(findTestObject("Object Repository/Page_Swag Labs/input_Swag Labs_login-button")): Object: 'Object Repository/Page_Swag Labs/input_Swag Labs_login-button' is clicked on

2023-05-12 18:04:12 - [MESSAGE][PASSED] - Object: 'Object Repository/Page_Swag Labs/input_Swag Labs_login-button' is clicked on

2023-05-12 18:04:12 - [TEST_STEP][PASSED] - click(findTestObject("Object Repository/inventoryPage/Backpack")): Object: 'Object Repository/inventoryPage/Backpack' is clicked on

2023-05-12 18:04:12 - [MESSAGE][PASSED] - Object: 'Object Repository/inventoryPage/Backpack' is clicked on

2023-05-12 18:04:12 - [TEST_STEP][PASSED] - click(findTestObject("Object Repository/inventoryPage/button_Add to cart")): Object: 'Object Repository/inventoryPage/button_Add to cart' is clicked on

2023-05-12 18:04:12 - [MESSAGE][PASSED] - Object: 'Object Repository/inventoryPage/button_Add to cart' is clicked on

2023-05-12 18:04:12 - [TEST_STEP][PASSED] - click(findTestObject("Object Repository/inventoryPage/products_back-image")): Object: 'Object Repository/inventoryPage/products_back-image' is clicked on

2023-05-12 18:04:13 - [MESSAGE][PASSED] - Object: 'Object Repository/inventoryPage/products_back-image' is clicked on

2023-05-12 18:04:13 - [TEST_STEP][PASSED] - click(findTestObject("Object Repository/inventoryPage/cart")): Object: 'Object Repository/inventoryPage/cart' is clicked on

2023-05-12 18:04:14 - [MESSAGE][PASSED] - Object: 'Object Repository/inventoryPage/cart' is clicked on

2023-05-12 18:04:14 - [TEST_STEP][PASSED] - click(findTestObject("Object Repository/CheckoutPage/button_Checkout")): Object: 'Object Repository/CheckoutPage/button_Checkout' is clicked on

2023-05-12 18:04:14 - [MESSAGE][PASSED] - Object: 'Object Repository/CheckoutPage/button_Checkout' is clicked on

2023-05-12 18:04:14 - [TEST_STEP][PASSED] - sendKeys(findTestObject("Object Repository/checkout-step-one/input_Checkout Your Information_firstName"), "demo"): Keys 'demo' sent to object: 'Object Repository/checkout-step-one/input_Checkout Your Information_firstName'

2023-05-12 18:04:15 - [MESSAGE][PASSED] - Keys 'demo' sent to object: 'Object Repository/checkout-step-one/input_Checkout Your Information_firstName'

2023-05-12 18:04:15 - [TEST_STEP][PASSED] - sendKeys(findTestObject("Object Repository/checkout-step-one/input_Checkout Your Information_lastName"), "qa test"): Keys 'qa test' sent to object: 'Object Repository/checkout-step-one/input_Checkout Your Information_lastName'

2023-05-12 18:04:15 - [MESSAGE][PASSED] - Keys 'qa test' sent to object: 'Object Repository/checkout-step-one/input_Checkout Your Information_lastName'

2023-05-12 18:04:15 - [TEST_STEP][PASSED] - sendKeys(findTestObject("Object Repository/checkout-step-one/input_Checkout Your Information_postalCode"), "9000"): Keys '9000' sent to object: 'Object Repository/checkout-step-one/input_Checkout Your Information_postalCode'

2023-05-12 18:04:16 - [MESSAGE][PASSED] - Keys '9000' sent to object: 'Object Repository/checkout-step-one/input_Checkout Your Information_postalCode'

2023-05-12 18:04:16 - [TEST_STEP][PASSED] - click(findTestObject("Object Repository/checkout-step-one/input_continue")): Object: 'Object Repository/checkout-step-one/input_continue' is clicked on

2023-05-12 18:04:16 - [MESSAGE][PASSED] - Object: 'Object Repository/checkout-step-one/input_continue' is clicked on

2023-05-12 18:04:16 - [TEST_STEP][PASSED] - click(findTestObject("Object Repository/finish checkout/button_Finish")): Object: 'Object Repository/finish checkout/button_Finish' is clicked on

2023-05-12 18:04:17 - [MESSAGE][PASSED] - Object: 'Object Repository/finish checkout/button_Finish' is clicked on

2023-05-12 18:04:17 - [TEST_STEP][PASSED] - verifyElementVisible(findTestObject("Object Repository/order-success/h2_Thank you for your order")): Object 'Object Repository/order-success/h2_Thank you for your order' is visible

2023-05-12 18:04:18 - [MESSAGE][PASSED] - Object 'Object Repository/order-success/h2_Thank you for your order' is visible

2023-05-12 18:04:18 - [TEST_STEP][PASSED] - click(findTestObject("Object Repository/NavSideBar/sidebar")): Object: 'Object Repository/NavSideBar/sidebar' is clicked on

2023-05-12 18:04:18 - [MESSAGE][PASSED] - Object: 'Object Repository/NavSideBar/sidebar' is clicked on

2023-05-12 18:04:18 - [TEST_STEP][PASSED] - click(findTestObject("Object Repository/NavSideBar/a_Logout")): Object: 'Object Repository/NavSideBar/a_Logout' is clicked on

2023-05-12 18:04:18 - [MESSAGE][PASSED] - Object: 'Object Repository/NavSideBar/a_Logout' is clicked on

2023-05-12 18:04:18 - [TEST_STEP][PASSED] - verifyElementVisible(findTestObject("Object Repository/Page_Swag Labs/input_Swag Labs_user-name")): Object 'Object Repository/Page_Swag Labs/input_Swag Labs_user-name' is visible

2023-05-12 18:04:19 - [MESSAGE][PASSED] - Object 'Object Repository/Page_Swag Labs/input_Swag Labs_user-name' is visible

2023-05-12 18:04:19 - [TEST_STEP][PASSED] - closeBrowser(): Browser is closed

2023-05-12 18:04:20 - [MESSAGE][PASSED] - Browser is closed]]></system-out>
         <system-err><![CDATA[]]></system-err>
      </testcase>
      <testcase name="Test Cases/test-flow-1-buy-1-product" time="12.221" classname="Test Cases/test-flow-1-buy-1-product" status="PASSED">
         <system-out><![CDATA[2023-05-12 18:04:20 - [TEST_CASE][PASSED] - Test Cases/test-flow-1-buy-1-product: Test Cases/test-flow-1-buy-1-product

2023-05-12 18:04:20 - [TEST_STEP][PASSED] - openBrowser("https://www.saucedemo.com/"): Browser is opened with url: 'https://www.saucedemo.com/'

2023-05-12 18:04:20 - [MESSAGE][INFO] - Starting 'Chrome' driver

2023-05-12 18:04:20 - [MESSAGE][INFO] - Action delay is set to 0 milliseconds

2023-05-12 18:04:22 - [MESSAGE][PASSED] - Browser is opened with url: 'https://www.saucedemo.com/'

2023-05-12 18:04:22 - [TEST_STEP][PASSED] - click(findTestObject("Object Repository/Page_Swag Labs/input_Swag Labs_user-name")): Object: 'Object Repository/Page_Swag Labs/input_Swag Labs_user-name' is clicked on

2023-05-12 18:04:22 - [MESSAGE][PASSED] - Object: 'Object Repository/Page_Swag Labs/input_Swag Labs_user-name' is clicked on

2023-05-12 18:04:22 - [TEST_STEP][PASSED] - sendKeys(findTestObject("Object Repository/Page_Swag Labs/input_Swag Labs_user-name"), "standard_user"): Keys 'standard_user' sent to object: 'Object Repository/Page_Swag Labs/input_Swag Labs_user-name'

2023-05-12 18:04:23 - [MESSAGE][PASSED] - Keys 'standard_user' sent to object: 'Object Repository/Page_Swag Labs/input_Swag Labs_user-name'

2023-05-12 18:04:23 - [TEST_STEP][PASSED] - click(findTestObject("Object Repository/Page_Swag Labs/input_Swag Labs_password")): Object: 'Object Repository/Page_Swag Labs/input_Swag Labs_password' is clicked on

2023-05-12 18:04:23 - [MESSAGE][PASSED] - Object: 'Object Repository/Page_Swag Labs/input_Swag Labs_password' is clicked on

2023-05-12 18:04:23 - [TEST_STEP][PASSED] - sendKeys(findTestObject("Object Repository/Page_Swag Labs/input_Swag Labs_password"), "secret_sauce"): Keys 'secret_sauce' sent to object: 'Object Repository/Page_Swag Labs/input_Swag Labs_password'

2023-05-12 18:04:23 - [MESSAGE][PASSED] - Keys 'secret_sauce' sent to object: 'Object Repository/Page_Swag Labs/input_Swag Labs_password'

2023-05-12 18:04:23 - [TEST_STEP][PASSED] - click(findTestObject("Object Repository/Page_Swag Labs/input_Swag Labs_login-button")): Object: 'Object Repository/Page_Swag Labs/input_Swag Labs_login-button' is clicked on

2023-05-12 18:04:24 - [MESSAGE][PASSED] - Object: 'Object Repository/Page_Swag Labs/input_Swag Labs_login-button' is clicked on

2023-05-12 18:04:24 - [TEST_STEP][PASSED] - click(findTestObject("Object Repository/inventoryPage/Backpack")): Object: 'Object Repository/inventoryPage/Backpack' is clicked on

2023-05-12 18:04:24 - [MESSAGE][PASSED] - Object: 'Object Repository/inventoryPage/Backpack' is clicked on

2023-05-12 18:04:24 - [TEST_STEP][PASSED] - click(findTestObject("Object Repository/inventoryPage/button_Add to cart")): Object: 'Object Repository/inventoryPage/button_Add to cart' is clicked on

2023-05-12 18:04:25 - [MESSAGE][PASSED] - Object: 'Object Repository/inventoryPage/button_Add to cart' is clicked on

2023-05-12 18:04:25 - [TEST_STEP][PASSED] - click(findTestObject("Object Repository/inventoryPage/products_back-image")): Object: 'Object Repository/inventoryPage/products_back-image' is clicked on

2023-05-12 18:04:25 - [MESSAGE][PASSED] - Object: 'Object Repository/inventoryPage/products_back-image' is clicked on

2023-05-12 18:04:25 - [TEST_STEP][PASSED] - click(findTestObject("Object Repository/inventoryPage/cart")): Object: 'Object Repository/inventoryPage/cart' is clicked on

2023-05-12 18:04:26 - [MESSAGE][PASSED] - Object: 'Object Repository/inventoryPage/cart' is clicked on

2023-05-12 18:04:26 - [TEST_STEP][PASSED] - click(findTestObject("Object Repository/CheckoutPage/button_Checkout")): Object: 'Object Repository/CheckoutPage/button_Checkout' is clicked on

2023-05-12 18:04:26 - [MESSAGE][PASSED] - Object: 'Object Repository/CheckoutPage/button_Checkout' is clicked on

2023-05-12 18:04:26 - [TEST_STEP][PASSED] - sendKeys(findTestObject("Object Repository/checkout-step-one/input_Checkout Your Information_firstName"), "demo"): Keys 'demo' sent to object: 'Object Repository/checkout-step-one/input_Checkout Your Information_firstName'

2023-05-12 18:04:27 - [MESSAGE][PASSED] - Keys 'demo' sent to object: 'Object Repository/checkout-step-one/input_Checkout Your Information_firstName'

2023-05-12 18:04:27 - [TEST_STEP][PASSED] - sendKeys(findTestObject("Object Repository/checkout-step-one/input_Checkout Your Information_lastName"), "qa test"): Keys 'qa test' sent to object: 'Object Repository/checkout-step-one/input_Checkout Your Information_lastName'

2023-05-12 18:04:27 - [MESSAGE][PASSED] - Keys 'qa test' sent to object: 'Object Repository/checkout-step-one/input_Checkout Your Information_lastName'

2023-05-12 18:04:28 - [TEST_STEP][PASSED] - sendKeys(findTestObject("Object Repository/checkout-step-one/input_Checkout Your Information_postalCode"), "9000"): Keys '9000' sent to object: 'Object Repository/checkout-step-one/input_Checkout Your Information_postalCode'

2023-05-12 18:04:28 - [MESSAGE][PASSED] - Keys '9000' sent to object: 'Object Repository/checkout-step-one/input_Checkout Your Information_postalCode'

2023-05-12 18:04:28 - [TEST_STEP][PASSED] - click(findTestObject("Object Repository/checkout-step-one/input_continue")): Object: 'Object Repository/checkout-step-one/input_continue' is clicked on

2023-05-12 18:04:29 - [MESSAGE][PASSED] - Object: 'Object Repository/checkout-step-one/input_continue' is clicked on

2023-05-12 18:04:29 - [TEST_STEP][PASSED] - click(findTestObject("Object Repository/finish checkout/button_Finish")): Object: 'Object Repository/finish checkout/button_Finish' is clicked on

2023-05-12 18:04:29 - [MESSAGE][PASSED] - Object: 'Object Repository/finish checkout/button_Finish' is clicked on

2023-05-12 18:04:29 - [TEST_STEP][PASSED] - verifyElementVisible(findTestObject("Object Repository/order-success/h2_Thank you for your order")): Object 'Object Repository/order-success/h2_Thank you for your order' is visible

2023-05-12 18:04:30 - [MESSAGE][PASSED] - Object 'Object Repository/order-success/h2_Thank you for your order' is visible

2023-05-12 18:04:30 - [TEST_STEP][PASSED] - click(findTestObject("Object Repository/NavSideBar/sidebar")): Object: 'Object Repository/NavSideBar/sidebar' is clicked on

2023-05-12 18:04:30 - [MESSAGE][PASSED] - Object: 'Object Repository/NavSideBar/sidebar' is clicked on

2023-05-12 18:04:30 - [TEST_STEP][PASSED] - click(findTestObject("Object Repository/NavSideBar/a_Logout")): Object: 'Object Repository/NavSideBar/a_Logout' is clicked on

2023-05-12 18:04:31 - [MESSAGE][PASSED] - Object: 'Object Repository/NavSideBar/a_Logout' is clicked on

2023-05-12 18:04:31 - [TEST_STEP][PASSED] - verifyElementVisible(findTestObject("Object Repository/Page_Swag Labs/input_Swag Labs_user-name")): Object 'Object Repository/Page_Swag Labs/input_Swag Labs_user-name' is visible

2023-05-12 18:04:31 - [MESSAGE][PASSED] - Object 'Object Repository/Page_Swag Labs/input_Swag Labs_user-name' is visible

2023-05-12 18:04:31 - [TEST_STEP][PASSED] - closeBrowser(): Browser is closed

2023-05-12 18:04:32 - [MESSAGE][PASSED] - Browser is closed]]></system-out>
         <system-err><![CDATA[]]></system-err>
      </testcase>
      <testcase name="Test Cases/test-flow-1-buy-1-product" time="11.869" classname="Test Cases/test-flow-1-buy-1-product" status="PASSED">
         <system-out><![CDATA[2023-05-12 18:04:32 - [TEST_CASE][PASSED] - Test Cases/test-flow-1-buy-1-product: Test Cases/test-flow-1-buy-1-product

2023-05-12 18:04:32 - [TEST_STEP][PASSED] - openBrowser("https://www.saucedemo.com/"): Browser is opened with url: 'https://www.saucedemo.com/'

2023-05-12 18:04:32 - [MESSAGE][INFO] - Starting 'Chrome' driver

2023-05-12 18:04:32 - [MESSAGE][INFO] - Action delay is set to 0 milliseconds

2023-05-12 18:04:34 - [MESSAGE][PASSED] - Browser is opened with url: 'https://www.saucedemo.com/'

2023-05-12 18:04:34 - [TEST_STEP][PASSED] - click(findTestObject("Object Repository/Page_Swag Labs/input_Swag Labs_user-name")): Object: 'Object Repository/Page_Swag Labs/input_Swag Labs_user-name' is clicked on

2023-05-12 18:04:34 - [MESSAGE][PASSED] - Object: 'Object Repository/Page_Swag Labs/input_Swag Labs_user-name' is clicked on

2023-05-12 18:04:34 - [TEST_STEP][PASSED] - sendKeys(findTestObject("Object Repository/Page_Swag Labs/input_Swag Labs_user-name"), "standard_user"): Keys 'standard_user' sent to object: 'Object Repository/Page_Swag Labs/input_Swag Labs_user-name'

2023-05-12 18:04:35 - [MESSAGE][PASSED] - Keys 'standard_user' sent to object: 'Object Repository/Page_Swag Labs/input_Swag Labs_user-name'

2023-05-12 18:04:35 - [TEST_STEP][PASSED] - click(findTestObject("Object Repository/Page_Swag Labs/input_Swag Labs_password")): Object: 'Object Repository/Page_Swag Labs/input_Swag Labs_password' is clicked on

2023-05-12 18:04:35 - [MESSAGE][PASSED] - Object: 'Object Repository/Page_Swag Labs/input_Swag Labs_password' is clicked on

2023-05-12 18:04:35 - [TEST_STEP][PASSED] - sendKeys(findTestObject("Object Repository/Page_Swag Labs/input_Swag Labs_password"), "secret_sauce"): Keys 'secret_sauce' sent to object: 'Object Repository/Page_Swag Labs/input_Swag Labs_password'

2023-05-12 18:04:35 - [MESSAGE][PASSED] - Keys 'secret_sauce' sent to object: 'Object Repository/Page_Swag Labs/input_Swag Labs_password'

2023-05-12 18:04:35 - [TEST_STEP][PASSED] - click(findTestObject("Object Repository/Page_Swag Labs/input_Swag Labs_login-button")): Object: 'Object Repository/Page_Swag Labs/input_Swag Labs_login-button' is clicked on

2023-05-12 18:04:36 - [MESSAGE][PASSED] - Object: 'Object Repository/Page_Swag Labs/input_Swag Labs_login-button' is clicked on

2023-05-12 18:04:36 - [TEST_STEP][PASSED] - click(findTestObject("Object Repository/inventoryPage/Backpack")): Object: 'Object Repository/inventoryPage/Backpack' is clicked on

2023-05-12 18:04:36 - [MESSAGE][PASSED] - Object: 'Object Repository/inventoryPage/Backpack' is clicked on

2023-05-12 18:04:36 - [TEST_STEP][PASSED] - click(findTestObject("Object Repository/inventoryPage/button_Add to cart")): Object: 'Object Repository/inventoryPage/button_Add to cart' is clicked on

2023-05-12 18:04:37 - [MESSAGE][PASSED] - Object: 'Object Repository/inventoryPage/button_Add to cart' is clicked on

2023-05-12 18:04:37 - [TEST_STEP][PASSED] - click(findTestObject("Object Repository/inventoryPage/products_back-image")): Object: 'Object Repository/inventoryPage/products_back-image' is clicked on

2023-05-12 18:04:37 - [MESSAGE][PASSED] - Object: 'Object Repository/inventoryPage/products_back-image' is clicked on

2023-05-12 18:04:37 - [TEST_STEP][PASSED] - click(findTestObject("Object Repository/inventoryPage/cart")): Object: 'Object Repository/inventoryPage/cart' is clicked on

2023-05-12 18:04:38 - [MESSAGE][PASSED] - Object: 'Object Repository/inventoryPage/cart' is clicked on

2023-05-12 18:04:38 - [TEST_STEP][PASSED] - click(findTestObject("Object Repository/CheckoutPage/button_Checkout")): Object: 'Object Repository/CheckoutPage/button_Checkout' is clicked on

2023-05-12 18:04:38 - [MESSAGE][PASSED] - Object: 'Object Repository/CheckoutPage/button_Checkout' is clicked on

2023-05-12 18:04:38 - [TEST_STEP][PASSED] - sendKeys(findTestObject("Object Repository/checkout-step-one/input_Checkout Your Information_firstName"), "demo"): Keys 'demo' sent to object: 'Object Repository/checkout-step-one/input_Checkout Your Information_firstName'

2023-05-12 18:04:39 - [MESSAGE][PASSED] - Keys 'demo' sent to object: 'Object Repository/checkout-step-one/input_Checkout Your Information_firstName'

2023-05-12 18:04:39 - [TEST_STEP][PASSED] - sendKeys(findTestObject("Object Repository/checkout-step-one/input_Checkout Your Information_lastName"), "qa test"): Keys 'qa test' sent to object: 'Object Repository/checkout-step-one/input_Checkout Your Information_lastName'

2023-05-12 18:04:39 - [MESSAGE][PASSED] - Keys 'qa test' sent to object: 'Object Repository/checkout-step-one/input_Checkout Your Information_lastName'

2023-05-12 18:04:39 - [TEST_STEP][PASSED] - sendKeys(findTestObject("Object Repository/checkout-step-one/input_Checkout Your Information_postalCode"), "9000"): Keys '9000' sent to object: 'Object Repository/checkout-step-one/input_Checkout Your Information_postalCode'

2023-05-12 18:04:40 - [MESSAGE][PASSED] - Keys '9000' sent to object: 'Object Repository/checkout-step-one/input_Checkout Your Information_postalCode'

2023-05-12 18:04:40 - [TEST_STEP][PASSED] - click(findTestObject("Object Repository/checkout-step-one/input_continue")): Object: 'Object Repository/checkout-step-one/input_continue' is clicked on

2023-05-12 18:04:41 - [MESSAGE][PASSED] - Object: 'Object Repository/checkout-step-one/input_continue' is clicked on

2023-05-12 18:04:41 - [TEST_STEP][PASSED] - click(findTestObject("Object Repository/finish checkout/button_Finish")): Object: 'Object Repository/finish checkout/button_Finish' is clicked on

2023-05-12 18:04:41 - [MESSAGE][PASSED] - Object: 'Object Repository/finish checkout/button_Finish' is clicked on

2023-05-12 18:04:41 - [TEST_STEP][PASSED] - verifyElementVisible(findTestObject("Object Repository/order-success/h2_Thank you for your order")): Object 'Object Repository/order-success/h2_Thank you for your order' is visible

2023-05-12 18:04:42 - [MESSAGE][PASSED] - Object 'Object Repository/order-success/h2_Thank you for your order' is visible

2023-05-12 18:04:42 - [TEST_STEP][PASSED] - click(findTestObject("Object Repository/NavSideBar/sidebar")): Object: 'Object Repository/NavSideBar/sidebar' is clicked on

2023-05-12 18:04:42 - [MESSAGE][PASSED] - Object: 'Object Repository/NavSideBar/sidebar' is clicked on

2023-05-12 18:04:42 - [TEST_STEP][PASSED] - click(findTestObject("Object Repository/NavSideBar/a_Logout")): Object: 'Object Repository/NavSideBar/a_Logout' is clicked on

2023-05-12 18:04:43 - [MESSAGE][PASSED] - Object: 'Object Repository/NavSideBar/a_Logout' is clicked on

2023-05-12 18:04:43 - [TEST_STEP][PASSED] - verifyElementVisible(findTestObject("Object Repository/Page_Swag Labs/input_Swag Labs_user-name")): Object 'Object Repository/Page_Swag Labs/input_Swag Labs_user-name' is visible

2023-05-12 18:04:43 - [MESSAGE][PASSED] - Object 'Object Repository/Page_Swag Labs/input_Swag Labs_user-name' is visible

2023-05-12 18:04:43 - [TEST_STEP][PASSED] - closeBrowser(): Browser is closed

2023-05-12 18:04:44 - [MESSAGE][PASSED] - Browser is closed]]></system-out>
         <system-err><![CDATA[]]></system-err>
      </testcase>
      <testcase name="Test Cases/test-flow-1-buy-1-product" time="11.913" classname="Test Cases/test-flow-1-buy-1-product" status="PASSED">
         <system-out><![CDATA[2023-05-12 18:04:44 - [TEST_CASE][PASSED] - Test Cases/test-flow-1-buy-1-product: Test Cases/test-flow-1-buy-1-product

2023-05-12 18:04:44 - [TEST_STEP][PASSED] - openBrowser("https://www.saucedemo.com/"): Browser is opened with url: 'https://www.saucedemo.com/'

2023-05-12 18:04:44 - [MESSAGE][INFO] - Starting 'Chrome' driver

2023-05-12 18:04:44 - [MESSAGE][INFO] - Action delay is set to 0 milliseconds

2023-05-12 18:04:46 - [MESSAGE][PASSED] - Browser is opened with url: 'https://www.saucedemo.com/'

2023-05-12 18:04:46 - [TEST_STEP][PASSED] - click(findTestObject("Object Repository/Page_Swag Labs/input_Swag Labs_user-name")): Object: 'Object Repository/Page_Swag Labs/input_Swag Labs_user-name' is clicked on

2023-05-12 18:04:46 - [MESSAGE][PASSED] - Object: 'Object Repository/Page_Swag Labs/input_Swag Labs_user-name' is clicked on

2023-05-12 18:04:46 - [TEST_STEP][PASSED] - sendKeys(findTestObject("Object Repository/Page_Swag Labs/input_Swag Labs_user-name"), "standard_user"): Keys 'standard_user' sent to object: 'Object Repository/Page_Swag Labs/input_Swag Labs_user-name'

2023-05-12 18:04:46 - [MESSAGE][PASSED] - Keys 'standard_user' sent to object: 'Object Repository/Page_Swag Labs/input_Swag Labs_user-name'

2023-05-12 18:04:46 - [TEST_STEP][PASSED] - click(findTestObject("Object Repository/Page_Swag Labs/input_Swag Labs_password")): Object: 'Object Repository/Page_Swag Labs/input_Swag Labs_password' is clicked on

2023-05-12 18:04:47 - [MESSAGE][PASSED] - Object: 'Object Repository/Page_Swag Labs/input_Swag Labs_password' is clicked on

2023-05-12 18:04:47 - [TEST_STEP][PASSED] - sendKeys(findTestObject("Object Repository/Page_Swag Labs/input_Swag Labs_password"), "secret_sauce"): Keys 'secret_sauce' sent to object: 'Object Repository/Page_Swag Labs/input_Swag Labs_password'

2023-05-12 18:04:47 - [MESSAGE][PASSED] - Keys 'secret_sauce' sent to object: 'Object Repository/Page_Swag Labs/input_Swag Labs_password'

2023-05-12 18:04:47 - [TEST_STEP][PASSED] - click(findTestObject("Object Repository/Page_Swag Labs/input_Swag Labs_login-button")): Object: 'Object Repository/Page_Swag Labs/input_Swag Labs_login-button' is clicked on

2023-05-12 18:04:48 - [MESSAGE][PASSED] - Object: 'Object Repository/Page_Swag Labs/input_Swag Labs_login-button' is clicked on

2023-05-12 18:04:48 - [TEST_STEP][PASSED] - click(findTestObject("Object Repository/inventoryPage/Backpack")): Object: 'Object Repository/inventoryPage/Backpack' is clicked on

2023-05-12 18:04:48 - [MESSAGE][PASSED] - Object: 'Object Repository/inventoryPage/Backpack' is clicked on

2023-05-12 18:04:48 - [TEST_STEP][PASSED] - click(findTestObject("Object Repository/inventoryPage/button_Add to cart")): Object: 'Object Repository/inventoryPage/button_Add to cart' is clicked on

2023-05-12 18:04:49 - [MESSAGE][PASSED] - Object: 'Object Repository/inventoryPage/button_Add to cart' is clicked on

2023-05-12 18:04:49 - [TEST_STEP][PASSED] - click(findTestObject("Object Repository/inventoryPage/products_back-image")): Object: 'Object Repository/inventoryPage/products_back-image' is clicked on

2023-05-12 18:04:49 - [MESSAGE][PASSED] - Object: 'Object Repository/inventoryPage/products_back-image' is clicked on

2023-05-12 18:04:49 - [TEST_STEP][PASSED] - click(findTestObject("Object Repository/inventoryPage/cart")): Object: 'Object Repository/inventoryPage/cart' is clicked on

2023-05-12 18:04:50 - [MESSAGE][PASSED] - Object: 'Object Repository/inventoryPage/cart' is clicked on

2023-05-12 18:04:50 - [TEST_STEP][PASSED] - click(findTestObject("Object Repository/CheckoutPage/button_Checkout")): Object: 'Object Repository/CheckoutPage/button_Checkout' is clicked on

2023-05-12 18:04:50 - [MESSAGE][PASSED] - Object: 'Object Repository/CheckoutPage/button_Checkout' is clicked on

2023-05-12 18:04:50 - [TEST_STEP][PASSED] - sendKeys(findTestObject("Object Repository/checkout-step-one/input_Checkout Your Information_firstName"), "demo"): Keys 'demo' sent to object: 'Object Repository/checkout-step-one/input_Checkout Your Information_firstName'

2023-05-12 18:04:51 - [MESSAGE][PASSED] - Keys 'demo' sent to object: 'Object Repository/checkout-step-one/input_Checkout Your Information_firstName'

2023-05-12 18:04:51 - [TEST_STEP][PASSED] - sendKeys(findTestObject("Object Repository/checkout-step-one/input_Checkout Your Information_lastName"), "qa test"): Keys 'qa test' sent to object: 'Object Repository/checkout-step-one/input_Checkout Your Information_lastName'

2023-05-12 18:04:51 - [MESSAGE][PASSED] - Keys 'qa test' sent to object: 'Object Repository/checkout-step-one/input_Checkout Your Information_lastName'

2023-05-12 18:04:51 - [TEST_STEP][PASSED] - sendKeys(findTestObject("Object Repository/checkout-step-one/input_Checkout Your Information_postalCode"), "9000"): Keys '9000' sent to object: 'Object Repository/checkout-step-one/input_Checkout Your Information_postalCode'

2023-05-12 18:04:52 - [MESSAGE][PASSED] - Keys '9000' sent to object: 'Object Repository/checkout-step-one/input_Checkout Your Information_postalCode'

2023-05-12 18:04:52 - [TEST_STEP][PASSED] - click(findTestObject("Object Repository/checkout-step-one/input_continue")): Object: 'Object Repository/checkout-step-one/input_continue' is clicked on

2023-05-12 18:04:52 - [MESSAGE][PASSED] - Object: 'Object Repository/checkout-step-one/input_continue' is clicked on

2023-05-12 18:04:52 - [TEST_STEP][PASSED] - click(findTestObject("Object Repository/finish checkout/button_Finish")): Object: 'Object Repository/finish checkout/button_Finish' is clicked on

2023-05-12 18:04:53 - [MESSAGE][PASSED] - Object: 'Object Repository/finish checkout/button_Finish' is clicked on

2023-05-12 18:04:53 - [TEST_STEP][PASSED] - verifyElementVisible(findTestObject("Object Repository/order-success/h2_Thank you for your order")): Object 'Object Repository/order-success/h2_Thank you for your order' is visible

2023-05-12 18:04:54 - [MESSAGE][PASSED] - Object 'Object Repository/order-success/h2_Thank you for your order' is visible

2023-05-12 18:04:54 - [TEST_STEP][PASSED] - click(findTestObject("Object Repository/NavSideBar/sidebar")): Object: 'Object Repository/NavSideBar/sidebar' is clicked on

2023-05-12 18:04:54 - [MESSAGE][PASSED] - Object: 'Object Repository/NavSideBar/sidebar' is clicked on

2023-05-12 18:04:54 - [TEST_STEP][PASSED] - click(findTestObject("Object Repository/NavSideBar/a_Logout")): Object: 'Object Repository/NavSideBar/a_Logout' is clicked on

2023-05-12 18:04:54 - [MESSAGE][PASSED] - Object: 'Object Repository/NavSideBar/a_Logout' is clicked on

2023-05-12 18:04:54 - [TEST_STEP][PASSED] - verifyElementVisible(findTestObject("Object Repository/Page_Swag Labs/input_Swag Labs_user-name")): Object 'Object Repository/Page_Swag Labs/input_Swag Labs_user-name' is visible

2023-05-12 18:04:55 - [MESSAGE][PASSED] - Object 'Object Repository/Page_Swag Labs/input_Swag Labs_user-name' is visible

2023-05-12 18:04:55 - [TEST_STEP][PASSED] - closeBrowser(): Browser is closed

2023-05-12 18:04:56 - [MESSAGE][PASSED] - Browser is closed]]></system-out>
         <system-err><![CDATA[]]></system-err>
      </testcase>
      <testcase name="Test Cases/test-flow-1-buy-1-product" time="11.982" classname="Test Cases/test-flow-1-buy-1-product" status="PASSED">
         <system-out><![CDATA[2023-05-12 18:04:56 - [TEST_CASE][PASSED] - Test Cases/test-flow-1-buy-1-product: Test Cases/test-flow-1-buy-1-product

2023-05-12 18:04:56 - [TEST_STEP][PASSED] - openBrowser("https://www.saucedemo.com/"): Browser is opened with url: 'https://www.saucedemo.com/'

2023-05-12 18:04:56 - [MESSAGE][INFO] - Starting 'Chrome' driver

2023-05-12 18:04:56 - [MESSAGE][INFO] - Action delay is set to 0 milliseconds

2023-05-12 18:04:58 - [MESSAGE][PASSED] - Browser is opened with url: 'https://www.saucedemo.com/'

2023-05-12 18:04:58 - [TEST_STEP][PASSED] - click(findTestObject("Object Repository/Page_Swag Labs/input_Swag Labs_user-name")): Object: 'Object Repository/Page_Swag Labs/input_Swag Labs_user-name' is clicked on

2023-05-12 18:04:58 - [MESSAGE][PASSED] - Object: 'Object Repository/Page_Swag Labs/input_Swag Labs_user-name' is clicked on

2023-05-12 18:04:58 - [TEST_STEP][PASSED] - sendKeys(findTestObject("Object Repository/Page_Swag Labs/input_Swag Labs_user-name"), "standard_user"): Keys 'standard_user' sent to object: 'Object Repository/Page_Swag Labs/input_Swag Labs_user-name'

2023-05-12 18:04:58 - [MESSAGE][PASSED] - Keys 'standard_user' sent to object: 'Object Repository/Page_Swag Labs/input_Swag Labs_user-name'

2023-05-12 18:04:58 - [TEST_STEP][PASSED] - click(findTestObject("Object Repository/Page_Swag Labs/input_Swag Labs_password")): Object: 'Object Repository/Page_Swag Labs/input_Swag Labs_password' is clicked on

2023-05-12 18:04:59 - [MESSAGE][PASSED] - Object: 'Object Repository/Page_Swag Labs/input_Swag Labs_password' is clicked on

2023-05-12 18:04:59 - [TEST_STEP][PASSED] - sendKeys(findTestObject("Object Repository/Page_Swag Labs/input_Swag Labs_password"), "secret_sauce"): Keys 'secret_sauce' sent to object: 'Object Repository/Page_Swag Labs/input_Swag Labs_password'

2023-05-12 18:04:59 - [MESSAGE][PASSED] - Keys 'secret_sauce' sent to object: 'Object Repository/Page_Swag Labs/input_Swag Labs_password'

2023-05-12 18:04:59 - [TEST_STEP][PASSED] - click(findTestObject("Object Repository/Page_Swag Labs/input_Swag Labs_login-button")): Object: 'Object Repository/Page_Swag Labs/input_Swag Labs_login-button' is clicked on

2023-05-12 18:05:00 - [MESSAGE][PASSED] - Object: 'Object Repository/Page_Swag Labs/input_Swag Labs_login-button' is clicked on

2023-05-12 18:05:00 - [TEST_STEP][PASSED] - click(findTestObject("Object Repository/inventoryPage/Backpack")): Object: 'Object Repository/inventoryPage/Backpack' is clicked on

2023-05-12 18:05:00 - [MESSAGE][PASSED] - Object: 'Object Repository/inventoryPage/Backpack' is clicked on

2023-05-12 18:05:00 - [TEST_STEP][PASSED] - click(findTestObject("Object Repository/inventoryPage/button_Add to cart")): Object: 'Object Repository/inventoryPage/button_Add to cart' is clicked on

2023-05-12 18:05:01 - [MESSAGE][PASSED] - Object: 'Object Repository/inventoryPage/button_Add to cart' is clicked on

2023-05-12 18:05:01 - [TEST_STEP][PASSED] - click(findTestObject("Object Repository/inventoryPage/products_back-image")): Object: 'Object Repository/inventoryPage/products_back-image' is clicked on

2023-05-12 18:05:01 - [MESSAGE][PASSED] - Object: 'Object Repository/inventoryPage/products_back-image' is clicked on

2023-05-12 18:05:01 - [TEST_STEP][PASSED] - click(findTestObject("Object Repository/inventoryPage/cart")): Object: 'Object Repository/inventoryPage/cart' is clicked on

2023-05-12 18:05:02 - [MESSAGE][PASSED] - Object: 'Object Repository/inventoryPage/cart' is clicked on

2023-05-12 18:05:02 - [TEST_STEP][PASSED] - click(findTestObject("Object Repository/CheckoutPage/button_Checkout")): Object: 'Object Repository/CheckoutPage/button_Checkout' is clicked on

2023-05-12 18:05:02 - [MESSAGE][PASSED] - Object: 'Object Repository/CheckoutPage/button_Checkout' is clicked on

2023-05-12 18:05:02 - [TEST_STEP][PASSED] - sendKeys(findTestObject("Object Repository/checkout-step-one/input_Checkout Your Information_firstName"), "demo"): Keys 'demo' sent to object: 'Object Repository/checkout-step-one/input_Checkout Your Information_firstName'

2023-05-12 18:05:03 - [MESSAGE][PASSED] - Keys 'demo' sent to object: 'Object Repository/checkout-step-one/input_Checkout Your Information_firstName'

2023-05-12 18:05:03 - [TEST_STEP][PASSED] - sendKeys(findTestObject("Object Repository/checkout-step-one/input_Checkout Your Information_lastName"), "qa test"): Keys 'qa test' sent to object: 'Object Repository/checkout-step-one/input_Checkout Your Information_lastName'

2023-05-12 18:05:03 - [MESSAGE][PASSED] - Keys 'qa test' sent to object: 'Object Repository/checkout-step-one/input_Checkout Your Information_lastName'

2023-05-12 18:05:03 - [TEST_STEP][PASSED] - sendKeys(findTestObject("Object Repository/checkout-step-one/input_Checkout Your Information_postalCode"), "9000"): Keys '9000' sent to object: 'Object Repository/checkout-step-one/input_Checkout Your Information_postalCode'

2023-05-12 18:05:04 - [MESSAGE][PASSED] - Keys '9000' sent to object: 'Object Repository/checkout-step-one/input_Checkout Your Information_postalCode'

2023-05-12 18:05:04 - [TEST_STEP][PASSED] - click(findTestObject("Object Repository/checkout-step-one/input_continue")): Object: 'Object Repository/checkout-step-one/input_continue' is clicked on

2023-05-12 18:05:04 - [MESSAGE][PASSED] - Object: 'Object Repository/checkout-step-one/input_continue' is clicked on

2023-05-12 18:05:04 - [TEST_STEP][PASSED] - click(findTestObject("Object Repository/finish checkout/button_Finish")): Object: 'Object Repository/finish checkout/button_Finish' is clicked on

2023-05-12 18:05:05 - [MESSAGE][PASSED] - Object: 'Object Repository/finish checkout/button_Finish' is clicked on

2023-05-12 18:05:05 - [TEST_STEP][PASSED] - verifyElementVisible(findTestObject("Object Repository/order-success/h2_Thank you for your order")): Object 'Object Repository/order-success/h2_Thank you for your order' is visible

2023-05-12 18:05:06 - [MESSAGE][PASSED] - Object 'Object Repository/order-success/h2_Thank you for your order' is visible

2023-05-12 18:05:06 - [TEST_STEP][PASSED] - click(findTestObject("Object Repository/NavSideBar/sidebar")): Object: 'Object Repository/NavSideBar/sidebar' is clicked on

2023-05-12 18:05:06 - [MESSAGE][PASSED] - Object: 'Object Repository/NavSideBar/sidebar' is clicked on

2023-05-12 18:05:06 - [TEST_STEP][PASSED] - click(findTestObject("Object Repository/NavSideBar/a_Logout")): Object: 'Object Repository/NavSideBar/a_Logout' is clicked on

2023-05-12 18:05:06 - [MESSAGE][PASSED] - Object: 'Object Repository/NavSideBar/a_Logout' is clicked on

2023-05-12 18:05:06 - [TEST_STEP][PASSED] - verifyElementVisible(findTestObject("Object Repository/Page_Swag Labs/input_Swag Labs_user-name")): Object 'Object Repository/Page_Swag Labs/input_Swag Labs_user-name' is visible

2023-05-12 18:05:07 - [MESSAGE][PASSED] - Object 'Object Repository/Page_Swag Labs/input_Swag Labs_user-name' is visible

2023-05-12 18:05:07 - [TEST_STEP][PASSED] - closeBrowser(): Browser is closed

2023-05-12 18:05:08 - [MESSAGE][PASSED] - Browser is closed]]></system-out>
         <system-err><![CDATA[]]></system-err>
      </testcase>
      <testcase name="Test Cases/test-flow-1-buy-1-product" time="11.959" classname="Test Cases/test-flow-1-buy-1-product" status="PASSED">
         <system-out><![CDATA[2023-05-12 18:05:08 - [TEST_CASE][PASSED] - Test Cases/test-flow-1-buy-1-product: Test Cases/test-flow-1-buy-1-product

2023-05-12 18:05:08 - [TEST_STEP][PASSED] - openBrowser("https://www.saucedemo.com/"): Browser is opened with url: 'https://www.saucedemo.com/'

2023-05-12 18:05:08 - [MESSAGE][INFO] - Starting 'Chrome' driver

2023-05-12 18:05:08 - [MESSAGE][INFO] - Action delay is set to 0 milliseconds

2023-05-12 18:05:10 - [MESSAGE][PASSED] - Browser is opened with url: 'https://www.saucedemo.com/'

2023-05-12 18:05:10 - [TEST_STEP][PASSED] - click(findTestObject("Object Repository/Page_Swag Labs/input_Swag Labs_user-name")): Object: 'Object Repository/Page_Swag Labs/input_Swag Labs_user-name' is clicked on

2023-05-12 18:05:10 - [MESSAGE][PASSED] - Object: 'Object Repository/Page_Swag Labs/input_Swag Labs_user-name' is clicked on

2023-05-12 18:05:10 - [TEST_STEP][PASSED] - sendKeys(findTestObject("Object Repository/Page_Swag Labs/input_Swag Labs_user-name"), "standard_user"): Keys 'standard_user' sent to object: 'Object Repository/Page_Swag Labs/input_Swag Labs_user-name'

2023-05-12 18:05:11 - [MESSAGE][PASSED] - Keys 'standard_user' sent to object: 'Object Repository/Page_Swag Labs/input_Swag Labs_user-name'

2023-05-12 18:05:11 - [TEST_STEP][PASSED] - click(findTestObject("Object Repository/Page_Swag Labs/input_Swag Labs_password")): Object: 'Object Repository/Page_Swag Labs/input_Swag Labs_password' is clicked on

2023-05-12 18:05:11 - [MESSAGE][PASSED] - Object: 'Object Repository/Page_Swag Labs/input_Swag Labs_password' is clicked on

2023-05-12 18:05:11 - [TEST_STEP][PASSED] - sendKeys(findTestObject("Object Repository/Page_Swag Labs/input_Swag Labs_password"), "secret_sauce"): Keys 'secret_sauce' sent to object: 'Object Repository/Page_Swag Labs/input_Swag Labs_password'

2023-05-12 18:05:11 - [MESSAGE][PASSED] - Keys 'secret_sauce' sent to object: 'Object Repository/Page_Swag Labs/input_Swag Labs_password'

2023-05-12 18:05:11 - [TEST_STEP][PASSED] - click(findTestObject("Object Repository/Page_Swag Labs/input_Swag Labs_login-button")): Object: 'Object Repository/Page_Swag Labs/input_Swag Labs_login-button' is clicked on

2023-05-12 18:05:12 - [MESSAGE][PASSED] - Object: 'Object Repository/Page_Swag Labs/input_Swag Labs_login-button' is clicked on

2023-05-12 18:05:12 - [TEST_STEP][PASSED] - click(findTestObject("Object Repository/inventoryPage/Backpack")): Object: 'Object Repository/inventoryPage/Backpack' is clicked on

2023-05-12 18:05:12 - [MESSAGE][PASSED] - Object: 'Object Repository/inventoryPage/Backpack' is clicked on

2023-05-12 18:05:12 - [TEST_STEP][PASSED] - click(findTestObject("Object Repository/inventoryPage/button_Add to cart")): Object: 'Object Repository/inventoryPage/button_Add to cart' is clicked on

2023-05-12 18:05:13 - [MESSAGE][PASSED] - Object: 'Object Repository/inventoryPage/button_Add to cart' is clicked on

2023-05-12 18:05:13 - [TEST_STEP][PASSED] - click(findTestObject("Object Repository/inventoryPage/products_back-image")): Object: 'Object Repository/inventoryPage/products_back-image' is clicked on

2023-05-12 18:05:13 - [MESSAGE][PASSED] - Object: 'Object Repository/inventoryPage/products_back-image' is clicked on

2023-05-12 18:05:13 - [TEST_STEP][PASSED] - click(findTestObject("Object Repository/inventoryPage/cart")): Object: 'Object Repository/inventoryPage/cart' is clicked on

2023-05-12 18:05:14 - [MESSAGE][PASSED] - Object: 'Object Repository/inventoryPage/cart' is clicked on

2023-05-12 18:05:14 - [TEST_STEP][PASSED] - click(findTestObject("Object Repository/CheckoutPage/button_Checkout")): Object: 'Object Repository/CheckoutPage/button_Checkout' is clicked on

2023-05-12 18:05:14 - [MESSAGE][PASSED] - Object: 'Object Repository/CheckoutPage/button_Checkout' is clicked on

2023-05-12 18:05:14 - [TEST_STEP][PASSED] - sendKeys(findTestObject("Object Repository/checkout-step-one/input_Checkout Your Information_firstName"), "demo"): Keys 'demo' sent to object: 'Object Repository/checkout-step-one/input_Checkout Your Information_firstName'

2023-05-12 18:05:15 - [MESSAGE][PASSED] - Keys 'demo' sent to object: 'Object Repository/checkout-step-one/input_Checkout Your Information_firstName'

2023-05-12 18:05:15 - [TEST_STEP][PASSED] - sendKeys(findTestObject("Object Repository/checkout-step-one/input_Checkout Your Information_lastName"), "qa test"): Keys 'qa test' sent to object: 'Object Repository/checkout-step-one/input_Checkout Your Information_lastName'

2023-05-12 18:05:15 - [MESSAGE][PASSED] - Keys 'qa test' sent to object: 'Object Repository/checkout-step-one/input_Checkout Your Information_lastName'

2023-05-12 18:05:15 - [TEST_STEP][PASSED] - sendKeys(findTestObject("Object Repository/checkout-step-one/input_Checkout Your Information_postalCode"), "9000"): Keys '9000' sent to object: 'Object Repository/checkout-step-one/input_Checkout Your Information_postalCode'

2023-05-12 18:05:16 - [MESSAGE][PASSED] - Keys '9000' sent to object: 'Object Repository/checkout-step-one/input_Checkout Your Information_postalCode'

2023-05-12 18:05:16 - [TEST_STEP][PASSED] - click(findTestObject("Object Repository/checkout-step-one/input_continue")): Object: 'Object Repository/checkout-step-one/input_continue' is clicked on

2023-05-12 18:05:16 - [MESSAGE][PASSED] - Object: 'Object Repository/checkout-step-one/input_continue' is clicked on

2023-05-12 18:05:16 - [TEST_STEP][PASSED] - click(findTestObject("Object Repository/finish checkout/button_Finish")): Object: 'Object Repository/finish checkout/button_Finish' is clicked on

2023-05-12 18:05:17 - [MESSAGE][PASSED] - Object: 'Object Repository/finish checkout/button_Finish' is clicked on

2023-05-12 18:05:17 - [TEST_STEP][PASSED] - verifyElementVisible(findTestObject("Object Repository/order-success/h2_Thank you for your order")): Object 'Object Repository/order-success/h2_Thank you for your order' is visible

2023-05-12 18:05:18 - [MESSAGE][PASSED] - Object 'Object Repository/order-success/h2_Thank you for your order' is visible

2023-05-12 18:05:18 - [TEST_STEP][PASSED] - click(findTestObject("Object Repository/NavSideBar/sidebar")): Object: 'Object Repository/NavSideBar/sidebar' is clicked on

2023-05-12 18:05:18 - [MESSAGE][PASSED] - Object: 'Object Repository/NavSideBar/sidebar' is clicked on

2023-05-12 18:05:18 - [TEST_STEP][PASSED] - click(findTestObject("Object Repository/NavSideBar/a_Logout")): Object: 'Object Repository/NavSideBar/a_Logout' is clicked on

2023-05-12 18:05:18 - [MESSAGE][PASSED] - Object: 'Object Repository/NavSideBar/a_Logout' is clicked on

2023-05-12 18:05:18 - [TEST_STEP][PASSED] - verifyElementVisible(findTestObject("Object Repository/Page_Swag Labs/input_Swag Labs_user-name")): Object 'Object Repository/Page_Swag Labs/input_Swag Labs_user-name' is visible

2023-05-12 18:05:19 - [MESSAGE][PASSED] - Object 'Object Repository/Page_Swag Labs/input_Swag Labs_user-name' is visible

2023-05-12 18:05:19 - [TEST_STEP][PASSED] - closeBrowser(): Browser is closed

2023-05-12 18:05:20 - [MESSAGE][PASSED] - Browser is closed]]></system-out>
         <system-err><![CDATA[]]></system-err>
      </testcase>
      <testcase name="Test Cases/test-flow-1-buy-1-product" time="11.98" classname="Test Cases/test-flow-1-buy-1-product" status="PASSED">
         <system-out><![CDATA[2023-05-12 18:05:20 - [TEST_CASE][PASSED] - Test Cases/test-flow-1-buy-1-product: Test Cases/test-flow-1-buy-1-product

2023-05-12 18:05:20 - [TEST_STEP][PASSED] - openBrowser("https://www.saucedemo.com/"): Browser is opened with url: 'https://www.saucedemo.com/'

2023-05-12 18:05:20 - [MESSAGE][INFO] - Starting 'Chrome' driver

2023-05-12 18:05:20 - [MESSAGE][INFO] - Action delay is set to 0 milliseconds

2023-05-12 18:05:22 - [MESSAGE][PASSED] - Browser is opened with url: 'https://www.saucedemo.com/'

2023-05-12 18:05:22 - [TEST_STEP][PASSED] - click(findTestObject("Object Repository/Page_Swag Labs/input_Swag Labs_user-name")): Object: 'Object Repository/Page_Swag Labs/input_Swag Labs_user-name' is clicked on

2023-05-12 18:05:22 - [MESSAGE][PASSED] - Object: 'Object Repository/Page_Swag Labs/input_Swag Labs_user-name' is clicked on

2023-05-12 18:05:22 - [TEST_STEP][PASSED] - sendKeys(findTestObject("Object Repository/Page_Swag Labs/input_Swag Labs_user-name"), "standard_user"): Keys 'standard_user' sent to object: 'Object Repository/Page_Swag Labs/input_Swag Labs_user-name'

2023-05-12 18:05:22 - [MESSAGE][PASSED] - Keys 'standard_user' sent to object: 'Object Repository/Page_Swag Labs/input_Swag Labs_user-name'

2023-05-12 18:05:22 - [TEST_STEP][PASSED] - click(findTestObject("Object Repository/Page_Swag Labs/input_Swag Labs_password")): Object: 'Object Repository/Page_Swag Labs/input_Swag Labs_password' is clicked on

2023-05-12 18:05:23 - [MESSAGE][PASSED] - Object: 'Object Repository/Page_Swag Labs/input_Swag Labs_password' is clicked on

2023-05-12 18:05:23 - [TEST_STEP][PASSED] - sendKeys(findTestObject("Object Repository/Page_Swag Labs/input_Swag Labs_password"), "secret_sauce"): Keys 'secret_sauce' sent to object: 'Object Repository/Page_Swag Labs/input_Swag Labs_password'

2023-05-12 18:05:23 - [MESSAGE][PASSED] - Keys 'secret_sauce' sent to object: 'Object Repository/Page_Swag Labs/input_Swag Labs_password'

2023-05-12 18:05:23 - [TEST_STEP][PASSED] - click(findTestObject("Object Repository/Page_Swag Labs/input_Swag Labs_login-button")): Object: 'Object Repository/Page_Swag Labs/input_Swag Labs_login-button' is clicked on

2023-05-12 18:05:24 - [MESSAGE][PASSED] - Object: 'Object Repository/Page_Swag Labs/input_Swag Labs_login-button' is clicked on

2023-05-12 18:05:24 - [TEST_STEP][PASSED] - click(findTestObject("Object Repository/inventoryPage/Backpack")): Object: 'Object Repository/inventoryPage/Backpack' is clicked on

2023-05-12 18:05:24 - [MESSAGE][PASSED] - Object: 'Object Repository/inventoryPage/Backpack' is clicked on

2023-05-12 18:05:24 - [TEST_STEP][PASSED] - click(findTestObject("Object Repository/inventoryPage/button_Add to cart")): Object: 'Object Repository/inventoryPage/button_Add to cart' is clicked on

2023-05-12 18:05:25 - [MESSAGE][PASSED] - Object: 'Object Repository/inventoryPage/button_Add to cart' is clicked on

2023-05-12 18:05:25 - [TEST_STEP][PASSED] - click(findTestObject("Object Repository/inventoryPage/products_back-image")): Object: 'Object Repository/inventoryPage/products_back-image' is clicked on

2023-05-12 18:05:25 - [MESSAGE][PASSED] - Object: 'Object Repository/inventoryPage/products_back-image' is clicked on

2023-05-12 18:05:25 - [TEST_STEP][PASSED] - click(findTestObject("Object Repository/inventoryPage/cart")): Object: 'Object Repository/inventoryPage/cart' is clicked on

2023-05-12 18:05:26 - [MESSAGE][PASSED] - Object: 'Object Repository/inventoryPage/cart' is clicked on

2023-05-12 18:05:26 - [TEST_STEP][PASSED] - click(findTestObject("Object Repository/CheckoutPage/button_Checkout")): Object: 'Object Repository/CheckoutPage/button_Checkout' is clicked on

2023-05-12 18:05:26 - [MESSAGE][PASSED] - Object: 'Object Repository/CheckoutPage/button_Checkout' is clicked on

2023-05-12 18:05:26 - [TEST_STEP][PASSED] - sendKeys(findTestObject("Object Repository/checkout-step-one/input_Checkout Your Information_firstName"), "demo"): Keys 'demo' sent to object: 'Object Repository/checkout-step-one/input_Checkout Your Information_firstName'

2023-05-12 18:05:27 - [MESSAGE][PASSED] - Keys 'demo' sent to object: 'Object Repository/checkout-step-one/input_Checkout Your Information_firstName'

2023-05-12 18:05:27 - [TEST_STEP][PASSED] - sendKeys(findTestObject("Object Repository/checkout-step-one/input_Checkout Your Information_lastName"), "qa test"): Keys 'qa test' sent to object: 'Object Repository/checkout-step-one/input_Checkout Your Information_lastName'

2023-05-12 18:05:27 - [MESSAGE][PASSED] - Keys 'qa test' sent to object: 'Object Repository/checkout-step-one/input_Checkout Your Information_lastName'

2023-05-12 18:05:27 - [TEST_STEP][PASSED] - sendKeys(findTestObject("Object Repository/checkout-step-one/input_Checkout Your Information_postalCode"), "9000"): Keys '9000' sent to object: 'Object Repository/checkout-step-one/input_Checkout Your Information_postalCode'

2023-05-12 18:05:28 - [MESSAGE][PASSED] - Keys '9000' sent to object: 'Object Repository/checkout-step-one/input_Checkout Your Information_postalCode'

2023-05-12 18:05:28 - [TEST_STEP][PASSED] - click(findTestObject("Object Repository/checkout-step-one/input_continue")): Object: 'Object Repository/checkout-step-one/input_continue' is clicked on

2023-05-12 18:05:28 - [MESSAGE][PASSED] - Object: 'Object Repository/checkout-step-one/input_continue' is clicked on

2023-05-12 18:05:28 - [TEST_STEP][PASSED] - click(findTestObject("Object Repository/finish checkout/button_Finish")): Object: 'Object Repository/finish checkout/button_Finish' is clicked on

2023-05-12 18:05:29 - [MESSAGE][PASSED] - Object: 'Object Repository/finish checkout/button_Finish' is clicked on

2023-05-12 18:05:29 - [TEST_STEP][PASSED] - verifyElementVisible(findTestObject("Object Repository/order-success/h2_Thank you for your order")): Object 'Object Repository/order-success/h2_Thank you for your order' is visible

2023-05-12 18:05:30 - [MESSAGE][PASSED] - Object 'Object Repository/order-success/h2_Thank you for your order' is visible

2023-05-12 18:05:30 - [TEST_STEP][PASSED] - click(findTestObject("Object Repository/NavSideBar/sidebar")): Object: 'Object Repository/NavSideBar/sidebar' is clicked on

2023-05-12 18:05:30 - [MESSAGE][PASSED] - Object: 'Object Repository/NavSideBar/sidebar' is clicked on

2023-05-12 18:05:30 - [TEST_STEP][PASSED] - click(findTestObject("Object Repository/NavSideBar/a_Logout")): Object: 'Object Repository/NavSideBar/a_Logout' is clicked on

2023-05-12 18:05:30 - [MESSAGE][PASSED] - Object: 'Object Repository/NavSideBar/a_Logout' is clicked on

2023-05-12 18:05:30 - [TEST_STEP][PASSED] - verifyElementVisible(findTestObject("Object Repository/Page_Swag Labs/input_Swag Labs_user-name")): Object 'Object Repository/Page_Swag Labs/input_Swag Labs_user-name' is visible

2023-05-12 18:05:31 - [MESSAGE][PASSED] - Object 'Object Repository/Page_Swag Labs/input_Swag Labs_user-name' is visible

2023-05-12 18:05:31 - [TEST_STEP][PASSED] - closeBrowser(): Browser is closed

2023-05-12 18:05:32 - [MESSAGE][PASSED] - Browser is closed]]></system-out>
         <system-err><![CDATA[]]></system-err>
      </testcase>
      <testcase name="Test Cases/test-flow-1-buy-1-product" time="11.691" classname="Test Cases/test-flow-1-buy-1-product" status="PASSED">
         <system-out><![CDATA[2023-05-12 18:05:32 - [TEST_CASE][PASSED] - Test Cases/test-flow-1-buy-1-product: Test Cases/test-flow-1-buy-1-product

2023-05-12 18:05:32 - [TEST_STEP][PASSED] - openBrowser("https://www.saucedemo.com/"): Browser is opened with url: 'https://www.saucedemo.com/'

2023-05-12 18:05:32 - [MESSAGE][INFO] - Starting 'Chrome' driver

2023-05-12 18:05:32 - [MESSAGE][INFO] - Action delay is set to 0 milliseconds

2023-05-12 18:05:34 - [MESSAGE][PASSED] - Browser is opened with url: 'https://www.saucedemo.com/'

2023-05-12 18:05:34 - [TEST_STEP][PASSED] - click(findTestObject("Object Repository/Page_Swag Labs/input_Swag Labs_user-name")): Object: 'Object Repository/Page_Swag Labs/input_Swag Labs_user-name' is clicked on

2023-05-12 18:05:34 - [MESSAGE][PASSED] - Object: 'Object Repository/Page_Swag Labs/input_Swag Labs_user-name' is clicked on

2023-05-12 18:05:34 - [TEST_STEP][PASSED] - sendKeys(findTestObject("Object Repository/Page_Swag Labs/input_Swag Labs_user-name"), "standard_user"): Keys 'standard_user' sent to object: 'Object Repository/Page_Swag Labs/input_Swag Labs_user-name'

2023-05-12 18:05:34 - [MESSAGE][PASSED] - Keys 'standard_user' sent to object: 'Object Repository/Page_Swag Labs/input_Swag Labs_user-name'

2023-05-12 18:05:34 - [TEST_STEP][PASSED] - click(findTestObject("Object Repository/Page_Swag Labs/input_Swag Labs_password")): Object: 'Object Repository/Page_Swag Labs/input_Swag Labs_password' is clicked on

2023-05-12 18:05:35 - [MESSAGE][PASSED] - Object: 'Object Repository/Page_Swag Labs/input_Swag Labs_password' is clicked on

2023-05-12 18:05:35 - [TEST_STEP][PASSED] - sendKeys(findTestObject("Object Repository/Page_Swag Labs/input_Swag Labs_password"), "secret_sauce"): Keys 'secret_sauce' sent to object: 'Object Repository/Page_Swag Labs/input_Swag Labs_password'

2023-05-12 18:05:35 - [MESSAGE][PASSED] - Keys 'secret_sauce' sent to object: 'Object Repository/Page_Swag Labs/input_Swag Labs_password'

2023-05-12 18:05:35 - [TEST_STEP][PASSED] - click(findTestObject("Object Repository/Page_Swag Labs/input_Swag Labs_login-button")): Object: 'Object Repository/Page_Swag Labs/input_Swag Labs_login-button' is clicked on

2023-05-12 18:05:35 - [MESSAGE][PASSED] - Object: 'Object Repository/Page_Swag Labs/input_Swag Labs_login-button' is clicked on

2023-05-12 18:05:35 - [TEST_STEP][PASSED] - click(findTestObject("Object Repository/inventoryPage/Backpack")): Object: 'Object Repository/inventoryPage/Backpack' is clicked on

2023-05-12 18:05:36 - [MESSAGE][PASSED] - Object: 'Object Repository/inventoryPage/Backpack' is clicked on

2023-05-12 18:05:36 - [TEST_STEP][PASSED] - click(findTestObject("Object Repository/inventoryPage/button_Add to cart")): Object: 'Object Repository/inventoryPage/button_Add to cart' is clicked on

2023-05-12 18:05:36 - [MESSAGE][PASSED] - Object: 'Object Repository/inventoryPage/button_Add to cart' is clicked on

2023-05-12 18:05:36 - [TEST_STEP][PASSED] - click(findTestObject("Object Repository/inventoryPage/products_back-image")): Object: 'Object Repository/inventoryPage/products_back-image' is clicked on

2023-05-12 18:05:37 - [MESSAGE][PASSED] - Object: 'Object Repository/inventoryPage/products_back-image' is clicked on

2023-05-12 18:05:37 - [TEST_STEP][PASSED] - click(findTestObject("Object Repository/inventoryPage/cart")): Object: 'Object Repository/inventoryPage/cart' is clicked on

2023-05-12 18:05:37 - [MESSAGE][PASSED] - Object: 'Object Repository/inventoryPage/cart' is clicked on

2023-05-12 18:05:37 - [TEST_STEP][PASSED] - click(findTestObject("Object Repository/CheckoutPage/button_Checkout")): Object: 'Object Repository/CheckoutPage/button_Checkout' is clicked on

2023-05-12 18:05:38 - [MESSAGE][PASSED] - Object: 'Object Repository/CheckoutPage/button_Checkout' is clicked on

2023-05-12 18:05:38 - [TEST_STEP][PASSED] - sendKeys(findTestObject("Object Repository/checkout-step-one/input_Checkout Your Information_firstName"), "demo"): Keys 'demo' sent to object: 'Object Repository/checkout-step-one/input_Checkout Your Information_firstName'

2023-05-12 18:05:39 - [MESSAGE][PASSED] - Keys 'demo' sent to object: 'Object Repository/checkout-step-one/input_Checkout Your Information_firstName'

2023-05-12 18:05:39 - [TEST_STEP][PASSED] - sendKeys(findTestObject("Object Repository/checkout-step-one/input_Checkout Your Information_lastName"), "qa test"): Keys 'qa test' sent to object: 'Object Repository/checkout-step-one/input_Checkout Your Information_lastName'

2023-05-12 18:05:39 - [MESSAGE][PASSED] - Keys 'qa test' sent to object: 'Object Repository/checkout-step-one/input_Checkout Your Information_lastName'

2023-05-12 18:05:39 - [TEST_STEP][PASSED] - sendKeys(findTestObject("Object Repository/checkout-step-one/input_Checkout Your Information_postalCode"), "9000"): Keys '9000' sent to object: 'Object Repository/checkout-step-one/input_Checkout Your Information_postalCode'

2023-05-12 18:05:40 - [MESSAGE][PASSED] - Keys '9000' sent to object: 'Object Repository/checkout-step-one/input_Checkout Your Information_postalCode'

2023-05-12 18:05:40 - [TEST_STEP][PASSED] - click(findTestObject("Object Repository/checkout-step-one/input_continue")): Object: 'Object Repository/checkout-step-one/input_continue' is clicked on

2023-05-12 18:05:40 - [MESSAGE][PASSED] - Object: 'Object Repository/checkout-step-one/input_continue' is clicked on

2023-05-12 18:05:40 - [TEST_STEP][PASSED] - click(findTestObject("Object Repository/finish checkout/button_Finish")): Object: 'Object Repository/finish checkout/button_Finish' is clicked on

2023-05-12 18:05:41 - [MESSAGE][PASSED] - Object: 'Object Repository/finish checkout/button_Finish' is clicked on

2023-05-12 18:05:41 - [TEST_STEP][PASSED] - verifyElementVisible(findTestObject("Object Repository/order-success/h2_Thank you for your order")): Object 'Object Repository/order-success/h2_Thank you for your order' is visible

2023-05-12 18:05:41 - [MESSAGE][PASSED] - Object 'Object Repository/order-success/h2_Thank you for your order' is visible

2023-05-12 18:05:41 - [TEST_STEP][PASSED] - click(findTestObject("Object Repository/NavSideBar/sidebar")): Object: 'Object Repository/NavSideBar/sidebar' is clicked on

2023-05-12 18:05:42 - [MESSAGE][PASSED] - Object: 'Object Repository/NavSideBar/sidebar' is clicked on

2023-05-12 18:05:42 - [TEST_STEP][PASSED] - click(findTestObject("Object Repository/NavSideBar/a_Logout")): Object: 'Object Repository/NavSideBar/a_Logout' is clicked on

2023-05-12 18:05:42 - [MESSAGE][PASSED] - Object: 'Object Repository/NavSideBar/a_Logout' is clicked on

2023-05-12 18:05:42 - [TEST_STEP][PASSED] - verifyElementVisible(findTestObject("Object Repository/Page_Swag Labs/input_Swag Labs_user-name")): Object 'Object Repository/Page_Swag Labs/input_Swag Labs_user-name' is visible

2023-05-12 18:05:43 - [MESSAGE][PASSED] - Object 'Object Repository/Page_Swag Labs/input_Swag Labs_user-name' is visible

2023-05-12 18:05:43 - [TEST_STEP][PASSED] - closeBrowser(): Browser is closed

2023-05-12 18:05:43 - [MESSAGE][PASSED] - Browser is closed]]></system-out>
         <system-err><![CDATA[]]></system-err>
      </testcase>
      <testcase name="Test Cases/test-flow-1-buy-1-product" time="12.082" classname="Test Cases/test-flow-1-buy-1-product" status="PASSED">
         <system-out><![CDATA[2023-05-12 18:05:43 - [TEST_CASE][PASSED] - Test Cases/test-flow-1-buy-1-product: Test Cases/test-flow-1-buy-1-product

2023-05-12 18:05:43 - [TEST_STEP][PASSED] - openBrowser("https://www.saucedemo.com/"): Browser is opened with url: 'https://www.saucedemo.com/'

2023-05-12 18:05:43 - [MESSAGE][INFO] - Starting 'Chrome' driver

2023-05-12 18:05:43 - [MESSAGE][INFO] - Action delay is set to 0 milliseconds

2023-05-12 18:05:46 - [MESSAGE][PASSED] - Browser is opened with url: 'https://www.saucedemo.com/'

2023-05-12 18:05:46 - [TEST_STEP][PASSED] - click(findTestObject("Object Repository/Page_Swag Labs/input_Swag Labs_user-name")): Object: 'Object Repository/Page_Swag Labs/input_Swag Labs_user-name' is clicked on

2023-05-12 18:05:46 - [MESSAGE][PASSED] - Object: 'Object Repository/Page_Swag Labs/input_Swag Labs_user-name' is clicked on

2023-05-12 18:05:46 - [TEST_STEP][PASSED] - sendKeys(findTestObject("Object Repository/Page_Swag Labs/input_Swag Labs_user-name"), "standard_user"): Keys 'standard_user' sent to object: 'Object Repository/Page_Swag Labs/input_Swag Labs_user-name'

2023-05-12 18:05:46 - [MESSAGE][PASSED] - Keys 'standard_user' sent to object: 'Object Repository/Page_Swag Labs/input_Swag Labs_user-name'

2023-05-12 18:05:46 - [TEST_STEP][PASSED] - click(findTestObject("Object Repository/Page_Swag Labs/input_Swag Labs_password")): Object: 'Object Repository/Page_Swag Labs/input_Swag Labs_password' is clicked on

2023-05-12 18:05:47 - [MESSAGE][PASSED] - Object: 'Object Repository/Page_Swag Labs/input_Swag Labs_password' is clicked on

2023-05-12 18:05:47 - [TEST_STEP][PASSED] - sendKeys(findTestObject("Object Repository/Page_Swag Labs/input_Swag Labs_password"), "secret_sauce"): Keys 'secret_sauce' sent to object: 'Object Repository/Page_Swag Labs/input_Swag Labs_password'

2023-05-12 18:05:47 - [MESSAGE][PASSED] - Keys 'secret_sauce' sent to object: 'Object Repository/Page_Swag Labs/input_Swag Labs_password'

2023-05-12 18:05:47 - [TEST_STEP][PASSED] - click(findTestObject("Object Repository/Page_Swag Labs/input_Swag Labs_login-button")): Object: 'Object Repository/Page_Swag Labs/input_Swag Labs_login-button' is clicked on

2023-05-12 18:05:47 - [MESSAGE][PASSED] - Object: 'Object Repository/Page_Swag Labs/input_Swag Labs_login-button' is clicked on

2023-05-12 18:05:47 - [TEST_STEP][PASSED] - click(findTestObject("Object Repository/inventoryPage/Backpack")): Object: 'Object Repository/inventoryPage/Backpack' is clicked on

2023-05-12 18:05:48 - [MESSAGE][PASSED] - Object: 'Object Repository/inventoryPage/Backpack' is clicked on

2023-05-12 18:05:48 - [TEST_STEP][PASSED] - click(findTestObject("Object Repository/inventoryPage/button_Add to cart")): Object: 'Object Repository/inventoryPage/button_Add to cart' is clicked on

2023-05-12 18:05:48 - [MESSAGE][PASSED] - Object: 'Object Repository/inventoryPage/button_Add to cart' is clicked on

2023-05-12 18:05:48 - [TEST_STEP][PASSED] - click(findTestObject("Object Repository/inventoryPage/products_back-image")): Object: 'Object Repository/inventoryPage/products_back-image' is clicked on

2023-05-12 18:05:49 - [MESSAGE][PASSED] - Object: 'Object Repository/inventoryPage/products_back-image' is clicked on

2023-05-12 18:05:49 - [TEST_STEP][PASSED] - click(findTestObject("Object Repository/inventoryPage/cart")): Object: 'Object Repository/inventoryPage/cart' is clicked on

2023-05-12 18:05:50 - [MESSAGE][PASSED] - Object: 'Object Repository/inventoryPage/cart' is clicked on

2023-05-12 18:05:50 - [TEST_STEP][PASSED] - click(findTestObject("Object Repository/CheckoutPage/button_Checkout")): Object: 'Object Repository/CheckoutPage/button_Checkout' is clicked on

2023-05-12 18:05:50 - [MESSAGE][PASSED] - Object: 'Object Repository/CheckoutPage/button_Checkout' is clicked on

2023-05-12 18:05:50 - [TEST_STEP][PASSED] - sendKeys(findTestObject("Object Repository/checkout-step-one/input_Checkout Your Information_firstName"), "demo"): Keys 'demo' sent to object: 'Object Repository/checkout-step-one/input_Checkout Your Information_firstName'

2023-05-12 18:05:51 - [MESSAGE][PASSED] - Keys 'demo' sent to object: 'Object Repository/checkout-step-one/input_Checkout Your Information_firstName'

2023-05-12 18:05:51 - [TEST_STEP][PASSED] - sendKeys(findTestObject("Object Repository/checkout-step-one/input_Checkout Your Information_lastName"), "qa test"): Keys 'qa test' sent to object: 'Object Repository/checkout-step-one/input_Checkout Your Information_lastName'

2023-05-12 18:05:51 - [MESSAGE][PASSED] - Keys 'qa test' sent to object: 'Object Repository/checkout-step-one/input_Checkout Your Information_lastName'

2023-05-12 18:05:51 - [TEST_STEP][PASSED] - sendKeys(findTestObject("Object Repository/checkout-step-one/input_Checkout Your Information_postalCode"), "9000"): Keys '9000' sent to object: 'Object Repository/checkout-step-one/input_Checkout Your Information_postalCode'

2023-05-12 18:05:52 - [MESSAGE][PASSED] - Keys '9000' sent to object: 'Object Repository/checkout-step-one/input_Checkout Your Information_postalCode'

2023-05-12 18:05:52 - [TEST_STEP][PASSED] - click(findTestObject("Object Repository/checkout-step-one/input_continue")): Object: 'Object Repository/checkout-step-one/input_continue' is clicked on

2023-05-12 18:05:52 - [MESSAGE][PASSED] - Object: 'Object Repository/checkout-step-one/input_continue' is clicked on

2023-05-12 18:05:52 - [TEST_STEP][PASSED] - click(findTestObject("Object Repository/finish checkout/button_Finish")): Object: 'Object Repository/finish checkout/button_Finish' is clicked on

2023-05-12 18:05:53 - [MESSAGE][PASSED] - Object: 'Object Repository/finish checkout/button_Finish' is clicked on

2023-05-12 18:05:53 - [TEST_STEP][PASSED] - verifyElementVisible(findTestObject("Object Repository/order-success/h2_Thank you for your order")): Object 'Object Repository/order-success/h2_Thank you for your order' is visible

2023-05-12 18:05:53 - [MESSAGE][PASSED] - Object 'Object Repository/order-success/h2_Thank you for your order' is visible

2023-05-12 18:05:53 - [TEST_STEP][PASSED] - click(findTestObject("Object Repository/NavSideBar/sidebar")): Object: 'Object Repository/NavSideBar/sidebar' is clicked on

2023-05-12 18:05:54 - [MESSAGE][PASSED] - Object: 'Object Repository/NavSideBar/sidebar' is clicked on

2023-05-12 18:05:54 - [TEST_STEP][PASSED] - click(findTestObject("Object Repository/NavSideBar/a_Logout")): Object: 'Object Repository/NavSideBar/a_Logout' is clicked on

2023-05-12 18:05:54 - [MESSAGE][PASSED] - Object: 'Object Repository/NavSideBar/a_Logout' is clicked on

2023-05-12 18:05:54 - [TEST_STEP][PASSED] - verifyElementVisible(findTestObject("Object Repository/Page_Swag Labs/input_Swag Labs_user-name")): Object 'Object Repository/Page_Swag Labs/input_Swag Labs_user-name' is visible

2023-05-12 18:05:55 - [MESSAGE][PASSED] - Object 'Object Repository/Page_Swag Labs/input_Swag Labs_user-name' is visible

2023-05-12 18:05:55 - [TEST_STEP][PASSED] - closeBrowser(): Browser is closed

2023-05-12 18:05:55 - [MESSAGE][PASSED] - Browser is closed]]></system-out>
         <system-err><![CDATA[]]></system-err>
      </testcase>
      <testcase name="Test Cases/test-flow-1-buy-1-product" time="12.177" classname="Test Cases/test-flow-1-buy-1-product" status="PASSED">
         <system-out><![CDATA[2023-05-12 18:05:55 - [TEST_CASE][PASSED] - Test Cases/test-flow-1-buy-1-product: Test Cases/test-flow-1-buy-1-product

2023-05-12 18:05:55 - [TEST_STEP][PASSED] - openBrowser("https://www.saucedemo.com/"): Browser is opened with url: 'https://www.saucedemo.com/'

2023-05-12 18:05:55 - [MESSAGE][INFO] - Starting 'Chrome' driver

2023-05-12 18:05:55 - [MESSAGE][INFO] - Action delay is set to 0 milliseconds

2023-05-12 18:05:57 - [MESSAGE][PASSED] - Browser is opened with url: 'https://www.saucedemo.com/'

2023-05-12 18:05:57 - [TEST_STEP][PASSED] - click(findTestObject("Object Repository/Page_Swag Labs/input_Swag Labs_user-name")): Object: 'Object Repository/Page_Swag Labs/input_Swag Labs_user-name' is clicked on

2023-05-12 18:05:58 - [MESSAGE][PASSED] - Object: 'Object Repository/Page_Swag Labs/input_Swag Labs_user-name' is clicked on

2023-05-12 18:05:58 - [TEST_STEP][PASSED] - sendKeys(findTestObject("Object Repository/Page_Swag Labs/input_Swag Labs_user-name"), "standard_user"): Keys 'standard_user' sent to object: 'Object Repository/Page_Swag Labs/input_Swag Labs_user-name'

2023-05-12 18:05:58 - [MESSAGE][PASSED] - Keys 'standard_user' sent to object: 'Object Repository/Page_Swag Labs/input_Swag Labs_user-name'

2023-05-12 18:05:58 - [TEST_STEP][PASSED] - click(findTestObject("Object Repository/Page_Swag Labs/input_Swag Labs_password")): Object: 'Object Repository/Page_Swag Labs/input_Swag Labs_password' is clicked on

2023-05-12 18:05:58 - [MESSAGE][PASSED] - Object: 'Object Repository/Page_Swag Labs/input_Swag Labs_password' is clicked on

2023-05-12 18:05:58 - [TEST_STEP][PASSED] - sendKeys(findTestObject("Object Repository/Page_Swag Labs/input_Swag Labs_password"), "secret_sauce"): Keys 'secret_sauce' sent to object: 'Object Repository/Page_Swag Labs/input_Swag Labs_password'

2023-05-12 18:05:59 - [MESSAGE][PASSED] - Keys 'secret_sauce' sent to object: 'Object Repository/Page_Swag Labs/input_Swag Labs_password'

2023-05-12 18:05:59 - [TEST_STEP][PASSED] - click(findTestObject("Object Repository/Page_Swag Labs/input_Swag Labs_login-button")): Object: 'Object Repository/Page_Swag Labs/input_Swag Labs_login-button' is clicked on

2023-05-12 18:05:59 - [MESSAGE][PASSED] - Object: 'Object Repository/Page_Swag Labs/input_Swag Labs_login-button' is clicked on

2023-05-12 18:05:59 - [TEST_STEP][PASSED] - click(findTestObject("Object Repository/inventoryPage/Backpack")): Object: 'Object Repository/inventoryPage/Backpack' is clicked on

2023-05-12 18:06:00 - [MESSAGE][PASSED] - Object: 'Object Repository/inventoryPage/Backpack' is clicked on

2023-05-12 18:06:00 - [TEST_STEP][PASSED] - click(findTestObject("Object Repository/inventoryPage/button_Add to cart")): Object: 'Object Repository/inventoryPage/button_Add to cart' is clicked on

2023-05-12 18:06:00 - [MESSAGE][PASSED] - Object: 'Object Repository/inventoryPage/button_Add to cart' is clicked on

2023-05-12 18:06:00 - [TEST_STEP][PASSED] - click(findTestObject("Object Repository/inventoryPage/products_back-image")): Object: 'Object Repository/inventoryPage/products_back-image' is clicked on

2023-05-12 18:06:01 - [MESSAGE][PASSED] - Object: 'Object Repository/inventoryPage/products_back-image' is clicked on

2023-05-12 18:06:01 - [TEST_STEP][PASSED] - click(findTestObject("Object Repository/inventoryPage/cart")): Object: 'Object Repository/inventoryPage/cart' is clicked on

2023-05-12 18:06:01 - [MESSAGE][PASSED] - Object: 'Object Repository/inventoryPage/cart' is clicked on

2023-05-12 18:06:01 - [TEST_STEP][PASSED] - click(findTestObject("Object Repository/CheckoutPage/button_Checkout")): Object: 'Object Repository/CheckoutPage/button_Checkout' is clicked on

2023-05-12 18:06:02 - [MESSAGE][PASSED] - Object: 'Object Repository/CheckoutPage/button_Checkout' is clicked on

2023-05-12 18:06:02 - [TEST_STEP][PASSED] - sendKeys(findTestObject("Object Repository/checkout-step-one/input_Checkout Your Information_firstName"), "demo"): Keys 'demo' sent to object: 'Object Repository/checkout-step-one/input_Checkout Your Information_firstName'

2023-05-12 18:06:03 - [MESSAGE][PASSED] - Keys 'demo' sent to object: 'Object Repository/checkout-step-one/input_Checkout Your Information_firstName'

2023-05-12 18:06:03 - [TEST_STEP][PASSED] - sendKeys(findTestObject("Object Repository/checkout-step-one/input_Checkout Your Information_lastName"), "qa test"): Keys 'qa test' sent to object: 'Object Repository/checkout-step-one/input_Checkout Your Information_lastName'

2023-05-12 18:06:03 - [MESSAGE][PASSED] - Keys 'qa test' sent to object: 'Object Repository/checkout-step-one/input_Checkout Your Information_lastName'

2023-05-12 18:06:03 - [TEST_STEP][PASSED] - sendKeys(findTestObject("Object Repository/checkout-step-one/input_Checkout Your Information_postalCode"), "9000"): Keys '9000' sent to object: 'Object Repository/checkout-step-one/input_Checkout Your Information_postalCode'

2023-05-12 18:06:04 - [MESSAGE][PASSED] - Keys '9000' sent to object: 'Object Repository/checkout-step-one/input_Checkout Your Information_postalCode'

2023-05-12 18:06:04 - [TEST_STEP][PASSED] - click(findTestObject("Object Repository/checkout-step-one/input_continue")): Object: 'Object Repository/checkout-step-one/input_continue' is clicked on

2023-05-12 18:06:04 - [MESSAGE][PASSED] - Object: 'Object Repository/checkout-step-one/input_continue' is clicked on

2023-05-12 18:06:04 - [TEST_STEP][PASSED] - click(findTestObject("Object Repository/finish checkout/button_Finish")): Object: 'Object Repository/finish checkout/button_Finish' is clicked on

2023-05-12 18:06:05 - [MESSAGE][PASSED] - Object: 'Object Repository/finish checkout/button_Finish' is clicked on

2023-05-12 18:06:05 - [TEST_STEP][PASSED] - verifyElementVisible(findTestObject("Object Repository/order-success/h2_Thank you for your order")): Object 'Object Repository/order-success/h2_Thank you for your order' is visible

2023-05-12 18:06:05 - [MESSAGE][PASSED] - Object 'Object Repository/order-success/h2_Thank you for your order' is visible

2023-05-12 18:06:05 - [TEST_STEP][PASSED] - click(findTestObject("Object Repository/NavSideBar/sidebar")): Object: 'Object Repository/NavSideBar/sidebar' is clicked on

2023-05-12 18:06:06 - [MESSAGE][PASSED] - Object: 'Object Repository/NavSideBar/sidebar' is clicked on

2023-05-12 18:06:06 - [TEST_STEP][PASSED] - click(findTestObject("Object Repository/NavSideBar/a_Logout")): Object: 'Object Repository/NavSideBar/a_Logout' is clicked on

2023-05-12 18:06:06 - [MESSAGE][PASSED] - Object: 'Object Repository/NavSideBar/a_Logout' is clicked on

2023-05-12 18:06:06 - [TEST_STEP][PASSED] - verifyElementVisible(findTestObject("Object Repository/Page_Swag Labs/input_Swag Labs_user-name")): Object 'Object Repository/Page_Swag Labs/input_Swag Labs_user-name' is visible

2023-05-12 18:06:07 - [MESSAGE][PASSED] - Object 'Object Repository/Page_Swag Labs/input_Swag Labs_user-name' is visible

2023-05-12 18:06:07 - [TEST_STEP][PASSED] - closeBrowser(): Browser is closed

2023-05-12 18:06:08 - [MESSAGE][PASSED] - Browser is closed]]></system-out>
         <system-err><![CDATA[]]></system-err>
      </testcase>
      <testcase name="Test Cases/test-flow-1-buy-1-product" time="11.903" classname="Test Cases/test-flow-1-buy-1-product" status="PASSED">
         <system-out><![CDATA[2023-05-12 18:06:08 - [TEST_CASE][PASSED] - Test Cases/test-flow-1-buy-1-product: Test Cases/test-flow-1-buy-1-product

2023-05-12 18:06:08 - [TEST_STEP][PASSED] - openBrowser("https://www.saucedemo.com/"): Browser is opened with url: 'https://www.saucedemo.com/'

2023-05-12 18:06:08 - [MESSAGE][INFO] - Starting 'Chrome' driver

2023-05-12 18:06:08 - [MESSAGE][INFO] - Action delay is set to 0 milliseconds

2023-05-12 18:06:10 - [MESSAGE][PASSED] - Browser is opened with url: 'https://www.saucedemo.com/'

2023-05-12 18:06:10 - [TEST_STEP][PASSED] - click(findTestObject("Object Repository/Page_Swag Labs/input_Swag Labs_user-name")): Object: 'Object Repository/Page_Swag Labs/input_Swag Labs_user-name' is clicked on

2023-05-12 18:06:10 - [MESSAGE][PASSED] - Object: 'Object Repository/Page_Swag Labs/input_Swag Labs_user-name' is clicked on

2023-05-12 18:06:10 - [TEST_STEP][PASSED] - sendKeys(findTestObject("Object Repository/Page_Swag Labs/input_Swag Labs_user-name"), "standard_user"): Keys 'standard_user' sent to object: 'Object Repository/Page_Swag Labs/input_Swag Labs_user-name'

2023-05-12 18:06:10 - [MESSAGE][PASSED] - Keys 'standard_user' sent to object: 'Object Repository/Page_Swag Labs/input_Swag Labs_user-name'

2023-05-12 18:06:10 - [TEST_STEP][PASSED] - click(findTestObject("Object Repository/Page_Swag Labs/input_Swag Labs_password")): Object: 'Object Repository/Page_Swag Labs/input_Swag Labs_password' is clicked on

2023-05-12 18:06:11 - [MESSAGE][PASSED] - Object: 'Object Repository/Page_Swag Labs/input_Swag Labs_password' is clicked on

2023-05-12 18:06:11 - [TEST_STEP][PASSED] - sendKeys(findTestObject("Object Repository/Page_Swag Labs/input_Swag Labs_password"), "secret_sauce"): Keys 'secret_sauce' sent to object: 'Object Repository/Page_Swag Labs/input_Swag Labs_password'

2023-05-12 18:06:11 - [MESSAGE][PASSED] - Keys 'secret_sauce' sent to object: 'Object Repository/Page_Swag Labs/input_Swag Labs_password'

2023-05-12 18:06:11 - [TEST_STEP][PASSED] - click(findTestObject("Object Repository/Page_Swag Labs/input_Swag Labs_login-button")): Object: 'Object Repository/Page_Swag Labs/input_Swag Labs_login-button' is clicked on

2023-05-12 18:06:11 - [MESSAGE][PASSED] - Object: 'Object Repository/Page_Swag Labs/input_Swag Labs_login-button' is clicked on

2023-05-12 18:06:11 - [TEST_STEP][PASSED] - click(findTestObject("Object Repository/inventoryPage/Backpack")): Object: 'Object Repository/inventoryPage/Backpack' is clicked on

2023-05-12 18:06:12 - [MESSAGE][PASSED] - Object: 'Object Repository/inventoryPage/Backpack' is clicked on

2023-05-12 18:06:12 - [TEST_STEP][PASSED] - click(findTestObject("Object Repository/inventoryPage/button_Add to cart")): Object: 'Object Repository/inventoryPage/button_Add to cart' is clicked on

2023-05-12 18:06:12 - [MESSAGE][PASSED] - Object: 'Object Repository/inventoryPage/button_Add to cart' is clicked on

2023-05-12 18:06:12 - [TEST_STEP][PASSED] - click(findTestObject("Object Repository/inventoryPage/products_back-image")): Object: 'Object Repository/inventoryPage/products_back-image' is clicked on

2023-05-12 18:06:13 - [MESSAGE][PASSED] - Object: 'Object Repository/inventoryPage/products_back-image' is clicked on

2023-05-12 18:06:13 - [TEST_STEP][PASSED] - click(findTestObject("Object Repository/inventoryPage/cart")): Object: 'Object Repository/inventoryPage/cart' is clicked on

2023-05-12 18:06:13 - [MESSAGE][PASSED] - Object: 'Object Repository/inventoryPage/cart' is clicked on

2023-05-12 18:06:13 - [TEST_STEP][PASSED] - click(findTestObject("Object Repository/CheckoutPage/button_Checkout")): Object: 'Object Repository/CheckoutPage/button_Checkout' is clicked on

2023-05-12 18:06:14 - [MESSAGE][PASSED] - Object: 'Object Repository/CheckoutPage/button_Checkout' is clicked on

2023-05-12 18:06:14 - [TEST_STEP][PASSED] - sendKeys(findTestObject("Object Repository/checkout-step-one/input_Checkout Your Information_firstName"), "demo"): Keys 'demo' sent to object: 'Object Repository/checkout-step-one/input_Checkout Your Information_firstName'

2023-05-12 18:06:15 - [MESSAGE][PASSED] - Keys 'demo' sent to object: 'Object Repository/checkout-step-one/input_Checkout Your Information_firstName'

2023-05-12 18:06:15 - [TEST_STEP][PASSED] - sendKeys(findTestObject("Object Repository/checkout-step-one/input_Checkout Your Information_lastName"), "qa test"): Keys 'qa test' sent to object: 'Object Repository/checkout-step-one/input_Checkout Your Information_lastName'

2023-05-12 18:06:15 - [MESSAGE][PASSED] - Keys 'qa test' sent to object: 'Object Repository/checkout-step-one/input_Checkout Your Information_lastName'

2023-05-12 18:06:15 - [TEST_STEP][PASSED] - sendKeys(findTestObject("Object Repository/checkout-step-one/input_Checkout Your Information_postalCode"), "9000"): Keys '9000' sent to object: 'Object Repository/checkout-step-one/input_Checkout Your Information_postalCode'

2023-05-12 18:06:16 - [MESSAGE][PASSED] - Keys '9000' sent to object: 'Object Repository/checkout-step-one/input_Checkout Your Information_postalCode'

2023-05-12 18:06:16 - [TEST_STEP][PASSED] - click(findTestObject("Object Repository/checkout-step-one/input_continue")): Object: 'Object Repository/checkout-step-one/input_continue' is clicked on

2023-05-12 18:06:16 - [MESSAGE][PASSED] - Object: 'Object Repository/checkout-step-one/input_continue' is clicked on

2023-05-12 18:06:16 - [TEST_STEP][PASSED] - click(findTestObject("Object Repository/finish checkout/button_Finish")): Object: 'Object Repository/finish checkout/button_Finish' is clicked on

2023-05-12 18:06:17 - [MESSAGE][PASSED] - Object: 'Object Repository/finish checkout/button_Finish' is clicked on

2023-05-12 18:06:17 - [TEST_STEP][PASSED] - verifyElementVisible(findTestObject("Object Repository/order-success/h2_Thank you for your order")): Object 'Object Repository/order-success/h2_Thank you for your order' is visible

2023-05-12 18:06:17 - [MESSAGE][PASSED] - Object 'Object Repository/order-success/h2_Thank you for your order' is visible

2023-05-12 18:06:17 - [TEST_STEP][PASSED] - click(findTestObject("Object Repository/NavSideBar/sidebar")): Object: 'Object Repository/NavSideBar/sidebar' is clicked on

2023-05-12 18:06:18 - [MESSAGE][PASSED] - Object: 'Object Repository/NavSideBar/sidebar' is clicked on

2023-05-12 18:06:18 - [TEST_STEP][PASSED] - click(findTestObject("Object Repository/NavSideBar/a_Logout")): Object: 'Object Repository/NavSideBar/a_Logout' is clicked on

2023-05-12 18:06:18 - [MESSAGE][PASSED] - Object: 'Object Repository/NavSideBar/a_Logout' is clicked on

2023-05-12 18:06:18 - [TEST_STEP][PASSED] - verifyElementVisible(findTestObject("Object Repository/Page_Swag Labs/input_Swag Labs_user-name")): Object 'Object Repository/Page_Swag Labs/input_Swag Labs_user-name' is visible

2023-05-12 18:06:19 - [MESSAGE][PASSED] - Object 'Object Repository/Page_Swag Labs/input_Swag Labs_user-name' is visible

2023-05-12 18:06:19 - [TEST_STEP][PASSED] - closeBrowser(): Browser is closed

2023-05-12 18:06:20 - [MESSAGE][PASSED] - Browser is closed]]></system-out>
         <system-err><![CDATA[]]></system-err>
      </testcase>
      <testcase name="Test Cases/test-flow-1-buy-1-product" time="11.7" classname="Test Cases/test-flow-1-buy-1-product" status="PASSED">
         <system-out><![CDATA[2023-05-12 18:06:20 - [TEST_CASE][PASSED] - Test Cases/test-flow-1-buy-1-product: Test Cases/test-flow-1-buy-1-product

2023-05-12 18:06:20 - [TEST_STEP][PASSED] - openBrowser("https://www.saucedemo.com/"): Browser is opened with url: 'https://www.saucedemo.com/'

2023-05-12 18:06:20 - [MESSAGE][INFO] - Starting 'Chrome' driver

2023-05-12 18:06:20 - [MESSAGE][INFO] - Action delay is set to 0 milliseconds

2023-05-12 18:06:22 - [MESSAGE][PASSED] - Browser is opened with url: 'https://www.saucedemo.com/'

2023-05-12 18:06:22 - [TEST_STEP][PASSED] - click(findTestObject("Object Repository/Page_Swag Labs/input_Swag Labs_user-name")): Object: 'Object Repository/Page_Swag Labs/input_Swag Labs_user-name' is clicked on

2023-05-12 18:06:22 - [MESSAGE][PASSED] - Object: 'Object Repository/Page_Swag Labs/input_Swag Labs_user-name' is clicked on

2023-05-12 18:06:22 - [TEST_STEP][PASSED] - sendKeys(findTestObject("Object Repository/Page_Swag Labs/input_Swag Labs_user-name"), "standard_user"): Keys 'standard_user' sent to object: 'Object Repository/Page_Swag Labs/input_Swag Labs_user-name'

2023-05-12 18:06:22 - [MESSAGE][PASSED] - Keys 'standard_user' sent to object: 'Object Repository/Page_Swag Labs/input_Swag Labs_user-name'

2023-05-12 18:06:22 - [TEST_STEP][PASSED] - click(findTestObject("Object Repository/Page_Swag Labs/input_Swag Labs_password")): Object: 'Object Repository/Page_Swag Labs/input_Swag Labs_password' is clicked on

2023-05-12 18:06:23 - [MESSAGE][PASSED] - Object: 'Object Repository/Page_Swag Labs/input_Swag Labs_password' is clicked on

2023-05-12 18:06:23 - [TEST_STEP][PASSED] - sendKeys(findTestObject("Object Repository/Page_Swag Labs/input_Swag Labs_password"), "secret_sauce"): Keys 'secret_sauce' sent to object: 'Object Repository/Page_Swag Labs/input_Swag Labs_password'

2023-05-12 18:06:23 - [MESSAGE][PASSED] - Keys 'secret_sauce' sent to object: 'Object Repository/Page_Swag Labs/input_Swag Labs_password'

2023-05-12 18:06:23 - [TEST_STEP][PASSED] - click(findTestObject("Object Repository/Page_Swag Labs/input_Swag Labs_login-button")): Object: 'Object Repository/Page_Swag Labs/input_Swag Labs_login-button' is clicked on

2023-05-12 18:06:23 - [MESSAGE][PASSED] - Object: 'Object Repository/Page_Swag Labs/input_Swag Labs_login-button' is clicked on

2023-05-12 18:06:23 - [TEST_STEP][PASSED] - click(findTestObject("Object Repository/inventoryPage/Backpack")): Object: 'Object Repository/inventoryPage/Backpack' is clicked on

2023-05-12 18:06:24 - [MESSAGE][PASSED] - Object: 'Object Repository/inventoryPage/Backpack' is clicked on

2023-05-12 18:06:24 - [TEST_STEP][PASSED] - click(findTestObject("Object Repository/inventoryPage/button_Add to cart")): Object: 'Object Repository/inventoryPage/button_Add to cart' is clicked on

2023-05-12 18:06:24 - [MESSAGE][PASSED] - Object: 'Object Repository/inventoryPage/button_Add to cart' is clicked on

2023-05-12 18:06:24 - [TEST_STEP][PASSED] - click(findTestObject("Object Repository/inventoryPage/products_back-image")): Object: 'Object Repository/inventoryPage/products_back-image' is clicked on

2023-05-12 18:06:25 - [MESSAGE][PASSED] - Object: 'Object Repository/inventoryPage/products_back-image' is clicked on

2023-05-12 18:06:25 - [TEST_STEP][PASSED] - click(findTestObject("Object Repository/inventoryPage/cart")): Object: 'Object Repository/inventoryPage/cart' is clicked on

2023-05-12 18:06:25 - [MESSAGE][PASSED] - Object: 'Object Repository/inventoryPage/cart' is clicked on

2023-05-12 18:06:25 - [TEST_STEP][PASSED] - click(findTestObject("Object Repository/CheckoutPage/button_Checkout")): Object: 'Object Repository/CheckoutPage/button_Checkout' is clicked on

2023-05-12 18:06:26 - [MESSAGE][PASSED] - Object: 'Object Repository/CheckoutPage/button_Checkout' is clicked on

2023-05-12 18:06:26 - [TEST_STEP][PASSED] - sendKeys(findTestObject("Object Repository/checkout-step-one/input_Checkout Your Information_firstName"), "demo"): Keys 'demo' sent to object: 'Object Repository/checkout-step-one/input_Checkout Your Information_firstName'

2023-05-12 18:06:26 - [MESSAGE][PASSED] - Keys 'demo' sent to object: 'Object Repository/checkout-step-one/input_Checkout Your Information_firstName'

2023-05-12 18:06:26 - [TEST_STEP][PASSED] - sendKeys(findTestObject("Object Repository/checkout-step-one/input_Checkout Your Information_lastName"), "qa test"): Keys 'qa test' sent to object: 'Object Repository/checkout-step-one/input_Checkout Your Information_lastName'

2023-05-12 18:06:27 - [MESSAGE][PASSED] - Keys 'qa test' sent to object: 'Object Repository/checkout-step-one/input_Checkout Your Information_lastName'

2023-05-12 18:06:27 - [TEST_STEP][PASSED] - sendKeys(findTestObject("Object Repository/checkout-step-one/input_Checkout Your Information_postalCode"), "9000"): Keys '9000' sent to object: 'Object Repository/checkout-step-one/input_Checkout Your Information_postalCode'

2023-05-12 18:06:28 - [MESSAGE][PASSED] - Keys '9000' sent to object: 'Object Repository/checkout-step-one/input_Checkout Your Information_postalCode'

2023-05-12 18:06:28 - [TEST_STEP][PASSED] - click(findTestObject("Object Repository/checkout-step-one/input_continue")): Object: 'Object Repository/checkout-step-one/input_continue' is clicked on

2023-05-12 18:06:28 - [MESSAGE][PASSED] - Object: 'Object Repository/checkout-step-one/input_continue' is clicked on

2023-05-12 18:06:28 - [TEST_STEP][PASSED] - click(findTestObject("Object Repository/finish checkout/button_Finish")): Object: 'Object Repository/finish checkout/button_Finish' is clicked on

2023-05-12 18:06:29 - [MESSAGE][PASSED] - Object: 'Object Repository/finish checkout/button_Finish' is clicked on

2023-05-12 18:06:29 - [TEST_STEP][PASSED] - verifyElementVisible(findTestObject("Object Repository/order-success/h2_Thank you for your order")): Object 'Object Repository/order-success/h2_Thank you for your order' is visible

2023-05-12 18:06:29 - [MESSAGE][PASSED] - Object 'Object Repository/order-success/h2_Thank you for your order' is visible

2023-05-12 18:06:29 - [TEST_STEP][PASSED] - click(findTestObject("Object Repository/NavSideBar/sidebar")): Object: 'Object Repository/NavSideBar/sidebar' is clicked on

2023-05-12 18:06:30 - [MESSAGE][PASSED] - Object: 'Object Repository/NavSideBar/sidebar' is clicked on

2023-05-12 18:06:30 - [TEST_STEP][PASSED] - click(findTestObject("Object Repository/NavSideBar/a_Logout")): Object: 'Object Repository/NavSideBar/a_Logout' is clicked on

2023-05-12 18:06:30 - [MESSAGE][PASSED] - Object: 'Object Repository/NavSideBar/a_Logout' is clicked on

2023-05-12 18:06:30 - [TEST_STEP][PASSED] - verifyElementVisible(findTestObject("Object Repository/Page_Swag Labs/input_Swag Labs_user-name")): Object 'Object Repository/Page_Swag Labs/input_Swag Labs_user-name' is visible

2023-05-12 18:06:31 - [MESSAGE][PASSED] - Object 'Object Repository/Page_Swag Labs/input_Swag Labs_user-name' is visible

2023-05-12 18:06:31 - [TEST_STEP][PASSED] - closeBrowser(): Browser is closed

2023-05-12 18:06:31 - [MESSAGE][PASSED] - Browser is closed]]></system-out>
         <system-err><![CDATA[]]></system-err>
      </testcase>
      <system-out><![CDATA[2023-05-12 18:02:31 - [TEST_SUITE][PASSED] - simple case: Test Cases/test-flow-1-buy-1-product]]></system-out>
      <system-err><![CDATA[]]></system-err>
   </testsuite>
   <testsuite name="simple case" tests="20" failures="0" errors="0" time="241.146" skipped="0" timestamp="2023-05-12 18:06:35" hostname="minh.nguyen - 5YHW2D3" id="Test Suites/simple case">
      <properties>
         <property name="deviceName" value=""/>
         <property name="devicePlatform" value=""/>
         <property name="logFolder" value="C:\\Users\\minh.nguyen\\Desktop\\GitRepo\\tri-nhan-repo\\Reports\\20230512_171239\\simple case\\20230512_171306"/>
         <property name="logFiles" value="C:\\Users\\minh.nguyen\\Desktop\\GitRepo\\tri-nhan-repo\\Reports\\20230512_171239\\simple case\\20230512_171306\\execution0.log"/>
         <property name="attachments" value=""/>
         <property name="hostName" value="minh.nguyen - 5YHW2D3"/>
         <property name="os" value="Windows 10 64bit"/>
         <property name="katalonVersion" value="8.5.5.208"/>
         <property name="browser" value="Chrome 112.0.0.0"/>
         <property name="hostAddress" value="192.168.1.86"/>
         <property name="sessionId" value="6f630d7eb4e9f04e304867423270de06"/>
         <property name="seleniumVersion" value="3.141.59"/>
         <property name="proxyInformation" value="ProxyInformation { proxyOption=NO_PROXY, proxyServerType=HTTP, username=, password=********, proxyServerAddress=, proxyServerPort=0, executionList=&quot;&quot;, isApplyToDesiredCapabilities=true }"/>
         <property name="platform" value="Windows 10"/>
      </properties>
      <testcase name="Test Cases/test-flow-1-buy-1-product" time="12.902" classname="Test Cases/test-flow-1-buy-1-product" status="PASSED">
         <system-out><![CDATA[2023-05-12 18:06:35 - [TEST_CASE][PASSED] - Test Cases/test-flow-1-buy-1-product: Test Cases/test-flow-1-buy-1-product

2023-05-12 18:06:35 - [TEST_STEP][PASSED] - openBrowser("https://www.saucedemo.com/"): Browser is opened with url: 'https://www.saucedemo.com/'

2023-05-12 18:06:35 - [MESSAGE][INFO] - Starting 'Chrome' driver

2023-05-12 18:06:35 - [MESSAGE][INFO] - Action delay is set to 0 milliseconds

2023-05-12 18:06:38 - [MESSAGE][PASSED] - Browser is opened with url: 'https://www.saucedemo.com/'

2023-05-12 18:06:38 - [TEST_STEP][PASSED] - click(findTestObject("Object Repository/Page_Swag Labs/input_Swag Labs_user-name")): Object: 'Object Repository/Page_Swag Labs/input_Swag Labs_user-name' is clicked on

2023-05-12 18:06:39 - [MESSAGE][PASSED] - Object: 'Object Repository/Page_Swag Labs/input_Swag Labs_user-name' is clicked on

2023-05-12 18:06:39 - [TEST_STEP][PASSED] - sendKeys(findTestObject("Object Repository/Page_Swag Labs/input_Swag Labs_user-name"), "standard_user"): Keys 'standard_user' sent to object: 'Object Repository/Page_Swag Labs/input_Swag Labs_user-name'

2023-05-12 18:06:39 - [MESSAGE][PASSED] - Keys 'standard_user' sent to object: 'Object Repository/Page_Swag Labs/input_Swag Labs_user-name'

2023-05-12 18:06:39 - [TEST_STEP][PASSED] - click(findTestObject("Object Repository/Page_Swag Labs/input_Swag Labs_password")): Object: 'Object Repository/Page_Swag Labs/input_Swag Labs_password' is clicked on

2023-05-12 18:06:39 - [MESSAGE][PASSED] - Object: 'Object Repository/Page_Swag Labs/input_Swag Labs_password' is clicked on

2023-05-12 18:06:39 - [TEST_STEP][PASSED] - sendKeys(findTestObject("Object Repository/Page_Swag Labs/input_Swag Labs_password"), "secret_sauce"): Keys 'secret_sauce' sent to object: 'Object Repository/Page_Swag Labs/input_Swag Labs_password'

2023-05-12 18:06:40 - [MESSAGE][PASSED] - Keys 'secret_sauce' sent to object: 'Object Repository/Page_Swag Labs/input_Swag Labs_password'

2023-05-12 18:06:40 - [TEST_STEP][PASSED] - click(findTestObject("Object Repository/Page_Swag Labs/input_Swag Labs_login-button")): Object: 'Object Repository/Page_Swag Labs/input_Swag Labs_login-button' is clicked on

2023-05-12 18:06:40 - [MESSAGE][PASSED] - Object: 'Object Repository/Page_Swag Labs/input_Swag Labs_login-button' is clicked on

2023-05-12 18:06:40 - [TEST_STEP][PASSED] - click(findTestObject("Object Repository/inventoryPage/Backpack")): Object: 'Object Repository/inventoryPage/Backpack' is clicked on

2023-05-12 18:06:41 - [MESSAGE][PASSED] - Object: 'Object Repository/inventoryPage/Backpack' is clicked on

2023-05-12 18:06:41 - [TEST_STEP][PASSED] - click(findTestObject("Object Repository/inventoryPage/button_Add to cart")): Object: 'Object Repository/inventoryPage/button_Add to cart' is clicked on

2023-05-12 18:06:41 - [MESSAGE][PASSED] - Object: 'Object Repository/inventoryPage/button_Add to cart' is clicked on

2023-05-12 18:06:41 - [TEST_STEP][PASSED] - click(findTestObject("Object Repository/inventoryPage/products_back-image")): Object: 'Object Repository/inventoryPage/products_back-image' is clicked on

2023-05-12 18:06:42 - [MESSAGE][PASSED] - Object: 'Object Repository/inventoryPage/products_back-image' is clicked on

2023-05-12 18:06:42 - [TEST_STEP][PASSED] - click(findTestObject("Object Repository/inventoryPage/cart")): Object: 'Object Repository/inventoryPage/cart' is clicked on

2023-05-12 18:06:42 - [MESSAGE][PASSED] - Object: 'Object Repository/inventoryPage/cart' is clicked on

2023-05-12 18:06:42 - [TEST_STEP][PASSED] - click(findTestObject("Object Repository/CheckoutPage/button_Checkout")): Object: 'Object Repository/CheckoutPage/button_Checkout' is clicked on

2023-05-12 18:06:42 - [MESSAGE][PASSED] - Object: 'Object Repository/CheckoutPage/button_Checkout' is clicked on

2023-05-12 18:06:42 - [TEST_STEP][PASSED] - sendKeys(findTestObject("Object Repository/checkout-step-one/input_Checkout Your Information_firstName"), "demo"): Keys 'demo' sent to object: 'Object Repository/checkout-step-one/input_Checkout Your Information_firstName'

2023-05-12 18:06:43 - [MESSAGE][PASSED] - Keys 'demo' sent to object: 'Object Repository/checkout-step-one/input_Checkout Your Information_firstName'

2023-05-12 18:06:43 - [TEST_STEP][PASSED] - sendKeys(findTestObject("Object Repository/checkout-step-one/input_Checkout Your Information_lastName"), "qa test"): Keys 'qa test' sent to object: 'Object Repository/checkout-step-one/input_Checkout Your Information_lastName'

2023-05-12 18:06:44 - [MESSAGE][PASSED] - Keys 'qa test' sent to object: 'Object Repository/checkout-step-one/input_Checkout Your Information_lastName'

2023-05-12 18:06:44 - [TEST_STEP][PASSED] - sendKeys(findTestObject("Object Repository/checkout-step-one/input_Checkout Your Information_postalCode"), "9000"): Keys '9000' sent to object: 'Object Repository/checkout-step-one/input_Checkout Your Information_postalCode'

2023-05-12 18:06:44 - [MESSAGE][PASSED] - Keys '9000' sent to object: 'Object Repository/checkout-step-one/input_Checkout Your Information_postalCode'

2023-05-12 18:06:44 - [TEST_STEP][PASSED] - click(findTestObject("Object Repository/checkout-step-one/input_continue")): Object: 'Object Repository/checkout-step-one/input_continue' is clicked on

2023-05-12 18:06:45 - [MESSAGE][PASSED] - Object: 'Object Repository/checkout-step-one/input_continue' is clicked on

2023-05-12 18:06:45 - [TEST_STEP][PASSED] - click(findTestObject("Object Repository/finish checkout/button_Finish")): Object: 'Object Repository/finish checkout/button_Finish' is clicked on

2023-05-12 18:06:45 - [MESSAGE][PASSED] - Object: 'Object Repository/finish checkout/button_Finish' is clicked on

2023-05-12 18:06:45 - [TEST_STEP][PASSED] - verifyElementVisible(findTestObject("Object Repository/order-success/h2_Thank you for your order")): Object 'Object Repository/order-success/h2_Thank you for your order' is visible

2023-05-12 18:06:46 - [MESSAGE][PASSED] - Object 'Object Repository/order-success/h2_Thank you for your order' is visible

2023-05-12 18:06:46 - [TEST_STEP][PASSED] - click(findTestObject("Object Repository/NavSideBar/sidebar")): Object: 'Object Repository/NavSideBar/sidebar' is clicked on

2023-05-12 18:06:46 - [MESSAGE][PASSED] - Object: 'Object Repository/NavSideBar/sidebar' is clicked on

2023-05-12 18:06:46 - [TEST_STEP][PASSED] - click(findTestObject("Object Repository/NavSideBar/a_Logout")): Object: 'Object Repository/NavSideBar/a_Logout' is clicked on

2023-05-12 18:06:47 - [MESSAGE][PASSED] - Object: 'Object Repository/NavSideBar/a_Logout' is clicked on

2023-05-12 18:06:47 - [TEST_STEP][PASSED] - verifyElementVisible(findTestObject("Object Repository/Page_Swag Labs/input_Swag Labs_user-name")): Object 'Object Repository/Page_Swag Labs/input_Swag Labs_user-name' is visible

2023-05-12 18:06:47 - [MESSAGE][PASSED] - Object 'Object Repository/Page_Swag Labs/input_Swag Labs_user-name' is visible

2023-05-12 18:06:47 - [TEST_STEP][PASSED] - closeBrowser(): Browser is closed

2023-05-12 18:06:48 - [MESSAGE][PASSED] - Browser is closed]]></system-out>
         <system-err><![CDATA[]]></system-err>
      </testcase>
      <testcase name="Test Cases/test-flow-1-buy-1-product" time="11.404" classname="Test Cases/test-flow-1-buy-1-product" status="PASSED">
         <system-out><![CDATA[2023-05-12 18:06:48 - [TEST_CASE][PASSED] - Test Cases/test-flow-1-buy-1-product: Test Cases/test-flow-1-buy-1-product

2023-05-12 18:06:48 - [TEST_STEP][PASSED] - openBrowser("https://www.saucedemo.com/"): Browser is opened with url: 'https://www.saucedemo.com/'

2023-05-12 18:06:48 - [MESSAGE][INFO] - Starting 'Chrome' driver

2023-05-12 18:06:48 - [MESSAGE][INFO] - Action delay is set to 0 milliseconds

2023-05-12 18:06:50 - [MESSAGE][PASSED] - Browser is opened with url: 'https://www.saucedemo.com/'

2023-05-12 18:06:50 - [TEST_STEP][PASSED] - click(findTestObject("Object Repository/Page_Swag Labs/input_Swag Labs_user-name")): Object: 'Object Repository/Page_Swag Labs/input_Swag Labs_user-name' is clicked on

2023-05-12 18:06:50 - [MESSAGE][PASSED] - Object: 'Object Repository/Page_Swag Labs/input_Swag Labs_user-name' is clicked on

2023-05-12 18:06:50 - [TEST_STEP][PASSED] - sendKeys(findTestObject("Object Repository/Page_Swag Labs/input_Swag Labs_user-name"), "standard_user"): Keys 'standard_user' sent to object: 'Object Repository/Page_Swag Labs/input_Swag Labs_user-name'

2023-05-12 18:06:50 - [MESSAGE][PASSED] - Keys 'standard_user' sent to object: 'Object Repository/Page_Swag Labs/input_Swag Labs_user-name'

2023-05-12 18:06:50 - [TEST_STEP][PASSED] - click(findTestObject("Object Repository/Page_Swag Labs/input_Swag Labs_password")): Object: 'Object Repository/Page_Swag Labs/input_Swag Labs_password' is clicked on

2023-05-12 18:06:51 - [MESSAGE][PASSED] - Object: 'Object Repository/Page_Swag Labs/input_Swag Labs_password' is clicked on

2023-05-12 18:06:51 - [TEST_STEP][PASSED] - sendKeys(findTestObject("Object Repository/Page_Swag Labs/input_Swag Labs_password"), "secret_sauce"): Keys 'secret_sauce' sent to object: 'Object Repository/Page_Swag Labs/input_Swag Labs_password'

2023-05-12 18:06:51 - [MESSAGE][PASSED] - Keys 'secret_sauce' sent to object: 'Object Repository/Page_Swag Labs/input_Swag Labs_password'

2023-05-12 18:06:51 - [TEST_STEP][PASSED] - click(findTestObject("Object Repository/Page_Swag Labs/input_Swag Labs_login-button")): Object: 'Object Repository/Page_Swag Labs/input_Swag Labs_login-button' is clicked on

2023-05-12 18:06:52 - [MESSAGE][PASSED] - Object: 'Object Repository/Page_Swag Labs/input_Swag Labs_login-button' is clicked on

2023-05-12 18:06:52 - [TEST_STEP][PASSED] - click(findTestObject("Object Repository/inventoryPage/Backpack")): Object: 'Object Repository/inventoryPage/Backpack' is clicked on

2023-05-12 18:06:52 - [MESSAGE][PASSED] - Object: 'Object Repository/inventoryPage/Backpack' is clicked on

2023-05-12 18:06:52 - [TEST_STEP][PASSED] - click(findTestObject("Object Repository/inventoryPage/button_Add to cart")): Object: 'Object Repository/inventoryPage/button_Add to cart' is clicked on

2023-05-12 18:06:53 - [MESSAGE][PASSED] - Object: 'Object Repository/inventoryPage/button_Add to cart' is clicked on

2023-05-12 18:06:53 - [TEST_STEP][PASSED] - click(findTestObject("Object Repository/inventoryPage/products_back-image")): Object: 'Object Repository/inventoryPage/products_back-image' is clicked on

2023-05-12 18:06:53 - [MESSAGE][PASSED] - Object: 'Object Repository/inventoryPage/products_back-image' is clicked on

2023-05-12 18:06:53 - [TEST_STEP][PASSED] - click(findTestObject("Object Repository/inventoryPage/cart")): Object: 'Object Repository/inventoryPage/cart' is clicked on

2023-05-12 18:06:54 - [MESSAGE][PASSED] - Object: 'Object Repository/inventoryPage/cart' is clicked on

2023-05-12 18:06:54 - [TEST_STEP][PASSED] - click(findTestObject("Object Repository/CheckoutPage/button_Checkout")): Object: 'Object Repository/CheckoutPage/button_Checkout' is clicked on

2023-05-12 18:06:54 - [MESSAGE][PASSED] - Object: 'Object Repository/CheckoutPage/button_Checkout' is clicked on

2023-05-12 18:06:54 - [TEST_STEP][PASSED] - sendKeys(findTestObject("Object Repository/checkout-step-one/input_Checkout Your Information_firstName"), "demo"): Keys 'demo' sent to object: 'Object Repository/checkout-step-one/input_Checkout Your Information_firstName'

2023-05-12 18:06:55 - [MESSAGE][PASSED] - Keys 'demo' sent to object: 'Object Repository/checkout-step-one/input_Checkout Your Information_firstName'

2023-05-12 18:06:55 - [TEST_STEP][PASSED] - sendKeys(findTestObject("Object Repository/checkout-step-one/input_Checkout Your Information_lastName"), "qa test"): Keys 'qa test' sent to object: 'Object Repository/checkout-step-one/input_Checkout Your Information_lastName'

2023-05-12 18:06:55 - [MESSAGE][PASSED] - Keys 'qa test' sent to object: 'Object Repository/checkout-step-one/input_Checkout Your Information_lastName'

2023-05-12 18:06:55 - [TEST_STEP][PASSED] - sendKeys(findTestObject("Object Repository/checkout-step-one/input_Checkout Your Information_postalCode"), "9000"): Keys '9000' sent to object: 'Object Repository/checkout-step-one/input_Checkout Your Information_postalCode'

2023-05-12 18:06:56 - [MESSAGE][PASSED] - Keys '9000' sent to object: 'Object Repository/checkout-step-one/input_Checkout Your Information_postalCode'

2023-05-12 18:06:56 - [TEST_STEP][PASSED] - click(findTestObject("Object Repository/checkout-step-one/input_continue")): Object: 'Object Repository/checkout-step-one/input_continue' is clicked on

2023-05-12 18:06:56 - [MESSAGE][PASSED] - Object: 'Object Repository/checkout-step-one/input_continue' is clicked on

2023-05-12 18:06:56 - [TEST_STEP][PASSED] - click(findTestObject("Object Repository/finish checkout/button_Finish")): Object: 'Object Repository/finish checkout/button_Finish' is clicked on

2023-05-12 18:06:57 - [MESSAGE][PASSED] - Object: 'Object Repository/finish checkout/button_Finish' is clicked on

2023-05-12 18:06:57 - [TEST_STEP][PASSED] - verifyElementVisible(findTestObject("Object Repository/order-success/h2_Thank you for your order")): Object 'Object Repository/order-success/h2_Thank you for your order' is visible

2023-05-12 18:06:57 - [MESSAGE][PASSED] - Object 'Object Repository/order-success/h2_Thank you for your order' is visible

2023-05-12 18:06:57 - [TEST_STEP][PASSED] - click(findTestObject("Object Repository/NavSideBar/sidebar")): Object: 'Object Repository/NavSideBar/sidebar' is clicked on

2023-05-12 18:06:58 - [MESSAGE][PASSED] - Object: 'Object Repository/NavSideBar/sidebar' is clicked on

2023-05-12 18:06:58 - [TEST_STEP][PASSED] - click(findTestObject("Object Repository/NavSideBar/a_Logout")): Object: 'Object Repository/NavSideBar/a_Logout' is clicked on

2023-05-12 18:06:58 - [MESSAGE][PASSED] - Object: 'Object Repository/NavSideBar/a_Logout' is clicked on

2023-05-12 18:06:58 - [TEST_STEP][PASSED] - verifyElementVisible(findTestObject("Object Repository/Page_Swag Labs/input_Swag Labs_user-name")): Object 'Object Repository/Page_Swag Labs/input_Swag Labs_user-name' is visible

2023-05-12 18:06:59 - [MESSAGE][PASSED] - Object 'Object Repository/Page_Swag Labs/input_Swag Labs_user-name' is visible

2023-05-12 18:06:59 - [TEST_STEP][PASSED] - closeBrowser(): Browser is closed

2023-05-12 18:06:59 - [MESSAGE][PASSED] - Browser is closed]]></system-out>
         <system-err><![CDATA[]]></system-err>
      </testcase>
      <testcase name="Test Cases/test-flow-1-buy-1-product" time="12.125" classname="Test Cases/test-flow-1-buy-1-product" status="PASSED">
         <system-out><![CDATA[2023-05-12 18:06:59 - [TEST_CASE][PASSED] - Test Cases/test-flow-1-buy-1-product: Test Cases/test-flow-1-buy-1-product

2023-05-12 18:06:59 - [TEST_STEP][PASSED] - openBrowser("https://www.saucedemo.com/"): Browser is opened with url: 'https://www.saucedemo.com/'

2023-05-12 18:06:59 - [MESSAGE][INFO] - Starting 'Chrome' driver

2023-05-12 18:06:59 - [MESSAGE][INFO] - Action delay is set to 0 milliseconds

2023-05-12 18:07:01 - [MESSAGE][PASSED] - Browser is opened with url: 'https://www.saucedemo.com/'

2023-05-12 18:07:01 - [TEST_STEP][PASSED] - click(findTestObject("Object Repository/Page_Swag Labs/input_Swag Labs_user-name")): Object: 'Object Repository/Page_Swag Labs/input_Swag Labs_user-name' is clicked on

2023-05-12 18:07:02 - [MESSAGE][PASSED] - Object: 'Object Repository/Page_Swag Labs/input_Swag Labs_user-name' is clicked on

2023-05-12 18:07:02 - [TEST_STEP][PASSED] - sendKeys(findTestObject("Object Repository/Page_Swag Labs/input_Swag Labs_user-name"), "standard_user"): Keys 'standard_user' sent to object: 'Object Repository/Page_Swag Labs/input_Swag Labs_user-name'

2023-05-12 18:07:02 - [MESSAGE][PASSED] - Keys 'standard_user' sent to object: 'Object Repository/Page_Swag Labs/input_Swag Labs_user-name'

2023-05-12 18:07:02 - [TEST_STEP][PASSED] - click(findTestObject("Object Repository/Page_Swag Labs/input_Swag Labs_password")): Object: 'Object Repository/Page_Swag Labs/input_Swag Labs_password' is clicked on

2023-05-12 18:07:02 - [MESSAGE][PASSED] - Object: 'Object Repository/Page_Swag Labs/input_Swag Labs_password' is clicked on

2023-05-12 18:07:02 - [TEST_STEP][PASSED] - sendKeys(findTestObject("Object Repository/Page_Swag Labs/input_Swag Labs_password"), "secret_sauce"): Keys 'secret_sauce' sent to object: 'Object Repository/Page_Swag Labs/input_Swag Labs_password'

2023-05-12 18:07:03 - [MESSAGE][PASSED] - Keys 'secret_sauce' sent to object: 'Object Repository/Page_Swag Labs/input_Swag Labs_password'

2023-05-12 18:07:03 - [TEST_STEP][PASSED] - click(findTestObject("Object Repository/Page_Swag Labs/input_Swag Labs_login-button")): Object: 'Object Repository/Page_Swag Labs/input_Swag Labs_login-button' is clicked on

2023-05-12 18:07:03 - [MESSAGE][PASSED] - Object: 'Object Repository/Page_Swag Labs/input_Swag Labs_login-button' is clicked on

2023-05-12 18:07:03 - [TEST_STEP][PASSED] - click(findTestObject("Object Repository/inventoryPage/Backpack")): Object: 'Object Repository/inventoryPage/Backpack' is clicked on

2023-05-12 18:07:04 - [MESSAGE][PASSED] - Object: 'Object Repository/inventoryPage/Backpack' is clicked on

2023-05-12 18:07:04 - [TEST_STEP][PASSED] - click(findTestObject("Object Repository/inventoryPage/button_Add to cart")): Object: 'Object Repository/inventoryPage/button_Add to cart' is clicked on

2023-05-12 18:07:04 - [MESSAGE][PASSED] - Object: 'Object Repository/inventoryPage/button_Add to cart' is clicked on

2023-05-12 18:07:04 - [TEST_STEP][PASSED] - click(findTestObject("Object Repository/inventoryPage/products_back-image")): Object: 'Object Repository/inventoryPage/products_back-image' is clicked on

2023-05-12 18:07:05 - [MESSAGE][PASSED] - Object: 'Object Repository/inventoryPage/products_back-image' is clicked on

2023-05-12 18:07:05 - [TEST_STEP][PASSED] - click(findTestObject("Object Repository/inventoryPage/cart")): Object: 'Object Repository/inventoryPage/cart' is clicked on

2023-05-12 18:07:05 - [MESSAGE][PASSED] - Object: 'Object Repository/inventoryPage/cart' is clicked on

2023-05-12 18:07:05 - [TEST_STEP][PASSED] - click(findTestObject("Object Repository/CheckoutPage/button_Checkout")): Object: 'Object Repository/CheckoutPage/button_Checkout' is clicked on

2023-05-12 18:07:06 - [MESSAGE][PASSED] - Object: 'Object Repository/CheckoutPage/button_Checkout' is clicked on

2023-05-12 18:07:06 - [TEST_STEP][PASSED] - sendKeys(findTestObject("Object Repository/checkout-step-one/input_Checkout Your Information_firstName"), "demo"): Keys 'demo' sent to object: 'Object Repository/checkout-step-one/input_Checkout Your Information_firstName'

2023-05-12 18:07:06 - [MESSAGE][PASSED] - Keys 'demo' sent to object: 'Object Repository/checkout-step-one/input_Checkout Your Information_firstName'

2023-05-12 18:07:06 - [TEST_STEP][PASSED] - sendKeys(findTestObject("Object Repository/checkout-step-one/input_Checkout Your Information_lastName"), "qa test"): Keys 'qa test' sent to object: 'Object Repository/checkout-step-one/input_Checkout Your Information_lastName'

2023-05-12 18:07:07 - [MESSAGE][PASSED] - Keys 'qa test' sent to object: 'Object Repository/checkout-step-one/input_Checkout Your Information_lastName'

2023-05-12 18:07:07 - [TEST_STEP][PASSED] - sendKeys(findTestObject("Object Repository/checkout-step-one/input_Checkout Your Information_postalCode"), "9000"): Keys '9000' sent to object: 'Object Repository/checkout-step-one/input_Checkout Your Information_postalCode'

2023-05-12 18:07:08 - [MESSAGE][PASSED] - Keys '9000' sent to object: 'Object Repository/checkout-step-one/input_Checkout Your Information_postalCode'

2023-05-12 18:07:08 - [TEST_STEP][PASSED] - click(findTestObject("Object Repository/checkout-step-one/input_continue")): Object: 'Object Repository/checkout-step-one/input_continue' is clicked on

2023-05-12 18:07:08 - [MESSAGE][PASSED] - Object: 'Object Repository/checkout-step-one/input_continue' is clicked on

2023-05-12 18:07:08 - [TEST_STEP][PASSED] - click(findTestObject("Object Repository/finish checkout/button_Finish")): Object: 'Object Repository/finish checkout/button_Finish' is clicked on

2023-05-12 18:07:09 - [MESSAGE][PASSED] - Object: 'Object Repository/finish checkout/button_Finish' is clicked on

2023-05-12 18:07:09 - [TEST_STEP][PASSED] - verifyElementVisible(findTestObject("Object Repository/order-success/h2_Thank you for your order")): Object 'Object Repository/order-success/h2_Thank you for your order' is visible

2023-05-12 18:07:09 - [MESSAGE][PASSED] - Object 'Object Repository/order-success/h2_Thank you for your order' is visible

2023-05-12 18:07:09 - [TEST_STEP][PASSED] - click(findTestObject("Object Repository/NavSideBar/sidebar")): Object: 'Object Repository/NavSideBar/sidebar' is clicked on

2023-05-12 18:07:10 - [MESSAGE][PASSED] - Object: 'Object Repository/NavSideBar/sidebar' is clicked on

2023-05-12 18:07:10 - [TEST_STEP][PASSED] - click(findTestObject("Object Repository/NavSideBar/a_Logout")): Object: 'Object Repository/NavSideBar/a_Logout' is clicked on

2023-05-12 18:07:10 - [MESSAGE][PASSED] - Object: 'Object Repository/NavSideBar/a_Logout' is clicked on

2023-05-12 18:07:10 - [TEST_STEP][PASSED] - verifyElementVisible(findTestObject("Object Repository/Page_Swag Labs/input_Swag Labs_user-name")): Object 'Object Repository/Page_Swag Labs/input_Swag Labs_user-name' is visible

2023-05-12 18:07:11 - [MESSAGE][PASSED] - Object 'Object Repository/Page_Swag Labs/input_Swag Labs_user-name' is visible

2023-05-12 18:07:11 - [TEST_STEP][PASSED] - closeBrowser(): Browser is closed

2023-05-12 18:07:11 - [MESSAGE][PASSED] - Browser is closed]]></system-out>
         <system-err><![CDATA[]]></system-err>
      </testcase>
      <testcase name="Test Cases/test-flow-1-buy-1-product" time="11.955" classname="Test Cases/test-flow-1-buy-1-product" status="PASSED">
         <system-out><![CDATA[2023-05-12 18:07:11 - [TEST_CASE][PASSED] - Test Cases/test-flow-1-buy-1-product: Test Cases/test-flow-1-buy-1-product

2023-05-12 18:07:11 - [TEST_STEP][PASSED] - openBrowser("https://www.saucedemo.com/"): Browser is opened with url: 'https://www.saucedemo.com/'

2023-05-12 18:07:11 - [MESSAGE][INFO] - Starting 'Chrome' driver

2023-05-12 18:07:11 - [MESSAGE][INFO] - Action delay is set to 0 milliseconds

2023-05-12 18:07:13 - [MESSAGE][PASSED] - Browser is opened with url: 'https://www.saucedemo.com/'

2023-05-12 18:07:13 - [TEST_STEP][PASSED] - click(findTestObject("Object Repository/Page_Swag Labs/input_Swag Labs_user-name")): Object: 'Object Repository/Page_Swag Labs/input_Swag Labs_user-name' is clicked on

2023-05-12 18:07:14 - [MESSAGE][PASSED] - Object: 'Object Repository/Page_Swag Labs/input_Swag Labs_user-name' is clicked on

2023-05-12 18:07:14 - [TEST_STEP][PASSED] - sendKeys(findTestObject("Object Repository/Page_Swag Labs/input_Swag Labs_user-name"), "standard_user"): Keys 'standard_user' sent to object: 'Object Repository/Page_Swag Labs/input_Swag Labs_user-name'

2023-05-12 18:07:14 - [MESSAGE][PASSED] - Keys 'standard_user' sent to object: 'Object Repository/Page_Swag Labs/input_Swag Labs_user-name'

2023-05-12 18:07:14 - [TEST_STEP][PASSED] - click(findTestObject("Object Repository/Page_Swag Labs/input_Swag Labs_password")): Object: 'Object Repository/Page_Swag Labs/input_Swag Labs_password' is clicked on

2023-05-12 18:07:14 - [MESSAGE][PASSED] - Object: 'Object Repository/Page_Swag Labs/input_Swag Labs_password' is clicked on

2023-05-12 18:07:14 - [TEST_STEP][PASSED] - sendKeys(findTestObject("Object Repository/Page_Swag Labs/input_Swag Labs_password"), "secret_sauce"): Keys 'secret_sauce' sent to object: 'Object Repository/Page_Swag Labs/input_Swag Labs_password'

2023-05-12 18:07:15 - [MESSAGE][PASSED] - Keys 'secret_sauce' sent to object: 'Object Repository/Page_Swag Labs/input_Swag Labs_password'

2023-05-12 18:07:15 - [TEST_STEP][PASSED] - click(findTestObject("Object Repository/Page_Swag Labs/input_Swag Labs_login-button")): Object: 'Object Repository/Page_Swag Labs/input_Swag Labs_login-button' is clicked on

2023-05-12 18:07:15 - [MESSAGE][PASSED] - Object: 'Object Repository/Page_Swag Labs/input_Swag Labs_login-button' is clicked on

2023-05-12 18:07:15 - [TEST_STEP][PASSED] - click(findTestObject("Object Repository/inventoryPage/Backpack")): Object: 'Object Repository/inventoryPage/Backpack' is clicked on

2023-05-12 18:07:16 - [MESSAGE][PASSED] - Object: 'Object Repository/inventoryPage/Backpack' is clicked on

2023-05-12 18:07:16 - [TEST_STEP][PASSED] - click(findTestObject("Object Repository/inventoryPage/button_Add to cart")): Object: 'Object Repository/inventoryPage/button_Add to cart' is clicked on

2023-05-12 18:07:16 - [MESSAGE][PASSED] - Object: 'Object Repository/inventoryPage/button_Add to cart' is clicked on

2023-05-12 18:07:16 - [TEST_STEP][PASSED] - click(findTestObject("Object Repository/inventoryPage/products_back-image")): Object: 'Object Repository/inventoryPage/products_back-image' is clicked on

2023-05-12 18:07:17 - [MESSAGE][PASSED] - Object: 'Object Repository/inventoryPage/products_back-image' is clicked on

2023-05-12 18:07:17 - [TEST_STEP][PASSED] - click(findTestObject("Object Repository/inventoryPage/cart")): Object: 'Object Repository/inventoryPage/cart' is clicked on

2023-05-12 18:07:17 - [MESSAGE][PASSED] - Object: 'Object Repository/inventoryPage/cart' is clicked on

2023-05-12 18:07:17 - [TEST_STEP][PASSED] - click(findTestObject("Object Repository/CheckoutPage/button_Checkout")): Object: 'Object Repository/CheckoutPage/button_Checkout' is clicked on

2023-05-12 18:07:18 - [MESSAGE][PASSED] - Object: 'Object Repository/CheckoutPage/button_Checkout' is clicked on

2023-05-12 18:07:18 - [TEST_STEP][PASSED] - sendKeys(findTestObject("Object Repository/checkout-step-one/input_Checkout Your Information_firstName"), "demo"): Keys 'demo' sent to object: 'Object Repository/checkout-step-one/input_Checkout Your Information_firstName'

2023-05-12 18:07:18 - [MESSAGE][PASSED] - Keys 'demo' sent to object: 'Object Repository/checkout-step-one/input_Checkout Your Information_firstName'

2023-05-12 18:07:18 - [TEST_STEP][PASSED] - sendKeys(findTestObject("Object Repository/checkout-step-one/input_Checkout Your Information_lastName"), "qa test"): Keys 'qa test' sent to object: 'Object Repository/checkout-step-one/input_Checkout Your Information_lastName'

2023-05-12 18:07:19 - [MESSAGE][PASSED] - Keys 'qa test' sent to object: 'Object Repository/checkout-step-one/input_Checkout Your Information_lastName'

2023-05-12 18:07:19 - [TEST_STEP][PASSED] - sendKeys(findTestObject("Object Repository/checkout-step-one/input_Checkout Your Information_postalCode"), "9000"): Keys '9000' sent to object: 'Object Repository/checkout-step-one/input_Checkout Your Information_postalCode'

2023-05-12 18:07:19 - [MESSAGE][PASSED] - Keys '9000' sent to object: 'Object Repository/checkout-step-one/input_Checkout Your Information_postalCode'

2023-05-12 18:07:19 - [TEST_STEP][PASSED] - click(findTestObject("Object Repository/checkout-step-one/input_continue")): Object: 'Object Repository/checkout-step-one/input_continue' is clicked on

2023-05-12 18:07:20 - [MESSAGE][PASSED] - Object: 'Object Repository/checkout-step-one/input_continue' is clicked on

2023-05-12 18:07:20 - [TEST_STEP][PASSED] - click(findTestObject("Object Repository/finish checkout/button_Finish")): Object: 'Object Repository/finish checkout/button_Finish' is clicked on

2023-05-12 18:07:21 - [MESSAGE][PASSED] - Object: 'Object Repository/finish checkout/button_Finish' is clicked on

2023-05-12 18:07:21 - [TEST_STEP][PASSED] - verifyElementVisible(findTestObject("Object Repository/order-success/h2_Thank you for your order")): Object 'Object Repository/order-success/h2_Thank you for your order' is visible

2023-05-12 18:07:21 - [MESSAGE][PASSED] - Object 'Object Repository/order-success/h2_Thank you for your order' is visible

2023-05-12 18:07:21 - [TEST_STEP][PASSED] - click(findTestObject("Object Repository/NavSideBar/sidebar")): Object: 'Object Repository/NavSideBar/sidebar' is clicked on

2023-05-12 18:07:22 - [MESSAGE][PASSED] - Object: 'Object Repository/NavSideBar/sidebar' is clicked on

2023-05-12 18:07:22 - [TEST_STEP][PASSED] - click(findTestObject("Object Repository/NavSideBar/a_Logout")): Object: 'Object Repository/NavSideBar/a_Logout' is clicked on

2023-05-12 18:07:22 - [MESSAGE][PASSED] - Object: 'Object Repository/NavSideBar/a_Logout' is clicked on

2023-05-12 18:07:22 - [TEST_STEP][PASSED] - verifyElementVisible(findTestObject("Object Repository/Page_Swag Labs/input_Swag Labs_user-name")): Object 'Object Repository/Page_Swag Labs/input_Swag Labs_user-name' is visible

2023-05-12 18:07:23 - [MESSAGE][PASSED] - Object 'Object Repository/Page_Swag Labs/input_Swag Labs_user-name' is visible

2023-05-12 18:07:23 - [TEST_STEP][PASSED] - closeBrowser(): Browser is closed

2023-05-12 18:07:23 - [MESSAGE][PASSED] - Browser is closed]]></system-out>
         <system-err><![CDATA[]]></system-err>
      </testcase>
      <testcase name="Test Cases/test-flow-1-buy-1-product" time="12.029" classname="Test Cases/test-flow-1-buy-1-product" status="PASSED">
         <system-out><![CDATA[2023-05-12 18:07:23 - [TEST_CASE][PASSED] - Test Cases/test-flow-1-buy-1-product: Test Cases/test-flow-1-buy-1-product

2023-05-12 18:07:23 - [TEST_STEP][PASSED] - openBrowser("https://www.saucedemo.com/"): Browser is opened with url: 'https://www.saucedemo.com/'

2023-05-12 18:07:23 - [MESSAGE][INFO] - Starting 'Chrome' driver

2023-05-12 18:07:23 - [MESSAGE][INFO] - Action delay is set to 0 milliseconds

2023-05-12 18:07:26 - [MESSAGE][PASSED] - Browser is opened with url: 'https://www.saucedemo.com/'

2023-05-12 18:07:26 - [TEST_STEP][PASSED] - click(findTestObject("Object Repository/Page_Swag Labs/input_Swag Labs_user-name")): Object: 'Object Repository/Page_Swag Labs/input_Swag Labs_user-name' is clicked on

2023-05-12 18:07:26 - [MESSAGE][PASSED] - Object: 'Object Repository/Page_Swag Labs/input_Swag Labs_user-name' is clicked on

2023-05-12 18:07:26 - [TEST_STEP][PASSED] - sendKeys(findTestObject("Object Repository/Page_Swag Labs/input_Swag Labs_user-name"), "standard_user"): Keys 'standard_user' sent to object: 'Object Repository/Page_Swag Labs/input_Swag Labs_user-name'

2023-05-12 18:07:26 - [MESSAGE][PASSED] - Keys 'standard_user' sent to object: 'Object Repository/Page_Swag Labs/input_Swag Labs_user-name'

2023-05-12 18:07:26 - [TEST_STEP][PASSED] - click(findTestObject("Object Repository/Page_Swag Labs/input_Swag Labs_password")): Object: 'Object Repository/Page_Swag Labs/input_Swag Labs_password' is clicked on

2023-05-12 18:07:27 - [MESSAGE][PASSED] - Object: 'Object Repository/Page_Swag Labs/input_Swag Labs_password' is clicked on

2023-05-12 18:07:27 - [TEST_STEP][PASSED] - sendKeys(findTestObject("Object Repository/Page_Swag Labs/input_Swag Labs_password"), "secret_sauce"): Keys 'secret_sauce' sent to object: 'Object Repository/Page_Swag Labs/input_Swag Labs_password'

2023-05-12 18:07:27 - [MESSAGE][PASSED] - Keys 'secret_sauce' sent to object: 'Object Repository/Page_Swag Labs/input_Swag Labs_password'

2023-05-12 18:07:27 - [TEST_STEP][PASSED] - click(findTestObject("Object Repository/Page_Swag Labs/input_Swag Labs_login-button")): Object: 'Object Repository/Page_Swag Labs/input_Swag Labs_login-button' is clicked on

2023-05-12 18:07:27 - [MESSAGE][PASSED] - Object: 'Object Repository/Page_Swag Labs/input_Swag Labs_login-button' is clicked on

2023-05-12 18:07:27 - [TEST_STEP][PASSED] - click(findTestObject("Object Repository/inventoryPage/Backpack")): Object: 'Object Repository/inventoryPage/Backpack' is clicked on

2023-05-12 18:07:28 - [MESSAGE][PASSED] - Object: 'Object Repository/inventoryPage/Backpack' is clicked on

2023-05-12 18:07:28 - [TEST_STEP][PASSED] - click(findTestObject("Object Repository/inventoryPage/button_Add to cart")): Object: 'Object Repository/inventoryPage/button_Add to cart' is clicked on

2023-05-12 18:07:28 - [MESSAGE][PASSED] - Object: 'Object Repository/inventoryPage/button_Add to cart' is clicked on

2023-05-12 18:07:28 - [TEST_STEP][PASSED] - click(findTestObject("Object Repository/inventoryPage/products_back-image")): Object: 'Object Repository/inventoryPage/products_back-image' is clicked on

2023-05-12 18:07:29 - [MESSAGE][PASSED] - Object: 'Object Repository/inventoryPage/products_back-image' is clicked on

2023-05-12 18:07:29 - [TEST_STEP][PASSED] - click(findTestObject("Object Repository/inventoryPage/cart")): Object: 'Object Repository/inventoryPage/cart' is clicked on

2023-05-12 18:07:29 - [MESSAGE][PASSED] - Object: 'Object Repository/inventoryPage/cart' is clicked on

2023-05-12 18:07:29 - [TEST_STEP][PASSED] - click(findTestObject("Object Repository/CheckoutPage/button_Checkout")): Object: 'Object Repository/CheckoutPage/button_Checkout' is clicked on

2023-05-12 18:07:30 - [MESSAGE][PASSED] - Object: 'Object Repository/CheckoutPage/button_Checkout' is clicked on

2023-05-12 18:07:30 - [TEST_STEP][PASSED] - sendKeys(findTestObject("Object Repository/checkout-step-one/input_Checkout Your Information_firstName"), "demo"): Keys 'demo' sent to object: 'Object Repository/checkout-step-one/input_Checkout Your Information_firstName'

2023-05-12 18:07:30 - [MESSAGE][PASSED] - Keys 'demo' sent to object: 'Object Repository/checkout-step-one/input_Checkout Your Information_firstName'

2023-05-12 18:07:30 - [TEST_STEP][PASSED] - sendKeys(findTestObject("Object Repository/checkout-step-one/input_Checkout Your Information_lastName"), "qa test"): Keys 'qa test' sent to object: 'Object Repository/checkout-step-one/input_Checkout Your Information_lastName'

2023-05-12 18:07:31 - [MESSAGE][PASSED] - Keys 'qa test' sent to object: 'Object Repository/checkout-step-one/input_Checkout Your Information_lastName'

2023-05-12 18:07:31 - [TEST_STEP][PASSED] - sendKeys(findTestObject("Object Repository/checkout-step-one/input_Checkout Your Information_postalCode"), "9000"): Keys '9000' sent to object: 'Object Repository/checkout-step-one/input_Checkout Your Information_postalCode'

2023-05-12 18:07:32 - [MESSAGE][PASSED] - Keys '9000' sent to object: 'Object Repository/checkout-step-one/input_Checkout Your Information_postalCode'

2023-05-12 18:07:32 - [TEST_STEP][PASSED] - click(findTestObject("Object Repository/checkout-step-one/input_continue")): Object: 'Object Repository/checkout-step-one/input_continue' is clicked on

2023-05-12 18:07:32 - [MESSAGE][PASSED] - Object: 'Object Repository/checkout-step-one/input_continue' is clicked on

2023-05-12 18:07:32 - [TEST_STEP][PASSED] - click(findTestObject("Object Repository/finish checkout/button_Finish")): Object: 'Object Repository/finish checkout/button_Finish' is clicked on

2023-05-12 18:07:33 - [MESSAGE][PASSED] - Object: 'Object Repository/finish checkout/button_Finish' is clicked on

2023-05-12 18:07:33 - [TEST_STEP][PASSED] - verifyElementVisible(findTestObject("Object Repository/order-success/h2_Thank you for your order")): Object 'Object Repository/order-success/h2_Thank you for your order' is visible

2023-05-12 18:07:33 - [MESSAGE][PASSED] - Object 'Object Repository/order-success/h2_Thank you for your order' is visible

2023-05-12 18:07:33 - [TEST_STEP][PASSED] - click(findTestObject("Object Repository/NavSideBar/sidebar")): Object: 'Object Repository/NavSideBar/sidebar' is clicked on

2023-05-12 18:07:34 - [MESSAGE][PASSED] - Object: 'Object Repository/NavSideBar/sidebar' is clicked on

2023-05-12 18:07:34 - [TEST_STEP][PASSED] - click(findTestObject("Object Repository/NavSideBar/a_Logout")): Object: 'Object Repository/NavSideBar/a_Logout' is clicked on

2023-05-12 18:07:34 - [MESSAGE][PASSED] - Object: 'Object Repository/NavSideBar/a_Logout' is clicked on

2023-05-12 18:07:34 - [TEST_STEP][PASSED] - verifyElementVisible(findTestObject("Object Repository/Page_Swag Labs/input_Swag Labs_user-name")): Object 'Object Repository/Page_Swag Labs/input_Swag Labs_user-name' is visible

2023-05-12 18:07:35 - [MESSAGE][PASSED] - Object 'Object Repository/Page_Swag Labs/input_Swag Labs_user-name' is visible

2023-05-12 18:07:35 - [TEST_STEP][PASSED] - closeBrowser(): Browser is closed

2023-05-12 18:07:35 - [MESSAGE][PASSED] - Browser is closed]]></system-out>
         <system-err><![CDATA[]]></system-err>
      </testcase>
      <testcase name="Test Cases/test-flow-1-buy-1-product" time="12.02" classname="Test Cases/test-flow-1-buy-1-product" status="PASSED">
         <system-out><![CDATA[2023-05-12 18:07:35 - [TEST_CASE][PASSED] - Test Cases/test-flow-1-buy-1-product: Test Cases/test-flow-1-buy-1-product

2023-05-12 18:07:35 - [TEST_STEP][PASSED] - openBrowser("https://www.saucedemo.com/"): Browser is opened with url: 'https://www.saucedemo.com/'

2023-05-12 18:07:35 - [MESSAGE][INFO] - Starting 'Chrome' driver

2023-05-12 18:07:35 - [MESSAGE][INFO] - Action delay is set to 0 milliseconds

2023-05-12 18:07:37 - [MESSAGE][PASSED] - Browser is opened with url: 'https://www.saucedemo.com/'

2023-05-12 18:07:37 - [TEST_STEP][PASSED] - click(findTestObject("Object Repository/Page_Swag Labs/input_Swag Labs_user-name")): Object: 'Object Repository/Page_Swag Labs/input_Swag Labs_user-name' is clicked on

2023-05-12 18:07:38 - [MESSAGE][PASSED] - Object: 'Object Repository/Page_Swag Labs/input_Swag Labs_user-name' is clicked on

2023-05-12 18:07:38 - [TEST_STEP][PASSED] - sendKeys(findTestObject("Object Repository/Page_Swag Labs/input_Swag Labs_user-name"), "standard_user"): Keys 'standard_user' sent to object: 'Object Repository/Page_Swag Labs/input_Swag Labs_user-name'

2023-05-12 18:07:38 - [MESSAGE][PASSED] - Keys 'standard_user' sent to object: 'Object Repository/Page_Swag Labs/input_Swag Labs_user-name'

2023-05-12 18:07:38 - [TEST_STEP][PASSED] - click(findTestObject("Object Repository/Page_Swag Labs/input_Swag Labs_password")): Object: 'Object Repository/Page_Swag Labs/input_Swag Labs_password' is clicked on

2023-05-12 18:07:38 - [MESSAGE][PASSED] - Object: 'Object Repository/Page_Swag Labs/input_Swag Labs_password' is clicked on

2023-05-12 18:07:38 - [TEST_STEP][PASSED] - sendKeys(findTestObject("Object Repository/Page_Swag Labs/input_Swag Labs_password"), "secret_sauce"): Keys 'secret_sauce' sent to object: 'Object Repository/Page_Swag Labs/input_Swag Labs_password'

2023-05-12 18:07:39 - [MESSAGE][PASSED] - Keys 'secret_sauce' sent to object: 'Object Repository/Page_Swag Labs/input_Swag Labs_password'

2023-05-12 18:07:39 - [TEST_STEP][PASSED] - click(findTestObject("Object Repository/Page_Swag Labs/input_Swag Labs_login-button")): Object: 'Object Repository/Page_Swag Labs/input_Swag Labs_login-button' is clicked on

2023-05-12 18:07:39 - [MESSAGE][PASSED] - Object: 'Object Repository/Page_Swag Labs/input_Swag Labs_login-button' is clicked on

2023-05-12 18:07:39 - [TEST_STEP][PASSED] - click(findTestObject("Object Repository/inventoryPage/Backpack")): Object: 'Object Repository/inventoryPage/Backpack' is clicked on

2023-05-12 18:07:40 - [MESSAGE][PASSED] - Object: 'Object Repository/inventoryPage/Backpack' is clicked on

2023-05-12 18:07:40 - [TEST_STEP][PASSED] - click(findTestObject("Object Repository/inventoryPage/button_Add to cart")): Object: 'Object Repository/inventoryPage/button_Add to cart' is clicked on

2023-05-12 18:07:40 - [MESSAGE][PASSED] - Object: 'Object Repository/inventoryPage/button_Add to cart' is clicked on

2023-05-12 18:07:40 - [TEST_STEP][PASSED] - click(findTestObject("Object Repository/inventoryPage/products_back-image")): Object: 'Object Repository/inventoryPage/products_back-image' is clicked on

2023-05-12 18:07:41 - [MESSAGE][PASSED] - Object: 'Object Repository/inventoryPage/products_back-image' is clicked on

2023-05-12 18:07:41 - [TEST_STEP][PASSED] - click(findTestObject("Object Repository/inventoryPage/cart")): Object: 'Object Repository/inventoryPage/cart' is clicked on

2023-05-12 18:07:41 - [MESSAGE][PASSED] - Object: 'Object Repository/inventoryPage/cart' is clicked on

2023-05-12 18:07:41 - [TEST_STEP][PASSED] - click(findTestObject("Object Repository/CheckoutPage/button_Checkout")): Object: 'Object Repository/CheckoutPage/button_Checkout' is clicked on

2023-05-12 18:07:42 - [MESSAGE][PASSED] - Object: 'Object Repository/CheckoutPage/button_Checkout' is clicked on

2023-05-12 18:07:42 - [TEST_STEP][PASSED] - sendKeys(findTestObject("Object Repository/checkout-step-one/input_Checkout Your Information_firstName"), "demo"): Keys 'demo' sent to object: 'Object Repository/checkout-step-one/input_Checkout Your Information_firstName'

2023-05-12 18:07:42 - [MESSAGE][PASSED] - Keys 'demo' sent to object: 'Object Repository/checkout-step-one/input_Checkout Your Information_firstName'

2023-05-12 18:07:42 - [TEST_STEP][PASSED] - sendKeys(findTestObject("Object Repository/checkout-step-one/input_Checkout Your Information_lastName"), "qa test"): Keys 'qa test' sent to object: 'Object Repository/checkout-step-one/input_Checkout Your Information_lastName'

2023-05-12 18:07:43 - [MESSAGE][PASSED] - Keys 'qa test' sent to object: 'Object Repository/checkout-step-one/input_Checkout Your Information_lastName'

2023-05-12 18:07:43 - [TEST_STEP][PASSED] - sendKeys(findTestObject("Object Repository/checkout-step-one/input_Checkout Your Information_postalCode"), "9000"): Keys '9000' sent to object: 'Object Repository/checkout-step-one/input_Checkout Your Information_postalCode'

2023-05-12 18:07:44 - [MESSAGE][PASSED] - Keys '9000' sent to object: 'Object Repository/checkout-step-one/input_Checkout Your Information_postalCode'

2023-05-12 18:07:44 - [TEST_STEP][PASSED] - click(findTestObject("Object Repository/checkout-step-one/input_continue")): Object: 'Object Repository/checkout-step-one/input_continue' is clicked on

2023-05-12 18:07:44 - [MESSAGE][PASSED] - Object: 'Object Repository/checkout-step-one/input_continue' is clicked on

2023-05-12 18:07:44 - [TEST_STEP][PASSED] - click(findTestObject("Object Repository/finish checkout/button_Finish")): Object: 'Object Repository/finish checkout/button_Finish' is clicked on

2023-05-12 18:07:45 - [MESSAGE][PASSED] - Object: 'Object Repository/finish checkout/button_Finish' is clicked on

2023-05-12 18:07:45 - [TEST_STEP][PASSED] - verifyElementVisible(findTestObject("Object Repository/order-success/h2_Thank you for your order")): Object 'Object Repository/order-success/h2_Thank you for your order' is visible

2023-05-12 18:07:45 - [MESSAGE][PASSED] - Object 'Object Repository/order-success/h2_Thank you for your order' is visible

2023-05-12 18:07:45 - [TEST_STEP][PASSED] - click(findTestObject("Object Repository/NavSideBar/sidebar")): Object: 'Object Repository/NavSideBar/sidebar' is clicked on

2023-05-12 18:07:46 - [MESSAGE][PASSED] - Object: 'Object Repository/NavSideBar/sidebar' is clicked on

2023-05-12 18:07:46 - [TEST_STEP][PASSED] - click(findTestObject("Object Repository/NavSideBar/a_Logout")): Object: 'Object Repository/NavSideBar/a_Logout' is clicked on

2023-05-12 18:07:46 - [MESSAGE][PASSED] - Object: 'Object Repository/NavSideBar/a_Logout' is clicked on

2023-05-12 18:07:46 - [TEST_STEP][PASSED] - verifyElementVisible(findTestObject("Object Repository/Page_Swag Labs/input_Swag Labs_user-name")): Object 'Object Repository/Page_Swag Labs/input_Swag Labs_user-name' is visible

2023-05-12 18:07:47 - [MESSAGE][PASSED] - Object 'Object Repository/Page_Swag Labs/input_Swag Labs_user-name' is visible

2023-05-12 18:07:47 - [TEST_STEP][PASSED] - closeBrowser(): Browser is closed

2023-05-12 18:07:47 - [MESSAGE][PASSED] - Browser is closed]]></system-out>
         <system-err><![CDATA[]]></system-err>
      </testcase>
      <testcase name="Test Cases/test-flow-1-buy-1-product" time="12.067" classname="Test Cases/test-flow-1-buy-1-product" status="PASSED">
         <system-out><![CDATA[2023-05-12 18:07:47 - [TEST_CASE][PASSED] - Test Cases/test-flow-1-buy-1-product: Test Cases/test-flow-1-buy-1-product

2023-05-12 18:07:47 - [TEST_STEP][PASSED] - openBrowser("https://www.saucedemo.com/"): Browser is opened with url: 'https://www.saucedemo.com/'

2023-05-12 18:07:47 - [MESSAGE][INFO] - Starting 'Chrome' driver

2023-05-12 18:07:47 - [MESSAGE][INFO] - Action delay is set to 0 milliseconds

2023-05-12 18:07:50 - [MESSAGE][PASSED] - Browser is opened with url: 'https://www.saucedemo.com/'

2023-05-12 18:07:50 - [TEST_STEP][PASSED] - click(findTestObject("Object Repository/Page_Swag Labs/input_Swag Labs_user-name")): Object: 'Object Repository/Page_Swag Labs/input_Swag Labs_user-name' is clicked on

2023-05-12 18:07:50 - [MESSAGE][PASSED] - Object: 'Object Repository/Page_Swag Labs/input_Swag Labs_user-name' is clicked on

2023-05-12 18:07:50 - [TEST_STEP][PASSED] - sendKeys(findTestObject("Object Repository/Page_Swag Labs/input_Swag Labs_user-name"), "standard_user"): Keys 'standard_user' sent to object: 'Object Repository/Page_Swag Labs/input_Swag Labs_user-name'

2023-05-12 18:07:50 - [MESSAGE][PASSED] - Keys 'standard_user' sent to object: 'Object Repository/Page_Swag Labs/input_Swag Labs_user-name'

2023-05-12 18:07:50 - [TEST_STEP][PASSED] - click(findTestObject("Object Repository/Page_Swag Labs/input_Swag Labs_password")): Object: 'Object Repository/Page_Swag Labs/input_Swag Labs_password' is clicked on

2023-05-12 18:07:51 - [MESSAGE][PASSED] - Object: 'Object Repository/Page_Swag Labs/input_Swag Labs_password' is clicked on

2023-05-12 18:07:51 - [TEST_STEP][PASSED] - sendKeys(findTestObject("Object Repository/Page_Swag Labs/input_Swag Labs_password"), "secret_sauce"): Keys 'secret_sauce' sent to object: 'Object Repository/Page_Swag Labs/input_Swag Labs_password'

2023-05-12 18:07:51 - [MESSAGE][PASSED] - Keys 'secret_sauce' sent to object: 'Object Repository/Page_Swag Labs/input_Swag Labs_password'

2023-05-12 18:07:51 - [TEST_STEP][PASSED] - click(findTestObject("Object Repository/Page_Swag Labs/input_Swag Labs_login-button")): Object: 'Object Repository/Page_Swag Labs/input_Swag Labs_login-button' is clicked on

2023-05-12 18:07:51 - [MESSAGE][PASSED] - Object: 'Object Repository/Page_Swag Labs/input_Swag Labs_login-button' is clicked on

2023-05-12 18:07:51 - [TEST_STEP][PASSED] - click(findTestObject("Object Repository/inventoryPage/Backpack")): Object: 'Object Repository/inventoryPage/Backpack' is clicked on

2023-05-12 18:07:52 - [MESSAGE][PASSED] - Object: 'Object Repository/inventoryPage/Backpack' is clicked on

2023-05-12 18:07:52 - [TEST_STEP][PASSED] - click(findTestObject("Object Repository/inventoryPage/button_Add to cart")): Object: 'Object Repository/inventoryPage/button_Add to cart' is clicked on

2023-05-12 18:07:52 - [MESSAGE][PASSED] - Object: 'Object Repository/inventoryPage/button_Add to cart' is clicked on

2023-05-12 18:07:52 - [TEST_STEP][PASSED] - click(findTestObject("Object Repository/inventoryPage/products_back-image")): Object: 'Object Repository/inventoryPage/products_back-image' is clicked on

2023-05-12 18:07:53 - [MESSAGE][PASSED] - Object: 'Object Repository/inventoryPage/products_back-image' is clicked on

2023-05-12 18:07:53 - [TEST_STEP][PASSED] - click(findTestObject("Object Repository/inventoryPage/cart")): Object: 'Object Repository/inventoryPage/cart' is clicked on

2023-05-12 18:07:53 - [MESSAGE][PASSED] - Object: 'Object Repository/inventoryPage/cart' is clicked on

2023-05-12 18:07:53 - [TEST_STEP][PASSED] - click(findTestObject("Object Repository/CheckoutPage/button_Checkout")): Object: 'Object Repository/CheckoutPage/button_Checkout' is clicked on

2023-05-12 18:07:54 - [MESSAGE][PASSED] - Object: 'Object Repository/CheckoutPage/button_Checkout' is clicked on

2023-05-12 18:07:54 - [TEST_STEP][PASSED] - sendKeys(findTestObject("Object Repository/checkout-step-one/input_Checkout Your Information_firstName"), "demo"): Keys 'demo' sent to object: 'Object Repository/checkout-step-one/input_Checkout Your Information_firstName'

2023-05-12 18:07:55 - [MESSAGE][PASSED] - Keys 'demo' sent to object: 'Object Repository/checkout-step-one/input_Checkout Your Information_firstName'

2023-05-12 18:07:55 - [TEST_STEP][PASSED] - sendKeys(findTestObject("Object Repository/checkout-step-one/input_Checkout Your Information_lastName"), "qa test"): Keys 'qa test' sent to object: 'Object Repository/checkout-step-one/input_Checkout Your Information_lastName'

2023-05-12 18:07:55 - [MESSAGE][PASSED] - Keys 'qa test' sent to object: 'Object Repository/checkout-step-one/input_Checkout Your Information_lastName'

2023-05-12 18:07:55 - [TEST_STEP][PASSED] - sendKeys(findTestObject("Object Repository/checkout-step-one/input_Checkout Your Information_postalCode"), "9000"): Keys '9000' sent to object: 'Object Repository/checkout-step-one/input_Checkout Your Information_postalCode'

2023-05-12 18:07:56 - [MESSAGE][PASSED] - Keys '9000' sent to object: 'Object Repository/checkout-step-one/input_Checkout Your Information_postalCode'

2023-05-12 18:07:56 - [TEST_STEP][PASSED] - click(findTestObject("Object Repository/checkout-step-one/input_continue")): Object: 'Object Repository/checkout-step-one/input_continue' is clicked on

2023-05-12 18:07:56 - [MESSAGE][PASSED] - Object: 'Object Repository/checkout-step-one/input_continue' is clicked on

2023-05-12 18:07:56 - [TEST_STEP][PASSED] - click(findTestObject("Object Repository/finish checkout/button_Finish")): Object: 'Object Repository/finish checkout/button_Finish' is clicked on

2023-05-12 18:07:57 - [MESSAGE][PASSED] - Object: 'Object Repository/finish checkout/button_Finish' is clicked on

2023-05-12 18:07:57 - [TEST_STEP][PASSED] - verifyElementVisible(findTestObject("Object Repository/order-success/h2_Thank you for your order")): Object 'Object Repository/order-success/h2_Thank you for your order' is visible

2023-05-12 18:07:57 - [MESSAGE][PASSED] - Object 'Object Repository/order-success/h2_Thank you for your order' is visible

2023-05-12 18:07:57 - [TEST_STEP][PASSED] - click(findTestObject("Object Repository/NavSideBar/sidebar")): Object: 'Object Repository/NavSideBar/sidebar' is clicked on

2023-05-12 18:07:58 - [MESSAGE][PASSED] - Object: 'Object Repository/NavSideBar/sidebar' is clicked on

2023-05-12 18:07:58 - [TEST_STEP][PASSED] - click(findTestObject("Object Repository/NavSideBar/a_Logout")): Object: 'Object Repository/NavSideBar/a_Logout' is clicked on

2023-05-12 18:07:58 - [MESSAGE][PASSED] - Object: 'Object Repository/NavSideBar/a_Logout' is clicked on

2023-05-12 18:07:58 - [TEST_STEP][PASSED] - verifyElementVisible(findTestObject("Object Repository/Page_Swag Labs/input_Swag Labs_user-name")): Object 'Object Repository/Page_Swag Labs/input_Swag Labs_user-name' is visible

2023-05-12 18:07:59 - [MESSAGE][PASSED] - Object 'Object Repository/Page_Swag Labs/input_Swag Labs_user-name' is visible

2023-05-12 18:07:59 - [TEST_STEP][PASSED] - closeBrowser(): Browser is closed

2023-05-12 18:07:59 - [MESSAGE][PASSED] - Browser is closed]]></system-out>
         <system-err><![CDATA[]]></system-err>
      </testcase>
      <testcase name="Test Cases/test-flow-1-buy-1-product" time="12.109" classname="Test Cases/test-flow-1-buy-1-product" status="PASSED">
         <system-out><![CDATA[2023-05-12 18:07:59 - [TEST_CASE][PASSED] - Test Cases/test-flow-1-buy-1-product: Test Cases/test-flow-1-buy-1-product

2023-05-12 18:07:59 - [TEST_STEP][PASSED] - openBrowser("https://www.saucedemo.com/"): Browser is opened with url: 'https://www.saucedemo.com/'

2023-05-12 18:07:59 - [MESSAGE][INFO] - Starting 'Chrome' driver

2023-05-12 18:07:59 - [MESSAGE][INFO] - Action delay is set to 0 milliseconds

2023-05-12 18:08:02 - [MESSAGE][PASSED] - Browser is opened with url: 'https://www.saucedemo.com/'

2023-05-12 18:08:02 - [TEST_STEP][PASSED] - click(findTestObject("Object Repository/Page_Swag Labs/input_Swag Labs_user-name")): Object: 'Object Repository/Page_Swag Labs/input_Swag Labs_user-name' is clicked on

2023-05-12 18:08:02 - [MESSAGE][PASSED] - Object: 'Object Repository/Page_Swag Labs/input_Swag Labs_user-name' is clicked on

2023-05-12 18:08:02 - [TEST_STEP][PASSED] - sendKeys(findTestObject("Object Repository/Page_Swag Labs/input_Swag Labs_user-name"), "standard_user"): Keys 'standard_user' sent to object: 'Object Repository/Page_Swag Labs/input_Swag Labs_user-name'

2023-05-12 18:08:02 - [MESSAGE][PASSED] - Keys 'standard_user' sent to object: 'Object Repository/Page_Swag Labs/input_Swag Labs_user-name'

2023-05-12 18:08:02 - [TEST_STEP][PASSED] - click(findTestObject("Object Repository/Page_Swag Labs/input_Swag Labs_password")): Object: 'Object Repository/Page_Swag Labs/input_Swag Labs_password' is clicked on

2023-05-12 18:08:03 - [MESSAGE][PASSED] - Object: 'Object Repository/Page_Swag Labs/input_Swag Labs_password' is clicked on

2023-05-12 18:08:03 - [TEST_STEP][PASSED] - sendKeys(findTestObject("Object Repository/Page_Swag Labs/input_Swag Labs_password"), "secret_sauce"): Keys 'secret_sauce' sent to object: 'Object Repository/Page_Swag Labs/input_Swag Labs_password'

2023-05-12 18:08:03 - [MESSAGE][PASSED] - Keys 'secret_sauce' sent to object: 'Object Repository/Page_Swag Labs/input_Swag Labs_password'

2023-05-12 18:08:03 - [TEST_STEP][PASSED] - click(findTestObject("Object Repository/Page_Swag Labs/input_Swag Labs_login-button")): Object: 'Object Repository/Page_Swag Labs/input_Swag Labs_login-button' is clicked on

2023-05-12 18:08:04 - [MESSAGE][PASSED] - Object: 'Object Repository/Page_Swag Labs/input_Swag Labs_login-button' is clicked on

2023-05-12 18:08:04 - [TEST_STEP][PASSED] - click(findTestObject("Object Repository/inventoryPage/Backpack")): Object: 'Object Repository/inventoryPage/Backpack' is clicked on

2023-05-12 18:08:04 - [MESSAGE][PASSED] - Object: 'Object Repository/inventoryPage/Backpack' is clicked on

2023-05-12 18:08:04 - [TEST_STEP][PASSED] - click(findTestObject("Object Repository/inventoryPage/button_Add to cart")): Object: 'Object Repository/inventoryPage/button_Add to cart' is clicked on

2023-05-12 18:08:04 - [MESSAGE][PASSED] - Object: 'Object Repository/inventoryPage/button_Add to cart' is clicked on

2023-05-12 18:08:04 - [TEST_STEP][PASSED] - click(findTestObject("Object Repository/inventoryPage/products_back-image")): Object: 'Object Repository/inventoryPage/products_back-image' is clicked on

2023-05-12 18:08:05 - [MESSAGE][PASSED] - Object: 'Object Repository/inventoryPage/products_back-image' is clicked on

2023-05-12 18:08:05 - [TEST_STEP][PASSED] - click(findTestObject("Object Repository/inventoryPage/cart")): Object: 'Object Repository/inventoryPage/cart' is clicked on

2023-05-12 18:08:05 - [MESSAGE][PASSED] - Object: 'Object Repository/inventoryPage/cart' is clicked on

2023-05-12 18:08:05 - [TEST_STEP][PASSED] - click(findTestObject("Object Repository/CheckoutPage/button_Checkout")): Object: 'Object Repository/CheckoutPage/button_Checkout' is clicked on

2023-05-12 18:08:06 - [MESSAGE][PASSED] - Object: 'Object Repository/CheckoutPage/button_Checkout' is clicked on

2023-05-12 18:08:06 - [TEST_STEP][PASSED] - sendKeys(findTestObject("Object Repository/checkout-step-one/input_Checkout Your Information_firstName"), "demo"): Keys 'demo' sent to object: 'Object Repository/checkout-step-one/input_Checkout Your Information_firstName'

2023-05-12 18:08:07 - [MESSAGE][PASSED] - Keys 'demo' sent to object: 'Object Repository/checkout-step-one/input_Checkout Your Information_firstName'

2023-05-12 18:08:07 - [TEST_STEP][PASSED] - sendKeys(findTestObject("Object Repository/checkout-step-one/input_Checkout Your Information_lastName"), "qa test"): Keys 'qa test' sent to object: 'Object Repository/checkout-step-one/input_Checkout Your Information_lastName'

2023-05-12 18:08:07 - [MESSAGE][PASSED] - Keys 'qa test' sent to object: 'Object Repository/checkout-step-one/input_Checkout Your Information_lastName'

2023-05-12 18:08:07 - [TEST_STEP][PASSED] - sendKeys(findTestObject("Object Repository/checkout-step-one/input_Checkout Your Information_postalCode"), "9000"): Keys '9000' sent to object: 'Object Repository/checkout-step-one/input_Checkout Your Information_postalCode'

2023-05-12 18:08:08 - [MESSAGE][PASSED] - Keys '9000' sent to object: 'Object Repository/checkout-step-one/input_Checkout Your Information_postalCode'

2023-05-12 18:08:08 - [TEST_STEP][PASSED] - click(findTestObject("Object Repository/checkout-step-one/input_continue")): Object: 'Object Repository/checkout-step-one/input_continue' is clicked on

2023-05-12 18:08:08 - [MESSAGE][PASSED] - Object: 'Object Repository/checkout-step-one/input_continue' is clicked on

2023-05-12 18:08:08 - [TEST_STEP][PASSED] - click(findTestObject("Object Repository/finish checkout/button_Finish")): Object: 'Object Repository/finish checkout/button_Finish' is clicked on

2023-05-12 18:08:09 - [MESSAGE][PASSED] - Object: 'Object Repository/finish checkout/button_Finish' is clicked on

2023-05-12 18:08:09 - [TEST_STEP][PASSED] - verifyElementVisible(findTestObject("Object Repository/order-success/h2_Thank you for your order")): Object 'Object Repository/order-success/h2_Thank you for your order' is visible

2023-05-12 18:08:09 - [MESSAGE][PASSED] - Object 'Object Repository/order-success/h2_Thank you for your order' is visible

2023-05-12 18:08:09 - [TEST_STEP][PASSED] - click(findTestObject("Object Repository/NavSideBar/sidebar")): Object: 'Object Repository/NavSideBar/sidebar' is clicked on

2023-05-12 18:08:10 - [MESSAGE][PASSED] - Object: 'Object Repository/NavSideBar/sidebar' is clicked on

2023-05-12 18:08:10 - [TEST_STEP][PASSED] - click(findTestObject("Object Repository/NavSideBar/a_Logout")): Object: 'Object Repository/NavSideBar/a_Logout' is clicked on

2023-05-12 18:08:10 - [MESSAGE][PASSED] - Object: 'Object Repository/NavSideBar/a_Logout' is clicked on

2023-05-12 18:08:10 - [TEST_STEP][PASSED] - verifyElementVisible(findTestObject("Object Repository/Page_Swag Labs/input_Swag Labs_user-name")): Object 'Object Repository/Page_Swag Labs/input_Swag Labs_user-name' is visible

2023-05-12 18:08:11 - [MESSAGE][PASSED] - Object 'Object Repository/Page_Swag Labs/input_Swag Labs_user-name' is visible

2023-05-12 18:08:11 - [TEST_STEP][PASSED] - closeBrowser(): Browser is closed

2023-05-12 18:08:12 - [MESSAGE][PASSED] - Browser is closed]]></system-out>
         <system-err><![CDATA[]]></system-err>
      </testcase>
      <testcase name="Test Cases/test-flow-1-buy-1-product" time="11.686" classname="Test Cases/test-flow-1-buy-1-product" status="PASSED">
         <system-out><![CDATA[2023-05-12 18:08:12 - [TEST_CASE][PASSED] - Test Cases/test-flow-1-buy-1-product: Test Cases/test-flow-1-buy-1-product

2023-05-12 18:08:12 - [TEST_STEP][PASSED] - openBrowser("https://www.saucedemo.com/"): Browser is opened with url: 'https://www.saucedemo.com/'

2023-05-12 18:08:12 - [MESSAGE][INFO] - Starting 'Chrome' driver

2023-05-12 18:08:12 - [MESSAGE][INFO] - Action delay is set to 0 milliseconds

2023-05-12 18:08:14 - [MESSAGE][PASSED] - Browser is opened with url: 'https://www.saucedemo.com/'

2023-05-12 18:08:14 - [TEST_STEP][PASSED] - click(findTestObject("Object Repository/Page_Swag Labs/input_Swag Labs_user-name")): Object: 'Object Repository/Page_Swag Labs/input_Swag Labs_user-name' is clicked on

2023-05-12 18:08:14 - [MESSAGE][PASSED] - Object: 'Object Repository/Page_Swag Labs/input_Swag Labs_user-name' is clicked on

2023-05-12 18:08:14 - [TEST_STEP][PASSED] - sendKeys(findTestObject("Object Repository/Page_Swag Labs/input_Swag Labs_user-name"), "standard_user"): Keys 'standard_user' sent to object: 'Object Repository/Page_Swag Labs/input_Swag Labs_user-name'

2023-05-12 18:08:14 - [MESSAGE][PASSED] - Keys 'standard_user' sent to object: 'Object Repository/Page_Swag Labs/input_Swag Labs_user-name'

2023-05-12 18:08:14 - [TEST_STEP][PASSED] - click(findTestObject("Object Repository/Page_Swag Labs/input_Swag Labs_password")): Object: 'Object Repository/Page_Swag Labs/input_Swag Labs_password' is clicked on

2023-05-12 18:08:15 - [MESSAGE][PASSED] - Object: 'Object Repository/Page_Swag Labs/input_Swag Labs_password' is clicked on

2023-05-12 18:08:15 - [TEST_STEP][PASSED] - sendKeys(findTestObject("Object Repository/Page_Swag Labs/input_Swag Labs_password"), "secret_sauce"): Keys 'secret_sauce' sent to object: 'Object Repository/Page_Swag Labs/input_Swag Labs_password'

2023-05-12 18:08:15 - [MESSAGE][PASSED] - Keys 'secret_sauce' sent to object: 'Object Repository/Page_Swag Labs/input_Swag Labs_password'

2023-05-12 18:08:15 - [TEST_STEP][PASSED] - click(findTestObject("Object Repository/Page_Swag Labs/input_Swag Labs_login-button")): Object: 'Object Repository/Page_Swag Labs/input_Swag Labs_login-button' is clicked on

2023-05-12 18:08:15 - [MESSAGE][PASSED] - Object: 'Object Repository/Page_Swag Labs/input_Swag Labs_login-button' is clicked on

2023-05-12 18:08:15 - [TEST_STEP][PASSED] - click(findTestObject("Object Repository/inventoryPage/Backpack")): Object: 'Object Repository/inventoryPage/Backpack' is clicked on

2023-05-12 18:08:16 - [MESSAGE][PASSED] - Object: 'Object Repository/inventoryPage/Backpack' is clicked on

2023-05-12 18:08:16 - [TEST_STEP][PASSED] - click(findTestObject("Object Repository/inventoryPage/button_Add to cart")): Object: 'Object Repository/inventoryPage/button_Add to cart' is clicked on

2023-05-12 18:08:16 - [MESSAGE][PASSED] - Object: 'Object Repository/inventoryPage/button_Add to cart' is clicked on

2023-05-12 18:08:16 - [TEST_STEP][PASSED] - click(findTestObject("Object Repository/inventoryPage/products_back-image")): Object: 'Object Repository/inventoryPage/products_back-image' is clicked on

2023-05-12 18:08:17 - [MESSAGE][PASSED] - Object: 'Object Repository/inventoryPage/products_back-image' is clicked on

2023-05-12 18:08:17 - [TEST_STEP][PASSED] - click(findTestObject("Object Repository/inventoryPage/cart")): Object: 'Object Repository/inventoryPage/cart' is clicked on

2023-05-12 18:08:17 - [MESSAGE][PASSED] - Object: 'Object Repository/inventoryPage/cart' is clicked on

2023-05-12 18:08:17 - [TEST_STEP][PASSED] - click(findTestObject("Object Repository/CheckoutPage/button_Checkout")): Object: 'Object Repository/CheckoutPage/button_Checkout' is clicked on

2023-05-12 18:08:18 - [MESSAGE][PASSED] - Object: 'Object Repository/CheckoutPage/button_Checkout' is clicked on

2023-05-12 18:08:18 - [TEST_STEP][PASSED] - sendKeys(findTestObject("Object Repository/checkout-step-one/input_Checkout Your Information_firstName"), "demo"): Keys 'demo' sent to object: 'Object Repository/checkout-step-one/input_Checkout Your Information_firstName'

2023-05-12 18:08:18 - [MESSAGE][PASSED] - Keys 'demo' sent to object: 'Object Repository/checkout-step-one/input_Checkout Your Information_firstName'

2023-05-12 18:08:18 - [TEST_STEP][PASSED] - sendKeys(findTestObject("Object Repository/checkout-step-one/input_Checkout Your Information_lastName"), "qa test"): Keys 'qa test' sent to object: 'Object Repository/checkout-step-one/input_Checkout Your Information_lastName'

2023-05-12 18:08:19 - [MESSAGE][PASSED] - Keys 'qa test' sent to object: 'Object Repository/checkout-step-one/input_Checkout Your Information_lastName'

2023-05-12 18:08:19 - [TEST_STEP][PASSED] - sendKeys(findTestObject("Object Repository/checkout-step-one/input_Checkout Your Information_postalCode"), "9000"): Keys '9000' sent to object: 'Object Repository/checkout-step-one/input_Checkout Your Information_postalCode'

2023-05-12 18:08:19 - [MESSAGE][PASSED] - Keys '9000' sent to object: 'Object Repository/checkout-step-one/input_Checkout Your Information_postalCode'

2023-05-12 18:08:19 - [TEST_STEP][PASSED] - click(findTestObject("Object Repository/checkout-step-one/input_continue")): Object: 'Object Repository/checkout-step-one/input_continue' is clicked on

2023-05-12 18:08:20 - [MESSAGE][PASSED] - Object: 'Object Repository/checkout-step-one/input_continue' is clicked on

2023-05-12 18:08:20 - [TEST_STEP][PASSED] - click(findTestObject("Object Repository/finish checkout/button_Finish")): Object: 'Object Repository/finish checkout/button_Finish' is clicked on

2023-05-12 18:08:21 - [MESSAGE][PASSED] - Object: 'Object Repository/finish checkout/button_Finish' is clicked on

2023-05-12 18:08:21 - [TEST_STEP][PASSED] - verifyElementVisible(findTestObject("Object Repository/order-success/h2_Thank you for your order")): Object 'Object Repository/order-success/h2_Thank you for your order' is visible

2023-05-12 18:08:21 - [MESSAGE][PASSED] - Object 'Object Repository/order-success/h2_Thank you for your order' is visible

2023-05-12 18:08:21 - [TEST_STEP][PASSED] - click(findTestObject("Object Repository/NavSideBar/sidebar")): Object: 'Object Repository/NavSideBar/sidebar' is clicked on

2023-05-12 18:08:21 - [MESSAGE][PASSED] - Object: 'Object Repository/NavSideBar/sidebar' is clicked on

2023-05-12 18:08:21 - [TEST_STEP][PASSED] - click(findTestObject("Object Repository/NavSideBar/a_Logout")): Object: 'Object Repository/NavSideBar/a_Logout' is clicked on

2023-05-12 18:08:22 - [MESSAGE][PASSED] - Object: 'Object Repository/NavSideBar/a_Logout' is clicked on

2023-05-12 18:08:22 - [TEST_STEP][PASSED] - verifyElementVisible(findTestObject("Object Repository/Page_Swag Labs/input_Swag Labs_user-name")): Object 'Object Repository/Page_Swag Labs/input_Swag Labs_user-name' is visible

2023-05-12 18:08:23 - [MESSAGE][PASSED] - Object 'Object Repository/Page_Swag Labs/input_Swag Labs_user-name' is visible

2023-05-12 18:08:23 - [TEST_STEP][PASSED] - closeBrowser(): Browser is closed

2023-05-12 18:08:23 - [MESSAGE][PASSED] - Browser is closed]]></system-out>
         <system-err><![CDATA[]]></system-err>
      </testcase>
      <testcase name="Test Cases/test-flow-1-buy-1-product" time="12.344" classname="Test Cases/test-flow-1-buy-1-product" status="PASSED">
         <system-out><![CDATA[2023-05-12 18:08:23 - [TEST_CASE][PASSED] - Test Cases/test-flow-1-buy-1-product: Test Cases/test-flow-1-buy-1-product

2023-05-12 18:08:23 - [TEST_STEP][PASSED] - openBrowser("https://www.saucedemo.com/"): Browser is opened with url: 'https://www.saucedemo.com/'

2023-05-12 18:08:23 - [MESSAGE][INFO] - Starting 'Chrome' driver

2023-05-12 18:08:23 - [MESSAGE][INFO] - Action delay is set to 0 milliseconds

2023-05-12 18:08:25 - [MESSAGE][PASSED] - Browser is opened with url: 'https://www.saucedemo.com/'

2023-05-12 18:08:25 - [TEST_STEP][PASSED] - click(findTestObject("Object Repository/Page_Swag Labs/input_Swag Labs_user-name")): Object: 'Object Repository/Page_Swag Labs/input_Swag Labs_user-name' is clicked on

2023-05-12 18:08:26 - [MESSAGE][PASSED] - Object: 'Object Repository/Page_Swag Labs/input_Swag Labs_user-name' is clicked on

2023-05-12 18:08:26 - [TEST_STEP][PASSED] - sendKeys(findTestObject("Object Repository/Page_Swag Labs/input_Swag Labs_user-name"), "standard_user"): Keys 'standard_user' sent to object: 'Object Repository/Page_Swag Labs/input_Swag Labs_user-name'

2023-05-12 18:08:26 - [MESSAGE][PASSED] - Keys 'standard_user' sent to object: 'Object Repository/Page_Swag Labs/input_Swag Labs_user-name'

2023-05-12 18:08:26 - [TEST_STEP][PASSED] - click(findTestObject("Object Repository/Page_Swag Labs/input_Swag Labs_password")): Object: 'Object Repository/Page_Swag Labs/input_Swag Labs_password' is clicked on

2023-05-12 18:08:27 - [MESSAGE][PASSED] - Object: 'Object Repository/Page_Swag Labs/input_Swag Labs_password' is clicked on

2023-05-12 18:08:27 - [TEST_STEP][PASSED] - sendKeys(findTestObject("Object Repository/Page_Swag Labs/input_Swag Labs_password"), "secret_sauce"): Keys 'secret_sauce' sent to object: 'Object Repository/Page_Swag Labs/input_Swag Labs_password'

2023-05-12 18:08:27 - [MESSAGE][PASSED] - Keys 'secret_sauce' sent to object: 'Object Repository/Page_Swag Labs/input_Swag Labs_password'

2023-05-12 18:08:27 - [TEST_STEP][PASSED] - click(findTestObject("Object Repository/Page_Swag Labs/input_Swag Labs_login-button")): Object: 'Object Repository/Page_Swag Labs/input_Swag Labs_login-button' is clicked on

2023-05-12 18:08:27 - [MESSAGE][PASSED] - Object: 'Object Repository/Page_Swag Labs/input_Swag Labs_login-button' is clicked on

2023-05-12 18:08:27 - [TEST_STEP][PASSED] - click(findTestObject("Object Repository/inventoryPage/Backpack")): Object: 'Object Repository/inventoryPage/Backpack' is clicked on

2023-05-12 18:08:28 - [MESSAGE][PASSED] - Object: 'Object Repository/inventoryPage/Backpack' is clicked on

2023-05-12 18:08:28 - [TEST_STEP][PASSED] - click(findTestObject("Object Repository/inventoryPage/button_Add to cart")): Object: 'Object Repository/inventoryPage/button_Add to cart' is clicked on

2023-05-12 18:08:28 - [MESSAGE][PASSED] - Object: 'Object Repository/inventoryPage/button_Add to cart' is clicked on

2023-05-12 18:08:28 - [TEST_STEP][PASSED] - click(findTestObject("Object Repository/inventoryPage/products_back-image")): Object: 'Object Repository/inventoryPage/products_back-image' is clicked on

2023-05-12 18:08:29 - [MESSAGE][PASSED] - Object: 'Object Repository/inventoryPage/products_back-image' is clicked on

2023-05-12 18:08:29 - [TEST_STEP][PASSED] - click(findTestObject("Object Repository/inventoryPage/cart")): Object: 'Object Repository/inventoryPage/cart' is clicked on

2023-05-12 18:08:29 - [MESSAGE][PASSED] - Object: 'Object Repository/inventoryPage/cart' is clicked on

2023-05-12 18:08:29 - [TEST_STEP][PASSED] - click(findTestObject("Object Repository/CheckoutPage/button_Checkout")): Object: 'Object Repository/CheckoutPage/button_Checkout' is clicked on

2023-05-12 18:08:30 - [MESSAGE][PASSED] - Object: 'Object Repository/CheckoutPage/button_Checkout' is clicked on

2023-05-12 18:08:30 - [TEST_STEP][PASSED] - sendKeys(findTestObject("Object Repository/checkout-step-one/input_Checkout Your Information_firstName"), "demo"): Keys 'demo' sent to object: 'Object Repository/checkout-step-one/input_Checkout Your Information_firstName'

2023-05-12 18:08:31 - [MESSAGE][PASSED] - Keys 'demo' sent to object: 'Object Repository/checkout-step-one/input_Checkout Your Information_firstName'

2023-05-12 18:08:31 - [TEST_STEP][PASSED] - sendKeys(findTestObject("Object Repository/checkout-step-one/input_Checkout Your Information_lastName"), "qa test"): Keys 'qa test' sent to object: 'Object Repository/checkout-step-one/input_Checkout Your Information_lastName'

2023-05-12 18:08:31 - [MESSAGE][PASSED] - Keys 'qa test' sent to object: 'Object Repository/checkout-step-one/input_Checkout Your Information_lastName'

2023-05-12 18:08:31 - [TEST_STEP][PASSED] - sendKeys(findTestObject("Object Repository/checkout-step-one/input_Checkout Your Information_postalCode"), "9000"): Keys '9000' sent to object: 'Object Repository/checkout-step-one/input_Checkout Your Information_postalCode'

2023-05-12 18:08:32 - [MESSAGE][PASSED] - Keys '9000' sent to object: 'Object Repository/checkout-step-one/input_Checkout Your Information_postalCode'

2023-05-12 18:08:32 - [TEST_STEP][PASSED] - click(findTestObject("Object Repository/checkout-step-one/input_continue")): Object: 'Object Repository/checkout-step-one/input_continue' is clicked on

2023-05-12 18:08:32 - [MESSAGE][PASSED] - Object: 'Object Repository/checkout-step-one/input_continue' is clicked on

2023-05-12 18:08:32 - [TEST_STEP][PASSED] - click(findTestObject("Object Repository/finish checkout/button_Finish")): Object: 'Object Repository/finish checkout/button_Finish' is clicked on

2023-05-12 18:08:33 - [MESSAGE][PASSED] - Object: 'Object Repository/finish checkout/button_Finish' is clicked on

2023-05-12 18:08:33 - [TEST_STEP][PASSED] - verifyElementVisible(findTestObject("Object Repository/order-success/h2_Thank you for your order")): Object 'Object Repository/order-success/h2_Thank you for your order' is visible

2023-05-12 18:08:33 - [MESSAGE][PASSED] - Object 'Object Repository/order-success/h2_Thank you for your order' is visible

2023-05-12 18:08:33 - [TEST_STEP][PASSED] - click(findTestObject("Object Repository/NavSideBar/sidebar")): Object: 'Object Repository/NavSideBar/sidebar' is clicked on

2023-05-12 18:08:34 - [MESSAGE][PASSED] - Object: 'Object Repository/NavSideBar/sidebar' is clicked on

2023-05-12 18:08:34 - [TEST_STEP][PASSED] - click(findTestObject("Object Repository/NavSideBar/a_Logout")): Object: 'Object Repository/NavSideBar/a_Logout' is clicked on

2023-05-12 18:08:34 - [MESSAGE][PASSED] - Object: 'Object Repository/NavSideBar/a_Logout' is clicked on

2023-05-12 18:08:34 - [TEST_STEP][PASSED] - verifyElementVisible(findTestObject("Object Repository/Page_Swag Labs/input_Swag Labs_user-name")): Object 'Object Repository/Page_Swag Labs/input_Swag Labs_user-name' is visible

2023-05-12 18:08:35 - [MESSAGE][PASSED] - Object 'Object Repository/Page_Swag Labs/input_Swag Labs_user-name' is visible

2023-05-12 18:08:35 - [TEST_STEP][PASSED] - closeBrowser(): Browser is closed

2023-05-12 18:08:36 - [MESSAGE][PASSED] - Browser is closed]]></system-out>
         <system-err><![CDATA[]]></system-err>
      </testcase>
      <testcase name="Test Cases/test-flow-1-buy-1-product" time="11.961" classname="Test Cases/test-flow-1-buy-1-product" status="PASSED">
         <system-out><![CDATA[2023-05-12 18:08:36 - [TEST_CASE][PASSED] - Test Cases/test-flow-1-buy-1-product: Test Cases/test-flow-1-buy-1-product

2023-05-12 18:08:36 - [TEST_STEP][PASSED] - openBrowser("https://www.saucedemo.com/"): Browser is opened with url: 'https://www.saucedemo.com/'

2023-05-12 18:08:36 - [MESSAGE][INFO] - Starting 'Chrome' driver

2023-05-12 18:08:36 - [MESSAGE][INFO] - Action delay is set to 0 milliseconds

2023-05-12 18:08:38 - [MESSAGE][PASSED] - Browser is opened with url: 'https://www.saucedemo.com/'

2023-05-12 18:08:38 - [TEST_STEP][PASSED] - click(findTestObject("Object Repository/Page_Swag Labs/input_Swag Labs_user-name")): Object: 'Object Repository/Page_Swag Labs/input_Swag Labs_user-name' is clicked on

2023-05-12 18:08:38 - [MESSAGE][PASSED] - Object: 'Object Repository/Page_Swag Labs/input_Swag Labs_user-name' is clicked on

2023-05-12 18:08:38 - [TEST_STEP][PASSED] - sendKeys(findTestObject("Object Repository/Page_Swag Labs/input_Swag Labs_user-name"), "standard_user"): Keys 'standard_user' sent to object: 'Object Repository/Page_Swag Labs/input_Swag Labs_user-name'

2023-05-12 18:08:39 - [MESSAGE][PASSED] - Keys 'standard_user' sent to object: 'Object Repository/Page_Swag Labs/input_Swag Labs_user-name'

2023-05-12 18:08:39 - [TEST_STEP][PASSED] - click(findTestObject("Object Repository/Page_Swag Labs/input_Swag Labs_password")): Object: 'Object Repository/Page_Swag Labs/input_Swag Labs_password' is clicked on

2023-05-12 18:08:39 - [MESSAGE][PASSED] - Object: 'Object Repository/Page_Swag Labs/input_Swag Labs_password' is clicked on

2023-05-12 18:08:39 - [TEST_STEP][PASSED] - sendKeys(findTestObject("Object Repository/Page_Swag Labs/input_Swag Labs_password"), "secret_sauce"): Keys 'secret_sauce' sent to object: 'Object Repository/Page_Swag Labs/input_Swag Labs_password'

2023-05-12 18:08:39 - [MESSAGE][PASSED] - Keys 'secret_sauce' sent to object: 'Object Repository/Page_Swag Labs/input_Swag Labs_password'

2023-05-12 18:08:39 - [TEST_STEP][PASSED] - click(findTestObject("Object Repository/Page_Swag Labs/input_Swag Labs_login-button")): Object: 'Object Repository/Page_Swag Labs/input_Swag Labs_login-button' is clicked on

2023-05-12 18:08:40 - [MESSAGE][PASSED] - Object: 'Object Repository/Page_Swag Labs/input_Swag Labs_login-button' is clicked on

2023-05-12 18:08:40 - [TEST_STEP][PASSED] - click(findTestObject("Object Repository/inventoryPage/Backpack")): Object: 'Object Repository/inventoryPage/Backpack' is clicked on

2023-05-12 18:08:40 - [MESSAGE][PASSED] - Object: 'Object Repository/inventoryPage/Backpack' is clicked on

2023-05-12 18:08:40 - [TEST_STEP][PASSED] - click(findTestObject("Object Repository/inventoryPage/button_Add to cart")): Object: 'Object Repository/inventoryPage/button_Add to cart' is clicked on

2023-05-12 18:08:41 - [MESSAGE][PASSED] - Object: 'Object Repository/inventoryPage/button_Add to cart' is clicked on

2023-05-12 18:08:41 - [TEST_STEP][PASSED] - click(findTestObject("Object Repository/inventoryPage/products_back-image")): Object: 'Object Repository/inventoryPage/products_back-image' is clicked on

2023-05-12 18:08:41 - [MESSAGE][PASSED] - Object: 'Object Repository/inventoryPage/products_back-image' is clicked on

2023-05-12 18:08:41 - [TEST_STEP][PASSED] - click(findTestObject("Object Repository/inventoryPage/cart")): Object: 'Object Repository/inventoryPage/cart' is clicked on

2023-05-12 18:08:42 - [MESSAGE][PASSED] - Object: 'Object Repository/inventoryPage/cart' is clicked on

2023-05-12 18:08:42 - [TEST_STEP][PASSED] - click(findTestObject("Object Repository/CheckoutPage/button_Checkout")): Object: 'Object Repository/CheckoutPage/button_Checkout' is clicked on

2023-05-12 18:08:42 - [MESSAGE][PASSED] - Object: 'Object Repository/CheckoutPage/button_Checkout' is clicked on

2023-05-12 18:08:42 - [TEST_STEP][PASSED] - sendKeys(findTestObject("Object Repository/checkout-step-one/input_Checkout Your Information_firstName"), "demo"): Keys 'demo' sent to object: 'Object Repository/checkout-step-one/input_Checkout Your Information_firstName'

2023-05-12 18:08:43 - [MESSAGE][PASSED] - Keys 'demo' sent to object: 'Object Repository/checkout-step-one/input_Checkout Your Information_firstName'

2023-05-12 18:08:43 - [TEST_STEP][PASSED] - sendKeys(findTestObject("Object Repository/checkout-step-one/input_Checkout Your Information_lastName"), "qa test"): Keys 'qa test' sent to object: 'Object Repository/checkout-step-one/input_Checkout Your Information_lastName'

2023-05-12 18:08:43 - [MESSAGE][PASSED] - Keys 'qa test' sent to object: 'Object Repository/checkout-step-one/input_Checkout Your Information_lastName'

2023-05-12 18:08:43 - [TEST_STEP][PASSED] - sendKeys(findTestObject("Object Repository/checkout-step-one/input_Checkout Your Information_postalCode"), "9000"): Keys '9000' sent to object: 'Object Repository/checkout-step-one/input_Checkout Your Information_postalCode'

2023-05-12 18:08:44 - [MESSAGE][PASSED] - Keys '9000' sent to object: 'Object Repository/checkout-step-one/input_Checkout Your Information_postalCode'

2023-05-12 18:08:44 - [TEST_STEP][PASSED] - click(findTestObject("Object Repository/checkout-step-one/input_continue")): Object: 'Object Repository/checkout-step-one/input_continue' is clicked on

2023-05-12 18:08:44 - [MESSAGE][PASSED] - Object: 'Object Repository/checkout-step-one/input_continue' is clicked on

2023-05-12 18:08:44 - [TEST_STEP][PASSED] - click(findTestObject("Object Repository/finish checkout/button_Finish")): Object: 'Object Repository/finish checkout/button_Finish' is clicked on

2023-05-12 18:08:45 - [MESSAGE][PASSED] - Object: 'Object Repository/finish checkout/button_Finish' is clicked on

2023-05-12 18:08:45 - [TEST_STEP][PASSED] - verifyElementVisible(findTestObject("Object Repository/order-success/h2_Thank you for your order")): Object 'Object Repository/order-success/h2_Thank you for your order' is visible

2023-05-12 18:08:45 - [MESSAGE][PASSED] - Object 'Object Repository/order-success/h2_Thank you for your order' is visible

2023-05-12 18:08:45 - [TEST_STEP][PASSED] - click(findTestObject("Object Repository/NavSideBar/sidebar")): Object: 'Object Repository/NavSideBar/sidebar' is clicked on

2023-05-12 18:08:46 - [MESSAGE][PASSED] - Object: 'Object Repository/NavSideBar/sidebar' is clicked on

2023-05-12 18:08:46 - [TEST_STEP][PASSED] - click(findTestObject("Object Repository/NavSideBar/a_Logout")): Object: 'Object Repository/NavSideBar/a_Logout' is clicked on

2023-05-12 18:08:46 - [MESSAGE][PASSED] - Object: 'Object Repository/NavSideBar/a_Logout' is clicked on

2023-05-12 18:08:46 - [TEST_STEP][PASSED] - verifyElementVisible(findTestObject("Object Repository/Page_Swag Labs/input_Swag Labs_user-name")): Object 'Object Repository/Page_Swag Labs/input_Swag Labs_user-name' is visible

2023-05-12 18:08:47 - [MESSAGE][PASSED] - Object 'Object Repository/Page_Swag Labs/input_Swag Labs_user-name' is visible

2023-05-12 18:08:47 - [TEST_STEP][PASSED] - closeBrowser(): Browser is closed

2023-05-12 18:08:48 - [MESSAGE][PASSED] - Browser is closed]]></system-out>
         <system-err><![CDATA[]]></system-err>
      </testcase>
      <testcase name="Test Cases/test-flow-1-buy-1-product" time="11.958" classname="Test Cases/test-flow-1-buy-1-product" status="PASSED">
         <system-out><![CDATA[2023-05-12 18:08:48 - [TEST_CASE][PASSED] - Test Cases/test-flow-1-buy-1-product: Test Cases/test-flow-1-buy-1-product

2023-05-12 18:08:48 - [TEST_STEP][PASSED] - openBrowser("https://www.saucedemo.com/"): Browser is opened with url: 'https://www.saucedemo.com/'

2023-05-12 18:08:48 - [MESSAGE][INFO] - Starting 'Chrome' driver

2023-05-12 18:08:48 - [MESSAGE][INFO] - Action delay is set to 0 milliseconds

2023-05-12 18:08:50 - [MESSAGE][PASSED] - Browser is opened with url: 'https://www.saucedemo.com/'

2023-05-12 18:08:50 - [TEST_STEP][PASSED] - click(findTestObject("Object Repository/Page_Swag Labs/input_Swag Labs_user-name")): Object: 'Object Repository/Page_Swag Labs/input_Swag Labs_user-name' is clicked on

2023-05-12 18:08:50 - [MESSAGE][PASSED] - Object: 'Object Repository/Page_Swag Labs/input_Swag Labs_user-name' is clicked on

2023-05-12 18:08:50 - [TEST_STEP][PASSED] - sendKeys(findTestObject("Object Repository/Page_Swag Labs/input_Swag Labs_user-name"), "standard_user"): Keys 'standard_user' sent to object: 'Object Repository/Page_Swag Labs/input_Swag Labs_user-name'

2023-05-12 18:08:50 - [MESSAGE][PASSED] - Keys 'standard_user' sent to object: 'Object Repository/Page_Swag Labs/input_Swag Labs_user-name'

2023-05-12 18:08:50 - [TEST_STEP][PASSED] - click(findTestObject("Object Repository/Page_Swag Labs/input_Swag Labs_password")): Object: 'Object Repository/Page_Swag Labs/input_Swag Labs_password' is clicked on

2023-05-12 18:08:51 - [MESSAGE][PASSED] - Object: 'Object Repository/Page_Swag Labs/input_Swag Labs_password' is clicked on

2023-05-12 18:08:51 - [TEST_STEP][PASSED] - sendKeys(findTestObject("Object Repository/Page_Swag Labs/input_Swag Labs_password"), "secret_sauce"): Keys 'secret_sauce' sent to object: 'Object Repository/Page_Swag Labs/input_Swag Labs_password'

2023-05-12 18:08:51 - [MESSAGE][PASSED] - Keys 'secret_sauce' sent to object: 'Object Repository/Page_Swag Labs/input_Swag Labs_password'

2023-05-12 18:08:51 - [TEST_STEP][PASSED] - click(findTestObject("Object Repository/Page_Swag Labs/input_Swag Labs_login-button")): Object: 'Object Repository/Page_Swag Labs/input_Swag Labs_login-button' is clicked on

2023-05-12 18:08:51 - [MESSAGE][PASSED] - Object: 'Object Repository/Page_Swag Labs/input_Swag Labs_login-button' is clicked on

2023-05-12 18:08:51 - [TEST_STEP][PASSED] - click(findTestObject("Object Repository/inventoryPage/Backpack")): Object: 'Object Repository/inventoryPage/Backpack' is clicked on

2023-05-12 18:08:52 - [MESSAGE][PASSED] - Object: 'Object Repository/inventoryPage/Backpack' is clicked on

2023-05-12 18:08:52 - [TEST_STEP][PASSED] - click(findTestObject("Object Repository/inventoryPage/button_Add to cart")): Object: 'Object Repository/inventoryPage/button_Add to cart' is clicked on

2023-05-12 18:08:52 - [MESSAGE][PASSED] - Object: 'Object Repository/inventoryPage/button_Add to cart' is clicked on

2023-05-12 18:08:52 - [TEST_STEP][PASSED] - click(findTestObject("Object Repository/inventoryPage/products_back-image")): Object: 'Object Repository/inventoryPage/products_back-image' is clicked on

2023-05-12 18:08:53 - [MESSAGE][PASSED] - Object: 'Object Repository/inventoryPage/products_back-image' is clicked on

2023-05-12 18:08:53 - [TEST_STEP][PASSED] - click(findTestObject("Object Repository/inventoryPage/cart")): Object: 'Object Repository/inventoryPage/cart' is clicked on

2023-05-12 18:08:53 - [MESSAGE][PASSED] - Object: 'Object Repository/inventoryPage/cart' is clicked on

2023-05-12 18:08:53 - [TEST_STEP][PASSED] - click(findTestObject("Object Repository/CheckoutPage/button_Checkout")): Object: 'Object Repository/CheckoutPage/button_Checkout' is clicked on

2023-05-12 18:08:54 - [MESSAGE][PASSED] - Object: 'Object Repository/CheckoutPage/button_Checkout' is clicked on

2023-05-12 18:08:54 - [TEST_STEP][PASSED] - sendKeys(findTestObject("Object Repository/checkout-step-one/input_Checkout Your Information_firstName"), "demo"): Keys 'demo' sent to object: 'Object Repository/checkout-step-one/input_Checkout Your Information_firstName'

2023-05-12 18:08:55 - [MESSAGE][PASSED] - Keys 'demo' sent to object: 'Object Repository/checkout-step-one/input_Checkout Your Information_firstName'

2023-05-12 18:08:55 - [TEST_STEP][PASSED] - sendKeys(findTestObject("Object Repository/checkout-step-one/input_Checkout Your Information_lastName"), "qa test"): Keys 'qa test' sent to object: 'Object Repository/checkout-step-one/input_Checkout Your Information_lastName'

2023-05-12 18:08:55 - [MESSAGE][PASSED] - Keys 'qa test' sent to object: 'Object Repository/checkout-step-one/input_Checkout Your Information_lastName'

2023-05-12 18:08:55 - [TEST_STEP][PASSED] - sendKeys(findTestObject("Object Repository/checkout-step-one/input_Checkout Your Information_postalCode"), "9000"): Keys '9000' sent to object: 'Object Repository/checkout-step-one/input_Checkout Your Information_postalCode'

2023-05-12 18:08:56 - [MESSAGE][PASSED] - Keys '9000' sent to object: 'Object Repository/checkout-step-one/input_Checkout Your Information_postalCode'

2023-05-12 18:08:56 - [TEST_STEP][PASSED] - click(findTestObject("Object Repository/checkout-step-one/input_continue")): Object: 'Object Repository/checkout-step-one/input_continue' is clicked on

2023-05-12 18:08:56 - [MESSAGE][PASSED] - Object: 'Object Repository/checkout-step-one/input_continue' is clicked on

2023-05-12 18:08:56 - [TEST_STEP][PASSED] - click(findTestObject("Object Repository/finish checkout/button_Finish")): Object: 'Object Repository/finish checkout/button_Finish' is clicked on

2023-05-12 18:08:57 - [MESSAGE][PASSED] - Object: 'Object Repository/finish checkout/button_Finish' is clicked on

2023-05-12 18:08:57 - [TEST_STEP][PASSED] - verifyElementVisible(findTestObject("Object Repository/order-success/h2_Thank you for your order")): Object 'Object Repository/order-success/h2_Thank you for your order' is visible

2023-05-12 18:08:57 - [MESSAGE][PASSED] - Object 'Object Repository/order-success/h2_Thank you for your order' is visible

2023-05-12 18:08:57 - [TEST_STEP][PASSED] - click(findTestObject("Object Repository/NavSideBar/sidebar")): Object: 'Object Repository/NavSideBar/sidebar' is clicked on

2023-05-12 18:08:58 - [MESSAGE][PASSED] - Object: 'Object Repository/NavSideBar/sidebar' is clicked on

2023-05-12 18:08:58 - [TEST_STEP][PASSED] - click(findTestObject("Object Repository/NavSideBar/a_Logout")): Object: 'Object Repository/NavSideBar/a_Logout' is clicked on

2023-05-12 18:08:58 - [MESSAGE][PASSED] - Object: 'Object Repository/NavSideBar/a_Logout' is clicked on

2023-05-12 18:08:58 - [TEST_STEP][PASSED] - verifyElementVisible(findTestObject("Object Repository/Page_Swag Labs/input_Swag Labs_user-name")): Object 'Object Repository/Page_Swag Labs/input_Swag Labs_user-name' is visible

2023-05-12 18:08:59 - [MESSAGE][PASSED] - Object 'Object Repository/Page_Swag Labs/input_Swag Labs_user-name' is visible

2023-05-12 18:08:59 - [TEST_STEP][PASSED] - closeBrowser(): Browser is closed

2023-05-12 18:09:00 - [MESSAGE][PASSED] - Browser is closed]]></system-out>
         <system-err><![CDATA[]]></system-err>
      </testcase>
      <testcase name="Test Cases/test-flow-1-buy-1-product" time="11.848" classname="Test Cases/test-flow-1-buy-1-product" status="PASSED">
         <system-out><![CDATA[2023-05-12 18:09:00 - [TEST_CASE][PASSED] - Test Cases/test-flow-1-buy-1-product: Test Cases/test-flow-1-buy-1-product

2023-05-12 18:09:00 - [TEST_STEP][PASSED] - openBrowser("https://www.saucedemo.com/"): Browser is opened with url: 'https://www.saucedemo.com/'

2023-05-12 18:09:00 - [MESSAGE][INFO] - Starting 'Chrome' driver

2023-05-12 18:09:00 - [MESSAGE][INFO] - Action delay is set to 0 milliseconds

2023-05-12 18:09:02 - [MESSAGE][PASSED] - Browser is opened with url: 'https://www.saucedemo.com/'

2023-05-12 18:09:02 - [TEST_STEP][PASSED] - click(findTestObject("Object Repository/Page_Swag Labs/input_Swag Labs_user-name")): Object: 'Object Repository/Page_Swag Labs/input_Swag Labs_user-name' is clicked on

2023-05-12 18:09:02 - [MESSAGE][PASSED] - Object: 'Object Repository/Page_Swag Labs/input_Swag Labs_user-name' is clicked on

2023-05-12 18:09:02 - [TEST_STEP][PASSED] - sendKeys(findTestObject("Object Repository/Page_Swag Labs/input_Swag Labs_user-name"), "standard_user"): Keys 'standard_user' sent to object: 'Object Repository/Page_Swag Labs/input_Swag Labs_user-name'

2023-05-12 18:09:02 - [MESSAGE][PASSED] - Keys 'standard_user' sent to object: 'Object Repository/Page_Swag Labs/input_Swag Labs_user-name'

2023-05-12 18:09:02 - [TEST_STEP][PASSED] - click(findTestObject("Object Repository/Page_Swag Labs/input_Swag Labs_password")): Object: 'Object Repository/Page_Swag Labs/input_Swag Labs_password' is clicked on

2023-05-12 18:09:03 - [MESSAGE][PASSED] - Object: 'Object Repository/Page_Swag Labs/input_Swag Labs_password' is clicked on

2023-05-12 18:09:03 - [TEST_STEP][PASSED] - sendKeys(findTestObject("Object Repository/Page_Swag Labs/input_Swag Labs_password"), "secret_sauce"): Keys 'secret_sauce' sent to object: 'Object Repository/Page_Swag Labs/input_Swag Labs_password'

2023-05-12 18:09:03 - [MESSAGE][PASSED] - Keys 'secret_sauce' sent to object: 'Object Repository/Page_Swag Labs/input_Swag Labs_password'

2023-05-12 18:09:03 - [TEST_STEP][PASSED] - click(findTestObject("Object Repository/Page_Swag Labs/input_Swag Labs_login-button")): Object: 'Object Repository/Page_Swag Labs/input_Swag Labs_login-button' is clicked on

2023-05-12 18:09:03 - [MESSAGE][PASSED] - Object: 'Object Repository/Page_Swag Labs/input_Swag Labs_login-button' is clicked on

2023-05-12 18:09:03 - [TEST_STEP][PASSED] - click(findTestObject("Object Repository/inventoryPage/Backpack")): Object: 'Object Repository/inventoryPage/Backpack' is clicked on

2023-05-12 18:09:04 - [MESSAGE][PASSED] - Object: 'Object Repository/inventoryPage/Backpack' is clicked on

2023-05-12 18:09:04 - [TEST_STEP][PASSED] - click(findTestObject("Object Repository/inventoryPage/button_Add to cart")): Object: 'Object Repository/inventoryPage/button_Add to cart' is clicked on

2023-05-12 18:09:04 - [MESSAGE][PASSED] - Object: 'Object Repository/inventoryPage/button_Add to cart' is clicked on

2023-05-12 18:09:04 - [TEST_STEP][PASSED] - click(findTestObject("Object Repository/inventoryPage/products_back-image")): Object: 'Object Repository/inventoryPage/products_back-image' is clicked on

2023-05-12 18:09:05 - [MESSAGE][PASSED] - Object: 'Object Repository/inventoryPage/products_back-image' is clicked on

2023-05-12 18:09:05 - [TEST_STEP][PASSED] - click(findTestObject("Object Repository/inventoryPage/cart")): Object: 'Object Repository/inventoryPage/cart' is clicked on

2023-05-12 18:09:05 - [MESSAGE][PASSED] - Object: 'Object Repository/inventoryPage/cart' is clicked on

2023-05-12 18:09:05 - [TEST_STEP][PASSED] - click(findTestObject("Object Repository/CheckoutPage/button_Checkout")): Object: 'Object Repository/CheckoutPage/button_Checkout' is clicked on

2023-05-12 18:09:06 - [MESSAGE][PASSED] - Object: 'Object Repository/CheckoutPage/button_Checkout' is clicked on

2023-05-12 18:09:06 - [TEST_STEP][PASSED] - sendKeys(findTestObject("Object Repository/checkout-step-one/input_Checkout Your Information_firstName"), "demo"): Keys 'demo' sent to object: 'Object Repository/checkout-step-one/input_Checkout Your Information_firstName'

2023-05-12 18:09:06 - [MESSAGE][PASSED] - Keys 'demo' sent to object: 'Object Repository/checkout-step-one/input_Checkout Your Information_firstName'

2023-05-12 18:09:06 - [TEST_STEP][PASSED] - sendKeys(findTestObject("Object Repository/checkout-step-one/input_Checkout Your Information_lastName"), "qa test"): Keys 'qa test' sent to object: 'Object Repository/checkout-step-one/input_Checkout Your Information_lastName'

2023-05-12 18:09:07 - [MESSAGE][PASSED] - Keys 'qa test' sent to object: 'Object Repository/checkout-step-one/input_Checkout Your Information_lastName'

2023-05-12 18:09:07 - [TEST_STEP][PASSED] - sendKeys(findTestObject("Object Repository/checkout-step-one/input_Checkout Your Information_postalCode"), "9000"): Keys '9000' sent to object: 'Object Repository/checkout-step-one/input_Checkout Your Information_postalCode'

2023-05-12 18:09:08 - [MESSAGE][PASSED] - Keys '9000' sent to object: 'Object Repository/checkout-step-one/input_Checkout Your Information_postalCode'

2023-05-12 18:09:08 - [TEST_STEP][PASSED] - click(findTestObject("Object Repository/checkout-step-one/input_continue")): Object: 'Object Repository/checkout-step-one/input_continue' is clicked on

2023-05-12 18:09:08 - [MESSAGE][PASSED] - Object: 'Object Repository/checkout-step-one/input_continue' is clicked on

2023-05-12 18:09:08 - [TEST_STEP][PASSED] - click(findTestObject("Object Repository/finish checkout/button_Finish")): Object: 'Object Repository/finish checkout/button_Finish' is clicked on

2023-05-12 18:09:09 - [MESSAGE][PASSED] - Object: 'Object Repository/finish checkout/button_Finish' is clicked on

2023-05-12 18:09:09 - [TEST_STEP][PASSED] - verifyElementVisible(findTestObject("Object Repository/order-success/h2_Thank you for your order")): Object 'Object Repository/order-success/h2_Thank you for your order' is visible

2023-05-12 18:09:09 - [MESSAGE][PASSED] - Object 'Object Repository/order-success/h2_Thank you for your order' is visible

2023-05-12 18:09:09 - [TEST_STEP][PASSED] - click(findTestObject("Object Repository/NavSideBar/sidebar")): Object: 'Object Repository/NavSideBar/sidebar' is clicked on

2023-05-12 18:09:10 - [MESSAGE][PASSED] - Object: 'Object Repository/NavSideBar/sidebar' is clicked on

2023-05-12 18:09:10 - [TEST_STEP][PASSED] - click(findTestObject("Object Repository/NavSideBar/a_Logout")): Object: 'Object Repository/NavSideBar/a_Logout' is clicked on

2023-05-12 18:09:10 - [MESSAGE][PASSED] - Object: 'Object Repository/NavSideBar/a_Logout' is clicked on

2023-05-12 18:09:10 - [TEST_STEP][PASSED] - verifyElementVisible(findTestObject("Object Repository/Page_Swag Labs/input_Swag Labs_user-name")): Object 'Object Repository/Page_Swag Labs/input_Swag Labs_user-name' is visible

2023-05-12 18:09:11 - [MESSAGE][PASSED] - Object 'Object Repository/Page_Swag Labs/input_Swag Labs_user-name' is visible

2023-05-12 18:09:11 - [TEST_STEP][PASSED] - closeBrowser(): Browser is closed

2023-05-12 18:09:11 - [MESSAGE][PASSED] - Browser is closed]]></system-out>
         <system-err><![CDATA[]]></system-err>
      </testcase>
      <testcase name="Test Cases/test-flow-1-buy-1-product" time="11.831" classname="Test Cases/test-flow-1-buy-1-product" status="PASSED">
         <system-out><![CDATA[2023-05-12 18:09:11 - [TEST_CASE][PASSED] - Test Cases/test-flow-1-buy-1-product: Test Cases/test-flow-1-buy-1-product

2023-05-12 18:09:11 - [TEST_STEP][PASSED] - openBrowser("https://www.saucedemo.com/"): Browser is opened with url: 'https://www.saucedemo.com/'

2023-05-12 18:09:11 - [MESSAGE][INFO] - Starting 'Chrome' driver

2023-05-12 18:09:11 - [MESSAGE][INFO] - Action delay is set to 0 milliseconds

2023-05-12 18:09:13 - [MESSAGE][PASSED] - Browser is opened with url: 'https://www.saucedemo.com/'

2023-05-12 18:09:13 - [TEST_STEP][PASSED] - click(findTestObject("Object Repository/Page_Swag Labs/input_Swag Labs_user-name")): Object: 'Object Repository/Page_Swag Labs/input_Swag Labs_user-name' is clicked on

2023-05-12 18:09:14 - [MESSAGE][PASSED] - Object: 'Object Repository/Page_Swag Labs/input_Swag Labs_user-name' is clicked on

2023-05-12 18:09:14 - [TEST_STEP][PASSED] - sendKeys(findTestObject("Object Repository/Page_Swag Labs/input_Swag Labs_user-name"), "standard_user"): Keys 'standard_user' sent to object: 'Object Repository/Page_Swag Labs/input_Swag Labs_user-name'

2023-05-12 18:09:14 - [MESSAGE][PASSED] - Keys 'standard_user' sent to object: 'Object Repository/Page_Swag Labs/input_Swag Labs_user-name'

2023-05-12 18:09:14 - [TEST_STEP][PASSED] - click(findTestObject("Object Repository/Page_Swag Labs/input_Swag Labs_password")): Object: 'Object Repository/Page_Swag Labs/input_Swag Labs_password' is clicked on

2023-05-12 18:09:14 - [MESSAGE][PASSED] - Object: 'Object Repository/Page_Swag Labs/input_Swag Labs_password' is clicked on

2023-05-12 18:09:14 - [TEST_STEP][PASSED] - sendKeys(findTestObject("Object Repository/Page_Swag Labs/input_Swag Labs_password"), "secret_sauce"): Keys 'secret_sauce' sent to object: 'Object Repository/Page_Swag Labs/input_Swag Labs_password'

2023-05-12 18:09:15 - [MESSAGE][PASSED] - Keys 'secret_sauce' sent to object: 'Object Repository/Page_Swag Labs/input_Swag Labs_password'

2023-05-12 18:09:15 - [TEST_STEP][PASSED] - click(findTestObject("Object Repository/Page_Swag Labs/input_Swag Labs_login-button")): Object: 'Object Repository/Page_Swag Labs/input_Swag Labs_login-button' is clicked on

2023-05-12 18:09:15 - [MESSAGE][PASSED] - Object: 'Object Repository/Page_Swag Labs/input_Swag Labs_login-button' is clicked on

2023-05-12 18:09:15 - [TEST_STEP][PASSED] - click(findTestObject("Object Repository/inventoryPage/Backpack")): Object: 'Object Repository/inventoryPage/Backpack' is clicked on

2023-05-12 18:09:16 - [MESSAGE][PASSED] - Object: 'Object Repository/inventoryPage/Backpack' is clicked on

2023-05-12 18:09:16 - [TEST_STEP][PASSED] - click(findTestObject("Object Repository/inventoryPage/button_Add to cart")): Object: 'Object Repository/inventoryPage/button_Add to cart' is clicked on

2023-05-12 18:09:16 - [MESSAGE][PASSED] - Object: 'Object Repository/inventoryPage/button_Add to cart' is clicked on

2023-05-12 18:09:16 - [TEST_STEP][PASSED] - click(findTestObject("Object Repository/inventoryPage/products_back-image")): Object: 'Object Repository/inventoryPage/products_back-image' is clicked on

2023-05-12 18:09:17 - [MESSAGE][PASSED] - Object: 'Object Repository/inventoryPage/products_back-image' is clicked on

2023-05-12 18:09:17 - [TEST_STEP][PASSED] - click(findTestObject("Object Repository/inventoryPage/cart")): Object: 'Object Repository/inventoryPage/cart' is clicked on

2023-05-12 18:09:17 - [MESSAGE][PASSED] - Object: 'Object Repository/inventoryPage/cart' is clicked on

2023-05-12 18:09:17 - [TEST_STEP][PASSED] - click(findTestObject("Object Repository/CheckoutPage/button_Checkout")): Object: 'Object Repository/CheckoutPage/button_Checkout' is clicked on

2023-05-12 18:09:18 - [MESSAGE][PASSED] - Object: 'Object Repository/CheckoutPage/button_Checkout' is clicked on

2023-05-12 18:09:18 - [TEST_STEP][PASSED] - sendKeys(findTestObject("Object Repository/checkout-step-one/input_Checkout Your Information_firstName"), "demo"): Keys 'demo' sent to object: 'Object Repository/checkout-step-one/input_Checkout Your Information_firstName'

2023-05-12 18:09:18 - [MESSAGE][PASSED] - Keys 'demo' sent to object: 'Object Repository/checkout-step-one/input_Checkout Your Information_firstName'

2023-05-12 18:09:18 - [TEST_STEP][PASSED] - sendKeys(findTestObject("Object Repository/checkout-step-one/input_Checkout Your Information_lastName"), "qa test"): Keys 'qa test' sent to object: 'Object Repository/checkout-step-one/input_Checkout Your Information_lastName'

2023-05-12 18:09:19 - [MESSAGE][PASSED] - Keys 'qa test' sent to object: 'Object Repository/checkout-step-one/input_Checkout Your Information_lastName'

2023-05-12 18:09:19 - [TEST_STEP][PASSED] - sendKeys(findTestObject("Object Repository/checkout-step-one/input_Checkout Your Information_postalCode"), "9000"): Keys '9000' sent to object: 'Object Repository/checkout-step-one/input_Checkout Your Information_postalCode'

2023-05-12 18:09:20 - [MESSAGE][PASSED] - Keys '9000' sent to object: 'Object Repository/checkout-step-one/input_Checkout Your Information_postalCode'

2023-05-12 18:09:20 - [TEST_STEP][PASSED] - click(findTestObject("Object Repository/checkout-step-one/input_continue")): Object: 'Object Repository/checkout-step-one/input_continue' is clicked on

2023-05-12 18:09:20 - [MESSAGE][PASSED] - Object: 'Object Repository/checkout-step-one/input_continue' is clicked on

2023-05-12 18:09:20 - [TEST_STEP][PASSED] - click(findTestObject("Object Repository/finish checkout/button_Finish")): Object: 'Object Repository/finish checkout/button_Finish' is clicked on

2023-05-12 18:09:21 - [MESSAGE][PASSED] - Object: 'Object Repository/finish checkout/button_Finish' is clicked on

2023-05-12 18:09:21 - [TEST_STEP][PASSED] - verifyElementVisible(findTestObject("Object Repository/order-success/h2_Thank you for your order")): Object 'Object Repository/order-success/h2_Thank you for your order' is visible

2023-05-12 18:09:21 - [MESSAGE][PASSED] - Object 'Object Repository/order-success/h2_Thank you for your order' is visible

2023-05-12 18:09:21 - [TEST_STEP][PASSED] - click(findTestObject("Object Repository/NavSideBar/sidebar")): Object: 'Object Repository/NavSideBar/sidebar' is clicked on

2023-05-12 18:09:22 - [MESSAGE][PASSED] - Object: 'Object Repository/NavSideBar/sidebar' is clicked on

2023-05-12 18:09:22 - [TEST_STEP][PASSED] - click(findTestObject("Object Repository/NavSideBar/a_Logout")): Object: 'Object Repository/NavSideBar/a_Logout' is clicked on

2023-05-12 18:09:22 - [MESSAGE][PASSED] - Object: 'Object Repository/NavSideBar/a_Logout' is clicked on

2023-05-12 18:09:22 - [TEST_STEP][PASSED] - verifyElementVisible(findTestObject("Object Repository/Page_Swag Labs/input_Swag Labs_user-name")): Object 'Object Repository/Page_Swag Labs/input_Swag Labs_user-name' is visible

2023-05-12 18:09:23 - [MESSAGE][PASSED] - Object 'Object Repository/Page_Swag Labs/input_Swag Labs_user-name' is visible

2023-05-12 18:09:23 - [TEST_STEP][PASSED] - closeBrowser(): Browser is closed

2023-05-12 18:09:23 - [MESSAGE][PASSED] - Browser is closed]]></system-out>
         <system-err><![CDATA[]]></system-err>
      </testcase>
      <testcase name="Test Cases/test-flow-1-buy-1-product" time="12.017" classname="Test Cases/test-flow-1-buy-1-product" status="PASSED">
         <system-out><![CDATA[2023-05-12 18:09:23 - [TEST_CASE][PASSED] - Test Cases/test-flow-1-buy-1-product: Test Cases/test-flow-1-buy-1-product

2023-05-12 18:09:23 - [TEST_STEP][PASSED] - openBrowser("https://www.saucedemo.com/"): Browser is opened with url: 'https://www.saucedemo.com/'

2023-05-12 18:09:23 - [MESSAGE][INFO] - Starting 'Chrome' driver

2023-05-12 18:09:23 - [MESSAGE][INFO] - Action delay is set to 0 milliseconds

2023-05-12 18:09:25 - [MESSAGE][PASSED] - Browser is opened with url: 'https://www.saucedemo.com/'

2023-05-12 18:09:25 - [TEST_STEP][PASSED] - click(findTestObject("Object Repository/Page_Swag Labs/input_Swag Labs_user-name")): Object: 'Object Repository/Page_Swag Labs/input_Swag Labs_user-name' is clicked on

2023-05-12 18:09:26 - [MESSAGE][PASSED] - Object: 'Object Repository/Page_Swag Labs/input_Swag Labs_user-name' is clicked on

2023-05-12 18:09:26 - [TEST_STEP][PASSED] - sendKeys(findTestObject("Object Repository/Page_Swag Labs/input_Swag Labs_user-name"), "standard_user"): Keys 'standard_user' sent to object: 'Object Repository/Page_Swag Labs/input_Swag Labs_user-name'

2023-05-12 18:09:26 - [MESSAGE][PASSED] - Keys 'standard_user' sent to object: 'Object Repository/Page_Swag Labs/input_Swag Labs_user-name'

2023-05-12 18:09:26 - [TEST_STEP][PASSED] - click(findTestObject("Object Repository/Page_Swag Labs/input_Swag Labs_password")): Object: 'Object Repository/Page_Swag Labs/input_Swag Labs_password' is clicked on

2023-05-12 18:09:26 - [MESSAGE][PASSED] - Object: 'Object Repository/Page_Swag Labs/input_Swag Labs_password' is clicked on

2023-05-12 18:09:26 - [TEST_STEP][PASSED] - sendKeys(findTestObject("Object Repository/Page_Swag Labs/input_Swag Labs_password"), "secret_sauce"): Keys 'secret_sauce' sent to object: 'Object Repository/Page_Swag Labs/input_Swag Labs_password'

2023-05-12 18:09:27 - [MESSAGE][PASSED] - Keys 'secret_sauce' sent to object: 'Object Repository/Page_Swag Labs/input_Swag Labs_password'

2023-05-12 18:09:27 - [TEST_STEP][PASSED] - click(findTestObject("Object Repository/Page_Swag Labs/input_Swag Labs_login-button")): Object: 'Object Repository/Page_Swag Labs/input_Swag Labs_login-button' is clicked on

2023-05-12 18:09:27 - [MESSAGE][PASSED] - Object: 'Object Repository/Page_Swag Labs/input_Swag Labs_login-button' is clicked on

2023-05-12 18:09:27 - [TEST_STEP][PASSED] - click(findTestObject("Object Repository/inventoryPage/Backpack")): Object: 'Object Repository/inventoryPage/Backpack' is clicked on

2023-05-12 18:09:28 - [MESSAGE][PASSED] - Object: 'Object Repository/inventoryPage/Backpack' is clicked on

2023-05-12 18:09:28 - [TEST_STEP][PASSED] - click(findTestObject("Object Repository/inventoryPage/button_Add to cart")): Object: 'Object Repository/inventoryPage/button_Add to cart' is clicked on

2023-05-12 18:09:28 - [MESSAGE][PASSED] - Object: 'Object Repository/inventoryPage/button_Add to cart' is clicked on

2023-05-12 18:09:28 - [TEST_STEP][PASSED] - click(findTestObject("Object Repository/inventoryPage/products_back-image")): Object: 'Object Repository/inventoryPage/products_back-image' is clicked on

2023-05-12 18:09:29 - [MESSAGE][PASSED] - Object: 'Object Repository/inventoryPage/products_back-image' is clicked on

2023-05-12 18:09:29 - [TEST_STEP][PASSED] - click(findTestObject("Object Repository/inventoryPage/cart")): Object: 'Object Repository/inventoryPage/cart' is clicked on

2023-05-12 18:09:29 - [MESSAGE][PASSED] - Object: 'Object Repository/inventoryPage/cart' is clicked on

2023-05-12 18:09:29 - [TEST_STEP][PASSED] - click(findTestObject("Object Repository/CheckoutPage/button_Checkout")): Object: 'Object Repository/CheckoutPage/button_Checkout' is clicked on

2023-05-12 18:09:30 - [MESSAGE][PASSED] - Object: 'Object Repository/CheckoutPage/button_Checkout' is clicked on

2023-05-12 18:09:30 - [TEST_STEP][PASSED] - sendKeys(findTestObject("Object Repository/checkout-step-one/input_Checkout Your Information_firstName"), "demo"): Keys 'demo' sent to object: 'Object Repository/checkout-step-one/input_Checkout Your Information_firstName'

2023-05-12 18:09:30 - [MESSAGE][PASSED] - Keys 'demo' sent to object: 'Object Repository/checkout-step-one/input_Checkout Your Information_firstName'

2023-05-12 18:09:30 - [TEST_STEP][PASSED] - sendKeys(findTestObject("Object Repository/checkout-step-one/input_Checkout Your Information_lastName"), "qa test"): Keys 'qa test' sent to object: 'Object Repository/checkout-step-one/input_Checkout Your Information_lastName'

2023-05-12 18:09:31 - [MESSAGE][PASSED] - Keys 'qa test' sent to object: 'Object Repository/checkout-step-one/input_Checkout Your Information_lastName'

2023-05-12 18:09:31 - [TEST_STEP][PASSED] - sendKeys(findTestObject("Object Repository/checkout-step-one/input_Checkout Your Information_postalCode"), "9000"): Keys '9000' sent to object: 'Object Repository/checkout-step-one/input_Checkout Your Information_postalCode'

2023-05-12 18:09:31 - [MESSAGE][PASSED] - Keys '9000' sent to object: 'Object Repository/checkout-step-one/input_Checkout Your Information_postalCode'

2023-05-12 18:09:31 - [TEST_STEP][PASSED] - click(findTestObject("Object Repository/checkout-step-one/input_continue")): Object: 'Object Repository/checkout-step-one/input_continue' is clicked on

2023-05-12 18:09:32 - [MESSAGE][PASSED] - Object: 'Object Repository/checkout-step-one/input_continue' is clicked on

2023-05-12 18:09:32 - [TEST_STEP][PASSED] - click(findTestObject("Object Repository/finish checkout/button_Finish")): Object: 'Object Repository/finish checkout/button_Finish' is clicked on

2023-05-12 18:09:33 - [MESSAGE][PASSED] - Object: 'Object Repository/finish checkout/button_Finish' is clicked on

2023-05-12 18:09:33 - [TEST_STEP][PASSED] - verifyElementVisible(findTestObject("Object Repository/order-success/h2_Thank you for your order")): Object 'Object Repository/order-success/h2_Thank you for your order' is visible

2023-05-12 18:09:33 - [MESSAGE][PASSED] - Object 'Object Repository/order-success/h2_Thank you for your order' is visible

2023-05-12 18:09:33 - [TEST_STEP][PASSED] - click(findTestObject("Object Repository/NavSideBar/sidebar")): Object: 'Object Repository/NavSideBar/sidebar' is clicked on

2023-05-12 18:09:33 - [MESSAGE][PASSED] - Object: 'Object Repository/NavSideBar/sidebar' is clicked on

2023-05-12 18:09:33 - [TEST_STEP][PASSED] - click(findTestObject("Object Repository/NavSideBar/a_Logout")): Object: 'Object Repository/NavSideBar/a_Logout' is clicked on

2023-05-12 18:09:34 - [MESSAGE][PASSED] - Object: 'Object Repository/NavSideBar/a_Logout' is clicked on

2023-05-12 18:09:34 - [TEST_STEP][PASSED] - verifyElementVisible(findTestObject("Object Repository/Page_Swag Labs/input_Swag Labs_user-name")): Object 'Object Repository/Page_Swag Labs/input_Swag Labs_user-name' is visible

2023-05-12 18:09:35 - [MESSAGE][PASSED] - Object 'Object Repository/Page_Swag Labs/input_Swag Labs_user-name' is visible

2023-05-12 18:09:35 - [TEST_STEP][PASSED] - closeBrowser(): Browser is closed

2023-05-12 18:09:35 - [MESSAGE][PASSED] - Browser is closed]]></system-out>
         <system-err><![CDATA[]]></system-err>
      </testcase>
      <testcase name="Test Cases/test-flow-1-buy-1-product" time="11.91" classname="Test Cases/test-flow-1-buy-1-product" status="PASSED">
         <system-out><![CDATA[2023-05-12 18:09:35 - [TEST_CASE][PASSED] - Test Cases/test-flow-1-buy-1-product: Test Cases/test-flow-1-buy-1-product

2023-05-12 18:09:35 - [TEST_STEP][PASSED] - openBrowser("https://www.saucedemo.com/"): Browser is opened with url: 'https://www.saucedemo.com/'

2023-05-12 18:09:35 - [MESSAGE][INFO] - Starting 'Chrome' driver

2023-05-12 18:09:35 - [MESSAGE][INFO] - Action delay is set to 0 milliseconds

2023-05-12 18:09:37 - [MESSAGE][PASSED] - Browser is opened with url: 'https://www.saucedemo.com/'

2023-05-12 18:09:37 - [TEST_STEP][PASSED] - click(findTestObject("Object Repository/Page_Swag Labs/input_Swag Labs_user-name")): Object: 'Object Repository/Page_Swag Labs/input_Swag Labs_user-name' is clicked on

2023-05-12 18:09:38 - [MESSAGE][PASSED] - Object: 'Object Repository/Page_Swag Labs/input_Swag Labs_user-name' is clicked on

2023-05-12 18:09:38 - [TEST_STEP][PASSED] - sendKeys(findTestObject("Object Repository/Page_Swag Labs/input_Swag Labs_user-name"), "standard_user"): Keys 'standard_user' sent to object: 'Object Repository/Page_Swag Labs/input_Swag Labs_user-name'

2023-05-12 18:09:38 - [MESSAGE][PASSED] - Keys 'standard_user' sent to object: 'Object Repository/Page_Swag Labs/input_Swag Labs_user-name'

2023-05-12 18:09:38 - [TEST_STEP][PASSED] - click(findTestObject("Object Repository/Page_Swag Labs/input_Swag Labs_password")): Object: 'Object Repository/Page_Swag Labs/input_Swag Labs_password' is clicked on

2023-05-12 18:09:38 - [MESSAGE][PASSED] - Object: 'Object Repository/Page_Swag Labs/input_Swag Labs_password' is clicked on

2023-05-12 18:09:38 - [TEST_STEP][PASSED] - sendKeys(findTestObject("Object Repository/Page_Swag Labs/input_Swag Labs_password"), "secret_sauce"): Keys 'secret_sauce' sent to object: 'Object Repository/Page_Swag Labs/input_Swag Labs_password'

2023-05-12 18:09:39 - [MESSAGE][PASSED] - Keys 'secret_sauce' sent to object: 'Object Repository/Page_Swag Labs/input_Swag Labs_password'

2023-05-12 18:09:39 - [TEST_STEP][PASSED] - click(findTestObject("Object Repository/Page_Swag Labs/input_Swag Labs_login-button")): Object: 'Object Repository/Page_Swag Labs/input_Swag Labs_login-button' is clicked on

2023-05-12 18:09:39 - [MESSAGE][PASSED] - Object: 'Object Repository/Page_Swag Labs/input_Swag Labs_login-button' is clicked on

2023-05-12 18:09:39 - [TEST_STEP][PASSED] - click(findTestObject("Object Repository/inventoryPage/Backpack")): Object: 'Object Repository/inventoryPage/Backpack' is clicked on

2023-05-12 18:09:40 - [MESSAGE][PASSED] - Object: 'Object Repository/inventoryPage/Backpack' is clicked on

2023-05-12 18:09:40 - [TEST_STEP][PASSED] - click(findTestObject("Object Repository/inventoryPage/button_Add to cart")): Object: 'Object Repository/inventoryPage/button_Add to cart' is clicked on

2023-05-12 18:09:40 - [MESSAGE][PASSED] - Object: 'Object Repository/inventoryPage/button_Add to cart' is clicked on

2023-05-12 18:09:40 - [TEST_STEP][PASSED] - click(findTestObject("Object Repository/inventoryPage/products_back-image")): Object: 'Object Repository/inventoryPage/products_back-image' is clicked on

2023-05-12 18:09:41 - [MESSAGE][PASSED] - Object: 'Object Repository/inventoryPage/products_back-image' is clicked on

2023-05-12 18:09:41 - [TEST_STEP][PASSED] - click(findTestObject("Object Repository/inventoryPage/cart")): Object: 'Object Repository/inventoryPage/cart' is clicked on

2023-05-12 18:09:41 - [MESSAGE][PASSED] - Object: 'Object Repository/inventoryPage/cart' is clicked on

2023-05-12 18:09:41 - [TEST_STEP][PASSED] - click(findTestObject("Object Repository/CheckoutPage/button_Checkout")): Object: 'Object Repository/CheckoutPage/button_Checkout' is clicked on

2023-05-12 18:09:42 - [MESSAGE][PASSED] - Object: 'Object Repository/CheckoutPage/button_Checkout' is clicked on

2023-05-12 18:09:42 - [TEST_STEP][PASSED] - sendKeys(findTestObject("Object Repository/checkout-step-one/input_Checkout Your Information_firstName"), "demo"): Keys 'demo' sent to object: 'Object Repository/checkout-step-one/input_Checkout Your Information_firstName'

2023-05-12 18:09:42 - [MESSAGE][PASSED] - Keys 'demo' sent to object: 'Object Repository/checkout-step-one/input_Checkout Your Information_firstName'

2023-05-12 18:09:42 - [TEST_STEP][PASSED] - sendKeys(findTestObject("Object Repository/checkout-step-one/input_Checkout Your Information_lastName"), "qa test"): Keys 'qa test' sent to object: 'Object Repository/checkout-step-one/input_Checkout Your Information_lastName'

2023-05-12 18:09:43 - [MESSAGE][PASSED] - Keys 'qa test' sent to object: 'Object Repository/checkout-step-one/input_Checkout Your Information_lastName'

2023-05-12 18:09:43 - [TEST_STEP][PASSED] - sendKeys(findTestObject("Object Repository/checkout-step-one/input_Checkout Your Information_postalCode"), "9000"): Keys '9000' sent to object: 'Object Repository/checkout-step-one/input_Checkout Your Information_postalCode'

2023-05-12 18:09:43 - [MESSAGE][PASSED] - Keys '9000' sent to object: 'Object Repository/checkout-step-one/input_Checkout Your Information_postalCode'

2023-05-12 18:09:43 - [TEST_STEP][PASSED] - click(findTestObject("Object Repository/checkout-step-one/input_continue")): Object: 'Object Repository/checkout-step-one/input_continue' is clicked on

2023-05-12 18:09:44 - [MESSAGE][PASSED] - Object: 'Object Repository/checkout-step-one/input_continue' is clicked on

2023-05-12 18:09:44 - [TEST_STEP][PASSED] - click(findTestObject("Object Repository/finish checkout/button_Finish")): Object: 'Object Repository/finish checkout/button_Finish' is clicked on

2023-05-12 18:09:45 - [MESSAGE][PASSED] - Object: 'Object Repository/finish checkout/button_Finish' is clicked on

2023-05-12 18:09:45 - [TEST_STEP][PASSED] - verifyElementVisible(findTestObject("Object Repository/order-success/h2_Thank you for your order")): Object 'Object Repository/order-success/h2_Thank you for your order' is visible

2023-05-12 18:09:45 - [MESSAGE][PASSED] - Object 'Object Repository/order-success/h2_Thank you for your order' is visible

2023-05-12 18:09:45 - [TEST_STEP][PASSED] - click(findTestObject("Object Repository/NavSideBar/sidebar")): Object: 'Object Repository/NavSideBar/sidebar' is clicked on

2023-05-12 18:09:45 - [MESSAGE][PASSED] - Object: 'Object Repository/NavSideBar/sidebar' is clicked on

2023-05-12 18:09:45 - [TEST_STEP][PASSED] - click(findTestObject("Object Repository/NavSideBar/a_Logout")): Object: 'Object Repository/NavSideBar/a_Logout' is clicked on

2023-05-12 18:09:46 - [MESSAGE][PASSED] - Object: 'Object Repository/NavSideBar/a_Logout' is clicked on

2023-05-12 18:09:46 - [TEST_STEP][PASSED] - verifyElementVisible(findTestObject("Object Repository/Page_Swag Labs/input_Swag Labs_user-name")): Object 'Object Repository/Page_Swag Labs/input_Swag Labs_user-name' is visible

2023-05-12 18:09:46 - [MESSAGE][PASSED] - Object 'Object Repository/Page_Swag Labs/input_Swag Labs_user-name' is visible

2023-05-12 18:09:46 - [TEST_STEP][PASSED] - closeBrowser(): Browser is closed

2023-05-12 18:09:47 - [MESSAGE][PASSED] - Browser is closed]]></system-out>
         <system-err><![CDATA[]]></system-err>
      </testcase>
      <testcase name="Test Cases/test-flow-1-buy-1-product" time="12.796" classname="Test Cases/test-flow-1-buy-1-product" status="PASSED">
         <system-out><![CDATA[2023-05-12 18:09:47 - [TEST_CASE][PASSED] - Test Cases/test-flow-1-buy-1-product: Test Cases/test-flow-1-buy-1-product

2023-05-12 18:09:47 - [TEST_STEP][PASSED] - openBrowser("https://www.saucedemo.com/"): Browser is opened with url: 'https://www.saucedemo.com/'

2023-05-12 18:09:47 - [MESSAGE][INFO] - Starting 'Chrome' driver

2023-05-12 18:09:47 - [MESSAGE][INFO] - Action delay is set to 0 milliseconds

2023-05-12 18:09:50 - [MESSAGE][PASSED] - Browser is opened with url: 'https://www.saucedemo.com/'

2023-05-12 18:09:50 - [TEST_STEP][PASSED] - click(findTestObject("Object Repository/Page_Swag Labs/input_Swag Labs_user-name")): Object: 'Object Repository/Page_Swag Labs/input_Swag Labs_user-name' is clicked on

2023-05-12 18:09:50 - [MESSAGE][PASSED] - Object: 'Object Repository/Page_Swag Labs/input_Swag Labs_user-name' is clicked on

2023-05-12 18:09:50 - [TEST_STEP][PASSED] - sendKeys(findTestObject("Object Repository/Page_Swag Labs/input_Swag Labs_user-name"), "standard_user"): Keys 'standard_user' sent to object: 'Object Repository/Page_Swag Labs/input_Swag Labs_user-name'

2023-05-12 18:09:51 - [MESSAGE][PASSED] - Keys 'standard_user' sent to object: 'Object Repository/Page_Swag Labs/input_Swag Labs_user-name'

2023-05-12 18:09:51 - [TEST_STEP][PASSED] - click(findTestObject("Object Repository/Page_Swag Labs/input_Swag Labs_password")): Object: 'Object Repository/Page_Swag Labs/input_Swag Labs_password' is clicked on

2023-05-12 18:09:51 - [MESSAGE][PASSED] - Object: 'Object Repository/Page_Swag Labs/input_Swag Labs_password' is clicked on

2023-05-12 18:09:51 - [TEST_STEP][PASSED] - sendKeys(findTestObject("Object Repository/Page_Swag Labs/input_Swag Labs_password"), "secret_sauce"): Keys 'secret_sauce' sent to object: 'Object Repository/Page_Swag Labs/input_Swag Labs_password'

2023-05-12 18:09:51 - [MESSAGE][PASSED] - Keys 'secret_sauce' sent to object: 'Object Repository/Page_Swag Labs/input_Swag Labs_password'

2023-05-12 18:09:51 - [TEST_STEP][PASSED] - click(findTestObject("Object Repository/Page_Swag Labs/input_Swag Labs_login-button")): Object: 'Object Repository/Page_Swag Labs/input_Swag Labs_login-button' is clicked on

2023-05-12 18:09:52 - [MESSAGE][PASSED] - Object: 'Object Repository/Page_Swag Labs/input_Swag Labs_login-button' is clicked on

2023-05-12 18:09:52 - [TEST_STEP][PASSED] - click(findTestObject("Object Repository/inventoryPage/Backpack")): Object: 'Object Repository/inventoryPage/Backpack' is clicked on

2023-05-12 18:09:52 - [MESSAGE][PASSED] - Object: 'Object Repository/inventoryPage/Backpack' is clicked on

2023-05-12 18:09:52 - [TEST_STEP][PASSED] - click(findTestObject("Object Repository/inventoryPage/button_Add to cart")): Object: 'Object Repository/inventoryPage/button_Add to cart' is clicked on

2023-05-12 18:09:53 - [MESSAGE][PASSED] - Object: 'Object Repository/inventoryPage/button_Add to cart' is clicked on

2023-05-12 18:09:53 - [TEST_STEP][PASSED] - click(findTestObject("Object Repository/inventoryPage/products_back-image")): Object: 'Object Repository/inventoryPage/products_back-image' is clicked on

2023-05-12 18:09:53 - [MESSAGE][PASSED] - Object: 'Object Repository/inventoryPage/products_back-image' is clicked on

2023-05-12 18:09:53 - [TEST_STEP][PASSED] - click(findTestObject("Object Repository/inventoryPage/cart")): Object: 'Object Repository/inventoryPage/cart' is clicked on

2023-05-12 18:09:54 - [MESSAGE][PASSED] - Object: 'Object Repository/inventoryPage/cart' is clicked on

2023-05-12 18:09:54 - [TEST_STEP][PASSED] - click(findTestObject("Object Repository/CheckoutPage/button_Checkout")): Object: 'Object Repository/CheckoutPage/button_Checkout' is clicked on

2023-05-12 18:09:54 - [MESSAGE][PASSED] - Object: 'Object Repository/CheckoutPage/button_Checkout' is clicked on

2023-05-12 18:09:54 - [TEST_STEP][PASSED] - sendKeys(findTestObject("Object Repository/checkout-step-one/input_Checkout Your Information_firstName"), "demo"): Keys 'demo' sent to object: 'Object Repository/checkout-step-one/input_Checkout Your Information_firstName'

2023-05-12 18:09:55 - [MESSAGE][PASSED] - Keys 'demo' sent to object: 'Object Repository/checkout-step-one/input_Checkout Your Information_firstName'

2023-05-12 18:09:55 - [TEST_STEP][PASSED] - sendKeys(findTestObject("Object Repository/checkout-step-one/input_Checkout Your Information_lastName"), "qa test"): Keys 'qa test' sent to object: 'Object Repository/checkout-step-one/input_Checkout Your Information_lastName'

2023-05-12 18:09:55 - [MESSAGE][PASSED] - Keys 'qa test' sent to object: 'Object Repository/checkout-step-one/input_Checkout Your Information_lastName'

2023-05-12 18:09:55 - [TEST_STEP][PASSED] - sendKeys(findTestObject("Object Repository/checkout-step-one/input_Checkout Your Information_postalCode"), "9000"): Keys '9000' sent to object: 'Object Repository/checkout-step-one/input_Checkout Your Information_postalCode'

2023-05-12 18:09:56 - [MESSAGE][PASSED] - Keys '9000' sent to object: 'Object Repository/checkout-step-one/input_Checkout Your Information_postalCode'

2023-05-12 18:09:56 - [TEST_STEP][PASSED] - click(findTestObject("Object Repository/checkout-step-one/input_continue")): Object: 'Object Repository/checkout-step-one/input_continue' is clicked on

2023-05-12 18:09:57 - [MESSAGE][PASSED] - Object: 'Object Repository/checkout-step-one/input_continue' is clicked on

2023-05-12 18:09:57 - [TEST_STEP][PASSED] - click(findTestObject("Object Repository/finish checkout/button_Finish")): Object: 'Object Repository/finish checkout/button_Finish' is clicked on

2023-05-12 18:09:57 - [MESSAGE][PASSED] - Object: 'Object Repository/finish checkout/button_Finish' is clicked on

2023-05-12 18:09:57 - [TEST_STEP][PASSED] - verifyElementVisible(findTestObject("Object Repository/order-success/h2_Thank you for your order")): Object 'Object Repository/order-success/h2_Thank you for your order' is visible

2023-05-12 18:09:58 - [MESSAGE][PASSED] - Object 'Object Repository/order-success/h2_Thank you for your order' is visible

2023-05-12 18:09:58 - [TEST_STEP][PASSED] - click(findTestObject("Object Repository/NavSideBar/sidebar")): Object: 'Object Repository/NavSideBar/sidebar' is clicked on

2023-05-12 18:09:58 - [MESSAGE][PASSED] - Object: 'Object Repository/NavSideBar/sidebar' is clicked on

2023-05-12 18:09:58 - [TEST_STEP][PASSED] - click(findTestObject("Object Repository/NavSideBar/a_Logout")): Object: 'Object Repository/NavSideBar/a_Logout' is clicked on

2023-05-12 18:09:59 - [MESSAGE][PASSED] - Object: 'Object Repository/NavSideBar/a_Logout' is clicked on

2023-05-12 18:09:59 - [TEST_STEP][PASSED] - verifyElementVisible(findTestObject("Object Repository/Page_Swag Labs/input_Swag Labs_user-name")): Object 'Object Repository/Page_Swag Labs/input_Swag Labs_user-name' is visible

2023-05-12 18:09:59 - [MESSAGE][PASSED] - Object 'Object Repository/Page_Swag Labs/input_Swag Labs_user-name' is visible

2023-05-12 18:09:59 - [TEST_STEP][PASSED] - closeBrowser(): Browser is closed

2023-05-12 18:10:00 - [MESSAGE][PASSED] - Browser is closed]]></system-out>
         <system-err><![CDATA[]]></system-err>
      </testcase>
      <testcase name="Test Cases/test-flow-1-buy-1-product" time="12.185" classname="Test Cases/test-flow-1-buy-1-product" status="PASSED">
         <system-out><![CDATA[2023-05-12 18:10:00 - [TEST_CASE][PASSED] - Test Cases/test-flow-1-buy-1-product: Test Cases/test-flow-1-buy-1-product

2023-05-12 18:10:00 - [TEST_STEP][PASSED] - openBrowser("https://www.saucedemo.com/"): Browser is opened with url: 'https://www.saucedemo.com/'

2023-05-12 18:10:00 - [MESSAGE][INFO] - Starting 'Chrome' driver

2023-05-12 18:10:00 - [MESSAGE][INFO] - Action delay is set to 0 milliseconds

2023-05-12 18:10:02 - [MESSAGE][PASSED] - Browser is opened with url: 'https://www.saucedemo.com/'

2023-05-12 18:10:02 - [TEST_STEP][PASSED] - click(findTestObject("Object Repository/Page_Swag Labs/input_Swag Labs_user-name")): Object: 'Object Repository/Page_Swag Labs/input_Swag Labs_user-name' is clicked on

2023-05-12 18:10:02 - [MESSAGE][PASSED] - Object: 'Object Repository/Page_Swag Labs/input_Swag Labs_user-name' is clicked on

2023-05-12 18:10:02 - [TEST_STEP][PASSED] - sendKeys(findTestObject("Object Repository/Page_Swag Labs/input_Swag Labs_user-name"), "standard_user"): Keys 'standard_user' sent to object: 'Object Repository/Page_Swag Labs/input_Swag Labs_user-name'

2023-05-12 18:10:03 - [MESSAGE][PASSED] - Keys 'standard_user' sent to object: 'Object Repository/Page_Swag Labs/input_Swag Labs_user-name'

2023-05-12 18:10:03 - [TEST_STEP][PASSED] - click(findTestObject("Object Repository/Page_Swag Labs/input_Swag Labs_password")): Object: 'Object Repository/Page_Swag Labs/input_Swag Labs_password' is clicked on

2023-05-12 18:10:03 - [MESSAGE][PASSED] - Object: 'Object Repository/Page_Swag Labs/input_Swag Labs_password' is clicked on

2023-05-12 18:10:03 - [TEST_STEP][PASSED] - sendKeys(findTestObject("Object Repository/Page_Swag Labs/input_Swag Labs_password"), "secret_sauce"): Keys 'secret_sauce' sent to object: 'Object Repository/Page_Swag Labs/input_Swag Labs_password'

2023-05-12 18:10:03 - [MESSAGE][PASSED] - Keys 'secret_sauce' sent to object: 'Object Repository/Page_Swag Labs/input_Swag Labs_password'

2023-05-12 18:10:03 - [TEST_STEP][PASSED] - click(findTestObject("Object Repository/Page_Swag Labs/input_Swag Labs_login-button")): Object: 'Object Repository/Page_Swag Labs/input_Swag Labs_login-button' is clicked on

2023-05-12 18:10:04 - [MESSAGE][PASSED] - Object: 'Object Repository/Page_Swag Labs/input_Swag Labs_login-button' is clicked on

2023-05-12 18:10:04 - [TEST_STEP][PASSED] - click(findTestObject("Object Repository/inventoryPage/Backpack")): Object: 'Object Repository/inventoryPage/Backpack' is clicked on

2023-05-12 18:10:04 - [MESSAGE][PASSED] - Object: 'Object Repository/inventoryPage/Backpack' is clicked on

2023-05-12 18:10:04 - [TEST_STEP][PASSED] - click(findTestObject("Object Repository/inventoryPage/button_Add to cart")): Object: 'Object Repository/inventoryPage/button_Add to cart' is clicked on

2023-05-12 18:10:05 - [MESSAGE][PASSED] - Object: 'Object Repository/inventoryPage/button_Add to cart' is clicked on

2023-05-12 18:10:05 - [TEST_STEP][PASSED] - click(findTestObject("Object Repository/inventoryPage/products_back-image")): Object: 'Object Repository/inventoryPage/products_back-image' is clicked on

2023-05-12 18:10:05 - [MESSAGE][PASSED] - Object: 'Object Repository/inventoryPage/products_back-image' is clicked on

2023-05-12 18:10:05 - [TEST_STEP][PASSED] - click(findTestObject("Object Repository/inventoryPage/cart")): Object: 'Object Repository/inventoryPage/cart' is clicked on

2023-05-12 18:10:06 - [MESSAGE][PASSED] - Object: 'Object Repository/inventoryPage/cart' is clicked on

2023-05-12 18:10:06 - [TEST_STEP][PASSED] - click(findTestObject("Object Repository/CheckoutPage/button_Checkout")): Object: 'Object Repository/CheckoutPage/button_Checkout' is clicked on

2023-05-12 18:10:07 - [MESSAGE][PASSED] - Object: 'Object Repository/CheckoutPage/button_Checkout' is clicked on

2023-05-12 18:10:07 - [TEST_STEP][PASSED] - sendKeys(findTestObject("Object Repository/checkout-step-one/input_Checkout Your Information_firstName"), "demo"): Keys 'demo' sent to object: 'Object Repository/checkout-step-one/input_Checkout Your Information_firstName'

2023-05-12 18:10:07 - [MESSAGE][PASSED] - Keys 'demo' sent to object: 'Object Repository/checkout-step-one/input_Checkout Your Information_firstName'

2023-05-12 18:10:07 - [TEST_STEP][PASSED] - sendKeys(findTestObject("Object Repository/checkout-step-one/input_Checkout Your Information_lastName"), "qa test"): Keys 'qa test' sent to object: 'Object Repository/checkout-step-one/input_Checkout Your Information_lastName'

2023-05-12 18:10:08 - [MESSAGE][PASSED] - Keys 'qa test' sent to object: 'Object Repository/checkout-step-one/input_Checkout Your Information_lastName'

2023-05-12 18:10:08 - [TEST_STEP][PASSED] - sendKeys(findTestObject("Object Repository/checkout-step-one/input_Checkout Your Information_postalCode"), "9000"): Keys '9000' sent to object: 'Object Repository/checkout-step-one/input_Checkout Your Information_postalCode'

2023-05-12 18:10:08 - [MESSAGE][PASSED] - Keys '9000' sent to object: 'Object Repository/checkout-step-one/input_Checkout Your Information_postalCode'

2023-05-12 18:10:08 - [TEST_STEP][PASSED] - click(findTestObject("Object Repository/checkout-step-one/input_continue")): Object: 'Object Repository/checkout-step-one/input_continue' is clicked on

2023-05-12 18:10:09 - [MESSAGE][PASSED] - Object: 'Object Repository/checkout-step-one/input_continue' is clicked on

2023-05-12 18:10:09 - [TEST_STEP][PASSED] - click(findTestObject("Object Repository/finish checkout/button_Finish")): Object: 'Object Repository/finish checkout/button_Finish' is clicked on

2023-05-12 18:10:09 - [MESSAGE][PASSED] - Object: 'Object Repository/finish checkout/button_Finish' is clicked on

2023-05-12 18:10:09 - [TEST_STEP][PASSED] - verifyElementVisible(findTestObject("Object Repository/order-success/h2_Thank you for your order")): Object 'Object Repository/order-success/h2_Thank you for your order' is visible

2023-05-12 18:10:10 - [MESSAGE][PASSED] - Object 'Object Repository/order-success/h2_Thank you for your order' is visible

2023-05-12 18:10:10 - [TEST_STEP][PASSED] - click(findTestObject("Object Repository/NavSideBar/sidebar")): Object: 'Object Repository/NavSideBar/sidebar' is clicked on

2023-05-12 18:10:10 - [MESSAGE][PASSED] - Object: 'Object Repository/NavSideBar/sidebar' is clicked on

2023-05-12 18:10:10 - [TEST_STEP][PASSED] - click(findTestObject("Object Repository/NavSideBar/a_Logout")): Object: 'Object Repository/NavSideBar/a_Logout' is clicked on

2023-05-12 18:10:11 - [MESSAGE][PASSED] - Object: 'Object Repository/NavSideBar/a_Logout' is clicked on

2023-05-12 18:10:11 - [TEST_STEP][PASSED] - verifyElementVisible(findTestObject("Object Repository/Page_Swag Labs/input_Swag Labs_user-name")): Object 'Object Repository/Page_Swag Labs/input_Swag Labs_user-name' is visible

2023-05-12 18:10:11 - [MESSAGE][PASSED] - Object 'Object Repository/Page_Swag Labs/input_Swag Labs_user-name' is visible

2023-05-12 18:10:11 - [TEST_STEP][PASSED] - closeBrowser(): Browser is closed

2023-05-12 18:10:12 - [MESSAGE][PASSED] - Browser is closed]]></system-out>
         <system-err><![CDATA[]]></system-err>
      </testcase>
      <testcase name="Test Cases/test-flow-1-buy-1-product" time="11.878" classname="Test Cases/test-flow-1-buy-1-product" status="PASSED">
         <system-out><![CDATA[2023-05-12 18:10:12 - [TEST_CASE][PASSED] - Test Cases/test-flow-1-buy-1-product: Test Cases/test-flow-1-buy-1-product

2023-05-12 18:10:12 - [TEST_STEP][PASSED] - openBrowser("https://www.saucedemo.com/"): Browser is opened with url: 'https://www.saucedemo.com/'

2023-05-12 18:10:12 - [MESSAGE][INFO] - Starting 'Chrome' driver

2023-05-12 18:10:12 - [MESSAGE][INFO] - Action delay is set to 0 milliseconds

2023-05-12 18:10:14 - [MESSAGE][PASSED] - Browser is opened with url: 'https://www.saucedemo.com/'

2023-05-12 18:10:14 - [TEST_STEP][PASSED] - click(findTestObject("Object Repository/Page_Swag Labs/input_Swag Labs_user-name")): Object: 'Object Repository/Page_Swag Labs/input_Swag Labs_user-name' is clicked on

2023-05-12 18:10:14 - [MESSAGE][PASSED] - Object: 'Object Repository/Page_Swag Labs/input_Swag Labs_user-name' is clicked on

2023-05-12 18:10:14 - [TEST_STEP][PASSED] - sendKeys(findTestObject("Object Repository/Page_Swag Labs/input_Swag Labs_user-name"), "standard_user"): Keys 'standard_user' sent to object: 'Object Repository/Page_Swag Labs/input_Swag Labs_user-name'

2023-05-12 18:10:15 - [MESSAGE][PASSED] - Keys 'standard_user' sent to object: 'Object Repository/Page_Swag Labs/input_Swag Labs_user-name'

2023-05-12 18:10:15 - [TEST_STEP][PASSED] - click(findTestObject("Object Repository/Page_Swag Labs/input_Swag Labs_password")): Object: 'Object Repository/Page_Swag Labs/input_Swag Labs_password' is clicked on

2023-05-12 18:10:15 - [MESSAGE][PASSED] - Object: 'Object Repository/Page_Swag Labs/input_Swag Labs_password' is clicked on

2023-05-12 18:10:15 - [TEST_STEP][PASSED] - sendKeys(findTestObject("Object Repository/Page_Swag Labs/input_Swag Labs_password"), "secret_sauce"): Keys 'secret_sauce' sent to object: 'Object Repository/Page_Swag Labs/input_Swag Labs_password'

2023-05-12 18:10:15 - [MESSAGE][PASSED] - Keys 'secret_sauce' sent to object: 'Object Repository/Page_Swag Labs/input_Swag Labs_password'

2023-05-12 18:10:15 - [TEST_STEP][PASSED] - click(findTestObject("Object Repository/Page_Swag Labs/input_Swag Labs_login-button")): Object: 'Object Repository/Page_Swag Labs/input_Swag Labs_login-button' is clicked on

2023-05-12 18:10:16 - [MESSAGE][PASSED] - Object: 'Object Repository/Page_Swag Labs/input_Swag Labs_login-button' is clicked on

2023-05-12 18:10:16 - [TEST_STEP][PASSED] - click(findTestObject("Object Repository/inventoryPage/Backpack")): Object: 'Object Repository/inventoryPage/Backpack' is clicked on

2023-05-12 18:10:16 - [MESSAGE][PASSED] - Object: 'Object Repository/inventoryPage/Backpack' is clicked on

2023-05-12 18:10:16 - [TEST_STEP][PASSED] - click(findTestObject("Object Repository/inventoryPage/button_Add to cart")): Object: 'Object Repository/inventoryPage/button_Add to cart' is clicked on

2023-05-12 18:10:17 - [MESSAGE][PASSED] - Object: 'Object Repository/inventoryPage/button_Add to cart' is clicked on

2023-05-12 18:10:17 - [TEST_STEP][PASSED] - click(findTestObject("Object Repository/inventoryPage/products_back-image")): Object: 'Object Repository/inventoryPage/products_back-image' is clicked on

2023-05-12 18:10:17 - [MESSAGE][PASSED] - Object: 'Object Repository/inventoryPage/products_back-image' is clicked on

2023-05-12 18:10:17 - [TEST_STEP][PASSED] - click(findTestObject("Object Repository/inventoryPage/cart")): Object: 'Object Repository/inventoryPage/cart' is clicked on

2023-05-12 18:10:18 - [MESSAGE][PASSED] - Object: 'Object Repository/inventoryPage/cart' is clicked on

2023-05-12 18:10:18 - [TEST_STEP][PASSED] - click(findTestObject("Object Repository/CheckoutPage/button_Checkout")): Object: 'Object Repository/CheckoutPage/button_Checkout' is clicked on

2023-05-12 18:10:18 - [MESSAGE][PASSED] - Object: 'Object Repository/CheckoutPage/button_Checkout' is clicked on

2023-05-12 18:10:18 - [TEST_STEP][PASSED] - sendKeys(findTestObject("Object Repository/checkout-step-one/input_Checkout Your Information_firstName"), "demo"): Keys 'demo' sent to object: 'Object Repository/checkout-step-one/input_Checkout Your Information_firstName'

2023-05-12 18:10:19 - [MESSAGE][PASSED] - Keys 'demo' sent to object: 'Object Repository/checkout-step-one/input_Checkout Your Information_firstName'

2023-05-12 18:10:19 - [TEST_STEP][PASSED] - sendKeys(findTestObject("Object Repository/checkout-step-one/input_Checkout Your Information_lastName"), "qa test"): Keys 'qa test' sent to object: 'Object Repository/checkout-step-one/input_Checkout Your Information_lastName'

2023-05-12 18:10:20 - [MESSAGE][PASSED] - Keys 'qa test' sent to object: 'Object Repository/checkout-step-one/input_Checkout Your Information_lastName'

2023-05-12 18:10:20 - [TEST_STEP][PASSED] - sendKeys(findTestObject("Object Repository/checkout-step-one/input_Checkout Your Information_postalCode"), "9000"): Keys '9000' sent to object: 'Object Repository/checkout-step-one/input_Checkout Your Information_postalCode'

2023-05-12 18:10:20 - [MESSAGE][PASSED] - Keys '9000' sent to object: 'Object Repository/checkout-step-one/input_Checkout Your Information_postalCode'

2023-05-12 18:10:20 - [TEST_STEP][PASSED] - click(findTestObject("Object Repository/checkout-step-one/input_continue")): Object: 'Object Repository/checkout-step-one/input_continue' is clicked on

2023-05-12 18:10:21 - [MESSAGE][PASSED] - Object: 'Object Repository/checkout-step-one/input_continue' is clicked on

2023-05-12 18:10:21 - [TEST_STEP][PASSED] - click(findTestObject("Object Repository/finish checkout/button_Finish")): Object: 'Object Repository/finish checkout/button_Finish' is clicked on

2023-05-12 18:10:21 - [MESSAGE][PASSED] - Object: 'Object Repository/finish checkout/button_Finish' is clicked on

2023-05-12 18:10:21 - [TEST_STEP][PASSED] - verifyElementVisible(findTestObject("Object Repository/order-success/h2_Thank you for your order")): Object 'Object Repository/order-success/h2_Thank you for your order' is visible

2023-05-12 18:10:22 - [MESSAGE][PASSED] - Object 'Object Repository/order-success/h2_Thank you for your order' is visible

2023-05-12 18:10:22 - [TEST_STEP][PASSED] - click(findTestObject("Object Repository/NavSideBar/sidebar")): Object: 'Object Repository/NavSideBar/sidebar' is clicked on

2023-05-12 18:10:22 - [MESSAGE][PASSED] - Object: 'Object Repository/NavSideBar/sidebar' is clicked on

2023-05-12 18:10:22 - [TEST_STEP][PASSED] - click(findTestObject("Object Repository/NavSideBar/a_Logout")): Object: 'Object Repository/NavSideBar/a_Logout' is clicked on

2023-05-12 18:10:23 - [MESSAGE][PASSED] - Object: 'Object Repository/NavSideBar/a_Logout' is clicked on

2023-05-12 18:10:23 - [TEST_STEP][PASSED] - verifyElementVisible(findTestObject("Object Repository/Page_Swag Labs/input_Swag Labs_user-name")): Object 'Object Repository/Page_Swag Labs/input_Swag Labs_user-name' is visible

2023-05-12 18:10:23 - [MESSAGE][PASSED] - Object 'Object Repository/Page_Swag Labs/input_Swag Labs_user-name' is visible

2023-05-12 18:10:23 - [TEST_STEP][PASSED] - closeBrowser(): Browser is closed

2023-05-12 18:10:24 - [MESSAGE][PASSED] - Browser is closed]]></system-out>
         <system-err><![CDATA[]]></system-err>
      </testcase>
      <testcase name="Test Cases/test-flow-1-buy-1-product" time="11.821" classname="Test Cases/test-flow-1-buy-1-product" status="PASSED">
         <system-out><![CDATA[2023-05-12 18:10:24 - [TEST_CASE][PASSED] - Test Cases/test-flow-1-buy-1-product: Test Cases/test-flow-1-buy-1-product

2023-05-12 18:10:24 - [TEST_STEP][PASSED] - openBrowser("https://www.saucedemo.com/"): Browser is opened with url: 'https://www.saucedemo.com/'

2023-05-12 18:10:24 - [MESSAGE][INFO] - Starting 'Chrome' driver

2023-05-12 18:10:24 - [MESSAGE][INFO] - Action delay is set to 0 milliseconds

2023-05-12 18:10:26 - [MESSAGE][PASSED] - Browser is opened with url: 'https://www.saucedemo.com/'

2023-05-12 18:10:26 - [TEST_STEP][PASSED] - click(findTestObject("Object Repository/Page_Swag Labs/input_Swag Labs_user-name")): Object: 'Object Repository/Page_Swag Labs/input_Swag Labs_user-name' is clicked on

2023-05-12 18:10:26 - [MESSAGE][PASSED] - Object: 'Object Repository/Page_Swag Labs/input_Swag Labs_user-name' is clicked on

2023-05-12 18:10:26 - [TEST_STEP][PASSED] - sendKeys(findTestObject("Object Repository/Page_Swag Labs/input_Swag Labs_user-name"), "standard_user"): Keys 'standard_user' sent to object: 'Object Repository/Page_Swag Labs/input_Swag Labs_user-name'

2023-05-12 18:10:27 - [MESSAGE][PASSED] - Keys 'standard_user' sent to object: 'Object Repository/Page_Swag Labs/input_Swag Labs_user-name'

2023-05-12 18:10:27 - [TEST_STEP][PASSED] - click(findTestObject("Object Repository/Page_Swag Labs/input_Swag Labs_password")): Object: 'Object Repository/Page_Swag Labs/input_Swag Labs_password' is clicked on

2023-05-12 18:10:27 - [MESSAGE][PASSED] - Object: 'Object Repository/Page_Swag Labs/input_Swag Labs_password' is clicked on

2023-05-12 18:10:27 - [TEST_STEP][PASSED] - sendKeys(findTestObject("Object Repository/Page_Swag Labs/input_Swag Labs_password"), "secret_sauce"): Keys 'secret_sauce' sent to object: 'Object Repository/Page_Swag Labs/input_Swag Labs_password'

2023-05-12 18:10:27 - [MESSAGE][PASSED] - Keys 'secret_sauce' sent to object: 'Object Repository/Page_Swag Labs/input_Swag Labs_password'

2023-05-12 18:10:27 - [TEST_STEP][PASSED] - click(findTestObject("Object Repository/Page_Swag Labs/input_Swag Labs_login-button")): Object: 'Object Repository/Page_Swag Labs/input_Swag Labs_login-button' is clicked on

2023-05-12 18:10:28 - [MESSAGE][PASSED] - Object: 'Object Repository/Page_Swag Labs/input_Swag Labs_login-button' is clicked on

2023-05-12 18:10:28 - [TEST_STEP][PASSED] - click(findTestObject("Object Repository/inventoryPage/Backpack")): Object: 'Object Repository/inventoryPage/Backpack' is clicked on

2023-05-12 18:10:28 - [MESSAGE][PASSED] - Object: 'Object Repository/inventoryPage/Backpack' is clicked on

2023-05-12 18:10:28 - [TEST_STEP][PASSED] - click(findTestObject("Object Repository/inventoryPage/button_Add to cart")): Object: 'Object Repository/inventoryPage/button_Add to cart' is clicked on

2023-05-12 18:10:29 - [MESSAGE][PASSED] - Object: 'Object Repository/inventoryPage/button_Add to cart' is clicked on

2023-05-12 18:10:29 - [TEST_STEP][PASSED] - click(findTestObject("Object Repository/inventoryPage/products_back-image")): Object: 'Object Repository/inventoryPage/products_back-image' is clicked on

2023-05-12 18:10:29 - [MESSAGE][PASSED] - Object: 'Object Repository/inventoryPage/products_back-image' is clicked on

2023-05-12 18:10:29 - [TEST_STEP][PASSED] - click(findTestObject("Object Repository/inventoryPage/cart")): Object: 'Object Repository/inventoryPage/cart' is clicked on

2023-05-12 18:10:30 - [MESSAGE][PASSED] - Object: 'Object Repository/inventoryPage/cart' is clicked on

2023-05-12 18:10:30 - [TEST_STEP][PASSED] - click(findTestObject("Object Repository/CheckoutPage/button_Checkout")): Object: 'Object Repository/CheckoutPage/button_Checkout' is clicked on

2023-05-12 18:10:30 - [MESSAGE][PASSED] - Object: 'Object Repository/CheckoutPage/button_Checkout' is clicked on

2023-05-12 18:10:30 - [TEST_STEP][PASSED] - sendKeys(findTestObject("Object Repository/checkout-step-one/input_Checkout Your Information_firstName"), "demo"): Keys 'demo' sent to object: 'Object Repository/checkout-step-one/input_Checkout Your Information_firstName'

2023-05-12 18:10:31 - [MESSAGE][PASSED] - Keys 'demo' sent to object: 'Object Repository/checkout-step-one/input_Checkout Your Information_firstName'

2023-05-12 18:10:31 - [TEST_STEP][PASSED] - sendKeys(findTestObject("Object Repository/checkout-step-one/input_Checkout Your Information_lastName"), "qa test"): Keys 'qa test' sent to object: 'Object Repository/checkout-step-one/input_Checkout Your Information_lastName'

2023-05-12 18:10:32 - [MESSAGE][PASSED] - Keys 'qa test' sent to object: 'Object Repository/checkout-step-one/input_Checkout Your Information_lastName'

2023-05-12 18:10:32 - [TEST_STEP][PASSED] - sendKeys(findTestObject("Object Repository/checkout-step-one/input_Checkout Your Information_postalCode"), "9000"): Keys '9000' sent to object: 'Object Repository/checkout-step-one/input_Checkout Your Information_postalCode'

2023-05-12 18:10:32 - [MESSAGE][PASSED] - Keys '9000' sent to object: 'Object Repository/checkout-step-one/input_Checkout Your Information_postalCode'

2023-05-12 18:10:32 - [TEST_STEP][PASSED] - click(findTestObject("Object Repository/checkout-step-one/input_continue")): Object: 'Object Repository/checkout-step-one/input_continue' is clicked on

2023-05-12 18:10:33 - [MESSAGE][PASSED] - Object: 'Object Repository/checkout-step-one/input_continue' is clicked on

2023-05-12 18:10:33 - [TEST_STEP][PASSED] - click(findTestObject("Object Repository/finish checkout/button_Finish")): Object: 'Object Repository/finish checkout/button_Finish' is clicked on

2023-05-12 18:10:33 - [MESSAGE][PASSED] - Object: 'Object Repository/finish checkout/button_Finish' is clicked on

2023-05-12 18:10:33 - [TEST_STEP][PASSED] - verifyElementVisible(findTestObject("Object Repository/order-success/h2_Thank you for your order")): Object 'Object Repository/order-success/h2_Thank you for your order' is visible

2023-05-12 18:10:34 - [MESSAGE][PASSED] - Object 'Object Repository/order-success/h2_Thank you for your order' is visible

2023-05-12 18:10:34 - [TEST_STEP][PASSED] - click(findTestObject("Object Repository/NavSideBar/sidebar")): Object: 'Object Repository/NavSideBar/sidebar' is clicked on

2023-05-12 18:10:34 - [MESSAGE][PASSED] - Object: 'Object Repository/NavSideBar/sidebar' is clicked on

2023-05-12 18:10:34 - [TEST_STEP][PASSED] - click(findTestObject("Object Repository/NavSideBar/a_Logout")): Object: 'Object Repository/NavSideBar/a_Logout' is clicked on

2023-05-12 18:10:35 - [MESSAGE][PASSED] - Object: 'Object Repository/NavSideBar/a_Logout' is clicked on

2023-05-12 18:10:35 - [TEST_STEP][PASSED] - verifyElementVisible(findTestObject("Object Repository/Page_Swag Labs/input_Swag Labs_user-name")): Object 'Object Repository/Page_Swag Labs/input_Swag Labs_user-name' is visible

2023-05-12 18:10:35 - [MESSAGE][PASSED] - Object 'Object Repository/Page_Swag Labs/input_Swag Labs_user-name' is visible

2023-05-12 18:10:35 - [TEST_STEP][PASSED] - closeBrowser(): Browser is closed

2023-05-12 18:10:36 - [MESSAGE][PASSED] - Browser is closed]]></system-out>
         <system-err><![CDATA[]]></system-err>
      </testcase>
      <system-out><![CDATA[2023-05-12 18:06:35 - [TEST_SUITE][PASSED] - simple case: Test Cases/test-flow-1-buy-1-product]]></system-out>
      <system-err><![CDATA[]]></system-err>
   </testsuite>
   <testsuite name="simple case" tests="20" failures="0" errors="0" time="239.613" skipped="0" timestamp="2023-05-12 18:10:39" hostname="minh.nguyen - 5YHW2D3" id="Test Suites/simple case">
      <properties>
         <property name="deviceName" value=""/>
         <property name="devicePlatform" value=""/>
         <property name="logFolder" value="C:\\Users\\minh.nguyen\\Desktop\\GitRepo\\tri-nhan-repo\\Reports\\20230512_171239\\simple case\\20230512_171308"/>
         <property name="logFiles" value="C:\\Users\\minh.nguyen\\Desktop\\GitRepo\\tri-nhan-repo\\Reports\\20230512_171239\\simple case\\20230512_171308\\execution0.log"/>
         <property name="attachments" value=""/>
         <property name="hostName" value="minh.nguyen - 5YHW2D3"/>
         <property name="os" value="Windows 10 64bit"/>
         <property name="katalonVersion" value="8.5.5.208"/>
         <property name="browser" value="Chrome 112.0.0.0"/>
         <property name="hostAddress" value="192.168.1.86"/>
         <property name="sessionId" value="0e2dcde4853ae13f62684c4964d51bc7"/>
         <property name="seleniumVersion" value="3.141.59"/>
         <property name="proxyInformation" value="ProxyInformation { proxyOption=NO_PROXY, proxyServerType=HTTP, username=, password=********, proxyServerAddress=, proxyServerPort=0, executionList=&quot;&quot;, isApplyToDesiredCapabilities=true }"/>
         <property name="platform" value="Windows 10"/>
      </properties>
      <testcase name="Test Cases/test-flow-1-buy-1-product" time="13.157" classname="Test Cases/test-flow-1-buy-1-product" status="PASSED">
         <system-out><![CDATA[2023-05-12 18:10:39 - [TEST_CASE][PASSED] - Test Cases/test-flow-1-buy-1-product: Test Cases/test-flow-1-buy-1-product

2023-05-12 18:10:39 - [TEST_STEP][PASSED] - openBrowser("https://www.saucedemo.com/"): Browser is opened with url: 'https://www.saucedemo.com/'

2023-05-12 18:10:40 - [MESSAGE][INFO] - Starting 'Chrome' driver

2023-05-12 18:10:40 - [MESSAGE][INFO] - Action delay is set to 0 milliseconds

2023-05-12 18:10:42 - [MESSAGE][PASSED] - Browser is opened with url: 'https://www.saucedemo.com/'

2023-05-12 18:10:42 - [TEST_STEP][PASSED] - click(findTestObject("Object Repository/Page_Swag Labs/input_Swag Labs_user-name")): Object: 'Object Repository/Page_Swag Labs/input_Swag Labs_user-name' is clicked on

2023-05-12 18:10:43 - [MESSAGE][PASSED] - Object: 'Object Repository/Page_Swag Labs/input_Swag Labs_user-name' is clicked on

2023-05-12 18:10:43 - [TEST_STEP][PASSED] - sendKeys(findTestObject("Object Repository/Page_Swag Labs/input_Swag Labs_user-name"), "standard_user"): Keys 'standard_user' sent to object: 'Object Repository/Page_Swag Labs/input_Swag Labs_user-name'

2023-05-12 18:10:43 - [MESSAGE][PASSED] - Keys 'standard_user' sent to object: 'Object Repository/Page_Swag Labs/input_Swag Labs_user-name'

2023-05-12 18:10:43 - [TEST_STEP][PASSED] - click(findTestObject("Object Repository/Page_Swag Labs/input_Swag Labs_password")): Object: 'Object Repository/Page_Swag Labs/input_Swag Labs_password' is clicked on

2023-05-12 18:10:44 - [MESSAGE][PASSED] - Object: 'Object Repository/Page_Swag Labs/input_Swag Labs_password' is clicked on

2023-05-12 18:10:44 - [TEST_STEP][PASSED] - sendKeys(findTestObject("Object Repository/Page_Swag Labs/input_Swag Labs_password"), "secret_sauce"): Keys 'secret_sauce' sent to object: 'Object Repository/Page_Swag Labs/input_Swag Labs_password'

2023-05-12 18:10:44 - [MESSAGE][PASSED] - Keys 'secret_sauce' sent to object: 'Object Repository/Page_Swag Labs/input_Swag Labs_password'

2023-05-12 18:10:44 - [TEST_STEP][PASSED] - click(findTestObject("Object Repository/Page_Swag Labs/input_Swag Labs_login-button")): Object: 'Object Repository/Page_Swag Labs/input_Swag Labs_login-button' is clicked on

2023-05-12 18:10:44 - [MESSAGE][PASSED] - Object: 'Object Repository/Page_Swag Labs/input_Swag Labs_login-button' is clicked on

2023-05-12 18:10:44 - [TEST_STEP][PASSED] - click(findTestObject("Object Repository/inventoryPage/Backpack")): Object: 'Object Repository/inventoryPage/Backpack' is clicked on

2023-05-12 18:10:45 - [MESSAGE][PASSED] - Object: 'Object Repository/inventoryPage/Backpack' is clicked on

2023-05-12 18:10:45 - [TEST_STEP][PASSED] - click(findTestObject("Object Repository/inventoryPage/button_Add to cart")): Object: 'Object Repository/inventoryPage/button_Add to cart' is clicked on

2023-05-12 18:10:45 - [MESSAGE][PASSED] - Object: 'Object Repository/inventoryPage/button_Add to cart' is clicked on

2023-05-12 18:10:45 - [TEST_STEP][PASSED] - click(findTestObject("Object Repository/inventoryPage/products_back-image")): Object: 'Object Repository/inventoryPage/products_back-image' is clicked on

2023-05-12 18:10:46 - [MESSAGE][PASSED] - Object: 'Object Repository/inventoryPage/products_back-image' is clicked on

2023-05-12 18:10:46 - [TEST_STEP][PASSED] - click(findTestObject("Object Repository/inventoryPage/cart")): Object: 'Object Repository/inventoryPage/cart' is clicked on

2023-05-12 18:10:46 - [MESSAGE][PASSED] - Object: 'Object Repository/inventoryPage/cart' is clicked on

2023-05-12 18:10:46 - [TEST_STEP][PASSED] - click(findTestObject("Object Repository/CheckoutPage/button_Checkout")): Object: 'Object Repository/CheckoutPage/button_Checkout' is clicked on

2023-05-12 18:10:47 - [MESSAGE][PASSED] - Object: 'Object Repository/CheckoutPage/button_Checkout' is clicked on

2023-05-12 18:10:47 - [TEST_STEP][PASSED] - sendKeys(findTestObject("Object Repository/checkout-step-one/input_Checkout Your Information_firstName"), "demo"): Keys 'demo' sent to object: 'Object Repository/checkout-step-one/input_Checkout Your Information_firstName'

2023-05-12 18:10:47 - [MESSAGE][PASSED] - Keys 'demo' sent to object: 'Object Repository/checkout-step-one/input_Checkout Your Information_firstName'

2023-05-12 18:10:47 - [TEST_STEP][PASSED] - sendKeys(findTestObject("Object Repository/checkout-step-one/input_Checkout Your Information_lastName"), "qa test"): Keys 'qa test' sent to object: 'Object Repository/checkout-step-one/input_Checkout Your Information_lastName'

2023-05-12 18:10:48 - [MESSAGE][PASSED] - Keys 'qa test' sent to object: 'Object Repository/checkout-step-one/input_Checkout Your Information_lastName'

2023-05-12 18:10:48 - [TEST_STEP][PASSED] - sendKeys(findTestObject("Object Repository/checkout-step-one/input_Checkout Your Information_postalCode"), "9000"): Keys '9000' sent to object: 'Object Repository/checkout-step-one/input_Checkout Your Information_postalCode'

2023-05-12 18:10:49 - [MESSAGE][PASSED] - Keys '9000' sent to object: 'Object Repository/checkout-step-one/input_Checkout Your Information_postalCode'

2023-05-12 18:10:49 - [TEST_STEP][PASSED] - click(findTestObject("Object Repository/checkout-step-one/input_continue")): Object: 'Object Repository/checkout-step-one/input_continue' is clicked on

2023-05-12 18:10:49 - [MESSAGE][PASSED] - Object: 'Object Repository/checkout-step-one/input_continue' is clicked on

2023-05-12 18:10:49 - [TEST_STEP][PASSED] - click(findTestObject("Object Repository/finish checkout/button_Finish")): Object: 'Object Repository/finish checkout/button_Finish' is clicked on

2023-05-12 18:10:50 - [MESSAGE][PASSED] - Object: 'Object Repository/finish checkout/button_Finish' is clicked on

2023-05-12 18:10:50 - [TEST_STEP][PASSED] - verifyElementVisible(findTestObject("Object Repository/order-success/h2_Thank you for your order")): Object 'Object Repository/order-success/h2_Thank you for your order' is visible

2023-05-12 18:10:50 - [MESSAGE][PASSED] - Object 'Object Repository/order-success/h2_Thank you for your order' is visible

2023-05-12 18:10:50 - [TEST_STEP][PASSED] - click(findTestObject("Object Repository/NavSideBar/sidebar")): Object: 'Object Repository/NavSideBar/sidebar' is clicked on

2023-05-12 18:10:51 - [MESSAGE][PASSED] - Object: 'Object Repository/NavSideBar/sidebar' is clicked on

2023-05-12 18:10:51 - [TEST_STEP][PASSED] - click(findTestObject("Object Repository/NavSideBar/a_Logout")): Object: 'Object Repository/NavSideBar/a_Logout' is clicked on

2023-05-12 18:10:51 - [MESSAGE][PASSED] - Object: 'Object Repository/NavSideBar/a_Logout' is clicked on

2023-05-12 18:10:51 - [TEST_STEP][PASSED] - verifyElementVisible(findTestObject("Object Repository/Page_Swag Labs/input_Swag Labs_user-name")): Object 'Object Repository/Page_Swag Labs/input_Swag Labs_user-name' is visible

2023-05-12 18:10:52 - [MESSAGE][PASSED] - Object 'Object Repository/Page_Swag Labs/input_Swag Labs_user-name' is visible

2023-05-12 18:10:52 - [TEST_STEP][PASSED] - closeBrowser(): Browser is closed

2023-05-12 18:10:52 - [MESSAGE][PASSED] - Browser is closed]]></system-out>
         <system-err><![CDATA[]]></system-err>
      </testcase>
      <testcase name="Test Cases/test-flow-1-buy-1-product" time="11.616" classname="Test Cases/test-flow-1-buy-1-product" status="PASSED">
         <system-out><![CDATA[2023-05-12 18:10:52 - [TEST_CASE][PASSED] - Test Cases/test-flow-1-buy-1-product: Test Cases/test-flow-1-buy-1-product

2023-05-12 18:10:52 - [TEST_STEP][PASSED] - openBrowser("https://www.saucedemo.com/"): Browser is opened with url: 'https://www.saucedemo.com/'

2023-05-12 18:10:52 - [MESSAGE][INFO] - Starting 'Chrome' driver

2023-05-12 18:10:52 - [MESSAGE][INFO] - Action delay is set to 0 milliseconds

2023-05-12 18:10:54 - [MESSAGE][PASSED] - Browser is opened with url: 'https://www.saucedemo.com/'

2023-05-12 18:10:54 - [TEST_STEP][PASSED] - click(findTestObject("Object Repository/Page_Swag Labs/input_Swag Labs_user-name")): Object: 'Object Repository/Page_Swag Labs/input_Swag Labs_user-name' is clicked on

2023-05-12 18:10:55 - [MESSAGE][PASSED] - Object: 'Object Repository/Page_Swag Labs/input_Swag Labs_user-name' is clicked on

2023-05-12 18:10:55 - [TEST_STEP][PASSED] - sendKeys(findTestObject("Object Repository/Page_Swag Labs/input_Swag Labs_user-name"), "standard_user"): Keys 'standard_user' sent to object: 'Object Repository/Page_Swag Labs/input_Swag Labs_user-name'

2023-05-12 18:10:55 - [MESSAGE][PASSED] - Keys 'standard_user' sent to object: 'Object Repository/Page_Swag Labs/input_Swag Labs_user-name'

2023-05-12 18:10:55 - [TEST_STEP][PASSED] - click(findTestObject("Object Repository/Page_Swag Labs/input_Swag Labs_password")): Object: 'Object Repository/Page_Swag Labs/input_Swag Labs_password' is clicked on

2023-05-12 18:10:55 - [MESSAGE][PASSED] - Object: 'Object Repository/Page_Swag Labs/input_Swag Labs_password' is clicked on

2023-05-12 18:10:55 - [TEST_STEP][PASSED] - sendKeys(findTestObject("Object Repository/Page_Swag Labs/input_Swag Labs_password"), "secret_sauce"): Keys 'secret_sauce' sent to object: 'Object Repository/Page_Swag Labs/input_Swag Labs_password'

2023-05-12 18:10:56 - [MESSAGE][PASSED] - Keys 'secret_sauce' sent to object: 'Object Repository/Page_Swag Labs/input_Swag Labs_password'

2023-05-12 18:10:56 - [TEST_STEP][PASSED] - click(findTestObject("Object Repository/Page_Swag Labs/input_Swag Labs_login-button")): Object: 'Object Repository/Page_Swag Labs/input_Swag Labs_login-button' is clicked on

2023-05-12 18:10:56 - [MESSAGE][PASSED] - Object: 'Object Repository/Page_Swag Labs/input_Swag Labs_login-button' is clicked on

2023-05-12 18:10:56 - [TEST_STEP][PASSED] - click(findTestObject("Object Repository/inventoryPage/Backpack")): Object: 'Object Repository/inventoryPage/Backpack' is clicked on

2023-05-12 18:10:57 - [MESSAGE][PASSED] - Object: 'Object Repository/inventoryPage/Backpack' is clicked on

2023-05-12 18:10:57 - [TEST_STEP][PASSED] - click(findTestObject("Object Repository/inventoryPage/button_Add to cart")): Object: 'Object Repository/inventoryPage/button_Add to cart' is clicked on

2023-05-12 18:10:57 - [MESSAGE][PASSED] - Object: 'Object Repository/inventoryPage/button_Add to cart' is clicked on

2023-05-12 18:10:57 - [TEST_STEP][PASSED] - click(findTestObject("Object Repository/inventoryPage/products_back-image")): Object: 'Object Repository/inventoryPage/products_back-image' is clicked on

2023-05-12 18:10:58 - [MESSAGE][PASSED] - Object: 'Object Repository/inventoryPage/products_back-image' is clicked on

2023-05-12 18:10:58 - [TEST_STEP][PASSED] - click(findTestObject("Object Repository/inventoryPage/cart")): Object: 'Object Repository/inventoryPage/cart' is clicked on

2023-05-12 18:10:58 - [MESSAGE][PASSED] - Object: 'Object Repository/inventoryPage/cart' is clicked on

2023-05-12 18:10:58 - [TEST_STEP][PASSED] - click(findTestObject("Object Repository/CheckoutPage/button_Checkout")): Object: 'Object Repository/CheckoutPage/button_Checkout' is clicked on

2023-05-12 18:10:59 - [MESSAGE][PASSED] - Object: 'Object Repository/CheckoutPage/button_Checkout' is clicked on

2023-05-12 18:10:59 - [TEST_STEP][PASSED] - sendKeys(findTestObject("Object Repository/checkout-step-one/input_Checkout Your Information_firstName"), "demo"): Keys 'demo' sent to object: 'Object Repository/checkout-step-one/input_Checkout Your Information_firstName'

2023-05-12 18:10:59 - [MESSAGE][PASSED] - Keys 'demo' sent to object: 'Object Repository/checkout-step-one/input_Checkout Your Information_firstName'

2023-05-12 18:10:59 - [TEST_STEP][PASSED] - sendKeys(findTestObject("Object Repository/checkout-step-one/input_Checkout Your Information_lastName"), "qa test"): Keys 'qa test' sent to object: 'Object Repository/checkout-step-one/input_Checkout Your Information_lastName'

2023-05-12 18:11:00 - [MESSAGE][PASSED] - Keys 'qa test' sent to object: 'Object Repository/checkout-step-one/input_Checkout Your Information_lastName'

2023-05-12 18:11:00 - [TEST_STEP][PASSED] - sendKeys(findTestObject("Object Repository/checkout-step-one/input_Checkout Your Information_postalCode"), "9000"): Keys '9000' sent to object: 'Object Repository/checkout-step-one/input_Checkout Your Information_postalCode'

2023-05-12 18:11:00 - [MESSAGE][PASSED] - Keys '9000' sent to object: 'Object Repository/checkout-step-one/input_Checkout Your Information_postalCode'

2023-05-12 18:11:00 - [TEST_STEP][PASSED] - click(findTestObject("Object Repository/checkout-step-one/input_continue")): Object: 'Object Repository/checkout-step-one/input_continue' is clicked on

2023-05-12 18:11:01 - [MESSAGE][PASSED] - Object: 'Object Repository/checkout-step-one/input_continue' is clicked on

2023-05-12 18:11:01 - [TEST_STEP][PASSED] - click(findTestObject("Object Repository/finish checkout/button_Finish")): Object: 'Object Repository/finish checkout/button_Finish' is clicked on

2023-05-12 18:11:01 - [MESSAGE][PASSED] - Object: 'Object Repository/finish checkout/button_Finish' is clicked on

2023-05-12 18:11:01 - [TEST_STEP][PASSED] - verifyElementVisible(findTestObject("Object Repository/order-success/h2_Thank you for your order")): Object 'Object Repository/order-success/h2_Thank you for your order' is visible

2023-05-12 18:11:02 - [MESSAGE][PASSED] - Object 'Object Repository/order-success/h2_Thank you for your order' is visible

2023-05-12 18:11:02 - [TEST_STEP][PASSED] - click(findTestObject("Object Repository/NavSideBar/sidebar")): Object: 'Object Repository/NavSideBar/sidebar' is clicked on

2023-05-12 18:11:02 - [MESSAGE][PASSED] - Object: 'Object Repository/NavSideBar/sidebar' is clicked on

2023-05-12 18:11:02 - [TEST_STEP][PASSED] - click(findTestObject("Object Repository/NavSideBar/a_Logout")): Object: 'Object Repository/NavSideBar/a_Logout' is clicked on

2023-05-12 18:11:03 - [MESSAGE][PASSED] - Object: 'Object Repository/NavSideBar/a_Logout' is clicked on

2023-05-12 18:11:03 - [TEST_STEP][PASSED] - verifyElementVisible(findTestObject("Object Repository/Page_Swag Labs/input_Swag Labs_user-name")): Object 'Object Repository/Page_Swag Labs/input_Swag Labs_user-name' is visible

2023-05-12 18:11:03 - [MESSAGE][PASSED] - Object 'Object Repository/Page_Swag Labs/input_Swag Labs_user-name' is visible

2023-05-12 18:11:03 - [TEST_STEP][PASSED] - closeBrowser(): Browser is closed

2023-05-12 18:11:04 - [MESSAGE][PASSED] - Browser is closed]]></system-out>
         <system-err><![CDATA[]]></system-err>
      </testcase>
      <testcase name="Test Cases/test-flow-1-buy-1-product" time="11.401" classname="Test Cases/test-flow-1-buy-1-product" status="PASSED">
         <system-out><![CDATA[2023-05-12 18:11:04 - [TEST_CASE][PASSED] - Test Cases/test-flow-1-buy-1-product: Test Cases/test-flow-1-buy-1-product

2023-05-12 18:11:04 - [TEST_STEP][PASSED] - openBrowser("https://www.saucedemo.com/"): Browser is opened with url: 'https://www.saucedemo.com/'

2023-05-12 18:11:04 - [MESSAGE][INFO] - Starting 'Chrome' driver

2023-05-12 18:11:04 - [MESSAGE][INFO] - Action delay is set to 0 milliseconds

2023-05-12 18:11:06 - [MESSAGE][PASSED] - Browser is opened with url: 'https://www.saucedemo.com/'

2023-05-12 18:11:06 - [TEST_STEP][PASSED] - click(findTestObject("Object Repository/Page_Swag Labs/input_Swag Labs_user-name")): Object: 'Object Repository/Page_Swag Labs/input_Swag Labs_user-name' is clicked on

2023-05-12 18:11:06 - [MESSAGE][PASSED] - Object: 'Object Repository/Page_Swag Labs/input_Swag Labs_user-name' is clicked on

2023-05-12 18:11:06 - [TEST_STEP][PASSED] - sendKeys(findTestObject("Object Repository/Page_Swag Labs/input_Swag Labs_user-name"), "standard_user"): Keys 'standard_user' sent to object: 'Object Repository/Page_Swag Labs/input_Swag Labs_user-name'

2023-05-12 18:11:07 - [MESSAGE][PASSED] - Keys 'standard_user' sent to object: 'Object Repository/Page_Swag Labs/input_Swag Labs_user-name'

2023-05-12 18:11:07 - [TEST_STEP][PASSED] - click(findTestObject("Object Repository/Page_Swag Labs/input_Swag Labs_password")): Object: 'Object Repository/Page_Swag Labs/input_Swag Labs_password' is clicked on

2023-05-12 18:11:07 - [MESSAGE][PASSED] - Object: 'Object Repository/Page_Swag Labs/input_Swag Labs_password' is clicked on

2023-05-12 18:11:07 - [TEST_STEP][PASSED] - sendKeys(findTestObject("Object Repository/Page_Swag Labs/input_Swag Labs_password"), "secret_sauce"): Keys 'secret_sauce' sent to object: 'Object Repository/Page_Swag Labs/input_Swag Labs_password'

2023-05-12 18:11:07 - [MESSAGE][PASSED] - Keys 'secret_sauce' sent to object: 'Object Repository/Page_Swag Labs/input_Swag Labs_password'

2023-05-12 18:11:07 - [TEST_STEP][PASSED] - click(findTestObject("Object Repository/Page_Swag Labs/input_Swag Labs_login-button")): Object: 'Object Repository/Page_Swag Labs/input_Swag Labs_login-button' is clicked on

2023-05-12 18:11:08 - [MESSAGE][PASSED] - Object: 'Object Repository/Page_Swag Labs/input_Swag Labs_login-button' is clicked on

2023-05-12 18:11:08 - [TEST_STEP][PASSED] - click(findTestObject("Object Repository/inventoryPage/Backpack")): Object: 'Object Repository/inventoryPage/Backpack' is clicked on

2023-05-12 18:11:08 - [MESSAGE][PASSED] - Object: 'Object Repository/inventoryPage/Backpack' is clicked on

2023-05-12 18:11:08 - [TEST_STEP][PASSED] - click(findTestObject("Object Repository/inventoryPage/button_Add to cart")): Object: 'Object Repository/inventoryPage/button_Add to cart' is clicked on

2023-05-12 18:11:09 - [MESSAGE][PASSED] - Object: 'Object Repository/inventoryPage/button_Add to cart' is clicked on

2023-05-12 18:11:09 - [TEST_STEP][PASSED] - click(findTestObject("Object Repository/inventoryPage/products_back-image")): Object: 'Object Repository/inventoryPage/products_back-image' is clicked on

2023-05-12 18:11:09 - [MESSAGE][PASSED] - Object: 'Object Repository/inventoryPage/products_back-image' is clicked on

2023-05-12 18:11:09 - [TEST_STEP][PASSED] - click(findTestObject("Object Repository/inventoryPage/cart")): Object: 'Object Repository/inventoryPage/cart' is clicked on

2023-05-12 18:11:10 - [MESSAGE][PASSED] - Object: 'Object Repository/inventoryPage/cart' is clicked on

2023-05-12 18:11:10 - [TEST_STEP][PASSED] - click(findTestObject("Object Repository/CheckoutPage/button_Checkout")): Object: 'Object Repository/CheckoutPage/button_Checkout' is clicked on

2023-05-12 18:11:10 - [MESSAGE][PASSED] - Object: 'Object Repository/CheckoutPage/button_Checkout' is clicked on

2023-05-12 18:11:10 - [TEST_STEP][PASSED] - sendKeys(findTestObject("Object Repository/checkout-step-one/input_Checkout Your Information_firstName"), "demo"): Keys 'demo' sent to object: 'Object Repository/checkout-step-one/input_Checkout Your Information_firstName'

2023-05-12 18:11:11 - [MESSAGE][PASSED] - Keys 'demo' sent to object: 'Object Repository/checkout-step-one/input_Checkout Your Information_firstName'

2023-05-12 18:11:11 - [TEST_STEP][PASSED] - sendKeys(findTestObject("Object Repository/checkout-step-one/input_Checkout Your Information_lastName"), "qa test"): Keys 'qa test' sent to object: 'Object Repository/checkout-step-one/input_Checkout Your Information_lastName'

2023-05-12 18:11:11 - [MESSAGE][PASSED] - Keys 'qa test' sent to object: 'Object Repository/checkout-step-one/input_Checkout Your Information_lastName'

2023-05-12 18:11:11 - [TEST_STEP][PASSED] - sendKeys(findTestObject("Object Repository/checkout-step-one/input_Checkout Your Information_postalCode"), "9000"): Keys '9000' sent to object: 'Object Repository/checkout-step-one/input_Checkout Your Information_postalCode'

2023-05-12 18:11:12 - [MESSAGE][PASSED] - Keys '9000' sent to object: 'Object Repository/checkout-step-one/input_Checkout Your Information_postalCode'

2023-05-12 18:11:12 - [TEST_STEP][PASSED] - click(findTestObject("Object Repository/checkout-step-one/input_continue")): Object: 'Object Repository/checkout-step-one/input_continue' is clicked on

2023-05-12 18:11:12 - [MESSAGE][PASSED] - Object: 'Object Repository/checkout-step-one/input_continue' is clicked on

2023-05-12 18:11:12 - [TEST_STEP][PASSED] - click(findTestObject("Object Repository/finish checkout/button_Finish")): Object: 'Object Repository/finish checkout/button_Finish' is clicked on

2023-05-12 18:11:13 - [MESSAGE][PASSED] - Object: 'Object Repository/finish checkout/button_Finish' is clicked on

2023-05-12 18:11:13 - [TEST_STEP][PASSED] - verifyElementVisible(findTestObject("Object Repository/order-success/h2_Thank you for your order")): Object 'Object Repository/order-success/h2_Thank you for your order' is visible

2023-05-12 18:11:13 - [MESSAGE][PASSED] - Object 'Object Repository/order-success/h2_Thank you for your order' is visible

2023-05-12 18:11:13 - [TEST_STEP][PASSED] - click(findTestObject("Object Repository/NavSideBar/sidebar")): Object: 'Object Repository/NavSideBar/sidebar' is clicked on

2023-05-12 18:11:14 - [MESSAGE][PASSED] - Object: 'Object Repository/NavSideBar/sidebar' is clicked on

2023-05-12 18:11:14 - [TEST_STEP][PASSED] - click(findTestObject("Object Repository/NavSideBar/a_Logout")): Object: 'Object Repository/NavSideBar/a_Logout' is clicked on

2023-05-12 18:11:14 - [MESSAGE][PASSED] - Object: 'Object Repository/NavSideBar/a_Logout' is clicked on

2023-05-12 18:11:14 - [TEST_STEP][PASSED] - verifyElementVisible(findTestObject("Object Repository/Page_Swag Labs/input_Swag Labs_user-name")): Object 'Object Repository/Page_Swag Labs/input_Swag Labs_user-name' is visible

2023-05-12 18:11:15 - [MESSAGE][PASSED] - Object 'Object Repository/Page_Swag Labs/input_Swag Labs_user-name' is visible

2023-05-12 18:11:15 - [TEST_STEP][PASSED] - closeBrowser(): Browser is closed

2023-05-12 18:11:15 - [MESSAGE][PASSED] - Browser is closed]]></system-out>
         <system-err><![CDATA[]]></system-err>
      </testcase>
      <testcase name="Test Cases/test-flow-1-buy-1-product" time="12.015" classname="Test Cases/test-flow-1-buy-1-product" status="PASSED">
         <system-out><![CDATA[2023-05-12 18:11:15 - [TEST_CASE][PASSED] - Test Cases/test-flow-1-buy-1-product: Test Cases/test-flow-1-buy-1-product

2023-05-12 18:11:15 - [TEST_STEP][PASSED] - openBrowser("https://www.saucedemo.com/"): Browser is opened with url: 'https://www.saucedemo.com/'

2023-05-12 18:11:15 - [MESSAGE][INFO] - Starting 'Chrome' driver

2023-05-12 18:11:15 - [MESSAGE][INFO] - Action delay is set to 0 milliseconds

2023-05-12 18:11:17 - [MESSAGE][PASSED] - Browser is opened with url: 'https://www.saucedemo.com/'

2023-05-12 18:11:17 - [TEST_STEP][PASSED] - click(findTestObject("Object Repository/Page_Swag Labs/input_Swag Labs_user-name")): Object: 'Object Repository/Page_Swag Labs/input_Swag Labs_user-name' is clicked on

2023-05-12 18:11:18 - [MESSAGE][PASSED] - Object: 'Object Repository/Page_Swag Labs/input_Swag Labs_user-name' is clicked on

2023-05-12 18:11:18 - [TEST_STEP][PASSED] - sendKeys(findTestObject("Object Repository/Page_Swag Labs/input_Swag Labs_user-name"), "standard_user"): Keys 'standard_user' sent to object: 'Object Repository/Page_Swag Labs/input_Swag Labs_user-name'

2023-05-12 18:11:18 - [MESSAGE][PASSED] - Keys 'standard_user' sent to object: 'Object Repository/Page_Swag Labs/input_Swag Labs_user-name'

2023-05-12 18:11:18 - [TEST_STEP][PASSED] - click(findTestObject("Object Repository/Page_Swag Labs/input_Swag Labs_password")): Object: 'Object Repository/Page_Swag Labs/input_Swag Labs_password' is clicked on

2023-05-12 18:11:18 - [MESSAGE][PASSED] - Object: 'Object Repository/Page_Swag Labs/input_Swag Labs_password' is clicked on

2023-05-12 18:11:18 - [TEST_STEP][PASSED] - sendKeys(findTestObject("Object Repository/Page_Swag Labs/input_Swag Labs_password"), "secret_sauce"): Keys 'secret_sauce' sent to object: 'Object Repository/Page_Swag Labs/input_Swag Labs_password'

2023-05-12 18:11:19 - [MESSAGE][PASSED] - Keys 'secret_sauce' sent to object: 'Object Repository/Page_Swag Labs/input_Swag Labs_password'

2023-05-12 18:11:19 - [TEST_STEP][PASSED] - click(findTestObject("Object Repository/Page_Swag Labs/input_Swag Labs_login-button")): Object: 'Object Repository/Page_Swag Labs/input_Swag Labs_login-button' is clicked on

2023-05-12 18:11:19 - [MESSAGE][PASSED] - Object: 'Object Repository/Page_Swag Labs/input_Swag Labs_login-button' is clicked on

2023-05-12 18:11:19 - [TEST_STEP][PASSED] - click(findTestObject("Object Repository/inventoryPage/Backpack")): Object: 'Object Repository/inventoryPage/Backpack' is clicked on

2023-05-12 18:11:20 - [MESSAGE][PASSED] - Object: 'Object Repository/inventoryPage/Backpack' is clicked on

2023-05-12 18:11:20 - [TEST_STEP][PASSED] - click(findTestObject("Object Repository/inventoryPage/button_Add to cart")): Object: 'Object Repository/inventoryPage/button_Add to cart' is clicked on

2023-05-12 18:11:20 - [MESSAGE][PASSED] - Object: 'Object Repository/inventoryPage/button_Add to cart' is clicked on

2023-05-12 18:11:20 - [TEST_STEP][PASSED] - click(findTestObject("Object Repository/inventoryPage/products_back-image")): Object: 'Object Repository/inventoryPage/products_back-image' is clicked on

2023-05-12 18:11:21 - [MESSAGE][PASSED] - Object: 'Object Repository/inventoryPage/products_back-image' is clicked on

2023-05-12 18:11:21 - [TEST_STEP][PASSED] - click(findTestObject("Object Repository/inventoryPage/cart")): Object: 'Object Repository/inventoryPage/cart' is clicked on

2023-05-12 18:11:21 - [MESSAGE][PASSED] - Object: 'Object Repository/inventoryPage/cart' is clicked on

2023-05-12 18:11:21 - [TEST_STEP][PASSED] - click(findTestObject("Object Repository/CheckoutPage/button_Checkout")): Object: 'Object Repository/CheckoutPage/button_Checkout' is clicked on

2023-05-12 18:11:22 - [MESSAGE][PASSED] - Object: 'Object Repository/CheckoutPage/button_Checkout' is clicked on

2023-05-12 18:11:22 - [TEST_STEP][PASSED] - sendKeys(findTestObject("Object Repository/checkout-step-one/input_Checkout Your Information_firstName"), "demo"): Keys 'demo' sent to object: 'Object Repository/checkout-step-one/input_Checkout Your Information_firstName'

2023-05-12 18:11:22 - [MESSAGE][PASSED] - Keys 'demo' sent to object: 'Object Repository/checkout-step-one/input_Checkout Your Information_firstName'

2023-05-12 18:11:22 - [TEST_STEP][PASSED] - sendKeys(findTestObject("Object Repository/checkout-step-one/input_Checkout Your Information_lastName"), "qa test"): Keys 'qa test' sent to object: 'Object Repository/checkout-step-one/input_Checkout Your Information_lastName'

2023-05-12 18:11:23 - [MESSAGE][PASSED] - Keys 'qa test' sent to object: 'Object Repository/checkout-step-one/input_Checkout Your Information_lastName'

2023-05-12 18:11:23 - [TEST_STEP][PASSED] - sendKeys(findTestObject("Object Repository/checkout-step-one/input_Checkout Your Information_postalCode"), "9000"): Keys '9000' sent to object: 'Object Repository/checkout-step-one/input_Checkout Your Information_postalCode'

2023-05-12 18:11:24 - [MESSAGE][PASSED] - Keys '9000' sent to object: 'Object Repository/checkout-step-one/input_Checkout Your Information_postalCode'

2023-05-12 18:11:24 - [TEST_STEP][PASSED] - click(findTestObject("Object Repository/checkout-step-one/input_continue")): Object: 'Object Repository/checkout-step-one/input_continue' is clicked on

2023-05-12 18:11:24 - [MESSAGE][PASSED] - Object: 'Object Repository/checkout-step-one/input_continue' is clicked on

2023-05-12 18:11:24 - [TEST_STEP][PASSED] - click(findTestObject("Object Repository/finish checkout/button_Finish")): Object: 'Object Repository/finish checkout/button_Finish' is clicked on

2023-05-12 18:11:25 - [MESSAGE][PASSED] - Object: 'Object Repository/finish checkout/button_Finish' is clicked on

2023-05-12 18:11:25 - [TEST_STEP][PASSED] - verifyElementVisible(findTestObject("Object Repository/order-success/h2_Thank you for your order")): Object 'Object Repository/order-success/h2_Thank you for your order' is visible

2023-05-12 18:11:25 - [MESSAGE][PASSED] - Object 'Object Repository/order-success/h2_Thank you for your order' is visible

2023-05-12 18:11:25 - [TEST_STEP][PASSED] - click(findTestObject("Object Repository/NavSideBar/sidebar")): Object: 'Object Repository/NavSideBar/sidebar' is clicked on

2023-05-12 18:11:26 - [MESSAGE][PASSED] - Object: 'Object Repository/NavSideBar/sidebar' is clicked on

2023-05-12 18:11:26 - [TEST_STEP][PASSED] - click(findTestObject("Object Repository/NavSideBar/a_Logout")): Object: 'Object Repository/NavSideBar/a_Logout' is clicked on

2023-05-12 18:11:26 - [MESSAGE][PASSED] - Object: 'Object Repository/NavSideBar/a_Logout' is clicked on

2023-05-12 18:11:26 - [TEST_STEP][PASSED] - verifyElementVisible(findTestObject("Object Repository/Page_Swag Labs/input_Swag Labs_user-name")): Object 'Object Repository/Page_Swag Labs/input_Swag Labs_user-name' is visible

2023-05-12 18:11:27 - [MESSAGE][PASSED] - Object 'Object Repository/Page_Swag Labs/input_Swag Labs_user-name' is visible

2023-05-12 18:11:27 - [TEST_STEP][PASSED] - closeBrowser(): Browser is closed

2023-05-12 18:11:27 - [MESSAGE][PASSED] - Browser is closed]]></system-out>
         <system-err><![CDATA[]]></system-err>
      </testcase>
      <testcase name="Test Cases/test-flow-1-buy-1-product" time="11.759" classname="Test Cases/test-flow-1-buy-1-product" status="PASSED">
         <system-out><![CDATA[2023-05-12 18:11:27 - [TEST_CASE][PASSED] - Test Cases/test-flow-1-buy-1-product: Test Cases/test-flow-1-buy-1-product

2023-05-12 18:11:27 - [TEST_STEP][PASSED] - openBrowser("https://www.saucedemo.com/"): Browser is opened with url: 'https://www.saucedemo.com/'

2023-05-12 18:11:27 - [MESSAGE][INFO] - Starting 'Chrome' driver

2023-05-12 18:11:27 - [MESSAGE][INFO] - Action delay is set to 0 milliseconds

2023-05-12 18:11:29 - [MESSAGE][PASSED] - Browser is opened with url: 'https://www.saucedemo.com/'

2023-05-12 18:11:29 - [TEST_STEP][PASSED] - click(findTestObject("Object Repository/Page_Swag Labs/input_Swag Labs_user-name")): Object: 'Object Repository/Page_Swag Labs/input_Swag Labs_user-name' is clicked on

2023-05-12 18:11:30 - [MESSAGE][PASSED] - Object: 'Object Repository/Page_Swag Labs/input_Swag Labs_user-name' is clicked on

2023-05-12 18:11:30 - [TEST_STEP][PASSED] - sendKeys(findTestObject("Object Repository/Page_Swag Labs/input_Swag Labs_user-name"), "standard_user"): Keys 'standard_user' sent to object: 'Object Repository/Page_Swag Labs/input_Swag Labs_user-name'

2023-05-12 18:11:30 - [MESSAGE][PASSED] - Keys 'standard_user' sent to object: 'Object Repository/Page_Swag Labs/input_Swag Labs_user-name'

2023-05-12 18:11:30 - [TEST_STEP][PASSED] - click(findTestObject("Object Repository/Page_Swag Labs/input_Swag Labs_password")): Object: 'Object Repository/Page_Swag Labs/input_Swag Labs_password' is clicked on

2023-05-12 18:11:30 - [MESSAGE][PASSED] - Object: 'Object Repository/Page_Swag Labs/input_Swag Labs_password' is clicked on

2023-05-12 18:11:30 - [TEST_STEP][PASSED] - sendKeys(findTestObject("Object Repository/Page_Swag Labs/input_Swag Labs_password"), "secret_sauce"): Keys 'secret_sauce' sent to object: 'Object Repository/Page_Swag Labs/input_Swag Labs_password'

2023-05-12 18:11:31 - [MESSAGE][PASSED] - Keys 'secret_sauce' sent to object: 'Object Repository/Page_Swag Labs/input_Swag Labs_password'

2023-05-12 18:11:31 - [TEST_STEP][PASSED] - click(findTestObject("Object Repository/Page_Swag Labs/input_Swag Labs_login-button")): Object: 'Object Repository/Page_Swag Labs/input_Swag Labs_login-button' is clicked on

2023-05-12 18:11:31 - [MESSAGE][PASSED] - Object: 'Object Repository/Page_Swag Labs/input_Swag Labs_login-button' is clicked on

2023-05-12 18:11:31 - [TEST_STEP][PASSED] - click(findTestObject("Object Repository/inventoryPage/Backpack")): Object: 'Object Repository/inventoryPage/Backpack' is clicked on

2023-05-12 18:11:32 - [MESSAGE][PASSED] - Object: 'Object Repository/inventoryPage/Backpack' is clicked on

2023-05-12 18:11:32 - [TEST_STEP][PASSED] - click(findTestObject("Object Repository/inventoryPage/button_Add to cart")): Object: 'Object Repository/inventoryPage/button_Add to cart' is clicked on

2023-05-12 18:11:32 - [MESSAGE][PASSED] - Object: 'Object Repository/inventoryPage/button_Add to cart' is clicked on

2023-05-12 18:11:32 - [TEST_STEP][PASSED] - click(findTestObject("Object Repository/inventoryPage/products_back-image")): Object: 'Object Repository/inventoryPage/products_back-image' is clicked on

2023-05-12 18:11:33 - [MESSAGE][PASSED] - Object: 'Object Repository/inventoryPage/products_back-image' is clicked on

2023-05-12 18:11:33 - [TEST_STEP][PASSED] - click(findTestObject("Object Repository/inventoryPage/cart")): Object: 'Object Repository/inventoryPage/cart' is clicked on

2023-05-12 18:11:33 - [MESSAGE][PASSED] - Object: 'Object Repository/inventoryPage/cart' is clicked on

2023-05-12 18:11:33 - [TEST_STEP][PASSED] - click(findTestObject("Object Repository/CheckoutPage/button_Checkout")): Object: 'Object Repository/CheckoutPage/button_Checkout' is clicked on

2023-05-12 18:11:34 - [MESSAGE][PASSED] - Object: 'Object Repository/CheckoutPage/button_Checkout' is clicked on

2023-05-12 18:11:34 - [TEST_STEP][PASSED] - sendKeys(findTestObject("Object Repository/checkout-step-one/input_Checkout Your Information_firstName"), "demo"): Keys 'demo' sent to object: 'Object Repository/checkout-step-one/input_Checkout Your Information_firstName'

2023-05-12 18:11:34 - [MESSAGE][PASSED] - Keys 'demo' sent to object: 'Object Repository/checkout-step-one/input_Checkout Your Information_firstName'

2023-05-12 18:11:34 - [TEST_STEP][PASSED] - sendKeys(findTestObject("Object Repository/checkout-step-one/input_Checkout Your Information_lastName"), "qa test"): Keys 'qa test' sent to object: 'Object Repository/checkout-step-one/input_Checkout Your Information_lastName'

2023-05-12 18:11:35 - [MESSAGE][PASSED] - Keys 'qa test' sent to object: 'Object Repository/checkout-step-one/input_Checkout Your Information_lastName'

2023-05-12 18:11:35 - [TEST_STEP][PASSED] - sendKeys(findTestObject("Object Repository/checkout-step-one/input_Checkout Your Information_postalCode"), "9000"): Keys '9000' sent to object: 'Object Repository/checkout-step-one/input_Checkout Your Information_postalCode'

2023-05-12 18:11:35 - [MESSAGE][PASSED] - Keys '9000' sent to object: 'Object Repository/checkout-step-one/input_Checkout Your Information_postalCode'

2023-05-12 18:11:35 - [TEST_STEP][PASSED] - click(findTestObject("Object Repository/checkout-step-one/input_continue")): Object: 'Object Repository/checkout-step-one/input_continue' is clicked on

2023-05-12 18:11:36 - [MESSAGE][PASSED] - Object: 'Object Repository/checkout-step-one/input_continue' is clicked on

2023-05-12 18:11:36 - [TEST_STEP][PASSED] - click(findTestObject("Object Repository/finish checkout/button_Finish")): Object: 'Object Repository/finish checkout/button_Finish' is clicked on

2023-05-12 18:11:37 - [MESSAGE][PASSED] - Object: 'Object Repository/finish checkout/button_Finish' is clicked on

2023-05-12 18:11:37 - [TEST_STEP][PASSED] - verifyElementVisible(findTestObject("Object Repository/order-success/h2_Thank you for your order")): Object 'Object Repository/order-success/h2_Thank you for your order' is visible

2023-05-12 18:11:37 - [MESSAGE][PASSED] - Object 'Object Repository/order-success/h2_Thank you for your order' is visible

2023-05-12 18:11:37 - [TEST_STEP][PASSED] - click(findTestObject("Object Repository/NavSideBar/sidebar")): Object: 'Object Repository/NavSideBar/sidebar' is clicked on

2023-05-12 18:11:37 - [MESSAGE][PASSED] - Object: 'Object Repository/NavSideBar/sidebar' is clicked on

2023-05-12 18:11:37 - [TEST_STEP][PASSED] - click(findTestObject("Object Repository/NavSideBar/a_Logout")): Object: 'Object Repository/NavSideBar/a_Logout' is clicked on

2023-05-12 18:11:38 - [MESSAGE][PASSED] - Object: 'Object Repository/NavSideBar/a_Logout' is clicked on

2023-05-12 18:11:38 - [TEST_STEP][PASSED] - verifyElementVisible(findTestObject("Object Repository/Page_Swag Labs/input_Swag Labs_user-name")): Object 'Object Repository/Page_Swag Labs/input_Swag Labs_user-name' is visible

2023-05-12 18:11:38 - [MESSAGE][PASSED] - Object 'Object Repository/Page_Swag Labs/input_Swag Labs_user-name' is visible

2023-05-12 18:11:38 - [TEST_STEP][PASSED] - closeBrowser(): Browser is closed

2023-05-12 18:11:39 - [MESSAGE][PASSED] - Browser is closed]]></system-out>
         <system-err><![CDATA[]]></system-err>
      </testcase>
      <testcase name="Test Cases/test-flow-1-buy-1-product" time="12.143" classname="Test Cases/test-flow-1-buy-1-product" status="PASSED">
         <system-out><![CDATA[2023-05-12 18:11:39 - [TEST_CASE][PASSED] - Test Cases/test-flow-1-buy-1-product: Test Cases/test-flow-1-buy-1-product

2023-05-12 18:11:39 - [TEST_STEP][PASSED] - openBrowser("https://www.saucedemo.com/"): Browser is opened with url: 'https://www.saucedemo.com/'

2023-05-12 18:11:39 - [MESSAGE][INFO] - Starting 'Chrome' driver

2023-05-12 18:11:39 - [MESSAGE][INFO] - Action delay is set to 0 milliseconds

2023-05-12 18:11:42 - [MESSAGE][PASSED] - Browser is opened with url: 'https://www.saucedemo.com/'

2023-05-12 18:11:42 - [TEST_STEP][PASSED] - click(findTestObject("Object Repository/Page_Swag Labs/input_Swag Labs_user-name")): Object: 'Object Repository/Page_Swag Labs/input_Swag Labs_user-name' is clicked on

2023-05-12 18:11:42 - [MESSAGE][PASSED] - Object: 'Object Repository/Page_Swag Labs/input_Swag Labs_user-name' is clicked on

2023-05-12 18:11:42 - [TEST_STEP][PASSED] - sendKeys(findTestObject("Object Repository/Page_Swag Labs/input_Swag Labs_user-name"), "standard_user"): Keys 'standard_user' sent to object: 'Object Repository/Page_Swag Labs/input_Swag Labs_user-name'

2023-05-12 18:11:42 - [MESSAGE][PASSED] - Keys 'standard_user' sent to object: 'Object Repository/Page_Swag Labs/input_Swag Labs_user-name'

2023-05-12 18:11:42 - [TEST_STEP][PASSED] - click(findTestObject("Object Repository/Page_Swag Labs/input_Swag Labs_password")): Object: 'Object Repository/Page_Swag Labs/input_Swag Labs_password' is clicked on

2023-05-12 18:11:43 - [MESSAGE][PASSED] - Object: 'Object Repository/Page_Swag Labs/input_Swag Labs_password' is clicked on

2023-05-12 18:11:43 - [TEST_STEP][PASSED] - sendKeys(findTestObject("Object Repository/Page_Swag Labs/input_Swag Labs_password"), "secret_sauce"): Keys 'secret_sauce' sent to object: 'Object Repository/Page_Swag Labs/input_Swag Labs_password'

2023-05-12 18:11:43 - [MESSAGE][PASSED] - Keys 'secret_sauce' sent to object: 'Object Repository/Page_Swag Labs/input_Swag Labs_password'

2023-05-12 18:11:43 - [TEST_STEP][PASSED] - click(findTestObject("Object Repository/Page_Swag Labs/input_Swag Labs_login-button")): Object: 'Object Repository/Page_Swag Labs/input_Swag Labs_login-button' is clicked on

2023-05-12 18:11:43 - [MESSAGE][PASSED] - Object: 'Object Repository/Page_Swag Labs/input_Swag Labs_login-button' is clicked on

2023-05-12 18:11:43 - [TEST_STEP][PASSED] - click(findTestObject("Object Repository/inventoryPage/Backpack")): Object: 'Object Repository/inventoryPage/Backpack' is clicked on

2023-05-12 18:11:44 - [MESSAGE][PASSED] - Object: 'Object Repository/inventoryPage/Backpack' is clicked on

2023-05-12 18:11:44 - [TEST_STEP][PASSED] - click(findTestObject("Object Repository/inventoryPage/button_Add to cart")): Object: 'Object Repository/inventoryPage/button_Add to cart' is clicked on

2023-05-12 18:11:44 - [MESSAGE][PASSED] - Object: 'Object Repository/inventoryPage/button_Add to cart' is clicked on

2023-05-12 18:11:44 - [TEST_STEP][PASSED] - click(findTestObject("Object Repository/inventoryPage/products_back-image")): Object: 'Object Repository/inventoryPage/products_back-image' is clicked on

2023-05-12 18:11:45 - [MESSAGE][PASSED] - Object: 'Object Repository/inventoryPage/products_back-image' is clicked on

2023-05-12 18:11:45 - [TEST_STEP][PASSED] - click(findTestObject("Object Repository/inventoryPage/cart")): Object: 'Object Repository/inventoryPage/cart' is clicked on

2023-05-12 18:11:45 - [MESSAGE][PASSED] - Object: 'Object Repository/inventoryPage/cart' is clicked on

2023-05-12 18:11:45 - [TEST_STEP][PASSED] - click(findTestObject("Object Repository/CheckoutPage/button_Checkout")): Object: 'Object Repository/CheckoutPage/button_Checkout' is clicked on

2023-05-12 18:11:46 - [MESSAGE][PASSED] - Object: 'Object Repository/CheckoutPage/button_Checkout' is clicked on

2023-05-12 18:11:46 - [TEST_STEP][PASSED] - sendKeys(findTestObject("Object Repository/checkout-step-one/input_Checkout Your Information_firstName"), "demo"): Keys 'demo' sent to object: 'Object Repository/checkout-step-one/input_Checkout Your Information_firstName'

2023-05-12 18:11:46 - [MESSAGE][PASSED] - Keys 'demo' sent to object: 'Object Repository/checkout-step-one/input_Checkout Your Information_firstName'

2023-05-12 18:11:46 - [TEST_STEP][PASSED] - sendKeys(findTestObject("Object Repository/checkout-step-one/input_Checkout Your Information_lastName"), "qa test"): Keys 'qa test' sent to object: 'Object Repository/checkout-step-one/input_Checkout Your Information_lastName'

2023-05-12 18:11:47 - [MESSAGE][PASSED] - Keys 'qa test' sent to object: 'Object Repository/checkout-step-one/input_Checkout Your Information_lastName'

2023-05-12 18:11:47 - [TEST_STEP][PASSED] - sendKeys(findTestObject("Object Repository/checkout-step-one/input_Checkout Your Information_postalCode"), "9000"): Keys '9000' sent to object: 'Object Repository/checkout-step-one/input_Checkout Your Information_postalCode'

2023-05-12 18:11:48 - [MESSAGE][PASSED] - Keys '9000' sent to object: 'Object Repository/checkout-step-one/input_Checkout Your Information_postalCode'

2023-05-12 18:11:48 - [TEST_STEP][PASSED] - click(findTestObject("Object Repository/checkout-step-one/input_continue")): Object: 'Object Repository/checkout-step-one/input_continue' is clicked on

2023-05-12 18:11:48 - [MESSAGE][PASSED] - Object: 'Object Repository/checkout-step-one/input_continue' is clicked on

2023-05-12 18:11:48 - [TEST_STEP][PASSED] - click(findTestObject("Object Repository/finish checkout/button_Finish")): Object: 'Object Repository/finish checkout/button_Finish' is clicked on

2023-05-12 18:11:49 - [MESSAGE][PASSED] - Object: 'Object Repository/finish checkout/button_Finish' is clicked on

2023-05-12 18:11:49 - [TEST_STEP][PASSED] - verifyElementVisible(findTestObject("Object Repository/order-success/h2_Thank you for your order")): Object 'Object Repository/order-success/h2_Thank you for your order' is visible

2023-05-12 18:11:49 - [MESSAGE][PASSED] - Object 'Object Repository/order-success/h2_Thank you for your order' is visible

2023-05-12 18:11:49 - [TEST_STEP][PASSED] - click(findTestObject("Object Repository/NavSideBar/sidebar")): Object: 'Object Repository/NavSideBar/sidebar' is clicked on

2023-05-12 18:11:50 - [MESSAGE][PASSED] - Object: 'Object Repository/NavSideBar/sidebar' is clicked on

2023-05-12 18:11:50 - [TEST_STEP][PASSED] - click(findTestObject("Object Repository/NavSideBar/a_Logout")): Object: 'Object Repository/NavSideBar/a_Logout' is clicked on

2023-05-12 18:11:50 - [MESSAGE][PASSED] - Object: 'Object Repository/NavSideBar/a_Logout' is clicked on

2023-05-12 18:11:50 - [TEST_STEP][PASSED] - verifyElementVisible(findTestObject("Object Repository/Page_Swag Labs/input_Swag Labs_user-name")): Object 'Object Repository/Page_Swag Labs/input_Swag Labs_user-name' is visible

2023-05-12 18:11:51 - [MESSAGE][PASSED] - Object 'Object Repository/Page_Swag Labs/input_Swag Labs_user-name' is visible

2023-05-12 18:11:51 - [TEST_STEP][PASSED] - closeBrowser(): Browser is closed

2023-05-12 18:11:51 - [MESSAGE][PASSED] - Browser is closed]]></system-out>
         <system-err><![CDATA[]]></system-err>
      </testcase>
      <testcase name="Test Cases/test-flow-1-buy-1-product" time="11.698" classname="Test Cases/test-flow-1-buy-1-product" status="PASSED">
         <system-out><![CDATA[2023-05-12 18:11:51 - [TEST_CASE][PASSED] - Test Cases/test-flow-1-buy-1-product: Test Cases/test-flow-1-buy-1-product

2023-05-12 18:11:51 - [TEST_STEP][PASSED] - openBrowser("https://www.saucedemo.com/"): Browser is opened with url: 'https://www.saucedemo.com/'

2023-05-12 18:11:51 - [MESSAGE][INFO] - Starting 'Chrome' driver

2023-05-12 18:11:51 - [MESSAGE][INFO] - Action delay is set to 0 milliseconds

2023-05-12 18:11:54 - [MESSAGE][PASSED] - Browser is opened with url: 'https://www.saucedemo.com/'

2023-05-12 18:11:54 - [TEST_STEP][PASSED] - click(findTestObject("Object Repository/Page_Swag Labs/input_Swag Labs_user-name")): Object: 'Object Repository/Page_Swag Labs/input_Swag Labs_user-name' is clicked on

2023-05-12 18:11:54 - [MESSAGE][PASSED] - Object: 'Object Repository/Page_Swag Labs/input_Swag Labs_user-name' is clicked on

2023-05-12 18:11:54 - [TEST_STEP][PASSED] - sendKeys(findTestObject("Object Repository/Page_Swag Labs/input_Swag Labs_user-name"), "standard_user"): Keys 'standard_user' sent to object: 'Object Repository/Page_Swag Labs/input_Swag Labs_user-name'

2023-05-12 18:11:54 - [MESSAGE][PASSED] - Keys 'standard_user' sent to object: 'Object Repository/Page_Swag Labs/input_Swag Labs_user-name'

2023-05-12 18:11:54 - [TEST_STEP][PASSED] - click(findTestObject("Object Repository/Page_Swag Labs/input_Swag Labs_password")): Object: 'Object Repository/Page_Swag Labs/input_Swag Labs_password' is clicked on

2023-05-12 18:11:55 - [MESSAGE][PASSED] - Object: 'Object Repository/Page_Swag Labs/input_Swag Labs_password' is clicked on

2023-05-12 18:11:55 - [TEST_STEP][PASSED] - sendKeys(findTestObject("Object Repository/Page_Swag Labs/input_Swag Labs_password"), "secret_sauce"): Keys 'secret_sauce' sent to object: 'Object Repository/Page_Swag Labs/input_Swag Labs_password'

2023-05-12 18:11:55 - [MESSAGE][PASSED] - Keys 'secret_sauce' sent to object: 'Object Repository/Page_Swag Labs/input_Swag Labs_password'

2023-05-12 18:11:55 - [TEST_STEP][PASSED] - click(findTestObject("Object Repository/Page_Swag Labs/input_Swag Labs_login-button")): Object: 'Object Repository/Page_Swag Labs/input_Swag Labs_login-button' is clicked on

2023-05-12 18:11:55 - [MESSAGE][PASSED] - Object: 'Object Repository/Page_Swag Labs/input_Swag Labs_login-button' is clicked on

2023-05-12 18:11:55 - [TEST_STEP][PASSED] - click(findTestObject("Object Repository/inventoryPage/Backpack")): Object: 'Object Repository/inventoryPage/Backpack' is clicked on

2023-05-12 18:11:56 - [MESSAGE][PASSED] - Object: 'Object Repository/inventoryPage/Backpack' is clicked on

2023-05-12 18:11:56 - [TEST_STEP][PASSED] - click(findTestObject("Object Repository/inventoryPage/button_Add to cart")): Object: 'Object Repository/inventoryPage/button_Add to cart' is clicked on

2023-05-12 18:11:56 - [MESSAGE][PASSED] - Object: 'Object Repository/inventoryPage/button_Add to cart' is clicked on

2023-05-12 18:11:56 - [TEST_STEP][PASSED] - click(findTestObject("Object Repository/inventoryPage/products_back-image")): Object: 'Object Repository/inventoryPage/products_back-image' is clicked on

2023-05-12 18:11:57 - [MESSAGE][PASSED] - Object: 'Object Repository/inventoryPage/products_back-image' is clicked on

2023-05-12 18:11:57 - [TEST_STEP][PASSED] - click(findTestObject("Object Repository/inventoryPage/cart")): Object: 'Object Repository/inventoryPage/cart' is clicked on

2023-05-12 18:11:57 - [MESSAGE][PASSED] - Object: 'Object Repository/inventoryPage/cart' is clicked on

2023-05-12 18:11:57 - [TEST_STEP][PASSED] - click(findTestObject("Object Repository/CheckoutPage/button_Checkout")): Object: 'Object Repository/CheckoutPage/button_Checkout' is clicked on

2023-05-12 18:11:58 - [MESSAGE][PASSED] - Object: 'Object Repository/CheckoutPage/button_Checkout' is clicked on

2023-05-12 18:11:58 - [TEST_STEP][PASSED] - sendKeys(findTestObject("Object Repository/checkout-step-one/input_Checkout Your Information_firstName"), "demo"): Keys 'demo' sent to object: 'Object Repository/checkout-step-one/input_Checkout Your Information_firstName'

2023-05-12 18:11:58 - [MESSAGE][PASSED] - Keys 'demo' sent to object: 'Object Repository/checkout-step-one/input_Checkout Your Information_firstName'

2023-05-12 18:11:58 - [TEST_STEP][PASSED] - sendKeys(findTestObject("Object Repository/checkout-step-one/input_Checkout Your Information_lastName"), "qa test"): Keys 'qa test' sent to object: 'Object Repository/checkout-step-one/input_Checkout Your Information_lastName'

2023-05-12 18:11:59 - [MESSAGE][PASSED] - Keys 'qa test' sent to object: 'Object Repository/checkout-step-one/input_Checkout Your Information_lastName'

2023-05-12 18:11:59 - [TEST_STEP][PASSED] - sendKeys(findTestObject("Object Repository/checkout-step-one/input_Checkout Your Information_postalCode"), "9000"): Keys '9000' sent to object: 'Object Repository/checkout-step-one/input_Checkout Your Information_postalCode'

2023-05-12 18:11:59 - [MESSAGE][PASSED] - Keys '9000' sent to object: 'Object Repository/checkout-step-one/input_Checkout Your Information_postalCode'

2023-05-12 18:11:59 - [TEST_STEP][PASSED] - click(findTestObject("Object Repository/checkout-step-one/input_continue")): Object: 'Object Repository/checkout-step-one/input_continue' is clicked on

2023-05-12 18:12:00 - [MESSAGE][PASSED] - Object: 'Object Repository/checkout-step-one/input_continue' is clicked on

2023-05-12 18:12:00 - [TEST_STEP][PASSED] - click(findTestObject("Object Repository/finish checkout/button_Finish")): Object: 'Object Repository/finish checkout/button_Finish' is clicked on

2023-05-12 18:12:01 - [MESSAGE][PASSED] - Object: 'Object Repository/finish checkout/button_Finish' is clicked on

2023-05-12 18:12:01 - [TEST_STEP][PASSED] - verifyElementVisible(findTestObject("Object Repository/order-success/h2_Thank you for your order")): Object 'Object Repository/order-success/h2_Thank you for your order' is visible

2023-05-12 18:12:01 - [MESSAGE][PASSED] - Object 'Object Repository/order-success/h2_Thank you for your order' is visible

2023-05-12 18:12:01 - [TEST_STEP][PASSED] - click(findTestObject("Object Repository/NavSideBar/sidebar")): Object: 'Object Repository/NavSideBar/sidebar' is clicked on

2023-05-12 18:12:01 - [MESSAGE][PASSED] - Object: 'Object Repository/NavSideBar/sidebar' is clicked on

2023-05-12 18:12:01 - [TEST_STEP][PASSED] - click(findTestObject("Object Repository/NavSideBar/a_Logout")): Object: 'Object Repository/NavSideBar/a_Logout' is clicked on

2023-05-12 18:12:02 - [MESSAGE][PASSED] - Object: 'Object Repository/NavSideBar/a_Logout' is clicked on

2023-05-12 18:12:02 - [TEST_STEP][PASSED] - verifyElementVisible(findTestObject("Object Repository/Page_Swag Labs/input_Swag Labs_user-name")): Object 'Object Repository/Page_Swag Labs/input_Swag Labs_user-name' is visible

2023-05-12 18:12:02 - [MESSAGE][PASSED] - Object 'Object Repository/Page_Swag Labs/input_Swag Labs_user-name' is visible

2023-05-12 18:12:02 - [TEST_STEP][PASSED] - closeBrowser(): Browser is closed

2023-05-12 18:12:03 - [MESSAGE][PASSED] - Browser is closed]]></system-out>
         <system-err><![CDATA[]]></system-err>
      </testcase>
      <testcase name="Test Cases/test-flow-1-buy-1-product" time="11.778" classname="Test Cases/test-flow-1-buy-1-product" status="PASSED">
         <system-out><![CDATA[2023-05-12 18:12:03 - [TEST_CASE][PASSED] - Test Cases/test-flow-1-buy-1-product: Test Cases/test-flow-1-buy-1-product

2023-05-12 18:12:03 - [TEST_STEP][PASSED] - openBrowser("https://www.saucedemo.com/"): Browser is opened with url: 'https://www.saucedemo.com/'

2023-05-12 18:12:03 - [MESSAGE][INFO] - Starting 'Chrome' driver

2023-05-12 18:12:03 - [MESSAGE][INFO] - Action delay is set to 0 milliseconds

2023-05-12 18:12:05 - [MESSAGE][PASSED] - Browser is opened with url: 'https://www.saucedemo.com/'

2023-05-12 18:12:05 - [TEST_STEP][PASSED] - click(findTestObject("Object Repository/Page_Swag Labs/input_Swag Labs_user-name")): Object: 'Object Repository/Page_Swag Labs/input_Swag Labs_user-name' is clicked on

2023-05-12 18:12:06 - [MESSAGE][PASSED] - Object: 'Object Repository/Page_Swag Labs/input_Swag Labs_user-name' is clicked on

2023-05-12 18:12:06 - [TEST_STEP][PASSED] - sendKeys(findTestObject("Object Repository/Page_Swag Labs/input_Swag Labs_user-name"), "standard_user"): Keys 'standard_user' sent to object: 'Object Repository/Page_Swag Labs/input_Swag Labs_user-name'

2023-05-12 18:12:06 - [MESSAGE][PASSED] - Keys 'standard_user' sent to object: 'Object Repository/Page_Swag Labs/input_Swag Labs_user-name'

2023-05-12 18:12:06 - [TEST_STEP][PASSED] - click(findTestObject("Object Repository/Page_Swag Labs/input_Swag Labs_password")): Object: 'Object Repository/Page_Swag Labs/input_Swag Labs_password' is clicked on

2023-05-12 18:12:06 - [MESSAGE][PASSED] - Object: 'Object Repository/Page_Swag Labs/input_Swag Labs_password' is clicked on

2023-05-12 18:12:06 - [TEST_STEP][PASSED] - sendKeys(findTestObject("Object Repository/Page_Swag Labs/input_Swag Labs_password"), "secret_sauce"): Keys 'secret_sauce' sent to object: 'Object Repository/Page_Swag Labs/input_Swag Labs_password'

2023-05-12 18:12:07 - [MESSAGE][PASSED] - Keys 'secret_sauce' sent to object: 'Object Repository/Page_Swag Labs/input_Swag Labs_password'

2023-05-12 18:12:07 - [TEST_STEP][PASSED] - click(findTestObject("Object Repository/Page_Swag Labs/input_Swag Labs_login-button")): Object: 'Object Repository/Page_Swag Labs/input_Swag Labs_login-button' is clicked on

2023-05-12 18:12:07 - [MESSAGE][PASSED] - Object: 'Object Repository/Page_Swag Labs/input_Swag Labs_login-button' is clicked on

2023-05-12 18:12:07 - [TEST_STEP][PASSED] - click(findTestObject("Object Repository/inventoryPage/Backpack")): Object: 'Object Repository/inventoryPage/Backpack' is clicked on

2023-05-12 18:12:08 - [MESSAGE][PASSED] - Object: 'Object Repository/inventoryPage/Backpack' is clicked on

2023-05-12 18:12:08 - [TEST_STEP][PASSED] - click(findTestObject("Object Repository/inventoryPage/button_Add to cart")): Object: 'Object Repository/inventoryPage/button_Add to cart' is clicked on

2023-05-12 18:12:08 - [MESSAGE][PASSED] - Object: 'Object Repository/inventoryPage/button_Add to cart' is clicked on

2023-05-12 18:12:08 - [TEST_STEP][PASSED] - click(findTestObject("Object Repository/inventoryPage/products_back-image")): Object: 'Object Repository/inventoryPage/products_back-image' is clicked on

2023-05-12 18:12:09 - [MESSAGE][PASSED] - Object: 'Object Repository/inventoryPage/products_back-image' is clicked on

2023-05-12 18:12:09 - [TEST_STEP][PASSED] - click(findTestObject("Object Repository/inventoryPage/cart")): Object: 'Object Repository/inventoryPage/cart' is clicked on

2023-05-12 18:12:09 - [MESSAGE][PASSED] - Object: 'Object Repository/inventoryPage/cart' is clicked on

2023-05-12 18:12:09 - [TEST_STEP][PASSED] - click(findTestObject("Object Repository/CheckoutPage/button_Checkout")): Object: 'Object Repository/CheckoutPage/button_Checkout' is clicked on

2023-05-12 18:12:10 - [MESSAGE][PASSED] - Object: 'Object Repository/CheckoutPage/button_Checkout' is clicked on

2023-05-12 18:12:10 - [TEST_STEP][PASSED] - sendKeys(findTestObject("Object Repository/checkout-step-one/input_Checkout Your Information_firstName"), "demo"): Keys 'demo' sent to object: 'Object Repository/checkout-step-one/input_Checkout Your Information_firstName'

2023-05-12 18:12:10 - [MESSAGE][PASSED] - Keys 'demo' sent to object: 'Object Repository/checkout-step-one/input_Checkout Your Information_firstName'

2023-05-12 18:12:10 - [TEST_STEP][PASSED] - sendKeys(findTestObject("Object Repository/checkout-step-one/input_Checkout Your Information_lastName"), "qa test"): Keys 'qa test' sent to object: 'Object Repository/checkout-step-one/input_Checkout Your Information_lastName'

2023-05-12 18:12:11 - [MESSAGE][PASSED] - Keys 'qa test' sent to object: 'Object Repository/checkout-step-one/input_Checkout Your Information_lastName'

2023-05-12 18:12:11 - [TEST_STEP][PASSED] - sendKeys(findTestObject("Object Repository/checkout-step-one/input_Checkout Your Information_postalCode"), "9000"): Keys '9000' sent to object: 'Object Repository/checkout-step-one/input_Checkout Your Information_postalCode'

2023-05-12 18:12:11 - [MESSAGE][PASSED] - Keys '9000' sent to object: 'Object Repository/checkout-step-one/input_Checkout Your Information_postalCode'

2023-05-12 18:12:11 - [TEST_STEP][PASSED] - click(findTestObject("Object Repository/checkout-step-one/input_continue")): Object: 'Object Repository/checkout-step-one/input_continue' is clicked on

2023-05-12 18:12:12 - [MESSAGE][PASSED] - Object: 'Object Repository/checkout-step-one/input_continue' is clicked on

2023-05-12 18:12:12 - [TEST_STEP][PASSED] - click(findTestObject("Object Repository/finish checkout/button_Finish")): Object: 'Object Repository/finish checkout/button_Finish' is clicked on

2023-05-12 18:12:12 - [MESSAGE][PASSED] - Object: 'Object Repository/finish checkout/button_Finish' is clicked on

2023-05-12 18:12:12 - [TEST_STEP][PASSED] - verifyElementVisible(findTestObject("Object Repository/order-success/h2_Thank you for your order")): Object 'Object Repository/order-success/h2_Thank you for your order' is visible

2023-05-12 18:12:13 - [MESSAGE][PASSED] - Object 'Object Repository/order-success/h2_Thank you for your order' is visible

2023-05-12 18:12:13 - [TEST_STEP][PASSED] - click(findTestObject("Object Repository/NavSideBar/sidebar")): Object: 'Object Repository/NavSideBar/sidebar' is clicked on

2023-05-12 18:12:13 - [MESSAGE][PASSED] - Object: 'Object Repository/NavSideBar/sidebar' is clicked on

2023-05-12 18:12:13 - [TEST_STEP][PASSED] - click(findTestObject("Object Repository/NavSideBar/a_Logout")): Object: 'Object Repository/NavSideBar/a_Logout' is clicked on

2023-05-12 18:12:14 - [MESSAGE][PASSED] - Object: 'Object Repository/NavSideBar/a_Logout' is clicked on

2023-05-12 18:12:14 - [TEST_STEP][PASSED] - verifyElementVisible(findTestObject("Object Repository/Page_Swag Labs/input_Swag Labs_user-name")): Object 'Object Repository/Page_Swag Labs/input_Swag Labs_user-name' is visible

2023-05-12 18:12:14 - [MESSAGE][PASSED] - Object 'Object Repository/Page_Swag Labs/input_Swag Labs_user-name' is visible

2023-05-12 18:12:14 - [TEST_STEP][PASSED] - closeBrowser(): Browser is closed

2023-05-12 18:12:15 - [MESSAGE][PASSED] - Browser is closed]]></system-out>
         <system-err><![CDATA[]]></system-err>
      </testcase>
      <testcase name="Test Cases/test-flow-1-buy-1-product" time="12.28" classname="Test Cases/test-flow-1-buy-1-product" status="PASSED">
         <system-out><![CDATA[2023-05-12 18:12:15 - [TEST_CASE][PASSED] - Test Cases/test-flow-1-buy-1-product: Test Cases/test-flow-1-buy-1-product

2023-05-12 18:12:15 - [TEST_STEP][PASSED] - openBrowser("https://www.saucedemo.com/"): Browser is opened with url: 'https://www.saucedemo.com/'

2023-05-12 18:12:15 - [MESSAGE][INFO] - Starting 'Chrome' driver

2023-05-12 18:12:15 - [MESSAGE][INFO] - Action delay is set to 0 milliseconds

2023-05-12 18:12:17 - [MESSAGE][PASSED] - Browser is opened with url: 'https://www.saucedemo.com/'

2023-05-12 18:12:17 - [TEST_STEP][PASSED] - click(findTestObject("Object Repository/Page_Swag Labs/input_Swag Labs_user-name")): Object: 'Object Repository/Page_Swag Labs/input_Swag Labs_user-name' is clicked on

2023-05-12 18:12:18 - [MESSAGE][PASSED] - Object: 'Object Repository/Page_Swag Labs/input_Swag Labs_user-name' is clicked on

2023-05-12 18:12:18 - [TEST_STEP][PASSED] - sendKeys(findTestObject("Object Repository/Page_Swag Labs/input_Swag Labs_user-name"), "standard_user"): Keys 'standard_user' sent to object: 'Object Repository/Page_Swag Labs/input_Swag Labs_user-name'

2023-05-12 18:12:18 - [MESSAGE][PASSED] - Keys 'standard_user' sent to object: 'Object Repository/Page_Swag Labs/input_Swag Labs_user-name'

2023-05-12 18:12:18 - [TEST_STEP][PASSED] - click(findTestObject("Object Repository/Page_Swag Labs/input_Swag Labs_password")): Object: 'Object Repository/Page_Swag Labs/input_Swag Labs_password' is clicked on

2023-05-12 18:12:18 - [MESSAGE][PASSED] - Object: 'Object Repository/Page_Swag Labs/input_Swag Labs_password' is clicked on

2023-05-12 18:12:18 - [TEST_STEP][PASSED] - sendKeys(findTestObject("Object Repository/Page_Swag Labs/input_Swag Labs_password"), "secret_sauce"): Keys 'secret_sauce' sent to object: 'Object Repository/Page_Swag Labs/input_Swag Labs_password'

2023-05-12 18:12:19 - [MESSAGE][PASSED] - Keys 'secret_sauce' sent to object: 'Object Repository/Page_Swag Labs/input_Swag Labs_password'

2023-05-12 18:12:19 - [TEST_STEP][PASSED] - click(findTestObject("Object Repository/Page_Swag Labs/input_Swag Labs_login-button")): Object: 'Object Repository/Page_Swag Labs/input_Swag Labs_login-button' is clicked on

2023-05-12 18:12:19 - [MESSAGE][PASSED] - Object: 'Object Repository/Page_Swag Labs/input_Swag Labs_login-button' is clicked on

2023-05-12 18:12:19 - [TEST_STEP][PASSED] - click(findTestObject("Object Repository/inventoryPage/Backpack")): Object: 'Object Repository/inventoryPage/Backpack' is clicked on

2023-05-12 18:12:20 - [MESSAGE][PASSED] - Object: 'Object Repository/inventoryPage/Backpack' is clicked on

2023-05-12 18:12:20 - [TEST_STEP][PASSED] - click(findTestObject("Object Repository/inventoryPage/button_Add to cart")): Object: 'Object Repository/inventoryPage/button_Add to cart' is clicked on

2023-05-12 18:12:20 - [MESSAGE][PASSED] - Object: 'Object Repository/inventoryPage/button_Add to cart' is clicked on

2023-05-12 18:12:20 - [TEST_STEP][PASSED] - click(findTestObject("Object Repository/inventoryPage/products_back-image")): Object: 'Object Repository/inventoryPage/products_back-image' is clicked on

2023-05-12 18:12:21 - [MESSAGE][PASSED] - Object: 'Object Repository/inventoryPage/products_back-image' is clicked on

2023-05-12 18:12:21 - [TEST_STEP][PASSED] - click(findTestObject("Object Repository/inventoryPage/cart")): Object: 'Object Repository/inventoryPage/cart' is clicked on

2023-05-12 18:12:21 - [MESSAGE][PASSED] - Object: 'Object Repository/inventoryPage/cart' is clicked on

2023-05-12 18:12:21 - [TEST_STEP][PASSED] - click(findTestObject("Object Repository/CheckoutPage/button_Checkout")): Object: 'Object Repository/CheckoutPage/button_Checkout' is clicked on

2023-05-12 18:12:21 - [MESSAGE][PASSED] - Object: 'Object Repository/CheckoutPage/button_Checkout' is clicked on

2023-05-12 18:12:21 - [TEST_STEP][PASSED] - sendKeys(findTestObject("Object Repository/checkout-step-one/input_Checkout Your Information_firstName"), "demo"): Keys 'demo' sent to object: 'Object Repository/checkout-step-one/input_Checkout Your Information_firstName'

2023-05-12 18:12:22 - [MESSAGE][PASSED] - Keys 'demo' sent to object: 'Object Repository/checkout-step-one/input_Checkout Your Information_firstName'

2023-05-12 18:12:22 - [TEST_STEP][PASSED] - sendKeys(findTestObject("Object Repository/checkout-step-one/input_Checkout Your Information_lastName"), "qa test"): Keys 'qa test' sent to object: 'Object Repository/checkout-step-one/input_Checkout Your Information_lastName'

2023-05-12 18:12:23 - [MESSAGE][PASSED] - Keys 'qa test' sent to object: 'Object Repository/checkout-step-one/input_Checkout Your Information_lastName'

2023-05-12 18:12:23 - [TEST_STEP][PASSED] - sendKeys(findTestObject("Object Repository/checkout-step-one/input_Checkout Your Information_postalCode"), "9000"): Keys '9000' sent to object: 'Object Repository/checkout-step-one/input_Checkout Your Information_postalCode'

2023-05-12 18:12:23 - [MESSAGE][PASSED] - Keys '9000' sent to object: 'Object Repository/checkout-step-one/input_Checkout Your Information_postalCode'

2023-05-12 18:12:23 - [TEST_STEP][PASSED] - click(findTestObject("Object Repository/checkout-step-one/input_continue")): Object: 'Object Repository/checkout-step-one/input_continue' is clicked on

2023-05-12 18:12:24 - [MESSAGE][PASSED] - Object: 'Object Repository/checkout-step-one/input_continue' is clicked on

2023-05-12 18:12:24 - [TEST_STEP][PASSED] - click(findTestObject("Object Repository/finish checkout/button_Finish")): Object: 'Object Repository/finish checkout/button_Finish' is clicked on

2023-05-12 18:12:24 - [MESSAGE][PASSED] - Object: 'Object Repository/finish checkout/button_Finish' is clicked on

2023-05-12 18:12:24 - [TEST_STEP][PASSED] - verifyElementVisible(findTestObject("Object Repository/order-success/h2_Thank you for your order")): Object 'Object Repository/order-success/h2_Thank you for your order' is visible

2023-05-12 18:12:25 - [MESSAGE][PASSED] - Object 'Object Repository/order-success/h2_Thank you for your order' is visible

2023-05-12 18:12:25 - [TEST_STEP][PASSED] - click(findTestObject("Object Repository/NavSideBar/sidebar")): Object: 'Object Repository/NavSideBar/sidebar' is clicked on

2023-05-12 18:12:25 - [MESSAGE][PASSED] - Object: 'Object Repository/NavSideBar/sidebar' is clicked on

2023-05-12 18:12:25 - [TEST_STEP][PASSED] - click(findTestObject("Object Repository/NavSideBar/a_Logout")): Object: 'Object Repository/NavSideBar/a_Logout' is clicked on

2023-05-12 18:12:26 - [MESSAGE][PASSED] - Object: 'Object Repository/NavSideBar/a_Logout' is clicked on

2023-05-12 18:12:26 - [TEST_STEP][PASSED] - verifyElementVisible(findTestObject("Object Repository/Page_Swag Labs/input_Swag Labs_user-name")): Object 'Object Repository/Page_Swag Labs/input_Swag Labs_user-name' is visible

2023-05-12 18:12:26 - [MESSAGE][PASSED] - Object 'Object Repository/Page_Swag Labs/input_Swag Labs_user-name' is visible

2023-05-12 18:12:26 - [TEST_STEP][PASSED] - closeBrowser(): Browser is closed

2023-05-12 18:12:27 - [MESSAGE][PASSED] - Browser is closed]]></system-out>
         <system-err><![CDATA[]]></system-err>
      </testcase>
      <testcase name="Test Cases/test-flow-1-buy-1-product" time="12.401" classname="Test Cases/test-flow-1-buy-1-product" status="PASSED">
         <system-out><![CDATA[2023-05-12 18:12:27 - [TEST_CASE][PASSED] - Test Cases/test-flow-1-buy-1-product: Test Cases/test-flow-1-buy-1-product

2023-05-12 18:12:27 - [TEST_STEP][PASSED] - openBrowser("https://www.saucedemo.com/"): Browser is opened with url: 'https://www.saucedemo.com/'

2023-05-12 18:12:27 - [MESSAGE][INFO] - Starting 'Chrome' driver

2023-05-12 18:12:27 - [MESSAGE][INFO] - Action delay is set to 0 milliseconds

2023-05-12 18:12:29 - [MESSAGE][PASSED] - Browser is opened with url: 'https://www.saucedemo.com/'

2023-05-12 18:12:29 - [TEST_STEP][PASSED] - click(findTestObject("Object Repository/Page_Swag Labs/input_Swag Labs_user-name")): Object: 'Object Repository/Page_Swag Labs/input_Swag Labs_user-name' is clicked on

2023-05-12 18:12:30 - [MESSAGE][PASSED] - Object: 'Object Repository/Page_Swag Labs/input_Swag Labs_user-name' is clicked on

2023-05-12 18:12:30 - [TEST_STEP][PASSED] - sendKeys(findTestObject("Object Repository/Page_Swag Labs/input_Swag Labs_user-name"), "standard_user"): Keys 'standard_user' sent to object: 'Object Repository/Page_Swag Labs/input_Swag Labs_user-name'

2023-05-12 18:12:30 - [MESSAGE][PASSED] - Keys 'standard_user' sent to object: 'Object Repository/Page_Swag Labs/input_Swag Labs_user-name'

2023-05-12 18:12:30 - [TEST_STEP][PASSED] - click(findTestObject("Object Repository/Page_Swag Labs/input_Swag Labs_password")): Object: 'Object Repository/Page_Swag Labs/input_Swag Labs_password' is clicked on

2023-05-12 18:12:31 - [MESSAGE][PASSED] - Object: 'Object Repository/Page_Swag Labs/input_Swag Labs_password' is clicked on

2023-05-12 18:12:31 - [TEST_STEP][PASSED] - sendKeys(findTestObject("Object Repository/Page_Swag Labs/input_Swag Labs_password"), "secret_sauce"): Keys 'secret_sauce' sent to object: 'Object Repository/Page_Swag Labs/input_Swag Labs_password'

2023-05-12 18:12:31 - [MESSAGE][PASSED] - Keys 'secret_sauce' sent to object: 'Object Repository/Page_Swag Labs/input_Swag Labs_password'

2023-05-12 18:12:31 - [TEST_STEP][PASSED] - click(findTestObject("Object Repository/Page_Swag Labs/input_Swag Labs_login-button")): Object: 'Object Repository/Page_Swag Labs/input_Swag Labs_login-button' is clicked on

2023-05-12 18:12:31 - [MESSAGE][PASSED] - Object: 'Object Repository/Page_Swag Labs/input_Swag Labs_login-button' is clicked on

2023-05-12 18:12:31 - [TEST_STEP][PASSED] - click(findTestObject("Object Repository/inventoryPage/Backpack")): Object: 'Object Repository/inventoryPage/Backpack' is clicked on

2023-05-12 18:12:32 - [MESSAGE][PASSED] - Object: 'Object Repository/inventoryPage/Backpack' is clicked on

2023-05-12 18:12:32 - [TEST_STEP][PASSED] - click(findTestObject("Object Repository/inventoryPage/button_Add to cart")): Object: 'Object Repository/inventoryPage/button_Add to cart' is clicked on

2023-05-12 18:12:32 - [MESSAGE][PASSED] - Object: 'Object Repository/inventoryPage/button_Add to cart' is clicked on

2023-05-12 18:12:32 - [TEST_STEP][PASSED] - click(findTestObject("Object Repository/inventoryPage/products_back-image")): Object: 'Object Repository/inventoryPage/products_back-image' is clicked on

2023-05-12 18:12:33 - [MESSAGE][PASSED] - Object: 'Object Repository/inventoryPage/products_back-image' is clicked on

2023-05-12 18:12:33 - [TEST_STEP][PASSED] - click(findTestObject("Object Repository/inventoryPage/cart")): Object: 'Object Repository/inventoryPage/cart' is clicked on

2023-05-12 18:12:33 - [MESSAGE][PASSED] - Object: 'Object Repository/inventoryPage/cart' is clicked on

2023-05-12 18:12:33 - [TEST_STEP][PASSED] - click(findTestObject("Object Repository/CheckoutPage/button_Checkout")): Object: 'Object Repository/CheckoutPage/button_Checkout' is clicked on

2023-05-12 18:12:34 - [MESSAGE][PASSED] - Object: 'Object Repository/CheckoutPage/button_Checkout' is clicked on

2023-05-12 18:12:34 - [TEST_STEP][PASSED] - sendKeys(findTestObject("Object Repository/checkout-step-one/input_Checkout Your Information_firstName"), "demo"): Keys 'demo' sent to object: 'Object Repository/checkout-step-one/input_Checkout Your Information_firstName'

2023-05-12 18:12:35 - [MESSAGE][PASSED] - Keys 'demo' sent to object: 'Object Repository/checkout-step-one/input_Checkout Your Information_firstName'

2023-05-12 18:12:35 - [TEST_STEP][PASSED] - sendKeys(findTestObject("Object Repository/checkout-step-one/input_Checkout Your Information_lastName"), "qa test"): Keys 'qa test' sent to object: 'Object Repository/checkout-step-one/input_Checkout Your Information_lastName'

2023-05-12 18:12:35 - [MESSAGE][PASSED] - Keys 'qa test' sent to object: 'Object Repository/checkout-step-one/input_Checkout Your Information_lastName'

2023-05-12 18:12:35 - [TEST_STEP][PASSED] - sendKeys(findTestObject("Object Repository/checkout-step-one/input_Checkout Your Information_postalCode"), "9000"): Keys '9000' sent to object: 'Object Repository/checkout-step-one/input_Checkout Your Information_postalCode'

2023-05-12 18:12:36 - [MESSAGE][PASSED] - Keys '9000' sent to object: 'Object Repository/checkout-step-one/input_Checkout Your Information_postalCode'

2023-05-12 18:12:36 - [TEST_STEP][PASSED] - click(findTestObject("Object Repository/checkout-step-one/input_continue")): Object: 'Object Repository/checkout-step-one/input_continue' is clicked on

2023-05-12 18:12:36 - [MESSAGE][PASSED] - Object: 'Object Repository/checkout-step-one/input_continue' is clicked on

2023-05-12 18:12:36 - [TEST_STEP][PASSED] - click(findTestObject("Object Repository/finish checkout/button_Finish")): Object: 'Object Repository/finish checkout/button_Finish' is clicked on

2023-05-12 18:12:37 - [MESSAGE][PASSED] - Object: 'Object Repository/finish checkout/button_Finish' is clicked on

2023-05-12 18:12:37 - [TEST_STEP][PASSED] - verifyElementVisible(findTestObject("Object Repository/order-success/h2_Thank you for your order")): Object 'Object Repository/order-success/h2_Thank you for your order' is visible

2023-05-12 18:12:37 - [MESSAGE][PASSED] - Object 'Object Repository/order-success/h2_Thank you for your order' is visible

2023-05-12 18:12:37 - [TEST_STEP][PASSED] - click(findTestObject("Object Repository/NavSideBar/sidebar")): Object: 'Object Repository/NavSideBar/sidebar' is clicked on

2023-05-12 18:12:38 - [MESSAGE][PASSED] - Object: 'Object Repository/NavSideBar/sidebar' is clicked on

2023-05-12 18:12:38 - [TEST_STEP][PASSED] - click(findTestObject("Object Repository/NavSideBar/a_Logout")): Object: 'Object Repository/NavSideBar/a_Logout' is clicked on

2023-05-12 18:12:38 - [MESSAGE][PASSED] - Object: 'Object Repository/NavSideBar/a_Logout' is clicked on

2023-05-12 18:12:38 - [TEST_STEP][PASSED] - verifyElementVisible(findTestObject("Object Repository/Page_Swag Labs/input_Swag Labs_user-name")): Object 'Object Repository/Page_Swag Labs/input_Swag Labs_user-name' is visible

2023-05-12 18:12:39 - [MESSAGE][PASSED] - Object 'Object Repository/Page_Swag Labs/input_Swag Labs_user-name' is visible

2023-05-12 18:12:39 - [TEST_STEP][PASSED] - closeBrowser(): Browser is closed

2023-05-12 18:12:40 - [MESSAGE][PASSED] - Browser is closed]]></system-out>
         <system-err><![CDATA[]]></system-err>
      </testcase>
      <testcase name="Test Cases/test-flow-1-buy-1-product" time="12.077" classname="Test Cases/test-flow-1-buy-1-product" status="PASSED">
         <system-out><![CDATA[2023-05-12 18:12:40 - [TEST_CASE][PASSED] - Test Cases/test-flow-1-buy-1-product: Test Cases/test-flow-1-buy-1-product

2023-05-12 18:12:40 - [TEST_STEP][PASSED] - openBrowser("https://www.saucedemo.com/"): Browser is opened with url: 'https://www.saucedemo.com/'

2023-05-12 18:12:40 - [MESSAGE][INFO] - Starting 'Chrome' driver

2023-05-12 18:12:40 - [MESSAGE][INFO] - Action delay is set to 0 milliseconds

2023-05-12 18:12:42 - [MESSAGE][PASSED] - Browser is opened with url: 'https://www.saucedemo.com/'

2023-05-12 18:12:42 - [TEST_STEP][PASSED] - click(findTestObject("Object Repository/Page_Swag Labs/input_Swag Labs_user-name")): Object: 'Object Repository/Page_Swag Labs/input_Swag Labs_user-name' is clicked on

2023-05-12 18:12:42 - [MESSAGE][PASSED] - Object: 'Object Repository/Page_Swag Labs/input_Swag Labs_user-name' is clicked on

2023-05-12 18:12:42 - [TEST_STEP][PASSED] - sendKeys(findTestObject("Object Repository/Page_Swag Labs/input_Swag Labs_user-name"), "standard_user"): Keys 'standard_user' sent to object: 'Object Repository/Page_Swag Labs/input_Swag Labs_user-name'

2023-05-12 18:12:42 - [MESSAGE][PASSED] - Keys 'standard_user' sent to object: 'Object Repository/Page_Swag Labs/input_Swag Labs_user-name'

2023-05-12 18:12:42 - [TEST_STEP][PASSED] - click(findTestObject("Object Repository/Page_Swag Labs/input_Swag Labs_password")): Object: 'Object Repository/Page_Swag Labs/input_Swag Labs_password' is clicked on

2023-05-12 18:12:43 - [MESSAGE][PASSED] - Object: 'Object Repository/Page_Swag Labs/input_Swag Labs_password' is clicked on

2023-05-12 18:12:43 - [TEST_STEP][PASSED] - sendKeys(findTestObject("Object Repository/Page_Swag Labs/input_Swag Labs_password"), "secret_sauce"): Keys 'secret_sauce' sent to object: 'Object Repository/Page_Swag Labs/input_Swag Labs_password'

2023-05-12 18:12:43 - [MESSAGE][PASSED] - Keys 'secret_sauce' sent to object: 'Object Repository/Page_Swag Labs/input_Swag Labs_password'

2023-05-12 18:12:43 - [TEST_STEP][PASSED] - click(findTestObject("Object Repository/Page_Swag Labs/input_Swag Labs_login-button")): Object: 'Object Repository/Page_Swag Labs/input_Swag Labs_login-button' is clicked on

2023-05-12 18:12:43 - [MESSAGE][PASSED] - Object: 'Object Repository/Page_Swag Labs/input_Swag Labs_login-button' is clicked on

2023-05-12 18:12:43 - [TEST_STEP][PASSED] - click(findTestObject("Object Repository/inventoryPage/Backpack")): Object: 'Object Repository/inventoryPage/Backpack' is clicked on

2023-05-12 18:12:44 - [MESSAGE][PASSED] - Object: 'Object Repository/inventoryPage/Backpack' is clicked on

2023-05-12 18:12:44 - [TEST_STEP][PASSED] - click(findTestObject("Object Repository/inventoryPage/button_Add to cart")): Object: 'Object Repository/inventoryPage/button_Add to cart' is clicked on

2023-05-12 18:12:44 - [MESSAGE][PASSED] - Object: 'Object Repository/inventoryPage/button_Add to cart' is clicked on

2023-05-12 18:12:44 - [TEST_STEP][PASSED] - click(findTestObject("Object Repository/inventoryPage/products_back-image")): Object: 'Object Repository/inventoryPage/products_back-image' is clicked on

2023-05-12 18:12:45 - [MESSAGE][PASSED] - Object: 'Object Repository/inventoryPage/products_back-image' is clicked on

2023-05-12 18:12:45 - [TEST_STEP][PASSED] - click(findTestObject("Object Repository/inventoryPage/cart")): Object: 'Object Repository/inventoryPage/cart' is clicked on

2023-05-12 18:12:46 - [MESSAGE][PASSED] - Object: 'Object Repository/inventoryPage/cart' is clicked on

2023-05-12 18:12:46 - [TEST_STEP][PASSED] - click(findTestObject("Object Repository/CheckoutPage/button_Checkout")): Object: 'Object Repository/CheckoutPage/button_Checkout' is clicked on

2023-05-12 18:12:46 - [MESSAGE][PASSED] - Object: 'Object Repository/CheckoutPage/button_Checkout' is clicked on

2023-05-12 18:12:46 - [TEST_STEP][PASSED] - sendKeys(findTestObject("Object Repository/checkout-step-one/input_Checkout Your Information_firstName"), "demo"): Keys 'demo' sent to object: 'Object Repository/checkout-step-one/input_Checkout Your Information_firstName'

2023-05-12 18:12:47 - [MESSAGE][PASSED] - Keys 'demo' sent to object: 'Object Repository/checkout-step-one/input_Checkout Your Information_firstName'

2023-05-12 18:12:47 - [TEST_STEP][PASSED] - sendKeys(findTestObject("Object Repository/checkout-step-one/input_Checkout Your Information_lastName"), "qa test"): Keys 'qa test' sent to object: 'Object Repository/checkout-step-one/input_Checkout Your Information_lastName'

2023-05-12 18:12:47 - [MESSAGE][PASSED] - Keys 'qa test' sent to object: 'Object Repository/checkout-step-one/input_Checkout Your Information_lastName'

2023-05-12 18:12:47 - [TEST_STEP][PASSED] - sendKeys(findTestObject("Object Repository/checkout-step-one/input_Checkout Your Information_postalCode"), "9000"): Keys '9000' sent to object: 'Object Repository/checkout-step-one/input_Checkout Your Information_postalCode'

2023-05-12 18:12:48 - [MESSAGE][PASSED] - Keys '9000' sent to object: 'Object Repository/checkout-step-one/input_Checkout Your Information_postalCode'

2023-05-12 18:12:48 - [TEST_STEP][PASSED] - click(findTestObject("Object Repository/checkout-step-one/input_continue")): Object: 'Object Repository/checkout-step-one/input_continue' is clicked on

2023-05-12 18:12:48 - [MESSAGE][PASSED] - Object: 'Object Repository/checkout-step-one/input_continue' is clicked on

2023-05-12 18:12:48 - [TEST_STEP][PASSED] - click(findTestObject("Object Repository/finish checkout/button_Finish")): Object: 'Object Repository/finish checkout/button_Finish' is clicked on

2023-05-12 18:12:49 - [MESSAGE][PASSED] - Object: 'Object Repository/finish checkout/button_Finish' is clicked on

2023-05-12 18:12:49 - [TEST_STEP][PASSED] - verifyElementVisible(findTestObject("Object Repository/order-success/h2_Thank you for your order")): Object 'Object Repository/order-success/h2_Thank you for your order' is visible

2023-05-12 18:12:50 - [MESSAGE][PASSED] - Object 'Object Repository/order-success/h2_Thank you for your order' is visible

2023-05-12 18:12:50 - [TEST_STEP][PASSED] - click(findTestObject("Object Repository/NavSideBar/sidebar")): Object: 'Object Repository/NavSideBar/sidebar' is clicked on

2023-05-12 18:12:50 - [MESSAGE][PASSED] - Object: 'Object Repository/NavSideBar/sidebar' is clicked on

2023-05-12 18:12:50 - [TEST_STEP][PASSED] - click(findTestObject("Object Repository/NavSideBar/a_Logout")): Object: 'Object Repository/NavSideBar/a_Logout' is clicked on

2023-05-12 18:12:50 - [MESSAGE][PASSED] - Object: 'Object Repository/NavSideBar/a_Logout' is clicked on

2023-05-12 18:12:50 - [TEST_STEP][PASSED] - verifyElementVisible(findTestObject("Object Repository/Page_Swag Labs/input_Swag Labs_user-name")): Object 'Object Repository/Page_Swag Labs/input_Swag Labs_user-name' is visible

2023-05-12 18:12:51 - [MESSAGE][PASSED] - Object 'Object Repository/Page_Swag Labs/input_Swag Labs_user-name' is visible

2023-05-12 18:12:51 - [TEST_STEP][PASSED] - closeBrowser(): Browser is closed

2023-05-12 18:12:52 - [MESSAGE][PASSED] - Browser is closed]]></system-out>
         <system-err><![CDATA[]]></system-err>
      </testcase>
      <testcase name="Test Cases/test-flow-1-buy-1-product" time="12.065" classname="Test Cases/test-flow-1-buy-1-product" status="PASSED">
         <system-out><![CDATA[2023-05-12 18:12:52 - [TEST_CASE][PASSED] - Test Cases/test-flow-1-buy-1-product: Test Cases/test-flow-1-buy-1-product

2023-05-12 18:12:52 - [TEST_STEP][PASSED] - openBrowser("https://www.saucedemo.com/"): Browser is opened with url: 'https://www.saucedemo.com/'

2023-05-12 18:12:52 - [MESSAGE][INFO] - Starting 'Chrome' driver

2023-05-12 18:12:52 - [MESSAGE][INFO] - Action delay is set to 0 milliseconds

2023-05-12 18:12:54 - [MESSAGE][PASSED] - Browser is opened with url: 'https://www.saucedemo.com/'

2023-05-12 18:12:54 - [TEST_STEP][PASSED] - click(findTestObject("Object Repository/Page_Swag Labs/input_Swag Labs_user-name")): Object: 'Object Repository/Page_Swag Labs/input_Swag Labs_user-name' is clicked on

2023-05-12 18:12:54 - [MESSAGE][PASSED] - Object: 'Object Repository/Page_Swag Labs/input_Swag Labs_user-name' is clicked on

2023-05-12 18:12:54 - [TEST_STEP][PASSED] - sendKeys(findTestObject("Object Repository/Page_Swag Labs/input_Swag Labs_user-name"), "standard_user"): Keys 'standard_user' sent to object: 'Object Repository/Page_Swag Labs/input_Swag Labs_user-name'

2023-05-12 18:12:54 - [MESSAGE][PASSED] - Keys 'standard_user' sent to object: 'Object Repository/Page_Swag Labs/input_Swag Labs_user-name'

2023-05-12 18:12:54 - [TEST_STEP][PASSED] - click(findTestObject("Object Repository/Page_Swag Labs/input_Swag Labs_password")): Object: 'Object Repository/Page_Swag Labs/input_Swag Labs_password' is clicked on

2023-05-12 18:12:55 - [MESSAGE][PASSED] - Object: 'Object Repository/Page_Swag Labs/input_Swag Labs_password' is clicked on

2023-05-12 18:12:55 - [TEST_STEP][PASSED] - sendKeys(findTestObject("Object Repository/Page_Swag Labs/input_Swag Labs_password"), "secret_sauce"): Keys 'secret_sauce' sent to object: 'Object Repository/Page_Swag Labs/input_Swag Labs_password'

2023-05-12 18:12:55 - [MESSAGE][PASSED] - Keys 'secret_sauce' sent to object: 'Object Repository/Page_Swag Labs/input_Swag Labs_password'

2023-05-12 18:12:55 - [TEST_STEP][PASSED] - click(findTestObject("Object Repository/Page_Swag Labs/input_Swag Labs_login-button")): Object: 'Object Repository/Page_Swag Labs/input_Swag Labs_login-button' is clicked on

2023-05-12 18:12:56 - [MESSAGE][PASSED] - Object: 'Object Repository/Page_Swag Labs/input_Swag Labs_login-button' is clicked on

2023-05-12 18:12:56 - [TEST_STEP][PASSED] - click(findTestObject("Object Repository/inventoryPage/Backpack")): Object: 'Object Repository/inventoryPage/Backpack' is clicked on

2023-05-12 18:12:56 - [MESSAGE][PASSED] - Object: 'Object Repository/inventoryPage/Backpack' is clicked on

2023-05-12 18:12:56 - [TEST_STEP][PASSED] - click(findTestObject("Object Repository/inventoryPage/button_Add to cart")): Object: 'Object Repository/inventoryPage/button_Add to cart' is clicked on

2023-05-12 18:12:56 - [MESSAGE][PASSED] - Object: 'Object Repository/inventoryPage/button_Add to cart' is clicked on

2023-05-12 18:12:56 - [TEST_STEP][PASSED] - click(findTestObject("Object Repository/inventoryPage/products_back-image")): Object: 'Object Repository/inventoryPage/products_back-image' is clicked on

2023-05-12 18:12:57 - [MESSAGE][PASSED] - Object: 'Object Repository/inventoryPage/products_back-image' is clicked on

2023-05-12 18:12:57 - [TEST_STEP][PASSED] - click(findTestObject("Object Repository/inventoryPage/cart")): Object: 'Object Repository/inventoryPage/cart' is clicked on

2023-05-12 18:12:58 - [MESSAGE][PASSED] - Object: 'Object Repository/inventoryPage/cart' is clicked on

2023-05-12 18:12:58 - [TEST_STEP][PASSED] - click(findTestObject("Object Repository/CheckoutPage/button_Checkout")): Object: 'Object Repository/CheckoutPage/button_Checkout' is clicked on

2023-05-12 18:12:58 - [MESSAGE][PASSED] - Object: 'Object Repository/CheckoutPage/button_Checkout' is clicked on

2023-05-12 18:12:58 - [TEST_STEP][PASSED] - sendKeys(findTestObject("Object Repository/checkout-step-one/input_Checkout Your Information_firstName"), "demo"): Keys 'demo' sent to object: 'Object Repository/checkout-step-one/input_Checkout Your Information_firstName'

2023-05-12 18:12:59 - [MESSAGE][PASSED] - Keys 'demo' sent to object: 'Object Repository/checkout-step-one/input_Checkout Your Information_firstName'

2023-05-12 18:12:59 - [TEST_STEP][PASSED] - sendKeys(findTestObject("Object Repository/checkout-step-one/input_Checkout Your Information_lastName"), "qa test"): Keys 'qa test' sent to object: 'Object Repository/checkout-step-one/input_Checkout Your Information_lastName'

2023-05-12 18:12:59 - [MESSAGE][PASSED] - Keys 'qa test' sent to object: 'Object Repository/checkout-step-one/input_Checkout Your Information_lastName'

2023-05-12 18:12:59 - [TEST_STEP][PASSED] - sendKeys(findTestObject("Object Repository/checkout-step-one/input_Checkout Your Information_postalCode"), "9000"): Keys '9000' sent to object: 'Object Repository/checkout-step-one/input_Checkout Your Information_postalCode'

2023-05-12 18:13:00 - [MESSAGE][PASSED] - Keys '9000' sent to object: 'Object Repository/checkout-step-one/input_Checkout Your Information_postalCode'

2023-05-12 18:13:00 - [TEST_STEP][PASSED] - click(findTestObject("Object Repository/checkout-step-one/input_continue")): Object: 'Object Repository/checkout-step-one/input_continue' is clicked on

2023-05-12 18:13:00 - [MESSAGE][PASSED] - Object: 'Object Repository/checkout-step-one/input_continue' is clicked on

2023-05-12 18:13:00 - [TEST_STEP][PASSED] - click(findTestObject("Object Repository/finish checkout/button_Finish")): Object: 'Object Repository/finish checkout/button_Finish' is clicked on

2023-05-12 18:13:01 - [MESSAGE][PASSED] - Object: 'Object Repository/finish checkout/button_Finish' is clicked on

2023-05-12 18:13:01 - [TEST_STEP][PASSED] - verifyElementVisible(findTestObject("Object Repository/order-success/h2_Thank you for your order")): Object 'Object Repository/order-success/h2_Thank you for your order' is visible

2023-05-12 18:13:02 - [MESSAGE][PASSED] - Object 'Object Repository/order-success/h2_Thank you for your order' is visible

2023-05-12 18:13:02 - [TEST_STEP][PASSED] - click(findTestObject("Object Repository/NavSideBar/sidebar")): Object: 'Object Repository/NavSideBar/sidebar' is clicked on

2023-05-12 18:13:02 - [MESSAGE][PASSED] - Object: 'Object Repository/NavSideBar/sidebar' is clicked on

2023-05-12 18:13:02 - [TEST_STEP][PASSED] - click(findTestObject("Object Repository/NavSideBar/a_Logout")): Object: 'Object Repository/NavSideBar/a_Logout' is clicked on

2023-05-12 18:13:02 - [MESSAGE][PASSED] - Object: 'Object Repository/NavSideBar/a_Logout' is clicked on

2023-05-12 18:13:02 - [TEST_STEP][PASSED] - verifyElementVisible(findTestObject("Object Repository/Page_Swag Labs/input_Swag Labs_user-name")): Object 'Object Repository/Page_Swag Labs/input_Swag Labs_user-name' is visible

2023-05-12 18:13:03 - [MESSAGE][PASSED] - Object 'Object Repository/Page_Swag Labs/input_Swag Labs_user-name' is visible

2023-05-12 18:13:03 - [TEST_STEP][PASSED] - closeBrowser(): Browser is closed

2023-05-12 18:13:04 - [MESSAGE][PASSED] - Browser is closed]]></system-out>
         <system-err><![CDATA[]]></system-err>
      </testcase>
      <testcase name="Test Cases/test-flow-1-buy-1-product" time="11.826" classname="Test Cases/test-flow-1-buy-1-product" status="PASSED">
         <system-out><![CDATA[2023-05-12 18:13:04 - [TEST_CASE][PASSED] - Test Cases/test-flow-1-buy-1-product: Test Cases/test-flow-1-buy-1-product

2023-05-12 18:13:04 - [TEST_STEP][PASSED] - openBrowser("https://www.saucedemo.com/"): Browser is opened with url: 'https://www.saucedemo.com/'

2023-05-12 18:13:04 - [MESSAGE][INFO] - Starting 'Chrome' driver

2023-05-12 18:13:04 - [MESSAGE][INFO] - Action delay is set to 0 milliseconds

2023-05-12 18:13:06 - [MESSAGE][PASSED] - Browser is opened with url: 'https://www.saucedemo.com/'

2023-05-12 18:13:06 - [TEST_STEP][PASSED] - click(findTestObject("Object Repository/Page_Swag Labs/input_Swag Labs_user-name")): Object: 'Object Repository/Page_Swag Labs/input_Swag Labs_user-name' is clicked on

2023-05-12 18:13:06 - [MESSAGE][PASSED] - Object: 'Object Repository/Page_Swag Labs/input_Swag Labs_user-name' is clicked on

2023-05-12 18:13:06 - [TEST_STEP][PASSED] - sendKeys(findTestObject("Object Repository/Page_Swag Labs/input_Swag Labs_user-name"), "standard_user"): Keys 'standard_user' sent to object: 'Object Repository/Page_Swag Labs/input_Swag Labs_user-name'

2023-05-12 18:13:06 - [MESSAGE][PASSED] - Keys 'standard_user' sent to object: 'Object Repository/Page_Swag Labs/input_Swag Labs_user-name'

2023-05-12 18:13:06 - [TEST_STEP][PASSED] - click(findTestObject("Object Repository/Page_Swag Labs/input_Swag Labs_password")): Object: 'Object Repository/Page_Swag Labs/input_Swag Labs_password' is clicked on

2023-05-12 18:13:07 - [MESSAGE][PASSED] - Object: 'Object Repository/Page_Swag Labs/input_Swag Labs_password' is clicked on

2023-05-12 18:13:07 - [TEST_STEP][PASSED] - sendKeys(findTestObject("Object Repository/Page_Swag Labs/input_Swag Labs_password"), "secret_sauce"): Keys 'secret_sauce' sent to object: 'Object Repository/Page_Swag Labs/input_Swag Labs_password'

2023-05-12 18:13:07 - [MESSAGE][PASSED] - Keys 'secret_sauce' sent to object: 'Object Repository/Page_Swag Labs/input_Swag Labs_password'

2023-05-12 18:13:07 - [TEST_STEP][PASSED] - click(findTestObject("Object Repository/Page_Swag Labs/input_Swag Labs_login-button")): Object: 'Object Repository/Page_Swag Labs/input_Swag Labs_login-button' is clicked on

2023-05-12 18:13:07 - [MESSAGE][PASSED] - Object: 'Object Repository/Page_Swag Labs/input_Swag Labs_login-button' is clicked on

2023-05-12 18:13:07 - [TEST_STEP][PASSED] - click(findTestObject("Object Repository/inventoryPage/Backpack")): Object: 'Object Repository/inventoryPage/Backpack' is clicked on

2023-05-12 18:13:08 - [MESSAGE][PASSED] - Object: 'Object Repository/inventoryPage/Backpack' is clicked on

2023-05-12 18:13:08 - [TEST_STEP][PASSED] - click(findTestObject("Object Repository/inventoryPage/button_Add to cart")): Object: 'Object Repository/inventoryPage/button_Add to cart' is clicked on

2023-05-12 18:13:08 - [MESSAGE][PASSED] - Object: 'Object Repository/inventoryPage/button_Add to cart' is clicked on

2023-05-12 18:13:08 - [TEST_STEP][PASSED] - click(findTestObject("Object Repository/inventoryPage/products_back-image")): Object: 'Object Repository/inventoryPage/products_back-image' is clicked on

2023-05-12 18:13:09 - [MESSAGE][PASSED] - Object: 'Object Repository/inventoryPage/products_back-image' is clicked on

2023-05-12 18:13:09 - [TEST_STEP][PASSED] - click(findTestObject("Object Repository/inventoryPage/cart")): Object: 'Object Repository/inventoryPage/cart' is clicked on

2023-05-12 18:13:09 - [MESSAGE][PASSED] - Object: 'Object Repository/inventoryPage/cart' is clicked on

2023-05-12 18:13:09 - [TEST_STEP][PASSED] - click(findTestObject("Object Repository/CheckoutPage/button_Checkout")): Object: 'Object Repository/CheckoutPage/button_Checkout' is clicked on

2023-05-12 18:13:10 - [MESSAGE][PASSED] - Object: 'Object Repository/CheckoutPage/button_Checkout' is clicked on

2023-05-12 18:13:10 - [TEST_STEP][PASSED] - sendKeys(findTestObject("Object Repository/checkout-step-one/input_Checkout Your Information_firstName"), "demo"): Keys 'demo' sent to object: 'Object Repository/checkout-step-one/input_Checkout Your Information_firstName'

2023-05-12 18:13:11 - [MESSAGE][PASSED] - Keys 'demo' sent to object: 'Object Repository/checkout-step-one/input_Checkout Your Information_firstName'

2023-05-12 18:13:11 - [TEST_STEP][PASSED] - sendKeys(findTestObject("Object Repository/checkout-step-one/input_Checkout Your Information_lastName"), "qa test"): Keys 'qa test' sent to object: 'Object Repository/checkout-step-one/input_Checkout Your Information_lastName'

2023-05-12 18:13:11 - [MESSAGE][PASSED] - Keys 'qa test' sent to object: 'Object Repository/checkout-step-one/input_Checkout Your Information_lastName'

2023-05-12 18:13:11 - [TEST_STEP][PASSED] - sendKeys(findTestObject("Object Repository/checkout-step-one/input_Checkout Your Information_postalCode"), "9000"): Keys '9000' sent to object: 'Object Repository/checkout-step-one/input_Checkout Your Information_postalCode'

2023-05-12 18:13:12 - [MESSAGE][PASSED] - Keys '9000' sent to object: 'Object Repository/checkout-step-one/input_Checkout Your Information_postalCode'

2023-05-12 18:13:12 - [TEST_STEP][PASSED] - click(findTestObject("Object Repository/checkout-step-one/input_continue")): Object: 'Object Repository/checkout-step-one/input_continue' is clicked on

2023-05-12 18:13:12 - [MESSAGE][PASSED] - Object: 'Object Repository/checkout-step-one/input_continue' is clicked on

2023-05-12 18:13:12 - [TEST_STEP][PASSED] - click(findTestObject("Object Repository/finish checkout/button_Finish")): Object: 'Object Repository/finish checkout/button_Finish' is clicked on

2023-05-12 18:13:13 - [MESSAGE][PASSED] - Object: 'Object Repository/finish checkout/button_Finish' is clicked on

2023-05-12 18:13:13 - [TEST_STEP][PASSED] - verifyElementVisible(findTestObject("Object Repository/order-success/h2_Thank you for your order")): Object 'Object Repository/order-success/h2_Thank you for your order' is visible

2023-05-12 18:13:13 - [MESSAGE][PASSED] - Object 'Object Repository/order-success/h2_Thank you for your order' is visible

2023-05-12 18:13:13 - [TEST_STEP][PASSED] - click(findTestObject("Object Repository/NavSideBar/sidebar")): Object: 'Object Repository/NavSideBar/sidebar' is clicked on

2023-05-12 18:13:14 - [MESSAGE][PASSED] - Object: 'Object Repository/NavSideBar/sidebar' is clicked on

2023-05-12 18:13:14 - [TEST_STEP][PASSED] - click(findTestObject("Object Repository/NavSideBar/a_Logout")): Object: 'Object Repository/NavSideBar/a_Logout' is clicked on

2023-05-12 18:13:14 - [MESSAGE][PASSED] - Object: 'Object Repository/NavSideBar/a_Logout' is clicked on

2023-05-12 18:13:14 - [TEST_STEP][PASSED] - verifyElementVisible(findTestObject("Object Repository/Page_Swag Labs/input_Swag Labs_user-name")): Object 'Object Repository/Page_Swag Labs/input_Swag Labs_user-name' is visible

2023-05-12 18:13:15 - [MESSAGE][PASSED] - Object 'Object Repository/Page_Swag Labs/input_Swag Labs_user-name' is visible

2023-05-12 18:13:15 - [TEST_STEP][PASSED] - closeBrowser(): Browser is closed

2023-05-12 18:13:16 - [MESSAGE][PASSED] - Browser is closed]]></system-out>
         <system-err><![CDATA[]]></system-err>
      </testcase>
      <testcase name="Test Cases/test-flow-1-buy-1-product" time="11.766" classname="Test Cases/test-flow-1-buy-1-product" status="PASSED">
         <system-out><![CDATA[2023-05-12 18:13:16 - [TEST_CASE][PASSED] - Test Cases/test-flow-1-buy-1-product: Test Cases/test-flow-1-buy-1-product

2023-05-12 18:13:16 - [TEST_STEP][PASSED] - openBrowser("https://www.saucedemo.com/"): Browser is opened with url: 'https://www.saucedemo.com/'

2023-05-12 18:13:16 - [MESSAGE][INFO] - Starting 'Chrome' driver

2023-05-12 18:13:16 - [MESSAGE][INFO] - Action delay is set to 0 milliseconds

2023-05-12 18:13:17 - [MESSAGE][PASSED] - Browser is opened with url: 'https://www.saucedemo.com/'

2023-05-12 18:13:17 - [TEST_STEP][PASSED] - click(findTestObject("Object Repository/Page_Swag Labs/input_Swag Labs_user-name")): Object: 'Object Repository/Page_Swag Labs/input_Swag Labs_user-name' is clicked on

2023-05-12 18:13:18 - [MESSAGE][PASSED] - Object: 'Object Repository/Page_Swag Labs/input_Swag Labs_user-name' is clicked on

2023-05-12 18:13:18 - [TEST_STEP][PASSED] - sendKeys(findTestObject("Object Repository/Page_Swag Labs/input_Swag Labs_user-name"), "standard_user"): Keys 'standard_user' sent to object: 'Object Repository/Page_Swag Labs/input_Swag Labs_user-name'

2023-05-12 18:13:18 - [MESSAGE][PASSED] - Keys 'standard_user' sent to object: 'Object Repository/Page_Swag Labs/input_Swag Labs_user-name'

2023-05-12 18:13:18 - [TEST_STEP][PASSED] - click(findTestObject("Object Repository/Page_Swag Labs/input_Swag Labs_password")): Object: 'Object Repository/Page_Swag Labs/input_Swag Labs_password' is clicked on

2023-05-12 18:13:18 - [MESSAGE][PASSED] - Object: 'Object Repository/Page_Swag Labs/input_Swag Labs_password' is clicked on

2023-05-12 18:13:18 - [TEST_STEP][PASSED] - sendKeys(findTestObject("Object Repository/Page_Swag Labs/input_Swag Labs_password"), "secret_sauce"): Keys 'secret_sauce' sent to object: 'Object Repository/Page_Swag Labs/input_Swag Labs_password'

2023-05-12 18:13:19 - [MESSAGE][PASSED] - Keys 'secret_sauce' sent to object: 'Object Repository/Page_Swag Labs/input_Swag Labs_password'

2023-05-12 18:13:19 - [TEST_STEP][PASSED] - click(findTestObject("Object Repository/Page_Swag Labs/input_Swag Labs_login-button")): Object: 'Object Repository/Page_Swag Labs/input_Swag Labs_login-button' is clicked on

2023-05-12 18:13:19 - [MESSAGE][PASSED] - Object: 'Object Repository/Page_Swag Labs/input_Swag Labs_login-button' is clicked on

2023-05-12 18:13:19 - [TEST_STEP][PASSED] - click(findTestObject("Object Repository/inventoryPage/Backpack")): Object: 'Object Repository/inventoryPage/Backpack' is clicked on

2023-05-12 18:13:20 - [MESSAGE][PASSED] - Object: 'Object Repository/inventoryPage/Backpack' is clicked on

2023-05-12 18:13:20 - [TEST_STEP][PASSED] - click(findTestObject("Object Repository/inventoryPage/button_Add to cart")): Object: 'Object Repository/inventoryPage/button_Add to cart' is clicked on

2023-05-12 18:13:20 - [MESSAGE][PASSED] - Object: 'Object Repository/inventoryPage/button_Add to cart' is clicked on

2023-05-12 18:13:20 - [TEST_STEP][PASSED] - click(findTestObject("Object Repository/inventoryPage/products_back-image")): Object: 'Object Repository/inventoryPage/products_back-image' is clicked on

2023-05-12 18:13:21 - [MESSAGE][PASSED] - Object: 'Object Repository/inventoryPage/products_back-image' is clicked on

2023-05-12 18:13:21 - [TEST_STEP][PASSED] - click(findTestObject("Object Repository/inventoryPage/cart")): Object: 'Object Repository/inventoryPage/cart' is clicked on

2023-05-12 18:13:21 - [MESSAGE][PASSED] - Object: 'Object Repository/inventoryPage/cart' is clicked on

2023-05-12 18:13:21 - [TEST_STEP][PASSED] - click(findTestObject("Object Repository/CheckoutPage/button_Checkout")): Object: 'Object Repository/CheckoutPage/button_Checkout' is clicked on

2023-05-12 18:13:22 - [MESSAGE][PASSED] - Object: 'Object Repository/CheckoutPage/button_Checkout' is clicked on

2023-05-12 18:13:22 - [TEST_STEP][PASSED] - sendKeys(findTestObject("Object Repository/checkout-step-one/input_Checkout Your Information_firstName"), "demo"): Keys 'demo' sent to object: 'Object Repository/checkout-step-one/input_Checkout Your Information_firstName'

2023-05-12 18:13:22 - [MESSAGE][PASSED] - Keys 'demo' sent to object: 'Object Repository/checkout-step-one/input_Checkout Your Information_firstName'

2023-05-12 18:13:22 - [TEST_STEP][PASSED] - sendKeys(findTestObject("Object Repository/checkout-step-one/input_Checkout Your Information_lastName"), "qa test"): Keys 'qa test' sent to object: 'Object Repository/checkout-step-one/input_Checkout Your Information_lastName'

2023-05-12 18:13:23 - [MESSAGE][PASSED] - Keys 'qa test' sent to object: 'Object Repository/checkout-step-one/input_Checkout Your Information_lastName'

2023-05-12 18:13:23 - [TEST_STEP][PASSED] - sendKeys(findTestObject("Object Repository/checkout-step-one/input_Checkout Your Information_postalCode"), "9000"): Keys '9000' sent to object: 'Object Repository/checkout-step-one/input_Checkout Your Information_postalCode'

2023-05-12 18:13:23 - [MESSAGE][PASSED] - Keys '9000' sent to object: 'Object Repository/checkout-step-one/input_Checkout Your Information_postalCode'

2023-05-12 18:13:23 - [TEST_STEP][PASSED] - click(findTestObject("Object Repository/checkout-step-one/input_continue")): Object: 'Object Repository/checkout-step-one/input_continue' is clicked on

2023-05-12 18:13:24 - [MESSAGE][PASSED] - Object: 'Object Repository/checkout-step-one/input_continue' is clicked on

2023-05-12 18:13:24 - [TEST_STEP][PASSED] - click(findTestObject("Object Repository/finish checkout/button_Finish")): Object: 'Object Repository/finish checkout/button_Finish' is clicked on

2023-05-12 18:13:25 - [MESSAGE][PASSED] - Object: 'Object Repository/finish checkout/button_Finish' is clicked on

2023-05-12 18:13:25 - [TEST_STEP][PASSED] - verifyElementVisible(findTestObject("Object Repository/order-success/h2_Thank you for your order")): Object 'Object Repository/order-success/h2_Thank you for your order' is visible

2023-05-12 18:13:25 - [MESSAGE][PASSED] - Object 'Object Repository/order-success/h2_Thank you for your order' is visible

2023-05-12 18:13:25 - [TEST_STEP][PASSED] - click(findTestObject("Object Repository/NavSideBar/sidebar")): Object: 'Object Repository/NavSideBar/sidebar' is clicked on

2023-05-12 18:13:25 - [MESSAGE][PASSED] - Object: 'Object Repository/NavSideBar/sidebar' is clicked on

2023-05-12 18:13:25 - [TEST_STEP][PASSED] - click(findTestObject("Object Repository/NavSideBar/a_Logout")): Object: 'Object Repository/NavSideBar/a_Logout' is clicked on

2023-05-12 18:13:26 - [MESSAGE][PASSED] - Object: 'Object Repository/NavSideBar/a_Logout' is clicked on

2023-05-12 18:13:26 - [TEST_STEP][PASSED] - verifyElementVisible(findTestObject("Object Repository/Page_Swag Labs/input_Swag Labs_user-name")): Object 'Object Repository/Page_Swag Labs/input_Swag Labs_user-name' is visible

2023-05-12 18:13:27 - [MESSAGE][PASSED] - Object 'Object Repository/Page_Swag Labs/input_Swag Labs_user-name' is visible

2023-05-12 18:13:27 - [TEST_STEP][PASSED] - closeBrowser(): Browser is closed

2023-05-12 18:13:27 - [MESSAGE][PASSED] - Browser is closed]]></system-out>
         <system-err><![CDATA[]]></system-err>
      </testcase>
      <testcase name="Test Cases/test-flow-1-buy-1-product" time="11.87" classname="Test Cases/test-flow-1-buy-1-product" status="PASSED">
         <system-out><![CDATA[2023-05-12 18:13:27 - [TEST_CASE][PASSED] - Test Cases/test-flow-1-buy-1-product: Test Cases/test-flow-1-buy-1-product

2023-05-12 18:13:27 - [TEST_STEP][PASSED] - openBrowser("https://www.saucedemo.com/"): Browser is opened with url: 'https://www.saucedemo.com/'

2023-05-12 18:13:27 - [MESSAGE][INFO] - Starting 'Chrome' driver

2023-05-12 18:13:27 - [MESSAGE][INFO] - Action delay is set to 0 milliseconds

2023-05-12 18:13:29 - [MESSAGE][PASSED] - Browser is opened with url: 'https://www.saucedemo.com/'

2023-05-12 18:13:29 - [TEST_STEP][PASSED] - click(findTestObject("Object Repository/Page_Swag Labs/input_Swag Labs_user-name")): Object: 'Object Repository/Page_Swag Labs/input_Swag Labs_user-name' is clicked on

2023-05-12 18:13:30 - [MESSAGE][PASSED] - Object: 'Object Repository/Page_Swag Labs/input_Swag Labs_user-name' is clicked on

2023-05-12 18:13:30 - [TEST_STEP][PASSED] - sendKeys(findTestObject("Object Repository/Page_Swag Labs/input_Swag Labs_user-name"), "standard_user"): Keys 'standard_user' sent to object: 'Object Repository/Page_Swag Labs/input_Swag Labs_user-name'

2023-05-12 18:13:30 - [MESSAGE][PASSED] - Keys 'standard_user' sent to object: 'Object Repository/Page_Swag Labs/input_Swag Labs_user-name'

2023-05-12 18:13:30 - [TEST_STEP][PASSED] - click(findTestObject("Object Repository/Page_Swag Labs/input_Swag Labs_password")): Object: 'Object Repository/Page_Swag Labs/input_Swag Labs_password' is clicked on

2023-05-12 18:13:30 - [MESSAGE][PASSED] - Object: 'Object Repository/Page_Swag Labs/input_Swag Labs_password' is clicked on

2023-05-12 18:13:30 - [TEST_STEP][PASSED] - sendKeys(findTestObject("Object Repository/Page_Swag Labs/input_Swag Labs_password"), "secret_sauce"): Keys 'secret_sauce' sent to object: 'Object Repository/Page_Swag Labs/input_Swag Labs_password'

2023-05-12 18:13:31 - [MESSAGE][PASSED] - Keys 'secret_sauce' sent to object: 'Object Repository/Page_Swag Labs/input_Swag Labs_password'

2023-05-12 18:13:31 - [TEST_STEP][PASSED] - click(findTestObject("Object Repository/Page_Swag Labs/input_Swag Labs_login-button")): Object: 'Object Repository/Page_Swag Labs/input_Swag Labs_login-button' is clicked on

2023-05-12 18:13:31 - [MESSAGE][PASSED] - Object: 'Object Repository/Page_Swag Labs/input_Swag Labs_login-button' is clicked on

2023-05-12 18:13:31 - [TEST_STEP][PASSED] - click(findTestObject("Object Repository/inventoryPage/Backpack")): Object: 'Object Repository/inventoryPage/Backpack' is clicked on

2023-05-12 18:13:32 - [MESSAGE][PASSED] - Object: 'Object Repository/inventoryPage/Backpack' is clicked on

2023-05-12 18:13:32 - [TEST_STEP][PASSED] - click(findTestObject("Object Repository/inventoryPage/button_Add to cart")): Object: 'Object Repository/inventoryPage/button_Add to cart' is clicked on

2023-05-12 18:13:32 - [MESSAGE][PASSED] - Object: 'Object Repository/inventoryPage/button_Add to cart' is clicked on

2023-05-12 18:13:32 - [TEST_STEP][PASSED] - click(findTestObject("Object Repository/inventoryPage/products_back-image")): Object: 'Object Repository/inventoryPage/products_back-image' is clicked on

2023-05-12 18:13:33 - [MESSAGE][PASSED] - Object: 'Object Repository/inventoryPage/products_back-image' is clicked on

2023-05-12 18:13:33 - [TEST_STEP][PASSED] - click(findTestObject("Object Repository/inventoryPage/cart")): Object: 'Object Repository/inventoryPage/cart' is clicked on

2023-05-12 18:13:33 - [MESSAGE][PASSED] - Object: 'Object Repository/inventoryPage/cart' is clicked on

2023-05-12 18:13:33 - [TEST_STEP][PASSED] - click(findTestObject("Object Repository/CheckoutPage/button_Checkout")): Object: 'Object Repository/CheckoutPage/button_Checkout' is clicked on

2023-05-12 18:13:34 - [MESSAGE][PASSED] - Object: 'Object Repository/CheckoutPage/button_Checkout' is clicked on

2023-05-12 18:13:34 - [TEST_STEP][PASSED] - sendKeys(findTestObject("Object Repository/checkout-step-one/input_Checkout Your Information_firstName"), "demo"): Keys 'demo' sent to object: 'Object Repository/checkout-step-one/input_Checkout Your Information_firstName'

2023-05-12 18:13:34 - [MESSAGE][PASSED] - Keys 'demo' sent to object: 'Object Repository/checkout-step-one/input_Checkout Your Information_firstName'

2023-05-12 18:13:34 - [TEST_STEP][PASSED] - sendKeys(findTestObject("Object Repository/checkout-step-one/input_Checkout Your Information_lastName"), "qa test"): Keys 'qa test' sent to object: 'Object Repository/checkout-step-one/input_Checkout Your Information_lastName'

2023-05-12 18:13:35 - [MESSAGE][PASSED] - Keys 'qa test' sent to object: 'Object Repository/checkout-step-one/input_Checkout Your Information_lastName'

2023-05-12 18:13:35 - [TEST_STEP][PASSED] - sendKeys(findTestObject("Object Repository/checkout-step-one/input_Checkout Your Information_postalCode"), "9000"): Keys '9000' sent to object: 'Object Repository/checkout-step-one/input_Checkout Your Information_postalCode'

2023-05-12 18:13:35 - [MESSAGE][PASSED] - Keys '9000' sent to object: 'Object Repository/checkout-step-one/input_Checkout Your Information_postalCode'

2023-05-12 18:13:35 - [TEST_STEP][PASSED] - click(findTestObject("Object Repository/checkout-step-one/input_continue")): Object: 'Object Repository/checkout-step-one/input_continue' is clicked on

2023-05-12 18:13:36 - [MESSAGE][PASSED] - Object: 'Object Repository/checkout-step-one/input_continue' is clicked on

2023-05-12 18:13:36 - [TEST_STEP][PASSED] - click(findTestObject("Object Repository/finish checkout/button_Finish")): Object: 'Object Repository/finish checkout/button_Finish' is clicked on

2023-05-12 18:13:37 - [MESSAGE][PASSED] - Object: 'Object Repository/finish checkout/button_Finish' is clicked on

2023-05-12 18:13:37 - [TEST_STEP][PASSED] - verifyElementVisible(findTestObject("Object Repository/order-success/h2_Thank you for your order")): Object 'Object Repository/order-success/h2_Thank you for your order' is visible

2023-05-12 18:13:37 - [MESSAGE][PASSED] - Object 'Object Repository/order-success/h2_Thank you for your order' is visible

2023-05-12 18:13:37 - [TEST_STEP][PASSED] - click(findTestObject("Object Repository/NavSideBar/sidebar")): Object: 'Object Repository/NavSideBar/sidebar' is clicked on

2023-05-12 18:13:37 - [MESSAGE][PASSED] - Object: 'Object Repository/NavSideBar/sidebar' is clicked on

2023-05-12 18:13:37 - [TEST_STEP][PASSED] - click(findTestObject("Object Repository/NavSideBar/a_Logout")): Object: 'Object Repository/NavSideBar/a_Logout' is clicked on

2023-05-12 18:13:38 - [MESSAGE][PASSED] - Object: 'Object Repository/NavSideBar/a_Logout' is clicked on

2023-05-12 18:13:38 - [TEST_STEP][PASSED] - verifyElementVisible(findTestObject("Object Repository/Page_Swag Labs/input_Swag Labs_user-name")): Object 'Object Repository/Page_Swag Labs/input_Swag Labs_user-name' is visible

2023-05-12 18:13:38 - [MESSAGE][PASSED] - Object 'Object Repository/Page_Swag Labs/input_Swag Labs_user-name' is visible

2023-05-12 18:13:38 - [TEST_STEP][PASSED] - closeBrowser(): Browser is closed

2023-05-12 18:13:39 - [MESSAGE][PASSED] - Browser is closed]]></system-out>
         <system-err><![CDATA[]]></system-err>
      </testcase>
      <testcase name="Test Cases/test-flow-1-buy-1-product" time="12.099" classname="Test Cases/test-flow-1-buy-1-product" status="PASSED">
         <system-out><![CDATA[2023-05-12 18:13:39 - [TEST_CASE][PASSED] - Test Cases/test-flow-1-buy-1-product: Test Cases/test-flow-1-buy-1-product

2023-05-12 18:13:39 - [TEST_STEP][PASSED] - openBrowser("https://www.saucedemo.com/"): Browser is opened with url: 'https://www.saucedemo.com/'

2023-05-12 18:13:39 - [MESSAGE][INFO] - Starting 'Chrome' driver

2023-05-12 18:13:39 - [MESSAGE][INFO] - Action delay is set to 0 milliseconds

2023-05-12 18:13:42 - [MESSAGE][PASSED] - Browser is opened with url: 'https://www.saucedemo.com/'

2023-05-12 18:13:42 - [TEST_STEP][PASSED] - click(findTestObject("Object Repository/Page_Swag Labs/input_Swag Labs_user-name")): Object: 'Object Repository/Page_Swag Labs/input_Swag Labs_user-name' is clicked on

2023-05-12 18:13:42 - [MESSAGE][PASSED] - Object: 'Object Repository/Page_Swag Labs/input_Swag Labs_user-name' is clicked on

2023-05-12 18:13:42 - [TEST_STEP][PASSED] - sendKeys(findTestObject("Object Repository/Page_Swag Labs/input_Swag Labs_user-name"), "standard_user"): Keys 'standard_user' sent to object: 'Object Repository/Page_Swag Labs/input_Swag Labs_user-name'

2023-05-12 18:13:42 - [MESSAGE][PASSED] - Keys 'standard_user' sent to object: 'Object Repository/Page_Swag Labs/input_Swag Labs_user-name'

2023-05-12 18:13:42 - [TEST_STEP][PASSED] - click(findTestObject("Object Repository/Page_Swag Labs/input_Swag Labs_password")): Object: 'Object Repository/Page_Swag Labs/input_Swag Labs_password' is clicked on

2023-05-12 18:13:43 - [MESSAGE][PASSED] - Object: 'Object Repository/Page_Swag Labs/input_Swag Labs_password' is clicked on

2023-05-12 18:13:43 - [TEST_STEP][PASSED] - sendKeys(findTestObject("Object Repository/Page_Swag Labs/input_Swag Labs_password"), "secret_sauce"): Keys 'secret_sauce' sent to object: 'Object Repository/Page_Swag Labs/input_Swag Labs_password'

2023-05-12 18:13:43 - [MESSAGE][PASSED] - Keys 'secret_sauce' sent to object: 'Object Repository/Page_Swag Labs/input_Swag Labs_password'

2023-05-12 18:13:43 - [TEST_STEP][PASSED] - click(findTestObject("Object Repository/Page_Swag Labs/input_Swag Labs_login-button")): Object: 'Object Repository/Page_Swag Labs/input_Swag Labs_login-button' is clicked on

2023-05-12 18:13:43 - [MESSAGE][PASSED] - Object: 'Object Repository/Page_Swag Labs/input_Swag Labs_login-button' is clicked on

2023-05-12 18:13:43 - [TEST_STEP][PASSED] - click(findTestObject("Object Repository/inventoryPage/Backpack")): Object: 'Object Repository/inventoryPage/Backpack' is clicked on

2023-05-12 18:13:44 - [MESSAGE][PASSED] - Object: 'Object Repository/inventoryPage/Backpack' is clicked on

2023-05-12 18:13:44 - [TEST_STEP][PASSED] - click(findTestObject("Object Repository/inventoryPage/button_Add to cart")): Object: 'Object Repository/inventoryPage/button_Add to cart' is clicked on

2023-05-12 18:13:44 - [MESSAGE][PASSED] - Object: 'Object Repository/inventoryPage/button_Add to cart' is clicked on

2023-05-12 18:13:44 - [TEST_STEP][PASSED] - click(findTestObject("Object Repository/inventoryPage/products_back-image")): Object: 'Object Repository/inventoryPage/products_back-image' is clicked on

2023-05-12 18:13:45 - [MESSAGE][PASSED] - Object: 'Object Repository/inventoryPage/products_back-image' is clicked on

2023-05-12 18:13:45 - [TEST_STEP][PASSED] - click(findTestObject("Object Repository/inventoryPage/cart")): Object: 'Object Repository/inventoryPage/cart' is clicked on

2023-05-12 18:13:45 - [MESSAGE][PASSED] - Object: 'Object Repository/inventoryPage/cart' is clicked on

2023-05-12 18:13:45 - [TEST_STEP][PASSED] - click(findTestObject("Object Repository/CheckoutPage/button_Checkout")): Object: 'Object Repository/CheckoutPage/button_Checkout' is clicked on

2023-05-12 18:13:46 - [MESSAGE][PASSED] - Object: 'Object Repository/CheckoutPage/button_Checkout' is clicked on

2023-05-12 18:13:46 - [TEST_STEP][PASSED] - sendKeys(findTestObject("Object Repository/checkout-step-one/input_Checkout Your Information_firstName"), "demo"): Keys 'demo' sent to object: 'Object Repository/checkout-step-one/input_Checkout Your Information_firstName'

2023-05-12 18:13:46 - [MESSAGE][PASSED] - Keys 'demo' sent to object: 'Object Repository/checkout-step-one/input_Checkout Your Information_firstName'

2023-05-12 18:13:46 - [TEST_STEP][PASSED] - sendKeys(findTestObject("Object Repository/checkout-step-one/input_Checkout Your Information_lastName"), "qa test"): Keys 'qa test' sent to object: 'Object Repository/checkout-step-one/input_Checkout Your Information_lastName'

2023-05-12 18:13:47 - [MESSAGE][PASSED] - Keys 'qa test' sent to object: 'Object Repository/checkout-step-one/input_Checkout Your Information_lastName'

2023-05-12 18:13:47 - [TEST_STEP][PASSED] - sendKeys(findTestObject("Object Repository/checkout-step-one/input_Checkout Your Information_postalCode"), "9000"): Keys '9000' sent to object: 'Object Repository/checkout-step-one/input_Checkout Your Information_postalCode'

2023-05-12 18:13:47 - [MESSAGE][PASSED] - Keys '9000' sent to object: 'Object Repository/checkout-step-one/input_Checkout Your Information_postalCode'

2023-05-12 18:13:47 - [TEST_STEP][PASSED] - click(findTestObject("Object Repository/checkout-step-one/input_continue")): Object: 'Object Repository/checkout-step-one/input_continue' is clicked on

2023-05-12 18:13:48 - [MESSAGE][PASSED] - Object: 'Object Repository/checkout-step-one/input_continue' is clicked on

2023-05-12 18:13:48 - [TEST_STEP][PASSED] - click(findTestObject("Object Repository/finish checkout/button_Finish")): Object: 'Object Repository/finish checkout/button_Finish' is clicked on

2023-05-12 18:13:49 - [MESSAGE][PASSED] - Object: 'Object Repository/finish checkout/button_Finish' is clicked on

2023-05-12 18:13:49 - [TEST_STEP][PASSED] - verifyElementVisible(findTestObject("Object Repository/order-success/h2_Thank you for your order")): Object 'Object Repository/order-success/h2_Thank you for your order' is visible

2023-05-12 18:13:49 - [MESSAGE][PASSED] - Object 'Object Repository/order-success/h2_Thank you for your order' is visible

2023-05-12 18:13:49 - [TEST_STEP][PASSED] - click(findTestObject("Object Repository/NavSideBar/sidebar")): Object: 'Object Repository/NavSideBar/sidebar' is clicked on

2023-05-12 18:13:50 - [MESSAGE][PASSED] - Object: 'Object Repository/NavSideBar/sidebar' is clicked on

2023-05-12 18:13:50 - [TEST_STEP][PASSED] - click(findTestObject("Object Repository/NavSideBar/a_Logout")): Object: 'Object Repository/NavSideBar/a_Logout' is clicked on

2023-05-12 18:13:50 - [MESSAGE][PASSED] - Object: 'Object Repository/NavSideBar/a_Logout' is clicked on

2023-05-12 18:13:50 - [TEST_STEP][PASSED] - verifyElementVisible(findTestObject("Object Repository/Page_Swag Labs/input_Swag Labs_user-name")): Object 'Object Repository/Page_Swag Labs/input_Swag Labs_user-name' is visible

2023-05-12 18:13:51 - [MESSAGE][PASSED] - Object 'Object Repository/Page_Swag Labs/input_Swag Labs_user-name' is visible

2023-05-12 18:13:51 - [TEST_STEP][PASSED] - closeBrowser(): Browser is closed

2023-05-12 18:13:51 - [MESSAGE][PASSED] - Browser is closed]]></system-out>
         <system-err><![CDATA[]]></system-err>
      </testcase>
      <testcase name="Test Cases/test-flow-1-buy-1-product" time="11.701" classname="Test Cases/test-flow-1-buy-1-product" status="PASSED">
         <system-out><![CDATA[2023-05-12 18:13:51 - [TEST_CASE][PASSED] - Test Cases/test-flow-1-buy-1-product: Test Cases/test-flow-1-buy-1-product

2023-05-12 18:13:51 - [TEST_STEP][PASSED] - openBrowser("https://www.saucedemo.com/"): Browser is opened with url: 'https://www.saucedemo.com/'

2023-05-12 18:13:51 - [MESSAGE][INFO] - Starting 'Chrome' driver

2023-05-12 18:13:51 - [MESSAGE][INFO] - Action delay is set to 0 milliseconds

2023-05-12 18:13:53 - [MESSAGE][PASSED] - Browser is opened with url: 'https://www.saucedemo.com/'

2023-05-12 18:13:53 - [TEST_STEP][PASSED] - click(findTestObject("Object Repository/Page_Swag Labs/input_Swag Labs_user-name")): Object: 'Object Repository/Page_Swag Labs/input_Swag Labs_user-name' is clicked on

2023-05-12 18:13:53 - [MESSAGE][PASSED] - Object: 'Object Repository/Page_Swag Labs/input_Swag Labs_user-name' is clicked on

2023-05-12 18:13:53 - [TEST_STEP][PASSED] - sendKeys(findTestObject("Object Repository/Page_Swag Labs/input_Swag Labs_user-name"), "standard_user"): Keys 'standard_user' sent to object: 'Object Repository/Page_Swag Labs/input_Swag Labs_user-name'

2023-05-12 18:13:54 - [MESSAGE][PASSED] - Keys 'standard_user' sent to object: 'Object Repository/Page_Swag Labs/input_Swag Labs_user-name'

2023-05-12 18:13:54 - [TEST_STEP][PASSED] - click(findTestObject("Object Repository/Page_Swag Labs/input_Swag Labs_password")): Object: 'Object Repository/Page_Swag Labs/input_Swag Labs_password' is clicked on

2023-05-12 18:13:54 - [MESSAGE][PASSED] - Object: 'Object Repository/Page_Swag Labs/input_Swag Labs_password' is clicked on

2023-05-12 18:13:54 - [TEST_STEP][PASSED] - sendKeys(findTestObject("Object Repository/Page_Swag Labs/input_Swag Labs_password"), "secret_sauce"): Keys 'secret_sauce' sent to object: 'Object Repository/Page_Swag Labs/input_Swag Labs_password'

2023-05-12 18:13:55 - [MESSAGE][PASSED] - Keys 'secret_sauce' sent to object: 'Object Repository/Page_Swag Labs/input_Swag Labs_password'

2023-05-12 18:13:55 - [TEST_STEP][PASSED] - click(findTestObject("Object Repository/Page_Swag Labs/input_Swag Labs_login-button")): Object: 'Object Repository/Page_Swag Labs/input_Swag Labs_login-button' is clicked on

2023-05-12 18:13:55 - [MESSAGE][PASSED] - Object: 'Object Repository/Page_Swag Labs/input_Swag Labs_login-button' is clicked on

2023-05-12 18:13:55 - [TEST_STEP][PASSED] - click(findTestObject("Object Repository/inventoryPage/Backpack")): Object: 'Object Repository/inventoryPage/Backpack' is clicked on

2023-05-12 18:13:55 - [MESSAGE][PASSED] - Object: 'Object Repository/inventoryPage/Backpack' is clicked on

2023-05-12 18:13:55 - [TEST_STEP][PASSED] - click(findTestObject("Object Repository/inventoryPage/button_Add to cart")): Object: 'Object Repository/inventoryPage/button_Add to cart' is clicked on

2023-05-12 18:13:56 - [MESSAGE][PASSED] - Object: 'Object Repository/inventoryPage/button_Add to cart' is clicked on

2023-05-12 18:13:56 - [TEST_STEP][PASSED] - click(findTestObject("Object Repository/inventoryPage/products_back-image")): Object: 'Object Repository/inventoryPage/products_back-image' is clicked on

2023-05-12 18:13:56 - [MESSAGE][PASSED] - Object: 'Object Repository/inventoryPage/products_back-image' is clicked on

2023-05-12 18:13:56 - [TEST_STEP][PASSED] - click(findTestObject("Object Repository/inventoryPage/cart")): Object: 'Object Repository/inventoryPage/cart' is clicked on

2023-05-12 18:13:57 - [MESSAGE][PASSED] - Object: 'Object Repository/inventoryPage/cart' is clicked on

2023-05-12 18:13:57 - [TEST_STEP][PASSED] - click(findTestObject("Object Repository/CheckoutPage/button_Checkout")): Object: 'Object Repository/CheckoutPage/button_Checkout' is clicked on

2023-05-12 18:13:57 - [MESSAGE][PASSED] - Object: 'Object Repository/CheckoutPage/button_Checkout' is clicked on

2023-05-12 18:13:57 - [TEST_STEP][PASSED] - sendKeys(findTestObject("Object Repository/checkout-step-one/input_Checkout Your Information_firstName"), "demo"): Keys 'demo' sent to object: 'Object Repository/checkout-step-one/input_Checkout Your Information_firstName'

2023-05-12 18:13:58 - [MESSAGE][PASSED] - Keys 'demo' sent to object: 'Object Repository/checkout-step-one/input_Checkout Your Information_firstName'

2023-05-12 18:13:58 - [TEST_STEP][PASSED] - sendKeys(findTestObject("Object Repository/checkout-step-one/input_Checkout Your Information_lastName"), "qa test"): Keys 'qa test' sent to object: 'Object Repository/checkout-step-one/input_Checkout Your Information_lastName'

2023-05-12 18:13:58 - [MESSAGE][PASSED] - Keys 'qa test' sent to object: 'Object Repository/checkout-step-one/input_Checkout Your Information_lastName'

2023-05-12 18:13:58 - [TEST_STEP][PASSED] - sendKeys(findTestObject("Object Repository/checkout-step-one/input_Checkout Your Information_postalCode"), "9000"): Keys '9000' sent to object: 'Object Repository/checkout-step-one/input_Checkout Your Information_postalCode'

2023-05-12 18:13:59 - [MESSAGE][PASSED] - Keys '9000' sent to object: 'Object Repository/checkout-step-one/input_Checkout Your Information_postalCode'

2023-05-12 18:13:59 - [TEST_STEP][PASSED] - click(findTestObject("Object Repository/checkout-step-one/input_continue")): Object: 'Object Repository/checkout-step-one/input_continue' is clicked on

2023-05-12 18:14:00 - [MESSAGE][PASSED] - Object: 'Object Repository/checkout-step-one/input_continue' is clicked on

2023-05-12 18:14:00 - [TEST_STEP][PASSED] - click(findTestObject("Object Repository/finish checkout/button_Finish")): Object: 'Object Repository/finish checkout/button_Finish' is clicked on

2023-05-12 18:14:00 - [MESSAGE][PASSED] - Object: 'Object Repository/finish checkout/button_Finish' is clicked on

2023-05-12 18:14:00 - [TEST_STEP][PASSED] - verifyElementVisible(findTestObject("Object Repository/order-success/h2_Thank you for your order")): Object 'Object Repository/order-success/h2_Thank you for your order' is visible

2023-05-12 18:14:01 - [MESSAGE][PASSED] - Object 'Object Repository/order-success/h2_Thank you for your order' is visible

2023-05-12 18:14:01 - [TEST_STEP][PASSED] - click(findTestObject("Object Repository/NavSideBar/sidebar")): Object: 'Object Repository/NavSideBar/sidebar' is clicked on

2023-05-12 18:14:01 - [MESSAGE][PASSED] - Object: 'Object Repository/NavSideBar/sidebar' is clicked on

2023-05-12 18:14:01 - [TEST_STEP][PASSED] - click(findTestObject("Object Repository/NavSideBar/a_Logout")): Object: 'Object Repository/NavSideBar/a_Logout' is clicked on

2023-05-12 18:14:02 - [MESSAGE][PASSED] - Object: 'Object Repository/NavSideBar/a_Logout' is clicked on

2023-05-12 18:14:02 - [TEST_STEP][PASSED] - verifyElementVisible(findTestObject("Object Repository/Page_Swag Labs/input_Swag Labs_user-name")): Object 'Object Repository/Page_Swag Labs/input_Swag Labs_user-name' is visible

2023-05-12 18:14:02 - [MESSAGE][PASSED] - Object 'Object Repository/Page_Swag Labs/input_Swag Labs_user-name' is visible

2023-05-12 18:14:02 - [TEST_STEP][PASSED] - closeBrowser(): Browser is closed

2023-05-12 18:14:03 - [MESSAGE][PASSED] - Browser is closed]]></system-out>
         <system-err><![CDATA[]]></system-err>
      </testcase>
      <testcase name="Test Cases/test-flow-1-buy-1-product" time="11.725" classname="Test Cases/test-flow-1-buy-1-product" status="PASSED">
         <system-out><![CDATA[2023-05-12 18:14:03 - [TEST_CASE][PASSED] - Test Cases/test-flow-1-buy-1-product: Test Cases/test-flow-1-buy-1-product

2023-05-12 18:14:03 - [TEST_STEP][PASSED] - openBrowser("https://www.saucedemo.com/"): Browser is opened with url: 'https://www.saucedemo.com/'

2023-05-12 18:14:03 - [MESSAGE][INFO] - Starting 'Chrome' driver

2023-05-12 18:14:03 - [MESSAGE][INFO] - Action delay is set to 0 milliseconds

2023-05-12 18:14:05 - [MESSAGE][PASSED] - Browser is opened with url: 'https://www.saucedemo.com/'

2023-05-12 18:14:05 - [TEST_STEP][PASSED] - click(findTestObject("Object Repository/Page_Swag Labs/input_Swag Labs_user-name")): Object: 'Object Repository/Page_Swag Labs/input_Swag Labs_user-name' is clicked on

2023-05-12 18:14:05 - [MESSAGE][PASSED] - Object: 'Object Repository/Page_Swag Labs/input_Swag Labs_user-name' is clicked on

2023-05-12 18:14:05 - [TEST_STEP][PASSED] - sendKeys(findTestObject("Object Repository/Page_Swag Labs/input_Swag Labs_user-name"), "standard_user"): Keys 'standard_user' sent to object: 'Object Repository/Page_Swag Labs/input_Swag Labs_user-name'

2023-05-12 18:14:06 - [MESSAGE][PASSED] - Keys 'standard_user' sent to object: 'Object Repository/Page_Swag Labs/input_Swag Labs_user-name'

2023-05-12 18:14:06 - [TEST_STEP][PASSED] - click(findTestObject("Object Repository/Page_Swag Labs/input_Swag Labs_password")): Object: 'Object Repository/Page_Swag Labs/input_Swag Labs_password' is clicked on

2023-05-12 18:14:06 - [MESSAGE][PASSED] - Object: 'Object Repository/Page_Swag Labs/input_Swag Labs_password' is clicked on

2023-05-12 18:14:06 - [TEST_STEP][PASSED] - sendKeys(findTestObject("Object Repository/Page_Swag Labs/input_Swag Labs_password"), "secret_sauce"): Keys 'secret_sauce' sent to object: 'Object Repository/Page_Swag Labs/input_Swag Labs_password'

2023-05-12 18:14:06 - [MESSAGE][PASSED] - Keys 'secret_sauce' sent to object: 'Object Repository/Page_Swag Labs/input_Swag Labs_password'

2023-05-12 18:14:06 - [TEST_STEP][PASSED] - click(findTestObject("Object Repository/Page_Swag Labs/input_Swag Labs_login-button")): Object: 'Object Repository/Page_Swag Labs/input_Swag Labs_login-button' is clicked on

2023-05-12 18:14:07 - [MESSAGE][PASSED] - Object: 'Object Repository/Page_Swag Labs/input_Swag Labs_login-button' is clicked on

2023-05-12 18:14:07 - [TEST_STEP][PASSED] - click(findTestObject("Object Repository/inventoryPage/Backpack")): Object: 'Object Repository/inventoryPage/Backpack' is clicked on

2023-05-12 18:14:07 - [MESSAGE][PASSED] - Object: 'Object Repository/inventoryPage/Backpack' is clicked on

2023-05-12 18:14:07 - [TEST_STEP][PASSED] - click(findTestObject("Object Repository/inventoryPage/button_Add to cart")): Object: 'Object Repository/inventoryPage/button_Add to cart' is clicked on

2023-05-12 18:14:08 - [MESSAGE][PASSED] - Object: 'Object Repository/inventoryPage/button_Add to cart' is clicked on

2023-05-12 18:14:08 - [TEST_STEP][PASSED] - click(findTestObject("Object Repository/inventoryPage/products_back-image")): Object: 'Object Repository/inventoryPage/products_back-image' is clicked on

2023-05-12 18:14:08 - [MESSAGE][PASSED] - Object: 'Object Repository/inventoryPage/products_back-image' is clicked on

2023-05-12 18:14:08 - [TEST_STEP][PASSED] - click(findTestObject("Object Repository/inventoryPage/cart")): Object: 'Object Repository/inventoryPage/cart' is clicked on

2023-05-12 18:14:09 - [MESSAGE][PASSED] - Object: 'Object Repository/inventoryPage/cart' is clicked on

2023-05-12 18:14:09 - [TEST_STEP][PASSED] - click(findTestObject("Object Repository/CheckoutPage/button_Checkout")): Object: 'Object Repository/CheckoutPage/button_Checkout' is clicked on

2023-05-12 18:14:09 - [MESSAGE][PASSED] - Object: 'Object Repository/CheckoutPage/button_Checkout' is clicked on

2023-05-12 18:14:09 - [TEST_STEP][PASSED] - sendKeys(findTestObject("Object Repository/checkout-step-one/input_Checkout Your Information_firstName"), "demo"): Keys 'demo' sent to object: 'Object Repository/checkout-step-one/input_Checkout Your Information_firstName'

2023-05-12 18:14:10 - [MESSAGE][PASSED] - Keys 'demo' sent to object: 'Object Repository/checkout-step-one/input_Checkout Your Information_firstName'

2023-05-12 18:14:10 - [TEST_STEP][PASSED] - sendKeys(findTestObject("Object Repository/checkout-step-one/input_Checkout Your Information_lastName"), "qa test"): Keys 'qa test' sent to object: 'Object Repository/checkout-step-one/input_Checkout Your Information_lastName'

2023-05-12 18:14:10 - [MESSAGE][PASSED] - Keys 'qa test' sent to object: 'Object Repository/checkout-step-one/input_Checkout Your Information_lastName'

2023-05-12 18:14:10 - [TEST_STEP][PASSED] - sendKeys(findTestObject("Object Repository/checkout-step-one/input_Checkout Your Information_postalCode"), "9000"): Keys '9000' sent to object: 'Object Repository/checkout-step-one/input_Checkout Your Information_postalCode'

2023-05-12 18:14:11 - [MESSAGE][PASSED] - Keys '9000' sent to object: 'Object Repository/checkout-step-one/input_Checkout Your Information_postalCode'

2023-05-12 18:14:11 - [TEST_STEP][PASSED] - click(findTestObject("Object Repository/checkout-step-one/input_continue")): Object: 'Object Repository/checkout-step-one/input_continue' is clicked on

2023-05-12 18:14:12 - [MESSAGE][PASSED] - Object: 'Object Repository/checkout-step-one/input_continue' is clicked on

2023-05-12 18:14:12 - [TEST_STEP][PASSED] - click(findTestObject("Object Repository/finish checkout/button_Finish")): Object: 'Object Repository/finish checkout/button_Finish' is clicked on

2023-05-12 18:14:12 - [MESSAGE][PASSED] - Object: 'Object Repository/finish checkout/button_Finish' is clicked on

2023-05-12 18:14:12 - [TEST_STEP][PASSED] - verifyElementVisible(findTestObject("Object Repository/order-success/h2_Thank you for your order")): Object 'Object Repository/order-success/h2_Thank you for your order' is visible

2023-05-12 18:14:13 - [MESSAGE][PASSED] - Object 'Object Repository/order-success/h2_Thank you for your order' is visible

2023-05-12 18:14:13 - [TEST_STEP][PASSED] - click(findTestObject("Object Repository/NavSideBar/sidebar")): Object: 'Object Repository/NavSideBar/sidebar' is clicked on

2023-05-12 18:14:13 - [MESSAGE][PASSED] - Object: 'Object Repository/NavSideBar/sidebar' is clicked on

2023-05-12 18:14:13 - [TEST_STEP][PASSED] - click(findTestObject("Object Repository/NavSideBar/a_Logout")): Object: 'Object Repository/NavSideBar/a_Logout' is clicked on

2023-05-12 18:14:13 - [MESSAGE][PASSED] - Object: 'Object Repository/NavSideBar/a_Logout' is clicked on

2023-05-12 18:14:13 - [TEST_STEP][PASSED] - verifyElementVisible(findTestObject("Object Repository/Page_Swag Labs/input_Swag Labs_user-name")): Object 'Object Repository/Page_Swag Labs/input_Swag Labs_user-name' is visible

2023-05-12 18:14:14 - [MESSAGE][PASSED] - Object 'Object Repository/Page_Swag Labs/input_Swag Labs_user-name' is visible

2023-05-12 18:14:14 - [TEST_STEP][PASSED] - closeBrowser(): Browser is closed

2023-05-12 18:14:15 - [MESSAGE][PASSED] - Browser is closed]]></system-out>
         <system-err><![CDATA[]]></system-err>
      </testcase>
      <testcase name="Test Cases/test-flow-1-buy-1-product" time="11.89" classname="Test Cases/test-flow-1-buy-1-product" status="PASSED">
         <system-out><![CDATA[2023-05-12 18:14:15 - [TEST_CASE][PASSED] - Test Cases/test-flow-1-buy-1-product: Test Cases/test-flow-1-buy-1-product

2023-05-12 18:14:15 - [TEST_STEP][PASSED] - openBrowser("https://www.saucedemo.com/"): Browser is opened with url: 'https://www.saucedemo.com/'

2023-05-12 18:14:15 - [MESSAGE][INFO] - Starting 'Chrome' driver

2023-05-12 18:14:15 - [MESSAGE][INFO] - Action delay is set to 0 milliseconds

2023-05-12 18:14:17 - [MESSAGE][PASSED] - Browser is opened with url: 'https://www.saucedemo.com/'

2023-05-12 18:14:17 - [TEST_STEP][PASSED] - click(findTestObject("Object Repository/Page_Swag Labs/input_Swag Labs_user-name")): Object: 'Object Repository/Page_Swag Labs/input_Swag Labs_user-name' is clicked on

2023-05-12 18:14:17 - [MESSAGE][PASSED] - Object: 'Object Repository/Page_Swag Labs/input_Swag Labs_user-name' is clicked on

2023-05-12 18:14:17 - [TEST_STEP][PASSED] - sendKeys(findTestObject("Object Repository/Page_Swag Labs/input_Swag Labs_user-name"), "standard_user"): Keys 'standard_user' sent to object: 'Object Repository/Page_Swag Labs/input_Swag Labs_user-name'

2023-05-12 18:14:17 - [MESSAGE][PASSED] - Keys 'standard_user' sent to object: 'Object Repository/Page_Swag Labs/input_Swag Labs_user-name'

2023-05-12 18:14:17 - [TEST_STEP][PASSED] - click(findTestObject("Object Repository/Page_Swag Labs/input_Swag Labs_password")): Object: 'Object Repository/Page_Swag Labs/input_Swag Labs_password' is clicked on

2023-05-12 18:14:18 - [MESSAGE][PASSED] - Object: 'Object Repository/Page_Swag Labs/input_Swag Labs_password' is clicked on

2023-05-12 18:14:18 - [TEST_STEP][PASSED] - sendKeys(findTestObject("Object Repository/Page_Swag Labs/input_Swag Labs_password"), "secret_sauce"): Keys 'secret_sauce' sent to object: 'Object Repository/Page_Swag Labs/input_Swag Labs_password'

2023-05-12 18:14:18 - [MESSAGE][PASSED] - Keys 'secret_sauce' sent to object: 'Object Repository/Page_Swag Labs/input_Swag Labs_password'

2023-05-12 18:14:18 - [TEST_STEP][PASSED] - click(findTestObject("Object Repository/Page_Swag Labs/input_Swag Labs_login-button")): Object: 'Object Repository/Page_Swag Labs/input_Swag Labs_login-button' is clicked on

2023-05-12 18:14:18 - [MESSAGE][PASSED] - Object: 'Object Repository/Page_Swag Labs/input_Swag Labs_login-button' is clicked on

2023-05-12 18:14:18 - [TEST_STEP][PASSED] - click(findTestObject("Object Repository/inventoryPage/Backpack")): Object: 'Object Repository/inventoryPage/Backpack' is clicked on

2023-05-12 18:14:19 - [MESSAGE][PASSED] - Object: 'Object Repository/inventoryPage/Backpack' is clicked on

2023-05-12 18:14:19 - [TEST_STEP][PASSED] - click(findTestObject("Object Repository/inventoryPage/button_Add to cart")): Object: 'Object Repository/inventoryPage/button_Add to cart' is clicked on

2023-05-12 18:14:19 - [MESSAGE][PASSED] - Object: 'Object Repository/inventoryPage/button_Add to cart' is clicked on

2023-05-12 18:14:19 - [TEST_STEP][PASSED] - click(findTestObject("Object Repository/inventoryPage/products_back-image")): Object: 'Object Repository/inventoryPage/products_back-image' is clicked on

2023-05-12 18:14:20 - [MESSAGE][PASSED] - Object: 'Object Repository/inventoryPage/products_back-image' is clicked on

2023-05-12 18:14:20 - [TEST_STEP][PASSED] - click(findTestObject("Object Repository/inventoryPage/cart")): Object: 'Object Repository/inventoryPage/cart' is clicked on

2023-05-12 18:14:20 - [MESSAGE][PASSED] - Object: 'Object Repository/inventoryPage/cart' is clicked on

2023-05-12 18:14:20 - [TEST_STEP][PASSED] - click(findTestObject("Object Repository/CheckoutPage/button_Checkout")): Object: 'Object Repository/CheckoutPage/button_Checkout' is clicked on

2023-05-12 18:14:21 - [MESSAGE][PASSED] - Object: 'Object Repository/CheckoutPage/button_Checkout' is clicked on

2023-05-12 18:14:21 - [TEST_STEP][PASSED] - sendKeys(findTestObject("Object Repository/checkout-step-one/input_Checkout Your Information_firstName"), "demo"): Keys 'demo' sent to object: 'Object Repository/checkout-step-one/input_Checkout Your Information_firstName'

2023-05-12 18:14:22 - [MESSAGE][PASSED] - Keys 'demo' sent to object: 'Object Repository/checkout-step-one/input_Checkout Your Information_firstName'

2023-05-12 18:14:22 - [TEST_STEP][PASSED] - sendKeys(findTestObject("Object Repository/checkout-step-one/input_Checkout Your Information_lastName"), "qa test"): Keys 'qa test' sent to object: 'Object Repository/checkout-step-one/input_Checkout Your Information_lastName'

2023-05-12 18:14:22 - [MESSAGE][PASSED] - Keys 'qa test' sent to object: 'Object Repository/checkout-step-one/input_Checkout Your Information_lastName'

2023-05-12 18:14:22 - [TEST_STEP][PASSED] - sendKeys(findTestObject("Object Repository/checkout-step-one/input_Checkout Your Information_postalCode"), "9000"): Keys '9000' sent to object: 'Object Repository/checkout-step-one/input_Checkout Your Information_postalCode'

2023-05-12 18:14:23 - [MESSAGE][PASSED] - Keys '9000' sent to object: 'Object Repository/checkout-step-one/input_Checkout Your Information_postalCode'

2023-05-12 18:14:23 - [TEST_STEP][PASSED] - click(findTestObject("Object Repository/checkout-step-one/input_continue")): Object: 'Object Repository/checkout-step-one/input_continue' is clicked on

2023-05-12 18:14:23 - [MESSAGE][PASSED] - Object: 'Object Repository/checkout-step-one/input_continue' is clicked on

2023-05-12 18:14:23 - [TEST_STEP][PASSED] - click(findTestObject("Object Repository/finish checkout/button_Finish")): Object: 'Object Repository/finish checkout/button_Finish' is clicked on

2023-05-12 18:14:24 - [MESSAGE][PASSED] - Object: 'Object Repository/finish checkout/button_Finish' is clicked on

2023-05-12 18:14:24 - [TEST_STEP][PASSED] - verifyElementVisible(findTestObject("Object Repository/order-success/h2_Thank you for your order")): Object 'Object Repository/order-success/h2_Thank you for your order' is visible

2023-05-12 18:14:24 - [MESSAGE][PASSED] - Object 'Object Repository/order-success/h2_Thank you for your order' is visible

2023-05-12 18:14:24 - [TEST_STEP][PASSED] - click(findTestObject("Object Repository/NavSideBar/sidebar")): Object: 'Object Repository/NavSideBar/sidebar' is clicked on

2023-05-12 18:14:25 - [MESSAGE][PASSED] - Object: 'Object Repository/NavSideBar/sidebar' is clicked on

2023-05-12 18:14:25 - [TEST_STEP][PASSED] - click(findTestObject("Object Repository/NavSideBar/a_Logout")): Object: 'Object Repository/NavSideBar/a_Logout' is clicked on

2023-05-12 18:14:25 - [MESSAGE][PASSED] - Object: 'Object Repository/NavSideBar/a_Logout' is clicked on

2023-05-12 18:14:25 - [TEST_STEP][PASSED] - verifyElementVisible(findTestObject("Object Repository/Page_Swag Labs/input_Swag Labs_user-name")): Object 'Object Repository/Page_Swag Labs/input_Swag Labs_user-name' is visible

2023-05-12 18:14:26 - [MESSAGE][PASSED] - Object 'Object Repository/Page_Swag Labs/input_Swag Labs_user-name' is visible

2023-05-12 18:14:26 - [TEST_STEP][PASSED] - closeBrowser(): Browser is closed

2023-05-12 18:14:27 - [MESSAGE][PASSED] - Browser is closed]]></system-out>
         <system-err><![CDATA[]]></system-err>
      </testcase>
      <testcase name="Test Cases/test-flow-1-buy-1-product" time="12.038" classname="Test Cases/test-flow-1-buy-1-product" status="PASSED">
         <system-out><![CDATA[2023-05-12 18:14:27 - [TEST_CASE][PASSED] - Test Cases/test-flow-1-buy-1-product: Test Cases/test-flow-1-buy-1-product

2023-05-12 18:14:27 - [TEST_STEP][PASSED] - openBrowser("https://www.saucedemo.com/"): Browser is opened with url: 'https://www.saucedemo.com/'

2023-05-12 18:14:27 - [MESSAGE][INFO] - Starting 'Chrome' driver

2023-05-12 18:14:27 - [MESSAGE][INFO] - Action delay is set to 0 milliseconds

2023-05-12 18:14:29 - [MESSAGE][PASSED] - Browser is opened with url: 'https://www.saucedemo.com/'

2023-05-12 18:14:29 - [TEST_STEP][PASSED] - click(findTestObject("Object Repository/Page_Swag Labs/input_Swag Labs_user-name")): Object: 'Object Repository/Page_Swag Labs/input_Swag Labs_user-name' is clicked on

2023-05-12 18:14:29 - [MESSAGE][PASSED] - Object: 'Object Repository/Page_Swag Labs/input_Swag Labs_user-name' is clicked on

2023-05-12 18:14:29 - [TEST_STEP][PASSED] - sendKeys(findTestObject("Object Repository/Page_Swag Labs/input_Swag Labs_user-name"), "standard_user"): Keys 'standard_user' sent to object: 'Object Repository/Page_Swag Labs/input_Swag Labs_user-name'

2023-05-12 18:14:29 - [MESSAGE][PASSED] - Keys 'standard_user' sent to object: 'Object Repository/Page_Swag Labs/input_Swag Labs_user-name'

2023-05-12 18:14:29 - [TEST_STEP][PASSED] - click(findTestObject("Object Repository/Page_Swag Labs/input_Swag Labs_password")): Object: 'Object Repository/Page_Swag Labs/input_Swag Labs_password' is clicked on

2023-05-12 18:14:30 - [MESSAGE][PASSED] - Object: 'Object Repository/Page_Swag Labs/input_Swag Labs_password' is clicked on

2023-05-12 18:14:30 - [TEST_STEP][PASSED] - sendKeys(findTestObject("Object Repository/Page_Swag Labs/input_Swag Labs_password"), "secret_sauce"): Keys 'secret_sauce' sent to object: 'Object Repository/Page_Swag Labs/input_Swag Labs_password'

2023-05-12 18:14:30 - [MESSAGE][PASSED] - Keys 'secret_sauce' sent to object: 'Object Repository/Page_Swag Labs/input_Swag Labs_password'

2023-05-12 18:14:30 - [TEST_STEP][PASSED] - click(findTestObject("Object Repository/Page_Swag Labs/input_Swag Labs_login-button")): Object: 'Object Repository/Page_Swag Labs/input_Swag Labs_login-button' is clicked on

2023-05-12 18:14:30 - [MESSAGE][PASSED] - Object: 'Object Repository/Page_Swag Labs/input_Swag Labs_login-button' is clicked on

2023-05-12 18:14:30 - [TEST_STEP][PASSED] - click(findTestObject("Object Repository/inventoryPage/Backpack")): Object: 'Object Repository/inventoryPage/Backpack' is clicked on

2023-05-12 18:14:31 - [MESSAGE][PASSED] - Object: 'Object Repository/inventoryPage/Backpack' is clicked on

2023-05-12 18:14:31 - [TEST_STEP][PASSED] - click(findTestObject("Object Repository/inventoryPage/button_Add to cart")): Object: 'Object Repository/inventoryPage/button_Add to cart' is clicked on

2023-05-12 18:14:31 - [MESSAGE][PASSED] - Object: 'Object Repository/inventoryPage/button_Add to cart' is clicked on

2023-05-12 18:14:31 - [TEST_STEP][PASSED] - click(findTestObject("Object Repository/inventoryPage/products_back-image")): Object: 'Object Repository/inventoryPage/products_back-image' is clicked on

2023-05-12 18:14:32 - [MESSAGE][PASSED] - Object: 'Object Repository/inventoryPage/products_back-image' is clicked on

2023-05-12 18:14:32 - [TEST_STEP][PASSED] - click(findTestObject("Object Repository/inventoryPage/cart")): Object: 'Object Repository/inventoryPage/cart' is clicked on

2023-05-12 18:14:33 - [MESSAGE][PASSED] - Object: 'Object Repository/inventoryPage/cart' is clicked on

2023-05-12 18:14:33 - [TEST_STEP][PASSED] - click(findTestObject("Object Repository/CheckoutPage/button_Checkout")): Object: 'Object Repository/CheckoutPage/button_Checkout' is clicked on

2023-05-12 18:14:33 - [MESSAGE][PASSED] - Object: 'Object Repository/CheckoutPage/button_Checkout' is clicked on

2023-05-12 18:14:33 - [TEST_STEP][PASSED] - sendKeys(findTestObject("Object Repository/checkout-step-one/input_Checkout Your Information_firstName"), "demo"): Keys 'demo' sent to object: 'Object Repository/checkout-step-one/input_Checkout Your Information_firstName'

2023-05-12 18:14:34 - [MESSAGE][PASSED] - Keys 'demo' sent to object: 'Object Repository/checkout-step-one/input_Checkout Your Information_firstName'

2023-05-12 18:14:34 - [TEST_STEP][PASSED] - sendKeys(findTestObject("Object Repository/checkout-step-one/input_Checkout Your Information_lastName"), "qa test"): Keys 'qa test' sent to object: 'Object Repository/checkout-step-one/input_Checkout Your Information_lastName'

2023-05-12 18:14:34 - [MESSAGE][PASSED] - Keys 'qa test' sent to object: 'Object Repository/checkout-step-one/input_Checkout Your Information_lastName'

2023-05-12 18:14:34 - [TEST_STEP][PASSED] - sendKeys(findTestObject("Object Repository/checkout-step-one/input_Checkout Your Information_postalCode"), "9000"): Keys '9000' sent to object: 'Object Repository/checkout-step-one/input_Checkout Your Information_postalCode'

2023-05-12 18:14:35 - [MESSAGE][PASSED] - Keys '9000' sent to object: 'Object Repository/checkout-step-one/input_Checkout Your Information_postalCode'

2023-05-12 18:14:35 - [TEST_STEP][PASSED] - click(findTestObject("Object Repository/checkout-step-one/input_continue")): Object: 'Object Repository/checkout-step-one/input_continue' is clicked on

2023-05-12 18:14:35 - [MESSAGE][PASSED] - Object: 'Object Repository/checkout-step-one/input_continue' is clicked on

2023-05-12 18:14:35 - [TEST_STEP][PASSED] - click(findTestObject("Object Repository/finish checkout/button_Finish")): Object: 'Object Repository/finish checkout/button_Finish' is clicked on

2023-05-12 18:14:36 - [MESSAGE][PASSED] - Object: 'Object Repository/finish checkout/button_Finish' is clicked on

2023-05-12 18:14:36 - [TEST_STEP][PASSED] - verifyElementVisible(findTestObject("Object Repository/order-success/h2_Thank you for your order")): Object 'Object Repository/order-success/h2_Thank you for your order' is visible

2023-05-12 18:14:37 - [MESSAGE][PASSED] - Object 'Object Repository/order-success/h2_Thank you for your order' is visible

2023-05-12 18:14:37 - [TEST_STEP][PASSED] - click(findTestObject("Object Repository/NavSideBar/sidebar")): Object: 'Object Repository/NavSideBar/sidebar' is clicked on

2023-05-12 18:14:37 - [MESSAGE][PASSED] - Object: 'Object Repository/NavSideBar/sidebar' is clicked on

2023-05-12 18:14:37 - [TEST_STEP][PASSED] - click(findTestObject("Object Repository/NavSideBar/a_Logout")): Object: 'Object Repository/NavSideBar/a_Logout' is clicked on

2023-05-12 18:14:37 - [MESSAGE][PASSED] - Object: 'Object Repository/NavSideBar/a_Logout' is clicked on

2023-05-12 18:14:37 - [TEST_STEP][PASSED] - verifyElementVisible(findTestObject("Object Repository/Page_Swag Labs/input_Swag Labs_user-name")): Object 'Object Repository/Page_Swag Labs/input_Swag Labs_user-name' is visible

2023-05-12 18:14:38 - [MESSAGE][PASSED] - Object 'Object Repository/Page_Swag Labs/input_Swag Labs_user-name' is visible

2023-05-12 18:14:38 - [TEST_STEP][PASSED] - closeBrowser(): Browser is closed

2023-05-12 18:14:39 - [MESSAGE][PASSED] - Browser is closed]]></system-out>
         <system-err><![CDATA[]]></system-err>
      </testcase>
      <system-out><![CDATA[2023-05-12 18:10:39 - [TEST_SUITE][PASSED] - simple case: Test Cases/test-flow-1-buy-1-product]]></system-out>
      <system-err><![CDATA[]]></system-err>
   </testsuite>
   <testsuite name="simple case" tests="20" failures="0" errors="0" time="240.795" skipped="0" timestamp="2023-05-12 18:14:42" hostname="minh.nguyen - 5YHW2D3" id="Test Suites/simple case">
      <properties>
         <property name="deviceName" value=""/>
         <property name="devicePlatform" value=""/>
         <property name="logFolder" value="C:\\Users\\minh.nguyen\\Desktop\\GitRepo\\tri-nhan-repo\\Reports\\20230512_171239\\simple case\\20230512_171310"/>
         <property name="logFiles" value="C:\\Users\\minh.nguyen\\Desktop\\GitRepo\\tri-nhan-repo\\Reports\\20230512_171239\\simple case\\20230512_171310\\execution0.log"/>
         <property name="attachments" value=""/>
         <property name="hostName" value="minh.nguyen - 5YHW2D3"/>
         <property name="os" value="Windows 10 64bit"/>
         <property name="katalonVersion" value="8.5.5.208"/>
         <property name="browser" value="Chrome 112.0.0.0"/>
         <property name="hostAddress" value="192.168.1.86"/>
         <property name="sessionId" value="14310438feb9eae7d9bfb83aa25fedcd"/>
         <property name="seleniumVersion" value="3.141.59"/>
         <property name="proxyInformation" value="ProxyInformation { proxyOption=NO_PROXY, proxyServerType=HTTP, username=, password=********, proxyServerAddress=, proxyServerPort=0, executionList=&quot;&quot;, isApplyToDesiredCapabilities=true }"/>
         <property name="platform" value="Windows 10"/>
      </properties>
      <testcase name="Test Cases/test-flow-1-buy-1-product" time="13.439" classname="Test Cases/test-flow-1-buy-1-product" status="PASSED">
         <system-out><![CDATA[2023-05-12 18:14:42 - [TEST_CASE][PASSED] - Test Cases/test-flow-1-buy-1-product: Test Cases/test-flow-1-buy-1-product

2023-05-12 18:14:42 - [TEST_STEP][PASSED] - openBrowser("https://www.saucedemo.com/"): Browser is opened with url: 'https://www.saucedemo.com/'

2023-05-12 18:14:43 - [MESSAGE][INFO] - Starting 'Chrome' driver

2023-05-12 18:14:43 - [MESSAGE][INFO] - Action delay is set to 0 milliseconds

2023-05-12 18:14:46 - [MESSAGE][PASSED] - Browser is opened with url: 'https://www.saucedemo.com/'

2023-05-12 18:14:46 - [TEST_STEP][PASSED] - click(findTestObject("Object Repository/Page_Swag Labs/input_Swag Labs_user-name")): Object: 'Object Repository/Page_Swag Labs/input_Swag Labs_user-name' is clicked on

2023-05-12 18:14:46 - [MESSAGE][PASSED] - Object: 'Object Repository/Page_Swag Labs/input_Swag Labs_user-name' is clicked on

2023-05-12 18:14:46 - [TEST_STEP][PASSED] - sendKeys(findTestObject("Object Repository/Page_Swag Labs/input_Swag Labs_user-name"), "standard_user"): Keys 'standard_user' sent to object: 'Object Repository/Page_Swag Labs/input_Swag Labs_user-name'

2023-05-12 18:14:47 - [MESSAGE][PASSED] - Keys 'standard_user' sent to object: 'Object Repository/Page_Swag Labs/input_Swag Labs_user-name'

2023-05-12 18:14:47 - [TEST_STEP][PASSED] - click(findTestObject("Object Repository/Page_Swag Labs/input_Swag Labs_password")): Object: 'Object Repository/Page_Swag Labs/input_Swag Labs_password' is clicked on

2023-05-12 18:14:47 - [MESSAGE][PASSED] - Object: 'Object Repository/Page_Swag Labs/input_Swag Labs_password' is clicked on

2023-05-12 18:14:47 - [TEST_STEP][PASSED] - sendKeys(findTestObject("Object Repository/Page_Swag Labs/input_Swag Labs_password"), "secret_sauce"): Keys 'secret_sauce' sent to object: 'Object Repository/Page_Swag Labs/input_Swag Labs_password'

2023-05-12 18:14:47 - [MESSAGE][PASSED] - Keys 'secret_sauce' sent to object: 'Object Repository/Page_Swag Labs/input_Swag Labs_password'

2023-05-12 18:14:47 - [TEST_STEP][PASSED] - click(findTestObject("Object Repository/Page_Swag Labs/input_Swag Labs_login-button")): Object: 'Object Repository/Page_Swag Labs/input_Swag Labs_login-button' is clicked on

2023-05-12 18:14:48 - [MESSAGE][PASSED] - Object: 'Object Repository/Page_Swag Labs/input_Swag Labs_login-button' is clicked on

2023-05-12 18:14:48 - [TEST_STEP][PASSED] - click(findTestObject("Object Repository/inventoryPage/Backpack")): Object: 'Object Repository/inventoryPage/Backpack' is clicked on

2023-05-12 18:14:48 - [MESSAGE][PASSED] - Object: 'Object Repository/inventoryPage/Backpack' is clicked on

2023-05-12 18:14:48 - [TEST_STEP][PASSED] - click(findTestObject("Object Repository/inventoryPage/button_Add to cart")): Object: 'Object Repository/inventoryPage/button_Add to cart' is clicked on

2023-05-12 18:14:49 - [MESSAGE][PASSED] - Object: 'Object Repository/inventoryPage/button_Add to cart' is clicked on

2023-05-12 18:14:49 - [TEST_STEP][PASSED] - click(findTestObject("Object Repository/inventoryPage/products_back-image")): Object: 'Object Repository/inventoryPage/products_back-image' is clicked on

2023-05-12 18:14:49 - [MESSAGE][PASSED] - Object: 'Object Repository/inventoryPage/products_back-image' is clicked on

2023-05-12 18:14:49 - [TEST_STEP][PASSED] - click(findTestObject("Object Repository/inventoryPage/cart")): Object: 'Object Repository/inventoryPage/cart' is clicked on

2023-05-12 18:14:50 - [MESSAGE][PASSED] - Object: 'Object Repository/inventoryPage/cart' is clicked on

2023-05-12 18:14:50 - [TEST_STEP][PASSED] - click(findTestObject("Object Repository/CheckoutPage/button_Checkout")): Object: 'Object Repository/CheckoutPage/button_Checkout' is clicked on

2023-05-12 18:14:50 - [MESSAGE][PASSED] - Object: 'Object Repository/CheckoutPage/button_Checkout' is clicked on

2023-05-12 18:14:50 - [TEST_STEP][PASSED] - sendKeys(findTestObject("Object Repository/checkout-step-one/input_Checkout Your Information_firstName"), "demo"): Keys 'demo' sent to object: 'Object Repository/checkout-step-one/input_Checkout Your Information_firstName'

2023-05-12 18:14:51 - [MESSAGE][PASSED] - Keys 'demo' sent to object: 'Object Repository/checkout-step-one/input_Checkout Your Information_firstName'

2023-05-12 18:14:51 - [TEST_STEP][PASSED] - sendKeys(findTestObject("Object Repository/checkout-step-one/input_Checkout Your Information_lastName"), "qa test"): Keys 'qa test' sent to object: 'Object Repository/checkout-step-one/input_Checkout Your Information_lastName'

2023-05-12 18:14:52 - [MESSAGE][PASSED] - Keys 'qa test' sent to object: 'Object Repository/checkout-step-one/input_Checkout Your Information_lastName'

2023-05-12 18:14:52 - [TEST_STEP][PASSED] - sendKeys(findTestObject("Object Repository/checkout-step-one/input_Checkout Your Information_postalCode"), "9000"): Keys '9000' sent to object: 'Object Repository/checkout-step-one/input_Checkout Your Information_postalCode'

2023-05-12 18:14:52 - [MESSAGE][PASSED] - Keys '9000' sent to object: 'Object Repository/checkout-step-one/input_Checkout Your Information_postalCode'

2023-05-12 18:14:52 - [TEST_STEP][PASSED] - click(findTestObject("Object Repository/checkout-step-one/input_continue")): Object: 'Object Repository/checkout-step-one/input_continue' is clicked on

2023-05-12 18:14:53 - [MESSAGE][PASSED] - Object: 'Object Repository/checkout-step-one/input_continue' is clicked on

2023-05-12 18:14:53 - [TEST_STEP][PASSED] - click(findTestObject("Object Repository/finish checkout/button_Finish")): Object: 'Object Repository/finish checkout/button_Finish' is clicked on

2023-05-12 18:14:53 - [MESSAGE][PASSED] - Object: 'Object Repository/finish checkout/button_Finish' is clicked on

2023-05-12 18:14:53 - [TEST_STEP][PASSED] - verifyElementVisible(findTestObject("Object Repository/order-success/h2_Thank you for your order")): Object 'Object Repository/order-success/h2_Thank you for your order' is visible

2023-05-12 18:14:54 - [MESSAGE][PASSED] - Object 'Object Repository/order-success/h2_Thank you for your order' is visible

2023-05-12 18:14:54 - [TEST_STEP][PASSED] - click(findTestObject("Object Repository/NavSideBar/sidebar")): Object: 'Object Repository/NavSideBar/sidebar' is clicked on

2023-05-12 18:14:54 - [MESSAGE][PASSED] - Object: 'Object Repository/NavSideBar/sidebar' is clicked on

2023-05-12 18:14:54 - [TEST_STEP][PASSED] - click(findTestObject("Object Repository/NavSideBar/a_Logout")): Object: 'Object Repository/NavSideBar/a_Logout' is clicked on

2023-05-12 18:14:55 - [MESSAGE][PASSED] - Object: 'Object Repository/NavSideBar/a_Logout' is clicked on

2023-05-12 18:14:55 - [TEST_STEP][PASSED] - verifyElementVisible(findTestObject("Object Repository/Page_Swag Labs/input_Swag Labs_user-name")): Object 'Object Repository/Page_Swag Labs/input_Swag Labs_user-name' is visible

2023-05-12 18:14:55 - [MESSAGE][PASSED] - Object 'Object Repository/Page_Swag Labs/input_Swag Labs_user-name' is visible

2023-05-12 18:14:55 - [TEST_STEP][PASSED] - closeBrowser(): Browser is closed

2023-05-12 18:14:56 - [MESSAGE][PASSED] - Browser is closed]]></system-out>
         <system-err><![CDATA[]]></system-err>
      </testcase>
      <testcase name="Test Cases/test-flow-1-buy-1-product" time="11.791" classname="Test Cases/test-flow-1-buy-1-product" status="PASSED">
         <system-out><![CDATA[2023-05-12 18:14:56 - [TEST_CASE][PASSED] - Test Cases/test-flow-1-buy-1-product: Test Cases/test-flow-1-buy-1-product

2023-05-12 18:14:56 - [TEST_STEP][PASSED] - openBrowser("https://www.saucedemo.com/"): Browser is opened with url: 'https://www.saucedemo.com/'

2023-05-12 18:14:56 - [MESSAGE][INFO] - Starting 'Chrome' driver

2023-05-12 18:14:56 - [MESSAGE][INFO] - Action delay is set to 0 milliseconds

2023-05-12 18:14:58 - [MESSAGE][PASSED] - Browser is opened with url: 'https://www.saucedemo.com/'

2023-05-12 18:14:58 - [TEST_STEP][PASSED] - click(findTestObject("Object Repository/Page_Swag Labs/input_Swag Labs_user-name")): Object: 'Object Repository/Page_Swag Labs/input_Swag Labs_user-name' is clicked on

2023-05-12 18:14:58 - [MESSAGE][PASSED] - Object: 'Object Repository/Page_Swag Labs/input_Swag Labs_user-name' is clicked on

2023-05-12 18:14:58 - [TEST_STEP][PASSED] - sendKeys(findTestObject("Object Repository/Page_Swag Labs/input_Swag Labs_user-name"), "standard_user"): Keys 'standard_user' sent to object: 'Object Repository/Page_Swag Labs/input_Swag Labs_user-name'

2023-05-12 18:14:59 - [MESSAGE][PASSED] - Keys 'standard_user' sent to object: 'Object Repository/Page_Swag Labs/input_Swag Labs_user-name'

2023-05-12 18:14:59 - [TEST_STEP][PASSED] - click(findTestObject("Object Repository/Page_Swag Labs/input_Swag Labs_password")): Object: 'Object Repository/Page_Swag Labs/input_Swag Labs_password' is clicked on

2023-05-12 18:14:59 - [MESSAGE][PASSED] - Object: 'Object Repository/Page_Swag Labs/input_Swag Labs_password' is clicked on

2023-05-12 18:14:59 - [TEST_STEP][PASSED] - sendKeys(findTestObject("Object Repository/Page_Swag Labs/input_Swag Labs_password"), "secret_sauce"): Keys 'secret_sauce' sent to object: 'Object Repository/Page_Swag Labs/input_Swag Labs_password'

2023-05-12 18:14:59 - [MESSAGE][PASSED] - Keys 'secret_sauce' sent to object: 'Object Repository/Page_Swag Labs/input_Swag Labs_password'

2023-05-12 18:14:59 - [TEST_STEP][PASSED] - click(findTestObject("Object Repository/Page_Swag Labs/input_Swag Labs_login-button")): Object: 'Object Repository/Page_Swag Labs/input_Swag Labs_login-button' is clicked on

2023-05-12 18:15:00 - [MESSAGE][PASSED] - Object: 'Object Repository/Page_Swag Labs/input_Swag Labs_login-button' is clicked on

2023-05-12 18:15:00 - [TEST_STEP][PASSED] - click(findTestObject("Object Repository/inventoryPage/Backpack")): Object: 'Object Repository/inventoryPage/Backpack' is clicked on

2023-05-12 18:15:00 - [MESSAGE][PASSED] - Object: 'Object Repository/inventoryPage/Backpack' is clicked on

2023-05-12 18:15:00 - [TEST_STEP][PASSED] - click(findTestObject("Object Repository/inventoryPage/button_Add to cart")): Object: 'Object Repository/inventoryPage/button_Add to cart' is clicked on

2023-05-12 18:15:01 - [MESSAGE][PASSED] - Object: 'Object Repository/inventoryPage/button_Add to cart' is clicked on

2023-05-12 18:15:01 - [TEST_STEP][PASSED] - click(findTestObject("Object Repository/inventoryPage/products_back-image")): Object: 'Object Repository/inventoryPage/products_back-image' is clicked on

2023-05-12 18:15:01 - [MESSAGE][PASSED] - Object: 'Object Repository/inventoryPage/products_back-image' is clicked on

2023-05-12 18:15:01 - [TEST_STEP][PASSED] - click(findTestObject("Object Repository/inventoryPage/cart")): Object: 'Object Repository/inventoryPage/cart' is clicked on

2023-05-12 18:15:02 - [MESSAGE][PASSED] - Object: 'Object Repository/inventoryPage/cart' is clicked on

2023-05-12 18:15:02 - [TEST_STEP][PASSED] - click(findTestObject("Object Repository/CheckoutPage/button_Checkout")): Object: 'Object Repository/CheckoutPage/button_Checkout' is clicked on

2023-05-12 18:15:02 - [MESSAGE][PASSED] - Object: 'Object Repository/CheckoutPage/button_Checkout' is clicked on

2023-05-12 18:15:02 - [TEST_STEP][PASSED] - sendKeys(findTestObject("Object Repository/checkout-step-one/input_Checkout Your Information_firstName"), "demo"): Keys 'demo' sent to object: 'Object Repository/checkout-step-one/input_Checkout Your Information_firstName'

2023-05-12 18:15:03 - [MESSAGE][PASSED] - Keys 'demo' sent to object: 'Object Repository/checkout-step-one/input_Checkout Your Information_firstName'

2023-05-12 18:15:03 - [TEST_STEP][PASSED] - sendKeys(findTestObject("Object Repository/checkout-step-one/input_Checkout Your Information_lastName"), "qa test"): Keys 'qa test' sent to object: 'Object Repository/checkout-step-one/input_Checkout Your Information_lastName'

2023-05-12 18:15:03 - [MESSAGE][PASSED] - Keys 'qa test' sent to object: 'Object Repository/checkout-step-one/input_Checkout Your Information_lastName'

2023-05-12 18:15:03 - [TEST_STEP][PASSED] - sendKeys(findTestObject("Object Repository/checkout-step-one/input_Checkout Your Information_postalCode"), "9000"): Keys '9000' sent to object: 'Object Repository/checkout-step-one/input_Checkout Your Information_postalCode'

2023-05-12 18:15:04 - [MESSAGE][PASSED] - Keys '9000' sent to object: 'Object Repository/checkout-step-one/input_Checkout Your Information_postalCode'

2023-05-12 18:15:04 - [TEST_STEP][PASSED] - click(findTestObject("Object Repository/checkout-step-one/input_continue")): Object: 'Object Repository/checkout-step-one/input_continue' is clicked on

2023-05-12 18:15:04 - [MESSAGE][PASSED] - Object: 'Object Repository/checkout-step-one/input_continue' is clicked on

2023-05-12 18:15:04 - [TEST_STEP][PASSED] - click(findTestObject("Object Repository/finish checkout/button_Finish")): Object: 'Object Repository/finish checkout/button_Finish' is clicked on

2023-05-12 18:15:05 - [MESSAGE][PASSED] - Object: 'Object Repository/finish checkout/button_Finish' is clicked on

2023-05-12 18:15:05 - [TEST_STEP][PASSED] - verifyElementVisible(findTestObject("Object Repository/order-success/h2_Thank you for your order")): Object 'Object Repository/order-success/h2_Thank you for your order' is visible

2023-05-12 18:15:05 - [MESSAGE][PASSED] - Object 'Object Repository/order-success/h2_Thank you for your order' is visible

2023-05-12 18:15:05 - [TEST_STEP][PASSED] - click(findTestObject("Object Repository/NavSideBar/sidebar")): Object: 'Object Repository/NavSideBar/sidebar' is clicked on

2023-05-12 18:15:06 - [MESSAGE][PASSED] - Object: 'Object Repository/NavSideBar/sidebar' is clicked on

2023-05-12 18:15:06 - [TEST_STEP][PASSED] - click(findTestObject("Object Repository/NavSideBar/a_Logout")): Object: 'Object Repository/NavSideBar/a_Logout' is clicked on

2023-05-12 18:15:06 - [MESSAGE][PASSED] - Object: 'Object Repository/NavSideBar/a_Logout' is clicked on

2023-05-12 18:15:06 - [TEST_STEP][PASSED] - verifyElementVisible(findTestObject("Object Repository/Page_Swag Labs/input_Swag Labs_user-name")): Object 'Object Repository/Page_Swag Labs/input_Swag Labs_user-name' is visible

2023-05-12 18:15:07 - [MESSAGE][PASSED] - Object 'Object Repository/Page_Swag Labs/input_Swag Labs_user-name' is visible

2023-05-12 18:15:07 - [TEST_STEP][PASSED] - closeBrowser(): Browser is closed

2023-05-12 18:15:08 - [MESSAGE][PASSED] - Browser is closed]]></system-out>
         <system-err><![CDATA[]]></system-err>
      </testcase>
      <testcase name="Test Cases/test-flow-1-buy-1-product" time="11.495" classname="Test Cases/test-flow-1-buy-1-product" status="PASSED">
         <system-out><![CDATA[2023-05-12 18:15:08 - [TEST_CASE][PASSED] - Test Cases/test-flow-1-buy-1-product: Test Cases/test-flow-1-buy-1-product

2023-05-12 18:15:08 - [TEST_STEP][PASSED] - openBrowser("https://www.saucedemo.com/"): Browser is opened with url: 'https://www.saucedemo.com/'

2023-05-12 18:15:08 - [MESSAGE][INFO] - Starting 'Chrome' driver

2023-05-12 18:15:08 - [MESSAGE][INFO] - Action delay is set to 0 milliseconds

2023-05-12 18:15:10 - [MESSAGE][PASSED] - Browser is opened with url: 'https://www.saucedemo.com/'

2023-05-12 18:15:10 - [TEST_STEP][PASSED] - click(findTestObject("Object Repository/Page_Swag Labs/input_Swag Labs_user-name")): Object: 'Object Repository/Page_Swag Labs/input_Swag Labs_user-name' is clicked on

2023-05-12 18:15:10 - [MESSAGE][PASSED] - Object: 'Object Repository/Page_Swag Labs/input_Swag Labs_user-name' is clicked on

2023-05-12 18:15:10 - [TEST_STEP][PASSED] - sendKeys(findTestObject("Object Repository/Page_Swag Labs/input_Swag Labs_user-name"), "standard_user"): Keys 'standard_user' sent to object: 'Object Repository/Page_Swag Labs/input_Swag Labs_user-name'

2023-05-12 18:15:10 - [MESSAGE][PASSED] - Keys 'standard_user' sent to object: 'Object Repository/Page_Swag Labs/input_Swag Labs_user-name'

2023-05-12 18:15:10 - [TEST_STEP][PASSED] - click(findTestObject("Object Repository/Page_Swag Labs/input_Swag Labs_password")): Object: 'Object Repository/Page_Swag Labs/input_Swag Labs_password' is clicked on

2023-05-12 18:15:11 - [MESSAGE][PASSED] - Object: 'Object Repository/Page_Swag Labs/input_Swag Labs_password' is clicked on

2023-05-12 18:15:11 - [TEST_STEP][PASSED] - sendKeys(findTestObject("Object Repository/Page_Swag Labs/input_Swag Labs_password"), "secret_sauce"): Keys 'secret_sauce' sent to object: 'Object Repository/Page_Swag Labs/input_Swag Labs_password'

2023-05-12 18:15:11 - [MESSAGE][PASSED] - Keys 'secret_sauce' sent to object: 'Object Repository/Page_Swag Labs/input_Swag Labs_password'

2023-05-12 18:15:11 - [TEST_STEP][PASSED] - click(findTestObject("Object Repository/Page_Swag Labs/input_Swag Labs_login-button")): Object: 'Object Repository/Page_Swag Labs/input_Swag Labs_login-button' is clicked on

2023-05-12 18:15:11 - [MESSAGE][PASSED] - Object: 'Object Repository/Page_Swag Labs/input_Swag Labs_login-button' is clicked on

2023-05-12 18:15:11 - [TEST_STEP][PASSED] - click(findTestObject("Object Repository/inventoryPage/Backpack")): Object: 'Object Repository/inventoryPage/Backpack' is clicked on

2023-05-12 18:15:12 - [MESSAGE][PASSED] - Object: 'Object Repository/inventoryPage/Backpack' is clicked on

2023-05-12 18:15:12 - [TEST_STEP][PASSED] - click(findTestObject("Object Repository/inventoryPage/button_Add to cart")): Object: 'Object Repository/inventoryPage/button_Add to cart' is clicked on

2023-05-12 18:15:12 - [MESSAGE][PASSED] - Object: 'Object Repository/inventoryPage/button_Add to cart' is clicked on

2023-05-12 18:15:12 - [TEST_STEP][PASSED] - click(findTestObject("Object Repository/inventoryPage/products_back-image")): Object: 'Object Repository/inventoryPage/products_back-image' is clicked on

2023-05-12 18:15:13 - [MESSAGE][PASSED] - Object: 'Object Repository/inventoryPage/products_back-image' is clicked on

2023-05-12 18:15:13 - [TEST_STEP][PASSED] - click(findTestObject("Object Repository/inventoryPage/cart")): Object: 'Object Repository/inventoryPage/cart' is clicked on

2023-05-12 18:15:13 - [MESSAGE][PASSED] - Object: 'Object Repository/inventoryPage/cart' is clicked on

2023-05-12 18:15:13 - [TEST_STEP][PASSED] - click(findTestObject("Object Repository/CheckoutPage/button_Checkout")): Object: 'Object Repository/CheckoutPage/button_Checkout' is clicked on

2023-05-12 18:15:14 - [MESSAGE][PASSED] - Object: 'Object Repository/CheckoutPage/button_Checkout' is clicked on

2023-05-12 18:15:14 - [TEST_STEP][PASSED] - sendKeys(findTestObject("Object Repository/checkout-step-one/input_Checkout Your Information_firstName"), "demo"): Keys 'demo' sent to object: 'Object Repository/checkout-step-one/input_Checkout Your Information_firstName'

2023-05-12 18:15:14 - [MESSAGE][PASSED] - Keys 'demo' sent to object: 'Object Repository/checkout-step-one/input_Checkout Your Information_firstName'

2023-05-12 18:15:14 - [TEST_STEP][PASSED] - sendKeys(findTestObject("Object Repository/checkout-step-one/input_Checkout Your Information_lastName"), "qa test"): Keys 'qa test' sent to object: 'Object Repository/checkout-step-one/input_Checkout Your Information_lastName'

2023-05-12 18:15:15 - [MESSAGE][PASSED] - Keys 'qa test' sent to object: 'Object Repository/checkout-step-one/input_Checkout Your Information_lastName'

2023-05-12 18:15:15 - [TEST_STEP][PASSED] - sendKeys(findTestObject("Object Repository/checkout-step-one/input_Checkout Your Information_postalCode"), "9000"): Keys '9000' sent to object: 'Object Repository/checkout-step-one/input_Checkout Your Information_postalCode'

2023-05-12 18:15:15 - [MESSAGE][PASSED] - Keys '9000' sent to object: 'Object Repository/checkout-step-one/input_Checkout Your Information_postalCode'

2023-05-12 18:15:15 - [TEST_STEP][PASSED] - click(findTestObject("Object Repository/checkout-step-one/input_continue")): Object: 'Object Repository/checkout-step-one/input_continue' is clicked on

2023-05-12 18:15:16 - [MESSAGE][PASSED] - Object: 'Object Repository/checkout-step-one/input_continue' is clicked on

2023-05-12 18:15:16 - [TEST_STEP][PASSED] - click(findTestObject("Object Repository/finish checkout/button_Finish")): Object: 'Object Repository/finish checkout/button_Finish' is clicked on

2023-05-12 18:15:16 - [MESSAGE][PASSED] - Object: 'Object Repository/finish checkout/button_Finish' is clicked on

2023-05-12 18:15:16 - [TEST_STEP][PASSED] - verifyElementVisible(findTestObject("Object Repository/order-success/h2_Thank you for your order")): Object 'Object Repository/order-success/h2_Thank you for your order' is visible

2023-05-12 18:15:17 - [MESSAGE][PASSED] - Object 'Object Repository/order-success/h2_Thank you for your order' is visible

2023-05-12 18:15:17 - [TEST_STEP][PASSED] - click(findTestObject("Object Repository/NavSideBar/sidebar")): Object: 'Object Repository/NavSideBar/sidebar' is clicked on

2023-05-12 18:15:17 - [MESSAGE][PASSED] - Object: 'Object Repository/NavSideBar/sidebar' is clicked on

2023-05-12 18:15:17 - [TEST_STEP][PASSED] - click(findTestObject("Object Repository/NavSideBar/a_Logout")): Object: 'Object Repository/NavSideBar/a_Logout' is clicked on

2023-05-12 18:15:18 - [MESSAGE][PASSED] - Object: 'Object Repository/NavSideBar/a_Logout' is clicked on

2023-05-12 18:15:18 - [TEST_STEP][PASSED] - verifyElementVisible(findTestObject("Object Repository/Page_Swag Labs/input_Swag Labs_user-name")): Object 'Object Repository/Page_Swag Labs/input_Swag Labs_user-name' is visible

2023-05-12 18:15:18 - [MESSAGE][PASSED] - Object 'Object Repository/Page_Swag Labs/input_Swag Labs_user-name' is visible

2023-05-12 18:15:18 - [TEST_STEP][PASSED] - closeBrowser(): Browser is closed

2023-05-12 18:15:19 - [MESSAGE][PASSED] - Browser is closed]]></system-out>
         <system-err><![CDATA[]]></system-err>
      </testcase>
      <testcase name="Test Cases/test-flow-1-buy-1-product" time="11.72" classname="Test Cases/test-flow-1-buy-1-product" status="PASSED">
         <system-out><![CDATA[2023-05-12 18:15:19 - [TEST_CASE][PASSED] - Test Cases/test-flow-1-buy-1-product: Test Cases/test-flow-1-buy-1-product

2023-05-12 18:15:19 - [TEST_STEP][PASSED] - openBrowser("https://www.saucedemo.com/"): Browser is opened with url: 'https://www.saucedemo.com/'

2023-05-12 18:15:19 - [MESSAGE][INFO] - Starting 'Chrome' driver

2023-05-12 18:15:19 - [MESSAGE][INFO] - Action delay is set to 0 milliseconds

2023-05-12 18:15:21 - [MESSAGE][PASSED] - Browser is opened with url: 'https://www.saucedemo.com/'

2023-05-12 18:15:21 - [TEST_STEP][PASSED] - click(findTestObject("Object Repository/Page_Swag Labs/input_Swag Labs_user-name")): Object: 'Object Repository/Page_Swag Labs/input_Swag Labs_user-name' is clicked on

2023-05-12 18:15:21 - [MESSAGE][PASSED] - Object: 'Object Repository/Page_Swag Labs/input_Swag Labs_user-name' is clicked on

2023-05-12 18:15:21 - [TEST_STEP][PASSED] - sendKeys(findTestObject("Object Repository/Page_Swag Labs/input_Swag Labs_user-name"), "standard_user"): Keys 'standard_user' sent to object: 'Object Repository/Page_Swag Labs/input_Swag Labs_user-name'

2023-05-12 18:15:22 - [MESSAGE][PASSED] - Keys 'standard_user' sent to object: 'Object Repository/Page_Swag Labs/input_Swag Labs_user-name'

2023-05-12 18:15:22 - [TEST_STEP][PASSED] - click(findTestObject("Object Repository/Page_Swag Labs/input_Swag Labs_password")): Object: 'Object Repository/Page_Swag Labs/input_Swag Labs_password' is clicked on

2023-05-12 18:15:22 - [MESSAGE][PASSED] - Object: 'Object Repository/Page_Swag Labs/input_Swag Labs_password' is clicked on

2023-05-12 18:15:22 - [TEST_STEP][PASSED] - sendKeys(findTestObject("Object Repository/Page_Swag Labs/input_Swag Labs_password"), "secret_sauce"): Keys 'secret_sauce' sent to object: 'Object Repository/Page_Swag Labs/input_Swag Labs_password'

2023-05-12 18:15:22 - [MESSAGE][PASSED] - Keys 'secret_sauce' sent to object: 'Object Repository/Page_Swag Labs/input_Swag Labs_password'

2023-05-12 18:15:22 - [TEST_STEP][PASSED] - click(findTestObject("Object Repository/Page_Swag Labs/input_Swag Labs_login-button")): Object: 'Object Repository/Page_Swag Labs/input_Swag Labs_login-button' is clicked on

2023-05-12 18:15:23 - [MESSAGE][PASSED] - Object: 'Object Repository/Page_Swag Labs/input_Swag Labs_login-button' is clicked on

2023-05-12 18:15:23 - [TEST_STEP][PASSED] - click(findTestObject("Object Repository/inventoryPage/Backpack")): Object: 'Object Repository/inventoryPage/Backpack' is clicked on

2023-05-12 18:15:23 - [MESSAGE][PASSED] - Object: 'Object Repository/inventoryPage/Backpack' is clicked on

2023-05-12 18:15:23 - [TEST_STEP][PASSED] - click(findTestObject("Object Repository/inventoryPage/button_Add to cart")): Object: 'Object Repository/inventoryPage/button_Add to cart' is clicked on

2023-05-12 18:15:24 - [MESSAGE][PASSED] - Object: 'Object Repository/inventoryPage/button_Add to cart' is clicked on

2023-05-12 18:15:24 - [TEST_STEP][PASSED] - click(findTestObject("Object Repository/inventoryPage/products_back-image")): Object: 'Object Repository/inventoryPage/products_back-image' is clicked on

2023-05-12 18:15:24 - [MESSAGE][PASSED] - Object: 'Object Repository/inventoryPage/products_back-image' is clicked on

2023-05-12 18:15:24 - [TEST_STEP][PASSED] - click(findTestObject("Object Repository/inventoryPage/cart")): Object: 'Object Repository/inventoryPage/cart' is clicked on

2023-05-12 18:15:25 - [MESSAGE][PASSED] - Object: 'Object Repository/inventoryPage/cart' is clicked on

2023-05-12 18:15:25 - [TEST_STEP][PASSED] - click(findTestObject("Object Repository/CheckoutPage/button_Checkout")): Object: 'Object Repository/CheckoutPage/button_Checkout' is clicked on

2023-05-12 18:15:25 - [MESSAGE][PASSED] - Object: 'Object Repository/CheckoutPage/button_Checkout' is clicked on

2023-05-12 18:15:25 - [TEST_STEP][PASSED] - sendKeys(findTestObject("Object Repository/checkout-step-one/input_Checkout Your Information_firstName"), "demo"): Keys 'demo' sent to object: 'Object Repository/checkout-step-one/input_Checkout Your Information_firstName'

2023-05-12 18:15:26 - [MESSAGE][PASSED] - Keys 'demo' sent to object: 'Object Repository/checkout-step-one/input_Checkout Your Information_firstName'

2023-05-12 18:15:26 - [TEST_STEP][PASSED] - sendKeys(findTestObject("Object Repository/checkout-step-one/input_Checkout Your Information_lastName"), "qa test"): Keys 'qa test' sent to object: 'Object Repository/checkout-step-one/input_Checkout Your Information_lastName'

2023-05-12 18:15:26 - [MESSAGE][PASSED] - Keys 'qa test' sent to object: 'Object Repository/checkout-step-one/input_Checkout Your Information_lastName'

2023-05-12 18:15:26 - [TEST_STEP][PASSED] - sendKeys(findTestObject("Object Repository/checkout-step-one/input_Checkout Your Information_postalCode"), "9000"): Keys '9000' sent to object: 'Object Repository/checkout-step-one/input_Checkout Your Information_postalCode'

2023-05-12 18:15:27 - [MESSAGE][PASSED] - Keys '9000' sent to object: 'Object Repository/checkout-step-one/input_Checkout Your Information_postalCode'

2023-05-12 18:15:27 - [TEST_STEP][PASSED] - click(findTestObject("Object Repository/checkout-step-one/input_continue")): Object: 'Object Repository/checkout-step-one/input_continue' is clicked on

2023-05-12 18:15:28 - [MESSAGE][PASSED] - Object: 'Object Repository/checkout-step-one/input_continue' is clicked on

2023-05-12 18:15:28 - [TEST_STEP][PASSED] - click(findTestObject("Object Repository/finish checkout/button_Finish")): Object: 'Object Repository/finish checkout/button_Finish' is clicked on

2023-05-12 18:15:28 - [MESSAGE][PASSED] - Object: 'Object Repository/finish checkout/button_Finish' is clicked on

2023-05-12 18:15:28 - [TEST_STEP][PASSED] - verifyElementVisible(findTestObject("Object Repository/order-success/h2_Thank you for your order")): Object 'Object Repository/order-success/h2_Thank you for your order' is visible

2023-05-12 18:15:29 - [MESSAGE][PASSED] - Object 'Object Repository/order-success/h2_Thank you for your order' is visible

2023-05-12 18:15:29 - [TEST_STEP][PASSED] - click(findTestObject("Object Repository/NavSideBar/sidebar")): Object: 'Object Repository/NavSideBar/sidebar' is clicked on

2023-05-12 18:15:29 - [MESSAGE][PASSED] - Object: 'Object Repository/NavSideBar/sidebar' is clicked on

2023-05-12 18:15:29 - [TEST_STEP][PASSED] - click(findTestObject("Object Repository/NavSideBar/a_Logout")): Object: 'Object Repository/NavSideBar/a_Logout' is clicked on

2023-05-12 18:15:30 - [MESSAGE][PASSED] - Object: 'Object Repository/NavSideBar/a_Logout' is clicked on

2023-05-12 18:15:30 - [TEST_STEP][PASSED] - verifyElementVisible(findTestObject("Object Repository/Page_Swag Labs/input_Swag Labs_user-name")): Object 'Object Repository/Page_Swag Labs/input_Swag Labs_user-name' is visible

2023-05-12 18:15:30 - [MESSAGE][PASSED] - Object 'Object Repository/Page_Swag Labs/input_Swag Labs_user-name' is visible

2023-05-12 18:15:30 - [TEST_STEP][PASSED] - closeBrowser(): Browser is closed

2023-05-12 18:15:31 - [MESSAGE][PASSED] - Browser is closed]]></system-out>
         <system-err><![CDATA[]]></system-err>
      </testcase>
      <testcase name="Test Cases/test-flow-1-buy-1-product" time="11.923" classname="Test Cases/test-flow-1-buy-1-product" status="PASSED">
         <system-out><![CDATA[2023-05-12 18:15:31 - [TEST_CASE][PASSED] - Test Cases/test-flow-1-buy-1-product: Test Cases/test-flow-1-buy-1-product

2023-05-12 18:15:31 - [TEST_STEP][PASSED] - openBrowser("https://www.saucedemo.com/"): Browser is opened with url: 'https://www.saucedemo.com/'

2023-05-12 18:15:31 - [MESSAGE][INFO] - Starting 'Chrome' driver

2023-05-12 18:15:31 - [MESSAGE][INFO] - Action delay is set to 0 milliseconds

2023-05-12 18:15:33 - [MESSAGE][PASSED] - Browser is opened with url: 'https://www.saucedemo.com/'

2023-05-12 18:15:33 - [TEST_STEP][PASSED] - click(findTestObject("Object Repository/Page_Swag Labs/input_Swag Labs_user-name")): Object: 'Object Repository/Page_Swag Labs/input_Swag Labs_user-name' is clicked on

2023-05-12 18:15:33 - [MESSAGE][PASSED] - Object: 'Object Repository/Page_Swag Labs/input_Swag Labs_user-name' is clicked on

2023-05-12 18:15:33 - [TEST_STEP][PASSED] - sendKeys(findTestObject("Object Repository/Page_Swag Labs/input_Swag Labs_user-name"), "standard_user"): Keys 'standard_user' sent to object: 'Object Repository/Page_Swag Labs/input_Swag Labs_user-name'

2023-05-12 18:15:34 - [MESSAGE][PASSED] - Keys 'standard_user' sent to object: 'Object Repository/Page_Swag Labs/input_Swag Labs_user-name'

2023-05-12 18:15:34 - [TEST_STEP][PASSED] - click(findTestObject("Object Repository/Page_Swag Labs/input_Swag Labs_password")): Object: 'Object Repository/Page_Swag Labs/input_Swag Labs_password' is clicked on

2023-05-12 18:15:34 - [MESSAGE][PASSED] - Object: 'Object Repository/Page_Swag Labs/input_Swag Labs_password' is clicked on

2023-05-12 18:15:34 - [TEST_STEP][PASSED] - sendKeys(findTestObject("Object Repository/Page_Swag Labs/input_Swag Labs_password"), "secret_sauce"): Keys 'secret_sauce' sent to object: 'Object Repository/Page_Swag Labs/input_Swag Labs_password'

2023-05-12 18:15:34 - [MESSAGE][PASSED] - Keys 'secret_sauce' sent to object: 'Object Repository/Page_Swag Labs/input_Swag Labs_password'

2023-05-12 18:15:34 - [TEST_STEP][PASSED] - click(findTestObject("Object Repository/Page_Swag Labs/input_Swag Labs_login-button")): Object: 'Object Repository/Page_Swag Labs/input_Swag Labs_login-button' is clicked on

2023-05-12 18:15:35 - [MESSAGE][PASSED] - Object: 'Object Repository/Page_Swag Labs/input_Swag Labs_login-button' is clicked on

2023-05-12 18:15:35 - [TEST_STEP][PASSED] - click(findTestObject("Object Repository/inventoryPage/Backpack")): Object: 'Object Repository/inventoryPage/Backpack' is clicked on

2023-05-12 18:15:35 - [MESSAGE][PASSED] - Object: 'Object Repository/inventoryPage/Backpack' is clicked on

2023-05-12 18:15:35 - [TEST_STEP][PASSED] - click(findTestObject("Object Repository/inventoryPage/button_Add to cart")): Object: 'Object Repository/inventoryPage/button_Add to cart' is clicked on

2023-05-12 18:15:36 - [MESSAGE][PASSED] - Object: 'Object Repository/inventoryPage/button_Add to cart' is clicked on

2023-05-12 18:15:36 - [TEST_STEP][PASSED] - click(findTestObject("Object Repository/inventoryPage/products_back-image")): Object: 'Object Repository/inventoryPage/products_back-image' is clicked on

2023-05-12 18:15:36 - [MESSAGE][PASSED] - Object: 'Object Repository/inventoryPage/products_back-image' is clicked on

2023-05-12 18:15:36 - [TEST_STEP][PASSED] - click(findTestObject("Object Repository/inventoryPage/cart")): Object: 'Object Repository/inventoryPage/cart' is clicked on

2023-05-12 18:15:37 - [MESSAGE][PASSED] - Object: 'Object Repository/inventoryPage/cart' is clicked on

2023-05-12 18:15:37 - [TEST_STEP][PASSED] - click(findTestObject("Object Repository/CheckoutPage/button_Checkout")): Object: 'Object Repository/CheckoutPage/button_Checkout' is clicked on

2023-05-12 18:15:37 - [MESSAGE][PASSED] - Object: 'Object Repository/CheckoutPage/button_Checkout' is clicked on

2023-05-12 18:15:37 - [TEST_STEP][PASSED] - sendKeys(findTestObject("Object Repository/checkout-step-one/input_Checkout Your Information_firstName"), "demo"): Keys 'demo' sent to object: 'Object Repository/checkout-step-one/input_Checkout Your Information_firstName'

2023-05-12 18:15:38 - [MESSAGE][PASSED] - Keys 'demo' sent to object: 'Object Repository/checkout-step-one/input_Checkout Your Information_firstName'

2023-05-12 18:15:38 - [TEST_STEP][PASSED] - sendKeys(findTestObject("Object Repository/checkout-step-one/input_Checkout Your Information_lastName"), "qa test"): Keys 'qa test' sent to object: 'Object Repository/checkout-step-one/input_Checkout Your Information_lastName'

2023-05-12 18:15:38 - [MESSAGE][PASSED] - Keys 'qa test' sent to object: 'Object Repository/checkout-step-one/input_Checkout Your Information_lastName'

2023-05-12 18:15:38 - [TEST_STEP][PASSED] - sendKeys(findTestObject("Object Repository/checkout-step-one/input_Checkout Your Information_postalCode"), "9000"): Keys '9000' sent to object: 'Object Repository/checkout-step-one/input_Checkout Your Information_postalCode'

2023-05-12 18:15:39 - [MESSAGE][PASSED] - Keys '9000' sent to object: 'Object Repository/checkout-step-one/input_Checkout Your Information_postalCode'

2023-05-12 18:15:39 - [TEST_STEP][PASSED] - click(findTestObject("Object Repository/checkout-step-one/input_continue")): Object: 'Object Repository/checkout-step-one/input_continue' is clicked on

2023-05-12 18:15:40 - [MESSAGE][PASSED] - Object: 'Object Repository/checkout-step-one/input_continue' is clicked on

2023-05-12 18:15:40 - [TEST_STEP][PASSED] - click(findTestObject("Object Repository/finish checkout/button_Finish")): Object: 'Object Repository/finish checkout/button_Finish' is clicked on

2023-05-12 18:15:40 - [MESSAGE][PASSED] - Object: 'Object Repository/finish checkout/button_Finish' is clicked on

2023-05-12 18:15:40 - [TEST_STEP][PASSED] - verifyElementVisible(findTestObject("Object Repository/order-success/h2_Thank you for your order")): Object 'Object Repository/order-success/h2_Thank you for your order' is visible

2023-05-12 18:15:41 - [MESSAGE][PASSED] - Object 'Object Repository/order-success/h2_Thank you for your order' is visible

2023-05-12 18:15:41 - [TEST_STEP][PASSED] - click(findTestObject("Object Repository/NavSideBar/sidebar")): Object: 'Object Repository/NavSideBar/sidebar' is clicked on

2023-05-12 18:15:41 - [MESSAGE][PASSED] - Object: 'Object Repository/NavSideBar/sidebar' is clicked on

2023-05-12 18:15:41 - [TEST_STEP][PASSED] - click(findTestObject("Object Repository/NavSideBar/a_Logout")): Object: 'Object Repository/NavSideBar/a_Logout' is clicked on

2023-05-12 18:15:41 - [MESSAGE][PASSED] - Object: 'Object Repository/NavSideBar/a_Logout' is clicked on

2023-05-12 18:15:41 - [TEST_STEP][PASSED] - verifyElementVisible(findTestObject("Object Repository/Page_Swag Labs/input_Swag Labs_user-name")): Object 'Object Repository/Page_Swag Labs/input_Swag Labs_user-name' is visible

2023-05-12 18:15:42 - [MESSAGE][PASSED] - Object 'Object Repository/Page_Swag Labs/input_Swag Labs_user-name' is visible

2023-05-12 18:15:42 - [TEST_STEP][PASSED] - closeBrowser(): Browser is closed

2023-05-12 18:15:43 - [MESSAGE][PASSED] - Browser is closed]]></system-out>
         <system-err><![CDATA[]]></system-err>
      </testcase>
      <testcase name="Test Cases/test-flow-1-buy-1-product" time="11.831" classname="Test Cases/test-flow-1-buy-1-product" status="PASSED">
         <system-out><![CDATA[2023-05-12 18:15:43 - [TEST_CASE][PASSED] - Test Cases/test-flow-1-buy-1-product: Test Cases/test-flow-1-buy-1-product

2023-05-12 18:15:43 - [TEST_STEP][PASSED] - openBrowser("https://www.saucedemo.com/"): Browser is opened with url: 'https://www.saucedemo.com/'

2023-05-12 18:15:43 - [MESSAGE][INFO] - Starting 'Chrome' driver

2023-05-12 18:15:43 - [MESSAGE][INFO] - Action delay is set to 0 milliseconds

2023-05-12 18:15:45 - [MESSAGE][PASSED] - Browser is opened with url: 'https://www.saucedemo.com/'

2023-05-12 18:15:45 - [TEST_STEP][PASSED] - click(findTestObject("Object Repository/Page_Swag Labs/input_Swag Labs_user-name")): Object: 'Object Repository/Page_Swag Labs/input_Swag Labs_user-name' is clicked on

2023-05-12 18:15:45 - [MESSAGE][PASSED] - Object: 'Object Repository/Page_Swag Labs/input_Swag Labs_user-name' is clicked on

2023-05-12 18:15:45 - [TEST_STEP][PASSED] - sendKeys(findTestObject("Object Repository/Page_Swag Labs/input_Swag Labs_user-name"), "standard_user"): Keys 'standard_user' sent to object: 'Object Repository/Page_Swag Labs/input_Swag Labs_user-name'

2023-05-12 18:15:46 - [MESSAGE][PASSED] - Keys 'standard_user' sent to object: 'Object Repository/Page_Swag Labs/input_Swag Labs_user-name'

2023-05-12 18:15:46 - [TEST_STEP][PASSED] - click(findTestObject("Object Repository/Page_Swag Labs/input_Swag Labs_password")): Object: 'Object Repository/Page_Swag Labs/input_Swag Labs_password' is clicked on

2023-05-12 18:15:46 - [MESSAGE][PASSED] - Object: 'Object Repository/Page_Swag Labs/input_Swag Labs_password' is clicked on

2023-05-12 18:15:46 - [TEST_STEP][PASSED] - sendKeys(findTestObject("Object Repository/Page_Swag Labs/input_Swag Labs_password"), "secret_sauce"): Keys 'secret_sauce' sent to object: 'Object Repository/Page_Swag Labs/input_Swag Labs_password'

2023-05-12 18:15:46 - [MESSAGE][PASSED] - Keys 'secret_sauce' sent to object: 'Object Repository/Page_Swag Labs/input_Swag Labs_password'

2023-05-12 18:15:46 - [TEST_STEP][PASSED] - click(findTestObject("Object Repository/Page_Swag Labs/input_Swag Labs_login-button")): Object: 'Object Repository/Page_Swag Labs/input_Swag Labs_login-button' is clicked on

2023-05-12 18:15:47 - [MESSAGE][PASSED] - Object: 'Object Repository/Page_Swag Labs/input_Swag Labs_login-button' is clicked on

2023-05-12 18:15:47 - [TEST_STEP][PASSED] - click(findTestObject("Object Repository/inventoryPage/Backpack")): Object: 'Object Repository/inventoryPage/Backpack' is clicked on

2023-05-12 18:15:47 - [MESSAGE][PASSED] - Object: 'Object Repository/inventoryPage/Backpack' is clicked on

2023-05-12 18:15:47 - [TEST_STEP][PASSED] - click(findTestObject("Object Repository/inventoryPage/button_Add to cart")): Object: 'Object Repository/inventoryPage/button_Add to cart' is clicked on

2023-05-12 18:15:48 - [MESSAGE][PASSED] - Object: 'Object Repository/inventoryPage/button_Add to cart' is clicked on

2023-05-12 18:15:48 - [TEST_STEP][PASSED] - click(findTestObject("Object Repository/inventoryPage/products_back-image")): Object: 'Object Repository/inventoryPage/products_back-image' is clicked on

2023-05-12 18:15:48 - [MESSAGE][PASSED] - Object: 'Object Repository/inventoryPage/products_back-image' is clicked on

2023-05-12 18:15:48 - [TEST_STEP][PASSED] - click(findTestObject("Object Repository/inventoryPage/cart")): Object: 'Object Repository/inventoryPage/cart' is clicked on

2023-05-12 18:15:49 - [MESSAGE][PASSED] - Object: 'Object Repository/inventoryPage/cart' is clicked on

2023-05-12 18:15:49 - [TEST_STEP][PASSED] - click(findTestObject("Object Repository/CheckoutPage/button_Checkout")): Object: 'Object Repository/CheckoutPage/button_Checkout' is clicked on

2023-05-12 18:15:49 - [MESSAGE][PASSED] - Object: 'Object Repository/CheckoutPage/button_Checkout' is clicked on

2023-05-12 18:15:49 - [TEST_STEP][PASSED] - sendKeys(findTestObject("Object Repository/checkout-step-one/input_Checkout Your Information_firstName"), "demo"): Keys 'demo' sent to object: 'Object Repository/checkout-step-one/input_Checkout Your Information_firstName'

2023-05-12 18:15:50 - [MESSAGE][PASSED] - Keys 'demo' sent to object: 'Object Repository/checkout-step-one/input_Checkout Your Information_firstName'

2023-05-12 18:15:50 - [TEST_STEP][PASSED] - sendKeys(findTestObject("Object Repository/checkout-step-one/input_Checkout Your Information_lastName"), "qa test"): Keys 'qa test' sent to object: 'Object Repository/checkout-step-one/input_Checkout Your Information_lastName'

2023-05-12 18:15:50 - [MESSAGE][PASSED] - Keys 'qa test' sent to object: 'Object Repository/checkout-step-one/input_Checkout Your Information_lastName'

2023-05-12 18:15:50 - [TEST_STEP][PASSED] - sendKeys(findTestObject("Object Repository/checkout-step-one/input_Checkout Your Information_postalCode"), "9000"): Keys '9000' sent to object: 'Object Repository/checkout-step-one/input_Checkout Your Information_postalCode'

2023-05-12 18:15:51 - [MESSAGE][PASSED] - Keys '9000' sent to object: 'Object Repository/checkout-step-one/input_Checkout Your Information_postalCode'

2023-05-12 18:15:51 - [TEST_STEP][PASSED] - click(findTestObject("Object Repository/checkout-step-one/input_continue")): Object: 'Object Repository/checkout-step-one/input_continue' is clicked on

2023-05-12 18:15:51 - [MESSAGE][PASSED] - Object: 'Object Repository/checkout-step-one/input_continue' is clicked on

2023-05-12 18:15:51 - [TEST_STEP][PASSED] - click(findTestObject("Object Repository/finish checkout/button_Finish")): Object: 'Object Repository/finish checkout/button_Finish' is clicked on

2023-05-12 18:15:52 - [MESSAGE][PASSED] - Object: 'Object Repository/finish checkout/button_Finish' is clicked on

2023-05-12 18:15:52 - [TEST_STEP][PASSED] - verifyElementVisible(findTestObject("Object Repository/order-success/h2_Thank you for your order")): Object 'Object Repository/order-success/h2_Thank you for your order' is visible

2023-05-12 18:15:52 - [MESSAGE][PASSED] - Object 'Object Repository/order-success/h2_Thank you for your order' is visible

2023-05-12 18:15:52 - [TEST_STEP][PASSED] - click(findTestObject("Object Repository/NavSideBar/sidebar")): Object: 'Object Repository/NavSideBar/sidebar' is clicked on

2023-05-12 18:15:53 - [MESSAGE][PASSED] - Object: 'Object Repository/NavSideBar/sidebar' is clicked on

2023-05-12 18:15:53 - [TEST_STEP][PASSED] - click(findTestObject("Object Repository/NavSideBar/a_Logout")): Object: 'Object Repository/NavSideBar/a_Logout' is clicked on

2023-05-12 18:15:53 - [MESSAGE][PASSED] - Object: 'Object Repository/NavSideBar/a_Logout' is clicked on

2023-05-12 18:15:53 - [TEST_STEP][PASSED] - verifyElementVisible(findTestObject("Object Repository/Page_Swag Labs/input_Swag Labs_user-name")): Object 'Object Repository/Page_Swag Labs/input_Swag Labs_user-name' is visible

2023-05-12 18:15:54 - [MESSAGE][PASSED] - Object 'Object Repository/Page_Swag Labs/input_Swag Labs_user-name' is visible

2023-05-12 18:15:54 - [TEST_STEP][PASSED] - closeBrowser(): Browser is closed

2023-05-12 18:15:55 - [MESSAGE][PASSED] - Browser is closed]]></system-out>
         <system-err><![CDATA[]]></system-err>
      </testcase>
      <testcase name="Test Cases/test-flow-1-buy-1-product" time="12.413" classname="Test Cases/test-flow-1-buy-1-product" status="PASSED">
         <system-out><![CDATA[2023-05-12 18:15:55 - [TEST_CASE][PASSED] - Test Cases/test-flow-1-buy-1-product: Test Cases/test-flow-1-buy-1-product

2023-05-12 18:15:55 - [TEST_STEP][PASSED] - openBrowser("https://www.saucedemo.com/"): Browser is opened with url: 'https://www.saucedemo.com/'

2023-05-12 18:15:55 - [MESSAGE][INFO] - Starting 'Chrome' driver

2023-05-12 18:15:55 - [MESSAGE][INFO] - Action delay is set to 0 milliseconds

2023-05-12 18:15:57 - [MESSAGE][PASSED] - Browser is opened with url: 'https://www.saucedemo.com/'

2023-05-12 18:15:57 - [TEST_STEP][PASSED] - click(findTestObject("Object Repository/Page_Swag Labs/input_Swag Labs_user-name")): Object: 'Object Repository/Page_Swag Labs/input_Swag Labs_user-name' is clicked on

2023-05-12 18:15:57 - [MESSAGE][PASSED] - Object: 'Object Repository/Page_Swag Labs/input_Swag Labs_user-name' is clicked on

2023-05-12 18:15:57 - [TEST_STEP][PASSED] - sendKeys(findTestObject("Object Repository/Page_Swag Labs/input_Swag Labs_user-name"), "standard_user"): Keys 'standard_user' sent to object: 'Object Repository/Page_Swag Labs/input_Swag Labs_user-name'

2023-05-12 18:15:58 - [MESSAGE][PASSED] - Keys 'standard_user' sent to object: 'Object Repository/Page_Swag Labs/input_Swag Labs_user-name'

2023-05-12 18:15:58 - [TEST_STEP][PASSED] - click(findTestObject("Object Repository/Page_Swag Labs/input_Swag Labs_password")): Object: 'Object Repository/Page_Swag Labs/input_Swag Labs_password' is clicked on

2023-05-12 18:15:58 - [MESSAGE][PASSED] - Object: 'Object Repository/Page_Swag Labs/input_Swag Labs_password' is clicked on

2023-05-12 18:15:58 - [TEST_STEP][PASSED] - sendKeys(findTestObject("Object Repository/Page_Swag Labs/input_Swag Labs_password"), "secret_sauce"): Keys 'secret_sauce' sent to object: 'Object Repository/Page_Swag Labs/input_Swag Labs_password'

2023-05-12 18:15:58 - [MESSAGE][PASSED] - Keys 'secret_sauce' sent to object: 'Object Repository/Page_Swag Labs/input_Swag Labs_password'

2023-05-12 18:15:58 - [TEST_STEP][PASSED] - click(findTestObject("Object Repository/Page_Swag Labs/input_Swag Labs_login-button")): Object: 'Object Repository/Page_Swag Labs/input_Swag Labs_login-button' is clicked on

2023-05-12 18:15:59 - [MESSAGE][PASSED] - Object: 'Object Repository/Page_Swag Labs/input_Swag Labs_login-button' is clicked on

2023-05-12 18:15:59 - [TEST_STEP][PASSED] - click(findTestObject("Object Repository/inventoryPage/Backpack")): Object: 'Object Repository/inventoryPage/Backpack' is clicked on

2023-05-12 18:15:59 - [MESSAGE][PASSED] - Object: 'Object Repository/inventoryPage/Backpack' is clicked on

2023-05-12 18:15:59 - [TEST_STEP][PASSED] - click(findTestObject("Object Repository/inventoryPage/button_Add to cart")): Object: 'Object Repository/inventoryPage/button_Add to cart' is clicked on

2023-05-12 18:16:00 - [MESSAGE][PASSED] - Object: 'Object Repository/inventoryPage/button_Add to cart' is clicked on

2023-05-12 18:16:00 - [TEST_STEP][PASSED] - click(findTestObject("Object Repository/inventoryPage/products_back-image")): Object: 'Object Repository/inventoryPage/products_back-image' is clicked on

2023-05-12 18:16:00 - [MESSAGE][PASSED] - Object: 'Object Repository/inventoryPage/products_back-image' is clicked on

2023-05-12 18:16:00 - [TEST_STEP][PASSED] - click(findTestObject("Object Repository/inventoryPage/cart")): Object: 'Object Repository/inventoryPage/cart' is clicked on

2023-05-12 18:16:01 - [MESSAGE][PASSED] - Object: 'Object Repository/inventoryPage/cart' is clicked on

2023-05-12 18:16:01 - [TEST_STEP][PASSED] - click(findTestObject("Object Repository/CheckoutPage/button_Checkout")): Object: 'Object Repository/CheckoutPage/button_Checkout' is clicked on

2023-05-12 18:16:01 - [MESSAGE][PASSED] - Object: 'Object Repository/CheckoutPage/button_Checkout' is clicked on

2023-05-12 18:16:01 - [TEST_STEP][PASSED] - sendKeys(findTestObject("Object Repository/checkout-step-one/input_Checkout Your Information_firstName"), "demo"): Keys 'demo' sent to object: 'Object Repository/checkout-step-one/input_Checkout Your Information_firstName'

2023-05-12 18:16:02 - [MESSAGE][PASSED] - Keys 'demo' sent to object: 'Object Repository/checkout-step-one/input_Checkout Your Information_firstName'

2023-05-12 18:16:02 - [TEST_STEP][PASSED] - sendKeys(findTestObject("Object Repository/checkout-step-one/input_Checkout Your Information_lastName"), "qa test"): Keys 'qa test' sent to object: 'Object Repository/checkout-step-one/input_Checkout Your Information_lastName'

2023-05-12 18:16:02 - [MESSAGE][PASSED] - Keys 'qa test' sent to object: 'Object Repository/checkout-step-one/input_Checkout Your Information_lastName'

2023-05-12 18:16:02 - [TEST_STEP][PASSED] - sendKeys(findTestObject("Object Repository/checkout-step-one/input_Checkout Your Information_postalCode"), "9000"): Keys '9000' sent to object: 'Object Repository/checkout-step-one/input_Checkout Your Information_postalCode'

2023-05-12 18:16:03 - [MESSAGE][PASSED] - Keys '9000' sent to object: 'Object Repository/checkout-step-one/input_Checkout Your Information_postalCode'

2023-05-12 18:16:03 - [TEST_STEP][PASSED] - click(findTestObject("Object Repository/checkout-step-one/input_continue")): Object: 'Object Repository/checkout-step-one/input_continue' is clicked on

2023-05-12 18:16:04 - [MESSAGE][PASSED] - Object: 'Object Repository/checkout-step-one/input_continue' is clicked on

2023-05-12 18:16:04 - [TEST_STEP][PASSED] - click(findTestObject("Object Repository/finish checkout/button_Finish")): Object: 'Object Repository/finish checkout/button_Finish' is clicked on

2023-05-12 18:16:04 - [MESSAGE][PASSED] - Object: 'Object Repository/finish checkout/button_Finish' is clicked on

2023-05-12 18:16:04 - [TEST_STEP][PASSED] - verifyElementVisible(findTestObject("Object Repository/order-success/h2_Thank you for your order")): Object 'Object Repository/order-success/h2_Thank you for your order' is visible

2023-05-12 18:16:05 - [MESSAGE][PASSED] - Object 'Object Repository/order-success/h2_Thank you for your order' is visible

2023-05-12 18:16:05 - [TEST_STEP][PASSED] - click(findTestObject("Object Repository/NavSideBar/sidebar")): Object: 'Object Repository/NavSideBar/sidebar' is clicked on

2023-05-12 18:16:05 - [MESSAGE][PASSED] - Object: 'Object Repository/NavSideBar/sidebar' is clicked on

2023-05-12 18:16:05 - [TEST_STEP][PASSED] - click(findTestObject("Object Repository/NavSideBar/a_Logout")): Object: 'Object Repository/NavSideBar/a_Logout' is clicked on

2023-05-12 18:16:06 - [MESSAGE][PASSED] - Object: 'Object Repository/NavSideBar/a_Logout' is clicked on

2023-05-12 18:16:06 - [TEST_STEP][PASSED] - verifyElementVisible(findTestObject("Object Repository/Page_Swag Labs/input_Swag Labs_user-name")): Object 'Object Repository/Page_Swag Labs/input_Swag Labs_user-name' is visible

2023-05-12 18:16:06 - [MESSAGE][PASSED] - Object 'Object Repository/Page_Swag Labs/input_Swag Labs_user-name' is visible

2023-05-12 18:16:06 - [TEST_STEP][PASSED] - closeBrowser(): Browser is closed

2023-05-12 18:16:07 - [MESSAGE][PASSED] - Browser is closed]]></system-out>
         <system-err><![CDATA[]]></system-err>
      </testcase>
      <testcase name="Test Cases/test-flow-1-buy-1-product" time="11.649" classname="Test Cases/test-flow-1-buy-1-product" status="PASSED">
         <system-out><![CDATA[2023-05-12 18:16:07 - [TEST_CASE][PASSED] - Test Cases/test-flow-1-buy-1-product: Test Cases/test-flow-1-buy-1-product

2023-05-12 18:16:07 - [TEST_STEP][PASSED] - openBrowser("https://www.saucedemo.com/"): Browser is opened with url: 'https://www.saucedemo.com/'

2023-05-12 18:16:07 - [MESSAGE][INFO] - Starting 'Chrome' driver

2023-05-12 18:16:07 - [MESSAGE][INFO] - Action delay is set to 0 milliseconds

2023-05-12 18:16:09 - [MESSAGE][PASSED] - Browser is opened with url: 'https://www.saucedemo.com/'

2023-05-12 18:16:09 - [TEST_STEP][PASSED] - click(findTestObject("Object Repository/Page_Swag Labs/input_Swag Labs_user-name")): Object: 'Object Repository/Page_Swag Labs/input_Swag Labs_user-name' is clicked on

2023-05-12 18:16:09 - [MESSAGE][PASSED] - Object: 'Object Repository/Page_Swag Labs/input_Swag Labs_user-name' is clicked on

2023-05-12 18:16:09 - [TEST_STEP][PASSED] - sendKeys(findTestObject("Object Repository/Page_Swag Labs/input_Swag Labs_user-name"), "standard_user"): Keys 'standard_user' sent to object: 'Object Repository/Page_Swag Labs/input_Swag Labs_user-name'

2023-05-12 18:16:10 - [MESSAGE][PASSED] - Keys 'standard_user' sent to object: 'Object Repository/Page_Swag Labs/input_Swag Labs_user-name'

2023-05-12 18:16:10 - [TEST_STEP][PASSED] - click(findTestObject("Object Repository/Page_Swag Labs/input_Swag Labs_password")): Object: 'Object Repository/Page_Swag Labs/input_Swag Labs_password' is clicked on

2023-05-12 18:16:10 - [MESSAGE][PASSED] - Object: 'Object Repository/Page_Swag Labs/input_Swag Labs_password' is clicked on

2023-05-12 18:16:10 - [TEST_STEP][PASSED] - sendKeys(findTestObject("Object Repository/Page_Swag Labs/input_Swag Labs_password"), "secret_sauce"): Keys 'secret_sauce' sent to object: 'Object Repository/Page_Swag Labs/input_Swag Labs_password'

2023-05-12 18:16:10 - [MESSAGE][PASSED] - Keys 'secret_sauce' sent to object: 'Object Repository/Page_Swag Labs/input_Swag Labs_password'

2023-05-12 18:16:10 - [TEST_STEP][PASSED] - click(findTestObject("Object Repository/Page_Swag Labs/input_Swag Labs_login-button")): Object: 'Object Repository/Page_Swag Labs/input_Swag Labs_login-button' is clicked on

2023-05-12 18:16:11 - [MESSAGE][PASSED] - Object: 'Object Repository/Page_Swag Labs/input_Swag Labs_login-button' is clicked on

2023-05-12 18:16:11 - [TEST_STEP][PASSED] - click(findTestObject("Object Repository/inventoryPage/Backpack")): Object: 'Object Repository/inventoryPage/Backpack' is clicked on

2023-05-12 18:16:11 - [MESSAGE][PASSED] - Object: 'Object Repository/inventoryPage/Backpack' is clicked on

2023-05-12 18:16:11 - [TEST_STEP][PASSED] - click(findTestObject("Object Repository/inventoryPage/button_Add to cart")): Object: 'Object Repository/inventoryPage/button_Add to cart' is clicked on

2023-05-12 18:16:12 - [MESSAGE][PASSED] - Object: 'Object Repository/inventoryPage/button_Add to cart' is clicked on

2023-05-12 18:16:12 - [TEST_STEP][PASSED] - click(findTestObject("Object Repository/inventoryPage/products_back-image")): Object: 'Object Repository/inventoryPage/products_back-image' is clicked on

2023-05-12 18:16:12 - [MESSAGE][PASSED] - Object: 'Object Repository/inventoryPage/products_back-image' is clicked on

2023-05-12 18:16:12 - [TEST_STEP][PASSED] - click(findTestObject("Object Repository/inventoryPage/cart")): Object: 'Object Repository/inventoryPage/cart' is clicked on

2023-05-12 18:16:13 - [MESSAGE][PASSED] - Object: 'Object Repository/inventoryPage/cart' is clicked on

2023-05-12 18:16:13 - [TEST_STEP][PASSED] - click(findTestObject("Object Repository/CheckoutPage/button_Checkout")): Object: 'Object Repository/CheckoutPage/button_Checkout' is clicked on

2023-05-12 18:16:13 - [MESSAGE][PASSED] - Object: 'Object Repository/CheckoutPage/button_Checkout' is clicked on

2023-05-12 18:16:13 - [TEST_STEP][PASSED] - sendKeys(findTestObject("Object Repository/checkout-step-one/input_Checkout Your Information_firstName"), "demo"): Keys 'demo' sent to object: 'Object Repository/checkout-step-one/input_Checkout Your Information_firstName'

2023-05-12 18:16:14 - [MESSAGE][PASSED] - Keys 'demo' sent to object: 'Object Repository/checkout-step-one/input_Checkout Your Information_firstName'

2023-05-12 18:16:14 - [TEST_STEP][PASSED] - sendKeys(findTestObject("Object Repository/checkout-step-one/input_Checkout Your Information_lastName"), "qa test"): Keys 'qa test' sent to object: 'Object Repository/checkout-step-one/input_Checkout Your Information_lastName'

2023-05-12 18:16:14 - [MESSAGE][PASSED] - Keys 'qa test' sent to object: 'Object Repository/checkout-step-one/input_Checkout Your Information_lastName'

2023-05-12 18:16:14 - [TEST_STEP][PASSED] - sendKeys(findTestObject("Object Repository/checkout-step-one/input_Checkout Your Information_postalCode"), "9000"): Keys '9000' sent to object: 'Object Repository/checkout-step-one/input_Checkout Your Information_postalCode'

2023-05-12 18:16:15 - [MESSAGE][PASSED] - Keys '9000' sent to object: 'Object Repository/checkout-step-one/input_Checkout Your Information_postalCode'

2023-05-12 18:16:15 - [TEST_STEP][PASSED] - click(findTestObject("Object Repository/checkout-step-one/input_continue")): Object: 'Object Repository/checkout-step-one/input_continue' is clicked on

2023-05-12 18:16:15 - [MESSAGE][PASSED] - Object: 'Object Repository/checkout-step-one/input_continue' is clicked on

2023-05-12 18:16:15 - [TEST_STEP][PASSED] - click(findTestObject("Object Repository/finish checkout/button_Finish")): Object: 'Object Repository/finish checkout/button_Finish' is clicked on

2023-05-12 18:16:16 - [MESSAGE][PASSED] - Object: 'Object Repository/finish checkout/button_Finish' is clicked on

2023-05-12 18:16:16 - [TEST_STEP][PASSED] - verifyElementVisible(findTestObject("Object Repository/order-success/h2_Thank you for your order")): Object 'Object Repository/order-success/h2_Thank you for your order' is visible

2023-05-12 18:16:17 - [MESSAGE][PASSED] - Object 'Object Repository/order-success/h2_Thank you for your order' is visible

2023-05-12 18:16:17 - [TEST_STEP][PASSED] - click(findTestObject("Object Repository/NavSideBar/sidebar")): Object: 'Object Repository/NavSideBar/sidebar' is clicked on

2023-05-12 18:16:17 - [MESSAGE][PASSED] - Object: 'Object Repository/NavSideBar/sidebar' is clicked on

2023-05-12 18:16:17 - [TEST_STEP][PASSED] - click(findTestObject("Object Repository/NavSideBar/a_Logout")): Object: 'Object Repository/NavSideBar/a_Logout' is clicked on

2023-05-12 18:16:17 - [MESSAGE][PASSED] - Object: 'Object Repository/NavSideBar/a_Logout' is clicked on

2023-05-12 18:16:17 - [TEST_STEP][PASSED] - verifyElementVisible(findTestObject("Object Repository/Page_Swag Labs/input_Swag Labs_user-name")): Object 'Object Repository/Page_Swag Labs/input_Swag Labs_user-name' is visible

2023-05-12 18:16:18 - [MESSAGE][PASSED] - Object 'Object Repository/Page_Swag Labs/input_Swag Labs_user-name' is visible

2023-05-12 18:16:18 - [TEST_STEP][PASSED] - closeBrowser(): Browser is closed

2023-05-12 18:16:19 - [MESSAGE][PASSED] - Browser is closed]]></system-out>
         <system-err><![CDATA[]]></system-err>
      </testcase>
      <testcase name="Test Cases/test-flow-1-buy-1-product" time="12.104" classname="Test Cases/test-flow-1-buy-1-product" status="PASSED">
         <system-out><![CDATA[2023-05-12 18:16:19 - [TEST_CASE][PASSED] - Test Cases/test-flow-1-buy-1-product: Test Cases/test-flow-1-buy-1-product

2023-05-12 18:16:19 - [TEST_STEP][PASSED] - openBrowser("https://www.saucedemo.com/"): Browser is opened with url: 'https://www.saucedemo.com/'

2023-05-12 18:16:19 - [MESSAGE][INFO] - Starting 'Chrome' driver

2023-05-12 18:16:19 - [MESSAGE][INFO] - Action delay is set to 0 milliseconds

2023-05-12 18:16:21 - [MESSAGE][PASSED] - Browser is opened with url: 'https://www.saucedemo.com/'

2023-05-12 18:16:21 - [TEST_STEP][PASSED] - click(findTestObject("Object Repository/Page_Swag Labs/input_Swag Labs_user-name")): Object: 'Object Repository/Page_Swag Labs/input_Swag Labs_user-name' is clicked on

2023-05-12 18:16:21 - [MESSAGE][PASSED] - Object: 'Object Repository/Page_Swag Labs/input_Swag Labs_user-name' is clicked on

2023-05-12 18:16:21 - [TEST_STEP][PASSED] - sendKeys(findTestObject("Object Repository/Page_Swag Labs/input_Swag Labs_user-name"), "standard_user"): Keys 'standard_user' sent to object: 'Object Repository/Page_Swag Labs/input_Swag Labs_user-name'

2023-05-12 18:16:22 - [MESSAGE][PASSED] - Keys 'standard_user' sent to object: 'Object Repository/Page_Swag Labs/input_Swag Labs_user-name'

2023-05-12 18:16:22 - [TEST_STEP][PASSED] - click(findTestObject("Object Repository/Page_Swag Labs/input_Swag Labs_password")): Object: 'Object Repository/Page_Swag Labs/input_Swag Labs_password' is clicked on

2023-05-12 18:16:22 - [MESSAGE][PASSED] - Object: 'Object Repository/Page_Swag Labs/input_Swag Labs_password' is clicked on

2023-05-12 18:16:22 - [TEST_STEP][PASSED] - sendKeys(findTestObject("Object Repository/Page_Swag Labs/input_Swag Labs_password"), "secret_sauce"): Keys 'secret_sauce' sent to object: 'Object Repository/Page_Swag Labs/input_Swag Labs_password'

2023-05-12 18:16:22 - [MESSAGE][PASSED] - Keys 'secret_sauce' sent to object: 'Object Repository/Page_Swag Labs/input_Swag Labs_password'

2023-05-12 18:16:22 - [TEST_STEP][PASSED] - click(findTestObject("Object Repository/Page_Swag Labs/input_Swag Labs_login-button")): Object: 'Object Repository/Page_Swag Labs/input_Swag Labs_login-button' is clicked on

2023-05-12 18:16:23 - [MESSAGE][PASSED] - Object: 'Object Repository/Page_Swag Labs/input_Swag Labs_login-button' is clicked on

2023-05-12 18:16:23 - [TEST_STEP][PASSED] - click(findTestObject("Object Repository/inventoryPage/Backpack")): Object: 'Object Repository/inventoryPage/Backpack' is clicked on

2023-05-12 18:16:23 - [MESSAGE][PASSED] - Object: 'Object Repository/inventoryPage/Backpack' is clicked on

2023-05-12 18:16:23 - [TEST_STEP][PASSED] - click(findTestObject("Object Repository/inventoryPage/button_Add to cart")): Object: 'Object Repository/inventoryPage/button_Add to cart' is clicked on

2023-05-12 18:16:24 - [MESSAGE][PASSED] - Object: 'Object Repository/inventoryPage/button_Add to cart' is clicked on

2023-05-12 18:16:24 - [TEST_STEP][PASSED] - click(findTestObject("Object Repository/inventoryPage/products_back-image")): Object: 'Object Repository/inventoryPage/products_back-image' is clicked on

2023-05-12 18:16:24 - [MESSAGE][PASSED] - Object: 'Object Repository/inventoryPage/products_back-image' is clicked on

2023-05-12 18:16:24 - [TEST_STEP][PASSED] - click(findTestObject("Object Repository/inventoryPage/cart")): Object: 'Object Repository/inventoryPage/cart' is clicked on

2023-05-12 18:16:25 - [MESSAGE][PASSED] - Object: 'Object Repository/inventoryPage/cart' is clicked on

2023-05-12 18:16:25 - [TEST_STEP][PASSED] - click(findTestObject("Object Repository/CheckoutPage/button_Checkout")): Object: 'Object Repository/CheckoutPage/button_Checkout' is clicked on

2023-05-12 18:16:25 - [MESSAGE][PASSED] - Object: 'Object Repository/CheckoutPage/button_Checkout' is clicked on

2023-05-12 18:16:25 - [TEST_STEP][PASSED] - sendKeys(findTestObject("Object Repository/checkout-step-one/input_Checkout Your Information_firstName"), "demo"): Keys 'demo' sent to object: 'Object Repository/checkout-step-one/input_Checkout Your Information_firstName'

2023-05-12 18:16:26 - [MESSAGE][PASSED] - Keys 'demo' sent to object: 'Object Repository/checkout-step-one/input_Checkout Your Information_firstName'

2023-05-12 18:16:26 - [TEST_STEP][PASSED] - sendKeys(findTestObject("Object Repository/checkout-step-one/input_Checkout Your Information_lastName"), "qa test"): Keys 'qa test' sent to object: 'Object Repository/checkout-step-one/input_Checkout Your Information_lastName'

2023-05-12 18:16:26 - [MESSAGE][PASSED] - Keys 'qa test' sent to object: 'Object Repository/checkout-step-one/input_Checkout Your Information_lastName'

2023-05-12 18:16:26 - [TEST_STEP][PASSED] - sendKeys(findTestObject("Object Repository/checkout-step-one/input_Checkout Your Information_postalCode"), "9000"): Keys '9000' sent to object: 'Object Repository/checkout-step-one/input_Checkout Your Information_postalCode'

2023-05-12 18:16:27 - [MESSAGE][PASSED] - Keys '9000' sent to object: 'Object Repository/checkout-step-one/input_Checkout Your Information_postalCode'

2023-05-12 18:16:27 - [TEST_STEP][PASSED] - click(findTestObject("Object Repository/checkout-step-one/input_continue")): Object: 'Object Repository/checkout-step-one/input_continue' is clicked on

2023-05-12 18:16:27 - [MESSAGE][PASSED] - Object: 'Object Repository/checkout-step-one/input_continue' is clicked on

2023-05-12 18:16:27 - [TEST_STEP][PASSED] - click(findTestObject("Object Repository/finish checkout/button_Finish")): Object: 'Object Repository/finish checkout/button_Finish' is clicked on

2023-05-12 18:16:28 - [MESSAGE][PASSED] - Object: 'Object Repository/finish checkout/button_Finish' is clicked on

2023-05-12 18:16:28 - [TEST_STEP][PASSED] - verifyElementVisible(findTestObject("Object Repository/order-success/h2_Thank you for your order")): Object 'Object Repository/order-success/h2_Thank you for your order' is visible

2023-05-12 18:16:29 - [MESSAGE][PASSED] - Object 'Object Repository/order-success/h2_Thank you for your order' is visible

2023-05-12 18:16:29 - [TEST_STEP][PASSED] - click(findTestObject("Object Repository/NavSideBar/sidebar")): Object: 'Object Repository/NavSideBar/sidebar' is clicked on

2023-05-12 18:16:29 - [MESSAGE][PASSED] - Object: 'Object Repository/NavSideBar/sidebar' is clicked on

2023-05-12 18:16:29 - [TEST_STEP][PASSED] - click(findTestObject("Object Repository/NavSideBar/a_Logout")): Object: 'Object Repository/NavSideBar/a_Logout' is clicked on

2023-05-12 18:16:29 - [MESSAGE][PASSED] - Object: 'Object Repository/NavSideBar/a_Logout' is clicked on

2023-05-12 18:16:29 - [TEST_STEP][PASSED] - verifyElementVisible(findTestObject("Object Repository/Page_Swag Labs/input_Swag Labs_user-name")): Object 'Object Repository/Page_Swag Labs/input_Swag Labs_user-name' is visible

2023-05-12 18:16:30 - [MESSAGE][PASSED] - Object 'Object Repository/Page_Swag Labs/input_Swag Labs_user-name' is visible

2023-05-12 18:16:30 - [TEST_STEP][PASSED] - closeBrowser(): Browser is closed

2023-05-12 18:16:31 - [MESSAGE][PASSED] - Browser is closed]]></system-out>
         <system-err><![CDATA[]]></system-err>
      </testcase>
      <testcase name="Test Cases/test-flow-1-buy-1-product" time="12.036" classname="Test Cases/test-flow-1-buy-1-product" status="PASSED">
         <system-out><![CDATA[2023-05-12 18:16:31 - [TEST_CASE][PASSED] - Test Cases/test-flow-1-buy-1-product: Test Cases/test-flow-1-buy-1-product

2023-05-12 18:16:31 - [TEST_STEP][PASSED] - openBrowser("https://www.saucedemo.com/"): Browser is opened with url: 'https://www.saucedemo.com/'

2023-05-12 18:16:31 - [MESSAGE][INFO] - Starting 'Chrome' driver

2023-05-12 18:16:31 - [MESSAGE][INFO] - Action delay is set to 0 milliseconds

2023-05-12 18:16:33 - [MESSAGE][PASSED] - Browser is opened with url: 'https://www.saucedemo.com/'

2023-05-12 18:16:33 - [TEST_STEP][PASSED] - click(findTestObject("Object Repository/Page_Swag Labs/input_Swag Labs_user-name")): Object: 'Object Repository/Page_Swag Labs/input_Swag Labs_user-name' is clicked on

2023-05-12 18:16:33 - [MESSAGE][PASSED] - Object: 'Object Repository/Page_Swag Labs/input_Swag Labs_user-name' is clicked on

2023-05-12 18:16:33 - [TEST_STEP][PASSED] - sendKeys(findTestObject("Object Repository/Page_Swag Labs/input_Swag Labs_user-name"), "standard_user"): Keys 'standard_user' sent to object: 'Object Repository/Page_Swag Labs/input_Swag Labs_user-name'

2023-05-12 18:16:34 - [MESSAGE][PASSED] - Keys 'standard_user' sent to object: 'Object Repository/Page_Swag Labs/input_Swag Labs_user-name'

2023-05-12 18:16:34 - [TEST_STEP][PASSED] - click(findTestObject("Object Repository/Page_Swag Labs/input_Swag Labs_password")): Object: 'Object Repository/Page_Swag Labs/input_Swag Labs_password' is clicked on

2023-05-12 18:16:34 - [MESSAGE][PASSED] - Object: 'Object Repository/Page_Swag Labs/input_Swag Labs_password' is clicked on

2023-05-12 18:16:34 - [TEST_STEP][PASSED] - sendKeys(findTestObject("Object Repository/Page_Swag Labs/input_Swag Labs_password"), "secret_sauce"): Keys 'secret_sauce' sent to object: 'Object Repository/Page_Swag Labs/input_Swag Labs_password'

2023-05-12 18:16:34 - [MESSAGE][PASSED] - Keys 'secret_sauce' sent to object: 'Object Repository/Page_Swag Labs/input_Swag Labs_password'

2023-05-12 18:16:34 - [TEST_STEP][PASSED] - click(findTestObject("Object Repository/Page_Swag Labs/input_Swag Labs_login-button")): Object: 'Object Repository/Page_Swag Labs/input_Swag Labs_login-button' is clicked on

2023-05-12 18:16:35 - [MESSAGE][PASSED] - Object: 'Object Repository/Page_Swag Labs/input_Swag Labs_login-button' is clicked on

2023-05-12 18:16:35 - [TEST_STEP][PASSED] - click(findTestObject("Object Repository/inventoryPage/Backpack")): Object: 'Object Repository/inventoryPage/Backpack' is clicked on

2023-05-12 18:16:35 - [MESSAGE][PASSED] - Object: 'Object Repository/inventoryPage/Backpack' is clicked on

2023-05-12 18:16:35 - [TEST_STEP][PASSED] - click(findTestObject("Object Repository/inventoryPage/button_Add to cart")): Object: 'Object Repository/inventoryPage/button_Add to cart' is clicked on

2023-05-12 18:16:36 - [MESSAGE][PASSED] - Object: 'Object Repository/inventoryPage/button_Add to cart' is clicked on

2023-05-12 18:16:36 - [TEST_STEP][PASSED] - click(findTestObject("Object Repository/inventoryPage/products_back-image")): Object: 'Object Repository/inventoryPage/products_back-image' is clicked on

2023-05-12 18:16:36 - [MESSAGE][PASSED] - Object: 'Object Repository/inventoryPage/products_back-image' is clicked on

2023-05-12 18:16:36 - [TEST_STEP][PASSED] - click(findTestObject("Object Repository/inventoryPage/cart")): Object: 'Object Repository/inventoryPage/cart' is clicked on

2023-05-12 18:16:37 - [MESSAGE][PASSED] - Object: 'Object Repository/inventoryPage/cart' is clicked on

2023-05-12 18:16:37 - [TEST_STEP][PASSED] - click(findTestObject("Object Repository/CheckoutPage/button_Checkout")): Object: 'Object Repository/CheckoutPage/button_Checkout' is clicked on

2023-05-12 18:16:37 - [MESSAGE][PASSED] - Object: 'Object Repository/CheckoutPage/button_Checkout' is clicked on

2023-05-12 18:16:37 - [TEST_STEP][PASSED] - sendKeys(findTestObject("Object Repository/checkout-step-one/input_Checkout Your Information_firstName"), "demo"): Keys 'demo' sent to object: 'Object Repository/checkout-step-one/input_Checkout Your Information_firstName'

2023-05-12 18:16:38 - [MESSAGE][PASSED] - Keys 'demo' sent to object: 'Object Repository/checkout-step-one/input_Checkout Your Information_firstName'

2023-05-12 18:16:38 - [TEST_STEP][PASSED] - sendKeys(findTestObject("Object Repository/checkout-step-one/input_Checkout Your Information_lastName"), "qa test"): Keys 'qa test' sent to object: 'Object Repository/checkout-step-one/input_Checkout Your Information_lastName'

2023-05-12 18:16:39 - [MESSAGE][PASSED] - Keys 'qa test' sent to object: 'Object Repository/checkout-step-one/input_Checkout Your Information_lastName'

2023-05-12 18:16:39 - [TEST_STEP][PASSED] - sendKeys(findTestObject("Object Repository/checkout-step-one/input_Checkout Your Information_postalCode"), "9000"): Keys '9000' sent to object: 'Object Repository/checkout-step-one/input_Checkout Your Information_postalCode'

2023-05-12 18:16:39 - [MESSAGE][PASSED] - Keys '9000' sent to object: 'Object Repository/checkout-step-one/input_Checkout Your Information_postalCode'

2023-05-12 18:16:39 - [TEST_STEP][PASSED] - click(findTestObject("Object Repository/checkout-step-one/input_continue")): Object: 'Object Repository/checkout-step-one/input_continue' is clicked on

2023-05-12 18:16:40 - [MESSAGE][PASSED] - Object: 'Object Repository/checkout-step-one/input_continue' is clicked on

2023-05-12 18:16:40 - [TEST_STEP][PASSED] - click(findTestObject("Object Repository/finish checkout/button_Finish")): Object: 'Object Repository/finish checkout/button_Finish' is clicked on

2023-05-12 18:16:40 - [MESSAGE][PASSED] - Object: 'Object Repository/finish checkout/button_Finish' is clicked on

2023-05-12 18:16:40 - [TEST_STEP][PASSED] - verifyElementVisible(findTestObject("Object Repository/order-success/h2_Thank you for your order")): Object 'Object Repository/order-success/h2_Thank you for your order' is visible

2023-05-12 18:16:41 - [MESSAGE][PASSED] - Object 'Object Repository/order-success/h2_Thank you for your order' is visible

2023-05-12 18:16:41 - [TEST_STEP][PASSED] - click(findTestObject("Object Repository/NavSideBar/sidebar")): Object: 'Object Repository/NavSideBar/sidebar' is clicked on

2023-05-12 18:16:41 - [MESSAGE][PASSED] - Object: 'Object Repository/NavSideBar/sidebar' is clicked on

2023-05-12 18:16:41 - [TEST_STEP][PASSED] - click(findTestObject("Object Repository/NavSideBar/a_Logout")): Object: 'Object Repository/NavSideBar/a_Logout' is clicked on

2023-05-12 18:16:42 - [MESSAGE][PASSED] - Object: 'Object Repository/NavSideBar/a_Logout' is clicked on

2023-05-12 18:16:42 - [TEST_STEP][PASSED] - verifyElementVisible(findTestObject("Object Repository/Page_Swag Labs/input_Swag Labs_user-name")): Object 'Object Repository/Page_Swag Labs/input_Swag Labs_user-name' is visible

2023-05-12 18:16:42 - [MESSAGE][PASSED] - Object 'Object Repository/Page_Swag Labs/input_Swag Labs_user-name' is visible

2023-05-12 18:16:42 - [TEST_STEP][PASSED] - closeBrowser(): Browser is closed

2023-05-12 18:16:43 - [MESSAGE][PASSED] - Browser is closed]]></system-out>
         <system-err><![CDATA[]]></system-err>
      </testcase>
      <testcase name="Test Cases/test-flow-1-buy-1-product" time="12.341" classname="Test Cases/test-flow-1-buy-1-product" status="PASSED">
         <system-out><![CDATA[2023-05-12 18:16:43 - [TEST_CASE][PASSED] - Test Cases/test-flow-1-buy-1-product: Test Cases/test-flow-1-buy-1-product

2023-05-12 18:16:43 - [TEST_STEP][PASSED] - openBrowser("https://www.saucedemo.com/"): Browser is opened with url: 'https://www.saucedemo.com/'

2023-05-12 18:16:43 - [MESSAGE][INFO] - Starting 'Chrome' driver

2023-05-12 18:16:43 - [MESSAGE][INFO] - Action delay is set to 0 milliseconds

2023-05-12 18:16:45 - [MESSAGE][PASSED] - Browser is opened with url: 'https://www.saucedemo.com/'

2023-05-12 18:16:45 - [TEST_STEP][PASSED] - click(findTestObject("Object Repository/Page_Swag Labs/input_Swag Labs_user-name")): Object: 'Object Repository/Page_Swag Labs/input_Swag Labs_user-name' is clicked on

2023-05-12 18:16:46 - [MESSAGE][PASSED] - Object: 'Object Repository/Page_Swag Labs/input_Swag Labs_user-name' is clicked on

2023-05-12 18:16:46 - [TEST_STEP][PASSED] - sendKeys(findTestObject("Object Repository/Page_Swag Labs/input_Swag Labs_user-name"), "standard_user"): Keys 'standard_user' sent to object: 'Object Repository/Page_Swag Labs/input_Swag Labs_user-name'

2023-05-12 18:16:46 - [MESSAGE][PASSED] - Keys 'standard_user' sent to object: 'Object Repository/Page_Swag Labs/input_Swag Labs_user-name'

2023-05-12 18:16:46 - [TEST_STEP][PASSED] - click(findTestObject("Object Repository/Page_Swag Labs/input_Swag Labs_password")): Object: 'Object Repository/Page_Swag Labs/input_Swag Labs_password' is clicked on

2023-05-12 18:16:46 - [MESSAGE][PASSED] - Object: 'Object Repository/Page_Swag Labs/input_Swag Labs_password' is clicked on

2023-05-12 18:16:46 - [TEST_STEP][PASSED] - sendKeys(findTestObject("Object Repository/Page_Swag Labs/input_Swag Labs_password"), "secret_sauce"): Keys 'secret_sauce' sent to object: 'Object Repository/Page_Swag Labs/input_Swag Labs_password'

2023-05-12 18:16:47 - [MESSAGE][PASSED] - Keys 'secret_sauce' sent to object: 'Object Repository/Page_Swag Labs/input_Swag Labs_password'

2023-05-12 18:16:47 - [TEST_STEP][PASSED] - click(findTestObject("Object Repository/Page_Swag Labs/input_Swag Labs_login-button")): Object: 'Object Repository/Page_Swag Labs/input_Swag Labs_login-button' is clicked on

2023-05-12 18:16:47 - [MESSAGE][PASSED] - Object: 'Object Repository/Page_Swag Labs/input_Swag Labs_login-button' is clicked on

2023-05-12 18:16:47 - [TEST_STEP][PASSED] - click(findTestObject("Object Repository/inventoryPage/Backpack")): Object: 'Object Repository/inventoryPage/Backpack' is clicked on

2023-05-12 18:16:47 - [MESSAGE][PASSED] - Object: 'Object Repository/inventoryPage/Backpack' is clicked on

2023-05-12 18:16:47 - [TEST_STEP][PASSED] - click(findTestObject("Object Repository/inventoryPage/button_Add to cart")): Object: 'Object Repository/inventoryPage/button_Add to cart' is clicked on

2023-05-12 18:16:48 - [MESSAGE][PASSED] - Object: 'Object Repository/inventoryPage/button_Add to cart' is clicked on

2023-05-12 18:16:48 - [TEST_STEP][PASSED] - click(findTestObject("Object Repository/inventoryPage/products_back-image")): Object: 'Object Repository/inventoryPage/products_back-image' is clicked on

2023-05-12 18:16:49 - [MESSAGE][PASSED] - Object: 'Object Repository/inventoryPage/products_back-image' is clicked on

2023-05-12 18:16:49 - [TEST_STEP][PASSED] - click(findTestObject("Object Repository/inventoryPage/cart")): Object: 'Object Repository/inventoryPage/cart' is clicked on

2023-05-12 18:16:49 - [MESSAGE][PASSED] - Object: 'Object Repository/inventoryPage/cart' is clicked on

2023-05-12 18:16:49 - [TEST_STEP][PASSED] - click(findTestObject("Object Repository/CheckoutPage/button_Checkout")): Object: 'Object Repository/CheckoutPage/button_Checkout' is clicked on

2023-05-12 18:16:50 - [MESSAGE][PASSED] - Object: 'Object Repository/CheckoutPage/button_Checkout' is clicked on

2023-05-12 18:16:50 - [TEST_STEP][PASSED] - sendKeys(findTestObject("Object Repository/checkout-step-one/input_Checkout Your Information_firstName"), "demo"): Keys 'demo' sent to object: 'Object Repository/checkout-step-one/input_Checkout Your Information_firstName'

2023-05-12 18:16:50 - [MESSAGE][PASSED] - Keys 'demo' sent to object: 'Object Repository/checkout-step-one/input_Checkout Your Information_firstName'

2023-05-12 18:16:50 - [TEST_STEP][PASSED] - sendKeys(findTestObject("Object Repository/checkout-step-one/input_Checkout Your Information_lastName"), "qa test"): Keys 'qa test' sent to object: 'Object Repository/checkout-step-one/input_Checkout Your Information_lastName'

2023-05-12 18:16:51 - [MESSAGE][PASSED] - Keys 'qa test' sent to object: 'Object Repository/checkout-step-one/input_Checkout Your Information_lastName'

2023-05-12 18:16:51 - [TEST_STEP][PASSED] - sendKeys(findTestObject("Object Repository/checkout-step-one/input_Checkout Your Information_postalCode"), "9000"): Keys '9000' sent to object: 'Object Repository/checkout-step-one/input_Checkout Your Information_postalCode'

2023-05-12 18:16:51 - [MESSAGE][PASSED] - Keys '9000' sent to object: 'Object Repository/checkout-step-one/input_Checkout Your Information_postalCode'

2023-05-12 18:16:51 - [TEST_STEP][PASSED] - click(findTestObject("Object Repository/checkout-step-one/input_continue")): Object: 'Object Repository/checkout-step-one/input_continue' is clicked on

2023-05-12 18:16:52 - [MESSAGE][PASSED] - Object: 'Object Repository/checkout-step-one/input_continue' is clicked on

2023-05-12 18:16:52 - [TEST_STEP][PASSED] - click(findTestObject("Object Repository/finish checkout/button_Finish")): Object: 'Object Repository/finish checkout/button_Finish' is clicked on

2023-05-12 18:16:52 - [MESSAGE][PASSED] - Object: 'Object Repository/finish checkout/button_Finish' is clicked on

2023-05-12 18:16:52 - [TEST_STEP][PASSED] - verifyElementVisible(findTestObject("Object Repository/order-success/h2_Thank you for your order")): Object 'Object Repository/order-success/h2_Thank you for your order' is visible

2023-05-12 18:16:53 - [MESSAGE][PASSED] - Object 'Object Repository/order-success/h2_Thank you for your order' is visible

2023-05-12 18:16:53 - [TEST_STEP][PASSED] - click(findTestObject("Object Repository/NavSideBar/sidebar")): Object: 'Object Repository/NavSideBar/sidebar' is clicked on

2023-05-12 18:16:53 - [MESSAGE][PASSED] - Object: 'Object Repository/NavSideBar/sidebar' is clicked on

2023-05-12 18:16:53 - [TEST_STEP][PASSED] - click(findTestObject("Object Repository/NavSideBar/a_Logout")): Object: 'Object Repository/NavSideBar/a_Logout' is clicked on

2023-05-12 18:16:54 - [MESSAGE][PASSED] - Object: 'Object Repository/NavSideBar/a_Logout' is clicked on

2023-05-12 18:16:54 - [TEST_STEP][PASSED] - verifyElementVisible(findTestObject("Object Repository/Page_Swag Labs/input_Swag Labs_user-name")): Object 'Object Repository/Page_Swag Labs/input_Swag Labs_user-name' is visible

2023-05-12 18:16:54 - [MESSAGE][PASSED] - Object 'Object Repository/Page_Swag Labs/input_Swag Labs_user-name' is visible

2023-05-12 18:16:54 - [TEST_STEP][PASSED] - closeBrowser(): Browser is closed

2023-05-12 18:16:55 - [MESSAGE][PASSED] - Browser is closed]]></system-out>
         <system-err><![CDATA[]]></system-err>
      </testcase>
      <testcase name="Test Cases/test-flow-1-buy-1-product" time="12.245" classname="Test Cases/test-flow-1-buy-1-product" status="PASSED">
         <system-out><![CDATA[2023-05-12 18:16:55 - [TEST_CASE][PASSED] - Test Cases/test-flow-1-buy-1-product: Test Cases/test-flow-1-buy-1-product

2023-05-12 18:16:55 - [TEST_STEP][PASSED] - openBrowser("https://www.saucedemo.com/"): Browser is opened with url: 'https://www.saucedemo.com/'

2023-05-12 18:16:55 - [MESSAGE][INFO] - Starting 'Chrome' driver

2023-05-12 18:16:55 - [MESSAGE][INFO] - Action delay is set to 0 milliseconds

2023-05-12 18:16:57 - [MESSAGE][PASSED] - Browser is opened with url: 'https://www.saucedemo.com/'

2023-05-12 18:16:57 - [TEST_STEP][PASSED] - click(findTestObject("Object Repository/Page_Swag Labs/input_Swag Labs_user-name")): Object: 'Object Repository/Page_Swag Labs/input_Swag Labs_user-name' is clicked on

2023-05-12 18:16:58 - [MESSAGE][PASSED] - Object: 'Object Repository/Page_Swag Labs/input_Swag Labs_user-name' is clicked on

2023-05-12 18:16:58 - [TEST_STEP][PASSED] - sendKeys(findTestObject("Object Repository/Page_Swag Labs/input_Swag Labs_user-name"), "standard_user"): Keys 'standard_user' sent to object: 'Object Repository/Page_Swag Labs/input_Swag Labs_user-name'

2023-05-12 18:16:58 - [MESSAGE][PASSED] - Keys 'standard_user' sent to object: 'Object Repository/Page_Swag Labs/input_Swag Labs_user-name'

2023-05-12 18:16:58 - [TEST_STEP][PASSED] - click(findTestObject("Object Repository/Page_Swag Labs/input_Swag Labs_password")): Object: 'Object Repository/Page_Swag Labs/input_Swag Labs_password' is clicked on

2023-05-12 18:16:59 - [MESSAGE][PASSED] - Object: 'Object Repository/Page_Swag Labs/input_Swag Labs_password' is clicked on

2023-05-12 18:16:59 - [TEST_STEP][PASSED] - sendKeys(findTestObject("Object Repository/Page_Swag Labs/input_Swag Labs_password"), "secret_sauce"): Keys 'secret_sauce' sent to object: 'Object Repository/Page_Swag Labs/input_Swag Labs_password'

2023-05-12 18:16:59 - [MESSAGE][PASSED] - Keys 'secret_sauce' sent to object: 'Object Repository/Page_Swag Labs/input_Swag Labs_password'

2023-05-12 18:16:59 - [TEST_STEP][PASSED] - click(findTestObject("Object Repository/Page_Swag Labs/input_Swag Labs_login-button")): Object: 'Object Repository/Page_Swag Labs/input_Swag Labs_login-button' is clicked on

2023-05-12 18:16:59 - [MESSAGE][PASSED] - Object: 'Object Repository/Page_Swag Labs/input_Swag Labs_login-button' is clicked on

2023-05-12 18:16:59 - [TEST_STEP][PASSED] - click(findTestObject("Object Repository/inventoryPage/Backpack")): Object: 'Object Repository/inventoryPage/Backpack' is clicked on

2023-05-12 18:17:00 - [MESSAGE][PASSED] - Object: 'Object Repository/inventoryPage/Backpack' is clicked on

2023-05-12 18:17:00 - [TEST_STEP][PASSED] - click(findTestObject("Object Repository/inventoryPage/button_Add to cart")): Object: 'Object Repository/inventoryPage/button_Add to cart' is clicked on

2023-05-12 18:17:00 - [MESSAGE][PASSED] - Object: 'Object Repository/inventoryPage/button_Add to cart' is clicked on

2023-05-12 18:17:00 - [TEST_STEP][PASSED] - click(findTestObject("Object Repository/inventoryPage/products_back-image")): Object: 'Object Repository/inventoryPage/products_back-image' is clicked on

2023-05-12 18:17:01 - [MESSAGE][PASSED] - Object: 'Object Repository/inventoryPage/products_back-image' is clicked on

2023-05-12 18:17:01 - [TEST_STEP][PASSED] - click(findTestObject("Object Repository/inventoryPage/cart")): Object: 'Object Repository/inventoryPage/cart' is clicked on

2023-05-12 18:17:01 - [MESSAGE][PASSED] - Object: 'Object Repository/inventoryPage/cart' is clicked on

2023-05-12 18:17:01 - [TEST_STEP][PASSED] - click(findTestObject("Object Repository/CheckoutPage/button_Checkout")): Object: 'Object Repository/CheckoutPage/button_Checkout' is clicked on

2023-05-12 18:17:02 - [MESSAGE][PASSED] - Object: 'Object Repository/CheckoutPage/button_Checkout' is clicked on

2023-05-12 18:17:02 - [TEST_STEP][PASSED] - sendKeys(findTestObject("Object Repository/checkout-step-one/input_Checkout Your Information_firstName"), "demo"): Keys 'demo' sent to object: 'Object Repository/checkout-step-one/input_Checkout Your Information_firstName'

2023-05-12 18:17:02 - [MESSAGE][PASSED] - Keys 'demo' sent to object: 'Object Repository/checkout-step-one/input_Checkout Your Information_firstName'

2023-05-12 18:17:02 - [TEST_STEP][PASSED] - sendKeys(findTestObject("Object Repository/checkout-step-one/input_Checkout Your Information_lastName"), "qa test"): Keys 'qa test' sent to object: 'Object Repository/checkout-step-one/input_Checkout Your Information_lastName'

2023-05-12 18:17:03 - [MESSAGE][PASSED] - Keys 'qa test' sent to object: 'Object Repository/checkout-step-one/input_Checkout Your Information_lastName'

2023-05-12 18:17:03 - [TEST_STEP][PASSED] - sendKeys(findTestObject("Object Repository/checkout-step-one/input_Checkout Your Information_postalCode"), "9000"): Keys '9000' sent to object: 'Object Repository/checkout-step-one/input_Checkout Your Information_postalCode'

2023-05-12 18:17:04 - [MESSAGE][PASSED] - Keys '9000' sent to object: 'Object Repository/checkout-step-one/input_Checkout Your Information_postalCode'

2023-05-12 18:17:04 - [TEST_STEP][PASSED] - click(findTestObject("Object Repository/checkout-step-one/input_continue")): Object: 'Object Repository/checkout-step-one/input_continue' is clicked on

2023-05-12 18:17:04 - [MESSAGE][PASSED] - Object: 'Object Repository/checkout-step-one/input_continue' is clicked on

2023-05-12 18:17:04 - [TEST_STEP][PASSED] - click(findTestObject("Object Repository/finish checkout/button_Finish")): Object: 'Object Repository/finish checkout/button_Finish' is clicked on

2023-05-12 18:17:05 - [MESSAGE][PASSED] - Object: 'Object Repository/finish checkout/button_Finish' is clicked on

2023-05-12 18:17:05 - [TEST_STEP][PASSED] - verifyElementVisible(findTestObject("Object Repository/order-success/h2_Thank you for your order")): Object 'Object Repository/order-success/h2_Thank you for your order' is visible

2023-05-12 18:17:05 - [MESSAGE][PASSED] - Object 'Object Repository/order-success/h2_Thank you for your order' is visible

2023-05-12 18:17:05 - [TEST_STEP][PASSED] - click(findTestObject("Object Repository/NavSideBar/sidebar")): Object: 'Object Repository/NavSideBar/sidebar' is clicked on

2023-05-12 18:17:06 - [MESSAGE][PASSED] - Object: 'Object Repository/NavSideBar/sidebar' is clicked on

2023-05-12 18:17:06 - [TEST_STEP][PASSED] - click(findTestObject("Object Repository/NavSideBar/a_Logout")): Object: 'Object Repository/NavSideBar/a_Logout' is clicked on

2023-05-12 18:17:06 - [MESSAGE][PASSED] - Object: 'Object Repository/NavSideBar/a_Logout' is clicked on

2023-05-12 18:17:06 - [TEST_STEP][PASSED] - verifyElementVisible(findTestObject("Object Repository/Page_Swag Labs/input_Swag Labs_user-name")): Object 'Object Repository/Page_Swag Labs/input_Swag Labs_user-name' is visible

2023-05-12 18:17:07 - [MESSAGE][PASSED] - Object 'Object Repository/Page_Swag Labs/input_Swag Labs_user-name' is visible

2023-05-12 18:17:07 - [TEST_STEP][PASSED] - closeBrowser(): Browser is closed

2023-05-12 18:17:07 - [MESSAGE][PASSED] - Browser is closed]]></system-out>
         <system-err><![CDATA[]]></system-err>
      </testcase>
      <testcase name="Test Cases/test-flow-1-buy-1-product" time="11.909" classname="Test Cases/test-flow-1-buy-1-product" status="PASSED">
         <system-out><![CDATA[2023-05-12 18:17:07 - [TEST_CASE][PASSED] - Test Cases/test-flow-1-buy-1-product: Test Cases/test-flow-1-buy-1-product

2023-05-12 18:17:07 - [TEST_STEP][PASSED] - openBrowser("https://www.saucedemo.com/"): Browser is opened with url: 'https://www.saucedemo.com/'

2023-05-12 18:17:07 - [MESSAGE][INFO] - Starting 'Chrome' driver

2023-05-12 18:17:07 - [MESSAGE][INFO] - Action delay is set to 0 milliseconds

2023-05-12 18:17:10 - [MESSAGE][PASSED] - Browser is opened with url: 'https://www.saucedemo.com/'

2023-05-12 18:17:10 - [TEST_STEP][PASSED] - click(findTestObject("Object Repository/Page_Swag Labs/input_Swag Labs_user-name")): Object: 'Object Repository/Page_Swag Labs/input_Swag Labs_user-name' is clicked on

2023-05-12 18:17:10 - [MESSAGE][PASSED] - Object: 'Object Repository/Page_Swag Labs/input_Swag Labs_user-name' is clicked on

2023-05-12 18:17:10 - [TEST_STEP][PASSED] - sendKeys(findTestObject("Object Repository/Page_Swag Labs/input_Swag Labs_user-name"), "standard_user"): Keys 'standard_user' sent to object: 'Object Repository/Page_Swag Labs/input_Swag Labs_user-name'

2023-05-12 18:17:10 - [MESSAGE][PASSED] - Keys 'standard_user' sent to object: 'Object Repository/Page_Swag Labs/input_Swag Labs_user-name'

2023-05-12 18:17:10 - [TEST_STEP][PASSED] - click(findTestObject("Object Repository/Page_Swag Labs/input_Swag Labs_password")): Object: 'Object Repository/Page_Swag Labs/input_Swag Labs_password' is clicked on

2023-05-12 18:17:11 - [MESSAGE][PASSED] - Object: 'Object Repository/Page_Swag Labs/input_Swag Labs_password' is clicked on

2023-05-12 18:17:11 - [TEST_STEP][PASSED] - sendKeys(findTestObject("Object Repository/Page_Swag Labs/input_Swag Labs_password"), "secret_sauce"): Keys 'secret_sauce' sent to object: 'Object Repository/Page_Swag Labs/input_Swag Labs_password'

2023-05-12 18:17:11 - [MESSAGE][PASSED] - Keys 'secret_sauce' sent to object: 'Object Repository/Page_Swag Labs/input_Swag Labs_password'

2023-05-12 18:17:11 - [TEST_STEP][PASSED] - click(findTestObject("Object Repository/Page_Swag Labs/input_Swag Labs_login-button")): Object: 'Object Repository/Page_Swag Labs/input_Swag Labs_login-button' is clicked on

2023-05-12 18:17:11 - [MESSAGE][PASSED] - Object: 'Object Repository/Page_Swag Labs/input_Swag Labs_login-button' is clicked on

2023-05-12 18:17:11 - [TEST_STEP][PASSED] - click(findTestObject("Object Repository/inventoryPage/Backpack")): Object: 'Object Repository/inventoryPage/Backpack' is clicked on

2023-05-12 18:17:12 - [MESSAGE][PASSED] - Object: 'Object Repository/inventoryPage/Backpack' is clicked on

2023-05-12 18:17:12 - [TEST_STEP][PASSED] - click(findTestObject("Object Repository/inventoryPage/button_Add to cart")): Object: 'Object Repository/inventoryPage/button_Add to cart' is clicked on

2023-05-12 18:17:12 - [MESSAGE][PASSED] - Object: 'Object Repository/inventoryPage/button_Add to cart' is clicked on

2023-05-12 18:17:12 - [TEST_STEP][PASSED] - click(findTestObject("Object Repository/inventoryPage/products_back-image")): Object: 'Object Repository/inventoryPage/products_back-image' is clicked on

2023-05-12 18:17:13 - [MESSAGE][PASSED] - Object: 'Object Repository/inventoryPage/products_back-image' is clicked on

2023-05-12 18:17:13 - [TEST_STEP][PASSED] - click(findTestObject("Object Repository/inventoryPage/cart")): Object: 'Object Repository/inventoryPage/cart' is clicked on

2023-05-12 18:17:13 - [MESSAGE][PASSED] - Object: 'Object Repository/inventoryPage/cart' is clicked on

2023-05-12 18:17:13 - [TEST_STEP][PASSED] - click(findTestObject("Object Repository/CheckoutPage/button_Checkout")): Object: 'Object Repository/CheckoutPage/button_Checkout' is clicked on

2023-05-12 18:17:14 - [MESSAGE][PASSED] - Object: 'Object Repository/CheckoutPage/button_Checkout' is clicked on

2023-05-12 18:17:14 - [TEST_STEP][PASSED] - sendKeys(findTestObject("Object Repository/checkout-step-one/input_Checkout Your Information_firstName"), "demo"): Keys 'demo' sent to object: 'Object Repository/checkout-step-one/input_Checkout Your Information_firstName'

2023-05-12 18:17:15 - [MESSAGE][PASSED] - Keys 'demo' sent to object: 'Object Repository/checkout-step-one/input_Checkout Your Information_firstName'

2023-05-12 18:17:15 - [TEST_STEP][PASSED] - sendKeys(findTestObject("Object Repository/checkout-step-one/input_Checkout Your Information_lastName"), "qa test"): Keys 'qa test' sent to object: 'Object Repository/checkout-step-one/input_Checkout Your Information_lastName'

2023-05-12 18:17:15 - [MESSAGE][PASSED] - Keys 'qa test' sent to object: 'Object Repository/checkout-step-one/input_Checkout Your Information_lastName'

2023-05-12 18:17:15 - [TEST_STEP][PASSED] - sendKeys(findTestObject("Object Repository/checkout-step-one/input_Checkout Your Information_postalCode"), "9000"): Keys '9000' sent to object: 'Object Repository/checkout-step-one/input_Checkout Your Information_postalCode'

2023-05-12 18:17:16 - [MESSAGE][PASSED] - Keys '9000' sent to object: 'Object Repository/checkout-step-one/input_Checkout Your Information_postalCode'

2023-05-12 18:17:16 - [TEST_STEP][PASSED] - click(findTestObject("Object Repository/checkout-step-one/input_continue")): Object: 'Object Repository/checkout-step-one/input_continue' is clicked on

2023-05-12 18:17:16 - [MESSAGE][PASSED] - Object: 'Object Repository/checkout-step-one/input_continue' is clicked on

2023-05-12 18:17:16 - [TEST_STEP][PASSED] - click(findTestObject("Object Repository/finish checkout/button_Finish")): Object: 'Object Repository/finish checkout/button_Finish' is clicked on

2023-05-12 18:17:17 - [MESSAGE][PASSED] - Object: 'Object Repository/finish checkout/button_Finish' is clicked on

2023-05-12 18:17:17 - [TEST_STEP][PASSED] - verifyElementVisible(findTestObject("Object Repository/order-success/h2_Thank you for your order")): Object 'Object Repository/order-success/h2_Thank you for your order' is visible

2023-05-12 18:17:17 - [MESSAGE][PASSED] - Object 'Object Repository/order-success/h2_Thank you for your order' is visible

2023-05-12 18:17:17 - [TEST_STEP][PASSED] - click(findTestObject("Object Repository/NavSideBar/sidebar")): Object: 'Object Repository/NavSideBar/sidebar' is clicked on

2023-05-12 18:17:18 - [MESSAGE][PASSED] - Object: 'Object Repository/NavSideBar/sidebar' is clicked on

2023-05-12 18:17:18 - [TEST_STEP][PASSED] - click(findTestObject("Object Repository/NavSideBar/a_Logout")): Object: 'Object Repository/NavSideBar/a_Logout' is clicked on

2023-05-12 18:17:18 - [MESSAGE][PASSED] - Object: 'Object Repository/NavSideBar/a_Logout' is clicked on

2023-05-12 18:17:18 - [TEST_STEP][PASSED] - verifyElementVisible(findTestObject("Object Repository/Page_Swag Labs/input_Swag Labs_user-name")): Object 'Object Repository/Page_Swag Labs/input_Swag Labs_user-name' is visible

2023-05-12 18:17:19 - [MESSAGE][PASSED] - Object 'Object Repository/Page_Swag Labs/input_Swag Labs_user-name' is visible

2023-05-12 18:17:19 - [TEST_STEP][PASSED] - closeBrowser(): Browser is closed

2023-05-12 18:17:19 - [MESSAGE][PASSED] - Browser is closed]]></system-out>
         <system-err><![CDATA[]]></system-err>
      </testcase>
      <testcase name="Test Cases/test-flow-1-buy-1-product" time="12.097" classname="Test Cases/test-flow-1-buy-1-product" status="PASSED">
         <system-out><![CDATA[2023-05-12 18:17:19 - [TEST_CASE][PASSED] - Test Cases/test-flow-1-buy-1-product: Test Cases/test-flow-1-buy-1-product

2023-05-12 18:17:19 - [TEST_STEP][PASSED] - openBrowser("https://www.saucedemo.com/"): Browser is opened with url: 'https://www.saucedemo.com/'

2023-05-12 18:17:19 - [MESSAGE][INFO] - Starting 'Chrome' driver

2023-05-12 18:17:19 - [MESSAGE][INFO] - Action delay is set to 0 milliseconds

2023-05-12 18:17:22 - [MESSAGE][PASSED] - Browser is opened with url: 'https://www.saucedemo.com/'

2023-05-12 18:17:22 - [TEST_STEP][PASSED] - click(findTestObject("Object Repository/Page_Swag Labs/input_Swag Labs_user-name")): Object: 'Object Repository/Page_Swag Labs/input_Swag Labs_user-name' is clicked on

2023-05-12 18:17:22 - [MESSAGE][PASSED] - Object: 'Object Repository/Page_Swag Labs/input_Swag Labs_user-name' is clicked on

2023-05-12 18:17:22 - [TEST_STEP][PASSED] - sendKeys(findTestObject("Object Repository/Page_Swag Labs/input_Swag Labs_user-name"), "standard_user"): Keys 'standard_user' sent to object: 'Object Repository/Page_Swag Labs/input_Swag Labs_user-name'

2023-05-12 18:17:22 - [MESSAGE][PASSED] - Keys 'standard_user' sent to object: 'Object Repository/Page_Swag Labs/input_Swag Labs_user-name'

2023-05-12 18:17:22 - [TEST_STEP][PASSED] - click(findTestObject("Object Repository/Page_Swag Labs/input_Swag Labs_password")): Object: 'Object Repository/Page_Swag Labs/input_Swag Labs_password' is clicked on

2023-05-12 18:17:23 - [MESSAGE][PASSED] - Object: 'Object Repository/Page_Swag Labs/input_Swag Labs_password' is clicked on

2023-05-12 18:17:23 - [TEST_STEP][PASSED] - sendKeys(findTestObject("Object Repository/Page_Swag Labs/input_Swag Labs_password"), "secret_sauce"): Keys 'secret_sauce' sent to object: 'Object Repository/Page_Swag Labs/input_Swag Labs_password'

2023-05-12 18:17:23 - [MESSAGE][PASSED] - Keys 'secret_sauce' sent to object: 'Object Repository/Page_Swag Labs/input_Swag Labs_password'

2023-05-12 18:17:23 - [TEST_STEP][PASSED] - click(findTestObject("Object Repository/Page_Swag Labs/input_Swag Labs_login-button")): Object: 'Object Repository/Page_Swag Labs/input_Swag Labs_login-button' is clicked on

2023-05-12 18:17:23 - [MESSAGE][PASSED] - Object: 'Object Repository/Page_Swag Labs/input_Swag Labs_login-button' is clicked on

2023-05-12 18:17:23 - [TEST_STEP][PASSED] - click(findTestObject("Object Repository/inventoryPage/Backpack")): Object: 'Object Repository/inventoryPage/Backpack' is clicked on

2023-05-12 18:17:24 - [MESSAGE][PASSED] - Object: 'Object Repository/inventoryPage/Backpack' is clicked on

2023-05-12 18:17:24 - [TEST_STEP][PASSED] - click(findTestObject("Object Repository/inventoryPage/button_Add to cart")): Object: 'Object Repository/inventoryPage/button_Add to cart' is clicked on

2023-05-12 18:17:24 - [MESSAGE][PASSED] - Object: 'Object Repository/inventoryPage/button_Add to cart' is clicked on

2023-05-12 18:17:24 - [TEST_STEP][PASSED] - click(findTestObject("Object Repository/inventoryPage/products_back-image")): Object: 'Object Repository/inventoryPage/products_back-image' is clicked on

2023-05-12 18:17:25 - [MESSAGE][PASSED] - Object: 'Object Repository/inventoryPage/products_back-image' is clicked on

2023-05-12 18:17:25 - [TEST_STEP][PASSED] - click(findTestObject("Object Repository/inventoryPage/cart")): Object: 'Object Repository/inventoryPage/cart' is clicked on

2023-05-12 18:17:25 - [MESSAGE][PASSED] - Object: 'Object Repository/inventoryPage/cart' is clicked on

2023-05-12 18:17:25 - [TEST_STEP][PASSED] - click(findTestObject("Object Repository/CheckoutPage/button_Checkout")): Object: 'Object Repository/CheckoutPage/button_Checkout' is clicked on

2023-05-12 18:17:26 - [MESSAGE][PASSED] - Object: 'Object Repository/CheckoutPage/button_Checkout' is clicked on

2023-05-12 18:17:26 - [TEST_STEP][PASSED] - sendKeys(findTestObject("Object Repository/checkout-step-one/input_Checkout Your Information_firstName"), "demo"): Keys 'demo' sent to object: 'Object Repository/checkout-step-one/input_Checkout Your Information_firstName'

2023-05-12 18:17:26 - [MESSAGE][PASSED] - Keys 'demo' sent to object: 'Object Repository/checkout-step-one/input_Checkout Your Information_firstName'

2023-05-12 18:17:26 - [TEST_STEP][PASSED] - sendKeys(findTestObject("Object Repository/checkout-step-one/input_Checkout Your Information_lastName"), "qa test"): Keys 'qa test' sent to object: 'Object Repository/checkout-step-one/input_Checkout Your Information_lastName'

2023-05-12 18:17:27 - [MESSAGE][PASSED] - Keys 'qa test' sent to object: 'Object Repository/checkout-step-one/input_Checkout Your Information_lastName'

2023-05-12 18:17:27 - [TEST_STEP][PASSED] - sendKeys(findTestObject("Object Repository/checkout-step-one/input_Checkout Your Information_postalCode"), "9000"): Keys '9000' sent to object: 'Object Repository/checkout-step-one/input_Checkout Your Information_postalCode'

2023-05-12 18:17:27 - [MESSAGE][PASSED] - Keys '9000' sent to object: 'Object Repository/checkout-step-one/input_Checkout Your Information_postalCode'

2023-05-12 18:17:27 - [TEST_STEP][PASSED] - click(findTestObject("Object Repository/checkout-step-one/input_continue")): Object: 'Object Repository/checkout-step-one/input_continue' is clicked on

2023-05-12 18:17:28 - [MESSAGE][PASSED] - Object: 'Object Repository/checkout-step-one/input_continue' is clicked on

2023-05-12 18:17:28 - [TEST_STEP][PASSED] - click(findTestObject("Object Repository/finish checkout/button_Finish")): Object: 'Object Repository/finish checkout/button_Finish' is clicked on

2023-05-12 18:17:29 - [MESSAGE][PASSED] - Object: 'Object Repository/finish checkout/button_Finish' is clicked on

2023-05-12 18:17:29 - [TEST_STEP][PASSED] - verifyElementVisible(findTestObject("Object Repository/order-success/h2_Thank you for your order")): Object 'Object Repository/order-success/h2_Thank you for your order' is visible

2023-05-12 18:17:29 - [MESSAGE][PASSED] - Object 'Object Repository/order-success/h2_Thank you for your order' is visible

2023-05-12 18:17:29 - [TEST_STEP][PASSED] - click(findTestObject("Object Repository/NavSideBar/sidebar")): Object: 'Object Repository/NavSideBar/sidebar' is clicked on

2023-05-12 18:17:30 - [MESSAGE][PASSED] - Object: 'Object Repository/NavSideBar/sidebar' is clicked on

2023-05-12 18:17:30 - [TEST_STEP][PASSED] - click(findTestObject("Object Repository/NavSideBar/a_Logout")): Object: 'Object Repository/NavSideBar/a_Logout' is clicked on

2023-05-12 18:17:30 - [MESSAGE][PASSED] - Object: 'Object Repository/NavSideBar/a_Logout' is clicked on

2023-05-12 18:17:30 - [TEST_STEP][PASSED] - verifyElementVisible(findTestObject("Object Repository/Page_Swag Labs/input_Swag Labs_user-name")): Object 'Object Repository/Page_Swag Labs/input_Swag Labs_user-name' is visible

2023-05-12 18:17:31 - [MESSAGE][PASSED] - Object 'Object Repository/Page_Swag Labs/input_Swag Labs_user-name' is visible

2023-05-12 18:17:31 - [TEST_STEP][PASSED] - closeBrowser(): Browser is closed

2023-05-12 18:17:31 - [MESSAGE][PASSED] - Browser is closed]]></system-out>
         <system-err><![CDATA[]]></system-err>
      </testcase>
      <testcase name="Test Cases/test-flow-1-buy-1-product" time="12.073" classname="Test Cases/test-flow-1-buy-1-product" status="PASSED">
         <system-out><![CDATA[2023-05-12 18:17:31 - [TEST_CASE][PASSED] - Test Cases/test-flow-1-buy-1-product: Test Cases/test-flow-1-buy-1-product

2023-05-12 18:17:31 - [TEST_STEP][PASSED] - openBrowser("https://www.saucedemo.com/"): Browser is opened with url: 'https://www.saucedemo.com/'

2023-05-12 18:17:31 - [MESSAGE][INFO] - Starting 'Chrome' driver

2023-05-12 18:17:31 - [MESSAGE][INFO] - Action delay is set to 0 milliseconds

2023-05-12 18:17:34 - [MESSAGE][PASSED] - Browser is opened with url: 'https://www.saucedemo.com/'

2023-05-12 18:17:34 - [TEST_STEP][PASSED] - click(findTestObject("Object Repository/Page_Swag Labs/input_Swag Labs_user-name")): Object: 'Object Repository/Page_Swag Labs/input_Swag Labs_user-name' is clicked on

2023-05-12 18:17:34 - [MESSAGE][PASSED] - Object: 'Object Repository/Page_Swag Labs/input_Swag Labs_user-name' is clicked on

2023-05-12 18:17:34 - [TEST_STEP][PASSED] - sendKeys(findTestObject("Object Repository/Page_Swag Labs/input_Swag Labs_user-name"), "standard_user"): Keys 'standard_user' sent to object: 'Object Repository/Page_Swag Labs/input_Swag Labs_user-name'

2023-05-12 18:17:34 - [MESSAGE][PASSED] - Keys 'standard_user' sent to object: 'Object Repository/Page_Swag Labs/input_Swag Labs_user-name'

2023-05-12 18:17:34 - [TEST_STEP][PASSED] - click(findTestObject("Object Repository/Page_Swag Labs/input_Swag Labs_password")): Object: 'Object Repository/Page_Swag Labs/input_Swag Labs_password' is clicked on

2023-05-12 18:17:35 - [MESSAGE][PASSED] - Object: 'Object Repository/Page_Swag Labs/input_Swag Labs_password' is clicked on

2023-05-12 18:17:35 - [TEST_STEP][PASSED] - sendKeys(findTestObject("Object Repository/Page_Swag Labs/input_Swag Labs_password"), "secret_sauce"): Keys 'secret_sauce' sent to object: 'Object Repository/Page_Swag Labs/input_Swag Labs_password'

2023-05-12 18:17:35 - [MESSAGE][PASSED] - Keys 'secret_sauce' sent to object: 'Object Repository/Page_Swag Labs/input_Swag Labs_password'

2023-05-12 18:17:35 - [TEST_STEP][PASSED] - click(findTestObject("Object Repository/Page_Swag Labs/input_Swag Labs_login-button")): Object: 'Object Repository/Page_Swag Labs/input_Swag Labs_login-button' is clicked on

2023-05-12 18:17:35 - [MESSAGE][PASSED] - Object: 'Object Repository/Page_Swag Labs/input_Swag Labs_login-button' is clicked on

2023-05-12 18:17:35 - [TEST_STEP][PASSED] - click(findTestObject("Object Repository/inventoryPage/Backpack")): Object: 'Object Repository/inventoryPage/Backpack' is clicked on

2023-05-12 18:17:36 - [MESSAGE][PASSED] - Object: 'Object Repository/inventoryPage/Backpack' is clicked on

2023-05-12 18:17:36 - [TEST_STEP][PASSED] - click(findTestObject("Object Repository/inventoryPage/button_Add to cart")): Object: 'Object Repository/inventoryPage/button_Add to cart' is clicked on

2023-05-12 18:17:36 - [MESSAGE][PASSED] - Object: 'Object Repository/inventoryPage/button_Add to cart' is clicked on

2023-05-12 18:17:36 - [TEST_STEP][PASSED] - click(findTestObject("Object Repository/inventoryPage/products_back-image")): Object: 'Object Repository/inventoryPage/products_back-image' is clicked on

2023-05-12 18:17:37 - [MESSAGE][PASSED] - Object: 'Object Repository/inventoryPage/products_back-image' is clicked on

2023-05-12 18:17:37 - [TEST_STEP][PASSED] - click(findTestObject("Object Repository/inventoryPage/cart")): Object: 'Object Repository/inventoryPage/cart' is clicked on

2023-05-12 18:17:37 - [MESSAGE][PASSED] - Object: 'Object Repository/inventoryPage/cart' is clicked on

2023-05-12 18:17:37 - [TEST_STEP][PASSED] - click(findTestObject("Object Repository/CheckoutPage/button_Checkout")): Object: 'Object Repository/CheckoutPage/button_Checkout' is clicked on

2023-05-12 18:17:38 - [MESSAGE][PASSED] - Object: 'Object Repository/CheckoutPage/button_Checkout' is clicked on

2023-05-12 18:17:38 - [TEST_STEP][PASSED] - sendKeys(findTestObject("Object Repository/checkout-step-one/input_Checkout Your Information_firstName"), "demo"): Keys 'demo' sent to object: 'Object Repository/checkout-step-one/input_Checkout Your Information_firstName'

2023-05-12 18:17:38 - [MESSAGE][PASSED] - Keys 'demo' sent to object: 'Object Repository/checkout-step-one/input_Checkout Your Information_firstName'

2023-05-12 18:17:38 - [TEST_STEP][PASSED] - sendKeys(findTestObject("Object Repository/checkout-step-one/input_Checkout Your Information_lastName"), "qa test"): Keys 'qa test' sent to object: 'Object Repository/checkout-step-one/input_Checkout Your Information_lastName'

2023-05-12 18:17:39 - [MESSAGE][PASSED] - Keys 'qa test' sent to object: 'Object Repository/checkout-step-one/input_Checkout Your Information_lastName'

2023-05-12 18:17:39 - [TEST_STEP][PASSED] - sendKeys(findTestObject("Object Repository/checkout-step-one/input_Checkout Your Information_postalCode"), "9000"): Keys '9000' sent to object: 'Object Repository/checkout-step-one/input_Checkout Your Information_postalCode'

2023-05-12 18:17:40 - [MESSAGE][PASSED] - Keys '9000' sent to object: 'Object Repository/checkout-step-one/input_Checkout Your Information_postalCode'

2023-05-12 18:17:40 - [TEST_STEP][PASSED] - click(findTestObject("Object Repository/checkout-step-one/input_continue")): Object: 'Object Repository/checkout-step-one/input_continue' is clicked on

2023-05-12 18:17:40 - [MESSAGE][PASSED] - Object: 'Object Repository/checkout-step-one/input_continue' is clicked on

2023-05-12 18:17:40 - [TEST_STEP][PASSED] - click(findTestObject("Object Repository/finish checkout/button_Finish")): Object: 'Object Repository/finish checkout/button_Finish' is clicked on

2023-05-12 18:17:41 - [MESSAGE][PASSED] - Object: 'Object Repository/finish checkout/button_Finish' is clicked on

2023-05-12 18:17:41 - [TEST_STEP][PASSED] - verifyElementVisible(findTestObject("Object Repository/order-success/h2_Thank you for your order")): Object 'Object Repository/order-success/h2_Thank you for your order' is visible

2023-05-12 18:17:41 - [MESSAGE][PASSED] - Object 'Object Repository/order-success/h2_Thank you for your order' is visible

2023-05-12 18:17:41 - [TEST_STEP][PASSED] - click(findTestObject("Object Repository/NavSideBar/sidebar")): Object: 'Object Repository/NavSideBar/sidebar' is clicked on

2023-05-12 18:17:42 - [MESSAGE][PASSED] - Object: 'Object Repository/NavSideBar/sidebar' is clicked on

2023-05-12 18:17:42 - [TEST_STEP][PASSED] - click(findTestObject("Object Repository/NavSideBar/a_Logout")): Object: 'Object Repository/NavSideBar/a_Logout' is clicked on

2023-05-12 18:17:42 - [MESSAGE][PASSED] - Object: 'Object Repository/NavSideBar/a_Logout' is clicked on

2023-05-12 18:17:42 - [TEST_STEP][PASSED] - verifyElementVisible(findTestObject("Object Repository/Page_Swag Labs/input_Swag Labs_user-name")): Object 'Object Repository/Page_Swag Labs/input_Swag Labs_user-name' is visible

2023-05-12 18:17:43 - [MESSAGE][PASSED] - Object 'Object Repository/Page_Swag Labs/input_Swag Labs_user-name' is visible

2023-05-12 18:17:43 - [TEST_STEP][PASSED] - closeBrowser(): Browser is closed

2023-05-12 18:17:43 - [MESSAGE][PASSED] - Browser is closed]]></system-out>
         <system-err><![CDATA[]]></system-err>
      </testcase>
      <testcase name="Test Cases/test-flow-1-buy-1-product" time="11.935" classname="Test Cases/test-flow-1-buy-1-product" status="PASSED">
         <system-out><![CDATA[2023-05-12 18:17:43 - [TEST_CASE][PASSED] - Test Cases/test-flow-1-buy-1-product: Test Cases/test-flow-1-buy-1-product

2023-05-12 18:17:43 - [TEST_STEP][PASSED] - openBrowser("https://www.saucedemo.com/"): Browser is opened with url: 'https://www.saucedemo.com/'

2023-05-12 18:17:43 - [MESSAGE][INFO] - Starting 'Chrome' driver

2023-05-12 18:17:43 - [MESSAGE][INFO] - Action delay is set to 0 milliseconds

2023-05-12 18:17:45 - [MESSAGE][PASSED] - Browser is opened with url: 'https://www.saucedemo.com/'

2023-05-12 18:17:45 - [TEST_STEP][PASSED] - click(findTestObject("Object Repository/Page_Swag Labs/input_Swag Labs_user-name")): Object: 'Object Repository/Page_Swag Labs/input_Swag Labs_user-name' is clicked on

2023-05-12 18:17:46 - [MESSAGE][PASSED] - Object: 'Object Repository/Page_Swag Labs/input_Swag Labs_user-name' is clicked on

2023-05-12 18:17:46 - [TEST_STEP][PASSED] - sendKeys(findTestObject("Object Repository/Page_Swag Labs/input_Swag Labs_user-name"), "standard_user"): Keys 'standard_user' sent to object: 'Object Repository/Page_Swag Labs/input_Swag Labs_user-name'

2023-05-12 18:17:46 - [MESSAGE][PASSED] - Keys 'standard_user' sent to object: 'Object Repository/Page_Swag Labs/input_Swag Labs_user-name'

2023-05-12 18:17:46 - [TEST_STEP][PASSED] - click(findTestObject("Object Repository/Page_Swag Labs/input_Swag Labs_password")): Object: 'Object Repository/Page_Swag Labs/input_Swag Labs_password' is clicked on

2023-05-12 18:17:47 - [MESSAGE][PASSED] - Object: 'Object Repository/Page_Swag Labs/input_Swag Labs_password' is clicked on

2023-05-12 18:17:47 - [TEST_STEP][PASSED] - sendKeys(findTestObject("Object Repository/Page_Swag Labs/input_Swag Labs_password"), "secret_sauce"): Keys 'secret_sauce' sent to object: 'Object Repository/Page_Swag Labs/input_Swag Labs_password'

2023-05-12 18:17:47 - [MESSAGE][PASSED] - Keys 'secret_sauce' sent to object: 'Object Repository/Page_Swag Labs/input_Swag Labs_password'

2023-05-12 18:17:47 - [TEST_STEP][PASSED] - click(findTestObject("Object Repository/Page_Swag Labs/input_Swag Labs_login-button")): Object: 'Object Repository/Page_Swag Labs/input_Swag Labs_login-button' is clicked on

2023-05-12 18:17:47 - [MESSAGE][PASSED] - Object: 'Object Repository/Page_Swag Labs/input_Swag Labs_login-button' is clicked on

2023-05-12 18:17:47 - [TEST_STEP][PASSED] - click(findTestObject("Object Repository/inventoryPage/Backpack")): Object: 'Object Repository/inventoryPage/Backpack' is clicked on

2023-05-12 18:17:48 - [MESSAGE][PASSED] - Object: 'Object Repository/inventoryPage/Backpack' is clicked on

2023-05-12 18:17:48 - [TEST_STEP][PASSED] - click(findTestObject("Object Repository/inventoryPage/button_Add to cart")): Object: 'Object Repository/inventoryPage/button_Add to cart' is clicked on

2023-05-12 18:17:48 - [MESSAGE][PASSED] - Object: 'Object Repository/inventoryPage/button_Add to cart' is clicked on

2023-05-12 18:17:48 - [TEST_STEP][PASSED] - click(findTestObject("Object Repository/inventoryPage/products_back-image")): Object: 'Object Repository/inventoryPage/products_back-image' is clicked on

2023-05-12 18:17:49 - [MESSAGE][PASSED] - Object: 'Object Repository/inventoryPage/products_back-image' is clicked on

2023-05-12 18:17:49 - [TEST_STEP][PASSED] - click(findTestObject("Object Repository/inventoryPage/cart")): Object: 'Object Repository/inventoryPage/cart' is clicked on

2023-05-12 18:17:49 - [MESSAGE][PASSED] - Object: 'Object Repository/inventoryPage/cart' is clicked on

2023-05-12 18:17:49 - [TEST_STEP][PASSED] - click(findTestObject("Object Repository/CheckoutPage/button_Checkout")): Object: 'Object Repository/CheckoutPage/button_Checkout' is clicked on

2023-05-12 18:17:50 - [MESSAGE][PASSED] - Object: 'Object Repository/CheckoutPage/button_Checkout' is clicked on

2023-05-12 18:17:50 - [TEST_STEP][PASSED] - sendKeys(findTestObject("Object Repository/checkout-step-one/input_Checkout Your Information_firstName"), "demo"): Keys 'demo' sent to object: 'Object Repository/checkout-step-one/input_Checkout Your Information_firstName'

2023-05-12 18:17:50 - [MESSAGE][PASSED] - Keys 'demo' sent to object: 'Object Repository/checkout-step-one/input_Checkout Your Information_firstName'

2023-05-12 18:17:50 - [TEST_STEP][PASSED] - sendKeys(findTestObject("Object Repository/checkout-step-one/input_Checkout Your Information_lastName"), "qa test"): Keys 'qa test' sent to object: 'Object Repository/checkout-step-one/input_Checkout Your Information_lastName'

2023-05-12 18:17:51 - [MESSAGE][PASSED] - Keys 'qa test' sent to object: 'Object Repository/checkout-step-one/input_Checkout Your Information_lastName'

2023-05-12 18:17:51 - [TEST_STEP][PASSED] - sendKeys(findTestObject("Object Repository/checkout-step-one/input_Checkout Your Information_postalCode"), "9000"): Keys '9000' sent to object: 'Object Repository/checkout-step-one/input_Checkout Your Information_postalCode'

2023-05-12 18:17:52 - [MESSAGE][PASSED] - Keys '9000' sent to object: 'Object Repository/checkout-step-one/input_Checkout Your Information_postalCode'

2023-05-12 18:17:52 - [TEST_STEP][PASSED] - click(findTestObject("Object Repository/checkout-step-one/input_continue")): Object: 'Object Repository/checkout-step-one/input_continue' is clicked on

2023-05-12 18:17:52 - [MESSAGE][PASSED] - Object: 'Object Repository/checkout-step-one/input_continue' is clicked on

2023-05-12 18:17:52 - [TEST_STEP][PASSED] - click(findTestObject("Object Repository/finish checkout/button_Finish")): Object: 'Object Repository/finish checkout/button_Finish' is clicked on

2023-05-12 18:17:53 - [MESSAGE][PASSED] - Object: 'Object Repository/finish checkout/button_Finish' is clicked on

2023-05-12 18:17:53 - [TEST_STEP][PASSED] - verifyElementVisible(findTestObject("Object Repository/order-success/h2_Thank you for your order")): Object 'Object Repository/order-success/h2_Thank you for your order' is visible

2023-05-12 18:17:53 - [MESSAGE][PASSED] - Object 'Object Repository/order-success/h2_Thank you for your order' is visible

2023-05-12 18:17:53 - [TEST_STEP][PASSED] - click(findTestObject("Object Repository/NavSideBar/sidebar")): Object: 'Object Repository/NavSideBar/sidebar' is clicked on

2023-05-12 18:17:54 - [MESSAGE][PASSED] - Object: 'Object Repository/NavSideBar/sidebar' is clicked on

2023-05-12 18:17:54 - [TEST_STEP][PASSED] - click(findTestObject("Object Repository/NavSideBar/a_Logout")): Object: 'Object Repository/NavSideBar/a_Logout' is clicked on

2023-05-12 18:17:54 - [MESSAGE][PASSED] - Object: 'Object Repository/NavSideBar/a_Logout' is clicked on

2023-05-12 18:17:54 - [TEST_STEP][PASSED] - verifyElementVisible(findTestObject("Object Repository/Page_Swag Labs/input_Swag Labs_user-name")): Object 'Object Repository/Page_Swag Labs/input_Swag Labs_user-name' is visible

2023-05-12 18:17:55 - [MESSAGE][PASSED] - Object 'Object Repository/Page_Swag Labs/input_Swag Labs_user-name' is visible

2023-05-12 18:17:55 - [TEST_STEP][PASSED] - closeBrowser(): Browser is closed

2023-05-12 18:17:55 - [MESSAGE][PASSED] - Browser is closed]]></system-out>
         <system-err><![CDATA[]]></system-err>
      </testcase>
      <testcase name="Test Cases/test-flow-1-buy-1-product" time="12.141" classname="Test Cases/test-flow-1-buy-1-product" status="PASSED">
         <system-out><![CDATA[2023-05-12 18:17:55 - [TEST_CASE][PASSED] - Test Cases/test-flow-1-buy-1-product: Test Cases/test-flow-1-buy-1-product

2023-05-12 18:17:55 - [TEST_STEP][PASSED] - openBrowser("https://www.saucedemo.com/"): Browser is opened with url: 'https://www.saucedemo.com/'

2023-05-12 18:17:55 - [MESSAGE][INFO] - Starting 'Chrome' driver

2023-05-12 18:17:55 - [MESSAGE][INFO] - Action delay is set to 0 milliseconds

2023-05-12 18:17:57 - [MESSAGE][PASSED] - Browser is opened with url: 'https://www.saucedemo.com/'

2023-05-12 18:17:57 - [TEST_STEP][PASSED] - click(findTestObject("Object Repository/Page_Swag Labs/input_Swag Labs_user-name")): Object: 'Object Repository/Page_Swag Labs/input_Swag Labs_user-name' is clicked on

2023-05-12 18:17:58 - [MESSAGE][PASSED] - Object: 'Object Repository/Page_Swag Labs/input_Swag Labs_user-name' is clicked on

2023-05-12 18:17:58 - [TEST_STEP][PASSED] - sendKeys(findTestObject("Object Repository/Page_Swag Labs/input_Swag Labs_user-name"), "standard_user"): Keys 'standard_user' sent to object: 'Object Repository/Page_Swag Labs/input_Swag Labs_user-name'

2023-05-12 18:17:58 - [MESSAGE][PASSED] - Keys 'standard_user' sent to object: 'Object Repository/Page_Swag Labs/input_Swag Labs_user-name'

2023-05-12 18:17:58 - [TEST_STEP][PASSED] - click(findTestObject("Object Repository/Page_Swag Labs/input_Swag Labs_password")): Object: 'Object Repository/Page_Swag Labs/input_Swag Labs_password' is clicked on

2023-05-12 18:17:58 - [MESSAGE][PASSED] - Object: 'Object Repository/Page_Swag Labs/input_Swag Labs_password' is clicked on

2023-05-12 18:17:58 - [TEST_STEP][PASSED] - sendKeys(findTestObject("Object Repository/Page_Swag Labs/input_Swag Labs_password"), "secret_sauce"): Keys 'secret_sauce' sent to object: 'Object Repository/Page_Swag Labs/input_Swag Labs_password'

2023-05-12 18:17:59 - [MESSAGE][PASSED] - Keys 'secret_sauce' sent to object: 'Object Repository/Page_Swag Labs/input_Swag Labs_password'

2023-05-12 18:17:59 - [TEST_STEP][PASSED] - click(findTestObject("Object Repository/Page_Swag Labs/input_Swag Labs_login-button")): Object: 'Object Repository/Page_Swag Labs/input_Swag Labs_login-button' is clicked on

2023-05-12 18:17:59 - [MESSAGE][PASSED] - Object: 'Object Repository/Page_Swag Labs/input_Swag Labs_login-button' is clicked on

2023-05-12 18:17:59 - [TEST_STEP][PASSED] - click(findTestObject("Object Repository/inventoryPage/Backpack")): Object: 'Object Repository/inventoryPage/Backpack' is clicked on

2023-05-12 18:18:00 - [MESSAGE][PASSED] - Object: 'Object Repository/inventoryPage/Backpack' is clicked on

2023-05-12 18:18:00 - [TEST_STEP][PASSED] - click(findTestObject("Object Repository/inventoryPage/button_Add to cart")): Object: 'Object Repository/inventoryPage/button_Add to cart' is clicked on

2023-05-12 18:18:00 - [MESSAGE][PASSED] - Object: 'Object Repository/inventoryPage/button_Add to cart' is clicked on

2023-05-12 18:18:00 - [TEST_STEP][PASSED] - click(findTestObject("Object Repository/inventoryPage/products_back-image")): Object: 'Object Repository/inventoryPage/products_back-image' is clicked on

2023-05-12 18:18:01 - [MESSAGE][PASSED] - Object: 'Object Repository/inventoryPage/products_back-image' is clicked on

2023-05-12 18:18:01 - [TEST_STEP][PASSED] - click(findTestObject("Object Repository/inventoryPage/cart")): Object: 'Object Repository/inventoryPage/cart' is clicked on

2023-05-12 18:18:01 - [MESSAGE][PASSED] - Object: 'Object Repository/inventoryPage/cart' is clicked on

2023-05-12 18:18:01 - [TEST_STEP][PASSED] - click(findTestObject("Object Repository/CheckoutPage/button_Checkout")): Object: 'Object Repository/CheckoutPage/button_Checkout' is clicked on

2023-05-12 18:18:02 - [MESSAGE][PASSED] - Object: 'Object Repository/CheckoutPage/button_Checkout' is clicked on

2023-05-12 18:18:02 - [TEST_STEP][PASSED] - sendKeys(findTestObject("Object Repository/checkout-step-one/input_Checkout Your Information_firstName"), "demo"): Keys 'demo' sent to object: 'Object Repository/checkout-step-one/input_Checkout Your Information_firstName'

2023-05-12 18:18:02 - [MESSAGE][PASSED] - Keys 'demo' sent to object: 'Object Repository/checkout-step-one/input_Checkout Your Information_firstName'

2023-05-12 18:18:02 - [TEST_STEP][PASSED] - sendKeys(findTestObject("Object Repository/checkout-step-one/input_Checkout Your Information_lastName"), "qa test"): Keys 'qa test' sent to object: 'Object Repository/checkout-step-one/input_Checkout Your Information_lastName'

2023-05-12 18:18:03 - [MESSAGE][PASSED] - Keys 'qa test' sent to object: 'Object Repository/checkout-step-one/input_Checkout Your Information_lastName'

2023-05-12 18:18:03 - [TEST_STEP][PASSED] - sendKeys(findTestObject("Object Repository/checkout-step-one/input_Checkout Your Information_postalCode"), "9000"): Keys '9000' sent to object: 'Object Repository/checkout-step-one/input_Checkout Your Information_postalCode'

2023-05-12 18:18:04 - [MESSAGE][PASSED] - Keys '9000' sent to object: 'Object Repository/checkout-step-one/input_Checkout Your Information_postalCode'

2023-05-12 18:18:04 - [TEST_STEP][PASSED] - click(findTestObject("Object Repository/checkout-step-one/input_continue")): Object: 'Object Repository/checkout-step-one/input_continue' is clicked on

2023-05-12 18:18:04 - [MESSAGE][PASSED] - Object: 'Object Repository/checkout-step-one/input_continue' is clicked on

2023-05-12 18:18:04 - [TEST_STEP][PASSED] - click(findTestObject("Object Repository/finish checkout/button_Finish")): Object: 'Object Repository/finish checkout/button_Finish' is clicked on

2023-05-12 18:18:05 - [MESSAGE][PASSED] - Object: 'Object Repository/finish checkout/button_Finish' is clicked on

2023-05-12 18:18:05 - [TEST_STEP][PASSED] - verifyElementVisible(findTestObject("Object Repository/order-success/h2_Thank you for your order")): Object 'Object Repository/order-success/h2_Thank you for your order' is visible

2023-05-12 18:18:05 - [MESSAGE][PASSED] - Object 'Object Repository/order-success/h2_Thank you for your order' is visible

2023-05-12 18:18:05 - [TEST_STEP][PASSED] - click(findTestObject("Object Repository/NavSideBar/sidebar")): Object: 'Object Repository/NavSideBar/sidebar' is clicked on

2023-05-12 18:18:06 - [MESSAGE][PASSED] - Object: 'Object Repository/NavSideBar/sidebar' is clicked on

2023-05-12 18:18:06 - [TEST_STEP][PASSED] - click(findTestObject("Object Repository/NavSideBar/a_Logout")): Object: 'Object Repository/NavSideBar/a_Logout' is clicked on

2023-05-12 18:18:06 - [MESSAGE][PASSED] - Object: 'Object Repository/NavSideBar/a_Logout' is clicked on

2023-05-12 18:18:06 - [TEST_STEP][PASSED] - verifyElementVisible(findTestObject("Object Repository/Page_Swag Labs/input_Swag Labs_user-name")): Object 'Object Repository/Page_Swag Labs/input_Swag Labs_user-name' is visible

2023-05-12 18:18:07 - [MESSAGE][PASSED] - Object 'Object Repository/Page_Swag Labs/input_Swag Labs_user-name' is visible

2023-05-12 18:18:07 - [TEST_STEP][PASSED] - closeBrowser(): Browser is closed

2023-05-12 18:18:08 - [MESSAGE][PASSED] - Browser is closed]]></system-out>
         <system-err><![CDATA[]]></system-err>
      </testcase>
      <testcase name="Test Cases/test-flow-1-buy-1-product" time="11.748" classname="Test Cases/test-flow-1-buy-1-product" status="PASSED">
         <system-out><![CDATA[2023-05-12 18:18:08 - [TEST_CASE][PASSED] - Test Cases/test-flow-1-buy-1-product: Test Cases/test-flow-1-buy-1-product

2023-05-12 18:18:08 - [TEST_STEP][PASSED] - openBrowser("https://www.saucedemo.com/"): Browser is opened with url: 'https://www.saucedemo.com/'

2023-05-12 18:18:08 - [MESSAGE][INFO] - Starting 'Chrome' driver

2023-05-12 18:18:08 - [MESSAGE][INFO] - Action delay is set to 0 milliseconds

2023-05-12 18:18:10 - [MESSAGE][PASSED] - Browser is opened with url: 'https://www.saucedemo.com/'

2023-05-12 18:18:10 - [TEST_STEP][PASSED] - click(findTestObject("Object Repository/Page_Swag Labs/input_Swag Labs_user-name")): Object: 'Object Repository/Page_Swag Labs/input_Swag Labs_user-name' is clicked on

2023-05-12 18:18:10 - [MESSAGE][PASSED] - Object: 'Object Repository/Page_Swag Labs/input_Swag Labs_user-name' is clicked on

2023-05-12 18:18:10 - [TEST_STEP][PASSED] - sendKeys(findTestObject("Object Repository/Page_Swag Labs/input_Swag Labs_user-name"), "standard_user"): Keys 'standard_user' sent to object: 'Object Repository/Page_Swag Labs/input_Swag Labs_user-name'

2023-05-12 18:18:10 - [MESSAGE][PASSED] - Keys 'standard_user' sent to object: 'Object Repository/Page_Swag Labs/input_Swag Labs_user-name'

2023-05-12 18:18:10 - [TEST_STEP][PASSED] - click(findTestObject("Object Repository/Page_Swag Labs/input_Swag Labs_password")): Object: 'Object Repository/Page_Swag Labs/input_Swag Labs_password' is clicked on

2023-05-12 18:18:11 - [MESSAGE][PASSED] - Object: 'Object Repository/Page_Swag Labs/input_Swag Labs_password' is clicked on

2023-05-12 18:18:11 - [TEST_STEP][PASSED] - sendKeys(findTestObject("Object Repository/Page_Swag Labs/input_Swag Labs_password"), "secret_sauce"): Keys 'secret_sauce' sent to object: 'Object Repository/Page_Swag Labs/input_Swag Labs_password'

2023-05-12 18:18:11 - [MESSAGE][PASSED] - Keys 'secret_sauce' sent to object: 'Object Repository/Page_Swag Labs/input_Swag Labs_password'

2023-05-12 18:18:11 - [TEST_STEP][PASSED] - click(findTestObject("Object Repository/Page_Swag Labs/input_Swag Labs_login-button")): Object: 'Object Repository/Page_Swag Labs/input_Swag Labs_login-button' is clicked on

2023-05-12 18:18:11 - [MESSAGE][PASSED] - Object: 'Object Repository/Page_Swag Labs/input_Swag Labs_login-button' is clicked on

2023-05-12 18:18:11 - [TEST_STEP][PASSED] - click(findTestObject("Object Repository/inventoryPage/Backpack")): Object: 'Object Repository/inventoryPage/Backpack' is clicked on

2023-05-12 18:18:12 - [MESSAGE][PASSED] - Object: 'Object Repository/inventoryPage/Backpack' is clicked on

2023-05-12 18:18:12 - [TEST_STEP][PASSED] - click(findTestObject("Object Repository/inventoryPage/button_Add to cart")): Object: 'Object Repository/inventoryPage/button_Add to cart' is clicked on

2023-05-12 18:18:12 - [MESSAGE][PASSED] - Object: 'Object Repository/inventoryPage/button_Add to cart' is clicked on

2023-05-12 18:18:12 - [TEST_STEP][PASSED] - click(findTestObject("Object Repository/inventoryPage/products_back-image")): Object: 'Object Repository/inventoryPage/products_back-image' is clicked on

2023-05-12 18:18:13 - [MESSAGE][PASSED] - Object: 'Object Repository/inventoryPage/products_back-image' is clicked on

2023-05-12 18:18:13 - [TEST_STEP][PASSED] - click(findTestObject("Object Repository/inventoryPage/cart")): Object: 'Object Repository/inventoryPage/cart' is clicked on

2023-05-12 18:18:13 - [MESSAGE][PASSED] - Object: 'Object Repository/inventoryPage/cart' is clicked on

2023-05-12 18:18:13 - [TEST_STEP][PASSED] - click(findTestObject("Object Repository/CheckoutPage/button_Checkout")): Object: 'Object Repository/CheckoutPage/button_Checkout' is clicked on

2023-05-12 18:18:14 - [MESSAGE][PASSED] - Object: 'Object Repository/CheckoutPage/button_Checkout' is clicked on

2023-05-12 18:18:14 - [TEST_STEP][PASSED] - sendKeys(findTestObject("Object Repository/checkout-step-one/input_Checkout Your Information_firstName"), "demo"): Keys 'demo' sent to object: 'Object Repository/checkout-step-one/input_Checkout Your Information_firstName'

2023-05-12 18:18:14 - [MESSAGE][PASSED] - Keys 'demo' sent to object: 'Object Repository/checkout-step-one/input_Checkout Your Information_firstName'

2023-05-12 18:18:14 - [TEST_STEP][PASSED] - sendKeys(findTestObject("Object Repository/checkout-step-one/input_Checkout Your Information_lastName"), "qa test"): Keys 'qa test' sent to object: 'Object Repository/checkout-step-one/input_Checkout Your Information_lastName'

2023-05-12 18:18:15 - [MESSAGE][PASSED] - Keys 'qa test' sent to object: 'Object Repository/checkout-step-one/input_Checkout Your Information_lastName'

2023-05-12 18:18:15 - [TEST_STEP][PASSED] - sendKeys(findTestObject("Object Repository/checkout-step-one/input_Checkout Your Information_postalCode"), "9000"): Keys '9000' sent to object: 'Object Repository/checkout-step-one/input_Checkout Your Information_postalCode'

2023-05-12 18:18:15 - [MESSAGE][PASSED] - Keys '9000' sent to object: 'Object Repository/checkout-step-one/input_Checkout Your Information_postalCode'

2023-05-12 18:18:15 - [TEST_STEP][PASSED] - click(findTestObject("Object Repository/checkout-step-one/input_continue")): Object: 'Object Repository/checkout-step-one/input_continue' is clicked on

2023-05-12 18:18:16 - [MESSAGE][PASSED] - Object: 'Object Repository/checkout-step-one/input_continue' is clicked on

2023-05-12 18:18:16 - [TEST_STEP][PASSED] - click(findTestObject("Object Repository/finish checkout/button_Finish")): Object: 'Object Repository/finish checkout/button_Finish' is clicked on

2023-05-12 18:18:17 - [MESSAGE][PASSED] - Object: 'Object Repository/finish checkout/button_Finish' is clicked on

2023-05-12 18:18:17 - [TEST_STEP][PASSED] - verifyElementVisible(findTestObject("Object Repository/order-success/h2_Thank you for your order")): Object 'Object Repository/order-success/h2_Thank you for your order' is visible

2023-05-12 18:18:17 - [MESSAGE][PASSED] - Object 'Object Repository/order-success/h2_Thank you for your order' is visible

2023-05-12 18:18:17 - [TEST_STEP][PASSED] - click(findTestObject("Object Repository/NavSideBar/sidebar")): Object: 'Object Repository/NavSideBar/sidebar' is clicked on

2023-05-12 18:18:18 - [MESSAGE][PASSED] - Object: 'Object Repository/NavSideBar/sidebar' is clicked on

2023-05-12 18:18:18 - [TEST_STEP][PASSED] - click(findTestObject("Object Repository/NavSideBar/a_Logout")): Object: 'Object Repository/NavSideBar/a_Logout' is clicked on

2023-05-12 18:18:18 - [MESSAGE][PASSED] - Object: 'Object Repository/NavSideBar/a_Logout' is clicked on

2023-05-12 18:18:18 - [TEST_STEP][PASSED] - verifyElementVisible(findTestObject("Object Repository/Page_Swag Labs/input_Swag Labs_user-name")): Object 'Object Repository/Page_Swag Labs/input_Swag Labs_user-name' is visible

2023-05-12 18:18:19 - [MESSAGE][PASSED] - Object 'Object Repository/Page_Swag Labs/input_Swag Labs_user-name' is visible

2023-05-12 18:18:19 - [TEST_STEP][PASSED] - closeBrowser(): Browser is closed

2023-05-12 18:18:19 - [MESSAGE][PASSED] - Browser is closed]]></system-out>
         <system-err><![CDATA[]]></system-err>
      </testcase>
      <testcase name="Test Cases/test-flow-1-buy-1-product" time="11.744" classname="Test Cases/test-flow-1-buy-1-product" status="PASSED">
         <system-out><![CDATA[2023-05-12 18:18:19 - [TEST_CASE][PASSED] - Test Cases/test-flow-1-buy-1-product: Test Cases/test-flow-1-buy-1-product

2023-05-12 18:18:19 - [TEST_STEP][PASSED] - openBrowser("https://www.saucedemo.com/"): Browser is opened with url: 'https://www.saucedemo.com/'

2023-05-12 18:18:19 - [MESSAGE][INFO] - Starting 'Chrome' driver

2023-05-12 18:18:19 - [MESSAGE][INFO] - Action delay is set to 0 milliseconds

2023-05-12 18:18:21 - [MESSAGE][PASSED] - Browser is opened with url: 'https://www.saucedemo.com/'

2023-05-12 18:18:21 - [TEST_STEP][PASSED] - click(findTestObject("Object Repository/Page_Swag Labs/input_Swag Labs_user-name")): Object: 'Object Repository/Page_Swag Labs/input_Swag Labs_user-name' is clicked on

2023-05-12 18:18:22 - [MESSAGE][PASSED] - Object: 'Object Repository/Page_Swag Labs/input_Swag Labs_user-name' is clicked on

2023-05-12 18:18:22 - [TEST_STEP][PASSED] - sendKeys(findTestObject("Object Repository/Page_Swag Labs/input_Swag Labs_user-name"), "standard_user"): Keys 'standard_user' sent to object: 'Object Repository/Page_Swag Labs/input_Swag Labs_user-name'

2023-05-12 18:18:22 - [MESSAGE][PASSED] - Keys 'standard_user' sent to object: 'Object Repository/Page_Swag Labs/input_Swag Labs_user-name'

2023-05-12 18:18:22 - [TEST_STEP][PASSED] - click(findTestObject("Object Repository/Page_Swag Labs/input_Swag Labs_password")): Object: 'Object Repository/Page_Swag Labs/input_Swag Labs_password' is clicked on

2023-05-12 18:18:22 - [MESSAGE][PASSED] - Object: 'Object Repository/Page_Swag Labs/input_Swag Labs_password' is clicked on

2023-05-12 18:18:22 - [TEST_STEP][PASSED] - sendKeys(findTestObject("Object Repository/Page_Swag Labs/input_Swag Labs_password"), "secret_sauce"): Keys 'secret_sauce' sent to object: 'Object Repository/Page_Swag Labs/input_Swag Labs_password'

2023-05-12 18:18:23 - [MESSAGE][PASSED] - Keys 'secret_sauce' sent to object: 'Object Repository/Page_Swag Labs/input_Swag Labs_password'

2023-05-12 18:18:23 - [TEST_STEP][PASSED] - click(findTestObject("Object Repository/Page_Swag Labs/input_Swag Labs_login-button")): Object: 'Object Repository/Page_Swag Labs/input_Swag Labs_login-button' is clicked on

2023-05-12 18:18:23 - [MESSAGE][PASSED] - Object: 'Object Repository/Page_Swag Labs/input_Swag Labs_login-button' is clicked on

2023-05-12 18:18:23 - [TEST_STEP][PASSED] - click(findTestObject("Object Repository/inventoryPage/Backpack")): Object: 'Object Repository/inventoryPage/Backpack' is clicked on

2023-05-12 18:18:24 - [MESSAGE][PASSED] - Object: 'Object Repository/inventoryPage/Backpack' is clicked on

2023-05-12 18:18:24 - [TEST_STEP][PASSED] - click(findTestObject("Object Repository/inventoryPage/button_Add to cart")): Object: 'Object Repository/inventoryPage/button_Add to cart' is clicked on

2023-05-12 18:18:24 - [MESSAGE][PASSED] - Object: 'Object Repository/inventoryPage/button_Add to cart' is clicked on

2023-05-12 18:18:24 - [TEST_STEP][PASSED] - click(findTestObject("Object Repository/inventoryPage/products_back-image")): Object: 'Object Repository/inventoryPage/products_back-image' is clicked on

2023-05-12 18:18:24 - [MESSAGE][PASSED] - Object: 'Object Repository/inventoryPage/products_back-image' is clicked on

2023-05-12 18:18:24 - [TEST_STEP][PASSED] - click(findTestObject("Object Repository/inventoryPage/cart")): Object: 'Object Repository/inventoryPage/cart' is clicked on

2023-05-12 18:18:25 - [MESSAGE][PASSED] - Object: 'Object Repository/inventoryPage/cart' is clicked on

2023-05-12 18:18:25 - [TEST_STEP][PASSED] - click(findTestObject("Object Repository/CheckoutPage/button_Checkout")): Object: 'Object Repository/CheckoutPage/button_Checkout' is clicked on

2023-05-12 18:18:25 - [MESSAGE][PASSED] - Object: 'Object Repository/CheckoutPage/button_Checkout' is clicked on

2023-05-12 18:18:25 - [TEST_STEP][PASSED] - sendKeys(findTestObject("Object Repository/checkout-step-one/input_Checkout Your Information_firstName"), "demo"): Keys 'demo' sent to object: 'Object Repository/checkout-step-one/input_Checkout Your Information_firstName'

2023-05-12 18:18:26 - [MESSAGE][PASSED] - Keys 'demo' sent to object: 'Object Repository/checkout-step-one/input_Checkout Your Information_firstName'

2023-05-12 18:18:26 - [TEST_STEP][PASSED] - sendKeys(findTestObject("Object Repository/checkout-step-one/input_Checkout Your Information_lastName"), "qa test"): Keys 'qa test' sent to object: 'Object Repository/checkout-step-one/input_Checkout Your Information_lastName'

2023-05-12 18:18:27 - [MESSAGE][PASSED] - Keys 'qa test' sent to object: 'Object Repository/checkout-step-one/input_Checkout Your Information_lastName'

2023-05-12 18:18:27 - [TEST_STEP][PASSED] - sendKeys(findTestObject("Object Repository/checkout-step-one/input_Checkout Your Information_postalCode"), "9000"): Keys '9000' sent to object: 'Object Repository/checkout-step-one/input_Checkout Your Information_postalCode'

2023-05-12 18:18:27 - [MESSAGE][PASSED] - Keys '9000' sent to object: 'Object Repository/checkout-step-one/input_Checkout Your Information_postalCode'

2023-05-12 18:18:27 - [TEST_STEP][PASSED] - click(findTestObject("Object Repository/checkout-step-one/input_continue")): Object: 'Object Repository/checkout-step-one/input_continue' is clicked on

2023-05-12 18:18:28 - [MESSAGE][PASSED] - Object: 'Object Repository/checkout-step-one/input_continue' is clicked on

2023-05-12 18:18:28 - [TEST_STEP][PASSED] - click(findTestObject("Object Repository/finish checkout/button_Finish")): Object: 'Object Repository/finish checkout/button_Finish' is clicked on

2023-05-12 18:18:28 - [MESSAGE][PASSED] - Object: 'Object Repository/finish checkout/button_Finish' is clicked on

2023-05-12 18:18:28 - [TEST_STEP][PASSED] - verifyElementVisible(findTestObject("Object Repository/order-success/h2_Thank you for your order")): Object 'Object Repository/order-success/h2_Thank you for your order' is visible

2023-05-12 18:18:29 - [MESSAGE][PASSED] - Object 'Object Repository/order-success/h2_Thank you for your order' is visible

2023-05-12 18:18:29 - [TEST_STEP][PASSED] - click(findTestObject("Object Repository/NavSideBar/sidebar")): Object: 'Object Repository/NavSideBar/sidebar' is clicked on

2023-05-12 18:18:29 - [MESSAGE][PASSED] - Object: 'Object Repository/NavSideBar/sidebar' is clicked on

2023-05-12 18:18:29 - [TEST_STEP][PASSED] - click(findTestObject("Object Repository/NavSideBar/a_Logout")): Object: 'Object Repository/NavSideBar/a_Logout' is clicked on

2023-05-12 18:18:30 - [MESSAGE][PASSED] - Object: 'Object Repository/NavSideBar/a_Logout' is clicked on

2023-05-12 18:18:30 - [TEST_STEP][PASSED] - verifyElementVisible(findTestObject("Object Repository/Page_Swag Labs/input_Swag Labs_user-name")): Object 'Object Repository/Page_Swag Labs/input_Swag Labs_user-name' is visible

2023-05-12 18:18:30 - [MESSAGE][PASSED] - Object 'Object Repository/Page_Swag Labs/input_Swag Labs_user-name' is visible

2023-05-12 18:18:30 - [TEST_STEP][PASSED] - closeBrowser(): Browser is closed

2023-05-12 18:18:31 - [MESSAGE][PASSED] - Browser is closed]]></system-out>
         <system-err><![CDATA[]]></system-err>
      </testcase>
      <testcase name="Test Cases/test-flow-1-buy-1-product" time="11.843" classname="Test Cases/test-flow-1-buy-1-product" status="PASSED">
         <system-out><![CDATA[2023-05-12 18:18:31 - [TEST_CASE][PASSED] - Test Cases/test-flow-1-buy-1-product: Test Cases/test-flow-1-buy-1-product

2023-05-12 18:18:31 - [TEST_STEP][PASSED] - openBrowser("https://www.saucedemo.com/"): Browser is opened with url: 'https://www.saucedemo.com/'

2023-05-12 18:18:31 - [MESSAGE][INFO] - Starting 'Chrome' driver

2023-05-12 18:18:31 - [MESSAGE][INFO] - Action delay is set to 0 milliseconds

2023-05-12 18:18:33 - [MESSAGE][PASSED] - Browser is opened with url: 'https://www.saucedemo.com/'

2023-05-12 18:18:33 - [TEST_STEP][PASSED] - click(findTestObject("Object Repository/Page_Swag Labs/input_Swag Labs_user-name")): Object: 'Object Repository/Page_Swag Labs/input_Swag Labs_user-name' is clicked on

2023-05-12 18:18:33 - [MESSAGE][PASSED] - Object: 'Object Repository/Page_Swag Labs/input_Swag Labs_user-name' is clicked on

2023-05-12 18:18:33 - [TEST_STEP][PASSED] - sendKeys(findTestObject("Object Repository/Page_Swag Labs/input_Swag Labs_user-name"), "standard_user"): Keys 'standard_user' sent to object: 'Object Repository/Page_Swag Labs/input_Swag Labs_user-name'

2023-05-12 18:18:34 - [MESSAGE][PASSED] - Keys 'standard_user' sent to object: 'Object Repository/Page_Swag Labs/input_Swag Labs_user-name'

2023-05-12 18:18:34 - [TEST_STEP][PASSED] - click(findTestObject("Object Repository/Page_Swag Labs/input_Swag Labs_password")): Object: 'Object Repository/Page_Swag Labs/input_Swag Labs_password' is clicked on

2023-05-12 18:18:34 - [MESSAGE][PASSED] - Object: 'Object Repository/Page_Swag Labs/input_Swag Labs_password' is clicked on

2023-05-12 18:18:34 - [TEST_STEP][PASSED] - sendKeys(findTestObject("Object Repository/Page_Swag Labs/input_Swag Labs_password"), "secret_sauce"): Keys 'secret_sauce' sent to object: 'Object Repository/Page_Swag Labs/input_Swag Labs_password'

2023-05-12 18:18:34 - [MESSAGE][PASSED] - Keys 'secret_sauce' sent to object: 'Object Repository/Page_Swag Labs/input_Swag Labs_password'

2023-05-12 18:18:34 - [TEST_STEP][PASSED] - click(findTestObject("Object Repository/Page_Swag Labs/input_Swag Labs_login-button")): Object: 'Object Repository/Page_Swag Labs/input_Swag Labs_login-button' is clicked on

2023-05-12 18:18:35 - [MESSAGE][PASSED] - Object: 'Object Repository/Page_Swag Labs/input_Swag Labs_login-button' is clicked on

2023-05-12 18:18:35 - [TEST_STEP][PASSED] - click(findTestObject("Object Repository/inventoryPage/Backpack")): Object: 'Object Repository/inventoryPage/Backpack' is clicked on

2023-05-12 18:18:35 - [MESSAGE][PASSED] - Object: 'Object Repository/inventoryPage/Backpack' is clicked on

2023-05-12 18:18:35 - [TEST_STEP][PASSED] - click(findTestObject("Object Repository/inventoryPage/button_Add to cart")): Object: 'Object Repository/inventoryPage/button_Add to cart' is clicked on

2023-05-12 18:18:36 - [MESSAGE][PASSED] - Object: 'Object Repository/inventoryPage/button_Add to cart' is clicked on

2023-05-12 18:18:36 - [TEST_STEP][PASSED] - click(findTestObject("Object Repository/inventoryPage/products_back-image")): Object: 'Object Repository/inventoryPage/products_back-image' is clicked on

2023-05-12 18:18:36 - [MESSAGE][PASSED] - Object: 'Object Repository/inventoryPage/products_back-image' is clicked on

2023-05-12 18:18:36 - [TEST_STEP][PASSED] - click(findTestObject("Object Repository/inventoryPage/cart")): Object: 'Object Repository/inventoryPage/cart' is clicked on

2023-05-12 18:18:37 - [MESSAGE][PASSED] - Object: 'Object Repository/inventoryPage/cart' is clicked on

2023-05-12 18:18:37 - [TEST_STEP][PASSED] - click(findTestObject("Object Repository/CheckoutPage/button_Checkout")): Object: 'Object Repository/CheckoutPage/button_Checkout' is clicked on

2023-05-12 18:18:37 - [MESSAGE][PASSED] - Object: 'Object Repository/CheckoutPage/button_Checkout' is clicked on

2023-05-12 18:18:37 - [TEST_STEP][PASSED] - sendKeys(findTestObject("Object Repository/checkout-step-one/input_Checkout Your Information_firstName"), "demo"): Keys 'demo' sent to object: 'Object Repository/checkout-step-one/input_Checkout Your Information_firstName'

2023-05-12 18:18:38 - [MESSAGE][PASSED] - Keys 'demo' sent to object: 'Object Repository/checkout-step-one/input_Checkout Your Information_firstName'

2023-05-12 18:18:38 - [TEST_STEP][PASSED] - sendKeys(findTestObject("Object Repository/checkout-step-one/input_Checkout Your Information_lastName"), "qa test"): Keys 'qa test' sent to object: 'Object Repository/checkout-step-one/input_Checkout Your Information_lastName'

2023-05-12 18:18:38 - [MESSAGE][PASSED] - Keys 'qa test' sent to object: 'Object Repository/checkout-step-one/input_Checkout Your Information_lastName'

2023-05-12 18:18:38 - [TEST_STEP][PASSED] - sendKeys(findTestObject("Object Repository/checkout-step-one/input_Checkout Your Information_postalCode"), "9000"): Keys '9000' sent to object: 'Object Repository/checkout-step-one/input_Checkout Your Information_postalCode'

2023-05-12 18:18:39 - [MESSAGE][PASSED] - Keys '9000' sent to object: 'Object Repository/checkout-step-one/input_Checkout Your Information_postalCode'

2023-05-12 18:18:39 - [TEST_STEP][PASSED] - click(findTestObject("Object Repository/checkout-step-one/input_continue")): Object: 'Object Repository/checkout-step-one/input_continue' is clicked on

2023-05-12 18:18:40 - [MESSAGE][PASSED] - Object: 'Object Repository/checkout-step-one/input_continue' is clicked on

2023-05-12 18:18:40 - [TEST_STEP][PASSED] - click(findTestObject("Object Repository/finish checkout/button_Finish")): Object: 'Object Repository/finish checkout/button_Finish' is clicked on

2023-05-12 18:18:40 - [MESSAGE][PASSED] - Object: 'Object Repository/finish checkout/button_Finish' is clicked on

2023-05-12 18:18:40 - [TEST_STEP][PASSED] - verifyElementVisible(findTestObject("Object Repository/order-success/h2_Thank you for your order")): Object 'Object Repository/order-success/h2_Thank you for your order' is visible

2023-05-12 18:18:41 - [MESSAGE][PASSED] - Object 'Object Repository/order-success/h2_Thank you for your order' is visible

2023-05-12 18:18:41 - [TEST_STEP][PASSED] - click(findTestObject("Object Repository/NavSideBar/sidebar")): Object: 'Object Repository/NavSideBar/sidebar' is clicked on

2023-05-12 18:18:41 - [MESSAGE][PASSED] - Object: 'Object Repository/NavSideBar/sidebar' is clicked on

2023-05-12 18:18:41 - [TEST_STEP][PASSED] - click(findTestObject("Object Repository/NavSideBar/a_Logout")): Object: 'Object Repository/NavSideBar/a_Logout' is clicked on

2023-05-12 18:18:42 - [MESSAGE][PASSED] - Object: 'Object Repository/NavSideBar/a_Logout' is clicked on

2023-05-12 18:18:42 - [TEST_STEP][PASSED] - verifyElementVisible(findTestObject("Object Repository/Page_Swag Labs/input_Swag Labs_user-name")): Object 'Object Repository/Page_Swag Labs/input_Swag Labs_user-name' is visible

2023-05-12 18:18:42 - [MESSAGE][PASSED] - Object 'Object Repository/Page_Swag Labs/input_Swag Labs_user-name' is visible

2023-05-12 18:18:42 - [TEST_STEP][PASSED] - closeBrowser(): Browser is closed

2023-05-12 18:18:43 - [MESSAGE][PASSED] - Browser is closed]]></system-out>
         <system-err><![CDATA[]]></system-err>
      </testcase>
      <system-out><![CDATA[2023-05-12 18:14:42 - [TEST_SUITE][PASSED] - simple case: Test Cases/test-flow-1-buy-1-product]]></system-out>
      <system-err><![CDATA[]]></system-err>
   </testsuite>
   <testsuite name="simple case" tests="20" failures="0" errors="0" time="242.211" skipped="0" timestamp="2023-05-12 18:18:46" hostname="minh.nguyen - 5YHW2D3" id="Test Suites/simple case">
      <properties>
         <property name="deviceName" value=""/>
         <property name="devicePlatform" value=""/>
         <property name="logFolder" value="C:\\Users\\minh.nguyen\\Desktop\\GitRepo\\tri-nhan-repo\\Reports\\20230512_171239\\simple case\\20230512_171312"/>
         <property name="logFiles" value="C:\\Users\\minh.nguyen\\Desktop\\GitRepo\\tri-nhan-repo\\Reports\\20230512_171239\\simple case\\20230512_171312\\execution0.log"/>
         <property name="attachments" value=""/>
         <property name="hostName" value="minh.nguyen - 5YHW2D3"/>
         <property name="os" value="Windows 10 64bit"/>
         <property name="katalonVersion" value="8.5.5.208"/>
         <property name="browser" value="Chrome 112.0.0.0"/>
         <property name="hostAddress" value="192.168.1.86"/>
         <property name="sessionId" value="a886de98ef3882d942dcaaa77abaadc3"/>
         <property name="seleniumVersion" value="3.141.59"/>
         <property name="proxyInformation" value="ProxyInformation { proxyOption=NO_PROXY, proxyServerType=HTTP, username=, password=********, proxyServerAddress=, proxyServerPort=0, executionList=&quot;&quot;, isApplyToDesiredCapabilities=true }"/>
         <property name="platform" value="Windows 10"/>
      </properties>
      <testcase name="Test Cases/test-flow-1-buy-1-product" time="13.302" classname="Test Cases/test-flow-1-buy-1-product" status="PASSED">
         <system-out><![CDATA[2023-05-12 18:18:46 - [TEST_CASE][PASSED] - Test Cases/test-flow-1-buy-1-product: Test Cases/test-flow-1-buy-1-product

2023-05-12 18:18:46 - [TEST_STEP][PASSED] - openBrowser("https://www.saucedemo.com/"): Browser is opened with url: 'https://www.saucedemo.com/'

2023-05-12 18:18:47 - [MESSAGE][INFO] - Starting 'Chrome' driver

2023-05-12 18:18:47 - [MESSAGE][INFO] - Action delay is set to 0 milliseconds

2023-05-12 18:18:50 - [MESSAGE][PASSED] - Browser is opened with url: 'https://www.saucedemo.com/'

2023-05-12 18:18:50 - [TEST_STEP][PASSED] - click(findTestObject("Object Repository/Page_Swag Labs/input_Swag Labs_user-name")): Object: 'Object Repository/Page_Swag Labs/input_Swag Labs_user-name' is clicked on

2023-05-12 18:18:50 - [MESSAGE][PASSED] - Object: 'Object Repository/Page_Swag Labs/input_Swag Labs_user-name' is clicked on

2023-05-12 18:18:50 - [TEST_STEP][PASSED] - sendKeys(findTestObject("Object Repository/Page_Swag Labs/input_Swag Labs_user-name"), "standard_user"): Keys 'standard_user' sent to object: 'Object Repository/Page_Swag Labs/input_Swag Labs_user-name'

2023-05-12 18:18:50 - [MESSAGE][PASSED] - Keys 'standard_user' sent to object: 'Object Repository/Page_Swag Labs/input_Swag Labs_user-name'

2023-05-12 18:18:50 - [TEST_STEP][PASSED] - click(findTestObject("Object Repository/Page_Swag Labs/input_Swag Labs_password")): Object: 'Object Repository/Page_Swag Labs/input_Swag Labs_password' is clicked on

2023-05-12 18:18:51 - [MESSAGE][PASSED] - Object: 'Object Repository/Page_Swag Labs/input_Swag Labs_password' is clicked on

2023-05-12 18:18:51 - [TEST_STEP][PASSED] - sendKeys(findTestObject("Object Repository/Page_Swag Labs/input_Swag Labs_password"), "secret_sauce"): Keys 'secret_sauce' sent to object: 'Object Repository/Page_Swag Labs/input_Swag Labs_password'

2023-05-12 18:18:51 - [MESSAGE][PASSED] - Keys 'secret_sauce' sent to object: 'Object Repository/Page_Swag Labs/input_Swag Labs_password'

2023-05-12 18:18:51 - [TEST_STEP][PASSED] - click(findTestObject("Object Repository/Page_Swag Labs/input_Swag Labs_login-button")): Object: 'Object Repository/Page_Swag Labs/input_Swag Labs_login-button' is clicked on

2023-05-12 18:18:51 - [MESSAGE][PASSED] - Object: 'Object Repository/Page_Swag Labs/input_Swag Labs_login-button' is clicked on

2023-05-12 18:18:51 - [TEST_STEP][PASSED] - click(findTestObject("Object Repository/inventoryPage/Backpack")): Object: 'Object Repository/inventoryPage/Backpack' is clicked on

2023-05-12 18:18:52 - [MESSAGE][PASSED] - Object: 'Object Repository/inventoryPage/Backpack' is clicked on

2023-05-12 18:18:52 - [TEST_STEP][PASSED] - click(findTestObject("Object Repository/inventoryPage/button_Add to cart")): Object: 'Object Repository/inventoryPage/button_Add to cart' is clicked on

2023-05-12 18:18:52 - [MESSAGE][PASSED] - Object: 'Object Repository/inventoryPage/button_Add to cart' is clicked on

2023-05-12 18:18:52 - [TEST_STEP][PASSED] - click(findTestObject("Object Repository/inventoryPage/products_back-image")): Object: 'Object Repository/inventoryPage/products_back-image' is clicked on

2023-05-12 18:18:53 - [MESSAGE][PASSED] - Object: 'Object Repository/inventoryPage/products_back-image' is clicked on

2023-05-12 18:18:53 - [TEST_STEP][PASSED] - click(findTestObject("Object Repository/inventoryPage/cart")): Object: 'Object Repository/inventoryPage/cart' is clicked on

2023-05-12 18:18:53 - [MESSAGE][PASSED] - Object: 'Object Repository/inventoryPage/cart' is clicked on

2023-05-12 18:18:53 - [TEST_STEP][PASSED] - click(findTestObject("Object Repository/CheckoutPage/button_Checkout")): Object: 'Object Repository/CheckoutPage/button_Checkout' is clicked on

2023-05-12 18:18:54 - [MESSAGE][PASSED] - Object: 'Object Repository/CheckoutPage/button_Checkout' is clicked on

2023-05-12 18:18:54 - [TEST_STEP][PASSED] - sendKeys(findTestObject("Object Repository/checkout-step-one/input_Checkout Your Information_firstName"), "demo"): Keys 'demo' sent to object: 'Object Repository/checkout-step-one/input_Checkout Your Information_firstName'

2023-05-12 18:18:55 - [MESSAGE][PASSED] - Keys 'demo' sent to object: 'Object Repository/checkout-step-one/input_Checkout Your Information_firstName'

2023-05-12 18:18:55 - [TEST_STEP][PASSED] - sendKeys(findTestObject("Object Repository/checkout-step-one/input_Checkout Your Information_lastName"), "qa test"): Keys 'qa test' sent to object: 'Object Repository/checkout-step-one/input_Checkout Your Information_lastName'

2023-05-12 18:18:55 - [MESSAGE][PASSED] - Keys 'qa test' sent to object: 'Object Repository/checkout-step-one/input_Checkout Your Information_lastName'

2023-05-12 18:18:55 - [TEST_STEP][PASSED] - sendKeys(findTestObject("Object Repository/checkout-step-one/input_Checkout Your Information_postalCode"), "9000"): Keys '9000' sent to object: 'Object Repository/checkout-step-one/input_Checkout Your Information_postalCode'

2023-05-12 18:18:56 - [MESSAGE][PASSED] - Keys '9000' sent to object: 'Object Repository/checkout-step-one/input_Checkout Your Information_postalCode'

2023-05-12 18:18:56 - [TEST_STEP][PASSED] - click(findTestObject("Object Repository/checkout-step-one/input_continue")): Object: 'Object Repository/checkout-step-one/input_continue' is clicked on

2023-05-12 18:18:56 - [MESSAGE][PASSED] - Object: 'Object Repository/checkout-step-one/input_continue' is clicked on

2023-05-12 18:18:56 - [TEST_STEP][PASSED] - click(findTestObject("Object Repository/finish checkout/button_Finish")): Object: 'Object Repository/finish checkout/button_Finish' is clicked on

2023-05-12 18:18:57 - [MESSAGE][PASSED] - Object: 'Object Repository/finish checkout/button_Finish' is clicked on

2023-05-12 18:18:57 - [TEST_STEP][PASSED] - verifyElementVisible(findTestObject("Object Repository/order-success/h2_Thank you for your order")): Object 'Object Repository/order-success/h2_Thank you for your order' is visible

2023-05-12 18:18:57 - [MESSAGE][PASSED] - Object 'Object Repository/order-success/h2_Thank you for your order' is visible

2023-05-12 18:18:57 - [TEST_STEP][PASSED] - click(findTestObject("Object Repository/NavSideBar/sidebar")): Object: 'Object Repository/NavSideBar/sidebar' is clicked on

2023-05-12 18:18:58 - [MESSAGE][PASSED] - Object: 'Object Repository/NavSideBar/sidebar' is clicked on

2023-05-12 18:18:58 - [TEST_STEP][PASSED] - click(findTestObject("Object Repository/NavSideBar/a_Logout")): Object: 'Object Repository/NavSideBar/a_Logout' is clicked on

2023-05-12 18:18:58 - [MESSAGE][PASSED] - Object: 'Object Repository/NavSideBar/a_Logout' is clicked on

2023-05-12 18:18:58 - [TEST_STEP][PASSED] - verifyElementVisible(findTestObject("Object Repository/Page_Swag Labs/input_Swag Labs_user-name")): Object 'Object Repository/Page_Swag Labs/input_Swag Labs_user-name' is visible

2023-05-12 18:18:59 - [MESSAGE][PASSED] - Object 'Object Repository/Page_Swag Labs/input_Swag Labs_user-name' is visible

2023-05-12 18:18:59 - [TEST_STEP][PASSED] - closeBrowser(): Browser is closed

2023-05-12 18:19:00 - [MESSAGE][PASSED] - Browser is closed]]></system-out>
         <system-err><![CDATA[]]></system-err>
      </testcase>
      <testcase name="Test Cases/test-flow-1-buy-1-product" time="11.957" classname="Test Cases/test-flow-1-buy-1-product" status="PASSED">
         <system-out><![CDATA[2023-05-12 18:19:00 - [TEST_CASE][PASSED] - Test Cases/test-flow-1-buy-1-product: Test Cases/test-flow-1-buy-1-product

2023-05-12 18:19:00 - [TEST_STEP][PASSED] - openBrowser("https://www.saucedemo.com/"): Browser is opened with url: 'https://www.saucedemo.com/'

2023-05-12 18:19:00 - [MESSAGE][INFO] - Starting 'Chrome' driver

2023-05-12 18:19:00 - [MESSAGE][INFO] - Action delay is set to 0 milliseconds

2023-05-12 18:19:02 - [MESSAGE][PASSED] - Browser is opened with url: 'https://www.saucedemo.com/'

2023-05-12 18:19:02 - [TEST_STEP][PASSED] - click(findTestObject("Object Repository/Page_Swag Labs/input_Swag Labs_user-name")): Object: 'Object Repository/Page_Swag Labs/input_Swag Labs_user-name' is clicked on

2023-05-12 18:19:02 - [MESSAGE][PASSED] - Object: 'Object Repository/Page_Swag Labs/input_Swag Labs_user-name' is clicked on

2023-05-12 18:19:02 - [TEST_STEP][PASSED] - sendKeys(findTestObject("Object Repository/Page_Swag Labs/input_Swag Labs_user-name"), "standard_user"): Keys 'standard_user' sent to object: 'Object Repository/Page_Swag Labs/input_Swag Labs_user-name'

2023-05-12 18:19:03 - [MESSAGE][PASSED] - Keys 'standard_user' sent to object: 'Object Repository/Page_Swag Labs/input_Swag Labs_user-name'

2023-05-12 18:19:03 - [TEST_STEP][PASSED] - click(findTestObject("Object Repository/Page_Swag Labs/input_Swag Labs_password")): Object: 'Object Repository/Page_Swag Labs/input_Swag Labs_password' is clicked on

2023-05-12 18:19:03 - [MESSAGE][PASSED] - Object: 'Object Repository/Page_Swag Labs/input_Swag Labs_password' is clicked on

2023-05-12 18:19:03 - [TEST_STEP][PASSED] - sendKeys(findTestObject("Object Repository/Page_Swag Labs/input_Swag Labs_password"), "secret_sauce"): Keys 'secret_sauce' sent to object: 'Object Repository/Page_Swag Labs/input_Swag Labs_password'

2023-05-12 18:19:03 - [MESSAGE][PASSED] - Keys 'secret_sauce' sent to object: 'Object Repository/Page_Swag Labs/input_Swag Labs_password'

2023-05-12 18:19:03 - [TEST_STEP][PASSED] - click(findTestObject("Object Repository/Page_Swag Labs/input_Swag Labs_login-button")): Object: 'Object Repository/Page_Swag Labs/input_Swag Labs_login-button' is clicked on

2023-05-12 18:19:04 - [MESSAGE][PASSED] - Object: 'Object Repository/Page_Swag Labs/input_Swag Labs_login-button' is clicked on

2023-05-12 18:19:04 - [TEST_STEP][PASSED] - click(findTestObject("Object Repository/inventoryPage/Backpack")): Object: 'Object Repository/inventoryPage/Backpack' is clicked on

2023-05-12 18:19:04 - [MESSAGE][PASSED] - Object: 'Object Repository/inventoryPage/Backpack' is clicked on

2023-05-12 18:19:04 - [TEST_STEP][PASSED] - click(findTestObject("Object Repository/inventoryPage/button_Add to cart")): Object: 'Object Repository/inventoryPage/button_Add to cart' is clicked on

2023-05-12 18:19:05 - [MESSAGE][PASSED] - Object: 'Object Repository/inventoryPage/button_Add to cart' is clicked on

2023-05-12 18:19:05 - [TEST_STEP][PASSED] - click(findTestObject("Object Repository/inventoryPage/products_back-image")): Object: 'Object Repository/inventoryPage/products_back-image' is clicked on

2023-05-12 18:19:05 - [MESSAGE][PASSED] - Object: 'Object Repository/inventoryPage/products_back-image' is clicked on

2023-05-12 18:19:05 - [TEST_STEP][PASSED] - click(findTestObject("Object Repository/inventoryPage/cart")): Object: 'Object Repository/inventoryPage/cart' is clicked on

2023-05-12 18:19:06 - [MESSAGE][PASSED] - Object: 'Object Repository/inventoryPage/cart' is clicked on

2023-05-12 18:19:06 - [TEST_STEP][PASSED] - click(findTestObject("Object Repository/CheckoutPage/button_Checkout")): Object: 'Object Repository/CheckoutPage/button_Checkout' is clicked on

2023-05-12 18:19:06 - [MESSAGE][PASSED] - Object: 'Object Repository/CheckoutPage/button_Checkout' is clicked on

2023-05-12 18:19:06 - [TEST_STEP][PASSED] - sendKeys(findTestObject("Object Repository/checkout-step-one/input_Checkout Your Information_firstName"), "demo"): Keys 'demo' sent to object: 'Object Repository/checkout-step-one/input_Checkout Your Information_firstName'

2023-05-12 18:19:07 - [MESSAGE][PASSED] - Keys 'demo' sent to object: 'Object Repository/checkout-step-one/input_Checkout Your Information_firstName'

2023-05-12 18:19:07 - [TEST_STEP][PASSED] - sendKeys(findTestObject("Object Repository/checkout-step-one/input_Checkout Your Information_lastName"), "qa test"): Keys 'qa test' sent to object: 'Object Repository/checkout-step-one/input_Checkout Your Information_lastName'

2023-05-12 18:19:08 - [MESSAGE][PASSED] - Keys 'qa test' sent to object: 'Object Repository/checkout-step-one/input_Checkout Your Information_lastName'

2023-05-12 18:19:08 - [TEST_STEP][PASSED] - sendKeys(findTestObject("Object Repository/checkout-step-one/input_Checkout Your Information_postalCode"), "9000"): Keys '9000' sent to object: 'Object Repository/checkout-step-one/input_Checkout Your Information_postalCode'

2023-05-12 18:19:08 - [MESSAGE][PASSED] - Keys '9000' sent to object: 'Object Repository/checkout-step-one/input_Checkout Your Information_postalCode'

2023-05-12 18:19:08 - [TEST_STEP][PASSED] - click(findTestObject("Object Repository/checkout-step-one/input_continue")): Object: 'Object Repository/checkout-step-one/input_continue' is clicked on

2023-05-12 18:19:09 - [MESSAGE][PASSED] - Object: 'Object Repository/checkout-step-one/input_continue' is clicked on

2023-05-12 18:19:09 - [TEST_STEP][PASSED] - click(findTestObject("Object Repository/finish checkout/button_Finish")): Object: 'Object Repository/finish checkout/button_Finish' is clicked on

2023-05-12 18:19:09 - [MESSAGE][PASSED] - Object: 'Object Repository/finish checkout/button_Finish' is clicked on

2023-05-12 18:19:09 - [TEST_STEP][PASSED] - verifyElementVisible(findTestObject("Object Repository/order-success/h2_Thank you for your order")): Object 'Object Repository/order-success/h2_Thank you for your order' is visible

2023-05-12 18:19:10 - [MESSAGE][PASSED] - Object 'Object Repository/order-success/h2_Thank you for your order' is visible

2023-05-12 18:19:10 - [TEST_STEP][PASSED] - click(findTestObject("Object Repository/NavSideBar/sidebar")): Object: 'Object Repository/NavSideBar/sidebar' is clicked on

2023-05-12 18:19:10 - [MESSAGE][PASSED] - Object: 'Object Repository/NavSideBar/sidebar' is clicked on

2023-05-12 18:19:10 - [TEST_STEP][PASSED] - click(findTestObject("Object Repository/NavSideBar/a_Logout")): Object: 'Object Repository/NavSideBar/a_Logout' is clicked on

2023-05-12 18:19:10 - [MESSAGE][PASSED] - Object: 'Object Repository/NavSideBar/a_Logout' is clicked on

2023-05-12 18:19:10 - [TEST_STEP][PASSED] - verifyElementVisible(findTestObject("Object Repository/Page_Swag Labs/input_Swag Labs_user-name")): Object 'Object Repository/Page_Swag Labs/input_Swag Labs_user-name' is visible

2023-05-12 18:19:11 - [MESSAGE][PASSED] - Object 'Object Repository/Page_Swag Labs/input_Swag Labs_user-name' is visible

2023-05-12 18:19:11 - [TEST_STEP][PASSED] - closeBrowser(): Browser is closed

2023-05-12 18:19:12 - [MESSAGE][PASSED] - Browser is closed]]></system-out>
         <system-err><![CDATA[]]></system-err>
      </testcase>
      <testcase name="Test Cases/test-flow-1-buy-1-product" time="11.872" classname="Test Cases/test-flow-1-buy-1-product" status="PASSED">
         <system-out><![CDATA[2023-05-12 18:19:12 - [TEST_CASE][PASSED] - Test Cases/test-flow-1-buy-1-product: Test Cases/test-flow-1-buy-1-product

2023-05-12 18:19:12 - [TEST_STEP][PASSED] - openBrowser("https://www.saucedemo.com/"): Browser is opened with url: 'https://www.saucedemo.com/'

2023-05-12 18:19:12 - [MESSAGE][INFO] - Starting 'Chrome' driver

2023-05-12 18:19:12 - [MESSAGE][INFO] - Action delay is set to 0 milliseconds

2023-05-12 18:19:14 - [MESSAGE][PASSED] - Browser is opened with url: 'https://www.saucedemo.com/'

2023-05-12 18:19:14 - [TEST_STEP][PASSED] - click(findTestObject("Object Repository/Page_Swag Labs/input_Swag Labs_user-name")): Object: 'Object Repository/Page_Swag Labs/input_Swag Labs_user-name' is clicked on

2023-05-12 18:19:14 - [MESSAGE][PASSED] - Object: 'Object Repository/Page_Swag Labs/input_Swag Labs_user-name' is clicked on

2023-05-12 18:19:14 - [TEST_STEP][PASSED] - sendKeys(findTestObject("Object Repository/Page_Swag Labs/input_Swag Labs_user-name"), "standard_user"): Keys 'standard_user' sent to object: 'Object Repository/Page_Swag Labs/input_Swag Labs_user-name'

2023-05-12 18:19:15 - [MESSAGE][PASSED] - Keys 'standard_user' sent to object: 'Object Repository/Page_Swag Labs/input_Swag Labs_user-name'

2023-05-12 18:19:15 - [TEST_STEP][PASSED] - click(findTestObject("Object Repository/Page_Swag Labs/input_Swag Labs_password")): Object: 'Object Repository/Page_Swag Labs/input_Swag Labs_password' is clicked on

2023-05-12 18:19:15 - [MESSAGE][PASSED] - Object: 'Object Repository/Page_Swag Labs/input_Swag Labs_password' is clicked on

2023-05-12 18:19:15 - [TEST_STEP][PASSED] - sendKeys(findTestObject("Object Repository/Page_Swag Labs/input_Swag Labs_password"), "secret_sauce"): Keys 'secret_sauce' sent to object: 'Object Repository/Page_Swag Labs/input_Swag Labs_password'

2023-05-12 18:19:15 - [MESSAGE][PASSED] - Keys 'secret_sauce' sent to object: 'Object Repository/Page_Swag Labs/input_Swag Labs_password'

2023-05-12 18:19:15 - [TEST_STEP][PASSED] - click(findTestObject("Object Repository/Page_Swag Labs/input_Swag Labs_login-button")): Object: 'Object Repository/Page_Swag Labs/input_Swag Labs_login-button' is clicked on

2023-05-12 18:19:16 - [MESSAGE][PASSED] - Object: 'Object Repository/Page_Swag Labs/input_Swag Labs_login-button' is clicked on

2023-05-12 18:19:16 - [TEST_STEP][PASSED] - click(findTestObject("Object Repository/inventoryPage/Backpack")): Object: 'Object Repository/inventoryPage/Backpack' is clicked on

2023-05-12 18:19:16 - [MESSAGE][PASSED] - Object: 'Object Repository/inventoryPage/Backpack' is clicked on

2023-05-12 18:19:16 - [TEST_STEP][PASSED] - click(findTestObject("Object Repository/inventoryPage/button_Add to cart")): Object: 'Object Repository/inventoryPage/button_Add to cart' is clicked on

2023-05-12 18:19:17 - [MESSAGE][PASSED] - Object: 'Object Repository/inventoryPage/button_Add to cart' is clicked on

2023-05-12 18:19:17 - [TEST_STEP][PASSED] - click(findTestObject("Object Repository/inventoryPage/products_back-image")): Object: 'Object Repository/inventoryPage/products_back-image' is clicked on

2023-05-12 18:19:17 - [MESSAGE][PASSED] - Object: 'Object Repository/inventoryPage/products_back-image' is clicked on

2023-05-12 18:19:17 - [TEST_STEP][PASSED] - click(findTestObject("Object Repository/inventoryPage/cart")): Object: 'Object Repository/inventoryPage/cart' is clicked on

2023-05-12 18:19:18 - [MESSAGE][PASSED] - Object: 'Object Repository/inventoryPage/cart' is clicked on

2023-05-12 18:19:18 - [TEST_STEP][PASSED] - click(findTestObject("Object Repository/CheckoutPage/button_Checkout")): Object: 'Object Repository/CheckoutPage/button_Checkout' is clicked on

2023-05-12 18:19:18 - [MESSAGE][PASSED] - Object: 'Object Repository/CheckoutPage/button_Checkout' is clicked on

2023-05-12 18:19:18 - [TEST_STEP][PASSED] - sendKeys(findTestObject("Object Repository/checkout-step-one/input_Checkout Your Information_firstName"), "demo"): Keys 'demo' sent to object: 'Object Repository/checkout-step-one/input_Checkout Your Information_firstName'

2023-05-12 18:19:19 - [MESSAGE][PASSED] - Keys 'demo' sent to object: 'Object Repository/checkout-step-one/input_Checkout Your Information_firstName'

2023-05-12 18:19:19 - [TEST_STEP][PASSED] - sendKeys(findTestObject("Object Repository/checkout-step-one/input_Checkout Your Information_lastName"), "qa test"): Keys 'qa test' sent to object: 'Object Repository/checkout-step-one/input_Checkout Your Information_lastName'

2023-05-12 18:19:19 - [MESSAGE][PASSED] - Keys 'qa test' sent to object: 'Object Repository/checkout-step-one/input_Checkout Your Information_lastName'

2023-05-12 18:19:19 - [TEST_STEP][PASSED] - sendKeys(findTestObject("Object Repository/checkout-step-one/input_Checkout Your Information_postalCode"), "9000"): Keys '9000' sent to object: 'Object Repository/checkout-step-one/input_Checkout Your Information_postalCode'

2023-05-12 18:19:20 - [MESSAGE][PASSED] - Keys '9000' sent to object: 'Object Repository/checkout-step-one/input_Checkout Your Information_postalCode'

2023-05-12 18:19:20 - [TEST_STEP][PASSED] - click(findTestObject("Object Repository/checkout-step-one/input_continue")): Object: 'Object Repository/checkout-step-one/input_continue' is clicked on

2023-05-12 18:19:20 - [MESSAGE][PASSED] - Object: 'Object Repository/checkout-step-one/input_continue' is clicked on

2023-05-12 18:19:20 - [TEST_STEP][PASSED] - click(findTestObject("Object Repository/finish checkout/button_Finish")): Object: 'Object Repository/finish checkout/button_Finish' is clicked on

2023-05-12 18:19:21 - [MESSAGE][PASSED] - Object: 'Object Repository/finish checkout/button_Finish' is clicked on

2023-05-12 18:19:21 - [TEST_STEP][PASSED] - verifyElementVisible(findTestObject("Object Repository/order-success/h2_Thank you for your order")): Object 'Object Repository/order-success/h2_Thank you for your order' is visible

2023-05-12 18:19:21 - [MESSAGE][PASSED] - Object 'Object Repository/order-success/h2_Thank you for your order' is visible

2023-05-12 18:19:21 - [TEST_STEP][PASSED] - click(findTestObject("Object Repository/NavSideBar/sidebar")): Object: 'Object Repository/NavSideBar/sidebar' is clicked on

2023-05-12 18:19:22 - [MESSAGE][PASSED] - Object: 'Object Repository/NavSideBar/sidebar' is clicked on

2023-05-12 18:19:22 - [TEST_STEP][PASSED] - click(findTestObject("Object Repository/NavSideBar/a_Logout")): Object: 'Object Repository/NavSideBar/a_Logout' is clicked on

2023-05-12 18:19:22 - [MESSAGE][PASSED] - Object: 'Object Repository/NavSideBar/a_Logout' is clicked on

2023-05-12 18:19:22 - [TEST_STEP][PASSED] - verifyElementVisible(findTestObject("Object Repository/Page_Swag Labs/input_Swag Labs_user-name")): Object 'Object Repository/Page_Swag Labs/input_Swag Labs_user-name' is visible

2023-05-12 18:19:23 - [MESSAGE][PASSED] - Object 'Object Repository/Page_Swag Labs/input_Swag Labs_user-name' is visible

2023-05-12 18:19:23 - [TEST_STEP][PASSED] - closeBrowser(): Browser is closed

2023-05-12 18:19:24 - [MESSAGE][PASSED] - Browser is closed]]></system-out>
         <system-err><![CDATA[]]></system-err>
      </testcase>
      <testcase name="Test Cases/test-flow-1-buy-1-product" time="12.46" classname="Test Cases/test-flow-1-buy-1-product" status="PASSED">
         <system-out><![CDATA[2023-05-12 18:19:24 - [TEST_CASE][PASSED] - Test Cases/test-flow-1-buy-1-product: Test Cases/test-flow-1-buy-1-product

2023-05-12 18:19:24 - [TEST_STEP][PASSED] - openBrowser("https://www.saucedemo.com/"): Browser is opened with url: 'https://www.saucedemo.com/'

2023-05-12 18:19:24 - [MESSAGE][INFO] - Starting 'Chrome' driver

2023-05-12 18:19:24 - [MESSAGE][INFO] - Action delay is set to 0 milliseconds

2023-05-12 18:19:26 - [MESSAGE][PASSED] - Browser is opened with url: 'https://www.saucedemo.com/'

2023-05-12 18:19:26 - [TEST_STEP][PASSED] - click(findTestObject("Object Repository/Page_Swag Labs/input_Swag Labs_user-name")): Object: 'Object Repository/Page_Swag Labs/input_Swag Labs_user-name' is clicked on

2023-05-12 18:19:26 - [MESSAGE][PASSED] - Object: 'Object Repository/Page_Swag Labs/input_Swag Labs_user-name' is clicked on

2023-05-12 18:19:26 - [TEST_STEP][PASSED] - sendKeys(findTestObject("Object Repository/Page_Swag Labs/input_Swag Labs_user-name"), "standard_user"): Keys 'standard_user' sent to object: 'Object Repository/Page_Swag Labs/input_Swag Labs_user-name'

2023-05-12 18:19:27 - [MESSAGE][PASSED] - Keys 'standard_user' sent to object: 'Object Repository/Page_Swag Labs/input_Swag Labs_user-name'

2023-05-12 18:19:27 - [TEST_STEP][PASSED] - click(findTestObject("Object Repository/Page_Swag Labs/input_Swag Labs_password")): Object: 'Object Repository/Page_Swag Labs/input_Swag Labs_password' is clicked on

2023-05-12 18:19:27 - [MESSAGE][PASSED] - Object: 'Object Repository/Page_Swag Labs/input_Swag Labs_password' is clicked on

2023-05-12 18:19:27 - [TEST_STEP][PASSED] - sendKeys(findTestObject("Object Repository/Page_Swag Labs/input_Swag Labs_password"), "secret_sauce"): Keys 'secret_sauce' sent to object: 'Object Repository/Page_Swag Labs/input_Swag Labs_password'

2023-05-12 18:19:27 - [MESSAGE][PASSED] - Keys 'secret_sauce' sent to object: 'Object Repository/Page_Swag Labs/input_Swag Labs_password'

2023-05-12 18:19:27 - [TEST_STEP][PASSED] - click(findTestObject("Object Repository/Page_Swag Labs/input_Swag Labs_login-button")): Object: 'Object Repository/Page_Swag Labs/input_Swag Labs_login-button' is clicked on

2023-05-12 18:19:28 - [MESSAGE][PASSED] - Object: 'Object Repository/Page_Swag Labs/input_Swag Labs_login-button' is clicked on

2023-05-12 18:19:28 - [TEST_STEP][PASSED] - click(findTestObject("Object Repository/inventoryPage/Backpack")): Object: 'Object Repository/inventoryPage/Backpack' is clicked on

2023-05-12 18:19:28 - [MESSAGE][PASSED] - Object: 'Object Repository/inventoryPage/Backpack' is clicked on

2023-05-12 18:19:28 - [TEST_STEP][PASSED] - click(findTestObject("Object Repository/inventoryPage/button_Add to cart")): Object: 'Object Repository/inventoryPage/button_Add to cart' is clicked on

2023-05-12 18:19:29 - [MESSAGE][PASSED] - Object: 'Object Repository/inventoryPage/button_Add to cart' is clicked on

2023-05-12 18:19:29 - [TEST_STEP][PASSED] - click(findTestObject("Object Repository/inventoryPage/products_back-image")): Object: 'Object Repository/inventoryPage/products_back-image' is clicked on

2023-05-12 18:19:29 - [MESSAGE][PASSED] - Object: 'Object Repository/inventoryPage/products_back-image' is clicked on

2023-05-12 18:19:29 - [TEST_STEP][PASSED] - click(findTestObject("Object Repository/inventoryPage/cart")): Object: 'Object Repository/inventoryPage/cart' is clicked on

2023-05-12 18:19:30 - [MESSAGE][PASSED] - Object: 'Object Repository/inventoryPage/cart' is clicked on

2023-05-12 18:19:30 - [TEST_STEP][PASSED] - click(findTestObject("Object Repository/CheckoutPage/button_Checkout")): Object: 'Object Repository/CheckoutPage/button_Checkout' is clicked on

2023-05-12 18:19:30 - [MESSAGE][PASSED] - Object: 'Object Repository/CheckoutPage/button_Checkout' is clicked on

2023-05-12 18:19:30 - [TEST_STEP][PASSED] - sendKeys(findTestObject("Object Repository/checkout-step-one/input_Checkout Your Information_firstName"), "demo"): Keys 'demo' sent to object: 'Object Repository/checkout-step-one/input_Checkout Your Information_firstName'

2023-05-12 18:19:31 - [MESSAGE][PASSED] - Keys 'demo' sent to object: 'Object Repository/checkout-step-one/input_Checkout Your Information_firstName'

2023-05-12 18:19:31 - [TEST_STEP][PASSED] - sendKeys(findTestObject("Object Repository/checkout-step-one/input_Checkout Your Information_lastName"), "qa test"): Keys 'qa test' sent to object: 'Object Repository/checkout-step-one/input_Checkout Your Information_lastName'

2023-05-12 18:19:31 - [MESSAGE][PASSED] - Keys 'qa test' sent to object: 'Object Repository/checkout-step-one/input_Checkout Your Information_lastName'

2023-05-12 18:19:31 - [TEST_STEP][PASSED] - sendKeys(findTestObject("Object Repository/checkout-step-one/input_Checkout Your Information_postalCode"), "9000"): Keys '9000' sent to object: 'Object Repository/checkout-step-one/input_Checkout Your Information_postalCode'

2023-05-12 18:19:32 - [MESSAGE][PASSED] - Keys '9000' sent to object: 'Object Repository/checkout-step-one/input_Checkout Your Information_postalCode'

2023-05-12 18:19:32 - [TEST_STEP][PASSED] - click(findTestObject("Object Repository/checkout-step-one/input_continue")): Object: 'Object Repository/checkout-step-one/input_continue' is clicked on

2023-05-12 18:19:33 - [MESSAGE][PASSED] - Object: 'Object Repository/checkout-step-one/input_continue' is clicked on

2023-05-12 18:19:33 - [TEST_STEP][PASSED] - click(findTestObject("Object Repository/finish checkout/button_Finish")): Object: 'Object Repository/finish checkout/button_Finish' is clicked on

2023-05-12 18:19:33 - [MESSAGE][PASSED] - Object: 'Object Repository/finish checkout/button_Finish' is clicked on

2023-05-12 18:19:33 - [TEST_STEP][PASSED] - verifyElementVisible(findTestObject("Object Repository/order-success/h2_Thank you for your order")): Object 'Object Repository/order-success/h2_Thank you for your order' is visible

2023-05-12 18:19:34 - [MESSAGE][PASSED] - Object 'Object Repository/order-success/h2_Thank you for your order' is visible

2023-05-12 18:19:34 - [TEST_STEP][PASSED] - click(findTestObject("Object Repository/NavSideBar/sidebar")): Object: 'Object Repository/NavSideBar/sidebar' is clicked on

2023-05-12 18:19:34 - [MESSAGE][PASSED] - Object: 'Object Repository/NavSideBar/sidebar' is clicked on

2023-05-12 18:19:34 - [TEST_STEP][PASSED] - click(findTestObject("Object Repository/NavSideBar/a_Logout")): Object: 'Object Repository/NavSideBar/a_Logout' is clicked on

2023-05-12 18:19:35 - [MESSAGE][PASSED] - Object: 'Object Repository/NavSideBar/a_Logout' is clicked on

2023-05-12 18:19:35 - [TEST_STEP][PASSED] - verifyElementVisible(findTestObject("Object Repository/Page_Swag Labs/input_Swag Labs_user-name")): Object 'Object Repository/Page_Swag Labs/input_Swag Labs_user-name' is visible

2023-05-12 18:19:35 - [MESSAGE][PASSED] - Object 'Object Repository/Page_Swag Labs/input_Swag Labs_user-name' is visible

2023-05-12 18:19:35 - [TEST_STEP][PASSED] - closeBrowser(): Browser is closed

2023-05-12 18:19:36 - [MESSAGE][PASSED] - Browser is closed]]></system-out>
         <system-err><![CDATA[]]></system-err>
      </testcase>
      <testcase name="Test Cases/test-flow-1-buy-1-product" time="12.074" classname="Test Cases/test-flow-1-buy-1-product" status="PASSED">
         <system-out><![CDATA[2023-05-12 18:19:36 - [TEST_CASE][PASSED] - Test Cases/test-flow-1-buy-1-product: Test Cases/test-flow-1-buy-1-product

2023-05-12 18:19:36 - [TEST_STEP][PASSED] - openBrowser("https://www.saucedemo.com/"): Browser is opened with url: 'https://www.saucedemo.com/'

2023-05-12 18:19:36 - [MESSAGE][INFO] - Starting 'Chrome' driver

2023-05-12 18:19:36 - [MESSAGE][INFO] - Action delay is set to 0 milliseconds

2023-05-12 18:19:38 - [MESSAGE][PASSED] - Browser is opened with url: 'https://www.saucedemo.com/'

2023-05-12 18:19:38 - [TEST_STEP][PASSED] - click(findTestObject("Object Repository/Page_Swag Labs/input_Swag Labs_user-name")): Object: 'Object Repository/Page_Swag Labs/input_Swag Labs_user-name' is clicked on

2023-05-12 18:19:38 - [MESSAGE][PASSED] - Object: 'Object Repository/Page_Swag Labs/input_Swag Labs_user-name' is clicked on

2023-05-12 18:19:38 - [TEST_STEP][PASSED] - sendKeys(findTestObject("Object Repository/Page_Swag Labs/input_Swag Labs_user-name"), "standard_user"): Keys 'standard_user' sent to object: 'Object Repository/Page_Swag Labs/input_Swag Labs_user-name'

2023-05-12 18:19:39 - [MESSAGE][PASSED] - Keys 'standard_user' sent to object: 'Object Repository/Page_Swag Labs/input_Swag Labs_user-name'

2023-05-12 18:19:39 - [TEST_STEP][PASSED] - click(findTestObject("Object Repository/Page_Swag Labs/input_Swag Labs_password")): Object: 'Object Repository/Page_Swag Labs/input_Swag Labs_password' is clicked on

2023-05-12 18:19:39 - [MESSAGE][PASSED] - Object: 'Object Repository/Page_Swag Labs/input_Swag Labs_password' is clicked on

2023-05-12 18:19:39 - [TEST_STEP][PASSED] - sendKeys(findTestObject("Object Repository/Page_Swag Labs/input_Swag Labs_password"), "secret_sauce"): Keys 'secret_sauce' sent to object: 'Object Repository/Page_Swag Labs/input_Swag Labs_password'

2023-05-12 18:19:39 - [MESSAGE][PASSED] - Keys 'secret_sauce' sent to object: 'Object Repository/Page_Swag Labs/input_Swag Labs_password'

2023-05-12 18:19:39 - [TEST_STEP][PASSED] - click(findTestObject("Object Repository/Page_Swag Labs/input_Swag Labs_login-button")): Object: 'Object Repository/Page_Swag Labs/input_Swag Labs_login-button' is clicked on

2023-05-12 18:19:40 - [MESSAGE][PASSED] - Object: 'Object Repository/Page_Swag Labs/input_Swag Labs_login-button' is clicked on

2023-05-12 18:19:40 - [TEST_STEP][PASSED] - click(findTestObject("Object Repository/inventoryPage/Backpack")): Object: 'Object Repository/inventoryPage/Backpack' is clicked on

2023-05-12 18:19:40 - [MESSAGE][PASSED] - Object: 'Object Repository/inventoryPage/Backpack' is clicked on

2023-05-12 18:19:40 - [TEST_STEP][PASSED] - click(findTestObject("Object Repository/inventoryPage/button_Add to cart")): Object: 'Object Repository/inventoryPage/button_Add to cart' is clicked on

2023-05-12 18:19:41 - [MESSAGE][PASSED] - Object: 'Object Repository/inventoryPage/button_Add to cart' is clicked on

2023-05-12 18:19:41 - [TEST_STEP][PASSED] - click(findTestObject("Object Repository/inventoryPage/products_back-image")): Object: 'Object Repository/inventoryPage/products_back-image' is clicked on

2023-05-12 18:19:41 - [MESSAGE][PASSED] - Object: 'Object Repository/inventoryPage/products_back-image' is clicked on

2023-05-12 18:19:41 - [TEST_STEP][PASSED] - click(findTestObject("Object Repository/inventoryPage/cart")): Object: 'Object Repository/inventoryPage/cart' is clicked on

2023-05-12 18:19:42 - [MESSAGE][PASSED] - Object: 'Object Repository/inventoryPage/cart' is clicked on

2023-05-12 18:19:42 - [TEST_STEP][PASSED] - click(findTestObject("Object Repository/CheckoutPage/button_Checkout")): Object: 'Object Repository/CheckoutPage/button_Checkout' is clicked on

2023-05-12 18:19:42 - [MESSAGE][PASSED] - Object: 'Object Repository/CheckoutPage/button_Checkout' is clicked on

2023-05-12 18:19:42 - [TEST_STEP][PASSED] - sendKeys(findTestObject("Object Repository/checkout-step-one/input_Checkout Your Information_firstName"), "demo"): Keys 'demo' sent to object: 'Object Repository/checkout-step-one/input_Checkout Your Information_firstName'

2023-05-12 18:19:43 - [MESSAGE][PASSED] - Keys 'demo' sent to object: 'Object Repository/checkout-step-one/input_Checkout Your Information_firstName'

2023-05-12 18:19:43 - [TEST_STEP][PASSED] - sendKeys(findTestObject("Object Repository/checkout-step-one/input_Checkout Your Information_lastName"), "qa test"): Keys 'qa test' sent to object: 'Object Repository/checkout-step-one/input_Checkout Your Information_lastName'

2023-05-12 18:19:44 - [MESSAGE][PASSED] - Keys 'qa test' sent to object: 'Object Repository/checkout-step-one/input_Checkout Your Information_lastName'

2023-05-12 18:19:44 - [TEST_STEP][PASSED] - sendKeys(findTestObject("Object Repository/checkout-step-one/input_Checkout Your Information_postalCode"), "9000"): Keys '9000' sent to object: 'Object Repository/checkout-step-one/input_Checkout Your Information_postalCode'

2023-05-12 18:19:44 - [MESSAGE][PASSED] - Keys '9000' sent to object: 'Object Repository/checkout-step-one/input_Checkout Your Information_postalCode'

2023-05-12 18:19:44 - [TEST_STEP][PASSED] - click(findTestObject("Object Repository/checkout-step-one/input_continue")): Object: 'Object Repository/checkout-step-one/input_continue' is clicked on

2023-05-12 18:19:45 - [MESSAGE][PASSED] - Object: 'Object Repository/checkout-step-one/input_continue' is clicked on

2023-05-12 18:19:45 - [TEST_STEP][PASSED] - click(findTestObject("Object Repository/finish checkout/button_Finish")): Object: 'Object Repository/finish checkout/button_Finish' is clicked on

2023-05-12 18:19:45 - [MESSAGE][PASSED] - Object: 'Object Repository/finish checkout/button_Finish' is clicked on

2023-05-12 18:19:45 - [TEST_STEP][PASSED] - verifyElementVisible(findTestObject("Object Repository/order-success/h2_Thank you for your order")): Object 'Object Repository/order-success/h2_Thank you for your order' is visible

2023-05-12 18:19:46 - [MESSAGE][PASSED] - Object 'Object Repository/order-success/h2_Thank you for your order' is visible

2023-05-12 18:19:46 - [TEST_STEP][PASSED] - click(findTestObject("Object Repository/NavSideBar/sidebar")): Object: 'Object Repository/NavSideBar/sidebar' is clicked on

2023-05-12 18:19:46 - [MESSAGE][PASSED] - Object: 'Object Repository/NavSideBar/sidebar' is clicked on

2023-05-12 18:19:46 - [TEST_STEP][PASSED] - click(findTestObject("Object Repository/NavSideBar/a_Logout")): Object: 'Object Repository/NavSideBar/a_Logout' is clicked on

2023-05-12 18:19:47 - [MESSAGE][PASSED] - Object: 'Object Repository/NavSideBar/a_Logout' is clicked on

2023-05-12 18:19:47 - [TEST_STEP][PASSED] - verifyElementVisible(findTestObject("Object Repository/Page_Swag Labs/input_Swag Labs_user-name")): Object 'Object Repository/Page_Swag Labs/input_Swag Labs_user-name' is visible

2023-05-12 18:19:47 - [MESSAGE][PASSED] - Object 'Object Repository/Page_Swag Labs/input_Swag Labs_user-name' is visible

2023-05-12 18:19:47 - [TEST_STEP][PASSED] - closeBrowser(): Browser is closed

2023-05-12 18:19:48 - [MESSAGE][PASSED] - Browser is closed]]></system-out>
         <system-err><![CDATA[]]></system-err>
      </testcase>
      <testcase name="Test Cases/test-flow-1-buy-1-product" time="12.267" classname="Test Cases/test-flow-1-buy-1-product" status="PASSED">
         <system-out><![CDATA[2023-05-12 18:19:48 - [TEST_CASE][PASSED] - Test Cases/test-flow-1-buy-1-product: Test Cases/test-flow-1-buy-1-product

2023-05-12 18:19:48 - [TEST_STEP][PASSED] - openBrowser("https://www.saucedemo.com/"): Browser is opened with url: 'https://www.saucedemo.com/'

2023-05-12 18:19:48 - [MESSAGE][INFO] - Starting 'Chrome' driver

2023-05-12 18:19:48 - [MESSAGE][INFO] - Action delay is set to 0 milliseconds

2023-05-12 18:19:50 - [MESSAGE][PASSED] - Browser is opened with url: 'https://www.saucedemo.com/'

2023-05-12 18:19:50 - [TEST_STEP][PASSED] - click(findTestObject("Object Repository/Page_Swag Labs/input_Swag Labs_user-name")): Object: 'Object Repository/Page_Swag Labs/input_Swag Labs_user-name' is clicked on

2023-05-12 18:19:51 - [MESSAGE][PASSED] - Object: 'Object Repository/Page_Swag Labs/input_Swag Labs_user-name' is clicked on

2023-05-12 18:19:51 - [TEST_STEP][PASSED] - sendKeys(findTestObject("Object Repository/Page_Swag Labs/input_Swag Labs_user-name"), "standard_user"): Keys 'standard_user' sent to object: 'Object Repository/Page_Swag Labs/input_Swag Labs_user-name'

2023-05-12 18:19:51 - [MESSAGE][PASSED] - Keys 'standard_user' sent to object: 'Object Repository/Page_Swag Labs/input_Swag Labs_user-name'

2023-05-12 18:19:51 - [TEST_STEP][PASSED] - click(findTestObject("Object Repository/Page_Swag Labs/input_Swag Labs_password")): Object: 'Object Repository/Page_Swag Labs/input_Swag Labs_password' is clicked on

2023-05-12 18:19:51 - [MESSAGE][PASSED] - Object: 'Object Repository/Page_Swag Labs/input_Swag Labs_password' is clicked on

2023-05-12 18:19:51 - [TEST_STEP][PASSED] - sendKeys(findTestObject("Object Repository/Page_Swag Labs/input_Swag Labs_password"), "secret_sauce"): Keys 'secret_sauce' sent to object: 'Object Repository/Page_Swag Labs/input_Swag Labs_password'

2023-05-12 18:19:52 - [MESSAGE][PASSED] - Keys 'secret_sauce' sent to object: 'Object Repository/Page_Swag Labs/input_Swag Labs_password'

2023-05-12 18:19:52 - [TEST_STEP][PASSED] - click(findTestObject("Object Repository/Page_Swag Labs/input_Swag Labs_login-button")): Object: 'Object Repository/Page_Swag Labs/input_Swag Labs_login-button' is clicked on

2023-05-12 18:19:52 - [MESSAGE][PASSED] - Object: 'Object Repository/Page_Swag Labs/input_Swag Labs_login-button' is clicked on

2023-05-12 18:19:52 - [TEST_STEP][PASSED] - click(findTestObject("Object Repository/inventoryPage/Backpack")): Object: 'Object Repository/inventoryPage/Backpack' is clicked on

2023-05-12 18:19:53 - [MESSAGE][PASSED] - Object: 'Object Repository/inventoryPage/Backpack' is clicked on

2023-05-12 18:19:53 - [TEST_STEP][PASSED] - click(findTestObject("Object Repository/inventoryPage/button_Add to cart")): Object: 'Object Repository/inventoryPage/button_Add to cart' is clicked on

2023-05-12 18:19:53 - [MESSAGE][PASSED] - Object: 'Object Repository/inventoryPage/button_Add to cart' is clicked on

2023-05-12 18:19:53 - [TEST_STEP][PASSED] - click(findTestObject("Object Repository/inventoryPage/products_back-image")): Object: 'Object Repository/inventoryPage/products_back-image' is clicked on

2023-05-12 18:19:54 - [MESSAGE][PASSED] - Object: 'Object Repository/inventoryPage/products_back-image' is clicked on

2023-05-12 18:19:54 - [TEST_STEP][PASSED] - click(findTestObject("Object Repository/inventoryPage/cart")): Object: 'Object Repository/inventoryPage/cart' is clicked on

2023-05-12 18:19:54 - [MESSAGE][PASSED] - Object: 'Object Repository/inventoryPage/cart' is clicked on

2023-05-12 18:19:54 - [TEST_STEP][PASSED] - click(findTestObject("Object Repository/CheckoutPage/button_Checkout")): Object: 'Object Repository/CheckoutPage/button_Checkout' is clicked on

2023-05-12 18:19:55 - [MESSAGE][PASSED] - Object: 'Object Repository/CheckoutPage/button_Checkout' is clicked on

2023-05-12 18:19:55 - [TEST_STEP][PASSED] - sendKeys(findTestObject("Object Repository/checkout-step-one/input_Checkout Your Information_firstName"), "demo"): Keys 'demo' sent to object: 'Object Repository/checkout-step-one/input_Checkout Your Information_firstName'

2023-05-12 18:19:55 - [MESSAGE][PASSED] - Keys 'demo' sent to object: 'Object Repository/checkout-step-one/input_Checkout Your Information_firstName'

2023-05-12 18:19:55 - [TEST_STEP][PASSED] - sendKeys(findTestObject("Object Repository/checkout-step-one/input_Checkout Your Information_lastName"), "qa test"): Keys 'qa test' sent to object: 'Object Repository/checkout-step-one/input_Checkout Your Information_lastName'

2023-05-12 18:19:56 - [MESSAGE][PASSED] - Keys 'qa test' sent to object: 'Object Repository/checkout-step-one/input_Checkout Your Information_lastName'

2023-05-12 18:19:56 - [TEST_STEP][PASSED] - sendKeys(findTestObject("Object Repository/checkout-step-one/input_Checkout Your Information_postalCode"), "9000"): Keys '9000' sent to object: 'Object Repository/checkout-step-one/input_Checkout Your Information_postalCode'

2023-05-12 18:19:56 - [MESSAGE][PASSED] - Keys '9000' sent to object: 'Object Repository/checkout-step-one/input_Checkout Your Information_postalCode'

2023-05-12 18:19:56 - [TEST_STEP][PASSED] - click(findTestObject("Object Repository/checkout-step-one/input_continue")): Object: 'Object Repository/checkout-step-one/input_continue' is clicked on

2023-05-12 18:19:57 - [MESSAGE][PASSED] - Object: 'Object Repository/checkout-step-one/input_continue' is clicked on

2023-05-12 18:19:57 - [TEST_STEP][PASSED] - click(findTestObject("Object Repository/finish checkout/button_Finish")): Object: 'Object Repository/finish checkout/button_Finish' is clicked on

2023-05-12 18:19:58 - [MESSAGE][PASSED] - Object: 'Object Repository/finish checkout/button_Finish' is clicked on

2023-05-12 18:19:58 - [TEST_STEP][PASSED] - verifyElementVisible(findTestObject("Object Repository/order-success/h2_Thank you for your order")): Object 'Object Repository/order-success/h2_Thank you for your order' is visible

2023-05-12 18:19:58 - [MESSAGE][PASSED] - Object 'Object Repository/order-success/h2_Thank you for your order' is visible

2023-05-12 18:19:58 - [TEST_STEP][PASSED] - click(findTestObject("Object Repository/NavSideBar/sidebar")): Object: 'Object Repository/NavSideBar/sidebar' is clicked on

2023-05-12 18:19:59 - [MESSAGE][PASSED] - Object: 'Object Repository/NavSideBar/sidebar' is clicked on

2023-05-12 18:19:59 - [TEST_STEP][PASSED] - click(findTestObject("Object Repository/NavSideBar/a_Logout")): Object: 'Object Repository/NavSideBar/a_Logout' is clicked on

2023-05-12 18:19:59 - [MESSAGE][PASSED] - Object: 'Object Repository/NavSideBar/a_Logout' is clicked on

2023-05-12 18:19:59 - [TEST_STEP][PASSED] - verifyElementVisible(findTestObject("Object Repository/Page_Swag Labs/input_Swag Labs_user-name")): Object 'Object Repository/Page_Swag Labs/input_Swag Labs_user-name' is visible

2023-05-12 18:20:00 - [MESSAGE][PASSED] - Object 'Object Repository/Page_Swag Labs/input_Swag Labs_user-name' is visible

2023-05-12 18:20:00 - [TEST_STEP][PASSED] - closeBrowser(): Browser is closed

2023-05-12 18:20:00 - [MESSAGE][PASSED] - Browser is closed]]></system-out>
         <system-err><![CDATA[]]></system-err>
      </testcase>
      <testcase name="Test Cases/test-flow-1-buy-1-product" time="12.097" classname="Test Cases/test-flow-1-buy-1-product" status="PASSED">
         <system-out><![CDATA[2023-05-12 18:20:00 - [TEST_CASE][PASSED] - Test Cases/test-flow-1-buy-1-product: Test Cases/test-flow-1-buy-1-product

2023-05-12 18:20:00 - [TEST_STEP][PASSED] - openBrowser("https://www.saucedemo.com/"): Browser is opened with url: 'https://www.saucedemo.com/'

2023-05-12 18:20:00 - [MESSAGE][INFO] - Starting 'Chrome' driver

2023-05-12 18:20:00 - [MESSAGE][INFO] - Action delay is set to 0 milliseconds

2023-05-12 18:20:03 - [MESSAGE][PASSED] - Browser is opened with url: 'https://www.saucedemo.com/'

2023-05-12 18:20:03 - [TEST_STEP][PASSED] - click(findTestObject("Object Repository/Page_Swag Labs/input_Swag Labs_user-name")): Object: 'Object Repository/Page_Swag Labs/input_Swag Labs_user-name' is clicked on

2023-05-12 18:20:03 - [MESSAGE][PASSED] - Object: 'Object Repository/Page_Swag Labs/input_Swag Labs_user-name' is clicked on

2023-05-12 18:20:03 - [TEST_STEP][PASSED] - sendKeys(findTestObject("Object Repository/Page_Swag Labs/input_Swag Labs_user-name"), "standard_user"): Keys 'standard_user' sent to object: 'Object Repository/Page_Swag Labs/input_Swag Labs_user-name'

2023-05-12 18:20:03 - [MESSAGE][PASSED] - Keys 'standard_user' sent to object: 'Object Repository/Page_Swag Labs/input_Swag Labs_user-name'

2023-05-12 18:20:03 - [TEST_STEP][PASSED] - click(findTestObject("Object Repository/Page_Swag Labs/input_Swag Labs_password")): Object: 'Object Repository/Page_Swag Labs/input_Swag Labs_password' is clicked on

2023-05-12 18:20:04 - [MESSAGE][PASSED] - Object: 'Object Repository/Page_Swag Labs/input_Swag Labs_password' is clicked on

2023-05-12 18:20:04 - [TEST_STEP][PASSED] - sendKeys(findTestObject("Object Repository/Page_Swag Labs/input_Swag Labs_password"), "secret_sauce"): Keys 'secret_sauce' sent to object: 'Object Repository/Page_Swag Labs/input_Swag Labs_password'

2023-05-12 18:20:04 - [MESSAGE][PASSED] - Keys 'secret_sauce' sent to object: 'Object Repository/Page_Swag Labs/input_Swag Labs_password'

2023-05-12 18:20:04 - [TEST_STEP][PASSED] - click(findTestObject("Object Repository/Page_Swag Labs/input_Swag Labs_login-button")): Object: 'Object Repository/Page_Swag Labs/input_Swag Labs_login-button' is clicked on

2023-05-12 18:20:04 - [MESSAGE][PASSED] - Object: 'Object Repository/Page_Swag Labs/input_Swag Labs_login-button' is clicked on

2023-05-12 18:20:04 - [TEST_STEP][PASSED] - click(findTestObject("Object Repository/inventoryPage/Backpack")): Object: 'Object Repository/inventoryPage/Backpack' is clicked on

2023-05-12 18:20:05 - [MESSAGE][PASSED] - Object: 'Object Repository/inventoryPage/Backpack' is clicked on

2023-05-12 18:20:05 - [TEST_STEP][PASSED] - click(findTestObject("Object Repository/inventoryPage/button_Add to cart")): Object: 'Object Repository/inventoryPage/button_Add to cart' is clicked on

2023-05-12 18:20:05 - [MESSAGE][PASSED] - Object: 'Object Repository/inventoryPage/button_Add to cart' is clicked on

2023-05-12 18:20:05 - [TEST_STEP][PASSED] - click(findTestObject("Object Repository/inventoryPage/products_back-image")): Object: 'Object Repository/inventoryPage/products_back-image' is clicked on

2023-05-12 18:20:06 - [MESSAGE][PASSED] - Object: 'Object Repository/inventoryPage/products_back-image' is clicked on

2023-05-12 18:20:06 - [TEST_STEP][PASSED] - click(findTestObject("Object Repository/inventoryPage/cart")): Object: 'Object Repository/inventoryPage/cart' is clicked on

2023-05-12 18:20:06 - [MESSAGE][PASSED] - Object: 'Object Repository/inventoryPage/cart' is clicked on

2023-05-12 18:20:06 - [TEST_STEP][PASSED] - click(findTestObject("Object Repository/CheckoutPage/button_Checkout")): Object: 'Object Repository/CheckoutPage/button_Checkout' is clicked on

2023-05-12 18:20:07 - [MESSAGE][PASSED] - Object: 'Object Repository/CheckoutPage/button_Checkout' is clicked on

2023-05-12 18:20:07 - [TEST_STEP][PASSED] - sendKeys(findTestObject("Object Repository/checkout-step-one/input_Checkout Your Information_firstName"), "demo"): Keys 'demo' sent to object: 'Object Repository/checkout-step-one/input_Checkout Your Information_firstName'

2023-05-12 18:20:07 - [MESSAGE][PASSED] - Keys 'demo' sent to object: 'Object Repository/checkout-step-one/input_Checkout Your Information_firstName'

2023-05-12 18:20:07 - [TEST_STEP][PASSED] - sendKeys(findTestObject("Object Repository/checkout-step-one/input_Checkout Your Information_lastName"), "qa test"): Keys 'qa test' sent to object: 'Object Repository/checkout-step-one/input_Checkout Your Information_lastName'

2023-05-12 18:20:08 - [MESSAGE][PASSED] - Keys 'qa test' sent to object: 'Object Repository/checkout-step-one/input_Checkout Your Information_lastName'

2023-05-12 18:20:08 - [TEST_STEP][PASSED] - sendKeys(findTestObject("Object Repository/checkout-step-one/input_Checkout Your Information_postalCode"), "9000"): Keys '9000' sent to object: 'Object Repository/checkout-step-one/input_Checkout Your Information_postalCode'

2023-05-12 18:20:09 - [MESSAGE][PASSED] - Keys '9000' sent to object: 'Object Repository/checkout-step-one/input_Checkout Your Information_postalCode'

2023-05-12 18:20:09 - [TEST_STEP][PASSED] - click(findTestObject("Object Repository/checkout-step-one/input_continue")): Object: 'Object Repository/checkout-step-one/input_continue' is clicked on

2023-05-12 18:20:09 - [MESSAGE][PASSED] - Object: 'Object Repository/checkout-step-one/input_continue' is clicked on

2023-05-12 18:20:09 - [TEST_STEP][PASSED] - click(findTestObject("Object Repository/finish checkout/button_Finish")): Object: 'Object Repository/finish checkout/button_Finish' is clicked on

2023-05-12 18:20:10 - [MESSAGE][PASSED] - Object: 'Object Repository/finish checkout/button_Finish' is clicked on

2023-05-12 18:20:10 - [TEST_STEP][PASSED] - verifyElementVisible(findTestObject("Object Repository/order-success/h2_Thank you for your order")): Object 'Object Repository/order-success/h2_Thank you for your order' is visible

2023-05-12 18:20:10 - [MESSAGE][PASSED] - Object 'Object Repository/order-success/h2_Thank you for your order' is visible

2023-05-12 18:20:10 - [TEST_STEP][PASSED] - click(findTestObject("Object Repository/NavSideBar/sidebar")): Object: 'Object Repository/NavSideBar/sidebar' is clicked on

2023-05-12 18:20:11 - [MESSAGE][PASSED] - Object: 'Object Repository/NavSideBar/sidebar' is clicked on

2023-05-12 18:20:11 - [TEST_STEP][PASSED] - click(findTestObject("Object Repository/NavSideBar/a_Logout")): Object: 'Object Repository/NavSideBar/a_Logout' is clicked on

2023-05-12 18:20:11 - [MESSAGE][PASSED] - Object: 'Object Repository/NavSideBar/a_Logout' is clicked on

2023-05-12 18:20:11 - [TEST_STEP][PASSED] - verifyElementVisible(findTestObject("Object Repository/Page_Swag Labs/input_Swag Labs_user-name")): Object 'Object Repository/Page_Swag Labs/input_Swag Labs_user-name' is visible

2023-05-12 18:20:12 - [MESSAGE][PASSED] - Object 'Object Repository/Page_Swag Labs/input_Swag Labs_user-name' is visible

2023-05-12 18:20:12 - [TEST_STEP][PASSED] - closeBrowser(): Browser is closed

2023-05-12 18:20:12 - [MESSAGE][PASSED] - Browser is closed]]></system-out>
         <system-err><![CDATA[]]></system-err>
      </testcase>
      <testcase name="Test Cases/test-flow-1-buy-1-product" time="11.886" classname="Test Cases/test-flow-1-buy-1-product" status="PASSED">
         <system-out><![CDATA[2023-05-12 18:20:12 - [TEST_CASE][PASSED] - Test Cases/test-flow-1-buy-1-product: Test Cases/test-flow-1-buy-1-product

2023-05-12 18:20:12 - [TEST_STEP][PASSED] - openBrowser("https://www.saucedemo.com/"): Browser is opened with url: 'https://www.saucedemo.com/'

2023-05-12 18:20:12 - [MESSAGE][INFO] - Starting 'Chrome' driver

2023-05-12 18:20:12 - [MESSAGE][INFO] - Action delay is set to 0 milliseconds

2023-05-12 18:20:15 - [MESSAGE][PASSED] - Browser is opened with url: 'https://www.saucedemo.com/'

2023-05-12 18:20:15 - [TEST_STEP][PASSED] - click(findTestObject("Object Repository/Page_Swag Labs/input_Swag Labs_user-name")): Object: 'Object Repository/Page_Swag Labs/input_Swag Labs_user-name' is clicked on

2023-05-12 18:20:15 - [MESSAGE][PASSED] - Object: 'Object Repository/Page_Swag Labs/input_Swag Labs_user-name' is clicked on

2023-05-12 18:20:15 - [TEST_STEP][PASSED] - sendKeys(findTestObject("Object Repository/Page_Swag Labs/input_Swag Labs_user-name"), "standard_user"): Keys 'standard_user' sent to object: 'Object Repository/Page_Swag Labs/input_Swag Labs_user-name'

2023-05-12 18:20:15 - [MESSAGE][PASSED] - Keys 'standard_user' sent to object: 'Object Repository/Page_Swag Labs/input_Swag Labs_user-name'

2023-05-12 18:20:15 - [TEST_STEP][PASSED] - click(findTestObject("Object Repository/Page_Swag Labs/input_Swag Labs_password")): Object: 'Object Repository/Page_Swag Labs/input_Swag Labs_password' is clicked on

2023-05-12 18:20:16 - [MESSAGE][PASSED] - Object: 'Object Repository/Page_Swag Labs/input_Swag Labs_password' is clicked on

2023-05-12 18:20:16 - [TEST_STEP][PASSED] - sendKeys(findTestObject("Object Repository/Page_Swag Labs/input_Swag Labs_password"), "secret_sauce"): Keys 'secret_sauce' sent to object: 'Object Repository/Page_Swag Labs/input_Swag Labs_password'

2023-05-12 18:20:16 - [MESSAGE][PASSED] - Keys 'secret_sauce' sent to object: 'Object Repository/Page_Swag Labs/input_Swag Labs_password'

2023-05-12 18:20:16 - [TEST_STEP][PASSED] - click(findTestObject("Object Repository/Page_Swag Labs/input_Swag Labs_login-button")): Object: 'Object Repository/Page_Swag Labs/input_Swag Labs_login-button' is clicked on

2023-05-12 18:20:16 - [MESSAGE][PASSED] - Object: 'Object Repository/Page_Swag Labs/input_Swag Labs_login-button' is clicked on

2023-05-12 18:20:16 - [TEST_STEP][PASSED] - click(findTestObject("Object Repository/inventoryPage/Backpack")): Object: 'Object Repository/inventoryPage/Backpack' is clicked on

2023-05-12 18:20:17 - [MESSAGE][PASSED] - Object: 'Object Repository/inventoryPage/Backpack' is clicked on

2023-05-12 18:20:17 - [TEST_STEP][PASSED] - click(findTestObject("Object Repository/inventoryPage/button_Add to cart")): Object: 'Object Repository/inventoryPage/button_Add to cart' is clicked on

2023-05-12 18:20:17 - [MESSAGE][PASSED] - Object: 'Object Repository/inventoryPage/button_Add to cart' is clicked on

2023-05-12 18:20:17 - [TEST_STEP][PASSED] - click(findTestObject("Object Repository/inventoryPage/products_back-image")): Object: 'Object Repository/inventoryPage/products_back-image' is clicked on

2023-05-12 18:20:18 - [MESSAGE][PASSED] - Object: 'Object Repository/inventoryPage/products_back-image' is clicked on

2023-05-12 18:20:18 - [TEST_STEP][PASSED] - click(findTestObject("Object Repository/inventoryPage/cart")): Object: 'Object Repository/inventoryPage/cart' is clicked on

2023-05-12 18:20:18 - [MESSAGE][PASSED] - Object: 'Object Repository/inventoryPage/cart' is clicked on

2023-05-12 18:20:18 - [TEST_STEP][PASSED] - click(findTestObject("Object Repository/CheckoutPage/button_Checkout")): Object: 'Object Repository/CheckoutPage/button_Checkout' is clicked on

2023-05-12 18:20:19 - [MESSAGE][PASSED] - Object: 'Object Repository/CheckoutPage/button_Checkout' is clicked on

2023-05-12 18:20:19 - [TEST_STEP][PASSED] - sendKeys(findTestObject("Object Repository/checkout-step-one/input_Checkout Your Information_firstName"), "demo"): Keys 'demo' sent to object: 'Object Repository/checkout-step-one/input_Checkout Your Information_firstName'

2023-05-12 18:20:19 - [MESSAGE][PASSED] - Keys 'demo' sent to object: 'Object Repository/checkout-step-one/input_Checkout Your Information_firstName'

2023-05-12 18:20:19 - [TEST_STEP][PASSED] - sendKeys(findTestObject("Object Repository/checkout-step-one/input_Checkout Your Information_lastName"), "qa test"): Keys 'qa test' sent to object: 'Object Repository/checkout-step-one/input_Checkout Your Information_lastName'

2023-05-12 18:20:20 - [MESSAGE][PASSED] - Keys 'qa test' sent to object: 'Object Repository/checkout-step-one/input_Checkout Your Information_lastName'

2023-05-12 18:20:20 - [TEST_STEP][PASSED] - sendKeys(findTestObject("Object Repository/checkout-step-one/input_Checkout Your Information_postalCode"), "9000"): Keys '9000' sent to object: 'Object Repository/checkout-step-one/input_Checkout Your Information_postalCode'

2023-05-12 18:20:21 - [MESSAGE][PASSED] - Keys '9000' sent to object: 'Object Repository/checkout-step-one/input_Checkout Your Information_postalCode'

2023-05-12 18:20:21 - [TEST_STEP][PASSED] - click(findTestObject("Object Repository/checkout-step-one/input_continue")): Object: 'Object Repository/checkout-step-one/input_continue' is clicked on

2023-05-12 18:20:21 - [MESSAGE][PASSED] - Object: 'Object Repository/checkout-step-one/input_continue' is clicked on

2023-05-12 18:20:21 - [TEST_STEP][PASSED] - click(findTestObject("Object Repository/finish checkout/button_Finish")): Object: 'Object Repository/finish checkout/button_Finish' is clicked on

2023-05-12 18:20:22 - [MESSAGE][PASSED] - Object: 'Object Repository/finish checkout/button_Finish' is clicked on

2023-05-12 18:20:22 - [TEST_STEP][PASSED] - verifyElementVisible(findTestObject("Object Repository/order-success/h2_Thank you for your order")): Object 'Object Repository/order-success/h2_Thank you for your order' is visible

2023-05-12 18:20:22 - [MESSAGE][PASSED] - Object 'Object Repository/order-success/h2_Thank you for your order' is visible

2023-05-12 18:20:22 - [TEST_STEP][PASSED] - click(findTestObject("Object Repository/NavSideBar/sidebar")): Object: 'Object Repository/NavSideBar/sidebar' is clicked on

2023-05-12 18:20:23 - [MESSAGE][PASSED] - Object: 'Object Repository/NavSideBar/sidebar' is clicked on

2023-05-12 18:20:23 - [TEST_STEP][PASSED] - click(findTestObject("Object Repository/NavSideBar/a_Logout")): Object: 'Object Repository/NavSideBar/a_Logout' is clicked on

2023-05-12 18:20:23 - [MESSAGE][PASSED] - Object: 'Object Repository/NavSideBar/a_Logout' is clicked on

2023-05-12 18:20:23 - [TEST_STEP][PASSED] - verifyElementVisible(findTestObject("Object Repository/Page_Swag Labs/input_Swag Labs_user-name")): Object 'Object Repository/Page_Swag Labs/input_Swag Labs_user-name' is visible

2023-05-12 18:20:24 - [MESSAGE][PASSED] - Object 'Object Repository/Page_Swag Labs/input_Swag Labs_user-name' is visible

2023-05-12 18:20:24 - [TEST_STEP][PASSED] - closeBrowser(): Browser is closed

2023-05-12 18:20:24 - [MESSAGE][PASSED] - Browser is closed]]></system-out>
         <system-err><![CDATA[]]></system-err>
      </testcase>
      <testcase name="Test Cases/test-flow-1-buy-1-product" time="12.15" classname="Test Cases/test-flow-1-buy-1-product" status="PASSED">
         <system-out><![CDATA[2023-05-12 18:20:24 - [TEST_CASE][PASSED] - Test Cases/test-flow-1-buy-1-product: Test Cases/test-flow-1-buy-1-product

2023-05-12 18:20:24 - [TEST_STEP][PASSED] - openBrowser("https://www.saucedemo.com/"): Browser is opened with url: 'https://www.saucedemo.com/'

2023-05-12 18:20:24 - [MESSAGE][INFO] - Starting 'Chrome' driver

2023-05-12 18:20:24 - [MESSAGE][INFO] - Action delay is set to 0 milliseconds

2023-05-12 18:20:26 - [MESSAGE][PASSED] - Browser is opened with url: 'https://www.saucedemo.com/'

2023-05-12 18:20:26 - [TEST_STEP][PASSED] - click(findTestObject("Object Repository/Page_Swag Labs/input_Swag Labs_user-name")): Object: 'Object Repository/Page_Swag Labs/input_Swag Labs_user-name' is clicked on

2023-05-12 18:20:27 - [MESSAGE][PASSED] - Object: 'Object Repository/Page_Swag Labs/input_Swag Labs_user-name' is clicked on

2023-05-12 18:20:27 - [TEST_STEP][PASSED] - sendKeys(findTestObject("Object Repository/Page_Swag Labs/input_Swag Labs_user-name"), "standard_user"): Keys 'standard_user' sent to object: 'Object Repository/Page_Swag Labs/input_Swag Labs_user-name'

2023-05-12 18:20:27 - [MESSAGE][PASSED] - Keys 'standard_user' sent to object: 'Object Repository/Page_Swag Labs/input_Swag Labs_user-name'

2023-05-12 18:20:27 - [TEST_STEP][PASSED] - click(findTestObject("Object Repository/Page_Swag Labs/input_Swag Labs_password")): Object: 'Object Repository/Page_Swag Labs/input_Swag Labs_password' is clicked on

2023-05-12 18:20:27 - [MESSAGE][PASSED] - Object: 'Object Repository/Page_Swag Labs/input_Swag Labs_password' is clicked on

2023-05-12 18:20:27 - [TEST_STEP][PASSED] - sendKeys(findTestObject("Object Repository/Page_Swag Labs/input_Swag Labs_password"), "secret_sauce"): Keys 'secret_sauce' sent to object: 'Object Repository/Page_Swag Labs/input_Swag Labs_password'

2023-05-12 18:20:28 - [MESSAGE][PASSED] - Keys 'secret_sauce' sent to object: 'Object Repository/Page_Swag Labs/input_Swag Labs_password'

2023-05-12 18:20:28 - [TEST_STEP][PASSED] - click(findTestObject("Object Repository/Page_Swag Labs/input_Swag Labs_login-button")): Object: 'Object Repository/Page_Swag Labs/input_Swag Labs_login-button' is clicked on

2023-05-12 18:20:28 - [MESSAGE][PASSED] - Object: 'Object Repository/Page_Swag Labs/input_Swag Labs_login-button' is clicked on

2023-05-12 18:20:28 - [TEST_STEP][PASSED] - click(findTestObject("Object Repository/inventoryPage/Backpack")): Object: 'Object Repository/inventoryPage/Backpack' is clicked on

2023-05-12 18:20:29 - [MESSAGE][PASSED] - Object: 'Object Repository/inventoryPage/Backpack' is clicked on

2023-05-12 18:20:29 - [TEST_STEP][PASSED] - click(findTestObject("Object Repository/inventoryPage/button_Add to cart")): Object: 'Object Repository/inventoryPage/button_Add to cart' is clicked on

2023-05-12 18:20:29 - [MESSAGE][PASSED] - Object: 'Object Repository/inventoryPage/button_Add to cart' is clicked on

2023-05-12 18:20:29 - [TEST_STEP][PASSED] - click(findTestObject("Object Repository/inventoryPage/products_back-image")): Object: 'Object Repository/inventoryPage/products_back-image' is clicked on

2023-05-12 18:20:30 - [MESSAGE][PASSED] - Object: 'Object Repository/inventoryPage/products_back-image' is clicked on

2023-05-12 18:20:30 - [TEST_STEP][PASSED] - click(findTestObject("Object Repository/inventoryPage/cart")): Object: 'Object Repository/inventoryPage/cart' is clicked on

2023-05-12 18:20:30 - [MESSAGE][PASSED] - Object: 'Object Repository/inventoryPage/cart' is clicked on

2023-05-12 18:20:30 - [TEST_STEP][PASSED] - click(findTestObject("Object Repository/CheckoutPage/button_Checkout")): Object: 'Object Repository/CheckoutPage/button_Checkout' is clicked on

2023-05-12 18:20:31 - [MESSAGE][PASSED] - Object: 'Object Repository/CheckoutPage/button_Checkout' is clicked on

2023-05-12 18:20:31 - [TEST_STEP][PASSED] - sendKeys(findTestObject("Object Repository/checkout-step-one/input_Checkout Your Information_firstName"), "demo"): Keys 'demo' sent to object: 'Object Repository/checkout-step-one/input_Checkout Your Information_firstName'

2023-05-12 18:20:31 - [MESSAGE][PASSED] - Keys 'demo' sent to object: 'Object Repository/checkout-step-one/input_Checkout Your Information_firstName'

2023-05-12 18:20:31 - [TEST_STEP][PASSED] - sendKeys(findTestObject("Object Repository/checkout-step-one/input_Checkout Your Information_lastName"), "qa test"): Keys 'qa test' sent to object: 'Object Repository/checkout-step-one/input_Checkout Your Information_lastName'

2023-05-12 18:20:32 - [MESSAGE][PASSED] - Keys 'qa test' sent to object: 'Object Repository/checkout-step-one/input_Checkout Your Information_lastName'

2023-05-12 18:20:32 - [TEST_STEP][PASSED] - sendKeys(findTestObject("Object Repository/checkout-step-one/input_Checkout Your Information_postalCode"), "9000"): Keys '9000' sent to object: 'Object Repository/checkout-step-one/input_Checkout Your Information_postalCode'

2023-05-12 18:20:33 - [MESSAGE][PASSED] - Keys '9000' sent to object: 'Object Repository/checkout-step-one/input_Checkout Your Information_postalCode'

2023-05-12 18:20:33 - [TEST_STEP][PASSED] - click(findTestObject("Object Repository/checkout-step-one/input_continue")): Object: 'Object Repository/checkout-step-one/input_continue' is clicked on

2023-05-12 18:20:33 - [MESSAGE][PASSED] - Object: 'Object Repository/checkout-step-one/input_continue' is clicked on

2023-05-12 18:20:33 - [TEST_STEP][PASSED] - click(findTestObject("Object Repository/finish checkout/button_Finish")): Object: 'Object Repository/finish checkout/button_Finish' is clicked on

2023-05-12 18:20:34 - [MESSAGE][PASSED] - Object: 'Object Repository/finish checkout/button_Finish' is clicked on

2023-05-12 18:20:34 - [TEST_STEP][PASSED] - verifyElementVisible(findTestObject("Object Repository/order-success/h2_Thank you for your order")): Object 'Object Repository/order-success/h2_Thank you for your order' is visible

2023-05-12 18:20:34 - [MESSAGE][PASSED] - Object 'Object Repository/order-success/h2_Thank you for your order' is visible

2023-05-12 18:20:34 - [TEST_STEP][PASSED] - click(findTestObject("Object Repository/NavSideBar/sidebar")): Object: 'Object Repository/NavSideBar/sidebar' is clicked on

2023-05-12 18:20:35 - [MESSAGE][PASSED] - Object: 'Object Repository/NavSideBar/sidebar' is clicked on

2023-05-12 18:20:35 - [TEST_STEP][PASSED] - click(findTestObject("Object Repository/NavSideBar/a_Logout")): Object: 'Object Repository/NavSideBar/a_Logout' is clicked on

2023-05-12 18:20:35 - [MESSAGE][PASSED] - Object: 'Object Repository/NavSideBar/a_Logout' is clicked on

2023-05-12 18:20:35 - [TEST_STEP][PASSED] - verifyElementVisible(findTestObject("Object Repository/Page_Swag Labs/input_Swag Labs_user-name")): Object 'Object Repository/Page_Swag Labs/input_Swag Labs_user-name' is visible

2023-05-12 18:20:36 - [MESSAGE][PASSED] - Object 'Object Repository/Page_Swag Labs/input_Swag Labs_user-name' is visible

2023-05-12 18:20:36 - [TEST_STEP][PASSED] - closeBrowser(): Browser is closed

2023-05-12 18:20:36 - [MESSAGE][PASSED] - Browser is closed]]></system-out>
         <system-err><![CDATA[]]></system-err>
      </testcase>
      <testcase name="Test Cases/test-flow-1-buy-1-product" time="12.285" classname="Test Cases/test-flow-1-buy-1-product" status="PASSED">
         <system-out><![CDATA[2023-05-12 18:20:36 - [TEST_CASE][PASSED] - Test Cases/test-flow-1-buy-1-product: Test Cases/test-flow-1-buy-1-product

2023-05-12 18:20:36 - [TEST_STEP][PASSED] - openBrowser("https://www.saucedemo.com/"): Browser is opened with url: 'https://www.saucedemo.com/'

2023-05-12 18:20:36 - [MESSAGE][INFO] - Starting 'Chrome' driver

2023-05-12 18:20:36 - [MESSAGE][INFO] - Action delay is set to 0 milliseconds

2023-05-12 18:20:39 - [MESSAGE][PASSED] - Browser is opened with url: 'https://www.saucedemo.com/'

2023-05-12 18:20:39 - [TEST_STEP][PASSED] - click(findTestObject("Object Repository/Page_Swag Labs/input_Swag Labs_user-name")): Object: 'Object Repository/Page_Swag Labs/input_Swag Labs_user-name' is clicked on

2023-05-12 18:20:39 - [MESSAGE][PASSED] - Object: 'Object Repository/Page_Swag Labs/input_Swag Labs_user-name' is clicked on

2023-05-12 18:20:39 - [TEST_STEP][PASSED] - sendKeys(findTestObject("Object Repository/Page_Swag Labs/input_Swag Labs_user-name"), "standard_user"): Keys 'standard_user' sent to object: 'Object Repository/Page_Swag Labs/input_Swag Labs_user-name'

2023-05-12 18:20:39 - [MESSAGE][PASSED] - Keys 'standard_user' sent to object: 'Object Repository/Page_Swag Labs/input_Swag Labs_user-name'

2023-05-12 18:20:39 - [TEST_STEP][PASSED] - click(findTestObject("Object Repository/Page_Swag Labs/input_Swag Labs_password")): Object: 'Object Repository/Page_Swag Labs/input_Swag Labs_password' is clicked on

2023-05-12 18:20:40 - [MESSAGE][PASSED] - Object: 'Object Repository/Page_Swag Labs/input_Swag Labs_password' is clicked on

2023-05-12 18:20:40 - [TEST_STEP][PASSED] - sendKeys(findTestObject("Object Repository/Page_Swag Labs/input_Swag Labs_password"), "secret_sauce"): Keys 'secret_sauce' sent to object: 'Object Repository/Page_Swag Labs/input_Swag Labs_password'

2023-05-12 18:20:40 - [MESSAGE][PASSED] - Keys 'secret_sauce' sent to object: 'Object Repository/Page_Swag Labs/input_Swag Labs_password'

2023-05-12 18:20:40 - [TEST_STEP][PASSED] - click(findTestObject("Object Repository/Page_Swag Labs/input_Swag Labs_login-button")): Object: 'Object Repository/Page_Swag Labs/input_Swag Labs_login-button' is clicked on

2023-05-12 18:20:41 - [MESSAGE][PASSED] - Object: 'Object Repository/Page_Swag Labs/input_Swag Labs_login-button' is clicked on

2023-05-12 18:20:41 - [TEST_STEP][PASSED] - click(findTestObject("Object Repository/inventoryPage/Backpack")): Object: 'Object Repository/inventoryPage/Backpack' is clicked on

2023-05-12 18:20:41 - [MESSAGE][PASSED] - Object: 'Object Repository/inventoryPage/Backpack' is clicked on

2023-05-12 18:20:41 - [TEST_STEP][PASSED] - click(findTestObject("Object Repository/inventoryPage/button_Add to cart")): Object: 'Object Repository/inventoryPage/button_Add to cart' is clicked on

2023-05-12 18:20:41 - [MESSAGE][PASSED] - Object: 'Object Repository/inventoryPage/button_Add to cart' is clicked on

2023-05-12 18:20:41 - [TEST_STEP][PASSED] - click(findTestObject("Object Repository/inventoryPage/products_back-image")): Object: 'Object Repository/inventoryPage/products_back-image' is clicked on

2023-05-12 18:20:42 - [MESSAGE][PASSED] - Object: 'Object Repository/inventoryPage/products_back-image' is clicked on

2023-05-12 18:20:42 - [TEST_STEP][PASSED] - click(findTestObject("Object Repository/inventoryPage/cart")): Object: 'Object Repository/inventoryPage/cart' is clicked on

2023-05-12 18:20:43 - [MESSAGE][PASSED] - Object: 'Object Repository/inventoryPage/cart' is clicked on

2023-05-12 18:20:43 - [TEST_STEP][PASSED] - click(findTestObject("Object Repository/CheckoutPage/button_Checkout")): Object: 'Object Repository/CheckoutPage/button_Checkout' is clicked on

2023-05-12 18:20:43 - [MESSAGE][PASSED] - Object: 'Object Repository/CheckoutPage/button_Checkout' is clicked on

2023-05-12 18:20:43 - [TEST_STEP][PASSED] - sendKeys(findTestObject("Object Repository/checkout-step-one/input_Checkout Your Information_firstName"), "demo"): Keys 'demo' sent to object: 'Object Repository/checkout-step-one/input_Checkout Your Information_firstName'

2023-05-12 18:20:44 - [MESSAGE][PASSED] - Keys 'demo' sent to object: 'Object Repository/checkout-step-one/input_Checkout Your Information_firstName'

2023-05-12 18:20:44 - [TEST_STEP][PASSED] - sendKeys(findTestObject("Object Repository/checkout-step-one/input_Checkout Your Information_lastName"), "qa test"): Keys 'qa test' sent to object: 'Object Repository/checkout-step-one/input_Checkout Your Information_lastName'

2023-05-12 18:20:44 - [MESSAGE][PASSED] - Keys 'qa test' sent to object: 'Object Repository/checkout-step-one/input_Checkout Your Information_lastName'

2023-05-12 18:20:44 - [TEST_STEP][PASSED] - sendKeys(findTestObject("Object Repository/checkout-step-one/input_Checkout Your Information_postalCode"), "9000"): Keys '9000' sent to object: 'Object Repository/checkout-step-one/input_Checkout Your Information_postalCode'

2023-05-12 18:20:45 - [MESSAGE][PASSED] - Keys '9000' sent to object: 'Object Repository/checkout-step-one/input_Checkout Your Information_postalCode'

2023-05-12 18:20:45 - [TEST_STEP][PASSED] - click(findTestObject("Object Repository/checkout-step-one/input_continue")): Object: 'Object Repository/checkout-step-one/input_continue' is clicked on

2023-05-12 18:20:45 - [MESSAGE][PASSED] - Object: 'Object Repository/checkout-step-one/input_continue' is clicked on

2023-05-12 18:20:45 - [TEST_STEP][PASSED] - click(findTestObject("Object Repository/finish checkout/button_Finish")): Object: 'Object Repository/finish checkout/button_Finish' is clicked on

2023-05-12 18:20:46 - [MESSAGE][PASSED] - Object: 'Object Repository/finish checkout/button_Finish' is clicked on

2023-05-12 18:20:46 - [TEST_STEP][PASSED] - verifyElementVisible(findTestObject("Object Repository/order-success/h2_Thank you for your order")): Object 'Object Repository/order-success/h2_Thank you for your order' is visible

2023-05-12 18:20:47 - [MESSAGE][PASSED] - Object 'Object Repository/order-success/h2_Thank you for your order' is visible

2023-05-12 18:20:47 - [TEST_STEP][PASSED] - click(findTestObject("Object Repository/NavSideBar/sidebar")): Object: 'Object Repository/NavSideBar/sidebar' is clicked on

2023-05-12 18:20:47 - [MESSAGE][PASSED] - Object: 'Object Repository/NavSideBar/sidebar' is clicked on

2023-05-12 18:20:47 - [TEST_STEP][PASSED] - click(findTestObject("Object Repository/NavSideBar/a_Logout")): Object: 'Object Repository/NavSideBar/a_Logout' is clicked on

2023-05-12 18:20:47 - [MESSAGE][PASSED] - Object: 'Object Repository/NavSideBar/a_Logout' is clicked on

2023-05-12 18:20:48 - [TEST_STEP][PASSED] - verifyElementVisible(findTestObject("Object Repository/Page_Swag Labs/input_Swag Labs_user-name")): Object 'Object Repository/Page_Swag Labs/input_Swag Labs_user-name' is visible

2023-05-12 18:20:48 - [MESSAGE][PASSED] - Object 'Object Repository/Page_Swag Labs/input_Swag Labs_user-name' is visible

2023-05-12 18:20:48 - [TEST_STEP][PASSED] - closeBrowser(): Browser is closed

2023-05-12 18:20:49 - [MESSAGE][PASSED] - Browser is closed]]></system-out>
         <system-err><![CDATA[]]></system-err>
      </testcase>
      <testcase name="Test Cases/test-flow-1-buy-1-product" time="12.053" classname="Test Cases/test-flow-1-buy-1-product" status="PASSED">
         <system-out><![CDATA[2023-05-12 18:20:49 - [TEST_CASE][PASSED] - Test Cases/test-flow-1-buy-1-product: Test Cases/test-flow-1-buy-1-product

2023-05-12 18:20:49 - [TEST_STEP][PASSED] - openBrowser("https://www.saucedemo.com/"): Browser is opened with url: 'https://www.saucedemo.com/'

2023-05-12 18:20:49 - [MESSAGE][INFO] - Starting 'Chrome' driver

2023-05-12 18:20:49 - [MESSAGE][INFO] - Action delay is set to 0 milliseconds

2023-05-12 18:20:51 - [MESSAGE][PASSED] - Browser is opened with url: 'https://www.saucedemo.com/'

2023-05-12 18:20:51 - [TEST_STEP][PASSED] - click(findTestObject("Object Repository/Page_Swag Labs/input_Swag Labs_user-name")): Object: 'Object Repository/Page_Swag Labs/input_Swag Labs_user-name' is clicked on

2023-05-12 18:20:51 - [MESSAGE][PASSED] - Object: 'Object Repository/Page_Swag Labs/input_Swag Labs_user-name' is clicked on

2023-05-12 18:20:51 - [TEST_STEP][PASSED] - sendKeys(findTestObject("Object Repository/Page_Swag Labs/input_Swag Labs_user-name"), "standard_user"): Keys 'standard_user' sent to object: 'Object Repository/Page_Swag Labs/input_Swag Labs_user-name'

2023-05-12 18:20:52 - [MESSAGE][PASSED] - Keys 'standard_user' sent to object: 'Object Repository/Page_Swag Labs/input_Swag Labs_user-name'

2023-05-12 18:20:52 - [TEST_STEP][PASSED] - click(findTestObject("Object Repository/Page_Swag Labs/input_Swag Labs_password")): Object: 'Object Repository/Page_Swag Labs/input_Swag Labs_password' is clicked on

2023-05-12 18:20:52 - [MESSAGE][PASSED] - Object: 'Object Repository/Page_Swag Labs/input_Swag Labs_password' is clicked on

2023-05-12 18:20:52 - [TEST_STEP][PASSED] - sendKeys(findTestObject("Object Repository/Page_Swag Labs/input_Swag Labs_password"), "secret_sauce"): Keys 'secret_sauce' sent to object: 'Object Repository/Page_Swag Labs/input_Swag Labs_password'

2023-05-12 18:20:52 - [MESSAGE][PASSED] - Keys 'secret_sauce' sent to object: 'Object Repository/Page_Swag Labs/input_Swag Labs_password'

2023-05-12 18:20:52 - [TEST_STEP][PASSED] - click(findTestObject("Object Repository/Page_Swag Labs/input_Swag Labs_login-button")): Object: 'Object Repository/Page_Swag Labs/input_Swag Labs_login-button' is clicked on

2023-05-12 18:20:53 - [MESSAGE][PASSED] - Object: 'Object Repository/Page_Swag Labs/input_Swag Labs_login-button' is clicked on

2023-05-12 18:20:53 - [TEST_STEP][PASSED] - click(findTestObject("Object Repository/inventoryPage/Backpack")): Object: 'Object Repository/inventoryPage/Backpack' is clicked on

2023-05-12 18:20:53 - [MESSAGE][PASSED] - Object: 'Object Repository/inventoryPage/Backpack' is clicked on

2023-05-12 18:20:53 - [TEST_STEP][PASSED] - click(findTestObject("Object Repository/inventoryPage/button_Add to cart")): Object: 'Object Repository/inventoryPage/button_Add to cart' is clicked on

2023-05-12 18:20:54 - [MESSAGE][PASSED] - Object: 'Object Repository/inventoryPage/button_Add to cart' is clicked on

2023-05-12 18:20:54 - [TEST_STEP][PASSED] - click(findTestObject("Object Repository/inventoryPage/products_back-image")): Object: 'Object Repository/inventoryPage/products_back-image' is clicked on

2023-05-12 18:20:54 - [MESSAGE][PASSED] - Object: 'Object Repository/inventoryPage/products_back-image' is clicked on

2023-05-12 18:20:54 - [TEST_STEP][PASSED] - click(findTestObject("Object Repository/inventoryPage/cart")): Object: 'Object Repository/inventoryPage/cart' is clicked on

2023-05-12 18:20:55 - [MESSAGE][PASSED] - Object: 'Object Repository/inventoryPage/cart' is clicked on

2023-05-12 18:20:55 - [TEST_STEP][PASSED] - click(findTestObject("Object Repository/CheckoutPage/button_Checkout")): Object: 'Object Repository/CheckoutPage/button_Checkout' is clicked on

2023-05-12 18:20:55 - [MESSAGE][PASSED] - Object: 'Object Repository/CheckoutPage/button_Checkout' is clicked on

2023-05-12 18:20:55 - [TEST_STEP][PASSED] - sendKeys(findTestObject("Object Repository/checkout-step-one/input_Checkout Your Information_firstName"), "demo"): Keys 'demo' sent to object: 'Object Repository/checkout-step-one/input_Checkout Your Information_firstName'

2023-05-12 18:20:56 - [MESSAGE][PASSED] - Keys 'demo' sent to object: 'Object Repository/checkout-step-one/input_Checkout Your Information_firstName'

2023-05-12 18:20:56 - [TEST_STEP][PASSED] - sendKeys(findTestObject("Object Repository/checkout-step-one/input_Checkout Your Information_lastName"), "qa test"): Keys 'qa test' sent to object: 'Object Repository/checkout-step-one/input_Checkout Your Information_lastName'

2023-05-12 18:20:57 - [MESSAGE][PASSED] - Keys 'qa test' sent to object: 'Object Repository/checkout-step-one/input_Checkout Your Information_lastName'

2023-05-12 18:20:57 - [TEST_STEP][PASSED] - sendKeys(findTestObject("Object Repository/checkout-step-one/input_Checkout Your Information_postalCode"), "9000"): Keys '9000' sent to object: 'Object Repository/checkout-step-one/input_Checkout Your Information_postalCode'

2023-05-12 18:20:57 - [MESSAGE][PASSED] - Keys '9000' sent to object: 'Object Repository/checkout-step-one/input_Checkout Your Information_postalCode'

2023-05-12 18:20:57 - [TEST_STEP][PASSED] - click(findTestObject("Object Repository/checkout-step-one/input_continue")): Object: 'Object Repository/checkout-step-one/input_continue' is clicked on

2023-05-12 18:20:58 - [MESSAGE][PASSED] - Object: 'Object Repository/checkout-step-one/input_continue' is clicked on

2023-05-12 18:20:58 - [TEST_STEP][PASSED] - click(findTestObject("Object Repository/finish checkout/button_Finish")): Object: 'Object Repository/finish checkout/button_Finish' is clicked on

2023-05-12 18:20:58 - [MESSAGE][PASSED] - Object: 'Object Repository/finish checkout/button_Finish' is clicked on

2023-05-12 18:20:58 - [TEST_STEP][PASSED] - verifyElementVisible(findTestObject("Object Repository/order-success/h2_Thank you for your order")): Object 'Object Repository/order-success/h2_Thank you for your order' is visible

2023-05-12 18:20:59 - [MESSAGE][PASSED] - Object 'Object Repository/order-success/h2_Thank you for your order' is visible

2023-05-12 18:20:59 - [TEST_STEP][PASSED] - click(findTestObject("Object Repository/NavSideBar/sidebar")): Object: 'Object Repository/NavSideBar/sidebar' is clicked on

2023-05-12 18:20:59 - [MESSAGE][PASSED] - Object: 'Object Repository/NavSideBar/sidebar' is clicked on

2023-05-12 18:20:59 - [TEST_STEP][PASSED] - click(findTestObject("Object Repository/NavSideBar/a_Logout")): Object: 'Object Repository/NavSideBar/a_Logout' is clicked on

2023-05-12 18:21:00 - [MESSAGE][PASSED] - Object: 'Object Repository/NavSideBar/a_Logout' is clicked on

2023-05-12 18:21:00 - [TEST_STEP][PASSED] - verifyElementVisible(findTestObject("Object Repository/Page_Swag Labs/input_Swag Labs_user-name")): Object 'Object Repository/Page_Swag Labs/input_Swag Labs_user-name' is visible

2023-05-12 18:21:00 - [MESSAGE][PASSED] - Object 'Object Repository/Page_Swag Labs/input_Swag Labs_user-name' is visible

2023-05-12 18:21:00 - [TEST_STEP][PASSED] - closeBrowser(): Browser is closed

2023-05-12 18:21:01 - [MESSAGE][PASSED] - Browser is closed]]></system-out>
         <system-err><![CDATA[]]></system-err>
      </testcase>
      <testcase name="Test Cases/test-flow-1-buy-1-product" time="11.967" classname="Test Cases/test-flow-1-buy-1-product" status="PASSED">
         <system-out><![CDATA[2023-05-12 18:21:01 - [TEST_CASE][PASSED] - Test Cases/test-flow-1-buy-1-product: Test Cases/test-flow-1-buy-1-product

2023-05-12 18:21:01 - [TEST_STEP][PASSED] - openBrowser("https://www.saucedemo.com/"): Browser is opened with url: 'https://www.saucedemo.com/'

2023-05-12 18:21:01 - [MESSAGE][INFO] - Starting 'Chrome' driver

2023-05-12 18:21:01 - [MESSAGE][INFO] - Action delay is set to 0 milliseconds

2023-05-12 18:21:03 - [MESSAGE][PASSED] - Browser is opened with url: 'https://www.saucedemo.com/'

2023-05-12 18:21:03 - [TEST_STEP][PASSED] - click(findTestObject("Object Repository/Page_Swag Labs/input_Swag Labs_user-name")): Object: 'Object Repository/Page_Swag Labs/input_Swag Labs_user-name' is clicked on

2023-05-12 18:21:03 - [MESSAGE][PASSED] - Object: 'Object Repository/Page_Swag Labs/input_Swag Labs_user-name' is clicked on

2023-05-12 18:21:03 - [TEST_STEP][PASSED] - sendKeys(findTestObject("Object Repository/Page_Swag Labs/input_Swag Labs_user-name"), "standard_user"): Keys 'standard_user' sent to object: 'Object Repository/Page_Swag Labs/input_Swag Labs_user-name'

2023-05-12 18:21:04 - [MESSAGE][PASSED] - Keys 'standard_user' sent to object: 'Object Repository/Page_Swag Labs/input_Swag Labs_user-name'

2023-05-12 18:21:04 - [TEST_STEP][PASSED] - click(findTestObject("Object Repository/Page_Swag Labs/input_Swag Labs_password")): Object: 'Object Repository/Page_Swag Labs/input_Swag Labs_password' is clicked on

2023-05-12 18:21:04 - [MESSAGE][PASSED] - Object: 'Object Repository/Page_Swag Labs/input_Swag Labs_password' is clicked on

2023-05-12 18:21:04 - [TEST_STEP][PASSED] - sendKeys(findTestObject("Object Repository/Page_Swag Labs/input_Swag Labs_password"), "secret_sauce"): Keys 'secret_sauce' sent to object: 'Object Repository/Page_Swag Labs/input_Swag Labs_password'

2023-05-12 18:21:04 - [MESSAGE][PASSED] - Keys 'secret_sauce' sent to object: 'Object Repository/Page_Swag Labs/input_Swag Labs_password'

2023-05-12 18:21:04 - [TEST_STEP][PASSED] - click(findTestObject("Object Repository/Page_Swag Labs/input_Swag Labs_login-button")): Object: 'Object Repository/Page_Swag Labs/input_Swag Labs_login-button' is clicked on

2023-05-12 18:21:05 - [MESSAGE][PASSED] - Object: 'Object Repository/Page_Swag Labs/input_Swag Labs_login-button' is clicked on

2023-05-12 18:21:05 - [TEST_STEP][PASSED] - click(findTestObject("Object Repository/inventoryPage/Backpack")): Object: 'Object Repository/inventoryPage/Backpack' is clicked on

2023-05-12 18:21:05 - [MESSAGE][PASSED] - Object: 'Object Repository/inventoryPage/Backpack' is clicked on

2023-05-12 18:21:05 - [TEST_STEP][PASSED] - click(findTestObject("Object Repository/inventoryPage/button_Add to cart")): Object: 'Object Repository/inventoryPage/button_Add to cart' is clicked on

2023-05-12 18:21:06 - [MESSAGE][PASSED] - Object: 'Object Repository/inventoryPage/button_Add to cart' is clicked on

2023-05-12 18:21:06 - [TEST_STEP][PASSED] - click(findTestObject("Object Repository/inventoryPage/products_back-image")): Object: 'Object Repository/inventoryPage/products_back-image' is clicked on

2023-05-12 18:21:06 - [MESSAGE][PASSED] - Object: 'Object Repository/inventoryPage/products_back-image' is clicked on

2023-05-12 18:21:06 - [TEST_STEP][PASSED] - click(findTestObject("Object Repository/inventoryPage/cart")): Object: 'Object Repository/inventoryPage/cart' is clicked on

2023-05-12 18:21:07 - [MESSAGE][PASSED] - Object: 'Object Repository/inventoryPage/cart' is clicked on

2023-05-12 18:21:07 - [TEST_STEP][PASSED] - click(findTestObject("Object Repository/CheckoutPage/button_Checkout")): Object: 'Object Repository/CheckoutPage/button_Checkout' is clicked on

2023-05-12 18:21:07 - [MESSAGE][PASSED] - Object: 'Object Repository/CheckoutPage/button_Checkout' is clicked on

2023-05-12 18:21:07 - [TEST_STEP][PASSED] - sendKeys(findTestObject("Object Repository/checkout-step-one/input_Checkout Your Information_firstName"), "demo"): Keys 'demo' sent to object: 'Object Repository/checkout-step-one/input_Checkout Your Information_firstName'

2023-05-12 18:21:08 - [MESSAGE][PASSED] - Keys 'demo' sent to object: 'Object Repository/checkout-step-one/input_Checkout Your Information_firstName'

2023-05-12 18:21:08 - [TEST_STEP][PASSED] - sendKeys(findTestObject("Object Repository/checkout-step-one/input_Checkout Your Information_lastName"), "qa test"): Keys 'qa test' sent to object: 'Object Repository/checkout-step-one/input_Checkout Your Information_lastName'

2023-05-12 18:21:08 - [MESSAGE][PASSED] - Keys 'qa test' sent to object: 'Object Repository/checkout-step-one/input_Checkout Your Information_lastName'

2023-05-12 18:21:08 - [TEST_STEP][PASSED] - sendKeys(findTestObject("Object Repository/checkout-step-one/input_Checkout Your Information_postalCode"), "9000"): Keys '9000' sent to object: 'Object Repository/checkout-step-one/input_Checkout Your Information_postalCode'

2023-05-12 18:21:09 - [MESSAGE][PASSED] - Keys '9000' sent to object: 'Object Repository/checkout-step-one/input_Checkout Your Information_postalCode'

2023-05-12 18:21:09 - [TEST_STEP][PASSED] - click(findTestObject("Object Repository/checkout-step-one/input_continue")): Object: 'Object Repository/checkout-step-one/input_continue' is clicked on

2023-05-12 18:21:09 - [MESSAGE][PASSED] - Object: 'Object Repository/checkout-step-one/input_continue' is clicked on

2023-05-12 18:21:09 - [TEST_STEP][PASSED] - click(findTestObject("Object Repository/finish checkout/button_Finish")): Object: 'Object Repository/finish checkout/button_Finish' is clicked on

2023-05-12 18:21:10 - [MESSAGE][PASSED] - Object: 'Object Repository/finish checkout/button_Finish' is clicked on

2023-05-12 18:21:10 - [TEST_STEP][PASSED] - verifyElementVisible(findTestObject("Object Repository/order-success/h2_Thank you for your order")): Object 'Object Repository/order-success/h2_Thank you for your order' is visible

2023-05-12 18:21:11 - [MESSAGE][PASSED] - Object 'Object Repository/order-success/h2_Thank you for your order' is visible

2023-05-12 18:21:11 - [TEST_STEP][PASSED] - click(findTestObject("Object Repository/NavSideBar/sidebar")): Object: 'Object Repository/NavSideBar/sidebar' is clicked on

2023-05-12 18:21:11 - [MESSAGE][PASSED] - Object: 'Object Repository/NavSideBar/sidebar' is clicked on

2023-05-12 18:21:11 - [TEST_STEP][PASSED] - click(findTestObject("Object Repository/NavSideBar/a_Logout")): Object: 'Object Repository/NavSideBar/a_Logout' is clicked on

2023-05-12 18:21:12 - [MESSAGE][PASSED] - Object: 'Object Repository/NavSideBar/a_Logout' is clicked on

2023-05-12 18:21:12 - [TEST_STEP][PASSED] - verifyElementVisible(findTestObject("Object Repository/Page_Swag Labs/input_Swag Labs_user-name")): Object 'Object Repository/Page_Swag Labs/input_Swag Labs_user-name' is visible

2023-05-12 18:21:12 - [MESSAGE][PASSED] - Object 'Object Repository/Page_Swag Labs/input_Swag Labs_user-name' is visible

2023-05-12 18:21:12 - [TEST_STEP][PASSED] - closeBrowser(): Browser is closed

2023-05-12 18:21:13 - [MESSAGE][PASSED] - Browser is closed]]></system-out>
         <system-err><![CDATA[]]></system-err>
      </testcase>
      <testcase name="Test Cases/test-flow-1-buy-1-product" time="11.946" classname="Test Cases/test-flow-1-buy-1-product" status="PASSED">
         <system-out><![CDATA[2023-05-12 18:21:13 - [TEST_CASE][PASSED] - Test Cases/test-flow-1-buy-1-product: Test Cases/test-flow-1-buy-1-product

2023-05-12 18:21:13 - [TEST_STEP][PASSED] - openBrowser("https://www.saucedemo.com/"): Browser is opened with url: 'https://www.saucedemo.com/'

2023-05-12 18:21:13 - [MESSAGE][INFO] - Starting 'Chrome' driver

2023-05-12 18:21:13 - [MESSAGE][INFO] - Action delay is set to 0 milliseconds

2023-05-12 18:21:15 - [MESSAGE][PASSED] - Browser is opened with url: 'https://www.saucedemo.com/'

2023-05-12 18:21:15 - [TEST_STEP][PASSED] - click(findTestObject("Object Repository/Page_Swag Labs/input_Swag Labs_user-name")): Object: 'Object Repository/Page_Swag Labs/input_Swag Labs_user-name' is clicked on

2023-05-12 18:21:15 - [MESSAGE][PASSED] - Object: 'Object Repository/Page_Swag Labs/input_Swag Labs_user-name' is clicked on

2023-05-12 18:21:15 - [TEST_STEP][PASSED] - sendKeys(findTestObject("Object Repository/Page_Swag Labs/input_Swag Labs_user-name"), "standard_user"): Keys 'standard_user' sent to object: 'Object Repository/Page_Swag Labs/input_Swag Labs_user-name'

2023-05-12 18:21:15 - [MESSAGE][PASSED] - Keys 'standard_user' sent to object: 'Object Repository/Page_Swag Labs/input_Swag Labs_user-name'

2023-05-12 18:21:15 - [TEST_STEP][PASSED] - click(findTestObject("Object Repository/Page_Swag Labs/input_Swag Labs_password")): Object: 'Object Repository/Page_Swag Labs/input_Swag Labs_password' is clicked on

2023-05-12 18:21:16 - [MESSAGE][PASSED] - Object: 'Object Repository/Page_Swag Labs/input_Swag Labs_password' is clicked on

2023-05-12 18:21:16 - [TEST_STEP][PASSED] - sendKeys(findTestObject("Object Repository/Page_Swag Labs/input_Swag Labs_password"), "secret_sauce"): Keys 'secret_sauce' sent to object: 'Object Repository/Page_Swag Labs/input_Swag Labs_password'

2023-05-12 18:21:16 - [MESSAGE][PASSED] - Keys 'secret_sauce' sent to object: 'Object Repository/Page_Swag Labs/input_Swag Labs_password'

2023-05-12 18:21:16 - [TEST_STEP][PASSED] - click(findTestObject("Object Repository/Page_Swag Labs/input_Swag Labs_login-button")): Object: 'Object Repository/Page_Swag Labs/input_Swag Labs_login-button' is clicked on

2023-05-12 18:21:17 - [MESSAGE][PASSED] - Object: 'Object Repository/Page_Swag Labs/input_Swag Labs_login-button' is clicked on

2023-05-12 18:21:17 - [TEST_STEP][PASSED] - click(findTestObject("Object Repository/inventoryPage/Backpack")): Object: 'Object Repository/inventoryPage/Backpack' is clicked on

2023-05-12 18:21:17 - [MESSAGE][PASSED] - Object: 'Object Repository/inventoryPage/Backpack' is clicked on

2023-05-12 18:21:17 - [TEST_STEP][PASSED] - click(findTestObject("Object Repository/inventoryPage/button_Add to cart")): Object: 'Object Repository/inventoryPage/button_Add to cart' is clicked on

2023-05-12 18:21:17 - [MESSAGE][PASSED] - Object: 'Object Repository/inventoryPage/button_Add to cart' is clicked on

2023-05-12 18:21:17 - [TEST_STEP][PASSED] - click(findTestObject("Object Repository/inventoryPage/products_back-image")): Object: 'Object Repository/inventoryPage/products_back-image' is clicked on

2023-05-12 18:21:18 - [MESSAGE][PASSED] - Object: 'Object Repository/inventoryPage/products_back-image' is clicked on

2023-05-12 18:21:18 - [TEST_STEP][PASSED] - click(findTestObject("Object Repository/inventoryPage/cart")): Object: 'Object Repository/inventoryPage/cart' is clicked on

2023-05-12 18:21:19 - [MESSAGE][PASSED] - Object: 'Object Repository/inventoryPage/cart' is clicked on

2023-05-12 18:21:19 - [TEST_STEP][PASSED] - click(findTestObject("Object Repository/CheckoutPage/button_Checkout")): Object: 'Object Repository/CheckoutPage/button_Checkout' is clicked on

2023-05-12 18:21:19 - [MESSAGE][PASSED] - Object: 'Object Repository/CheckoutPage/button_Checkout' is clicked on

2023-05-12 18:21:19 - [TEST_STEP][PASSED] - sendKeys(findTestObject("Object Repository/checkout-step-one/input_Checkout Your Information_firstName"), "demo"): Keys 'demo' sent to object: 'Object Repository/checkout-step-one/input_Checkout Your Information_firstName'

2023-05-12 18:21:20 - [MESSAGE][PASSED] - Keys 'demo' sent to object: 'Object Repository/checkout-step-one/input_Checkout Your Information_firstName'

2023-05-12 18:21:20 - [TEST_STEP][PASSED] - sendKeys(findTestObject("Object Repository/checkout-step-one/input_Checkout Your Information_lastName"), "qa test"): Keys 'qa test' sent to object: 'Object Repository/checkout-step-one/input_Checkout Your Information_lastName'

2023-05-12 18:21:20 - [MESSAGE][PASSED] - Keys 'qa test' sent to object: 'Object Repository/checkout-step-one/input_Checkout Your Information_lastName'

2023-05-12 18:21:20 - [TEST_STEP][PASSED] - sendKeys(findTestObject("Object Repository/checkout-step-one/input_Checkout Your Information_postalCode"), "9000"): Keys '9000' sent to object: 'Object Repository/checkout-step-one/input_Checkout Your Information_postalCode'

2023-05-12 18:21:21 - [MESSAGE][PASSED] - Keys '9000' sent to object: 'Object Repository/checkout-step-one/input_Checkout Your Information_postalCode'

2023-05-12 18:21:21 - [TEST_STEP][PASSED] - click(findTestObject("Object Repository/checkout-step-one/input_continue")): Object: 'Object Repository/checkout-step-one/input_continue' is clicked on

2023-05-12 18:21:21 - [MESSAGE][PASSED] - Object: 'Object Repository/checkout-step-one/input_continue' is clicked on

2023-05-12 18:21:21 - [TEST_STEP][PASSED] - click(findTestObject("Object Repository/finish checkout/button_Finish")): Object: 'Object Repository/finish checkout/button_Finish' is clicked on

2023-05-12 18:21:22 - [MESSAGE][PASSED] - Object: 'Object Repository/finish checkout/button_Finish' is clicked on

2023-05-12 18:21:22 - [TEST_STEP][PASSED] - verifyElementVisible(findTestObject("Object Repository/order-success/h2_Thank you for your order")): Object 'Object Repository/order-success/h2_Thank you for your order' is visible

2023-05-12 18:21:23 - [MESSAGE][PASSED] - Object 'Object Repository/order-success/h2_Thank you for your order' is visible

2023-05-12 18:21:23 - [TEST_STEP][PASSED] - click(findTestObject("Object Repository/NavSideBar/sidebar")): Object: 'Object Repository/NavSideBar/sidebar' is clicked on

2023-05-12 18:21:23 - [MESSAGE][PASSED] - Object: 'Object Repository/NavSideBar/sidebar' is clicked on

2023-05-12 18:21:23 - [TEST_STEP][PASSED] - click(findTestObject("Object Repository/NavSideBar/a_Logout")): Object: 'Object Repository/NavSideBar/a_Logout' is clicked on

2023-05-12 18:21:24 - [MESSAGE][PASSED] - Object: 'Object Repository/NavSideBar/a_Logout' is clicked on

2023-05-12 18:21:24 - [TEST_STEP][PASSED] - verifyElementVisible(findTestObject("Object Repository/Page_Swag Labs/input_Swag Labs_user-name")): Object 'Object Repository/Page_Swag Labs/input_Swag Labs_user-name' is visible

2023-05-12 18:21:24 - [MESSAGE][PASSED] - Object 'Object Repository/Page_Swag Labs/input_Swag Labs_user-name' is visible

2023-05-12 18:21:24 - [TEST_STEP][PASSED] - closeBrowser(): Browser is closed

2023-05-12 18:21:25 - [MESSAGE][PASSED] - Browser is closed]]></system-out>
         <system-err><![CDATA[]]></system-err>
      </testcase>
      <testcase name="Test Cases/test-flow-1-buy-1-product" time="11.908" classname="Test Cases/test-flow-1-buy-1-product" status="PASSED">
         <system-out><![CDATA[2023-05-12 18:21:25 - [TEST_CASE][PASSED] - Test Cases/test-flow-1-buy-1-product: Test Cases/test-flow-1-buy-1-product

2023-05-12 18:21:25 - [TEST_STEP][PASSED] - openBrowser("https://www.saucedemo.com/"): Browser is opened with url: 'https://www.saucedemo.com/'

2023-05-12 18:21:25 - [MESSAGE][INFO] - Starting 'Chrome' driver

2023-05-12 18:21:25 - [MESSAGE][INFO] - Action delay is set to 0 milliseconds

2023-05-12 18:21:27 - [MESSAGE][PASSED] - Browser is opened with url: 'https://www.saucedemo.com/'

2023-05-12 18:21:27 - [TEST_STEP][PASSED] - click(findTestObject("Object Repository/Page_Swag Labs/input_Swag Labs_user-name")): Object: 'Object Repository/Page_Swag Labs/input_Swag Labs_user-name' is clicked on

2023-05-12 18:21:27 - [MESSAGE][PASSED] - Object: 'Object Repository/Page_Swag Labs/input_Swag Labs_user-name' is clicked on

2023-05-12 18:21:27 - [TEST_STEP][PASSED] - sendKeys(findTestObject("Object Repository/Page_Swag Labs/input_Swag Labs_user-name"), "standard_user"): Keys 'standard_user' sent to object: 'Object Repository/Page_Swag Labs/input_Swag Labs_user-name'

2023-05-12 18:21:27 - [MESSAGE][PASSED] - Keys 'standard_user' sent to object: 'Object Repository/Page_Swag Labs/input_Swag Labs_user-name'

2023-05-12 18:21:27 - [TEST_STEP][PASSED] - click(findTestObject("Object Repository/Page_Swag Labs/input_Swag Labs_password")): Object: 'Object Repository/Page_Swag Labs/input_Swag Labs_password' is clicked on

2023-05-12 18:21:28 - [MESSAGE][PASSED] - Object: 'Object Repository/Page_Swag Labs/input_Swag Labs_password' is clicked on

2023-05-12 18:21:28 - [TEST_STEP][PASSED] - sendKeys(findTestObject("Object Repository/Page_Swag Labs/input_Swag Labs_password"), "secret_sauce"): Keys 'secret_sauce' sent to object: 'Object Repository/Page_Swag Labs/input_Swag Labs_password'

2023-05-12 18:21:28 - [MESSAGE][PASSED] - Keys 'secret_sauce' sent to object: 'Object Repository/Page_Swag Labs/input_Swag Labs_password'

2023-05-12 18:21:28 - [TEST_STEP][PASSED] - click(findTestObject("Object Repository/Page_Swag Labs/input_Swag Labs_login-button")): Object: 'Object Repository/Page_Swag Labs/input_Swag Labs_login-button' is clicked on

2023-05-12 18:21:28 - [MESSAGE][PASSED] - Object: 'Object Repository/Page_Swag Labs/input_Swag Labs_login-button' is clicked on

2023-05-12 18:21:28 - [TEST_STEP][PASSED] - click(findTestObject("Object Repository/inventoryPage/Backpack")): Object: 'Object Repository/inventoryPage/Backpack' is clicked on

2023-05-12 18:21:29 - [MESSAGE][PASSED] - Object: 'Object Repository/inventoryPage/Backpack' is clicked on

2023-05-12 18:21:29 - [TEST_STEP][PASSED] - click(findTestObject("Object Repository/inventoryPage/button_Add to cart")): Object: 'Object Repository/inventoryPage/button_Add to cart' is clicked on

2023-05-12 18:21:29 - [MESSAGE][PASSED] - Object: 'Object Repository/inventoryPage/button_Add to cart' is clicked on

2023-05-12 18:21:29 - [TEST_STEP][PASSED] - click(findTestObject("Object Repository/inventoryPage/products_back-image")): Object: 'Object Repository/inventoryPage/products_back-image' is clicked on

2023-05-12 18:21:30 - [MESSAGE][PASSED] - Object: 'Object Repository/inventoryPage/products_back-image' is clicked on

2023-05-12 18:21:30 - [TEST_STEP][PASSED] - click(findTestObject("Object Repository/inventoryPage/cart")): Object: 'Object Repository/inventoryPage/cart' is clicked on

2023-05-12 18:21:30 - [MESSAGE][PASSED] - Object: 'Object Repository/inventoryPage/cart' is clicked on

2023-05-12 18:21:30 - [TEST_STEP][PASSED] - click(findTestObject("Object Repository/CheckoutPage/button_Checkout")): Object: 'Object Repository/CheckoutPage/button_Checkout' is clicked on

2023-05-12 18:21:31 - [MESSAGE][PASSED] - Object: 'Object Repository/CheckoutPage/button_Checkout' is clicked on

2023-05-12 18:21:31 - [TEST_STEP][PASSED] - sendKeys(findTestObject("Object Repository/checkout-step-one/input_Checkout Your Information_firstName"), "demo"): Keys 'demo' sent to object: 'Object Repository/checkout-step-one/input_Checkout Your Information_firstName'

2023-05-12 18:21:32 - [MESSAGE][PASSED] - Keys 'demo' sent to object: 'Object Repository/checkout-step-one/input_Checkout Your Information_firstName'

2023-05-12 18:21:32 - [TEST_STEP][PASSED] - sendKeys(findTestObject("Object Repository/checkout-step-one/input_Checkout Your Information_lastName"), "qa test"): Keys 'qa test' sent to object: 'Object Repository/checkout-step-one/input_Checkout Your Information_lastName'

2023-05-12 18:21:32 - [MESSAGE][PASSED] - Keys 'qa test' sent to object: 'Object Repository/checkout-step-one/input_Checkout Your Information_lastName'

2023-05-12 18:21:32 - [TEST_STEP][PASSED] - sendKeys(findTestObject("Object Repository/checkout-step-one/input_Checkout Your Information_postalCode"), "9000"): Keys '9000' sent to object: 'Object Repository/checkout-step-one/input_Checkout Your Information_postalCode'

2023-05-12 18:21:33 - [MESSAGE][PASSED] - Keys '9000' sent to object: 'Object Repository/checkout-step-one/input_Checkout Your Information_postalCode'

2023-05-12 18:21:33 - [TEST_STEP][PASSED] - click(findTestObject("Object Repository/checkout-step-one/input_continue")): Object: 'Object Repository/checkout-step-one/input_continue' is clicked on

2023-05-12 18:21:33 - [MESSAGE][PASSED] - Object: 'Object Repository/checkout-step-one/input_continue' is clicked on

2023-05-12 18:21:33 - [TEST_STEP][PASSED] - click(findTestObject("Object Repository/finish checkout/button_Finish")): Object: 'Object Repository/finish checkout/button_Finish' is clicked on

2023-05-12 18:21:34 - [MESSAGE][PASSED] - Object: 'Object Repository/finish checkout/button_Finish' is clicked on

2023-05-12 18:21:34 - [TEST_STEP][PASSED] - verifyElementVisible(findTestObject("Object Repository/order-success/h2_Thank you for your order")): Object 'Object Repository/order-success/h2_Thank you for your order' is visible

2023-05-12 18:21:34 - [MESSAGE][PASSED] - Object 'Object Repository/order-success/h2_Thank you for your order' is visible

2023-05-12 18:21:34 - [TEST_STEP][PASSED] - click(findTestObject("Object Repository/NavSideBar/sidebar")): Object: 'Object Repository/NavSideBar/sidebar' is clicked on

2023-05-12 18:21:35 - [MESSAGE][PASSED] - Object: 'Object Repository/NavSideBar/sidebar' is clicked on

2023-05-12 18:21:35 - [TEST_STEP][PASSED] - click(findTestObject("Object Repository/NavSideBar/a_Logout")): Object: 'Object Repository/NavSideBar/a_Logout' is clicked on

2023-05-12 18:21:35 - [MESSAGE][PASSED] - Object: 'Object Repository/NavSideBar/a_Logout' is clicked on

2023-05-12 18:21:35 - [TEST_STEP][PASSED] - verifyElementVisible(findTestObject("Object Repository/Page_Swag Labs/input_Swag Labs_user-name")): Object 'Object Repository/Page_Swag Labs/input_Swag Labs_user-name' is visible

2023-05-12 18:21:36 - [MESSAGE][PASSED] - Object 'Object Repository/Page_Swag Labs/input_Swag Labs_user-name' is visible

2023-05-12 18:21:36 - [TEST_STEP][PASSED] - closeBrowser(): Browser is closed

2023-05-12 18:21:37 - [MESSAGE][PASSED] - Browser is closed]]></system-out>
         <system-err><![CDATA[]]></system-err>
      </testcase>
      <testcase name="Test Cases/test-flow-1-buy-1-product" time="11.864" classname="Test Cases/test-flow-1-buy-1-product" status="PASSED">
         <system-out><![CDATA[2023-05-12 18:21:37 - [TEST_CASE][PASSED] - Test Cases/test-flow-1-buy-1-product: Test Cases/test-flow-1-buy-1-product

2023-05-12 18:21:37 - [TEST_STEP][PASSED] - openBrowser("https://www.saucedemo.com/"): Browser is opened with url: 'https://www.saucedemo.com/'

2023-05-12 18:21:37 - [MESSAGE][INFO] - Starting 'Chrome' driver

2023-05-12 18:21:37 - [MESSAGE][INFO] - Action delay is set to 0 milliseconds

2023-05-12 18:21:39 - [MESSAGE][PASSED] - Browser is opened with url: 'https://www.saucedemo.com/'

2023-05-12 18:21:39 - [TEST_STEP][PASSED] - click(findTestObject("Object Repository/Page_Swag Labs/input_Swag Labs_user-name")): Object: 'Object Repository/Page_Swag Labs/input_Swag Labs_user-name' is clicked on

2023-05-12 18:21:39 - [MESSAGE][PASSED] - Object: 'Object Repository/Page_Swag Labs/input_Swag Labs_user-name' is clicked on

2023-05-12 18:21:39 - [TEST_STEP][PASSED] - sendKeys(findTestObject("Object Repository/Page_Swag Labs/input_Swag Labs_user-name"), "standard_user"): Keys 'standard_user' sent to object: 'Object Repository/Page_Swag Labs/input_Swag Labs_user-name'

2023-05-12 18:21:39 - [MESSAGE][PASSED] - Keys 'standard_user' sent to object: 'Object Repository/Page_Swag Labs/input_Swag Labs_user-name'

2023-05-12 18:21:39 - [TEST_STEP][PASSED] - click(findTestObject("Object Repository/Page_Swag Labs/input_Swag Labs_password")): Object: 'Object Repository/Page_Swag Labs/input_Swag Labs_password' is clicked on

2023-05-12 18:21:40 - [MESSAGE][PASSED] - Object: 'Object Repository/Page_Swag Labs/input_Swag Labs_password' is clicked on

2023-05-12 18:21:40 - [TEST_STEP][PASSED] - sendKeys(findTestObject("Object Repository/Page_Swag Labs/input_Swag Labs_password"), "secret_sauce"): Keys 'secret_sauce' sent to object: 'Object Repository/Page_Swag Labs/input_Swag Labs_password'

2023-05-12 18:21:40 - [MESSAGE][PASSED] - Keys 'secret_sauce' sent to object: 'Object Repository/Page_Swag Labs/input_Swag Labs_password'

2023-05-12 18:21:40 - [TEST_STEP][PASSED] - click(findTestObject("Object Repository/Page_Swag Labs/input_Swag Labs_login-button")): Object: 'Object Repository/Page_Swag Labs/input_Swag Labs_login-button' is clicked on

2023-05-12 18:21:40 - [MESSAGE][PASSED] - Object: 'Object Repository/Page_Swag Labs/input_Swag Labs_login-button' is clicked on

2023-05-12 18:21:40 - [TEST_STEP][PASSED] - click(findTestObject("Object Repository/inventoryPage/Backpack")): Object: 'Object Repository/inventoryPage/Backpack' is clicked on

2023-05-12 18:21:41 - [MESSAGE][PASSED] - Object: 'Object Repository/inventoryPage/Backpack' is clicked on

2023-05-12 18:21:41 - [TEST_STEP][PASSED] - click(findTestObject("Object Repository/inventoryPage/button_Add to cart")): Object: 'Object Repository/inventoryPage/button_Add to cart' is clicked on

2023-05-12 18:21:41 - [MESSAGE][PASSED] - Object: 'Object Repository/inventoryPage/button_Add to cart' is clicked on

2023-05-12 18:21:41 - [TEST_STEP][PASSED] - click(findTestObject("Object Repository/inventoryPage/products_back-image")): Object: 'Object Repository/inventoryPage/products_back-image' is clicked on

2023-05-12 18:21:42 - [MESSAGE][PASSED] - Object: 'Object Repository/inventoryPage/products_back-image' is clicked on

2023-05-12 18:21:42 - [TEST_STEP][PASSED] - click(findTestObject("Object Repository/inventoryPage/cart")): Object: 'Object Repository/inventoryPage/cart' is clicked on

2023-05-12 18:21:42 - [MESSAGE][PASSED] - Object: 'Object Repository/inventoryPage/cart' is clicked on

2023-05-12 18:21:42 - [TEST_STEP][PASSED] - click(findTestObject("Object Repository/CheckoutPage/button_Checkout")): Object: 'Object Repository/CheckoutPage/button_Checkout' is clicked on

2023-05-12 18:21:43 - [MESSAGE][PASSED] - Object: 'Object Repository/CheckoutPage/button_Checkout' is clicked on

2023-05-12 18:21:43 - [TEST_STEP][PASSED] - sendKeys(findTestObject("Object Repository/checkout-step-one/input_Checkout Your Information_firstName"), "demo"): Keys 'demo' sent to object: 'Object Repository/checkout-step-one/input_Checkout Your Information_firstName'

2023-05-12 18:21:43 - [MESSAGE][PASSED] - Keys 'demo' sent to object: 'Object Repository/checkout-step-one/input_Checkout Your Information_firstName'

2023-05-12 18:21:43 - [TEST_STEP][PASSED] - sendKeys(findTestObject("Object Repository/checkout-step-one/input_Checkout Your Information_lastName"), "qa test"): Keys 'qa test' sent to object: 'Object Repository/checkout-step-one/input_Checkout Your Information_lastName'

2023-05-12 18:21:44 - [MESSAGE][PASSED] - Keys 'qa test' sent to object: 'Object Repository/checkout-step-one/input_Checkout Your Information_lastName'

2023-05-12 18:21:44 - [TEST_STEP][PASSED] - sendKeys(findTestObject("Object Repository/checkout-step-one/input_Checkout Your Information_postalCode"), "9000"): Keys '9000' sent to object: 'Object Repository/checkout-step-one/input_Checkout Your Information_postalCode'

2023-05-12 18:21:45 - [MESSAGE][PASSED] - Keys '9000' sent to object: 'Object Repository/checkout-step-one/input_Checkout Your Information_postalCode'

2023-05-12 18:21:45 - [TEST_STEP][PASSED] - click(findTestObject("Object Repository/checkout-step-one/input_continue")): Object: 'Object Repository/checkout-step-one/input_continue' is clicked on

2023-05-12 18:21:45 - [MESSAGE][PASSED] - Object: 'Object Repository/checkout-step-one/input_continue' is clicked on

2023-05-12 18:21:45 - [TEST_STEP][PASSED] - click(findTestObject("Object Repository/finish checkout/button_Finish")): Object: 'Object Repository/finish checkout/button_Finish' is clicked on

2023-05-12 18:21:46 - [MESSAGE][PASSED] - Object: 'Object Repository/finish checkout/button_Finish' is clicked on

2023-05-12 18:21:46 - [TEST_STEP][PASSED] - verifyElementVisible(findTestObject("Object Repository/order-success/h2_Thank you for your order")): Object 'Object Repository/order-success/h2_Thank you for your order' is visible

2023-05-12 18:21:46 - [MESSAGE][PASSED] - Object 'Object Repository/order-success/h2_Thank you for your order' is visible

2023-05-12 18:21:46 - [TEST_STEP][PASSED] - click(findTestObject("Object Repository/NavSideBar/sidebar")): Object: 'Object Repository/NavSideBar/sidebar' is clicked on

2023-05-12 18:21:47 - [MESSAGE][PASSED] - Object: 'Object Repository/NavSideBar/sidebar' is clicked on

2023-05-12 18:21:47 - [TEST_STEP][PASSED] - click(findTestObject("Object Repository/NavSideBar/a_Logout")): Object: 'Object Repository/NavSideBar/a_Logout' is clicked on

2023-05-12 18:21:47 - [MESSAGE][PASSED] - Object: 'Object Repository/NavSideBar/a_Logout' is clicked on

2023-05-12 18:21:47 - [TEST_STEP][PASSED] - verifyElementVisible(findTestObject("Object Repository/Page_Swag Labs/input_Swag Labs_user-name")): Object 'Object Repository/Page_Swag Labs/input_Swag Labs_user-name' is visible

2023-05-12 18:21:48 - [MESSAGE][PASSED] - Object 'Object Repository/Page_Swag Labs/input_Swag Labs_user-name' is visible

2023-05-12 18:21:48 - [TEST_STEP][PASSED] - closeBrowser(): Browser is closed

2023-05-12 18:21:49 - [MESSAGE][PASSED] - Browser is closed]]></system-out>
         <system-err><![CDATA[]]></system-err>
      </testcase>
      <testcase name="Test Cases/test-flow-1-buy-1-product" time="11.865" classname="Test Cases/test-flow-1-buy-1-product" status="PASSED">
         <system-out><![CDATA[2023-05-12 18:21:49 - [TEST_CASE][PASSED] - Test Cases/test-flow-1-buy-1-product: Test Cases/test-flow-1-buy-1-product

2023-05-12 18:21:49 - [TEST_STEP][PASSED] - openBrowser("https://www.saucedemo.com/"): Browser is opened with url: 'https://www.saucedemo.com/'

2023-05-12 18:21:49 - [MESSAGE][INFO] - Starting 'Chrome' driver

2023-05-12 18:21:49 - [MESSAGE][INFO] - Action delay is set to 0 milliseconds

2023-05-12 18:21:50 - [MESSAGE][PASSED] - Browser is opened with url: 'https://www.saucedemo.com/'

2023-05-12 18:21:50 - [TEST_STEP][PASSED] - click(findTestObject("Object Repository/Page_Swag Labs/input_Swag Labs_user-name")): Object: 'Object Repository/Page_Swag Labs/input_Swag Labs_user-name' is clicked on

2023-05-12 18:21:51 - [MESSAGE][PASSED] - Object: 'Object Repository/Page_Swag Labs/input_Swag Labs_user-name' is clicked on

2023-05-12 18:21:51 - [TEST_STEP][PASSED] - sendKeys(findTestObject("Object Repository/Page_Swag Labs/input_Swag Labs_user-name"), "standard_user"): Keys 'standard_user' sent to object: 'Object Repository/Page_Swag Labs/input_Swag Labs_user-name'

2023-05-12 18:21:51 - [MESSAGE][PASSED] - Keys 'standard_user' sent to object: 'Object Repository/Page_Swag Labs/input_Swag Labs_user-name'

2023-05-12 18:21:51 - [TEST_STEP][PASSED] - click(findTestObject("Object Repository/Page_Swag Labs/input_Swag Labs_password")): Object: 'Object Repository/Page_Swag Labs/input_Swag Labs_password' is clicked on

2023-05-12 18:21:51 - [MESSAGE][PASSED] - Object: 'Object Repository/Page_Swag Labs/input_Swag Labs_password' is clicked on

2023-05-12 18:21:51 - [TEST_STEP][PASSED] - sendKeys(findTestObject("Object Repository/Page_Swag Labs/input_Swag Labs_password"), "secret_sauce"): Keys 'secret_sauce' sent to object: 'Object Repository/Page_Swag Labs/input_Swag Labs_password'

2023-05-12 18:21:52 - [MESSAGE][PASSED] - Keys 'secret_sauce' sent to object: 'Object Repository/Page_Swag Labs/input_Swag Labs_password'

2023-05-12 18:21:52 - [TEST_STEP][PASSED] - click(findTestObject("Object Repository/Page_Swag Labs/input_Swag Labs_login-button")): Object: 'Object Repository/Page_Swag Labs/input_Swag Labs_login-button' is clicked on

2023-05-12 18:21:52 - [MESSAGE][PASSED] - Object: 'Object Repository/Page_Swag Labs/input_Swag Labs_login-button' is clicked on

2023-05-12 18:21:52 - [TEST_STEP][PASSED] - click(findTestObject("Object Repository/inventoryPage/Backpack")): Object: 'Object Repository/inventoryPage/Backpack' is clicked on

2023-05-12 18:21:53 - [MESSAGE][PASSED] - Object: 'Object Repository/inventoryPage/Backpack' is clicked on

2023-05-12 18:21:53 - [TEST_STEP][PASSED] - click(findTestObject("Object Repository/inventoryPage/button_Add to cart")): Object: 'Object Repository/inventoryPage/button_Add to cart' is clicked on

2023-05-12 18:21:53 - [MESSAGE][PASSED] - Object: 'Object Repository/inventoryPage/button_Add to cart' is clicked on

2023-05-12 18:21:53 - [TEST_STEP][PASSED] - click(findTestObject("Object Repository/inventoryPage/products_back-image")): Object: 'Object Repository/inventoryPage/products_back-image' is clicked on

2023-05-12 18:21:54 - [MESSAGE][PASSED] - Object: 'Object Repository/inventoryPage/products_back-image' is clicked on

2023-05-12 18:21:54 - [TEST_STEP][PASSED] - click(findTestObject("Object Repository/inventoryPage/cart")): Object: 'Object Repository/inventoryPage/cart' is clicked on

2023-05-12 18:21:54 - [MESSAGE][PASSED] - Object: 'Object Repository/inventoryPage/cart' is clicked on

2023-05-12 18:21:54 - [TEST_STEP][PASSED] - click(findTestObject("Object Repository/CheckoutPage/button_Checkout")): Object: 'Object Repository/CheckoutPage/button_Checkout' is clicked on

2023-05-12 18:21:55 - [MESSAGE][PASSED] - Object: 'Object Repository/CheckoutPage/button_Checkout' is clicked on

2023-05-12 18:21:55 - [TEST_STEP][PASSED] - sendKeys(findTestObject("Object Repository/checkout-step-one/input_Checkout Your Information_firstName"), "demo"): Keys 'demo' sent to object: 'Object Repository/checkout-step-one/input_Checkout Your Information_firstName'

2023-05-12 18:21:55 - [MESSAGE][PASSED] - Keys 'demo' sent to object: 'Object Repository/checkout-step-one/input_Checkout Your Information_firstName'

2023-05-12 18:21:55 - [TEST_STEP][PASSED] - sendKeys(findTestObject("Object Repository/checkout-step-one/input_Checkout Your Information_lastName"), "qa test"): Keys 'qa test' sent to object: 'Object Repository/checkout-step-one/input_Checkout Your Information_lastName'

2023-05-12 18:21:56 - [MESSAGE][PASSED] - Keys 'qa test' sent to object: 'Object Repository/checkout-step-one/input_Checkout Your Information_lastName'

2023-05-12 18:21:56 - [TEST_STEP][PASSED] - sendKeys(findTestObject("Object Repository/checkout-step-one/input_Checkout Your Information_postalCode"), "9000"): Keys '9000' sent to object: 'Object Repository/checkout-step-one/input_Checkout Your Information_postalCode'

2023-05-12 18:21:57 - [MESSAGE][PASSED] - Keys '9000' sent to object: 'Object Repository/checkout-step-one/input_Checkout Your Information_postalCode'

2023-05-12 18:21:57 - [TEST_STEP][PASSED] - click(findTestObject("Object Repository/checkout-step-one/input_continue")): Object: 'Object Repository/checkout-step-one/input_continue' is clicked on

2023-05-12 18:21:57 - [MESSAGE][PASSED] - Object: 'Object Repository/checkout-step-one/input_continue' is clicked on

2023-05-12 18:21:57 - [TEST_STEP][PASSED] - click(findTestObject("Object Repository/finish checkout/button_Finish")): Object: 'Object Repository/finish checkout/button_Finish' is clicked on

2023-05-12 18:21:58 - [MESSAGE][PASSED] - Object: 'Object Repository/finish checkout/button_Finish' is clicked on

2023-05-12 18:21:58 - [TEST_STEP][PASSED] - verifyElementVisible(findTestObject("Object Repository/order-success/h2_Thank you for your order")): Object 'Object Repository/order-success/h2_Thank you for your order' is visible

2023-05-12 18:21:58 - [MESSAGE][PASSED] - Object 'Object Repository/order-success/h2_Thank you for your order' is visible

2023-05-12 18:21:58 - [TEST_STEP][PASSED] - click(findTestObject("Object Repository/NavSideBar/sidebar")): Object: 'Object Repository/NavSideBar/sidebar' is clicked on

2023-05-12 18:21:59 - [MESSAGE][PASSED] - Object: 'Object Repository/NavSideBar/sidebar' is clicked on

2023-05-12 18:21:59 - [TEST_STEP][PASSED] - click(findTestObject("Object Repository/NavSideBar/a_Logout")): Object: 'Object Repository/NavSideBar/a_Logout' is clicked on

2023-05-12 18:21:59 - [MESSAGE][PASSED] - Object: 'Object Repository/NavSideBar/a_Logout' is clicked on

2023-05-12 18:21:59 - [TEST_STEP][PASSED] - verifyElementVisible(findTestObject("Object Repository/Page_Swag Labs/input_Swag Labs_user-name")): Object 'Object Repository/Page_Swag Labs/input_Swag Labs_user-name' is visible

2023-05-12 18:22:00 - [MESSAGE][PASSED] - Object 'Object Repository/Page_Swag Labs/input_Swag Labs_user-name' is visible

2023-05-12 18:22:00 - [TEST_STEP][PASSED] - closeBrowser(): Browser is closed

2023-05-12 18:22:00 - [MESSAGE][PASSED] - Browser is closed]]></system-out>
         <system-err><![CDATA[]]></system-err>
      </testcase>
      <testcase name="Test Cases/test-flow-1-buy-1-product" time="11.771" classname="Test Cases/test-flow-1-buy-1-product" status="PASSED">
         <system-out><![CDATA[2023-05-12 18:22:00 - [TEST_CASE][PASSED] - Test Cases/test-flow-1-buy-1-product: Test Cases/test-flow-1-buy-1-product

2023-05-12 18:22:00 - [TEST_STEP][PASSED] - openBrowser("https://www.saucedemo.com/"): Browser is opened with url: 'https://www.saucedemo.com/'

2023-05-12 18:22:00 - [MESSAGE][INFO] - Starting 'Chrome' driver

2023-05-12 18:22:00 - [MESSAGE][INFO] - Action delay is set to 0 milliseconds

2023-05-12 18:22:02 - [MESSAGE][PASSED] - Browser is opened with url: 'https://www.saucedemo.com/'

2023-05-12 18:22:02 - [TEST_STEP][PASSED] - click(findTestObject("Object Repository/Page_Swag Labs/input_Swag Labs_user-name")): Object: 'Object Repository/Page_Swag Labs/input_Swag Labs_user-name' is clicked on

2023-05-12 18:22:03 - [MESSAGE][PASSED] - Object: 'Object Repository/Page_Swag Labs/input_Swag Labs_user-name' is clicked on

2023-05-12 18:22:03 - [TEST_STEP][PASSED] - sendKeys(findTestObject("Object Repository/Page_Swag Labs/input_Swag Labs_user-name"), "standard_user"): Keys 'standard_user' sent to object: 'Object Repository/Page_Swag Labs/input_Swag Labs_user-name'

2023-05-12 18:22:03 - [MESSAGE][PASSED] - Keys 'standard_user' sent to object: 'Object Repository/Page_Swag Labs/input_Swag Labs_user-name'

2023-05-12 18:22:03 - [TEST_STEP][PASSED] - click(findTestObject("Object Repository/Page_Swag Labs/input_Swag Labs_password")): Object: 'Object Repository/Page_Swag Labs/input_Swag Labs_password' is clicked on

2023-05-12 18:22:03 - [MESSAGE][PASSED] - Object: 'Object Repository/Page_Swag Labs/input_Swag Labs_password' is clicked on

2023-05-12 18:22:03 - [TEST_STEP][PASSED] - sendKeys(findTestObject("Object Repository/Page_Swag Labs/input_Swag Labs_password"), "secret_sauce"): Keys 'secret_sauce' sent to object: 'Object Repository/Page_Swag Labs/input_Swag Labs_password'

2023-05-12 18:22:04 - [MESSAGE][PASSED] - Keys 'secret_sauce' sent to object: 'Object Repository/Page_Swag Labs/input_Swag Labs_password'

2023-05-12 18:22:04 - [TEST_STEP][PASSED] - click(findTestObject("Object Repository/Page_Swag Labs/input_Swag Labs_login-button")): Object: 'Object Repository/Page_Swag Labs/input_Swag Labs_login-button' is clicked on

2023-05-12 18:22:04 - [MESSAGE][PASSED] - Object: 'Object Repository/Page_Swag Labs/input_Swag Labs_login-button' is clicked on

2023-05-12 18:22:04 - [TEST_STEP][PASSED] - click(findTestObject("Object Repository/inventoryPage/Backpack")): Object: 'Object Repository/inventoryPage/Backpack' is clicked on

2023-05-12 18:22:05 - [MESSAGE][PASSED] - Object: 'Object Repository/inventoryPage/Backpack' is clicked on

2023-05-12 18:22:05 - [TEST_STEP][PASSED] - click(findTestObject("Object Repository/inventoryPage/button_Add to cart")): Object: 'Object Repository/inventoryPage/button_Add to cart' is clicked on

2023-05-12 18:22:05 - [MESSAGE][PASSED] - Object: 'Object Repository/inventoryPage/button_Add to cart' is clicked on

2023-05-12 18:22:05 - [TEST_STEP][PASSED] - click(findTestObject("Object Repository/inventoryPage/products_back-image")): Object: 'Object Repository/inventoryPage/products_back-image' is clicked on

2023-05-12 18:22:06 - [MESSAGE][PASSED] - Object: 'Object Repository/inventoryPage/products_back-image' is clicked on

2023-05-12 18:22:06 - [TEST_STEP][PASSED] - click(findTestObject("Object Repository/inventoryPage/cart")): Object: 'Object Repository/inventoryPage/cart' is clicked on

2023-05-12 18:22:06 - [MESSAGE][PASSED] - Object: 'Object Repository/inventoryPage/cart' is clicked on

2023-05-12 18:22:06 - [TEST_STEP][PASSED] - click(findTestObject("Object Repository/CheckoutPage/button_Checkout")): Object: 'Object Repository/CheckoutPage/button_Checkout' is clicked on

2023-05-12 18:22:07 - [MESSAGE][PASSED] - Object: 'Object Repository/CheckoutPage/button_Checkout' is clicked on

2023-05-12 18:22:07 - [TEST_STEP][PASSED] - sendKeys(findTestObject("Object Repository/checkout-step-one/input_Checkout Your Information_firstName"), "demo"): Keys 'demo' sent to object: 'Object Repository/checkout-step-one/input_Checkout Your Information_firstName'

2023-05-12 18:22:07 - [MESSAGE][PASSED] - Keys 'demo' sent to object: 'Object Repository/checkout-step-one/input_Checkout Your Information_firstName'

2023-05-12 18:22:07 - [TEST_STEP][PASSED] - sendKeys(findTestObject("Object Repository/checkout-step-one/input_Checkout Your Information_lastName"), "qa test"): Keys 'qa test' sent to object: 'Object Repository/checkout-step-one/input_Checkout Your Information_lastName'

2023-05-12 18:22:08 - [MESSAGE][PASSED] - Keys 'qa test' sent to object: 'Object Repository/checkout-step-one/input_Checkout Your Information_lastName'

2023-05-12 18:22:08 - [TEST_STEP][PASSED] - sendKeys(findTestObject("Object Repository/checkout-step-one/input_Checkout Your Information_postalCode"), "9000"): Keys '9000' sent to object: 'Object Repository/checkout-step-one/input_Checkout Your Information_postalCode'

2023-05-12 18:22:08 - [MESSAGE][PASSED] - Keys '9000' sent to object: 'Object Repository/checkout-step-one/input_Checkout Your Information_postalCode'

2023-05-12 18:22:08 - [TEST_STEP][PASSED] - click(findTestObject("Object Repository/checkout-step-one/input_continue")): Object: 'Object Repository/checkout-step-one/input_continue' is clicked on

2023-05-12 18:22:09 - [MESSAGE][PASSED] - Object: 'Object Repository/checkout-step-one/input_continue' is clicked on

2023-05-12 18:22:09 - [TEST_STEP][PASSED] - click(findTestObject("Object Repository/finish checkout/button_Finish")): Object: 'Object Repository/finish checkout/button_Finish' is clicked on

2023-05-12 18:22:10 - [MESSAGE][PASSED] - Object: 'Object Repository/finish checkout/button_Finish' is clicked on

2023-05-12 18:22:10 - [TEST_STEP][PASSED] - verifyElementVisible(findTestObject("Object Repository/order-success/h2_Thank you for your order")): Object 'Object Repository/order-success/h2_Thank you for your order' is visible

2023-05-12 18:22:10 - [MESSAGE][PASSED] - Object 'Object Repository/order-success/h2_Thank you for your order' is visible

2023-05-12 18:22:10 - [TEST_STEP][PASSED] - click(findTestObject("Object Repository/NavSideBar/sidebar")): Object: 'Object Repository/NavSideBar/sidebar' is clicked on

2023-05-12 18:22:10 - [MESSAGE][PASSED] - Object: 'Object Repository/NavSideBar/sidebar' is clicked on

2023-05-12 18:22:10 - [TEST_STEP][PASSED] - click(findTestObject("Object Repository/NavSideBar/a_Logout")): Object: 'Object Repository/NavSideBar/a_Logout' is clicked on

2023-05-12 18:22:11 - [MESSAGE][PASSED] - Object: 'Object Repository/NavSideBar/a_Logout' is clicked on

2023-05-12 18:22:11 - [TEST_STEP][PASSED] - verifyElementVisible(findTestObject("Object Repository/Page_Swag Labs/input_Swag Labs_user-name")): Object 'Object Repository/Page_Swag Labs/input_Swag Labs_user-name' is visible

2023-05-12 18:22:11 - [MESSAGE][PASSED] - Object 'Object Repository/Page_Swag Labs/input_Swag Labs_user-name' is visible

2023-05-12 18:22:11 - [TEST_STEP][PASSED] - closeBrowser(): Browser is closed

2023-05-12 18:22:12 - [MESSAGE][PASSED] - Browser is closed]]></system-out>
         <system-err><![CDATA[]]></system-err>
      </testcase>
      <testcase name="Test Cases/test-flow-1-buy-1-product" time="11.822" classname="Test Cases/test-flow-1-buy-1-product" status="PASSED">
         <system-out><![CDATA[2023-05-12 18:22:12 - [TEST_CASE][PASSED] - Test Cases/test-flow-1-buy-1-product: Test Cases/test-flow-1-buy-1-product

2023-05-12 18:22:12 - [TEST_STEP][PASSED] - openBrowser("https://www.saucedemo.com/"): Browser is opened with url: 'https://www.saucedemo.com/'

2023-05-12 18:22:12 - [MESSAGE][INFO] - Starting 'Chrome' driver

2023-05-12 18:22:12 - [MESSAGE][INFO] - Action delay is set to 0 milliseconds

2023-05-12 18:22:14 - [MESSAGE][PASSED] - Browser is opened with url: 'https://www.saucedemo.com/'

2023-05-12 18:22:14 - [TEST_STEP][PASSED] - click(findTestObject("Object Repository/Page_Swag Labs/input_Swag Labs_user-name")): Object: 'Object Repository/Page_Swag Labs/input_Swag Labs_user-name' is clicked on

2023-05-12 18:22:14 - [MESSAGE][PASSED] - Object: 'Object Repository/Page_Swag Labs/input_Swag Labs_user-name' is clicked on

2023-05-12 18:22:14 - [TEST_STEP][PASSED] - sendKeys(findTestObject("Object Repository/Page_Swag Labs/input_Swag Labs_user-name"), "standard_user"): Keys 'standard_user' sent to object: 'Object Repository/Page_Swag Labs/input_Swag Labs_user-name'

2023-05-12 18:22:15 - [MESSAGE][PASSED] - Keys 'standard_user' sent to object: 'Object Repository/Page_Swag Labs/input_Swag Labs_user-name'

2023-05-12 18:22:15 - [TEST_STEP][PASSED] - click(findTestObject("Object Repository/Page_Swag Labs/input_Swag Labs_password")): Object: 'Object Repository/Page_Swag Labs/input_Swag Labs_password' is clicked on

2023-05-12 18:22:15 - [MESSAGE][PASSED] - Object: 'Object Repository/Page_Swag Labs/input_Swag Labs_password' is clicked on

2023-05-12 18:22:15 - [TEST_STEP][PASSED] - sendKeys(findTestObject("Object Repository/Page_Swag Labs/input_Swag Labs_password"), "secret_sauce"): Keys 'secret_sauce' sent to object: 'Object Repository/Page_Swag Labs/input_Swag Labs_password'

2023-05-12 18:22:15 - [MESSAGE][PASSED] - Keys 'secret_sauce' sent to object: 'Object Repository/Page_Swag Labs/input_Swag Labs_password'

2023-05-12 18:22:15 - [TEST_STEP][PASSED] - click(findTestObject("Object Repository/Page_Swag Labs/input_Swag Labs_login-button")): Object: 'Object Repository/Page_Swag Labs/input_Swag Labs_login-button' is clicked on

2023-05-12 18:22:16 - [MESSAGE][PASSED] - Object: 'Object Repository/Page_Swag Labs/input_Swag Labs_login-button' is clicked on

2023-05-12 18:22:16 - [TEST_STEP][PASSED] - click(findTestObject("Object Repository/inventoryPage/Backpack")): Object: 'Object Repository/inventoryPage/Backpack' is clicked on

2023-05-12 18:22:16 - [MESSAGE][PASSED] - Object: 'Object Repository/inventoryPage/Backpack' is clicked on

2023-05-12 18:22:16 - [TEST_STEP][PASSED] - click(findTestObject("Object Repository/inventoryPage/button_Add to cart")): Object: 'Object Repository/inventoryPage/button_Add to cart' is clicked on

2023-05-12 18:22:17 - [MESSAGE][PASSED] - Object: 'Object Repository/inventoryPage/button_Add to cart' is clicked on

2023-05-12 18:22:17 - [TEST_STEP][PASSED] - click(findTestObject("Object Repository/inventoryPage/products_back-image")): Object: 'Object Repository/inventoryPage/products_back-image' is clicked on

2023-05-12 18:22:17 - [MESSAGE][PASSED] - Object: 'Object Repository/inventoryPage/products_back-image' is clicked on

2023-05-12 18:22:17 - [TEST_STEP][PASSED] - click(findTestObject("Object Repository/inventoryPage/cart")): Object: 'Object Repository/inventoryPage/cart' is clicked on

2023-05-12 18:22:18 - [MESSAGE][PASSED] - Object: 'Object Repository/inventoryPage/cart' is clicked on

2023-05-12 18:22:18 - [TEST_STEP][PASSED] - click(findTestObject("Object Repository/CheckoutPage/button_Checkout")): Object: 'Object Repository/CheckoutPage/button_Checkout' is clicked on

2023-05-12 18:22:18 - [MESSAGE][PASSED] - Object: 'Object Repository/CheckoutPage/button_Checkout' is clicked on

2023-05-12 18:22:18 - [TEST_STEP][PASSED] - sendKeys(findTestObject("Object Repository/checkout-step-one/input_Checkout Your Information_firstName"), "demo"): Keys 'demo' sent to object: 'Object Repository/checkout-step-one/input_Checkout Your Information_firstName'

2023-05-12 18:22:19 - [MESSAGE][PASSED] - Keys 'demo' sent to object: 'Object Repository/checkout-step-one/input_Checkout Your Information_firstName'

2023-05-12 18:22:19 - [TEST_STEP][PASSED] - sendKeys(findTestObject("Object Repository/checkout-step-one/input_Checkout Your Information_lastName"), "qa test"): Keys 'qa test' sent to object: 'Object Repository/checkout-step-one/input_Checkout Your Information_lastName'

2023-05-12 18:22:20 - [MESSAGE][PASSED] - Keys 'qa test' sent to object: 'Object Repository/checkout-step-one/input_Checkout Your Information_lastName'

2023-05-12 18:22:20 - [TEST_STEP][PASSED] - sendKeys(findTestObject("Object Repository/checkout-step-one/input_Checkout Your Information_postalCode"), "9000"): Keys '9000' sent to object: 'Object Repository/checkout-step-one/input_Checkout Your Information_postalCode'

2023-05-12 18:22:20 - [MESSAGE][PASSED] - Keys '9000' sent to object: 'Object Repository/checkout-step-one/input_Checkout Your Information_postalCode'

2023-05-12 18:22:20 - [TEST_STEP][PASSED] - click(findTestObject("Object Repository/checkout-step-one/input_continue")): Object: 'Object Repository/checkout-step-one/input_continue' is clicked on

2023-05-12 18:22:21 - [MESSAGE][PASSED] - Object: 'Object Repository/checkout-step-one/input_continue' is clicked on

2023-05-12 18:22:21 - [TEST_STEP][PASSED] - click(findTestObject("Object Repository/finish checkout/button_Finish")): Object: 'Object Repository/finish checkout/button_Finish' is clicked on

2023-05-12 18:22:21 - [MESSAGE][PASSED] - Object: 'Object Repository/finish checkout/button_Finish' is clicked on

2023-05-12 18:22:21 - [TEST_STEP][PASSED] - verifyElementVisible(findTestObject("Object Repository/order-success/h2_Thank you for your order")): Object 'Object Repository/order-success/h2_Thank you for your order' is visible

2023-05-12 18:22:22 - [MESSAGE][PASSED] - Object 'Object Repository/order-success/h2_Thank you for your order' is visible

2023-05-12 18:22:22 - [TEST_STEP][PASSED] - click(findTestObject("Object Repository/NavSideBar/sidebar")): Object: 'Object Repository/NavSideBar/sidebar' is clicked on

2023-05-12 18:22:22 - [MESSAGE][PASSED] - Object: 'Object Repository/NavSideBar/sidebar' is clicked on

2023-05-12 18:22:22 - [TEST_STEP][PASSED] - click(findTestObject("Object Repository/NavSideBar/a_Logout")): Object: 'Object Repository/NavSideBar/a_Logout' is clicked on

2023-05-12 18:22:23 - [MESSAGE][PASSED] - Object: 'Object Repository/NavSideBar/a_Logout' is clicked on

2023-05-12 18:22:23 - [TEST_STEP][PASSED] - verifyElementVisible(findTestObject("Object Repository/Page_Swag Labs/input_Swag Labs_user-name")): Object 'Object Repository/Page_Swag Labs/input_Swag Labs_user-name' is visible

2023-05-12 18:22:23 - [MESSAGE][PASSED] - Object 'Object Repository/Page_Swag Labs/input_Swag Labs_user-name' is visible

2023-05-12 18:22:23 - [TEST_STEP][PASSED] - closeBrowser(): Browser is closed

2023-05-12 18:22:24 - [MESSAGE][PASSED] - Browser is closed]]></system-out>
         <system-err><![CDATA[]]></system-err>
      </testcase>
      <testcase name="Test Cases/test-flow-1-buy-1-product" time="11.982" classname="Test Cases/test-flow-1-buy-1-product" status="PASSED">
         <system-out><![CDATA[2023-05-12 18:22:24 - [TEST_CASE][PASSED] - Test Cases/test-flow-1-buy-1-product: Test Cases/test-flow-1-buy-1-product

2023-05-12 18:22:24 - [TEST_STEP][PASSED] - openBrowser("https://www.saucedemo.com/"): Browser is opened with url: 'https://www.saucedemo.com/'

2023-05-12 18:22:24 - [MESSAGE][INFO] - Starting 'Chrome' driver

2023-05-12 18:22:24 - [MESSAGE][INFO] - Action delay is set to 0 milliseconds

2023-05-12 18:22:26 - [MESSAGE][PASSED] - Browser is opened with url: 'https://www.saucedemo.com/'

2023-05-12 18:22:26 - [TEST_STEP][PASSED] - click(findTestObject("Object Repository/Page_Swag Labs/input_Swag Labs_user-name")): Object: 'Object Repository/Page_Swag Labs/input_Swag Labs_user-name' is clicked on

2023-05-12 18:22:26 - [MESSAGE][PASSED] - Object: 'Object Repository/Page_Swag Labs/input_Swag Labs_user-name' is clicked on

2023-05-12 18:22:26 - [TEST_STEP][PASSED] - sendKeys(findTestObject("Object Repository/Page_Swag Labs/input_Swag Labs_user-name"), "standard_user"): Keys 'standard_user' sent to object: 'Object Repository/Page_Swag Labs/input_Swag Labs_user-name'

2023-05-12 18:22:27 - [MESSAGE][PASSED] - Keys 'standard_user' sent to object: 'Object Repository/Page_Swag Labs/input_Swag Labs_user-name'

2023-05-12 18:22:27 - [TEST_STEP][PASSED] - click(findTestObject("Object Repository/Page_Swag Labs/input_Swag Labs_password")): Object: 'Object Repository/Page_Swag Labs/input_Swag Labs_password' is clicked on

2023-05-12 18:22:27 - [MESSAGE][PASSED] - Object: 'Object Repository/Page_Swag Labs/input_Swag Labs_password' is clicked on

2023-05-12 18:22:27 - [TEST_STEP][PASSED] - sendKeys(findTestObject("Object Repository/Page_Swag Labs/input_Swag Labs_password"), "secret_sauce"): Keys 'secret_sauce' sent to object: 'Object Repository/Page_Swag Labs/input_Swag Labs_password'

2023-05-12 18:22:27 - [MESSAGE][PASSED] - Keys 'secret_sauce' sent to object: 'Object Repository/Page_Swag Labs/input_Swag Labs_password'

2023-05-12 18:22:27 - [TEST_STEP][PASSED] - click(findTestObject("Object Repository/Page_Swag Labs/input_Swag Labs_login-button")): Object: 'Object Repository/Page_Swag Labs/input_Swag Labs_login-button' is clicked on

2023-05-12 18:22:28 - [MESSAGE][PASSED] - Object: 'Object Repository/Page_Swag Labs/input_Swag Labs_login-button' is clicked on

2023-05-12 18:22:28 - [TEST_STEP][PASSED] - click(findTestObject("Object Repository/inventoryPage/Backpack")): Object: 'Object Repository/inventoryPage/Backpack' is clicked on

2023-05-12 18:22:28 - [MESSAGE][PASSED] - Object: 'Object Repository/inventoryPage/Backpack' is clicked on

2023-05-12 18:22:28 - [TEST_STEP][PASSED] - click(findTestObject("Object Repository/inventoryPage/button_Add to cart")): Object: 'Object Repository/inventoryPage/button_Add to cart' is clicked on

2023-05-12 18:22:29 - [MESSAGE][PASSED] - Object: 'Object Repository/inventoryPage/button_Add to cart' is clicked on

2023-05-12 18:22:29 - [TEST_STEP][PASSED] - click(findTestObject("Object Repository/inventoryPage/products_back-image")): Object: 'Object Repository/inventoryPage/products_back-image' is clicked on

2023-05-12 18:22:29 - [MESSAGE][PASSED] - Object: 'Object Repository/inventoryPage/products_back-image' is clicked on

2023-05-12 18:22:29 - [TEST_STEP][PASSED] - click(findTestObject("Object Repository/inventoryPage/cart")): Object: 'Object Repository/inventoryPage/cart' is clicked on

2023-05-12 18:22:30 - [MESSAGE][PASSED] - Object: 'Object Repository/inventoryPage/cart' is clicked on

2023-05-12 18:22:30 - [TEST_STEP][PASSED] - click(findTestObject("Object Repository/CheckoutPage/button_Checkout")): Object: 'Object Repository/CheckoutPage/button_Checkout' is clicked on

2023-05-12 18:22:30 - [MESSAGE][PASSED] - Object: 'Object Repository/CheckoutPage/button_Checkout' is clicked on

2023-05-12 18:22:30 - [TEST_STEP][PASSED] - sendKeys(findTestObject("Object Repository/checkout-step-one/input_Checkout Your Information_firstName"), "demo"): Keys 'demo' sent to object: 'Object Repository/checkout-step-one/input_Checkout Your Information_firstName'

2023-05-12 18:22:31 - [MESSAGE][PASSED] - Keys 'demo' sent to object: 'Object Repository/checkout-step-one/input_Checkout Your Information_firstName'

2023-05-12 18:22:31 - [TEST_STEP][PASSED] - sendKeys(findTestObject("Object Repository/checkout-step-one/input_Checkout Your Information_lastName"), "qa test"): Keys 'qa test' sent to object: 'Object Repository/checkout-step-one/input_Checkout Your Information_lastName'

2023-05-12 18:22:32 - [MESSAGE][PASSED] - Keys 'qa test' sent to object: 'Object Repository/checkout-step-one/input_Checkout Your Information_lastName'

2023-05-12 18:22:32 - [TEST_STEP][PASSED] - sendKeys(findTestObject("Object Repository/checkout-step-one/input_Checkout Your Information_postalCode"), "9000"): Keys '9000' sent to object: 'Object Repository/checkout-step-one/input_Checkout Your Information_postalCode'

2023-05-12 18:22:32 - [MESSAGE][PASSED] - Keys '9000' sent to object: 'Object Repository/checkout-step-one/input_Checkout Your Information_postalCode'

2023-05-12 18:22:32 - [TEST_STEP][PASSED] - click(findTestObject("Object Repository/checkout-step-one/input_continue")): Object: 'Object Repository/checkout-step-one/input_continue' is clicked on

2023-05-12 18:22:33 - [MESSAGE][PASSED] - Object: 'Object Repository/checkout-step-one/input_continue' is clicked on

2023-05-12 18:22:33 - [TEST_STEP][PASSED] - click(findTestObject("Object Repository/finish checkout/button_Finish")): Object: 'Object Repository/finish checkout/button_Finish' is clicked on

2023-05-12 18:22:33 - [MESSAGE][PASSED] - Object: 'Object Repository/finish checkout/button_Finish' is clicked on

2023-05-12 18:22:33 - [TEST_STEP][PASSED] - verifyElementVisible(findTestObject("Object Repository/order-success/h2_Thank you for your order")): Object 'Object Repository/order-success/h2_Thank you for your order' is visible

2023-05-12 18:22:34 - [MESSAGE][PASSED] - Object 'Object Repository/order-success/h2_Thank you for your order' is visible

2023-05-12 18:22:34 - [TEST_STEP][PASSED] - click(findTestObject("Object Repository/NavSideBar/sidebar")): Object: 'Object Repository/NavSideBar/sidebar' is clicked on

2023-05-12 18:22:34 - [MESSAGE][PASSED] - Object: 'Object Repository/NavSideBar/sidebar' is clicked on

2023-05-12 18:22:34 - [TEST_STEP][PASSED] - click(findTestObject("Object Repository/NavSideBar/a_Logout")): Object: 'Object Repository/NavSideBar/a_Logout' is clicked on

2023-05-12 18:22:35 - [MESSAGE][PASSED] - Object: 'Object Repository/NavSideBar/a_Logout' is clicked on

2023-05-12 18:22:35 - [TEST_STEP][PASSED] - verifyElementVisible(findTestObject("Object Repository/Page_Swag Labs/input_Swag Labs_user-name")): Object 'Object Repository/Page_Swag Labs/input_Swag Labs_user-name' is visible

2023-05-12 18:22:35 - [MESSAGE][PASSED] - Object 'Object Repository/Page_Swag Labs/input_Swag Labs_user-name' is visible

2023-05-12 18:22:35 - [TEST_STEP][PASSED] - closeBrowser(): Browser is closed

2023-05-12 18:22:36 - [MESSAGE][PASSED] - Browser is closed]]></system-out>
         <system-err><![CDATA[]]></system-err>
      </testcase>
      <testcase name="Test Cases/test-flow-1-buy-1-product" time="12.38" classname="Test Cases/test-flow-1-buy-1-product" status="PASSED">
         <system-out><![CDATA[2023-05-12 18:22:36 - [TEST_CASE][PASSED] - Test Cases/test-flow-1-buy-1-product: Test Cases/test-flow-1-buy-1-product

2023-05-12 18:22:36 - [TEST_STEP][PASSED] - openBrowser("https://www.saucedemo.com/"): Browser is opened with url: 'https://www.saucedemo.com/'

2023-05-12 18:22:36 - [MESSAGE][INFO] - Starting 'Chrome' driver

2023-05-12 18:22:36 - [MESSAGE][INFO] - Action delay is set to 0 milliseconds

2023-05-12 18:22:38 - [MESSAGE][PASSED] - Browser is opened with url: 'https://www.saucedemo.com/'

2023-05-12 18:22:38 - [TEST_STEP][PASSED] - click(findTestObject("Object Repository/Page_Swag Labs/input_Swag Labs_user-name")): Object: 'Object Repository/Page_Swag Labs/input_Swag Labs_user-name' is clicked on

2023-05-12 18:22:39 - [MESSAGE][PASSED] - Object: 'Object Repository/Page_Swag Labs/input_Swag Labs_user-name' is clicked on

2023-05-12 18:22:39 - [TEST_STEP][PASSED] - sendKeys(findTestObject("Object Repository/Page_Swag Labs/input_Swag Labs_user-name"), "standard_user"): Keys 'standard_user' sent to object: 'Object Repository/Page_Swag Labs/input_Swag Labs_user-name'

2023-05-12 18:22:39 - [MESSAGE][PASSED] - Keys 'standard_user' sent to object: 'Object Repository/Page_Swag Labs/input_Swag Labs_user-name'

2023-05-12 18:22:39 - [TEST_STEP][PASSED] - click(findTestObject("Object Repository/Page_Swag Labs/input_Swag Labs_password")): Object: 'Object Repository/Page_Swag Labs/input_Swag Labs_password' is clicked on

2023-05-12 18:22:39 - [MESSAGE][PASSED] - Object: 'Object Repository/Page_Swag Labs/input_Swag Labs_password' is clicked on

2023-05-12 18:22:39 - [TEST_STEP][PASSED] - sendKeys(findTestObject("Object Repository/Page_Swag Labs/input_Swag Labs_password"), "secret_sauce"): Keys 'secret_sauce' sent to object: 'Object Repository/Page_Swag Labs/input_Swag Labs_password'

2023-05-12 18:22:40 - [MESSAGE][PASSED] - Keys 'secret_sauce' sent to object: 'Object Repository/Page_Swag Labs/input_Swag Labs_password'

2023-05-12 18:22:40 - [TEST_STEP][PASSED] - click(findTestObject("Object Repository/Page_Swag Labs/input_Swag Labs_login-button")): Object: 'Object Repository/Page_Swag Labs/input_Swag Labs_login-button' is clicked on

2023-05-12 18:22:40 - [MESSAGE][PASSED] - Object: 'Object Repository/Page_Swag Labs/input_Swag Labs_login-button' is clicked on

2023-05-12 18:22:40 - [TEST_STEP][PASSED] - click(findTestObject("Object Repository/inventoryPage/Backpack")): Object: 'Object Repository/inventoryPage/Backpack' is clicked on

2023-05-12 18:22:41 - [MESSAGE][PASSED] - Object: 'Object Repository/inventoryPage/Backpack' is clicked on

2023-05-12 18:22:41 - [TEST_STEP][PASSED] - click(findTestObject("Object Repository/inventoryPage/button_Add to cart")): Object: 'Object Repository/inventoryPage/button_Add to cart' is clicked on

2023-05-12 18:22:41 - [MESSAGE][PASSED] - Object: 'Object Repository/inventoryPage/button_Add to cart' is clicked on

2023-05-12 18:22:41 - [TEST_STEP][PASSED] - click(findTestObject("Object Repository/inventoryPage/products_back-image")): Object: 'Object Repository/inventoryPage/products_back-image' is clicked on

2023-05-12 18:22:42 - [MESSAGE][PASSED] - Object: 'Object Repository/inventoryPage/products_back-image' is clicked on

2023-05-12 18:22:42 - [TEST_STEP][PASSED] - click(findTestObject("Object Repository/inventoryPage/cart")): Object: 'Object Repository/inventoryPage/cart' is clicked on

2023-05-12 18:22:42 - [MESSAGE][PASSED] - Object: 'Object Repository/inventoryPage/cart' is clicked on

2023-05-12 18:22:42 - [TEST_STEP][PASSED] - click(findTestObject("Object Repository/CheckoutPage/button_Checkout")): Object: 'Object Repository/CheckoutPage/button_Checkout' is clicked on

2023-05-12 18:22:43 - [MESSAGE][PASSED] - Object: 'Object Repository/CheckoutPage/button_Checkout' is clicked on

2023-05-12 18:22:43 - [TEST_STEP][PASSED] - sendKeys(findTestObject("Object Repository/checkout-step-one/input_Checkout Your Information_firstName"), "demo"): Keys 'demo' sent to object: 'Object Repository/checkout-step-one/input_Checkout Your Information_firstName'

2023-05-12 18:22:43 - [MESSAGE][PASSED] - Keys 'demo' sent to object: 'Object Repository/checkout-step-one/input_Checkout Your Information_firstName'

2023-05-12 18:22:43 - [TEST_STEP][PASSED] - sendKeys(findTestObject("Object Repository/checkout-step-one/input_Checkout Your Information_lastName"), "qa test"): Keys 'qa test' sent to object: 'Object Repository/checkout-step-one/input_Checkout Your Information_lastName'

2023-05-12 18:22:44 - [MESSAGE][PASSED] - Keys 'qa test' sent to object: 'Object Repository/checkout-step-one/input_Checkout Your Information_lastName'

2023-05-12 18:22:44 - [TEST_STEP][PASSED] - sendKeys(findTestObject("Object Repository/checkout-step-one/input_Checkout Your Information_postalCode"), "9000"): Keys '9000' sent to object: 'Object Repository/checkout-step-one/input_Checkout Your Information_postalCode'

2023-05-12 18:22:44 - [MESSAGE][PASSED] - Keys '9000' sent to object: 'Object Repository/checkout-step-one/input_Checkout Your Information_postalCode'

2023-05-12 18:22:44 - [TEST_STEP][PASSED] - click(findTestObject("Object Repository/checkout-step-one/input_continue")): Object: 'Object Repository/checkout-step-one/input_continue' is clicked on

2023-05-12 18:22:45 - [MESSAGE][PASSED] - Object: 'Object Repository/checkout-step-one/input_continue' is clicked on

2023-05-12 18:22:45 - [TEST_STEP][PASSED] - click(findTestObject("Object Repository/finish checkout/button_Finish")): Object: 'Object Repository/finish checkout/button_Finish' is clicked on

2023-05-12 18:22:46 - [MESSAGE][PASSED] - Object: 'Object Repository/finish checkout/button_Finish' is clicked on

2023-05-12 18:22:46 - [TEST_STEP][PASSED] - verifyElementVisible(findTestObject("Object Repository/order-success/h2_Thank you for your order")): Object 'Object Repository/order-success/h2_Thank you for your order' is visible

2023-05-12 18:22:46 - [MESSAGE][PASSED] - Object 'Object Repository/order-success/h2_Thank you for your order' is visible

2023-05-12 18:22:46 - [TEST_STEP][PASSED] - click(findTestObject("Object Repository/NavSideBar/sidebar")): Object: 'Object Repository/NavSideBar/sidebar' is clicked on

2023-05-12 18:22:47 - [MESSAGE][PASSED] - Object: 'Object Repository/NavSideBar/sidebar' is clicked on

2023-05-12 18:22:47 - [TEST_STEP][PASSED] - click(findTestObject("Object Repository/NavSideBar/a_Logout")): Object: 'Object Repository/NavSideBar/a_Logout' is clicked on

2023-05-12 18:22:47 - [MESSAGE][PASSED] - Object: 'Object Repository/NavSideBar/a_Logout' is clicked on

2023-05-12 18:22:47 - [TEST_STEP][PASSED] - verifyElementVisible(findTestObject("Object Repository/Page_Swag Labs/input_Swag Labs_user-name")): Object 'Object Repository/Page_Swag Labs/input_Swag Labs_user-name' is visible

2023-05-12 18:22:48 - [MESSAGE][PASSED] - Object 'Object Repository/Page_Swag Labs/input_Swag Labs_user-name' is visible

2023-05-12 18:22:48 - [TEST_STEP][PASSED] - closeBrowser(): Browser is closed

2023-05-12 18:22:48 - [MESSAGE][PASSED] - Browser is closed]]></system-out>
         <system-err><![CDATA[]]></system-err>
      </testcase>
      <system-out><![CDATA[2023-05-12 18:18:46 - [TEST_SUITE][PASSED] - simple case: Test Cases/test-flow-1-buy-1-product]]></system-out>
      <system-err><![CDATA[]]></system-err>
   </testsuite>
   <testsuite name="simple case" tests="20" failures="0" errors="0" time="239.952" skipped="0" timestamp="2023-05-12 18:22:51" hostname="minh.nguyen - 5YHW2D3" id="Test Suites/simple case">
      <properties>
         <property name="deviceName" value=""/>
         <property name="devicePlatform" value=""/>
         <property name="logFolder" value="C:\\Users\\minh.nguyen\\Desktop\\GitRepo\\tri-nhan-repo\\Reports\\20230512_171239\\simple case\\20230512_171314"/>
         <property name="logFiles" value="C:\\Users\\minh.nguyen\\Desktop\\GitRepo\\tri-nhan-repo\\Reports\\20230512_171239\\simple case\\20230512_171314\\execution0.log"/>
         <property name="attachments" value=""/>
         <property name="hostName" value="minh.nguyen - 5YHW2D3"/>
         <property name="os" value="Windows 10 64bit"/>
         <property name="katalonVersion" value="8.5.5.208"/>
         <property name="browser" value="Chrome 112.0.0.0"/>
         <property name="hostAddress" value="192.168.1.86"/>
         <property name="sessionId" value="f619c4c3e91377b8c5a4c22ac059ae3a"/>
         <property name="seleniumVersion" value="3.141.59"/>
         <property name="proxyInformation" value="ProxyInformation { proxyOption=NO_PROXY, proxyServerType=HTTP, username=, password=********, proxyServerAddress=, proxyServerPort=0, executionList=&quot;&quot;, isApplyToDesiredCapabilities=true }"/>
         <property name="platform" value="Windows 10"/>
      </properties>
      <testcase name="Test Cases/test-flow-1-buy-1-product" time="13.177" classname="Test Cases/test-flow-1-buy-1-product" status="PASSED">
         <system-out><![CDATA[2023-05-12 18:22:52 - [TEST_CASE][PASSED] - Test Cases/test-flow-1-buy-1-product: Test Cases/test-flow-1-buy-1-product

2023-05-12 18:22:52 - [TEST_STEP][PASSED] - openBrowser("https://www.saucedemo.com/"): Browser is opened with url: 'https://www.saucedemo.com/'

2023-05-12 18:22:52 - [MESSAGE][INFO] - Starting 'Chrome' driver

2023-05-12 18:22:52 - [MESSAGE][INFO] - Action delay is set to 0 milliseconds

2023-05-12 18:22:55 - [MESSAGE][PASSED] - Browser is opened with url: 'https://www.saucedemo.com/'

2023-05-12 18:22:55 - [TEST_STEP][PASSED] - click(findTestObject("Object Repository/Page_Swag Labs/input_Swag Labs_user-name")): Object: 'Object Repository/Page_Swag Labs/input_Swag Labs_user-name' is clicked on

2023-05-12 18:22:55 - [MESSAGE][PASSED] - Object: 'Object Repository/Page_Swag Labs/input_Swag Labs_user-name' is clicked on

2023-05-12 18:22:55 - [TEST_STEP][PASSED] - sendKeys(findTestObject("Object Repository/Page_Swag Labs/input_Swag Labs_user-name"), "standard_user"): Keys 'standard_user' sent to object: 'Object Repository/Page_Swag Labs/input_Swag Labs_user-name'

2023-05-12 18:22:56 - [MESSAGE][PASSED] - Keys 'standard_user' sent to object: 'Object Repository/Page_Swag Labs/input_Swag Labs_user-name'

2023-05-12 18:22:56 - [TEST_STEP][PASSED] - click(findTestObject("Object Repository/Page_Swag Labs/input_Swag Labs_password")): Object: 'Object Repository/Page_Swag Labs/input_Swag Labs_password' is clicked on

2023-05-12 18:22:56 - [MESSAGE][PASSED] - Object: 'Object Repository/Page_Swag Labs/input_Swag Labs_password' is clicked on

2023-05-12 18:22:56 - [TEST_STEP][PASSED] - sendKeys(findTestObject("Object Repository/Page_Swag Labs/input_Swag Labs_password"), "secret_sauce"): Keys 'secret_sauce' sent to object: 'Object Repository/Page_Swag Labs/input_Swag Labs_password'

2023-05-12 18:22:56 - [MESSAGE][PASSED] - Keys 'secret_sauce' sent to object: 'Object Repository/Page_Swag Labs/input_Swag Labs_password'

2023-05-12 18:22:56 - [TEST_STEP][PASSED] - click(findTestObject("Object Repository/Page_Swag Labs/input_Swag Labs_login-button")): Object: 'Object Repository/Page_Swag Labs/input_Swag Labs_login-button' is clicked on

2023-05-12 18:22:57 - [MESSAGE][PASSED] - Object: 'Object Repository/Page_Swag Labs/input_Swag Labs_login-button' is clicked on

2023-05-12 18:22:57 - [TEST_STEP][PASSED] - click(findTestObject("Object Repository/inventoryPage/Backpack")): Object: 'Object Repository/inventoryPage/Backpack' is clicked on

2023-05-12 18:22:57 - [MESSAGE][PASSED] - Object: 'Object Repository/inventoryPage/Backpack' is clicked on

2023-05-12 18:22:57 - [TEST_STEP][PASSED] - click(findTestObject("Object Repository/inventoryPage/button_Add to cart")): Object: 'Object Repository/inventoryPage/button_Add to cart' is clicked on

2023-05-12 18:22:58 - [MESSAGE][PASSED] - Object: 'Object Repository/inventoryPage/button_Add to cart' is clicked on

2023-05-12 18:22:58 - [TEST_STEP][PASSED] - click(findTestObject("Object Repository/inventoryPage/products_back-image")): Object: 'Object Repository/inventoryPage/products_back-image' is clicked on

2023-05-12 18:22:58 - [MESSAGE][PASSED] - Object: 'Object Repository/inventoryPage/products_back-image' is clicked on

2023-05-12 18:22:58 - [TEST_STEP][PASSED] - click(findTestObject("Object Repository/inventoryPage/cart")): Object: 'Object Repository/inventoryPage/cart' is clicked on

2023-05-12 18:22:59 - [MESSAGE][PASSED] - Object: 'Object Repository/inventoryPage/cart' is clicked on

2023-05-12 18:22:59 - [TEST_STEP][PASSED] - click(findTestObject("Object Repository/CheckoutPage/button_Checkout")): Object: 'Object Repository/CheckoutPage/button_Checkout' is clicked on

2023-05-12 18:22:59 - [MESSAGE][PASSED] - Object: 'Object Repository/CheckoutPage/button_Checkout' is clicked on

2023-05-12 18:22:59 - [TEST_STEP][PASSED] - sendKeys(findTestObject("Object Repository/checkout-step-one/input_Checkout Your Information_firstName"), "demo"): Keys 'demo' sent to object: 'Object Repository/checkout-step-one/input_Checkout Your Information_firstName'

2023-05-12 18:23:00 - [MESSAGE][PASSED] - Keys 'demo' sent to object: 'Object Repository/checkout-step-one/input_Checkout Your Information_firstName'

2023-05-12 18:23:00 - [TEST_STEP][PASSED] - sendKeys(findTestObject("Object Repository/checkout-step-one/input_Checkout Your Information_lastName"), "qa test"): Keys 'qa test' sent to object: 'Object Repository/checkout-step-one/input_Checkout Your Information_lastName'

2023-05-12 18:23:00 - [MESSAGE][PASSED] - Keys 'qa test' sent to object: 'Object Repository/checkout-step-one/input_Checkout Your Information_lastName'

2023-05-12 18:23:00 - [TEST_STEP][PASSED] - sendKeys(findTestObject("Object Repository/checkout-step-one/input_Checkout Your Information_postalCode"), "9000"): Keys '9000' sent to object: 'Object Repository/checkout-step-one/input_Checkout Your Information_postalCode'

2023-05-12 18:23:01 - [MESSAGE][PASSED] - Keys '9000' sent to object: 'Object Repository/checkout-step-one/input_Checkout Your Information_postalCode'

2023-05-12 18:23:01 - [TEST_STEP][PASSED] - click(findTestObject("Object Repository/checkout-step-one/input_continue")): Object: 'Object Repository/checkout-step-one/input_continue' is clicked on

2023-05-12 18:23:02 - [MESSAGE][PASSED] - Object: 'Object Repository/checkout-step-one/input_continue' is clicked on

2023-05-12 18:23:02 - [TEST_STEP][PASSED] - click(findTestObject("Object Repository/finish checkout/button_Finish")): Object: 'Object Repository/finish checkout/button_Finish' is clicked on

2023-05-12 18:23:02 - [MESSAGE][PASSED] - Object: 'Object Repository/finish checkout/button_Finish' is clicked on

2023-05-12 18:23:02 - [TEST_STEP][PASSED] - verifyElementVisible(findTestObject("Object Repository/order-success/h2_Thank you for your order")): Object 'Object Repository/order-success/h2_Thank you for your order' is visible

2023-05-12 18:23:03 - [MESSAGE][PASSED] - Object 'Object Repository/order-success/h2_Thank you for your order' is visible

2023-05-12 18:23:03 - [TEST_STEP][PASSED] - click(findTestObject("Object Repository/NavSideBar/sidebar")): Object: 'Object Repository/NavSideBar/sidebar' is clicked on

2023-05-12 18:23:03 - [MESSAGE][PASSED] - Object: 'Object Repository/NavSideBar/sidebar' is clicked on

2023-05-12 18:23:03 - [TEST_STEP][PASSED] - click(findTestObject("Object Repository/NavSideBar/a_Logout")): Object: 'Object Repository/NavSideBar/a_Logout' is clicked on

2023-05-12 18:23:04 - [MESSAGE][PASSED] - Object: 'Object Repository/NavSideBar/a_Logout' is clicked on

2023-05-12 18:23:04 - [TEST_STEP][PASSED] - verifyElementVisible(findTestObject("Object Repository/Page_Swag Labs/input_Swag Labs_user-name")): Object 'Object Repository/Page_Swag Labs/input_Swag Labs_user-name' is visible

2023-05-12 18:23:04 - [MESSAGE][PASSED] - Object 'Object Repository/Page_Swag Labs/input_Swag Labs_user-name' is visible

2023-05-12 18:23:04 - [TEST_STEP][PASSED] - closeBrowser(): Browser is closed

2023-05-12 18:23:05 - [MESSAGE][PASSED] - Browser is closed]]></system-out>
         <system-err><![CDATA[]]></system-err>
      </testcase>
      <testcase name="Test Cases/test-flow-1-buy-1-product" time="11.889" classname="Test Cases/test-flow-1-buy-1-product" status="PASSED">
         <system-out><![CDATA[2023-05-12 18:23:05 - [TEST_CASE][PASSED] - Test Cases/test-flow-1-buy-1-product: Test Cases/test-flow-1-buy-1-product

2023-05-12 18:23:05 - [TEST_STEP][PASSED] - openBrowser("https://www.saucedemo.com/"): Browser is opened with url: 'https://www.saucedemo.com/'

2023-05-12 18:23:05 - [MESSAGE][INFO] - Starting 'Chrome' driver

2023-05-12 18:23:05 - [MESSAGE][INFO] - Action delay is set to 0 milliseconds

2023-05-12 18:23:07 - [MESSAGE][PASSED] - Browser is opened with url: 'https://www.saucedemo.com/'

2023-05-12 18:23:07 - [TEST_STEP][PASSED] - click(findTestObject("Object Repository/Page_Swag Labs/input_Swag Labs_user-name")): Object: 'Object Repository/Page_Swag Labs/input_Swag Labs_user-name' is clicked on

2023-05-12 18:23:07 - [MESSAGE][PASSED] - Object: 'Object Repository/Page_Swag Labs/input_Swag Labs_user-name' is clicked on

2023-05-12 18:23:07 - [TEST_STEP][PASSED] - sendKeys(findTestObject("Object Repository/Page_Swag Labs/input_Swag Labs_user-name"), "standard_user"): Keys 'standard_user' sent to object: 'Object Repository/Page_Swag Labs/input_Swag Labs_user-name'

2023-05-12 18:23:08 - [MESSAGE][PASSED] - Keys 'standard_user' sent to object: 'Object Repository/Page_Swag Labs/input_Swag Labs_user-name'

2023-05-12 18:23:08 - [TEST_STEP][PASSED] - click(findTestObject("Object Repository/Page_Swag Labs/input_Swag Labs_password")): Object: 'Object Repository/Page_Swag Labs/input_Swag Labs_password' is clicked on

2023-05-12 18:23:08 - [MESSAGE][PASSED] - Object: 'Object Repository/Page_Swag Labs/input_Swag Labs_password' is clicked on

2023-05-12 18:23:08 - [TEST_STEP][PASSED] - sendKeys(findTestObject("Object Repository/Page_Swag Labs/input_Swag Labs_password"), "secret_sauce"): Keys 'secret_sauce' sent to object: 'Object Repository/Page_Swag Labs/input_Swag Labs_password'

2023-05-12 18:23:08 - [MESSAGE][PASSED] - Keys 'secret_sauce' sent to object: 'Object Repository/Page_Swag Labs/input_Swag Labs_password'

2023-05-12 18:23:08 - [TEST_STEP][PASSED] - click(findTestObject("Object Repository/Page_Swag Labs/input_Swag Labs_login-button")): Object: 'Object Repository/Page_Swag Labs/input_Swag Labs_login-button' is clicked on

2023-05-12 18:23:09 - [MESSAGE][PASSED] - Object: 'Object Repository/Page_Swag Labs/input_Swag Labs_login-button' is clicked on

2023-05-12 18:23:09 - [TEST_STEP][PASSED] - click(findTestObject("Object Repository/inventoryPage/Backpack")): Object: 'Object Repository/inventoryPage/Backpack' is clicked on

2023-05-12 18:23:09 - [MESSAGE][PASSED] - Object: 'Object Repository/inventoryPage/Backpack' is clicked on

2023-05-12 18:23:09 - [TEST_STEP][PASSED] - click(findTestObject("Object Repository/inventoryPage/button_Add to cart")): Object: 'Object Repository/inventoryPage/button_Add to cart' is clicked on

2023-05-12 18:23:10 - [MESSAGE][PASSED] - Object: 'Object Repository/inventoryPage/button_Add to cart' is clicked on

2023-05-12 18:23:10 - [TEST_STEP][PASSED] - click(findTestObject("Object Repository/inventoryPage/products_back-image")): Object: 'Object Repository/inventoryPage/products_back-image' is clicked on

2023-05-12 18:23:10 - [MESSAGE][PASSED] - Object: 'Object Repository/inventoryPage/products_back-image' is clicked on

2023-05-12 18:23:10 - [TEST_STEP][PASSED] - click(findTestObject("Object Repository/inventoryPage/cart")): Object: 'Object Repository/inventoryPage/cart' is clicked on

2023-05-12 18:23:11 - [MESSAGE][PASSED] - Object: 'Object Repository/inventoryPage/cart' is clicked on

2023-05-12 18:23:11 - [TEST_STEP][PASSED] - click(findTestObject("Object Repository/CheckoutPage/button_Checkout")): Object: 'Object Repository/CheckoutPage/button_Checkout' is clicked on

2023-05-12 18:23:11 - [MESSAGE][PASSED] - Object: 'Object Repository/CheckoutPage/button_Checkout' is clicked on

2023-05-12 18:23:11 - [TEST_STEP][PASSED] - sendKeys(findTestObject("Object Repository/checkout-step-one/input_Checkout Your Information_firstName"), "demo"): Keys 'demo' sent to object: 'Object Repository/checkout-step-one/input_Checkout Your Information_firstName'

2023-05-12 18:23:12 - [MESSAGE][PASSED] - Keys 'demo' sent to object: 'Object Repository/checkout-step-one/input_Checkout Your Information_firstName'

2023-05-12 18:23:12 - [TEST_STEP][PASSED] - sendKeys(findTestObject("Object Repository/checkout-step-one/input_Checkout Your Information_lastName"), "qa test"): Keys 'qa test' sent to object: 'Object Repository/checkout-step-one/input_Checkout Your Information_lastName'

2023-05-12 18:23:12 - [MESSAGE][PASSED] - Keys 'qa test' sent to object: 'Object Repository/checkout-step-one/input_Checkout Your Information_lastName'

2023-05-12 18:23:12 - [TEST_STEP][PASSED] - sendKeys(findTestObject("Object Repository/checkout-step-one/input_Checkout Your Information_postalCode"), "9000"): Keys '9000' sent to object: 'Object Repository/checkout-step-one/input_Checkout Your Information_postalCode'

2023-05-12 18:23:13 - [MESSAGE][PASSED] - Keys '9000' sent to object: 'Object Repository/checkout-step-one/input_Checkout Your Information_postalCode'

2023-05-12 18:23:13 - [TEST_STEP][PASSED] - click(findTestObject("Object Repository/checkout-step-one/input_continue")): Object: 'Object Repository/checkout-step-one/input_continue' is clicked on

2023-05-12 18:23:14 - [MESSAGE][PASSED] - Object: 'Object Repository/checkout-step-one/input_continue' is clicked on

2023-05-12 18:23:14 - [TEST_STEP][PASSED] - click(findTestObject("Object Repository/finish checkout/button_Finish")): Object: 'Object Repository/finish checkout/button_Finish' is clicked on

2023-05-12 18:23:14 - [MESSAGE][PASSED] - Object: 'Object Repository/finish checkout/button_Finish' is clicked on

2023-05-12 18:23:14 - [TEST_STEP][PASSED] - verifyElementVisible(findTestObject("Object Repository/order-success/h2_Thank you for your order")): Object 'Object Repository/order-success/h2_Thank you for your order' is visible

2023-05-12 18:23:15 - [MESSAGE][PASSED] - Object 'Object Repository/order-success/h2_Thank you for your order' is visible

2023-05-12 18:23:15 - [TEST_STEP][PASSED] - click(findTestObject("Object Repository/NavSideBar/sidebar")): Object: 'Object Repository/NavSideBar/sidebar' is clicked on

2023-05-12 18:23:15 - [MESSAGE][PASSED] - Object: 'Object Repository/NavSideBar/sidebar' is clicked on

2023-05-12 18:23:15 - [TEST_STEP][PASSED] - click(findTestObject("Object Repository/NavSideBar/a_Logout")): Object: 'Object Repository/NavSideBar/a_Logout' is clicked on

2023-05-12 18:23:15 - [MESSAGE][PASSED] - Object: 'Object Repository/NavSideBar/a_Logout' is clicked on

2023-05-12 18:23:15 - [TEST_STEP][PASSED] - verifyElementVisible(findTestObject("Object Repository/Page_Swag Labs/input_Swag Labs_user-name")): Object 'Object Repository/Page_Swag Labs/input_Swag Labs_user-name' is visible

2023-05-12 18:23:16 - [MESSAGE][PASSED] - Object 'Object Repository/Page_Swag Labs/input_Swag Labs_user-name' is visible

2023-05-12 18:23:16 - [TEST_STEP][PASSED] - closeBrowser(): Browser is closed

2023-05-12 18:23:17 - [MESSAGE][PASSED] - Browser is closed]]></system-out>
         <system-err><![CDATA[]]></system-err>
      </testcase>
      <testcase name="Test Cases/test-flow-1-buy-1-product" time="11.776" classname="Test Cases/test-flow-1-buy-1-product" status="PASSED">
         <system-out><![CDATA[2023-05-12 18:23:17 - [TEST_CASE][PASSED] - Test Cases/test-flow-1-buy-1-product: Test Cases/test-flow-1-buy-1-product

2023-05-12 18:23:17 - [TEST_STEP][PASSED] - openBrowser("https://www.saucedemo.com/"): Browser is opened with url: 'https://www.saucedemo.com/'

2023-05-12 18:23:17 - [MESSAGE][INFO] - Starting 'Chrome' driver

2023-05-12 18:23:17 - [MESSAGE][INFO] - Action delay is set to 0 milliseconds

2023-05-12 18:23:19 - [MESSAGE][PASSED] - Browser is opened with url: 'https://www.saucedemo.com/'

2023-05-12 18:23:19 - [TEST_STEP][PASSED] - click(findTestObject("Object Repository/Page_Swag Labs/input_Swag Labs_user-name")): Object: 'Object Repository/Page_Swag Labs/input_Swag Labs_user-name' is clicked on

2023-05-12 18:23:19 - [MESSAGE][PASSED] - Object: 'Object Repository/Page_Swag Labs/input_Swag Labs_user-name' is clicked on

2023-05-12 18:23:19 - [TEST_STEP][PASSED] - sendKeys(findTestObject("Object Repository/Page_Swag Labs/input_Swag Labs_user-name"), "standard_user"): Keys 'standard_user' sent to object: 'Object Repository/Page_Swag Labs/input_Swag Labs_user-name'

2023-05-12 18:23:20 - [MESSAGE][PASSED] - Keys 'standard_user' sent to object: 'Object Repository/Page_Swag Labs/input_Swag Labs_user-name'

2023-05-12 18:23:20 - [TEST_STEP][PASSED] - click(findTestObject("Object Repository/Page_Swag Labs/input_Swag Labs_password")): Object: 'Object Repository/Page_Swag Labs/input_Swag Labs_password' is clicked on

2023-05-12 18:23:20 - [MESSAGE][PASSED] - Object: 'Object Repository/Page_Swag Labs/input_Swag Labs_password' is clicked on

2023-05-12 18:23:20 - [TEST_STEP][PASSED] - sendKeys(findTestObject("Object Repository/Page_Swag Labs/input_Swag Labs_password"), "secret_sauce"): Keys 'secret_sauce' sent to object: 'Object Repository/Page_Swag Labs/input_Swag Labs_password'

2023-05-12 18:23:20 - [MESSAGE][PASSED] - Keys 'secret_sauce' sent to object: 'Object Repository/Page_Swag Labs/input_Swag Labs_password'

2023-05-12 18:23:20 - [TEST_STEP][PASSED] - click(findTestObject("Object Repository/Page_Swag Labs/input_Swag Labs_login-button")): Object: 'Object Repository/Page_Swag Labs/input_Swag Labs_login-button' is clicked on

2023-05-12 18:23:21 - [MESSAGE][PASSED] - Object: 'Object Repository/Page_Swag Labs/input_Swag Labs_login-button' is clicked on

2023-05-12 18:23:21 - [TEST_STEP][PASSED] - click(findTestObject("Object Repository/inventoryPage/Backpack")): Object: 'Object Repository/inventoryPage/Backpack' is clicked on

2023-05-12 18:23:21 - [MESSAGE][PASSED] - Object: 'Object Repository/inventoryPage/Backpack' is clicked on

2023-05-12 18:23:21 - [TEST_STEP][PASSED] - click(findTestObject("Object Repository/inventoryPage/button_Add to cart")): Object: 'Object Repository/inventoryPage/button_Add to cart' is clicked on

2023-05-12 18:23:22 - [MESSAGE][PASSED] - Object: 'Object Repository/inventoryPage/button_Add to cart' is clicked on

2023-05-12 18:23:22 - [TEST_STEP][PASSED] - click(findTestObject("Object Repository/inventoryPage/products_back-image")): Object: 'Object Repository/inventoryPage/products_back-image' is clicked on

2023-05-12 18:23:22 - [MESSAGE][PASSED] - Object: 'Object Repository/inventoryPage/products_back-image' is clicked on

2023-05-12 18:23:22 - [TEST_STEP][PASSED] - click(findTestObject("Object Repository/inventoryPage/cart")): Object: 'Object Repository/inventoryPage/cart' is clicked on

2023-05-12 18:23:23 - [MESSAGE][PASSED] - Object: 'Object Repository/inventoryPage/cart' is clicked on

2023-05-12 18:23:23 - [TEST_STEP][PASSED] - click(findTestObject("Object Repository/CheckoutPage/button_Checkout")): Object: 'Object Repository/CheckoutPage/button_Checkout' is clicked on

2023-05-12 18:23:23 - [MESSAGE][PASSED] - Object: 'Object Repository/CheckoutPage/button_Checkout' is clicked on

2023-05-12 18:23:23 - [TEST_STEP][PASSED] - sendKeys(findTestObject("Object Repository/checkout-step-one/input_Checkout Your Information_firstName"), "demo"): Keys 'demo' sent to object: 'Object Repository/checkout-step-one/input_Checkout Your Information_firstName'

2023-05-12 18:23:24 - [MESSAGE][PASSED] - Keys 'demo' sent to object: 'Object Repository/checkout-step-one/input_Checkout Your Information_firstName'

2023-05-12 18:23:24 - [TEST_STEP][PASSED] - sendKeys(findTestObject("Object Repository/checkout-step-one/input_Checkout Your Information_lastName"), "qa test"): Keys 'qa test' sent to object: 'Object Repository/checkout-step-one/input_Checkout Your Information_lastName'

2023-05-12 18:23:24 - [MESSAGE][PASSED] - Keys 'qa test' sent to object: 'Object Repository/checkout-step-one/input_Checkout Your Information_lastName'

2023-05-12 18:23:24 - [TEST_STEP][PASSED] - sendKeys(findTestObject("Object Repository/checkout-step-one/input_Checkout Your Information_postalCode"), "9000"): Keys '9000' sent to object: 'Object Repository/checkout-step-one/input_Checkout Your Information_postalCode'

2023-05-12 18:23:25 - [MESSAGE][PASSED] - Keys '9000' sent to object: 'Object Repository/checkout-step-one/input_Checkout Your Information_postalCode'

2023-05-12 18:23:25 - [TEST_STEP][PASSED] - click(findTestObject("Object Repository/checkout-step-one/input_continue")): Object: 'Object Repository/checkout-step-one/input_continue' is clicked on

2023-05-12 18:23:25 - [MESSAGE][PASSED] - Object: 'Object Repository/checkout-step-one/input_continue' is clicked on

2023-05-12 18:23:25 - [TEST_STEP][PASSED] - click(findTestObject("Object Repository/finish checkout/button_Finish")): Object: 'Object Repository/finish checkout/button_Finish' is clicked on

2023-05-12 18:23:26 - [MESSAGE][PASSED] - Object: 'Object Repository/finish checkout/button_Finish' is clicked on

2023-05-12 18:23:26 - [TEST_STEP][PASSED] - verifyElementVisible(findTestObject("Object Repository/order-success/h2_Thank you for your order")): Object 'Object Repository/order-success/h2_Thank you for your order' is visible

2023-05-12 18:23:26 - [MESSAGE][PASSED] - Object 'Object Repository/order-success/h2_Thank you for your order' is visible

2023-05-12 18:23:26 - [TEST_STEP][PASSED] - click(findTestObject("Object Repository/NavSideBar/sidebar")): Object: 'Object Repository/NavSideBar/sidebar' is clicked on

2023-05-12 18:23:27 - [MESSAGE][PASSED] - Object: 'Object Repository/NavSideBar/sidebar' is clicked on

2023-05-12 18:23:27 - [TEST_STEP][PASSED] - click(findTestObject("Object Repository/NavSideBar/a_Logout")): Object: 'Object Repository/NavSideBar/a_Logout' is clicked on

2023-05-12 18:23:27 - [MESSAGE][PASSED] - Object: 'Object Repository/NavSideBar/a_Logout' is clicked on

2023-05-12 18:23:27 - [TEST_STEP][PASSED] - verifyElementVisible(findTestObject("Object Repository/Page_Swag Labs/input_Swag Labs_user-name")): Object 'Object Repository/Page_Swag Labs/input_Swag Labs_user-name' is visible

2023-05-12 18:23:28 - [MESSAGE][PASSED] - Object 'Object Repository/Page_Swag Labs/input_Swag Labs_user-name' is visible

2023-05-12 18:23:28 - [TEST_STEP][PASSED] - closeBrowser(): Browser is closed

2023-05-12 18:23:28 - [MESSAGE][PASSED] - Browser is closed]]></system-out>
         <system-err><![CDATA[]]></system-err>
      </testcase>
      <testcase name="Test Cases/test-flow-1-buy-1-product" time="11.924" classname="Test Cases/test-flow-1-buy-1-product" status="PASSED">
         <system-out><![CDATA[2023-05-12 18:23:28 - [TEST_CASE][PASSED] - Test Cases/test-flow-1-buy-1-product: Test Cases/test-flow-1-buy-1-product

2023-05-12 18:23:29 - [TEST_STEP][PASSED] - openBrowser("https://www.saucedemo.com/"): Browser is opened with url: 'https://www.saucedemo.com/'

2023-05-12 18:23:29 - [MESSAGE][INFO] - Starting 'Chrome' driver

2023-05-12 18:23:29 - [MESSAGE][INFO] - Action delay is set to 0 milliseconds

2023-05-12 18:23:31 - [MESSAGE][PASSED] - Browser is opened with url: 'https://www.saucedemo.com/'

2023-05-12 18:23:31 - [TEST_STEP][PASSED] - click(findTestObject("Object Repository/Page_Swag Labs/input_Swag Labs_user-name")): Object: 'Object Repository/Page_Swag Labs/input_Swag Labs_user-name' is clicked on

2023-05-12 18:23:31 - [MESSAGE][PASSED] - Object: 'Object Repository/Page_Swag Labs/input_Swag Labs_user-name' is clicked on

2023-05-12 18:23:31 - [TEST_STEP][PASSED] - sendKeys(findTestObject("Object Repository/Page_Swag Labs/input_Swag Labs_user-name"), "standard_user"): Keys 'standard_user' sent to object: 'Object Repository/Page_Swag Labs/input_Swag Labs_user-name'

2023-05-12 18:23:31 - [MESSAGE][PASSED] - Keys 'standard_user' sent to object: 'Object Repository/Page_Swag Labs/input_Swag Labs_user-name'

2023-05-12 18:23:31 - [TEST_STEP][PASSED] - click(findTestObject("Object Repository/Page_Swag Labs/input_Swag Labs_password")): Object: 'Object Repository/Page_Swag Labs/input_Swag Labs_password' is clicked on

2023-05-12 18:23:32 - [MESSAGE][PASSED] - Object: 'Object Repository/Page_Swag Labs/input_Swag Labs_password' is clicked on

2023-05-12 18:23:32 - [TEST_STEP][PASSED] - sendKeys(findTestObject("Object Repository/Page_Swag Labs/input_Swag Labs_password"), "secret_sauce"): Keys 'secret_sauce' sent to object: 'Object Repository/Page_Swag Labs/input_Swag Labs_password'

2023-05-12 18:23:32 - [MESSAGE][PASSED] - Keys 'secret_sauce' sent to object: 'Object Repository/Page_Swag Labs/input_Swag Labs_password'

2023-05-12 18:23:32 - [TEST_STEP][PASSED] - click(findTestObject("Object Repository/Page_Swag Labs/input_Swag Labs_login-button")): Object: 'Object Repository/Page_Swag Labs/input_Swag Labs_login-button' is clicked on

2023-05-12 18:23:32 - [MESSAGE][PASSED] - Object: 'Object Repository/Page_Swag Labs/input_Swag Labs_login-button' is clicked on

2023-05-12 18:23:32 - [TEST_STEP][PASSED] - click(findTestObject("Object Repository/inventoryPage/Backpack")): Object: 'Object Repository/inventoryPage/Backpack' is clicked on

2023-05-12 18:23:33 - [MESSAGE][PASSED] - Object: 'Object Repository/inventoryPage/Backpack' is clicked on

2023-05-12 18:23:33 - [TEST_STEP][PASSED] - click(findTestObject("Object Repository/inventoryPage/button_Add to cart")): Object: 'Object Repository/inventoryPage/button_Add to cart' is clicked on

2023-05-12 18:23:33 - [MESSAGE][PASSED] - Object: 'Object Repository/inventoryPage/button_Add to cart' is clicked on

2023-05-12 18:23:33 - [TEST_STEP][PASSED] - click(findTestObject("Object Repository/inventoryPage/products_back-image")): Object: 'Object Repository/inventoryPage/products_back-image' is clicked on

2023-05-12 18:23:34 - [MESSAGE][PASSED] - Object: 'Object Repository/inventoryPage/products_back-image' is clicked on

2023-05-12 18:23:34 - [TEST_STEP][PASSED] - click(findTestObject("Object Repository/inventoryPage/cart")): Object: 'Object Repository/inventoryPage/cart' is clicked on

2023-05-12 18:23:34 - [MESSAGE][PASSED] - Object: 'Object Repository/inventoryPage/cart' is clicked on

2023-05-12 18:23:34 - [TEST_STEP][PASSED] - click(findTestObject("Object Repository/CheckoutPage/button_Checkout")): Object: 'Object Repository/CheckoutPage/button_Checkout' is clicked on

2023-05-12 18:23:35 - [MESSAGE][PASSED] - Object: 'Object Repository/CheckoutPage/button_Checkout' is clicked on

2023-05-12 18:23:35 - [TEST_STEP][PASSED] - sendKeys(findTestObject("Object Repository/checkout-step-one/input_Checkout Your Information_firstName"), "demo"): Keys 'demo' sent to object: 'Object Repository/checkout-step-one/input_Checkout Your Information_firstName'

2023-05-12 18:23:36 - [MESSAGE][PASSED] - Keys 'demo' sent to object: 'Object Repository/checkout-step-one/input_Checkout Your Information_firstName'

2023-05-12 18:23:36 - [TEST_STEP][PASSED] - sendKeys(findTestObject("Object Repository/checkout-step-one/input_Checkout Your Information_lastName"), "qa test"): Keys 'qa test' sent to object: 'Object Repository/checkout-step-one/input_Checkout Your Information_lastName'

2023-05-12 18:23:36 - [MESSAGE][PASSED] - Keys 'qa test' sent to object: 'Object Repository/checkout-step-one/input_Checkout Your Information_lastName'

2023-05-12 18:23:36 - [TEST_STEP][PASSED] - sendKeys(findTestObject("Object Repository/checkout-step-one/input_Checkout Your Information_postalCode"), "9000"): Keys '9000' sent to object: 'Object Repository/checkout-step-one/input_Checkout Your Information_postalCode'

2023-05-12 18:23:37 - [MESSAGE][PASSED] - Keys '9000' sent to object: 'Object Repository/checkout-step-one/input_Checkout Your Information_postalCode'

2023-05-12 18:23:37 - [TEST_STEP][PASSED] - click(findTestObject("Object Repository/checkout-step-one/input_continue")): Object: 'Object Repository/checkout-step-one/input_continue' is clicked on

2023-05-12 18:23:37 - [MESSAGE][PASSED] - Object: 'Object Repository/checkout-step-one/input_continue' is clicked on

2023-05-12 18:23:37 - [TEST_STEP][PASSED] - click(findTestObject("Object Repository/finish checkout/button_Finish")): Object: 'Object Repository/finish checkout/button_Finish' is clicked on

2023-05-12 18:23:38 - [MESSAGE][PASSED] - Object: 'Object Repository/finish checkout/button_Finish' is clicked on

2023-05-12 18:23:38 - [TEST_STEP][PASSED] - verifyElementVisible(findTestObject("Object Repository/order-success/h2_Thank you for your order")): Object 'Object Repository/order-success/h2_Thank you for your order' is visible

2023-05-12 18:23:38 - [MESSAGE][PASSED] - Object 'Object Repository/order-success/h2_Thank you for your order' is visible

2023-05-12 18:23:38 - [TEST_STEP][PASSED] - click(findTestObject("Object Repository/NavSideBar/sidebar")): Object: 'Object Repository/NavSideBar/sidebar' is clicked on

2023-05-12 18:23:39 - [MESSAGE][PASSED] - Object: 'Object Repository/NavSideBar/sidebar' is clicked on

2023-05-12 18:23:39 - [TEST_STEP][PASSED] - click(findTestObject("Object Repository/NavSideBar/a_Logout")): Object: 'Object Repository/NavSideBar/a_Logout' is clicked on

2023-05-12 18:23:39 - [MESSAGE][PASSED] - Object: 'Object Repository/NavSideBar/a_Logout' is clicked on

2023-05-12 18:23:39 - [TEST_STEP][PASSED] - verifyElementVisible(findTestObject("Object Repository/Page_Swag Labs/input_Swag Labs_user-name")): Object 'Object Repository/Page_Swag Labs/input_Swag Labs_user-name' is visible

2023-05-12 18:23:40 - [MESSAGE][PASSED] - Object 'Object Repository/Page_Swag Labs/input_Swag Labs_user-name' is visible

2023-05-12 18:23:40 - [TEST_STEP][PASSED] - closeBrowser(): Browser is closed

2023-05-12 18:23:40 - [MESSAGE][PASSED] - Browser is closed]]></system-out>
         <system-err><![CDATA[]]></system-err>
      </testcase>
      <testcase name="Test Cases/test-flow-1-buy-1-product" time="12.044" classname="Test Cases/test-flow-1-buy-1-product" status="PASSED">
         <system-out><![CDATA[2023-05-12 18:23:40 - [TEST_CASE][PASSED] - Test Cases/test-flow-1-buy-1-product: Test Cases/test-flow-1-buy-1-product

2023-05-12 18:23:40 - [TEST_STEP][PASSED] - openBrowser("https://www.saucedemo.com/"): Browser is opened with url: 'https://www.saucedemo.com/'

2023-05-12 18:23:40 - [MESSAGE][INFO] - Starting 'Chrome' driver

2023-05-12 18:23:40 - [MESSAGE][INFO] - Action delay is set to 0 milliseconds

2023-05-12 18:23:43 - [MESSAGE][PASSED] - Browser is opened with url: 'https://www.saucedemo.com/'

2023-05-12 18:23:43 - [TEST_STEP][PASSED] - click(findTestObject("Object Repository/Page_Swag Labs/input_Swag Labs_user-name")): Object: 'Object Repository/Page_Swag Labs/input_Swag Labs_user-name' is clicked on

2023-05-12 18:23:43 - [MESSAGE][PASSED] - Object: 'Object Repository/Page_Swag Labs/input_Swag Labs_user-name' is clicked on

2023-05-12 18:23:43 - [TEST_STEP][PASSED] - sendKeys(findTestObject("Object Repository/Page_Swag Labs/input_Swag Labs_user-name"), "standard_user"): Keys 'standard_user' sent to object: 'Object Repository/Page_Swag Labs/input_Swag Labs_user-name'

2023-05-12 18:23:43 - [MESSAGE][PASSED] - Keys 'standard_user' sent to object: 'Object Repository/Page_Swag Labs/input_Swag Labs_user-name'

2023-05-12 18:23:43 - [TEST_STEP][PASSED] - click(findTestObject("Object Repository/Page_Swag Labs/input_Swag Labs_password")): Object: 'Object Repository/Page_Swag Labs/input_Swag Labs_password' is clicked on

2023-05-12 18:23:44 - [MESSAGE][PASSED] - Object: 'Object Repository/Page_Swag Labs/input_Swag Labs_password' is clicked on

2023-05-12 18:23:44 - [TEST_STEP][PASSED] - sendKeys(findTestObject("Object Repository/Page_Swag Labs/input_Swag Labs_password"), "secret_sauce"): Keys 'secret_sauce' sent to object: 'Object Repository/Page_Swag Labs/input_Swag Labs_password'

2023-05-12 18:23:44 - [MESSAGE][PASSED] - Keys 'secret_sauce' sent to object: 'Object Repository/Page_Swag Labs/input_Swag Labs_password'

2023-05-12 18:23:44 - [TEST_STEP][PASSED] - click(findTestObject("Object Repository/Page_Swag Labs/input_Swag Labs_login-button")): Object: 'Object Repository/Page_Swag Labs/input_Swag Labs_login-button' is clicked on

2023-05-12 18:23:44 - [MESSAGE][PASSED] - Object: 'Object Repository/Page_Swag Labs/input_Swag Labs_login-button' is clicked on

2023-05-12 18:23:44 - [TEST_STEP][PASSED] - click(findTestObject("Object Repository/inventoryPage/Backpack")): Object: 'Object Repository/inventoryPage/Backpack' is clicked on

2023-05-12 18:23:45 - [MESSAGE][PASSED] - Object: 'Object Repository/inventoryPage/Backpack' is clicked on

2023-05-12 18:23:45 - [TEST_STEP][PASSED] - click(findTestObject("Object Repository/inventoryPage/button_Add to cart")): Object: 'Object Repository/inventoryPage/button_Add to cart' is clicked on

2023-05-12 18:23:45 - [MESSAGE][PASSED] - Object: 'Object Repository/inventoryPage/button_Add to cart' is clicked on

2023-05-12 18:23:45 - [TEST_STEP][PASSED] - click(findTestObject("Object Repository/inventoryPage/products_back-image")): Object: 'Object Repository/inventoryPage/products_back-image' is clicked on

2023-05-12 18:23:46 - [MESSAGE][PASSED] - Object: 'Object Repository/inventoryPage/products_back-image' is clicked on

2023-05-12 18:23:46 - [TEST_STEP][PASSED] - click(findTestObject("Object Repository/inventoryPage/cart")): Object: 'Object Repository/inventoryPage/cart' is clicked on

2023-05-12 18:23:46 - [MESSAGE][PASSED] - Object: 'Object Repository/inventoryPage/cart' is clicked on

2023-05-12 18:23:46 - [TEST_STEP][PASSED] - click(findTestObject("Object Repository/CheckoutPage/button_Checkout")): Object: 'Object Repository/CheckoutPage/button_Checkout' is clicked on

2023-05-12 18:23:47 - [MESSAGE][PASSED] - Object: 'Object Repository/CheckoutPage/button_Checkout' is clicked on

2023-05-12 18:23:47 - [TEST_STEP][PASSED] - sendKeys(findTestObject("Object Repository/checkout-step-one/input_Checkout Your Information_firstName"), "demo"): Keys 'demo' sent to object: 'Object Repository/checkout-step-one/input_Checkout Your Information_firstName'

2023-05-12 18:23:48 - [MESSAGE][PASSED] - Keys 'demo' sent to object: 'Object Repository/checkout-step-one/input_Checkout Your Information_firstName'

2023-05-12 18:23:48 - [TEST_STEP][PASSED] - sendKeys(findTestObject("Object Repository/checkout-step-one/input_Checkout Your Information_lastName"), "qa test"): Keys 'qa test' sent to object: 'Object Repository/checkout-step-one/input_Checkout Your Information_lastName'

2023-05-12 18:23:48 - [MESSAGE][PASSED] - Keys 'qa test' sent to object: 'Object Repository/checkout-step-one/input_Checkout Your Information_lastName'

2023-05-12 18:23:48 - [TEST_STEP][PASSED] - sendKeys(findTestObject("Object Repository/checkout-step-one/input_Checkout Your Information_postalCode"), "9000"): Keys '9000' sent to object: 'Object Repository/checkout-step-one/input_Checkout Your Information_postalCode'

2023-05-12 18:23:49 - [MESSAGE][PASSED] - Keys '9000' sent to object: 'Object Repository/checkout-step-one/input_Checkout Your Information_postalCode'

2023-05-12 18:23:49 - [TEST_STEP][PASSED] - click(findTestObject("Object Repository/checkout-step-one/input_continue")): Object: 'Object Repository/checkout-step-one/input_continue' is clicked on

2023-05-12 18:23:49 - [MESSAGE][PASSED] - Object: 'Object Repository/checkout-step-one/input_continue' is clicked on

2023-05-12 18:23:49 - [TEST_STEP][PASSED] - click(findTestObject("Object Repository/finish checkout/button_Finish")): Object: 'Object Repository/finish checkout/button_Finish' is clicked on

2023-05-12 18:23:50 - [MESSAGE][PASSED] - Object: 'Object Repository/finish checkout/button_Finish' is clicked on

2023-05-12 18:23:50 - [TEST_STEP][PASSED] - verifyElementVisible(findTestObject("Object Repository/order-success/h2_Thank you for your order")): Object 'Object Repository/order-success/h2_Thank you for your order' is visible

2023-05-12 18:23:50 - [MESSAGE][PASSED] - Object 'Object Repository/order-success/h2_Thank you for your order' is visible

2023-05-12 18:23:50 - [TEST_STEP][PASSED] - click(findTestObject("Object Repository/NavSideBar/sidebar")): Object: 'Object Repository/NavSideBar/sidebar' is clicked on

2023-05-12 18:23:51 - [MESSAGE][PASSED] - Object: 'Object Repository/NavSideBar/sidebar' is clicked on

2023-05-12 18:23:51 - [TEST_STEP][PASSED] - click(findTestObject("Object Repository/NavSideBar/a_Logout")): Object: 'Object Repository/NavSideBar/a_Logout' is clicked on

2023-05-12 18:23:51 - [MESSAGE][PASSED] - Object: 'Object Repository/NavSideBar/a_Logout' is clicked on

2023-05-12 18:23:51 - [TEST_STEP][PASSED] - verifyElementVisible(findTestObject("Object Repository/Page_Swag Labs/input_Swag Labs_user-name")): Object 'Object Repository/Page_Swag Labs/input_Swag Labs_user-name' is visible

2023-05-12 18:23:52 - [MESSAGE][PASSED] - Object 'Object Repository/Page_Swag Labs/input_Swag Labs_user-name' is visible

2023-05-12 18:23:52 - [TEST_STEP][PASSED] - closeBrowser(): Browser is closed

2023-05-12 18:23:52 - [MESSAGE][PASSED] - Browser is closed]]></system-out>
         <system-err><![CDATA[]]></system-err>
      </testcase>
      <testcase name="Test Cases/test-flow-1-buy-1-product" time="11.975" classname="Test Cases/test-flow-1-buy-1-product" status="PASSED">
         <system-out><![CDATA[2023-05-12 18:23:52 - [TEST_CASE][PASSED] - Test Cases/test-flow-1-buy-1-product: Test Cases/test-flow-1-buy-1-product

2023-05-12 18:23:52 - [TEST_STEP][PASSED] - openBrowser("https://www.saucedemo.com/"): Browser is opened with url: 'https://www.saucedemo.com/'

2023-05-12 18:23:52 - [MESSAGE][INFO] - Starting 'Chrome' driver

2023-05-12 18:23:52 - [MESSAGE][INFO] - Action delay is set to 0 milliseconds

2023-05-12 18:23:55 - [MESSAGE][PASSED] - Browser is opened with url: 'https://www.saucedemo.com/'

2023-05-12 18:23:55 - [TEST_STEP][PASSED] - click(findTestObject("Object Repository/Page_Swag Labs/input_Swag Labs_user-name")): Object: 'Object Repository/Page_Swag Labs/input_Swag Labs_user-name' is clicked on

2023-05-12 18:23:55 - [MESSAGE][PASSED] - Object: 'Object Repository/Page_Swag Labs/input_Swag Labs_user-name' is clicked on

2023-05-12 18:23:55 - [TEST_STEP][PASSED] - sendKeys(findTestObject("Object Repository/Page_Swag Labs/input_Swag Labs_user-name"), "standard_user"): Keys 'standard_user' sent to object: 'Object Repository/Page_Swag Labs/input_Swag Labs_user-name'

2023-05-12 18:23:55 - [MESSAGE][PASSED] - Keys 'standard_user' sent to object: 'Object Repository/Page_Swag Labs/input_Swag Labs_user-name'

2023-05-12 18:23:55 - [TEST_STEP][PASSED] - click(findTestObject("Object Repository/Page_Swag Labs/input_Swag Labs_password")): Object: 'Object Repository/Page_Swag Labs/input_Swag Labs_password' is clicked on

2023-05-12 18:23:56 - [MESSAGE][PASSED] - Object: 'Object Repository/Page_Swag Labs/input_Swag Labs_password' is clicked on

2023-05-12 18:23:56 - [TEST_STEP][PASSED] - sendKeys(findTestObject("Object Repository/Page_Swag Labs/input_Swag Labs_password"), "secret_sauce"): Keys 'secret_sauce' sent to object: 'Object Repository/Page_Swag Labs/input_Swag Labs_password'

2023-05-12 18:23:56 - [MESSAGE][PASSED] - Keys 'secret_sauce' sent to object: 'Object Repository/Page_Swag Labs/input_Swag Labs_password'

2023-05-12 18:23:56 - [TEST_STEP][PASSED] - click(findTestObject("Object Repository/Page_Swag Labs/input_Swag Labs_login-button")): Object: 'Object Repository/Page_Swag Labs/input_Swag Labs_login-button' is clicked on

2023-05-12 18:23:56 - [MESSAGE][PASSED] - Object: 'Object Repository/Page_Swag Labs/input_Swag Labs_login-button' is clicked on

2023-05-12 18:23:56 - [TEST_STEP][PASSED] - click(findTestObject("Object Repository/inventoryPage/Backpack")): Object: 'Object Repository/inventoryPage/Backpack' is clicked on

2023-05-12 18:23:57 - [MESSAGE][PASSED] - Object: 'Object Repository/inventoryPage/Backpack' is clicked on

2023-05-12 18:23:57 - [TEST_STEP][PASSED] - click(findTestObject("Object Repository/inventoryPage/button_Add to cart")): Object: 'Object Repository/inventoryPage/button_Add to cart' is clicked on

2023-05-12 18:23:57 - [MESSAGE][PASSED] - Object: 'Object Repository/inventoryPage/button_Add to cart' is clicked on

2023-05-12 18:23:57 - [TEST_STEP][PASSED] - click(findTestObject("Object Repository/inventoryPage/products_back-image")): Object: 'Object Repository/inventoryPage/products_back-image' is clicked on

2023-05-12 18:23:58 - [MESSAGE][PASSED] - Object: 'Object Repository/inventoryPage/products_back-image' is clicked on

2023-05-12 18:23:58 - [TEST_STEP][PASSED] - click(findTestObject("Object Repository/inventoryPage/cart")): Object: 'Object Repository/inventoryPage/cart' is clicked on

2023-05-12 18:23:58 - [MESSAGE][PASSED] - Object: 'Object Repository/inventoryPage/cart' is clicked on

2023-05-12 18:23:58 - [TEST_STEP][PASSED] - click(findTestObject("Object Repository/CheckoutPage/button_Checkout")): Object: 'Object Repository/CheckoutPage/button_Checkout' is clicked on

2023-05-12 18:23:59 - [MESSAGE][PASSED] - Object: 'Object Repository/CheckoutPage/button_Checkout' is clicked on

2023-05-12 18:23:59 - [TEST_STEP][PASSED] - sendKeys(findTestObject("Object Repository/checkout-step-one/input_Checkout Your Information_firstName"), "demo"): Keys 'demo' sent to object: 'Object Repository/checkout-step-one/input_Checkout Your Information_firstName'

2023-05-12 18:24:00 - [MESSAGE][PASSED] - Keys 'demo' sent to object: 'Object Repository/checkout-step-one/input_Checkout Your Information_firstName'

2023-05-12 18:24:00 - [TEST_STEP][PASSED] - sendKeys(findTestObject("Object Repository/checkout-step-one/input_Checkout Your Information_lastName"), "qa test"): Keys 'qa test' sent to object: 'Object Repository/checkout-step-one/input_Checkout Your Information_lastName'

2023-05-12 18:24:00 - [MESSAGE][PASSED] - Keys 'qa test' sent to object: 'Object Repository/checkout-step-one/input_Checkout Your Information_lastName'

2023-05-12 18:24:00 - [TEST_STEP][PASSED] - sendKeys(findTestObject("Object Repository/checkout-step-one/input_Checkout Your Information_postalCode"), "9000"): Keys '9000' sent to object: 'Object Repository/checkout-step-one/input_Checkout Your Information_postalCode'

2023-05-12 18:24:01 - [MESSAGE][PASSED] - Keys '9000' sent to object: 'Object Repository/checkout-step-one/input_Checkout Your Information_postalCode'

2023-05-12 18:24:01 - [TEST_STEP][PASSED] - click(findTestObject("Object Repository/checkout-step-one/input_continue")): Object: 'Object Repository/checkout-step-one/input_continue' is clicked on

2023-05-12 18:24:01 - [MESSAGE][PASSED] - Object: 'Object Repository/checkout-step-one/input_continue' is clicked on

2023-05-12 18:24:01 - [TEST_STEP][PASSED] - click(findTestObject("Object Repository/finish checkout/button_Finish")): Object: 'Object Repository/finish checkout/button_Finish' is clicked on

2023-05-12 18:24:02 - [MESSAGE][PASSED] - Object: 'Object Repository/finish checkout/button_Finish' is clicked on

2023-05-12 18:24:02 - [TEST_STEP][PASSED] - verifyElementVisible(findTestObject("Object Repository/order-success/h2_Thank you for your order")): Object 'Object Repository/order-success/h2_Thank you for your order' is visible

2023-05-12 18:24:02 - [MESSAGE][PASSED] - Object 'Object Repository/order-success/h2_Thank you for your order' is visible

2023-05-12 18:24:02 - [TEST_STEP][PASSED] - click(findTestObject("Object Repository/NavSideBar/sidebar")): Object: 'Object Repository/NavSideBar/sidebar' is clicked on

2023-05-12 18:24:03 - [MESSAGE][PASSED] - Object: 'Object Repository/NavSideBar/sidebar' is clicked on

2023-05-12 18:24:03 - [TEST_STEP][PASSED] - click(findTestObject("Object Repository/NavSideBar/a_Logout")): Object: 'Object Repository/NavSideBar/a_Logout' is clicked on

2023-05-12 18:24:03 - [MESSAGE][PASSED] - Object: 'Object Repository/NavSideBar/a_Logout' is clicked on

2023-05-12 18:24:03 - [TEST_STEP][PASSED] - verifyElementVisible(findTestObject("Object Repository/Page_Swag Labs/input_Swag Labs_user-name")): Object 'Object Repository/Page_Swag Labs/input_Swag Labs_user-name' is visible

2023-05-12 18:24:04 - [MESSAGE][PASSED] - Object 'Object Repository/Page_Swag Labs/input_Swag Labs_user-name' is visible

2023-05-12 18:24:04 - [TEST_STEP][PASSED] - closeBrowser(): Browser is closed

2023-05-12 18:24:04 - [MESSAGE][PASSED] - Browser is closed]]></system-out>
         <system-err><![CDATA[]]></system-err>
      </testcase>
      <testcase name="Test Cases/test-flow-1-buy-1-product" time="11.762" classname="Test Cases/test-flow-1-buy-1-product" status="PASSED">
         <system-out><![CDATA[2023-05-12 18:24:04 - [TEST_CASE][PASSED] - Test Cases/test-flow-1-buy-1-product: Test Cases/test-flow-1-buy-1-product

2023-05-12 18:24:04 - [TEST_STEP][PASSED] - openBrowser("https://www.saucedemo.com/"): Browser is opened with url: 'https://www.saucedemo.com/'

2023-05-12 18:24:04 - [MESSAGE][INFO] - Starting 'Chrome' driver

2023-05-12 18:24:04 - [MESSAGE][INFO] - Action delay is set to 0 milliseconds

2023-05-12 18:24:06 - [MESSAGE][PASSED] - Browser is opened with url: 'https://www.saucedemo.com/'

2023-05-12 18:24:06 - [TEST_STEP][PASSED] - click(findTestObject("Object Repository/Page_Swag Labs/input_Swag Labs_user-name")): Object: 'Object Repository/Page_Swag Labs/input_Swag Labs_user-name' is clicked on

2023-05-12 18:24:07 - [MESSAGE][PASSED] - Object: 'Object Repository/Page_Swag Labs/input_Swag Labs_user-name' is clicked on

2023-05-12 18:24:07 - [TEST_STEP][PASSED] - sendKeys(findTestObject("Object Repository/Page_Swag Labs/input_Swag Labs_user-name"), "standard_user"): Keys 'standard_user' sent to object: 'Object Repository/Page_Swag Labs/input_Swag Labs_user-name'

2023-05-12 18:24:07 - [MESSAGE][PASSED] - Keys 'standard_user' sent to object: 'Object Repository/Page_Swag Labs/input_Swag Labs_user-name'

2023-05-12 18:24:07 - [TEST_STEP][PASSED] - click(findTestObject("Object Repository/Page_Swag Labs/input_Swag Labs_password")): Object: 'Object Repository/Page_Swag Labs/input_Swag Labs_password' is clicked on

2023-05-12 18:24:07 - [MESSAGE][PASSED] - Object: 'Object Repository/Page_Swag Labs/input_Swag Labs_password' is clicked on

2023-05-12 18:24:07 - [TEST_STEP][PASSED] - sendKeys(findTestObject("Object Repository/Page_Swag Labs/input_Swag Labs_password"), "secret_sauce"): Keys 'secret_sauce' sent to object: 'Object Repository/Page_Swag Labs/input_Swag Labs_password'

2023-05-12 18:24:08 - [MESSAGE][PASSED] - Keys 'secret_sauce' sent to object: 'Object Repository/Page_Swag Labs/input_Swag Labs_password'

2023-05-12 18:24:08 - [TEST_STEP][PASSED] - click(findTestObject("Object Repository/Page_Swag Labs/input_Swag Labs_login-button")): Object: 'Object Repository/Page_Swag Labs/input_Swag Labs_login-button' is clicked on

2023-05-12 18:24:08 - [MESSAGE][PASSED] - Object: 'Object Repository/Page_Swag Labs/input_Swag Labs_login-button' is clicked on

2023-05-12 18:24:08 - [TEST_STEP][PASSED] - click(findTestObject("Object Repository/inventoryPage/Backpack")): Object: 'Object Repository/inventoryPage/Backpack' is clicked on

2023-05-12 18:24:09 - [MESSAGE][PASSED] - Object: 'Object Repository/inventoryPage/Backpack' is clicked on

2023-05-12 18:24:09 - [TEST_STEP][PASSED] - click(findTestObject("Object Repository/inventoryPage/button_Add to cart")): Object: 'Object Repository/inventoryPage/button_Add to cart' is clicked on

2023-05-12 18:24:09 - [MESSAGE][PASSED] - Object: 'Object Repository/inventoryPage/button_Add to cart' is clicked on

2023-05-12 18:24:09 - [TEST_STEP][PASSED] - click(findTestObject("Object Repository/inventoryPage/products_back-image")): Object: 'Object Repository/inventoryPage/products_back-image' is clicked on

2023-05-12 18:24:10 - [MESSAGE][PASSED] - Object: 'Object Repository/inventoryPage/products_back-image' is clicked on

2023-05-12 18:24:10 - [TEST_STEP][PASSED] - click(findTestObject("Object Repository/inventoryPage/cart")): Object: 'Object Repository/inventoryPage/cart' is clicked on

2023-05-12 18:24:10 - [MESSAGE][PASSED] - Object: 'Object Repository/inventoryPage/cart' is clicked on

2023-05-12 18:24:10 - [TEST_STEP][PASSED] - click(findTestObject("Object Repository/CheckoutPage/button_Checkout")): Object: 'Object Repository/CheckoutPage/button_Checkout' is clicked on

2023-05-12 18:24:11 - [MESSAGE][PASSED] - Object: 'Object Repository/CheckoutPage/button_Checkout' is clicked on

2023-05-12 18:24:11 - [TEST_STEP][PASSED] - sendKeys(findTestObject("Object Repository/checkout-step-one/input_Checkout Your Information_firstName"), "demo"): Keys 'demo' sent to object: 'Object Repository/checkout-step-one/input_Checkout Your Information_firstName'

2023-05-12 18:24:11 - [MESSAGE][PASSED] - Keys 'demo' sent to object: 'Object Repository/checkout-step-one/input_Checkout Your Information_firstName'

2023-05-12 18:24:11 - [TEST_STEP][PASSED] - sendKeys(findTestObject("Object Repository/checkout-step-one/input_Checkout Your Information_lastName"), "qa test"): Keys 'qa test' sent to object: 'Object Repository/checkout-step-one/input_Checkout Your Information_lastName'

2023-05-12 18:24:12 - [MESSAGE][PASSED] - Keys 'qa test' sent to object: 'Object Repository/checkout-step-one/input_Checkout Your Information_lastName'

2023-05-12 18:24:12 - [TEST_STEP][PASSED] - sendKeys(findTestObject("Object Repository/checkout-step-one/input_Checkout Your Information_postalCode"), "9000"): Keys '9000' sent to object: 'Object Repository/checkout-step-one/input_Checkout Your Information_postalCode'

2023-05-12 18:24:13 - [MESSAGE][PASSED] - Keys '9000' sent to object: 'Object Repository/checkout-step-one/input_Checkout Your Information_postalCode'

2023-05-12 18:24:13 - [TEST_STEP][PASSED] - click(findTestObject("Object Repository/checkout-step-one/input_continue")): Object: 'Object Repository/checkout-step-one/input_continue' is clicked on

2023-05-12 18:24:13 - [MESSAGE][PASSED] - Object: 'Object Repository/checkout-step-one/input_continue' is clicked on

2023-05-12 18:24:13 - [TEST_STEP][PASSED] - click(findTestObject("Object Repository/finish checkout/button_Finish")): Object: 'Object Repository/finish checkout/button_Finish' is clicked on

2023-05-12 18:24:14 - [MESSAGE][PASSED] - Object: 'Object Repository/finish checkout/button_Finish' is clicked on

2023-05-12 18:24:14 - [TEST_STEP][PASSED] - verifyElementVisible(findTestObject("Object Repository/order-success/h2_Thank you for your order")): Object 'Object Repository/order-success/h2_Thank you for your order' is visible

2023-05-12 18:24:14 - [MESSAGE][PASSED] - Object 'Object Repository/order-success/h2_Thank you for your order' is visible

2023-05-12 18:24:14 - [TEST_STEP][PASSED] - click(findTestObject("Object Repository/NavSideBar/sidebar")): Object: 'Object Repository/NavSideBar/sidebar' is clicked on

2023-05-12 18:24:15 - [MESSAGE][PASSED] - Object: 'Object Repository/NavSideBar/sidebar' is clicked on

2023-05-12 18:24:15 - [TEST_STEP][PASSED] - click(findTestObject("Object Repository/NavSideBar/a_Logout")): Object: 'Object Repository/NavSideBar/a_Logout' is clicked on

2023-05-12 18:24:15 - [MESSAGE][PASSED] - Object: 'Object Repository/NavSideBar/a_Logout' is clicked on

2023-05-12 18:24:15 - [TEST_STEP][PASSED] - verifyElementVisible(findTestObject("Object Repository/Page_Swag Labs/input_Swag Labs_user-name")): Object 'Object Repository/Page_Swag Labs/input_Swag Labs_user-name' is visible

2023-05-12 18:24:16 - [MESSAGE][PASSED] - Object 'Object Repository/Page_Swag Labs/input_Swag Labs_user-name' is visible

2023-05-12 18:24:16 - [TEST_STEP][PASSED] - closeBrowser(): Browser is closed

2023-05-12 18:24:16 - [MESSAGE][PASSED] - Browser is closed]]></system-out>
         <system-err><![CDATA[]]></system-err>
      </testcase>
      <testcase name="Test Cases/test-flow-1-buy-1-product" time="11.606" classname="Test Cases/test-flow-1-buy-1-product" status="PASSED">
         <system-out><![CDATA[2023-05-12 18:24:16 - [TEST_CASE][PASSED] - Test Cases/test-flow-1-buy-1-product: Test Cases/test-flow-1-buy-1-product

2023-05-12 18:24:16 - [TEST_STEP][PASSED] - openBrowser("https://www.saucedemo.com/"): Browser is opened with url: 'https://www.saucedemo.com/'

2023-05-12 18:24:16 - [MESSAGE][INFO] - Starting 'Chrome' driver

2023-05-12 18:24:16 - [MESSAGE][INFO] - Action delay is set to 0 milliseconds

2023-05-12 18:24:18 - [MESSAGE][PASSED] - Browser is opened with url: 'https://www.saucedemo.com/'

2023-05-12 18:24:18 - [TEST_STEP][PASSED] - click(findTestObject("Object Repository/Page_Swag Labs/input_Swag Labs_user-name")): Object: 'Object Repository/Page_Swag Labs/input_Swag Labs_user-name' is clicked on

2023-05-12 18:24:19 - [MESSAGE][PASSED] - Object: 'Object Repository/Page_Swag Labs/input_Swag Labs_user-name' is clicked on

2023-05-12 18:24:19 - [TEST_STEP][PASSED] - sendKeys(findTestObject("Object Repository/Page_Swag Labs/input_Swag Labs_user-name"), "standard_user"): Keys 'standard_user' sent to object: 'Object Repository/Page_Swag Labs/input_Swag Labs_user-name'

2023-05-12 18:24:19 - [MESSAGE][PASSED] - Keys 'standard_user' sent to object: 'Object Repository/Page_Swag Labs/input_Swag Labs_user-name'

2023-05-12 18:24:19 - [TEST_STEP][PASSED] - click(findTestObject("Object Repository/Page_Swag Labs/input_Swag Labs_password")): Object: 'Object Repository/Page_Swag Labs/input_Swag Labs_password' is clicked on

2023-05-12 18:24:19 - [MESSAGE][PASSED] - Object: 'Object Repository/Page_Swag Labs/input_Swag Labs_password' is clicked on

2023-05-12 18:24:19 - [TEST_STEP][PASSED] - sendKeys(findTestObject("Object Repository/Page_Swag Labs/input_Swag Labs_password"), "secret_sauce"): Keys 'secret_sauce' sent to object: 'Object Repository/Page_Swag Labs/input_Swag Labs_password'

2023-05-12 18:24:20 - [MESSAGE][PASSED] - Keys 'secret_sauce' sent to object: 'Object Repository/Page_Swag Labs/input_Swag Labs_password'

2023-05-12 18:24:20 - [TEST_STEP][PASSED] - click(findTestObject("Object Repository/Page_Swag Labs/input_Swag Labs_login-button")): Object: 'Object Repository/Page_Swag Labs/input_Swag Labs_login-button' is clicked on

2023-05-12 18:24:20 - [MESSAGE][PASSED] - Object: 'Object Repository/Page_Swag Labs/input_Swag Labs_login-button' is clicked on

2023-05-12 18:24:20 - [TEST_STEP][PASSED] - click(findTestObject("Object Repository/inventoryPage/Backpack")): Object: 'Object Repository/inventoryPage/Backpack' is clicked on

2023-05-12 18:24:20 - [MESSAGE][PASSED] - Object: 'Object Repository/inventoryPage/Backpack' is clicked on

2023-05-12 18:24:20 - [TEST_STEP][PASSED] - click(findTestObject("Object Repository/inventoryPage/button_Add to cart")): Object: 'Object Repository/inventoryPage/button_Add to cart' is clicked on

2023-05-12 18:24:21 - [MESSAGE][PASSED] - Object: 'Object Repository/inventoryPage/button_Add to cart' is clicked on

2023-05-12 18:24:21 - [TEST_STEP][PASSED] - click(findTestObject("Object Repository/inventoryPage/products_back-image")): Object: 'Object Repository/inventoryPage/products_back-image' is clicked on

2023-05-12 18:24:21 - [MESSAGE][PASSED] - Object: 'Object Repository/inventoryPage/products_back-image' is clicked on

2023-05-12 18:24:21 - [TEST_STEP][PASSED] - click(findTestObject("Object Repository/inventoryPage/cart")): Object: 'Object Repository/inventoryPage/cart' is clicked on

2023-05-12 18:24:22 - [MESSAGE][PASSED] - Object: 'Object Repository/inventoryPage/cart' is clicked on

2023-05-12 18:24:22 - [TEST_STEP][PASSED] - click(findTestObject("Object Repository/CheckoutPage/button_Checkout")): Object: 'Object Repository/CheckoutPage/button_Checkout' is clicked on

2023-05-12 18:24:22 - [MESSAGE][PASSED] - Object: 'Object Repository/CheckoutPage/button_Checkout' is clicked on

2023-05-12 18:24:22 - [TEST_STEP][PASSED] - sendKeys(findTestObject("Object Repository/checkout-step-one/input_Checkout Your Information_firstName"), "demo"): Keys 'demo' sent to object: 'Object Repository/checkout-step-one/input_Checkout Your Information_firstName'

2023-05-12 18:24:23 - [MESSAGE][PASSED] - Keys 'demo' sent to object: 'Object Repository/checkout-step-one/input_Checkout Your Information_firstName'

2023-05-12 18:24:23 - [TEST_STEP][PASSED] - sendKeys(findTestObject("Object Repository/checkout-step-one/input_Checkout Your Information_lastName"), "qa test"): Keys 'qa test' sent to object: 'Object Repository/checkout-step-one/input_Checkout Your Information_lastName'

2023-05-12 18:24:23 - [MESSAGE][PASSED] - Keys 'qa test' sent to object: 'Object Repository/checkout-step-one/input_Checkout Your Information_lastName'

2023-05-12 18:24:23 - [TEST_STEP][PASSED] - sendKeys(findTestObject("Object Repository/checkout-step-one/input_Checkout Your Information_postalCode"), "9000"): Keys '9000' sent to object: 'Object Repository/checkout-step-one/input_Checkout Your Information_postalCode'

2023-05-12 18:24:24 - [MESSAGE][PASSED] - Keys '9000' sent to object: 'Object Repository/checkout-step-one/input_Checkout Your Information_postalCode'

2023-05-12 18:24:24 - [TEST_STEP][PASSED] - click(findTestObject("Object Repository/checkout-step-one/input_continue")): Object: 'Object Repository/checkout-step-one/input_continue' is clicked on

2023-05-12 18:24:25 - [MESSAGE][PASSED] - Object: 'Object Repository/checkout-step-one/input_continue' is clicked on

2023-05-12 18:24:25 - [TEST_STEP][PASSED] - click(findTestObject("Object Repository/finish checkout/button_Finish")): Object: 'Object Repository/finish checkout/button_Finish' is clicked on

2023-05-12 18:24:25 - [MESSAGE][PASSED] - Object: 'Object Repository/finish checkout/button_Finish' is clicked on

2023-05-12 18:24:25 - [TEST_STEP][PASSED] - verifyElementVisible(findTestObject("Object Repository/order-success/h2_Thank you for your order")): Object 'Object Repository/order-success/h2_Thank you for your order' is visible

2023-05-12 18:24:26 - [MESSAGE][PASSED] - Object 'Object Repository/order-success/h2_Thank you for your order' is visible

2023-05-12 18:24:26 - [TEST_STEP][PASSED] - click(findTestObject("Object Repository/NavSideBar/sidebar")): Object: 'Object Repository/NavSideBar/sidebar' is clicked on

2023-05-12 18:24:26 - [MESSAGE][PASSED] - Object: 'Object Repository/NavSideBar/sidebar' is clicked on

2023-05-12 18:24:26 - [TEST_STEP][PASSED] - click(findTestObject("Object Repository/NavSideBar/a_Logout")): Object: 'Object Repository/NavSideBar/a_Logout' is clicked on

2023-05-12 18:24:27 - [MESSAGE][PASSED] - Object: 'Object Repository/NavSideBar/a_Logout' is clicked on

2023-05-12 18:24:27 - [TEST_STEP][PASSED] - verifyElementVisible(findTestObject("Object Repository/Page_Swag Labs/input_Swag Labs_user-name")): Object 'Object Repository/Page_Swag Labs/input_Swag Labs_user-name' is visible

2023-05-12 18:24:27 - [MESSAGE][PASSED] - Object 'Object Repository/Page_Swag Labs/input_Swag Labs_user-name' is visible

2023-05-12 18:24:27 - [TEST_STEP][PASSED] - closeBrowser(): Browser is closed

2023-05-12 18:24:28 - [MESSAGE][PASSED] - Browser is closed]]></system-out>
         <system-err><![CDATA[]]></system-err>
      </testcase>
      <testcase name="Test Cases/test-flow-1-buy-1-product" time="11.933" classname="Test Cases/test-flow-1-buy-1-product" status="PASSED">
         <system-out><![CDATA[2023-05-12 18:24:28 - [TEST_CASE][PASSED] - Test Cases/test-flow-1-buy-1-product: Test Cases/test-flow-1-buy-1-product

2023-05-12 18:24:28 - [TEST_STEP][PASSED] - openBrowser("https://www.saucedemo.com/"): Browser is opened with url: 'https://www.saucedemo.com/'

2023-05-12 18:24:28 - [MESSAGE][INFO] - Starting 'Chrome' driver

2023-05-12 18:24:28 - [MESSAGE][INFO] - Action delay is set to 0 milliseconds

2023-05-12 18:24:30 - [MESSAGE][PASSED] - Browser is opened with url: 'https://www.saucedemo.com/'

2023-05-12 18:24:30 - [TEST_STEP][PASSED] - click(findTestObject("Object Repository/Page_Swag Labs/input_Swag Labs_user-name")): Object: 'Object Repository/Page_Swag Labs/input_Swag Labs_user-name' is clicked on

2023-05-12 18:24:30 - [MESSAGE][PASSED] - Object: 'Object Repository/Page_Swag Labs/input_Swag Labs_user-name' is clicked on

2023-05-12 18:24:30 - [TEST_STEP][PASSED] - sendKeys(findTestObject("Object Repository/Page_Swag Labs/input_Swag Labs_user-name"), "standard_user"): Keys 'standard_user' sent to object: 'Object Repository/Page_Swag Labs/input_Swag Labs_user-name'

2023-05-12 18:24:31 - [MESSAGE][PASSED] - Keys 'standard_user' sent to object: 'Object Repository/Page_Swag Labs/input_Swag Labs_user-name'

2023-05-12 18:24:31 - [TEST_STEP][PASSED] - click(findTestObject("Object Repository/Page_Swag Labs/input_Swag Labs_password")): Object: 'Object Repository/Page_Swag Labs/input_Swag Labs_password' is clicked on

2023-05-12 18:24:31 - [MESSAGE][PASSED] - Object: 'Object Repository/Page_Swag Labs/input_Swag Labs_password' is clicked on

2023-05-12 18:24:31 - [TEST_STEP][PASSED] - sendKeys(findTestObject("Object Repository/Page_Swag Labs/input_Swag Labs_password"), "secret_sauce"): Keys 'secret_sauce' sent to object: 'Object Repository/Page_Swag Labs/input_Swag Labs_password'

2023-05-12 18:24:31 - [MESSAGE][PASSED] - Keys 'secret_sauce' sent to object: 'Object Repository/Page_Swag Labs/input_Swag Labs_password'

2023-05-12 18:24:31 - [TEST_STEP][PASSED] - click(findTestObject("Object Repository/Page_Swag Labs/input_Swag Labs_login-button")): Object: 'Object Repository/Page_Swag Labs/input_Swag Labs_login-button' is clicked on

2023-05-12 18:24:32 - [MESSAGE][PASSED] - Object: 'Object Repository/Page_Swag Labs/input_Swag Labs_login-button' is clicked on

2023-05-12 18:24:32 - [TEST_STEP][PASSED] - click(findTestObject("Object Repository/inventoryPage/Backpack")): Object: 'Object Repository/inventoryPage/Backpack' is clicked on

2023-05-12 18:24:32 - [MESSAGE][PASSED] - Object: 'Object Repository/inventoryPage/Backpack' is clicked on

2023-05-12 18:24:32 - [TEST_STEP][PASSED] - click(findTestObject("Object Repository/inventoryPage/button_Add to cart")): Object: 'Object Repository/inventoryPage/button_Add to cart' is clicked on

2023-05-12 18:24:33 - [MESSAGE][PASSED] - Object: 'Object Repository/inventoryPage/button_Add to cart' is clicked on

2023-05-12 18:24:33 - [TEST_STEP][PASSED] - click(findTestObject("Object Repository/inventoryPage/products_back-image")): Object: 'Object Repository/inventoryPage/products_back-image' is clicked on

2023-05-12 18:24:33 - [MESSAGE][PASSED] - Object: 'Object Repository/inventoryPage/products_back-image' is clicked on

2023-05-12 18:24:33 - [TEST_STEP][PASSED] - click(findTestObject("Object Repository/inventoryPage/cart")): Object: 'Object Repository/inventoryPage/cart' is clicked on

2023-05-12 18:24:34 - [MESSAGE][PASSED] - Object: 'Object Repository/inventoryPage/cart' is clicked on

2023-05-12 18:24:34 - [TEST_STEP][PASSED] - click(findTestObject("Object Repository/CheckoutPage/button_Checkout")): Object: 'Object Repository/CheckoutPage/button_Checkout' is clicked on

2023-05-12 18:24:34 - [MESSAGE][PASSED] - Object: 'Object Repository/CheckoutPage/button_Checkout' is clicked on

2023-05-12 18:24:34 - [TEST_STEP][PASSED] - sendKeys(findTestObject("Object Repository/checkout-step-one/input_Checkout Your Information_firstName"), "demo"): Keys 'demo' sent to object: 'Object Repository/checkout-step-one/input_Checkout Your Information_firstName'

2023-05-12 18:24:35 - [MESSAGE][PASSED] - Keys 'demo' sent to object: 'Object Repository/checkout-step-one/input_Checkout Your Information_firstName'

2023-05-12 18:24:35 - [TEST_STEP][PASSED] - sendKeys(findTestObject("Object Repository/checkout-step-one/input_Checkout Your Information_lastName"), "qa test"): Keys 'qa test' sent to object: 'Object Repository/checkout-step-one/input_Checkout Your Information_lastName'

2023-05-12 18:24:35 - [MESSAGE][PASSED] - Keys 'qa test' sent to object: 'Object Repository/checkout-step-one/input_Checkout Your Information_lastName'

2023-05-12 18:24:35 - [TEST_STEP][PASSED] - sendKeys(findTestObject("Object Repository/checkout-step-one/input_Checkout Your Information_postalCode"), "9000"): Keys '9000' sent to object: 'Object Repository/checkout-step-one/input_Checkout Your Information_postalCode'

2023-05-12 18:24:36 - [MESSAGE][PASSED] - Keys '9000' sent to object: 'Object Repository/checkout-step-one/input_Checkout Your Information_postalCode'

2023-05-12 18:24:36 - [TEST_STEP][PASSED] - click(findTestObject("Object Repository/checkout-step-one/input_continue")): Object: 'Object Repository/checkout-step-one/input_continue' is clicked on

2023-05-12 18:24:37 - [MESSAGE][PASSED] - Object: 'Object Repository/checkout-step-one/input_continue' is clicked on

2023-05-12 18:24:37 - [TEST_STEP][PASSED] - click(findTestObject("Object Repository/finish checkout/button_Finish")): Object: 'Object Repository/finish checkout/button_Finish' is clicked on

2023-05-12 18:24:37 - [MESSAGE][PASSED] - Object: 'Object Repository/finish checkout/button_Finish' is clicked on

2023-05-12 18:24:37 - [TEST_STEP][PASSED] - verifyElementVisible(findTestObject("Object Repository/order-success/h2_Thank you for your order")): Object 'Object Repository/order-success/h2_Thank you for your order' is visible

2023-05-12 18:24:38 - [MESSAGE][PASSED] - Object 'Object Repository/order-success/h2_Thank you for your order' is visible

2023-05-12 18:24:38 - [TEST_STEP][PASSED] - click(findTestObject("Object Repository/NavSideBar/sidebar")): Object: 'Object Repository/NavSideBar/sidebar' is clicked on

2023-05-12 18:24:38 - [MESSAGE][PASSED] - Object: 'Object Repository/NavSideBar/sidebar' is clicked on

2023-05-12 18:24:38 - [TEST_STEP][PASSED] - click(findTestObject("Object Repository/NavSideBar/a_Logout")): Object: 'Object Repository/NavSideBar/a_Logout' is clicked on

2023-05-12 18:24:38 - [MESSAGE][PASSED] - Object: 'Object Repository/NavSideBar/a_Logout' is clicked on

2023-05-12 18:24:38 - [TEST_STEP][PASSED] - verifyElementVisible(findTestObject("Object Repository/Page_Swag Labs/input_Swag Labs_user-name")): Object 'Object Repository/Page_Swag Labs/input_Swag Labs_user-name' is visible

2023-05-12 18:24:39 - [MESSAGE][PASSED] - Object 'Object Repository/Page_Swag Labs/input_Swag Labs_user-name' is visible

2023-05-12 18:24:39 - [TEST_STEP][PASSED] - closeBrowser(): Browser is closed

2023-05-12 18:24:40 - [MESSAGE][PASSED] - Browser is closed]]></system-out>
         <system-err><![CDATA[]]></system-err>
      </testcase>
      <testcase name="Test Cases/test-flow-1-buy-1-product" time="11.533" classname="Test Cases/test-flow-1-buy-1-product" status="PASSED">
         <system-out><![CDATA[2023-05-12 18:24:40 - [TEST_CASE][PASSED] - Test Cases/test-flow-1-buy-1-product: Test Cases/test-flow-1-buy-1-product

2023-05-12 18:24:40 - [TEST_STEP][PASSED] - openBrowser("https://www.saucedemo.com/"): Browser is opened with url: 'https://www.saucedemo.com/'

2023-05-12 18:24:40 - [MESSAGE][INFO] - Starting 'Chrome' driver

2023-05-12 18:24:40 - [MESSAGE][INFO] - Action delay is set to 0 milliseconds

2023-05-12 18:24:42 - [MESSAGE][PASSED] - Browser is opened with url: 'https://www.saucedemo.com/'

2023-05-12 18:24:42 - [TEST_STEP][PASSED] - click(findTestObject("Object Repository/Page_Swag Labs/input_Swag Labs_user-name")): Object: 'Object Repository/Page_Swag Labs/input_Swag Labs_user-name' is clicked on

2023-05-12 18:24:42 - [MESSAGE][PASSED] - Object: 'Object Repository/Page_Swag Labs/input_Swag Labs_user-name' is clicked on

2023-05-12 18:24:42 - [TEST_STEP][PASSED] - sendKeys(findTestObject("Object Repository/Page_Swag Labs/input_Swag Labs_user-name"), "standard_user"): Keys 'standard_user' sent to object: 'Object Repository/Page_Swag Labs/input_Swag Labs_user-name'

2023-05-12 18:24:42 - [MESSAGE][PASSED] - Keys 'standard_user' sent to object: 'Object Repository/Page_Swag Labs/input_Swag Labs_user-name'

2023-05-12 18:24:42 - [TEST_STEP][PASSED] - click(findTestObject("Object Repository/Page_Swag Labs/input_Swag Labs_password")): Object: 'Object Repository/Page_Swag Labs/input_Swag Labs_password' is clicked on

2023-05-12 18:24:43 - [MESSAGE][PASSED] - Object: 'Object Repository/Page_Swag Labs/input_Swag Labs_password' is clicked on

2023-05-12 18:24:43 - [TEST_STEP][PASSED] - sendKeys(findTestObject("Object Repository/Page_Swag Labs/input_Swag Labs_password"), "secret_sauce"): Keys 'secret_sauce' sent to object: 'Object Repository/Page_Swag Labs/input_Swag Labs_password'

2023-05-12 18:24:43 - [MESSAGE][PASSED] - Keys 'secret_sauce' sent to object: 'Object Repository/Page_Swag Labs/input_Swag Labs_password'

2023-05-12 18:24:43 - [TEST_STEP][PASSED] - click(findTestObject("Object Repository/Page_Swag Labs/input_Swag Labs_login-button")): Object: 'Object Repository/Page_Swag Labs/input_Swag Labs_login-button' is clicked on

2023-05-12 18:24:44 - [MESSAGE][PASSED] - Object: 'Object Repository/Page_Swag Labs/input_Swag Labs_login-button' is clicked on

2023-05-12 18:24:44 - [TEST_STEP][PASSED] - click(findTestObject("Object Repository/inventoryPage/Backpack")): Object: 'Object Repository/inventoryPage/Backpack' is clicked on

2023-05-12 18:24:44 - [MESSAGE][PASSED] - Object: 'Object Repository/inventoryPage/Backpack' is clicked on

2023-05-12 18:24:44 - [TEST_STEP][PASSED] - click(findTestObject("Object Repository/inventoryPage/button_Add to cart")): Object: 'Object Repository/inventoryPage/button_Add to cart' is clicked on

2023-05-12 18:24:45 - [MESSAGE][PASSED] - Object: 'Object Repository/inventoryPage/button_Add to cart' is clicked on

2023-05-12 18:24:45 - [TEST_STEP][PASSED] - click(findTestObject("Object Repository/inventoryPage/products_back-image")): Object: 'Object Repository/inventoryPage/products_back-image' is clicked on

2023-05-12 18:24:45 - [MESSAGE][PASSED] - Object: 'Object Repository/inventoryPage/products_back-image' is clicked on

2023-05-12 18:24:45 - [TEST_STEP][PASSED] - click(findTestObject("Object Repository/inventoryPage/cart")): Object: 'Object Repository/inventoryPage/cart' is clicked on

2023-05-12 18:24:46 - [MESSAGE][PASSED] - Object: 'Object Repository/inventoryPage/cart' is clicked on

2023-05-12 18:24:46 - [TEST_STEP][PASSED] - click(findTestObject("Object Repository/CheckoutPage/button_Checkout")): Object: 'Object Repository/CheckoutPage/button_Checkout' is clicked on

2023-05-12 18:24:46 - [MESSAGE][PASSED] - Object: 'Object Repository/CheckoutPage/button_Checkout' is clicked on

2023-05-12 18:24:46 - [TEST_STEP][PASSED] - sendKeys(findTestObject("Object Repository/checkout-step-one/input_Checkout Your Information_firstName"), "demo"): Keys 'demo' sent to object: 'Object Repository/checkout-step-one/input_Checkout Your Information_firstName'

2023-05-12 18:24:47 - [MESSAGE][PASSED] - Keys 'demo' sent to object: 'Object Repository/checkout-step-one/input_Checkout Your Information_firstName'

2023-05-12 18:24:47 - [TEST_STEP][PASSED] - sendKeys(findTestObject("Object Repository/checkout-step-one/input_Checkout Your Information_lastName"), "qa test"): Keys 'qa test' sent to object: 'Object Repository/checkout-step-one/input_Checkout Your Information_lastName'

2023-05-12 18:24:47 - [MESSAGE][PASSED] - Keys 'qa test' sent to object: 'Object Repository/checkout-step-one/input_Checkout Your Information_lastName'

2023-05-12 18:24:47 - [TEST_STEP][PASSED] - sendKeys(findTestObject("Object Repository/checkout-step-one/input_Checkout Your Information_postalCode"), "9000"): Keys '9000' sent to object: 'Object Repository/checkout-step-one/input_Checkout Your Information_postalCode'

2023-05-12 18:24:48 - [MESSAGE][PASSED] - Keys '9000' sent to object: 'Object Repository/checkout-step-one/input_Checkout Your Information_postalCode'

2023-05-12 18:24:48 - [TEST_STEP][PASSED] - click(findTestObject("Object Repository/checkout-step-one/input_continue")): Object: 'Object Repository/checkout-step-one/input_continue' is clicked on

2023-05-12 18:24:48 - [MESSAGE][PASSED] - Object: 'Object Repository/checkout-step-one/input_continue' is clicked on

2023-05-12 18:24:48 - [TEST_STEP][PASSED] - click(findTestObject("Object Repository/finish checkout/button_Finish")): Object: 'Object Repository/finish checkout/button_Finish' is clicked on

2023-05-12 18:24:49 - [MESSAGE][PASSED] - Object: 'Object Repository/finish checkout/button_Finish' is clicked on

2023-05-12 18:24:49 - [TEST_STEP][PASSED] - verifyElementVisible(findTestObject("Object Repository/order-success/h2_Thank you for your order")): Object 'Object Repository/order-success/h2_Thank you for your order' is visible

2023-05-12 18:24:49 - [MESSAGE][PASSED] - Object 'Object Repository/order-success/h2_Thank you for your order' is visible

2023-05-12 18:24:49 - [TEST_STEP][PASSED] - click(findTestObject("Object Repository/NavSideBar/sidebar")): Object: 'Object Repository/NavSideBar/sidebar' is clicked on

2023-05-12 18:24:49 - [MESSAGE][PASSED] - Object: 'Object Repository/NavSideBar/sidebar' is clicked on

2023-05-12 18:24:49 - [TEST_STEP][PASSED] - click(findTestObject("Object Repository/NavSideBar/a_Logout")): Object: 'Object Repository/NavSideBar/a_Logout' is clicked on

2023-05-12 18:24:50 - [MESSAGE][PASSED] - Object: 'Object Repository/NavSideBar/a_Logout' is clicked on

2023-05-12 18:24:50 - [TEST_STEP][PASSED] - verifyElementVisible(findTestObject("Object Repository/Page_Swag Labs/input_Swag Labs_user-name")): Object 'Object Repository/Page_Swag Labs/input_Swag Labs_user-name' is visible

2023-05-12 18:24:51 - [MESSAGE][PASSED] - Object 'Object Repository/Page_Swag Labs/input_Swag Labs_user-name' is visible

2023-05-12 18:24:51 - [TEST_STEP][PASSED] - closeBrowser(): Browser is closed

2023-05-12 18:24:51 - [MESSAGE][PASSED] - Browser is closed]]></system-out>
         <system-err><![CDATA[]]></system-err>
      </testcase>
      <testcase name="Test Cases/test-flow-1-buy-1-product" time="11.921" classname="Test Cases/test-flow-1-buy-1-product" status="PASSED">
         <system-out><![CDATA[2023-05-12 18:24:51 - [TEST_CASE][PASSED] - Test Cases/test-flow-1-buy-1-product: Test Cases/test-flow-1-buy-1-product

2023-05-12 18:24:51 - [TEST_STEP][PASSED] - openBrowser("https://www.saucedemo.com/"): Browser is opened with url: 'https://www.saucedemo.com/'

2023-05-12 18:24:51 - [MESSAGE][INFO] - Starting 'Chrome' driver

2023-05-12 18:24:51 - [MESSAGE][INFO] - Action delay is set to 0 milliseconds

2023-05-12 18:24:53 - [MESSAGE][PASSED] - Browser is opened with url: 'https://www.saucedemo.com/'

2023-05-12 18:24:53 - [TEST_STEP][PASSED] - click(findTestObject("Object Repository/Page_Swag Labs/input_Swag Labs_user-name")): Object: 'Object Repository/Page_Swag Labs/input_Swag Labs_user-name' is clicked on

2023-05-12 18:24:54 - [MESSAGE][PASSED] - Object: 'Object Repository/Page_Swag Labs/input_Swag Labs_user-name' is clicked on

2023-05-12 18:24:54 - [TEST_STEP][PASSED] - sendKeys(findTestObject("Object Repository/Page_Swag Labs/input_Swag Labs_user-name"), "standard_user"): Keys 'standard_user' sent to object: 'Object Repository/Page_Swag Labs/input_Swag Labs_user-name'

2023-05-12 18:24:54 - [MESSAGE][PASSED] - Keys 'standard_user' sent to object: 'Object Repository/Page_Swag Labs/input_Swag Labs_user-name'

2023-05-12 18:24:54 - [TEST_STEP][PASSED] - click(findTestObject("Object Repository/Page_Swag Labs/input_Swag Labs_password")): Object: 'Object Repository/Page_Swag Labs/input_Swag Labs_password' is clicked on

2023-05-12 18:24:54 - [MESSAGE][PASSED] - Object: 'Object Repository/Page_Swag Labs/input_Swag Labs_password' is clicked on

2023-05-12 18:24:54 - [TEST_STEP][PASSED] - sendKeys(findTestObject("Object Repository/Page_Swag Labs/input_Swag Labs_password"), "secret_sauce"): Keys 'secret_sauce' sent to object: 'Object Repository/Page_Swag Labs/input_Swag Labs_password'

2023-05-12 18:24:55 - [MESSAGE][PASSED] - Keys 'secret_sauce' sent to object: 'Object Repository/Page_Swag Labs/input_Swag Labs_password'

2023-05-12 18:24:55 - [TEST_STEP][PASSED] - click(findTestObject("Object Repository/Page_Swag Labs/input_Swag Labs_login-button")): Object: 'Object Repository/Page_Swag Labs/input_Swag Labs_login-button' is clicked on

2023-05-12 18:24:55 - [MESSAGE][PASSED] - Object: 'Object Repository/Page_Swag Labs/input_Swag Labs_login-button' is clicked on

2023-05-12 18:24:55 - [TEST_STEP][PASSED] - click(findTestObject("Object Repository/inventoryPage/Backpack")): Object: 'Object Repository/inventoryPage/Backpack' is clicked on

2023-05-12 18:24:56 - [MESSAGE][PASSED] - Object: 'Object Repository/inventoryPage/Backpack' is clicked on

2023-05-12 18:24:56 - [TEST_STEP][PASSED] - click(findTestObject("Object Repository/inventoryPage/button_Add to cart")): Object: 'Object Repository/inventoryPage/button_Add to cart' is clicked on

2023-05-12 18:24:56 - [MESSAGE][PASSED] - Object: 'Object Repository/inventoryPage/button_Add to cart' is clicked on

2023-05-12 18:24:56 - [TEST_STEP][PASSED] - click(findTestObject("Object Repository/inventoryPage/products_back-image")): Object: 'Object Repository/inventoryPage/products_back-image' is clicked on

2023-05-12 18:24:57 - [MESSAGE][PASSED] - Object: 'Object Repository/inventoryPage/products_back-image' is clicked on

2023-05-12 18:24:57 - [TEST_STEP][PASSED] - click(findTestObject("Object Repository/inventoryPage/cart")): Object: 'Object Repository/inventoryPage/cart' is clicked on

2023-05-12 18:24:57 - [MESSAGE][PASSED] - Object: 'Object Repository/inventoryPage/cart' is clicked on

2023-05-12 18:24:57 - [TEST_STEP][PASSED] - click(findTestObject("Object Repository/CheckoutPage/button_Checkout")): Object: 'Object Repository/CheckoutPage/button_Checkout' is clicked on

2023-05-12 18:24:58 - [MESSAGE][PASSED] - Object: 'Object Repository/CheckoutPage/button_Checkout' is clicked on

2023-05-12 18:24:58 - [TEST_STEP][PASSED] - sendKeys(findTestObject("Object Repository/checkout-step-one/input_Checkout Your Information_firstName"), "demo"): Keys 'demo' sent to object: 'Object Repository/checkout-step-one/input_Checkout Your Information_firstName'

2023-05-12 18:24:58 - [MESSAGE][PASSED] - Keys 'demo' sent to object: 'Object Repository/checkout-step-one/input_Checkout Your Information_firstName'

2023-05-12 18:24:58 - [TEST_STEP][PASSED] - sendKeys(findTestObject("Object Repository/checkout-step-one/input_Checkout Your Information_lastName"), "qa test"): Keys 'qa test' sent to object: 'Object Repository/checkout-step-one/input_Checkout Your Information_lastName'

2023-05-12 18:24:59 - [MESSAGE][PASSED] - Keys 'qa test' sent to object: 'Object Repository/checkout-step-one/input_Checkout Your Information_lastName'

2023-05-12 18:24:59 - [TEST_STEP][PASSED] - sendKeys(findTestObject("Object Repository/checkout-step-one/input_Checkout Your Information_postalCode"), "9000"): Keys '9000' sent to object: 'Object Repository/checkout-step-one/input_Checkout Your Information_postalCode'

2023-05-12 18:24:59 - [MESSAGE][PASSED] - Keys '9000' sent to object: 'Object Repository/checkout-step-one/input_Checkout Your Information_postalCode'

2023-05-12 18:24:59 - [TEST_STEP][PASSED] - click(findTestObject("Object Repository/checkout-step-one/input_continue")): Object: 'Object Repository/checkout-step-one/input_continue' is clicked on

2023-05-12 18:25:00 - [MESSAGE][PASSED] - Object: 'Object Repository/checkout-step-one/input_continue' is clicked on

2023-05-12 18:25:00 - [TEST_STEP][PASSED] - click(findTestObject("Object Repository/finish checkout/button_Finish")): Object: 'Object Repository/finish checkout/button_Finish' is clicked on

2023-05-12 18:25:01 - [MESSAGE][PASSED] - Object: 'Object Repository/finish checkout/button_Finish' is clicked on

2023-05-12 18:25:01 - [TEST_STEP][PASSED] - verifyElementVisible(findTestObject("Object Repository/order-success/h2_Thank you for your order")): Object 'Object Repository/order-success/h2_Thank you for your order' is visible

2023-05-12 18:25:01 - [MESSAGE][PASSED] - Object 'Object Repository/order-success/h2_Thank you for your order' is visible

2023-05-12 18:25:01 - [TEST_STEP][PASSED] - click(findTestObject("Object Repository/NavSideBar/sidebar")): Object: 'Object Repository/NavSideBar/sidebar' is clicked on

2023-05-12 18:25:02 - [MESSAGE][PASSED] - Object: 'Object Repository/NavSideBar/sidebar' is clicked on

2023-05-12 18:25:02 - [TEST_STEP][PASSED] - click(findTestObject("Object Repository/NavSideBar/a_Logout")): Object: 'Object Repository/NavSideBar/a_Logout' is clicked on

2023-05-12 18:25:02 - [MESSAGE][PASSED] - Object: 'Object Repository/NavSideBar/a_Logout' is clicked on

2023-05-12 18:25:02 - [TEST_STEP][PASSED] - verifyElementVisible(findTestObject("Object Repository/Page_Swag Labs/input_Swag Labs_user-name")): Object 'Object Repository/Page_Swag Labs/input_Swag Labs_user-name' is visible

2023-05-12 18:25:03 - [MESSAGE][PASSED] - Object 'Object Repository/Page_Swag Labs/input_Swag Labs_user-name' is visible

2023-05-12 18:25:03 - [TEST_STEP][PASSED] - closeBrowser(): Browser is closed

2023-05-12 18:25:03 - [MESSAGE][PASSED] - Browser is closed]]></system-out>
         <system-err><![CDATA[]]></system-err>
      </testcase>
      <testcase name="Test Cases/test-flow-1-buy-1-product" time="12.03" classname="Test Cases/test-flow-1-buy-1-product" status="PASSED">
         <system-out><![CDATA[2023-05-12 18:25:03 - [TEST_CASE][PASSED] - Test Cases/test-flow-1-buy-1-product: Test Cases/test-flow-1-buy-1-product

2023-05-12 18:25:03 - [TEST_STEP][PASSED] - openBrowser("https://www.saucedemo.com/"): Browser is opened with url: 'https://www.saucedemo.com/'

2023-05-12 18:25:03 - [MESSAGE][INFO] - Starting 'Chrome' driver

2023-05-12 18:25:03 - [MESSAGE][INFO] - Action delay is set to 0 milliseconds

2023-05-12 18:25:05 - [MESSAGE][PASSED] - Browser is opened with url: 'https://www.saucedemo.com/'

2023-05-12 18:25:05 - [TEST_STEP][PASSED] - click(findTestObject("Object Repository/Page_Swag Labs/input_Swag Labs_user-name")): Object: 'Object Repository/Page_Swag Labs/input_Swag Labs_user-name' is clicked on

2023-05-12 18:25:06 - [MESSAGE][PASSED] - Object: 'Object Repository/Page_Swag Labs/input_Swag Labs_user-name' is clicked on

2023-05-12 18:25:06 - [TEST_STEP][PASSED] - sendKeys(findTestObject("Object Repository/Page_Swag Labs/input_Swag Labs_user-name"), "standard_user"): Keys 'standard_user' sent to object: 'Object Repository/Page_Swag Labs/input_Swag Labs_user-name'

2023-05-12 18:25:06 - [MESSAGE][PASSED] - Keys 'standard_user' sent to object: 'Object Repository/Page_Swag Labs/input_Swag Labs_user-name'

2023-05-12 18:25:06 - [TEST_STEP][PASSED] - click(findTestObject("Object Repository/Page_Swag Labs/input_Swag Labs_password")): Object: 'Object Repository/Page_Swag Labs/input_Swag Labs_password' is clicked on

2023-05-12 18:25:06 - [MESSAGE][PASSED] - Object: 'Object Repository/Page_Swag Labs/input_Swag Labs_password' is clicked on

2023-05-12 18:25:06 - [TEST_STEP][PASSED] - sendKeys(findTestObject("Object Repository/Page_Swag Labs/input_Swag Labs_password"), "secret_sauce"): Keys 'secret_sauce' sent to object: 'Object Repository/Page_Swag Labs/input_Swag Labs_password'

2023-05-12 18:25:07 - [MESSAGE][PASSED] - Keys 'secret_sauce' sent to object: 'Object Repository/Page_Swag Labs/input_Swag Labs_password'

2023-05-12 18:25:07 - [TEST_STEP][PASSED] - click(findTestObject("Object Repository/Page_Swag Labs/input_Swag Labs_login-button")): Object: 'Object Repository/Page_Swag Labs/input_Swag Labs_login-button' is clicked on

2023-05-12 18:25:07 - [MESSAGE][PASSED] - Object: 'Object Repository/Page_Swag Labs/input_Swag Labs_login-button' is clicked on

2023-05-12 18:25:07 - [TEST_STEP][PASSED] - click(findTestObject("Object Repository/inventoryPage/Backpack")): Object: 'Object Repository/inventoryPage/Backpack' is clicked on

2023-05-12 18:25:08 - [MESSAGE][PASSED] - Object: 'Object Repository/inventoryPage/Backpack' is clicked on

2023-05-12 18:25:08 - [TEST_STEP][PASSED] - click(findTestObject("Object Repository/inventoryPage/button_Add to cart")): Object: 'Object Repository/inventoryPage/button_Add to cart' is clicked on

2023-05-12 18:25:08 - [MESSAGE][PASSED] - Object: 'Object Repository/inventoryPage/button_Add to cart' is clicked on

2023-05-12 18:25:08 - [TEST_STEP][PASSED] - click(findTestObject("Object Repository/inventoryPage/products_back-image")): Object: 'Object Repository/inventoryPage/products_back-image' is clicked on

2023-05-12 18:25:09 - [MESSAGE][PASSED] - Object: 'Object Repository/inventoryPage/products_back-image' is clicked on

2023-05-12 18:25:09 - [TEST_STEP][PASSED] - click(findTestObject("Object Repository/inventoryPage/cart")): Object: 'Object Repository/inventoryPage/cart' is clicked on

2023-05-12 18:25:09 - [MESSAGE][PASSED] - Object: 'Object Repository/inventoryPage/cart' is clicked on

2023-05-12 18:25:09 - [TEST_STEP][PASSED] - click(findTestObject("Object Repository/CheckoutPage/button_Checkout")): Object: 'Object Repository/CheckoutPage/button_Checkout' is clicked on

2023-05-12 18:25:10 - [MESSAGE][PASSED] - Object: 'Object Repository/CheckoutPage/button_Checkout' is clicked on

2023-05-12 18:25:10 - [TEST_STEP][PASSED] - sendKeys(findTestObject("Object Repository/checkout-step-one/input_Checkout Your Information_firstName"), "demo"): Keys 'demo' sent to object: 'Object Repository/checkout-step-one/input_Checkout Your Information_firstName'

2023-05-12 18:25:10 - [MESSAGE][PASSED] - Keys 'demo' sent to object: 'Object Repository/checkout-step-one/input_Checkout Your Information_firstName'

2023-05-12 18:25:10 - [TEST_STEP][PASSED] - sendKeys(findTestObject("Object Repository/checkout-step-one/input_Checkout Your Information_lastName"), "qa test"): Keys 'qa test' sent to object: 'Object Repository/checkout-step-one/input_Checkout Your Information_lastName'

2023-05-12 18:25:11 - [MESSAGE][PASSED] - Keys 'qa test' sent to object: 'Object Repository/checkout-step-one/input_Checkout Your Information_lastName'

2023-05-12 18:25:11 - [TEST_STEP][PASSED] - sendKeys(findTestObject("Object Repository/checkout-step-one/input_Checkout Your Information_postalCode"), "9000"): Keys '9000' sent to object: 'Object Repository/checkout-step-one/input_Checkout Your Information_postalCode'

2023-05-12 18:25:11 - [MESSAGE][PASSED] - Keys '9000' sent to object: 'Object Repository/checkout-step-one/input_Checkout Your Information_postalCode'

2023-05-12 18:25:11 - [TEST_STEP][PASSED] - click(findTestObject("Object Repository/checkout-step-one/input_continue")): Object: 'Object Repository/checkout-step-one/input_continue' is clicked on

2023-05-12 18:25:12 - [MESSAGE][PASSED] - Object: 'Object Repository/checkout-step-one/input_continue' is clicked on

2023-05-12 18:25:12 - [TEST_STEP][PASSED] - click(findTestObject("Object Repository/finish checkout/button_Finish")): Object: 'Object Repository/finish checkout/button_Finish' is clicked on

2023-05-12 18:25:13 - [MESSAGE][PASSED] - Object: 'Object Repository/finish checkout/button_Finish' is clicked on

2023-05-12 18:25:13 - [TEST_STEP][PASSED] - verifyElementVisible(findTestObject("Object Repository/order-success/h2_Thank you for your order")): Object 'Object Repository/order-success/h2_Thank you for your order' is visible

2023-05-12 18:25:13 - [MESSAGE][PASSED] - Object 'Object Repository/order-success/h2_Thank you for your order' is visible

2023-05-12 18:25:13 - [TEST_STEP][PASSED] - click(findTestObject("Object Repository/NavSideBar/sidebar")): Object: 'Object Repository/NavSideBar/sidebar' is clicked on

2023-05-12 18:25:13 - [MESSAGE][PASSED] - Object: 'Object Repository/NavSideBar/sidebar' is clicked on

2023-05-12 18:25:13 - [TEST_STEP][PASSED] - click(findTestObject("Object Repository/NavSideBar/a_Logout")): Object: 'Object Repository/NavSideBar/a_Logout' is clicked on

2023-05-12 18:25:14 - [MESSAGE][PASSED] - Object: 'Object Repository/NavSideBar/a_Logout' is clicked on

2023-05-12 18:25:14 - [TEST_STEP][PASSED] - verifyElementVisible(findTestObject("Object Repository/Page_Swag Labs/input_Swag Labs_user-name")): Object 'Object Repository/Page_Swag Labs/input_Swag Labs_user-name' is visible

2023-05-12 18:25:15 - [MESSAGE][PASSED] - Object 'Object Repository/Page_Swag Labs/input_Swag Labs_user-name' is visible

2023-05-12 18:25:15 - [TEST_STEP][PASSED] - closeBrowser(): Browser is closed

2023-05-12 18:25:15 - [MESSAGE][PASSED] - Browser is closed]]></system-out>
         <system-err><![CDATA[]]></system-err>
      </testcase>
      <testcase name="Test Cases/test-flow-1-buy-1-product" time="11.733" classname="Test Cases/test-flow-1-buy-1-product" status="PASSED">
         <system-out><![CDATA[2023-05-12 18:25:15 - [TEST_CASE][PASSED] - Test Cases/test-flow-1-buy-1-product: Test Cases/test-flow-1-buy-1-product

2023-05-12 18:25:15 - [TEST_STEP][PASSED] - openBrowser("https://www.saucedemo.com/"): Browser is opened with url: 'https://www.saucedemo.com/'

2023-05-12 18:25:15 - [MESSAGE][INFO] - Starting 'Chrome' driver

2023-05-12 18:25:15 - [MESSAGE][INFO] - Action delay is set to 0 milliseconds

2023-05-12 18:25:17 - [MESSAGE][PASSED] - Browser is opened with url: 'https://www.saucedemo.com/'

2023-05-12 18:25:17 - [TEST_STEP][PASSED] - click(findTestObject("Object Repository/Page_Swag Labs/input_Swag Labs_user-name")): Object: 'Object Repository/Page_Swag Labs/input_Swag Labs_user-name' is clicked on

2023-05-12 18:25:18 - [MESSAGE][PASSED] - Object: 'Object Repository/Page_Swag Labs/input_Swag Labs_user-name' is clicked on

2023-05-12 18:25:18 - [TEST_STEP][PASSED] - sendKeys(findTestObject("Object Repository/Page_Swag Labs/input_Swag Labs_user-name"), "standard_user"): Keys 'standard_user' sent to object: 'Object Repository/Page_Swag Labs/input_Swag Labs_user-name'

2023-05-12 18:25:18 - [MESSAGE][PASSED] - Keys 'standard_user' sent to object: 'Object Repository/Page_Swag Labs/input_Swag Labs_user-name'

2023-05-12 18:25:18 - [TEST_STEP][PASSED] - click(findTestObject("Object Repository/Page_Swag Labs/input_Swag Labs_password")): Object: 'Object Repository/Page_Swag Labs/input_Swag Labs_password' is clicked on

2023-05-12 18:25:18 - [MESSAGE][PASSED] - Object: 'Object Repository/Page_Swag Labs/input_Swag Labs_password' is clicked on

2023-05-12 18:25:18 - [TEST_STEP][PASSED] - sendKeys(findTestObject("Object Repository/Page_Swag Labs/input_Swag Labs_password"), "secret_sauce"): Keys 'secret_sauce' sent to object: 'Object Repository/Page_Swag Labs/input_Swag Labs_password'

2023-05-12 18:25:19 - [MESSAGE][PASSED] - Keys 'secret_sauce' sent to object: 'Object Repository/Page_Swag Labs/input_Swag Labs_password'

2023-05-12 18:25:19 - [TEST_STEP][PASSED] - click(findTestObject("Object Repository/Page_Swag Labs/input_Swag Labs_login-button")): Object: 'Object Repository/Page_Swag Labs/input_Swag Labs_login-button' is clicked on

2023-05-12 18:25:19 - [MESSAGE][PASSED] - Object: 'Object Repository/Page_Swag Labs/input_Swag Labs_login-button' is clicked on

2023-05-12 18:25:19 - [TEST_STEP][PASSED] - click(findTestObject("Object Repository/inventoryPage/Backpack")): Object: 'Object Repository/inventoryPage/Backpack' is clicked on

2023-05-12 18:25:19 - [MESSAGE][PASSED] - Object: 'Object Repository/inventoryPage/Backpack' is clicked on

2023-05-12 18:25:19 - [TEST_STEP][PASSED] - click(findTestObject("Object Repository/inventoryPage/button_Add to cart")): Object: 'Object Repository/inventoryPage/button_Add to cart' is clicked on

2023-05-12 18:25:20 - [MESSAGE][PASSED] - Object: 'Object Repository/inventoryPage/button_Add to cart' is clicked on

2023-05-12 18:25:20 - [TEST_STEP][PASSED] - click(findTestObject("Object Repository/inventoryPage/products_back-image")): Object: 'Object Repository/inventoryPage/products_back-image' is clicked on

2023-05-12 18:25:20 - [MESSAGE][PASSED] - Object: 'Object Repository/inventoryPage/products_back-image' is clicked on

2023-05-12 18:25:20 - [TEST_STEP][PASSED] - click(findTestObject("Object Repository/inventoryPage/cart")): Object: 'Object Repository/inventoryPage/cart' is clicked on

2023-05-12 18:25:21 - [MESSAGE][PASSED] - Object: 'Object Repository/inventoryPage/cart' is clicked on

2023-05-12 18:25:21 - [TEST_STEP][PASSED] - click(findTestObject("Object Repository/CheckoutPage/button_Checkout")): Object: 'Object Repository/CheckoutPage/button_Checkout' is clicked on

2023-05-12 18:25:21 - [MESSAGE][PASSED] - Object: 'Object Repository/CheckoutPage/button_Checkout' is clicked on

2023-05-12 18:25:21 - [TEST_STEP][PASSED] - sendKeys(findTestObject("Object Repository/checkout-step-one/input_Checkout Your Information_firstName"), "demo"): Keys 'demo' sent to object: 'Object Repository/checkout-step-one/input_Checkout Your Information_firstName'

2023-05-12 18:25:22 - [MESSAGE][PASSED] - Keys 'demo' sent to object: 'Object Repository/checkout-step-one/input_Checkout Your Information_firstName'

2023-05-12 18:25:22 - [TEST_STEP][PASSED] - sendKeys(findTestObject("Object Repository/checkout-step-one/input_Checkout Your Information_lastName"), "qa test"): Keys 'qa test' sent to object: 'Object Repository/checkout-step-one/input_Checkout Your Information_lastName'

2023-05-12 18:25:23 - [MESSAGE][PASSED] - Keys 'qa test' sent to object: 'Object Repository/checkout-step-one/input_Checkout Your Information_lastName'

2023-05-12 18:25:23 - [TEST_STEP][PASSED] - sendKeys(findTestObject("Object Repository/checkout-step-one/input_Checkout Your Information_postalCode"), "9000"): Keys '9000' sent to object: 'Object Repository/checkout-step-one/input_Checkout Your Information_postalCode'

2023-05-12 18:25:23 - [MESSAGE][PASSED] - Keys '9000' sent to object: 'Object Repository/checkout-step-one/input_Checkout Your Information_postalCode'

2023-05-12 18:25:23 - [TEST_STEP][PASSED] - click(findTestObject("Object Repository/checkout-step-one/input_continue")): Object: 'Object Repository/checkout-step-one/input_continue' is clicked on

2023-05-12 18:25:24 - [MESSAGE][PASSED] - Object: 'Object Repository/checkout-step-one/input_continue' is clicked on

2023-05-12 18:25:24 - [TEST_STEP][PASSED] - click(findTestObject("Object Repository/finish checkout/button_Finish")): Object: 'Object Repository/finish checkout/button_Finish' is clicked on

2023-05-12 18:25:24 - [MESSAGE][PASSED] - Object: 'Object Repository/finish checkout/button_Finish' is clicked on

2023-05-12 18:25:24 - [TEST_STEP][PASSED] - verifyElementVisible(findTestObject("Object Repository/order-success/h2_Thank you for your order")): Object 'Object Repository/order-success/h2_Thank you for your order' is visible

2023-05-12 18:25:25 - [MESSAGE][PASSED] - Object 'Object Repository/order-success/h2_Thank you for your order' is visible

2023-05-12 18:25:25 - [TEST_STEP][PASSED] - click(findTestObject("Object Repository/NavSideBar/sidebar")): Object: 'Object Repository/NavSideBar/sidebar' is clicked on

2023-05-12 18:25:25 - [MESSAGE][PASSED] - Object: 'Object Repository/NavSideBar/sidebar' is clicked on

2023-05-12 18:25:25 - [TEST_STEP][PASSED] - click(findTestObject("Object Repository/NavSideBar/a_Logout")): Object: 'Object Repository/NavSideBar/a_Logout' is clicked on

2023-05-12 18:25:26 - [MESSAGE][PASSED] - Object: 'Object Repository/NavSideBar/a_Logout' is clicked on

2023-05-12 18:25:26 - [TEST_STEP][PASSED] - verifyElementVisible(findTestObject("Object Repository/Page_Swag Labs/input_Swag Labs_user-name")): Object 'Object Repository/Page_Swag Labs/input_Swag Labs_user-name' is visible

2023-05-12 18:25:26 - [MESSAGE][PASSED] - Object 'Object Repository/Page_Swag Labs/input_Swag Labs_user-name' is visible

2023-05-12 18:25:26 - [TEST_STEP][PASSED] - closeBrowser(): Browser is closed

2023-05-12 18:25:27 - [MESSAGE][PASSED] - Browser is closed]]></system-out>
         <system-err><![CDATA[]]></system-err>
      </testcase>
      <testcase name="Test Cases/test-flow-1-buy-1-product" time="11.927" classname="Test Cases/test-flow-1-buy-1-product" status="PASSED">
         <system-out><![CDATA[2023-05-12 18:25:27 - [TEST_CASE][PASSED] - Test Cases/test-flow-1-buy-1-product: Test Cases/test-flow-1-buy-1-product

2023-05-12 18:25:27 - [TEST_STEP][PASSED] - openBrowser("https://www.saucedemo.com/"): Browser is opened with url: 'https://www.saucedemo.com/'

2023-05-12 18:25:27 - [MESSAGE][INFO] - Starting 'Chrome' driver

2023-05-12 18:25:27 - [MESSAGE][INFO] - Action delay is set to 0 milliseconds

2023-05-12 18:25:29 - [MESSAGE][PASSED] - Browser is opened with url: 'https://www.saucedemo.com/'

2023-05-12 18:25:29 - [TEST_STEP][PASSED] - click(findTestObject("Object Repository/Page_Swag Labs/input_Swag Labs_user-name")): Object: 'Object Repository/Page_Swag Labs/input_Swag Labs_user-name' is clicked on

2023-05-12 18:25:29 - [MESSAGE][PASSED] - Object: 'Object Repository/Page_Swag Labs/input_Swag Labs_user-name' is clicked on

2023-05-12 18:25:29 - [TEST_STEP][PASSED] - sendKeys(findTestObject("Object Repository/Page_Swag Labs/input_Swag Labs_user-name"), "standard_user"): Keys 'standard_user' sent to object: 'Object Repository/Page_Swag Labs/input_Swag Labs_user-name'

2023-05-12 18:25:30 - [MESSAGE][PASSED] - Keys 'standard_user' sent to object: 'Object Repository/Page_Swag Labs/input_Swag Labs_user-name'

2023-05-12 18:25:30 - [TEST_STEP][PASSED] - click(findTestObject("Object Repository/Page_Swag Labs/input_Swag Labs_password")): Object: 'Object Repository/Page_Swag Labs/input_Swag Labs_password' is clicked on

2023-05-12 18:25:30 - [MESSAGE][PASSED] - Object: 'Object Repository/Page_Swag Labs/input_Swag Labs_password' is clicked on

2023-05-12 18:25:30 - [TEST_STEP][PASSED] - sendKeys(findTestObject("Object Repository/Page_Swag Labs/input_Swag Labs_password"), "secret_sauce"): Keys 'secret_sauce' sent to object: 'Object Repository/Page_Swag Labs/input_Swag Labs_password'

2023-05-12 18:25:30 - [MESSAGE][PASSED] - Keys 'secret_sauce' sent to object: 'Object Repository/Page_Swag Labs/input_Swag Labs_password'

2023-05-12 18:25:30 - [TEST_STEP][PASSED] - click(findTestObject("Object Repository/Page_Swag Labs/input_Swag Labs_login-button")): Object: 'Object Repository/Page_Swag Labs/input_Swag Labs_login-button' is clicked on

2023-05-12 18:25:31 - [MESSAGE][PASSED] - Object: 'Object Repository/Page_Swag Labs/input_Swag Labs_login-button' is clicked on

2023-05-12 18:25:31 - [TEST_STEP][PASSED] - click(findTestObject("Object Repository/inventoryPage/Backpack")): Object: 'Object Repository/inventoryPage/Backpack' is clicked on

2023-05-12 18:25:31 - [MESSAGE][PASSED] - Object: 'Object Repository/inventoryPage/Backpack' is clicked on

2023-05-12 18:25:31 - [TEST_STEP][PASSED] - click(findTestObject("Object Repository/inventoryPage/button_Add to cart")): Object: 'Object Repository/inventoryPage/button_Add to cart' is clicked on

2023-05-12 18:25:32 - [MESSAGE][PASSED] - Object: 'Object Repository/inventoryPage/button_Add to cart' is clicked on

2023-05-12 18:25:32 - [TEST_STEP][PASSED] - click(findTestObject("Object Repository/inventoryPage/products_back-image")): Object: 'Object Repository/inventoryPage/products_back-image' is clicked on

2023-05-12 18:25:32 - [MESSAGE][PASSED] - Object: 'Object Repository/inventoryPage/products_back-image' is clicked on

2023-05-12 18:25:32 - [TEST_STEP][PASSED] - click(findTestObject("Object Repository/inventoryPage/cart")): Object: 'Object Repository/inventoryPage/cart' is clicked on

2023-05-12 18:25:33 - [MESSAGE][PASSED] - Object: 'Object Repository/inventoryPage/cart' is clicked on

2023-05-12 18:25:33 - [TEST_STEP][PASSED] - click(findTestObject("Object Repository/CheckoutPage/button_Checkout")): Object: 'Object Repository/CheckoutPage/button_Checkout' is clicked on

2023-05-12 18:25:33 - [MESSAGE][PASSED] - Object: 'Object Repository/CheckoutPage/button_Checkout' is clicked on

2023-05-12 18:25:33 - [TEST_STEP][PASSED] - sendKeys(findTestObject("Object Repository/checkout-step-one/input_Checkout Your Information_firstName"), "demo"): Keys 'demo' sent to object: 'Object Repository/checkout-step-one/input_Checkout Your Information_firstName'

2023-05-12 18:25:34 - [MESSAGE][PASSED] - Keys 'demo' sent to object: 'Object Repository/checkout-step-one/input_Checkout Your Information_firstName'

2023-05-12 18:25:34 - [TEST_STEP][PASSED] - sendKeys(findTestObject("Object Repository/checkout-step-one/input_Checkout Your Information_lastName"), "qa test"): Keys 'qa test' sent to object: 'Object Repository/checkout-step-one/input_Checkout Your Information_lastName'

2023-05-12 18:25:34 - [MESSAGE][PASSED] - Keys 'qa test' sent to object: 'Object Repository/checkout-step-one/input_Checkout Your Information_lastName'

2023-05-12 18:25:34 - [TEST_STEP][PASSED] - sendKeys(findTestObject("Object Repository/checkout-step-one/input_Checkout Your Information_postalCode"), "9000"): Keys '9000' sent to object: 'Object Repository/checkout-step-one/input_Checkout Your Information_postalCode'

2023-05-12 18:25:35 - [MESSAGE][PASSED] - Keys '9000' sent to object: 'Object Repository/checkout-step-one/input_Checkout Your Information_postalCode'

2023-05-12 18:25:35 - [TEST_STEP][PASSED] - click(findTestObject("Object Repository/checkout-step-one/input_continue")): Object: 'Object Repository/checkout-step-one/input_continue' is clicked on

2023-05-12 18:25:36 - [MESSAGE][PASSED] - Object: 'Object Repository/checkout-step-one/input_continue' is clicked on

2023-05-12 18:25:36 - [TEST_STEP][PASSED] - click(findTestObject("Object Repository/finish checkout/button_Finish")): Object: 'Object Repository/finish checkout/button_Finish' is clicked on

2023-05-12 18:25:36 - [MESSAGE][PASSED] - Object: 'Object Repository/finish checkout/button_Finish' is clicked on

2023-05-12 18:25:36 - [TEST_STEP][PASSED] - verifyElementVisible(findTestObject("Object Repository/order-success/h2_Thank you for your order")): Object 'Object Repository/order-success/h2_Thank you for your order' is visible

2023-05-12 18:25:37 - [MESSAGE][PASSED] - Object 'Object Repository/order-success/h2_Thank you for your order' is visible

2023-05-12 18:25:37 - [TEST_STEP][PASSED] - click(findTestObject("Object Repository/NavSideBar/sidebar")): Object: 'Object Repository/NavSideBar/sidebar' is clicked on

2023-05-12 18:25:37 - [MESSAGE][PASSED] - Object: 'Object Repository/NavSideBar/sidebar' is clicked on

2023-05-12 18:25:37 - [TEST_STEP][PASSED] - click(findTestObject("Object Repository/NavSideBar/a_Logout")): Object: 'Object Repository/NavSideBar/a_Logout' is clicked on

2023-05-12 18:25:38 - [MESSAGE][PASSED] - Object: 'Object Repository/NavSideBar/a_Logout' is clicked on

2023-05-12 18:25:38 - [TEST_STEP][PASSED] - verifyElementVisible(findTestObject("Object Repository/Page_Swag Labs/input_Swag Labs_user-name")): Object 'Object Repository/Page_Swag Labs/input_Swag Labs_user-name' is visible

2023-05-12 18:25:38 - [MESSAGE][PASSED] - Object 'Object Repository/Page_Swag Labs/input_Swag Labs_user-name' is visible

2023-05-12 18:25:38 - [TEST_STEP][PASSED] - closeBrowser(): Browser is closed

2023-05-12 18:25:39 - [MESSAGE][PASSED] - Browser is closed]]></system-out>
         <system-err><![CDATA[]]></system-err>
      </testcase>
      <testcase name="Test Cases/test-flow-1-buy-1-product" time="12.422" classname="Test Cases/test-flow-1-buy-1-product" status="PASSED">
         <system-out><![CDATA[2023-05-12 18:25:39 - [TEST_CASE][PASSED] - Test Cases/test-flow-1-buy-1-product: Test Cases/test-flow-1-buy-1-product

2023-05-12 18:25:39 - [TEST_STEP][PASSED] - openBrowser("https://www.saucedemo.com/"): Browser is opened with url: 'https://www.saucedemo.com/'

2023-05-12 18:25:39 - [MESSAGE][INFO] - Starting 'Chrome' driver

2023-05-12 18:25:39 - [MESSAGE][INFO] - Action delay is set to 0 milliseconds

2023-05-12 18:25:42 - [MESSAGE][PASSED] - Browser is opened with url: 'https://www.saucedemo.com/'

2023-05-12 18:25:42 - [TEST_STEP][PASSED] - click(findTestObject("Object Repository/Page_Swag Labs/input_Swag Labs_user-name")): Object: 'Object Repository/Page_Swag Labs/input_Swag Labs_user-name' is clicked on

2023-05-12 18:25:42 - [MESSAGE][PASSED] - Object: 'Object Repository/Page_Swag Labs/input_Swag Labs_user-name' is clicked on

2023-05-12 18:25:42 - [TEST_STEP][PASSED] - sendKeys(findTestObject("Object Repository/Page_Swag Labs/input_Swag Labs_user-name"), "standard_user"): Keys 'standard_user' sent to object: 'Object Repository/Page_Swag Labs/input_Swag Labs_user-name'

2023-05-12 18:25:42 - [MESSAGE][PASSED] - Keys 'standard_user' sent to object: 'Object Repository/Page_Swag Labs/input_Swag Labs_user-name'

2023-05-12 18:25:42 - [TEST_STEP][PASSED] - click(findTestObject("Object Repository/Page_Swag Labs/input_Swag Labs_password")): Object: 'Object Repository/Page_Swag Labs/input_Swag Labs_password' is clicked on

2023-05-12 18:25:43 - [MESSAGE][PASSED] - Object: 'Object Repository/Page_Swag Labs/input_Swag Labs_password' is clicked on

2023-05-12 18:25:43 - [TEST_STEP][PASSED] - sendKeys(findTestObject("Object Repository/Page_Swag Labs/input_Swag Labs_password"), "secret_sauce"): Keys 'secret_sauce' sent to object: 'Object Repository/Page_Swag Labs/input_Swag Labs_password'

2023-05-12 18:25:43 - [MESSAGE][PASSED] - Keys 'secret_sauce' sent to object: 'Object Repository/Page_Swag Labs/input_Swag Labs_password'

2023-05-12 18:25:43 - [TEST_STEP][PASSED] - click(findTestObject("Object Repository/Page_Swag Labs/input_Swag Labs_login-button")): Object: 'Object Repository/Page_Swag Labs/input_Swag Labs_login-button' is clicked on

2023-05-12 18:25:43 - [MESSAGE][PASSED] - Object: 'Object Repository/Page_Swag Labs/input_Swag Labs_login-button' is clicked on

2023-05-12 18:25:43 - [TEST_STEP][PASSED] - click(findTestObject("Object Repository/inventoryPage/Backpack")): Object: 'Object Repository/inventoryPage/Backpack' is clicked on

2023-05-12 18:25:44 - [MESSAGE][PASSED] - Object: 'Object Repository/inventoryPage/Backpack' is clicked on

2023-05-12 18:25:44 - [TEST_STEP][PASSED] - click(findTestObject("Object Repository/inventoryPage/button_Add to cart")): Object: 'Object Repository/inventoryPage/button_Add to cart' is clicked on

2023-05-12 18:25:44 - [MESSAGE][PASSED] - Object: 'Object Repository/inventoryPage/button_Add to cart' is clicked on

2023-05-12 18:25:44 - [TEST_STEP][PASSED] - click(findTestObject("Object Repository/inventoryPage/products_back-image")): Object: 'Object Repository/inventoryPage/products_back-image' is clicked on

2023-05-12 18:25:45 - [MESSAGE][PASSED] - Object: 'Object Repository/inventoryPage/products_back-image' is clicked on

2023-05-12 18:25:45 - [TEST_STEP][PASSED] - click(findTestObject("Object Repository/inventoryPage/cart")): Object: 'Object Repository/inventoryPage/cart' is clicked on

2023-05-12 18:25:45 - [MESSAGE][PASSED] - Object: 'Object Repository/inventoryPage/cart' is clicked on

2023-05-12 18:25:45 - [TEST_STEP][PASSED] - click(findTestObject("Object Repository/CheckoutPage/button_Checkout")): Object: 'Object Repository/CheckoutPage/button_Checkout' is clicked on

2023-05-12 18:25:46 - [MESSAGE][PASSED] - Object: 'Object Repository/CheckoutPage/button_Checkout' is clicked on

2023-05-12 18:25:46 - [TEST_STEP][PASSED] - sendKeys(findTestObject("Object Repository/checkout-step-one/input_Checkout Your Information_firstName"), "demo"): Keys 'demo' sent to object: 'Object Repository/checkout-step-one/input_Checkout Your Information_firstName'

2023-05-12 18:25:46 - [MESSAGE][PASSED] - Keys 'demo' sent to object: 'Object Repository/checkout-step-one/input_Checkout Your Information_firstName'

2023-05-12 18:25:46 - [TEST_STEP][PASSED] - sendKeys(findTestObject("Object Repository/checkout-step-one/input_Checkout Your Information_lastName"), "qa test"): Keys 'qa test' sent to object: 'Object Repository/checkout-step-one/input_Checkout Your Information_lastName'

2023-05-12 18:25:47 - [MESSAGE][PASSED] - Keys 'qa test' sent to object: 'Object Repository/checkout-step-one/input_Checkout Your Information_lastName'

2023-05-12 18:25:47 - [TEST_STEP][PASSED] - sendKeys(findTestObject("Object Repository/checkout-step-one/input_Checkout Your Information_postalCode"), "9000"): Keys '9000' sent to object: 'Object Repository/checkout-step-one/input_Checkout Your Information_postalCode'

2023-05-12 18:25:48 - [MESSAGE][PASSED] - Keys '9000' sent to object: 'Object Repository/checkout-step-one/input_Checkout Your Information_postalCode'

2023-05-12 18:25:48 - [TEST_STEP][PASSED] - click(findTestObject("Object Repository/checkout-step-one/input_continue")): Object: 'Object Repository/checkout-step-one/input_continue' is clicked on

2023-05-12 18:25:48 - [MESSAGE][PASSED] - Object: 'Object Repository/checkout-step-one/input_continue' is clicked on

2023-05-12 18:25:48 - [TEST_STEP][PASSED] - click(findTestObject("Object Repository/finish checkout/button_Finish")): Object: 'Object Repository/finish checkout/button_Finish' is clicked on

2023-05-12 18:25:49 - [MESSAGE][PASSED] - Object: 'Object Repository/finish checkout/button_Finish' is clicked on

2023-05-12 18:25:49 - [TEST_STEP][PASSED] - verifyElementVisible(findTestObject("Object Repository/order-success/h2_Thank you for your order")): Object 'Object Repository/order-success/h2_Thank you for your order' is visible

2023-05-12 18:25:49 - [MESSAGE][PASSED] - Object 'Object Repository/order-success/h2_Thank you for your order' is visible

2023-05-12 18:25:49 - [TEST_STEP][PASSED] - click(findTestObject("Object Repository/NavSideBar/sidebar")): Object: 'Object Repository/NavSideBar/sidebar' is clicked on

2023-05-12 18:25:50 - [MESSAGE][PASSED] - Object: 'Object Repository/NavSideBar/sidebar' is clicked on

2023-05-12 18:25:50 - [TEST_STEP][PASSED] - click(findTestObject("Object Repository/NavSideBar/a_Logout")): Object: 'Object Repository/NavSideBar/a_Logout' is clicked on

2023-05-12 18:25:50 - [MESSAGE][PASSED] - Object: 'Object Repository/NavSideBar/a_Logout' is clicked on

2023-05-12 18:25:50 - [TEST_STEP][PASSED] - verifyElementVisible(findTestObject("Object Repository/Page_Swag Labs/input_Swag Labs_user-name")): Object 'Object Repository/Page_Swag Labs/input_Swag Labs_user-name' is visible

2023-05-12 18:25:51 - [MESSAGE][PASSED] - Object 'Object Repository/Page_Swag Labs/input_Swag Labs_user-name' is visible

2023-05-12 18:25:51 - [TEST_STEP][PASSED] - closeBrowser(): Browser is closed

2023-05-12 18:25:51 - [MESSAGE][PASSED] - Browser is closed]]></system-out>
         <system-err><![CDATA[]]></system-err>
      </testcase>
      <testcase name="Test Cases/test-flow-1-buy-1-product" time="12.024" classname="Test Cases/test-flow-1-buy-1-product" status="PASSED">
         <system-out><![CDATA[2023-05-12 18:25:51 - [TEST_CASE][PASSED] - Test Cases/test-flow-1-buy-1-product: Test Cases/test-flow-1-buy-1-product

2023-05-12 18:25:51 - [TEST_STEP][PASSED] - openBrowser("https://www.saucedemo.com/"): Browser is opened with url: 'https://www.saucedemo.com/'

2023-05-12 18:25:51 - [MESSAGE][INFO] - Starting 'Chrome' driver

2023-05-12 18:25:51 - [MESSAGE][INFO] - Action delay is set to 0 milliseconds

2023-05-12 18:25:53 - [MESSAGE][PASSED] - Browser is opened with url: 'https://www.saucedemo.com/'

2023-05-12 18:25:53 - [TEST_STEP][PASSED] - click(findTestObject("Object Repository/Page_Swag Labs/input_Swag Labs_user-name")): Object: 'Object Repository/Page_Swag Labs/input_Swag Labs_user-name' is clicked on

2023-05-12 18:25:54 - [MESSAGE][PASSED] - Object: 'Object Repository/Page_Swag Labs/input_Swag Labs_user-name' is clicked on

2023-05-12 18:25:54 - [TEST_STEP][PASSED] - sendKeys(findTestObject("Object Repository/Page_Swag Labs/input_Swag Labs_user-name"), "standard_user"): Keys 'standard_user' sent to object: 'Object Repository/Page_Swag Labs/input_Swag Labs_user-name'

2023-05-12 18:25:54 - [MESSAGE][PASSED] - Keys 'standard_user' sent to object: 'Object Repository/Page_Swag Labs/input_Swag Labs_user-name'

2023-05-12 18:25:54 - [TEST_STEP][PASSED] - click(findTestObject("Object Repository/Page_Swag Labs/input_Swag Labs_password")): Object: 'Object Repository/Page_Swag Labs/input_Swag Labs_password' is clicked on

2023-05-12 18:25:54 - [MESSAGE][PASSED] - Object: 'Object Repository/Page_Swag Labs/input_Swag Labs_password' is clicked on

2023-05-12 18:25:54 - [TEST_STEP][PASSED] - sendKeys(findTestObject("Object Repository/Page_Swag Labs/input_Swag Labs_password"), "secret_sauce"): Keys 'secret_sauce' sent to object: 'Object Repository/Page_Swag Labs/input_Swag Labs_password'

2023-05-12 18:25:55 - [MESSAGE][PASSED] - Keys 'secret_sauce' sent to object: 'Object Repository/Page_Swag Labs/input_Swag Labs_password'

2023-05-12 18:25:55 - [TEST_STEP][PASSED] - click(findTestObject("Object Repository/Page_Swag Labs/input_Swag Labs_login-button")): Object: 'Object Repository/Page_Swag Labs/input_Swag Labs_login-button' is clicked on

2023-05-12 18:25:55 - [MESSAGE][PASSED] - Object: 'Object Repository/Page_Swag Labs/input_Swag Labs_login-button' is clicked on

2023-05-12 18:25:55 - [TEST_STEP][PASSED] - click(findTestObject("Object Repository/inventoryPage/Backpack")): Object: 'Object Repository/inventoryPage/Backpack' is clicked on

2023-05-12 18:25:56 - [MESSAGE][PASSED] - Object: 'Object Repository/inventoryPage/Backpack' is clicked on

2023-05-12 18:25:56 - [TEST_STEP][PASSED] - click(findTestObject("Object Repository/inventoryPage/button_Add to cart")): Object: 'Object Repository/inventoryPage/button_Add to cart' is clicked on

2023-05-12 18:25:56 - [MESSAGE][PASSED] - Object: 'Object Repository/inventoryPage/button_Add to cart' is clicked on

2023-05-12 18:25:56 - [TEST_STEP][PASSED] - click(findTestObject("Object Repository/inventoryPage/products_back-image")): Object: 'Object Repository/inventoryPage/products_back-image' is clicked on

2023-05-12 18:25:57 - [MESSAGE][PASSED] - Object: 'Object Repository/inventoryPage/products_back-image' is clicked on

2023-05-12 18:25:57 - [TEST_STEP][PASSED] - click(findTestObject("Object Repository/inventoryPage/cart")): Object: 'Object Repository/inventoryPage/cart' is clicked on

2023-05-12 18:25:57 - [MESSAGE][PASSED] - Object: 'Object Repository/inventoryPage/cart' is clicked on

2023-05-12 18:25:57 - [TEST_STEP][PASSED] - click(findTestObject("Object Repository/CheckoutPage/button_Checkout")): Object: 'Object Repository/CheckoutPage/button_Checkout' is clicked on

2023-05-12 18:25:58 - [MESSAGE][PASSED] - Object: 'Object Repository/CheckoutPage/button_Checkout' is clicked on

2023-05-12 18:25:58 - [TEST_STEP][PASSED] - sendKeys(findTestObject("Object Repository/checkout-step-one/input_Checkout Your Information_firstName"), "demo"): Keys 'demo' sent to object: 'Object Repository/checkout-step-one/input_Checkout Your Information_firstName'

2023-05-12 18:25:58 - [MESSAGE][PASSED] - Keys 'demo' sent to object: 'Object Repository/checkout-step-one/input_Checkout Your Information_firstName'

2023-05-12 18:25:58 - [TEST_STEP][PASSED] - sendKeys(findTestObject("Object Repository/checkout-step-one/input_Checkout Your Information_lastName"), "qa test"): Keys 'qa test' sent to object: 'Object Repository/checkout-step-one/input_Checkout Your Information_lastName'

2023-05-12 18:25:59 - [MESSAGE][PASSED] - Keys 'qa test' sent to object: 'Object Repository/checkout-step-one/input_Checkout Your Information_lastName'

2023-05-12 18:25:59 - [TEST_STEP][PASSED] - sendKeys(findTestObject("Object Repository/checkout-step-one/input_Checkout Your Information_postalCode"), "9000"): Keys '9000' sent to object: 'Object Repository/checkout-step-one/input_Checkout Your Information_postalCode'

2023-05-12 18:25:59 - [MESSAGE][PASSED] - Keys '9000' sent to object: 'Object Repository/checkout-step-one/input_Checkout Your Information_postalCode'

2023-05-12 18:25:59 - [TEST_STEP][PASSED] - click(findTestObject("Object Repository/checkout-step-one/input_continue")): Object: 'Object Repository/checkout-step-one/input_continue' is clicked on

2023-05-12 18:26:00 - [MESSAGE][PASSED] - Object: 'Object Repository/checkout-step-one/input_continue' is clicked on

2023-05-12 18:26:00 - [TEST_STEP][PASSED] - click(findTestObject("Object Repository/finish checkout/button_Finish")): Object: 'Object Repository/finish checkout/button_Finish' is clicked on

2023-05-12 18:26:01 - [MESSAGE][PASSED] - Object: 'Object Repository/finish checkout/button_Finish' is clicked on

2023-05-12 18:26:01 - [TEST_STEP][PASSED] - verifyElementVisible(findTestObject("Object Repository/order-success/h2_Thank you for your order")): Object 'Object Repository/order-success/h2_Thank you for your order' is visible

2023-05-12 18:26:01 - [MESSAGE][PASSED] - Object 'Object Repository/order-success/h2_Thank you for your order' is visible

2023-05-12 18:26:01 - [TEST_STEP][PASSED] - click(findTestObject("Object Repository/NavSideBar/sidebar")): Object: 'Object Repository/NavSideBar/sidebar' is clicked on

2023-05-12 18:26:02 - [MESSAGE][PASSED] - Object: 'Object Repository/NavSideBar/sidebar' is clicked on

2023-05-12 18:26:02 - [TEST_STEP][PASSED] - click(findTestObject("Object Repository/NavSideBar/a_Logout")): Object: 'Object Repository/NavSideBar/a_Logout' is clicked on

2023-05-12 18:26:02 - [MESSAGE][PASSED] - Object: 'Object Repository/NavSideBar/a_Logout' is clicked on

2023-05-12 18:26:02 - [TEST_STEP][PASSED] - verifyElementVisible(findTestObject("Object Repository/Page_Swag Labs/input_Swag Labs_user-name")): Object 'Object Repository/Page_Swag Labs/input_Swag Labs_user-name' is visible

2023-05-12 18:26:03 - [MESSAGE][PASSED] - Object 'Object Repository/Page_Swag Labs/input_Swag Labs_user-name' is visible

2023-05-12 18:26:03 - [TEST_STEP][PASSED] - closeBrowser(): Browser is closed

2023-05-12 18:26:03 - [MESSAGE][PASSED] - Browser is closed]]></system-out>
         <system-err><![CDATA[]]></system-err>
      </testcase>
      <testcase name="Test Cases/test-flow-1-buy-1-product" time="11.962" classname="Test Cases/test-flow-1-buy-1-product" status="PASSED">
         <system-out><![CDATA[2023-05-12 18:26:03 - [TEST_CASE][PASSED] - Test Cases/test-flow-1-buy-1-product: Test Cases/test-flow-1-buy-1-product

2023-05-12 18:26:03 - [TEST_STEP][PASSED] - openBrowser("https://www.saucedemo.com/"): Browser is opened with url: 'https://www.saucedemo.com/'

2023-05-12 18:26:03 - [MESSAGE][INFO] - Starting 'Chrome' driver

2023-05-12 18:26:03 - [MESSAGE][INFO] - Action delay is set to 0 milliseconds

2023-05-12 18:26:06 - [MESSAGE][PASSED] - Browser is opened with url: 'https://www.saucedemo.com/'

2023-05-12 18:26:06 - [TEST_STEP][PASSED] - click(findTestObject("Object Repository/Page_Swag Labs/input_Swag Labs_user-name")): Object: 'Object Repository/Page_Swag Labs/input_Swag Labs_user-name' is clicked on

2023-05-12 18:26:06 - [MESSAGE][PASSED] - Object: 'Object Repository/Page_Swag Labs/input_Swag Labs_user-name' is clicked on

2023-05-12 18:26:06 - [TEST_STEP][PASSED] - sendKeys(findTestObject("Object Repository/Page_Swag Labs/input_Swag Labs_user-name"), "standard_user"): Keys 'standard_user' sent to object: 'Object Repository/Page_Swag Labs/input_Swag Labs_user-name'

2023-05-12 18:26:06 - [MESSAGE][PASSED] - Keys 'standard_user' sent to object: 'Object Repository/Page_Swag Labs/input_Swag Labs_user-name'

2023-05-12 18:26:06 - [TEST_STEP][PASSED] - click(findTestObject("Object Repository/Page_Swag Labs/input_Swag Labs_password")): Object: 'Object Repository/Page_Swag Labs/input_Swag Labs_password' is clicked on

2023-05-12 18:26:07 - [MESSAGE][PASSED] - Object: 'Object Repository/Page_Swag Labs/input_Swag Labs_password' is clicked on

2023-05-12 18:26:07 - [TEST_STEP][PASSED] - sendKeys(findTestObject("Object Repository/Page_Swag Labs/input_Swag Labs_password"), "secret_sauce"): Keys 'secret_sauce' sent to object: 'Object Repository/Page_Swag Labs/input_Swag Labs_password'

2023-05-12 18:26:07 - [MESSAGE][PASSED] - Keys 'secret_sauce' sent to object: 'Object Repository/Page_Swag Labs/input_Swag Labs_password'

2023-05-12 18:26:07 - [TEST_STEP][PASSED] - click(findTestObject("Object Repository/Page_Swag Labs/input_Swag Labs_login-button")): Object: 'Object Repository/Page_Swag Labs/input_Swag Labs_login-button' is clicked on

2023-05-12 18:26:07 - [MESSAGE][PASSED] - Object: 'Object Repository/Page_Swag Labs/input_Swag Labs_login-button' is clicked on

2023-05-12 18:26:07 - [TEST_STEP][PASSED] - click(findTestObject("Object Repository/inventoryPage/Backpack")): Object: 'Object Repository/inventoryPage/Backpack' is clicked on

2023-05-12 18:26:08 - [MESSAGE][PASSED] - Object: 'Object Repository/inventoryPage/Backpack' is clicked on

2023-05-12 18:26:08 - [TEST_STEP][PASSED] - click(findTestObject("Object Repository/inventoryPage/button_Add to cart")): Object: 'Object Repository/inventoryPage/button_Add to cart' is clicked on

2023-05-12 18:26:08 - [MESSAGE][PASSED] - Object: 'Object Repository/inventoryPage/button_Add to cart' is clicked on

2023-05-12 18:26:08 - [TEST_STEP][PASSED] - click(findTestObject("Object Repository/inventoryPage/products_back-image")): Object: 'Object Repository/inventoryPage/products_back-image' is clicked on

2023-05-12 18:26:09 - [MESSAGE][PASSED] - Object: 'Object Repository/inventoryPage/products_back-image' is clicked on

2023-05-12 18:26:09 - [TEST_STEP][PASSED] - click(findTestObject("Object Repository/inventoryPage/cart")): Object: 'Object Repository/inventoryPage/cart' is clicked on

2023-05-12 18:26:09 - [MESSAGE][PASSED] - Object: 'Object Repository/inventoryPage/cart' is clicked on

2023-05-12 18:26:09 - [TEST_STEP][PASSED] - click(findTestObject("Object Repository/CheckoutPage/button_Checkout")): Object: 'Object Repository/CheckoutPage/button_Checkout' is clicked on

2023-05-12 18:26:10 - [MESSAGE][PASSED] - Object: 'Object Repository/CheckoutPage/button_Checkout' is clicked on

2023-05-12 18:26:10 - [TEST_STEP][PASSED] - sendKeys(findTestObject("Object Repository/checkout-step-one/input_Checkout Your Information_firstName"), "demo"): Keys 'demo' sent to object: 'Object Repository/checkout-step-one/input_Checkout Your Information_firstName'

2023-05-12 18:26:10 - [MESSAGE][PASSED] - Keys 'demo' sent to object: 'Object Repository/checkout-step-one/input_Checkout Your Information_firstName'

2023-05-12 18:26:10 - [TEST_STEP][PASSED] - sendKeys(findTestObject("Object Repository/checkout-step-one/input_Checkout Your Information_lastName"), "qa test"): Keys 'qa test' sent to object: 'Object Repository/checkout-step-one/input_Checkout Your Information_lastName'

2023-05-12 18:26:11 - [MESSAGE][PASSED] - Keys 'qa test' sent to object: 'Object Repository/checkout-step-one/input_Checkout Your Information_lastName'

2023-05-12 18:26:11 - [TEST_STEP][PASSED] - sendKeys(findTestObject("Object Repository/checkout-step-one/input_Checkout Your Information_postalCode"), "9000"): Keys '9000' sent to object: 'Object Repository/checkout-step-one/input_Checkout Your Information_postalCode'

2023-05-12 18:26:12 - [MESSAGE][PASSED] - Keys '9000' sent to object: 'Object Repository/checkout-step-one/input_Checkout Your Information_postalCode'

2023-05-12 18:26:12 - [TEST_STEP][PASSED] - click(findTestObject("Object Repository/checkout-step-one/input_continue")): Object: 'Object Repository/checkout-step-one/input_continue' is clicked on

2023-05-12 18:26:12 - [MESSAGE][PASSED] - Object: 'Object Repository/checkout-step-one/input_continue' is clicked on

2023-05-12 18:26:12 - [TEST_STEP][PASSED] - click(findTestObject("Object Repository/finish checkout/button_Finish")): Object: 'Object Repository/finish checkout/button_Finish' is clicked on

2023-05-12 18:26:13 - [MESSAGE][PASSED] - Object: 'Object Repository/finish checkout/button_Finish' is clicked on

2023-05-12 18:26:13 - [TEST_STEP][PASSED] - verifyElementVisible(findTestObject("Object Repository/order-success/h2_Thank you for your order")): Object 'Object Repository/order-success/h2_Thank you for your order' is visible

2023-05-12 18:26:13 - [MESSAGE][PASSED] - Object 'Object Repository/order-success/h2_Thank you for your order' is visible

2023-05-12 18:26:13 - [TEST_STEP][PASSED] - click(findTestObject("Object Repository/NavSideBar/sidebar")): Object: 'Object Repository/NavSideBar/sidebar' is clicked on

2023-05-12 18:26:14 - [MESSAGE][PASSED] - Object: 'Object Repository/NavSideBar/sidebar' is clicked on

2023-05-12 18:26:14 - [TEST_STEP][PASSED] - click(findTestObject("Object Repository/NavSideBar/a_Logout")): Object: 'Object Repository/NavSideBar/a_Logout' is clicked on

2023-05-12 18:26:14 - [MESSAGE][PASSED] - Object: 'Object Repository/NavSideBar/a_Logout' is clicked on

2023-05-12 18:26:14 - [TEST_STEP][PASSED] - verifyElementVisible(findTestObject("Object Repository/Page_Swag Labs/input_Swag Labs_user-name")): Object 'Object Repository/Page_Swag Labs/input_Swag Labs_user-name' is visible

2023-05-12 18:26:15 - [MESSAGE][PASSED] - Object 'Object Repository/Page_Swag Labs/input_Swag Labs_user-name' is visible

2023-05-12 18:26:15 - [TEST_STEP][PASSED] - closeBrowser(): Browser is closed

2023-05-12 18:26:15 - [MESSAGE][PASSED] - Browser is closed]]></system-out>
         <system-err><![CDATA[]]></system-err>
      </testcase>
      <testcase name="Test Cases/test-flow-1-buy-1-product" time="11.901" classname="Test Cases/test-flow-1-buy-1-product" status="PASSED">
         <system-out><![CDATA[2023-05-12 18:26:15 - [TEST_CASE][PASSED] - Test Cases/test-flow-1-buy-1-product: Test Cases/test-flow-1-buy-1-product

2023-05-12 18:26:15 - [TEST_STEP][PASSED] - openBrowser("https://www.saucedemo.com/"): Browser is opened with url: 'https://www.saucedemo.com/'

2023-05-12 18:26:15 - [MESSAGE][INFO] - Starting 'Chrome' driver

2023-05-12 18:26:15 - [MESSAGE][INFO] - Action delay is set to 0 milliseconds

2023-05-12 18:26:17 - [MESSAGE][PASSED] - Browser is opened with url: 'https://www.saucedemo.com/'

2023-05-12 18:26:17 - [TEST_STEP][PASSED] - click(findTestObject("Object Repository/Page_Swag Labs/input_Swag Labs_user-name")): Object: 'Object Repository/Page_Swag Labs/input_Swag Labs_user-name' is clicked on

2023-05-12 18:26:18 - [MESSAGE][PASSED] - Object: 'Object Repository/Page_Swag Labs/input_Swag Labs_user-name' is clicked on

2023-05-12 18:26:18 - [TEST_STEP][PASSED] - sendKeys(findTestObject("Object Repository/Page_Swag Labs/input_Swag Labs_user-name"), "standard_user"): Keys 'standard_user' sent to object: 'Object Repository/Page_Swag Labs/input_Swag Labs_user-name'

2023-05-12 18:26:18 - [MESSAGE][PASSED] - Keys 'standard_user' sent to object: 'Object Repository/Page_Swag Labs/input_Swag Labs_user-name'

2023-05-12 18:26:18 - [TEST_STEP][PASSED] - click(findTestObject("Object Repository/Page_Swag Labs/input_Swag Labs_password")): Object: 'Object Repository/Page_Swag Labs/input_Swag Labs_password' is clicked on

2023-05-12 18:26:18 - [MESSAGE][PASSED] - Object: 'Object Repository/Page_Swag Labs/input_Swag Labs_password' is clicked on

2023-05-12 18:26:18 - [TEST_STEP][PASSED] - sendKeys(findTestObject("Object Repository/Page_Swag Labs/input_Swag Labs_password"), "secret_sauce"): Keys 'secret_sauce' sent to object: 'Object Repository/Page_Swag Labs/input_Swag Labs_password'

2023-05-12 18:26:19 - [MESSAGE][PASSED] - Keys 'secret_sauce' sent to object: 'Object Repository/Page_Swag Labs/input_Swag Labs_password'

2023-05-12 18:26:19 - [TEST_STEP][PASSED] - click(findTestObject("Object Repository/Page_Swag Labs/input_Swag Labs_login-button")): Object: 'Object Repository/Page_Swag Labs/input_Swag Labs_login-button' is clicked on

2023-05-12 18:26:19 - [MESSAGE][PASSED] - Object: 'Object Repository/Page_Swag Labs/input_Swag Labs_login-button' is clicked on

2023-05-12 18:26:19 - [TEST_STEP][PASSED] - click(findTestObject("Object Repository/inventoryPage/Backpack")): Object: 'Object Repository/inventoryPage/Backpack' is clicked on

2023-05-12 18:26:20 - [MESSAGE][PASSED] - Object: 'Object Repository/inventoryPage/Backpack' is clicked on

2023-05-12 18:26:20 - [TEST_STEP][PASSED] - click(findTestObject("Object Repository/inventoryPage/button_Add to cart")): Object: 'Object Repository/inventoryPage/button_Add to cart' is clicked on

2023-05-12 18:26:20 - [MESSAGE][PASSED] - Object: 'Object Repository/inventoryPage/button_Add to cart' is clicked on

2023-05-12 18:26:20 - [TEST_STEP][PASSED] - click(findTestObject("Object Repository/inventoryPage/products_back-image")): Object: 'Object Repository/inventoryPage/products_back-image' is clicked on

2023-05-12 18:26:21 - [MESSAGE][PASSED] - Object: 'Object Repository/inventoryPage/products_back-image' is clicked on

2023-05-12 18:26:21 - [TEST_STEP][PASSED] - click(findTestObject("Object Repository/inventoryPage/cart")): Object: 'Object Repository/inventoryPage/cart' is clicked on

2023-05-12 18:26:21 - [MESSAGE][PASSED] - Object: 'Object Repository/inventoryPage/cart' is clicked on

2023-05-12 18:26:21 - [TEST_STEP][PASSED] - click(findTestObject("Object Repository/CheckoutPage/button_Checkout")): Object: 'Object Repository/CheckoutPage/button_Checkout' is clicked on

2023-05-12 18:26:22 - [MESSAGE][PASSED] - Object: 'Object Repository/CheckoutPage/button_Checkout' is clicked on

2023-05-12 18:26:22 - [TEST_STEP][PASSED] - sendKeys(findTestObject("Object Repository/checkout-step-one/input_Checkout Your Information_firstName"), "demo"): Keys 'demo' sent to object: 'Object Repository/checkout-step-one/input_Checkout Your Information_firstName'

2023-05-12 18:26:22 - [MESSAGE][PASSED] - Keys 'demo' sent to object: 'Object Repository/checkout-step-one/input_Checkout Your Information_firstName'

2023-05-12 18:26:22 - [TEST_STEP][PASSED] - sendKeys(findTestObject("Object Repository/checkout-step-one/input_Checkout Your Information_lastName"), "qa test"): Keys 'qa test' sent to object: 'Object Repository/checkout-step-one/input_Checkout Your Information_lastName'

2023-05-12 18:26:23 - [MESSAGE][PASSED] - Keys 'qa test' sent to object: 'Object Repository/checkout-step-one/input_Checkout Your Information_lastName'

2023-05-12 18:26:23 - [TEST_STEP][PASSED] - sendKeys(findTestObject("Object Repository/checkout-step-one/input_Checkout Your Information_postalCode"), "9000"): Keys '9000' sent to object: 'Object Repository/checkout-step-one/input_Checkout Your Information_postalCode'

2023-05-12 18:26:23 - [MESSAGE][PASSED] - Keys '9000' sent to object: 'Object Repository/checkout-step-one/input_Checkout Your Information_postalCode'

2023-05-12 18:26:23 - [TEST_STEP][PASSED] - click(findTestObject("Object Repository/checkout-step-one/input_continue")): Object: 'Object Repository/checkout-step-one/input_continue' is clicked on

2023-05-12 18:26:24 - [MESSAGE][PASSED] - Object: 'Object Repository/checkout-step-one/input_continue' is clicked on

2023-05-12 18:26:24 - [TEST_STEP][PASSED] - click(findTestObject("Object Repository/finish checkout/button_Finish")): Object: 'Object Repository/finish checkout/button_Finish' is clicked on

2023-05-12 18:26:25 - [MESSAGE][PASSED] - Object: 'Object Repository/finish checkout/button_Finish' is clicked on

2023-05-12 18:26:25 - [TEST_STEP][PASSED] - verifyElementVisible(findTestObject("Object Repository/order-success/h2_Thank you for your order")): Object 'Object Repository/order-success/h2_Thank you for your order' is visible

2023-05-12 18:26:25 - [MESSAGE][PASSED] - Object 'Object Repository/order-success/h2_Thank you for your order' is visible

2023-05-12 18:26:25 - [TEST_STEP][PASSED] - click(findTestObject("Object Repository/NavSideBar/sidebar")): Object: 'Object Repository/NavSideBar/sidebar' is clicked on

2023-05-12 18:26:26 - [MESSAGE][PASSED] - Object: 'Object Repository/NavSideBar/sidebar' is clicked on

2023-05-12 18:26:26 - [TEST_STEP][PASSED] - click(findTestObject("Object Repository/NavSideBar/a_Logout")): Object: 'Object Repository/NavSideBar/a_Logout' is clicked on

2023-05-12 18:26:26 - [MESSAGE][PASSED] - Object: 'Object Repository/NavSideBar/a_Logout' is clicked on

2023-05-12 18:26:26 - [TEST_STEP][PASSED] - verifyElementVisible(findTestObject("Object Repository/Page_Swag Labs/input_Swag Labs_user-name")): Object 'Object Repository/Page_Swag Labs/input_Swag Labs_user-name' is visible

2023-05-12 18:26:27 - [MESSAGE][PASSED] - Object 'Object Repository/Page_Swag Labs/input_Swag Labs_user-name' is visible

2023-05-12 18:26:27 - [TEST_STEP][PASSED] - closeBrowser(): Browser is closed

2023-05-12 18:26:27 - [MESSAGE][PASSED] - Browser is closed]]></system-out>
         <system-err><![CDATA[]]></system-err>
      </testcase>
      <testcase name="Test Cases/test-flow-1-buy-1-product" time="12.23" classname="Test Cases/test-flow-1-buy-1-product" status="PASSED">
         <system-out><![CDATA[2023-05-12 18:26:27 - [TEST_CASE][PASSED] - Test Cases/test-flow-1-buy-1-product: Test Cases/test-flow-1-buy-1-product

2023-05-12 18:26:27 - [TEST_STEP][PASSED] - openBrowser("https://www.saucedemo.com/"): Browser is opened with url: 'https://www.saucedemo.com/'

2023-05-12 18:26:27 - [MESSAGE][INFO] - Starting 'Chrome' driver

2023-05-12 18:26:27 - [MESSAGE][INFO] - Action delay is set to 0 milliseconds

2023-05-12 18:26:30 - [MESSAGE][PASSED] - Browser is opened with url: 'https://www.saucedemo.com/'

2023-05-12 18:26:30 - [TEST_STEP][PASSED] - click(findTestObject("Object Repository/Page_Swag Labs/input_Swag Labs_user-name")): Object: 'Object Repository/Page_Swag Labs/input_Swag Labs_user-name' is clicked on

2023-05-12 18:26:30 - [MESSAGE][PASSED] - Object: 'Object Repository/Page_Swag Labs/input_Swag Labs_user-name' is clicked on

2023-05-12 18:26:30 - [TEST_STEP][PASSED] - sendKeys(findTestObject("Object Repository/Page_Swag Labs/input_Swag Labs_user-name"), "standard_user"): Keys 'standard_user' sent to object: 'Object Repository/Page_Swag Labs/input_Swag Labs_user-name'

2023-05-12 18:26:30 - [MESSAGE][PASSED] - Keys 'standard_user' sent to object: 'Object Repository/Page_Swag Labs/input_Swag Labs_user-name'

2023-05-12 18:26:30 - [TEST_STEP][PASSED] - click(findTestObject("Object Repository/Page_Swag Labs/input_Swag Labs_password")): Object: 'Object Repository/Page_Swag Labs/input_Swag Labs_password' is clicked on

2023-05-12 18:26:31 - [MESSAGE][PASSED] - Object: 'Object Repository/Page_Swag Labs/input_Swag Labs_password' is clicked on

2023-05-12 18:26:31 - [TEST_STEP][PASSED] - sendKeys(findTestObject("Object Repository/Page_Swag Labs/input_Swag Labs_password"), "secret_sauce"): Keys 'secret_sauce' sent to object: 'Object Repository/Page_Swag Labs/input_Swag Labs_password'

2023-05-12 18:26:31 - [MESSAGE][PASSED] - Keys 'secret_sauce' sent to object: 'Object Repository/Page_Swag Labs/input_Swag Labs_password'

2023-05-12 18:26:31 - [TEST_STEP][PASSED] - click(findTestObject("Object Repository/Page_Swag Labs/input_Swag Labs_login-button")): Object: 'Object Repository/Page_Swag Labs/input_Swag Labs_login-button' is clicked on

2023-05-12 18:26:31 - [MESSAGE][PASSED] - Object: 'Object Repository/Page_Swag Labs/input_Swag Labs_login-button' is clicked on

2023-05-12 18:26:31 - [TEST_STEP][PASSED] - click(findTestObject("Object Repository/inventoryPage/Backpack")): Object: 'Object Repository/inventoryPage/Backpack' is clicked on

2023-05-12 18:26:32 - [MESSAGE][PASSED] - Object: 'Object Repository/inventoryPage/Backpack' is clicked on

2023-05-12 18:26:32 - [TEST_STEP][PASSED] - click(findTestObject("Object Repository/inventoryPage/button_Add to cart")): Object: 'Object Repository/inventoryPage/button_Add to cart' is clicked on

2023-05-12 18:26:32 - [MESSAGE][PASSED] - Object: 'Object Repository/inventoryPage/button_Add to cart' is clicked on

2023-05-12 18:26:32 - [TEST_STEP][PASSED] - click(findTestObject("Object Repository/inventoryPage/products_back-image")): Object: 'Object Repository/inventoryPage/products_back-image' is clicked on

2023-05-12 18:26:33 - [MESSAGE][PASSED] - Object: 'Object Repository/inventoryPage/products_back-image' is clicked on

2023-05-12 18:26:33 - [TEST_STEP][PASSED] - click(findTestObject("Object Repository/inventoryPage/cart")): Object: 'Object Repository/inventoryPage/cart' is clicked on

2023-05-12 18:26:33 - [MESSAGE][PASSED] - Object: 'Object Repository/inventoryPage/cart' is clicked on

2023-05-12 18:26:33 - [TEST_STEP][PASSED] - click(findTestObject("Object Repository/CheckoutPage/button_Checkout")): Object: 'Object Repository/CheckoutPage/button_Checkout' is clicked on

2023-05-12 18:26:34 - [MESSAGE][PASSED] - Object: 'Object Repository/CheckoutPage/button_Checkout' is clicked on

2023-05-12 18:26:34 - [TEST_STEP][PASSED] - sendKeys(findTestObject("Object Repository/checkout-step-one/input_Checkout Your Information_firstName"), "demo"): Keys 'demo' sent to object: 'Object Repository/checkout-step-one/input_Checkout Your Information_firstName'

2023-05-12 18:26:35 - [MESSAGE][PASSED] - Keys 'demo' sent to object: 'Object Repository/checkout-step-one/input_Checkout Your Information_firstName'

2023-05-12 18:26:35 - [TEST_STEP][PASSED] - sendKeys(findTestObject("Object Repository/checkout-step-one/input_Checkout Your Information_lastName"), "qa test"): Keys 'qa test' sent to object: 'Object Repository/checkout-step-one/input_Checkout Your Information_lastName'

2023-05-12 18:26:35 - [MESSAGE][PASSED] - Keys 'qa test' sent to object: 'Object Repository/checkout-step-one/input_Checkout Your Information_lastName'

2023-05-12 18:26:35 - [TEST_STEP][PASSED] - sendKeys(findTestObject("Object Repository/checkout-step-one/input_Checkout Your Information_postalCode"), "9000"): Keys '9000' sent to object: 'Object Repository/checkout-step-one/input_Checkout Your Information_postalCode'

2023-05-12 18:26:36 - [MESSAGE][PASSED] - Keys '9000' sent to object: 'Object Repository/checkout-step-one/input_Checkout Your Information_postalCode'

2023-05-12 18:26:36 - [TEST_STEP][PASSED] - click(findTestObject("Object Repository/checkout-step-one/input_continue")): Object: 'Object Repository/checkout-step-one/input_continue' is clicked on

2023-05-12 18:26:36 - [MESSAGE][PASSED] - Object: 'Object Repository/checkout-step-one/input_continue' is clicked on

2023-05-12 18:26:36 - [TEST_STEP][PASSED] - click(findTestObject("Object Repository/finish checkout/button_Finish")): Object: 'Object Repository/finish checkout/button_Finish' is clicked on

2023-05-12 18:26:37 - [MESSAGE][PASSED] - Object: 'Object Repository/finish checkout/button_Finish' is clicked on

2023-05-12 18:26:37 - [TEST_STEP][PASSED] - verifyElementVisible(findTestObject("Object Repository/order-success/h2_Thank you for your order")): Object 'Object Repository/order-success/h2_Thank you for your order' is visible

2023-05-12 18:26:37 - [MESSAGE][PASSED] - Object 'Object Repository/order-success/h2_Thank you for your order' is visible

2023-05-12 18:26:37 - [TEST_STEP][PASSED] - click(findTestObject("Object Repository/NavSideBar/sidebar")): Object: 'Object Repository/NavSideBar/sidebar' is clicked on

2023-05-12 18:26:38 - [MESSAGE][PASSED] - Object: 'Object Repository/NavSideBar/sidebar' is clicked on

2023-05-12 18:26:38 - [TEST_STEP][PASSED] - click(findTestObject("Object Repository/NavSideBar/a_Logout")): Object: 'Object Repository/NavSideBar/a_Logout' is clicked on

2023-05-12 18:26:38 - [MESSAGE][PASSED] - Object: 'Object Repository/NavSideBar/a_Logout' is clicked on

2023-05-12 18:26:38 - [TEST_STEP][PASSED] - verifyElementVisible(findTestObject("Object Repository/Page_Swag Labs/input_Swag Labs_user-name")): Object 'Object Repository/Page_Swag Labs/input_Swag Labs_user-name' is visible

2023-05-12 18:26:39 - [MESSAGE][PASSED] - Object 'Object Repository/Page_Swag Labs/input_Swag Labs_user-name' is visible

2023-05-12 18:26:39 - [TEST_STEP][PASSED] - closeBrowser(): Browser is closed

2023-05-12 18:26:39 - [MESSAGE][PASSED] - Browser is closed]]></system-out>
         <system-err><![CDATA[]]></system-err>
      </testcase>
      <testcase name="Test Cases/test-flow-1-buy-1-product" time="11.886" classname="Test Cases/test-flow-1-buy-1-product" status="PASSED">
         <system-out><![CDATA[2023-05-12 18:26:39 - [TEST_CASE][PASSED] - Test Cases/test-flow-1-buy-1-product: Test Cases/test-flow-1-buy-1-product

2023-05-12 18:26:40 - [TEST_STEP][PASSED] - openBrowser("https://www.saucedemo.com/"): Browser is opened with url: 'https://www.saucedemo.com/'

2023-05-12 18:26:40 - [MESSAGE][INFO] - Starting 'Chrome' driver

2023-05-12 18:26:40 - [MESSAGE][INFO] - Action delay is set to 0 milliseconds

2023-05-12 18:26:42 - [MESSAGE][PASSED] - Browser is opened with url: 'https://www.saucedemo.com/'

2023-05-12 18:26:42 - [TEST_STEP][PASSED] - click(findTestObject("Object Repository/Page_Swag Labs/input_Swag Labs_user-name")): Object: 'Object Repository/Page_Swag Labs/input_Swag Labs_user-name' is clicked on

2023-05-12 18:26:42 - [MESSAGE][PASSED] - Object: 'Object Repository/Page_Swag Labs/input_Swag Labs_user-name' is clicked on

2023-05-12 18:26:42 - [TEST_STEP][PASSED] - sendKeys(findTestObject("Object Repository/Page_Swag Labs/input_Swag Labs_user-name"), "standard_user"): Keys 'standard_user' sent to object: 'Object Repository/Page_Swag Labs/input_Swag Labs_user-name'

2023-05-12 18:26:42 - [MESSAGE][PASSED] - Keys 'standard_user' sent to object: 'Object Repository/Page_Swag Labs/input_Swag Labs_user-name'

2023-05-12 18:26:42 - [TEST_STEP][PASSED] - click(findTestObject("Object Repository/Page_Swag Labs/input_Swag Labs_password")): Object: 'Object Repository/Page_Swag Labs/input_Swag Labs_password' is clicked on

2023-05-12 18:26:43 - [MESSAGE][PASSED] - Object: 'Object Repository/Page_Swag Labs/input_Swag Labs_password' is clicked on

2023-05-12 18:26:43 - [TEST_STEP][PASSED] - sendKeys(findTestObject("Object Repository/Page_Swag Labs/input_Swag Labs_password"), "secret_sauce"): Keys 'secret_sauce' sent to object: 'Object Repository/Page_Swag Labs/input_Swag Labs_password'

2023-05-12 18:26:43 - [MESSAGE][PASSED] - Keys 'secret_sauce' sent to object: 'Object Repository/Page_Swag Labs/input_Swag Labs_password'

2023-05-12 18:26:43 - [TEST_STEP][PASSED] - click(findTestObject("Object Repository/Page_Swag Labs/input_Swag Labs_login-button")): Object: 'Object Repository/Page_Swag Labs/input_Swag Labs_login-button' is clicked on

2023-05-12 18:26:43 - [MESSAGE][PASSED] - Object: 'Object Repository/Page_Swag Labs/input_Swag Labs_login-button' is clicked on

2023-05-12 18:26:43 - [TEST_STEP][PASSED] - click(findTestObject("Object Repository/inventoryPage/Backpack")): Object: 'Object Repository/inventoryPage/Backpack' is clicked on

2023-05-12 18:26:44 - [MESSAGE][PASSED] - Object: 'Object Repository/inventoryPage/Backpack' is clicked on

2023-05-12 18:26:44 - [TEST_STEP][PASSED] - click(findTestObject("Object Repository/inventoryPage/button_Add to cart")): Object: 'Object Repository/inventoryPage/button_Add to cart' is clicked on

2023-05-12 18:26:44 - [MESSAGE][PASSED] - Object: 'Object Repository/inventoryPage/button_Add to cart' is clicked on

2023-05-12 18:26:44 - [TEST_STEP][PASSED] - click(findTestObject("Object Repository/inventoryPage/products_back-image")): Object: 'Object Repository/inventoryPage/products_back-image' is clicked on

2023-05-12 18:26:45 - [MESSAGE][PASSED] - Object: 'Object Repository/inventoryPage/products_back-image' is clicked on

2023-05-12 18:26:45 - [TEST_STEP][PASSED] - click(findTestObject("Object Repository/inventoryPage/cart")): Object: 'Object Repository/inventoryPage/cart' is clicked on

2023-05-12 18:26:45 - [MESSAGE][PASSED] - Object: 'Object Repository/inventoryPage/cart' is clicked on

2023-05-12 18:26:45 - [TEST_STEP][PASSED] - click(findTestObject("Object Repository/CheckoutPage/button_Checkout")): Object: 'Object Repository/CheckoutPage/button_Checkout' is clicked on

2023-05-12 18:26:46 - [MESSAGE][PASSED] - Object: 'Object Repository/CheckoutPage/button_Checkout' is clicked on

2023-05-12 18:26:46 - [TEST_STEP][PASSED] - sendKeys(findTestObject("Object Repository/checkout-step-one/input_Checkout Your Information_firstName"), "demo"): Keys 'demo' sent to object: 'Object Repository/checkout-step-one/input_Checkout Your Information_firstName'

2023-05-12 18:26:47 - [MESSAGE][PASSED] - Keys 'demo' sent to object: 'Object Repository/checkout-step-one/input_Checkout Your Information_firstName'

2023-05-12 18:26:47 - [TEST_STEP][PASSED] - sendKeys(findTestObject("Object Repository/checkout-step-one/input_Checkout Your Information_lastName"), "qa test"): Keys 'qa test' sent to object: 'Object Repository/checkout-step-one/input_Checkout Your Information_lastName'

2023-05-12 18:26:47 - [MESSAGE][PASSED] - Keys 'qa test' sent to object: 'Object Repository/checkout-step-one/input_Checkout Your Information_lastName'

2023-05-12 18:26:47 - [TEST_STEP][PASSED] - sendKeys(findTestObject("Object Repository/checkout-step-one/input_Checkout Your Information_postalCode"), "9000"): Keys '9000' sent to object: 'Object Repository/checkout-step-one/input_Checkout Your Information_postalCode'

2023-05-12 18:26:48 - [MESSAGE][PASSED] - Keys '9000' sent to object: 'Object Repository/checkout-step-one/input_Checkout Your Information_postalCode'

2023-05-12 18:26:48 - [TEST_STEP][PASSED] - click(findTestObject("Object Repository/checkout-step-one/input_continue")): Object: 'Object Repository/checkout-step-one/input_continue' is clicked on

2023-05-12 18:26:48 - [MESSAGE][PASSED] - Object: 'Object Repository/checkout-step-one/input_continue' is clicked on

2023-05-12 18:26:48 - [TEST_STEP][PASSED] - click(findTestObject("Object Repository/finish checkout/button_Finish")): Object: 'Object Repository/finish checkout/button_Finish' is clicked on

2023-05-12 18:26:49 - [MESSAGE][PASSED] - Object: 'Object Repository/finish checkout/button_Finish' is clicked on

2023-05-12 18:26:49 - [TEST_STEP][PASSED] - verifyElementVisible(findTestObject("Object Repository/order-success/h2_Thank you for your order")): Object 'Object Repository/order-success/h2_Thank you for your order' is visible

2023-05-12 18:26:49 - [MESSAGE][PASSED] - Object 'Object Repository/order-success/h2_Thank you for your order' is visible

2023-05-12 18:26:49 - [TEST_STEP][PASSED] - click(findTestObject("Object Repository/NavSideBar/sidebar")): Object: 'Object Repository/NavSideBar/sidebar' is clicked on

2023-05-12 18:26:50 - [MESSAGE][PASSED] - Object: 'Object Repository/NavSideBar/sidebar' is clicked on

2023-05-12 18:26:50 - [TEST_STEP][PASSED] - click(findTestObject("Object Repository/NavSideBar/a_Logout")): Object: 'Object Repository/NavSideBar/a_Logout' is clicked on

2023-05-12 18:26:50 - [MESSAGE][PASSED] - Object: 'Object Repository/NavSideBar/a_Logout' is clicked on

2023-05-12 18:26:50 - [TEST_STEP][PASSED] - verifyElementVisible(findTestObject("Object Repository/Page_Swag Labs/input_Swag Labs_user-name")): Object 'Object Repository/Page_Swag Labs/input_Swag Labs_user-name' is visible

2023-05-12 18:26:51 - [MESSAGE][PASSED] - Object 'Object Repository/Page_Swag Labs/input_Swag Labs_user-name' is visible

2023-05-12 18:26:51 - [TEST_STEP][PASSED] - closeBrowser(): Browser is closed

2023-05-12 18:26:51 - [MESSAGE][PASSED] - Browser is closed]]></system-out>
         <system-err><![CDATA[]]></system-err>
      </testcase>
      <system-out><![CDATA[2023-05-12 18:22:51 - [TEST_SUITE][PASSED] - simple case: Test Cases/test-flow-1-buy-1-product]]></system-out>
      <system-err><![CDATA[]]></system-err>
   </testsuite>
   <testsuite name="simple case" tests="20" failures="0" errors="0" time="242.586" skipped="0" timestamp="2023-05-12 18:26:55" hostname="minh.nguyen - 5YHW2D3" id="Test Suites/simple case">
      <properties>
         <property name="deviceName" value=""/>
         <property name="devicePlatform" value=""/>
         <property name="logFolder" value="C:\\Users\\minh.nguyen\\Desktop\\GitRepo\\tri-nhan-repo\\Reports\\20230512_171239\\simple case\\20230512_171316"/>
         <property name="logFiles" value="C:\\Users\\minh.nguyen\\Desktop\\GitRepo\\tri-nhan-repo\\Reports\\20230512_171239\\simple case\\20230512_171316\\execution0.log"/>
         <property name="attachments" value=""/>
         <property name="hostName" value="minh.nguyen - 5YHW2D3"/>
         <property name="os" value="Windows 10 64bit"/>
         <property name="katalonVersion" value="8.5.5.208"/>
         <property name="browser" value="Chrome 112.0.0.0"/>
         <property name="hostAddress" value="192.168.1.86"/>
         <property name="sessionId" value="d10626eb28e4e322ebfe969998e0a291"/>
         <property name="seleniumVersion" value="3.141.59"/>
         <property name="proxyInformation" value="ProxyInformation { proxyOption=NO_PROXY, proxyServerType=HTTP, username=, password=********, proxyServerAddress=, proxyServerPort=0, executionList=&quot;&quot;, isApplyToDesiredCapabilities=true }"/>
         <property name="platform" value="Windows 10"/>
      </properties>
      <testcase name="Test Cases/test-flow-1-buy-1-product" time="13.529" classname="Test Cases/test-flow-1-buy-1-product" status="PASSED">
         <system-out><![CDATA[2023-05-12 18:26:55 - [TEST_CASE][PASSED] - Test Cases/test-flow-1-buy-1-product: Test Cases/test-flow-1-buy-1-product

2023-05-12 18:26:55 - [TEST_STEP][PASSED] - openBrowser("https://www.saucedemo.com/"): Browser is opened with url: 'https://www.saucedemo.com/'

2023-05-12 18:26:55 - [MESSAGE][INFO] - Starting 'Chrome' driver

2023-05-12 18:26:55 - [MESSAGE][INFO] - Action delay is set to 0 milliseconds

2023-05-12 18:26:58 - [MESSAGE][PASSED] - Browser is opened with url: 'https://www.saucedemo.com/'

2023-05-12 18:26:58 - [TEST_STEP][PASSED] - click(findTestObject("Object Repository/Page_Swag Labs/input_Swag Labs_user-name")): Object: 'Object Repository/Page_Swag Labs/input_Swag Labs_user-name' is clicked on

2023-05-12 18:26:59 - [MESSAGE][PASSED] - Object: 'Object Repository/Page_Swag Labs/input_Swag Labs_user-name' is clicked on

2023-05-12 18:26:59 - [TEST_STEP][PASSED] - sendKeys(findTestObject("Object Repository/Page_Swag Labs/input_Swag Labs_user-name"), "standard_user"): Keys 'standard_user' sent to object: 'Object Repository/Page_Swag Labs/input_Swag Labs_user-name'

2023-05-12 18:26:59 - [MESSAGE][PASSED] - Keys 'standard_user' sent to object: 'Object Repository/Page_Swag Labs/input_Swag Labs_user-name'

2023-05-12 18:26:59 - [TEST_STEP][PASSED] - click(findTestObject("Object Repository/Page_Swag Labs/input_Swag Labs_password")): Object: 'Object Repository/Page_Swag Labs/input_Swag Labs_password' is clicked on

2023-05-12 18:26:59 - [MESSAGE][PASSED] - Object: 'Object Repository/Page_Swag Labs/input_Swag Labs_password' is clicked on

2023-05-12 18:26:59 - [TEST_STEP][PASSED] - sendKeys(findTestObject("Object Repository/Page_Swag Labs/input_Swag Labs_password"), "secret_sauce"): Keys 'secret_sauce' sent to object: 'Object Repository/Page_Swag Labs/input_Swag Labs_password'

2023-05-12 18:27:00 - [MESSAGE][PASSED] - Keys 'secret_sauce' sent to object: 'Object Repository/Page_Swag Labs/input_Swag Labs_password'

2023-05-12 18:27:00 - [TEST_STEP][PASSED] - click(findTestObject("Object Repository/Page_Swag Labs/input_Swag Labs_login-button")): Object: 'Object Repository/Page_Swag Labs/input_Swag Labs_login-button' is clicked on

2023-05-12 18:27:00 - [MESSAGE][PASSED] - Object: 'Object Repository/Page_Swag Labs/input_Swag Labs_login-button' is clicked on

2023-05-12 18:27:00 - [TEST_STEP][PASSED] - click(findTestObject("Object Repository/inventoryPage/Backpack")): Object: 'Object Repository/inventoryPage/Backpack' is clicked on

2023-05-12 18:27:01 - [MESSAGE][PASSED] - Object: 'Object Repository/inventoryPage/Backpack' is clicked on

2023-05-12 18:27:01 - [TEST_STEP][PASSED] - click(findTestObject("Object Repository/inventoryPage/button_Add to cart")): Object: 'Object Repository/inventoryPage/button_Add to cart' is clicked on

2023-05-12 18:27:01 - [MESSAGE][PASSED] - Object: 'Object Repository/inventoryPage/button_Add to cart' is clicked on

2023-05-12 18:27:01 - [TEST_STEP][PASSED] - click(findTestObject("Object Repository/inventoryPage/products_back-image")): Object: 'Object Repository/inventoryPage/products_back-image' is clicked on

2023-05-12 18:27:02 - [MESSAGE][PASSED] - Object: 'Object Repository/inventoryPage/products_back-image' is clicked on

2023-05-12 18:27:02 - [TEST_STEP][PASSED] - click(findTestObject("Object Repository/inventoryPage/cart")): Object: 'Object Repository/inventoryPage/cart' is clicked on

2023-05-12 18:27:02 - [MESSAGE][PASSED] - Object: 'Object Repository/inventoryPage/cart' is clicked on

2023-05-12 18:27:02 - [TEST_STEP][PASSED] - click(findTestObject("Object Repository/CheckoutPage/button_Checkout")): Object: 'Object Repository/CheckoutPage/button_Checkout' is clicked on

2023-05-12 18:27:03 - [MESSAGE][PASSED] - Object: 'Object Repository/CheckoutPage/button_Checkout' is clicked on

2023-05-12 18:27:03 - [TEST_STEP][PASSED] - sendKeys(findTestObject("Object Repository/checkout-step-one/input_Checkout Your Information_firstName"), "demo"): Keys 'demo' sent to object: 'Object Repository/checkout-step-one/input_Checkout Your Information_firstName'

2023-05-12 18:27:03 - [MESSAGE][PASSED] - Keys 'demo' sent to object: 'Object Repository/checkout-step-one/input_Checkout Your Information_firstName'

2023-05-12 18:27:03 - [TEST_STEP][PASSED] - sendKeys(findTestObject("Object Repository/checkout-step-one/input_Checkout Your Information_lastName"), "qa test"): Keys 'qa test' sent to object: 'Object Repository/checkout-step-one/input_Checkout Your Information_lastName'

2023-05-12 18:27:04 - [MESSAGE][PASSED] - Keys 'qa test' sent to object: 'Object Repository/checkout-step-one/input_Checkout Your Information_lastName'

2023-05-12 18:27:04 - [TEST_STEP][PASSED] - sendKeys(findTestObject("Object Repository/checkout-step-one/input_Checkout Your Information_postalCode"), "9000"): Keys '9000' sent to object: 'Object Repository/checkout-step-one/input_Checkout Your Information_postalCode'

2023-05-12 18:27:05 - [MESSAGE][PASSED] - Keys '9000' sent to object: 'Object Repository/checkout-step-one/input_Checkout Your Information_postalCode'

2023-05-12 18:27:05 - [TEST_STEP][PASSED] - click(findTestObject("Object Repository/checkout-step-one/input_continue")): Object: 'Object Repository/checkout-step-one/input_continue' is clicked on

2023-05-12 18:27:05 - [MESSAGE][PASSED] - Object: 'Object Repository/checkout-step-one/input_continue' is clicked on

2023-05-12 18:27:05 - [TEST_STEP][PASSED] - click(findTestObject("Object Repository/finish checkout/button_Finish")): Object: 'Object Repository/finish checkout/button_Finish' is clicked on

2023-05-12 18:27:06 - [MESSAGE][PASSED] - Object: 'Object Repository/finish checkout/button_Finish' is clicked on

2023-05-12 18:27:06 - [TEST_STEP][PASSED] - verifyElementVisible(findTestObject("Object Repository/order-success/h2_Thank you for your order")): Object 'Object Repository/order-success/h2_Thank you for your order' is visible

2023-05-12 18:27:06 - [MESSAGE][PASSED] - Object 'Object Repository/order-success/h2_Thank you for your order' is visible

2023-05-12 18:27:06 - [TEST_STEP][PASSED] - click(findTestObject("Object Repository/NavSideBar/sidebar")): Object: 'Object Repository/NavSideBar/sidebar' is clicked on

2023-05-12 18:27:07 - [MESSAGE][PASSED] - Object: 'Object Repository/NavSideBar/sidebar' is clicked on

2023-05-12 18:27:07 - [TEST_STEP][PASSED] - click(findTestObject("Object Repository/NavSideBar/a_Logout")): Object: 'Object Repository/NavSideBar/a_Logout' is clicked on

2023-05-12 18:27:07 - [MESSAGE][PASSED] - Object: 'Object Repository/NavSideBar/a_Logout' is clicked on

2023-05-12 18:27:07 - [TEST_STEP][PASSED] - verifyElementVisible(findTestObject("Object Repository/Page_Swag Labs/input_Swag Labs_user-name")): Object 'Object Repository/Page_Swag Labs/input_Swag Labs_user-name' is visible

2023-05-12 18:27:08 - [MESSAGE][PASSED] - Object 'Object Repository/Page_Swag Labs/input_Swag Labs_user-name' is visible

2023-05-12 18:27:08 - [TEST_STEP][PASSED] - closeBrowser(): Browser is closed

2023-05-12 18:27:08 - [MESSAGE][PASSED] - Browser is closed]]></system-out>
         <system-err><![CDATA[]]></system-err>
      </testcase>
      <testcase name="Test Cases/test-flow-1-buy-1-product" time="12.221" classname="Test Cases/test-flow-1-buy-1-product" status="PASSED">
         <system-out><![CDATA[2023-05-12 18:27:08 - [TEST_CASE][PASSED] - Test Cases/test-flow-1-buy-1-product: Test Cases/test-flow-1-buy-1-product

2023-05-12 18:27:08 - [TEST_STEP][PASSED] - openBrowser("https://www.saucedemo.com/"): Browser is opened with url: 'https://www.saucedemo.com/'

2023-05-12 18:27:08 - [MESSAGE][INFO] - Starting 'Chrome' driver

2023-05-12 18:27:08 - [MESSAGE][INFO] - Action delay is set to 0 milliseconds

2023-05-12 18:27:11 - [MESSAGE][PASSED] - Browser is opened with url: 'https://www.saucedemo.com/'

2023-05-12 18:27:11 - [TEST_STEP][PASSED] - click(findTestObject("Object Repository/Page_Swag Labs/input_Swag Labs_user-name")): Object: 'Object Repository/Page_Swag Labs/input_Swag Labs_user-name' is clicked on

2023-05-12 18:27:11 - [MESSAGE][PASSED] - Object: 'Object Repository/Page_Swag Labs/input_Swag Labs_user-name' is clicked on

2023-05-12 18:27:11 - [TEST_STEP][PASSED] - sendKeys(findTestObject("Object Repository/Page_Swag Labs/input_Swag Labs_user-name"), "standard_user"): Keys 'standard_user' sent to object: 'Object Repository/Page_Swag Labs/input_Swag Labs_user-name'

2023-05-12 18:27:11 - [MESSAGE][PASSED] - Keys 'standard_user' sent to object: 'Object Repository/Page_Swag Labs/input_Swag Labs_user-name'

2023-05-12 18:27:11 - [TEST_STEP][PASSED] - click(findTestObject("Object Repository/Page_Swag Labs/input_Swag Labs_password")): Object: 'Object Repository/Page_Swag Labs/input_Swag Labs_password' is clicked on

2023-05-12 18:27:12 - [MESSAGE][PASSED] - Object: 'Object Repository/Page_Swag Labs/input_Swag Labs_password' is clicked on

2023-05-12 18:27:12 - [TEST_STEP][PASSED] - sendKeys(findTestObject("Object Repository/Page_Swag Labs/input_Swag Labs_password"), "secret_sauce"): Keys 'secret_sauce' sent to object: 'Object Repository/Page_Swag Labs/input_Swag Labs_password'

2023-05-12 18:27:12 - [MESSAGE][PASSED] - Keys 'secret_sauce' sent to object: 'Object Repository/Page_Swag Labs/input_Swag Labs_password'

2023-05-12 18:27:12 - [TEST_STEP][PASSED] - click(findTestObject("Object Repository/Page_Swag Labs/input_Swag Labs_login-button")): Object: 'Object Repository/Page_Swag Labs/input_Swag Labs_login-button' is clicked on

2023-05-12 18:27:12 - [MESSAGE][PASSED] - Object: 'Object Repository/Page_Swag Labs/input_Swag Labs_login-button' is clicked on

2023-05-12 18:27:12 - [TEST_STEP][PASSED] - click(findTestObject("Object Repository/inventoryPage/Backpack")): Object: 'Object Repository/inventoryPage/Backpack' is clicked on

2023-05-12 18:27:13 - [MESSAGE][PASSED] - Object: 'Object Repository/inventoryPage/Backpack' is clicked on

2023-05-12 18:27:13 - [TEST_STEP][PASSED] - click(findTestObject("Object Repository/inventoryPage/button_Add to cart")): Object: 'Object Repository/inventoryPage/button_Add to cart' is clicked on

2023-05-12 18:27:13 - [MESSAGE][PASSED] - Object: 'Object Repository/inventoryPage/button_Add to cart' is clicked on

2023-05-12 18:27:13 - [TEST_STEP][PASSED] - click(findTestObject("Object Repository/inventoryPage/products_back-image")): Object: 'Object Repository/inventoryPage/products_back-image' is clicked on

2023-05-12 18:27:14 - [MESSAGE][PASSED] - Object: 'Object Repository/inventoryPage/products_back-image' is clicked on

2023-05-12 18:27:14 - [TEST_STEP][PASSED] - click(findTestObject("Object Repository/inventoryPage/cart")): Object: 'Object Repository/inventoryPage/cart' is clicked on

2023-05-12 18:27:14 - [MESSAGE][PASSED] - Object: 'Object Repository/inventoryPage/cart' is clicked on

2023-05-12 18:27:14 - [TEST_STEP][PASSED] - click(findTestObject("Object Repository/CheckoutPage/button_Checkout")): Object: 'Object Repository/CheckoutPage/button_Checkout' is clicked on

2023-05-12 18:27:15 - [MESSAGE][PASSED] - Object: 'Object Repository/CheckoutPage/button_Checkout' is clicked on

2023-05-12 18:27:15 - [TEST_STEP][PASSED] - sendKeys(findTestObject("Object Repository/checkout-step-one/input_Checkout Your Information_firstName"), "demo"): Keys 'demo' sent to object: 'Object Repository/checkout-step-one/input_Checkout Your Information_firstName'

2023-05-12 18:27:16 - [MESSAGE][PASSED] - Keys 'demo' sent to object: 'Object Repository/checkout-step-one/input_Checkout Your Information_firstName'

2023-05-12 18:27:16 - [TEST_STEP][PASSED] - sendKeys(findTestObject("Object Repository/checkout-step-one/input_Checkout Your Information_lastName"), "qa test"): Keys 'qa test' sent to object: 'Object Repository/checkout-step-one/input_Checkout Your Information_lastName'

2023-05-12 18:27:16 - [MESSAGE][PASSED] - Keys 'qa test' sent to object: 'Object Repository/checkout-step-one/input_Checkout Your Information_lastName'

2023-05-12 18:27:16 - [TEST_STEP][PASSED] - sendKeys(findTestObject("Object Repository/checkout-step-one/input_Checkout Your Information_postalCode"), "9000"): Keys '9000' sent to object: 'Object Repository/checkout-step-one/input_Checkout Your Information_postalCode'

2023-05-12 18:27:17 - [MESSAGE][PASSED] - Keys '9000' sent to object: 'Object Repository/checkout-step-one/input_Checkout Your Information_postalCode'

2023-05-12 18:27:17 - [TEST_STEP][PASSED] - click(findTestObject("Object Repository/checkout-step-one/input_continue")): Object: 'Object Repository/checkout-step-one/input_continue' is clicked on

2023-05-12 18:27:17 - [MESSAGE][PASSED] - Object: 'Object Repository/checkout-step-one/input_continue' is clicked on

2023-05-12 18:27:17 - [TEST_STEP][PASSED] - click(findTestObject("Object Repository/finish checkout/button_Finish")): Object: 'Object Repository/finish checkout/button_Finish' is clicked on

2023-05-12 18:27:18 - [MESSAGE][PASSED] - Object: 'Object Repository/finish checkout/button_Finish' is clicked on

2023-05-12 18:27:18 - [TEST_STEP][PASSED] - verifyElementVisible(findTestObject("Object Repository/order-success/h2_Thank you for your order")): Object 'Object Repository/order-success/h2_Thank you for your order' is visible

2023-05-12 18:27:18 - [MESSAGE][PASSED] - Object 'Object Repository/order-success/h2_Thank you for your order' is visible

2023-05-12 18:27:18 - [TEST_STEP][PASSED] - click(findTestObject("Object Repository/NavSideBar/sidebar")): Object: 'Object Repository/NavSideBar/sidebar' is clicked on

2023-05-12 18:27:19 - [MESSAGE][PASSED] - Object: 'Object Repository/NavSideBar/sidebar' is clicked on

2023-05-12 18:27:19 - [TEST_STEP][PASSED] - click(findTestObject("Object Repository/NavSideBar/a_Logout")): Object: 'Object Repository/NavSideBar/a_Logout' is clicked on

2023-05-12 18:27:19 - [MESSAGE][PASSED] - Object: 'Object Repository/NavSideBar/a_Logout' is clicked on

2023-05-12 18:27:19 - [TEST_STEP][PASSED] - verifyElementVisible(findTestObject("Object Repository/Page_Swag Labs/input_Swag Labs_user-name")): Object 'Object Repository/Page_Swag Labs/input_Swag Labs_user-name' is visible

2023-05-12 18:27:20 - [MESSAGE][PASSED] - Object 'Object Repository/Page_Swag Labs/input_Swag Labs_user-name' is visible

2023-05-12 18:27:20 - [TEST_STEP][PASSED] - closeBrowser(): Browser is closed

2023-05-12 18:27:21 - [MESSAGE][PASSED] - Browser is closed]]></system-out>
         <system-err><![CDATA[]]></system-err>
      </testcase>
      <testcase name="Test Cases/test-flow-1-buy-1-product" time="11.57" classname="Test Cases/test-flow-1-buy-1-product" status="PASSED">
         <system-out><![CDATA[2023-05-12 18:27:21 - [TEST_CASE][PASSED] - Test Cases/test-flow-1-buy-1-product: Test Cases/test-flow-1-buy-1-product

2023-05-12 18:27:21 - [TEST_STEP][PASSED] - openBrowser("https://www.saucedemo.com/"): Browser is opened with url: 'https://www.saucedemo.com/'

2023-05-12 18:27:21 - [MESSAGE][INFO] - Starting 'Chrome' driver

2023-05-12 18:27:21 - [MESSAGE][INFO] - Action delay is set to 0 milliseconds

2023-05-12 18:27:23 - [MESSAGE][PASSED] - Browser is opened with url: 'https://www.saucedemo.com/'

2023-05-12 18:27:23 - [TEST_STEP][PASSED] - click(findTestObject("Object Repository/Page_Swag Labs/input_Swag Labs_user-name")): Object: 'Object Repository/Page_Swag Labs/input_Swag Labs_user-name' is clicked on

2023-05-12 18:27:23 - [MESSAGE][PASSED] - Object: 'Object Repository/Page_Swag Labs/input_Swag Labs_user-name' is clicked on

2023-05-12 18:27:23 - [TEST_STEP][PASSED] - sendKeys(findTestObject("Object Repository/Page_Swag Labs/input_Swag Labs_user-name"), "standard_user"): Keys 'standard_user' sent to object: 'Object Repository/Page_Swag Labs/input_Swag Labs_user-name'

2023-05-12 18:27:23 - [MESSAGE][PASSED] - Keys 'standard_user' sent to object: 'Object Repository/Page_Swag Labs/input_Swag Labs_user-name'

2023-05-12 18:27:23 - [TEST_STEP][PASSED] - click(findTestObject("Object Repository/Page_Swag Labs/input_Swag Labs_password")): Object: 'Object Repository/Page_Swag Labs/input_Swag Labs_password' is clicked on

2023-05-12 18:27:24 - [MESSAGE][PASSED] - Object: 'Object Repository/Page_Swag Labs/input_Swag Labs_password' is clicked on

2023-05-12 18:27:24 - [TEST_STEP][PASSED] - sendKeys(findTestObject("Object Repository/Page_Swag Labs/input_Swag Labs_password"), "secret_sauce"): Keys 'secret_sauce' sent to object: 'Object Repository/Page_Swag Labs/input_Swag Labs_password'

2023-05-12 18:27:24 - [MESSAGE][PASSED] - Keys 'secret_sauce' sent to object: 'Object Repository/Page_Swag Labs/input_Swag Labs_password'

2023-05-12 18:27:24 - [TEST_STEP][PASSED] - click(findTestObject("Object Repository/Page_Swag Labs/input_Swag Labs_login-button")): Object: 'Object Repository/Page_Swag Labs/input_Swag Labs_login-button' is clicked on

2023-05-12 18:27:24 - [MESSAGE][PASSED] - Object: 'Object Repository/Page_Swag Labs/input_Swag Labs_login-button' is clicked on

2023-05-12 18:27:24 - [TEST_STEP][PASSED] - click(findTestObject("Object Repository/inventoryPage/Backpack")): Object: 'Object Repository/inventoryPage/Backpack' is clicked on

2023-05-12 18:27:25 - [MESSAGE][PASSED] - Object: 'Object Repository/inventoryPage/Backpack' is clicked on

2023-05-12 18:27:25 - [TEST_STEP][PASSED] - click(findTestObject("Object Repository/inventoryPage/button_Add to cart")): Object: 'Object Repository/inventoryPage/button_Add to cart' is clicked on

2023-05-12 18:27:25 - [MESSAGE][PASSED] - Object: 'Object Repository/inventoryPage/button_Add to cart' is clicked on

2023-05-12 18:27:25 - [TEST_STEP][PASSED] - click(findTestObject("Object Repository/inventoryPage/products_back-image")): Object: 'Object Repository/inventoryPage/products_back-image' is clicked on

2023-05-12 18:27:26 - [MESSAGE][PASSED] - Object: 'Object Repository/inventoryPage/products_back-image' is clicked on

2023-05-12 18:27:26 - [TEST_STEP][PASSED] - click(findTestObject("Object Repository/inventoryPage/cart")): Object: 'Object Repository/inventoryPage/cart' is clicked on

2023-05-12 18:27:26 - [MESSAGE][PASSED] - Object: 'Object Repository/inventoryPage/cart' is clicked on

2023-05-12 18:27:26 - [TEST_STEP][PASSED] - click(findTestObject("Object Repository/CheckoutPage/button_Checkout")): Object: 'Object Repository/CheckoutPage/button_Checkout' is clicked on

2023-05-12 18:27:27 - [MESSAGE][PASSED] - Object: 'Object Repository/CheckoutPage/button_Checkout' is clicked on

2023-05-12 18:27:27 - [TEST_STEP][PASSED] - sendKeys(findTestObject("Object Repository/checkout-step-one/input_Checkout Your Information_firstName"), "demo"): Keys 'demo' sent to object: 'Object Repository/checkout-step-one/input_Checkout Your Information_firstName'

2023-05-12 18:27:27 - [MESSAGE][PASSED] - Keys 'demo' sent to object: 'Object Repository/checkout-step-one/input_Checkout Your Information_firstName'

2023-05-12 18:27:27 - [TEST_STEP][PASSED] - sendKeys(findTestObject("Object Repository/checkout-step-one/input_Checkout Your Information_lastName"), "qa test"): Keys 'qa test' sent to object: 'Object Repository/checkout-step-one/input_Checkout Your Information_lastName'

2023-05-12 18:27:28 - [MESSAGE][PASSED] - Keys 'qa test' sent to object: 'Object Repository/checkout-step-one/input_Checkout Your Information_lastName'

2023-05-12 18:27:28 - [TEST_STEP][PASSED] - sendKeys(findTestObject("Object Repository/checkout-step-one/input_Checkout Your Information_postalCode"), "9000"): Keys '9000' sent to object: 'Object Repository/checkout-step-one/input_Checkout Your Information_postalCode'

2023-05-12 18:27:28 - [MESSAGE][PASSED] - Keys '9000' sent to object: 'Object Repository/checkout-step-one/input_Checkout Your Information_postalCode'

2023-05-12 18:27:28 - [TEST_STEP][PASSED] - click(findTestObject("Object Repository/checkout-step-one/input_continue")): Object: 'Object Repository/checkout-step-one/input_continue' is clicked on

2023-05-12 18:27:29 - [MESSAGE][PASSED] - Object: 'Object Repository/checkout-step-one/input_continue' is clicked on

2023-05-12 18:27:29 - [TEST_STEP][PASSED] - click(findTestObject("Object Repository/finish checkout/button_Finish")): Object: 'Object Repository/finish checkout/button_Finish' is clicked on

2023-05-12 18:27:30 - [MESSAGE][PASSED] - Object: 'Object Repository/finish checkout/button_Finish' is clicked on

2023-05-12 18:27:30 - [TEST_STEP][PASSED] - verifyElementVisible(findTestObject("Object Repository/order-success/h2_Thank you for your order")): Object 'Object Repository/order-success/h2_Thank you for your order' is visible

2023-05-12 18:27:30 - [MESSAGE][PASSED] - Object 'Object Repository/order-success/h2_Thank you for your order' is visible

2023-05-12 18:27:30 - [TEST_STEP][PASSED] - click(findTestObject("Object Repository/NavSideBar/sidebar")): Object: 'Object Repository/NavSideBar/sidebar' is clicked on

2023-05-12 18:27:30 - [MESSAGE][PASSED] - Object: 'Object Repository/NavSideBar/sidebar' is clicked on

2023-05-12 18:27:30 - [TEST_STEP][PASSED] - click(findTestObject("Object Repository/NavSideBar/a_Logout")): Object: 'Object Repository/NavSideBar/a_Logout' is clicked on

2023-05-12 18:27:31 - [MESSAGE][PASSED] - Object: 'Object Repository/NavSideBar/a_Logout' is clicked on

2023-05-12 18:27:31 - [TEST_STEP][PASSED] - verifyElementVisible(findTestObject("Object Repository/Page_Swag Labs/input_Swag Labs_user-name")): Object 'Object Repository/Page_Swag Labs/input_Swag Labs_user-name' is visible

2023-05-12 18:27:31 - [MESSAGE][PASSED] - Object 'Object Repository/Page_Swag Labs/input_Swag Labs_user-name' is visible

2023-05-12 18:27:31 - [TEST_STEP][PASSED] - closeBrowser(): Browser is closed

2023-05-12 18:27:32 - [MESSAGE][PASSED] - Browser is closed]]></system-out>
         <system-err><![CDATA[]]></system-err>
      </testcase>
      <testcase name="Test Cases/test-flow-1-buy-1-product" time="12.314" classname="Test Cases/test-flow-1-buy-1-product" status="PASSED">
         <system-out><![CDATA[2023-05-12 18:27:32 - [TEST_CASE][PASSED] - Test Cases/test-flow-1-buy-1-product: Test Cases/test-flow-1-buy-1-product

2023-05-12 18:27:32 - [TEST_STEP][PASSED] - openBrowser("https://www.saucedemo.com/"): Browser is opened with url: 'https://www.saucedemo.com/'

2023-05-12 18:27:32 - [MESSAGE][INFO] - Starting 'Chrome' driver

2023-05-12 18:27:32 - [MESSAGE][INFO] - Action delay is set to 0 milliseconds

2023-05-12 18:27:35 - [MESSAGE][PASSED] - Browser is opened with url: 'https://www.saucedemo.com/'

2023-05-12 18:27:35 - [TEST_STEP][PASSED] - click(findTestObject("Object Repository/Page_Swag Labs/input_Swag Labs_user-name")): Object: 'Object Repository/Page_Swag Labs/input_Swag Labs_user-name' is clicked on

2023-05-12 18:27:35 - [MESSAGE][PASSED] - Object: 'Object Repository/Page_Swag Labs/input_Swag Labs_user-name' is clicked on

2023-05-12 18:27:35 - [TEST_STEP][PASSED] - sendKeys(findTestObject("Object Repository/Page_Swag Labs/input_Swag Labs_user-name"), "standard_user"): Keys 'standard_user' sent to object: 'Object Repository/Page_Swag Labs/input_Swag Labs_user-name'

2023-05-12 18:27:35 - [MESSAGE][PASSED] - Keys 'standard_user' sent to object: 'Object Repository/Page_Swag Labs/input_Swag Labs_user-name'

2023-05-12 18:27:35 - [TEST_STEP][PASSED] - click(findTestObject("Object Repository/Page_Swag Labs/input_Swag Labs_password")): Object: 'Object Repository/Page_Swag Labs/input_Swag Labs_password' is clicked on

2023-05-12 18:27:36 - [MESSAGE][PASSED] - Object: 'Object Repository/Page_Swag Labs/input_Swag Labs_password' is clicked on

2023-05-12 18:27:36 - [TEST_STEP][PASSED] - sendKeys(findTestObject("Object Repository/Page_Swag Labs/input_Swag Labs_password"), "secret_sauce"): Keys 'secret_sauce' sent to object: 'Object Repository/Page_Swag Labs/input_Swag Labs_password'

2023-05-12 18:27:36 - [MESSAGE][PASSED] - Keys 'secret_sauce' sent to object: 'Object Repository/Page_Swag Labs/input_Swag Labs_password'

2023-05-12 18:27:36 - [TEST_STEP][PASSED] - click(findTestObject("Object Repository/Page_Swag Labs/input_Swag Labs_login-button")): Object: 'Object Repository/Page_Swag Labs/input_Swag Labs_login-button' is clicked on

2023-05-12 18:27:36 - [MESSAGE][PASSED] - Object: 'Object Repository/Page_Swag Labs/input_Swag Labs_login-button' is clicked on

2023-05-12 18:27:36 - [TEST_STEP][PASSED] - click(findTestObject("Object Repository/inventoryPage/Backpack")): Object: 'Object Repository/inventoryPage/Backpack' is clicked on

2023-05-12 18:27:37 - [MESSAGE][PASSED] - Object: 'Object Repository/inventoryPage/Backpack' is clicked on

2023-05-12 18:27:37 - [TEST_STEP][PASSED] - click(findTestObject("Object Repository/inventoryPage/button_Add to cart")): Object: 'Object Repository/inventoryPage/button_Add to cart' is clicked on

2023-05-12 18:27:37 - [MESSAGE][PASSED] - Object: 'Object Repository/inventoryPage/button_Add to cart' is clicked on

2023-05-12 18:27:37 - [TEST_STEP][PASSED] - click(findTestObject("Object Repository/inventoryPage/products_back-image")): Object: 'Object Repository/inventoryPage/products_back-image' is clicked on

2023-05-12 18:27:38 - [MESSAGE][PASSED] - Object: 'Object Repository/inventoryPage/products_back-image' is clicked on

2023-05-12 18:27:38 - [TEST_STEP][PASSED] - click(findTestObject("Object Repository/inventoryPage/cart")): Object: 'Object Repository/inventoryPage/cart' is clicked on

2023-05-12 18:27:38 - [MESSAGE][PASSED] - Object: 'Object Repository/inventoryPage/cart' is clicked on

2023-05-12 18:27:38 - [TEST_STEP][PASSED] - click(findTestObject("Object Repository/CheckoutPage/button_Checkout")): Object: 'Object Repository/CheckoutPage/button_Checkout' is clicked on

2023-05-12 18:27:39 - [MESSAGE][PASSED] - Object: 'Object Repository/CheckoutPage/button_Checkout' is clicked on

2023-05-12 18:27:39 - [TEST_STEP][PASSED] - sendKeys(findTestObject("Object Repository/checkout-step-one/input_Checkout Your Information_firstName"), "demo"): Keys 'demo' sent to object: 'Object Repository/checkout-step-one/input_Checkout Your Information_firstName'

2023-05-12 18:27:39 - [MESSAGE][PASSED] - Keys 'demo' sent to object: 'Object Repository/checkout-step-one/input_Checkout Your Information_firstName'

2023-05-12 18:27:39 - [TEST_STEP][PASSED] - sendKeys(findTestObject("Object Repository/checkout-step-one/input_Checkout Your Information_lastName"), "qa test"): Keys 'qa test' sent to object: 'Object Repository/checkout-step-one/input_Checkout Your Information_lastName'

2023-05-12 18:27:40 - [MESSAGE][PASSED] - Keys 'qa test' sent to object: 'Object Repository/checkout-step-one/input_Checkout Your Information_lastName'

2023-05-12 18:27:40 - [TEST_STEP][PASSED] - sendKeys(findTestObject("Object Repository/checkout-step-one/input_Checkout Your Information_postalCode"), "9000"): Keys '9000' sent to object: 'Object Repository/checkout-step-one/input_Checkout Your Information_postalCode'

2023-05-12 18:27:41 - [MESSAGE][PASSED] - Keys '9000' sent to object: 'Object Repository/checkout-step-one/input_Checkout Your Information_postalCode'

2023-05-12 18:27:41 - [TEST_STEP][PASSED] - click(findTestObject("Object Repository/checkout-step-one/input_continue")): Object: 'Object Repository/checkout-step-one/input_continue' is clicked on

2023-05-12 18:27:41 - [MESSAGE][PASSED] - Object: 'Object Repository/checkout-step-one/input_continue' is clicked on

2023-05-12 18:27:41 - [TEST_STEP][PASSED] - click(findTestObject("Object Repository/finish checkout/button_Finish")): Object: 'Object Repository/finish checkout/button_Finish' is clicked on

2023-05-12 18:27:42 - [MESSAGE][PASSED] - Object: 'Object Repository/finish checkout/button_Finish' is clicked on

2023-05-12 18:27:42 - [TEST_STEP][PASSED] - verifyElementVisible(findTestObject("Object Repository/order-success/h2_Thank you for your order")): Object 'Object Repository/order-success/h2_Thank you for your order' is visible

2023-05-12 18:27:42 - [MESSAGE][PASSED] - Object 'Object Repository/order-success/h2_Thank you for your order' is visible

2023-05-12 18:27:42 - [TEST_STEP][PASSED] - click(findTestObject("Object Repository/NavSideBar/sidebar")): Object: 'Object Repository/NavSideBar/sidebar' is clicked on

2023-05-12 18:27:43 - [MESSAGE][PASSED] - Object: 'Object Repository/NavSideBar/sidebar' is clicked on

2023-05-12 18:27:43 - [TEST_STEP][PASSED] - click(findTestObject("Object Repository/NavSideBar/a_Logout")): Object: 'Object Repository/NavSideBar/a_Logout' is clicked on

2023-05-12 18:27:43 - [MESSAGE][PASSED] - Object: 'Object Repository/NavSideBar/a_Logout' is clicked on

2023-05-12 18:27:43 - [TEST_STEP][PASSED] - verifyElementVisible(findTestObject("Object Repository/Page_Swag Labs/input_Swag Labs_user-name")): Object 'Object Repository/Page_Swag Labs/input_Swag Labs_user-name' is visible

2023-05-12 18:27:44 - [MESSAGE][PASSED] - Object 'Object Repository/Page_Swag Labs/input_Swag Labs_user-name' is visible

2023-05-12 18:27:44 - [TEST_STEP][PASSED] - closeBrowser(): Browser is closed

2023-05-12 18:27:44 - [MESSAGE][PASSED] - Browser is closed]]></system-out>
         <system-err><![CDATA[]]></system-err>
      </testcase>
      <testcase name="Test Cases/test-flow-1-buy-1-product" time="11.834" classname="Test Cases/test-flow-1-buy-1-product" status="PASSED">
         <system-out><![CDATA[2023-05-12 18:27:44 - [TEST_CASE][PASSED] - Test Cases/test-flow-1-buy-1-product: Test Cases/test-flow-1-buy-1-product

2023-05-12 18:27:44 - [TEST_STEP][PASSED] - openBrowser("https://www.saucedemo.com/"): Browser is opened with url: 'https://www.saucedemo.com/'

2023-05-12 18:27:44 - [MESSAGE][INFO] - Starting 'Chrome' driver

2023-05-12 18:27:44 - [MESSAGE][INFO] - Action delay is set to 0 milliseconds

2023-05-12 18:27:46 - [MESSAGE][PASSED] - Browser is opened with url: 'https://www.saucedemo.com/'

2023-05-12 18:27:46 - [TEST_STEP][PASSED] - click(findTestObject("Object Repository/Page_Swag Labs/input_Swag Labs_user-name")): Object: 'Object Repository/Page_Swag Labs/input_Swag Labs_user-name' is clicked on

2023-05-12 18:27:47 - [MESSAGE][PASSED] - Object: 'Object Repository/Page_Swag Labs/input_Swag Labs_user-name' is clicked on

2023-05-12 18:27:47 - [TEST_STEP][PASSED] - sendKeys(findTestObject("Object Repository/Page_Swag Labs/input_Swag Labs_user-name"), "standard_user"): Keys 'standard_user' sent to object: 'Object Repository/Page_Swag Labs/input_Swag Labs_user-name'

2023-05-12 18:27:47 - [MESSAGE][PASSED] - Keys 'standard_user' sent to object: 'Object Repository/Page_Swag Labs/input_Swag Labs_user-name'

2023-05-12 18:27:47 - [TEST_STEP][PASSED] - click(findTestObject("Object Repository/Page_Swag Labs/input_Swag Labs_password")): Object: 'Object Repository/Page_Swag Labs/input_Swag Labs_password' is clicked on

2023-05-12 18:27:47 - [MESSAGE][PASSED] - Object: 'Object Repository/Page_Swag Labs/input_Swag Labs_password' is clicked on

2023-05-12 18:27:47 - [TEST_STEP][PASSED] - sendKeys(findTestObject("Object Repository/Page_Swag Labs/input_Swag Labs_password"), "secret_sauce"): Keys 'secret_sauce' sent to object: 'Object Repository/Page_Swag Labs/input_Swag Labs_password'

2023-05-12 18:27:48 - [MESSAGE][PASSED] - Keys 'secret_sauce' sent to object: 'Object Repository/Page_Swag Labs/input_Swag Labs_password'

2023-05-12 18:27:48 - [TEST_STEP][PASSED] - click(findTestObject("Object Repository/Page_Swag Labs/input_Swag Labs_login-button")): Object: 'Object Repository/Page_Swag Labs/input_Swag Labs_login-button' is clicked on

2023-05-12 18:27:48 - [MESSAGE][PASSED] - Object: 'Object Repository/Page_Swag Labs/input_Swag Labs_login-button' is clicked on

2023-05-12 18:27:48 - [TEST_STEP][PASSED] - click(findTestObject("Object Repository/inventoryPage/Backpack")): Object: 'Object Repository/inventoryPage/Backpack' is clicked on

2023-05-12 18:27:49 - [MESSAGE][PASSED] - Object: 'Object Repository/inventoryPage/Backpack' is clicked on

2023-05-12 18:27:49 - [TEST_STEP][PASSED] - click(findTestObject("Object Repository/inventoryPage/button_Add to cart")): Object: 'Object Repository/inventoryPage/button_Add to cart' is clicked on

2023-05-12 18:27:49 - [MESSAGE][PASSED] - Object: 'Object Repository/inventoryPage/button_Add to cart' is clicked on

2023-05-12 18:27:49 - [TEST_STEP][PASSED] - click(findTestObject("Object Repository/inventoryPage/products_back-image")): Object: 'Object Repository/inventoryPage/products_back-image' is clicked on

2023-05-12 18:27:50 - [MESSAGE][PASSED] - Object: 'Object Repository/inventoryPage/products_back-image' is clicked on

2023-05-12 18:27:50 - [TEST_STEP][PASSED] - click(findTestObject("Object Repository/inventoryPage/cart")): Object: 'Object Repository/inventoryPage/cart' is clicked on

2023-05-12 18:27:50 - [MESSAGE][PASSED] - Object: 'Object Repository/inventoryPage/cart' is clicked on

2023-05-12 18:27:50 - [TEST_STEP][PASSED] - click(findTestObject("Object Repository/CheckoutPage/button_Checkout")): Object: 'Object Repository/CheckoutPage/button_Checkout' is clicked on

2023-05-12 18:27:51 - [MESSAGE][PASSED] - Object: 'Object Repository/CheckoutPage/button_Checkout' is clicked on

2023-05-12 18:27:51 - [TEST_STEP][PASSED] - sendKeys(findTestObject("Object Repository/checkout-step-one/input_Checkout Your Information_firstName"), "demo"): Keys 'demo' sent to object: 'Object Repository/checkout-step-one/input_Checkout Your Information_firstName'

2023-05-12 18:27:51 - [MESSAGE][PASSED] - Keys 'demo' sent to object: 'Object Repository/checkout-step-one/input_Checkout Your Information_firstName'

2023-05-12 18:27:51 - [TEST_STEP][PASSED] - sendKeys(findTestObject("Object Repository/checkout-step-one/input_Checkout Your Information_lastName"), "qa test"): Keys 'qa test' sent to object: 'Object Repository/checkout-step-one/input_Checkout Your Information_lastName'

2023-05-12 18:27:52 - [MESSAGE][PASSED] - Keys 'qa test' sent to object: 'Object Repository/checkout-step-one/input_Checkout Your Information_lastName'

2023-05-12 18:27:52 - [TEST_STEP][PASSED] - sendKeys(findTestObject("Object Repository/checkout-step-one/input_Checkout Your Information_postalCode"), "9000"): Keys '9000' sent to object: 'Object Repository/checkout-step-one/input_Checkout Your Information_postalCode'

2023-05-12 18:27:52 - [MESSAGE][PASSED] - Keys '9000' sent to object: 'Object Repository/checkout-step-one/input_Checkout Your Information_postalCode'

2023-05-12 18:27:52 - [TEST_STEP][PASSED] - click(findTestObject("Object Repository/checkout-step-one/input_continue")): Object: 'Object Repository/checkout-step-one/input_continue' is clicked on

2023-05-12 18:27:53 - [MESSAGE][PASSED] - Object: 'Object Repository/checkout-step-one/input_continue' is clicked on

2023-05-12 18:27:53 - [TEST_STEP][PASSED] - click(findTestObject("Object Repository/finish checkout/button_Finish")): Object: 'Object Repository/finish checkout/button_Finish' is clicked on

2023-05-12 18:27:54 - [MESSAGE][PASSED] - Object: 'Object Repository/finish checkout/button_Finish' is clicked on

2023-05-12 18:27:54 - [TEST_STEP][PASSED] - verifyElementVisible(findTestObject("Object Repository/order-success/h2_Thank you for your order")): Object 'Object Repository/order-success/h2_Thank you for your order' is visible

2023-05-12 18:27:54 - [MESSAGE][PASSED] - Object 'Object Repository/order-success/h2_Thank you for your order' is visible

2023-05-12 18:27:54 - [TEST_STEP][PASSED] - click(findTestObject("Object Repository/NavSideBar/sidebar")): Object: 'Object Repository/NavSideBar/sidebar' is clicked on

2023-05-12 18:27:54 - [MESSAGE][PASSED] - Object: 'Object Repository/NavSideBar/sidebar' is clicked on

2023-05-12 18:27:54 - [TEST_STEP][PASSED] - click(findTestObject("Object Repository/NavSideBar/a_Logout")): Object: 'Object Repository/NavSideBar/a_Logout' is clicked on

2023-05-12 18:27:55 - [MESSAGE][PASSED] - Object: 'Object Repository/NavSideBar/a_Logout' is clicked on

2023-05-12 18:27:55 - [TEST_STEP][PASSED] - verifyElementVisible(findTestObject("Object Repository/Page_Swag Labs/input_Swag Labs_user-name")): Object 'Object Repository/Page_Swag Labs/input_Swag Labs_user-name' is visible

2023-05-12 18:27:56 - [MESSAGE][PASSED] - Object 'Object Repository/Page_Swag Labs/input_Swag Labs_user-name' is visible

2023-05-12 18:27:56 - [TEST_STEP][PASSED] - closeBrowser(): Browser is closed

2023-05-12 18:27:56 - [MESSAGE][PASSED] - Browser is closed]]></system-out>
         <system-err><![CDATA[]]></system-err>
      </testcase>
      <testcase name="Test Cases/test-flow-1-buy-1-product" time="11.887" classname="Test Cases/test-flow-1-buy-1-product" status="PASSED">
         <system-out><![CDATA[2023-05-12 18:27:56 - [TEST_CASE][PASSED] - Test Cases/test-flow-1-buy-1-product: Test Cases/test-flow-1-buy-1-product

2023-05-12 18:27:56 - [TEST_STEP][PASSED] - openBrowser("https://www.saucedemo.com/"): Browser is opened with url: 'https://www.saucedemo.com/'

2023-05-12 18:27:56 - [MESSAGE][INFO] - Starting 'Chrome' driver

2023-05-12 18:27:56 - [MESSAGE][INFO] - Action delay is set to 0 milliseconds

2023-05-12 18:27:58 - [MESSAGE][PASSED] - Browser is opened with url: 'https://www.saucedemo.com/'

2023-05-12 18:27:58 - [TEST_STEP][PASSED] - click(findTestObject("Object Repository/Page_Swag Labs/input_Swag Labs_user-name")): Object: 'Object Repository/Page_Swag Labs/input_Swag Labs_user-name' is clicked on

2023-05-12 18:27:59 - [MESSAGE][PASSED] - Object: 'Object Repository/Page_Swag Labs/input_Swag Labs_user-name' is clicked on

2023-05-12 18:27:59 - [TEST_STEP][PASSED] - sendKeys(findTestObject("Object Repository/Page_Swag Labs/input_Swag Labs_user-name"), "standard_user"): Keys 'standard_user' sent to object: 'Object Repository/Page_Swag Labs/input_Swag Labs_user-name'

2023-05-12 18:27:59 - [MESSAGE][PASSED] - Keys 'standard_user' sent to object: 'Object Repository/Page_Swag Labs/input_Swag Labs_user-name'

2023-05-12 18:27:59 - [TEST_STEP][PASSED] - click(findTestObject("Object Repository/Page_Swag Labs/input_Swag Labs_password")): Object: 'Object Repository/Page_Swag Labs/input_Swag Labs_password' is clicked on

2023-05-12 18:27:59 - [MESSAGE][PASSED] - Object: 'Object Repository/Page_Swag Labs/input_Swag Labs_password' is clicked on

2023-05-12 18:27:59 - [TEST_STEP][PASSED] - sendKeys(findTestObject("Object Repository/Page_Swag Labs/input_Swag Labs_password"), "secret_sauce"): Keys 'secret_sauce' sent to object: 'Object Repository/Page_Swag Labs/input_Swag Labs_password'

2023-05-12 18:28:00 - [MESSAGE][PASSED] - Keys 'secret_sauce' sent to object: 'Object Repository/Page_Swag Labs/input_Swag Labs_password'

2023-05-12 18:28:00 - [TEST_STEP][PASSED] - click(findTestObject("Object Repository/Page_Swag Labs/input_Swag Labs_login-button")): Object: 'Object Repository/Page_Swag Labs/input_Swag Labs_login-button' is clicked on

2023-05-12 18:28:00 - [MESSAGE][PASSED] - Object: 'Object Repository/Page_Swag Labs/input_Swag Labs_login-button' is clicked on

2023-05-12 18:28:00 - [TEST_STEP][PASSED] - click(findTestObject("Object Repository/inventoryPage/Backpack")): Object: 'Object Repository/inventoryPage/Backpack' is clicked on

2023-05-12 18:28:01 - [MESSAGE][PASSED] - Object: 'Object Repository/inventoryPage/Backpack' is clicked on

2023-05-12 18:28:01 - [TEST_STEP][PASSED] - click(findTestObject("Object Repository/inventoryPage/button_Add to cart")): Object: 'Object Repository/inventoryPage/button_Add to cart' is clicked on

2023-05-12 18:28:01 - [MESSAGE][PASSED] - Object: 'Object Repository/inventoryPage/button_Add to cart' is clicked on

2023-05-12 18:28:01 - [TEST_STEP][PASSED] - click(findTestObject("Object Repository/inventoryPage/products_back-image")): Object: 'Object Repository/inventoryPage/products_back-image' is clicked on

2023-05-12 18:28:02 - [MESSAGE][PASSED] - Object: 'Object Repository/inventoryPage/products_back-image' is clicked on

2023-05-12 18:28:02 - [TEST_STEP][PASSED] - click(findTestObject("Object Repository/inventoryPage/cart")): Object: 'Object Repository/inventoryPage/cart' is clicked on

2023-05-12 18:28:02 - [MESSAGE][PASSED] - Object: 'Object Repository/inventoryPage/cart' is clicked on

2023-05-12 18:28:02 - [TEST_STEP][PASSED] - click(findTestObject("Object Repository/CheckoutPage/button_Checkout")): Object: 'Object Repository/CheckoutPage/button_Checkout' is clicked on

2023-05-12 18:28:03 - [MESSAGE][PASSED] - Object: 'Object Repository/CheckoutPage/button_Checkout' is clicked on

2023-05-12 18:28:03 - [TEST_STEP][PASSED] - sendKeys(findTestObject("Object Repository/checkout-step-one/input_Checkout Your Information_firstName"), "demo"): Keys 'demo' sent to object: 'Object Repository/checkout-step-one/input_Checkout Your Information_firstName'

2023-05-12 18:28:03 - [MESSAGE][PASSED] - Keys 'demo' sent to object: 'Object Repository/checkout-step-one/input_Checkout Your Information_firstName'

2023-05-12 18:28:03 - [TEST_STEP][PASSED] - sendKeys(findTestObject("Object Repository/checkout-step-one/input_Checkout Your Information_lastName"), "qa test"): Keys 'qa test' sent to object: 'Object Repository/checkout-step-one/input_Checkout Your Information_lastName'

2023-05-12 18:28:04 - [MESSAGE][PASSED] - Keys 'qa test' sent to object: 'Object Repository/checkout-step-one/input_Checkout Your Information_lastName'

2023-05-12 18:28:04 - [TEST_STEP][PASSED] - sendKeys(findTestObject("Object Repository/checkout-step-one/input_Checkout Your Information_postalCode"), "9000"): Keys '9000' sent to object: 'Object Repository/checkout-step-one/input_Checkout Your Information_postalCode'

2023-05-12 18:28:04 - [MESSAGE][PASSED] - Keys '9000' sent to object: 'Object Repository/checkout-step-one/input_Checkout Your Information_postalCode'

2023-05-12 18:28:04 - [TEST_STEP][PASSED] - click(findTestObject("Object Repository/checkout-step-one/input_continue")): Object: 'Object Repository/checkout-step-one/input_continue' is clicked on

2023-05-12 18:28:05 - [MESSAGE][PASSED] - Object: 'Object Repository/checkout-step-one/input_continue' is clicked on

2023-05-12 18:28:05 - [TEST_STEP][PASSED] - click(findTestObject("Object Repository/finish checkout/button_Finish")): Object: 'Object Repository/finish checkout/button_Finish' is clicked on

2023-05-12 18:28:05 - [MESSAGE][PASSED] - Object: 'Object Repository/finish checkout/button_Finish' is clicked on

2023-05-12 18:28:05 - [TEST_STEP][PASSED] - verifyElementVisible(findTestObject("Object Repository/order-success/h2_Thank you for your order")): Object 'Object Repository/order-success/h2_Thank you for your order' is visible

2023-05-12 18:28:06 - [MESSAGE][PASSED] - Object 'Object Repository/order-success/h2_Thank you for your order' is visible

2023-05-12 18:28:06 - [TEST_STEP][PASSED] - click(findTestObject("Object Repository/NavSideBar/sidebar")): Object: 'Object Repository/NavSideBar/sidebar' is clicked on

2023-05-12 18:28:06 - [MESSAGE][PASSED] - Object: 'Object Repository/NavSideBar/sidebar' is clicked on

2023-05-12 18:28:06 - [TEST_STEP][PASSED] - click(findTestObject("Object Repository/NavSideBar/a_Logout")): Object: 'Object Repository/NavSideBar/a_Logout' is clicked on

2023-05-12 18:28:07 - [MESSAGE][PASSED] - Object: 'Object Repository/NavSideBar/a_Logout' is clicked on

2023-05-12 18:28:07 - [TEST_STEP][PASSED] - verifyElementVisible(findTestObject("Object Repository/Page_Swag Labs/input_Swag Labs_user-name")): Object 'Object Repository/Page_Swag Labs/input_Swag Labs_user-name' is visible

2023-05-12 18:28:08 - [MESSAGE][PASSED] - Object 'Object Repository/Page_Swag Labs/input_Swag Labs_user-name' is visible

2023-05-12 18:28:08 - [TEST_STEP][PASSED] - closeBrowser(): Browser is closed

2023-05-12 18:28:08 - [MESSAGE][PASSED] - Browser is closed]]></system-out>
         <system-err><![CDATA[]]></system-err>
      </testcase>
      <testcase name="Test Cases/test-flow-1-buy-1-product" time="11.805" classname="Test Cases/test-flow-1-buy-1-product" status="PASSED">
         <system-out><![CDATA[2023-05-12 18:28:08 - [TEST_CASE][PASSED] - Test Cases/test-flow-1-buy-1-product: Test Cases/test-flow-1-buy-1-product

2023-05-12 18:28:08 - [TEST_STEP][PASSED] - openBrowser("https://www.saucedemo.com/"): Browser is opened with url: 'https://www.saucedemo.com/'

2023-05-12 18:28:08 - [MESSAGE][INFO] - Starting 'Chrome' driver

2023-05-12 18:28:08 - [MESSAGE][INFO] - Action delay is set to 0 milliseconds

2023-05-12 18:28:10 - [MESSAGE][PASSED] - Browser is opened with url: 'https://www.saucedemo.com/'

2023-05-12 18:28:10 - [TEST_STEP][PASSED] - click(findTestObject("Object Repository/Page_Swag Labs/input_Swag Labs_user-name")): Object: 'Object Repository/Page_Swag Labs/input_Swag Labs_user-name' is clicked on

2023-05-12 18:28:11 - [MESSAGE][PASSED] - Object: 'Object Repository/Page_Swag Labs/input_Swag Labs_user-name' is clicked on

2023-05-12 18:28:11 - [TEST_STEP][PASSED] - sendKeys(findTestObject("Object Repository/Page_Swag Labs/input_Swag Labs_user-name"), "standard_user"): Keys 'standard_user' sent to object: 'Object Repository/Page_Swag Labs/input_Swag Labs_user-name'

2023-05-12 18:28:11 - [MESSAGE][PASSED] - Keys 'standard_user' sent to object: 'Object Repository/Page_Swag Labs/input_Swag Labs_user-name'

2023-05-12 18:28:11 - [TEST_STEP][PASSED] - click(findTestObject("Object Repository/Page_Swag Labs/input_Swag Labs_password")): Object: 'Object Repository/Page_Swag Labs/input_Swag Labs_password' is clicked on

2023-05-12 18:28:11 - [MESSAGE][PASSED] - Object: 'Object Repository/Page_Swag Labs/input_Swag Labs_password' is clicked on

2023-05-12 18:28:11 - [TEST_STEP][PASSED] - sendKeys(findTestObject("Object Repository/Page_Swag Labs/input_Swag Labs_password"), "secret_sauce"): Keys 'secret_sauce' sent to object: 'Object Repository/Page_Swag Labs/input_Swag Labs_password'

2023-05-12 18:28:12 - [MESSAGE][PASSED] - Keys 'secret_sauce' sent to object: 'Object Repository/Page_Swag Labs/input_Swag Labs_password'

2023-05-12 18:28:12 - [TEST_STEP][PASSED] - click(findTestObject("Object Repository/Page_Swag Labs/input_Swag Labs_login-button")): Object: 'Object Repository/Page_Swag Labs/input_Swag Labs_login-button' is clicked on

2023-05-12 18:28:12 - [MESSAGE][PASSED] - Object: 'Object Repository/Page_Swag Labs/input_Swag Labs_login-button' is clicked on

2023-05-12 18:28:12 - [TEST_STEP][PASSED] - click(findTestObject("Object Repository/inventoryPage/Backpack")): Object: 'Object Repository/inventoryPage/Backpack' is clicked on

2023-05-12 18:28:12 - [MESSAGE][PASSED] - Object: 'Object Repository/inventoryPage/Backpack' is clicked on

2023-05-12 18:28:12 - [TEST_STEP][PASSED] - click(findTestObject("Object Repository/inventoryPage/button_Add to cart")): Object: 'Object Repository/inventoryPage/button_Add to cart' is clicked on

2023-05-12 18:28:13 - [MESSAGE][PASSED] - Object: 'Object Repository/inventoryPage/button_Add to cart' is clicked on

2023-05-12 18:28:13 - [TEST_STEP][PASSED] - click(findTestObject("Object Repository/inventoryPage/products_back-image")): Object: 'Object Repository/inventoryPage/products_back-image' is clicked on

2023-05-12 18:28:13 - [MESSAGE][PASSED] - Object: 'Object Repository/inventoryPage/products_back-image' is clicked on

2023-05-12 18:28:13 - [TEST_STEP][PASSED] - click(findTestObject("Object Repository/inventoryPage/cart")): Object: 'Object Repository/inventoryPage/cart' is clicked on

2023-05-12 18:28:14 - [MESSAGE][PASSED] - Object: 'Object Repository/inventoryPage/cart' is clicked on

2023-05-12 18:28:14 - [TEST_STEP][PASSED] - click(findTestObject("Object Repository/CheckoutPage/button_Checkout")): Object: 'Object Repository/CheckoutPage/button_Checkout' is clicked on

2023-05-12 18:28:14 - [MESSAGE][PASSED] - Object: 'Object Repository/CheckoutPage/button_Checkout' is clicked on

2023-05-12 18:28:14 - [TEST_STEP][PASSED] - sendKeys(findTestObject("Object Repository/checkout-step-one/input_Checkout Your Information_firstName"), "demo"): Keys 'demo' sent to object: 'Object Repository/checkout-step-one/input_Checkout Your Information_firstName'

2023-05-12 18:28:15 - [MESSAGE][PASSED] - Keys 'demo' sent to object: 'Object Repository/checkout-step-one/input_Checkout Your Information_firstName'

2023-05-12 18:28:15 - [TEST_STEP][PASSED] - sendKeys(findTestObject("Object Repository/checkout-step-one/input_Checkout Your Information_lastName"), "qa test"): Keys 'qa test' sent to object: 'Object Repository/checkout-step-one/input_Checkout Your Information_lastName'

2023-05-12 18:28:16 - [MESSAGE][PASSED] - Keys 'qa test' sent to object: 'Object Repository/checkout-step-one/input_Checkout Your Information_lastName'

2023-05-12 18:28:16 - [TEST_STEP][PASSED] - sendKeys(findTestObject("Object Repository/checkout-step-one/input_Checkout Your Information_postalCode"), "9000"): Keys '9000' sent to object: 'Object Repository/checkout-step-one/input_Checkout Your Information_postalCode'

2023-05-12 18:28:16 - [MESSAGE][PASSED] - Keys '9000' sent to object: 'Object Repository/checkout-step-one/input_Checkout Your Information_postalCode'

2023-05-12 18:28:16 - [TEST_STEP][PASSED] - click(findTestObject("Object Repository/checkout-step-one/input_continue")): Object: 'Object Repository/checkout-step-one/input_continue' is clicked on

2023-05-12 18:28:17 - [MESSAGE][PASSED] - Object: 'Object Repository/checkout-step-one/input_continue' is clicked on

2023-05-12 18:28:17 - [TEST_STEP][PASSED] - click(findTestObject("Object Repository/finish checkout/button_Finish")): Object: 'Object Repository/finish checkout/button_Finish' is clicked on

2023-05-12 18:28:17 - [MESSAGE][PASSED] - Object: 'Object Repository/finish checkout/button_Finish' is clicked on

2023-05-12 18:28:17 - [TEST_STEP][PASSED] - verifyElementVisible(findTestObject("Object Repository/order-success/h2_Thank you for your order")): Object 'Object Repository/order-success/h2_Thank you for your order' is visible

2023-05-12 18:28:18 - [MESSAGE][PASSED] - Object 'Object Repository/order-success/h2_Thank you for your order' is visible

2023-05-12 18:28:18 - [TEST_STEP][PASSED] - click(findTestObject("Object Repository/NavSideBar/sidebar")): Object: 'Object Repository/NavSideBar/sidebar' is clicked on

2023-05-12 18:28:18 - [MESSAGE][PASSED] - Object: 'Object Repository/NavSideBar/sidebar' is clicked on

2023-05-12 18:28:18 - [TEST_STEP][PASSED] - click(findTestObject("Object Repository/NavSideBar/a_Logout")): Object: 'Object Repository/NavSideBar/a_Logout' is clicked on

2023-05-12 18:28:19 - [MESSAGE][PASSED] - Object: 'Object Repository/NavSideBar/a_Logout' is clicked on

2023-05-12 18:28:19 - [TEST_STEP][PASSED] - verifyElementVisible(findTestObject("Object Repository/Page_Swag Labs/input_Swag Labs_user-name")): Object 'Object Repository/Page_Swag Labs/input_Swag Labs_user-name' is visible

2023-05-12 18:28:19 - [MESSAGE][PASSED] - Object 'Object Repository/Page_Swag Labs/input_Swag Labs_user-name' is visible

2023-05-12 18:28:19 - [TEST_STEP][PASSED] - closeBrowser(): Browser is closed

2023-05-12 18:28:20 - [MESSAGE][PASSED] - Browser is closed]]></system-out>
         <system-err><![CDATA[]]></system-err>
      </testcase>
      <testcase name="Test Cases/test-flow-1-buy-1-product" time="12.158" classname="Test Cases/test-flow-1-buy-1-product" status="PASSED">
         <system-out><![CDATA[2023-05-12 18:28:20 - [TEST_CASE][PASSED] - Test Cases/test-flow-1-buy-1-product: Test Cases/test-flow-1-buy-1-product

2023-05-12 18:28:20 - [TEST_STEP][PASSED] - openBrowser("https://www.saucedemo.com/"): Browser is opened with url: 'https://www.saucedemo.com/'

2023-05-12 18:28:20 - [MESSAGE][INFO] - Starting 'Chrome' driver

2023-05-12 18:28:20 - [MESSAGE][INFO] - Action delay is set to 0 milliseconds

2023-05-12 18:28:22 - [MESSAGE][PASSED] - Browser is opened with url: 'https://www.saucedemo.com/'

2023-05-12 18:28:22 - [TEST_STEP][PASSED] - click(findTestObject("Object Repository/Page_Swag Labs/input_Swag Labs_user-name")): Object: 'Object Repository/Page_Swag Labs/input_Swag Labs_user-name' is clicked on

2023-05-12 18:28:23 - [MESSAGE][PASSED] - Object: 'Object Repository/Page_Swag Labs/input_Swag Labs_user-name' is clicked on

2023-05-12 18:28:23 - [TEST_STEP][PASSED] - sendKeys(findTestObject("Object Repository/Page_Swag Labs/input_Swag Labs_user-name"), "standard_user"): Keys 'standard_user' sent to object: 'Object Repository/Page_Swag Labs/input_Swag Labs_user-name'

2023-05-12 18:28:23 - [MESSAGE][PASSED] - Keys 'standard_user' sent to object: 'Object Repository/Page_Swag Labs/input_Swag Labs_user-name'

2023-05-12 18:28:23 - [TEST_STEP][PASSED] - click(findTestObject("Object Repository/Page_Swag Labs/input_Swag Labs_password")): Object: 'Object Repository/Page_Swag Labs/input_Swag Labs_password' is clicked on

2023-05-12 18:28:23 - [MESSAGE][PASSED] - Object: 'Object Repository/Page_Swag Labs/input_Swag Labs_password' is clicked on

2023-05-12 18:28:23 - [TEST_STEP][PASSED] - sendKeys(findTestObject("Object Repository/Page_Swag Labs/input_Swag Labs_password"), "secret_sauce"): Keys 'secret_sauce' sent to object: 'Object Repository/Page_Swag Labs/input_Swag Labs_password'

2023-05-12 18:28:24 - [MESSAGE][PASSED] - Keys 'secret_sauce' sent to object: 'Object Repository/Page_Swag Labs/input_Swag Labs_password'

2023-05-12 18:28:24 - [TEST_STEP][PASSED] - click(findTestObject("Object Repository/Page_Swag Labs/input_Swag Labs_login-button")): Object: 'Object Repository/Page_Swag Labs/input_Swag Labs_login-button' is clicked on

2023-05-12 18:28:24 - [MESSAGE][PASSED] - Object: 'Object Repository/Page_Swag Labs/input_Swag Labs_login-button' is clicked on

2023-05-12 18:28:24 - [TEST_STEP][PASSED] - click(findTestObject("Object Repository/inventoryPage/Backpack")): Object: 'Object Repository/inventoryPage/Backpack' is clicked on

2023-05-12 18:28:24 - [MESSAGE][PASSED] - Object: 'Object Repository/inventoryPage/Backpack' is clicked on

2023-05-12 18:28:24 - [TEST_STEP][PASSED] - click(findTestObject("Object Repository/inventoryPage/button_Add to cart")): Object: 'Object Repository/inventoryPage/button_Add to cart' is clicked on

2023-05-12 18:28:25 - [MESSAGE][PASSED] - Object: 'Object Repository/inventoryPage/button_Add to cart' is clicked on

2023-05-12 18:28:25 - [TEST_STEP][PASSED] - click(findTestObject("Object Repository/inventoryPage/products_back-image")): Object: 'Object Repository/inventoryPage/products_back-image' is clicked on

2023-05-12 18:28:25 - [MESSAGE][PASSED] - Object: 'Object Repository/inventoryPage/products_back-image' is clicked on

2023-05-12 18:28:25 - [TEST_STEP][PASSED] - click(findTestObject("Object Repository/inventoryPage/cart")): Object: 'Object Repository/inventoryPage/cart' is clicked on

2023-05-12 18:28:26 - [MESSAGE][PASSED] - Object: 'Object Repository/inventoryPage/cart' is clicked on

2023-05-12 18:28:26 - [TEST_STEP][PASSED] - click(findTestObject("Object Repository/CheckoutPage/button_Checkout")): Object: 'Object Repository/CheckoutPage/button_Checkout' is clicked on

2023-05-12 18:28:27 - [MESSAGE][PASSED] - Object: 'Object Repository/CheckoutPage/button_Checkout' is clicked on

2023-05-12 18:28:27 - [TEST_STEP][PASSED] - sendKeys(findTestObject("Object Repository/checkout-step-one/input_Checkout Your Information_firstName"), "demo"): Keys 'demo' sent to object: 'Object Repository/checkout-step-one/input_Checkout Your Information_firstName'

2023-05-12 18:28:27 - [MESSAGE][PASSED] - Keys 'demo' sent to object: 'Object Repository/checkout-step-one/input_Checkout Your Information_firstName'

2023-05-12 18:28:27 - [TEST_STEP][PASSED] - sendKeys(findTestObject("Object Repository/checkout-step-one/input_Checkout Your Information_lastName"), "qa test"): Keys 'qa test' sent to object: 'Object Repository/checkout-step-one/input_Checkout Your Information_lastName'

2023-05-12 18:28:28 - [MESSAGE][PASSED] - Keys 'qa test' sent to object: 'Object Repository/checkout-step-one/input_Checkout Your Information_lastName'

2023-05-12 18:28:28 - [TEST_STEP][PASSED] - sendKeys(findTestObject("Object Repository/checkout-step-one/input_Checkout Your Information_postalCode"), "9000"): Keys '9000' sent to object: 'Object Repository/checkout-step-one/input_Checkout Your Information_postalCode'

2023-05-12 18:28:28 - [MESSAGE][PASSED] - Keys '9000' sent to object: 'Object Repository/checkout-step-one/input_Checkout Your Information_postalCode'

2023-05-12 18:28:28 - [TEST_STEP][PASSED] - click(findTestObject("Object Repository/checkout-step-one/input_continue")): Object: 'Object Repository/checkout-step-one/input_continue' is clicked on

2023-05-12 18:28:29 - [MESSAGE][PASSED] - Object: 'Object Repository/checkout-step-one/input_continue' is clicked on

2023-05-12 18:28:29 - [TEST_STEP][PASSED] - click(findTestObject("Object Repository/finish checkout/button_Finish")): Object: 'Object Repository/finish checkout/button_Finish' is clicked on

2023-05-12 18:28:29 - [MESSAGE][PASSED] - Object: 'Object Repository/finish checkout/button_Finish' is clicked on

2023-05-12 18:28:29 - [TEST_STEP][PASSED] - verifyElementVisible(findTestObject("Object Repository/order-success/h2_Thank you for your order")): Object 'Object Repository/order-success/h2_Thank you for your order' is visible

2023-05-12 18:28:30 - [MESSAGE][PASSED] - Object 'Object Repository/order-success/h2_Thank you for your order' is visible

2023-05-12 18:28:30 - [TEST_STEP][PASSED] - click(findTestObject("Object Repository/NavSideBar/sidebar")): Object: 'Object Repository/NavSideBar/sidebar' is clicked on

2023-05-12 18:28:30 - [MESSAGE][PASSED] - Object: 'Object Repository/NavSideBar/sidebar' is clicked on

2023-05-12 18:28:30 - [TEST_STEP][PASSED] - click(findTestObject("Object Repository/NavSideBar/a_Logout")): Object: 'Object Repository/NavSideBar/a_Logout' is clicked on

2023-05-12 18:28:31 - [MESSAGE][PASSED] - Object: 'Object Repository/NavSideBar/a_Logout' is clicked on

2023-05-12 18:28:31 - [TEST_STEP][PASSED] - verifyElementVisible(findTestObject("Object Repository/Page_Swag Labs/input_Swag Labs_user-name")): Object 'Object Repository/Page_Swag Labs/input_Swag Labs_user-name' is visible

2023-05-12 18:28:31 - [MESSAGE][PASSED] - Object 'Object Repository/Page_Swag Labs/input_Swag Labs_user-name' is visible

2023-05-12 18:28:31 - [TEST_STEP][PASSED] - closeBrowser(): Browser is closed

2023-05-12 18:28:32 - [MESSAGE][PASSED] - Browser is closed]]></system-out>
         <system-err><![CDATA[]]></system-err>
      </testcase>
      <testcase name="Test Cases/test-flow-1-buy-1-product" time="11.955" classname="Test Cases/test-flow-1-buy-1-product" status="PASSED">
         <system-out><![CDATA[2023-05-12 18:28:32 - [TEST_CASE][PASSED] - Test Cases/test-flow-1-buy-1-product: Test Cases/test-flow-1-buy-1-product

2023-05-12 18:28:32 - [TEST_STEP][PASSED] - openBrowser("https://www.saucedemo.com/"): Browser is opened with url: 'https://www.saucedemo.com/'

2023-05-12 18:28:32 - [MESSAGE][INFO] - Starting 'Chrome' driver

2023-05-12 18:28:32 - [MESSAGE][INFO] - Action delay is set to 0 milliseconds

2023-05-12 18:28:34 - [MESSAGE][PASSED] - Browser is opened with url: 'https://www.saucedemo.com/'

2023-05-12 18:28:34 - [TEST_STEP][PASSED] - click(findTestObject("Object Repository/Page_Swag Labs/input_Swag Labs_user-name")): Object: 'Object Repository/Page_Swag Labs/input_Swag Labs_user-name' is clicked on

2023-05-12 18:28:35 - [MESSAGE][PASSED] - Object: 'Object Repository/Page_Swag Labs/input_Swag Labs_user-name' is clicked on

2023-05-12 18:28:35 - [TEST_STEP][PASSED] - sendKeys(findTestObject("Object Repository/Page_Swag Labs/input_Swag Labs_user-name"), "standard_user"): Keys 'standard_user' sent to object: 'Object Repository/Page_Swag Labs/input_Swag Labs_user-name'

2023-05-12 18:28:35 - [MESSAGE][PASSED] - Keys 'standard_user' sent to object: 'Object Repository/Page_Swag Labs/input_Swag Labs_user-name'

2023-05-12 18:28:35 - [TEST_STEP][PASSED] - click(findTestObject("Object Repository/Page_Swag Labs/input_Swag Labs_password")): Object: 'Object Repository/Page_Swag Labs/input_Swag Labs_password' is clicked on

2023-05-12 18:28:35 - [MESSAGE][PASSED] - Object: 'Object Repository/Page_Swag Labs/input_Swag Labs_password' is clicked on

2023-05-12 18:28:35 - [TEST_STEP][PASSED] - sendKeys(findTestObject("Object Repository/Page_Swag Labs/input_Swag Labs_password"), "secret_sauce"): Keys 'secret_sauce' sent to object: 'Object Repository/Page_Swag Labs/input_Swag Labs_password'

2023-05-12 18:28:36 - [MESSAGE][PASSED] - Keys 'secret_sauce' sent to object: 'Object Repository/Page_Swag Labs/input_Swag Labs_password'

2023-05-12 18:28:36 - [TEST_STEP][PASSED] - click(findTestObject("Object Repository/Page_Swag Labs/input_Swag Labs_login-button")): Object: 'Object Repository/Page_Swag Labs/input_Swag Labs_login-button' is clicked on

2023-05-12 18:28:36 - [MESSAGE][PASSED] - Object: 'Object Repository/Page_Swag Labs/input_Swag Labs_login-button' is clicked on

2023-05-12 18:28:36 - [TEST_STEP][PASSED] - click(findTestObject("Object Repository/inventoryPage/Backpack")): Object: 'Object Repository/inventoryPage/Backpack' is clicked on

2023-05-12 18:28:37 - [MESSAGE][PASSED] - Object: 'Object Repository/inventoryPage/Backpack' is clicked on

2023-05-12 18:28:37 - [TEST_STEP][PASSED] - click(findTestObject("Object Repository/inventoryPage/button_Add to cart")): Object: 'Object Repository/inventoryPage/button_Add to cart' is clicked on

2023-05-12 18:28:37 - [MESSAGE][PASSED] - Object: 'Object Repository/inventoryPage/button_Add to cart' is clicked on

2023-05-12 18:28:37 - [TEST_STEP][PASSED] - click(findTestObject("Object Repository/inventoryPage/products_back-image")): Object: 'Object Repository/inventoryPage/products_back-image' is clicked on

2023-05-12 18:28:38 - [MESSAGE][PASSED] - Object: 'Object Repository/inventoryPage/products_back-image' is clicked on

2023-05-12 18:28:38 - [TEST_STEP][PASSED] - click(findTestObject("Object Repository/inventoryPage/cart")): Object: 'Object Repository/inventoryPage/cart' is clicked on

2023-05-12 18:28:38 - [MESSAGE][PASSED] - Object: 'Object Repository/inventoryPage/cart' is clicked on

2023-05-12 18:28:38 - [TEST_STEP][PASSED] - click(findTestObject("Object Repository/CheckoutPage/button_Checkout")): Object: 'Object Repository/CheckoutPage/button_Checkout' is clicked on

2023-05-12 18:28:39 - [MESSAGE][PASSED] - Object: 'Object Repository/CheckoutPage/button_Checkout' is clicked on

2023-05-12 18:28:39 - [TEST_STEP][PASSED] - sendKeys(findTestObject("Object Repository/checkout-step-one/input_Checkout Your Information_firstName"), "demo"): Keys 'demo' sent to object: 'Object Repository/checkout-step-one/input_Checkout Your Information_firstName'

2023-05-12 18:28:39 - [MESSAGE][PASSED] - Keys 'demo' sent to object: 'Object Repository/checkout-step-one/input_Checkout Your Information_firstName'

2023-05-12 18:28:39 - [TEST_STEP][PASSED] - sendKeys(findTestObject("Object Repository/checkout-step-one/input_Checkout Your Information_lastName"), "qa test"): Keys 'qa test' sent to object: 'Object Repository/checkout-step-one/input_Checkout Your Information_lastName'

2023-05-12 18:28:40 - [MESSAGE][PASSED] - Keys 'qa test' sent to object: 'Object Repository/checkout-step-one/input_Checkout Your Information_lastName'

2023-05-12 18:28:40 - [TEST_STEP][PASSED] - sendKeys(findTestObject("Object Repository/checkout-step-one/input_Checkout Your Information_postalCode"), "9000"): Keys '9000' sent to object: 'Object Repository/checkout-step-one/input_Checkout Your Information_postalCode'

2023-05-12 18:28:40 - [MESSAGE][PASSED] - Keys '9000' sent to object: 'Object Repository/checkout-step-one/input_Checkout Your Information_postalCode'

2023-05-12 18:28:40 - [TEST_STEP][PASSED] - click(findTestObject("Object Repository/checkout-step-one/input_continue")): Object: 'Object Repository/checkout-step-one/input_continue' is clicked on

2023-05-12 18:28:41 - [MESSAGE][PASSED] - Object: 'Object Repository/checkout-step-one/input_continue' is clicked on

2023-05-12 18:28:41 - [TEST_STEP][PASSED] - click(findTestObject("Object Repository/finish checkout/button_Finish")): Object: 'Object Repository/finish checkout/button_Finish' is clicked on

2023-05-12 18:28:42 - [MESSAGE][PASSED] - Object: 'Object Repository/finish checkout/button_Finish' is clicked on

2023-05-12 18:28:42 - [TEST_STEP][PASSED] - verifyElementVisible(findTestObject("Object Repository/order-success/h2_Thank you for your order")): Object 'Object Repository/order-success/h2_Thank you for your order' is visible

2023-05-12 18:28:42 - [MESSAGE][PASSED] - Object 'Object Repository/order-success/h2_Thank you for your order' is visible

2023-05-12 18:28:42 - [TEST_STEP][PASSED] - click(findTestObject("Object Repository/NavSideBar/sidebar")): Object: 'Object Repository/NavSideBar/sidebar' is clicked on

2023-05-12 18:28:42 - [MESSAGE][PASSED] - Object: 'Object Repository/NavSideBar/sidebar' is clicked on

2023-05-12 18:28:42 - [TEST_STEP][PASSED] - click(findTestObject("Object Repository/NavSideBar/a_Logout")): Object: 'Object Repository/NavSideBar/a_Logout' is clicked on

2023-05-12 18:28:43 - [MESSAGE][PASSED] - Object: 'Object Repository/NavSideBar/a_Logout' is clicked on

2023-05-12 18:28:43 - [TEST_STEP][PASSED] - verifyElementVisible(findTestObject("Object Repository/Page_Swag Labs/input_Swag Labs_user-name")): Object 'Object Repository/Page_Swag Labs/input_Swag Labs_user-name' is visible

2023-05-12 18:28:43 - [MESSAGE][PASSED] - Object 'Object Repository/Page_Swag Labs/input_Swag Labs_user-name' is visible

2023-05-12 18:28:43 - [TEST_STEP][PASSED] - closeBrowser(): Browser is closed

2023-05-12 18:28:44 - [MESSAGE][PASSED] - Browser is closed]]></system-out>
         <system-err><![CDATA[]]></system-err>
      </testcase>
      <testcase name="Test Cases/test-flow-1-buy-1-product" time="11.966" classname="Test Cases/test-flow-1-buy-1-product" status="PASSED">
         <system-out><![CDATA[2023-05-12 18:28:44 - [TEST_CASE][PASSED] - Test Cases/test-flow-1-buy-1-product: Test Cases/test-flow-1-buy-1-product

2023-05-12 18:28:44 - [TEST_STEP][PASSED] - openBrowser("https://www.saucedemo.com/"): Browser is opened with url: 'https://www.saucedemo.com/'

2023-05-12 18:28:44 - [MESSAGE][INFO] - Starting 'Chrome' driver

2023-05-12 18:28:44 - [MESSAGE][INFO] - Action delay is set to 0 milliseconds

2023-05-12 18:28:46 - [MESSAGE][PASSED] - Browser is opened with url: 'https://www.saucedemo.com/'

2023-05-12 18:28:46 - [TEST_STEP][PASSED] - click(findTestObject("Object Repository/Page_Swag Labs/input_Swag Labs_user-name")): Object: 'Object Repository/Page_Swag Labs/input_Swag Labs_user-name' is clicked on

2023-05-12 18:28:47 - [MESSAGE][PASSED] - Object: 'Object Repository/Page_Swag Labs/input_Swag Labs_user-name' is clicked on

2023-05-12 18:28:47 - [TEST_STEP][PASSED] - sendKeys(findTestObject("Object Repository/Page_Swag Labs/input_Swag Labs_user-name"), "standard_user"): Keys 'standard_user' sent to object: 'Object Repository/Page_Swag Labs/input_Swag Labs_user-name'

2023-05-12 18:28:47 - [MESSAGE][PASSED] - Keys 'standard_user' sent to object: 'Object Repository/Page_Swag Labs/input_Swag Labs_user-name'

2023-05-12 18:28:47 - [TEST_STEP][PASSED] - click(findTestObject("Object Repository/Page_Swag Labs/input_Swag Labs_password")): Object: 'Object Repository/Page_Swag Labs/input_Swag Labs_password' is clicked on

2023-05-12 18:28:47 - [MESSAGE][PASSED] - Object: 'Object Repository/Page_Swag Labs/input_Swag Labs_password' is clicked on

2023-05-12 18:28:47 - [TEST_STEP][PASSED] - sendKeys(findTestObject("Object Repository/Page_Swag Labs/input_Swag Labs_password"), "secret_sauce"): Keys 'secret_sauce' sent to object: 'Object Repository/Page_Swag Labs/input_Swag Labs_password'

2023-05-12 18:28:48 - [MESSAGE][PASSED] - Keys 'secret_sauce' sent to object: 'Object Repository/Page_Swag Labs/input_Swag Labs_password'

2023-05-12 18:28:48 - [TEST_STEP][PASSED] - click(findTestObject("Object Repository/Page_Swag Labs/input_Swag Labs_login-button")): Object: 'Object Repository/Page_Swag Labs/input_Swag Labs_login-button' is clicked on

2023-05-12 18:28:48 - [MESSAGE][PASSED] - Object: 'Object Repository/Page_Swag Labs/input_Swag Labs_login-button' is clicked on

2023-05-12 18:28:48 - [TEST_STEP][PASSED] - click(findTestObject("Object Repository/inventoryPage/Backpack")): Object: 'Object Repository/inventoryPage/Backpack' is clicked on

2023-05-12 18:28:49 - [MESSAGE][PASSED] - Object: 'Object Repository/inventoryPage/Backpack' is clicked on

2023-05-12 18:28:49 - [TEST_STEP][PASSED] - click(findTestObject("Object Repository/inventoryPage/button_Add to cart")): Object: 'Object Repository/inventoryPage/button_Add to cart' is clicked on

2023-05-12 18:28:49 - [MESSAGE][PASSED] - Object: 'Object Repository/inventoryPage/button_Add to cart' is clicked on

2023-05-12 18:28:49 - [TEST_STEP][PASSED] - click(findTestObject("Object Repository/inventoryPage/products_back-image")): Object: 'Object Repository/inventoryPage/products_back-image' is clicked on

2023-05-12 18:28:50 - [MESSAGE][PASSED] - Object: 'Object Repository/inventoryPage/products_back-image' is clicked on

2023-05-12 18:28:50 - [TEST_STEP][PASSED] - click(findTestObject("Object Repository/inventoryPage/cart")): Object: 'Object Repository/inventoryPage/cart' is clicked on

2023-05-12 18:28:50 - [MESSAGE][PASSED] - Object: 'Object Repository/inventoryPage/cart' is clicked on

2023-05-12 18:28:50 - [TEST_STEP][PASSED] - click(findTestObject("Object Repository/CheckoutPage/button_Checkout")): Object: 'Object Repository/CheckoutPage/button_Checkout' is clicked on

2023-05-12 18:28:51 - [MESSAGE][PASSED] - Object: 'Object Repository/CheckoutPage/button_Checkout' is clicked on

2023-05-12 18:28:51 - [TEST_STEP][PASSED] - sendKeys(findTestObject("Object Repository/checkout-step-one/input_Checkout Your Information_firstName"), "demo"): Keys 'demo' sent to object: 'Object Repository/checkout-step-one/input_Checkout Your Information_firstName'

2023-05-12 18:28:51 - [MESSAGE][PASSED] - Keys 'demo' sent to object: 'Object Repository/checkout-step-one/input_Checkout Your Information_firstName'

2023-05-12 18:28:51 - [TEST_STEP][PASSED] - sendKeys(findTestObject("Object Repository/checkout-step-one/input_Checkout Your Information_lastName"), "qa test"): Keys 'qa test' sent to object: 'Object Repository/checkout-step-one/input_Checkout Your Information_lastName'

2023-05-12 18:28:52 - [MESSAGE][PASSED] - Keys 'qa test' sent to object: 'Object Repository/checkout-step-one/input_Checkout Your Information_lastName'

2023-05-12 18:28:52 - [TEST_STEP][PASSED] - sendKeys(findTestObject("Object Repository/checkout-step-one/input_Checkout Your Information_postalCode"), "9000"): Keys '9000' sent to object: 'Object Repository/checkout-step-one/input_Checkout Your Information_postalCode'

2023-05-12 18:28:52 - [MESSAGE][PASSED] - Keys '9000' sent to object: 'Object Repository/checkout-step-one/input_Checkout Your Information_postalCode'

2023-05-12 18:28:52 - [TEST_STEP][PASSED] - click(findTestObject("Object Repository/checkout-step-one/input_continue")): Object: 'Object Repository/checkout-step-one/input_continue' is clicked on

2023-05-12 18:28:53 - [MESSAGE][PASSED] - Object: 'Object Repository/checkout-step-one/input_continue' is clicked on

2023-05-12 18:28:53 - [TEST_STEP][PASSED] - click(findTestObject("Object Repository/finish checkout/button_Finish")): Object: 'Object Repository/finish checkout/button_Finish' is clicked on

2023-05-12 18:28:53 - [MESSAGE][PASSED] - Object: 'Object Repository/finish checkout/button_Finish' is clicked on

2023-05-12 18:28:53 - [TEST_STEP][PASSED] - verifyElementVisible(findTestObject("Object Repository/order-success/h2_Thank you for your order")): Object 'Object Repository/order-success/h2_Thank you for your order' is visible

2023-05-12 18:28:54 - [MESSAGE][PASSED] - Object 'Object Repository/order-success/h2_Thank you for your order' is visible

2023-05-12 18:28:54 - [TEST_STEP][PASSED] - click(findTestObject("Object Repository/NavSideBar/sidebar")): Object: 'Object Repository/NavSideBar/sidebar' is clicked on

2023-05-12 18:28:54 - [MESSAGE][PASSED] - Object: 'Object Repository/NavSideBar/sidebar' is clicked on

2023-05-12 18:28:54 - [TEST_STEP][PASSED] - click(findTestObject("Object Repository/NavSideBar/a_Logout")): Object: 'Object Repository/NavSideBar/a_Logout' is clicked on

2023-05-12 18:28:55 - [MESSAGE][PASSED] - Object: 'Object Repository/NavSideBar/a_Logout' is clicked on

2023-05-12 18:28:55 - [TEST_STEP][PASSED] - verifyElementVisible(findTestObject("Object Repository/Page_Swag Labs/input_Swag Labs_user-name")): Object 'Object Repository/Page_Swag Labs/input_Swag Labs_user-name' is visible

2023-05-12 18:28:55 - [MESSAGE][PASSED] - Object 'Object Repository/Page_Swag Labs/input_Swag Labs_user-name' is visible

2023-05-12 18:28:55 - [TEST_STEP][PASSED] - closeBrowser(): Browser is closed

2023-05-12 18:28:56 - [MESSAGE][PASSED] - Browser is closed]]></system-out>
         <system-err><![CDATA[]]></system-err>
      </testcase>
      <testcase name="Test Cases/test-flow-1-buy-1-product" time="12.441" classname="Test Cases/test-flow-1-buy-1-product" status="PASSED">
         <system-out><![CDATA[2023-05-12 18:28:56 - [TEST_CASE][PASSED] - Test Cases/test-flow-1-buy-1-product: Test Cases/test-flow-1-buy-1-product

2023-05-12 18:28:56 - [TEST_STEP][PASSED] - openBrowser("https://www.saucedemo.com/"): Browser is opened with url: 'https://www.saucedemo.com/'

2023-05-12 18:28:56 - [MESSAGE][INFO] - Starting 'Chrome' driver

2023-05-12 18:28:56 - [MESSAGE][INFO] - Action delay is set to 0 milliseconds

2023-05-12 18:28:59 - [MESSAGE][PASSED] - Browser is opened with url: 'https://www.saucedemo.com/'

2023-05-12 18:28:59 - [TEST_STEP][PASSED] - click(findTestObject("Object Repository/Page_Swag Labs/input_Swag Labs_user-name")): Object: 'Object Repository/Page_Swag Labs/input_Swag Labs_user-name' is clicked on

2023-05-12 18:28:59 - [MESSAGE][PASSED] - Object: 'Object Repository/Page_Swag Labs/input_Swag Labs_user-name' is clicked on

2023-05-12 18:28:59 - [TEST_STEP][PASSED] - sendKeys(findTestObject("Object Repository/Page_Swag Labs/input_Swag Labs_user-name"), "standard_user"): Keys 'standard_user' sent to object: 'Object Repository/Page_Swag Labs/input_Swag Labs_user-name'

2023-05-12 18:28:59 - [MESSAGE][PASSED] - Keys 'standard_user' sent to object: 'Object Repository/Page_Swag Labs/input_Swag Labs_user-name'

2023-05-12 18:28:59 - [TEST_STEP][PASSED] - click(findTestObject("Object Repository/Page_Swag Labs/input_Swag Labs_password")): Object: 'Object Repository/Page_Swag Labs/input_Swag Labs_password' is clicked on

2023-05-12 18:29:00 - [MESSAGE][PASSED] - Object: 'Object Repository/Page_Swag Labs/input_Swag Labs_password' is clicked on

2023-05-12 18:29:00 - [TEST_STEP][PASSED] - sendKeys(findTestObject("Object Repository/Page_Swag Labs/input_Swag Labs_password"), "secret_sauce"): Keys 'secret_sauce' sent to object: 'Object Repository/Page_Swag Labs/input_Swag Labs_password'

2023-05-12 18:29:00 - [MESSAGE][PASSED] - Keys 'secret_sauce' sent to object: 'Object Repository/Page_Swag Labs/input_Swag Labs_password'

2023-05-12 18:29:00 - [TEST_STEP][PASSED] - click(findTestObject("Object Repository/Page_Swag Labs/input_Swag Labs_login-button")): Object: 'Object Repository/Page_Swag Labs/input_Swag Labs_login-button' is clicked on

2023-05-12 18:29:00 - [MESSAGE][PASSED] - Object: 'Object Repository/Page_Swag Labs/input_Swag Labs_login-button' is clicked on

2023-05-12 18:29:00 - [TEST_STEP][PASSED] - click(findTestObject("Object Repository/inventoryPage/Backpack")): Object: 'Object Repository/inventoryPage/Backpack' is clicked on

2023-05-12 18:29:01 - [MESSAGE][PASSED] - Object: 'Object Repository/inventoryPage/Backpack' is clicked on

2023-05-12 18:29:01 - [TEST_STEP][PASSED] - click(findTestObject("Object Repository/inventoryPage/button_Add to cart")): Object: 'Object Repository/inventoryPage/button_Add to cart' is clicked on

2023-05-12 18:29:01 - [MESSAGE][PASSED] - Object: 'Object Repository/inventoryPage/button_Add to cart' is clicked on

2023-05-12 18:29:01 - [TEST_STEP][PASSED] - click(findTestObject("Object Repository/inventoryPage/products_back-image")): Object: 'Object Repository/inventoryPage/products_back-image' is clicked on

2023-05-12 18:29:02 - [MESSAGE][PASSED] - Object: 'Object Repository/inventoryPage/products_back-image' is clicked on

2023-05-12 18:29:02 - [TEST_STEP][PASSED] - click(findTestObject("Object Repository/inventoryPage/cart")): Object: 'Object Repository/inventoryPage/cart' is clicked on

2023-05-12 18:29:02 - [MESSAGE][PASSED] - Object: 'Object Repository/inventoryPage/cart' is clicked on

2023-05-12 18:29:02 - [TEST_STEP][PASSED] - click(findTestObject("Object Repository/CheckoutPage/button_Checkout")): Object: 'Object Repository/CheckoutPage/button_Checkout' is clicked on

2023-05-12 18:29:03 - [MESSAGE][PASSED] - Object: 'Object Repository/CheckoutPage/button_Checkout' is clicked on

2023-05-12 18:29:03 - [TEST_STEP][PASSED] - sendKeys(findTestObject("Object Repository/checkout-step-one/input_Checkout Your Information_firstName"), "demo"): Keys 'demo' sent to object: 'Object Repository/checkout-step-one/input_Checkout Your Information_firstName'

2023-05-12 18:29:04 - [MESSAGE][PASSED] - Keys 'demo' sent to object: 'Object Repository/checkout-step-one/input_Checkout Your Information_firstName'

2023-05-12 18:29:04 - [TEST_STEP][PASSED] - sendKeys(findTestObject("Object Repository/checkout-step-one/input_Checkout Your Information_lastName"), "qa test"): Keys 'qa test' sent to object: 'Object Repository/checkout-step-one/input_Checkout Your Information_lastName'

2023-05-12 18:29:04 - [MESSAGE][PASSED] - Keys 'qa test' sent to object: 'Object Repository/checkout-step-one/input_Checkout Your Information_lastName'

2023-05-12 18:29:04 - [TEST_STEP][PASSED] - sendKeys(findTestObject("Object Repository/checkout-step-one/input_Checkout Your Information_postalCode"), "9000"): Keys '9000' sent to object: 'Object Repository/checkout-step-one/input_Checkout Your Information_postalCode'

2023-05-12 18:29:05 - [MESSAGE][PASSED] - Keys '9000' sent to object: 'Object Repository/checkout-step-one/input_Checkout Your Information_postalCode'

2023-05-12 18:29:05 - [TEST_STEP][PASSED] - click(findTestObject("Object Repository/checkout-step-one/input_continue")): Object: 'Object Repository/checkout-step-one/input_continue' is clicked on

2023-05-12 18:29:05 - [MESSAGE][PASSED] - Object: 'Object Repository/checkout-step-one/input_continue' is clicked on

2023-05-12 18:29:05 - [TEST_STEP][PASSED] - click(findTestObject("Object Repository/finish checkout/button_Finish")): Object: 'Object Repository/finish checkout/button_Finish' is clicked on

2023-05-12 18:29:06 - [MESSAGE][PASSED] - Object: 'Object Repository/finish checkout/button_Finish' is clicked on

2023-05-12 18:29:06 - [TEST_STEP][PASSED] - verifyElementVisible(findTestObject("Object Repository/order-success/h2_Thank you for your order")): Object 'Object Repository/order-success/h2_Thank you for your order' is visible

2023-05-12 18:29:06 - [MESSAGE][PASSED] - Object 'Object Repository/order-success/h2_Thank you for your order' is visible

2023-05-12 18:29:06 - [TEST_STEP][PASSED] - click(findTestObject("Object Repository/NavSideBar/sidebar")): Object: 'Object Repository/NavSideBar/sidebar' is clicked on

2023-05-12 18:29:07 - [MESSAGE][PASSED] - Object: 'Object Repository/NavSideBar/sidebar' is clicked on

2023-05-12 18:29:07 - [TEST_STEP][PASSED] - click(findTestObject("Object Repository/NavSideBar/a_Logout")): Object: 'Object Repository/NavSideBar/a_Logout' is clicked on

2023-05-12 18:29:07 - [MESSAGE][PASSED] - Object: 'Object Repository/NavSideBar/a_Logout' is clicked on

2023-05-12 18:29:07 - [TEST_STEP][PASSED] - verifyElementVisible(findTestObject("Object Repository/Page_Swag Labs/input_Swag Labs_user-name")): Object 'Object Repository/Page_Swag Labs/input_Swag Labs_user-name' is visible

2023-05-12 18:29:08 - [MESSAGE][PASSED] - Object 'Object Repository/Page_Swag Labs/input_Swag Labs_user-name' is visible

2023-05-12 18:29:08 - [TEST_STEP][PASSED] - closeBrowser(): Browser is closed

2023-05-12 18:29:09 - [MESSAGE][PASSED] - Browser is closed]]></system-out>
         <system-err><![CDATA[]]></system-err>
      </testcase>
      <testcase name="Test Cases/test-flow-1-buy-1-product" time="11.798" classname="Test Cases/test-flow-1-buy-1-product" status="PASSED">
         <system-out><![CDATA[2023-05-12 18:29:09 - [TEST_CASE][PASSED] - Test Cases/test-flow-1-buy-1-product: Test Cases/test-flow-1-buy-1-product

2023-05-12 18:29:09 - [TEST_STEP][PASSED] - openBrowser("https://www.saucedemo.com/"): Browser is opened with url: 'https://www.saucedemo.com/'

2023-05-12 18:29:09 - [MESSAGE][INFO] - Starting 'Chrome' driver

2023-05-12 18:29:09 - [MESSAGE][INFO] - Action delay is set to 0 milliseconds

2023-05-12 18:29:11 - [MESSAGE][PASSED] - Browser is opened with url: 'https://www.saucedemo.com/'

2023-05-12 18:29:11 - [TEST_STEP][PASSED] - click(findTestObject("Object Repository/Page_Swag Labs/input_Swag Labs_user-name")): Object: 'Object Repository/Page_Swag Labs/input_Swag Labs_user-name' is clicked on

2023-05-12 18:29:11 - [MESSAGE][PASSED] - Object: 'Object Repository/Page_Swag Labs/input_Swag Labs_user-name' is clicked on

2023-05-12 18:29:11 - [TEST_STEP][PASSED] - sendKeys(findTestObject("Object Repository/Page_Swag Labs/input_Swag Labs_user-name"), "standard_user"): Keys 'standard_user' sent to object: 'Object Repository/Page_Swag Labs/input_Swag Labs_user-name'

2023-05-12 18:29:11 - [MESSAGE][PASSED] - Keys 'standard_user' sent to object: 'Object Repository/Page_Swag Labs/input_Swag Labs_user-name'

2023-05-12 18:29:11 - [TEST_STEP][PASSED] - click(findTestObject("Object Repository/Page_Swag Labs/input_Swag Labs_password")): Object: 'Object Repository/Page_Swag Labs/input_Swag Labs_password' is clicked on

2023-05-12 18:29:12 - [MESSAGE][PASSED] - Object: 'Object Repository/Page_Swag Labs/input_Swag Labs_password' is clicked on

2023-05-12 18:29:12 - [TEST_STEP][PASSED] - sendKeys(findTestObject("Object Repository/Page_Swag Labs/input_Swag Labs_password"), "secret_sauce"): Keys 'secret_sauce' sent to object: 'Object Repository/Page_Swag Labs/input_Swag Labs_password'

2023-05-12 18:29:12 - [MESSAGE][PASSED] - Keys 'secret_sauce' sent to object: 'Object Repository/Page_Swag Labs/input_Swag Labs_password'

2023-05-12 18:29:12 - [TEST_STEP][PASSED] - click(findTestObject("Object Repository/Page_Swag Labs/input_Swag Labs_login-button")): Object: 'Object Repository/Page_Swag Labs/input_Swag Labs_login-button' is clicked on

2023-05-12 18:29:12 - [MESSAGE][PASSED] - Object: 'Object Repository/Page_Swag Labs/input_Swag Labs_login-button' is clicked on

2023-05-12 18:29:12 - [TEST_STEP][PASSED] - click(findTestObject("Object Repository/inventoryPage/Backpack")): Object: 'Object Repository/inventoryPage/Backpack' is clicked on

2023-05-12 18:29:13 - [MESSAGE][PASSED] - Object: 'Object Repository/inventoryPage/Backpack' is clicked on

2023-05-12 18:29:13 - [TEST_STEP][PASSED] - click(findTestObject("Object Repository/inventoryPage/button_Add to cart")): Object: 'Object Repository/inventoryPage/button_Add to cart' is clicked on

2023-05-12 18:29:13 - [MESSAGE][PASSED] - Object: 'Object Repository/inventoryPage/button_Add to cart' is clicked on

2023-05-12 18:29:13 - [TEST_STEP][PASSED] - click(findTestObject("Object Repository/inventoryPage/products_back-image")): Object: 'Object Repository/inventoryPage/products_back-image' is clicked on

2023-05-12 18:29:14 - [MESSAGE][PASSED] - Object: 'Object Repository/inventoryPage/products_back-image' is clicked on

2023-05-12 18:29:14 - [TEST_STEP][PASSED] - click(findTestObject("Object Repository/inventoryPage/cart")): Object: 'Object Repository/inventoryPage/cart' is clicked on

2023-05-12 18:29:14 - [MESSAGE][PASSED] - Object: 'Object Repository/inventoryPage/cart' is clicked on

2023-05-12 18:29:14 - [TEST_STEP][PASSED] - click(findTestObject("Object Repository/CheckoutPage/button_Checkout")): Object: 'Object Repository/CheckoutPage/button_Checkout' is clicked on

2023-05-12 18:29:15 - [MESSAGE][PASSED] - Object: 'Object Repository/CheckoutPage/button_Checkout' is clicked on

2023-05-12 18:29:15 - [TEST_STEP][PASSED] - sendKeys(findTestObject("Object Repository/checkout-step-one/input_Checkout Your Information_firstName"), "demo"): Keys 'demo' sent to object: 'Object Repository/checkout-step-one/input_Checkout Your Information_firstName'

2023-05-12 18:29:16 - [MESSAGE][PASSED] - Keys 'demo' sent to object: 'Object Repository/checkout-step-one/input_Checkout Your Information_firstName'

2023-05-12 18:29:16 - [TEST_STEP][PASSED] - sendKeys(findTestObject("Object Repository/checkout-step-one/input_Checkout Your Information_lastName"), "qa test"): Keys 'qa test' sent to object: 'Object Repository/checkout-step-one/input_Checkout Your Information_lastName'

2023-05-12 18:29:16 - [MESSAGE][PASSED] - Keys 'qa test' sent to object: 'Object Repository/checkout-step-one/input_Checkout Your Information_lastName'

2023-05-12 18:29:16 - [TEST_STEP][PASSED] - sendKeys(findTestObject("Object Repository/checkout-step-one/input_Checkout Your Information_postalCode"), "9000"): Keys '9000' sent to object: 'Object Repository/checkout-step-one/input_Checkout Your Information_postalCode'

2023-05-12 18:29:17 - [MESSAGE][PASSED] - Keys '9000' sent to object: 'Object Repository/checkout-step-one/input_Checkout Your Information_postalCode'

2023-05-12 18:29:17 - [TEST_STEP][PASSED] - click(findTestObject("Object Repository/checkout-step-one/input_continue")): Object: 'Object Repository/checkout-step-one/input_continue' is clicked on

2023-05-12 18:29:17 - [MESSAGE][PASSED] - Object: 'Object Repository/checkout-step-one/input_continue' is clicked on

2023-05-12 18:29:17 - [TEST_STEP][PASSED] - click(findTestObject("Object Repository/finish checkout/button_Finish")): Object: 'Object Repository/finish checkout/button_Finish' is clicked on

2023-05-12 18:29:18 - [MESSAGE][PASSED] - Object: 'Object Repository/finish checkout/button_Finish' is clicked on

2023-05-12 18:29:18 - [TEST_STEP][PASSED] - verifyElementVisible(findTestObject("Object Repository/order-success/h2_Thank you for your order")): Object 'Object Repository/order-success/h2_Thank you for your order' is visible

2023-05-12 18:29:18 - [MESSAGE][PASSED] - Object 'Object Repository/order-success/h2_Thank you for your order' is visible

2023-05-12 18:29:18 - [TEST_STEP][PASSED] - click(findTestObject("Object Repository/NavSideBar/sidebar")): Object: 'Object Repository/NavSideBar/sidebar' is clicked on

2023-05-12 18:29:19 - [MESSAGE][PASSED] - Object: 'Object Repository/NavSideBar/sidebar' is clicked on

2023-05-12 18:29:19 - [TEST_STEP][PASSED] - click(findTestObject("Object Repository/NavSideBar/a_Logout")): Object: 'Object Repository/NavSideBar/a_Logout' is clicked on

2023-05-12 18:29:19 - [MESSAGE][PASSED] - Object: 'Object Repository/NavSideBar/a_Logout' is clicked on

2023-05-12 18:29:19 - [TEST_STEP][PASSED] - verifyElementVisible(findTestObject("Object Repository/Page_Swag Labs/input_Swag Labs_user-name")): Object 'Object Repository/Page_Swag Labs/input_Swag Labs_user-name' is visible

2023-05-12 18:29:20 - [MESSAGE][PASSED] - Object 'Object Repository/Page_Swag Labs/input_Swag Labs_user-name' is visible

2023-05-12 18:29:20 - [TEST_STEP][PASSED] - closeBrowser(): Browser is closed

2023-05-12 18:29:20 - [MESSAGE][PASSED] - Browser is closed]]></system-out>
         <system-err><![CDATA[]]></system-err>
      </testcase>
      <testcase name="Test Cases/test-flow-1-buy-1-product" time="11.97" classname="Test Cases/test-flow-1-buy-1-product" status="PASSED">
         <system-out><![CDATA[2023-05-12 18:29:20 - [TEST_CASE][PASSED] - Test Cases/test-flow-1-buy-1-product: Test Cases/test-flow-1-buy-1-product

2023-05-12 18:29:20 - [TEST_STEP][PASSED] - openBrowser("https://www.saucedemo.com/"): Browser is opened with url: 'https://www.saucedemo.com/'

2023-05-12 18:29:20 - [MESSAGE][INFO] - Starting 'Chrome' driver

2023-05-12 18:29:20 - [MESSAGE][INFO] - Action delay is set to 0 milliseconds

2023-05-12 18:29:22 - [MESSAGE][PASSED] - Browser is opened with url: 'https://www.saucedemo.com/'

2023-05-12 18:29:22 - [TEST_STEP][PASSED] - click(findTestObject("Object Repository/Page_Swag Labs/input_Swag Labs_user-name")): Object: 'Object Repository/Page_Swag Labs/input_Swag Labs_user-name' is clicked on

2023-05-12 18:29:23 - [MESSAGE][PASSED] - Object: 'Object Repository/Page_Swag Labs/input_Swag Labs_user-name' is clicked on

2023-05-12 18:29:23 - [TEST_STEP][PASSED] - sendKeys(findTestObject("Object Repository/Page_Swag Labs/input_Swag Labs_user-name"), "standard_user"): Keys 'standard_user' sent to object: 'Object Repository/Page_Swag Labs/input_Swag Labs_user-name'

2023-05-12 18:29:23 - [MESSAGE][PASSED] - Keys 'standard_user' sent to object: 'Object Repository/Page_Swag Labs/input_Swag Labs_user-name'

2023-05-12 18:29:23 - [TEST_STEP][PASSED] - click(findTestObject("Object Repository/Page_Swag Labs/input_Swag Labs_password")): Object: 'Object Repository/Page_Swag Labs/input_Swag Labs_password' is clicked on

2023-05-12 18:29:23 - [MESSAGE][PASSED] - Object: 'Object Repository/Page_Swag Labs/input_Swag Labs_password' is clicked on

2023-05-12 18:29:23 - [TEST_STEP][PASSED] - sendKeys(findTestObject("Object Repository/Page_Swag Labs/input_Swag Labs_password"), "secret_sauce"): Keys 'secret_sauce' sent to object: 'Object Repository/Page_Swag Labs/input_Swag Labs_password'

2023-05-12 18:29:24 - [MESSAGE][PASSED] - Keys 'secret_sauce' sent to object: 'Object Repository/Page_Swag Labs/input_Swag Labs_password'

2023-05-12 18:29:24 - [TEST_STEP][PASSED] - click(findTestObject("Object Repository/Page_Swag Labs/input_Swag Labs_login-button")): Object: 'Object Repository/Page_Swag Labs/input_Swag Labs_login-button' is clicked on

2023-05-12 18:29:24 - [MESSAGE][PASSED] - Object: 'Object Repository/Page_Swag Labs/input_Swag Labs_login-button' is clicked on

2023-05-12 18:29:24 - [TEST_STEP][PASSED] - click(findTestObject("Object Repository/inventoryPage/Backpack")): Object: 'Object Repository/inventoryPage/Backpack' is clicked on

2023-05-12 18:29:25 - [MESSAGE][PASSED] - Object: 'Object Repository/inventoryPage/Backpack' is clicked on

2023-05-12 18:29:25 - [TEST_STEP][PASSED] - click(findTestObject("Object Repository/inventoryPage/button_Add to cart")): Object: 'Object Repository/inventoryPage/button_Add to cart' is clicked on

2023-05-12 18:29:25 - [MESSAGE][PASSED] - Object: 'Object Repository/inventoryPage/button_Add to cart' is clicked on

2023-05-12 18:29:25 - [TEST_STEP][PASSED] - click(findTestObject("Object Repository/inventoryPage/products_back-image")): Object: 'Object Repository/inventoryPage/products_back-image' is clicked on

2023-05-12 18:29:26 - [MESSAGE][PASSED] - Object: 'Object Repository/inventoryPage/products_back-image' is clicked on

2023-05-12 18:29:26 - [TEST_STEP][PASSED] - click(findTestObject("Object Repository/inventoryPage/cart")): Object: 'Object Repository/inventoryPage/cart' is clicked on

2023-05-12 18:29:26 - [MESSAGE][PASSED] - Object: 'Object Repository/inventoryPage/cart' is clicked on

2023-05-12 18:29:26 - [TEST_STEP][PASSED] - click(findTestObject("Object Repository/CheckoutPage/button_Checkout")): Object: 'Object Repository/CheckoutPage/button_Checkout' is clicked on

2023-05-12 18:29:27 - [MESSAGE][PASSED] - Object: 'Object Repository/CheckoutPage/button_Checkout' is clicked on

2023-05-12 18:29:27 - [TEST_STEP][PASSED] - sendKeys(findTestObject("Object Repository/checkout-step-one/input_Checkout Your Information_firstName"), "demo"): Keys 'demo' sent to object: 'Object Repository/checkout-step-one/input_Checkout Your Information_firstName'

2023-05-12 18:29:27 - [MESSAGE][PASSED] - Keys 'demo' sent to object: 'Object Repository/checkout-step-one/input_Checkout Your Information_firstName'

2023-05-12 18:29:27 - [TEST_STEP][PASSED] - sendKeys(findTestObject("Object Repository/checkout-step-one/input_Checkout Your Information_lastName"), "qa test"): Keys 'qa test' sent to object: 'Object Repository/checkout-step-one/input_Checkout Your Information_lastName'

2023-05-12 18:29:28 - [MESSAGE][PASSED] - Keys 'qa test' sent to object: 'Object Repository/checkout-step-one/input_Checkout Your Information_lastName'

2023-05-12 18:29:28 - [TEST_STEP][PASSED] - sendKeys(findTestObject("Object Repository/checkout-step-one/input_Checkout Your Information_postalCode"), "9000"): Keys '9000' sent to object: 'Object Repository/checkout-step-one/input_Checkout Your Information_postalCode'

2023-05-12 18:29:28 - [MESSAGE][PASSED] - Keys '9000' sent to object: 'Object Repository/checkout-step-one/input_Checkout Your Information_postalCode'

2023-05-12 18:29:28 - [TEST_STEP][PASSED] - click(findTestObject("Object Repository/checkout-step-one/input_continue")): Object: 'Object Repository/checkout-step-one/input_continue' is clicked on

2023-05-12 18:29:29 - [MESSAGE][PASSED] - Object: 'Object Repository/checkout-step-one/input_continue' is clicked on

2023-05-12 18:29:29 - [TEST_STEP][PASSED] - click(findTestObject("Object Repository/finish checkout/button_Finish")): Object: 'Object Repository/finish checkout/button_Finish' is clicked on

2023-05-12 18:29:30 - [MESSAGE][PASSED] - Object: 'Object Repository/finish checkout/button_Finish' is clicked on

2023-05-12 18:29:30 - [TEST_STEP][PASSED] - verifyElementVisible(findTestObject("Object Repository/order-success/h2_Thank you for your order")): Object 'Object Repository/order-success/h2_Thank you for your order' is visible

2023-05-12 18:29:30 - [MESSAGE][PASSED] - Object 'Object Repository/order-success/h2_Thank you for your order' is visible

2023-05-12 18:29:30 - [TEST_STEP][PASSED] - click(findTestObject("Object Repository/NavSideBar/sidebar")): Object: 'Object Repository/NavSideBar/sidebar' is clicked on

2023-05-12 18:29:31 - [MESSAGE][PASSED] - Object: 'Object Repository/NavSideBar/sidebar' is clicked on

2023-05-12 18:29:31 - [TEST_STEP][PASSED] - click(findTestObject("Object Repository/NavSideBar/a_Logout")): Object: 'Object Repository/NavSideBar/a_Logout' is clicked on

2023-05-12 18:29:31 - [MESSAGE][PASSED] - Object: 'Object Repository/NavSideBar/a_Logout' is clicked on

2023-05-12 18:29:31 - [TEST_STEP][PASSED] - verifyElementVisible(findTestObject("Object Repository/Page_Swag Labs/input_Swag Labs_user-name")): Object 'Object Repository/Page_Swag Labs/input_Swag Labs_user-name' is visible

2023-05-12 18:29:32 - [MESSAGE][PASSED] - Object 'Object Repository/Page_Swag Labs/input_Swag Labs_user-name' is visible

2023-05-12 18:29:32 - [TEST_STEP][PASSED] - closeBrowser(): Browser is closed

2023-05-12 18:29:32 - [MESSAGE][PASSED] - Browser is closed]]></system-out>
         <system-err><![CDATA[]]></system-err>
      </testcase>
      <testcase name="Test Cases/test-flow-1-buy-1-product" time="11.953" classname="Test Cases/test-flow-1-buy-1-product" status="PASSED">
         <system-out><![CDATA[2023-05-12 18:29:32 - [TEST_CASE][PASSED] - Test Cases/test-flow-1-buy-1-product: Test Cases/test-flow-1-buy-1-product

2023-05-12 18:29:32 - [TEST_STEP][PASSED] - openBrowser("https://www.saucedemo.com/"): Browser is opened with url: 'https://www.saucedemo.com/'

2023-05-12 18:29:32 - [MESSAGE][INFO] - Starting 'Chrome' driver

2023-05-12 18:29:32 - [MESSAGE][INFO] - Action delay is set to 0 milliseconds

2023-05-12 18:29:34 - [MESSAGE][PASSED] - Browser is opened with url: 'https://www.saucedemo.com/'

2023-05-12 18:29:34 - [TEST_STEP][PASSED] - click(findTestObject("Object Repository/Page_Swag Labs/input_Swag Labs_user-name")): Object: 'Object Repository/Page_Swag Labs/input_Swag Labs_user-name' is clicked on

2023-05-12 18:29:35 - [MESSAGE][PASSED] - Object: 'Object Repository/Page_Swag Labs/input_Swag Labs_user-name' is clicked on

2023-05-12 18:29:35 - [TEST_STEP][PASSED] - sendKeys(findTestObject("Object Repository/Page_Swag Labs/input_Swag Labs_user-name"), "standard_user"): Keys 'standard_user' sent to object: 'Object Repository/Page_Swag Labs/input_Swag Labs_user-name'

2023-05-12 18:29:35 - [MESSAGE][PASSED] - Keys 'standard_user' sent to object: 'Object Repository/Page_Swag Labs/input_Swag Labs_user-name'

2023-05-12 18:29:35 - [TEST_STEP][PASSED] - click(findTestObject("Object Repository/Page_Swag Labs/input_Swag Labs_password")): Object: 'Object Repository/Page_Swag Labs/input_Swag Labs_password' is clicked on

2023-05-12 18:29:35 - [MESSAGE][PASSED] - Object: 'Object Repository/Page_Swag Labs/input_Swag Labs_password' is clicked on

2023-05-12 18:29:35 - [TEST_STEP][PASSED] - sendKeys(findTestObject("Object Repository/Page_Swag Labs/input_Swag Labs_password"), "secret_sauce"): Keys 'secret_sauce' sent to object: 'Object Repository/Page_Swag Labs/input_Swag Labs_password'

2023-05-12 18:29:36 - [MESSAGE][PASSED] - Keys 'secret_sauce' sent to object: 'Object Repository/Page_Swag Labs/input_Swag Labs_password'

2023-05-12 18:29:36 - [TEST_STEP][PASSED] - click(findTestObject("Object Repository/Page_Swag Labs/input_Swag Labs_login-button")): Object: 'Object Repository/Page_Swag Labs/input_Swag Labs_login-button' is clicked on

2023-05-12 18:29:36 - [MESSAGE][PASSED] - Object: 'Object Repository/Page_Swag Labs/input_Swag Labs_login-button' is clicked on

2023-05-12 18:29:36 - [TEST_STEP][PASSED] - click(findTestObject("Object Repository/inventoryPage/Backpack")): Object: 'Object Repository/inventoryPage/Backpack' is clicked on

2023-05-12 18:29:37 - [MESSAGE][PASSED] - Object: 'Object Repository/inventoryPage/Backpack' is clicked on

2023-05-12 18:29:37 - [TEST_STEP][PASSED] - click(findTestObject("Object Repository/inventoryPage/button_Add to cart")): Object: 'Object Repository/inventoryPage/button_Add to cart' is clicked on

2023-05-12 18:29:37 - [MESSAGE][PASSED] - Object: 'Object Repository/inventoryPage/button_Add to cart' is clicked on

2023-05-12 18:29:37 - [TEST_STEP][PASSED] - click(findTestObject("Object Repository/inventoryPage/products_back-image")): Object: 'Object Repository/inventoryPage/products_back-image' is clicked on

2023-05-12 18:29:38 - [MESSAGE][PASSED] - Object: 'Object Repository/inventoryPage/products_back-image' is clicked on

2023-05-12 18:29:38 - [TEST_STEP][PASSED] - click(findTestObject("Object Repository/inventoryPage/cart")): Object: 'Object Repository/inventoryPage/cart' is clicked on

2023-05-12 18:29:38 - [MESSAGE][PASSED] - Object: 'Object Repository/inventoryPage/cart' is clicked on

2023-05-12 18:29:38 - [TEST_STEP][PASSED] - click(findTestObject("Object Repository/CheckoutPage/button_Checkout")): Object: 'Object Repository/CheckoutPage/button_Checkout' is clicked on

2023-05-12 18:29:39 - [MESSAGE][PASSED] - Object: 'Object Repository/CheckoutPage/button_Checkout' is clicked on

2023-05-12 18:29:39 - [TEST_STEP][PASSED] - sendKeys(findTestObject("Object Repository/checkout-step-one/input_Checkout Your Information_firstName"), "demo"): Keys 'demo' sent to object: 'Object Repository/checkout-step-one/input_Checkout Your Information_firstName'

2023-05-12 18:29:39 - [MESSAGE][PASSED] - Keys 'demo' sent to object: 'Object Repository/checkout-step-one/input_Checkout Your Information_firstName'

2023-05-12 18:29:39 - [TEST_STEP][PASSED] - sendKeys(findTestObject("Object Repository/checkout-step-one/input_Checkout Your Information_lastName"), "qa test"): Keys 'qa test' sent to object: 'Object Repository/checkout-step-one/input_Checkout Your Information_lastName'

2023-05-12 18:29:40 - [MESSAGE][PASSED] - Keys 'qa test' sent to object: 'Object Repository/checkout-step-one/input_Checkout Your Information_lastName'

2023-05-12 18:29:40 - [TEST_STEP][PASSED] - sendKeys(findTestObject("Object Repository/checkout-step-one/input_Checkout Your Information_postalCode"), "9000"): Keys '9000' sent to object: 'Object Repository/checkout-step-one/input_Checkout Your Information_postalCode'

2023-05-12 18:29:40 - [MESSAGE][PASSED] - Keys '9000' sent to object: 'Object Repository/checkout-step-one/input_Checkout Your Information_postalCode'

2023-05-12 18:29:40 - [TEST_STEP][PASSED] - click(findTestObject("Object Repository/checkout-step-one/input_continue")): Object: 'Object Repository/checkout-step-one/input_continue' is clicked on

2023-05-12 18:29:41 - [MESSAGE][PASSED] - Object: 'Object Repository/checkout-step-one/input_continue' is clicked on

2023-05-12 18:29:41 - [TEST_STEP][PASSED] - click(findTestObject("Object Repository/finish checkout/button_Finish")): Object: 'Object Repository/finish checkout/button_Finish' is clicked on

2023-05-12 18:29:42 - [MESSAGE][PASSED] - Object: 'Object Repository/finish checkout/button_Finish' is clicked on

2023-05-12 18:29:42 - [TEST_STEP][PASSED] - verifyElementVisible(findTestObject("Object Repository/order-success/h2_Thank you for your order")): Object 'Object Repository/order-success/h2_Thank you for your order' is visible

2023-05-12 18:29:42 - [MESSAGE][PASSED] - Object 'Object Repository/order-success/h2_Thank you for your order' is visible

2023-05-12 18:29:42 - [TEST_STEP][PASSED] - click(findTestObject("Object Repository/NavSideBar/sidebar")): Object: 'Object Repository/NavSideBar/sidebar' is clicked on

2023-05-12 18:29:43 - [MESSAGE][PASSED] - Object: 'Object Repository/NavSideBar/sidebar' is clicked on

2023-05-12 18:29:43 - [TEST_STEP][PASSED] - click(findTestObject("Object Repository/NavSideBar/a_Logout")): Object: 'Object Repository/NavSideBar/a_Logout' is clicked on

2023-05-12 18:29:43 - [MESSAGE][PASSED] - Object: 'Object Repository/NavSideBar/a_Logout' is clicked on

2023-05-12 18:29:43 - [TEST_STEP][PASSED] - verifyElementVisible(findTestObject("Object Repository/Page_Swag Labs/input_Swag Labs_user-name")): Object 'Object Repository/Page_Swag Labs/input_Swag Labs_user-name' is visible

2023-05-12 18:29:44 - [MESSAGE][PASSED] - Object 'Object Repository/Page_Swag Labs/input_Swag Labs_user-name' is visible

2023-05-12 18:29:44 - [TEST_STEP][PASSED] - closeBrowser(): Browser is closed

2023-05-12 18:29:44 - [MESSAGE][PASSED] - Browser is closed]]></system-out>
         <system-err><![CDATA[]]></system-err>
      </testcase>
      <testcase name="Test Cases/test-flow-1-buy-1-product" time="12.08" classname="Test Cases/test-flow-1-buy-1-product" status="PASSED">
         <system-out><![CDATA[2023-05-12 18:29:44 - [TEST_CASE][PASSED] - Test Cases/test-flow-1-buy-1-product: Test Cases/test-flow-1-buy-1-product

2023-05-12 18:29:44 - [TEST_STEP][PASSED] - openBrowser("https://www.saucedemo.com/"): Browser is opened with url: 'https://www.saucedemo.com/'

2023-05-12 18:29:44 - [MESSAGE][INFO] - Starting 'Chrome' driver

2023-05-12 18:29:44 - [MESSAGE][INFO] - Action delay is set to 0 milliseconds

2023-05-12 18:29:47 - [MESSAGE][PASSED] - Browser is opened with url: 'https://www.saucedemo.com/'

2023-05-12 18:29:47 - [TEST_STEP][PASSED] - click(findTestObject("Object Repository/Page_Swag Labs/input_Swag Labs_user-name")): Object: 'Object Repository/Page_Swag Labs/input_Swag Labs_user-name' is clicked on

2023-05-12 18:29:47 - [MESSAGE][PASSED] - Object: 'Object Repository/Page_Swag Labs/input_Swag Labs_user-name' is clicked on

2023-05-12 18:29:47 - [TEST_STEP][PASSED] - sendKeys(findTestObject("Object Repository/Page_Swag Labs/input_Swag Labs_user-name"), "standard_user"): Keys 'standard_user' sent to object: 'Object Repository/Page_Swag Labs/input_Swag Labs_user-name'

2023-05-12 18:29:47 - [MESSAGE][PASSED] - Keys 'standard_user' sent to object: 'Object Repository/Page_Swag Labs/input_Swag Labs_user-name'

2023-05-12 18:29:47 - [TEST_STEP][PASSED] - click(findTestObject("Object Repository/Page_Swag Labs/input_Swag Labs_password")): Object: 'Object Repository/Page_Swag Labs/input_Swag Labs_password' is clicked on

2023-05-12 18:29:48 - [MESSAGE][PASSED] - Object: 'Object Repository/Page_Swag Labs/input_Swag Labs_password' is clicked on

2023-05-12 18:29:48 - [TEST_STEP][PASSED] - sendKeys(findTestObject("Object Repository/Page_Swag Labs/input_Swag Labs_password"), "secret_sauce"): Keys 'secret_sauce' sent to object: 'Object Repository/Page_Swag Labs/input_Swag Labs_password'

2023-05-12 18:29:48 - [MESSAGE][PASSED] - Keys 'secret_sauce' sent to object: 'Object Repository/Page_Swag Labs/input_Swag Labs_password'

2023-05-12 18:29:48 - [TEST_STEP][PASSED] - click(findTestObject("Object Repository/Page_Swag Labs/input_Swag Labs_login-button")): Object: 'Object Repository/Page_Swag Labs/input_Swag Labs_login-button' is clicked on

2023-05-12 18:29:48 - [MESSAGE][PASSED] - Object: 'Object Repository/Page_Swag Labs/input_Swag Labs_login-button' is clicked on

2023-05-12 18:29:48 - [TEST_STEP][PASSED] - click(findTestObject("Object Repository/inventoryPage/Backpack")): Object: 'Object Repository/inventoryPage/Backpack' is clicked on

2023-05-12 18:29:49 - [MESSAGE][PASSED] - Object: 'Object Repository/inventoryPage/Backpack' is clicked on

2023-05-12 18:29:49 - [TEST_STEP][PASSED] - click(findTestObject("Object Repository/inventoryPage/button_Add to cart")): Object: 'Object Repository/inventoryPage/button_Add to cart' is clicked on

2023-05-12 18:29:49 - [MESSAGE][PASSED] - Object: 'Object Repository/inventoryPage/button_Add to cart' is clicked on

2023-05-12 18:29:49 - [TEST_STEP][PASSED] - click(findTestObject("Object Repository/inventoryPage/products_back-image")): Object: 'Object Repository/inventoryPage/products_back-image' is clicked on

2023-05-12 18:29:50 - [MESSAGE][PASSED] - Object: 'Object Repository/inventoryPage/products_back-image' is clicked on

2023-05-12 18:29:50 - [TEST_STEP][PASSED] - click(findTestObject("Object Repository/inventoryPage/cart")): Object: 'Object Repository/inventoryPage/cart' is clicked on

2023-05-12 18:29:50 - [MESSAGE][PASSED] - Object: 'Object Repository/inventoryPage/cart' is clicked on

2023-05-12 18:29:50 - [TEST_STEP][PASSED] - click(findTestObject("Object Repository/CheckoutPage/button_Checkout")): Object: 'Object Repository/CheckoutPage/button_Checkout' is clicked on

2023-05-12 18:29:51 - [MESSAGE][PASSED] - Object: 'Object Repository/CheckoutPage/button_Checkout' is clicked on

2023-05-12 18:29:51 - [TEST_STEP][PASSED] - sendKeys(findTestObject("Object Repository/checkout-step-one/input_Checkout Your Information_firstName"), "demo"): Keys 'demo' sent to object: 'Object Repository/checkout-step-one/input_Checkout Your Information_firstName'

2023-05-12 18:29:51 - [MESSAGE][PASSED] - Keys 'demo' sent to object: 'Object Repository/checkout-step-one/input_Checkout Your Information_firstName'

2023-05-12 18:29:51 - [TEST_STEP][PASSED] - sendKeys(findTestObject("Object Repository/checkout-step-one/input_Checkout Your Information_lastName"), "qa test"): Keys 'qa test' sent to object: 'Object Repository/checkout-step-one/input_Checkout Your Information_lastName'

2023-05-12 18:29:52 - [MESSAGE][PASSED] - Keys 'qa test' sent to object: 'Object Repository/checkout-step-one/input_Checkout Your Information_lastName'

2023-05-12 18:29:52 - [TEST_STEP][PASSED] - sendKeys(findTestObject("Object Repository/checkout-step-one/input_Checkout Your Information_postalCode"), "9000"): Keys '9000' sent to object: 'Object Repository/checkout-step-one/input_Checkout Your Information_postalCode'

2023-05-12 18:29:53 - [MESSAGE][PASSED] - Keys '9000' sent to object: 'Object Repository/checkout-step-one/input_Checkout Your Information_postalCode'

2023-05-12 18:29:53 - [TEST_STEP][PASSED] - click(findTestObject("Object Repository/checkout-step-one/input_continue")): Object: 'Object Repository/checkout-step-one/input_continue' is clicked on

2023-05-12 18:29:53 - [MESSAGE][PASSED] - Object: 'Object Repository/checkout-step-one/input_continue' is clicked on

2023-05-12 18:29:53 - [TEST_STEP][PASSED] - click(findTestObject("Object Repository/finish checkout/button_Finish")): Object: 'Object Repository/finish checkout/button_Finish' is clicked on

2023-05-12 18:29:54 - [MESSAGE][PASSED] - Object: 'Object Repository/finish checkout/button_Finish' is clicked on

2023-05-12 18:29:54 - [TEST_STEP][PASSED] - verifyElementVisible(findTestObject("Object Repository/order-success/h2_Thank you for your order")): Object 'Object Repository/order-success/h2_Thank you for your order' is visible

2023-05-12 18:29:54 - [MESSAGE][PASSED] - Object 'Object Repository/order-success/h2_Thank you for your order' is visible

2023-05-12 18:29:54 - [TEST_STEP][PASSED] - click(findTestObject("Object Repository/NavSideBar/sidebar")): Object: 'Object Repository/NavSideBar/sidebar' is clicked on

2023-05-12 18:29:55 - [MESSAGE][PASSED] - Object: 'Object Repository/NavSideBar/sidebar' is clicked on

2023-05-12 18:29:55 - [TEST_STEP][PASSED] - click(findTestObject("Object Repository/NavSideBar/a_Logout")): Object: 'Object Repository/NavSideBar/a_Logout' is clicked on

2023-05-12 18:29:55 - [MESSAGE][PASSED] - Object: 'Object Repository/NavSideBar/a_Logout' is clicked on

2023-05-12 18:29:55 - [TEST_STEP][PASSED] - verifyElementVisible(findTestObject("Object Repository/Page_Swag Labs/input_Swag Labs_user-name")): Object 'Object Repository/Page_Swag Labs/input_Swag Labs_user-name' is visible

2023-05-12 18:29:56 - [MESSAGE][PASSED] - Object 'Object Repository/Page_Swag Labs/input_Swag Labs_user-name' is visible

2023-05-12 18:29:56 - [TEST_STEP][PASSED] - closeBrowser(): Browser is closed

2023-05-12 18:29:56 - [MESSAGE][PASSED] - Browser is closed]]></system-out>
         <system-err><![CDATA[]]></system-err>
      </testcase>
      <testcase name="Test Cases/test-flow-1-buy-1-product" time="12.318" classname="Test Cases/test-flow-1-buy-1-product" status="PASSED">
         <system-out><![CDATA[2023-05-12 18:29:56 - [TEST_CASE][PASSED] - Test Cases/test-flow-1-buy-1-product: Test Cases/test-flow-1-buy-1-product

2023-05-12 18:29:56 - [TEST_STEP][PASSED] - openBrowser("https://www.saucedemo.com/"): Browser is opened with url: 'https://www.saucedemo.com/'

2023-05-12 18:29:56 - [MESSAGE][INFO] - Starting 'Chrome' driver

2023-05-12 18:29:56 - [MESSAGE][INFO] - Action delay is set to 0 milliseconds

2023-05-12 18:29:59 - [MESSAGE][PASSED] - Browser is opened with url: 'https://www.saucedemo.com/'

2023-05-12 18:29:59 - [TEST_STEP][PASSED] - click(findTestObject("Object Repository/Page_Swag Labs/input_Swag Labs_user-name")): Object: 'Object Repository/Page_Swag Labs/input_Swag Labs_user-name' is clicked on

2023-05-12 18:29:59 - [MESSAGE][PASSED] - Object: 'Object Repository/Page_Swag Labs/input_Swag Labs_user-name' is clicked on

2023-05-12 18:29:59 - [TEST_STEP][PASSED] - sendKeys(findTestObject("Object Repository/Page_Swag Labs/input_Swag Labs_user-name"), "standard_user"): Keys 'standard_user' sent to object: 'Object Repository/Page_Swag Labs/input_Swag Labs_user-name'

2023-05-12 18:29:59 - [MESSAGE][PASSED] - Keys 'standard_user' sent to object: 'Object Repository/Page_Swag Labs/input_Swag Labs_user-name'

2023-05-12 18:29:59 - [TEST_STEP][PASSED] - click(findTestObject("Object Repository/Page_Swag Labs/input_Swag Labs_password")): Object: 'Object Repository/Page_Swag Labs/input_Swag Labs_password' is clicked on

2023-05-12 18:30:00 - [MESSAGE][PASSED] - Object: 'Object Repository/Page_Swag Labs/input_Swag Labs_password' is clicked on

2023-05-12 18:30:00 - [TEST_STEP][PASSED] - sendKeys(findTestObject("Object Repository/Page_Swag Labs/input_Swag Labs_password"), "secret_sauce"): Keys 'secret_sauce' sent to object: 'Object Repository/Page_Swag Labs/input_Swag Labs_password'

2023-05-12 18:30:00 - [MESSAGE][PASSED] - Keys 'secret_sauce' sent to object: 'Object Repository/Page_Swag Labs/input_Swag Labs_password'

2023-05-12 18:30:00 - [TEST_STEP][PASSED] - click(findTestObject("Object Repository/Page_Swag Labs/input_Swag Labs_login-button")): Object: 'Object Repository/Page_Swag Labs/input_Swag Labs_login-button' is clicked on

2023-05-12 18:30:00 - [MESSAGE][PASSED] - Object: 'Object Repository/Page_Swag Labs/input_Swag Labs_login-button' is clicked on

2023-05-12 18:30:00 - [TEST_STEP][PASSED] - click(findTestObject("Object Repository/inventoryPage/Backpack")): Object: 'Object Repository/inventoryPage/Backpack' is clicked on

2023-05-12 18:30:01 - [MESSAGE][PASSED] - Object: 'Object Repository/inventoryPage/Backpack' is clicked on

2023-05-12 18:30:01 - [TEST_STEP][PASSED] - click(findTestObject("Object Repository/inventoryPage/button_Add to cart")): Object: 'Object Repository/inventoryPage/button_Add to cart' is clicked on

2023-05-12 18:30:02 - [MESSAGE][PASSED] - Object: 'Object Repository/inventoryPage/button_Add to cart' is clicked on

2023-05-12 18:30:02 - [TEST_STEP][PASSED] - click(findTestObject("Object Repository/inventoryPage/products_back-image")): Object: 'Object Repository/inventoryPage/products_back-image' is clicked on

2023-05-12 18:30:02 - [MESSAGE][PASSED] - Object: 'Object Repository/inventoryPage/products_back-image' is clicked on

2023-05-12 18:30:02 - [TEST_STEP][PASSED] - click(findTestObject("Object Repository/inventoryPage/cart")): Object: 'Object Repository/inventoryPage/cart' is clicked on

2023-05-12 18:30:03 - [MESSAGE][PASSED] - Object: 'Object Repository/inventoryPage/cart' is clicked on

2023-05-12 18:30:03 - [TEST_STEP][PASSED] - click(findTestObject("Object Repository/CheckoutPage/button_Checkout")): Object: 'Object Repository/CheckoutPage/button_Checkout' is clicked on

2023-05-12 18:30:03 - [MESSAGE][PASSED] - Object: 'Object Repository/CheckoutPage/button_Checkout' is clicked on

2023-05-12 18:30:03 - [TEST_STEP][PASSED] - sendKeys(findTestObject("Object Repository/checkout-step-one/input_Checkout Your Information_firstName"), "demo"): Keys 'demo' sent to object: 'Object Repository/checkout-step-one/input_Checkout Your Information_firstName'

2023-05-12 18:30:04 - [MESSAGE][PASSED] - Keys 'demo' sent to object: 'Object Repository/checkout-step-one/input_Checkout Your Information_firstName'

2023-05-12 18:30:04 - [TEST_STEP][PASSED] - sendKeys(findTestObject("Object Repository/checkout-step-one/input_Checkout Your Information_lastName"), "qa test"): Keys 'qa test' sent to object: 'Object Repository/checkout-step-one/input_Checkout Your Information_lastName'

2023-05-12 18:30:04 - [MESSAGE][PASSED] - Keys 'qa test' sent to object: 'Object Repository/checkout-step-one/input_Checkout Your Information_lastName'

2023-05-12 18:30:04 - [TEST_STEP][PASSED] - sendKeys(findTestObject("Object Repository/checkout-step-one/input_Checkout Your Information_postalCode"), "9000"): Keys '9000' sent to object: 'Object Repository/checkout-step-one/input_Checkout Your Information_postalCode'

2023-05-12 18:30:05 - [MESSAGE][PASSED] - Keys '9000' sent to object: 'Object Repository/checkout-step-one/input_Checkout Your Information_postalCode'

2023-05-12 18:30:05 - [TEST_STEP][PASSED] - click(findTestObject("Object Repository/checkout-step-one/input_continue")): Object: 'Object Repository/checkout-step-one/input_continue' is clicked on

2023-05-12 18:30:05 - [MESSAGE][PASSED] - Object: 'Object Repository/checkout-step-one/input_continue' is clicked on

2023-05-12 18:30:05 - [TEST_STEP][PASSED] - click(findTestObject("Object Repository/finish checkout/button_Finish")): Object: 'Object Repository/finish checkout/button_Finish' is clicked on

2023-05-12 18:30:06 - [MESSAGE][PASSED] - Object: 'Object Repository/finish checkout/button_Finish' is clicked on

2023-05-12 18:30:06 - [TEST_STEP][PASSED] - verifyElementVisible(findTestObject("Object Repository/order-success/h2_Thank you for your order")): Object 'Object Repository/order-success/h2_Thank you for your order' is visible

2023-05-12 18:30:07 - [MESSAGE][PASSED] - Object 'Object Repository/order-success/h2_Thank you for your order' is visible

2023-05-12 18:30:07 - [TEST_STEP][PASSED] - click(findTestObject("Object Repository/NavSideBar/sidebar")): Object: 'Object Repository/NavSideBar/sidebar' is clicked on

2023-05-12 18:30:07 - [MESSAGE][PASSED] - Object: 'Object Repository/NavSideBar/sidebar' is clicked on

2023-05-12 18:30:07 - [TEST_STEP][PASSED] - click(findTestObject("Object Repository/NavSideBar/a_Logout")): Object: 'Object Repository/NavSideBar/a_Logout' is clicked on

2023-05-12 18:30:07 - [MESSAGE][PASSED] - Object: 'Object Repository/NavSideBar/a_Logout' is clicked on

2023-05-12 18:30:07 - [TEST_STEP][PASSED] - verifyElementVisible(findTestObject("Object Repository/Page_Swag Labs/input_Swag Labs_user-name")): Object 'Object Repository/Page_Swag Labs/input_Swag Labs_user-name' is visible

2023-05-12 18:30:08 - [MESSAGE][PASSED] - Object 'Object Repository/Page_Swag Labs/input_Swag Labs_user-name' is visible

2023-05-12 18:30:08 - [TEST_STEP][PASSED] - closeBrowser(): Browser is closed

2023-05-12 18:30:09 - [MESSAGE][PASSED] - Browser is closed]]></system-out>
         <system-err><![CDATA[]]></system-err>
      </testcase>
      <testcase name="Test Cases/test-flow-1-buy-1-product" time="12.389" classname="Test Cases/test-flow-1-buy-1-product" status="PASSED">
         <system-out><![CDATA[2023-05-12 18:30:09 - [TEST_CASE][PASSED] - Test Cases/test-flow-1-buy-1-product: Test Cases/test-flow-1-buy-1-product

2023-05-12 18:30:09 - [TEST_STEP][PASSED] - openBrowser("https://www.saucedemo.com/"): Browser is opened with url: 'https://www.saucedemo.com/'

2023-05-12 18:30:09 - [MESSAGE][INFO] - Starting 'Chrome' driver

2023-05-12 18:30:09 - [MESSAGE][INFO] - Action delay is set to 0 milliseconds

2023-05-12 18:30:11 - [MESSAGE][PASSED] - Browser is opened with url: 'https://www.saucedemo.com/'

2023-05-12 18:30:11 - [TEST_STEP][PASSED] - click(findTestObject("Object Repository/Page_Swag Labs/input_Swag Labs_user-name")): Object: 'Object Repository/Page_Swag Labs/input_Swag Labs_user-name' is clicked on

2023-05-12 18:30:12 - [MESSAGE][PASSED] - Object: 'Object Repository/Page_Swag Labs/input_Swag Labs_user-name' is clicked on

2023-05-12 18:30:12 - [TEST_STEP][PASSED] - sendKeys(findTestObject("Object Repository/Page_Swag Labs/input_Swag Labs_user-name"), "standard_user"): Keys 'standard_user' sent to object: 'Object Repository/Page_Swag Labs/input_Swag Labs_user-name'

2023-05-12 18:30:12 - [MESSAGE][PASSED] - Keys 'standard_user' sent to object: 'Object Repository/Page_Swag Labs/input_Swag Labs_user-name'

2023-05-12 18:30:12 - [TEST_STEP][PASSED] - click(findTestObject("Object Repository/Page_Swag Labs/input_Swag Labs_password")): Object: 'Object Repository/Page_Swag Labs/input_Swag Labs_password' is clicked on

2023-05-12 18:30:12 - [MESSAGE][PASSED] - Object: 'Object Repository/Page_Swag Labs/input_Swag Labs_password' is clicked on

2023-05-12 18:30:12 - [TEST_STEP][PASSED] - sendKeys(findTestObject("Object Repository/Page_Swag Labs/input_Swag Labs_password"), "secret_sauce"): Keys 'secret_sauce' sent to object: 'Object Repository/Page_Swag Labs/input_Swag Labs_password'

2023-05-12 18:30:13 - [MESSAGE][PASSED] - Keys 'secret_sauce' sent to object: 'Object Repository/Page_Swag Labs/input_Swag Labs_password'

2023-05-12 18:30:13 - [TEST_STEP][PASSED] - click(findTestObject("Object Repository/Page_Swag Labs/input_Swag Labs_login-button")): Object: 'Object Repository/Page_Swag Labs/input_Swag Labs_login-button' is clicked on

2023-05-12 18:30:13 - [MESSAGE][PASSED] - Object: 'Object Repository/Page_Swag Labs/input_Swag Labs_login-button' is clicked on

2023-05-12 18:30:13 - [TEST_STEP][PASSED] - click(findTestObject("Object Repository/inventoryPage/Backpack")): Object: 'Object Repository/inventoryPage/Backpack' is clicked on

2023-05-12 18:30:13 - [MESSAGE][PASSED] - Object: 'Object Repository/inventoryPage/Backpack' is clicked on

2023-05-12 18:30:13 - [TEST_STEP][PASSED] - click(findTestObject("Object Repository/inventoryPage/button_Add to cart")): Object: 'Object Repository/inventoryPage/button_Add to cart' is clicked on

2023-05-12 18:30:14 - [MESSAGE][PASSED] - Object: 'Object Repository/inventoryPage/button_Add to cart' is clicked on

2023-05-12 18:30:14 - [TEST_STEP][PASSED] - click(findTestObject("Object Repository/inventoryPage/products_back-image")): Object: 'Object Repository/inventoryPage/products_back-image' is clicked on

2023-05-12 18:30:14 - [MESSAGE][PASSED] - Object: 'Object Repository/inventoryPage/products_back-image' is clicked on

2023-05-12 18:30:14 - [TEST_STEP][PASSED] - click(findTestObject("Object Repository/inventoryPage/cart")): Object: 'Object Repository/inventoryPage/cart' is clicked on

2023-05-12 18:30:15 - [MESSAGE][PASSED] - Object: 'Object Repository/inventoryPage/cart' is clicked on

2023-05-12 18:30:15 - [TEST_STEP][PASSED] - click(findTestObject("Object Repository/CheckoutPage/button_Checkout")): Object: 'Object Repository/CheckoutPage/button_Checkout' is clicked on

2023-05-12 18:30:16 - [MESSAGE][PASSED] - Object: 'Object Repository/CheckoutPage/button_Checkout' is clicked on

2023-05-12 18:30:16 - [TEST_STEP][PASSED] - sendKeys(findTestObject("Object Repository/checkout-step-one/input_Checkout Your Information_firstName"), "demo"): Keys 'demo' sent to object: 'Object Repository/checkout-step-one/input_Checkout Your Information_firstName'

2023-05-12 18:30:16 - [MESSAGE][PASSED] - Keys 'demo' sent to object: 'Object Repository/checkout-step-one/input_Checkout Your Information_firstName'

2023-05-12 18:30:16 - [TEST_STEP][PASSED] - sendKeys(findTestObject("Object Repository/checkout-step-one/input_Checkout Your Information_lastName"), "qa test"): Keys 'qa test' sent to object: 'Object Repository/checkout-step-one/input_Checkout Your Information_lastName'

2023-05-12 18:30:17 - [MESSAGE][PASSED] - Keys 'qa test' sent to object: 'Object Repository/checkout-step-one/input_Checkout Your Information_lastName'

2023-05-12 18:30:17 - [TEST_STEP][PASSED] - sendKeys(findTestObject("Object Repository/checkout-step-one/input_Checkout Your Information_postalCode"), "9000"): Keys '9000' sent to object: 'Object Repository/checkout-step-one/input_Checkout Your Information_postalCode'

2023-05-12 18:30:17 - [MESSAGE][PASSED] - Keys '9000' sent to object: 'Object Repository/checkout-step-one/input_Checkout Your Information_postalCode'

2023-05-12 18:30:17 - [TEST_STEP][PASSED] - click(findTestObject("Object Repository/checkout-step-one/input_continue")): Object: 'Object Repository/checkout-step-one/input_continue' is clicked on

2023-05-12 18:30:18 - [MESSAGE][PASSED] - Object: 'Object Repository/checkout-step-one/input_continue' is clicked on

2023-05-12 18:30:18 - [TEST_STEP][PASSED] - click(findTestObject("Object Repository/finish checkout/button_Finish")): Object: 'Object Repository/finish checkout/button_Finish' is clicked on

2023-05-12 18:30:18 - [MESSAGE][PASSED] - Object: 'Object Repository/finish checkout/button_Finish' is clicked on

2023-05-12 18:30:18 - [TEST_STEP][PASSED] - verifyElementVisible(findTestObject("Object Repository/order-success/h2_Thank you for your order")): Object 'Object Repository/order-success/h2_Thank you for your order' is visible

2023-05-12 18:30:19 - [MESSAGE][PASSED] - Object 'Object Repository/order-success/h2_Thank you for your order' is visible

2023-05-12 18:30:19 - [TEST_STEP][PASSED] - click(findTestObject("Object Repository/NavSideBar/sidebar")): Object: 'Object Repository/NavSideBar/sidebar' is clicked on

2023-05-12 18:30:19 - [MESSAGE][PASSED] - Object: 'Object Repository/NavSideBar/sidebar' is clicked on

2023-05-12 18:30:19 - [TEST_STEP][PASSED] - click(findTestObject("Object Repository/NavSideBar/a_Logout")): Object: 'Object Repository/NavSideBar/a_Logout' is clicked on

2023-05-12 18:30:20 - [MESSAGE][PASSED] - Object: 'Object Repository/NavSideBar/a_Logout' is clicked on

2023-05-12 18:30:20 - [TEST_STEP][PASSED] - verifyElementVisible(findTestObject("Object Repository/Page_Swag Labs/input_Swag Labs_user-name")): Object 'Object Repository/Page_Swag Labs/input_Swag Labs_user-name' is visible

2023-05-12 18:30:20 - [MESSAGE][PASSED] - Object 'Object Repository/Page_Swag Labs/input_Swag Labs_user-name' is visible

2023-05-12 18:30:20 - [TEST_STEP][PASSED] - closeBrowser(): Browser is closed

2023-05-12 18:30:21 - [MESSAGE][PASSED] - Browser is closed]]></system-out>
         <system-err><![CDATA[]]></system-err>
      </testcase>
      <testcase name="Test Cases/test-flow-1-buy-1-product" time="11.936" classname="Test Cases/test-flow-1-buy-1-product" status="PASSED">
         <system-out><![CDATA[2023-05-12 18:30:21 - [TEST_CASE][PASSED] - Test Cases/test-flow-1-buy-1-product: Test Cases/test-flow-1-buy-1-product

2023-05-12 18:30:21 - [TEST_STEP][PASSED] - openBrowser("https://www.saucedemo.com/"): Browser is opened with url: 'https://www.saucedemo.com/'

2023-05-12 18:30:21 - [MESSAGE][INFO] - Starting 'Chrome' driver

2023-05-12 18:30:21 - [MESSAGE][INFO] - Action delay is set to 0 milliseconds

2023-05-12 18:30:23 - [MESSAGE][PASSED] - Browser is opened with url: 'https://www.saucedemo.com/'

2023-05-12 18:30:23 - [TEST_STEP][PASSED] - click(findTestObject("Object Repository/Page_Swag Labs/input_Swag Labs_user-name")): Object: 'Object Repository/Page_Swag Labs/input_Swag Labs_user-name' is clicked on

2023-05-12 18:30:23 - [MESSAGE][PASSED] - Object: 'Object Repository/Page_Swag Labs/input_Swag Labs_user-name' is clicked on

2023-05-12 18:30:23 - [TEST_STEP][PASSED] - sendKeys(findTestObject("Object Repository/Page_Swag Labs/input_Swag Labs_user-name"), "standard_user"): Keys 'standard_user' sent to object: 'Object Repository/Page_Swag Labs/input_Swag Labs_user-name'

2023-05-12 18:30:24 - [MESSAGE][PASSED] - Keys 'standard_user' sent to object: 'Object Repository/Page_Swag Labs/input_Swag Labs_user-name'

2023-05-12 18:30:24 - [TEST_STEP][PASSED] - click(findTestObject("Object Repository/Page_Swag Labs/input_Swag Labs_password")): Object: 'Object Repository/Page_Swag Labs/input_Swag Labs_password' is clicked on

2023-05-12 18:30:24 - [MESSAGE][PASSED] - Object: 'Object Repository/Page_Swag Labs/input_Swag Labs_password' is clicked on

2023-05-12 18:30:24 - [TEST_STEP][PASSED] - sendKeys(findTestObject("Object Repository/Page_Swag Labs/input_Swag Labs_password"), "secret_sauce"): Keys 'secret_sauce' sent to object: 'Object Repository/Page_Swag Labs/input_Swag Labs_password'

2023-05-12 18:30:24 - [MESSAGE][PASSED] - Keys 'secret_sauce' sent to object: 'Object Repository/Page_Swag Labs/input_Swag Labs_password'

2023-05-12 18:30:24 - [TEST_STEP][PASSED] - click(findTestObject("Object Repository/Page_Swag Labs/input_Swag Labs_login-button")): Object: 'Object Repository/Page_Swag Labs/input_Swag Labs_login-button' is clicked on

2023-05-12 18:30:25 - [MESSAGE][PASSED] - Object: 'Object Repository/Page_Swag Labs/input_Swag Labs_login-button' is clicked on

2023-05-12 18:30:25 - [TEST_STEP][PASSED] - click(findTestObject("Object Repository/inventoryPage/Backpack")): Object: 'Object Repository/inventoryPage/Backpack' is clicked on

2023-05-12 18:30:25 - [MESSAGE][PASSED] - Object: 'Object Repository/inventoryPage/Backpack' is clicked on

2023-05-12 18:30:25 - [TEST_STEP][PASSED] - click(findTestObject("Object Repository/inventoryPage/button_Add to cart")): Object: 'Object Repository/inventoryPage/button_Add to cart' is clicked on

2023-05-12 18:30:26 - [MESSAGE][PASSED] - Object: 'Object Repository/inventoryPage/button_Add to cart' is clicked on

2023-05-12 18:30:26 - [TEST_STEP][PASSED] - click(findTestObject("Object Repository/inventoryPage/products_back-image")): Object: 'Object Repository/inventoryPage/products_back-image' is clicked on

2023-05-12 18:30:26 - [MESSAGE][PASSED] - Object: 'Object Repository/inventoryPage/products_back-image' is clicked on

2023-05-12 18:30:26 - [TEST_STEP][PASSED] - click(findTestObject("Object Repository/inventoryPage/cart")): Object: 'Object Repository/inventoryPage/cart' is clicked on

2023-05-12 18:30:27 - [MESSAGE][PASSED] - Object: 'Object Repository/inventoryPage/cart' is clicked on

2023-05-12 18:30:27 - [TEST_STEP][PASSED] - click(findTestObject("Object Repository/CheckoutPage/button_Checkout")): Object: 'Object Repository/CheckoutPage/button_Checkout' is clicked on

2023-05-12 18:30:27 - [MESSAGE][PASSED] - Object: 'Object Repository/CheckoutPage/button_Checkout' is clicked on

2023-05-12 18:30:27 - [TEST_STEP][PASSED] - sendKeys(findTestObject("Object Repository/checkout-step-one/input_Checkout Your Information_firstName"), "demo"): Keys 'demo' sent to object: 'Object Repository/checkout-step-one/input_Checkout Your Information_firstName'

2023-05-12 18:30:28 - [MESSAGE][PASSED] - Keys 'demo' sent to object: 'Object Repository/checkout-step-one/input_Checkout Your Information_firstName'

2023-05-12 18:30:28 - [TEST_STEP][PASSED] - sendKeys(findTestObject("Object Repository/checkout-step-one/input_Checkout Your Information_lastName"), "qa test"): Keys 'qa test' sent to object: 'Object Repository/checkout-step-one/input_Checkout Your Information_lastName'

2023-05-12 18:30:29 - [MESSAGE][PASSED] - Keys 'qa test' sent to object: 'Object Repository/checkout-step-one/input_Checkout Your Information_lastName'

2023-05-12 18:30:29 - [TEST_STEP][PASSED] - sendKeys(findTestObject("Object Repository/checkout-step-one/input_Checkout Your Information_postalCode"), "9000"): Keys '9000' sent to object: 'Object Repository/checkout-step-one/input_Checkout Your Information_postalCode'

2023-05-12 18:30:29 - [MESSAGE][PASSED] - Keys '9000' sent to object: 'Object Repository/checkout-step-one/input_Checkout Your Information_postalCode'

2023-05-12 18:30:29 - [TEST_STEP][PASSED] - click(findTestObject("Object Repository/checkout-step-one/input_continue")): Object: 'Object Repository/checkout-step-one/input_continue' is clicked on

2023-05-12 18:30:30 - [MESSAGE][PASSED] - Object: 'Object Repository/checkout-step-one/input_continue' is clicked on

2023-05-12 18:30:30 - [TEST_STEP][PASSED] - click(findTestObject("Object Repository/finish checkout/button_Finish")): Object: 'Object Repository/finish checkout/button_Finish' is clicked on

2023-05-12 18:30:30 - [MESSAGE][PASSED] - Object: 'Object Repository/finish checkout/button_Finish' is clicked on

2023-05-12 18:30:30 - [TEST_STEP][PASSED] - verifyElementVisible(findTestObject("Object Repository/order-success/h2_Thank you for your order")): Object 'Object Repository/order-success/h2_Thank you for your order' is visible

2023-05-12 18:30:31 - [MESSAGE][PASSED] - Object 'Object Repository/order-success/h2_Thank you for your order' is visible

2023-05-12 18:30:31 - [TEST_STEP][PASSED] - click(findTestObject("Object Repository/NavSideBar/sidebar")): Object: 'Object Repository/NavSideBar/sidebar' is clicked on

2023-05-12 18:30:31 - [MESSAGE][PASSED] - Object: 'Object Repository/NavSideBar/sidebar' is clicked on

2023-05-12 18:30:31 - [TEST_STEP][PASSED] - click(findTestObject("Object Repository/NavSideBar/a_Logout")): Object: 'Object Repository/NavSideBar/a_Logout' is clicked on

2023-05-12 18:30:32 - [MESSAGE][PASSED] - Object: 'Object Repository/NavSideBar/a_Logout' is clicked on

2023-05-12 18:30:32 - [TEST_STEP][PASSED] - verifyElementVisible(findTestObject("Object Repository/Page_Swag Labs/input_Swag Labs_user-name")): Object 'Object Repository/Page_Swag Labs/input_Swag Labs_user-name' is visible

2023-05-12 18:30:32 - [MESSAGE][PASSED] - Object 'Object Repository/Page_Swag Labs/input_Swag Labs_user-name' is visible

2023-05-12 18:30:32 - [TEST_STEP][PASSED] - closeBrowser(): Browser is closed

2023-05-12 18:30:33 - [MESSAGE][PASSED] - Browser is closed]]></system-out>
         <system-err><![CDATA[]]></system-err>
      </testcase>
      <testcase name="Test Cases/test-flow-1-buy-1-product" time="11.995" classname="Test Cases/test-flow-1-buy-1-product" status="PASSED">
         <system-out><![CDATA[2023-05-12 18:30:33 - [TEST_CASE][PASSED] - Test Cases/test-flow-1-buy-1-product: Test Cases/test-flow-1-buy-1-product

2023-05-12 18:30:33 - [TEST_STEP][PASSED] - openBrowser("https://www.saucedemo.com/"): Browser is opened with url: 'https://www.saucedemo.com/'

2023-05-12 18:30:33 - [MESSAGE][INFO] - Starting 'Chrome' driver

2023-05-12 18:30:33 - [MESSAGE][INFO] - Action delay is set to 0 milliseconds

2023-05-12 18:30:35 - [MESSAGE][PASSED] - Browser is opened with url: 'https://www.saucedemo.com/'

2023-05-12 18:30:35 - [TEST_STEP][PASSED] - click(findTestObject("Object Repository/Page_Swag Labs/input_Swag Labs_user-name")): Object: 'Object Repository/Page_Swag Labs/input_Swag Labs_user-name' is clicked on

2023-05-12 18:30:35 - [MESSAGE][PASSED] - Object: 'Object Repository/Page_Swag Labs/input_Swag Labs_user-name' is clicked on

2023-05-12 18:30:35 - [TEST_STEP][PASSED] - sendKeys(findTestObject("Object Repository/Page_Swag Labs/input_Swag Labs_user-name"), "standard_user"): Keys 'standard_user' sent to object: 'Object Repository/Page_Swag Labs/input_Swag Labs_user-name'

2023-05-12 18:30:36 - [MESSAGE][PASSED] - Keys 'standard_user' sent to object: 'Object Repository/Page_Swag Labs/input_Swag Labs_user-name'

2023-05-12 18:30:36 - [TEST_STEP][PASSED] - click(findTestObject("Object Repository/Page_Swag Labs/input_Swag Labs_password")): Object: 'Object Repository/Page_Swag Labs/input_Swag Labs_password' is clicked on

2023-05-12 18:30:36 - [MESSAGE][PASSED] - Object: 'Object Repository/Page_Swag Labs/input_Swag Labs_password' is clicked on

2023-05-12 18:30:36 - [TEST_STEP][PASSED] - sendKeys(findTestObject("Object Repository/Page_Swag Labs/input_Swag Labs_password"), "secret_sauce"): Keys 'secret_sauce' sent to object: 'Object Repository/Page_Swag Labs/input_Swag Labs_password'

2023-05-12 18:30:36 - [MESSAGE][PASSED] - Keys 'secret_sauce' sent to object: 'Object Repository/Page_Swag Labs/input_Swag Labs_password'

2023-05-12 18:30:36 - [TEST_STEP][PASSED] - click(findTestObject("Object Repository/Page_Swag Labs/input_Swag Labs_login-button")): Object: 'Object Repository/Page_Swag Labs/input_Swag Labs_login-button' is clicked on

2023-05-12 18:30:37 - [MESSAGE][PASSED] - Object: 'Object Repository/Page_Swag Labs/input_Swag Labs_login-button' is clicked on

2023-05-12 18:30:37 - [TEST_STEP][PASSED] - click(findTestObject("Object Repository/inventoryPage/Backpack")): Object: 'Object Repository/inventoryPage/Backpack' is clicked on

2023-05-12 18:30:37 - [MESSAGE][PASSED] - Object: 'Object Repository/inventoryPage/Backpack' is clicked on

2023-05-12 18:30:37 - [TEST_STEP][PASSED] - click(findTestObject("Object Repository/inventoryPage/button_Add to cart")): Object: 'Object Repository/inventoryPage/button_Add to cart' is clicked on

2023-05-12 18:30:38 - [MESSAGE][PASSED] - Object: 'Object Repository/inventoryPage/button_Add to cart' is clicked on

2023-05-12 18:30:38 - [TEST_STEP][PASSED] - click(findTestObject("Object Repository/inventoryPage/products_back-image")): Object: 'Object Repository/inventoryPage/products_back-image' is clicked on

2023-05-12 18:30:38 - [MESSAGE][PASSED] - Object: 'Object Repository/inventoryPage/products_back-image' is clicked on

2023-05-12 18:30:38 - [TEST_STEP][PASSED] - click(findTestObject("Object Repository/inventoryPage/cart")): Object: 'Object Repository/inventoryPage/cart' is clicked on

2023-05-12 18:30:39 - [MESSAGE][PASSED] - Object: 'Object Repository/inventoryPage/cart' is clicked on

2023-05-12 18:30:39 - [TEST_STEP][PASSED] - click(findTestObject("Object Repository/CheckoutPage/button_Checkout")): Object: 'Object Repository/CheckoutPage/button_Checkout' is clicked on

2023-05-12 18:30:39 - [MESSAGE][PASSED] - Object: 'Object Repository/CheckoutPage/button_Checkout' is clicked on

2023-05-12 18:30:39 - [TEST_STEP][PASSED] - sendKeys(findTestObject("Object Repository/checkout-step-one/input_Checkout Your Information_firstName"), "demo"): Keys 'demo' sent to object: 'Object Repository/checkout-step-one/input_Checkout Your Information_firstName'

2023-05-12 18:30:40 - [MESSAGE][PASSED] - Keys 'demo' sent to object: 'Object Repository/checkout-step-one/input_Checkout Your Information_firstName'

2023-05-12 18:30:40 - [TEST_STEP][PASSED] - sendKeys(findTestObject("Object Repository/checkout-step-one/input_Checkout Your Information_lastName"), "qa test"): Keys 'qa test' sent to object: 'Object Repository/checkout-step-one/input_Checkout Your Information_lastName'

2023-05-12 18:30:41 - [MESSAGE][PASSED] - Keys 'qa test' sent to object: 'Object Repository/checkout-step-one/input_Checkout Your Information_lastName'

2023-05-12 18:30:41 - [TEST_STEP][PASSED] - sendKeys(findTestObject("Object Repository/checkout-step-one/input_Checkout Your Information_postalCode"), "9000"): Keys '9000' sent to object: 'Object Repository/checkout-step-one/input_Checkout Your Information_postalCode'

2023-05-12 18:30:41 - [MESSAGE][PASSED] - Keys '9000' sent to object: 'Object Repository/checkout-step-one/input_Checkout Your Information_postalCode'

2023-05-12 18:30:41 - [TEST_STEP][PASSED] - click(findTestObject("Object Repository/checkout-step-one/input_continue")): Object: 'Object Repository/checkout-step-one/input_continue' is clicked on

2023-05-12 18:30:42 - [MESSAGE][PASSED] - Object: 'Object Repository/checkout-step-one/input_continue' is clicked on

2023-05-12 18:30:42 - [TEST_STEP][PASSED] - click(findTestObject("Object Repository/finish checkout/button_Finish")): Object: 'Object Repository/finish checkout/button_Finish' is clicked on

2023-05-12 18:30:42 - [MESSAGE][PASSED] - Object: 'Object Repository/finish checkout/button_Finish' is clicked on

2023-05-12 18:30:42 - [TEST_STEP][PASSED] - verifyElementVisible(findTestObject("Object Repository/order-success/h2_Thank you for your order")): Object 'Object Repository/order-success/h2_Thank you for your order' is visible

2023-05-12 18:30:43 - [MESSAGE][PASSED] - Object 'Object Repository/order-success/h2_Thank you for your order' is visible

2023-05-12 18:30:43 - [TEST_STEP][PASSED] - click(findTestObject("Object Repository/NavSideBar/sidebar")): Object: 'Object Repository/NavSideBar/sidebar' is clicked on

2023-05-12 18:30:43 - [MESSAGE][PASSED] - Object: 'Object Repository/NavSideBar/sidebar' is clicked on

2023-05-12 18:30:43 - [TEST_STEP][PASSED] - click(findTestObject("Object Repository/NavSideBar/a_Logout")): Object: 'Object Repository/NavSideBar/a_Logout' is clicked on

2023-05-12 18:30:44 - [MESSAGE][PASSED] - Object: 'Object Repository/NavSideBar/a_Logout' is clicked on

2023-05-12 18:30:44 - [TEST_STEP][PASSED] - verifyElementVisible(findTestObject("Object Repository/Page_Swag Labs/input_Swag Labs_user-name")): Object 'Object Repository/Page_Swag Labs/input_Swag Labs_user-name' is visible

2023-05-12 18:30:44 - [MESSAGE][PASSED] - Object 'Object Repository/Page_Swag Labs/input_Swag Labs_user-name' is visible

2023-05-12 18:30:44 - [TEST_STEP][PASSED] - closeBrowser(): Browser is closed

2023-05-12 18:30:45 - [MESSAGE][PASSED] - Browser is closed]]></system-out>
         <system-err><![CDATA[]]></system-err>
      </testcase>
      <testcase name="Test Cases/test-flow-1-buy-1-product" time="12.17" classname="Test Cases/test-flow-1-buy-1-product" status="PASSED">
         <system-out><![CDATA[2023-05-12 18:30:45 - [TEST_CASE][PASSED] - Test Cases/test-flow-1-buy-1-product: Test Cases/test-flow-1-buy-1-product

2023-05-12 18:30:45 - [TEST_STEP][PASSED] - openBrowser("https://www.saucedemo.com/"): Browser is opened with url: 'https://www.saucedemo.com/'

2023-05-12 18:30:45 - [MESSAGE][INFO] - Starting 'Chrome' driver

2023-05-12 18:30:45 - [MESSAGE][INFO] - Action delay is set to 0 milliseconds

2023-05-12 18:30:47 - [MESSAGE][PASSED] - Browser is opened with url: 'https://www.saucedemo.com/'

2023-05-12 18:30:47 - [TEST_STEP][PASSED] - click(findTestObject("Object Repository/Page_Swag Labs/input_Swag Labs_user-name")): Object: 'Object Repository/Page_Swag Labs/input_Swag Labs_user-name' is clicked on

2023-05-12 18:30:48 - [MESSAGE][PASSED] - Object: 'Object Repository/Page_Swag Labs/input_Swag Labs_user-name' is clicked on

2023-05-12 18:30:48 - [TEST_STEP][PASSED] - sendKeys(findTestObject("Object Repository/Page_Swag Labs/input_Swag Labs_user-name"), "standard_user"): Keys 'standard_user' sent to object: 'Object Repository/Page_Swag Labs/input_Swag Labs_user-name'

2023-05-12 18:30:48 - [MESSAGE][PASSED] - Keys 'standard_user' sent to object: 'Object Repository/Page_Swag Labs/input_Swag Labs_user-name'

2023-05-12 18:30:48 - [TEST_STEP][PASSED] - click(findTestObject("Object Repository/Page_Swag Labs/input_Swag Labs_password")): Object: 'Object Repository/Page_Swag Labs/input_Swag Labs_password' is clicked on

2023-05-12 18:30:48 - [MESSAGE][PASSED] - Object: 'Object Repository/Page_Swag Labs/input_Swag Labs_password' is clicked on

2023-05-12 18:30:48 - [TEST_STEP][PASSED] - sendKeys(findTestObject("Object Repository/Page_Swag Labs/input_Swag Labs_password"), "secret_sauce"): Keys 'secret_sauce' sent to object: 'Object Repository/Page_Swag Labs/input_Swag Labs_password'

2023-05-12 18:30:49 - [MESSAGE][PASSED] - Keys 'secret_sauce' sent to object: 'Object Repository/Page_Swag Labs/input_Swag Labs_password'

2023-05-12 18:30:49 - [TEST_STEP][PASSED] - click(findTestObject("Object Repository/Page_Swag Labs/input_Swag Labs_login-button")): Object: 'Object Repository/Page_Swag Labs/input_Swag Labs_login-button' is clicked on

2023-05-12 18:30:49 - [MESSAGE][PASSED] - Object: 'Object Repository/Page_Swag Labs/input_Swag Labs_login-button' is clicked on

2023-05-12 18:30:49 - [TEST_STEP][PASSED] - click(findTestObject("Object Repository/inventoryPage/Backpack")): Object: 'Object Repository/inventoryPage/Backpack' is clicked on

2023-05-12 18:30:49 - [MESSAGE][PASSED] - Object: 'Object Repository/inventoryPage/Backpack' is clicked on

2023-05-12 18:30:49 - [TEST_STEP][PASSED] - click(findTestObject("Object Repository/inventoryPage/button_Add to cart")): Object: 'Object Repository/inventoryPage/button_Add to cart' is clicked on

2023-05-12 18:30:50 - [MESSAGE][PASSED] - Object: 'Object Repository/inventoryPage/button_Add to cart' is clicked on

2023-05-12 18:30:50 - [TEST_STEP][PASSED] - click(findTestObject("Object Repository/inventoryPage/products_back-image")): Object: 'Object Repository/inventoryPage/products_back-image' is clicked on

2023-05-12 18:30:51 - [MESSAGE][PASSED] - Object: 'Object Repository/inventoryPage/products_back-image' is clicked on

2023-05-12 18:30:51 - [TEST_STEP][PASSED] - click(findTestObject("Object Repository/inventoryPage/cart")): Object: 'Object Repository/inventoryPage/cart' is clicked on

2023-05-12 18:30:51 - [MESSAGE][PASSED] - Object: 'Object Repository/inventoryPage/cart' is clicked on

2023-05-12 18:30:51 - [TEST_STEP][PASSED] - click(findTestObject("Object Repository/CheckoutPage/button_Checkout")): Object: 'Object Repository/CheckoutPage/button_Checkout' is clicked on

2023-05-12 18:30:52 - [MESSAGE][PASSED] - Object: 'Object Repository/CheckoutPage/button_Checkout' is clicked on

2023-05-12 18:30:52 - [TEST_STEP][PASSED] - sendKeys(findTestObject("Object Repository/checkout-step-one/input_Checkout Your Information_firstName"), "demo"): Keys 'demo' sent to object: 'Object Repository/checkout-step-one/input_Checkout Your Information_firstName'

2023-05-12 18:30:52 - [MESSAGE][PASSED] - Keys 'demo' sent to object: 'Object Repository/checkout-step-one/input_Checkout Your Information_firstName'

2023-05-12 18:30:52 - [TEST_STEP][PASSED] - sendKeys(findTestObject("Object Repository/checkout-step-one/input_Checkout Your Information_lastName"), "qa test"): Keys 'qa test' sent to object: 'Object Repository/checkout-step-one/input_Checkout Your Information_lastName'

2023-05-12 18:30:53 - [MESSAGE][PASSED] - Keys 'qa test' sent to object: 'Object Repository/checkout-step-one/input_Checkout Your Information_lastName'

2023-05-12 18:30:53 - [TEST_STEP][PASSED] - sendKeys(findTestObject("Object Repository/checkout-step-one/input_Checkout Your Information_postalCode"), "9000"): Keys '9000' sent to object: 'Object Repository/checkout-step-one/input_Checkout Your Information_postalCode'

2023-05-12 18:30:53 - [MESSAGE][PASSED] - Keys '9000' sent to object: 'Object Repository/checkout-step-one/input_Checkout Your Information_postalCode'

2023-05-12 18:30:53 - [TEST_STEP][PASSED] - click(findTestObject("Object Repository/checkout-step-one/input_continue")): Object: 'Object Repository/checkout-step-one/input_continue' is clicked on

2023-05-12 18:30:54 - [MESSAGE][PASSED] - Object: 'Object Repository/checkout-step-one/input_continue' is clicked on

2023-05-12 18:30:54 - [TEST_STEP][PASSED] - click(findTestObject("Object Repository/finish checkout/button_Finish")): Object: 'Object Repository/finish checkout/button_Finish' is clicked on

2023-05-12 18:30:54 - [MESSAGE][PASSED] - Object: 'Object Repository/finish checkout/button_Finish' is clicked on

2023-05-12 18:30:54 - [TEST_STEP][PASSED] - verifyElementVisible(findTestObject("Object Repository/order-success/h2_Thank you for your order")): Object 'Object Repository/order-success/h2_Thank you for your order' is visible

2023-05-12 18:30:55 - [MESSAGE][PASSED] - Object 'Object Repository/order-success/h2_Thank you for your order' is visible

2023-05-12 18:30:55 - [TEST_STEP][PASSED] - click(findTestObject("Object Repository/NavSideBar/sidebar")): Object: 'Object Repository/NavSideBar/sidebar' is clicked on

2023-05-12 18:30:55 - [MESSAGE][PASSED] - Object: 'Object Repository/NavSideBar/sidebar' is clicked on

2023-05-12 18:30:55 - [TEST_STEP][PASSED] - click(findTestObject("Object Repository/NavSideBar/a_Logout")): Object: 'Object Repository/NavSideBar/a_Logout' is clicked on

2023-05-12 18:30:56 - [MESSAGE][PASSED] - Object: 'Object Repository/NavSideBar/a_Logout' is clicked on

2023-05-12 18:30:56 - [TEST_STEP][PASSED] - verifyElementVisible(findTestObject("Object Repository/Page_Swag Labs/input_Swag Labs_user-name")): Object 'Object Repository/Page_Swag Labs/input_Swag Labs_user-name' is visible

2023-05-12 18:30:56 - [MESSAGE][PASSED] - Object 'Object Repository/Page_Swag Labs/input_Swag Labs_user-name' is visible

2023-05-12 18:30:56 - [TEST_STEP][PASSED] - closeBrowser(): Browser is closed

2023-05-12 18:30:57 - [MESSAGE][PASSED] - Browser is closed]]></system-out>
         <system-err><![CDATA[]]></system-err>
      </testcase>
      <system-out><![CDATA[2023-05-12 18:26:55 - [TEST_SUITE][PASSED] - simple case: Test Cases/test-flow-1-buy-1-product]]></system-out>
      <system-err><![CDATA[]]></system-err>
   </testsuite>
   <testsuite name="simple case" tests="20" failures="0" errors="0" time="239.684" skipped="0" timestamp="2023-05-12 18:31:01" hostname="minh.nguyen - 5YHW2D3" id="Test Suites/simple case">
      <properties>
         <property name="deviceName" value=""/>
         <property name="devicePlatform" value=""/>
         <property name="logFolder" value="C:\\Users\\minh.nguyen\\Desktop\\GitRepo\\tri-nhan-repo\\Reports\\20230512_171239\\simple case\\20230512_171318"/>
         <property name="logFiles" value="C:\\Users\\minh.nguyen\\Desktop\\GitRepo\\tri-nhan-repo\\Reports\\20230512_171239\\simple case\\20230512_171318\\execution0.log"/>
         <property name="attachments" value=""/>
         <property name="hostName" value="minh.nguyen - 5YHW2D3"/>
         <property name="os" value="Windows 10 64bit"/>
         <property name="katalonVersion" value="8.5.5.208"/>
         <property name="browser" value="Chrome 112.0.0.0"/>
         <property name="hostAddress" value="192.168.1.86"/>
         <property name="sessionId" value="ca3f79cdd4de5df28e3f089d743b569b"/>
         <property name="seleniumVersion" value="3.141.59"/>
         <property name="proxyInformation" value="ProxyInformation { proxyOption=NO_PROXY, proxyServerType=HTTP, username=, password=********, proxyServerAddress=, proxyServerPort=0, executionList=&quot;&quot;, isApplyToDesiredCapabilities=true }"/>
         <property name="platform" value="Windows 10"/>
      </properties>
      <testcase name="Test Cases/test-flow-1-buy-1-product" time="13.186" classname="Test Cases/test-flow-1-buy-1-product" status="PASSED">
         <system-out><![CDATA[2023-05-12 18:31:01 - [TEST_CASE][PASSED] - Test Cases/test-flow-1-buy-1-product: Test Cases/test-flow-1-buy-1-product

2023-05-12 18:31:01 - [TEST_STEP][PASSED] - openBrowser("https://www.saucedemo.com/"): Browser is opened with url: 'https://www.saucedemo.com/'

2023-05-12 18:31:01 - [MESSAGE][INFO] - Starting 'Chrome' driver

2023-05-12 18:31:01 - [MESSAGE][INFO] - Action delay is set to 0 milliseconds

2023-05-12 18:31:04 - [MESSAGE][PASSED] - Browser is opened with url: 'https://www.saucedemo.com/'

2023-05-12 18:31:04 - [TEST_STEP][PASSED] - click(findTestObject("Object Repository/Page_Swag Labs/input_Swag Labs_user-name")): Object: 'Object Repository/Page_Swag Labs/input_Swag Labs_user-name' is clicked on

2023-05-12 18:31:05 - [MESSAGE][PASSED] - Object: 'Object Repository/Page_Swag Labs/input_Swag Labs_user-name' is clicked on

2023-05-12 18:31:05 - [TEST_STEP][PASSED] - sendKeys(findTestObject("Object Repository/Page_Swag Labs/input_Swag Labs_user-name"), "standard_user"): Keys 'standard_user' sent to object: 'Object Repository/Page_Swag Labs/input_Swag Labs_user-name'

2023-05-12 18:31:05 - [MESSAGE][PASSED] - Keys 'standard_user' sent to object: 'Object Repository/Page_Swag Labs/input_Swag Labs_user-name'

2023-05-12 18:31:05 - [TEST_STEP][PASSED] - click(findTestObject("Object Repository/Page_Swag Labs/input_Swag Labs_password")): Object: 'Object Repository/Page_Swag Labs/input_Swag Labs_password' is clicked on

2023-05-12 18:31:05 - [MESSAGE][PASSED] - Object: 'Object Repository/Page_Swag Labs/input_Swag Labs_password' is clicked on

2023-05-12 18:31:05 - [TEST_STEP][PASSED] - sendKeys(findTestObject("Object Repository/Page_Swag Labs/input_Swag Labs_password"), "secret_sauce"): Keys 'secret_sauce' sent to object: 'Object Repository/Page_Swag Labs/input_Swag Labs_password'

2023-05-12 18:31:06 - [MESSAGE][PASSED] - Keys 'secret_sauce' sent to object: 'Object Repository/Page_Swag Labs/input_Swag Labs_password'

2023-05-12 18:31:06 - [TEST_STEP][PASSED] - click(findTestObject("Object Repository/Page_Swag Labs/input_Swag Labs_login-button")): Object: 'Object Repository/Page_Swag Labs/input_Swag Labs_login-button' is clicked on

2023-05-12 18:31:06 - [MESSAGE][PASSED] - Object: 'Object Repository/Page_Swag Labs/input_Swag Labs_login-button' is clicked on

2023-05-12 18:31:06 - [TEST_STEP][PASSED] - click(findTestObject("Object Repository/inventoryPage/Backpack")): Object: 'Object Repository/inventoryPage/Backpack' is clicked on

2023-05-12 18:31:07 - [MESSAGE][PASSED] - Object: 'Object Repository/inventoryPage/Backpack' is clicked on

2023-05-12 18:31:07 - [TEST_STEP][PASSED] - click(findTestObject("Object Repository/inventoryPage/button_Add to cart")): Object: 'Object Repository/inventoryPage/button_Add to cart' is clicked on

2023-05-12 18:31:07 - [MESSAGE][PASSED] - Object: 'Object Repository/inventoryPage/button_Add to cart' is clicked on

2023-05-12 18:31:07 - [TEST_STEP][PASSED] - click(findTestObject("Object Repository/inventoryPage/products_back-image")): Object: 'Object Repository/inventoryPage/products_back-image' is clicked on

2023-05-12 18:31:08 - [MESSAGE][PASSED] - Object: 'Object Repository/inventoryPage/products_back-image' is clicked on

2023-05-12 18:31:08 - [TEST_STEP][PASSED] - click(findTestObject("Object Repository/inventoryPage/cart")): Object: 'Object Repository/inventoryPage/cart' is clicked on

2023-05-12 18:31:08 - [MESSAGE][PASSED] - Object: 'Object Repository/inventoryPage/cart' is clicked on

2023-05-12 18:31:08 - [TEST_STEP][PASSED] - click(findTestObject("Object Repository/CheckoutPage/button_Checkout")): Object: 'Object Repository/CheckoutPage/button_Checkout' is clicked on

2023-05-12 18:31:09 - [MESSAGE][PASSED] - Object: 'Object Repository/CheckoutPage/button_Checkout' is clicked on

2023-05-12 18:31:09 - [TEST_STEP][PASSED] - sendKeys(findTestObject("Object Repository/checkout-step-one/input_Checkout Your Information_firstName"), "demo"): Keys 'demo' sent to object: 'Object Repository/checkout-step-one/input_Checkout Your Information_firstName'

2023-05-12 18:31:09 - [MESSAGE][PASSED] - Keys 'demo' sent to object: 'Object Repository/checkout-step-one/input_Checkout Your Information_firstName'

2023-05-12 18:31:09 - [TEST_STEP][PASSED] - sendKeys(findTestObject("Object Repository/checkout-step-one/input_Checkout Your Information_lastName"), "qa test"): Keys 'qa test' sent to object: 'Object Repository/checkout-step-one/input_Checkout Your Information_lastName'

2023-05-12 18:31:10 - [MESSAGE][PASSED] - Keys 'qa test' sent to object: 'Object Repository/checkout-step-one/input_Checkout Your Information_lastName'

2023-05-12 18:31:10 - [TEST_STEP][PASSED] - sendKeys(findTestObject("Object Repository/checkout-step-one/input_Checkout Your Information_postalCode"), "9000"): Keys '9000' sent to object: 'Object Repository/checkout-step-one/input_Checkout Your Information_postalCode'

2023-05-12 18:31:11 - [MESSAGE][PASSED] - Keys '9000' sent to object: 'Object Repository/checkout-step-one/input_Checkout Your Information_postalCode'

2023-05-12 18:31:11 - [TEST_STEP][PASSED] - click(findTestObject("Object Repository/checkout-step-one/input_continue")): Object: 'Object Repository/checkout-step-one/input_continue' is clicked on

2023-05-12 18:31:11 - [MESSAGE][PASSED] - Object: 'Object Repository/checkout-step-one/input_continue' is clicked on

2023-05-12 18:31:11 - [TEST_STEP][PASSED] - click(findTestObject("Object Repository/finish checkout/button_Finish")): Object: 'Object Repository/finish checkout/button_Finish' is clicked on

2023-05-12 18:31:12 - [MESSAGE][PASSED] - Object: 'Object Repository/finish checkout/button_Finish' is clicked on

2023-05-12 18:31:12 - [TEST_STEP][PASSED] - verifyElementVisible(findTestObject("Object Repository/order-success/h2_Thank you for your order")): Object 'Object Repository/order-success/h2_Thank you for your order' is visible

2023-05-12 18:31:12 - [MESSAGE][PASSED] - Object 'Object Repository/order-success/h2_Thank you for your order' is visible

2023-05-12 18:31:12 - [TEST_STEP][PASSED] - click(findTestObject("Object Repository/NavSideBar/sidebar")): Object: 'Object Repository/NavSideBar/sidebar' is clicked on

2023-05-12 18:31:13 - [MESSAGE][PASSED] - Object: 'Object Repository/NavSideBar/sidebar' is clicked on

2023-05-12 18:31:13 - [TEST_STEP][PASSED] - click(findTestObject("Object Repository/NavSideBar/a_Logout")): Object: 'Object Repository/NavSideBar/a_Logout' is clicked on

2023-05-12 18:31:13 - [MESSAGE][PASSED] - Object: 'Object Repository/NavSideBar/a_Logout' is clicked on

2023-05-12 18:31:13 - [TEST_STEP][PASSED] - verifyElementVisible(findTestObject("Object Repository/Page_Swag Labs/input_Swag Labs_user-name")): Object 'Object Repository/Page_Swag Labs/input_Swag Labs_user-name' is visible

2023-05-12 18:31:14 - [MESSAGE][PASSED] - Object 'Object Repository/Page_Swag Labs/input_Swag Labs_user-name' is visible

2023-05-12 18:31:14 - [TEST_STEP][PASSED] - closeBrowser(): Browser is closed

2023-05-12 18:31:14 - [MESSAGE][PASSED] - Browser is closed]]></system-out>
         <system-err><![CDATA[]]></system-err>
      </testcase>
      <testcase name="Test Cases/test-flow-1-buy-1-product" time="11.501" classname="Test Cases/test-flow-1-buy-1-product" status="PASSED">
         <system-out><![CDATA[2023-05-12 18:31:14 - [TEST_CASE][PASSED] - Test Cases/test-flow-1-buy-1-product: Test Cases/test-flow-1-buy-1-product

2023-05-12 18:31:14 - [TEST_STEP][PASSED] - openBrowser("https://www.saucedemo.com/"): Browser is opened with url: 'https://www.saucedemo.com/'

2023-05-12 18:31:14 - [MESSAGE][INFO] - Starting 'Chrome' driver

2023-05-12 18:31:14 - [MESSAGE][INFO] - Action delay is set to 0 milliseconds

2023-05-12 18:31:16 - [MESSAGE][PASSED] - Browser is opened with url: 'https://www.saucedemo.com/'

2023-05-12 18:31:16 - [TEST_STEP][PASSED] - click(findTestObject("Object Repository/Page_Swag Labs/input_Swag Labs_user-name")): Object: 'Object Repository/Page_Swag Labs/input_Swag Labs_user-name' is clicked on

2023-05-12 18:31:17 - [MESSAGE][PASSED] - Object: 'Object Repository/Page_Swag Labs/input_Swag Labs_user-name' is clicked on

2023-05-12 18:31:17 - [TEST_STEP][PASSED] - sendKeys(findTestObject("Object Repository/Page_Swag Labs/input_Swag Labs_user-name"), "standard_user"): Keys 'standard_user' sent to object: 'Object Repository/Page_Swag Labs/input_Swag Labs_user-name'

2023-05-12 18:31:17 - [MESSAGE][PASSED] - Keys 'standard_user' sent to object: 'Object Repository/Page_Swag Labs/input_Swag Labs_user-name'

2023-05-12 18:31:17 - [TEST_STEP][PASSED] - click(findTestObject("Object Repository/Page_Swag Labs/input_Swag Labs_password")): Object: 'Object Repository/Page_Swag Labs/input_Swag Labs_password' is clicked on

2023-05-12 18:31:17 - [MESSAGE][PASSED] - Object: 'Object Repository/Page_Swag Labs/input_Swag Labs_password' is clicked on

2023-05-12 18:31:17 - [TEST_STEP][PASSED] - sendKeys(findTestObject("Object Repository/Page_Swag Labs/input_Swag Labs_password"), "secret_sauce"): Keys 'secret_sauce' sent to object: 'Object Repository/Page_Swag Labs/input_Swag Labs_password'

2023-05-12 18:31:18 - [MESSAGE][PASSED] - Keys 'secret_sauce' sent to object: 'Object Repository/Page_Swag Labs/input_Swag Labs_password'

2023-05-12 18:31:18 - [TEST_STEP][PASSED] - click(findTestObject("Object Repository/Page_Swag Labs/input_Swag Labs_login-button")): Object: 'Object Repository/Page_Swag Labs/input_Swag Labs_login-button' is clicked on

2023-05-12 18:31:18 - [MESSAGE][PASSED] - Object: 'Object Repository/Page_Swag Labs/input_Swag Labs_login-button' is clicked on

2023-05-12 18:31:18 - [TEST_STEP][PASSED] - click(findTestObject("Object Repository/inventoryPage/Backpack")): Object: 'Object Repository/inventoryPage/Backpack' is clicked on

2023-05-12 18:31:18 - [MESSAGE][PASSED] - Object: 'Object Repository/inventoryPage/Backpack' is clicked on

2023-05-12 18:31:18 - [TEST_STEP][PASSED] - click(findTestObject("Object Repository/inventoryPage/button_Add to cart")): Object: 'Object Repository/inventoryPage/button_Add to cart' is clicked on

2023-05-12 18:31:19 - [MESSAGE][PASSED] - Object: 'Object Repository/inventoryPage/button_Add to cart' is clicked on

2023-05-12 18:31:19 - [TEST_STEP][PASSED] - click(findTestObject("Object Repository/inventoryPage/products_back-image")): Object: 'Object Repository/inventoryPage/products_back-image' is clicked on

2023-05-12 18:31:19 - [MESSAGE][PASSED] - Object: 'Object Repository/inventoryPage/products_back-image' is clicked on

2023-05-12 18:31:19 - [TEST_STEP][PASSED] - click(findTestObject("Object Repository/inventoryPage/cart")): Object: 'Object Repository/inventoryPage/cart' is clicked on

2023-05-12 18:31:20 - [MESSAGE][PASSED] - Object: 'Object Repository/inventoryPage/cart' is clicked on

2023-05-12 18:31:20 - [TEST_STEP][PASSED] - click(findTestObject("Object Repository/CheckoutPage/button_Checkout")): Object: 'Object Repository/CheckoutPage/button_Checkout' is clicked on

2023-05-12 18:31:21 - [MESSAGE][PASSED] - Object: 'Object Repository/CheckoutPage/button_Checkout' is clicked on

2023-05-12 18:31:21 - [TEST_STEP][PASSED] - sendKeys(findTestObject("Object Repository/checkout-step-one/input_Checkout Your Information_firstName"), "demo"): Keys 'demo' sent to object: 'Object Repository/checkout-step-one/input_Checkout Your Information_firstName'

2023-05-12 18:31:21 - [MESSAGE][PASSED] - Keys 'demo' sent to object: 'Object Repository/checkout-step-one/input_Checkout Your Information_firstName'

2023-05-12 18:31:21 - [TEST_STEP][PASSED] - sendKeys(findTestObject("Object Repository/checkout-step-one/input_Checkout Your Information_lastName"), "qa test"): Keys 'qa test' sent to object: 'Object Repository/checkout-step-one/input_Checkout Your Information_lastName'

2023-05-12 18:31:22 - [MESSAGE][PASSED] - Keys 'qa test' sent to object: 'Object Repository/checkout-step-one/input_Checkout Your Information_lastName'

2023-05-12 18:31:22 - [TEST_STEP][PASSED] - sendKeys(findTestObject("Object Repository/checkout-step-one/input_Checkout Your Information_postalCode"), "9000"): Keys '9000' sent to object: 'Object Repository/checkout-step-one/input_Checkout Your Information_postalCode'

2023-05-12 18:31:22 - [MESSAGE][PASSED] - Keys '9000' sent to object: 'Object Repository/checkout-step-one/input_Checkout Your Information_postalCode'

2023-05-12 18:31:22 - [TEST_STEP][PASSED] - click(findTestObject("Object Repository/checkout-step-one/input_continue")): Object: 'Object Repository/checkout-step-one/input_continue' is clicked on

2023-05-12 18:31:23 - [MESSAGE][PASSED] - Object: 'Object Repository/checkout-step-one/input_continue' is clicked on

2023-05-12 18:31:23 - [TEST_STEP][PASSED] - click(findTestObject("Object Repository/finish checkout/button_Finish")): Object: 'Object Repository/finish checkout/button_Finish' is clicked on

2023-05-12 18:31:23 - [MESSAGE][PASSED] - Object: 'Object Repository/finish checkout/button_Finish' is clicked on

2023-05-12 18:31:23 - [TEST_STEP][PASSED] - verifyElementVisible(findTestObject("Object Repository/order-success/h2_Thank you for your order")): Object 'Object Repository/order-success/h2_Thank you for your order' is visible

2023-05-12 18:31:24 - [MESSAGE][PASSED] - Object 'Object Repository/order-success/h2_Thank you for your order' is visible

2023-05-12 18:31:24 - [TEST_STEP][PASSED] - click(findTestObject("Object Repository/NavSideBar/sidebar")): Object: 'Object Repository/NavSideBar/sidebar' is clicked on

2023-05-12 18:31:24 - [MESSAGE][PASSED] - Object: 'Object Repository/NavSideBar/sidebar' is clicked on

2023-05-12 18:31:24 - [TEST_STEP][PASSED] - click(findTestObject("Object Repository/NavSideBar/a_Logout")): Object: 'Object Repository/NavSideBar/a_Logout' is clicked on

2023-05-12 18:31:25 - [MESSAGE][PASSED] - Object: 'Object Repository/NavSideBar/a_Logout' is clicked on

2023-05-12 18:31:25 - [TEST_STEP][PASSED] - verifyElementVisible(findTestObject("Object Repository/Page_Swag Labs/input_Swag Labs_user-name")): Object 'Object Repository/Page_Swag Labs/input_Swag Labs_user-name' is visible

2023-05-12 18:31:25 - [MESSAGE][PASSED] - Object 'Object Repository/Page_Swag Labs/input_Swag Labs_user-name' is visible

2023-05-12 18:31:25 - [TEST_STEP][PASSED] - closeBrowser(): Browser is closed

2023-05-12 18:31:26 - [MESSAGE][PASSED] - Browser is closed]]></system-out>
         <system-err><![CDATA[]]></system-err>
      </testcase>
      <testcase name="Test Cases/test-flow-1-buy-1-product" time="11.973" classname="Test Cases/test-flow-1-buy-1-product" status="PASSED">
         <system-out><![CDATA[2023-05-12 18:31:26 - [TEST_CASE][PASSED] - Test Cases/test-flow-1-buy-1-product: Test Cases/test-flow-1-buy-1-product

2023-05-12 18:31:26 - [TEST_STEP][PASSED] - openBrowser("https://www.saucedemo.com/"): Browser is opened with url: 'https://www.saucedemo.com/'

2023-05-12 18:31:26 - [MESSAGE][INFO] - Starting 'Chrome' driver

2023-05-12 18:31:26 - [MESSAGE][INFO] - Action delay is set to 0 milliseconds

2023-05-12 18:31:28 - [MESSAGE][PASSED] - Browser is opened with url: 'https://www.saucedemo.com/'

2023-05-12 18:31:28 - [TEST_STEP][PASSED] - click(findTestObject("Object Repository/Page_Swag Labs/input_Swag Labs_user-name")): Object: 'Object Repository/Page_Swag Labs/input_Swag Labs_user-name' is clicked on

2023-05-12 18:31:28 - [MESSAGE][PASSED] - Object: 'Object Repository/Page_Swag Labs/input_Swag Labs_user-name' is clicked on

2023-05-12 18:31:28 - [TEST_STEP][PASSED] - sendKeys(findTestObject("Object Repository/Page_Swag Labs/input_Swag Labs_user-name"), "standard_user"): Keys 'standard_user' sent to object: 'Object Repository/Page_Swag Labs/input_Swag Labs_user-name'

2023-05-12 18:31:29 - [MESSAGE][PASSED] - Keys 'standard_user' sent to object: 'Object Repository/Page_Swag Labs/input_Swag Labs_user-name'

2023-05-12 18:31:29 - [TEST_STEP][PASSED] - click(findTestObject("Object Repository/Page_Swag Labs/input_Swag Labs_password")): Object: 'Object Repository/Page_Swag Labs/input_Swag Labs_password' is clicked on

2023-05-12 18:31:29 - [MESSAGE][PASSED] - Object: 'Object Repository/Page_Swag Labs/input_Swag Labs_password' is clicked on

2023-05-12 18:31:29 - [TEST_STEP][PASSED] - sendKeys(findTestObject("Object Repository/Page_Swag Labs/input_Swag Labs_password"), "secret_sauce"): Keys 'secret_sauce' sent to object: 'Object Repository/Page_Swag Labs/input_Swag Labs_password'

2023-05-12 18:31:29 - [MESSAGE][PASSED] - Keys 'secret_sauce' sent to object: 'Object Repository/Page_Swag Labs/input_Swag Labs_password'

2023-05-12 18:31:29 - [TEST_STEP][PASSED] - click(findTestObject("Object Repository/Page_Swag Labs/input_Swag Labs_login-button")): Object: 'Object Repository/Page_Swag Labs/input_Swag Labs_login-button' is clicked on

2023-05-12 18:31:30 - [MESSAGE][PASSED] - Object: 'Object Repository/Page_Swag Labs/input_Swag Labs_login-button' is clicked on

2023-05-12 18:31:30 - [TEST_STEP][PASSED] - click(findTestObject("Object Repository/inventoryPage/Backpack")): Object: 'Object Repository/inventoryPage/Backpack' is clicked on

2023-05-12 18:31:30 - [MESSAGE][PASSED] - Object: 'Object Repository/inventoryPage/Backpack' is clicked on

2023-05-12 18:31:30 - [TEST_STEP][PASSED] - click(findTestObject("Object Repository/inventoryPage/button_Add to cart")): Object: 'Object Repository/inventoryPage/button_Add to cart' is clicked on

2023-05-12 18:31:31 - [MESSAGE][PASSED] - Object: 'Object Repository/inventoryPage/button_Add to cart' is clicked on

2023-05-12 18:31:31 - [TEST_STEP][PASSED] - click(findTestObject("Object Repository/inventoryPage/products_back-image")): Object: 'Object Repository/inventoryPage/products_back-image' is clicked on

2023-05-12 18:31:31 - [MESSAGE][PASSED] - Object: 'Object Repository/inventoryPage/products_back-image' is clicked on

2023-05-12 18:31:31 - [TEST_STEP][PASSED] - click(findTestObject("Object Repository/inventoryPage/cart")): Object: 'Object Repository/inventoryPage/cart' is clicked on

2023-05-12 18:31:32 - [MESSAGE][PASSED] - Object: 'Object Repository/inventoryPage/cart' is clicked on

2023-05-12 18:31:32 - [TEST_STEP][PASSED] - click(findTestObject("Object Repository/CheckoutPage/button_Checkout")): Object: 'Object Repository/CheckoutPage/button_Checkout' is clicked on

2023-05-12 18:31:32 - [MESSAGE][PASSED] - Object: 'Object Repository/CheckoutPage/button_Checkout' is clicked on

2023-05-12 18:31:32 - [TEST_STEP][PASSED] - sendKeys(findTestObject("Object Repository/checkout-step-one/input_Checkout Your Information_firstName"), "demo"): Keys 'demo' sent to object: 'Object Repository/checkout-step-one/input_Checkout Your Information_firstName'

2023-05-12 18:31:33 - [MESSAGE][PASSED] - Keys 'demo' sent to object: 'Object Repository/checkout-step-one/input_Checkout Your Information_firstName'

2023-05-12 18:31:33 - [TEST_STEP][PASSED] - sendKeys(findTestObject("Object Repository/checkout-step-one/input_Checkout Your Information_lastName"), "qa test"): Keys 'qa test' sent to object: 'Object Repository/checkout-step-one/input_Checkout Your Information_lastName'

2023-05-12 18:31:33 - [MESSAGE][PASSED] - Keys 'qa test' sent to object: 'Object Repository/checkout-step-one/input_Checkout Your Information_lastName'

2023-05-12 18:31:33 - [TEST_STEP][PASSED] - sendKeys(findTestObject("Object Repository/checkout-step-one/input_Checkout Your Information_postalCode"), "9000"): Keys '9000' sent to object: 'Object Repository/checkout-step-one/input_Checkout Your Information_postalCode'

2023-05-12 18:31:34 - [MESSAGE][PASSED] - Keys '9000' sent to object: 'Object Repository/checkout-step-one/input_Checkout Your Information_postalCode'

2023-05-12 18:31:34 - [TEST_STEP][PASSED] - click(findTestObject("Object Repository/checkout-step-one/input_continue")): Object: 'Object Repository/checkout-step-one/input_continue' is clicked on

2023-05-12 18:31:34 - [MESSAGE][PASSED] - Object: 'Object Repository/checkout-step-one/input_continue' is clicked on

2023-05-12 18:31:34 - [TEST_STEP][PASSED] - click(findTestObject("Object Repository/finish checkout/button_Finish")): Object: 'Object Repository/finish checkout/button_Finish' is clicked on

2023-05-12 18:31:35 - [MESSAGE][PASSED] - Object: 'Object Repository/finish checkout/button_Finish' is clicked on

2023-05-12 18:31:35 - [TEST_STEP][PASSED] - verifyElementVisible(findTestObject("Object Repository/order-success/h2_Thank you for your order")): Object 'Object Repository/order-success/h2_Thank you for your order' is visible

2023-05-12 18:31:36 - [MESSAGE][PASSED] - Object 'Object Repository/order-success/h2_Thank you for your order' is visible

2023-05-12 18:31:36 - [TEST_STEP][PASSED] - click(findTestObject("Object Repository/NavSideBar/sidebar")): Object: 'Object Repository/NavSideBar/sidebar' is clicked on

2023-05-12 18:31:36 - [MESSAGE][PASSED] - Object: 'Object Repository/NavSideBar/sidebar' is clicked on

2023-05-12 18:31:36 - [TEST_STEP][PASSED] - click(findTestObject("Object Repository/NavSideBar/a_Logout")): Object: 'Object Repository/NavSideBar/a_Logout' is clicked on

2023-05-12 18:31:36 - [MESSAGE][PASSED] - Object: 'Object Repository/NavSideBar/a_Logout' is clicked on

2023-05-12 18:31:36 - [TEST_STEP][PASSED] - verifyElementVisible(findTestObject("Object Repository/Page_Swag Labs/input_Swag Labs_user-name")): Object 'Object Repository/Page_Swag Labs/input_Swag Labs_user-name' is visible

2023-05-12 18:31:37 - [MESSAGE][PASSED] - Object 'Object Repository/Page_Swag Labs/input_Swag Labs_user-name' is visible

2023-05-12 18:31:37 - [TEST_STEP][PASSED] - closeBrowser(): Browser is closed

2023-05-12 18:31:38 - [MESSAGE][PASSED] - Browser is closed]]></system-out>
         <system-err><![CDATA[]]></system-err>
      </testcase>
      <testcase name="Test Cases/test-flow-1-buy-1-product" time="11.663" classname="Test Cases/test-flow-1-buy-1-product" status="PASSED">
         <system-out><![CDATA[2023-05-12 18:31:38 - [TEST_CASE][PASSED] - Test Cases/test-flow-1-buy-1-product: Test Cases/test-flow-1-buy-1-product

2023-05-12 18:31:38 - [TEST_STEP][PASSED] - openBrowser("https://www.saucedemo.com/"): Browser is opened with url: 'https://www.saucedemo.com/'

2023-05-12 18:31:38 - [MESSAGE][INFO] - Starting 'Chrome' driver

2023-05-12 18:31:38 - [MESSAGE][INFO] - Action delay is set to 0 milliseconds

2023-05-12 18:31:40 - [MESSAGE][PASSED] - Browser is opened with url: 'https://www.saucedemo.com/'

2023-05-12 18:31:40 - [TEST_STEP][PASSED] - click(findTestObject("Object Repository/Page_Swag Labs/input_Swag Labs_user-name")): Object: 'Object Repository/Page_Swag Labs/input_Swag Labs_user-name' is clicked on

2023-05-12 18:31:40 - [MESSAGE][PASSED] - Object: 'Object Repository/Page_Swag Labs/input_Swag Labs_user-name' is clicked on

2023-05-12 18:31:40 - [TEST_STEP][PASSED] - sendKeys(findTestObject("Object Repository/Page_Swag Labs/input_Swag Labs_user-name"), "standard_user"): Keys 'standard_user' sent to object: 'Object Repository/Page_Swag Labs/input_Swag Labs_user-name'

2023-05-12 18:31:40 - [MESSAGE][PASSED] - Keys 'standard_user' sent to object: 'Object Repository/Page_Swag Labs/input_Swag Labs_user-name'

2023-05-12 18:31:40 - [TEST_STEP][PASSED] - click(findTestObject("Object Repository/Page_Swag Labs/input_Swag Labs_password")): Object: 'Object Repository/Page_Swag Labs/input_Swag Labs_password' is clicked on

2023-05-12 18:31:41 - [MESSAGE][PASSED] - Object: 'Object Repository/Page_Swag Labs/input_Swag Labs_password' is clicked on

2023-05-12 18:31:41 - [TEST_STEP][PASSED] - sendKeys(findTestObject("Object Repository/Page_Swag Labs/input_Swag Labs_password"), "secret_sauce"): Keys 'secret_sauce' sent to object: 'Object Repository/Page_Swag Labs/input_Swag Labs_password'

2023-05-12 18:31:41 - [MESSAGE][PASSED] - Keys 'secret_sauce' sent to object: 'Object Repository/Page_Swag Labs/input_Swag Labs_password'

2023-05-12 18:31:41 - [TEST_STEP][PASSED] - click(findTestObject("Object Repository/Page_Swag Labs/input_Swag Labs_login-button")): Object: 'Object Repository/Page_Swag Labs/input_Swag Labs_login-button' is clicked on

2023-05-12 18:31:42 - [MESSAGE][PASSED] - Object: 'Object Repository/Page_Swag Labs/input_Swag Labs_login-button' is clicked on

2023-05-12 18:31:42 - [TEST_STEP][PASSED] - click(findTestObject("Object Repository/inventoryPage/Backpack")): Object: 'Object Repository/inventoryPage/Backpack' is clicked on

2023-05-12 18:31:42 - [MESSAGE][PASSED] - Object: 'Object Repository/inventoryPage/Backpack' is clicked on

2023-05-12 18:31:42 - [TEST_STEP][PASSED] - click(findTestObject("Object Repository/inventoryPage/button_Add to cart")): Object: 'Object Repository/inventoryPage/button_Add to cart' is clicked on

2023-05-12 18:31:43 - [MESSAGE][PASSED] - Object: 'Object Repository/inventoryPage/button_Add to cart' is clicked on

2023-05-12 18:31:43 - [TEST_STEP][PASSED] - click(findTestObject("Object Repository/inventoryPage/products_back-image")): Object: 'Object Repository/inventoryPage/products_back-image' is clicked on

2023-05-12 18:31:43 - [MESSAGE][PASSED] - Object: 'Object Repository/inventoryPage/products_back-image' is clicked on

2023-05-12 18:31:43 - [TEST_STEP][PASSED] - click(findTestObject("Object Repository/inventoryPage/cart")): Object: 'Object Repository/inventoryPage/cart' is clicked on

2023-05-12 18:31:43 - [MESSAGE][PASSED] - Object: 'Object Repository/inventoryPage/cart' is clicked on

2023-05-12 18:31:43 - [TEST_STEP][PASSED] - click(findTestObject("Object Repository/CheckoutPage/button_Checkout")): Object: 'Object Repository/CheckoutPage/button_Checkout' is clicked on

2023-05-12 18:31:44 - [MESSAGE][PASSED] - Object: 'Object Repository/CheckoutPage/button_Checkout' is clicked on

2023-05-12 18:31:44 - [TEST_STEP][PASSED] - sendKeys(findTestObject("Object Repository/checkout-step-one/input_Checkout Your Information_firstName"), "demo"): Keys 'demo' sent to object: 'Object Repository/checkout-step-one/input_Checkout Your Information_firstName'

2023-05-12 18:31:44 - [MESSAGE][PASSED] - Keys 'demo' sent to object: 'Object Repository/checkout-step-one/input_Checkout Your Information_firstName'

2023-05-12 18:31:44 - [TEST_STEP][PASSED] - sendKeys(findTestObject("Object Repository/checkout-step-one/input_Checkout Your Information_lastName"), "qa test"): Keys 'qa test' sent to object: 'Object Repository/checkout-step-one/input_Checkout Your Information_lastName'

2023-05-12 18:31:45 - [MESSAGE][PASSED] - Keys 'qa test' sent to object: 'Object Repository/checkout-step-one/input_Checkout Your Information_lastName'

2023-05-12 18:31:45 - [TEST_STEP][PASSED] - sendKeys(findTestObject("Object Repository/checkout-step-one/input_Checkout Your Information_postalCode"), "9000"): Keys '9000' sent to object: 'Object Repository/checkout-step-one/input_Checkout Your Information_postalCode'

2023-05-12 18:31:46 - [MESSAGE][PASSED] - Keys '9000' sent to object: 'Object Repository/checkout-step-one/input_Checkout Your Information_postalCode'

2023-05-12 18:31:46 - [TEST_STEP][PASSED] - click(findTestObject("Object Repository/checkout-step-one/input_continue")): Object: 'Object Repository/checkout-step-one/input_continue' is clicked on

2023-05-12 18:31:46 - [MESSAGE][PASSED] - Object: 'Object Repository/checkout-step-one/input_continue' is clicked on

2023-05-12 18:31:46 - [TEST_STEP][PASSED] - click(findTestObject("Object Repository/finish checkout/button_Finish")): Object: 'Object Repository/finish checkout/button_Finish' is clicked on

2023-05-12 18:31:47 - [MESSAGE][PASSED] - Object: 'Object Repository/finish checkout/button_Finish' is clicked on

2023-05-12 18:31:47 - [TEST_STEP][PASSED] - verifyElementVisible(findTestObject("Object Repository/order-success/h2_Thank you for your order")): Object 'Object Repository/order-success/h2_Thank you for your order' is visible

2023-05-12 18:31:47 - [MESSAGE][PASSED] - Object 'Object Repository/order-success/h2_Thank you for your order' is visible

2023-05-12 18:31:47 - [TEST_STEP][PASSED] - click(findTestObject("Object Repository/NavSideBar/sidebar")): Object: 'Object Repository/NavSideBar/sidebar' is clicked on

2023-05-12 18:31:48 - [MESSAGE][PASSED] - Object: 'Object Repository/NavSideBar/sidebar' is clicked on

2023-05-12 18:31:48 - [TEST_STEP][PASSED] - click(findTestObject("Object Repository/NavSideBar/a_Logout")): Object: 'Object Repository/NavSideBar/a_Logout' is clicked on

2023-05-12 18:31:48 - [MESSAGE][PASSED] - Object: 'Object Repository/NavSideBar/a_Logout' is clicked on

2023-05-12 18:31:48 - [TEST_STEP][PASSED] - verifyElementVisible(findTestObject("Object Repository/Page_Swag Labs/input_Swag Labs_user-name")): Object 'Object Repository/Page_Swag Labs/input_Swag Labs_user-name' is visible

2023-05-12 18:31:49 - [MESSAGE][PASSED] - Object 'Object Repository/Page_Swag Labs/input_Swag Labs_user-name' is visible

2023-05-12 18:31:49 - [TEST_STEP][PASSED] - closeBrowser(): Browser is closed

2023-05-12 18:31:49 - [MESSAGE][PASSED] - Browser is closed]]></system-out>
         <system-err><![CDATA[]]></system-err>
      </testcase>
      <testcase name="Test Cases/test-flow-1-buy-1-product" time="12.012" classname="Test Cases/test-flow-1-buy-1-product" status="PASSED">
         <system-out><![CDATA[2023-05-12 18:31:49 - [TEST_CASE][PASSED] - Test Cases/test-flow-1-buy-1-product: Test Cases/test-flow-1-buy-1-product

2023-05-12 18:31:49 - [TEST_STEP][PASSED] - openBrowser("https://www.saucedemo.com/"): Browser is opened with url: 'https://www.saucedemo.com/'

2023-05-12 18:31:49 - [MESSAGE][INFO] - Starting 'Chrome' driver

2023-05-12 18:31:49 - [MESSAGE][INFO] - Action delay is set to 0 milliseconds

2023-05-12 18:31:51 - [MESSAGE][PASSED] - Browser is opened with url: 'https://www.saucedemo.com/'

2023-05-12 18:31:51 - [TEST_STEP][PASSED] - click(findTestObject("Object Repository/Page_Swag Labs/input_Swag Labs_user-name")): Object: 'Object Repository/Page_Swag Labs/input_Swag Labs_user-name' is clicked on

2023-05-12 18:31:52 - [MESSAGE][PASSED] - Object: 'Object Repository/Page_Swag Labs/input_Swag Labs_user-name' is clicked on

2023-05-12 18:31:52 - [TEST_STEP][PASSED] - sendKeys(findTestObject("Object Repository/Page_Swag Labs/input_Swag Labs_user-name"), "standard_user"): Keys 'standard_user' sent to object: 'Object Repository/Page_Swag Labs/input_Swag Labs_user-name'

2023-05-12 18:31:52 - [MESSAGE][PASSED] - Keys 'standard_user' sent to object: 'Object Repository/Page_Swag Labs/input_Swag Labs_user-name'

2023-05-12 18:31:52 - [TEST_STEP][PASSED] - click(findTestObject("Object Repository/Page_Swag Labs/input_Swag Labs_password")): Object: 'Object Repository/Page_Swag Labs/input_Swag Labs_password' is clicked on

2023-05-12 18:31:52 - [MESSAGE][PASSED] - Object: 'Object Repository/Page_Swag Labs/input_Swag Labs_password' is clicked on

2023-05-12 18:31:52 - [TEST_STEP][PASSED] - sendKeys(findTestObject("Object Repository/Page_Swag Labs/input_Swag Labs_password"), "secret_sauce"): Keys 'secret_sauce' sent to object: 'Object Repository/Page_Swag Labs/input_Swag Labs_password'

2023-05-12 18:31:53 - [MESSAGE][PASSED] - Keys 'secret_sauce' sent to object: 'Object Repository/Page_Swag Labs/input_Swag Labs_password'

2023-05-12 18:31:53 - [TEST_STEP][PASSED] - click(findTestObject("Object Repository/Page_Swag Labs/input_Swag Labs_login-button")): Object: 'Object Repository/Page_Swag Labs/input_Swag Labs_login-button' is clicked on

2023-05-12 18:31:53 - [MESSAGE][PASSED] - Object: 'Object Repository/Page_Swag Labs/input_Swag Labs_login-button' is clicked on

2023-05-12 18:31:53 - [TEST_STEP][PASSED] - click(findTestObject("Object Repository/inventoryPage/Backpack")): Object: 'Object Repository/inventoryPage/Backpack' is clicked on

2023-05-12 18:31:54 - [MESSAGE][PASSED] - Object: 'Object Repository/inventoryPage/Backpack' is clicked on

2023-05-12 18:31:54 - [TEST_STEP][PASSED] - click(findTestObject("Object Repository/inventoryPage/button_Add to cart")): Object: 'Object Repository/inventoryPage/button_Add to cart' is clicked on

2023-05-12 18:31:54 - [MESSAGE][PASSED] - Object: 'Object Repository/inventoryPage/button_Add to cart' is clicked on

2023-05-12 18:31:54 - [TEST_STEP][PASSED] - click(findTestObject("Object Repository/inventoryPage/products_back-image")): Object: 'Object Repository/inventoryPage/products_back-image' is clicked on

2023-05-12 18:31:55 - [MESSAGE][PASSED] - Object: 'Object Repository/inventoryPage/products_back-image' is clicked on

2023-05-12 18:31:55 - [TEST_STEP][PASSED] - click(findTestObject("Object Repository/inventoryPage/cart")): Object: 'Object Repository/inventoryPage/cart' is clicked on

2023-05-12 18:31:55 - [MESSAGE][PASSED] - Object: 'Object Repository/inventoryPage/cart' is clicked on

2023-05-12 18:31:55 - [TEST_STEP][PASSED] - click(findTestObject("Object Repository/CheckoutPage/button_Checkout")): Object: 'Object Repository/CheckoutPage/button_Checkout' is clicked on

2023-05-12 18:31:56 - [MESSAGE][PASSED] - Object: 'Object Repository/CheckoutPage/button_Checkout' is clicked on

2023-05-12 18:31:56 - [TEST_STEP][PASSED] - sendKeys(findTestObject("Object Repository/checkout-step-one/input_Checkout Your Information_firstName"), "demo"): Keys 'demo' sent to object: 'Object Repository/checkout-step-one/input_Checkout Your Information_firstName'

2023-05-12 18:31:56 - [MESSAGE][PASSED] - Keys 'demo' sent to object: 'Object Repository/checkout-step-one/input_Checkout Your Information_firstName'

2023-05-12 18:31:56 - [TEST_STEP][PASSED] - sendKeys(findTestObject("Object Repository/checkout-step-one/input_Checkout Your Information_lastName"), "qa test"): Keys 'qa test' sent to object: 'Object Repository/checkout-step-one/input_Checkout Your Information_lastName'

2023-05-12 18:31:57 - [MESSAGE][PASSED] - Keys 'qa test' sent to object: 'Object Repository/checkout-step-one/input_Checkout Your Information_lastName'

2023-05-12 18:31:57 - [TEST_STEP][PASSED] - sendKeys(findTestObject("Object Repository/checkout-step-one/input_Checkout Your Information_postalCode"), "9000"): Keys '9000' sent to object: 'Object Repository/checkout-step-one/input_Checkout Your Information_postalCode'

2023-05-12 18:31:57 - [MESSAGE][PASSED] - Keys '9000' sent to object: 'Object Repository/checkout-step-one/input_Checkout Your Information_postalCode'

2023-05-12 18:31:57 - [TEST_STEP][PASSED] - click(findTestObject("Object Repository/checkout-step-one/input_continue")): Object: 'Object Repository/checkout-step-one/input_continue' is clicked on

2023-05-12 18:31:58 - [MESSAGE][PASSED] - Object: 'Object Repository/checkout-step-one/input_continue' is clicked on

2023-05-12 18:31:58 - [TEST_STEP][PASSED] - click(findTestObject("Object Repository/finish checkout/button_Finish")): Object: 'Object Repository/finish checkout/button_Finish' is clicked on

2023-05-12 18:31:59 - [MESSAGE][PASSED] - Object: 'Object Repository/finish checkout/button_Finish' is clicked on

2023-05-12 18:31:59 - [TEST_STEP][PASSED] - verifyElementVisible(findTestObject("Object Repository/order-success/h2_Thank you for your order")): Object 'Object Repository/order-success/h2_Thank you for your order' is visible

2023-05-12 18:31:59 - [MESSAGE][PASSED] - Object 'Object Repository/order-success/h2_Thank you for your order' is visible

2023-05-12 18:31:59 - [TEST_STEP][PASSED] - click(findTestObject("Object Repository/NavSideBar/sidebar")): Object: 'Object Repository/NavSideBar/sidebar' is clicked on

2023-05-12 18:32:00 - [MESSAGE][PASSED] - Object: 'Object Repository/NavSideBar/sidebar' is clicked on

2023-05-12 18:32:00 - [TEST_STEP][PASSED] - click(findTestObject("Object Repository/NavSideBar/a_Logout")): Object: 'Object Repository/NavSideBar/a_Logout' is clicked on

2023-05-12 18:32:00 - [MESSAGE][PASSED] - Object: 'Object Repository/NavSideBar/a_Logout' is clicked on

2023-05-12 18:32:00 - [TEST_STEP][PASSED] - verifyElementVisible(findTestObject("Object Repository/Page_Swag Labs/input_Swag Labs_user-name")): Object 'Object Repository/Page_Swag Labs/input_Swag Labs_user-name' is visible

2023-05-12 18:32:01 - [MESSAGE][PASSED] - Object 'Object Repository/Page_Swag Labs/input_Swag Labs_user-name' is visible

2023-05-12 18:32:01 - [TEST_STEP][PASSED] - closeBrowser(): Browser is closed

2023-05-12 18:32:01 - [MESSAGE][PASSED] - Browser is closed]]></system-out>
         <system-err><![CDATA[]]></system-err>
      </testcase>
      <testcase name="Test Cases/test-flow-1-buy-1-product" time="11.99" classname="Test Cases/test-flow-1-buy-1-product" status="PASSED">
         <system-out><![CDATA[2023-05-12 18:32:01 - [TEST_CASE][PASSED] - Test Cases/test-flow-1-buy-1-product: Test Cases/test-flow-1-buy-1-product

2023-05-12 18:32:01 - [TEST_STEP][PASSED] - openBrowser("https://www.saucedemo.com/"): Browser is opened with url: 'https://www.saucedemo.com/'

2023-05-12 18:32:01 - [MESSAGE][INFO] - Starting 'Chrome' driver

2023-05-12 18:32:01 - [MESSAGE][INFO] - Action delay is set to 0 milliseconds

2023-05-12 18:32:03 - [MESSAGE][PASSED] - Browser is opened with url: 'https://www.saucedemo.com/'

2023-05-12 18:32:03 - [TEST_STEP][PASSED] - click(findTestObject("Object Repository/Page_Swag Labs/input_Swag Labs_user-name")): Object: 'Object Repository/Page_Swag Labs/input_Swag Labs_user-name' is clicked on

2023-05-12 18:32:04 - [MESSAGE][PASSED] - Object: 'Object Repository/Page_Swag Labs/input_Swag Labs_user-name' is clicked on

2023-05-12 18:32:04 - [TEST_STEP][PASSED] - sendKeys(findTestObject("Object Repository/Page_Swag Labs/input_Swag Labs_user-name"), "standard_user"): Keys 'standard_user' sent to object: 'Object Repository/Page_Swag Labs/input_Swag Labs_user-name'

2023-05-12 18:32:04 - [MESSAGE][PASSED] - Keys 'standard_user' sent to object: 'Object Repository/Page_Swag Labs/input_Swag Labs_user-name'

2023-05-12 18:32:04 - [TEST_STEP][PASSED] - click(findTestObject("Object Repository/Page_Swag Labs/input_Swag Labs_password")): Object: 'Object Repository/Page_Swag Labs/input_Swag Labs_password' is clicked on

2023-05-12 18:32:04 - [MESSAGE][PASSED] - Object: 'Object Repository/Page_Swag Labs/input_Swag Labs_password' is clicked on

2023-05-12 18:32:04 - [TEST_STEP][PASSED] - sendKeys(findTestObject("Object Repository/Page_Swag Labs/input_Swag Labs_password"), "secret_sauce"): Keys 'secret_sauce' sent to object: 'Object Repository/Page_Swag Labs/input_Swag Labs_password'

2023-05-12 18:32:05 - [MESSAGE][PASSED] - Keys 'secret_sauce' sent to object: 'Object Repository/Page_Swag Labs/input_Swag Labs_password'

2023-05-12 18:32:05 - [TEST_STEP][PASSED] - click(findTestObject("Object Repository/Page_Swag Labs/input_Swag Labs_login-button")): Object: 'Object Repository/Page_Swag Labs/input_Swag Labs_login-button' is clicked on

2023-05-12 18:32:05 - [MESSAGE][PASSED] - Object: 'Object Repository/Page_Swag Labs/input_Swag Labs_login-button' is clicked on

2023-05-12 18:32:05 - [TEST_STEP][PASSED] - click(findTestObject("Object Repository/inventoryPage/Backpack")): Object: 'Object Repository/inventoryPage/Backpack' is clicked on

2023-05-12 18:32:06 - [MESSAGE][PASSED] - Object: 'Object Repository/inventoryPage/Backpack' is clicked on

2023-05-12 18:32:06 - [TEST_STEP][PASSED] - click(findTestObject("Object Repository/inventoryPage/button_Add to cart")): Object: 'Object Repository/inventoryPage/button_Add to cart' is clicked on

2023-05-12 18:32:06 - [MESSAGE][PASSED] - Object: 'Object Repository/inventoryPage/button_Add to cart' is clicked on

2023-05-12 18:32:06 - [TEST_STEP][PASSED] - click(findTestObject("Object Repository/inventoryPage/products_back-image")): Object: 'Object Repository/inventoryPage/products_back-image' is clicked on

2023-05-12 18:32:07 - [MESSAGE][PASSED] - Object: 'Object Repository/inventoryPage/products_back-image' is clicked on

2023-05-12 18:32:07 - [TEST_STEP][PASSED] - click(findTestObject("Object Repository/inventoryPage/cart")): Object: 'Object Repository/inventoryPage/cart' is clicked on

2023-05-12 18:32:07 - [MESSAGE][PASSED] - Object: 'Object Repository/inventoryPage/cart' is clicked on

2023-05-12 18:32:07 - [TEST_STEP][PASSED] - click(findTestObject("Object Repository/CheckoutPage/button_Checkout")): Object: 'Object Repository/CheckoutPage/button_Checkout' is clicked on

2023-05-12 18:32:08 - [MESSAGE][PASSED] - Object: 'Object Repository/CheckoutPage/button_Checkout' is clicked on

2023-05-12 18:32:08 - [TEST_STEP][PASSED] - sendKeys(findTestObject("Object Repository/checkout-step-one/input_Checkout Your Information_firstName"), "demo"): Keys 'demo' sent to object: 'Object Repository/checkout-step-one/input_Checkout Your Information_firstName'

2023-05-12 18:32:08 - [MESSAGE][PASSED] - Keys 'demo' sent to object: 'Object Repository/checkout-step-one/input_Checkout Your Information_firstName'

2023-05-12 18:32:08 - [TEST_STEP][PASSED] - sendKeys(findTestObject("Object Repository/checkout-step-one/input_Checkout Your Information_lastName"), "qa test"): Keys 'qa test' sent to object: 'Object Repository/checkout-step-one/input_Checkout Your Information_lastName'

2023-05-12 18:32:09 - [MESSAGE][PASSED] - Keys 'qa test' sent to object: 'Object Repository/checkout-step-one/input_Checkout Your Information_lastName'

2023-05-12 18:32:09 - [TEST_STEP][PASSED] - sendKeys(findTestObject("Object Repository/checkout-step-one/input_Checkout Your Information_postalCode"), "9000"): Keys '9000' sent to object: 'Object Repository/checkout-step-one/input_Checkout Your Information_postalCode'

2023-05-12 18:32:09 - [MESSAGE][PASSED] - Keys '9000' sent to object: 'Object Repository/checkout-step-one/input_Checkout Your Information_postalCode'

2023-05-12 18:32:09 - [TEST_STEP][PASSED] - click(findTestObject("Object Repository/checkout-step-one/input_continue")): Object: 'Object Repository/checkout-step-one/input_continue' is clicked on

2023-05-12 18:32:10 - [MESSAGE][PASSED] - Object: 'Object Repository/checkout-step-one/input_continue' is clicked on

2023-05-12 18:32:10 - [TEST_STEP][PASSED] - click(findTestObject("Object Repository/finish checkout/button_Finish")): Object: 'Object Repository/finish checkout/button_Finish' is clicked on

2023-05-12 18:32:11 - [MESSAGE][PASSED] - Object: 'Object Repository/finish checkout/button_Finish' is clicked on

2023-05-12 18:32:11 - [TEST_STEP][PASSED] - verifyElementVisible(findTestObject("Object Repository/order-success/h2_Thank you for your order")): Object 'Object Repository/order-success/h2_Thank you for your order' is visible

2023-05-12 18:32:11 - [MESSAGE][PASSED] - Object 'Object Repository/order-success/h2_Thank you for your order' is visible

2023-05-12 18:32:11 - [TEST_STEP][PASSED] - click(findTestObject("Object Repository/NavSideBar/sidebar")): Object: 'Object Repository/NavSideBar/sidebar' is clicked on

2023-05-12 18:32:12 - [MESSAGE][PASSED] - Object: 'Object Repository/NavSideBar/sidebar' is clicked on

2023-05-12 18:32:12 - [TEST_STEP][PASSED] - click(findTestObject("Object Repository/NavSideBar/a_Logout")): Object: 'Object Repository/NavSideBar/a_Logout' is clicked on

2023-05-12 18:32:12 - [MESSAGE][PASSED] - Object: 'Object Repository/NavSideBar/a_Logout' is clicked on

2023-05-12 18:32:12 - [TEST_STEP][PASSED] - verifyElementVisible(findTestObject("Object Repository/Page_Swag Labs/input_Swag Labs_user-name")): Object 'Object Repository/Page_Swag Labs/input_Swag Labs_user-name' is visible

2023-05-12 18:32:13 - [MESSAGE][PASSED] - Object 'Object Repository/Page_Swag Labs/input_Swag Labs_user-name' is visible

2023-05-12 18:32:13 - [TEST_STEP][PASSED] - closeBrowser(): Browser is closed

2023-05-12 18:32:13 - [MESSAGE][PASSED] - Browser is closed]]></system-out>
         <system-err><![CDATA[]]></system-err>
      </testcase>
      <testcase name="Test Cases/test-flow-1-buy-1-product" time="11.743" classname="Test Cases/test-flow-1-buy-1-product" status="PASSED">
         <system-out><![CDATA[2023-05-12 18:32:13 - [TEST_CASE][PASSED] - Test Cases/test-flow-1-buy-1-product: Test Cases/test-flow-1-buy-1-product

2023-05-12 18:32:13 - [TEST_STEP][PASSED] - openBrowser("https://www.saucedemo.com/"): Browser is opened with url: 'https://www.saucedemo.com/'

2023-05-12 18:32:13 - [MESSAGE][INFO] - Starting 'Chrome' driver

2023-05-12 18:32:13 - [MESSAGE][INFO] - Action delay is set to 0 milliseconds

2023-05-12 18:32:15 - [MESSAGE][PASSED] - Browser is opened with url: 'https://www.saucedemo.com/'

2023-05-12 18:32:15 - [TEST_STEP][PASSED] - click(findTestObject("Object Repository/Page_Swag Labs/input_Swag Labs_user-name")): Object: 'Object Repository/Page_Swag Labs/input_Swag Labs_user-name' is clicked on

2023-05-12 18:32:16 - [MESSAGE][PASSED] - Object: 'Object Repository/Page_Swag Labs/input_Swag Labs_user-name' is clicked on

2023-05-12 18:32:16 - [TEST_STEP][PASSED] - sendKeys(findTestObject("Object Repository/Page_Swag Labs/input_Swag Labs_user-name"), "standard_user"): Keys 'standard_user' sent to object: 'Object Repository/Page_Swag Labs/input_Swag Labs_user-name'

2023-05-12 18:32:16 - [MESSAGE][PASSED] - Keys 'standard_user' sent to object: 'Object Repository/Page_Swag Labs/input_Swag Labs_user-name'

2023-05-12 18:32:16 - [TEST_STEP][PASSED] - click(findTestObject("Object Repository/Page_Swag Labs/input_Swag Labs_password")): Object: 'Object Repository/Page_Swag Labs/input_Swag Labs_password' is clicked on

2023-05-12 18:32:16 - [MESSAGE][PASSED] - Object: 'Object Repository/Page_Swag Labs/input_Swag Labs_password' is clicked on

2023-05-12 18:32:16 - [TEST_STEP][PASSED] - sendKeys(findTestObject("Object Repository/Page_Swag Labs/input_Swag Labs_password"), "secret_sauce"): Keys 'secret_sauce' sent to object: 'Object Repository/Page_Swag Labs/input_Swag Labs_password'

2023-05-12 18:32:17 - [MESSAGE][PASSED] - Keys 'secret_sauce' sent to object: 'Object Repository/Page_Swag Labs/input_Swag Labs_password'

2023-05-12 18:32:17 - [TEST_STEP][PASSED] - click(findTestObject("Object Repository/Page_Swag Labs/input_Swag Labs_login-button")): Object: 'Object Repository/Page_Swag Labs/input_Swag Labs_login-button' is clicked on

2023-05-12 18:32:17 - [MESSAGE][PASSED] - Object: 'Object Repository/Page_Swag Labs/input_Swag Labs_login-button' is clicked on

2023-05-12 18:32:17 - [TEST_STEP][PASSED] - click(findTestObject("Object Repository/inventoryPage/Backpack")): Object: 'Object Repository/inventoryPage/Backpack' is clicked on

2023-05-12 18:32:18 - [MESSAGE][PASSED] - Object: 'Object Repository/inventoryPage/Backpack' is clicked on

2023-05-12 18:32:18 - [TEST_STEP][PASSED] - click(findTestObject("Object Repository/inventoryPage/button_Add to cart")): Object: 'Object Repository/inventoryPage/button_Add to cart' is clicked on

2023-05-12 18:32:18 - [MESSAGE][PASSED] - Object: 'Object Repository/inventoryPage/button_Add to cart' is clicked on

2023-05-12 18:32:18 - [TEST_STEP][PASSED] - click(findTestObject("Object Repository/inventoryPage/products_back-image")): Object: 'Object Repository/inventoryPage/products_back-image' is clicked on

2023-05-12 18:32:19 - [MESSAGE][PASSED] - Object: 'Object Repository/inventoryPage/products_back-image' is clicked on

2023-05-12 18:32:19 - [TEST_STEP][PASSED] - click(findTestObject("Object Repository/inventoryPage/cart")): Object: 'Object Repository/inventoryPage/cart' is clicked on

2023-05-12 18:32:19 - [MESSAGE][PASSED] - Object: 'Object Repository/inventoryPage/cart' is clicked on

2023-05-12 18:32:19 - [TEST_STEP][PASSED] - click(findTestObject("Object Repository/CheckoutPage/button_Checkout")): Object: 'Object Repository/CheckoutPage/button_Checkout' is clicked on

2023-05-12 18:32:20 - [MESSAGE][PASSED] - Object: 'Object Repository/CheckoutPage/button_Checkout' is clicked on

2023-05-12 18:32:20 - [TEST_STEP][PASSED] - sendKeys(findTestObject("Object Repository/checkout-step-one/input_Checkout Your Information_firstName"), "demo"): Keys 'demo' sent to object: 'Object Repository/checkout-step-one/input_Checkout Your Information_firstName'

2023-05-12 18:32:20 - [MESSAGE][PASSED] - Keys 'demo' sent to object: 'Object Repository/checkout-step-one/input_Checkout Your Information_firstName'

2023-05-12 18:32:20 - [TEST_STEP][PASSED] - sendKeys(findTestObject("Object Repository/checkout-step-one/input_Checkout Your Information_lastName"), "qa test"): Keys 'qa test' sent to object: 'Object Repository/checkout-step-one/input_Checkout Your Information_lastName'

2023-05-12 18:32:21 - [MESSAGE][PASSED] - Keys 'qa test' sent to object: 'Object Repository/checkout-step-one/input_Checkout Your Information_lastName'

2023-05-12 18:32:21 - [TEST_STEP][PASSED] - sendKeys(findTestObject("Object Repository/checkout-step-one/input_Checkout Your Information_postalCode"), "9000"): Keys '9000' sent to object: 'Object Repository/checkout-step-one/input_Checkout Your Information_postalCode'

2023-05-12 18:32:21 - [MESSAGE][PASSED] - Keys '9000' sent to object: 'Object Repository/checkout-step-one/input_Checkout Your Information_postalCode'

2023-05-12 18:32:21 - [TEST_STEP][PASSED] - click(findTestObject("Object Repository/checkout-step-one/input_continue")): Object: 'Object Repository/checkout-step-one/input_continue' is clicked on

2023-05-12 18:32:22 - [MESSAGE][PASSED] - Object: 'Object Repository/checkout-step-one/input_continue' is clicked on

2023-05-12 18:32:22 - [TEST_STEP][PASSED] - click(findTestObject("Object Repository/finish checkout/button_Finish")): Object: 'Object Repository/finish checkout/button_Finish' is clicked on

2023-05-12 18:32:22 - [MESSAGE][PASSED] - Object: 'Object Repository/finish checkout/button_Finish' is clicked on

2023-05-12 18:32:22 - [TEST_STEP][PASSED] - verifyElementVisible(findTestObject("Object Repository/order-success/h2_Thank you for your order")): Object 'Object Repository/order-success/h2_Thank you for your order' is visible

2023-05-12 18:32:23 - [MESSAGE][PASSED] - Object 'Object Repository/order-success/h2_Thank you for your order' is visible

2023-05-12 18:32:23 - [TEST_STEP][PASSED] - click(findTestObject("Object Repository/NavSideBar/sidebar")): Object: 'Object Repository/NavSideBar/sidebar' is clicked on

2023-05-12 18:32:23 - [MESSAGE][PASSED] - Object: 'Object Repository/NavSideBar/sidebar' is clicked on

2023-05-12 18:32:23 - [TEST_STEP][PASSED] - click(findTestObject("Object Repository/NavSideBar/a_Logout")): Object: 'Object Repository/NavSideBar/a_Logout' is clicked on

2023-05-12 18:32:24 - [MESSAGE][PASSED] - Object: 'Object Repository/NavSideBar/a_Logout' is clicked on

2023-05-12 18:32:24 - [TEST_STEP][PASSED] - verifyElementVisible(findTestObject("Object Repository/Page_Swag Labs/input_Swag Labs_user-name")): Object 'Object Repository/Page_Swag Labs/input_Swag Labs_user-name' is visible

2023-05-12 18:32:24 - [MESSAGE][PASSED] - Object 'Object Repository/Page_Swag Labs/input_Swag Labs_user-name' is visible

2023-05-12 18:32:24 - [TEST_STEP][PASSED] - closeBrowser(): Browser is closed

2023-05-12 18:32:25 - [MESSAGE][PASSED] - Browser is closed]]></system-out>
         <system-err><![CDATA[]]></system-err>
      </testcase>
      <testcase name="Test Cases/test-flow-1-buy-1-product" time="11.53" classname="Test Cases/test-flow-1-buy-1-product" status="PASSED">
         <system-out><![CDATA[2023-05-12 18:32:25 - [TEST_CASE][PASSED] - Test Cases/test-flow-1-buy-1-product: Test Cases/test-flow-1-buy-1-product

2023-05-12 18:32:25 - [TEST_STEP][PASSED] - openBrowser("https://www.saucedemo.com/"): Browser is opened with url: 'https://www.saucedemo.com/'

2023-05-12 18:32:25 - [MESSAGE][INFO] - Starting 'Chrome' driver

2023-05-12 18:32:25 - [MESSAGE][INFO] - Action delay is set to 0 milliseconds

2023-05-12 18:32:27 - [MESSAGE][PASSED] - Browser is opened with url: 'https://www.saucedemo.com/'

2023-05-12 18:32:27 - [TEST_STEP][PASSED] - click(findTestObject("Object Repository/Page_Swag Labs/input_Swag Labs_user-name")): Object: 'Object Repository/Page_Swag Labs/input_Swag Labs_user-name' is clicked on

2023-05-12 18:32:27 - [MESSAGE][PASSED] - Object: 'Object Repository/Page_Swag Labs/input_Swag Labs_user-name' is clicked on

2023-05-12 18:32:27 - [TEST_STEP][PASSED] - sendKeys(findTestObject("Object Repository/Page_Swag Labs/input_Swag Labs_user-name"), "standard_user"): Keys 'standard_user' sent to object: 'Object Repository/Page_Swag Labs/input_Swag Labs_user-name'

2023-05-12 18:32:28 - [MESSAGE][PASSED] - Keys 'standard_user' sent to object: 'Object Repository/Page_Swag Labs/input_Swag Labs_user-name'

2023-05-12 18:32:28 - [TEST_STEP][PASSED] - click(findTestObject("Object Repository/Page_Swag Labs/input_Swag Labs_password")): Object: 'Object Repository/Page_Swag Labs/input_Swag Labs_password' is clicked on

2023-05-12 18:32:28 - [MESSAGE][PASSED] - Object: 'Object Repository/Page_Swag Labs/input_Swag Labs_password' is clicked on

2023-05-12 18:32:28 - [TEST_STEP][PASSED] - sendKeys(findTestObject("Object Repository/Page_Swag Labs/input_Swag Labs_password"), "secret_sauce"): Keys 'secret_sauce' sent to object: 'Object Repository/Page_Swag Labs/input_Swag Labs_password'

2023-05-12 18:32:28 - [MESSAGE][PASSED] - Keys 'secret_sauce' sent to object: 'Object Repository/Page_Swag Labs/input_Swag Labs_password'

2023-05-12 18:32:28 - [TEST_STEP][PASSED] - click(findTestObject("Object Repository/Page_Swag Labs/input_Swag Labs_login-button")): Object: 'Object Repository/Page_Swag Labs/input_Swag Labs_login-button' is clicked on

2023-05-12 18:32:29 - [MESSAGE][PASSED] - Object: 'Object Repository/Page_Swag Labs/input_Swag Labs_login-button' is clicked on

2023-05-12 18:32:29 - [TEST_STEP][PASSED] - click(findTestObject("Object Repository/inventoryPage/Backpack")): Object: 'Object Repository/inventoryPage/Backpack' is clicked on

2023-05-12 18:32:29 - [MESSAGE][PASSED] - Object: 'Object Repository/inventoryPage/Backpack' is clicked on

2023-05-12 18:32:29 - [TEST_STEP][PASSED] - click(findTestObject("Object Repository/inventoryPage/button_Add to cart")): Object: 'Object Repository/inventoryPage/button_Add to cart' is clicked on

2023-05-12 18:32:30 - [MESSAGE][PASSED] - Object: 'Object Repository/inventoryPage/button_Add to cart' is clicked on

2023-05-12 18:32:30 - [TEST_STEP][PASSED] - click(findTestObject("Object Repository/inventoryPage/products_back-image")): Object: 'Object Repository/inventoryPage/products_back-image' is clicked on

2023-05-12 18:32:30 - [MESSAGE][PASSED] - Object: 'Object Repository/inventoryPage/products_back-image' is clicked on

2023-05-12 18:32:30 - [TEST_STEP][PASSED] - click(findTestObject("Object Repository/inventoryPage/cart")): Object: 'Object Repository/inventoryPage/cart' is clicked on

2023-05-12 18:32:31 - [MESSAGE][PASSED] - Object: 'Object Repository/inventoryPage/cart' is clicked on

2023-05-12 18:32:31 - [TEST_STEP][PASSED] - click(findTestObject("Object Repository/CheckoutPage/button_Checkout")): Object: 'Object Repository/CheckoutPage/button_Checkout' is clicked on

2023-05-12 18:32:31 - [MESSAGE][PASSED] - Object: 'Object Repository/CheckoutPage/button_Checkout' is clicked on

2023-05-12 18:32:31 - [TEST_STEP][PASSED] - sendKeys(findTestObject("Object Repository/checkout-step-one/input_Checkout Your Information_firstName"), "demo"): Keys 'demo' sent to object: 'Object Repository/checkout-step-one/input_Checkout Your Information_firstName'

2023-05-12 18:32:32 - [MESSAGE][PASSED] - Keys 'demo' sent to object: 'Object Repository/checkout-step-one/input_Checkout Your Information_firstName'

2023-05-12 18:32:32 - [TEST_STEP][PASSED] - sendKeys(findTestObject("Object Repository/checkout-step-one/input_Checkout Your Information_lastName"), "qa test"): Keys 'qa test' sent to object: 'Object Repository/checkout-step-one/input_Checkout Your Information_lastName'

2023-05-12 18:32:32 - [MESSAGE][PASSED] - Keys 'qa test' sent to object: 'Object Repository/checkout-step-one/input_Checkout Your Information_lastName'

2023-05-12 18:32:32 - [TEST_STEP][PASSED] - sendKeys(findTestObject("Object Repository/checkout-step-one/input_Checkout Your Information_postalCode"), "9000"): Keys '9000' sent to object: 'Object Repository/checkout-step-one/input_Checkout Your Information_postalCode'

2023-05-12 18:32:33 - [MESSAGE][PASSED] - Keys '9000' sent to object: 'Object Repository/checkout-step-one/input_Checkout Your Information_postalCode'

2023-05-12 18:32:33 - [TEST_STEP][PASSED] - click(findTestObject("Object Repository/checkout-step-one/input_continue")): Object: 'Object Repository/checkout-step-one/input_continue' is clicked on

2023-05-12 18:32:33 - [MESSAGE][PASSED] - Object: 'Object Repository/checkout-step-one/input_continue' is clicked on

2023-05-12 18:32:33 - [TEST_STEP][PASSED] - click(findTestObject("Object Repository/finish checkout/button_Finish")): Object: 'Object Repository/finish checkout/button_Finish' is clicked on

2023-05-12 18:32:34 - [MESSAGE][PASSED] - Object: 'Object Repository/finish checkout/button_Finish' is clicked on

2023-05-12 18:32:34 - [TEST_STEP][PASSED] - verifyElementVisible(findTestObject("Object Repository/order-success/h2_Thank you for your order")): Object 'Object Repository/order-success/h2_Thank you for your order' is visible

2023-05-12 18:32:35 - [MESSAGE][PASSED] - Object 'Object Repository/order-success/h2_Thank you for your order' is visible

2023-05-12 18:32:35 - [TEST_STEP][PASSED] - click(findTestObject("Object Repository/NavSideBar/sidebar")): Object: 'Object Repository/NavSideBar/sidebar' is clicked on

2023-05-12 18:32:35 - [MESSAGE][PASSED] - Object: 'Object Repository/NavSideBar/sidebar' is clicked on

2023-05-12 18:32:35 - [TEST_STEP][PASSED] - click(findTestObject("Object Repository/NavSideBar/a_Logout")): Object: 'Object Repository/NavSideBar/a_Logout' is clicked on

2023-05-12 18:32:35 - [MESSAGE][PASSED] - Object: 'Object Repository/NavSideBar/a_Logout' is clicked on

2023-05-12 18:32:35 - [TEST_STEP][PASSED] - verifyElementVisible(findTestObject("Object Repository/Page_Swag Labs/input_Swag Labs_user-name")): Object 'Object Repository/Page_Swag Labs/input_Swag Labs_user-name' is visible

2023-05-12 18:32:36 - [MESSAGE][PASSED] - Object 'Object Repository/Page_Swag Labs/input_Swag Labs_user-name' is visible

2023-05-12 18:32:36 - [TEST_STEP][PASSED] - closeBrowser(): Browser is closed

2023-05-12 18:32:37 - [MESSAGE][PASSED] - Browser is closed]]></system-out>
         <system-err><![CDATA[]]></system-err>
      </testcase>
      <testcase name="Test Cases/test-flow-1-buy-1-product" time="11.855" classname="Test Cases/test-flow-1-buy-1-product" status="PASSED">
         <system-out><![CDATA[2023-05-12 18:32:37 - [TEST_CASE][PASSED] - Test Cases/test-flow-1-buy-1-product: Test Cases/test-flow-1-buy-1-product

2023-05-12 18:32:37 - [TEST_STEP][PASSED] - openBrowser("https://www.saucedemo.com/"): Browser is opened with url: 'https://www.saucedemo.com/'

2023-05-12 18:32:37 - [MESSAGE][INFO] - Starting 'Chrome' driver

2023-05-12 18:32:37 - [MESSAGE][INFO] - Action delay is set to 0 milliseconds

2023-05-12 18:32:39 - [MESSAGE][PASSED] - Browser is opened with url: 'https://www.saucedemo.com/'

2023-05-12 18:32:39 - [TEST_STEP][PASSED] - click(findTestObject("Object Repository/Page_Swag Labs/input_Swag Labs_user-name")): Object: 'Object Repository/Page_Swag Labs/input_Swag Labs_user-name' is clicked on

2023-05-12 18:32:39 - [MESSAGE][PASSED] - Object: 'Object Repository/Page_Swag Labs/input_Swag Labs_user-name' is clicked on

2023-05-12 18:32:39 - [TEST_STEP][PASSED] - sendKeys(findTestObject("Object Repository/Page_Swag Labs/input_Swag Labs_user-name"), "standard_user"): Keys 'standard_user' sent to object: 'Object Repository/Page_Swag Labs/input_Swag Labs_user-name'

2023-05-12 18:32:39 - [MESSAGE][PASSED] - Keys 'standard_user' sent to object: 'Object Repository/Page_Swag Labs/input_Swag Labs_user-name'

2023-05-12 18:32:39 - [TEST_STEP][PASSED] - click(findTestObject("Object Repository/Page_Swag Labs/input_Swag Labs_password")): Object: 'Object Repository/Page_Swag Labs/input_Swag Labs_password' is clicked on

2023-05-12 18:32:40 - [MESSAGE][PASSED] - Object: 'Object Repository/Page_Swag Labs/input_Swag Labs_password' is clicked on

2023-05-12 18:32:40 - [TEST_STEP][PASSED] - sendKeys(findTestObject("Object Repository/Page_Swag Labs/input_Swag Labs_password"), "secret_sauce"): Keys 'secret_sauce' sent to object: 'Object Repository/Page_Swag Labs/input_Swag Labs_password'

2023-05-12 18:32:40 - [MESSAGE][PASSED] - Keys 'secret_sauce' sent to object: 'Object Repository/Page_Swag Labs/input_Swag Labs_password'

2023-05-12 18:32:40 - [TEST_STEP][PASSED] - click(findTestObject("Object Repository/Page_Swag Labs/input_Swag Labs_login-button")): Object: 'Object Repository/Page_Swag Labs/input_Swag Labs_login-button' is clicked on

2023-05-12 18:32:40 - [MESSAGE][PASSED] - Object: 'Object Repository/Page_Swag Labs/input_Swag Labs_login-button' is clicked on

2023-05-12 18:32:40 - [TEST_STEP][PASSED] - click(findTestObject("Object Repository/inventoryPage/Backpack")): Object: 'Object Repository/inventoryPage/Backpack' is clicked on

2023-05-12 18:32:41 - [MESSAGE][PASSED] - Object: 'Object Repository/inventoryPage/Backpack' is clicked on

2023-05-12 18:32:41 - [TEST_STEP][PASSED] - click(findTestObject("Object Repository/inventoryPage/button_Add to cart")): Object: 'Object Repository/inventoryPage/button_Add to cart' is clicked on

2023-05-12 18:32:41 - [MESSAGE][PASSED] - Object: 'Object Repository/inventoryPage/button_Add to cart' is clicked on

2023-05-12 18:32:41 - [TEST_STEP][PASSED] - click(findTestObject("Object Repository/inventoryPage/products_back-image")): Object: 'Object Repository/inventoryPage/products_back-image' is clicked on

2023-05-12 18:32:42 - [MESSAGE][PASSED] - Object: 'Object Repository/inventoryPage/products_back-image' is clicked on

2023-05-12 18:32:42 - [TEST_STEP][PASSED] - click(findTestObject("Object Repository/inventoryPage/cart")): Object: 'Object Repository/inventoryPage/cart' is clicked on

2023-05-12 18:32:42 - [MESSAGE][PASSED] - Object: 'Object Repository/inventoryPage/cart' is clicked on

2023-05-12 18:32:42 - [TEST_STEP][PASSED] - click(findTestObject("Object Repository/CheckoutPage/button_Checkout")): Object: 'Object Repository/CheckoutPage/button_Checkout' is clicked on

2023-05-12 18:32:43 - [MESSAGE][PASSED] - Object: 'Object Repository/CheckoutPage/button_Checkout' is clicked on

2023-05-12 18:32:43 - [TEST_STEP][PASSED] - sendKeys(findTestObject("Object Repository/checkout-step-one/input_Checkout Your Information_firstName"), "demo"): Keys 'demo' sent to object: 'Object Repository/checkout-step-one/input_Checkout Your Information_firstName'

2023-05-12 18:32:44 - [MESSAGE][PASSED] - Keys 'demo' sent to object: 'Object Repository/checkout-step-one/input_Checkout Your Information_firstName'

2023-05-12 18:32:44 - [TEST_STEP][PASSED] - sendKeys(findTestObject("Object Repository/checkout-step-one/input_Checkout Your Information_lastName"), "qa test"): Keys 'qa test' sent to object: 'Object Repository/checkout-step-one/input_Checkout Your Information_lastName'

2023-05-12 18:32:44 - [MESSAGE][PASSED] - Keys 'qa test' sent to object: 'Object Repository/checkout-step-one/input_Checkout Your Information_lastName'

2023-05-12 18:32:44 - [TEST_STEP][PASSED] - sendKeys(findTestObject("Object Repository/checkout-step-one/input_Checkout Your Information_postalCode"), "9000"): Keys '9000' sent to object: 'Object Repository/checkout-step-one/input_Checkout Your Information_postalCode'

2023-05-12 18:32:45 - [MESSAGE][PASSED] - Keys '9000' sent to object: 'Object Repository/checkout-step-one/input_Checkout Your Information_postalCode'

2023-05-12 18:32:45 - [TEST_STEP][PASSED] - click(findTestObject("Object Repository/checkout-step-one/input_continue")): Object: 'Object Repository/checkout-step-one/input_continue' is clicked on

2023-05-12 18:32:45 - [MESSAGE][PASSED] - Object: 'Object Repository/checkout-step-one/input_continue' is clicked on

2023-05-12 18:32:45 - [TEST_STEP][PASSED] - click(findTestObject("Object Repository/finish checkout/button_Finish")): Object: 'Object Repository/finish checkout/button_Finish' is clicked on

2023-05-12 18:32:46 - [MESSAGE][PASSED] - Object: 'Object Repository/finish checkout/button_Finish' is clicked on

2023-05-12 18:32:46 - [TEST_STEP][PASSED] - verifyElementVisible(findTestObject("Object Repository/order-success/h2_Thank you for your order")): Object 'Object Repository/order-success/h2_Thank you for your order' is visible

2023-05-12 18:32:46 - [MESSAGE][PASSED] - Object 'Object Repository/order-success/h2_Thank you for your order' is visible

2023-05-12 18:32:46 - [TEST_STEP][PASSED] - click(findTestObject("Object Repository/NavSideBar/sidebar")): Object: 'Object Repository/NavSideBar/sidebar' is clicked on

2023-05-12 18:32:47 - [MESSAGE][PASSED] - Object: 'Object Repository/NavSideBar/sidebar' is clicked on

2023-05-12 18:32:47 - [TEST_STEP][PASSED] - click(findTestObject("Object Repository/NavSideBar/a_Logout")): Object: 'Object Repository/NavSideBar/a_Logout' is clicked on

2023-05-12 18:32:47 - [MESSAGE][PASSED] - Object: 'Object Repository/NavSideBar/a_Logout' is clicked on

2023-05-12 18:32:47 - [TEST_STEP][PASSED] - verifyElementVisible(findTestObject("Object Repository/Page_Swag Labs/input_Swag Labs_user-name")): Object 'Object Repository/Page_Swag Labs/input_Swag Labs_user-name' is visible

2023-05-12 18:32:48 - [MESSAGE][PASSED] - Object 'Object Repository/Page_Swag Labs/input_Swag Labs_user-name' is visible

2023-05-12 18:32:48 - [TEST_STEP][PASSED] - closeBrowser(): Browser is closed

2023-05-12 18:32:49 - [MESSAGE][PASSED] - Browser is closed]]></system-out>
         <system-err><![CDATA[]]></system-err>
      </testcase>
      <testcase name="Test Cases/test-flow-1-buy-1-product" time="11.97" classname="Test Cases/test-flow-1-buy-1-product" status="PASSED">
         <system-out><![CDATA[2023-05-12 18:32:49 - [TEST_CASE][PASSED] - Test Cases/test-flow-1-buy-1-product: Test Cases/test-flow-1-buy-1-product

2023-05-12 18:32:49 - [TEST_STEP][PASSED] - openBrowser("https://www.saucedemo.com/"): Browser is opened with url: 'https://www.saucedemo.com/'

2023-05-12 18:32:49 - [MESSAGE][INFO] - Starting 'Chrome' driver

2023-05-12 18:32:49 - [MESSAGE][INFO] - Action delay is set to 0 milliseconds

2023-05-12 18:32:51 - [MESSAGE][PASSED] - Browser is opened with url: 'https://www.saucedemo.com/'

2023-05-12 18:32:51 - [TEST_STEP][PASSED] - click(findTestObject("Object Repository/Page_Swag Labs/input_Swag Labs_user-name")): Object: 'Object Repository/Page_Swag Labs/input_Swag Labs_user-name' is clicked on

2023-05-12 18:32:51 - [MESSAGE][PASSED] - Object: 'Object Repository/Page_Swag Labs/input_Swag Labs_user-name' is clicked on

2023-05-12 18:32:51 - [TEST_STEP][PASSED] - sendKeys(findTestObject("Object Repository/Page_Swag Labs/input_Swag Labs_user-name"), "standard_user"): Keys 'standard_user' sent to object: 'Object Repository/Page_Swag Labs/input_Swag Labs_user-name'

2023-05-12 18:32:51 - [MESSAGE][PASSED] - Keys 'standard_user' sent to object: 'Object Repository/Page_Swag Labs/input_Swag Labs_user-name'

2023-05-12 18:32:51 - [TEST_STEP][PASSED] - click(findTestObject("Object Repository/Page_Swag Labs/input_Swag Labs_password")): Object: 'Object Repository/Page_Swag Labs/input_Swag Labs_password' is clicked on

2023-05-12 18:32:52 - [MESSAGE][PASSED] - Object: 'Object Repository/Page_Swag Labs/input_Swag Labs_password' is clicked on

2023-05-12 18:32:52 - [TEST_STEP][PASSED] - sendKeys(findTestObject("Object Repository/Page_Swag Labs/input_Swag Labs_password"), "secret_sauce"): Keys 'secret_sauce' sent to object: 'Object Repository/Page_Swag Labs/input_Swag Labs_password'

2023-05-12 18:32:52 - [MESSAGE][PASSED] - Keys 'secret_sauce' sent to object: 'Object Repository/Page_Swag Labs/input_Swag Labs_password'

2023-05-12 18:32:52 - [TEST_STEP][PASSED] - click(findTestObject("Object Repository/Page_Swag Labs/input_Swag Labs_login-button")): Object: 'Object Repository/Page_Swag Labs/input_Swag Labs_login-button' is clicked on

2023-05-12 18:32:52 - [MESSAGE][PASSED] - Object: 'Object Repository/Page_Swag Labs/input_Swag Labs_login-button' is clicked on

2023-05-12 18:32:52 - [TEST_STEP][PASSED] - click(findTestObject("Object Repository/inventoryPage/Backpack")): Object: 'Object Repository/inventoryPage/Backpack' is clicked on

2023-05-12 18:32:53 - [MESSAGE][PASSED] - Object: 'Object Repository/inventoryPage/Backpack' is clicked on

2023-05-12 18:32:53 - [TEST_STEP][PASSED] - click(findTestObject("Object Repository/inventoryPage/button_Add to cart")): Object: 'Object Repository/inventoryPage/button_Add to cart' is clicked on

2023-05-12 18:32:53 - [MESSAGE][PASSED] - Object: 'Object Repository/inventoryPage/button_Add to cart' is clicked on

2023-05-12 18:32:53 - [TEST_STEP][PASSED] - click(findTestObject("Object Repository/inventoryPage/products_back-image")): Object: 'Object Repository/inventoryPage/products_back-image' is clicked on

2023-05-12 18:32:54 - [MESSAGE][PASSED] - Object: 'Object Repository/inventoryPage/products_back-image' is clicked on

2023-05-12 18:32:54 - [TEST_STEP][PASSED] - click(findTestObject("Object Repository/inventoryPage/cart")): Object: 'Object Repository/inventoryPage/cart' is clicked on

2023-05-12 18:32:54 - [MESSAGE][PASSED] - Object: 'Object Repository/inventoryPage/cart' is clicked on

2023-05-12 18:32:54 - [TEST_STEP][PASSED] - click(findTestObject("Object Repository/CheckoutPage/button_Checkout")): Object: 'Object Repository/CheckoutPage/button_Checkout' is clicked on

2023-05-12 18:32:55 - [MESSAGE][PASSED] - Object: 'Object Repository/CheckoutPage/button_Checkout' is clicked on

2023-05-12 18:32:55 - [TEST_STEP][PASSED] - sendKeys(findTestObject("Object Repository/checkout-step-one/input_Checkout Your Information_firstName"), "demo"): Keys 'demo' sent to object: 'Object Repository/checkout-step-one/input_Checkout Your Information_firstName'

2023-05-12 18:32:56 - [MESSAGE][PASSED] - Keys 'demo' sent to object: 'Object Repository/checkout-step-one/input_Checkout Your Information_firstName'

2023-05-12 18:32:56 - [TEST_STEP][PASSED] - sendKeys(findTestObject("Object Repository/checkout-step-one/input_Checkout Your Information_lastName"), "qa test"): Keys 'qa test' sent to object: 'Object Repository/checkout-step-one/input_Checkout Your Information_lastName'

2023-05-12 18:32:56 - [MESSAGE][PASSED] - Keys 'qa test' sent to object: 'Object Repository/checkout-step-one/input_Checkout Your Information_lastName'

2023-05-12 18:32:56 - [TEST_STEP][PASSED] - sendKeys(findTestObject("Object Repository/checkout-step-one/input_Checkout Your Information_postalCode"), "9000"): Keys '9000' sent to object: 'Object Repository/checkout-step-one/input_Checkout Your Information_postalCode'

2023-05-12 18:32:57 - [MESSAGE][PASSED] - Keys '9000' sent to object: 'Object Repository/checkout-step-one/input_Checkout Your Information_postalCode'

2023-05-12 18:32:57 - [TEST_STEP][PASSED] - click(findTestObject("Object Repository/checkout-step-one/input_continue")): Object: 'Object Repository/checkout-step-one/input_continue' is clicked on

2023-05-12 18:32:57 - [MESSAGE][PASSED] - Object: 'Object Repository/checkout-step-one/input_continue' is clicked on

2023-05-12 18:32:57 - [TEST_STEP][PASSED] - click(findTestObject("Object Repository/finish checkout/button_Finish")): Object: 'Object Repository/finish checkout/button_Finish' is clicked on

2023-05-12 18:32:58 - [MESSAGE][PASSED] - Object: 'Object Repository/finish checkout/button_Finish' is clicked on

2023-05-12 18:32:58 - [TEST_STEP][PASSED] - verifyElementVisible(findTestObject("Object Repository/order-success/h2_Thank you for your order")): Object 'Object Repository/order-success/h2_Thank you for your order' is visible

2023-05-12 18:32:58 - [MESSAGE][PASSED] - Object 'Object Repository/order-success/h2_Thank you for your order' is visible

2023-05-12 18:32:58 - [TEST_STEP][PASSED] - click(findTestObject("Object Repository/NavSideBar/sidebar")): Object: 'Object Repository/NavSideBar/sidebar' is clicked on

2023-05-12 18:32:59 - [MESSAGE][PASSED] - Object: 'Object Repository/NavSideBar/sidebar' is clicked on

2023-05-12 18:32:59 - [TEST_STEP][PASSED] - click(findTestObject("Object Repository/NavSideBar/a_Logout")): Object: 'Object Repository/NavSideBar/a_Logout' is clicked on

2023-05-12 18:32:59 - [MESSAGE][PASSED] - Object: 'Object Repository/NavSideBar/a_Logout' is clicked on

2023-05-12 18:32:59 - [TEST_STEP][PASSED] - verifyElementVisible(findTestObject("Object Repository/Page_Swag Labs/input_Swag Labs_user-name")): Object 'Object Repository/Page_Swag Labs/input_Swag Labs_user-name' is visible

2023-05-12 18:33:00 - [MESSAGE][PASSED] - Object 'Object Repository/Page_Swag Labs/input_Swag Labs_user-name' is visible

2023-05-12 18:33:00 - [TEST_STEP][PASSED] - closeBrowser(): Browser is closed

2023-05-12 18:33:01 - [MESSAGE][PASSED] - Browser is closed]]></system-out>
         <system-err><![CDATA[]]></system-err>
      </testcase>
      <testcase name="Test Cases/test-flow-1-buy-1-product" time="11.827" classname="Test Cases/test-flow-1-buy-1-product" status="PASSED">
         <system-out><![CDATA[2023-05-12 18:33:01 - [TEST_CASE][PASSED] - Test Cases/test-flow-1-buy-1-product: Test Cases/test-flow-1-buy-1-product

2023-05-12 18:33:01 - [TEST_STEP][PASSED] - openBrowser("https://www.saucedemo.com/"): Browser is opened with url: 'https://www.saucedemo.com/'

2023-05-12 18:33:01 - [MESSAGE][INFO] - Starting 'Chrome' driver

2023-05-12 18:33:01 - [MESSAGE][INFO] - Action delay is set to 0 milliseconds

2023-05-12 18:33:02 - [MESSAGE][PASSED] - Browser is opened with url: 'https://www.saucedemo.com/'

2023-05-12 18:33:02 - [TEST_STEP][PASSED] - click(findTestObject("Object Repository/Page_Swag Labs/input_Swag Labs_user-name")): Object: 'Object Repository/Page_Swag Labs/input_Swag Labs_user-name' is clicked on

2023-05-12 18:33:03 - [MESSAGE][PASSED] - Object: 'Object Repository/Page_Swag Labs/input_Swag Labs_user-name' is clicked on

2023-05-12 18:33:03 - [TEST_STEP][PASSED] - sendKeys(findTestObject("Object Repository/Page_Swag Labs/input_Swag Labs_user-name"), "standard_user"): Keys 'standard_user' sent to object: 'Object Repository/Page_Swag Labs/input_Swag Labs_user-name'

2023-05-12 18:33:03 - [MESSAGE][PASSED] - Keys 'standard_user' sent to object: 'Object Repository/Page_Swag Labs/input_Swag Labs_user-name'

2023-05-12 18:33:03 - [TEST_STEP][PASSED] - click(findTestObject("Object Repository/Page_Swag Labs/input_Swag Labs_password")): Object: 'Object Repository/Page_Swag Labs/input_Swag Labs_password' is clicked on

2023-05-12 18:33:04 - [MESSAGE][PASSED] - Object: 'Object Repository/Page_Swag Labs/input_Swag Labs_password' is clicked on

2023-05-12 18:33:04 - [TEST_STEP][PASSED] - sendKeys(findTestObject("Object Repository/Page_Swag Labs/input_Swag Labs_password"), "secret_sauce"): Keys 'secret_sauce' sent to object: 'Object Repository/Page_Swag Labs/input_Swag Labs_password'

2023-05-12 18:33:04 - [MESSAGE][PASSED] - Keys 'secret_sauce' sent to object: 'Object Repository/Page_Swag Labs/input_Swag Labs_password'

2023-05-12 18:33:04 - [TEST_STEP][PASSED] - click(findTestObject("Object Repository/Page_Swag Labs/input_Swag Labs_login-button")): Object: 'Object Repository/Page_Swag Labs/input_Swag Labs_login-button' is clicked on

2023-05-12 18:33:04 - [MESSAGE][PASSED] - Object: 'Object Repository/Page_Swag Labs/input_Swag Labs_login-button' is clicked on

2023-05-12 18:33:04 - [TEST_STEP][PASSED] - click(findTestObject("Object Repository/inventoryPage/Backpack")): Object: 'Object Repository/inventoryPage/Backpack' is clicked on

2023-05-12 18:33:05 - [MESSAGE][PASSED] - Object: 'Object Repository/inventoryPage/Backpack' is clicked on

2023-05-12 18:33:05 - [TEST_STEP][PASSED] - click(findTestObject("Object Repository/inventoryPage/button_Add to cart")): Object: 'Object Repository/inventoryPage/button_Add to cart' is clicked on

2023-05-12 18:33:05 - [MESSAGE][PASSED] - Object: 'Object Repository/inventoryPage/button_Add to cart' is clicked on

2023-05-12 18:33:05 - [TEST_STEP][PASSED] - click(findTestObject("Object Repository/inventoryPage/products_back-image")): Object: 'Object Repository/inventoryPage/products_back-image' is clicked on

2023-05-12 18:33:06 - [MESSAGE][PASSED] - Object: 'Object Repository/inventoryPage/products_back-image' is clicked on

2023-05-12 18:33:06 - [TEST_STEP][PASSED] - click(findTestObject("Object Repository/inventoryPage/cart")): Object: 'Object Repository/inventoryPage/cart' is clicked on

2023-05-12 18:33:06 - [MESSAGE][PASSED] - Object: 'Object Repository/inventoryPage/cart' is clicked on

2023-05-12 18:33:06 - [TEST_STEP][PASSED] - click(findTestObject("Object Repository/CheckoutPage/button_Checkout")): Object: 'Object Repository/CheckoutPage/button_Checkout' is clicked on

2023-05-12 18:33:07 - [MESSAGE][PASSED] - Object: 'Object Repository/CheckoutPage/button_Checkout' is clicked on

2023-05-12 18:33:07 - [TEST_STEP][PASSED] - sendKeys(findTestObject("Object Repository/checkout-step-one/input_Checkout Your Information_firstName"), "demo"): Keys 'demo' sent to object: 'Object Repository/checkout-step-one/input_Checkout Your Information_firstName'

2023-05-12 18:33:07 - [MESSAGE][PASSED] - Keys 'demo' sent to object: 'Object Repository/checkout-step-one/input_Checkout Your Information_firstName'

2023-05-12 18:33:07 - [TEST_STEP][PASSED] - sendKeys(findTestObject("Object Repository/checkout-step-one/input_Checkout Your Information_lastName"), "qa test"): Keys 'qa test' sent to object: 'Object Repository/checkout-step-one/input_Checkout Your Information_lastName'

2023-05-12 18:33:08 - [MESSAGE][PASSED] - Keys 'qa test' sent to object: 'Object Repository/checkout-step-one/input_Checkout Your Information_lastName'

2023-05-12 18:33:08 - [TEST_STEP][PASSED] - sendKeys(findTestObject("Object Repository/checkout-step-one/input_Checkout Your Information_postalCode"), "9000"): Keys '9000' sent to object: 'Object Repository/checkout-step-one/input_Checkout Your Information_postalCode'

2023-05-12 18:33:08 - [MESSAGE][PASSED] - Keys '9000' sent to object: 'Object Repository/checkout-step-one/input_Checkout Your Information_postalCode'

2023-05-12 18:33:08 - [TEST_STEP][PASSED] - click(findTestObject("Object Repository/checkout-step-one/input_continue")): Object: 'Object Repository/checkout-step-one/input_continue' is clicked on

2023-05-12 18:33:09 - [MESSAGE][PASSED] - Object: 'Object Repository/checkout-step-one/input_continue' is clicked on

2023-05-12 18:33:09 - [TEST_STEP][PASSED] - click(findTestObject("Object Repository/finish checkout/button_Finish")): Object: 'Object Repository/finish checkout/button_Finish' is clicked on

2023-05-12 18:33:10 - [MESSAGE][PASSED] - Object: 'Object Repository/finish checkout/button_Finish' is clicked on

2023-05-12 18:33:10 - [TEST_STEP][PASSED] - verifyElementVisible(findTestObject("Object Repository/order-success/h2_Thank you for your order")): Object 'Object Repository/order-success/h2_Thank you for your order' is visible

2023-05-12 18:33:10 - [MESSAGE][PASSED] - Object 'Object Repository/order-success/h2_Thank you for your order' is visible

2023-05-12 18:33:10 - [TEST_STEP][PASSED] - click(findTestObject("Object Repository/NavSideBar/sidebar")): Object: 'Object Repository/NavSideBar/sidebar' is clicked on

2023-05-12 18:33:11 - [MESSAGE][PASSED] - Object: 'Object Repository/NavSideBar/sidebar' is clicked on

2023-05-12 18:33:11 - [TEST_STEP][PASSED] - click(findTestObject("Object Repository/NavSideBar/a_Logout")): Object: 'Object Repository/NavSideBar/a_Logout' is clicked on

2023-05-12 18:33:11 - [MESSAGE][PASSED] - Object: 'Object Repository/NavSideBar/a_Logout' is clicked on

2023-05-12 18:33:11 - [TEST_STEP][PASSED] - verifyElementVisible(findTestObject("Object Repository/Page_Swag Labs/input_Swag Labs_user-name")): Object 'Object Repository/Page_Swag Labs/input_Swag Labs_user-name' is visible

2023-05-12 18:33:12 - [MESSAGE][PASSED] - Object 'Object Repository/Page_Swag Labs/input_Swag Labs_user-name' is visible

2023-05-12 18:33:12 - [TEST_STEP][PASSED] - closeBrowser(): Browser is closed

2023-05-12 18:33:12 - [MESSAGE][PASSED] - Browser is closed]]></system-out>
         <system-err><![CDATA[]]></system-err>
      </testcase>
      <testcase name="Test Cases/test-flow-1-buy-1-product" time="11.879" classname="Test Cases/test-flow-1-buy-1-product" status="PASSED">
         <system-out><![CDATA[2023-05-12 18:33:12 - [TEST_CASE][PASSED] - Test Cases/test-flow-1-buy-1-product: Test Cases/test-flow-1-buy-1-product

2023-05-12 18:33:12 - [TEST_STEP][PASSED] - openBrowser("https://www.saucedemo.com/"): Browser is opened with url: 'https://www.saucedemo.com/'

2023-05-12 18:33:12 - [MESSAGE][INFO] - Starting 'Chrome' driver

2023-05-12 18:33:12 - [MESSAGE][INFO] - Action delay is set to 0 milliseconds

2023-05-12 18:33:14 - [MESSAGE][PASSED] - Browser is opened with url: 'https://www.saucedemo.com/'

2023-05-12 18:33:14 - [TEST_STEP][PASSED] - click(findTestObject("Object Repository/Page_Swag Labs/input_Swag Labs_user-name")): Object: 'Object Repository/Page_Swag Labs/input_Swag Labs_user-name' is clicked on

2023-05-12 18:33:15 - [MESSAGE][PASSED] - Object: 'Object Repository/Page_Swag Labs/input_Swag Labs_user-name' is clicked on

2023-05-12 18:33:15 - [TEST_STEP][PASSED] - sendKeys(findTestObject("Object Repository/Page_Swag Labs/input_Swag Labs_user-name"), "standard_user"): Keys 'standard_user' sent to object: 'Object Repository/Page_Swag Labs/input_Swag Labs_user-name'

2023-05-12 18:33:15 - [MESSAGE][PASSED] - Keys 'standard_user' sent to object: 'Object Repository/Page_Swag Labs/input_Swag Labs_user-name'

2023-05-12 18:33:15 - [TEST_STEP][PASSED] - click(findTestObject("Object Repository/Page_Swag Labs/input_Swag Labs_password")): Object: 'Object Repository/Page_Swag Labs/input_Swag Labs_password' is clicked on

2023-05-12 18:33:15 - [MESSAGE][PASSED] - Object: 'Object Repository/Page_Swag Labs/input_Swag Labs_password' is clicked on

2023-05-12 18:33:15 - [TEST_STEP][PASSED] - sendKeys(findTestObject("Object Repository/Page_Swag Labs/input_Swag Labs_password"), "secret_sauce"): Keys 'secret_sauce' sent to object: 'Object Repository/Page_Swag Labs/input_Swag Labs_password'

2023-05-12 18:33:16 - [MESSAGE][PASSED] - Keys 'secret_sauce' sent to object: 'Object Repository/Page_Swag Labs/input_Swag Labs_password'

2023-05-12 18:33:16 - [TEST_STEP][PASSED] - click(findTestObject("Object Repository/Page_Swag Labs/input_Swag Labs_login-button")): Object: 'Object Repository/Page_Swag Labs/input_Swag Labs_login-button' is clicked on

2023-05-12 18:33:16 - [MESSAGE][PASSED] - Object: 'Object Repository/Page_Swag Labs/input_Swag Labs_login-button' is clicked on

2023-05-12 18:33:16 - [TEST_STEP][PASSED] - click(findTestObject("Object Repository/inventoryPage/Backpack")): Object: 'Object Repository/inventoryPage/Backpack' is clicked on

2023-05-12 18:33:17 - [MESSAGE][PASSED] - Object: 'Object Repository/inventoryPage/Backpack' is clicked on

2023-05-12 18:33:17 - [TEST_STEP][PASSED] - click(findTestObject("Object Repository/inventoryPage/button_Add to cart")): Object: 'Object Repository/inventoryPage/button_Add to cart' is clicked on

2023-05-12 18:33:17 - [MESSAGE][PASSED] - Object: 'Object Repository/inventoryPage/button_Add to cart' is clicked on

2023-05-12 18:33:17 - [TEST_STEP][PASSED] - click(findTestObject("Object Repository/inventoryPage/products_back-image")): Object: 'Object Repository/inventoryPage/products_back-image' is clicked on

2023-05-12 18:33:18 - [MESSAGE][PASSED] - Object: 'Object Repository/inventoryPage/products_back-image' is clicked on

2023-05-12 18:33:18 - [TEST_STEP][PASSED] - click(findTestObject("Object Repository/inventoryPage/cart")): Object: 'Object Repository/inventoryPage/cart' is clicked on

2023-05-12 18:33:18 - [MESSAGE][PASSED] - Object: 'Object Repository/inventoryPage/cart' is clicked on

2023-05-12 18:33:18 - [TEST_STEP][PASSED] - click(findTestObject("Object Repository/CheckoutPage/button_Checkout")): Object: 'Object Repository/CheckoutPage/button_Checkout' is clicked on

2023-05-12 18:33:19 - [MESSAGE][PASSED] - Object: 'Object Repository/CheckoutPage/button_Checkout' is clicked on

2023-05-12 18:33:19 - [TEST_STEP][PASSED] - sendKeys(findTestObject("Object Repository/checkout-step-one/input_Checkout Your Information_firstName"), "demo"): Keys 'demo' sent to object: 'Object Repository/checkout-step-one/input_Checkout Your Information_firstName'

2023-05-12 18:33:19 - [MESSAGE][PASSED] - Keys 'demo' sent to object: 'Object Repository/checkout-step-one/input_Checkout Your Information_firstName'

2023-05-12 18:33:19 - [TEST_STEP][PASSED] - sendKeys(findTestObject("Object Repository/checkout-step-one/input_Checkout Your Information_lastName"), "qa test"): Keys 'qa test' sent to object: 'Object Repository/checkout-step-one/input_Checkout Your Information_lastName'

2023-05-12 18:33:20 - [MESSAGE][PASSED] - Keys 'qa test' sent to object: 'Object Repository/checkout-step-one/input_Checkout Your Information_lastName'

2023-05-12 18:33:20 - [TEST_STEP][PASSED] - sendKeys(findTestObject("Object Repository/checkout-step-one/input_Checkout Your Information_postalCode"), "9000"): Keys '9000' sent to object: 'Object Repository/checkout-step-one/input_Checkout Your Information_postalCode'

2023-05-12 18:33:20 - [MESSAGE][PASSED] - Keys '9000' sent to object: 'Object Repository/checkout-step-one/input_Checkout Your Information_postalCode'

2023-05-12 18:33:20 - [TEST_STEP][PASSED] - click(findTestObject("Object Repository/checkout-step-one/input_continue")): Object: 'Object Repository/checkout-step-one/input_continue' is clicked on

2023-05-12 18:33:21 - [MESSAGE][PASSED] - Object: 'Object Repository/checkout-step-one/input_continue' is clicked on

2023-05-12 18:33:21 - [TEST_STEP][PASSED] - click(findTestObject("Object Repository/finish checkout/button_Finish")): Object: 'Object Repository/finish checkout/button_Finish' is clicked on

2023-05-12 18:33:21 - [MESSAGE][PASSED] - Object: 'Object Repository/finish checkout/button_Finish' is clicked on

2023-05-12 18:33:21 - [TEST_STEP][PASSED] - verifyElementVisible(findTestObject("Object Repository/order-success/h2_Thank you for your order")): Object 'Object Repository/order-success/h2_Thank you for your order' is visible

2023-05-12 18:33:22 - [MESSAGE][PASSED] - Object 'Object Repository/order-success/h2_Thank you for your order' is visible

2023-05-12 18:33:22 - [TEST_STEP][PASSED] - click(findTestObject("Object Repository/NavSideBar/sidebar")): Object: 'Object Repository/NavSideBar/sidebar' is clicked on

2023-05-12 18:33:22 - [MESSAGE][PASSED] - Object: 'Object Repository/NavSideBar/sidebar' is clicked on

2023-05-12 18:33:22 - [TEST_STEP][PASSED] - click(findTestObject("Object Repository/NavSideBar/a_Logout")): Object: 'Object Repository/NavSideBar/a_Logout' is clicked on

2023-05-12 18:33:23 - [MESSAGE][PASSED] - Object: 'Object Repository/NavSideBar/a_Logout' is clicked on

2023-05-12 18:33:23 - [TEST_STEP][PASSED] - verifyElementVisible(findTestObject("Object Repository/Page_Swag Labs/input_Swag Labs_user-name")): Object 'Object Repository/Page_Swag Labs/input_Swag Labs_user-name' is visible

2023-05-12 18:33:24 - [MESSAGE][PASSED] - Object 'Object Repository/Page_Swag Labs/input_Swag Labs_user-name' is visible

2023-05-12 18:33:24 - [TEST_STEP][PASSED] - closeBrowser(): Browser is closed

2023-05-12 18:33:24 - [MESSAGE][PASSED] - Browser is closed]]></system-out>
         <system-err><![CDATA[]]></system-err>
      </testcase>
      <testcase name="Test Cases/test-flow-1-buy-1-product" time="11.992" classname="Test Cases/test-flow-1-buy-1-product" status="PASSED">
         <system-out><![CDATA[2023-05-12 18:33:24 - [TEST_CASE][PASSED] - Test Cases/test-flow-1-buy-1-product: Test Cases/test-flow-1-buy-1-product

2023-05-12 18:33:24 - [TEST_STEP][PASSED] - openBrowser("https://www.saucedemo.com/"): Browser is opened with url: 'https://www.saucedemo.com/'

2023-05-12 18:33:24 - [MESSAGE][INFO] - Starting 'Chrome' driver

2023-05-12 18:33:24 - [MESSAGE][INFO] - Action delay is set to 0 milliseconds

2023-05-12 18:33:26 - [MESSAGE][PASSED] - Browser is opened with url: 'https://www.saucedemo.com/'

2023-05-12 18:33:26 - [TEST_STEP][PASSED] - click(findTestObject("Object Repository/Page_Swag Labs/input_Swag Labs_user-name")): Object: 'Object Repository/Page_Swag Labs/input_Swag Labs_user-name' is clicked on

2023-05-12 18:33:27 - [MESSAGE][PASSED] - Object: 'Object Repository/Page_Swag Labs/input_Swag Labs_user-name' is clicked on

2023-05-12 18:33:27 - [TEST_STEP][PASSED] - sendKeys(findTestObject("Object Repository/Page_Swag Labs/input_Swag Labs_user-name"), "standard_user"): Keys 'standard_user' sent to object: 'Object Repository/Page_Swag Labs/input_Swag Labs_user-name'

2023-05-12 18:33:27 - [MESSAGE][PASSED] - Keys 'standard_user' sent to object: 'Object Repository/Page_Swag Labs/input_Swag Labs_user-name'

2023-05-12 18:33:27 - [TEST_STEP][PASSED] - click(findTestObject("Object Repository/Page_Swag Labs/input_Swag Labs_password")): Object: 'Object Repository/Page_Swag Labs/input_Swag Labs_password' is clicked on

2023-05-12 18:33:27 - [MESSAGE][PASSED] - Object: 'Object Repository/Page_Swag Labs/input_Swag Labs_password' is clicked on

2023-05-12 18:33:27 - [TEST_STEP][PASSED] - sendKeys(findTestObject("Object Repository/Page_Swag Labs/input_Swag Labs_password"), "secret_sauce"): Keys 'secret_sauce' sent to object: 'Object Repository/Page_Swag Labs/input_Swag Labs_password'

2023-05-12 18:33:28 - [MESSAGE][PASSED] - Keys 'secret_sauce' sent to object: 'Object Repository/Page_Swag Labs/input_Swag Labs_password'

2023-05-12 18:33:28 - [TEST_STEP][PASSED] - click(findTestObject("Object Repository/Page_Swag Labs/input_Swag Labs_login-button")): Object: 'Object Repository/Page_Swag Labs/input_Swag Labs_login-button' is clicked on

2023-05-12 18:33:28 - [MESSAGE][PASSED] - Object: 'Object Repository/Page_Swag Labs/input_Swag Labs_login-button' is clicked on

2023-05-12 18:33:28 - [TEST_STEP][PASSED] - click(findTestObject("Object Repository/inventoryPage/Backpack")): Object: 'Object Repository/inventoryPage/Backpack' is clicked on

2023-05-12 18:33:29 - [MESSAGE][PASSED] - Object: 'Object Repository/inventoryPage/Backpack' is clicked on

2023-05-12 18:33:29 - [TEST_STEP][PASSED] - click(findTestObject("Object Repository/inventoryPage/button_Add to cart")): Object: 'Object Repository/inventoryPage/button_Add to cart' is clicked on

2023-05-12 18:33:29 - [MESSAGE][PASSED] - Object: 'Object Repository/inventoryPage/button_Add to cart' is clicked on

2023-05-12 18:33:29 - [TEST_STEP][PASSED] - click(findTestObject("Object Repository/inventoryPage/products_back-image")): Object: 'Object Repository/inventoryPage/products_back-image' is clicked on

2023-05-12 18:33:30 - [MESSAGE][PASSED] - Object: 'Object Repository/inventoryPage/products_back-image' is clicked on

2023-05-12 18:33:30 - [TEST_STEP][PASSED] - click(findTestObject("Object Repository/inventoryPage/cart")): Object: 'Object Repository/inventoryPage/cart' is clicked on

2023-05-12 18:33:30 - [MESSAGE][PASSED] - Object: 'Object Repository/inventoryPage/cart' is clicked on

2023-05-12 18:33:30 - [TEST_STEP][PASSED] - click(findTestObject("Object Repository/CheckoutPage/button_Checkout")): Object: 'Object Repository/CheckoutPage/button_Checkout' is clicked on

2023-05-12 18:33:31 - [MESSAGE][PASSED] - Object: 'Object Repository/CheckoutPage/button_Checkout' is clicked on

2023-05-12 18:33:31 - [TEST_STEP][PASSED] - sendKeys(findTestObject("Object Repository/checkout-step-one/input_Checkout Your Information_firstName"), "demo"): Keys 'demo' sent to object: 'Object Repository/checkout-step-one/input_Checkout Your Information_firstName'

2023-05-12 18:33:31 - [MESSAGE][PASSED] - Keys 'demo' sent to object: 'Object Repository/checkout-step-one/input_Checkout Your Information_firstName'

2023-05-12 18:33:31 - [TEST_STEP][PASSED] - sendKeys(findTestObject("Object Repository/checkout-step-one/input_Checkout Your Information_lastName"), "qa test"): Keys 'qa test' sent to object: 'Object Repository/checkout-step-one/input_Checkout Your Information_lastName'

2023-05-12 18:33:32 - [MESSAGE][PASSED] - Keys 'qa test' sent to object: 'Object Repository/checkout-step-one/input_Checkout Your Information_lastName'

2023-05-12 18:33:32 - [TEST_STEP][PASSED] - sendKeys(findTestObject("Object Repository/checkout-step-one/input_Checkout Your Information_postalCode"), "9000"): Keys '9000' sent to object: 'Object Repository/checkout-step-one/input_Checkout Your Information_postalCode'

2023-05-12 18:33:32 - [MESSAGE][PASSED] - Keys '9000' sent to object: 'Object Repository/checkout-step-one/input_Checkout Your Information_postalCode'

2023-05-12 18:33:32 - [TEST_STEP][PASSED] - click(findTestObject("Object Repository/checkout-step-one/input_continue")): Object: 'Object Repository/checkout-step-one/input_continue' is clicked on

2023-05-12 18:33:33 - [MESSAGE][PASSED] - Object: 'Object Repository/checkout-step-one/input_continue' is clicked on

2023-05-12 18:33:33 - [TEST_STEP][PASSED] - click(findTestObject("Object Repository/finish checkout/button_Finish")): Object: 'Object Repository/finish checkout/button_Finish' is clicked on

2023-05-12 18:33:34 - [MESSAGE][PASSED] - Object: 'Object Repository/finish checkout/button_Finish' is clicked on

2023-05-12 18:33:34 - [TEST_STEP][PASSED] - verifyElementVisible(findTestObject("Object Repository/order-success/h2_Thank you for your order")): Object 'Object Repository/order-success/h2_Thank you for your order' is visible

2023-05-12 18:33:34 - [MESSAGE][PASSED] - Object 'Object Repository/order-success/h2_Thank you for your order' is visible

2023-05-12 18:33:34 - [TEST_STEP][PASSED] - click(findTestObject("Object Repository/NavSideBar/sidebar")): Object: 'Object Repository/NavSideBar/sidebar' is clicked on

2023-05-12 18:33:35 - [MESSAGE][PASSED] - Object: 'Object Repository/NavSideBar/sidebar' is clicked on

2023-05-12 18:33:35 - [TEST_STEP][PASSED] - click(findTestObject("Object Repository/NavSideBar/a_Logout")): Object: 'Object Repository/NavSideBar/a_Logout' is clicked on

2023-05-12 18:33:35 - [MESSAGE][PASSED] - Object: 'Object Repository/NavSideBar/a_Logout' is clicked on

2023-05-12 18:33:35 - [TEST_STEP][PASSED] - verifyElementVisible(findTestObject("Object Repository/Page_Swag Labs/input_Swag Labs_user-name")): Object 'Object Repository/Page_Swag Labs/input_Swag Labs_user-name' is visible

2023-05-12 18:33:36 - [MESSAGE][PASSED] - Object 'Object Repository/Page_Swag Labs/input_Swag Labs_user-name' is visible

2023-05-12 18:33:36 - [TEST_STEP][PASSED] - closeBrowser(): Browser is closed

2023-05-12 18:33:36 - [MESSAGE][PASSED] - Browser is closed]]></system-out>
         <system-err><![CDATA[]]></system-err>
      </testcase>
      <testcase name="Test Cases/test-flow-1-buy-1-product" time="12.158" classname="Test Cases/test-flow-1-buy-1-product" status="PASSED">
         <system-out><![CDATA[2023-05-12 18:33:36 - [TEST_CASE][PASSED] - Test Cases/test-flow-1-buy-1-product: Test Cases/test-flow-1-buy-1-product

2023-05-12 18:33:36 - [TEST_STEP][PASSED] - openBrowser("https://www.saucedemo.com/"): Browser is opened with url: 'https://www.saucedemo.com/'

2023-05-12 18:33:36 - [MESSAGE][INFO] - Starting 'Chrome' driver

2023-05-12 18:33:36 - [MESSAGE][INFO] - Action delay is set to 0 milliseconds

2023-05-12 18:33:39 - [MESSAGE][PASSED] - Browser is opened with url: 'https://www.saucedemo.com/'

2023-05-12 18:33:39 - [TEST_STEP][PASSED] - click(findTestObject("Object Repository/Page_Swag Labs/input_Swag Labs_user-name")): Object: 'Object Repository/Page_Swag Labs/input_Swag Labs_user-name' is clicked on

2023-05-12 18:33:39 - [MESSAGE][PASSED] - Object: 'Object Repository/Page_Swag Labs/input_Swag Labs_user-name' is clicked on

2023-05-12 18:33:39 - [TEST_STEP][PASSED] - sendKeys(findTestObject("Object Repository/Page_Swag Labs/input_Swag Labs_user-name"), "standard_user"): Keys 'standard_user' sent to object: 'Object Repository/Page_Swag Labs/input_Swag Labs_user-name'

2023-05-12 18:33:39 - [MESSAGE][PASSED] - Keys 'standard_user' sent to object: 'Object Repository/Page_Swag Labs/input_Swag Labs_user-name'

2023-05-12 18:33:39 - [TEST_STEP][PASSED] - click(findTestObject("Object Repository/Page_Swag Labs/input_Swag Labs_password")): Object: 'Object Repository/Page_Swag Labs/input_Swag Labs_password' is clicked on

2023-05-12 18:33:40 - [MESSAGE][PASSED] - Object: 'Object Repository/Page_Swag Labs/input_Swag Labs_password' is clicked on

2023-05-12 18:33:40 - [TEST_STEP][PASSED] - sendKeys(findTestObject("Object Repository/Page_Swag Labs/input_Swag Labs_password"), "secret_sauce"): Keys 'secret_sauce' sent to object: 'Object Repository/Page_Swag Labs/input_Swag Labs_password'

2023-05-12 18:33:40 - [MESSAGE][PASSED] - Keys 'secret_sauce' sent to object: 'Object Repository/Page_Swag Labs/input_Swag Labs_password'

2023-05-12 18:33:40 - [TEST_STEP][PASSED] - click(findTestObject("Object Repository/Page_Swag Labs/input_Swag Labs_login-button")): Object: 'Object Repository/Page_Swag Labs/input_Swag Labs_login-button' is clicked on

2023-05-12 18:33:40 - [MESSAGE][PASSED] - Object: 'Object Repository/Page_Swag Labs/input_Swag Labs_login-button' is clicked on

2023-05-12 18:33:40 - [TEST_STEP][PASSED] - click(findTestObject("Object Repository/inventoryPage/Backpack")): Object: 'Object Repository/inventoryPage/Backpack' is clicked on

2023-05-12 18:33:41 - [MESSAGE][PASSED] - Object: 'Object Repository/inventoryPage/Backpack' is clicked on

2023-05-12 18:33:41 - [TEST_STEP][PASSED] - click(findTestObject("Object Repository/inventoryPage/button_Add to cart")): Object: 'Object Repository/inventoryPage/button_Add to cart' is clicked on

2023-05-12 18:33:41 - [MESSAGE][PASSED] - Object: 'Object Repository/inventoryPage/button_Add to cart' is clicked on

2023-05-12 18:33:41 - [TEST_STEP][PASSED] - click(findTestObject("Object Repository/inventoryPage/products_back-image")): Object: 'Object Repository/inventoryPage/products_back-image' is clicked on

2023-05-12 18:33:42 - [MESSAGE][PASSED] - Object: 'Object Repository/inventoryPage/products_back-image' is clicked on

2023-05-12 18:33:42 - [TEST_STEP][PASSED] - click(findTestObject("Object Repository/inventoryPage/cart")): Object: 'Object Repository/inventoryPage/cart' is clicked on

2023-05-12 18:33:42 - [MESSAGE][PASSED] - Object: 'Object Repository/inventoryPage/cart' is clicked on

2023-05-12 18:33:42 - [TEST_STEP][PASSED] - click(findTestObject("Object Repository/CheckoutPage/button_Checkout")): Object: 'Object Repository/CheckoutPage/button_Checkout' is clicked on

2023-05-12 18:33:43 - [MESSAGE][PASSED] - Object: 'Object Repository/CheckoutPage/button_Checkout' is clicked on

2023-05-12 18:33:43 - [TEST_STEP][PASSED] - sendKeys(findTestObject("Object Repository/checkout-step-one/input_Checkout Your Information_firstName"), "demo"): Keys 'demo' sent to object: 'Object Repository/checkout-step-one/input_Checkout Your Information_firstName'

2023-05-12 18:33:44 - [MESSAGE][PASSED] - Keys 'demo' sent to object: 'Object Repository/checkout-step-one/input_Checkout Your Information_firstName'

2023-05-12 18:33:44 - [TEST_STEP][PASSED] - sendKeys(findTestObject("Object Repository/checkout-step-one/input_Checkout Your Information_lastName"), "qa test"): Keys 'qa test' sent to object: 'Object Repository/checkout-step-one/input_Checkout Your Information_lastName'

2023-05-12 18:33:44 - [MESSAGE][PASSED] - Keys 'qa test' sent to object: 'Object Repository/checkout-step-one/input_Checkout Your Information_lastName'

2023-05-12 18:33:44 - [TEST_STEP][PASSED] - sendKeys(findTestObject("Object Repository/checkout-step-one/input_Checkout Your Information_postalCode"), "9000"): Keys '9000' sent to object: 'Object Repository/checkout-step-one/input_Checkout Your Information_postalCode'

2023-05-12 18:33:45 - [MESSAGE][PASSED] - Keys '9000' sent to object: 'Object Repository/checkout-step-one/input_Checkout Your Information_postalCode'

2023-05-12 18:33:45 - [TEST_STEP][PASSED] - click(findTestObject("Object Repository/checkout-step-one/input_continue")): Object: 'Object Repository/checkout-step-one/input_continue' is clicked on

2023-05-12 18:33:45 - [MESSAGE][PASSED] - Object: 'Object Repository/checkout-step-one/input_continue' is clicked on

2023-05-12 18:33:45 - [TEST_STEP][PASSED] - click(findTestObject("Object Repository/finish checkout/button_Finish")): Object: 'Object Repository/finish checkout/button_Finish' is clicked on

2023-05-12 18:33:46 - [MESSAGE][PASSED] - Object: 'Object Repository/finish checkout/button_Finish' is clicked on

2023-05-12 18:33:46 - [TEST_STEP][PASSED] - verifyElementVisible(findTestObject("Object Repository/order-success/h2_Thank you for your order")): Object 'Object Repository/order-success/h2_Thank you for your order' is visible

2023-05-12 18:33:46 - [MESSAGE][PASSED] - Object 'Object Repository/order-success/h2_Thank you for your order' is visible

2023-05-12 18:33:46 - [TEST_STEP][PASSED] - click(findTestObject("Object Repository/NavSideBar/sidebar")): Object: 'Object Repository/NavSideBar/sidebar' is clicked on

2023-05-12 18:33:47 - [MESSAGE][PASSED] - Object: 'Object Repository/NavSideBar/sidebar' is clicked on

2023-05-12 18:33:47 - [TEST_STEP][PASSED] - click(findTestObject("Object Repository/NavSideBar/a_Logout")): Object: 'Object Repository/NavSideBar/a_Logout' is clicked on

2023-05-12 18:33:47 - [MESSAGE][PASSED] - Object: 'Object Repository/NavSideBar/a_Logout' is clicked on

2023-05-12 18:33:47 - [TEST_STEP][PASSED] - verifyElementVisible(findTestObject("Object Repository/Page_Swag Labs/input_Swag Labs_user-name")): Object 'Object Repository/Page_Swag Labs/input_Swag Labs_user-name' is visible

2023-05-12 18:33:48 - [MESSAGE][PASSED] - Object 'Object Repository/Page_Swag Labs/input_Swag Labs_user-name' is visible

2023-05-12 18:33:48 - [TEST_STEP][PASSED] - closeBrowser(): Browser is closed

2023-05-12 18:33:48 - [MESSAGE][PASSED] - Browser is closed]]></system-out>
         <system-err><![CDATA[]]></system-err>
      </testcase>
      <testcase name="Test Cases/test-flow-1-buy-1-product" time="12.139" classname="Test Cases/test-flow-1-buy-1-product" status="PASSED">
         <system-out><![CDATA[2023-05-12 18:33:48 - [TEST_CASE][PASSED] - Test Cases/test-flow-1-buy-1-product: Test Cases/test-flow-1-buy-1-product

2023-05-12 18:33:48 - [TEST_STEP][PASSED] - openBrowser("https://www.saucedemo.com/"): Browser is opened with url: 'https://www.saucedemo.com/'

2023-05-12 18:33:48 - [MESSAGE][INFO] - Starting 'Chrome' driver

2023-05-12 18:33:48 - [MESSAGE][INFO] - Action delay is set to 0 milliseconds

2023-05-12 18:33:51 - [MESSAGE][PASSED] - Browser is opened with url: 'https://www.saucedemo.com/'

2023-05-12 18:33:51 - [TEST_STEP][PASSED] - click(findTestObject("Object Repository/Page_Swag Labs/input_Swag Labs_user-name")): Object: 'Object Repository/Page_Swag Labs/input_Swag Labs_user-name' is clicked on

2023-05-12 18:33:51 - [MESSAGE][PASSED] - Object: 'Object Repository/Page_Swag Labs/input_Swag Labs_user-name' is clicked on

2023-05-12 18:33:51 - [TEST_STEP][PASSED] - sendKeys(findTestObject("Object Repository/Page_Swag Labs/input_Swag Labs_user-name"), "standard_user"): Keys 'standard_user' sent to object: 'Object Repository/Page_Swag Labs/input_Swag Labs_user-name'

2023-05-12 18:33:51 - [MESSAGE][PASSED] - Keys 'standard_user' sent to object: 'Object Repository/Page_Swag Labs/input_Swag Labs_user-name'

2023-05-12 18:33:51 - [TEST_STEP][PASSED] - click(findTestObject("Object Repository/Page_Swag Labs/input_Swag Labs_password")): Object: 'Object Repository/Page_Swag Labs/input_Swag Labs_password' is clicked on

2023-05-12 18:33:52 - [MESSAGE][PASSED] - Object: 'Object Repository/Page_Swag Labs/input_Swag Labs_password' is clicked on

2023-05-12 18:33:52 - [TEST_STEP][PASSED] - sendKeys(findTestObject("Object Repository/Page_Swag Labs/input_Swag Labs_password"), "secret_sauce"): Keys 'secret_sauce' sent to object: 'Object Repository/Page_Swag Labs/input_Swag Labs_password'

2023-05-12 18:33:52 - [MESSAGE][PASSED] - Keys 'secret_sauce' sent to object: 'Object Repository/Page_Swag Labs/input_Swag Labs_password'

2023-05-12 18:33:52 - [TEST_STEP][PASSED] - click(findTestObject("Object Repository/Page_Swag Labs/input_Swag Labs_login-button")): Object: 'Object Repository/Page_Swag Labs/input_Swag Labs_login-button' is clicked on

2023-05-12 18:33:52 - [MESSAGE][PASSED] - Object: 'Object Repository/Page_Swag Labs/input_Swag Labs_login-button' is clicked on

2023-05-12 18:33:52 - [TEST_STEP][PASSED] - click(findTestObject("Object Repository/inventoryPage/Backpack")): Object: 'Object Repository/inventoryPage/Backpack' is clicked on

2023-05-12 18:33:53 - [MESSAGE][PASSED] - Object: 'Object Repository/inventoryPage/Backpack' is clicked on

2023-05-12 18:33:53 - [TEST_STEP][PASSED] - click(findTestObject("Object Repository/inventoryPage/button_Add to cart")): Object: 'Object Repository/inventoryPage/button_Add to cart' is clicked on

2023-05-12 18:33:53 - [MESSAGE][PASSED] - Object: 'Object Repository/inventoryPage/button_Add to cart' is clicked on

2023-05-12 18:33:53 - [TEST_STEP][PASSED] - click(findTestObject("Object Repository/inventoryPage/products_back-image")): Object: 'Object Repository/inventoryPage/products_back-image' is clicked on

2023-05-12 18:33:54 - [MESSAGE][PASSED] - Object: 'Object Repository/inventoryPage/products_back-image' is clicked on

2023-05-12 18:33:54 - [TEST_STEP][PASSED] - click(findTestObject("Object Repository/inventoryPage/cart")): Object: 'Object Repository/inventoryPage/cart' is clicked on

2023-05-12 18:33:54 - [MESSAGE][PASSED] - Object: 'Object Repository/inventoryPage/cart' is clicked on

2023-05-12 18:33:54 - [TEST_STEP][PASSED] - click(findTestObject("Object Repository/CheckoutPage/button_Checkout")): Object: 'Object Repository/CheckoutPage/button_Checkout' is clicked on

2023-05-12 18:33:55 - [MESSAGE][PASSED] - Object: 'Object Repository/CheckoutPage/button_Checkout' is clicked on

2023-05-12 18:33:55 - [TEST_STEP][PASSED] - sendKeys(findTestObject("Object Repository/checkout-step-one/input_Checkout Your Information_firstName"), "demo"): Keys 'demo' sent to object: 'Object Repository/checkout-step-one/input_Checkout Your Information_firstName'

2023-05-12 18:33:56 - [MESSAGE][PASSED] - Keys 'demo' sent to object: 'Object Repository/checkout-step-one/input_Checkout Your Information_firstName'

2023-05-12 18:33:56 - [TEST_STEP][PASSED] - sendKeys(findTestObject("Object Repository/checkout-step-one/input_Checkout Your Information_lastName"), "qa test"): Keys 'qa test' sent to object: 'Object Repository/checkout-step-one/input_Checkout Your Information_lastName'

2023-05-12 18:33:56 - [MESSAGE][PASSED] - Keys 'qa test' sent to object: 'Object Repository/checkout-step-one/input_Checkout Your Information_lastName'

2023-05-12 18:33:56 - [TEST_STEP][PASSED] - sendKeys(findTestObject("Object Repository/checkout-step-one/input_Checkout Your Information_postalCode"), "9000"): Keys '9000' sent to object: 'Object Repository/checkout-step-one/input_Checkout Your Information_postalCode'

2023-05-12 18:33:57 - [MESSAGE][PASSED] - Keys '9000' sent to object: 'Object Repository/checkout-step-one/input_Checkout Your Information_postalCode'

2023-05-12 18:33:57 - [TEST_STEP][PASSED] - click(findTestObject("Object Repository/checkout-step-one/input_continue")): Object: 'Object Repository/checkout-step-one/input_continue' is clicked on

2023-05-12 18:33:57 - [MESSAGE][PASSED] - Object: 'Object Repository/checkout-step-one/input_continue' is clicked on

2023-05-12 18:33:57 - [TEST_STEP][PASSED] - click(findTestObject("Object Repository/finish checkout/button_Finish")): Object: 'Object Repository/finish checkout/button_Finish' is clicked on

2023-05-12 18:33:58 - [MESSAGE][PASSED] - Object: 'Object Repository/finish checkout/button_Finish' is clicked on

2023-05-12 18:33:58 - [TEST_STEP][PASSED] - verifyElementVisible(findTestObject("Object Repository/order-success/h2_Thank you for your order")): Object 'Object Repository/order-success/h2_Thank you for your order' is visible

2023-05-12 18:33:58 - [MESSAGE][PASSED] - Object 'Object Repository/order-success/h2_Thank you for your order' is visible

2023-05-12 18:33:58 - [TEST_STEP][PASSED] - click(findTestObject("Object Repository/NavSideBar/sidebar")): Object: 'Object Repository/NavSideBar/sidebar' is clicked on

2023-05-12 18:33:59 - [MESSAGE][PASSED] - Object: 'Object Repository/NavSideBar/sidebar' is clicked on

2023-05-12 18:33:59 - [TEST_STEP][PASSED] - click(findTestObject("Object Repository/NavSideBar/a_Logout")): Object: 'Object Repository/NavSideBar/a_Logout' is clicked on

2023-05-12 18:33:59 - [MESSAGE][PASSED] - Object: 'Object Repository/NavSideBar/a_Logout' is clicked on

2023-05-12 18:33:59 - [TEST_STEP][PASSED] - verifyElementVisible(findTestObject("Object Repository/Page_Swag Labs/input_Swag Labs_user-name")): Object 'Object Repository/Page_Swag Labs/input_Swag Labs_user-name' is visible

2023-05-12 18:34:00 - [MESSAGE][PASSED] - Object 'Object Repository/Page_Swag Labs/input_Swag Labs_user-name' is visible

2023-05-12 18:34:00 - [TEST_STEP][PASSED] - closeBrowser(): Browser is closed

2023-05-12 18:34:01 - [MESSAGE][PASSED] - Browser is closed]]></system-out>
         <system-err><![CDATA[]]></system-err>
      </testcase>
      <testcase name="Test Cases/test-flow-1-buy-1-product" time="11.896" classname="Test Cases/test-flow-1-buy-1-product" status="PASSED">
         <system-out><![CDATA[2023-05-12 18:34:01 - [TEST_CASE][PASSED] - Test Cases/test-flow-1-buy-1-product: Test Cases/test-flow-1-buy-1-product

2023-05-12 18:34:01 - [TEST_STEP][PASSED] - openBrowser("https://www.saucedemo.com/"): Browser is opened with url: 'https://www.saucedemo.com/'

2023-05-12 18:34:01 - [MESSAGE][INFO] - Starting 'Chrome' driver

2023-05-12 18:34:01 - [MESSAGE][INFO] - Action delay is set to 0 milliseconds

2023-05-12 18:34:03 - [MESSAGE][PASSED] - Browser is opened with url: 'https://www.saucedemo.com/'

2023-05-12 18:34:03 - [TEST_STEP][PASSED] - click(findTestObject("Object Repository/Page_Swag Labs/input_Swag Labs_user-name")): Object: 'Object Repository/Page_Swag Labs/input_Swag Labs_user-name' is clicked on

2023-05-12 18:34:03 - [MESSAGE][PASSED] - Object: 'Object Repository/Page_Swag Labs/input_Swag Labs_user-name' is clicked on

2023-05-12 18:34:03 - [TEST_STEP][PASSED] - sendKeys(findTestObject("Object Repository/Page_Swag Labs/input_Swag Labs_user-name"), "standard_user"): Keys 'standard_user' sent to object: 'Object Repository/Page_Swag Labs/input_Swag Labs_user-name'

2023-05-12 18:34:03 - [MESSAGE][PASSED] - Keys 'standard_user' sent to object: 'Object Repository/Page_Swag Labs/input_Swag Labs_user-name'

2023-05-12 18:34:03 - [TEST_STEP][PASSED] - click(findTestObject("Object Repository/Page_Swag Labs/input_Swag Labs_password")): Object: 'Object Repository/Page_Swag Labs/input_Swag Labs_password' is clicked on

2023-05-12 18:34:04 - [MESSAGE][PASSED] - Object: 'Object Repository/Page_Swag Labs/input_Swag Labs_password' is clicked on

2023-05-12 18:34:04 - [TEST_STEP][PASSED] - sendKeys(findTestObject("Object Repository/Page_Swag Labs/input_Swag Labs_password"), "secret_sauce"): Keys 'secret_sauce' sent to object: 'Object Repository/Page_Swag Labs/input_Swag Labs_password'

2023-05-12 18:34:04 - [MESSAGE][PASSED] - Keys 'secret_sauce' sent to object: 'Object Repository/Page_Swag Labs/input_Swag Labs_password'

2023-05-12 18:34:04 - [TEST_STEP][PASSED] - click(findTestObject("Object Repository/Page_Swag Labs/input_Swag Labs_login-button")): Object: 'Object Repository/Page_Swag Labs/input_Swag Labs_login-button' is clicked on

2023-05-12 18:34:04 - [MESSAGE][PASSED] - Object: 'Object Repository/Page_Swag Labs/input_Swag Labs_login-button' is clicked on

2023-05-12 18:34:04 - [TEST_STEP][PASSED] - click(findTestObject("Object Repository/inventoryPage/Backpack")): Object: 'Object Repository/inventoryPage/Backpack' is clicked on

2023-05-12 18:34:05 - [MESSAGE][PASSED] - Object: 'Object Repository/inventoryPage/Backpack' is clicked on

2023-05-12 18:34:05 - [TEST_STEP][PASSED] - click(findTestObject("Object Repository/inventoryPage/button_Add to cart")): Object: 'Object Repository/inventoryPage/button_Add to cart' is clicked on

2023-05-12 18:34:05 - [MESSAGE][PASSED] - Object: 'Object Repository/inventoryPage/button_Add to cart' is clicked on

2023-05-12 18:34:05 - [TEST_STEP][PASSED] - click(findTestObject("Object Repository/inventoryPage/products_back-image")): Object: 'Object Repository/inventoryPage/products_back-image' is clicked on

2023-05-12 18:34:06 - [MESSAGE][PASSED] - Object: 'Object Repository/inventoryPage/products_back-image' is clicked on

2023-05-12 18:34:06 - [TEST_STEP][PASSED] - click(findTestObject("Object Repository/inventoryPage/cart")): Object: 'Object Repository/inventoryPage/cart' is clicked on

2023-05-12 18:34:06 - [MESSAGE][PASSED] - Object: 'Object Repository/inventoryPage/cart' is clicked on

2023-05-12 18:34:06 - [TEST_STEP][PASSED] - click(findTestObject("Object Repository/CheckoutPage/button_Checkout")): Object: 'Object Repository/CheckoutPage/button_Checkout' is clicked on

2023-05-12 18:34:07 - [MESSAGE][PASSED] - Object: 'Object Repository/CheckoutPage/button_Checkout' is clicked on

2023-05-12 18:34:07 - [TEST_STEP][PASSED] - sendKeys(findTestObject("Object Repository/checkout-step-one/input_Checkout Your Information_firstName"), "demo"): Keys 'demo' sent to object: 'Object Repository/checkout-step-one/input_Checkout Your Information_firstName'

2023-05-12 18:34:07 - [MESSAGE][PASSED] - Keys 'demo' sent to object: 'Object Repository/checkout-step-one/input_Checkout Your Information_firstName'

2023-05-12 18:34:07 - [TEST_STEP][PASSED] - sendKeys(findTestObject("Object Repository/checkout-step-one/input_Checkout Your Information_lastName"), "qa test"): Keys 'qa test' sent to object: 'Object Repository/checkout-step-one/input_Checkout Your Information_lastName'

2023-05-12 18:34:08 - [MESSAGE][PASSED] - Keys 'qa test' sent to object: 'Object Repository/checkout-step-one/input_Checkout Your Information_lastName'

2023-05-12 18:34:08 - [TEST_STEP][PASSED] - sendKeys(findTestObject("Object Repository/checkout-step-one/input_Checkout Your Information_postalCode"), "9000"): Keys '9000' sent to object: 'Object Repository/checkout-step-one/input_Checkout Your Information_postalCode'

2023-05-12 18:34:09 - [MESSAGE][PASSED] - Keys '9000' sent to object: 'Object Repository/checkout-step-one/input_Checkout Your Information_postalCode'

2023-05-12 18:34:09 - [TEST_STEP][PASSED] - click(findTestObject("Object Repository/checkout-step-one/input_continue")): Object: 'Object Repository/checkout-step-one/input_continue' is clicked on

2023-05-12 18:34:09 - [MESSAGE][PASSED] - Object: 'Object Repository/checkout-step-one/input_continue' is clicked on

2023-05-12 18:34:09 - [TEST_STEP][PASSED] - click(findTestObject("Object Repository/finish checkout/button_Finish")): Object: 'Object Repository/finish checkout/button_Finish' is clicked on

2023-05-12 18:34:10 - [MESSAGE][PASSED] - Object: 'Object Repository/finish checkout/button_Finish' is clicked on

2023-05-12 18:34:10 - [TEST_STEP][PASSED] - verifyElementVisible(findTestObject("Object Repository/order-success/h2_Thank you for your order")): Object 'Object Repository/order-success/h2_Thank you for your order' is visible

2023-05-12 18:34:10 - [MESSAGE][PASSED] - Object 'Object Repository/order-success/h2_Thank you for your order' is visible

2023-05-12 18:34:10 - [TEST_STEP][PASSED] - click(findTestObject("Object Repository/NavSideBar/sidebar")): Object: 'Object Repository/NavSideBar/sidebar' is clicked on

2023-05-12 18:34:11 - [MESSAGE][PASSED] - Object: 'Object Repository/NavSideBar/sidebar' is clicked on

2023-05-12 18:34:11 - [TEST_STEP][PASSED] - click(findTestObject("Object Repository/NavSideBar/a_Logout")): Object: 'Object Repository/NavSideBar/a_Logout' is clicked on

2023-05-12 18:34:11 - [MESSAGE][PASSED] - Object: 'Object Repository/NavSideBar/a_Logout' is clicked on

2023-05-12 18:34:11 - [TEST_STEP][PASSED] - verifyElementVisible(findTestObject("Object Repository/Page_Swag Labs/input_Swag Labs_user-name")): Object 'Object Repository/Page_Swag Labs/input_Swag Labs_user-name' is visible

2023-05-12 18:34:12 - [MESSAGE][PASSED] - Object 'Object Repository/Page_Swag Labs/input_Swag Labs_user-name' is visible

2023-05-12 18:34:12 - [TEST_STEP][PASSED] - closeBrowser(): Browser is closed

2023-05-12 18:34:12 - [MESSAGE][PASSED] - Browser is closed]]></system-out>
         <system-err><![CDATA[]]></system-err>
      </testcase>
      <testcase name="Test Cases/test-flow-1-buy-1-product" time="12.225" classname="Test Cases/test-flow-1-buy-1-product" status="PASSED">
         <system-out><![CDATA[2023-05-12 18:34:12 - [TEST_CASE][PASSED] - Test Cases/test-flow-1-buy-1-product: Test Cases/test-flow-1-buy-1-product

2023-05-12 18:34:12 - [TEST_STEP][PASSED] - openBrowser("https://www.saucedemo.com/"): Browser is opened with url: 'https://www.saucedemo.com/'

2023-05-12 18:34:12 - [MESSAGE][INFO] - Starting 'Chrome' driver

2023-05-12 18:34:12 - [MESSAGE][INFO] - Action delay is set to 0 milliseconds

2023-05-12 18:34:15 - [MESSAGE][PASSED] - Browser is opened with url: 'https://www.saucedemo.com/'

2023-05-12 18:34:15 - [TEST_STEP][PASSED] - click(findTestObject("Object Repository/Page_Swag Labs/input_Swag Labs_user-name")): Object: 'Object Repository/Page_Swag Labs/input_Swag Labs_user-name' is clicked on

2023-05-12 18:34:15 - [MESSAGE][PASSED] - Object: 'Object Repository/Page_Swag Labs/input_Swag Labs_user-name' is clicked on

2023-05-12 18:34:15 - [TEST_STEP][PASSED] - sendKeys(findTestObject("Object Repository/Page_Swag Labs/input_Swag Labs_user-name"), "standard_user"): Keys 'standard_user' sent to object: 'Object Repository/Page_Swag Labs/input_Swag Labs_user-name'

2023-05-12 18:34:15 - [MESSAGE][PASSED] - Keys 'standard_user' sent to object: 'Object Repository/Page_Swag Labs/input_Swag Labs_user-name'

2023-05-12 18:34:15 - [TEST_STEP][PASSED] - click(findTestObject("Object Repository/Page_Swag Labs/input_Swag Labs_password")): Object: 'Object Repository/Page_Swag Labs/input_Swag Labs_password' is clicked on

2023-05-12 18:34:16 - [MESSAGE][PASSED] - Object: 'Object Repository/Page_Swag Labs/input_Swag Labs_password' is clicked on

2023-05-12 18:34:16 - [TEST_STEP][PASSED] - sendKeys(findTestObject("Object Repository/Page_Swag Labs/input_Swag Labs_password"), "secret_sauce"): Keys 'secret_sauce' sent to object: 'Object Repository/Page_Swag Labs/input_Swag Labs_password'

2023-05-12 18:34:16 - [MESSAGE][PASSED] - Keys 'secret_sauce' sent to object: 'Object Repository/Page_Swag Labs/input_Swag Labs_password'

2023-05-12 18:34:16 - [TEST_STEP][PASSED] - click(findTestObject("Object Repository/Page_Swag Labs/input_Swag Labs_login-button")): Object: 'Object Repository/Page_Swag Labs/input_Swag Labs_login-button' is clicked on

2023-05-12 18:34:17 - [MESSAGE][PASSED] - Object: 'Object Repository/Page_Swag Labs/input_Swag Labs_login-button' is clicked on

2023-05-12 18:34:17 - [TEST_STEP][PASSED] - click(findTestObject("Object Repository/inventoryPage/Backpack")): Object: 'Object Repository/inventoryPage/Backpack' is clicked on

2023-05-12 18:34:17 - [MESSAGE][PASSED] - Object: 'Object Repository/inventoryPage/Backpack' is clicked on

2023-05-12 18:34:17 - [TEST_STEP][PASSED] - click(findTestObject("Object Repository/inventoryPage/button_Add to cart")): Object: 'Object Repository/inventoryPage/button_Add to cart' is clicked on

2023-05-12 18:34:17 - [MESSAGE][PASSED] - Object: 'Object Repository/inventoryPage/button_Add to cart' is clicked on

2023-05-12 18:34:17 - [TEST_STEP][PASSED] - click(findTestObject("Object Repository/inventoryPage/products_back-image")): Object: 'Object Repository/inventoryPage/products_back-image' is clicked on

2023-05-12 18:34:18 - [MESSAGE][PASSED] - Object: 'Object Repository/inventoryPage/products_back-image' is clicked on

2023-05-12 18:34:18 - [TEST_STEP][PASSED] - click(findTestObject("Object Repository/inventoryPage/cart")): Object: 'Object Repository/inventoryPage/cart' is clicked on

2023-05-12 18:34:19 - [MESSAGE][PASSED] - Object: 'Object Repository/inventoryPage/cart' is clicked on

2023-05-12 18:34:19 - [TEST_STEP][PASSED] - click(findTestObject("Object Repository/CheckoutPage/button_Checkout")): Object: 'Object Repository/CheckoutPage/button_Checkout' is clicked on

2023-05-12 18:34:19 - [MESSAGE][PASSED] - Object: 'Object Repository/CheckoutPage/button_Checkout' is clicked on

2023-05-12 18:34:19 - [TEST_STEP][PASSED] - sendKeys(findTestObject("Object Repository/checkout-step-one/input_Checkout Your Information_firstName"), "demo"): Keys 'demo' sent to object: 'Object Repository/checkout-step-one/input_Checkout Your Information_firstName'

2023-05-12 18:34:20 - [MESSAGE][PASSED] - Keys 'demo' sent to object: 'Object Repository/checkout-step-one/input_Checkout Your Information_firstName'

2023-05-12 18:34:20 - [TEST_STEP][PASSED] - sendKeys(findTestObject("Object Repository/checkout-step-one/input_Checkout Your Information_lastName"), "qa test"): Keys 'qa test' sent to object: 'Object Repository/checkout-step-one/input_Checkout Your Information_lastName'

2023-05-12 18:34:20 - [MESSAGE][PASSED] - Keys 'qa test' sent to object: 'Object Repository/checkout-step-one/input_Checkout Your Information_lastName'

2023-05-12 18:34:20 - [TEST_STEP][PASSED] - sendKeys(findTestObject("Object Repository/checkout-step-one/input_Checkout Your Information_postalCode"), "9000"): Keys '9000' sent to object: 'Object Repository/checkout-step-one/input_Checkout Your Information_postalCode'

2023-05-12 18:34:21 - [MESSAGE][PASSED] - Keys '9000' sent to object: 'Object Repository/checkout-step-one/input_Checkout Your Information_postalCode'

2023-05-12 18:34:21 - [TEST_STEP][PASSED] - click(findTestObject("Object Repository/checkout-step-one/input_continue")): Object: 'Object Repository/checkout-step-one/input_continue' is clicked on

2023-05-12 18:34:21 - [MESSAGE][PASSED] - Object: 'Object Repository/checkout-step-one/input_continue' is clicked on

2023-05-12 18:34:21 - [TEST_STEP][PASSED] - click(findTestObject("Object Repository/finish checkout/button_Finish")): Object: 'Object Repository/finish checkout/button_Finish' is clicked on

2023-05-12 18:34:22 - [MESSAGE][PASSED] - Object: 'Object Repository/finish checkout/button_Finish' is clicked on

2023-05-12 18:34:22 - [TEST_STEP][PASSED] - verifyElementVisible(findTestObject("Object Repository/order-success/h2_Thank you for your order")): Object 'Object Repository/order-success/h2_Thank you for your order' is visible

2023-05-12 18:34:22 - [MESSAGE][PASSED] - Object 'Object Repository/order-success/h2_Thank you for your order' is visible

2023-05-12 18:34:22 - [TEST_STEP][PASSED] - click(findTestObject("Object Repository/NavSideBar/sidebar")): Object: 'Object Repository/NavSideBar/sidebar' is clicked on

2023-05-12 18:34:23 - [MESSAGE][PASSED] - Object: 'Object Repository/NavSideBar/sidebar' is clicked on

2023-05-12 18:34:23 - [TEST_STEP][PASSED] - click(findTestObject("Object Repository/NavSideBar/a_Logout")): Object: 'Object Repository/NavSideBar/a_Logout' is clicked on

2023-05-12 18:34:23 - [MESSAGE][PASSED] - Object: 'Object Repository/NavSideBar/a_Logout' is clicked on

2023-05-12 18:34:23 - [TEST_STEP][PASSED] - verifyElementVisible(findTestObject("Object Repository/Page_Swag Labs/input_Swag Labs_user-name")): Object 'Object Repository/Page_Swag Labs/input_Swag Labs_user-name' is visible

2023-05-12 18:34:24 - [MESSAGE][PASSED] - Object 'Object Repository/Page_Swag Labs/input_Swag Labs_user-name' is visible

2023-05-12 18:34:24 - [TEST_STEP][PASSED] - closeBrowser(): Browser is closed

2023-05-12 18:34:25 - [MESSAGE][PASSED] - Browser is closed]]></system-out>
         <system-err><![CDATA[]]></system-err>
      </testcase>
      <testcase name="Test Cases/test-flow-1-buy-1-product" time="12.222" classname="Test Cases/test-flow-1-buy-1-product" status="PASSED">
         <system-out><![CDATA[2023-05-12 18:34:25 - [TEST_CASE][PASSED] - Test Cases/test-flow-1-buy-1-product: Test Cases/test-flow-1-buy-1-product

2023-05-12 18:34:25 - [TEST_STEP][PASSED] - openBrowser("https://www.saucedemo.com/"): Browser is opened with url: 'https://www.saucedemo.com/'

2023-05-12 18:34:25 - [MESSAGE][INFO] - Starting 'Chrome' driver

2023-05-12 18:34:25 - [MESSAGE][INFO] - Action delay is set to 0 milliseconds

2023-05-12 18:34:27 - [MESSAGE][PASSED] - Browser is opened with url: 'https://www.saucedemo.com/'

2023-05-12 18:34:27 - [TEST_STEP][PASSED] - click(findTestObject("Object Repository/Page_Swag Labs/input_Swag Labs_user-name")): Object: 'Object Repository/Page_Swag Labs/input_Swag Labs_user-name' is clicked on

2023-05-12 18:34:27 - [MESSAGE][PASSED] - Object: 'Object Repository/Page_Swag Labs/input_Swag Labs_user-name' is clicked on

2023-05-12 18:34:27 - [TEST_STEP][PASSED] - sendKeys(findTestObject("Object Repository/Page_Swag Labs/input_Swag Labs_user-name"), "standard_user"): Keys 'standard_user' sent to object: 'Object Repository/Page_Swag Labs/input_Swag Labs_user-name'

2023-05-12 18:34:28 - [MESSAGE][PASSED] - Keys 'standard_user' sent to object: 'Object Repository/Page_Swag Labs/input_Swag Labs_user-name'

2023-05-12 18:34:28 - [TEST_STEP][PASSED] - click(findTestObject("Object Repository/Page_Swag Labs/input_Swag Labs_password")): Object: 'Object Repository/Page_Swag Labs/input_Swag Labs_password' is clicked on

2023-05-12 18:34:28 - [MESSAGE][PASSED] - Object: 'Object Repository/Page_Swag Labs/input_Swag Labs_password' is clicked on

2023-05-12 18:34:28 - [TEST_STEP][PASSED] - sendKeys(findTestObject("Object Repository/Page_Swag Labs/input_Swag Labs_password"), "secret_sauce"): Keys 'secret_sauce' sent to object: 'Object Repository/Page_Swag Labs/input_Swag Labs_password'

2023-05-12 18:34:28 - [MESSAGE][PASSED] - Keys 'secret_sauce' sent to object: 'Object Repository/Page_Swag Labs/input_Swag Labs_password'

2023-05-12 18:34:28 - [TEST_STEP][PASSED] - click(findTestObject("Object Repository/Page_Swag Labs/input_Swag Labs_login-button")): Object: 'Object Repository/Page_Swag Labs/input_Swag Labs_login-button' is clicked on

2023-05-12 18:34:29 - [MESSAGE][PASSED] - Object: 'Object Repository/Page_Swag Labs/input_Swag Labs_login-button' is clicked on

2023-05-12 18:34:29 - [TEST_STEP][PASSED] - click(findTestObject("Object Repository/inventoryPage/Backpack")): Object: 'Object Repository/inventoryPage/Backpack' is clicked on

2023-05-12 18:34:29 - [MESSAGE][PASSED] - Object: 'Object Repository/inventoryPage/Backpack' is clicked on

2023-05-12 18:34:29 - [TEST_STEP][PASSED] - click(findTestObject("Object Repository/inventoryPage/button_Add to cart")): Object: 'Object Repository/inventoryPage/button_Add to cart' is clicked on

2023-05-12 18:34:30 - [MESSAGE][PASSED] - Object: 'Object Repository/inventoryPage/button_Add to cart' is clicked on

2023-05-12 18:34:30 - [TEST_STEP][PASSED] - click(findTestObject("Object Repository/inventoryPage/products_back-image")): Object: 'Object Repository/inventoryPage/products_back-image' is clicked on

2023-05-12 18:34:30 - [MESSAGE][PASSED] - Object: 'Object Repository/inventoryPage/products_back-image' is clicked on

2023-05-12 18:34:30 - [TEST_STEP][PASSED] - click(findTestObject("Object Repository/inventoryPage/cart")): Object: 'Object Repository/inventoryPage/cart' is clicked on

2023-05-12 18:34:31 - [MESSAGE][PASSED] - Object: 'Object Repository/inventoryPage/cart' is clicked on

2023-05-12 18:34:31 - [TEST_STEP][PASSED] - click(findTestObject("Object Repository/CheckoutPage/button_Checkout")): Object: 'Object Repository/CheckoutPage/button_Checkout' is clicked on

2023-05-12 18:34:31 - [MESSAGE][PASSED] - Object: 'Object Repository/CheckoutPage/button_Checkout' is clicked on

2023-05-12 18:34:31 - [TEST_STEP][PASSED] - sendKeys(findTestObject("Object Repository/checkout-step-one/input_Checkout Your Information_firstName"), "demo"): Keys 'demo' sent to object: 'Object Repository/checkout-step-one/input_Checkout Your Information_firstName'

2023-05-12 18:34:32 - [MESSAGE][PASSED] - Keys 'demo' sent to object: 'Object Repository/checkout-step-one/input_Checkout Your Information_firstName'

2023-05-12 18:34:32 - [TEST_STEP][PASSED] - sendKeys(findTestObject("Object Repository/checkout-step-one/input_Checkout Your Information_lastName"), "qa test"): Keys 'qa test' sent to object: 'Object Repository/checkout-step-one/input_Checkout Your Information_lastName'

2023-05-12 18:34:32 - [MESSAGE][PASSED] - Keys 'qa test' sent to object: 'Object Repository/checkout-step-one/input_Checkout Your Information_lastName'

2023-05-12 18:34:32 - [TEST_STEP][PASSED] - sendKeys(findTestObject("Object Repository/checkout-step-one/input_Checkout Your Information_postalCode"), "9000"): Keys '9000' sent to object: 'Object Repository/checkout-step-one/input_Checkout Your Information_postalCode'

2023-05-12 18:34:33 - [MESSAGE][PASSED] - Keys '9000' sent to object: 'Object Repository/checkout-step-one/input_Checkout Your Information_postalCode'

2023-05-12 18:34:33 - [TEST_STEP][PASSED] - click(findTestObject("Object Repository/checkout-step-one/input_continue")): Object: 'Object Repository/checkout-step-one/input_continue' is clicked on

2023-05-12 18:34:34 - [MESSAGE][PASSED] - Object: 'Object Repository/checkout-step-one/input_continue' is clicked on

2023-05-12 18:34:34 - [TEST_STEP][PASSED] - click(findTestObject("Object Repository/finish checkout/button_Finish")): Object: 'Object Repository/finish checkout/button_Finish' is clicked on

2023-05-12 18:34:34 - [MESSAGE][PASSED] - Object: 'Object Repository/finish checkout/button_Finish' is clicked on

2023-05-12 18:34:34 - [TEST_STEP][PASSED] - verifyElementVisible(findTestObject("Object Repository/order-success/h2_Thank you for your order")): Object 'Object Repository/order-success/h2_Thank you for your order' is visible

2023-05-12 18:34:35 - [MESSAGE][PASSED] - Object 'Object Repository/order-success/h2_Thank you for your order' is visible

2023-05-12 18:34:35 - [TEST_STEP][PASSED] - click(findTestObject("Object Repository/NavSideBar/sidebar")): Object: 'Object Repository/NavSideBar/sidebar' is clicked on

2023-05-12 18:34:35 - [MESSAGE][PASSED] - Object: 'Object Repository/NavSideBar/sidebar' is clicked on

2023-05-12 18:34:35 - [TEST_STEP][PASSED] - click(findTestObject("Object Repository/NavSideBar/a_Logout")): Object: 'Object Repository/NavSideBar/a_Logout' is clicked on

2023-05-12 18:34:36 - [MESSAGE][PASSED] - Object: 'Object Repository/NavSideBar/a_Logout' is clicked on

2023-05-12 18:34:36 - [TEST_STEP][PASSED] - verifyElementVisible(findTestObject("Object Repository/Page_Swag Labs/input_Swag Labs_user-name")): Object 'Object Repository/Page_Swag Labs/input_Swag Labs_user-name' is visible

2023-05-12 18:34:36 - [MESSAGE][PASSED] - Object 'Object Repository/Page_Swag Labs/input_Swag Labs_user-name' is visible

2023-05-12 18:34:36 - [TEST_STEP][PASSED] - closeBrowser(): Browser is closed

2023-05-12 18:34:37 - [MESSAGE][PASSED] - Browser is closed]]></system-out>
         <system-err><![CDATA[]]></system-err>
      </testcase>
      <testcase name="Test Cases/test-flow-1-buy-1-product" time="11.888" classname="Test Cases/test-flow-1-buy-1-product" status="PASSED">
         <system-out><![CDATA[2023-05-12 18:34:37 - [TEST_CASE][PASSED] - Test Cases/test-flow-1-buy-1-product: Test Cases/test-flow-1-buy-1-product

2023-05-12 18:34:37 - [TEST_STEP][PASSED] - openBrowser("https://www.saucedemo.com/"): Browser is opened with url: 'https://www.saucedemo.com/'

2023-05-12 18:34:37 - [MESSAGE][INFO] - Starting 'Chrome' driver

2023-05-12 18:34:37 - [MESSAGE][INFO] - Action delay is set to 0 milliseconds

2023-05-12 18:34:39 - [MESSAGE][PASSED] - Browser is opened with url: 'https://www.saucedemo.com/'

2023-05-12 18:34:39 - [TEST_STEP][PASSED] - click(findTestObject("Object Repository/Page_Swag Labs/input_Swag Labs_user-name")): Object: 'Object Repository/Page_Swag Labs/input_Swag Labs_user-name' is clicked on

2023-05-12 18:34:39 - [MESSAGE][PASSED] - Object: 'Object Repository/Page_Swag Labs/input_Swag Labs_user-name' is clicked on

2023-05-12 18:34:39 - [TEST_STEP][PASSED] - sendKeys(findTestObject("Object Repository/Page_Swag Labs/input_Swag Labs_user-name"), "standard_user"): Keys 'standard_user' sent to object: 'Object Repository/Page_Swag Labs/input_Swag Labs_user-name'

2023-05-12 18:34:40 - [MESSAGE][PASSED] - Keys 'standard_user' sent to object: 'Object Repository/Page_Swag Labs/input_Swag Labs_user-name'

2023-05-12 18:34:40 - [TEST_STEP][PASSED] - click(findTestObject("Object Repository/Page_Swag Labs/input_Swag Labs_password")): Object: 'Object Repository/Page_Swag Labs/input_Swag Labs_password' is clicked on

2023-05-12 18:34:40 - [MESSAGE][PASSED] - Object: 'Object Repository/Page_Swag Labs/input_Swag Labs_password' is clicked on

2023-05-12 18:34:40 - [TEST_STEP][PASSED] - sendKeys(findTestObject("Object Repository/Page_Swag Labs/input_Swag Labs_password"), "secret_sauce"): Keys 'secret_sauce' sent to object: 'Object Repository/Page_Swag Labs/input_Swag Labs_password'

2023-05-12 18:34:40 - [MESSAGE][PASSED] - Keys 'secret_sauce' sent to object: 'Object Repository/Page_Swag Labs/input_Swag Labs_password'

2023-05-12 18:34:40 - [TEST_STEP][PASSED] - click(findTestObject("Object Repository/Page_Swag Labs/input_Swag Labs_login-button")): Object: 'Object Repository/Page_Swag Labs/input_Swag Labs_login-button' is clicked on

2023-05-12 18:34:41 - [MESSAGE][PASSED] - Object: 'Object Repository/Page_Swag Labs/input_Swag Labs_login-button' is clicked on

2023-05-12 18:34:41 - [TEST_STEP][PASSED] - click(findTestObject("Object Repository/inventoryPage/Backpack")): Object: 'Object Repository/inventoryPage/Backpack' is clicked on

2023-05-12 18:34:41 - [MESSAGE][PASSED] - Object: 'Object Repository/inventoryPage/Backpack' is clicked on

2023-05-12 18:34:41 - [TEST_STEP][PASSED] - click(findTestObject("Object Repository/inventoryPage/button_Add to cart")): Object: 'Object Repository/inventoryPage/button_Add to cart' is clicked on

2023-05-12 18:34:42 - [MESSAGE][PASSED] - Object: 'Object Repository/inventoryPage/button_Add to cart' is clicked on

2023-05-12 18:34:42 - [TEST_STEP][PASSED] - click(findTestObject("Object Repository/inventoryPage/products_back-image")): Object: 'Object Repository/inventoryPage/products_back-image' is clicked on

2023-05-12 18:34:42 - [MESSAGE][PASSED] - Object: 'Object Repository/inventoryPage/products_back-image' is clicked on

2023-05-12 18:34:42 - [TEST_STEP][PASSED] - click(findTestObject("Object Repository/inventoryPage/cart")): Object: 'Object Repository/inventoryPage/cart' is clicked on

2023-05-12 18:34:43 - [MESSAGE][PASSED] - Object: 'Object Repository/inventoryPage/cart' is clicked on

2023-05-12 18:34:43 - [TEST_STEP][PASSED] - click(findTestObject("Object Repository/CheckoutPage/button_Checkout")): Object: 'Object Repository/CheckoutPage/button_Checkout' is clicked on

2023-05-12 18:34:43 - [MESSAGE][PASSED] - Object: 'Object Repository/CheckoutPage/button_Checkout' is clicked on

2023-05-12 18:34:43 - [TEST_STEP][PASSED] - sendKeys(findTestObject("Object Repository/checkout-step-one/input_Checkout Your Information_firstName"), "demo"): Keys 'demo' sent to object: 'Object Repository/checkout-step-one/input_Checkout Your Information_firstName'

2023-05-12 18:34:44 - [MESSAGE][PASSED] - Keys 'demo' sent to object: 'Object Repository/checkout-step-one/input_Checkout Your Information_firstName'

2023-05-12 18:34:44 - [TEST_STEP][PASSED] - sendKeys(findTestObject("Object Repository/checkout-step-one/input_Checkout Your Information_lastName"), "qa test"): Keys 'qa test' sent to object: 'Object Repository/checkout-step-one/input_Checkout Your Information_lastName'

2023-05-12 18:34:44 - [MESSAGE][PASSED] - Keys 'qa test' sent to object: 'Object Repository/checkout-step-one/input_Checkout Your Information_lastName'

2023-05-12 18:34:44 - [TEST_STEP][PASSED] - sendKeys(findTestObject("Object Repository/checkout-step-one/input_Checkout Your Information_postalCode"), "9000"): Keys '9000' sent to object: 'Object Repository/checkout-step-one/input_Checkout Your Information_postalCode'

2023-05-12 18:34:45 - [MESSAGE][PASSED] - Keys '9000' sent to object: 'Object Repository/checkout-step-one/input_Checkout Your Information_postalCode'

2023-05-12 18:34:45 - [TEST_STEP][PASSED] - click(findTestObject("Object Repository/checkout-step-one/input_continue")): Object: 'Object Repository/checkout-step-one/input_continue' is clicked on

2023-05-12 18:34:46 - [MESSAGE][PASSED] - Object: 'Object Repository/checkout-step-one/input_continue' is clicked on

2023-05-12 18:34:46 - [TEST_STEP][PASSED] - click(findTestObject("Object Repository/finish checkout/button_Finish")): Object: 'Object Repository/finish checkout/button_Finish' is clicked on

2023-05-12 18:34:46 - [MESSAGE][PASSED] - Object: 'Object Repository/finish checkout/button_Finish' is clicked on

2023-05-12 18:34:46 - [TEST_STEP][PASSED] - verifyElementVisible(findTestObject("Object Repository/order-success/h2_Thank you for your order")): Object 'Object Repository/order-success/h2_Thank you for your order' is visible

2023-05-12 18:34:47 - [MESSAGE][PASSED] - Object 'Object Repository/order-success/h2_Thank you for your order' is visible

2023-05-12 18:34:47 - [TEST_STEP][PASSED] - click(findTestObject("Object Repository/NavSideBar/sidebar")): Object: 'Object Repository/NavSideBar/sidebar' is clicked on

2023-05-12 18:34:47 - [MESSAGE][PASSED] - Object: 'Object Repository/NavSideBar/sidebar' is clicked on

2023-05-12 18:34:47 - [TEST_STEP][PASSED] - click(findTestObject("Object Repository/NavSideBar/a_Logout")): Object: 'Object Repository/NavSideBar/a_Logout' is clicked on

2023-05-12 18:34:48 - [MESSAGE][PASSED] - Object: 'Object Repository/NavSideBar/a_Logout' is clicked on

2023-05-12 18:34:48 - [TEST_STEP][PASSED] - verifyElementVisible(findTestObject("Object Repository/Page_Swag Labs/input_Swag Labs_user-name")): Object 'Object Repository/Page_Swag Labs/input_Swag Labs_user-name' is visible

2023-05-12 18:34:48 - [MESSAGE][PASSED] - Object 'Object Repository/Page_Swag Labs/input_Swag Labs_user-name' is visible

2023-05-12 18:34:48 - [TEST_STEP][PASSED] - closeBrowser(): Browser is closed

2023-05-12 18:34:49 - [MESSAGE][PASSED] - Browser is closed]]></system-out>
         <system-err><![CDATA[]]></system-err>
      </testcase>
      <testcase name="Test Cases/test-flow-1-buy-1-product" time="11.731" classname="Test Cases/test-flow-1-buy-1-product" status="PASSED">
         <system-out><![CDATA[2023-05-12 18:34:49 - [TEST_CASE][PASSED] - Test Cases/test-flow-1-buy-1-product: Test Cases/test-flow-1-buy-1-product

2023-05-12 18:34:49 - [TEST_STEP][PASSED] - openBrowser("https://www.saucedemo.com/"): Browser is opened with url: 'https://www.saucedemo.com/'

2023-05-12 18:34:49 - [MESSAGE][INFO] - Starting 'Chrome' driver

2023-05-12 18:34:49 - [MESSAGE][INFO] - Action delay is set to 0 milliseconds

2023-05-12 18:34:51 - [MESSAGE][PASSED] - Browser is opened with url: 'https://www.saucedemo.com/'

2023-05-12 18:34:51 - [TEST_STEP][PASSED] - click(findTestObject("Object Repository/Page_Swag Labs/input_Swag Labs_user-name")): Object: 'Object Repository/Page_Swag Labs/input_Swag Labs_user-name' is clicked on

2023-05-12 18:34:51 - [MESSAGE][PASSED] - Object: 'Object Repository/Page_Swag Labs/input_Swag Labs_user-name' is clicked on

2023-05-12 18:34:51 - [TEST_STEP][PASSED] - sendKeys(findTestObject("Object Repository/Page_Swag Labs/input_Swag Labs_user-name"), "standard_user"): Keys 'standard_user' sent to object: 'Object Repository/Page_Swag Labs/input_Swag Labs_user-name'

2023-05-12 18:34:51 - [MESSAGE][PASSED] - Keys 'standard_user' sent to object: 'Object Repository/Page_Swag Labs/input_Swag Labs_user-name'

2023-05-12 18:34:51 - [TEST_STEP][PASSED] - click(findTestObject("Object Repository/Page_Swag Labs/input_Swag Labs_password")): Object: 'Object Repository/Page_Swag Labs/input_Swag Labs_password' is clicked on

2023-05-12 18:34:52 - [MESSAGE][PASSED] - Object: 'Object Repository/Page_Swag Labs/input_Swag Labs_password' is clicked on

2023-05-12 18:34:52 - [TEST_STEP][PASSED] - sendKeys(findTestObject("Object Repository/Page_Swag Labs/input_Swag Labs_password"), "secret_sauce"): Keys 'secret_sauce' sent to object: 'Object Repository/Page_Swag Labs/input_Swag Labs_password'

2023-05-12 18:34:52 - [MESSAGE][PASSED] - Keys 'secret_sauce' sent to object: 'Object Repository/Page_Swag Labs/input_Swag Labs_password'

2023-05-12 18:34:52 - [TEST_STEP][PASSED] - click(findTestObject("Object Repository/Page_Swag Labs/input_Swag Labs_login-button")): Object: 'Object Repository/Page_Swag Labs/input_Swag Labs_login-button' is clicked on

2023-05-12 18:34:53 - [MESSAGE][PASSED] - Object: 'Object Repository/Page_Swag Labs/input_Swag Labs_login-button' is clicked on

2023-05-12 18:34:53 - [TEST_STEP][PASSED] - click(findTestObject("Object Repository/inventoryPage/Backpack")): Object: 'Object Repository/inventoryPage/Backpack' is clicked on

2023-05-12 18:34:53 - [MESSAGE][PASSED] - Object: 'Object Repository/inventoryPage/Backpack' is clicked on

2023-05-12 18:34:53 - [TEST_STEP][PASSED] - click(findTestObject("Object Repository/inventoryPage/button_Add to cart")): Object: 'Object Repository/inventoryPage/button_Add to cart' is clicked on

2023-05-12 18:34:54 - [MESSAGE][PASSED] - Object: 'Object Repository/inventoryPage/button_Add to cart' is clicked on

2023-05-12 18:34:54 - [TEST_STEP][PASSED] - click(findTestObject("Object Repository/inventoryPage/products_back-image")): Object: 'Object Repository/inventoryPage/products_back-image' is clicked on

2023-05-12 18:34:54 - [MESSAGE][PASSED] - Object: 'Object Repository/inventoryPage/products_back-image' is clicked on

2023-05-12 18:34:54 - [TEST_STEP][PASSED] - click(findTestObject("Object Repository/inventoryPage/cart")): Object: 'Object Repository/inventoryPage/cart' is clicked on

2023-05-12 18:34:55 - [MESSAGE][PASSED] - Object: 'Object Repository/inventoryPage/cart' is clicked on

2023-05-12 18:34:55 - [TEST_STEP][PASSED] - click(findTestObject("Object Repository/CheckoutPage/button_Checkout")): Object: 'Object Repository/CheckoutPage/button_Checkout' is clicked on

2023-05-12 18:34:55 - [MESSAGE][PASSED] - Object: 'Object Repository/CheckoutPage/button_Checkout' is clicked on

2023-05-12 18:34:55 - [TEST_STEP][PASSED] - sendKeys(findTestObject("Object Repository/checkout-step-one/input_Checkout Your Information_firstName"), "demo"): Keys 'demo' sent to object: 'Object Repository/checkout-step-one/input_Checkout Your Information_firstName'

2023-05-12 18:34:56 - [MESSAGE][PASSED] - Keys 'demo' sent to object: 'Object Repository/checkout-step-one/input_Checkout Your Information_firstName'

2023-05-12 18:34:56 - [TEST_STEP][PASSED] - sendKeys(findTestObject("Object Repository/checkout-step-one/input_Checkout Your Information_lastName"), "qa test"): Keys 'qa test' sent to object: 'Object Repository/checkout-step-one/input_Checkout Your Information_lastName'

2023-05-12 18:34:56 - [MESSAGE][PASSED] - Keys 'qa test' sent to object: 'Object Repository/checkout-step-one/input_Checkout Your Information_lastName'

2023-05-12 18:34:56 - [TEST_STEP][PASSED] - sendKeys(findTestObject("Object Repository/checkout-step-one/input_Checkout Your Information_postalCode"), "9000"): Keys '9000' sent to object: 'Object Repository/checkout-step-one/input_Checkout Your Information_postalCode'

2023-05-12 18:34:57 - [MESSAGE][PASSED] - Keys '9000' sent to object: 'Object Repository/checkout-step-one/input_Checkout Your Information_postalCode'

2023-05-12 18:34:57 - [TEST_STEP][PASSED] - click(findTestObject("Object Repository/checkout-step-one/input_continue")): Object: 'Object Repository/checkout-step-one/input_continue' is clicked on

2023-05-12 18:34:57 - [MESSAGE][PASSED] - Object: 'Object Repository/checkout-step-one/input_continue' is clicked on

2023-05-12 18:34:57 - [TEST_STEP][PASSED] - click(findTestObject("Object Repository/finish checkout/button_Finish")): Object: 'Object Repository/finish checkout/button_Finish' is clicked on

2023-05-12 18:34:58 - [MESSAGE][PASSED] - Object: 'Object Repository/finish checkout/button_Finish' is clicked on

2023-05-12 18:34:58 - [TEST_STEP][PASSED] - verifyElementVisible(findTestObject("Object Repository/order-success/h2_Thank you for your order")): Object 'Object Repository/order-success/h2_Thank you for your order' is visible

2023-05-12 18:34:58 - [MESSAGE][PASSED] - Object 'Object Repository/order-success/h2_Thank you for your order' is visible

2023-05-12 18:34:58 - [TEST_STEP][PASSED] - click(findTestObject("Object Repository/NavSideBar/sidebar")): Object: 'Object Repository/NavSideBar/sidebar' is clicked on

2023-05-12 18:34:59 - [MESSAGE][PASSED] - Object: 'Object Repository/NavSideBar/sidebar' is clicked on

2023-05-12 18:34:59 - [TEST_STEP][PASSED] - click(findTestObject("Object Repository/NavSideBar/a_Logout")): Object: 'Object Repository/NavSideBar/a_Logout' is clicked on

2023-05-12 18:34:59 - [MESSAGE][PASSED] - Object: 'Object Repository/NavSideBar/a_Logout' is clicked on

2023-05-12 18:34:59 - [TEST_STEP][PASSED] - verifyElementVisible(findTestObject("Object Repository/Page_Swag Labs/input_Swag Labs_user-name")): Object 'Object Repository/Page_Swag Labs/input_Swag Labs_user-name' is visible

2023-05-12 18:35:00 - [MESSAGE][PASSED] - Object 'Object Repository/Page_Swag Labs/input_Swag Labs_user-name' is visible

2023-05-12 18:35:00 - [TEST_STEP][PASSED] - closeBrowser(): Browser is closed

2023-05-12 18:35:01 - [MESSAGE][PASSED] - Browser is closed]]></system-out>
         <system-err><![CDATA[]]></system-err>
      </testcase>
      <system-out><![CDATA[2023-05-12 18:31:01 - [TEST_SUITE][PASSED] - simple case: Test Cases/test-flow-1-buy-1-product]]></system-out>
      <system-err><![CDATA[]]></system-err>
   </testsuite>
</testsuites>
