<?xml version="1.0" encoding="UTF-8"?>
<testsuites name="simple case" time="256.939" tests="20" failures="0" errors="0">
   <testsuite name="simple case" tests="20" failures="0" errors="0" time="256.939" skipped="0" timestamp="2023-05-12 13:33:49" hostname="minh.nguyen - 5YHW2D3" id="Test Suites/simple case">
      <properties>
         <property name="deviceName" value=""/>
         <property name="devicePlatform" value=""/>
         <property name="logFolder" value="C:\\Users\\minh.nguyen\\Desktop\\GitRepo\\tri-nhan-repo\\Reports\\20230512_121335\\simple case\\20230512_121423"/>
         <property name="logFiles" value="C:\\Users\\minh.nguyen\\Desktop\\GitRepo\\tri-nhan-repo\\Reports\\20230512_121335\\simple case\\20230512_121423\\execution0.log"/>
         <property name="attachments" value=""/>
         <property name="hostName" value="minh.nguyen - 5YHW2D3"/>
         <property name="os" value="Windows 10 64bit"/>
         <property name="katalonVersion" value="8.5.5.208"/>
         <property name="browser" value="Chrome 112.0.0.0"/>
         <property name="hostAddress" value="192.168.1.86"/>
         <property name="sessionId" value="f24bc7c8001583c879b7c6112d460e10"/>
         <property name="seleniumVersion" value="3.141.59"/>
         <property name="proxyInformation" value="ProxyInformation { proxyOption=NO_PROXY, proxyServerType=HTTP, username=, password=********, proxyServerAddress=, proxyServerPort=0, executionList=&quot;&quot;, isApplyToDesiredCapabilities=true }"/>
         <property name="platform" value="Windows 10"/>
      </properties>
      <testcase name="Test Cases/test-flow-1-buy-1-product" time="15.872" classname="Test Cases/test-flow-1-buy-1-product" status="PASSED">
         <system-out><![CDATA[2023-05-12 13:33:49 - [TEST_CASE][PASSED] - Test Cases/test-flow-1-buy-1-product: Test Cases/test-flow-1-buy-1-product

2023-05-12 13:33:49 - [TEST_STEP][PASSED] - openBrowser("https://www.saucedemo.com/"): Browser is opened with url: 'https://www.saucedemo.com/'

2023-05-12 13:33:50 - [MESSAGE][INFO] - Starting 'Chrome' driver

2023-05-12 13:33:50 - [MESSAGE][INFO] - Action delay is set to 0 milliseconds

2023-05-12 13:33:54 - [MESSAGE][PASSED] - Browser is opened with url: 'https://www.saucedemo.com/'

2023-05-12 13:33:54 - [TEST_STEP][PASSED] - click(findTestObject("Object Repository/Page_Swag Labs/input_Swag Labs_user-name")): Object: 'Object Repository/Page_Swag Labs/input_Swag Labs_user-name' is clicked on

2023-05-12 13:33:55 - [MESSAGE][PASSED] - Object: 'Object Repository/Page_Swag Labs/input_Swag Labs_user-name' is clicked on

2023-05-12 13:33:55 - [TEST_STEP][PASSED] - sendKeys(findTestObject("Object Repository/Page_Swag Labs/input_Swag Labs_user-name"), "standard_user"): Keys 'standard_user' sent to object: 'Object Repository/Page_Swag Labs/input_Swag Labs_user-name'

2023-05-12 13:33:55 - [MESSAGE][PASSED] - Keys 'standard_user' sent to object: 'Object Repository/Page_Swag Labs/input_Swag Labs_user-name'

2023-05-12 13:33:55 - [TEST_STEP][PASSED] - click(findTestObject("Object Repository/Page_Swag Labs/input_Swag Labs_password")): Object: 'Object Repository/Page_Swag Labs/input_Swag Labs_password' is clicked on

2023-05-12 13:33:55 - [MESSAGE][PASSED] - Object: 'Object Repository/Page_Swag Labs/input_Swag Labs_password' is clicked on

2023-05-12 13:33:55 - [TEST_STEP][PASSED] - sendKeys(findTestObject("Object Repository/Page_Swag Labs/input_Swag Labs_password"), "secret_sauce"): Keys 'secret_sauce' sent to object: 'Object Repository/Page_Swag Labs/input_Swag Labs_password'

2023-05-12 13:33:56 - [MESSAGE][PASSED] - Keys 'secret_sauce' sent to object: 'Object Repository/Page_Swag Labs/input_Swag Labs_password'

2023-05-12 13:33:56 - [TEST_STEP][PASSED] - click(findTestObject("Object Repository/Page_Swag Labs/input_Swag Labs_login-button")): Object: 'Object Repository/Page_Swag Labs/input_Swag Labs_login-button' is clicked on

2023-05-12 13:33:57 - [MESSAGE][PASSED] - Object: 'Object Repository/Page_Swag Labs/input_Swag Labs_login-button' is clicked on

2023-05-12 13:33:57 - [TEST_STEP][PASSED] - click(findTestObject("Object Repository/inventoryPage/Backpack")): Object: 'Object Repository/inventoryPage/Backpack' is clicked on

2023-05-12 13:33:57 - [MESSAGE][PASSED] - Object: 'Object Repository/inventoryPage/Backpack' is clicked on

2023-05-12 13:33:57 - [TEST_STEP][PASSED] - click(findTestObject("Object Repository/inventoryPage/button_Add to cart")): Object: 'Object Repository/inventoryPage/button_Add to cart' is clicked on

2023-05-12 13:33:58 - [MESSAGE][PASSED] - Object: 'Object Repository/inventoryPage/button_Add to cart' is clicked on

2023-05-12 13:33:58 - [TEST_STEP][PASSED] - click(findTestObject("Object Repository/inventoryPage/products_back-image")): Object: 'Object Repository/inventoryPage/products_back-image' is clicked on

2023-05-12 13:33:58 - [MESSAGE][PASSED] - Object: 'Object Repository/inventoryPage/products_back-image' is clicked on

2023-05-12 13:33:58 - [TEST_STEP][PASSED] - click(findTestObject("Object Repository/inventoryPage/cart")): Object: 'Object Repository/inventoryPage/cart' is clicked on

2023-05-12 13:33:59 - [MESSAGE][PASSED] - Object: 'Object Repository/inventoryPage/cart' is clicked on

2023-05-12 13:33:59 - [TEST_STEP][PASSED] - click(findTestObject("Object Repository/CheckoutPage/button_Checkout")): Object: 'Object Repository/CheckoutPage/button_Checkout' is clicked on

2023-05-12 13:33:59 - [MESSAGE][PASSED] - Object: 'Object Repository/CheckoutPage/button_Checkout' is clicked on

2023-05-12 13:33:59 - [TEST_STEP][PASSED] - sendKeys(findTestObject("Object Repository/checkout-step-one/input_Checkout Your Information_firstName"), "demo"): Keys 'demo' sent to object: 'Object Repository/checkout-step-one/input_Checkout Your Information_firstName'

2023-05-12 13:34:00 - [MESSAGE][PASSED] - Keys 'demo' sent to object: 'Object Repository/checkout-step-one/input_Checkout Your Information_firstName'

2023-05-12 13:34:00 - [TEST_STEP][PASSED] - sendKeys(findTestObject("Object Repository/checkout-step-one/input_Checkout Your Information_lastName"), "qa test"): Keys 'qa test' sent to object: 'Object Repository/checkout-step-one/input_Checkout Your Information_lastName'

2023-05-12 13:34:01 - [MESSAGE][PASSED] - Keys 'qa test' sent to object: 'Object Repository/checkout-step-one/input_Checkout Your Information_lastName'

2023-05-12 13:34:01 - [TEST_STEP][PASSED] - sendKeys(findTestObject("Object Repository/checkout-step-one/input_Checkout Your Information_postalCode"), "9000"): Keys '9000' sent to object: 'Object Repository/checkout-step-one/input_Checkout Your Information_postalCode'

2023-05-12 13:34:01 - [MESSAGE][PASSED] - Keys '9000' sent to object: 'Object Repository/checkout-step-one/input_Checkout Your Information_postalCode'

2023-05-12 13:34:01 - [TEST_STEP][PASSED] - click(findTestObject("Object Repository/checkout-step-one/input_continue")): Object: 'Object Repository/checkout-step-one/input_continue' is clicked on

2023-05-12 13:34:02 - [MESSAGE][PASSED] - Object: 'Object Repository/checkout-step-one/input_continue' is clicked on

2023-05-12 13:34:02 - [TEST_STEP][PASSED] - click(findTestObject("Object Repository/finish checkout/button_Finish")): Object: 'Object Repository/finish checkout/button_Finish' is clicked on

2023-05-12 13:34:02 - [MESSAGE][PASSED] - Object: 'Object Repository/finish checkout/button_Finish' is clicked on

2023-05-12 13:34:02 - [TEST_STEP][PASSED] - verifyElementVisible(findTestObject("Object Repository/order-success/h2_Thank you for your order")): Object 'Object Repository/order-success/h2_Thank you for your order' is visible

2023-05-12 13:34:03 - [MESSAGE][PASSED] - Object 'Object Repository/order-success/h2_Thank you for your order' is visible

2023-05-12 13:34:03 - [TEST_STEP][PASSED] - click(findTestObject("Object Repository/NavSideBar/sidebar")): Object: 'Object Repository/NavSideBar/sidebar' is clicked on

2023-05-12 13:34:03 - [MESSAGE][PASSED] - Object: 'Object Repository/NavSideBar/sidebar' is clicked on

2023-05-12 13:34:03 - [TEST_STEP][PASSED] - click(findTestObject("Object Repository/NavSideBar/a_Logout")): Object: 'Object Repository/NavSideBar/a_Logout' is clicked on

2023-05-12 13:34:04 - [MESSAGE][PASSED] - Object: 'Object Repository/NavSideBar/a_Logout' is clicked on

2023-05-12 13:34:04 - [TEST_STEP][PASSED] - verifyElementVisible(findTestObject("Object Repository/Page_Swag Labs/input_Swag Labs_user-name")): Object 'Object Repository/Page_Swag Labs/input_Swag Labs_user-name' is visible

2023-05-12 13:34:04 - [MESSAGE][PASSED] - Object 'Object Repository/Page_Swag Labs/input_Swag Labs_user-name' is visible

2023-05-12 13:34:04 - [TEST_STEP][PASSED] - closeBrowser(): Browser is closed

2023-05-12 13:34:05 - [MESSAGE][PASSED] - Browser is closed]]></system-out>
         <system-err><![CDATA[]]></system-err>
      </testcase>
      <testcase name="Test Cases/test-flow-1-buy-1-product" time="13.15" classname="Test Cases/test-flow-1-buy-1-product" status="PASSED">
         <system-out><![CDATA[2023-05-12 13:34:05 - [TEST_CASE][PASSED] - Test Cases/test-flow-1-buy-1-product: Test Cases/test-flow-1-buy-1-product

2023-05-12 13:34:05 - [TEST_STEP][PASSED] - openBrowser("https://www.saucedemo.com/"): Browser is opened with url: 'https://www.saucedemo.com/'

2023-05-12 13:34:05 - [MESSAGE][INFO] - Starting 'Chrome' driver

2023-05-12 13:34:05 - [MESSAGE][INFO] - Action delay is set to 0 milliseconds

2023-05-12 13:34:08 - [MESSAGE][PASSED] - Browser is opened with url: 'https://www.saucedemo.com/'

2023-05-12 13:34:08 - [TEST_STEP][PASSED] - click(findTestObject("Object Repository/Page_Swag Labs/input_Swag Labs_user-name")): Object: 'Object Repository/Page_Swag Labs/input_Swag Labs_user-name' is clicked on

2023-05-12 13:34:08 - [MESSAGE][PASSED] - Object: 'Object Repository/Page_Swag Labs/input_Swag Labs_user-name' is clicked on

2023-05-12 13:34:08 - [TEST_STEP][PASSED] - sendKeys(findTestObject("Object Repository/Page_Swag Labs/input_Swag Labs_user-name"), "standard_user"): Keys 'standard_user' sent to object: 'Object Repository/Page_Swag Labs/input_Swag Labs_user-name'

2023-05-12 13:34:08 - [MESSAGE][PASSED] - Keys 'standard_user' sent to object: 'Object Repository/Page_Swag Labs/input_Swag Labs_user-name'

2023-05-12 13:34:08 - [TEST_STEP][PASSED] - click(findTestObject("Object Repository/Page_Swag Labs/input_Swag Labs_password")): Object: 'Object Repository/Page_Swag Labs/input_Swag Labs_password' is clicked on

2023-05-12 13:34:09 - [MESSAGE][PASSED] - Object: 'Object Repository/Page_Swag Labs/input_Swag Labs_password' is clicked on

2023-05-12 13:34:09 - [TEST_STEP][PASSED] - sendKeys(findTestObject("Object Repository/Page_Swag Labs/input_Swag Labs_password"), "secret_sauce"): Keys 'secret_sauce' sent to object: 'Object Repository/Page_Swag Labs/input_Swag Labs_password'

2023-05-12 13:34:09 - [MESSAGE][PASSED] - Keys 'secret_sauce' sent to object: 'Object Repository/Page_Swag Labs/input_Swag Labs_password'

2023-05-12 13:34:09 - [TEST_STEP][PASSED] - click(findTestObject("Object Repository/Page_Swag Labs/input_Swag Labs_login-button")): Object: 'Object Repository/Page_Swag Labs/input_Swag Labs_login-button' is clicked on

2023-05-12 13:34:09 - [MESSAGE][PASSED] - Object: 'Object Repository/Page_Swag Labs/input_Swag Labs_login-button' is clicked on

2023-05-12 13:34:09 - [TEST_STEP][PASSED] - click(findTestObject("Object Repository/inventoryPage/Backpack")): Object: 'Object Repository/inventoryPage/Backpack' is clicked on

2023-05-12 13:34:10 - [MESSAGE][PASSED] - Object: 'Object Repository/inventoryPage/Backpack' is clicked on

2023-05-12 13:34:10 - [TEST_STEP][PASSED] - click(findTestObject("Object Repository/inventoryPage/button_Add to cart")): Object: 'Object Repository/inventoryPage/button_Add to cart' is clicked on

2023-05-12 13:34:11 - [MESSAGE][PASSED] - Object: 'Object Repository/inventoryPage/button_Add to cart' is clicked on

2023-05-12 13:34:11 - [TEST_STEP][PASSED] - click(findTestObject("Object Repository/inventoryPage/products_back-image")): Object: 'Object Repository/inventoryPage/products_back-image' is clicked on

2023-05-12 13:34:11 - [MESSAGE][PASSED] - Object: 'Object Repository/inventoryPage/products_back-image' is clicked on

2023-05-12 13:34:11 - [TEST_STEP][PASSED] - click(findTestObject("Object Repository/inventoryPage/cart")): Object: 'Object Repository/inventoryPage/cart' is clicked on

2023-05-12 13:34:12 - [MESSAGE][PASSED] - Object: 'Object Repository/inventoryPage/cart' is clicked on

2023-05-12 13:34:12 - [TEST_STEP][PASSED] - click(findTestObject("Object Repository/CheckoutPage/button_Checkout")): Object: 'Object Repository/CheckoutPage/button_Checkout' is clicked on

2023-05-12 13:34:12 - [MESSAGE][PASSED] - Object: 'Object Repository/CheckoutPage/button_Checkout' is clicked on

2023-05-12 13:34:12 - [TEST_STEP][PASSED] - sendKeys(findTestObject("Object Repository/checkout-step-one/input_Checkout Your Information_firstName"), "demo"): Keys 'demo' sent to object: 'Object Repository/checkout-step-one/input_Checkout Your Information_firstName'

2023-05-12 13:34:13 - [MESSAGE][PASSED] - Keys 'demo' sent to object: 'Object Repository/checkout-step-one/input_Checkout Your Information_firstName'

2023-05-12 13:34:13 - [TEST_STEP][PASSED] - sendKeys(findTestObject("Object Repository/checkout-step-one/input_Checkout Your Information_lastName"), "qa test"): Keys 'qa test' sent to object: 'Object Repository/checkout-step-one/input_Checkout Your Information_lastName'

2023-05-12 13:34:14 - [MESSAGE][PASSED] - Keys 'qa test' sent to object: 'Object Repository/checkout-step-one/input_Checkout Your Information_lastName'

2023-05-12 13:34:14 - [TEST_STEP][PASSED] - sendKeys(findTestObject("Object Repository/checkout-step-one/input_Checkout Your Information_postalCode"), "9000"): Keys '9000' sent to object: 'Object Repository/checkout-step-one/input_Checkout Your Information_postalCode'

2023-05-12 13:34:14 - [MESSAGE][PASSED] - Keys '9000' sent to object: 'Object Repository/checkout-step-one/input_Checkout Your Information_postalCode'

2023-05-12 13:34:14 - [TEST_STEP][PASSED] - click(findTestObject("Object Repository/checkout-step-one/input_continue")): Object: 'Object Repository/checkout-step-one/input_continue' is clicked on

2023-05-12 13:34:15 - [MESSAGE][PASSED] - Object: 'Object Repository/checkout-step-one/input_continue' is clicked on

2023-05-12 13:34:15 - [TEST_STEP][PASSED] - click(findTestObject("Object Repository/finish checkout/button_Finish")): Object: 'Object Repository/finish checkout/button_Finish' is clicked on

2023-05-12 13:34:15 - [MESSAGE][PASSED] - Object: 'Object Repository/finish checkout/button_Finish' is clicked on

2023-05-12 13:34:15 - [TEST_STEP][PASSED] - verifyElementVisible(findTestObject("Object Repository/order-success/h2_Thank you for your order")): Object 'Object Repository/order-success/h2_Thank you for your order' is visible

2023-05-12 13:34:16 - [MESSAGE][PASSED] - Object 'Object Repository/order-success/h2_Thank you for your order' is visible

2023-05-12 13:34:16 - [TEST_STEP][PASSED] - click(findTestObject("Object Repository/NavSideBar/sidebar")): Object: 'Object Repository/NavSideBar/sidebar' is clicked on

2023-05-12 13:34:16 - [MESSAGE][PASSED] - Object: 'Object Repository/NavSideBar/sidebar' is clicked on

2023-05-12 13:34:16 - [TEST_STEP][PASSED] - click(findTestObject("Object Repository/NavSideBar/a_Logout")): Object: 'Object Repository/NavSideBar/a_Logout' is clicked on

2023-05-12 13:34:17 - [MESSAGE][PASSED] - Object: 'Object Repository/NavSideBar/a_Logout' is clicked on

2023-05-12 13:34:17 - [TEST_STEP][PASSED] - verifyElementVisible(findTestObject("Object Repository/Page_Swag Labs/input_Swag Labs_user-name")): Object 'Object Repository/Page_Swag Labs/input_Swag Labs_user-name' is visible

2023-05-12 13:34:17 - [MESSAGE][PASSED] - Object 'Object Repository/Page_Swag Labs/input_Swag Labs_user-name' is visible

2023-05-12 13:34:17 - [TEST_STEP][PASSED] - closeBrowser(): Browser is closed

2023-05-12 13:34:18 - [MESSAGE][PASSED] - Browser is closed]]></system-out>
         <system-err><![CDATA[]]></system-err>
      </testcase>
      <testcase name="Test Cases/test-flow-1-buy-1-product" time="12.594" classname="Test Cases/test-flow-1-buy-1-product" status="PASSED">
         <system-out><![CDATA[2023-05-12 13:34:18 - [TEST_CASE][PASSED] - Test Cases/test-flow-1-buy-1-product: Test Cases/test-flow-1-buy-1-product

2023-05-12 13:34:18 - [TEST_STEP][PASSED] - openBrowser("https://www.saucedemo.com/"): Browser is opened with url: 'https://www.saucedemo.com/'

2023-05-12 13:34:18 - [MESSAGE][INFO] - Starting 'Chrome' driver

2023-05-12 13:34:18 - [MESSAGE][INFO] - Action delay is set to 0 milliseconds

2023-05-12 13:34:21 - [MESSAGE][PASSED] - Browser is opened with url: 'https://www.saucedemo.com/'

2023-05-12 13:34:21 - [TEST_STEP][PASSED] - click(findTestObject("Object Repository/Page_Swag Labs/input_Swag Labs_user-name")): Object: 'Object Repository/Page_Swag Labs/input_Swag Labs_user-name' is clicked on

2023-05-12 13:34:21 - [MESSAGE][PASSED] - Object: 'Object Repository/Page_Swag Labs/input_Swag Labs_user-name' is clicked on

2023-05-12 13:34:21 - [TEST_STEP][PASSED] - sendKeys(findTestObject("Object Repository/Page_Swag Labs/input_Swag Labs_user-name"), "standard_user"): Keys 'standard_user' sent to object: 'Object Repository/Page_Swag Labs/input_Swag Labs_user-name'

2023-05-12 13:34:21 - [MESSAGE][PASSED] - Keys 'standard_user' sent to object: 'Object Repository/Page_Swag Labs/input_Swag Labs_user-name'

2023-05-12 13:34:21 - [TEST_STEP][PASSED] - click(findTestObject("Object Repository/Page_Swag Labs/input_Swag Labs_password")): Object: 'Object Repository/Page_Swag Labs/input_Swag Labs_password' is clicked on

2023-05-12 13:34:22 - [MESSAGE][PASSED] - Object: 'Object Repository/Page_Swag Labs/input_Swag Labs_password' is clicked on

2023-05-12 13:34:22 - [TEST_STEP][PASSED] - sendKeys(findTestObject("Object Repository/Page_Swag Labs/input_Swag Labs_password"), "secret_sauce"): Keys 'secret_sauce' sent to object: 'Object Repository/Page_Swag Labs/input_Swag Labs_password'

2023-05-12 13:34:22 - [MESSAGE][PASSED] - Keys 'secret_sauce' sent to object: 'Object Repository/Page_Swag Labs/input_Swag Labs_password'

2023-05-12 13:34:22 - [TEST_STEP][PASSED] - click(findTestObject("Object Repository/Page_Swag Labs/input_Swag Labs_login-button")): Object: 'Object Repository/Page_Swag Labs/input_Swag Labs_login-button' is clicked on

2023-05-12 13:34:23 - [MESSAGE][PASSED] - Object: 'Object Repository/Page_Swag Labs/input_Swag Labs_login-button' is clicked on

2023-05-12 13:34:23 - [TEST_STEP][PASSED] - click(findTestObject("Object Repository/inventoryPage/Backpack")): Object: 'Object Repository/inventoryPage/Backpack' is clicked on

2023-05-12 13:34:23 - [MESSAGE][PASSED] - Object: 'Object Repository/inventoryPage/Backpack' is clicked on

2023-05-12 13:34:23 - [TEST_STEP][PASSED] - click(findTestObject("Object Repository/inventoryPage/button_Add to cart")): Object: 'Object Repository/inventoryPage/button_Add to cart' is clicked on

2023-05-12 13:34:23 - [MESSAGE][PASSED] - Object: 'Object Repository/inventoryPage/button_Add to cart' is clicked on

2023-05-12 13:34:23 - [TEST_STEP][PASSED] - click(findTestObject("Object Repository/inventoryPage/products_back-image")): Object: 'Object Repository/inventoryPage/products_back-image' is clicked on

2023-05-12 13:34:24 - [MESSAGE][PASSED] - Object: 'Object Repository/inventoryPage/products_back-image' is clicked on

2023-05-12 13:34:24 - [TEST_STEP][PASSED] - click(findTestObject("Object Repository/inventoryPage/cart")): Object: 'Object Repository/inventoryPage/cart' is clicked on

2023-05-12 13:34:24 - [MESSAGE][PASSED] - Object: 'Object Repository/inventoryPage/cart' is clicked on

2023-05-12 13:34:24 - [TEST_STEP][PASSED] - click(findTestObject("Object Repository/CheckoutPage/button_Checkout")): Object: 'Object Repository/CheckoutPage/button_Checkout' is clicked on

2023-05-12 13:34:25 - [MESSAGE][PASSED] - Object: 'Object Repository/CheckoutPage/button_Checkout' is clicked on

2023-05-12 13:34:25 - [TEST_STEP][PASSED] - sendKeys(findTestObject("Object Repository/checkout-step-one/input_Checkout Your Information_firstName"), "demo"): Keys 'demo' sent to object: 'Object Repository/checkout-step-one/input_Checkout Your Information_firstName'

2023-05-12 13:34:26 - [MESSAGE][PASSED] - Keys 'demo' sent to object: 'Object Repository/checkout-step-one/input_Checkout Your Information_firstName'

2023-05-12 13:34:26 - [TEST_STEP][PASSED] - sendKeys(findTestObject("Object Repository/checkout-step-one/input_Checkout Your Information_lastName"), "qa test"): Keys 'qa test' sent to object: 'Object Repository/checkout-step-one/input_Checkout Your Information_lastName'

2023-05-12 13:34:26 - [MESSAGE][PASSED] - Keys 'qa test' sent to object: 'Object Repository/checkout-step-one/input_Checkout Your Information_lastName'

2023-05-12 13:34:26 - [TEST_STEP][PASSED] - sendKeys(findTestObject("Object Repository/checkout-step-one/input_Checkout Your Information_postalCode"), "9000"): Keys '9000' sent to object: 'Object Repository/checkout-step-one/input_Checkout Your Information_postalCode'

2023-05-12 13:34:27 - [MESSAGE][PASSED] - Keys '9000' sent to object: 'Object Repository/checkout-step-one/input_Checkout Your Information_postalCode'

2023-05-12 13:34:27 - [TEST_STEP][PASSED] - click(findTestObject("Object Repository/checkout-step-one/input_continue")): Object: 'Object Repository/checkout-step-one/input_continue' is clicked on

2023-05-12 13:34:27 - [MESSAGE][PASSED] - Object: 'Object Repository/checkout-step-one/input_continue' is clicked on

2023-05-12 13:34:27 - [TEST_STEP][PASSED] - click(findTestObject("Object Repository/finish checkout/button_Finish")): Object: 'Object Repository/finish checkout/button_Finish' is clicked on

2023-05-12 13:34:28 - [MESSAGE][PASSED] - Object: 'Object Repository/finish checkout/button_Finish' is clicked on

2023-05-12 13:34:28 - [TEST_STEP][PASSED] - verifyElementVisible(findTestObject("Object Repository/order-success/h2_Thank you for your order")): Object 'Object Repository/order-success/h2_Thank you for your order' is visible

2023-05-12 13:34:29 - [MESSAGE][PASSED] - Object 'Object Repository/order-success/h2_Thank you for your order' is visible

2023-05-12 13:34:29 - [TEST_STEP][PASSED] - click(findTestObject("Object Repository/NavSideBar/sidebar")): Object: 'Object Repository/NavSideBar/sidebar' is clicked on

2023-05-12 13:34:29 - [MESSAGE][PASSED] - Object: 'Object Repository/NavSideBar/sidebar' is clicked on

2023-05-12 13:34:29 - [TEST_STEP][PASSED] - click(findTestObject("Object Repository/NavSideBar/a_Logout")): Object: 'Object Repository/NavSideBar/a_Logout' is clicked on

2023-05-12 13:34:29 - [MESSAGE][PASSED] - Object: 'Object Repository/NavSideBar/a_Logout' is clicked on

2023-05-12 13:34:29 - [TEST_STEP][PASSED] - verifyElementVisible(findTestObject("Object Repository/Page_Swag Labs/input_Swag Labs_user-name")): Object 'Object Repository/Page_Swag Labs/input_Swag Labs_user-name' is visible

2023-05-12 13:34:30 - [MESSAGE][PASSED] - Object 'Object Repository/Page_Swag Labs/input_Swag Labs_user-name' is visible

2023-05-12 13:34:30 - [TEST_STEP][PASSED] - closeBrowser(): Browser is closed

2023-05-12 13:34:31 - [MESSAGE][PASSED] - Browser is closed]]></system-out>
         <system-err><![CDATA[]]></system-err>
      </testcase>
      <testcase name="Test Cases/test-flow-1-buy-1-product" time="12.617" classname="Test Cases/test-flow-1-buy-1-product" status="PASSED">
         <system-out><![CDATA[2023-05-12 13:34:31 - [TEST_CASE][PASSED] - Test Cases/test-flow-1-buy-1-product: Test Cases/test-flow-1-buy-1-product

2023-05-12 13:34:31 - [TEST_STEP][PASSED] - openBrowser("https://www.saucedemo.com/"): Browser is opened with url: 'https://www.saucedemo.com/'

2023-05-12 13:34:31 - [MESSAGE][INFO] - Starting 'Chrome' driver

2023-05-12 13:34:31 - [MESSAGE][INFO] - Action delay is set to 0 milliseconds

2023-05-12 13:34:33 - [MESSAGE][PASSED] - Browser is opened with url: 'https://www.saucedemo.com/'

2023-05-12 13:34:33 - [TEST_STEP][PASSED] - click(findTestObject("Object Repository/Page_Swag Labs/input_Swag Labs_user-name")): Object: 'Object Repository/Page_Swag Labs/input_Swag Labs_user-name' is clicked on

2023-05-12 13:34:34 - [MESSAGE][PASSED] - Object: 'Object Repository/Page_Swag Labs/input_Swag Labs_user-name' is clicked on

2023-05-12 13:34:34 - [TEST_STEP][PASSED] - sendKeys(findTestObject("Object Repository/Page_Swag Labs/input_Swag Labs_user-name"), "standard_user"): Keys 'standard_user' sent to object: 'Object Repository/Page_Swag Labs/input_Swag Labs_user-name'

2023-05-12 13:34:34 - [MESSAGE][PASSED] - Keys 'standard_user' sent to object: 'Object Repository/Page_Swag Labs/input_Swag Labs_user-name'

2023-05-12 13:34:34 - [TEST_STEP][PASSED] - click(findTestObject("Object Repository/Page_Swag Labs/input_Swag Labs_password")): Object: 'Object Repository/Page_Swag Labs/input_Swag Labs_password' is clicked on

2023-05-12 13:34:34 - [MESSAGE][PASSED] - Object: 'Object Repository/Page_Swag Labs/input_Swag Labs_password' is clicked on

2023-05-12 13:34:34 - [TEST_STEP][PASSED] - sendKeys(findTestObject("Object Repository/Page_Swag Labs/input_Swag Labs_password"), "secret_sauce"): Keys 'secret_sauce' sent to object: 'Object Repository/Page_Swag Labs/input_Swag Labs_password'

2023-05-12 13:34:35 - [MESSAGE][PASSED] - Keys 'secret_sauce' sent to object: 'Object Repository/Page_Swag Labs/input_Swag Labs_password'

2023-05-12 13:34:35 - [TEST_STEP][PASSED] - click(findTestObject("Object Repository/Page_Swag Labs/input_Swag Labs_login-button")): Object: 'Object Repository/Page_Swag Labs/input_Swag Labs_login-button' is clicked on

2023-05-12 13:34:35 - [MESSAGE][PASSED] - Object: 'Object Repository/Page_Swag Labs/input_Swag Labs_login-button' is clicked on

2023-05-12 13:34:35 - [TEST_STEP][PASSED] - click(findTestObject("Object Repository/inventoryPage/Backpack")): Object: 'Object Repository/inventoryPage/Backpack' is clicked on

2023-05-12 13:34:35 - [MESSAGE][PASSED] - Object: 'Object Repository/inventoryPage/Backpack' is clicked on

2023-05-12 13:34:35 - [TEST_STEP][PASSED] - click(findTestObject("Object Repository/inventoryPage/button_Add to cart")): Object: 'Object Repository/inventoryPage/button_Add to cart' is clicked on

2023-05-12 13:34:36 - [MESSAGE][PASSED] - Object: 'Object Repository/inventoryPage/button_Add to cart' is clicked on

2023-05-12 13:34:36 - [TEST_STEP][PASSED] - click(findTestObject("Object Repository/inventoryPage/products_back-image")): Object: 'Object Repository/inventoryPage/products_back-image' is clicked on

2023-05-12 13:34:36 - [MESSAGE][PASSED] - Object: 'Object Repository/inventoryPage/products_back-image' is clicked on

2023-05-12 13:34:36 - [TEST_STEP][PASSED] - click(findTestObject("Object Repository/inventoryPage/cart")): Object: 'Object Repository/inventoryPage/cart' is clicked on

2023-05-12 13:34:37 - [MESSAGE][PASSED] - Object: 'Object Repository/inventoryPage/cart' is clicked on

2023-05-12 13:34:37 - [TEST_STEP][PASSED] - click(findTestObject("Object Repository/CheckoutPage/button_Checkout")): Object: 'Object Repository/CheckoutPage/button_Checkout' is clicked on

2023-05-12 13:34:37 - [MESSAGE][PASSED] - Object: 'Object Repository/CheckoutPage/button_Checkout' is clicked on

2023-05-12 13:34:37 - [TEST_STEP][PASSED] - sendKeys(findTestObject("Object Repository/checkout-step-one/input_Checkout Your Information_firstName"), "demo"): Keys 'demo' sent to object: 'Object Repository/checkout-step-one/input_Checkout Your Information_firstName'

2023-05-12 13:34:38 - [MESSAGE][PASSED] - Keys 'demo' sent to object: 'Object Repository/checkout-step-one/input_Checkout Your Information_firstName'

2023-05-12 13:34:38 - [TEST_STEP][PASSED] - sendKeys(findTestObject("Object Repository/checkout-step-one/input_Checkout Your Information_lastName"), "qa test"): Keys 'qa test' sent to object: 'Object Repository/checkout-step-one/input_Checkout Your Information_lastName'

2023-05-12 13:34:39 - [MESSAGE][PASSED] - Keys 'qa test' sent to object: 'Object Repository/checkout-step-one/input_Checkout Your Information_lastName'

2023-05-12 13:34:39 - [TEST_STEP][PASSED] - sendKeys(findTestObject("Object Repository/checkout-step-one/input_Checkout Your Information_postalCode"), "9000"): Keys '9000' sent to object: 'Object Repository/checkout-step-one/input_Checkout Your Information_postalCode'

2023-05-12 13:34:40 - [MESSAGE][PASSED] - Keys '9000' sent to object: 'Object Repository/checkout-step-one/input_Checkout Your Information_postalCode'

2023-05-12 13:34:40 - [TEST_STEP][PASSED] - click(findTestObject("Object Repository/checkout-step-one/input_continue")): Object: 'Object Repository/checkout-step-one/input_continue' is clicked on

2023-05-12 13:34:40 - [MESSAGE][PASSED] - Object: 'Object Repository/checkout-step-one/input_continue' is clicked on

2023-05-12 13:34:40 - [TEST_STEP][PASSED] - click(findTestObject("Object Repository/finish checkout/button_Finish")): Object: 'Object Repository/finish checkout/button_Finish' is clicked on

2023-05-12 13:34:41 - [MESSAGE][PASSED] - Object: 'Object Repository/finish checkout/button_Finish' is clicked on

2023-05-12 13:34:41 - [TEST_STEP][PASSED] - verifyElementVisible(findTestObject("Object Repository/order-success/h2_Thank you for your order")): Object 'Object Repository/order-success/h2_Thank you for your order' is visible

2023-05-12 13:34:41 - [MESSAGE][PASSED] - Object 'Object Repository/order-success/h2_Thank you for your order' is visible

2023-05-12 13:34:41 - [TEST_STEP][PASSED] - click(findTestObject("Object Repository/NavSideBar/sidebar")): Object: 'Object Repository/NavSideBar/sidebar' is clicked on

2023-05-12 13:34:41 - [MESSAGE][PASSED] - Object: 'Object Repository/NavSideBar/sidebar' is clicked on

2023-05-12 13:34:41 - [TEST_STEP][PASSED] - click(findTestObject("Object Repository/NavSideBar/a_Logout")): Object: 'Object Repository/NavSideBar/a_Logout' is clicked on

2023-05-12 13:34:42 - [MESSAGE][PASSED] - Object: 'Object Repository/NavSideBar/a_Logout' is clicked on

2023-05-12 13:34:42 - [TEST_STEP][PASSED] - verifyElementVisible(findTestObject("Object Repository/Page_Swag Labs/input_Swag Labs_user-name")): Object 'Object Repository/Page_Swag Labs/input_Swag Labs_user-name' is visible

2023-05-12 13:34:43 - [MESSAGE][PASSED] - Object 'Object Repository/Page_Swag Labs/input_Swag Labs_user-name' is visible

2023-05-12 13:34:43 - [TEST_STEP][PASSED] - closeBrowser(): Browser is closed

2023-05-12 13:34:43 - [MESSAGE][PASSED] - Browser is closed]]></system-out>
         <system-err><![CDATA[]]></system-err>
      </testcase>
      <testcase name="Test Cases/test-flow-1-buy-1-product" time="13.058" classname="Test Cases/test-flow-1-buy-1-product" status="PASSED">
         <system-out><![CDATA[2023-05-12 13:34:43 - [TEST_CASE][PASSED] - Test Cases/test-flow-1-buy-1-product: Test Cases/test-flow-1-buy-1-product

2023-05-12 13:34:43 - [TEST_STEP][PASSED] - openBrowser("https://www.saucedemo.com/"): Browser is opened with url: 'https://www.saucedemo.com/'

2023-05-12 13:34:43 - [MESSAGE][INFO] - Starting 'Chrome' driver

2023-05-12 13:34:43 - [MESSAGE][INFO] - Action delay is set to 0 milliseconds

2023-05-12 13:34:46 - [MESSAGE][PASSED] - Browser is opened with url: 'https://www.saucedemo.com/'

2023-05-12 13:34:46 - [TEST_STEP][PASSED] - click(findTestObject("Object Repository/Page_Swag Labs/input_Swag Labs_user-name")): Object: 'Object Repository/Page_Swag Labs/input_Swag Labs_user-name' is clicked on

2023-05-12 13:34:46 - [MESSAGE][PASSED] - Object: 'Object Repository/Page_Swag Labs/input_Swag Labs_user-name' is clicked on

2023-05-12 13:34:46 - [TEST_STEP][PASSED] - sendKeys(findTestObject("Object Repository/Page_Swag Labs/input_Swag Labs_user-name"), "standard_user"): Keys 'standard_user' sent to object: 'Object Repository/Page_Swag Labs/input_Swag Labs_user-name'

2023-05-12 13:34:47 - [MESSAGE][PASSED] - Keys 'standard_user' sent to object: 'Object Repository/Page_Swag Labs/input_Swag Labs_user-name'

2023-05-12 13:34:47 - [TEST_STEP][PASSED] - click(findTestObject("Object Repository/Page_Swag Labs/input_Swag Labs_password")): Object: 'Object Repository/Page_Swag Labs/input_Swag Labs_password' is clicked on

2023-05-12 13:34:47 - [MESSAGE][PASSED] - Object: 'Object Repository/Page_Swag Labs/input_Swag Labs_password' is clicked on

2023-05-12 13:34:47 - [TEST_STEP][PASSED] - sendKeys(findTestObject("Object Repository/Page_Swag Labs/input_Swag Labs_password"), "secret_sauce"): Keys 'secret_sauce' sent to object: 'Object Repository/Page_Swag Labs/input_Swag Labs_password'

2023-05-12 13:34:47 - [MESSAGE][PASSED] - Keys 'secret_sauce' sent to object: 'Object Repository/Page_Swag Labs/input_Swag Labs_password'

2023-05-12 13:34:47 - [TEST_STEP][PASSED] - click(findTestObject("Object Repository/Page_Swag Labs/input_Swag Labs_login-button")): Object: 'Object Repository/Page_Swag Labs/input_Swag Labs_login-button' is clicked on

2023-05-12 13:34:48 - [MESSAGE][PASSED] - Object: 'Object Repository/Page_Swag Labs/input_Swag Labs_login-button' is clicked on

2023-05-12 13:34:48 - [TEST_STEP][PASSED] - click(findTestObject("Object Repository/inventoryPage/Backpack")): Object: 'Object Repository/inventoryPage/Backpack' is clicked on

2023-05-12 13:34:48 - [MESSAGE][PASSED] - Object: 'Object Repository/inventoryPage/Backpack' is clicked on

2023-05-12 13:34:48 - [TEST_STEP][PASSED] - click(findTestObject("Object Repository/inventoryPage/button_Add to cart")): Object: 'Object Repository/inventoryPage/button_Add to cart' is clicked on

2023-05-12 13:34:49 - [MESSAGE][PASSED] - Object: 'Object Repository/inventoryPage/button_Add to cart' is clicked on

2023-05-12 13:34:49 - [TEST_STEP][PASSED] - click(findTestObject("Object Repository/inventoryPage/products_back-image")): Object: 'Object Repository/inventoryPage/products_back-image' is clicked on

2023-05-12 13:34:49 - [MESSAGE][PASSED] - Object: 'Object Repository/inventoryPage/products_back-image' is clicked on

2023-05-12 13:34:49 - [TEST_STEP][PASSED] - click(findTestObject("Object Repository/inventoryPage/cart")): Object: 'Object Repository/inventoryPage/cart' is clicked on

2023-05-12 13:34:50 - [MESSAGE][PASSED] - Object: 'Object Repository/inventoryPage/cart' is clicked on

2023-05-12 13:34:50 - [TEST_STEP][PASSED] - click(findTestObject("Object Repository/CheckoutPage/button_Checkout")): Object: 'Object Repository/CheckoutPage/button_Checkout' is clicked on

2023-05-12 13:34:50 - [MESSAGE][PASSED] - Object: 'Object Repository/CheckoutPage/button_Checkout' is clicked on

2023-05-12 13:34:50 - [TEST_STEP][PASSED] - sendKeys(findTestObject("Object Repository/checkout-step-one/input_Checkout Your Information_firstName"), "demo"): Keys 'demo' sent to object: 'Object Repository/checkout-step-one/input_Checkout Your Information_firstName'

2023-05-12 13:34:51 - [MESSAGE][PASSED] - Keys 'demo' sent to object: 'Object Repository/checkout-step-one/input_Checkout Your Information_firstName'

2023-05-12 13:34:51 - [TEST_STEP][PASSED] - sendKeys(findTestObject("Object Repository/checkout-step-one/input_Checkout Your Information_lastName"), "qa test"): Keys 'qa test' sent to object: 'Object Repository/checkout-step-one/input_Checkout Your Information_lastName'

2023-05-12 13:34:52 - [MESSAGE][PASSED] - Keys 'qa test' sent to object: 'Object Repository/checkout-step-one/input_Checkout Your Information_lastName'

2023-05-12 13:34:52 - [TEST_STEP][PASSED] - sendKeys(findTestObject("Object Repository/checkout-step-one/input_Checkout Your Information_postalCode"), "9000"): Keys '9000' sent to object: 'Object Repository/checkout-step-one/input_Checkout Your Information_postalCode'

2023-05-12 13:34:52 - [MESSAGE][PASSED] - Keys '9000' sent to object: 'Object Repository/checkout-step-one/input_Checkout Your Information_postalCode'

2023-05-12 13:34:52 - [TEST_STEP][PASSED] - click(findTestObject("Object Repository/checkout-step-one/input_continue")): Object: 'Object Repository/checkout-step-one/input_continue' is clicked on

2023-05-12 13:34:53 - [MESSAGE][PASSED] - Object: 'Object Repository/checkout-step-one/input_continue' is clicked on

2023-05-12 13:34:53 - [TEST_STEP][PASSED] - click(findTestObject("Object Repository/finish checkout/button_Finish")): Object: 'Object Repository/finish checkout/button_Finish' is clicked on

2023-05-12 13:34:53 - [MESSAGE][PASSED] - Object: 'Object Repository/finish checkout/button_Finish' is clicked on

2023-05-12 13:34:53 - [TEST_STEP][PASSED] - verifyElementVisible(findTestObject("Object Repository/order-success/h2_Thank you for your order")): Object 'Object Repository/order-success/h2_Thank you for your order' is visible

2023-05-12 13:34:54 - [MESSAGE][PASSED] - Object 'Object Repository/order-success/h2_Thank you for your order' is visible

2023-05-12 13:34:54 - [TEST_STEP][PASSED] - click(findTestObject("Object Repository/NavSideBar/sidebar")): Object: 'Object Repository/NavSideBar/sidebar' is clicked on

2023-05-12 13:34:54 - [MESSAGE][PASSED] - Object: 'Object Repository/NavSideBar/sidebar' is clicked on

2023-05-12 13:34:54 - [TEST_STEP][PASSED] - click(findTestObject("Object Repository/NavSideBar/a_Logout")): Object: 'Object Repository/NavSideBar/a_Logout' is clicked on

2023-05-12 13:34:55 - [MESSAGE][PASSED] - Object: 'Object Repository/NavSideBar/a_Logout' is clicked on

2023-05-12 13:34:55 - [TEST_STEP][PASSED] - verifyElementVisible(findTestObject("Object Repository/Page_Swag Labs/input_Swag Labs_user-name")): Object 'Object Repository/Page_Swag Labs/input_Swag Labs_user-name' is visible

2023-05-12 13:34:55 - [MESSAGE][PASSED] - Object 'Object Repository/Page_Swag Labs/input_Swag Labs_user-name' is visible

2023-05-12 13:34:55 - [TEST_STEP][PASSED] - closeBrowser(): Browser is closed

2023-05-12 13:34:56 - [MESSAGE][PASSED] - Browser is closed]]></system-out>
         <system-err><![CDATA[]]></system-err>
      </testcase>
      <testcase name="Test Cases/test-flow-1-buy-1-product" time="13.388" classname="Test Cases/test-flow-1-buy-1-product" status="PASSED">
         <system-out><![CDATA[2023-05-12 13:34:56 - [TEST_CASE][PASSED] - Test Cases/test-flow-1-buy-1-product: Test Cases/test-flow-1-buy-1-product

2023-05-12 13:34:56 - [TEST_STEP][PASSED] - openBrowser("https://www.saucedemo.com/"): Browser is opened with url: 'https://www.saucedemo.com/'

2023-05-12 13:34:56 - [MESSAGE][INFO] - Starting 'Chrome' driver

2023-05-12 13:34:56 - [MESSAGE][INFO] - Action delay is set to 0 milliseconds

2023-05-12 13:34:59 - [MESSAGE][PASSED] - Browser is opened with url: 'https://www.saucedemo.com/'

2023-05-12 13:34:59 - [TEST_STEP][PASSED] - click(findTestObject("Object Repository/Page_Swag Labs/input_Swag Labs_user-name")): Object: 'Object Repository/Page_Swag Labs/input_Swag Labs_user-name' is clicked on

2023-05-12 13:35:00 - [MESSAGE][PASSED] - Object: 'Object Repository/Page_Swag Labs/input_Swag Labs_user-name' is clicked on

2023-05-12 13:35:00 - [TEST_STEP][PASSED] - sendKeys(findTestObject("Object Repository/Page_Swag Labs/input_Swag Labs_user-name"), "standard_user"): Keys 'standard_user' sent to object: 'Object Repository/Page_Swag Labs/input_Swag Labs_user-name'

2023-05-12 13:35:00 - [MESSAGE][PASSED] - Keys 'standard_user' sent to object: 'Object Repository/Page_Swag Labs/input_Swag Labs_user-name'

2023-05-12 13:35:00 - [TEST_STEP][PASSED] - click(findTestObject("Object Repository/Page_Swag Labs/input_Swag Labs_password")): Object: 'Object Repository/Page_Swag Labs/input_Swag Labs_password' is clicked on

2023-05-12 13:35:01 - [MESSAGE][PASSED] - Object: 'Object Repository/Page_Swag Labs/input_Swag Labs_password' is clicked on

2023-05-12 13:35:01 - [TEST_STEP][PASSED] - sendKeys(findTestObject("Object Repository/Page_Swag Labs/input_Swag Labs_password"), "secret_sauce"): Keys 'secret_sauce' sent to object: 'Object Repository/Page_Swag Labs/input_Swag Labs_password'

2023-05-12 13:35:01 - [MESSAGE][PASSED] - Keys 'secret_sauce' sent to object: 'Object Repository/Page_Swag Labs/input_Swag Labs_password'

2023-05-12 13:35:01 - [TEST_STEP][PASSED] - click(findTestObject("Object Repository/Page_Swag Labs/input_Swag Labs_login-button")): Object: 'Object Repository/Page_Swag Labs/input_Swag Labs_login-button' is clicked on

2023-05-12 13:35:01 - [MESSAGE][PASSED] - Object: 'Object Repository/Page_Swag Labs/input_Swag Labs_login-button' is clicked on

2023-05-12 13:35:01 - [TEST_STEP][PASSED] - click(findTestObject("Object Repository/inventoryPage/Backpack")): Object: 'Object Repository/inventoryPage/Backpack' is clicked on

2023-05-12 13:35:02 - [MESSAGE][PASSED] - Object: 'Object Repository/inventoryPage/Backpack' is clicked on

2023-05-12 13:35:02 - [TEST_STEP][PASSED] - click(findTestObject("Object Repository/inventoryPage/button_Add to cart")): Object: 'Object Repository/inventoryPage/button_Add to cart' is clicked on

2023-05-12 13:35:02 - [MESSAGE][PASSED] - Object: 'Object Repository/inventoryPage/button_Add to cart' is clicked on

2023-05-12 13:35:02 - [TEST_STEP][PASSED] - click(findTestObject("Object Repository/inventoryPage/products_back-image")): Object: 'Object Repository/inventoryPage/products_back-image' is clicked on

2023-05-12 13:35:03 - [MESSAGE][PASSED] - Object: 'Object Repository/inventoryPage/products_back-image' is clicked on

2023-05-12 13:35:03 - [TEST_STEP][PASSED] - click(findTestObject("Object Repository/inventoryPage/cart")): Object: 'Object Repository/inventoryPage/cart' is clicked on

2023-05-12 13:35:03 - [MESSAGE][PASSED] - Object: 'Object Repository/inventoryPage/cart' is clicked on

2023-05-12 13:35:03 - [TEST_STEP][PASSED] - click(findTestObject("Object Repository/CheckoutPage/button_Checkout")): Object: 'Object Repository/CheckoutPage/button_Checkout' is clicked on

2023-05-12 13:35:04 - [MESSAGE][PASSED] - Object: 'Object Repository/CheckoutPage/button_Checkout' is clicked on

2023-05-12 13:35:04 - [TEST_STEP][PASSED] - sendKeys(findTestObject("Object Repository/checkout-step-one/input_Checkout Your Information_firstName"), "demo"): Keys 'demo' sent to object: 'Object Repository/checkout-step-one/input_Checkout Your Information_firstName'

2023-05-12 13:35:05 - [MESSAGE][PASSED] - Keys 'demo' sent to object: 'Object Repository/checkout-step-one/input_Checkout Your Information_firstName'

2023-05-12 13:35:05 - [TEST_STEP][PASSED] - sendKeys(findTestObject("Object Repository/checkout-step-one/input_Checkout Your Information_lastName"), "qa test"): Keys 'qa test' sent to object: 'Object Repository/checkout-step-one/input_Checkout Your Information_lastName'

2023-05-12 13:35:06 - [MESSAGE][PASSED] - Keys 'qa test' sent to object: 'Object Repository/checkout-step-one/input_Checkout Your Information_lastName'

2023-05-12 13:35:06 - [TEST_STEP][PASSED] - sendKeys(findTestObject("Object Repository/checkout-step-one/input_Checkout Your Information_postalCode"), "9000"): Keys '9000' sent to object: 'Object Repository/checkout-step-one/input_Checkout Your Information_postalCode'

2023-05-12 13:35:06 - [MESSAGE][PASSED] - Keys '9000' sent to object: 'Object Repository/checkout-step-one/input_Checkout Your Information_postalCode'

2023-05-12 13:35:06 - [TEST_STEP][PASSED] - click(findTestObject("Object Repository/checkout-step-one/input_continue")): Object: 'Object Repository/checkout-step-one/input_continue' is clicked on

2023-05-12 13:35:07 - [MESSAGE][PASSED] - Object: 'Object Repository/checkout-step-one/input_continue' is clicked on

2023-05-12 13:35:07 - [TEST_STEP][PASSED] - click(findTestObject("Object Repository/finish checkout/button_Finish")): Object: 'Object Repository/finish checkout/button_Finish' is clicked on

2023-05-12 13:35:07 - [MESSAGE][PASSED] - Object: 'Object Repository/finish checkout/button_Finish' is clicked on

2023-05-12 13:35:07 - [TEST_STEP][PASSED] - verifyElementVisible(findTestObject("Object Repository/order-success/h2_Thank you for your order")): Object 'Object Repository/order-success/h2_Thank you for your order' is visible

2023-05-12 13:35:08 - [MESSAGE][PASSED] - Object 'Object Repository/order-success/h2_Thank you for your order' is visible

2023-05-12 13:35:08 - [TEST_STEP][PASSED] - click(findTestObject("Object Repository/NavSideBar/sidebar")): Object: 'Object Repository/NavSideBar/sidebar' is clicked on

2023-05-12 13:35:08 - [MESSAGE][PASSED] - Object: 'Object Repository/NavSideBar/sidebar' is clicked on

2023-05-12 13:35:08 - [TEST_STEP][PASSED] - click(findTestObject("Object Repository/NavSideBar/a_Logout")): Object: 'Object Repository/NavSideBar/a_Logout' is clicked on

2023-05-12 13:35:08 - [MESSAGE][PASSED] - Object: 'Object Repository/NavSideBar/a_Logout' is clicked on

2023-05-12 13:35:08 - [TEST_STEP][PASSED] - verifyElementVisible(findTestObject("Object Repository/Page_Swag Labs/input_Swag Labs_user-name")): Object 'Object Repository/Page_Swag Labs/input_Swag Labs_user-name' is visible

2023-05-12 13:35:09 - [MESSAGE][PASSED] - Object 'Object Repository/Page_Swag Labs/input_Swag Labs_user-name' is visible

2023-05-12 13:35:09 - [TEST_STEP][PASSED] - closeBrowser(): Browser is closed

2023-05-12 13:35:10 - [MESSAGE][PASSED] - Browser is closed]]></system-out>
         <system-err><![CDATA[]]></system-err>
      </testcase>
      <testcase name="Test Cases/test-flow-1-buy-1-product" time="12.18" classname="Test Cases/test-flow-1-buy-1-product" status="PASSED">
         <system-out><![CDATA[2023-05-12 13:35:10 - [TEST_CASE][PASSED] - Test Cases/test-flow-1-buy-1-product: Test Cases/test-flow-1-buy-1-product

2023-05-12 13:35:10 - [TEST_STEP][PASSED] - openBrowser("https://www.saucedemo.com/"): Browser is opened with url: 'https://www.saucedemo.com/'

2023-05-12 13:35:10 - [MESSAGE][INFO] - Starting 'Chrome' driver

2023-05-12 13:35:10 - [MESSAGE][INFO] - Action delay is set to 0 milliseconds

2023-05-12 13:35:12 - [MESSAGE][PASSED] - Browser is opened with url: 'https://www.saucedemo.com/'

2023-05-12 13:35:12 - [TEST_STEP][PASSED] - click(findTestObject("Object Repository/Page_Swag Labs/input_Swag Labs_user-name")): Object: 'Object Repository/Page_Swag Labs/input_Swag Labs_user-name' is clicked on

2023-05-12 13:35:13 - [MESSAGE][PASSED] - Object: 'Object Repository/Page_Swag Labs/input_Swag Labs_user-name' is clicked on

2023-05-12 13:35:13 - [TEST_STEP][PASSED] - sendKeys(findTestObject("Object Repository/Page_Swag Labs/input_Swag Labs_user-name"), "standard_user"): Keys 'standard_user' sent to object: 'Object Repository/Page_Swag Labs/input_Swag Labs_user-name'

2023-05-12 13:35:13 - [MESSAGE][PASSED] - Keys 'standard_user' sent to object: 'Object Repository/Page_Swag Labs/input_Swag Labs_user-name'

2023-05-12 13:35:13 - [TEST_STEP][PASSED] - click(findTestObject("Object Repository/Page_Swag Labs/input_Swag Labs_password")): Object: 'Object Repository/Page_Swag Labs/input_Swag Labs_password' is clicked on

2023-05-12 13:35:13 - [MESSAGE][PASSED] - Object: 'Object Repository/Page_Swag Labs/input_Swag Labs_password' is clicked on

2023-05-12 13:35:13 - [TEST_STEP][PASSED] - sendKeys(findTestObject("Object Repository/Page_Swag Labs/input_Swag Labs_password"), "secret_sauce"): Keys 'secret_sauce' sent to object: 'Object Repository/Page_Swag Labs/input_Swag Labs_password'

2023-05-12 13:35:14 - [MESSAGE][PASSED] - Keys 'secret_sauce' sent to object: 'Object Repository/Page_Swag Labs/input_Swag Labs_password'

2023-05-12 13:35:14 - [TEST_STEP][PASSED] - click(findTestObject("Object Repository/Page_Swag Labs/input_Swag Labs_login-button")): Object: 'Object Repository/Page_Swag Labs/input_Swag Labs_login-button' is clicked on

2023-05-12 13:35:14 - [MESSAGE][PASSED] - Object: 'Object Repository/Page_Swag Labs/input_Swag Labs_login-button' is clicked on

2023-05-12 13:35:14 - [TEST_STEP][PASSED] - click(findTestObject("Object Repository/inventoryPage/Backpack")): Object: 'Object Repository/inventoryPage/Backpack' is clicked on

2023-05-12 13:35:15 - [MESSAGE][PASSED] - Object: 'Object Repository/inventoryPage/Backpack' is clicked on

2023-05-12 13:35:15 - [TEST_STEP][PASSED] - click(findTestObject("Object Repository/inventoryPage/button_Add to cart")): Object: 'Object Repository/inventoryPage/button_Add to cart' is clicked on

2023-05-12 13:35:15 - [MESSAGE][PASSED] - Object: 'Object Repository/inventoryPage/button_Add to cart' is clicked on

2023-05-12 13:35:15 - [TEST_STEP][PASSED] - click(findTestObject("Object Repository/inventoryPage/products_back-image")): Object: 'Object Repository/inventoryPage/products_back-image' is clicked on

2023-05-12 13:35:16 - [MESSAGE][PASSED] - Object: 'Object Repository/inventoryPage/products_back-image' is clicked on

2023-05-12 13:35:16 - [TEST_STEP][PASSED] - click(findTestObject("Object Repository/inventoryPage/cart")): Object: 'Object Repository/inventoryPage/cart' is clicked on

2023-05-12 13:35:16 - [MESSAGE][PASSED] - Object: 'Object Repository/inventoryPage/cart' is clicked on

2023-05-12 13:35:16 - [TEST_STEP][PASSED] - click(findTestObject("Object Repository/CheckoutPage/button_Checkout")): Object: 'Object Repository/CheckoutPage/button_Checkout' is clicked on

2023-05-12 13:35:17 - [MESSAGE][PASSED] - Object: 'Object Repository/CheckoutPage/button_Checkout' is clicked on

2023-05-12 13:35:17 - [TEST_STEP][PASSED] - sendKeys(findTestObject("Object Repository/checkout-step-one/input_Checkout Your Information_firstName"), "demo"): Keys 'demo' sent to object: 'Object Repository/checkout-step-one/input_Checkout Your Information_firstName'

2023-05-12 13:35:17 - [MESSAGE][PASSED] - Keys 'demo' sent to object: 'Object Repository/checkout-step-one/input_Checkout Your Information_firstName'

2023-05-12 13:35:17 - [TEST_STEP][PASSED] - sendKeys(findTestObject("Object Repository/checkout-step-one/input_Checkout Your Information_lastName"), "qa test"): Keys 'qa test' sent to object: 'Object Repository/checkout-step-one/input_Checkout Your Information_lastName'

2023-05-12 13:35:18 - [MESSAGE][PASSED] - Keys 'qa test' sent to object: 'Object Repository/checkout-step-one/input_Checkout Your Information_lastName'

2023-05-12 13:35:18 - [TEST_STEP][PASSED] - sendKeys(findTestObject("Object Repository/checkout-step-one/input_Checkout Your Information_postalCode"), "9000"): Keys '9000' sent to object: 'Object Repository/checkout-step-one/input_Checkout Your Information_postalCode'

2023-05-12 13:35:18 - [MESSAGE][PASSED] - Keys '9000' sent to object: 'Object Repository/checkout-step-one/input_Checkout Your Information_postalCode'

2023-05-12 13:35:18 - [TEST_STEP][PASSED] - click(findTestObject("Object Repository/checkout-step-one/input_continue")): Object: 'Object Repository/checkout-step-one/input_continue' is clicked on

2023-05-12 13:35:19 - [MESSAGE][PASSED] - Object: 'Object Repository/checkout-step-one/input_continue' is clicked on

2023-05-12 13:35:19 - [TEST_STEP][PASSED] - click(findTestObject("Object Repository/finish checkout/button_Finish")): Object: 'Object Repository/finish checkout/button_Finish' is clicked on

2023-05-12 13:35:19 - [MESSAGE][PASSED] - Object: 'Object Repository/finish checkout/button_Finish' is clicked on

2023-05-12 13:35:19 - [TEST_STEP][PASSED] - verifyElementVisible(findTestObject("Object Repository/order-success/h2_Thank you for your order")): Object 'Object Repository/order-success/h2_Thank you for your order' is visible

2023-05-12 13:35:20 - [MESSAGE][PASSED] - Object 'Object Repository/order-success/h2_Thank you for your order' is visible

2023-05-12 13:35:20 - [TEST_STEP][PASSED] - click(findTestObject("Object Repository/NavSideBar/sidebar")): Object: 'Object Repository/NavSideBar/sidebar' is clicked on

2023-05-12 13:35:20 - [MESSAGE][PASSED] - Object: 'Object Repository/NavSideBar/sidebar' is clicked on

2023-05-12 13:35:20 - [TEST_STEP][PASSED] - click(findTestObject("Object Repository/NavSideBar/a_Logout")): Object: 'Object Repository/NavSideBar/a_Logout' is clicked on

2023-05-12 13:35:21 - [MESSAGE][PASSED] - Object: 'Object Repository/NavSideBar/a_Logout' is clicked on

2023-05-12 13:35:21 - [TEST_STEP][PASSED] - verifyElementVisible(findTestObject("Object Repository/Page_Swag Labs/input_Swag Labs_user-name")): Object 'Object Repository/Page_Swag Labs/input_Swag Labs_user-name' is visible

2023-05-12 13:35:21 - [MESSAGE][PASSED] - Object 'Object Repository/Page_Swag Labs/input_Swag Labs_user-name' is visible

2023-05-12 13:35:21 - [TEST_STEP][PASSED] - closeBrowser(): Browser is closed

2023-05-12 13:35:22 - [MESSAGE][PASSED] - Browser is closed]]></system-out>
         <system-err><![CDATA[]]></system-err>
      </testcase>
      <testcase name="Test Cases/test-flow-1-buy-1-product" time="12.055" classname="Test Cases/test-flow-1-buy-1-product" status="PASSED">
         <system-out><![CDATA[2023-05-12 13:35:22 - [TEST_CASE][PASSED] - Test Cases/test-flow-1-buy-1-product: Test Cases/test-flow-1-buy-1-product

2023-05-12 13:35:22 - [TEST_STEP][PASSED] - openBrowser("https://www.saucedemo.com/"): Browser is opened with url: 'https://www.saucedemo.com/'

2023-05-12 13:35:22 - [MESSAGE][INFO] - Starting 'Chrome' driver

2023-05-12 13:35:22 - [MESSAGE][INFO] - Action delay is set to 0 milliseconds

2023-05-12 13:35:24 - [MESSAGE][PASSED] - Browser is opened with url: 'https://www.saucedemo.com/'

2023-05-12 13:35:24 - [TEST_STEP][PASSED] - click(findTestObject("Object Repository/Page_Swag Labs/input_Swag Labs_user-name")): Object: 'Object Repository/Page_Swag Labs/input_Swag Labs_user-name' is clicked on

2023-05-12 13:35:25 - [MESSAGE][PASSED] - Object: 'Object Repository/Page_Swag Labs/input_Swag Labs_user-name' is clicked on

2023-05-12 13:35:25 - [TEST_STEP][PASSED] - sendKeys(findTestObject("Object Repository/Page_Swag Labs/input_Swag Labs_user-name"), "standard_user"): Keys 'standard_user' sent to object: 'Object Repository/Page_Swag Labs/input_Swag Labs_user-name'

2023-05-12 13:35:25 - [MESSAGE][PASSED] - Keys 'standard_user' sent to object: 'Object Repository/Page_Swag Labs/input_Swag Labs_user-name'

2023-05-12 13:35:25 - [TEST_STEP][PASSED] - click(findTestObject("Object Repository/Page_Swag Labs/input_Swag Labs_password")): Object: 'Object Repository/Page_Swag Labs/input_Swag Labs_password' is clicked on

2023-05-12 13:35:26 - [MESSAGE][PASSED] - Object: 'Object Repository/Page_Swag Labs/input_Swag Labs_password' is clicked on

2023-05-12 13:35:26 - [TEST_STEP][PASSED] - sendKeys(findTestObject("Object Repository/Page_Swag Labs/input_Swag Labs_password"), "secret_sauce"): Keys 'secret_sauce' sent to object: 'Object Repository/Page_Swag Labs/input_Swag Labs_password'

2023-05-12 13:35:26 - [MESSAGE][PASSED] - Keys 'secret_sauce' sent to object: 'Object Repository/Page_Swag Labs/input_Swag Labs_password'

2023-05-12 13:35:26 - [TEST_STEP][PASSED] - click(findTestObject("Object Repository/Page_Swag Labs/input_Swag Labs_login-button")): Object: 'Object Repository/Page_Swag Labs/input_Swag Labs_login-button' is clicked on

2023-05-12 13:35:26 - [MESSAGE][PASSED] - Object: 'Object Repository/Page_Swag Labs/input_Swag Labs_login-button' is clicked on

2023-05-12 13:35:26 - [TEST_STEP][PASSED] - click(findTestObject("Object Repository/inventoryPage/Backpack")): Object: 'Object Repository/inventoryPage/Backpack' is clicked on

2023-05-12 13:35:27 - [MESSAGE][PASSED] - Object: 'Object Repository/inventoryPage/Backpack' is clicked on

2023-05-12 13:35:27 - [TEST_STEP][PASSED] - click(findTestObject("Object Repository/inventoryPage/button_Add to cart")): Object: 'Object Repository/inventoryPage/button_Add to cart' is clicked on

2023-05-12 13:35:27 - [MESSAGE][PASSED] - Object: 'Object Repository/inventoryPage/button_Add to cart' is clicked on

2023-05-12 13:35:27 - [TEST_STEP][PASSED] - click(findTestObject("Object Repository/inventoryPage/products_back-image")): Object: 'Object Repository/inventoryPage/products_back-image' is clicked on

2023-05-12 13:35:28 - [MESSAGE][PASSED] - Object: 'Object Repository/inventoryPage/products_back-image' is clicked on

2023-05-12 13:35:28 - [TEST_STEP][PASSED] - click(findTestObject("Object Repository/inventoryPage/cart")): Object: 'Object Repository/inventoryPage/cart' is clicked on

2023-05-12 13:35:28 - [MESSAGE][PASSED] - Object: 'Object Repository/inventoryPage/cart' is clicked on

2023-05-12 13:35:28 - [TEST_STEP][PASSED] - click(findTestObject("Object Repository/CheckoutPage/button_Checkout")): Object: 'Object Repository/CheckoutPage/button_Checkout' is clicked on

2023-05-12 13:35:29 - [MESSAGE][PASSED] - Object: 'Object Repository/CheckoutPage/button_Checkout' is clicked on

2023-05-12 13:35:29 - [TEST_STEP][PASSED] - sendKeys(findTestObject("Object Repository/checkout-step-one/input_Checkout Your Information_firstName"), "demo"): Keys 'demo' sent to object: 'Object Repository/checkout-step-one/input_Checkout Your Information_firstName'

2023-05-12 13:35:29 - [MESSAGE][PASSED] - Keys 'demo' sent to object: 'Object Repository/checkout-step-one/input_Checkout Your Information_firstName'

2023-05-12 13:35:29 - [TEST_STEP][PASSED] - sendKeys(findTestObject("Object Repository/checkout-step-one/input_Checkout Your Information_lastName"), "qa test"): Keys 'qa test' sent to object: 'Object Repository/checkout-step-one/input_Checkout Your Information_lastName'

2023-05-12 13:35:30 - [MESSAGE][PASSED] - Keys 'qa test' sent to object: 'Object Repository/checkout-step-one/input_Checkout Your Information_lastName'

2023-05-12 13:35:30 - [TEST_STEP][PASSED] - sendKeys(findTestObject("Object Repository/checkout-step-one/input_Checkout Your Information_postalCode"), "9000"): Keys '9000' sent to object: 'Object Repository/checkout-step-one/input_Checkout Your Information_postalCode'

2023-05-12 13:35:30 - [MESSAGE][PASSED] - Keys '9000' sent to object: 'Object Repository/checkout-step-one/input_Checkout Your Information_postalCode'

2023-05-12 13:35:30 - [TEST_STEP][PASSED] - click(findTestObject("Object Repository/checkout-step-one/input_continue")): Object: 'Object Repository/checkout-step-one/input_continue' is clicked on

2023-05-12 13:35:31 - [MESSAGE][PASSED] - Object: 'Object Repository/checkout-step-one/input_continue' is clicked on

2023-05-12 13:35:31 - [TEST_STEP][PASSED] - click(findTestObject("Object Repository/finish checkout/button_Finish")): Object: 'Object Repository/finish checkout/button_Finish' is clicked on

2023-05-12 13:35:31 - [MESSAGE][PASSED] - Object: 'Object Repository/finish checkout/button_Finish' is clicked on

2023-05-12 13:35:31 - [TEST_STEP][PASSED] - verifyElementVisible(findTestObject("Object Repository/order-success/h2_Thank you for your order")): Object 'Object Repository/order-success/h2_Thank you for your order' is visible

2023-05-12 13:35:32 - [MESSAGE][PASSED] - Object 'Object Repository/order-success/h2_Thank you for your order' is visible

2023-05-12 13:35:32 - [TEST_STEP][PASSED] - click(findTestObject("Object Repository/NavSideBar/sidebar")): Object: 'Object Repository/NavSideBar/sidebar' is clicked on

2023-05-12 13:35:32 - [MESSAGE][PASSED] - Object: 'Object Repository/NavSideBar/sidebar' is clicked on

2023-05-12 13:35:32 - [TEST_STEP][PASSED] - click(findTestObject("Object Repository/NavSideBar/a_Logout")): Object: 'Object Repository/NavSideBar/a_Logout' is clicked on

2023-05-12 13:35:33 - [MESSAGE][PASSED] - Object: 'Object Repository/NavSideBar/a_Logout' is clicked on

2023-05-12 13:35:33 - [TEST_STEP][PASSED] - verifyElementVisible(findTestObject("Object Repository/Page_Swag Labs/input_Swag Labs_user-name")): Object 'Object Repository/Page_Swag Labs/input_Swag Labs_user-name' is visible

2023-05-12 13:35:33 - [MESSAGE][PASSED] - Object 'Object Repository/Page_Swag Labs/input_Swag Labs_user-name' is visible

2023-05-12 13:35:33 - [TEST_STEP][PASSED] - closeBrowser(): Browser is closed

2023-05-12 13:35:34 - [MESSAGE][PASSED] - Browser is closed]]></system-out>
         <system-err><![CDATA[]]></system-err>
      </testcase>
      <testcase name="Test Cases/test-flow-1-buy-1-product" time="12.487" classname="Test Cases/test-flow-1-buy-1-product" status="PASSED">
         <system-out><![CDATA[2023-05-12 13:35:34 - [TEST_CASE][PASSED] - Test Cases/test-flow-1-buy-1-product: Test Cases/test-flow-1-buy-1-product

2023-05-12 13:35:34 - [TEST_STEP][PASSED] - openBrowser("https://www.saucedemo.com/"): Browser is opened with url: 'https://www.saucedemo.com/'

2023-05-12 13:35:34 - [MESSAGE][INFO] - Starting 'Chrome' driver

2023-05-12 13:35:34 - [MESSAGE][INFO] - Action delay is set to 0 milliseconds

2023-05-12 13:35:37 - [MESSAGE][PASSED] - Browser is opened with url: 'https://www.saucedemo.com/'

2023-05-12 13:35:37 - [TEST_STEP][PASSED] - click(findTestObject("Object Repository/Page_Swag Labs/input_Swag Labs_user-name")): Object: 'Object Repository/Page_Swag Labs/input_Swag Labs_user-name' is clicked on

2023-05-12 13:35:37 - [MESSAGE][PASSED] - Object: 'Object Repository/Page_Swag Labs/input_Swag Labs_user-name' is clicked on

2023-05-12 13:35:37 - [TEST_STEP][PASSED] - sendKeys(findTestObject("Object Repository/Page_Swag Labs/input_Swag Labs_user-name"), "standard_user"): Keys 'standard_user' sent to object: 'Object Repository/Page_Swag Labs/input_Swag Labs_user-name'

2023-05-12 13:35:37 - [MESSAGE][PASSED] - Keys 'standard_user' sent to object: 'Object Repository/Page_Swag Labs/input_Swag Labs_user-name'

2023-05-12 13:35:37 - [TEST_STEP][PASSED] - click(findTestObject("Object Repository/Page_Swag Labs/input_Swag Labs_password")): Object: 'Object Repository/Page_Swag Labs/input_Swag Labs_password' is clicked on

2023-05-12 13:35:38 - [MESSAGE][PASSED] - Object: 'Object Repository/Page_Swag Labs/input_Swag Labs_password' is clicked on

2023-05-12 13:35:38 - [TEST_STEP][PASSED] - sendKeys(findTestObject("Object Repository/Page_Swag Labs/input_Swag Labs_password"), "secret_sauce"): Keys 'secret_sauce' sent to object: 'Object Repository/Page_Swag Labs/input_Swag Labs_password'

2023-05-12 13:35:38 - [MESSAGE][PASSED] - Keys 'secret_sauce' sent to object: 'Object Repository/Page_Swag Labs/input_Swag Labs_password'

2023-05-12 13:35:38 - [TEST_STEP][PASSED] - click(findTestObject("Object Repository/Page_Swag Labs/input_Swag Labs_login-button")): Object: 'Object Repository/Page_Swag Labs/input_Swag Labs_login-button' is clicked on

2023-05-12 13:35:39 - [MESSAGE][PASSED] - Object: 'Object Repository/Page_Swag Labs/input_Swag Labs_login-button' is clicked on

2023-05-12 13:35:39 - [TEST_STEP][PASSED] - click(findTestObject("Object Repository/inventoryPage/Backpack")): Object: 'Object Repository/inventoryPage/Backpack' is clicked on

2023-05-12 13:35:39 - [MESSAGE][PASSED] - Object: 'Object Repository/inventoryPage/Backpack' is clicked on

2023-05-12 13:35:39 - [TEST_STEP][PASSED] - click(findTestObject("Object Repository/inventoryPage/button_Add to cart")): Object: 'Object Repository/inventoryPage/button_Add to cart' is clicked on

2023-05-12 13:35:40 - [MESSAGE][PASSED] - Object: 'Object Repository/inventoryPage/button_Add to cart' is clicked on

2023-05-12 13:35:40 - [TEST_STEP][PASSED] - click(findTestObject("Object Repository/inventoryPage/products_back-image")): Object: 'Object Repository/inventoryPage/products_back-image' is clicked on

2023-05-12 13:35:40 - [MESSAGE][PASSED] - Object: 'Object Repository/inventoryPage/products_back-image' is clicked on

2023-05-12 13:35:40 - [TEST_STEP][PASSED] - click(findTestObject("Object Repository/inventoryPage/cart")): Object: 'Object Repository/inventoryPage/cart' is clicked on

2023-05-12 13:35:41 - [MESSAGE][PASSED] - Object: 'Object Repository/inventoryPage/cart' is clicked on

2023-05-12 13:35:41 - [TEST_STEP][PASSED] - click(findTestObject("Object Repository/CheckoutPage/button_Checkout")): Object: 'Object Repository/CheckoutPage/button_Checkout' is clicked on

2023-05-12 13:35:41 - [MESSAGE][PASSED] - Object: 'Object Repository/CheckoutPage/button_Checkout' is clicked on

2023-05-12 13:35:41 - [TEST_STEP][PASSED] - sendKeys(findTestObject("Object Repository/checkout-step-one/input_Checkout Your Information_firstName"), "demo"): Keys 'demo' sent to object: 'Object Repository/checkout-step-one/input_Checkout Your Information_firstName'

2023-05-12 13:35:42 - [MESSAGE][PASSED] - Keys 'demo' sent to object: 'Object Repository/checkout-step-one/input_Checkout Your Information_firstName'

2023-05-12 13:35:42 - [TEST_STEP][PASSED] - sendKeys(findTestObject("Object Repository/checkout-step-one/input_Checkout Your Information_lastName"), "qa test"): Keys 'qa test' sent to object: 'Object Repository/checkout-step-one/input_Checkout Your Information_lastName'

2023-05-12 13:35:42 - [MESSAGE][PASSED] - Keys 'qa test' sent to object: 'Object Repository/checkout-step-one/input_Checkout Your Information_lastName'

2023-05-12 13:35:42 - [TEST_STEP][PASSED] - sendKeys(findTestObject("Object Repository/checkout-step-one/input_Checkout Your Information_postalCode"), "9000"): Keys '9000' sent to object: 'Object Repository/checkout-step-one/input_Checkout Your Information_postalCode'

2023-05-12 13:35:43 - [MESSAGE][PASSED] - Keys '9000' sent to object: 'Object Repository/checkout-step-one/input_Checkout Your Information_postalCode'

2023-05-12 13:35:43 - [TEST_STEP][PASSED] - click(findTestObject("Object Repository/checkout-step-one/input_continue")): Object: 'Object Repository/checkout-step-one/input_continue' is clicked on

2023-05-12 13:35:43 - [MESSAGE][PASSED] - Object: 'Object Repository/checkout-step-one/input_continue' is clicked on

2023-05-12 13:35:43 - [TEST_STEP][PASSED] - click(findTestObject("Object Repository/finish checkout/button_Finish")): Object: 'Object Repository/finish checkout/button_Finish' is clicked on

2023-05-12 13:35:44 - [MESSAGE][PASSED] - Object: 'Object Repository/finish checkout/button_Finish' is clicked on

2023-05-12 13:35:44 - [TEST_STEP][PASSED] - verifyElementVisible(findTestObject("Object Repository/order-success/h2_Thank you for your order")): Object 'Object Repository/order-success/h2_Thank you for your order' is visible

2023-05-12 13:35:44 - [MESSAGE][PASSED] - Object 'Object Repository/order-success/h2_Thank you for your order' is visible

2023-05-12 13:35:44 - [TEST_STEP][PASSED] - click(findTestObject("Object Repository/NavSideBar/sidebar")): Object: 'Object Repository/NavSideBar/sidebar' is clicked on

2023-05-12 13:35:45 - [MESSAGE][PASSED] - Object: 'Object Repository/NavSideBar/sidebar' is clicked on

2023-05-12 13:35:45 - [TEST_STEP][PASSED] - click(findTestObject("Object Repository/NavSideBar/a_Logout")): Object: 'Object Repository/NavSideBar/a_Logout' is clicked on

2023-05-12 13:35:45 - [MESSAGE][PASSED] - Object: 'Object Repository/NavSideBar/a_Logout' is clicked on

2023-05-12 13:35:45 - [TEST_STEP][PASSED] - verifyElementVisible(findTestObject("Object Repository/Page_Swag Labs/input_Swag Labs_user-name")): Object 'Object Repository/Page_Swag Labs/input_Swag Labs_user-name' is visible

2023-05-12 13:35:46 - [MESSAGE][PASSED] - Object 'Object Repository/Page_Swag Labs/input_Swag Labs_user-name' is visible

2023-05-12 13:35:46 - [TEST_STEP][PASSED] - closeBrowser(): Browser is closed

2023-05-12 13:35:46 - [MESSAGE][PASSED] - Browser is closed]]></system-out>
         <system-err><![CDATA[]]></system-err>
      </testcase>
      <testcase name="Test Cases/test-flow-1-buy-1-product" time="12.594" classname="Test Cases/test-flow-1-buy-1-product" status="PASSED">
         <system-out><![CDATA[2023-05-12 13:35:46 - [TEST_CASE][PASSED] - Test Cases/test-flow-1-buy-1-product: Test Cases/test-flow-1-buy-1-product

2023-05-12 13:35:47 - [TEST_STEP][PASSED] - openBrowser("https://www.saucedemo.com/"): Browser is opened with url: 'https://www.saucedemo.com/'

2023-05-12 13:35:47 - [MESSAGE][INFO] - Starting 'Chrome' driver

2023-05-12 13:35:47 - [MESSAGE][INFO] - Action delay is set to 0 milliseconds

2023-05-12 13:35:49 - [MESSAGE][PASSED] - Browser is opened with url: 'https://www.saucedemo.com/'

2023-05-12 13:35:49 - [TEST_STEP][PASSED] - click(findTestObject("Object Repository/Page_Swag Labs/input_Swag Labs_user-name")): Object: 'Object Repository/Page_Swag Labs/input_Swag Labs_user-name' is clicked on

2023-05-12 13:35:50 - [MESSAGE][PASSED] - Object: 'Object Repository/Page_Swag Labs/input_Swag Labs_user-name' is clicked on

2023-05-12 13:35:50 - [TEST_STEP][PASSED] - sendKeys(findTestObject("Object Repository/Page_Swag Labs/input_Swag Labs_user-name"), "standard_user"): Keys 'standard_user' sent to object: 'Object Repository/Page_Swag Labs/input_Swag Labs_user-name'

2023-05-12 13:35:50 - [MESSAGE][PASSED] - Keys 'standard_user' sent to object: 'Object Repository/Page_Swag Labs/input_Swag Labs_user-name'

2023-05-12 13:35:50 - [TEST_STEP][PASSED] - click(findTestObject("Object Repository/Page_Swag Labs/input_Swag Labs_password")): Object: 'Object Repository/Page_Swag Labs/input_Swag Labs_password' is clicked on

2023-05-12 13:35:51 - [MESSAGE][PASSED] - Object: 'Object Repository/Page_Swag Labs/input_Swag Labs_password' is clicked on

2023-05-12 13:35:51 - [TEST_STEP][PASSED] - sendKeys(findTestObject("Object Repository/Page_Swag Labs/input_Swag Labs_password"), "secret_sauce"): Keys 'secret_sauce' sent to object: 'Object Repository/Page_Swag Labs/input_Swag Labs_password'

2023-05-12 13:35:51 - [MESSAGE][PASSED] - Keys 'secret_sauce' sent to object: 'Object Repository/Page_Swag Labs/input_Swag Labs_password'

2023-05-12 13:35:51 - [TEST_STEP][PASSED] - click(findTestObject("Object Repository/Page_Swag Labs/input_Swag Labs_login-button")): Object: 'Object Repository/Page_Swag Labs/input_Swag Labs_login-button' is clicked on

2023-05-12 13:35:51 - [MESSAGE][PASSED] - Object: 'Object Repository/Page_Swag Labs/input_Swag Labs_login-button' is clicked on

2023-05-12 13:35:51 - [TEST_STEP][PASSED] - click(findTestObject("Object Repository/inventoryPage/Backpack")): Object: 'Object Repository/inventoryPage/Backpack' is clicked on

2023-05-12 13:35:52 - [MESSAGE][PASSED] - Object: 'Object Repository/inventoryPage/Backpack' is clicked on

2023-05-12 13:35:52 - [TEST_STEP][PASSED] - click(findTestObject("Object Repository/inventoryPage/button_Add to cart")): Object: 'Object Repository/inventoryPage/button_Add to cart' is clicked on

2023-05-12 13:35:52 - [MESSAGE][PASSED] - Object: 'Object Repository/inventoryPage/button_Add to cart' is clicked on

2023-05-12 13:35:52 - [TEST_STEP][PASSED] - click(findTestObject("Object Repository/inventoryPage/products_back-image")): Object: 'Object Repository/inventoryPage/products_back-image' is clicked on

2023-05-12 13:35:53 - [MESSAGE][PASSED] - Object: 'Object Repository/inventoryPage/products_back-image' is clicked on

2023-05-12 13:35:53 - [TEST_STEP][PASSED] - click(findTestObject("Object Repository/inventoryPage/cart")): Object: 'Object Repository/inventoryPage/cart' is clicked on

2023-05-12 13:35:53 - [MESSAGE][PASSED] - Object: 'Object Repository/inventoryPage/cart' is clicked on

2023-05-12 13:35:53 - [TEST_STEP][PASSED] - click(findTestObject("Object Repository/CheckoutPage/button_Checkout")): Object: 'Object Repository/CheckoutPage/button_Checkout' is clicked on

2023-05-12 13:35:54 - [MESSAGE][PASSED] - Object: 'Object Repository/CheckoutPage/button_Checkout' is clicked on

2023-05-12 13:35:54 - [TEST_STEP][PASSED] - sendKeys(findTestObject("Object Repository/checkout-step-one/input_Checkout Your Information_firstName"), "demo"): Keys 'demo' sent to object: 'Object Repository/checkout-step-one/input_Checkout Your Information_firstName'

2023-05-12 13:35:54 - [MESSAGE][PASSED] - Keys 'demo' sent to object: 'Object Repository/checkout-step-one/input_Checkout Your Information_firstName'

2023-05-12 13:35:54 - [TEST_STEP][PASSED] - sendKeys(findTestObject("Object Repository/checkout-step-one/input_Checkout Your Information_lastName"), "qa test"): Keys 'qa test' sent to object: 'Object Repository/checkout-step-one/input_Checkout Your Information_lastName'

2023-05-12 13:35:55 - [MESSAGE][PASSED] - Keys 'qa test' sent to object: 'Object Repository/checkout-step-one/input_Checkout Your Information_lastName'

2023-05-12 13:35:55 - [TEST_STEP][PASSED] - sendKeys(findTestObject("Object Repository/checkout-step-one/input_Checkout Your Information_postalCode"), "9000"): Keys '9000' sent to object: 'Object Repository/checkout-step-one/input_Checkout Your Information_postalCode'

2023-05-12 13:35:55 - [MESSAGE][PASSED] - Keys '9000' sent to object: 'Object Repository/checkout-step-one/input_Checkout Your Information_postalCode'

2023-05-12 13:35:55 - [TEST_STEP][PASSED] - click(findTestObject("Object Repository/checkout-step-one/input_continue")): Object: 'Object Repository/checkout-step-one/input_continue' is clicked on

2023-05-12 13:35:56 - [MESSAGE][PASSED] - Object: 'Object Repository/checkout-step-one/input_continue' is clicked on

2023-05-12 13:35:56 - [TEST_STEP][PASSED] - click(findTestObject("Object Repository/finish checkout/button_Finish")): Object: 'Object Repository/finish checkout/button_Finish' is clicked on

2023-05-12 13:35:56 - [MESSAGE][PASSED] - Object: 'Object Repository/finish checkout/button_Finish' is clicked on

2023-05-12 13:35:56 - [TEST_STEP][PASSED] - verifyElementVisible(findTestObject("Object Repository/order-success/h2_Thank you for your order")): Object 'Object Repository/order-success/h2_Thank you for your order' is visible

2023-05-12 13:35:57 - [MESSAGE][PASSED] - Object 'Object Repository/order-success/h2_Thank you for your order' is visible

2023-05-12 13:35:57 - [TEST_STEP][PASSED] - click(findTestObject("Object Repository/NavSideBar/sidebar")): Object: 'Object Repository/NavSideBar/sidebar' is clicked on

2023-05-12 13:35:57 - [MESSAGE][PASSED] - Object: 'Object Repository/NavSideBar/sidebar' is clicked on

2023-05-12 13:35:57 - [TEST_STEP][PASSED] - click(findTestObject("Object Repository/NavSideBar/a_Logout")): Object: 'Object Repository/NavSideBar/a_Logout' is clicked on

2023-05-12 13:35:58 - [MESSAGE][PASSED] - Object: 'Object Repository/NavSideBar/a_Logout' is clicked on

2023-05-12 13:35:58 - [TEST_STEP][PASSED] - verifyElementVisible(findTestObject("Object Repository/Page_Swag Labs/input_Swag Labs_user-name")): Object 'Object Repository/Page_Swag Labs/input_Swag Labs_user-name' is visible

2023-05-12 13:35:58 - [MESSAGE][PASSED] - Object 'Object Repository/Page_Swag Labs/input_Swag Labs_user-name' is visible

2023-05-12 13:35:58 - [TEST_STEP][PASSED] - closeBrowser(): Browser is closed

2023-05-12 13:35:59 - [MESSAGE][PASSED] - Browser is closed]]></system-out>
         <system-err><![CDATA[]]></system-err>
      </testcase>
      <testcase name="Test Cases/test-flow-1-buy-1-product" time="12.384" classname="Test Cases/test-flow-1-buy-1-product" status="PASSED">
         <system-out><![CDATA[2023-05-12 13:35:59 - [TEST_CASE][PASSED] - Test Cases/test-flow-1-buy-1-product: Test Cases/test-flow-1-buy-1-product

2023-05-12 13:35:59 - [TEST_STEP][PASSED] - openBrowser("https://www.saucedemo.com/"): Browser is opened with url: 'https://www.saucedemo.com/'

2023-05-12 13:35:59 - [MESSAGE][INFO] - Starting 'Chrome' driver

2023-05-12 13:35:59 - [MESSAGE][INFO] - Action delay is set to 0 milliseconds

2023-05-12 13:36:02 - [MESSAGE][PASSED] - Browser is opened with url: 'https://www.saucedemo.com/'

2023-05-12 13:36:02 - [TEST_STEP][PASSED] - click(findTestObject("Object Repository/Page_Swag Labs/input_Swag Labs_user-name")): Object: 'Object Repository/Page_Swag Labs/input_Swag Labs_user-name' is clicked on

2023-05-12 13:36:02 - [MESSAGE][PASSED] - Object: 'Object Repository/Page_Swag Labs/input_Swag Labs_user-name' is clicked on

2023-05-12 13:36:02 - [TEST_STEP][PASSED] - sendKeys(findTestObject("Object Repository/Page_Swag Labs/input_Swag Labs_user-name"), "standard_user"): Keys 'standard_user' sent to object: 'Object Repository/Page_Swag Labs/input_Swag Labs_user-name'

2023-05-12 13:36:02 - [MESSAGE][PASSED] - Keys 'standard_user' sent to object: 'Object Repository/Page_Swag Labs/input_Swag Labs_user-name'

2023-05-12 13:36:02 - [TEST_STEP][PASSED] - click(findTestObject("Object Repository/Page_Swag Labs/input_Swag Labs_password")): Object: 'Object Repository/Page_Swag Labs/input_Swag Labs_password' is clicked on

2023-05-12 13:36:03 - [MESSAGE][PASSED] - Object: 'Object Repository/Page_Swag Labs/input_Swag Labs_password' is clicked on

2023-05-12 13:36:03 - [TEST_STEP][PASSED] - sendKeys(findTestObject("Object Repository/Page_Swag Labs/input_Swag Labs_password"), "secret_sauce"): Keys 'secret_sauce' sent to object: 'Object Repository/Page_Swag Labs/input_Swag Labs_password'

2023-05-12 13:36:03 - [MESSAGE][PASSED] - Keys 'secret_sauce' sent to object: 'Object Repository/Page_Swag Labs/input_Swag Labs_password'

2023-05-12 13:36:03 - [TEST_STEP][PASSED] - click(findTestObject("Object Repository/Page_Swag Labs/input_Swag Labs_login-button")): Object: 'Object Repository/Page_Swag Labs/input_Swag Labs_login-button' is clicked on

2023-05-12 13:36:04 - [MESSAGE][PASSED] - Object: 'Object Repository/Page_Swag Labs/input_Swag Labs_login-button' is clicked on

2023-05-12 13:36:04 - [TEST_STEP][PASSED] - click(findTestObject("Object Repository/inventoryPage/Backpack")): Object: 'Object Repository/inventoryPage/Backpack' is clicked on

2023-05-12 13:36:04 - [MESSAGE][PASSED] - Object: 'Object Repository/inventoryPage/Backpack' is clicked on

2023-05-12 13:36:04 - [TEST_STEP][PASSED] - click(findTestObject("Object Repository/inventoryPage/button_Add to cart")): Object: 'Object Repository/inventoryPage/button_Add to cart' is clicked on

2023-05-12 13:36:05 - [MESSAGE][PASSED] - Object: 'Object Repository/inventoryPage/button_Add to cart' is clicked on

2023-05-12 13:36:05 - [TEST_STEP][PASSED] - click(findTestObject("Object Repository/inventoryPage/products_back-image")): Object: 'Object Repository/inventoryPage/products_back-image' is clicked on

2023-05-12 13:36:05 - [MESSAGE][PASSED] - Object: 'Object Repository/inventoryPage/products_back-image' is clicked on

2023-05-12 13:36:05 - [TEST_STEP][PASSED] - click(findTestObject("Object Repository/inventoryPage/cart")): Object: 'Object Repository/inventoryPage/cart' is clicked on

2023-05-12 13:36:06 - [MESSAGE][PASSED] - Object: 'Object Repository/inventoryPage/cart' is clicked on

2023-05-12 13:36:06 - [TEST_STEP][PASSED] - click(findTestObject("Object Repository/CheckoutPage/button_Checkout")): Object: 'Object Repository/CheckoutPage/button_Checkout' is clicked on

2023-05-12 13:36:06 - [MESSAGE][PASSED] - Object: 'Object Repository/CheckoutPage/button_Checkout' is clicked on

2023-05-12 13:36:06 - [TEST_STEP][PASSED] - sendKeys(findTestObject("Object Repository/checkout-step-one/input_Checkout Your Information_firstName"), "demo"): Keys 'demo' sent to object: 'Object Repository/checkout-step-one/input_Checkout Your Information_firstName'

2023-05-12 13:36:07 - [MESSAGE][PASSED] - Keys 'demo' sent to object: 'Object Repository/checkout-step-one/input_Checkout Your Information_firstName'

2023-05-12 13:36:07 - [TEST_STEP][PASSED] - sendKeys(findTestObject("Object Repository/checkout-step-one/input_Checkout Your Information_lastName"), "qa test"): Keys 'qa test' sent to object: 'Object Repository/checkout-step-one/input_Checkout Your Information_lastName'

2023-05-12 13:36:07 - [MESSAGE][PASSED] - Keys 'qa test' sent to object: 'Object Repository/checkout-step-one/input_Checkout Your Information_lastName'

2023-05-12 13:36:07 - [TEST_STEP][PASSED] - sendKeys(findTestObject("Object Repository/checkout-step-one/input_Checkout Your Information_postalCode"), "9000"): Keys '9000' sent to object: 'Object Repository/checkout-step-one/input_Checkout Your Information_postalCode'

2023-05-12 13:36:08 - [MESSAGE][PASSED] - Keys '9000' sent to object: 'Object Repository/checkout-step-one/input_Checkout Your Information_postalCode'

2023-05-12 13:36:08 - [TEST_STEP][PASSED] - click(findTestObject("Object Repository/checkout-step-one/input_continue")): Object: 'Object Repository/checkout-step-one/input_continue' is clicked on

2023-05-12 13:36:08 - [MESSAGE][PASSED] - Object: 'Object Repository/checkout-step-one/input_continue' is clicked on

2023-05-12 13:36:08 - [TEST_STEP][PASSED] - click(findTestObject("Object Repository/finish checkout/button_Finish")): Object: 'Object Repository/finish checkout/button_Finish' is clicked on

2023-05-12 13:36:09 - [MESSAGE][PASSED] - Object: 'Object Repository/finish checkout/button_Finish' is clicked on

2023-05-12 13:36:09 - [TEST_STEP][PASSED] - verifyElementVisible(findTestObject("Object Repository/order-success/h2_Thank you for your order")): Object 'Object Repository/order-success/h2_Thank you for your order' is visible

2023-05-12 13:36:09 - [MESSAGE][PASSED] - Object 'Object Repository/order-success/h2_Thank you for your order' is visible

2023-05-12 13:36:09 - [TEST_STEP][PASSED] - click(findTestObject("Object Repository/NavSideBar/sidebar")): Object: 'Object Repository/NavSideBar/sidebar' is clicked on

2023-05-12 13:36:10 - [MESSAGE][PASSED] - Object: 'Object Repository/NavSideBar/sidebar' is clicked on

2023-05-12 13:36:10 - [TEST_STEP][PASSED] - click(findTestObject("Object Repository/NavSideBar/a_Logout")): Object: 'Object Repository/NavSideBar/a_Logout' is clicked on

2023-05-12 13:36:10 - [MESSAGE][PASSED] - Object: 'Object Repository/NavSideBar/a_Logout' is clicked on

2023-05-12 13:36:10 - [TEST_STEP][PASSED] - verifyElementVisible(findTestObject("Object Repository/Page_Swag Labs/input_Swag Labs_user-name")): Object 'Object Repository/Page_Swag Labs/input_Swag Labs_user-name' is visible

2023-05-12 13:36:11 - [MESSAGE][PASSED] - Object 'Object Repository/Page_Swag Labs/input_Swag Labs_user-name' is visible

2023-05-12 13:36:11 - [TEST_STEP][PASSED] - closeBrowser(): Browser is closed

2023-05-12 13:36:11 - [MESSAGE][PASSED] - Browser is closed]]></system-out>
         <system-err><![CDATA[]]></system-err>
      </testcase>
      <testcase name="Test Cases/test-flow-1-buy-1-product" time="12.609" classname="Test Cases/test-flow-1-buy-1-product" status="PASSED">
         <system-out><![CDATA[2023-05-12 13:36:11 - [TEST_CASE][PASSED] - Test Cases/test-flow-1-buy-1-product: Test Cases/test-flow-1-buy-1-product

2023-05-12 13:36:11 - [TEST_STEP][PASSED] - openBrowser("https://www.saucedemo.com/"): Browser is opened with url: 'https://www.saucedemo.com/'

2023-05-12 13:36:12 - [MESSAGE][INFO] - Starting 'Chrome' driver

2023-05-12 13:36:12 - [MESSAGE][INFO] - Action delay is set to 0 milliseconds

2023-05-12 13:36:14 - [MESSAGE][PASSED] - Browser is opened with url: 'https://www.saucedemo.com/'

2023-05-12 13:36:14 - [TEST_STEP][PASSED] - click(findTestObject("Object Repository/Page_Swag Labs/input_Swag Labs_user-name")): Object: 'Object Repository/Page_Swag Labs/input_Swag Labs_user-name' is clicked on

2023-05-12 13:36:15 - [MESSAGE][PASSED] - Object: 'Object Repository/Page_Swag Labs/input_Swag Labs_user-name' is clicked on

2023-05-12 13:36:15 - [TEST_STEP][PASSED] - sendKeys(findTestObject("Object Repository/Page_Swag Labs/input_Swag Labs_user-name"), "standard_user"): Keys 'standard_user' sent to object: 'Object Repository/Page_Swag Labs/input_Swag Labs_user-name'

2023-05-12 13:36:15 - [MESSAGE][PASSED] - Keys 'standard_user' sent to object: 'Object Repository/Page_Swag Labs/input_Swag Labs_user-name'

2023-05-12 13:36:15 - [TEST_STEP][PASSED] - click(findTestObject("Object Repository/Page_Swag Labs/input_Swag Labs_password")): Object: 'Object Repository/Page_Swag Labs/input_Swag Labs_password' is clicked on

2023-05-12 13:36:15 - [MESSAGE][PASSED] - Object: 'Object Repository/Page_Swag Labs/input_Swag Labs_password' is clicked on

2023-05-12 13:36:15 - [TEST_STEP][PASSED] - sendKeys(findTestObject("Object Repository/Page_Swag Labs/input_Swag Labs_password"), "secret_sauce"): Keys 'secret_sauce' sent to object: 'Object Repository/Page_Swag Labs/input_Swag Labs_password'

2023-05-12 13:36:16 - [MESSAGE][PASSED] - Keys 'secret_sauce' sent to object: 'Object Repository/Page_Swag Labs/input_Swag Labs_password'

2023-05-12 13:36:16 - [TEST_STEP][PASSED] - click(findTestObject("Object Repository/Page_Swag Labs/input_Swag Labs_login-button")): Object: 'Object Repository/Page_Swag Labs/input_Swag Labs_login-button' is clicked on

2023-05-12 13:36:16 - [MESSAGE][PASSED] - Object: 'Object Repository/Page_Swag Labs/input_Swag Labs_login-button' is clicked on

2023-05-12 13:36:16 - [TEST_STEP][PASSED] - click(findTestObject("Object Repository/inventoryPage/Backpack")): Object: 'Object Repository/inventoryPage/Backpack' is clicked on

2023-05-12 13:36:17 - [MESSAGE][PASSED] - Object: 'Object Repository/inventoryPage/Backpack' is clicked on

2023-05-12 13:36:17 - [TEST_STEP][PASSED] - click(findTestObject("Object Repository/inventoryPage/button_Add to cart")): Object: 'Object Repository/inventoryPage/button_Add to cart' is clicked on

2023-05-12 13:36:17 - [MESSAGE][PASSED] - Object: 'Object Repository/inventoryPage/button_Add to cart' is clicked on

2023-05-12 13:36:17 - [TEST_STEP][PASSED] - click(findTestObject("Object Repository/inventoryPage/products_back-image")): Object: 'Object Repository/inventoryPage/products_back-image' is clicked on

2023-05-12 13:36:18 - [MESSAGE][PASSED] - Object: 'Object Repository/inventoryPage/products_back-image' is clicked on

2023-05-12 13:36:18 - [TEST_STEP][PASSED] - click(findTestObject("Object Repository/inventoryPage/cart")): Object: 'Object Repository/inventoryPage/cart' is clicked on

2023-05-12 13:36:18 - [MESSAGE][PASSED] - Object: 'Object Repository/inventoryPage/cart' is clicked on

2023-05-12 13:36:18 - [TEST_STEP][PASSED] - click(findTestObject("Object Repository/CheckoutPage/button_Checkout")): Object: 'Object Repository/CheckoutPage/button_Checkout' is clicked on

2023-05-12 13:36:19 - [MESSAGE][PASSED] - Object: 'Object Repository/CheckoutPage/button_Checkout' is clicked on

2023-05-12 13:36:19 - [TEST_STEP][PASSED] - sendKeys(findTestObject("Object Repository/checkout-step-one/input_Checkout Your Information_firstName"), "demo"): Keys 'demo' sent to object: 'Object Repository/checkout-step-one/input_Checkout Your Information_firstName'

2023-05-12 13:36:19 - [MESSAGE][PASSED] - Keys 'demo' sent to object: 'Object Repository/checkout-step-one/input_Checkout Your Information_firstName'

2023-05-12 13:36:19 - [TEST_STEP][PASSED] - sendKeys(findTestObject("Object Repository/checkout-step-one/input_Checkout Your Information_lastName"), "qa test"): Keys 'qa test' sent to object: 'Object Repository/checkout-step-one/input_Checkout Your Information_lastName'

2023-05-12 13:36:20 - [MESSAGE][PASSED] - Keys 'qa test' sent to object: 'Object Repository/checkout-step-one/input_Checkout Your Information_lastName'

2023-05-12 13:36:20 - [TEST_STEP][PASSED] - sendKeys(findTestObject("Object Repository/checkout-step-one/input_Checkout Your Information_postalCode"), "9000"): Keys '9000' sent to object: 'Object Repository/checkout-step-one/input_Checkout Your Information_postalCode'

2023-05-12 13:36:20 - [MESSAGE][PASSED] - Keys '9000' sent to object: 'Object Repository/checkout-step-one/input_Checkout Your Information_postalCode'

2023-05-12 13:36:20 - [TEST_STEP][PASSED] - click(findTestObject("Object Repository/checkout-step-one/input_continue")): Object: 'Object Repository/checkout-step-one/input_continue' is clicked on

2023-05-12 13:36:21 - [MESSAGE][PASSED] - Object: 'Object Repository/checkout-step-one/input_continue' is clicked on

2023-05-12 13:36:21 - [TEST_STEP][PASSED] - click(findTestObject("Object Repository/finish checkout/button_Finish")): Object: 'Object Repository/finish checkout/button_Finish' is clicked on

2023-05-12 13:36:22 - [MESSAGE][PASSED] - Object: 'Object Repository/finish checkout/button_Finish' is clicked on

2023-05-12 13:36:22 - [TEST_STEP][PASSED] - verifyElementVisible(findTestObject("Object Repository/order-success/h2_Thank you for your order")): Object 'Object Repository/order-success/h2_Thank you for your order' is visible

2023-05-12 13:36:22 - [MESSAGE][PASSED] - Object 'Object Repository/order-success/h2_Thank you for your order' is visible

2023-05-12 13:36:22 - [TEST_STEP][PASSED] - click(findTestObject("Object Repository/NavSideBar/sidebar")): Object: 'Object Repository/NavSideBar/sidebar' is clicked on

2023-05-12 13:36:22 - [MESSAGE][PASSED] - Object: 'Object Repository/NavSideBar/sidebar' is clicked on

2023-05-12 13:36:22 - [TEST_STEP][PASSED] - click(findTestObject("Object Repository/NavSideBar/a_Logout")): Object: 'Object Repository/NavSideBar/a_Logout' is clicked on

2023-05-12 13:36:23 - [MESSAGE][PASSED] - Object: 'Object Repository/NavSideBar/a_Logout' is clicked on

2023-05-12 13:36:23 - [TEST_STEP][PASSED] - verifyElementVisible(findTestObject("Object Repository/Page_Swag Labs/input_Swag Labs_user-name")): Object 'Object Repository/Page_Swag Labs/input_Swag Labs_user-name' is visible

2023-05-12 13:36:23 - [MESSAGE][PASSED] - Object 'Object Repository/Page_Swag Labs/input_Swag Labs_user-name' is visible

2023-05-12 13:36:23 - [TEST_STEP][PASSED] - closeBrowser(): Browser is closed

2023-05-12 13:36:24 - [MESSAGE][PASSED] - Browser is closed]]></system-out>
         <system-err><![CDATA[]]></system-err>
      </testcase>
      <testcase name="Test Cases/test-flow-1-buy-1-product" time="12.182" classname="Test Cases/test-flow-1-buy-1-product" status="PASSED">
         <system-out><![CDATA[2023-05-12 13:36:24 - [TEST_CASE][PASSED] - Test Cases/test-flow-1-buy-1-product: Test Cases/test-flow-1-buy-1-product

2023-05-12 13:36:24 - [TEST_STEP][PASSED] - openBrowser("https://www.saucedemo.com/"): Browser is opened with url: 'https://www.saucedemo.com/'

2023-05-12 13:36:24 - [MESSAGE][INFO] - Starting 'Chrome' driver

2023-05-12 13:36:24 - [MESSAGE][INFO] - Action delay is set to 0 milliseconds

2023-05-12 13:36:26 - [MESSAGE][PASSED] - Browser is opened with url: 'https://www.saucedemo.com/'

2023-05-12 13:36:26 - [TEST_STEP][PASSED] - click(findTestObject("Object Repository/Page_Swag Labs/input_Swag Labs_user-name")): Object: 'Object Repository/Page_Swag Labs/input_Swag Labs_user-name' is clicked on

2023-05-12 13:36:27 - [MESSAGE][PASSED] - Object: 'Object Repository/Page_Swag Labs/input_Swag Labs_user-name' is clicked on

2023-05-12 13:36:27 - [TEST_STEP][PASSED] - sendKeys(findTestObject("Object Repository/Page_Swag Labs/input_Swag Labs_user-name"), "standard_user"): Keys 'standard_user' sent to object: 'Object Repository/Page_Swag Labs/input_Swag Labs_user-name'

2023-05-12 13:36:27 - [MESSAGE][PASSED] - Keys 'standard_user' sent to object: 'Object Repository/Page_Swag Labs/input_Swag Labs_user-name'

2023-05-12 13:36:27 - [TEST_STEP][PASSED] - click(findTestObject("Object Repository/Page_Swag Labs/input_Swag Labs_password")): Object: 'Object Repository/Page_Swag Labs/input_Swag Labs_password' is clicked on

2023-05-12 13:36:28 - [MESSAGE][PASSED] - Object: 'Object Repository/Page_Swag Labs/input_Swag Labs_password' is clicked on

2023-05-12 13:36:28 - [TEST_STEP][PASSED] - sendKeys(findTestObject("Object Repository/Page_Swag Labs/input_Swag Labs_password"), "secret_sauce"): Keys 'secret_sauce' sent to object: 'Object Repository/Page_Swag Labs/input_Swag Labs_password'

2023-05-12 13:36:28 - [MESSAGE][PASSED] - Keys 'secret_sauce' sent to object: 'Object Repository/Page_Swag Labs/input_Swag Labs_password'

2023-05-12 13:36:28 - [TEST_STEP][PASSED] - click(findTestObject("Object Repository/Page_Swag Labs/input_Swag Labs_login-button")): Object: 'Object Repository/Page_Swag Labs/input_Swag Labs_login-button' is clicked on

2023-05-12 13:36:28 - [MESSAGE][PASSED] - Object: 'Object Repository/Page_Swag Labs/input_Swag Labs_login-button' is clicked on

2023-05-12 13:36:28 - [TEST_STEP][PASSED] - click(findTestObject("Object Repository/inventoryPage/Backpack")): Object: 'Object Repository/inventoryPage/Backpack' is clicked on

2023-05-12 13:36:29 - [MESSAGE][PASSED] - Object: 'Object Repository/inventoryPage/Backpack' is clicked on

2023-05-12 13:36:29 - [TEST_STEP][PASSED] - click(findTestObject("Object Repository/inventoryPage/button_Add to cart")): Object: 'Object Repository/inventoryPage/button_Add to cart' is clicked on

2023-05-12 13:36:29 - [MESSAGE][PASSED] - Object: 'Object Repository/inventoryPage/button_Add to cart' is clicked on

2023-05-12 13:36:29 - [TEST_STEP][PASSED] - click(findTestObject("Object Repository/inventoryPage/products_back-image")): Object: 'Object Repository/inventoryPage/products_back-image' is clicked on

2023-05-12 13:36:30 - [MESSAGE][PASSED] - Object: 'Object Repository/inventoryPage/products_back-image' is clicked on

2023-05-12 13:36:30 - [TEST_STEP][PASSED] - click(findTestObject("Object Repository/inventoryPage/cart")): Object: 'Object Repository/inventoryPage/cart' is clicked on

2023-05-12 13:36:30 - [MESSAGE][PASSED] - Object: 'Object Repository/inventoryPage/cart' is clicked on

2023-05-12 13:36:30 - [TEST_STEP][PASSED] - click(findTestObject("Object Repository/CheckoutPage/button_Checkout")): Object: 'Object Repository/CheckoutPage/button_Checkout' is clicked on

2023-05-12 13:36:31 - [MESSAGE][PASSED] - Object: 'Object Repository/CheckoutPage/button_Checkout' is clicked on

2023-05-12 13:36:31 - [TEST_STEP][PASSED] - sendKeys(findTestObject("Object Repository/checkout-step-one/input_Checkout Your Information_firstName"), "demo"): Keys 'demo' sent to object: 'Object Repository/checkout-step-one/input_Checkout Your Information_firstName'

2023-05-12 13:36:31 - [MESSAGE][PASSED] - Keys 'demo' sent to object: 'Object Repository/checkout-step-one/input_Checkout Your Information_firstName'

2023-05-12 13:36:31 - [TEST_STEP][PASSED] - sendKeys(findTestObject("Object Repository/checkout-step-one/input_Checkout Your Information_lastName"), "qa test"): Keys 'qa test' sent to object: 'Object Repository/checkout-step-one/input_Checkout Your Information_lastName'

2023-05-12 13:36:32 - [MESSAGE][PASSED] - Keys 'qa test' sent to object: 'Object Repository/checkout-step-one/input_Checkout Your Information_lastName'

2023-05-12 13:36:32 - [TEST_STEP][PASSED] - sendKeys(findTestObject("Object Repository/checkout-step-one/input_Checkout Your Information_postalCode"), "9000"): Keys '9000' sent to object: 'Object Repository/checkout-step-one/input_Checkout Your Information_postalCode'

2023-05-12 13:36:32 - [MESSAGE][PASSED] - Keys '9000' sent to object: 'Object Repository/checkout-step-one/input_Checkout Your Information_postalCode'

2023-05-12 13:36:32 - [TEST_STEP][PASSED] - click(findTestObject("Object Repository/checkout-step-one/input_continue")): Object: 'Object Repository/checkout-step-one/input_continue' is clicked on

2023-05-12 13:36:33 - [MESSAGE][PASSED] - Object: 'Object Repository/checkout-step-one/input_continue' is clicked on

2023-05-12 13:36:33 - [TEST_STEP][PASSED] - click(findTestObject("Object Repository/finish checkout/button_Finish")): Object: 'Object Repository/finish checkout/button_Finish' is clicked on

2023-05-12 13:36:34 - [MESSAGE][PASSED] - Object: 'Object Repository/finish checkout/button_Finish' is clicked on

2023-05-12 13:36:34 - [TEST_STEP][PASSED] - verifyElementVisible(findTestObject("Object Repository/order-success/h2_Thank you for your order")): Object 'Object Repository/order-success/h2_Thank you for your order' is visible

2023-05-12 13:36:34 - [MESSAGE][PASSED] - Object 'Object Repository/order-success/h2_Thank you for your order' is visible

2023-05-12 13:36:34 - [TEST_STEP][PASSED] - click(findTestObject("Object Repository/NavSideBar/sidebar")): Object: 'Object Repository/NavSideBar/sidebar' is clicked on

2023-05-12 13:36:35 - [MESSAGE][PASSED] - Object: 'Object Repository/NavSideBar/sidebar' is clicked on

2023-05-12 13:36:35 - [TEST_STEP][PASSED] - click(findTestObject("Object Repository/NavSideBar/a_Logout")): Object: 'Object Repository/NavSideBar/a_Logout' is clicked on

2023-05-12 13:36:35 - [MESSAGE][PASSED] - Object: 'Object Repository/NavSideBar/a_Logout' is clicked on

2023-05-12 13:36:35 - [TEST_STEP][PASSED] - verifyElementVisible(findTestObject("Object Repository/Page_Swag Labs/input_Swag Labs_user-name")): Object 'Object Repository/Page_Swag Labs/input_Swag Labs_user-name' is visible

2023-05-12 13:36:36 - [MESSAGE][PASSED] - Object 'Object Repository/Page_Swag Labs/input_Swag Labs_user-name' is visible

2023-05-12 13:36:36 - [TEST_STEP][PASSED] - closeBrowser(): Browser is closed

2023-05-12 13:36:36 - [MESSAGE][PASSED] - Browser is closed]]></system-out>
         <system-err><![CDATA[]]></system-err>
      </testcase>
      <testcase name="Test Cases/test-flow-1-buy-1-product" time="13.086" classname="Test Cases/test-flow-1-buy-1-product" status="PASSED">
         <system-out><![CDATA[2023-05-12 13:36:36 - [TEST_CASE][PASSED] - Test Cases/test-flow-1-buy-1-product: Test Cases/test-flow-1-buy-1-product

2023-05-12 13:36:36 - [TEST_STEP][PASSED] - openBrowser("https://www.saucedemo.com/"): Browser is opened with url: 'https://www.saucedemo.com/'

2023-05-12 13:36:36 - [MESSAGE][INFO] - Starting 'Chrome' driver

2023-05-12 13:36:36 - [MESSAGE][INFO] - Action delay is set to 0 milliseconds

2023-05-12 13:36:39 - [MESSAGE][PASSED] - Browser is opened with url: 'https://www.saucedemo.com/'

2023-05-12 13:36:39 - [TEST_STEP][PASSED] - click(findTestObject("Object Repository/Page_Swag Labs/input_Swag Labs_user-name")): Object: 'Object Repository/Page_Swag Labs/input_Swag Labs_user-name' is clicked on

2023-05-12 13:36:39 - [MESSAGE][PASSED] - Object: 'Object Repository/Page_Swag Labs/input_Swag Labs_user-name' is clicked on

2023-05-12 13:36:39 - [TEST_STEP][PASSED] - sendKeys(findTestObject("Object Repository/Page_Swag Labs/input_Swag Labs_user-name"), "standard_user"): Keys 'standard_user' sent to object: 'Object Repository/Page_Swag Labs/input_Swag Labs_user-name'

2023-05-12 13:36:40 - [MESSAGE][PASSED] - Keys 'standard_user' sent to object: 'Object Repository/Page_Swag Labs/input_Swag Labs_user-name'

2023-05-12 13:36:40 - [TEST_STEP][PASSED] - click(findTestObject("Object Repository/Page_Swag Labs/input_Swag Labs_password")): Object: 'Object Repository/Page_Swag Labs/input_Swag Labs_password' is clicked on

2023-05-12 13:36:40 - [MESSAGE][PASSED] - Object: 'Object Repository/Page_Swag Labs/input_Swag Labs_password' is clicked on

2023-05-12 13:36:40 - [TEST_STEP][PASSED] - sendKeys(findTestObject("Object Repository/Page_Swag Labs/input_Swag Labs_password"), "secret_sauce"): Keys 'secret_sauce' sent to object: 'Object Repository/Page_Swag Labs/input_Swag Labs_password'

2023-05-12 13:36:40 - [MESSAGE][PASSED] - Keys 'secret_sauce' sent to object: 'Object Repository/Page_Swag Labs/input_Swag Labs_password'

2023-05-12 13:36:40 - [TEST_STEP][PASSED] - click(findTestObject("Object Repository/Page_Swag Labs/input_Swag Labs_login-button")): Object: 'Object Repository/Page_Swag Labs/input_Swag Labs_login-button' is clicked on

2023-05-12 13:36:41 - [MESSAGE][PASSED] - Object: 'Object Repository/Page_Swag Labs/input_Swag Labs_login-button' is clicked on

2023-05-12 13:36:41 - [TEST_STEP][PASSED] - click(findTestObject("Object Repository/inventoryPage/Backpack")): Object: 'Object Repository/inventoryPage/Backpack' is clicked on

2023-05-12 13:36:41 - [MESSAGE][PASSED] - Object: 'Object Repository/inventoryPage/Backpack' is clicked on

2023-05-12 13:36:41 - [TEST_STEP][PASSED] - click(findTestObject("Object Repository/inventoryPage/button_Add to cart")): Object: 'Object Repository/inventoryPage/button_Add to cart' is clicked on

2023-05-12 13:36:42 - [MESSAGE][PASSED] - Object: 'Object Repository/inventoryPage/button_Add to cart' is clicked on

2023-05-12 13:36:42 - [TEST_STEP][PASSED] - click(findTestObject("Object Repository/inventoryPage/products_back-image")): Object: 'Object Repository/inventoryPage/products_back-image' is clicked on

2023-05-12 13:36:42 - [MESSAGE][PASSED] - Object: 'Object Repository/inventoryPage/products_back-image' is clicked on

2023-05-12 13:36:42 - [TEST_STEP][PASSED] - click(findTestObject("Object Repository/inventoryPage/cart")): Object: 'Object Repository/inventoryPage/cart' is clicked on

2023-05-12 13:36:43 - [MESSAGE][PASSED] - Object: 'Object Repository/inventoryPage/cart' is clicked on

2023-05-12 13:36:43 - [TEST_STEP][PASSED] - click(findTestObject("Object Repository/CheckoutPage/button_Checkout")): Object: 'Object Repository/CheckoutPage/button_Checkout' is clicked on

2023-05-12 13:36:43 - [MESSAGE][PASSED] - Object: 'Object Repository/CheckoutPage/button_Checkout' is clicked on

2023-05-12 13:36:43 - [TEST_STEP][PASSED] - sendKeys(findTestObject("Object Repository/checkout-step-one/input_Checkout Your Information_firstName"), "demo"): Keys 'demo' sent to object: 'Object Repository/checkout-step-one/input_Checkout Your Information_firstName'

2023-05-12 13:36:44 - [MESSAGE][PASSED] - Keys 'demo' sent to object: 'Object Repository/checkout-step-one/input_Checkout Your Information_firstName'

2023-05-12 13:36:44 - [TEST_STEP][PASSED] - sendKeys(findTestObject("Object Repository/checkout-step-one/input_Checkout Your Information_lastName"), "qa test"): Keys 'qa test' sent to object: 'Object Repository/checkout-step-one/input_Checkout Your Information_lastName'

2023-05-12 13:36:45 - [MESSAGE][PASSED] - Keys 'qa test' sent to object: 'Object Repository/checkout-step-one/input_Checkout Your Information_lastName'

2023-05-12 13:36:45 - [TEST_STEP][PASSED] - sendKeys(findTestObject("Object Repository/checkout-step-one/input_Checkout Your Information_postalCode"), "9000"): Keys '9000' sent to object: 'Object Repository/checkout-step-one/input_Checkout Your Information_postalCode'

2023-05-12 13:36:45 - [MESSAGE][PASSED] - Keys '9000' sent to object: 'Object Repository/checkout-step-one/input_Checkout Your Information_postalCode'

2023-05-12 13:36:45 - [TEST_STEP][PASSED] - click(findTestObject("Object Repository/checkout-step-one/input_continue")): Object: 'Object Repository/checkout-step-one/input_continue' is clicked on

2023-05-12 13:36:46 - [MESSAGE][PASSED] - Object: 'Object Repository/checkout-step-one/input_continue' is clicked on

2023-05-12 13:36:46 - [TEST_STEP][PASSED] - click(findTestObject("Object Repository/finish checkout/button_Finish")): Object: 'Object Repository/finish checkout/button_Finish' is clicked on

2023-05-12 13:36:47 - [MESSAGE][PASSED] - Object: 'Object Repository/finish checkout/button_Finish' is clicked on

2023-05-12 13:36:47 - [TEST_STEP][PASSED] - verifyElementVisible(findTestObject("Object Repository/order-success/h2_Thank you for your order")): Object 'Object Repository/order-success/h2_Thank you for your order' is visible

2023-05-12 13:36:47 - [MESSAGE][PASSED] - Object 'Object Repository/order-success/h2_Thank you for your order' is visible

2023-05-12 13:36:47 - [TEST_STEP][PASSED] - click(findTestObject("Object Repository/NavSideBar/sidebar")): Object: 'Object Repository/NavSideBar/sidebar' is clicked on

2023-05-12 13:36:48 - [MESSAGE][PASSED] - Object: 'Object Repository/NavSideBar/sidebar' is clicked on

2023-05-12 13:36:48 - [TEST_STEP][PASSED] - click(findTestObject("Object Repository/NavSideBar/a_Logout")): Object: 'Object Repository/NavSideBar/a_Logout' is clicked on

2023-05-12 13:36:48 - [MESSAGE][PASSED] - Object: 'Object Repository/NavSideBar/a_Logout' is clicked on

2023-05-12 13:36:48 - [TEST_STEP][PASSED] - verifyElementVisible(findTestObject("Object Repository/Page_Swag Labs/input_Swag Labs_user-name")): Object 'Object Repository/Page_Swag Labs/input_Swag Labs_user-name' is visible

2023-05-12 13:36:49 - [MESSAGE][PASSED] - Object 'Object Repository/Page_Swag Labs/input_Swag Labs_user-name' is visible

2023-05-12 13:36:49 - [TEST_STEP][PASSED] - closeBrowser(): Browser is closed

2023-05-12 13:36:49 - [MESSAGE][PASSED] - Browser is closed]]></system-out>
         <system-err><![CDATA[]]></system-err>
      </testcase>
      <testcase name="Test Cases/test-flow-1-buy-1-product" time="12.235" classname="Test Cases/test-flow-1-buy-1-product" status="PASSED">
         <system-out><![CDATA[2023-05-12 13:36:49 - [TEST_CASE][PASSED] - Test Cases/test-flow-1-buy-1-product: Test Cases/test-flow-1-buy-1-product

2023-05-12 13:36:49 - [TEST_STEP][PASSED] - openBrowser("https://www.saucedemo.com/"): Browser is opened with url: 'https://www.saucedemo.com/'

2023-05-12 13:36:49 - [MESSAGE][INFO] - Starting 'Chrome' driver

2023-05-12 13:36:49 - [MESSAGE][INFO] - Action delay is set to 0 milliseconds

2023-05-12 13:36:52 - [MESSAGE][PASSED] - Browser is opened with url: 'https://www.saucedemo.com/'

2023-05-12 13:36:52 - [TEST_STEP][PASSED] - click(findTestObject("Object Repository/Page_Swag Labs/input_Swag Labs_user-name")): Object: 'Object Repository/Page_Swag Labs/input_Swag Labs_user-name' is clicked on

2023-05-12 13:36:52 - [MESSAGE][PASSED] - Object: 'Object Repository/Page_Swag Labs/input_Swag Labs_user-name' is clicked on

2023-05-12 13:36:52 - [TEST_STEP][PASSED] - sendKeys(findTestObject("Object Repository/Page_Swag Labs/input_Swag Labs_user-name"), "standard_user"): Keys 'standard_user' sent to object: 'Object Repository/Page_Swag Labs/input_Swag Labs_user-name'

2023-05-12 13:36:53 - [MESSAGE][PASSED] - Keys 'standard_user' sent to object: 'Object Repository/Page_Swag Labs/input_Swag Labs_user-name'

2023-05-12 13:36:53 - [TEST_STEP][PASSED] - click(findTestObject("Object Repository/Page_Swag Labs/input_Swag Labs_password")): Object: 'Object Repository/Page_Swag Labs/input_Swag Labs_password' is clicked on

2023-05-12 13:36:53 - [MESSAGE][PASSED] - Object: 'Object Repository/Page_Swag Labs/input_Swag Labs_password' is clicked on

2023-05-12 13:36:53 - [TEST_STEP][PASSED] - sendKeys(findTestObject("Object Repository/Page_Swag Labs/input_Swag Labs_password"), "secret_sauce"): Keys 'secret_sauce' sent to object: 'Object Repository/Page_Swag Labs/input_Swag Labs_password'

2023-05-12 13:36:53 - [MESSAGE][PASSED] - Keys 'secret_sauce' sent to object: 'Object Repository/Page_Swag Labs/input_Swag Labs_password'

2023-05-12 13:36:53 - [TEST_STEP][PASSED] - click(findTestObject("Object Repository/Page_Swag Labs/input_Swag Labs_login-button")): Object: 'Object Repository/Page_Swag Labs/input_Swag Labs_login-button' is clicked on

2023-05-12 13:36:54 - [MESSAGE][PASSED] - Object: 'Object Repository/Page_Swag Labs/input_Swag Labs_login-button' is clicked on

2023-05-12 13:36:54 - [TEST_STEP][PASSED] - click(findTestObject("Object Repository/inventoryPage/Backpack")): Object: 'Object Repository/inventoryPage/Backpack' is clicked on

2023-05-12 13:36:54 - [MESSAGE][PASSED] - Object: 'Object Repository/inventoryPage/Backpack' is clicked on

2023-05-12 13:36:54 - [TEST_STEP][PASSED] - click(findTestObject("Object Repository/inventoryPage/button_Add to cart")): Object: 'Object Repository/inventoryPage/button_Add to cart' is clicked on

2023-05-12 13:36:55 - [MESSAGE][PASSED] - Object: 'Object Repository/inventoryPage/button_Add to cart' is clicked on

2023-05-12 13:36:55 - [TEST_STEP][PASSED] - click(findTestObject("Object Repository/inventoryPage/products_back-image")): Object: 'Object Repository/inventoryPage/products_back-image' is clicked on

2023-05-12 13:36:55 - [MESSAGE][PASSED] - Object: 'Object Repository/inventoryPage/products_back-image' is clicked on

2023-05-12 13:36:55 - [TEST_STEP][PASSED] - click(findTestObject("Object Repository/inventoryPage/cart")): Object: 'Object Repository/inventoryPage/cart' is clicked on

2023-05-12 13:36:56 - [MESSAGE][PASSED] - Object: 'Object Repository/inventoryPage/cart' is clicked on

2023-05-12 13:36:56 - [TEST_STEP][PASSED] - click(findTestObject("Object Repository/CheckoutPage/button_Checkout")): Object: 'Object Repository/CheckoutPage/button_Checkout' is clicked on

2023-05-12 13:36:56 - [MESSAGE][PASSED] - Object: 'Object Repository/CheckoutPage/button_Checkout' is clicked on

2023-05-12 13:36:56 - [TEST_STEP][PASSED] - sendKeys(findTestObject("Object Repository/checkout-step-one/input_Checkout Your Information_firstName"), "demo"): Keys 'demo' sent to object: 'Object Repository/checkout-step-one/input_Checkout Your Information_firstName'

2023-05-12 13:36:57 - [MESSAGE][PASSED] - Keys 'demo' sent to object: 'Object Repository/checkout-step-one/input_Checkout Your Information_firstName'

2023-05-12 13:36:57 - [TEST_STEP][PASSED] - sendKeys(findTestObject("Object Repository/checkout-step-one/input_Checkout Your Information_lastName"), "qa test"): Keys 'qa test' sent to object: 'Object Repository/checkout-step-one/input_Checkout Your Information_lastName'

2023-05-12 13:36:57 - [MESSAGE][PASSED] - Keys 'qa test' sent to object: 'Object Repository/checkout-step-one/input_Checkout Your Information_lastName'

2023-05-12 13:36:57 - [TEST_STEP][PASSED] - sendKeys(findTestObject("Object Repository/checkout-step-one/input_Checkout Your Information_postalCode"), "9000"): Keys '9000' sent to object: 'Object Repository/checkout-step-one/input_Checkout Your Information_postalCode'

2023-05-12 13:36:58 - [MESSAGE][PASSED] - Keys '9000' sent to object: 'Object Repository/checkout-step-one/input_Checkout Your Information_postalCode'

2023-05-12 13:36:58 - [TEST_STEP][PASSED] - click(findTestObject("Object Repository/checkout-step-one/input_continue")): Object: 'Object Repository/checkout-step-one/input_continue' is clicked on

2023-05-12 13:36:58 - [MESSAGE][PASSED] - Object: 'Object Repository/checkout-step-one/input_continue' is clicked on

2023-05-12 13:36:58 - [TEST_STEP][PASSED] - click(findTestObject("Object Repository/finish checkout/button_Finish")): Object: 'Object Repository/finish checkout/button_Finish' is clicked on

2023-05-12 13:36:59 - [MESSAGE][PASSED] - Object: 'Object Repository/finish checkout/button_Finish' is clicked on

2023-05-12 13:36:59 - [TEST_STEP][PASSED] - verifyElementVisible(findTestObject("Object Repository/order-success/h2_Thank you for your order")): Object 'Object Repository/order-success/h2_Thank you for your order' is visible

2023-05-12 13:36:59 - [MESSAGE][PASSED] - Object 'Object Repository/order-success/h2_Thank you for your order' is visible

2023-05-12 13:36:59 - [TEST_STEP][PASSED] - click(findTestObject("Object Repository/NavSideBar/sidebar")): Object: 'Object Repository/NavSideBar/sidebar' is clicked on

2023-05-12 13:37:00 - [MESSAGE][PASSED] - Object: 'Object Repository/NavSideBar/sidebar' is clicked on

2023-05-12 13:37:00 - [TEST_STEP][PASSED] - click(findTestObject("Object Repository/NavSideBar/a_Logout")): Object: 'Object Repository/NavSideBar/a_Logout' is clicked on

2023-05-12 13:37:00 - [MESSAGE][PASSED] - Object: 'Object Repository/NavSideBar/a_Logout' is clicked on

2023-05-12 13:37:00 - [TEST_STEP][PASSED] - verifyElementVisible(findTestObject("Object Repository/Page_Swag Labs/input_Swag Labs_user-name")): Object 'Object Repository/Page_Swag Labs/input_Swag Labs_user-name' is visible

2023-05-12 13:37:01 - [MESSAGE][PASSED] - Object 'Object Repository/Page_Swag Labs/input_Swag Labs_user-name' is visible

2023-05-12 13:37:01 - [TEST_STEP][PASSED] - closeBrowser(): Browser is closed

2023-05-12 13:37:02 - [MESSAGE][PASSED] - Browser is closed]]></system-out>
         <system-err><![CDATA[]]></system-err>
      </testcase>
      <testcase name="Test Cases/test-flow-1-buy-1-product" time="12.564" classname="Test Cases/test-flow-1-buy-1-product" status="PASSED">
         <system-out><![CDATA[2023-05-12 13:37:02 - [TEST_CASE][PASSED] - Test Cases/test-flow-1-buy-1-product: Test Cases/test-flow-1-buy-1-product

2023-05-12 13:37:02 - [TEST_STEP][PASSED] - openBrowser("https://www.saucedemo.com/"): Browser is opened with url: 'https://www.saucedemo.com/'

2023-05-12 13:37:02 - [MESSAGE][INFO] - Starting 'Chrome' driver

2023-05-12 13:37:02 - [MESSAGE][INFO] - Action delay is set to 0 milliseconds

2023-05-12 13:37:04 - [MESSAGE][PASSED] - Browser is opened with url: 'https://www.saucedemo.com/'

2023-05-12 13:37:04 - [TEST_STEP][PASSED] - click(findTestObject("Object Repository/Page_Swag Labs/input_Swag Labs_user-name")): Object: 'Object Repository/Page_Swag Labs/input_Swag Labs_user-name' is clicked on

2023-05-12 13:37:05 - [MESSAGE][PASSED] - Object: 'Object Repository/Page_Swag Labs/input_Swag Labs_user-name' is clicked on

2023-05-12 13:37:05 - [TEST_STEP][PASSED] - sendKeys(findTestObject("Object Repository/Page_Swag Labs/input_Swag Labs_user-name"), "standard_user"): Keys 'standard_user' sent to object: 'Object Repository/Page_Swag Labs/input_Swag Labs_user-name'

2023-05-12 13:37:05 - [MESSAGE][PASSED] - Keys 'standard_user' sent to object: 'Object Repository/Page_Swag Labs/input_Swag Labs_user-name'

2023-05-12 13:37:05 - [TEST_STEP][PASSED] - click(findTestObject("Object Repository/Page_Swag Labs/input_Swag Labs_password")): Object: 'Object Repository/Page_Swag Labs/input_Swag Labs_password' is clicked on

2023-05-12 13:37:06 - [MESSAGE][PASSED] - Object: 'Object Repository/Page_Swag Labs/input_Swag Labs_password' is clicked on

2023-05-12 13:37:06 - [TEST_STEP][PASSED] - sendKeys(findTestObject("Object Repository/Page_Swag Labs/input_Swag Labs_password"), "secret_sauce"): Keys 'secret_sauce' sent to object: 'Object Repository/Page_Swag Labs/input_Swag Labs_password'

2023-05-12 13:37:06 - [MESSAGE][PASSED] - Keys 'secret_sauce' sent to object: 'Object Repository/Page_Swag Labs/input_Swag Labs_password'

2023-05-12 13:37:06 - [TEST_STEP][PASSED] - click(findTestObject("Object Repository/Page_Swag Labs/input_Swag Labs_login-button")): Object: 'Object Repository/Page_Swag Labs/input_Swag Labs_login-button' is clicked on

2023-05-12 13:37:06 - [MESSAGE][PASSED] - Object: 'Object Repository/Page_Swag Labs/input_Swag Labs_login-button' is clicked on

2023-05-12 13:37:06 - [TEST_STEP][PASSED] - click(findTestObject("Object Repository/inventoryPage/Backpack")): Object: 'Object Repository/inventoryPage/Backpack' is clicked on

2023-05-12 13:37:07 - [MESSAGE][PASSED] - Object: 'Object Repository/inventoryPage/Backpack' is clicked on

2023-05-12 13:37:07 - [TEST_STEP][PASSED] - click(findTestObject("Object Repository/inventoryPage/button_Add to cart")): Object: 'Object Repository/inventoryPage/button_Add to cart' is clicked on

2023-05-12 13:37:07 - [MESSAGE][PASSED] - Object: 'Object Repository/inventoryPage/button_Add to cart' is clicked on

2023-05-12 13:37:07 - [TEST_STEP][PASSED] - click(findTestObject("Object Repository/inventoryPage/products_back-image")): Object: 'Object Repository/inventoryPage/products_back-image' is clicked on

2023-05-12 13:37:08 - [MESSAGE][PASSED] - Object: 'Object Repository/inventoryPage/products_back-image' is clicked on

2023-05-12 13:37:08 - [TEST_STEP][PASSED] - click(findTestObject("Object Repository/inventoryPage/cart")): Object: 'Object Repository/inventoryPage/cart' is clicked on

2023-05-12 13:37:08 - [MESSAGE][PASSED] - Object: 'Object Repository/inventoryPage/cart' is clicked on

2023-05-12 13:37:08 - [TEST_STEP][PASSED] - click(findTestObject("Object Repository/CheckoutPage/button_Checkout")): Object: 'Object Repository/CheckoutPage/button_Checkout' is clicked on

2023-05-12 13:37:09 - [MESSAGE][PASSED] - Object: 'Object Repository/CheckoutPage/button_Checkout' is clicked on

2023-05-12 13:37:09 - [TEST_STEP][PASSED] - sendKeys(findTestObject("Object Repository/checkout-step-one/input_Checkout Your Information_firstName"), "demo"): Keys 'demo' sent to object: 'Object Repository/checkout-step-one/input_Checkout Your Information_firstName'

2023-05-12 13:37:09 - [MESSAGE][PASSED] - Keys 'demo' sent to object: 'Object Repository/checkout-step-one/input_Checkout Your Information_firstName'

2023-05-12 13:37:09 - [TEST_STEP][PASSED] - sendKeys(findTestObject("Object Repository/checkout-step-one/input_Checkout Your Information_lastName"), "qa test"): Keys 'qa test' sent to object: 'Object Repository/checkout-step-one/input_Checkout Your Information_lastName'

2023-05-12 13:37:10 - [MESSAGE][PASSED] - Keys 'qa test' sent to object: 'Object Repository/checkout-step-one/input_Checkout Your Information_lastName'

2023-05-12 13:37:10 - [TEST_STEP][PASSED] - sendKeys(findTestObject("Object Repository/checkout-step-one/input_Checkout Your Information_postalCode"), "9000"): Keys '9000' sent to object: 'Object Repository/checkout-step-one/input_Checkout Your Information_postalCode'

2023-05-12 13:37:10 - [MESSAGE][PASSED] - Keys '9000' sent to object: 'Object Repository/checkout-step-one/input_Checkout Your Information_postalCode'

2023-05-12 13:37:10 - [TEST_STEP][PASSED] - click(findTestObject("Object Repository/checkout-step-one/input_continue")): Object: 'Object Repository/checkout-step-one/input_continue' is clicked on

2023-05-12 13:37:11 - [MESSAGE][PASSED] - Object: 'Object Repository/checkout-step-one/input_continue' is clicked on

2023-05-12 13:37:11 - [TEST_STEP][PASSED] - click(findTestObject("Object Repository/finish checkout/button_Finish")): Object: 'Object Repository/finish checkout/button_Finish' is clicked on

2023-05-12 13:37:12 - [MESSAGE][PASSED] - Object: 'Object Repository/finish checkout/button_Finish' is clicked on

2023-05-12 13:37:12 - [TEST_STEP][PASSED] - verifyElementVisible(findTestObject("Object Repository/order-success/h2_Thank you for your order")): Object 'Object Repository/order-success/h2_Thank you for your order' is visible

2023-05-12 13:37:12 - [MESSAGE][PASSED] - Object 'Object Repository/order-success/h2_Thank you for your order' is visible

2023-05-12 13:37:12 - [TEST_STEP][PASSED] - click(findTestObject("Object Repository/NavSideBar/sidebar")): Object: 'Object Repository/NavSideBar/sidebar' is clicked on

2023-05-12 13:37:12 - [MESSAGE][PASSED] - Object: 'Object Repository/NavSideBar/sidebar' is clicked on

2023-05-12 13:37:12 - [TEST_STEP][PASSED] - click(findTestObject("Object Repository/NavSideBar/a_Logout")): Object: 'Object Repository/NavSideBar/a_Logout' is clicked on

2023-05-12 13:37:13 - [MESSAGE][PASSED] - Object: 'Object Repository/NavSideBar/a_Logout' is clicked on

2023-05-12 13:37:13 - [TEST_STEP][PASSED] - verifyElementVisible(findTestObject("Object Repository/Page_Swag Labs/input_Swag Labs_user-name")): Object 'Object Repository/Page_Swag Labs/input_Swag Labs_user-name' is visible

2023-05-12 13:37:13 - [MESSAGE][PASSED] - Object 'Object Repository/Page_Swag Labs/input_Swag Labs_user-name' is visible

2023-05-12 13:37:13 - [TEST_STEP][PASSED] - closeBrowser(): Browser is closed

2023-05-12 13:37:14 - [MESSAGE][PASSED] - Browser is closed]]></system-out>
         <system-err><![CDATA[]]></system-err>
      </testcase>
      <testcase name="Test Cases/test-flow-1-buy-1-product" time="12.57" classname="Test Cases/test-flow-1-buy-1-product" status="PASSED">
         <system-out><![CDATA[2023-05-12 13:37:14 - [TEST_CASE][PASSED] - Test Cases/test-flow-1-buy-1-product: Test Cases/test-flow-1-buy-1-product

2023-05-12 13:37:14 - [TEST_STEP][PASSED] - openBrowser("https://www.saucedemo.com/"): Browser is opened with url: 'https://www.saucedemo.com/'

2023-05-12 13:37:14 - [MESSAGE][INFO] - Starting 'Chrome' driver

2023-05-12 13:37:14 - [MESSAGE][INFO] - Action delay is set to 0 milliseconds

2023-05-12 13:37:17 - [MESSAGE][PASSED] - Browser is opened with url: 'https://www.saucedemo.com/'

2023-05-12 13:37:17 - [TEST_STEP][PASSED] - click(findTestObject("Object Repository/Page_Swag Labs/input_Swag Labs_user-name")): Object: 'Object Repository/Page_Swag Labs/input_Swag Labs_user-name' is clicked on

2023-05-12 13:37:17 - [MESSAGE][PASSED] - Object: 'Object Repository/Page_Swag Labs/input_Swag Labs_user-name' is clicked on

2023-05-12 13:37:17 - [TEST_STEP][PASSED] - sendKeys(findTestObject("Object Repository/Page_Swag Labs/input_Swag Labs_user-name"), "standard_user"): Keys 'standard_user' sent to object: 'Object Repository/Page_Swag Labs/input_Swag Labs_user-name'

2023-05-12 13:37:18 - [MESSAGE][PASSED] - Keys 'standard_user' sent to object: 'Object Repository/Page_Swag Labs/input_Swag Labs_user-name'

2023-05-12 13:37:18 - [TEST_STEP][PASSED] - click(findTestObject("Object Repository/Page_Swag Labs/input_Swag Labs_password")): Object: 'Object Repository/Page_Swag Labs/input_Swag Labs_password' is clicked on

2023-05-12 13:37:18 - [MESSAGE][PASSED] - Object: 'Object Repository/Page_Swag Labs/input_Swag Labs_password' is clicked on

2023-05-12 13:37:18 - [TEST_STEP][PASSED] - sendKeys(findTestObject("Object Repository/Page_Swag Labs/input_Swag Labs_password"), "secret_sauce"): Keys 'secret_sauce' sent to object: 'Object Repository/Page_Swag Labs/input_Swag Labs_password'

2023-05-12 13:37:18 - [MESSAGE][PASSED] - Keys 'secret_sauce' sent to object: 'Object Repository/Page_Swag Labs/input_Swag Labs_password'

2023-05-12 13:37:18 - [TEST_STEP][PASSED] - click(findTestObject("Object Repository/Page_Swag Labs/input_Swag Labs_login-button")): Object: 'Object Repository/Page_Swag Labs/input_Swag Labs_login-button' is clicked on

2023-05-12 13:37:19 - [MESSAGE][PASSED] - Object: 'Object Repository/Page_Swag Labs/input_Swag Labs_login-button' is clicked on

2023-05-12 13:37:19 - [TEST_STEP][PASSED] - click(findTestObject("Object Repository/inventoryPage/Backpack")): Object: 'Object Repository/inventoryPage/Backpack' is clicked on

2023-05-12 13:37:19 - [MESSAGE][PASSED] - Object: 'Object Repository/inventoryPage/Backpack' is clicked on

2023-05-12 13:37:19 - [TEST_STEP][PASSED] - click(findTestObject("Object Repository/inventoryPage/button_Add to cart")): Object: 'Object Repository/inventoryPage/button_Add to cart' is clicked on

2023-05-12 13:37:20 - [MESSAGE][PASSED] - Object: 'Object Repository/inventoryPage/button_Add to cart' is clicked on

2023-05-12 13:37:20 - [TEST_STEP][PASSED] - click(findTestObject("Object Repository/inventoryPage/products_back-image")): Object: 'Object Repository/inventoryPage/products_back-image' is clicked on

2023-05-12 13:37:20 - [MESSAGE][PASSED] - Object: 'Object Repository/inventoryPage/products_back-image' is clicked on

2023-05-12 13:37:20 - [TEST_STEP][PASSED] - click(findTestObject("Object Repository/inventoryPage/cart")): Object: 'Object Repository/inventoryPage/cart' is clicked on

2023-05-12 13:37:21 - [MESSAGE][PASSED] - Object: 'Object Repository/inventoryPage/cart' is clicked on

2023-05-12 13:37:21 - [TEST_STEP][PASSED] - click(findTestObject("Object Repository/CheckoutPage/button_Checkout")): Object: 'Object Repository/CheckoutPage/button_Checkout' is clicked on

2023-05-12 13:37:21 - [MESSAGE][PASSED] - Object: 'Object Repository/CheckoutPage/button_Checkout' is clicked on

2023-05-12 13:37:21 - [TEST_STEP][PASSED] - sendKeys(findTestObject("Object Repository/checkout-step-one/input_Checkout Your Information_firstName"), "demo"): Keys 'demo' sent to object: 'Object Repository/checkout-step-one/input_Checkout Your Information_firstName'

2023-05-12 13:37:22 - [MESSAGE][PASSED] - Keys 'demo' sent to object: 'Object Repository/checkout-step-one/input_Checkout Your Information_firstName'

2023-05-12 13:37:22 - [TEST_STEP][PASSED] - sendKeys(findTestObject("Object Repository/checkout-step-one/input_Checkout Your Information_lastName"), "qa test"): Keys 'qa test' sent to object: 'Object Repository/checkout-step-one/input_Checkout Your Information_lastName'

2023-05-12 13:37:22 - [MESSAGE][PASSED] - Keys 'qa test' sent to object: 'Object Repository/checkout-step-one/input_Checkout Your Information_lastName'

2023-05-12 13:37:22 - [TEST_STEP][PASSED] - sendKeys(findTestObject("Object Repository/checkout-step-one/input_Checkout Your Information_postalCode"), "9000"): Keys '9000' sent to object: 'Object Repository/checkout-step-one/input_Checkout Your Information_postalCode'

2023-05-12 13:37:23 - [MESSAGE][PASSED] - Keys '9000' sent to object: 'Object Repository/checkout-step-one/input_Checkout Your Information_postalCode'

2023-05-12 13:37:23 - [TEST_STEP][PASSED] - click(findTestObject("Object Repository/checkout-step-one/input_continue")): Object: 'Object Repository/checkout-step-one/input_continue' is clicked on

2023-05-12 13:37:24 - [MESSAGE][PASSED] - Object: 'Object Repository/checkout-step-one/input_continue' is clicked on

2023-05-12 13:37:24 - [TEST_STEP][PASSED] - click(findTestObject("Object Repository/finish checkout/button_Finish")): Object: 'Object Repository/finish checkout/button_Finish' is clicked on

2023-05-12 13:37:24 - [MESSAGE][PASSED] - Object: 'Object Repository/finish checkout/button_Finish' is clicked on

2023-05-12 13:37:24 - [TEST_STEP][PASSED] - verifyElementVisible(findTestObject("Object Repository/order-success/h2_Thank you for your order")): Object 'Object Repository/order-success/h2_Thank you for your order' is visible

2023-05-12 13:37:25 - [MESSAGE][PASSED] - Object 'Object Repository/order-success/h2_Thank you for your order' is visible

2023-05-12 13:37:25 - [TEST_STEP][PASSED] - click(findTestObject("Object Repository/NavSideBar/sidebar")): Object: 'Object Repository/NavSideBar/sidebar' is clicked on

2023-05-12 13:37:25 - [MESSAGE][PASSED] - Object: 'Object Repository/NavSideBar/sidebar' is clicked on

2023-05-12 13:37:25 - [TEST_STEP][PASSED] - click(findTestObject("Object Repository/NavSideBar/a_Logout")): Object: 'Object Repository/NavSideBar/a_Logout' is clicked on

2023-05-12 13:37:25 - [MESSAGE][PASSED] - Object: 'Object Repository/NavSideBar/a_Logout' is clicked on

2023-05-12 13:37:25 - [TEST_STEP][PASSED] - verifyElementVisible(findTestObject("Object Repository/Page_Swag Labs/input_Swag Labs_user-name")): Object 'Object Repository/Page_Swag Labs/input_Swag Labs_user-name' is visible

2023-05-12 13:37:26 - [MESSAGE][PASSED] - Object 'Object Repository/Page_Swag Labs/input_Swag Labs_user-name' is visible

2023-05-12 13:37:26 - [TEST_STEP][PASSED] - closeBrowser(): Browser is closed

2023-05-12 13:37:27 - [MESSAGE][PASSED] - Browser is closed]]></system-out>
         <system-err><![CDATA[]]></system-err>
      </testcase>
      <testcase name="Test Cases/test-flow-1-buy-1-product" time="13.873" classname="Test Cases/test-flow-1-buy-1-product" status="PASSED">
         <system-out><![CDATA[2023-05-12 13:37:27 - [TEST_CASE][PASSED] - Test Cases/test-flow-1-buy-1-product: Test Cases/test-flow-1-buy-1-product

2023-05-12 13:37:27 - [TEST_STEP][PASSED] - openBrowser("https://www.saucedemo.com/"): Browser is opened with url: 'https://www.saucedemo.com/'

2023-05-12 13:37:27 - [MESSAGE][INFO] - Starting 'Chrome' driver

2023-05-12 13:37:27 - [MESSAGE][INFO] - Action delay is set to 0 milliseconds

2023-05-12 13:37:30 - [MESSAGE][PASSED] - Browser is opened with url: 'https://www.saucedemo.com/'

2023-05-12 13:37:30 - [TEST_STEP][PASSED] - click(findTestObject("Object Repository/Page_Swag Labs/input_Swag Labs_user-name")): Object: 'Object Repository/Page_Swag Labs/input_Swag Labs_user-name' is clicked on

2023-05-12 13:37:30 - [MESSAGE][PASSED] - Object: 'Object Repository/Page_Swag Labs/input_Swag Labs_user-name' is clicked on

2023-05-12 13:37:30 - [TEST_STEP][PASSED] - sendKeys(findTestObject("Object Repository/Page_Swag Labs/input_Swag Labs_user-name"), "standard_user"): Keys 'standard_user' sent to object: 'Object Repository/Page_Swag Labs/input_Swag Labs_user-name'

2023-05-12 13:37:31 - [MESSAGE][PASSED] - Keys 'standard_user' sent to object: 'Object Repository/Page_Swag Labs/input_Swag Labs_user-name'

2023-05-12 13:37:31 - [TEST_STEP][PASSED] - click(findTestObject("Object Repository/Page_Swag Labs/input_Swag Labs_password")): Object: 'Object Repository/Page_Swag Labs/input_Swag Labs_password' is clicked on

2023-05-12 13:37:31 - [MESSAGE][PASSED] - Object: 'Object Repository/Page_Swag Labs/input_Swag Labs_password' is clicked on

2023-05-12 13:37:31 - [TEST_STEP][PASSED] - sendKeys(findTestObject("Object Repository/Page_Swag Labs/input_Swag Labs_password"), "secret_sauce"): Keys 'secret_sauce' sent to object: 'Object Repository/Page_Swag Labs/input_Swag Labs_password'

2023-05-12 13:37:32 - [MESSAGE][PASSED] - Keys 'secret_sauce' sent to object: 'Object Repository/Page_Swag Labs/input_Swag Labs_password'

2023-05-12 13:37:32 - [TEST_STEP][PASSED] - click(findTestObject("Object Repository/Page_Swag Labs/input_Swag Labs_login-button")): Object: 'Object Repository/Page_Swag Labs/input_Swag Labs_login-button' is clicked on

2023-05-12 13:37:32 - [MESSAGE][PASSED] - Object: 'Object Repository/Page_Swag Labs/input_Swag Labs_login-button' is clicked on

2023-05-12 13:37:32 - [TEST_STEP][PASSED] - click(findTestObject("Object Repository/inventoryPage/Backpack")): Object: 'Object Repository/inventoryPage/Backpack' is clicked on

2023-05-12 13:37:33 - [MESSAGE][PASSED] - Object: 'Object Repository/inventoryPage/Backpack' is clicked on

2023-05-12 13:37:33 - [TEST_STEP][PASSED] - click(findTestObject("Object Repository/inventoryPage/button_Add to cart")): Object: 'Object Repository/inventoryPage/button_Add to cart' is clicked on

2023-05-12 13:37:33 - [MESSAGE][PASSED] - Object: 'Object Repository/inventoryPage/button_Add to cart' is clicked on

2023-05-12 13:37:33 - [TEST_STEP][PASSED] - click(findTestObject("Object Repository/inventoryPage/products_back-image")): Object: 'Object Repository/inventoryPage/products_back-image' is clicked on

2023-05-12 13:37:34 - [MESSAGE][PASSED] - Object: 'Object Repository/inventoryPage/products_back-image' is clicked on

2023-05-12 13:37:34 - [TEST_STEP][PASSED] - click(findTestObject("Object Repository/inventoryPage/cart")): Object: 'Object Repository/inventoryPage/cart' is clicked on

2023-05-12 13:37:34 - [MESSAGE][PASSED] - Object: 'Object Repository/inventoryPage/cart' is clicked on

2023-05-12 13:37:34 - [TEST_STEP][PASSED] - click(findTestObject("Object Repository/CheckoutPage/button_Checkout")): Object: 'Object Repository/CheckoutPage/button_Checkout' is clicked on

2023-05-12 13:37:35 - [MESSAGE][PASSED] - Object: 'Object Repository/CheckoutPage/button_Checkout' is clicked on

2023-05-12 13:37:35 - [TEST_STEP][PASSED] - sendKeys(findTestObject("Object Repository/checkout-step-one/input_Checkout Your Information_firstName"), "demo"): Keys 'demo' sent to object: 'Object Repository/checkout-step-one/input_Checkout Your Information_firstName'

2023-05-12 13:37:36 - [MESSAGE][PASSED] - Keys 'demo' sent to object: 'Object Repository/checkout-step-one/input_Checkout Your Information_firstName'

2023-05-12 13:37:36 - [TEST_STEP][PASSED] - sendKeys(findTestObject("Object Repository/checkout-step-one/input_Checkout Your Information_lastName"), "qa test"): Keys 'qa test' sent to object: 'Object Repository/checkout-step-one/input_Checkout Your Information_lastName'

2023-05-12 13:37:36 - [MESSAGE][PASSED] - Keys 'qa test' sent to object: 'Object Repository/checkout-step-one/input_Checkout Your Information_lastName'

2023-05-12 13:37:36 - [TEST_STEP][PASSED] - sendKeys(findTestObject("Object Repository/checkout-step-one/input_Checkout Your Information_postalCode"), "9000"): Keys '9000' sent to object: 'Object Repository/checkout-step-one/input_Checkout Your Information_postalCode'

2023-05-12 13:37:37 - [MESSAGE][PASSED] - Keys '9000' sent to object: 'Object Repository/checkout-step-one/input_Checkout Your Information_postalCode'

2023-05-12 13:37:37 - [TEST_STEP][PASSED] - click(findTestObject("Object Repository/checkout-step-one/input_continue")): Object: 'Object Repository/checkout-step-one/input_continue' is clicked on

2023-05-12 13:37:37 - [MESSAGE][PASSED] - Object: 'Object Repository/checkout-step-one/input_continue' is clicked on

2023-05-12 13:37:37 - [TEST_STEP][PASSED] - click(findTestObject("Object Repository/finish checkout/button_Finish")): Object: 'Object Repository/finish checkout/button_Finish' is clicked on

2023-05-12 13:37:38 - [MESSAGE][PASSED] - Object: 'Object Repository/finish checkout/button_Finish' is clicked on

2023-05-12 13:37:38 - [TEST_STEP][PASSED] - verifyElementVisible(findTestObject("Object Repository/order-success/h2_Thank you for your order")): Object 'Object Repository/order-success/h2_Thank you for your order' is visible

2023-05-12 13:37:38 - [MESSAGE][PASSED] - Object 'Object Repository/order-success/h2_Thank you for your order' is visible

2023-05-12 13:37:38 - [TEST_STEP][PASSED] - click(findTestObject("Object Repository/NavSideBar/sidebar")): Object: 'Object Repository/NavSideBar/sidebar' is clicked on

2023-05-12 13:37:39 - [MESSAGE][PASSED] - Object: 'Object Repository/NavSideBar/sidebar' is clicked on

2023-05-12 13:37:39 - [TEST_STEP][PASSED] - click(findTestObject("Object Repository/NavSideBar/a_Logout")): Object: 'Object Repository/NavSideBar/a_Logout' is clicked on

2023-05-12 13:37:39 - [MESSAGE][PASSED] - Object: 'Object Repository/NavSideBar/a_Logout' is clicked on

2023-05-12 13:37:39 - [TEST_STEP][PASSED] - verifyElementVisible(findTestObject("Object Repository/Page_Swag Labs/input_Swag Labs_user-name")): Object 'Object Repository/Page_Swag Labs/input_Swag Labs_user-name' is visible

2023-05-12 13:37:40 - [MESSAGE][PASSED] - Object 'Object Repository/Page_Swag Labs/input_Swag Labs_user-name' is visible

2023-05-12 13:37:40 - [TEST_STEP][PASSED] - closeBrowser(): Browser is closed

2023-05-12 13:37:41 - [MESSAGE][PASSED] - Browser is closed]]></system-out>
         <system-err><![CDATA[]]></system-err>
      </testcase>
      <testcase name="Test Cases/test-flow-1-buy-1-product" time="12.729" classname="Test Cases/test-flow-1-buy-1-product" status="PASSED">
         <system-out><![CDATA[2023-05-12 13:37:41 - [TEST_CASE][PASSED] - Test Cases/test-flow-1-buy-1-product: Test Cases/test-flow-1-buy-1-product

2023-05-12 13:37:41 - [TEST_STEP][PASSED] - openBrowser("https://www.saucedemo.com/"): Browser is opened with url: 'https://www.saucedemo.com/'

2023-05-12 13:37:41 - [MESSAGE][INFO] - Starting 'Chrome' driver

2023-05-12 13:37:41 - [MESSAGE][INFO] - Action delay is set to 0 milliseconds

2023-05-12 13:37:43 - [MESSAGE][PASSED] - Browser is opened with url: 'https://www.saucedemo.com/'

2023-05-12 13:37:43 - [TEST_STEP][PASSED] - click(findTestObject("Object Repository/Page_Swag Labs/input_Swag Labs_user-name")): Object: 'Object Repository/Page_Swag Labs/input_Swag Labs_user-name' is clicked on

2023-05-12 13:37:43 - [MESSAGE][PASSED] - Object: 'Object Repository/Page_Swag Labs/input_Swag Labs_user-name' is clicked on

2023-05-12 13:37:43 - [TEST_STEP][PASSED] - sendKeys(findTestObject("Object Repository/Page_Swag Labs/input_Swag Labs_user-name"), "standard_user"): Keys 'standard_user' sent to object: 'Object Repository/Page_Swag Labs/input_Swag Labs_user-name'

2023-05-12 13:37:44 - [MESSAGE][PASSED] - Keys 'standard_user' sent to object: 'Object Repository/Page_Swag Labs/input_Swag Labs_user-name'

2023-05-12 13:37:44 - [TEST_STEP][PASSED] - click(findTestObject("Object Repository/Page_Swag Labs/input_Swag Labs_password")): Object: 'Object Repository/Page_Swag Labs/input_Swag Labs_password' is clicked on

2023-05-12 13:37:44 - [MESSAGE][PASSED] - Object: 'Object Repository/Page_Swag Labs/input_Swag Labs_password' is clicked on

2023-05-12 13:37:44 - [TEST_STEP][PASSED] - sendKeys(findTestObject("Object Repository/Page_Swag Labs/input_Swag Labs_password"), "secret_sauce"): Keys 'secret_sauce' sent to object: 'Object Repository/Page_Swag Labs/input_Swag Labs_password'

2023-05-12 13:37:45 - [MESSAGE][PASSED] - Keys 'secret_sauce' sent to object: 'Object Repository/Page_Swag Labs/input_Swag Labs_password'

2023-05-12 13:37:45 - [TEST_STEP][PASSED] - click(findTestObject("Object Repository/Page_Swag Labs/input_Swag Labs_login-button")): Object: 'Object Repository/Page_Swag Labs/input_Swag Labs_login-button' is clicked on

2023-05-12 13:37:45 - [MESSAGE][PASSED] - Object: 'Object Repository/Page_Swag Labs/input_Swag Labs_login-button' is clicked on

2023-05-12 13:37:45 - [TEST_STEP][PASSED] - click(findTestObject("Object Repository/inventoryPage/Backpack")): Object: 'Object Repository/inventoryPage/Backpack' is clicked on

2023-05-12 13:37:46 - [MESSAGE][PASSED] - Object: 'Object Repository/inventoryPage/Backpack' is clicked on

2023-05-12 13:37:46 - [TEST_STEP][PASSED] - click(findTestObject("Object Repository/inventoryPage/button_Add to cart")): Object: 'Object Repository/inventoryPage/button_Add to cart' is clicked on

2023-05-12 13:37:46 - [MESSAGE][PASSED] - Object: 'Object Repository/inventoryPage/button_Add to cart' is clicked on

2023-05-12 13:37:46 - [TEST_STEP][PASSED] - click(findTestObject("Object Repository/inventoryPage/products_back-image")): Object: 'Object Repository/inventoryPage/products_back-image' is clicked on

2023-05-12 13:37:47 - [MESSAGE][PASSED] - Object: 'Object Repository/inventoryPage/products_back-image' is clicked on

2023-05-12 13:37:47 - [TEST_STEP][PASSED] - click(findTestObject("Object Repository/inventoryPage/cart")): Object: 'Object Repository/inventoryPage/cart' is clicked on

2023-05-12 13:37:47 - [MESSAGE][PASSED] - Object: 'Object Repository/inventoryPage/cart' is clicked on

2023-05-12 13:37:47 - [TEST_STEP][PASSED] - click(findTestObject("Object Repository/CheckoutPage/button_Checkout")): Object: 'Object Repository/CheckoutPage/button_Checkout' is clicked on

2023-05-12 13:37:48 - [MESSAGE][PASSED] - Object: 'Object Repository/CheckoutPage/button_Checkout' is clicked on

2023-05-12 13:37:48 - [TEST_STEP][PASSED] - sendKeys(findTestObject("Object Repository/checkout-step-one/input_Checkout Your Information_firstName"), "demo"): Keys 'demo' sent to object: 'Object Repository/checkout-step-one/input_Checkout Your Information_firstName'

2023-05-12 13:37:48 - [MESSAGE][PASSED] - Keys 'demo' sent to object: 'Object Repository/checkout-step-one/input_Checkout Your Information_firstName'

2023-05-12 13:37:48 - [TEST_STEP][PASSED] - sendKeys(findTestObject("Object Repository/checkout-step-one/input_Checkout Your Information_lastName"), "qa test"): Keys 'qa test' sent to object: 'Object Repository/checkout-step-one/input_Checkout Your Information_lastName'

2023-05-12 13:37:49 - [MESSAGE][PASSED] - Keys 'qa test' sent to object: 'Object Repository/checkout-step-one/input_Checkout Your Information_lastName'

2023-05-12 13:37:49 - [TEST_STEP][PASSED] - sendKeys(findTestObject("Object Repository/checkout-step-one/input_Checkout Your Information_postalCode"), "9000"): Keys '9000' sent to object: 'Object Repository/checkout-step-one/input_Checkout Your Information_postalCode'

2023-05-12 13:37:50 - [MESSAGE][PASSED] - Keys '9000' sent to object: 'Object Repository/checkout-step-one/input_Checkout Your Information_postalCode'

2023-05-12 13:37:50 - [TEST_STEP][PASSED] - click(findTestObject("Object Repository/checkout-step-one/input_continue")): Object: 'Object Repository/checkout-step-one/input_continue' is clicked on

2023-05-12 13:37:50 - [MESSAGE][PASSED] - Object: 'Object Repository/checkout-step-one/input_continue' is clicked on

2023-05-12 13:37:50 - [TEST_STEP][PASSED] - click(findTestObject("Object Repository/finish checkout/button_Finish")): Object: 'Object Repository/finish checkout/button_Finish' is clicked on

2023-05-12 13:37:51 - [MESSAGE][PASSED] - Object: 'Object Repository/finish checkout/button_Finish' is clicked on

2023-05-12 13:37:51 - [TEST_STEP][PASSED] - verifyElementVisible(findTestObject("Object Repository/order-success/h2_Thank you for your order")): Object 'Object Repository/order-success/h2_Thank you for your order' is visible

2023-05-12 13:37:51 - [MESSAGE][PASSED] - Object 'Object Repository/order-success/h2_Thank you for your order' is visible

2023-05-12 13:37:51 - [TEST_STEP][PASSED] - click(findTestObject("Object Repository/NavSideBar/sidebar")): Object: 'Object Repository/NavSideBar/sidebar' is clicked on

2023-05-12 13:37:52 - [MESSAGE][PASSED] - Object: 'Object Repository/NavSideBar/sidebar' is clicked on

2023-05-12 13:37:52 - [TEST_STEP][PASSED] - click(findTestObject("Object Repository/NavSideBar/a_Logout")): Object: 'Object Repository/NavSideBar/a_Logout' is clicked on

2023-05-12 13:37:52 - [MESSAGE][PASSED] - Object: 'Object Repository/NavSideBar/a_Logout' is clicked on

2023-05-12 13:37:52 - [TEST_STEP][PASSED] - verifyElementVisible(findTestObject("Object Repository/Page_Swag Labs/input_Swag Labs_user-name")): Object 'Object Repository/Page_Swag Labs/input_Swag Labs_user-name' is visible

2023-05-12 13:37:53 - [MESSAGE][PASSED] - Object 'Object Repository/Page_Swag Labs/input_Swag Labs_user-name' is visible

2023-05-12 13:37:53 - [TEST_STEP][PASSED] - closeBrowser(): Browser is closed

2023-05-12 13:37:53 - [MESSAGE][PASSED] - Browser is closed]]></system-out>
         <system-err><![CDATA[]]></system-err>
      </testcase>
      <testcase name="Test Cases/test-flow-1-buy-1-product" time="12.163" classname="Test Cases/test-flow-1-buy-1-product" status="PASSED">
         <system-out><![CDATA[2023-05-12 13:37:53 - [TEST_CASE][PASSED] - Test Cases/test-flow-1-buy-1-product: Test Cases/test-flow-1-buy-1-product

2023-05-12 13:37:53 - [TEST_STEP][PASSED] - openBrowser("https://www.saucedemo.com/"): Browser is opened with url: 'https://www.saucedemo.com/'

2023-05-12 13:37:53 - [MESSAGE][INFO] - Starting 'Chrome' driver

2023-05-12 13:37:53 - [MESSAGE][INFO] - Action delay is set to 0 milliseconds

2023-05-12 13:37:56 - [MESSAGE][PASSED] - Browser is opened with url: 'https://www.saucedemo.com/'

2023-05-12 13:37:56 - [TEST_STEP][PASSED] - click(findTestObject("Object Repository/Page_Swag Labs/input_Swag Labs_user-name")): Object: 'Object Repository/Page_Swag Labs/input_Swag Labs_user-name' is clicked on

2023-05-12 13:37:56 - [MESSAGE][PASSED] - Object: 'Object Repository/Page_Swag Labs/input_Swag Labs_user-name' is clicked on

2023-05-12 13:37:56 - [TEST_STEP][PASSED] - sendKeys(findTestObject("Object Repository/Page_Swag Labs/input_Swag Labs_user-name"), "standard_user"): Keys 'standard_user' sent to object: 'Object Repository/Page_Swag Labs/input_Swag Labs_user-name'

2023-05-12 13:37:56 - [MESSAGE][PASSED] - Keys 'standard_user' sent to object: 'Object Repository/Page_Swag Labs/input_Swag Labs_user-name'

2023-05-12 13:37:56 - [TEST_STEP][PASSED] - click(findTestObject("Object Repository/Page_Swag Labs/input_Swag Labs_password")): Object: 'Object Repository/Page_Swag Labs/input_Swag Labs_password' is clicked on

2023-05-12 13:37:57 - [MESSAGE][PASSED] - Object: 'Object Repository/Page_Swag Labs/input_Swag Labs_password' is clicked on

2023-05-12 13:37:57 - [TEST_STEP][PASSED] - sendKeys(findTestObject("Object Repository/Page_Swag Labs/input_Swag Labs_password"), "secret_sauce"): Keys 'secret_sauce' sent to object: 'Object Repository/Page_Swag Labs/input_Swag Labs_password'

2023-05-12 13:37:57 - [MESSAGE][PASSED] - Keys 'secret_sauce' sent to object: 'Object Repository/Page_Swag Labs/input_Swag Labs_password'

2023-05-12 13:37:57 - [TEST_STEP][PASSED] - click(findTestObject("Object Repository/Page_Swag Labs/input_Swag Labs_login-button")): Object: 'Object Repository/Page_Swag Labs/input_Swag Labs_login-button' is clicked on

2023-05-12 13:37:58 - [MESSAGE][PASSED] - Object: 'Object Repository/Page_Swag Labs/input_Swag Labs_login-button' is clicked on

2023-05-12 13:37:58 - [TEST_STEP][PASSED] - click(findTestObject("Object Repository/inventoryPage/Backpack")): Object: 'Object Repository/inventoryPage/Backpack' is clicked on

2023-05-12 13:37:58 - [MESSAGE][PASSED] - Object: 'Object Repository/inventoryPage/Backpack' is clicked on

2023-05-12 13:37:58 - [TEST_STEP][PASSED] - click(findTestObject("Object Repository/inventoryPage/button_Add to cart")): Object: 'Object Repository/inventoryPage/button_Add to cart' is clicked on

2023-05-12 13:37:59 - [MESSAGE][PASSED] - Object: 'Object Repository/inventoryPage/button_Add to cart' is clicked on

2023-05-12 13:37:59 - [TEST_STEP][PASSED] - click(findTestObject("Object Repository/inventoryPage/products_back-image")): Object: 'Object Repository/inventoryPage/products_back-image' is clicked on

2023-05-12 13:37:59 - [MESSAGE][PASSED] - Object: 'Object Repository/inventoryPage/products_back-image' is clicked on

2023-05-12 13:37:59 - [TEST_STEP][PASSED] - click(findTestObject("Object Repository/inventoryPage/cart")): Object: 'Object Repository/inventoryPage/cart' is clicked on

2023-05-12 13:38:00 - [MESSAGE][PASSED] - Object: 'Object Repository/inventoryPage/cart' is clicked on

2023-05-12 13:38:00 - [TEST_STEP][PASSED] - click(findTestObject("Object Repository/CheckoutPage/button_Checkout")): Object: 'Object Repository/CheckoutPage/button_Checkout' is clicked on

2023-05-12 13:38:00 - [MESSAGE][PASSED] - Object: 'Object Repository/CheckoutPage/button_Checkout' is clicked on

2023-05-12 13:38:00 - [TEST_STEP][PASSED] - sendKeys(findTestObject("Object Repository/checkout-step-one/input_Checkout Your Information_firstName"), "demo"): Keys 'demo' sent to object: 'Object Repository/checkout-step-one/input_Checkout Your Information_firstName'

2023-05-12 13:38:01 - [MESSAGE][PASSED] - Keys 'demo' sent to object: 'Object Repository/checkout-step-one/input_Checkout Your Information_firstName'

2023-05-12 13:38:01 - [TEST_STEP][PASSED] - sendKeys(findTestObject("Object Repository/checkout-step-one/input_Checkout Your Information_lastName"), "qa test"): Keys 'qa test' sent to object: 'Object Repository/checkout-step-one/input_Checkout Your Information_lastName'

2023-05-12 13:38:01 - [MESSAGE][PASSED] - Keys 'qa test' sent to object: 'Object Repository/checkout-step-one/input_Checkout Your Information_lastName'

2023-05-12 13:38:01 - [TEST_STEP][PASSED] - sendKeys(findTestObject("Object Repository/checkout-step-one/input_Checkout Your Information_postalCode"), "9000"): Keys '9000' sent to object: 'Object Repository/checkout-step-one/input_Checkout Your Information_postalCode'

2023-05-12 13:38:02 - [MESSAGE][PASSED] - Keys '9000' sent to object: 'Object Repository/checkout-step-one/input_Checkout Your Information_postalCode'

2023-05-12 13:38:02 - [TEST_STEP][PASSED] - click(findTestObject("Object Repository/checkout-step-one/input_continue")): Object: 'Object Repository/checkout-step-one/input_continue' is clicked on

2023-05-12 13:38:02 - [MESSAGE][PASSED] - Object: 'Object Repository/checkout-step-one/input_continue' is clicked on

2023-05-12 13:38:02 - [TEST_STEP][PASSED] - click(findTestObject("Object Repository/finish checkout/button_Finish")): Object: 'Object Repository/finish checkout/button_Finish' is clicked on

2023-05-12 13:38:03 - [MESSAGE][PASSED] - Object: 'Object Repository/finish checkout/button_Finish' is clicked on

2023-05-12 13:38:03 - [TEST_STEP][PASSED] - verifyElementVisible(findTestObject("Object Repository/order-success/h2_Thank you for your order")): Object 'Object Repository/order-success/h2_Thank you for your order' is visible

2023-05-12 13:38:03 - [MESSAGE][PASSED] - Object 'Object Repository/order-success/h2_Thank you for your order' is visible

2023-05-12 13:38:03 - [TEST_STEP][PASSED] - click(findTestObject("Object Repository/NavSideBar/sidebar")): Object: 'Object Repository/NavSideBar/sidebar' is clicked on

2023-05-12 13:38:04 - [MESSAGE][PASSED] - Object: 'Object Repository/NavSideBar/sidebar' is clicked on

2023-05-12 13:38:04 - [TEST_STEP][PASSED] - click(findTestObject("Object Repository/NavSideBar/a_Logout")): Object: 'Object Repository/NavSideBar/a_Logout' is clicked on

2023-05-12 13:38:04 - [MESSAGE][PASSED] - Object: 'Object Repository/NavSideBar/a_Logout' is clicked on

2023-05-12 13:38:04 - [TEST_STEP][PASSED] - verifyElementVisible(findTestObject("Object Repository/Page_Swag Labs/input_Swag Labs_user-name")): Object 'Object Repository/Page_Swag Labs/input_Swag Labs_user-name' is visible

2023-05-12 13:38:05 - [MESSAGE][PASSED] - Object 'Object Repository/Page_Swag Labs/input_Swag Labs_user-name' is visible

2023-05-12 13:38:05 - [TEST_STEP][PASSED] - closeBrowser(): Browser is closed

2023-05-12 13:38:06 - [MESSAGE][PASSED] - Browser is closed]]></system-out>
         <system-err><![CDATA[]]></system-err>
      </testcase>
      <system-out><![CDATA[2023-05-12 13:33:49 - [TEST_SUITE][PASSED] - simple case: Test Cases/test-flow-1-buy-1-product]]></system-out>
      <system-err><![CDATA[]]></system-err>
   </testsuite>
</testsuites>
