<?xml version="1.0" encoding="UTF-8"?>
<testsuites name="simple case" time="251.33" tests="20" failures="0" errors="0">
   <testsuite name="simple case" tests="20" failures="0" errors="0" time="251.33" skipped="0" timestamp="2023-05-11 21:50:19" hostname="minh.nguyen - 5YHW2D3" id="Test Suites/simple case">
      <properties>
         <property name="deviceName" value=""/>
         <property name="devicePlatform" value=""/>
         <property name="logFolder" value="C:\\Users\\minh.nguyen\\Desktop\\GitRepo\\tri-nhan-repo\\Reports\\20230511_170911\\simple case\\20230511_170939"/>
         <property name="logFiles" value="C:\\Users\\minh.nguyen\\Desktop\\GitRepo\\tri-nhan-repo\\Reports\\20230511_170911\\simple case\\20230511_170939\\execution0.log"/>
         <property name="attachments" value=""/>
         <property name="hostName" value="minh.nguyen - 5YHW2D3"/>
         <property name="os" value="Windows 10 64bit"/>
         <property name="katalonVersion" value="8.5.5.208"/>
         <property name="browser" value="Chrome 112.0.0.0"/>
         <property name="hostAddress" value="10.10.33.106"/>
         <property name="sessionId" value="6bc93a1d40b8538c9f7d312d90803e0c"/>
         <property name="seleniumVersion" value="3.141.59"/>
         <property name="proxyInformation" value="ProxyInformation { proxyOption=NO_PROXY, proxyServerType=HTTP, username=, password=********, proxyServerAddress=, proxyServerPort=0, executionList=&quot;&quot;, isApplyToDesiredCapabilities=true }"/>
         <property name="platform" value="Windows 10"/>
      </properties>
      <testcase name="Test Cases/test-flow-1-buy-1-product" time="13.491" classname="Test Cases/test-flow-1-buy-1-product" status="PASSED">
         <system-out><![CDATA[2023-05-11 21:50:19 - [TEST_CASE][PASSED] - Test Cases/test-flow-1-buy-1-product: Test Cases/test-flow-1-buy-1-product

2023-05-11 21:50:19 - [TEST_STEP][PASSED] - openBrowser("https://www.saucedemo.com/"): Browser is opened with url: 'https://www.saucedemo.com/'

2023-05-11 21:50:19 - [MESSAGE][INFO] - Starting 'Chrome' driver

2023-05-11 21:50:19 - [MESSAGE][INFO] - Action delay is set to 0 milliseconds

2023-05-11 21:50:23 - [MESSAGE][PASSED] - Browser is opened with url: 'https://www.saucedemo.com/'

2023-05-11 21:50:23 - [TEST_STEP][PASSED] - click(findTestObject("Object Repository/Page_Swag Labs/input_Swag Labs_user-name")): Object: 'Object Repository/Page_Swag Labs/input_Swag Labs_user-name' is clicked on

2023-05-11 21:50:23 - [MESSAGE][PASSED] - Object: 'Object Repository/Page_Swag Labs/input_Swag Labs_user-name' is clicked on

2023-05-11 21:50:23 - [TEST_STEP][PASSED] - sendKeys(findTestObject("Object Repository/Page_Swag Labs/input_Swag Labs_user-name"), "standard_user"): Keys 'standard_user' sent to object: 'Object Repository/Page_Swag Labs/input_Swag Labs_user-name'

2023-05-11 21:50:23 - [MESSAGE][PASSED] - Keys 'standard_user' sent to object: 'Object Repository/Page_Swag Labs/input_Swag Labs_user-name'

2023-05-11 21:50:23 - [TEST_STEP][PASSED] - click(findTestObject("Object Repository/Page_Swag Labs/input_Swag Labs_password")): Object: 'Object Repository/Page_Swag Labs/input_Swag Labs_password' is clicked on

2023-05-11 21:50:24 - [MESSAGE][PASSED] - Object: 'Object Repository/Page_Swag Labs/input_Swag Labs_password' is clicked on

2023-05-11 21:50:24 - [TEST_STEP][PASSED] - sendKeys(findTestObject("Object Repository/Page_Swag Labs/input_Swag Labs_password"), "secret_sauce"): Keys 'secret_sauce' sent to object: 'Object Repository/Page_Swag Labs/input_Swag Labs_password'

2023-05-11 21:50:24 - [MESSAGE][PASSED] - Keys 'secret_sauce' sent to object: 'Object Repository/Page_Swag Labs/input_Swag Labs_password'

2023-05-11 21:50:24 - [TEST_STEP][PASSED] - click(findTestObject("Object Repository/Page_Swag Labs/input_Swag Labs_login-button")): Object: 'Object Repository/Page_Swag Labs/input_Swag Labs_login-button' is clicked on

2023-05-11 21:50:24 - [MESSAGE][PASSED] - Object: 'Object Repository/Page_Swag Labs/input_Swag Labs_login-button' is clicked on

2023-05-11 21:50:24 - [TEST_STEP][PASSED] - click(findTestObject("Object Repository/inventoryPage/Backpack")): Object: 'Object Repository/inventoryPage/Backpack' is clicked on

2023-05-11 21:50:25 - [MESSAGE][PASSED] - Object: 'Object Repository/inventoryPage/Backpack' is clicked on

2023-05-11 21:50:25 - [TEST_STEP][PASSED] - click(findTestObject("Object Repository/inventoryPage/button_Add to cart")): Object: 'Object Repository/inventoryPage/button_Add to cart' is clicked on

2023-05-11 21:50:25 - [MESSAGE][PASSED] - Object: 'Object Repository/inventoryPage/button_Add to cart' is clicked on

2023-05-11 21:50:25 - [TEST_STEP][PASSED] - click(findTestObject("Object Repository/inventoryPage/products_back-image")): Object: 'Object Repository/inventoryPage/products_back-image' is clicked on

2023-05-11 21:50:26 - [MESSAGE][PASSED] - Object: 'Object Repository/inventoryPage/products_back-image' is clicked on

2023-05-11 21:50:26 - [TEST_STEP][PASSED] - click(findTestObject("Object Repository/inventoryPage/cart")): Object: 'Object Repository/inventoryPage/cart' is clicked on

2023-05-11 21:50:27 - [MESSAGE][PASSED] - Object: 'Object Repository/inventoryPage/cart' is clicked on

2023-05-11 21:50:27 - [TEST_STEP][PASSED] - click(findTestObject("Object Repository/CheckoutPage/button_Checkout")): Object: 'Object Repository/CheckoutPage/button_Checkout' is clicked on

2023-05-11 21:50:27 - [MESSAGE][PASSED] - Object: 'Object Repository/CheckoutPage/button_Checkout' is clicked on

2023-05-11 21:50:27 - [TEST_STEP][PASSED] - sendKeys(findTestObject("Object Repository/checkout-step-one/input_Checkout Your Information_firstName"), "demo"): Keys 'demo' sent to object: 'Object Repository/checkout-step-one/input_Checkout Your Information_firstName'

2023-05-11 21:50:28 - [MESSAGE][PASSED] - Keys 'demo' sent to object: 'Object Repository/checkout-step-one/input_Checkout Your Information_firstName'

2023-05-11 21:50:28 - [TEST_STEP][PASSED] - sendKeys(findTestObject("Object Repository/checkout-step-one/input_Checkout Your Information_lastName"), "qa test"): Keys 'qa test' sent to object: 'Object Repository/checkout-step-one/input_Checkout Your Information_lastName'

2023-05-11 21:50:28 - [MESSAGE][PASSED] - Keys 'qa test' sent to object: 'Object Repository/checkout-step-one/input_Checkout Your Information_lastName'

2023-05-11 21:50:28 - [TEST_STEP][PASSED] - sendKeys(findTestObject("Object Repository/checkout-step-one/input_Checkout Your Information_postalCode"), "9000"): Keys '9000' sent to object: 'Object Repository/checkout-step-one/input_Checkout Your Information_postalCode'

2023-05-11 21:50:29 - [MESSAGE][PASSED] - Keys '9000' sent to object: 'Object Repository/checkout-step-one/input_Checkout Your Information_postalCode'

2023-05-11 21:50:29 - [TEST_STEP][PASSED] - click(findTestObject("Object Repository/checkout-step-one/input_continue")): Object: 'Object Repository/checkout-step-one/input_continue' is clicked on

2023-05-11 21:50:29 - [MESSAGE][PASSED] - Object: 'Object Repository/checkout-step-one/input_continue' is clicked on

2023-05-11 21:50:29 - [TEST_STEP][PASSED] - click(findTestObject("Object Repository/finish checkout/button_Finish")): Object: 'Object Repository/finish checkout/button_Finish' is clicked on

2023-05-11 21:50:30 - [MESSAGE][PASSED] - Object: 'Object Repository/finish checkout/button_Finish' is clicked on

2023-05-11 21:50:30 - [TEST_STEP][PASSED] - verifyElementVisible(findTestObject("Object Repository/order-success/h2_Thank you for your order")): Object 'Object Repository/order-success/h2_Thank you for your order' is visible

2023-05-11 21:50:30 - [MESSAGE][PASSED] - Object 'Object Repository/order-success/h2_Thank you for your order' is visible

2023-05-11 21:50:30 - [TEST_STEP][PASSED] - click(findTestObject("Object Repository/NavSideBar/sidebar")): Object: 'Object Repository/NavSideBar/sidebar' is clicked on

2023-05-11 21:50:30 - [MESSAGE][PASSED] - Object: 'Object Repository/NavSideBar/sidebar' is clicked on

2023-05-11 21:50:30 - [TEST_STEP][PASSED] - click(findTestObject("Object Repository/NavSideBar/a_Logout")): Object: 'Object Repository/NavSideBar/a_Logout' is clicked on

2023-05-11 21:50:31 - [MESSAGE][PASSED] - Object: 'Object Repository/NavSideBar/a_Logout' is clicked on

2023-05-11 21:50:31 - [TEST_STEP][PASSED] - verifyElementVisible(findTestObject("Object Repository/Page_Swag Labs/input_Swag Labs_user-name")): Object 'Object Repository/Page_Swag Labs/input_Swag Labs_user-name' is visible

2023-05-11 21:50:32 - [MESSAGE][PASSED] - Object 'Object Repository/Page_Swag Labs/input_Swag Labs_user-name' is visible

2023-05-11 21:50:32 - [TEST_STEP][PASSED] - closeBrowser(): Browser is closed

2023-05-11 21:50:32 - [MESSAGE][PASSED] - Browser is closed]]></system-out>
         <system-err><![CDATA[]]></system-err>
      </testcase>
      <testcase name="Test Cases/test-flow-1-buy-1-product" time="11.905" classname="Test Cases/test-flow-1-buy-1-product" status="PASSED">
         <system-out><![CDATA[2023-05-11 21:50:32 - [TEST_CASE][PASSED] - Test Cases/test-flow-1-buy-1-product: Test Cases/test-flow-1-buy-1-product

2023-05-11 21:50:32 - [TEST_STEP][PASSED] - openBrowser("https://www.saucedemo.com/"): Browser is opened with url: 'https://www.saucedemo.com/'

2023-05-11 21:50:32 - [MESSAGE][INFO] - Starting 'Chrome' driver

2023-05-11 21:50:32 - [MESSAGE][INFO] - Action delay is set to 0 milliseconds

2023-05-11 21:50:35 - [MESSAGE][PASSED] - Browser is opened with url: 'https://www.saucedemo.com/'

2023-05-11 21:50:35 - [TEST_STEP][PASSED] - click(findTestObject("Object Repository/Page_Swag Labs/input_Swag Labs_user-name")): Object: 'Object Repository/Page_Swag Labs/input_Swag Labs_user-name' is clicked on

2023-05-11 21:50:35 - [MESSAGE][PASSED] - Object: 'Object Repository/Page_Swag Labs/input_Swag Labs_user-name' is clicked on

2023-05-11 21:50:35 - [TEST_STEP][PASSED] - sendKeys(findTestObject("Object Repository/Page_Swag Labs/input_Swag Labs_user-name"), "standard_user"): Keys 'standard_user' sent to object: 'Object Repository/Page_Swag Labs/input_Swag Labs_user-name'

2023-05-11 21:50:35 - [MESSAGE][PASSED] - Keys 'standard_user' sent to object: 'Object Repository/Page_Swag Labs/input_Swag Labs_user-name'

2023-05-11 21:50:35 - [TEST_STEP][PASSED] - click(findTestObject("Object Repository/Page_Swag Labs/input_Swag Labs_password")): Object: 'Object Repository/Page_Swag Labs/input_Swag Labs_password' is clicked on

2023-05-11 21:50:36 - [MESSAGE][PASSED] - Object: 'Object Repository/Page_Swag Labs/input_Swag Labs_password' is clicked on

2023-05-11 21:50:36 - [TEST_STEP][PASSED] - sendKeys(findTestObject("Object Repository/Page_Swag Labs/input_Swag Labs_password"), "secret_sauce"): Keys 'secret_sauce' sent to object: 'Object Repository/Page_Swag Labs/input_Swag Labs_password'

2023-05-11 21:50:36 - [MESSAGE][PASSED] - Keys 'secret_sauce' sent to object: 'Object Repository/Page_Swag Labs/input_Swag Labs_password'

2023-05-11 21:50:36 - [TEST_STEP][PASSED] - click(findTestObject("Object Repository/Page_Swag Labs/input_Swag Labs_login-button")): Object: 'Object Repository/Page_Swag Labs/input_Swag Labs_login-button' is clicked on

2023-05-11 21:50:37 - [MESSAGE][PASSED] - Object: 'Object Repository/Page_Swag Labs/input_Swag Labs_login-button' is clicked on

2023-05-11 21:50:37 - [TEST_STEP][PASSED] - click(findTestObject("Object Repository/inventoryPage/Backpack")): Object: 'Object Repository/inventoryPage/Backpack' is clicked on

2023-05-11 21:50:37 - [MESSAGE][PASSED] - Object: 'Object Repository/inventoryPage/Backpack' is clicked on

2023-05-11 21:50:37 - [TEST_STEP][PASSED] - click(findTestObject("Object Repository/inventoryPage/button_Add to cart")): Object: 'Object Repository/inventoryPage/button_Add to cart' is clicked on

2023-05-11 21:50:38 - [MESSAGE][PASSED] - Object: 'Object Repository/inventoryPage/button_Add to cart' is clicked on

2023-05-11 21:50:38 - [TEST_STEP][PASSED] - click(findTestObject("Object Repository/inventoryPage/products_back-image")): Object: 'Object Repository/inventoryPage/products_back-image' is clicked on

2023-05-11 21:50:38 - [MESSAGE][PASSED] - Object: 'Object Repository/inventoryPage/products_back-image' is clicked on

2023-05-11 21:50:38 - [TEST_STEP][PASSED] - click(findTestObject("Object Repository/inventoryPage/cart")): Object: 'Object Repository/inventoryPage/cart' is clicked on

2023-05-11 21:50:38 - [MESSAGE][PASSED] - Object: 'Object Repository/inventoryPage/cart' is clicked on

2023-05-11 21:50:38 - [TEST_STEP][PASSED] - click(findTestObject("Object Repository/CheckoutPage/button_Checkout")): Object: 'Object Repository/CheckoutPage/button_Checkout' is clicked on

2023-05-11 21:50:39 - [MESSAGE][PASSED] - Object: 'Object Repository/CheckoutPage/button_Checkout' is clicked on

2023-05-11 21:50:39 - [TEST_STEP][PASSED] - sendKeys(findTestObject("Object Repository/checkout-step-one/input_Checkout Your Information_firstName"), "demo"): Keys 'demo' sent to object: 'Object Repository/checkout-step-one/input_Checkout Your Information_firstName'

2023-05-11 21:50:39 - [MESSAGE][PASSED] - Keys 'demo' sent to object: 'Object Repository/checkout-step-one/input_Checkout Your Information_firstName'

2023-05-11 21:50:39 - [TEST_STEP][PASSED] - sendKeys(findTestObject("Object Repository/checkout-step-one/input_Checkout Your Information_lastName"), "qa test"): Keys 'qa test' sent to object: 'Object Repository/checkout-step-one/input_Checkout Your Information_lastName'

2023-05-11 21:50:40 - [MESSAGE][PASSED] - Keys 'qa test' sent to object: 'Object Repository/checkout-step-one/input_Checkout Your Information_lastName'

2023-05-11 21:50:40 - [TEST_STEP][PASSED] - sendKeys(findTestObject("Object Repository/checkout-step-one/input_Checkout Your Information_postalCode"), "9000"): Keys '9000' sent to object: 'Object Repository/checkout-step-one/input_Checkout Your Information_postalCode'

2023-05-11 21:50:40 - [MESSAGE][PASSED] - Keys '9000' sent to object: 'Object Repository/checkout-step-one/input_Checkout Your Information_postalCode'

2023-05-11 21:50:40 - [TEST_STEP][PASSED] - click(findTestObject("Object Repository/checkout-step-one/input_continue")): Object: 'Object Repository/checkout-step-one/input_continue' is clicked on

2023-05-11 21:50:41 - [MESSAGE][PASSED] - Object: 'Object Repository/checkout-step-one/input_continue' is clicked on

2023-05-11 21:50:41 - [TEST_STEP][PASSED] - click(findTestObject("Object Repository/finish checkout/button_Finish")): Object: 'Object Repository/finish checkout/button_Finish' is clicked on

2023-05-11 21:50:42 - [MESSAGE][PASSED] - Object: 'Object Repository/finish checkout/button_Finish' is clicked on

2023-05-11 21:50:42 - [TEST_STEP][PASSED] - verifyElementVisible(findTestObject("Object Repository/order-success/h2_Thank you for your order")): Object 'Object Repository/order-success/h2_Thank you for your order' is visible

2023-05-11 21:50:42 - [MESSAGE][PASSED] - Object 'Object Repository/order-success/h2_Thank you for your order' is visible

2023-05-11 21:50:42 - [TEST_STEP][PASSED] - click(findTestObject("Object Repository/NavSideBar/sidebar")): Object: 'Object Repository/NavSideBar/sidebar' is clicked on

2023-05-11 21:50:42 - [MESSAGE][PASSED] - Object: 'Object Repository/NavSideBar/sidebar' is clicked on

2023-05-11 21:50:42 - [TEST_STEP][PASSED] - click(findTestObject("Object Repository/NavSideBar/a_Logout")): Object: 'Object Repository/NavSideBar/a_Logout' is clicked on

2023-05-11 21:50:43 - [MESSAGE][PASSED] - Object: 'Object Repository/NavSideBar/a_Logout' is clicked on

2023-05-11 21:50:43 - [TEST_STEP][PASSED] - verifyElementVisible(findTestObject("Object Repository/Page_Swag Labs/input_Swag Labs_user-name")): Object 'Object Repository/Page_Swag Labs/input_Swag Labs_user-name' is visible

2023-05-11 21:50:44 - [MESSAGE][PASSED] - Object 'Object Repository/Page_Swag Labs/input_Swag Labs_user-name' is visible

2023-05-11 21:50:44 - [TEST_STEP][PASSED] - closeBrowser(): Browser is closed

2023-05-11 21:50:44 - [MESSAGE][PASSED] - Browser is closed]]></system-out>
         <system-err><![CDATA[]]></system-err>
      </testcase>
      <testcase name="Test Cases/test-flow-1-buy-1-product" time="12.308" classname="Test Cases/test-flow-1-buy-1-product" status="PASSED">
         <system-out><![CDATA[2023-05-11 21:50:44 - [TEST_CASE][PASSED] - Test Cases/test-flow-1-buy-1-product: Test Cases/test-flow-1-buy-1-product

2023-05-11 21:50:44 - [TEST_STEP][PASSED] - openBrowser("https://www.saucedemo.com/"): Browser is opened with url: 'https://www.saucedemo.com/'

2023-05-11 21:50:44 - [MESSAGE][INFO] - Starting 'Chrome' driver

2023-05-11 21:50:44 - [MESSAGE][INFO] - Action delay is set to 0 milliseconds

2023-05-11 21:50:47 - [MESSAGE][PASSED] - Browser is opened with url: 'https://www.saucedemo.com/'

2023-05-11 21:50:47 - [TEST_STEP][PASSED] - click(findTestObject("Object Repository/Page_Swag Labs/input_Swag Labs_user-name")): Object: 'Object Repository/Page_Swag Labs/input_Swag Labs_user-name' is clicked on

2023-05-11 21:50:47 - [MESSAGE][PASSED] - Object: 'Object Repository/Page_Swag Labs/input_Swag Labs_user-name' is clicked on

2023-05-11 21:50:47 - [TEST_STEP][PASSED] - sendKeys(findTestObject("Object Repository/Page_Swag Labs/input_Swag Labs_user-name"), "standard_user"): Keys 'standard_user' sent to object: 'Object Repository/Page_Swag Labs/input_Swag Labs_user-name'

2023-05-11 21:50:47 - [MESSAGE][PASSED] - Keys 'standard_user' sent to object: 'Object Repository/Page_Swag Labs/input_Swag Labs_user-name'

2023-05-11 21:50:47 - [TEST_STEP][PASSED] - click(findTestObject("Object Repository/Page_Swag Labs/input_Swag Labs_password")): Object: 'Object Repository/Page_Swag Labs/input_Swag Labs_password' is clicked on

2023-05-11 21:50:48 - [MESSAGE][PASSED] - Object: 'Object Repository/Page_Swag Labs/input_Swag Labs_password' is clicked on

2023-05-11 21:50:48 - [TEST_STEP][PASSED] - sendKeys(findTestObject("Object Repository/Page_Swag Labs/input_Swag Labs_password"), "secret_sauce"): Keys 'secret_sauce' sent to object: 'Object Repository/Page_Swag Labs/input_Swag Labs_password'

2023-05-11 21:50:48 - [MESSAGE][PASSED] - Keys 'secret_sauce' sent to object: 'Object Repository/Page_Swag Labs/input_Swag Labs_password'

2023-05-11 21:50:48 - [TEST_STEP][PASSED] - click(findTestObject("Object Repository/Page_Swag Labs/input_Swag Labs_login-button")): Object: 'Object Repository/Page_Swag Labs/input_Swag Labs_login-button' is clicked on

2023-05-11 21:50:48 - [MESSAGE][PASSED] - Object: 'Object Repository/Page_Swag Labs/input_Swag Labs_login-button' is clicked on

2023-05-11 21:50:48 - [TEST_STEP][PASSED] - click(findTestObject("Object Repository/inventoryPage/Backpack")): Object: 'Object Repository/inventoryPage/Backpack' is clicked on

2023-05-11 21:50:49 - [MESSAGE][PASSED] - Object: 'Object Repository/inventoryPage/Backpack' is clicked on

2023-05-11 21:50:49 - [TEST_STEP][PASSED] - click(findTestObject("Object Repository/inventoryPage/button_Add to cart")): Object: 'Object Repository/inventoryPage/button_Add to cart' is clicked on

2023-05-11 21:50:49 - [MESSAGE][PASSED] - Object: 'Object Repository/inventoryPage/button_Add to cart' is clicked on

2023-05-11 21:50:49 - [TEST_STEP][PASSED] - click(findTestObject("Object Repository/inventoryPage/products_back-image")): Object: 'Object Repository/inventoryPage/products_back-image' is clicked on

2023-05-11 21:50:50 - [MESSAGE][PASSED] - Object: 'Object Repository/inventoryPage/products_back-image' is clicked on

2023-05-11 21:50:50 - [TEST_STEP][PASSED] - click(findTestObject("Object Repository/inventoryPage/cart")): Object: 'Object Repository/inventoryPage/cart' is clicked on

2023-05-11 21:50:50 - [MESSAGE][PASSED] - Object: 'Object Repository/inventoryPage/cart' is clicked on

2023-05-11 21:50:50 - [TEST_STEP][PASSED] - click(findTestObject("Object Repository/CheckoutPage/button_Checkout")): Object: 'Object Repository/CheckoutPage/button_Checkout' is clicked on

2023-05-11 21:50:51 - [MESSAGE][PASSED] - Object: 'Object Repository/CheckoutPage/button_Checkout' is clicked on

2023-05-11 21:50:51 - [TEST_STEP][PASSED] - sendKeys(findTestObject("Object Repository/checkout-step-one/input_Checkout Your Information_firstName"), "demo"): Keys 'demo' sent to object: 'Object Repository/checkout-step-one/input_Checkout Your Information_firstName'

2023-05-11 21:50:52 - [MESSAGE][PASSED] - Keys 'demo' sent to object: 'Object Repository/checkout-step-one/input_Checkout Your Information_firstName'

2023-05-11 21:50:52 - [TEST_STEP][PASSED] - sendKeys(findTestObject("Object Repository/checkout-step-one/input_Checkout Your Information_lastName"), "qa test"): Keys 'qa test' sent to object: 'Object Repository/checkout-step-one/input_Checkout Your Information_lastName'

2023-05-11 21:50:52 - [MESSAGE][PASSED] - Keys 'qa test' sent to object: 'Object Repository/checkout-step-one/input_Checkout Your Information_lastName'

2023-05-11 21:50:52 - [TEST_STEP][PASSED] - sendKeys(findTestObject("Object Repository/checkout-step-one/input_Checkout Your Information_postalCode"), "9000"): Keys '9000' sent to object: 'Object Repository/checkout-step-one/input_Checkout Your Information_postalCode'

2023-05-11 21:50:53 - [MESSAGE][PASSED] - Keys '9000' sent to object: 'Object Repository/checkout-step-one/input_Checkout Your Information_postalCode'

2023-05-11 21:50:53 - [TEST_STEP][PASSED] - click(findTestObject("Object Repository/checkout-step-one/input_continue")): Object: 'Object Repository/checkout-step-one/input_continue' is clicked on

2023-05-11 21:50:53 - [MESSAGE][PASSED] - Object: 'Object Repository/checkout-step-one/input_continue' is clicked on

2023-05-11 21:50:53 - [TEST_STEP][PASSED] - click(findTestObject("Object Repository/finish checkout/button_Finish")): Object: 'Object Repository/finish checkout/button_Finish' is clicked on

2023-05-11 21:50:54 - [MESSAGE][PASSED] - Object: 'Object Repository/finish checkout/button_Finish' is clicked on

2023-05-11 21:50:54 - [TEST_STEP][PASSED] - verifyElementVisible(findTestObject("Object Repository/order-success/h2_Thank you for your order")): Object 'Object Repository/order-success/h2_Thank you for your order' is visible

2023-05-11 21:50:54 - [MESSAGE][PASSED] - Object 'Object Repository/order-success/h2_Thank you for your order' is visible

2023-05-11 21:50:54 - [TEST_STEP][PASSED] - click(findTestObject("Object Repository/NavSideBar/sidebar")): Object: 'Object Repository/NavSideBar/sidebar' is clicked on

2023-05-11 21:50:55 - [MESSAGE][PASSED] - Object: 'Object Repository/NavSideBar/sidebar' is clicked on

2023-05-11 21:50:55 - [TEST_STEP][PASSED] - click(findTestObject("Object Repository/NavSideBar/a_Logout")): Object: 'Object Repository/NavSideBar/a_Logout' is clicked on

2023-05-11 21:50:55 - [MESSAGE][PASSED] - Object: 'Object Repository/NavSideBar/a_Logout' is clicked on

2023-05-11 21:50:55 - [TEST_STEP][PASSED] - verifyElementVisible(findTestObject("Object Repository/Page_Swag Labs/input_Swag Labs_user-name")): Object 'Object Repository/Page_Swag Labs/input_Swag Labs_user-name' is visible

2023-05-11 21:50:56 - [MESSAGE][PASSED] - Object 'Object Repository/Page_Swag Labs/input_Swag Labs_user-name' is visible

2023-05-11 21:50:56 - [TEST_STEP][PASSED] - closeBrowser(): Browser is closed

2023-05-11 21:50:57 - [MESSAGE][PASSED] - Browser is closed]]></system-out>
         <system-err><![CDATA[]]></system-err>
      </testcase>
      <testcase name="Test Cases/test-flow-1-buy-1-product" time="12.725" classname="Test Cases/test-flow-1-buy-1-product" status="PASSED">
         <system-out><![CDATA[2023-05-11 21:50:57 - [TEST_CASE][PASSED] - Test Cases/test-flow-1-buy-1-product: Test Cases/test-flow-1-buy-1-product

2023-05-11 21:50:57 - [TEST_STEP][PASSED] - openBrowser("https://www.saucedemo.com/"): Browser is opened with url: 'https://www.saucedemo.com/'

2023-05-11 21:50:57 - [MESSAGE][INFO] - Starting 'Chrome' driver

2023-05-11 21:50:57 - [MESSAGE][INFO] - Action delay is set to 0 milliseconds

2023-05-11 21:50:59 - [MESSAGE][PASSED] - Browser is opened with url: 'https://www.saucedemo.com/'

2023-05-11 21:50:59 - [TEST_STEP][PASSED] - click(findTestObject("Object Repository/Page_Swag Labs/input_Swag Labs_user-name")): Object: 'Object Repository/Page_Swag Labs/input_Swag Labs_user-name' is clicked on

2023-05-11 21:50:59 - [MESSAGE][PASSED] - Object: 'Object Repository/Page_Swag Labs/input_Swag Labs_user-name' is clicked on

2023-05-11 21:50:59 - [TEST_STEP][PASSED] - sendKeys(findTestObject("Object Repository/Page_Swag Labs/input_Swag Labs_user-name"), "standard_user"): Keys 'standard_user' sent to object: 'Object Repository/Page_Swag Labs/input_Swag Labs_user-name'

2023-05-11 21:51:00 - [MESSAGE][PASSED] - Keys 'standard_user' sent to object: 'Object Repository/Page_Swag Labs/input_Swag Labs_user-name'

2023-05-11 21:51:00 - [TEST_STEP][PASSED] - click(findTestObject("Object Repository/Page_Swag Labs/input_Swag Labs_password")): Object: 'Object Repository/Page_Swag Labs/input_Swag Labs_password' is clicked on

2023-05-11 21:51:00 - [MESSAGE][PASSED] - Object: 'Object Repository/Page_Swag Labs/input_Swag Labs_password' is clicked on

2023-05-11 21:51:00 - [TEST_STEP][PASSED] - sendKeys(findTestObject("Object Repository/Page_Swag Labs/input_Swag Labs_password"), "secret_sauce"): Keys 'secret_sauce' sent to object: 'Object Repository/Page_Swag Labs/input_Swag Labs_password'

2023-05-11 21:51:00 - [MESSAGE][PASSED] - Keys 'secret_sauce' sent to object: 'Object Repository/Page_Swag Labs/input_Swag Labs_password'

2023-05-11 21:51:00 - [TEST_STEP][PASSED] - click(findTestObject("Object Repository/Page_Swag Labs/input_Swag Labs_login-button")): Object: 'Object Repository/Page_Swag Labs/input_Swag Labs_login-button' is clicked on

2023-05-11 21:51:01 - [MESSAGE][PASSED] - Object: 'Object Repository/Page_Swag Labs/input_Swag Labs_login-button' is clicked on

2023-05-11 21:51:01 - [TEST_STEP][PASSED] - click(findTestObject("Object Repository/inventoryPage/Backpack")): Object: 'Object Repository/inventoryPage/Backpack' is clicked on

2023-05-11 21:51:01 - [MESSAGE][PASSED] - Object: 'Object Repository/inventoryPage/Backpack' is clicked on

2023-05-11 21:51:01 - [TEST_STEP][PASSED] - click(findTestObject("Object Repository/inventoryPage/button_Add to cart")): Object: 'Object Repository/inventoryPage/button_Add to cart' is clicked on

2023-05-11 21:51:02 - [MESSAGE][PASSED] - Object: 'Object Repository/inventoryPage/button_Add to cart' is clicked on

2023-05-11 21:51:02 - [TEST_STEP][PASSED] - click(findTestObject("Object Repository/inventoryPage/products_back-image")): Object: 'Object Repository/inventoryPage/products_back-image' is clicked on

2023-05-11 21:51:02 - [MESSAGE][PASSED] - Object: 'Object Repository/inventoryPage/products_back-image' is clicked on

2023-05-11 21:51:02 - [TEST_STEP][PASSED] - click(findTestObject("Object Repository/inventoryPage/cart")): Object: 'Object Repository/inventoryPage/cart' is clicked on

2023-05-11 21:51:03 - [MESSAGE][PASSED] - Object: 'Object Repository/inventoryPage/cart' is clicked on

2023-05-11 21:51:03 - [TEST_STEP][PASSED] - click(findTestObject("Object Repository/CheckoutPage/button_Checkout")): Object: 'Object Repository/CheckoutPage/button_Checkout' is clicked on

2023-05-11 21:51:03 - [MESSAGE][PASSED] - Object: 'Object Repository/CheckoutPage/button_Checkout' is clicked on

2023-05-11 21:51:03 - [TEST_STEP][PASSED] - sendKeys(findTestObject("Object Repository/checkout-step-one/input_Checkout Your Information_firstName"), "demo"): Keys 'demo' sent to object: 'Object Repository/checkout-step-one/input_Checkout Your Information_firstName'

2023-05-11 21:51:04 - [MESSAGE][PASSED] - Keys 'demo' sent to object: 'Object Repository/checkout-step-one/input_Checkout Your Information_firstName'

2023-05-11 21:51:04 - [TEST_STEP][PASSED] - sendKeys(findTestObject("Object Repository/checkout-step-one/input_Checkout Your Information_lastName"), "qa test"): Keys 'qa test' sent to object: 'Object Repository/checkout-step-one/input_Checkout Your Information_lastName'

2023-05-11 21:51:04 - [MESSAGE][PASSED] - Keys 'qa test' sent to object: 'Object Repository/checkout-step-one/input_Checkout Your Information_lastName'

2023-05-11 21:51:04 - [TEST_STEP][PASSED] - sendKeys(findTestObject("Object Repository/checkout-step-one/input_Checkout Your Information_postalCode"), "9000"): Keys '9000' sent to object: 'Object Repository/checkout-step-one/input_Checkout Your Information_postalCode'

2023-05-11 21:51:05 - [MESSAGE][PASSED] - Keys '9000' sent to object: 'Object Repository/checkout-step-one/input_Checkout Your Information_postalCode'

2023-05-11 21:51:05 - [TEST_STEP][PASSED] - click(findTestObject("Object Repository/checkout-step-one/input_continue")): Object: 'Object Repository/checkout-step-one/input_continue' is clicked on

2023-05-11 21:51:06 - [MESSAGE][PASSED] - Object: 'Object Repository/checkout-step-one/input_continue' is clicked on

2023-05-11 21:51:06 - [TEST_STEP][PASSED] - click(findTestObject("Object Repository/finish checkout/button_Finish")): Object: 'Object Repository/finish checkout/button_Finish' is clicked on

2023-05-11 21:51:06 - [MESSAGE][PASSED] - Object: 'Object Repository/finish checkout/button_Finish' is clicked on

2023-05-11 21:51:06 - [TEST_STEP][PASSED] - verifyElementVisible(findTestObject("Object Repository/order-success/h2_Thank you for your order")): Object 'Object Repository/order-success/h2_Thank you for your order' is visible

2023-05-11 21:51:07 - [MESSAGE][PASSED] - Object 'Object Repository/order-success/h2_Thank you for your order' is visible

2023-05-11 21:51:07 - [TEST_STEP][PASSED] - click(findTestObject("Object Repository/NavSideBar/sidebar")): Object: 'Object Repository/NavSideBar/sidebar' is clicked on

2023-05-11 21:51:07 - [MESSAGE][PASSED] - Object: 'Object Repository/NavSideBar/sidebar' is clicked on

2023-05-11 21:51:07 - [TEST_STEP][PASSED] - click(findTestObject("Object Repository/NavSideBar/a_Logout")): Object: 'Object Repository/NavSideBar/a_Logout' is clicked on

2023-05-11 21:51:07 - [MESSAGE][PASSED] - Object: 'Object Repository/NavSideBar/a_Logout' is clicked on

2023-05-11 21:51:07 - [TEST_STEP][PASSED] - verifyElementVisible(findTestObject("Object Repository/Page_Swag Labs/input_Swag Labs_user-name")): Object 'Object Repository/Page_Swag Labs/input_Swag Labs_user-name' is visible

2023-05-11 21:51:08 - [MESSAGE][PASSED] - Object 'Object Repository/Page_Swag Labs/input_Swag Labs_user-name' is visible

2023-05-11 21:51:08 - [TEST_STEP][PASSED] - closeBrowser(): Browser is closed

2023-05-11 21:51:09 - [MESSAGE][PASSED] - Browser is closed]]></system-out>
         <system-err><![CDATA[]]></system-err>
      </testcase>
      <testcase name="Test Cases/test-flow-1-buy-1-product" time="12.873" classname="Test Cases/test-flow-1-buy-1-product" status="PASSED">
         <system-out><![CDATA[2023-05-11 21:51:09 - [TEST_CASE][PASSED] - Test Cases/test-flow-1-buy-1-product: Test Cases/test-flow-1-buy-1-product

2023-05-11 21:51:09 - [TEST_STEP][PASSED] - openBrowser("https://www.saucedemo.com/"): Browser is opened with url: 'https://www.saucedemo.com/'

2023-05-11 21:51:09 - [MESSAGE][INFO] - Starting 'Chrome' driver

2023-05-11 21:51:09 - [MESSAGE][INFO] - Action delay is set to 0 milliseconds

2023-05-11 21:51:12 - [MESSAGE][PASSED] - Browser is opened with url: 'https://www.saucedemo.com/'

2023-05-11 21:51:12 - [TEST_STEP][PASSED] - click(findTestObject("Object Repository/Page_Swag Labs/input_Swag Labs_user-name")): Object: 'Object Repository/Page_Swag Labs/input_Swag Labs_user-name' is clicked on

2023-05-11 21:51:13 - [MESSAGE][PASSED] - Object: 'Object Repository/Page_Swag Labs/input_Swag Labs_user-name' is clicked on

2023-05-11 21:51:13 - [TEST_STEP][PASSED] - sendKeys(findTestObject("Object Repository/Page_Swag Labs/input_Swag Labs_user-name"), "standard_user"): Keys 'standard_user' sent to object: 'Object Repository/Page_Swag Labs/input_Swag Labs_user-name'

2023-05-11 21:51:13 - [MESSAGE][PASSED] - Keys 'standard_user' sent to object: 'Object Repository/Page_Swag Labs/input_Swag Labs_user-name'

2023-05-11 21:51:13 - [TEST_STEP][PASSED] - click(findTestObject("Object Repository/Page_Swag Labs/input_Swag Labs_password")): Object: 'Object Repository/Page_Swag Labs/input_Swag Labs_password' is clicked on

2023-05-11 21:51:13 - [MESSAGE][PASSED] - Object: 'Object Repository/Page_Swag Labs/input_Swag Labs_password' is clicked on

2023-05-11 21:51:13 - [TEST_STEP][PASSED] - sendKeys(findTestObject("Object Repository/Page_Swag Labs/input_Swag Labs_password"), "secret_sauce"): Keys 'secret_sauce' sent to object: 'Object Repository/Page_Swag Labs/input_Swag Labs_password'

2023-05-11 21:51:14 - [MESSAGE][PASSED] - Keys 'secret_sauce' sent to object: 'Object Repository/Page_Swag Labs/input_Swag Labs_password'

2023-05-11 21:51:14 - [TEST_STEP][PASSED] - click(findTestObject("Object Repository/Page_Swag Labs/input_Swag Labs_login-button")): Object: 'Object Repository/Page_Swag Labs/input_Swag Labs_login-button' is clicked on

2023-05-11 21:51:14 - [MESSAGE][PASSED] - Object: 'Object Repository/Page_Swag Labs/input_Swag Labs_login-button' is clicked on

2023-05-11 21:51:14 - [TEST_STEP][PASSED] - click(findTestObject("Object Repository/inventoryPage/Backpack")): Object: 'Object Repository/inventoryPage/Backpack' is clicked on

2023-05-11 21:51:15 - [MESSAGE][PASSED] - Object: 'Object Repository/inventoryPage/Backpack' is clicked on

2023-05-11 21:51:15 - [TEST_STEP][PASSED] - click(findTestObject("Object Repository/inventoryPage/button_Add to cart")): Object: 'Object Repository/inventoryPage/button_Add to cart' is clicked on

2023-05-11 21:51:15 - [MESSAGE][PASSED] - Object: 'Object Repository/inventoryPage/button_Add to cart' is clicked on

2023-05-11 21:51:15 - [TEST_STEP][PASSED] - click(findTestObject("Object Repository/inventoryPage/products_back-image")): Object: 'Object Repository/inventoryPage/products_back-image' is clicked on

2023-05-11 21:51:16 - [MESSAGE][PASSED] - Object: 'Object Repository/inventoryPage/products_back-image' is clicked on

2023-05-11 21:51:16 - [TEST_STEP][PASSED] - click(findTestObject("Object Repository/inventoryPage/cart")): Object: 'Object Repository/inventoryPage/cart' is clicked on

2023-05-11 21:51:16 - [MESSAGE][PASSED] - Object: 'Object Repository/inventoryPage/cart' is clicked on

2023-05-11 21:51:16 - [TEST_STEP][PASSED] - click(findTestObject("Object Repository/CheckoutPage/button_Checkout")): Object: 'Object Repository/CheckoutPage/button_Checkout' is clicked on

2023-05-11 21:51:17 - [MESSAGE][PASSED] - Object: 'Object Repository/CheckoutPage/button_Checkout' is clicked on

2023-05-11 21:51:17 - [TEST_STEP][PASSED] - sendKeys(findTestObject("Object Repository/checkout-step-one/input_Checkout Your Information_firstName"), "demo"): Keys 'demo' sent to object: 'Object Repository/checkout-step-one/input_Checkout Your Information_firstName'

2023-05-11 21:51:17 - [MESSAGE][PASSED] - Keys 'demo' sent to object: 'Object Repository/checkout-step-one/input_Checkout Your Information_firstName'

2023-05-11 21:51:17 - [TEST_STEP][PASSED] - sendKeys(findTestObject("Object Repository/checkout-step-one/input_Checkout Your Information_lastName"), "qa test"): Keys 'qa test' sent to object: 'Object Repository/checkout-step-one/input_Checkout Your Information_lastName'

2023-05-11 21:51:18 - [MESSAGE][PASSED] - Keys 'qa test' sent to object: 'Object Repository/checkout-step-one/input_Checkout Your Information_lastName'

2023-05-11 21:51:18 - [TEST_STEP][PASSED] - sendKeys(findTestObject("Object Repository/checkout-step-one/input_Checkout Your Information_postalCode"), "9000"): Keys '9000' sent to object: 'Object Repository/checkout-step-one/input_Checkout Your Information_postalCode'

2023-05-11 21:51:18 - [MESSAGE][PASSED] - Keys '9000' sent to object: 'Object Repository/checkout-step-one/input_Checkout Your Information_postalCode'

2023-05-11 21:51:18 - [TEST_STEP][PASSED] - click(findTestObject("Object Repository/checkout-step-one/input_continue")): Object: 'Object Repository/checkout-step-one/input_continue' is clicked on

2023-05-11 21:51:19 - [MESSAGE][PASSED] - Object: 'Object Repository/checkout-step-one/input_continue' is clicked on

2023-05-11 21:51:19 - [TEST_STEP][PASSED] - click(findTestObject("Object Repository/finish checkout/button_Finish")): Object: 'Object Repository/finish checkout/button_Finish' is clicked on

2023-05-11 21:51:19 - [MESSAGE][PASSED] - Object: 'Object Repository/finish checkout/button_Finish' is clicked on

2023-05-11 21:51:19 - [TEST_STEP][PASSED] - verifyElementVisible(findTestObject("Object Repository/order-success/h2_Thank you for your order")): Object 'Object Repository/order-success/h2_Thank you for your order' is visible

2023-05-11 21:51:20 - [MESSAGE][PASSED] - Object 'Object Repository/order-success/h2_Thank you for your order' is visible

2023-05-11 21:51:20 - [TEST_STEP][PASSED] - click(findTestObject("Object Repository/NavSideBar/sidebar")): Object: 'Object Repository/NavSideBar/sidebar' is clicked on

2023-05-11 21:51:20 - [MESSAGE][PASSED] - Object: 'Object Repository/NavSideBar/sidebar' is clicked on

2023-05-11 21:51:20 - [TEST_STEP][PASSED] - click(findTestObject("Object Repository/NavSideBar/a_Logout")): Object: 'Object Repository/NavSideBar/a_Logout' is clicked on

2023-05-11 21:51:21 - [MESSAGE][PASSED] - Object: 'Object Repository/NavSideBar/a_Logout' is clicked on

2023-05-11 21:51:21 - [TEST_STEP][PASSED] - verifyElementVisible(findTestObject("Object Repository/Page_Swag Labs/input_Swag Labs_user-name")): Object 'Object Repository/Page_Swag Labs/input_Swag Labs_user-name' is visible

2023-05-11 21:51:21 - [MESSAGE][PASSED] - Object 'Object Repository/Page_Swag Labs/input_Swag Labs_user-name' is visible

2023-05-11 21:51:21 - [TEST_STEP][PASSED] - closeBrowser(): Browser is closed

2023-05-11 21:51:22 - [MESSAGE][PASSED] - Browser is closed]]></system-out>
         <system-err><![CDATA[]]></system-err>
      </testcase>
      <testcase name="Test Cases/test-flow-1-buy-1-product" time="12.303" classname="Test Cases/test-flow-1-buy-1-product" status="PASSED">
         <system-out><![CDATA[2023-05-11 21:51:22 - [TEST_CASE][PASSED] - Test Cases/test-flow-1-buy-1-product: Test Cases/test-flow-1-buy-1-product

2023-05-11 21:51:22 - [TEST_STEP][PASSED] - openBrowser("https://www.saucedemo.com/"): Browser is opened with url: 'https://www.saucedemo.com/'

2023-05-11 21:51:22 - [MESSAGE][INFO] - Starting 'Chrome' driver

2023-05-11 21:51:22 - [MESSAGE][INFO] - Action delay is set to 0 milliseconds

2023-05-11 21:51:25 - [MESSAGE][PASSED] - Browser is opened with url: 'https://www.saucedemo.com/'

2023-05-11 21:51:25 - [TEST_STEP][PASSED] - click(findTestObject("Object Repository/Page_Swag Labs/input_Swag Labs_user-name")): Object: 'Object Repository/Page_Swag Labs/input_Swag Labs_user-name' is clicked on

2023-05-11 21:51:25 - [MESSAGE][PASSED] - Object: 'Object Repository/Page_Swag Labs/input_Swag Labs_user-name' is clicked on

2023-05-11 21:51:25 - [TEST_STEP][PASSED] - sendKeys(findTestObject("Object Repository/Page_Swag Labs/input_Swag Labs_user-name"), "standard_user"): Keys 'standard_user' sent to object: 'Object Repository/Page_Swag Labs/input_Swag Labs_user-name'

2023-05-11 21:51:26 - [MESSAGE][PASSED] - Keys 'standard_user' sent to object: 'Object Repository/Page_Swag Labs/input_Swag Labs_user-name'

2023-05-11 21:51:26 - [TEST_STEP][PASSED] - click(findTestObject("Object Repository/Page_Swag Labs/input_Swag Labs_password")): Object: 'Object Repository/Page_Swag Labs/input_Swag Labs_password' is clicked on

2023-05-11 21:51:26 - [MESSAGE][PASSED] - Object: 'Object Repository/Page_Swag Labs/input_Swag Labs_password' is clicked on

2023-05-11 21:51:26 - [TEST_STEP][PASSED] - sendKeys(findTestObject("Object Repository/Page_Swag Labs/input_Swag Labs_password"), "secret_sauce"): Keys 'secret_sauce' sent to object: 'Object Repository/Page_Swag Labs/input_Swag Labs_password'

2023-05-11 21:51:26 - [MESSAGE][PASSED] - Keys 'secret_sauce' sent to object: 'Object Repository/Page_Swag Labs/input_Swag Labs_password'

2023-05-11 21:51:26 - [TEST_STEP][PASSED] - click(findTestObject("Object Repository/Page_Swag Labs/input_Swag Labs_login-button")): Object: 'Object Repository/Page_Swag Labs/input_Swag Labs_login-button' is clicked on

2023-05-11 21:51:27 - [MESSAGE][PASSED] - Object: 'Object Repository/Page_Swag Labs/input_Swag Labs_login-button' is clicked on

2023-05-11 21:51:27 - [TEST_STEP][PASSED] - click(findTestObject("Object Repository/inventoryPage/Backpack")): Object: 'Object Repository/inventoryPage/Backpack' is clicked on

2023-05-11 21:51:27 - [MESSAGE][PASSED] - Object: 'Object Repository/inventoryPage/Backpack' is clicked on

2023-05-11 21:51:27 - [TEST_STEP][PASSED] - click(findTestObject("Object Repository/inventoryPage/button_Add to cart")): Object: 'Object Repository/inventoryPage/button_Add to cart' is clicked on

2023-05-11 21:51:28 - [MESSAGE][PASSED] - Object: 'Object Repository/inventoryPage/button_Add to cart' is clicked on

2023-05-11 21:51:28 - [TEST_STEP][PASSED] - click(findTestObject("Object Repository/inventoryPage/products_back-image")): Object: 'Object Repository/inventoryPage/products_back-image' is clicked on

2023-05-11 21:51:28 - [MESSAGE][PASSED] - Object: 'Object Repository/inventoryPage/products_back-image' is clicked on

2023-05-11 21:51:28 - [TEST_STEP][PASSED] - click(findTestObject("Object Repository/inventoryPage/cart")): Object: 'Object Repository/inventoryPage/cart' is clicked on

2023-05-11 21:51:29 - [MESSAGE][PASSED] - Object: 'Object Repository/inventoryPage/cart' is clicked on

2023-05-11 21:51:29 - [TEST_STEP][PASSED] - click(findTestObject("Object Repository/CheckoutPage/button_Checkout")): Object: 'Object Repository/CheckoutPage/button_Checkout' is clicked on

2023-05-11 21:51:29 - [MESSAGE][PASSED] - Object: 'Object Repository/CheckoutPage/button_Checkout' is clicked on

2023-05-11 21:51:29 - [TEST_STEP][PASSED] - sendKeys(findTestObject("Object Repository/checkout-step-one/input_Checkout Your Information_firstName"), "demo"): Keys 'demo' sent to object: 'Object Repository/checkout-step-one/input_Checkout Your Information_firstName'

2023-05-11 21:51:30 - [MESSAGE][PASSED] - Keys 'demo' sent to object: 'Object Repository/checkout-step-one/input_Checkout Your Information_firstName'

2023-05-11 21:51:30 - [TEST_STEP][PASSED] - sendKeys(findTestObject("Object Repository/checkout-step-one/input_Checkout Your Information_lastName"), "qa test"): Keys 'qa test' sent to object: 'Object Repository/checkout-step-one/input_Checkout Your Information_lastName'

2023-05-11 21:51:30 - [MESSAGE][PASSED] - Keys 'qa test' sent to object: 'Object Repository/checkout-step-one/input_Checkout Your Information_lastName'

2023-05-11 21:51:30 - [TEST_STEP][PASSED] - sendKeys(findTestObject("Object Repository/checkout-step-one/input_Checkout Your Information_postalCode"), "9000"): Keys '9000' sent to object: 'Object Repository/checkout-step-one/input_Checkout Your Information_postalCode'

2023-05-11 21:51:31 - [MESSAGE][PASSED] - Keys '9000' sent to object: 'Object Repository/checkout-step-one/input_Checkout Your Information_postalCode'

2023-05-11 21:51:31 - [TEST_STEP][PASSED] - click(findTestObject("Object Repository/checkout-step-one/input_continue")): Object: 'Object Repository/checkout-step-one/input_continue' is clicked on

2023-05-11 21:51:31 - [MESSAGE][PASSED] - Object: 'Object Repository/checkout-step-one/input_continue' is clicked on

2023-05-11 21:51:31 - [TEST_STEP][PASSED] - click(findTestObject("Object Repository/finish checkout/button_Finish")): Object: 'Object Repository/finish checkout/button_Finish' is clicked on

2023-05-11 21:51:32 - [MESSAGE][PASSED] - Object: 'Object Repository/finish checkout/button_Finish' is clicked on

2023-05-11 21:51:32 - [TEST_STEP][PASSED] - verifyElementVisible(findTestObject("Object Repository/order-success/h2_Thank you for your order")): Object 'Object Repository/order-success/h2_Thank you for your order' is visible

2023-05-11 21:51:32 - [MESSAGE][PASSED] - Object 'Object Repository/order-success/h2_Thank you for your order' is visible

2023-05-11 21:51:32 - [TEST_STEP][PASSED] - click(findTestObject("Object Repository/NavSideBar/sidebar")): Object: 'Object Repository/NavSideBar/sidebar' is clicked on

2023-05-11 21:51:33 - [MESSAGE][PASSED] - Object: 'Object Repository/NavSideBar/sidebar' is clicked on

2023-05-11 21:51:33 - [TEST_STEP][PASSED] - click(findTestObject("Object Repository/NavSideBar/a_Logout")): Object: 'Object Repository/NavSideBar/a_Logout' is clicked on

2023-05-11 21:51:33 - [MESSAGE][PASSED] - Object: 'Object Repository/NavSideBar/a_Logout' is clicked on

2023-05-11 21:51:33 - [TEST_STEP][PASSED] - verifyElementVisible(findTestObject("Object Repository/Page_Swag Labs/input_Swag Labs_user-name")): Object 'Object Repository/Page_Swag Labs/input_Swag Labs_user-name' is visible

2023-05-11 21:51:34 - [MESSAGE][PASSED] - Object 'Object Repository/Page_Swag Labs/input_Swag Labs_user-name' is visible

2023-05-11 21:51:34 - [TEST_STEP][PASSED] - closeBrowser(): Browser is closed

2023-05-11 21:51:34 - [MESSAGE][PASSED] - Browser is closed]]></system-out>
         <system-err><![CDATA[]]></system-err>
      </testcase>
      <testcase name="Test Cases/test-flow-1-buy-1-product" time="12.389" classname="Test Cases/test-flow-1-buy-1-product" status="PASSED">
         <system-out><![CDATA[2023-05-11 21:51:34 - [TEST_CASE][PASSED] - Test Cases/test-flow-1-buy-1-product: Test Cases/test-flow-1-buy-1-product

2023-05-11 21:51:34 - [TEST_STEP][PASSED] - openBrowser("https://www.saucedemo.com/"): Browser is opened with url: 'https://www.saucedemo.com/'

2023-05-11 21:51:34 - [MESSAGE][INFO] - Starting 'Chrome' driver

2023-05-11 21:51:34 - [MESSAGE][INFO] - Action delay is set to 0 milliseconds

2023-05-11 21:51:37 - [MESSAGE][PASSED] - Browser is opened with url: 'https://www.saucedemo.com/'

2023-05-11 21:51:37 - [TEST_STEP][PASSED] - click(findTestObject("Object Repository/Page_Swag Labs/input_Swag Labs_user-name")): Object: 'Object Repository/Page_Swag Labs/input_Swag Labs_user-name' is clicked on

2023-05-11 21:51:37 - [MESSAGE][PASSED] - Object: 'Object Repository/Page_Swag Labs/input_Swag Labs_user-name' is clicked on

2023-05-11 21:51:37 - [TEST_STEP][PASSED] - sendKeys(findTestObject("Object Repository/Page_Swag Labs/input_Swag Labs_user-name"), "standard_user"): Keys 'standard_user' sent to object: 'Object Repository/Page_Swag Labs/input_Swag Labs_user-name'

2023-05-11 21:51:38 - [MESSAGE][PASSED] - Keys 'standard_user' sent to object: 'Object Repository/Page_Swag Labs/input_Swag Labs_user-name'

2023-05-11 21:51:38 - [TEST_STEP][PASSED] - click(findTestObject("Object Repository/Page_Swag Labs/input_Swag Labs_password")): Object: 'Object Repository/Page_Swag Labs/input_Swag Labs_password' is clicked on

2023-05-11 21:51:38 - [MESSAGE][PASSED] - Object: 'Object Repository/Page_Swag Labs/input_Swag Labs_password' is clicked on

2023-05-11 21:51:38 - [TEST_STEP][PASSED] - sendKeys(findTestObject("Object Repository/Page_Swag Labs/input_Swag Labs_password"), "secret_sauce"): Keys 'secret_sauce' sent to object: 'Object Repository/Page_Swag Labs/input_Swag Labs_password'

2023-05-11 21:51:38 - [MESSAGE][PASSED] - Keys 'secret_sauce' sent to object: 'Object Repository/Page_Swag Labs/input_Swag Labs_password'

2023-05-11 21:51:38 - [TEST_STEP][PASSED] - click(findTestObject("Object Repository/Page_Swag Labs/input_Swag Labs_login-button")): Object: 'Object Repository/Page_Swag Labs/input_Swag Labs_login-button' is clicked on

2023-05-11 21:51:39 - [MESSAGE][PASSED] - Object: 'Object Repository/Page_Swag Labs/input_Swag Labs_login-button' is clicked on

2023-05-11 21:51:39 - [TEST_STEP][PASSED] - click(findTestObject("Object Repository/inventoryPage/Backpack")): Object: 'Object Repository/inventoryPage/Backpack' is clicked on

2023-05-11 21:51:39 - [MESSAGE][PASSED] - Object: 'Object Repository/inventoryPage/Backpack' is clicked on

2023-05-11 21:51:39 - [TEST_STEP][PASSED] - click(findTestObject("Object Repository/inventoryPage/button_Add to cart")): Object: 'Object Repository/inventoryPage/button_Add to cart' is clicked on

2023-05-11 21:51:40 - [MESSAGE][PASSED] - Object: 'Object Repository/inventoryPage/button_Add to cart' is clicked on

2023-05-11 21:51:40 - [TEST_STEP][PASSED] - click(findTestObject("Object Repository/inventoryPage/products_back-image")): Object: 'Object Repository/inventoryPage/products_back-image' is clicked on

2023-05-11 21:51:40 - [MESSAGE][PASSED] - Object: 'Object Repository/inventoryPage/products_back-image' is clicked on

2023-05-11 21:51:40 - [TEST_STEP][PASSED] - click(findTestObject("Object Repository/inventoryPage/cart")): Object: 'Object Repository/inventoryPage/cart' is clicked on

2023-05-11 21:51:41 - [MESSAGE][PASSED] - Object: 'Object Repository/inventoryPage/cart' is clicked on

2023-05-11 21:51:41 - [TEST_STEP][PASSED] - click(findTestObject("Object Repository/CheckoutPage/button_Checkout")): Object: 'Object Repository/CheckoutPage/button_Checkout' is clicked on

2023-05-11 21:51:41 - [MESSAGE][PASSED] - Object: 'Object Repository/CheckoutPage/button_Checkout' is clicked on

2023-05-11 21:51:41 - [TEST_STEP][PASSED] - sendKeys(findTestObject("Object Repository/checkout-step-one/input_Checkout Your Information_firstName"), "demo"): Keys 'demo' sent to object: 'Object Repository/checkout-step-one/input_Checkout Your Information_firstName'

2023-05-11 21:51:42 - [MESSAGE][PASSED] - Keys 'demo' sent to object: 'Object Repository/checkout-step-one/input_Checkout Your Information_firstName'

2023-05-11 21:51:42 - [TEST_STEP][PASSED] - sendKeys(findTestObject("Object Repository/checkout-step-one/input_Checkout Your Information_lastName"), "qa test"): Keys 'qa test' sent to object: 'Object Repository/checkout-step-one/input_Checkout Your Information_lastName'

2023-05-11 21:51:42 - [MESSAGE][PASSED] - Keys 'qa test' sent to object: 'Object Repository/checkout-step-one/input_Checkout Your Information_lastName'

2023-05-11 21:51:42 - [TEST_STEP][PASSED] - sendKeys(findTestObject("Object Repository/checkout-step-one/input_Checkout Your Information_postalCode"), "9000"): Keys '9000' sent to object: 'Object Repository/checkout-step-one/input_Checkout Your Information_postalCode'

2023-05-11 21:51:43 - [MESSAGE][PASSED] - Keys '9000' sent to object: 'Object Repository/checkout-step-one/input_Checkout Your Information_postalCode'

2023-05-11 21:51:43 - [TEST_STEP][PASSED] - click(findTestObject("Object Repository/checkout-step-one/input_continue")): Object: 'Object Repository/checkout-step-one/input_continue' is clicked on

2023-05-11 21:51:44 - [MESSAGE][PASSED] - Object: 'Object Repository/checkout-step-one/input_continue' is clicked on

2023-05-11 21:51:44 - [TEST_STEP][PASSED] - click(findTestObject("Object Repository/finish checkout/button_Finish")): Object: 'Object Repository/finish checkout/button_Finish' is clicked on

2023-05-11 21:51:44 - [MESSAGE][PASSED] - Object: 'Object Repository/finish checkout/button_Finish' is clicked on

2023-05-11 21:51:44 - [TEST_STEP][PASSED] - verifyElementVisible(findTestObject("Object Repository/order-success/h2_Thank you for your order")): Object 'Object Repository/order-success/h2_Thank you for your order' is visible

2023-05-11 21:51:45 - [MESSAGE][PASSED] - Object 'Object Repository/order-success/h2_Thank you for your order' is visible

2023-05-11 21:51:45 - [TEST_STEP][PASSED] - click(findTestObject("Object Repository/NavSideBar/sidebar")): Object: 'Object Repository/NavSideBar/sidebar' is clicked on

2023-05-11 21:51:45 - [MESSAGE][PASSED] - Object: 'Object Repository/NavSideBar/sidebar' is clicked on

2023-05-11 21:51:45 - [TEST_STEP][PASSED] - click(findTestObject("Object Repository/NavSideBar/a_Logout")): Object: 'Object Repository/NavSideBar/a_Logout' is clicked on

2023-05-11 21:51:46 - [MESSAGE][PASSED] - Object: 'Object Repository/NavSideBar/a_Logout' is clicked on

2023-05-11 21:51:46 - [TEST_STEP][PASSED] - verifyElementVisible(findTestObject("Object Repository/Page_Swag Labs/input_Swag Labs_user-name")): Object 'Object Repository/Page_Swag Labs/input_Swag Labs_user-name' is visible

2023-05-11 21:51:46 - [MESSAGE][PASSED] - Object 'Object Repository/Page_Swag Labs/input_Swag Labs_user-name' is visible

2023-05-11 21:51:46 - [TEST_STEP][PASSED] - closeBrowser(): Browser is closed

2023-05-11 21:51:47 - [MESSAGE][PASSED] - Browser is closed]]></system-out>
         <system-err><![CDATA[]]></system-err>
      </testcase>
      <testcase name="Test Cases/test-flow-1-buy-1-product" time="12.555" classname="Test Cases/test-flow-1-buy-1-product" status="PASSED">
         <system-out><![CDATA[2023-05-11 21:51:47 - [TEST_CASE][PASSED] - Test Cases/test-flow-1-buy-1-product: Test Cases/test-flow-1-buy-1-product

2023-05-11 21:51:47 - [TEST_STEP][PASSED] - openBrowser("https://www.saucedemo.com/"): Browser is opened with url: 'https://www.saucedemo.com/'

2023-05-11 21:51:47 - [MESSAGE][INFO] - Starting 'Chrome' driver

2023-05-11 21:51:47 - [MESSAGE][INFO] - Action delay is set to 0 milliseconds

2023-05-11 21:51:49 - [MESSAGE][PASSED] - Browser is opened with url: 'https://www.saucedemo.com/'

2023-05-11 21:51:49 - [TEST_STEP][PASSED] - click(findTestObject("Object Repository/Page_Swag Labs/input_Swag Labs_user-name")): Object: 'Object Repository/Page_Swag Labs/input_Swag Labs_user-name' is clicked on

2023-05-11 21:51:50 - [MESSAGE][PASSED] - Object: 'Object Repository/Page_Swag Labs/input_Swag Labs_user-name' is clicked on

2023-05-11 21:51:50 - [TEST_STEP][PASSED] - sendKeys(findTestObject("Object Repository/Page_Swag Labs/input_Swag Labs_user-name"), "standard_user"): Keys 'standard_user' sent to object: 'Object Repository/Page_Swag Labs/input_Swag Labs_user-name'

2023-05-11 21:51:50 - [MESSAGE][PASSED] - Keys 'standard_user' sent to object: 'Object Repository/Page_Swag Labs/input_Swag Labs_user-name'

2023-05-11 21:51:50 - [TEST_STEP][PASSED] - click(findTestObject("Object Repository/Page_Swag Labs/input_Swag Labs_password")): Object: 'Object Repository/Page_Swag Labs/input_Swag Labs_password' is clicked on

2023-05-11 21:51:51 - [MESSAGE][PASSED] - Object: 'Object Repository/Page_Swag Labs/input_Swag Labs_password' is clicked on

2023-05-11 21:51:51 - [TEST_STEP][PASSED] - sendKeys(findTestObject("Object Repository/Page_Swag Labs/input_Swag Labs_password"), "secret_sauce"): Keys 'secret_sauce' sent to object: 'Object Repository/Page_Swag Labs/input_Swag Labs_password'

2023-05-11 21:51:51 - [MESSAGE][PASSED] - Keys 'secret_sauce' sent to object: 'Object Repository/Page_Swag Labs/input_Swag Labs_password'

2023-05-11 21:51:51 - [TEST_STEP][PASSED] - click(findTestObject("Object Repository/Page_Swag Labs/input_Swag Labs_login-button")): Object: 'Object Repository/Page_Swag Labs/input_Swag Labs_login-button' is clicked on

2023-05-11 21:51:51 - [MESSAGE][PASSED] - Object: 'Object Repository/Page_Swag Labs/input_Swag Labs_login-button' is clicked on

2023-05-11 21:51:51 - [TEST_STEP][PASSED] - click(findTestObject("Object Repository/inventoryPage/Backpack")): Object: 'Object Repository/inventoryPage/Backpack' is clicked on

2023-05-11 21:51:52 - [MESSAGE][PASSED] - Object: 'Object Repository/inventoryPage/Backpack' is clicked on

2023-05-11 21:51:52 - [TEST_STEP][PASSED] - click(findTestObject("Object Repository/inventoryPage/button_Add to cart")): Object: 'Object Repository/inventoryPage/button_Add to cart' is clicked on

2023-05-11 21:51:52 - [MESSAGE][PASSED] - Object: 'Object Repository/inventoryPage/button_Add to cart' is clicked on

2023-05-11 21:51:52 - [TEST_STEP][PASSED] - click(findTestObject("Object Repository/inventoryPage/products_back-image")): Object: 'Object Repository/inventoryPage/products_back-image' is clicked on

2023-05-11 21:51:53 - [MESSAGE][PASSED] - Object: 'Object Repository/inventoryPage/products_back-image' is clicked on

2023-05-11 21:51:53 - [TEST_STEP][PASSED] - click(findTestObject("Object Repository/inventoryPage/cart")): Object: 'Object Repository/inventoryPage/cart' is clicked on

2023-05-11 21:51:53 - [MESSAGE][PASSED] - Object: 'Object Repository/inventoryPage/cart' is clicked on

2023-05-11 21:51:53 - [TEST_STEP][PASSED] - click(findTestObject("Object Repository/CheckoutPage/button_Checkout")): Object: 'Object Repository/CheckoutPage/button_Checkout' is clicked on

2023-05-11 21:51:54 - [MESSAGE][PASSED] - Object: 'Object Repository/CheckoutPage/button_Checkout' is clicked on

2023-05-11 21:51:54 - [TEST_STEP][PASSED] - sendKeys(findTestObject("Object Repository/checkout-step-one/input_Checkout Your Information_firstName"), "demo"): Keys 'demo' sent to object: 'Object Repository/checkout-step-one/input_Checkout Your Information_firstName'

2023-05-11 21:51:55 - [MESSAGE][PASSED] - Keys 'demo' sent to object: 'Object Repository/checkout-step-one/input_Checkout Your Information_firstName'

2023-05-11 21:51:55 - [TEST_STEP][PASSED] - sendKeys(findTestObject("Object Repository/checkout-step-one/input_Checkout Your Information_lastName"), "qa test"): Keys 'qa test' sent to object: 'Object Repository/checkout-step-one/input_Checkout Your Information_lastName'

2023-05-11 21:51:55 - [MESSAGE][PASSED] - Keys 'qa test' sent to object: 'Object Repository/checkout-step-one/input_Checkout Your Information_lastName'

2023-05-11 21:51:55 - [TEST_STEP][PASSED] - sendKeys(findTestObject("Object Repository/checkout-step-one/input_Checkout Your Information_postalCode"), "9000"): Keys '9000' sent to object: 'Object Repository/checkout-step-one/input_Checkout Your Information_postalCode'

2023-05-11 21:51:56 - [MESSAGE][PASSED] - Keys '9000' sent to object: 'Object Repository/checkout-step-one/input_Checkout Your Information_postalCode'

2023-05-11 21:51:56 - [TEST_STEP][PASSED] - click(findTestObject("Object Repository/checkout-step-one/input_continue")): Object: 'Object Repository/checkout-step-one/input_continue' is clicked on

2023-05-11 21:51:56 - [MESSAGE][PASSED] - Object: 'Object Repository/checkout-step-one/input_continue' is clicked on

2023-05-11 21:51:56 - [TEST_STEP][PASSED] - click(findTestObject("Object Repository/finish checkout/button_Finish")): Object: 'Object Repository/finish checkout/button_Finish' is clicked on

2023-05-11 21:51:57 - [MESSAGE][PASSED] - Object: 'Object Repository/finish checkout/button_Finish' is clicked on

2023-05-11 21:51:57 - [TEST_STEP][PASSED] - verifyElementVisible(findTestObject("Object Repository/order-success/h2_Thank you for your order")): Object 'Object Repository/order-success/h2_Thank you for your order' is visible

2023-05-11 21:51:57 - [MESSAGE][PASSED] - Object 'Object Repository/order-success/h2_Thank you for your order' is visible

2023-05-11 21:51:57 - [TEST_STEP][PASSED] - click(findTestObject("Object Repository/NavSideBar/sidebar")): Object: 'Object Repository/NavSideBar/sidebar' is clicked on

2023-05-11 21:51:58 - [MESSAGE][PASSED] - Object: 'Object Repository/NavSideBar/sidebar' is clicked on

2023-05-11 21:51:58 - [TEST_STEP][PASSED] - click(findTestObject("Object Repository/NavSideBar/a_Logout")): Object: 'Object Repository/NavSideBar/a_Logout' is clicked on

2023-05-11 21:51:58 - [MESSAGE][PASSED] - Object: 'Object Repository/NavSideBar/a_Logout' is clicked on

2023-05-11 21:51:58 - [TEST_STEP][PASSED] - verifyElementVisible(findTestObject("Object Repository/Page_Swag Labs/input_Swag Labs_user-name")): Object 'Object Repository/Page_Swag Labs/input_Swag Labs_user-name' is visible

2023-05-11 21:51:59 - [MESSAGE][PASSED] - Object 'Object Repository/Page_Swag Labs/input_Swag Labs_user-name' is visible

2023-05-11 21:51:59 - [TEST_STEP][PASSED] - closeBrowser(): Browser is closed

2023-05-11 21:51:59 - [MESSAGE][PASSED] - Browser is closed]]></system-out>
         <system-err><![CDATA[]]></system-err>
      </testcase>
      <testcase name="Test Cases/test-flow-1-buy-1-product" time="12.41" classname="Test Cases/test-flow-1-buy-1-product" status="PASSED">
         <system-out><![CDATA[2023-05-11 21:51:59 - [TEST_CASE][PASSED] - Test Cases/test-flow-1-buy-1-product: Test Cases/test-flow-1-buy-1-product

2023-05-11 21:51:59 - [TEST_STEP][PASSED] - openBrowser("https://www.saucedemo.com/"): Browser is opened with url: 'https://www.saucedemo.com/'

2023-05-11 21:51:59 - [MESSAGE][INFO] - Starting 'Chrome' driver

2023-05-11 21:51:59 - [MESSAGE][INFO] - Action delay is set to 0 milliseconds

2023-05-11 21:52:02 - [MESSAGE][PASSED] - Browser is opened with url: 'https://www.saucedemo.com/'

2023-05-11 21:52:02 - [TEST_STEP][PASSED] - click(findTestObject("Object Repository/Page_Swag Labs/input_Swag Labs_user-name")): Object: 'Object Repository/Page_Swag Labs/input_Swag Labs_user-name' is clicked on

2023-05-11 21:52:02 - [MESSAGE][PASSED] - Object: 'Object Repository/Page_Swag Labs/input_Swag Labs_user-name' is clicked on

2023-05-11 21:52:02 - [TEST_STEP][PASSED] - sendKeys(findTestObject("Object Repository/Page_Swag Labs/input_Swag Labs_user-name"), "standard_user"): Keys 'standard_user' sent to object: 'Object Repository/Page_Swag Labs/input_Swag Labs_user-name'

2023-05-11 21:52:03 - [MESSAGE][PASSED] - Keys 'standard_user' sent to object: 'Object Repository/Page_Swag Labs/input_Swag Labs_user-name'

2023-05-11 21:52:03 - [TEST_STEP][PASSED] - click(findTestObject("Object Repository/Page_Swag Labs/input_Swag Labs_password")): Object: 'Object Repository/Page_Swag Labs/input_Swag Labs_password' is clicked on

2023-05-11 21:52:03 - [MESSAGE][PASSED] - Object: 'Object Repository/Page_Swag Labs/input_Swag Labs_password' is clicked on

2023-05-11 21:52:03 - [TEST_STEP][PASSED] - sendKeys(findTestObject("Object Repository/Page_Swag Labs/input_Swag Labs_password"), "secret_sauce"): Keys 'secret_sauce' sent to object: 'Object Repository/Page_Swag Labs/input_Swag Labs_password'

2023-05-11 21:52:03 - [MESSAGE][PASSED] - Keys 'secret_sauce' sent to object: 'Object Repository/Page_Swag Labs/input_Swag Labs_password'

2023-05-11 21:52:03 - [TEST_STEP][PASSED] - click(findTestObject("Object Repository/Page_Swag Labs/input_Swag Labs_login-button")): Object: 'Object Repository/Page_Swag Labs/input_Swag Labs_login-button' is clicked on

2023-05-11 21:52:04 - [MESSAGE][PASSED] - Object: 'Object Repository/Page_Swag Labs/input_Swag Labs_login-button' is clicked on

2023-05-11 21:52:04 - [TEST_STEP][PASSED] - click(findTestObject("Object Repository/inventoryPage/Backpack")): Object: 'Object Repository/inventoryPage/Backpack' is clicked on

2023-05-11 21:52:04 - [MESSAGE][PASSED] - Object: 'Object Repository/inventoryPage/Backpack' is clicked on

2023-05-11 21:52:04 - [TEST_STEP][PASSED] - click(findTestObject("Object Repository/inventoryPage/button_Add to cart")): Object: 'Object Repository/inventoryPage/button_Add to cart' is clicked on

2023-05-11 21:52:05 - [MESSAGE][PASSED] - Object: 'Object Repository/inventoryPage/button_Add to cart' is clicked on

2023-05-11 21:52:05 - [TEST_STEP][PASSED] - click(findTestObject("Object Repository/inventoryPage/products_back-image")): Object: 'Object Repository/inventoryPage/products_back-image' is clicked on

2023-05-11 21:52:05 - [MESSAGE][PASSED] - Object: 'Object Repository/inventoryPage/products_back-image' is clicked on

2023-05-11 21:52:05 - [TEST_STEP][PASSED] - click(findTestObject("Object Repository/inventoryPage/cart")): Object: 'Object Repository/inventoryPage/cart' is clicked on

2023-05-11 21:52:06 - [MESSAGE][PASSED] - Object: 'Object Repository/inventoryPage/cart' is clicked on

2023-05-11 21:52:06 - [TEST_STEP][PASSED] - click(findTestObject("Object Repository/CheckoutPage/button_Checkout")): Object: 'Object Repository/CheckoutPage/button_Checkout' is clicked on

2023-05-11 21:52:06 - [MESSAGE][PASSED] - Object: 'Object Repository/CheckoutPage/button_Checkout' is clicked on

2023-05-11 21:52:06 - [TEST_STEP][PASSED] - sendKeys(findTestObject("Object Repository/checkout-step-one/input_Checkout Your Information_firstName"), "demo"): Keys 'demo' sent to object: 'Object Repository/checkout-step-one/input_Checkout Your Information_firstName'

2023-05-11 21:52:07 - [MESSAGE][PASSED] - Keys 'demo' sent to object: 'Object Repository/checkout-step-one/input_Checkout Your Information_firstName'

2023-05-11 21:52:07 - [TEST_STEP][PASSED] - sendKeys(findTestObject("Object Repository/checkout-step-one/input_Checkout Your Information_lastName"), "qa test"): Keys 'qa test' sent to object: 'Object Repository/checkout-step-one/input_Checkout Your Information_lastName'

2023-05-11 21:52:07 - [MESSAGE][PASSED] - Keys 'qa test' sent to object: 'Object Repository/checkout-step-one/input_Checkout Your Information_lastName'

2023-05-11 21:52:07 - [TEST_STEP][PASSED] - sendKeys(findTestObject("Object Repository/checkout-step-one/input_Checkout Your Information_postalCode"), "9000"): Keys '9000' sent to object: 'Object Repository/checkout-step-one/input_Checkout Your Information_postalCode'

2023-05-11 21:52:08 - [MESSAGE][PASSED] - Keys '9000' sent to object: 'Object Repository/checkout-step-one/input_Checkout Your Information_postalCode'

2023-05-11 21:52:08 - [TEST_STEP][PASSED] - click(findTestObject("Object Repository/checkout-step-one/input_continue")): Object: 'Object Repository/checkout-step-one/input_continue' is clicked on

2023-05-11 21:52:09 - [MESSAGE][PASSED] - Object: 'Object Repository/checkout-step-one/input_continue' is clicked on

2023-05-11 21:52:09 - [TEST_STEP][PASSED] - click(findTestObject("Object Repository/finish checkout/button_Finish")): Object: 'Object Repository/finish checkout/button_Finish' is clicked on

2023-05-11 21:52:09 - [MESSAGE][PASSED] - Object: 'Object Repository/finish checkout/button_Finish' is clicked on

2023-05-11 21:52:09 - [TEST_STEP][PASSED] - verifyElementVisible(findTestObject("Object Repository/order-success/h2_Thank you for your order")): Object 'Object Repository/order-success/h2_Thank you for your order' is visible

2023-05-11 21:52:10 - [MESSAGE][PASSED] - Object 'Object Repository/order-success/h2_Thank you for your order' is visible

2023-05-11 21:52:10 - [TEST_STEP][PASSED] - click(findTestObject("Object Repository/NavSideBar/sidebar")): Object: 'Object Repository/NavSideBar/sidebar' is clicked on

2023-05-11 21:52:10 - [MESSAGE][PASSED] - Object: 'Object Repository/NavSideBar/sidebar' is clicked on

2023-05-11 21:52:10 - [TEST_STEP][PASSED] - click(findTestObject("Object Repository/NavSideBar/a_Logout")): Object: 'Object Repository/NavSideBar/a_Logout' is clicked on

2023-05-11 21:52:11 - [MESSAGE][PASSED] - Object: 'Object Repository/NavSideBar/a_Logout' is clicked on

2023-05-11 21:52:11 - [TEST_STEP][PASSED] - verifyElementVisible(findTestObject("Object Repository/Page_Swag Labs/input_Swag Labs_user-name")): Object 'Object Repository/Page_Swag Labs/input_Swag Labs_user-name' is visible

2023-05-11 21:52:11 - [MESSAGE][PASSED] - Object 'Object Repository/Page_Swag Labs/input_Swag Labs_user-name' is visible

2023-05-11 21:52:11 - [TEST_STEP][PASSED] - closeBrowser(): Browser is closed

2023-05-11 21:52:12 - [MESSAGE][PASSED] - Browser is closed]]></system-out>
         <system-err><![CDATA[]]></system-err>
      </testcase>
      <testcase name="Test Cases/test-flow-1-buy-1-product" time="12.498" classname="Test Cases/test-flow-1-buy-1-product" status="PASSED">
         <system-out><![CDATA[2023-05-11 21:52:12 - [TEST_CASE][PASSED] - Test Cases/test-flow-1-buy-1-product: Test Cases/test-flow-1-buy-1-product

2023-05-11 21:52:12 - [TEST_STEP][PASSED] - openBrowser("https://www.saucedemo.com/"): Browser is opened with url: 'https://www.saucedemo.com/'

2023-05-11 21:52:12 - [MESSAGE][INFO] - Starting 'Chrome' driver

2023-05-11 21:52:12 - [MESSAGE][INFO] - Action delay is set to 0 milliseconds

2023-05-11 21:52:14 - [MESSAGE][PASSED] - Browser is opened with url: 'https://www.saucedemo.com/'

2023-05-11 21:52:14 - [TEST_STEP][PASSED] - click(findTestObject("Object Repository/Page_Swag Labs/input_Swag Labs_user-name")): Object: 'Object Repository/Page_Swag Labs/input_Swag Labs_user-name' is clicked on

2023-05-11 21:52:15 - [MESSAGE][PASSED] - Object: 'Object Repository/Page_Swag Labs/input_Swag Labs_user-name' is clicked on

2023-05-11 21:52:15 - [TEST_STEP][PASSED] - sendKeys(findTestObject("Object Repository/Page_Swag Labs/input_Swag Labs_user-name"), "standard_user"): Keys 'standard_user' sent to object: 'Object Repository/Page_Swag Labs/input_Swag Labs_user-name'

2023-05-11 21:52:15 - [MESSAGE][PASSED] - Keys 'standard_user' sent to object: 'Object Repository/Page_Swag Labs/input_Swag Labs_user-name'

2023-05-11 21:52:15 - [TEST_STEP][PASSED] - click(findTestObject("Object Repository/Page_Swag Labs/input_Swag Labs_password")): Object: 'Object Repository/Page_Swag Labs/input_Swag Labs_password' is clicked on

2023-05-11 21:52:16 - [MESSAGE][PASSED] - Object: 'Object Repository/Page_Swag Labs/input_Swag Labs_password' is clicked on

2023-05-11 21:52:16 - [TEST_STEP][PASSED] - sendKeys(findTestObject("Object Repository/Page_Swag Labs/input_Swag Labs_password"), "secret_sauce"): Keys 'secret_sauce' sent to object: 'Object Repository/Page_Swag Labs/input_Swag Labs_password'

2023-05-11 21:52:16 - [MESSAGE][PASSED] - Keys 'secret_sauce' sent to object: 'Object Repository/Page_Swag Labs/input_Swag Labs_password'

2023-05-11 21:52:16 - [TEST_STEP][PASSED] - click(findTestObject("Object Repository/Page_Swag Labs/input_Swag Labs_login-button")): Object: 'Object Repository/Page_Swag Labs/input_Swag Labs_login-button' is clicked on

2023-05-11 21:52:16 - [MESSAGE][PASSED] - Object: 'Object Repository/Page_Swag Labs/input_Swag Labs_login-button' is clicked on

2023-05-11 21:52:16 - [TEST_STEP][PASSED] - click(findTestObject("Object Repository/inventoryPage/Backpack")): Object: 'Object Repository/inventoryPage/Backpack' is clicked on

2023-05-11 21:52:17 - [MESSAGE][PASSED] - Object: 'Object Repository/inventoryPage/Backpack' is clicked on

2023-05-11 21:52:17 - [TEST_STEP][PASSED] - click(findTestObject("Object Repository/inventoryPage/button_Add to cart")): Object: 'Object Repository/inventoryPage/button_Add to cart' is clicked on

2023-05-11 21:52:17 - [MESSAGE][PASSED] - Object: 'Object Repository/inventoryPage/button_Add to cart' is clicked on

2023-05-11 21:52:17 - [TEST_STEP][PASSED] - click(findTestObject("Object Repository/inventoryPage/products_back-image")): Object: 'Object Repository/inventoryPage/products_back-image' is clicked on

2023-05-11 21:52:18 - [MESSAGE][PASSED] - Object: 'Object Repository/inventoryPage/products_back-image' is clicked on

2023-05-11 21:52:18 - [TEST_STEP][PASSED] - click(findTestObject("Object Repository/inventoryPage/cart")): Object: 'Object Repository/inventoryPage/cart' is clicked on

2023-05-11 21:52:18 - [MESSAGE][PASSED] - Object: 'Object Repository/inventoryPage/cart' is clicked on

2023-05-11 21:52:18 - [TEST_STEP][PASSED] - click(findTestObject("Object Repository/CheckoutPage/button_Checkout")): Object: 'Object Repository/CheckoutPage/button_Checkout' is clicked on

2023-05-11 21:52:19 - [MESSAGE][PASSED] - Object: 'Object Repository/CheckoutPage/button_Checkout' is clicked on

2023-05-11 21:52:19 - [TEST_STEP][PASSED] - sendKeys(findTestObject("Object Repository/checkout-step-one/input_Checkout Your Information_firstName"), "demo"): Keys 'demo' sent to object: 'Object Repository/checkout-step-one/input_Checkout Your Information_firstName'

2023-05-11 21:52:19 - [MESSAGE][PASSED] - Keys 'demo' sent to object: 'Object Repository/checkout-step-one/input_Checkout Your Information_firstName'

2023-05-11 21:52:19 - [TEST_STEP][PASSED] - sendKeys(findTestObject("Object Repository/checkout-step-one/input_Checkout Your Information_lastName"), "qa test"): Keys 'qa test' sent to object: 'Object Repository/checkout-step-one/input_Checkout Your Information_lastName'

2023-05-11 21:52:20 - [MESSAGE][PASSED] - Keys 'qa test' sent to object: 'Object Repository/checkout-step-one/input_Checkout Your Information_lastName'

2023-05-11 21:52:20 - [TEST_STEP][PASSED] - sendKeys(findTestObject("Object Repository/checkout-step-one/input_Checkout Your Information_postalCode"), "9000"): Keys '9000' sent to object: 'Object Repository/checkout-step-one/input_Checkout Your Information_postalCode'

2023-05-11 21:52:21 - [MESSAGE][PASSED] - Keys '9000' sent to object: 'Object Repository/checkout-step-one/input_Checkout Your Information_postalCode'

2023-05-11 21:52:21 - [TEST_STEP][PASSED] - click(findTestObject("Object Repository/checkout-step-one/input_continue")): Object: 'Object Repository/checkout-step-one/input_continue' is clicked on

2023-05-11 21:52:21 - [MESSAGE][PASSED] - Object: 'Object Repository/checkout-step-one/input_continue' is clicked on

2023-05-11 21:52:21 - [TEST_STEP][PASSED] - click(findTestObject("Object Repository/finish checkout/button_Finish")): Object: 'Object Repository/finish checkout/button_Finish' is clicked on

2023-05-11 21:52:22 - [MESSAGE][PASSED] - Object: 'Object Repository/finish checkout/button_Finish' is clicked on

2023-05-11 21:52:22 - [TEST_STEP][PASSED] - verifyElementVisible(findTestObject("Object Repository/order-success/h2_Thank you for your order")): Object 'Object Repository/order-success/h2_Thank you for your order' is visible

2023-05-11 21:52:22 - [MESSAGE][PASSED] - Object 'Object Repository/order-success/h2_Thank you for your order' is visible

2023-05-11 21:52:22 - [TEST_STEP][PASSED] - click(findTestObject("Object Repository/NavSideBar/sidebar")): Object: 'Object Repository/NavSideBar/sidebar' is clicked on

2023-05-11 21:52:22 - [MESSAGE][PASSED] - Object: 'Object Repository/NavSideBar/sidebar' is clicked on

2023-05-11 21:52:23 - [TEST_STEP][PASSED] - click(findTestObject("Object Repository/NavSideBar/a_Logout")): Object: 'Object Repository/NavSideBar/a_Logout' is clicked on

2023-05-11 21:52:23 - [MESSAGE][PASSED] - Object: 'Object Repository/NavSideBar/a_Logout' is clicked on

2023-05-11 21:52:23 - [TEST_STEP][PASSED] - verifyElementVisible(findTestObject("Object Repository/Page_Swag Labs/input_Swag Labs_user-name")): Object 'Object Repository/Page_Swag Labs/input_Swag Labs_user-name' is visible

2023-05-11 21:52:24 - [MESSAGE][PASSED] - Object 'Object Repository/Page_Swag Labs/input_Swag Labs_user-name' is visible

2023-05-11 21:52:24 - [TEST_STEP][PASSED] - closeBrowser(): Browser is closed

2023-05-11 21:52:24 - [MESSAGE][PASSED] - Browser is closed]]></system-out>
         <system-err><![CDATA[]]></system-err>
      </testcase>
      <testcase name="Test Cases/test-flow-1-buy-1-product" time="12.275" classname="Test Cases/test-flow-1-buy-1-product" status="PASSED">
         <system-out><![CDATA[2023-05-11 21:52:24 - [TEST_CASE][PASSED] - Test Cases/test-flow-1-buy-1-product: Test Cases/test-flow-1-buy-1-product

2023-05-11 21:52:24 - [TEST_STEP][PASSED] - openBrowser("https://www.saucedemo.com/"): Browser is opened with url: 'https://www.saucedemo.com/'

2023-05-11 21:52:24 - [MESSAGE][INFO] - Starting 'Chrome' driver

2023-05-11 21:52:24 - [MESSAGE][INFO] - Action delay is set to 0 milliseconds

2023-05-11 21:52:27 - [MESSAGE][PASSED] - Browser is opened with url: 'https://www.saucedemo.com/'

2023-05-11 21:52:27 - [TEST_STEP][PASSED] - click(findTestObject("Object Repository/Page_Swag Labs/input_Swag Labs_user-name")): Object: 'Object Repository/Page_Swag Labs/input_Swag Labs_user-name' is clicked on

2023-05-11 21:52:27 - [MESSAGE][PASSED] - Object: 'Object Repository/Page_Swag Labs/input_Swag Labs_user-name' is clicked on

2023-05-11 21:52:27 - [TEST_STEP][PASSED] - sendKeys(findTestObject("Object Repository/Page_Swag Labs/input_Swag Labs_user-name"), "standard_user"): Keys 'standard_user' sent to object: 'Object Repository/Page_Swag Labs/input_Swag Labs_user-name'

2023-05-11 21:52:27 - [MESSAGE][PASSED] - Keys 'standard_user' sent to object: 'Object Repository/Page_Swag Labs/input_Swag Labs_user-name'

2023-05-11 21:52:27 - [TEST_STEP][PASSED] - click(findTestObject("Object Repository/Page_Swag Labs/input_Swag Labs_password")): Object: 'Object Repository/Page_Swag Labs/input_Swag Labs_password' is clicked on

2023-05-11 21:52:28 - [MESSAGE][PASSED] - Object: 'Object Repository/Page_Swag Labs/input_Swag Labs_password' is clicked on

2023-05-11 21:52:28 - [TEST_STEP][PASSED] - sendKeys(findTestObject("Object Repository/Page_Swag Labs/input_Swag Labs_password"), "secret_sauce"): Keys 'secret_sauce' sent to object: 'Object Repository/Page_Swag Labs/input_Swag Labs_password'

2023-05-11 21:52:28 - [MESSAGE][PASSED] - Keys 'secret_sauce' sent to object: 'Object Repository/Page_Swag Labs/input_Swag Labs_password'

2023-05-11 21:52:28 - [TEST_STEP][PASSED] - click(findTestObject("Object Repository/Page_Swag Labs/input_Swag Labs_login-button")): Object: 'Object Repository/Page_Swag Labs/input_Swag Labs_login-button' is clicked on

2023-05-11 21:52:29 - [MESSAGE][PASSED] - Object: 'Object Repository/Page_Swag Labs/input_Swag Labs_login-button' is clicked on

2023-05-11 21:52:29 - [TEST_STEP][PASSED] - click(findTestObject("Object Repository/inventoryPage/Backpack")): Object: 'Object Repository/inventoryPage/Backpack' is clicked on

2023-05-11 21:52:29 - [MESSAGE][PASSED] - Object: 'Object Repository/inventoryPage/Backpack' is clicked on

2023-05-11 21:52:29 - [TEST_STEP][PASSED] - click(findTestObject("Object Repository/inventoryPage/button_Add to cart")): Object: 'Object Repository/inventoryPage/button_Add to cart' is clicked on

2023-05-11 21:52:29 - [MESSAGE][PASSED] - Object: 'Object Repository/inventoryPage/button_Add to cart' is clicked on

2023-05-11 21:52:29 - [TEST_STEP][PASSED] - click(findTestObject("Object Repository/inventoryPage/products_back-image")): Object: 'Object Repository/inventoryPage/products_back-image' is clicked on

2023-05-11 21:52:30 - [MESSAGE][PASSED] - Object: 'Object Repository/inventoryPage/products_back-image' is clicked on

2023-05-11 21:52:30 - [TEST_STEP][PASSED] - click(findTestObject("Object Repository/inventoryPage/cart")): Object: 'Object Repository/inventoryPage/cart' is clicked on

2023-05-11 21:52:31 - [MESSAGE][PASSED] - Object: 'Object Repository/inventoryPage/cart' is clicked on

2023-05-11 21:52:31 - [TEST_STEP][PASSED] - click(findTestObject("Object Repository/CheckoutPage/button_Checkout")): Object: 'Object Repository/CheckoutPage/button_Checkout' is clicked on

2023-05-11 21:52:31 - [MESSAGE][PASSED] - Object: 'Object Repository/CheckoutPage/button_Checkout' is clicked on

2023-05-11 21:52:31 - [TEST_STEP][PASSED] - sendKeys(findTestObject("Object Repository/checkout-step-one/input_Checkout Your Information_firstName"), "demo"): Keys 'demo' sent to object: 'Object Repository/checkout-step-one/input_Checkout Your Information_firstName'

2023-05-11 21:52:32 - [MESSAGE][PASSED] - Keys 'demo' sent to object: 'Object Repository/checkout-step-one/input_Checkout Your Information_firstName'

2023-05-11 21:52:32 - [TEST_STEP][PASSED] - sendKeys(findTestObject("Object Repository/checkout-step-one/input_Checkout Your Information_lastName"), "qa test"): Keys 'qa test' sent to object: 'Object Repository/checkout-step-one/input_Checkout Your Information_lastName'

2023-05-11 21:52:32 - [MESSAGE][PASSED] - Keys 'qa test' sent to object: 'Object Repository/checkout-step-one/input_Checkout Your Information_lastName'

2023-05-11 21:52:32 - [TEST_STEP][PASSED] - sendKeys(findTestObject("Object Repository/checkout-step-one/input_Checkout Your Information_postalCode"), "9000"): Keys '9000' sent to object: 'Object Repository/checkout-step-one/input_Checkout Your Information_postalCode'

2023-05-11 21:52:33 - [MESSAGE][PASSED] - Keys '9000' sent to object: 'Object Repository/checkout-step-one/input_Checkout Your Information_postalCode'

2023-05-11 21:52:33 - [TEST_STEP][PASSED] - click(findTestObject("Object Repository/checkout-step-one/input_continue")): Object: 'Object Repository/checkout-step-one/input_continue' is clicked on

2023-05-11 21:52:33 - [MESSAGE][PASSED] - Object: 'Object Repository/checkout-step-one/input_continue' is clicked on

2023-05-11 21:52:33 - [TEST_STEP][PASSED] - click(findTestObject("Object Repository/finish checkout/button_Finish")): Object: 'Object Repository/finish checkout/button_Finish' is clicked on

2023-05-11 21:52:34 - [MESSAGE][PASSED] - Object: 'Object Repository/finish checkout/button_Finish' is clicked on

2023-05-11 21:52:34 - [TEST_STEP][PASSED] - verifyElementVisible(findTestObject("Object Repository/order-success/h2_Thank you for your order")): Object 'Object Repository/order-success/h2_Thank you for your order' is visible

2023-05-11 21:52:34 - [MESSAGE][PASSED] - Object 'Object Repository/order-success/h2_Thank you for your order' is visible

2023-05-11 21:52:34 - [TEST_STEP][PASSED] - click(findTestObject("Object Repository/NavSideBar/sidebar")): Object: 'Object Repository/NavSideBar/sidebar' is clicked on

2023-05-11 21:52:35 - [MESSAGE][PASSED] - Object: 'Object Repository/NavSideBar/sidebar' is clicked on

2023-05-11 21:52:35 - [TEST_STEP][PASSED] - click(findTestObject("Object Repository/NavSideBar/a_Logout")): Object: 'Object Repository/NavSideBar/a_Logout' is clicked on

2023-05-11 21:52:35 - [MESSAGE][PASSED] - Object: 'Object Repository/NavSideBar/a_Logout' is clicked on

2023-05-11 21:52:35 - [TEST_STEP][PASSED] - verifyElementVisible(findTestObject("Object Repository/Page_Swag Labs/input_Swag Labs_user-name")): Object 'Object Repository/Page_Swag Labs/input_Swag Labs_user-name' is visible

2023-05-11 21:52:36 - [MESSAGE][PASSED] - Object 'Object Repository/Page_Swag Labs/input_Swag Labs_user-name' is visible

2023-05-11 21:52:36 - [TEST_STEP][PASSED] - closeBrowser(): Browser is closed

2023-05-11 21:52:37 - [MESSAGE][PASSED] - Browser is closed]]></system-out>
         <system-err><![CDATA[]]></system-err>
      </testcase>
      <testcase name="Test Cases/test-flow-1-buy-1-product" time="12.575" classname="Test Cases/test-flow-1-buy-1-product" status="PASSED">
         <system-out><![CDATA[2023-05-11 21:52:37 - [TEST_CASE][PASSED] - Test Cases/test-flow-1-buy-1-product: Test Cases/test-flow-1-buy-1-product

2023-05-11 21:52:37 - [TEST_STEP][PASSED] - openBrowser("https://www.saucedemo.com/"): Browser is opened with url: 'https://www.saucedemo.com/'

2023-05-11 21:52:37 - [MESSAGE][INFO] - Starting 'Chrome' driver

2023-05-11 21:52:37 - [MESSAGE][INFO] - Action delay is set to 0 milliseconds

2023-05-11 21:52:39 - [MESSAGE][PASSED] - Browser is opened with url: 'https://www.saucedemo.com/'

2023-05-11 21:52:39 - [TEST_STEP][PASSED] - click(findTestObject("Object Repository/Page_Swag Labs/input_Swag Labs_user-name")): Object: 'Object Repository/Page_Swag Labs/input_Swag Labs_user-name' is clicked on

2023-05-11 21:52:40 - [MESSAGE][PASSED] - Object: 'Object Repository/Page_Swag Labs/input_Swag Labs_user-name' is clicked on

2023-05-11 21:52:40 - [TEST_STEP][PASSED] - sendKeys(findTestObject("Object Repository/Page_Swag Labs/input_Swag Labs_user-name"), "standard_user"): Keys 'standard_user' sent to object: 'Object Repository/Page_Swag Labs/input_Swag Labs_user-name'

2023-05-11 21:52:40 - [MESSAGE][PASSED] - Keys 'standard_user' sent to object: 'Object Repository/Page_Swag Labs/input_Swag Labs_user-name'

2023-05-11 21:52:40 - [TEST_STEP][PASSED] - click(findTestObject("Object Repository/Page_Swag Labs/input_Swag Labs_password")): Object: 'Object Repository/Page_Swag Labs/input_Swag Labs_password' is clicked on

2023-05-11 21:52:40 - [MESSAGE][PASSED] - Object: 'Object Repository/Page_Swag Labs/input_Swag Labs_password' is clicked on

2023-05-11 21:52:40 - [TEST_STEP][PASSED] - sendKeys(findTestObject("Object Repository/Page_Swag Labs/input_Swag Labs_password"), "secret_sauce"): Keys 'secret_sauce' sent to object: 'Object Repository/Page_Swag Labs/input_Swag Labs_password'

2023-05-11 21:52:41 - [MESSAGE][PASSED] - Keys 'secret_sauce' sent to object: 'Object Repository/Page_Swag Labs/input_Swag Labs_password'

2023-05-11 21:52:41 - [TEST_STEP][PASSED] - click(findTestObject("Object Repository/Page_Swag Labs/input_Swag Labs_login-button")): Object: 'Object Repository/Page_Swag Labs/input_Swag Labs_login-button' is clicked on

2023-05-11 21:52:41 - [MESSAGE][PASSED] - Object: 'Object Repository/Page_Swag Labs/input_Swag Labs_login-button' is clicked on

2023-05-11 21:52:41 - [TEST_STEP][PASSED] - click(findTestObject("Object Repository/inventoryPage/Backpack")): Object: 'Object Repository/inventoryPage/Backpack' is clicked on

2023-05-11 21:52:42 - [MESSAGE][PASSED] - Object: 'Object Repository/inventoryPage/Backpack' is clicked on

2023-05-11 21:52:42 - [TEST_STEP][PASSED] - click(findTestObject("Object Repository/inventoryPage/button_Add to cart")): Object: 'Object Repository/inventoryPage/button_Add to cart' is clicked on

2023-05-11 21:52:42 - [MESSAGE][PASSED] - Object: 'Object Repository/inventoryPage/button_Add to cart' is clicked on

2023-05-11 21:52:42 - [TEST_STEP][PASSED] - click(findTestObject("Object Repository/inventoryPage/products_back-image")): Object: 'Object Repository/inventoryPage/products_back-image' is clicked on

2023-05-11 21:52:43 - [MESSAGE][PASSED] - Object: 'Object Repository/inventoryPage/products_back-image' is clicked on

2023-05-11 21:52:43 - [TEST_STEP][PASSED] - click(findTestObject("Object Repository/inventoryPage/cart")): Object: 'Object Repository/inventoryPage/cart' is clicked on

2023-05-11 21:52:43 - [MESSAGE][PASSED] - Object: 'Object Repository/inventoryPage/cart' is clicked on

2023-05-11 21:52:43 - [TEST_STEP][PASSED] - click(findTestObject("Object Repository/CheckoutPage/button_Checkout")): Object: 'Object Repository/CheckoutPage/button_Checkout' is clicked on

2023-05-11 21:52:44 - [MESSAGE][PASSED] - Object: 'Object Repository/CheckoutPage/button_Checkout' is clicked on

2023-05-11 21:52:44 - [TEST_STEP][PASSED] - sendKeys(findTestObject("Object Repository/checkout-step-one/input_Checkout Your Information_firstName"), "demo"): Keys 'demo' sent to object: 'Object Repository/checkout-step-one/input_Checkout Your Information_firstName'

2023-05-11 21:52:44 - [MESSAGE][PASSED] - Keys 'demo' sent to object: 'Object Repository/checkout-step-one/input_Checkout Your Information_firstName'

2023-05-11 21:52:44 - [TEST_STEP][PASSED] - sendKeys(findTestObject("Object Repository/checkout-step-one/input_Checkout Your Information_lastName"), "qa test"): Keys 'qa test' sent to object: 'Object Repository/checkout-step-one/input_Checkout Your Information_lastName'

2023-05-11 21:52:45 - [MESSAGE][PASSED] - Keys 'qa test' sent to object: 'Object Repository/checkout-step-one/input_Checkout Your Information_lastName'

2023-05-11 21:52:45 - [TEST_STEP][PASSED] - sendKeys(findTestObject("Object Repository/checkout-step-one/input_Checkout Your Information_postalCode"), "9000"): Keys '9000' sent to object: 'Object Repository/checkout-step-one/input_Checkout Your Information_postalCode'

2023-05-11 21:52:45 - [MESSAGE][PASSED] - Keys '9000' sent to object: 'Object Repository/checkout-step-one/input_Checkout Your Information_postalCode'

2023-05-11 21:52:45 - [TEST_STEP][PASSED] - click(findTestObject("Object Repository/checkout-step-one/input_continue")): Object: 'Object Repository/checkout-step-one/input_continue' is clicked on

2023-05-11 21:52:46 - [MESSAGE][PASSED] - Object: 'Object Repository/checkout-step-one/input_continue' is clicked on

2023-05-11 21:52:46 - [TEST_STEP][PASSED] - click(findTestObject("Object Repository/finish checkout/button_Finish")): Object: 'Object Repository/finish checkout/button_Finish' is clicked on

2023-05-11 21:52:46 - [MESSAGE][PASSED] - Object: 'Object Repository/finish checkout/button_Finish' is clicked on

2023-05-11 21:52:46 - [TEST_STEP][PASSED] - verifyElementVisible(findTestObject("Object Repository/order-success/h2_Thank you for your order")): Object 'Object Repository/order-success/h2_Thank you for your order' is visible

2023-05-11 21:52:47 - [MESSAGE][PASSED] - Object 'Object Repository/order-success/h2_Thank you for your order' is visible

2023-05-11 21:52:47 - [TEST_STEP][PASSED] - click(findTestObject("Object Repository/NavSideBar/sidebar")): Object: 'Object Repository/NavSideBar/sidebar' is clicked on

2023-05-11 21:52:47 - [MESSAGE][PASSED] - Object: 'Object Repository/NavSideBar/sidebar' is clicked on

2023-05-11 21:52:47 - [TEST_STEP][PASSED] - click(findTestObject("Object Repository/NavSideBar/a_Logout")): Object: 'Object Repository/NavSideBar/a_Logout' is clicked on

2023-05-11 21:52:48 - [MESSAGE][PASSED] - Object: 'Object Repository/NavSideBar/a_Logout' is clicked on

2023-05-11 21:52:48 - [TEST_STEP][PASSED] - verifyElementVisible(findTestObject("Object Repository/Page_Swag Labs/input_Swag Labs_user-name")): Object 'Object Repository/Page_Swag Labs/input_Swag Labs_user-name' is visible

2023-05-11 21:52:48 - [MESSAGE][PASSED] - Object 'Object Repository/Page_Swag Labs/input_Swag Labs_user-name' is visible

2023-05-11 21:52:48 - [TEST_STEP][PASSED] - closeBrowser(): Browser is closed

2023-05-11 21:52:49 - [MESSAGE][PASSED] - Browser is closed]]></system-out>
         <system-err><![CDATA[]]></system-err>
      </testcase>
      <testcase name="Test Cases/test-flow-1-buy-1-product" time="12.158" classname="Test Cases/test-flow-1-buy-1-product" status="PASSED">
         <system-out><![CDATA[2023-05-11 21:52:49 - [TEST_CASE][PASSED] - Test Cases/test-flow-1-buy-1-product: Test Cases/test-flow-1-buy-1-product

2023-05-11 21:52:49 - [TEST_STEP][PASSED] - openBrowser("https://www.saucedemo.com/"): Browser is opened with url: 'https://www.saucedemo.com/'

2023-05-11 21:52:49 - [MESSAGE][INFO] - Starting 'Chrome' driver

2023-05-11 21:52:49 - [MESSAGE][INFO] - Action delay is set to 0 milliseconds

2023-05-11 21:52:52 - [MESSAGE][PASSED] - Browser is opened with url: 'https://www.saucedemo.com/'

2023-05-11 21:52:52 - [TEST_STEP][PASSED] - click(findTestObject("Object Repository/Page_Swag Labs/input_Swag Labs_user-name")): Object: 'Object Repository/Page_Swag Labs/input_Swag Labs_user-name' is clicked on

2023-05-11 21:52:52 - [MESSAGE][PASSED] - Object: 'Object Repository/Page_Swag Labs/input_Swag Labs_user-name' is clicked on

2023-05-11 21:52:52 - [TEST_STEP][PASSED] - sendKeys(findTestObject("Object Repository/Page_Swag Labs/input_Swag Labs_user-name"), "standard_user"): Keys 'standard_user' sent to object: 'Object Repository/Page_Swag Labs/input_Swag Labs_user-name'

2023-05-11 21:52:52 - [MESSAGE][PASSED] - Keys 'standard_user' sent to object: 'Object Repository/Page_Swag Labs/input_Swag Labs_user-name'

2023-05-11 21:52:52 - [TEST_STEP][PASSED] - click(findTestObject("Object Repository/Page_Swag Labs/input_Swag Labs_password")): Object: 'Object Repository/Page_Swag Labs/input_Swag Labs_password' is clicked on

2023-05-11 21:52:53 - [MESSAGE][PASSED] - Object: 'Object Repository/Page_Swag Labs/input_Swag Labs_password' is clicked on

2023-05-11 21:52:53 - [TEST_STEP][PASSED] - sendKeys(findTestObject("Object Repository/Page_Swag Labs/input_Swag Labs_password"), "secret_sauce"): Keys 'secret_sauce' sent to object: 'Object Repository/Page_Swag Labs/input_Swag Labs_password'

2023-05-11 21:52:53 - [MESSAGE][PASSED] - Keys 'secret_sauce' sent to object: 'Object Repository/Page_Swag Labs/input_Swag Labs_password'

2023-05-11 21:52:53 - [TEST_STEP][PASSED] - click(findTestObject("Object Repository/Page_Swag Labs/input_Swag Labs_login-button")): Object: 'Object Repository/Page_Swag Labs/input_Swag Labs_login-button' is clicked on

2023-05-11 21:52:53 - [MESSAGE][PASSED] - Object: 'Object Repository/Page_Swag Labs/input_Swag Labs_login-button' is clicked on

2023-05-11 21:52:53 - [TEST_STEP][PASSED] - click(findTestObject("Object Repository/inventoryPage/Backpack")): Object: 'Object Repository/inventoryPage/Backpack' is clicked on

2023-05-11 21:52:54 - [MESSAGE][PASSED] - Object: 'Object Repository/inventoryPage/Backpack' is clicked on

2023-05-11 21:52:54 - [TEST_STEP][PASSED] - click(findTestObject("Object Repository/inventoryPage/button_Add to cart")): Object: 'Object Repository/inventoryPage/button_Add to cart' is clicked on

2023-05-11 21:52:54 - [MESSAGE][PASSED] - Object: 'Object Repository/inventoryPage/button_Add to cart' is clicked on

2023-05-11 21:52:54 - [TEST_STEP][PASSED] - click(findTestObject("Object Repository/inventoryPage/products_back-image")): Object: 'Object Repository/inventoryPage/products_back-image' is clicked on

2023-05-11 21:52:55 - [MESSAGE][PASSED] - Object: 'Object Repository/inventoryPage/products_back-image' is clicked on

2023-05-11 21:52:55 - [TEST_STEP][PASSED] - click(findTestObject("Object Repository/inventoryPage/cart")): Object: 'Object Repository/inventoryPage/cart' is clicked on

2023-05-11 21:52:55 - [MESSAGE][PASSED] - Object: 'Object Repository/inventoryPage/cart' is clicked on

2023-05-11 21:52:55 - [TEST_STEP][PASSED] - click(findTestObject("Object Repository/CheckoutPage/button_Checkout")): Object: 'Object Repository/CheckoutPage/button_Checkout' is clicked on

2023-05-11 21:52:56 - [MESSAGE][PASSED] - Object: 'Object Repository/CheckoutPage/button_Checkout' is clicked on

2023-05-11 21:52:56 - [TEST_STEP][PASSED] - sendKeys(findTestObject("Object Repository/checkout-step-one/input_Checkout Your Information_firstName"), "demo"): Keys 'demo' sent to object: 'Object Repository/checkout-step-one/input_Checkout Your Information_firstName'

2023-05-11 21:52:56 - [MESSAGE][PASSED] - Keys 'demo' sent to object: 'Object Repository/checkout-step-one/input_Checkout Your Information_firstName'

2023-05-11 21:52:56 - [TEST_STEP][PASSED] - sendKeys(findTestObject("Object Repository/checkout-step-one/input_Checkout Your Information_lastName"), "qa test"): Keys 'qa test' sent to object: 'Object Repository/checkout-step-one/input_Checkout Your Information_lastName'

2023-05-11 21:52:57 - [MESSAGE][PASSED] - Keys 'qa test' sent to object: 'Object Repository/checkout-step-one/input_Checkout Your Information_lastName'

2023-05-11 21:52:57 - [TEST_STEP][PASSED] - sendKeys(findTestObject("Object Repository/checkout-step-one/input_Checkout Your Information_postalCode"), "9000"): Keys '9000' sent to object: 'Object Repository/checkout-step-one/input_Checkout Your Information_postalCode'

2023-05-11 21:52:58 - [MESSAGE][PASSED] - Keys '9000' sent to object: 'Object Repository/checkout-step-one/input_Checkout Your Information_postalCode'

2023-05-11 21:52:58 - [TEST_STEP][PASSED] - click(findTestObject("Object Repository/checkout-step-one/input_continue")): Object: 'Object Repository/checkout-step-one/input_continue' is clicked on

2023-05-11 21:52:58 - [MESSAGE][PASSED] - Object: 'Object Repository/checkout-step-one/input_continue' is clicked on

2023-05-11 21:52:58 - [TEST_STEP][PASSED] - click(findTestObject("Object Repository/finish checkout/button_Finish")): Object: 'Object Repository/finish checkout/button_Finish' is clicked on

2023-05-11 21:52:59 - [MESSAGE][PASSED] - Object: 'Object Repository/finish checkout/button_Finish' is clicked on

2023-05-11 21:52:59 - [TEST_STEP][PASSED] - verifyElementVisible(findTestObject("Object Repository/order-success/h2_Thank you for your order")): Object 'Object Repository/order-success/h2_Thank you for your order' is visible

2023-05-11 21:52:59 - [MESSAGE][PASSED] - Object 'Object Repository/order-success/h2_Thank you for your order' is visible

2023-05-11 21:52:59 - [TEST_STEP][PASSED] - click(findTestObject("Object Repository/NavSideBar/sidebar")): Object: 'Object Repository/NavSideBar/sidebar' is clicked on

2023-05-11 21:53:00 - [MESSAGE][PASSED] - Object: 'Object Repository/NavSideBar/sidebar' is clicked on

2023-05-11 21:53:00 - [TEST_STEP][PASSED] - click(findTestObject("Object Repository/NavSideBar/a_Logout")): Object: 'Object Repository/NavSideBar/a_Logout' is clicked on

2023-05-11 21:53:00 - [MESSAGE][PASSED] - Object: 'Object Repository/NavSideBar/a_Logout' is clicked on

2023-05-11 21:53:00 - [TEST_STEP][PASSED] - verifyElementVisible(findTestObject("Object Repository/Page_Swag Labs/input_Swag Labs_user-name")): Object 'Object Repository/Page_Swag Labs/input_Swag Labs_user-name' is visible

2023-05-11 21:53:01 - [MESSAGE][PASSED] - Object 'Object Repository/Page_Swag Labs/input_Swag Labs_user-name' is visible

2023-05-11 21:53:01 - [TEST_STEP][PASSED] - closeBrowser(): Browser is closed

2023-05-11 21:53:01 - [MESSAGE][PASSED] - Browser is closed]]></system-out>
         <system-err><![CDATA[]]></system-err>
      </testcase>
      <testcase name="Test Cases/test-flow-1-buy-1-product" time="12.598" classname="Test Cases/test-flow-1-buy-1-product" status="PASSED">
         <system-out><![CDATA[2023-05-11 21:53:01 - [TEST_CASE][PASSED] - Test Cases/test-flow-1-buy-1-product: Test Cases/test-flow-1-buy-1-product

2023-05-11 21:53:01 - [TEST_STEP][PASSED] - openBrowser("https://www.saucedemo.com/"): Browser is opened with url: 'https://www.saucedemo.com/'

2023-05-11 21:53:01 - [MESSAGE][INFO] - Starting 'Chrome' driver

2023-05-11 21:53:01 - [MESSAGE][INFO] - Action delay is set to 0 milliseconds

2023-05-11 21:53:04 - [MESSAGE][PASSED] - Browser is opened with url: 'https://www.saucedemo.com/'

2023-05-11 21:53:04 - [TEST_STEP][PASSED] - click(findTestObject("Object Repository/Page_Swag Labs/input_Swag Labs_user-name")): Object: 'Object Repository/Page_Swag Labs/input_Swag Labs_user-name' is clicked on

2023-05-11 21:53:05 - [MESSAGE][PASSED] - Object: 'Object Repository/Page_Swag Labs/input_Swag Labs_user-name' is clicked on

2023-05-11 21:53:05 - [TEST_STEP][PASSED] - sendKeys(findTestObject("Object Repository/Page_Swag Labs/input_Swag Labs_user-name"), "standard_user"): Keys 'standard_user' sent to object: 'Object Repository/Page_Swag Labs/input_Swag Labs_user-name'

2023-05-11 21:53:05 - [MESSAGE][PASSED] - Keys 'standard_user' sent to object: 'Object Repository/Page_Swag Labs/input_Swag Labs_user-name'

2023-05-11 21:53:05 - [TEST_STEP][PASSED] - click(findTestObject("Object Repository/Page_Swag Labs/input_Swag Labs_password")): Object: 'Object Repository/Page_Swag Labs/input_Swag Labs_password' is clicked on

2023-05-11 21:53:05 - [MESSAGE][PASSED] - Object: 'Object Repository/Page_Swag Labs/input_Swag Labs_password' is clicked on

2023-05-11 21:53:05 - [TEST_STEP][PASSED] - sendKeys(findTestObject("Object Repository/Page_Swag Labs/input_Swag Labs_password"), "secret_sauce"): Keys 'secret_sauce' sent to object: 'Object Repository/Page_Swag Labs/input_Swag Labs_password'

2023-05-11 21:53:06 - [MESSAGE][PASSED] - Keys 'secret_sauce' sent to object: 'Object Repository/Page_Swag Labs/input_Swag Labs_password'

2023-05-11 21:53:06 - [TEST_STEP][PASSED] - click(findTestObject("Object Repository/Page_Swag Labs/input_Swag Labs_login-button")): Object: 'Object Repository/Page_Swag Labs/input_Swag Labs_login-button' is clicked on

2023-05-11 21:53:06 - [MESSAGE][PASSED] - Object: 'Object Repository/Page_Swag Labs/input_Swag Labs_login-button' is clicked on

2023-05-11 21:53:06 - [TEST_STEP][PASSED] - click(findTestObject("Object Repository/inventoryPage/Backpack")): Object: 'Object Repository/inventoryPage/Backpack' is clicked on

2023-05-11 21:53:07 - [MESSAGE][PASSED] - Object: 'Object Repository/inventoryPage/Backpack' is clicked on

2023-05-11 21:53:07 - [TEST_STEP][PASSED] - click(findTestObject("Object Repository/inventoryPage/button_Add to cart")): Object: 'Object Repository/inventoryPage/button_Add to cart' is clicked on

2023-05-11 21:53:07 - [MESSAGE][PASSED] - Object: 'Object Repository/inventoryPage/button_Add to cart' is clicked on

2023-05-11 21:53:07 - [TEST_STEP][PASSED] - click(findTestObject("Object Repository/inventoryPage/products_back-image")): Object: 'Object Repository/inventoryPage/products_back-image' is clicked on

2023-05-11 21:53:08 - [MESSAGE][PASSED] - Object: 'Object Repository/inventoryPage/products_back-image' is clicked on

2023-05-11 21:53:08 - [TEST_STEP][PASSED] - click(findTestObject("Object Repository/inventoryPage/cart")): Object: 'Object Repository/inventoryPage/cart' is clicked on

2023-05-11 21:53:08 - [MESSAGE][PASSED] - Object: 'Object Repository/inventoryPage/cart' is clicked on

2023-05-11 21:53:08 - [TEST_STEP][PASSED] - click(findTestObject("Object Repository/CheckoutPage/button_Checkout")): Object: 'Object Repository/CheckoutPage/button_Checkout' is clicked on

2023-05-11 21:53:09 - [MESSAGE][PASSED] - Object: 'Object Repository/CheckoutPage/button_Checkout' is clicked on

2023-05-11 21:53:09 - [TEST_STEP][PASSED] - sendKeys(findTestObject("Object Repository/checkout-step-one/input_Checkout Your Information_firstName"), "demo"): Keys 'demo' sent to object: 'Object Repository/checkout-step-one/input_Checkout Your Information_firstName'

2023-05-11 21:53:09 - [MESSAGE][PASSED] - Keys 'demo' sent to object: 'Object Repository/checkout-step-one/input_Checkout Your Information_firstName'

2023-05-11 21:53:09 - [TEST_STEP][PASSED] - sendKeys(findTestObject("Object Repository/checkout-step-one/input_Checkout Your Information_lastName"), "qa test"): Keys 'qa test' sent to object: 'Object Repository/checkout-step-one/input_Checkout Your Information_lastName'

2023-05-11 21:53:10 - [MESSAGE][PASSED] - Keys 'qa test' sent to object: 'Object Repository/checkout-step-one/input_Checkout Your Information_lastName'

2023-05-11 21:53:10 - [TEST_STEP][PASSED] - sendKeys(findTestObject("Object Repository/checkout-step-one/input_Checkout Your Information_postalCode"), "9000"): Keys '9000' sent to object: 'Object Repository/checkout-step-one/input_Checkout Your Information_postalCode'

2023-05-11 21:53:10 - [MESSAGE][PASSED] - Keys '9000' sent to object: 'Object Repository/checkout-step-one/input_Checkout Your Information_postalCode'

2023-05-11 21:53:10 - [TEST_STEP][PASSED] - click(findTestObject("Object Repository/checkout-step-one/input_continue")): Object: 'Object Repository/checkout-step-one/input_continue' is clicked on

2023-05-11 21:53:11 - [MESSAGE][PASSED] - Object: 'Object Repository/checkout-step-one/input_continue' is clicked on

2023-05-11 21:53:11 - [TEST_STEP][PASSED] - click(findTestObject("Object Repository/finish checkout/button_Finish")): Object: 'Object Repository/finish checkout/button_Finish' is clicked on

2023-05-11 21:53:11 - [MESSAGE][PASSED] - Object: 'Object Repository/finish checkout/button_Finish' is clicked on

2023-05-11 21:53:11 - [TEST_STEP][PASSED] - verifyElementVisible(findTestObject("Object Repository/order-success/h2_Thank you for your order")): Object 'Object Repository/order-success/h2_Thank you for your order' is visible

2023-05-11 21:53:12 - [MESSAGE][PASSED] - Object 'Object Repository/order-success/h2_Thank you for your order' is visible

2023-05-11 21:53:12 - [TEST_STEP][PASSED] - click(findTestObject("Object Repository/NavSideBar/sidebar")): Object: 'Object Repository/NavSideBar/sidebar' is clicked on

2023-05-11 21:53:12 - [MESSAGE][PASSED] - Object: 'Object Repository/NavSideBar/sidebar' is clicked on

2023-05-11 21:53:12 - [TEST_STEP][PASSED] - click(findTestObject("Object Repository/NavSideBar/a_Logout")): Object: 'Object Repository/NavSideBar/a_Logout' is clicked on

2023-05-11 21:53:13 - [MESSAGE][PASSED] - Object: 'Object Repository/NavSideBar/a_Logout' is clicked on

2023-05-11 21:53:13 - [TEST_STEP][PASSED] - verifyElementVisible(findTestObject("Object Repository/Page_Swag Labs/input_Swag Labs_user-name")): Object 'Object Repository/Page_Swag Labs/input_Swag Labs_user-name' is visible

2023-05-11 21:53:13 - [MESSAGE][PASSED] - Object 'Object Repository/Page_Swag Labs/input_Swag Labs_user-name' is visible

2023-05-11 21:53:13 - [TEST_STEP][PASSED] - closeBrowser(): Browser is closed

2023-05-11 21:53:14 - [MESSAGE][PASSED] - Browser is closed]]></system-out>
         <system-err><![CDATA[]]></system-err>
      </testcase>
      <testcase name="Test Cases/test-flow-1-buy-1-product" time="12.219" classname="Test Cases/test-flow-1-buy-1-product" status="PASSED">
         <system-out><![CDATA[2023-05-11 21:53:14 - [TEST_CASE][PASSED] - Test Cases/test-flow-1-buy-1-product: Test Cases/test-flow-1-buy-1-product

2023-05-11 21:53:14 - [TEST_STEP][PASSED] - openBrowser("https://www.saucedemo.com/"): Browser is opened with url: 'https://www.saucedemo.com/'

2023-05-11 21:53:14 - [MESSAGE][INFO] - Starting 'Chrome' driver

2023-05-11 21:53:14 - [MESSAGE][INFO] - Action delay is set to 0 milliseconds

2023-05-11 21:53:16 - [MESSAGE][PASSED] - Browser is opened with url: 'https://www.saucedemo.com/'

2023-05-11 21:53:16 - [TEST_STEP][PASSED] - click(findTestObject("Object Repository/Page_Swag Labs/input_Swag Labs_user-name")): Object: 'Object Repository/Page_Swag Labs/input_Swag Labs_user-name' is clicked on

2023-05-11 21:53:17 - [MESSAGE][PASSED] - Object: 'Object Repository/Page_Swag Labs/input_Swag Labs_user-name' is clicked on

2023-05-11 21:53:17 - [TEST_STEP][PASSED] - sendKeys(findTestObject("Object Repository/Page_Swag Labs/input_Swag Labs_user-name"), "standard_user"): Keys 'standard_user' sent to object: 'Object Repository/Page_Swag Labs/input_Swag Labs_user-name'

2023-05-11 21:53:17 - [MESSAGE][PASSED] - Keys 'standard_user' sent to object: 'Object Repository/Page_Swag Labs/input_Swag Labs_user-name'

2023-05-11 21:53:17 - [TEST_STEP][PASSED] - click(findTestObject("Object Repository/Page_Swag Labs/input_Swag Labs_password")): Object: 'Object Repository/Page_Swag Labs/input_Swag Labs_password' is clicked on

2023-05-11 21:53:18 - [MESSAGE][PASSED] - Object: 'Object Repository/Page_Swag Labs/input_Swag Labs_password' is clicked on

2023-05-11 21:53:18 - [TEST_STEP][PASSED] - sendKeys(findTestObject("Object Repository/Page_Swag Labs/input_Swag Labs_password"), "secret_sauce"): Keys 'secret_sauce' sent to object: 'Object Repository/Page_Swag Labs/input_Swag Labs_password'

2023-05-11 21:53:18 - [MESSAGE][PASSED] - Keys 'secret_sauce' sent to object: 'Object Repository/Page_Swag Labs/input_Swag Labs_password'

2023-05-11 21:53:18 - [TEST_STEP][PASSED] - click(findTestObject("Object Repository/Page_Swag Labs/input_Swag Labs_login-button")): Object: 'Object Repository/Page_Swag Labs/input_Swag Labs_login-button' is clicked on

2023-05-11 21:53:18 - [MESSAGE][PASSED] - Object: 'Object Repository/Page_Swag Labs/input_Swag Labs_login-button' is clicked on

2023-05-11 21:53:18 - [TEST_STEP][PASSED] - click(findTestObject("Object Repository/inventoryPage/Backpack")): Object: 'Object Repository/inventoryPage/Backpack' is clicked on

2023-05-11 21:53:19 - [MESSAGE][PASSED] - Object: 'Object Repository/inventoryPage/Backpack' is clicked on

2023-05-11 21:53:19 - [TEST_STEP][PASSED] - click(findTestObject("Object Repository/inventoryPage/button_Add to cart")): Object: 'Object Repository/inventoryPage/button_Add to cart' is clicked on

2023-05-11 21:53:19 - [MESSAGE][PASSED] - Object: 'Object Repository/inventoryPage/button_Add to cart' is clicked on

2023-05-11 21:53:19 - [TEST_STEP][PASSED] - click(findTestObject("Object Repository/inventoryPage/products_back-image")): Object: 'Object Repository/inventoryPage/products_back-image' is clicked on

2023-05-11 21:53:20 - [MESSAGE][PASSED] - Object: 'Object Repository/inventoryPage/products_back-image' is clicked on

2023-05-11 21:53:20 - [TEST_STEP][PASSED] - click(findTestObject("Object Repository/inventoryPage/cart")): Object: 'Object Repository/inventoryPage/cart' is clicked on

2023-05-11 21:53:20 - [MESSAGE][PASSED] - Object: 'Object Repository/inventoryPage/cart' is clicked on

2023-05-11 21:53:20 - [TEST_STEP][PASSED] - click(findTestObject("Object Repository/CheckoutPage/button_Checkout")): Object: 'Object Repository/CheckoutPage/button_Checkout' is clicked on

2023-05-11 21:53:21 - [MESSAGE][PASSED] - Object: 'Object Repository/CheckoutPage/button_Checkout' is clicked on

2023-05-11 21:53:21 - [TEST_STEP][PASSED] - sendKeys(findTestObject("Object Repository/checkout-step-one/input_Checkout Your Information_firstName"), "demo"): Keys 'demo' sent to object: 'Object Repository/checkout-step-one/input_Checkout Your Information_firstName'

2023-05-11 21:53:21 - [MESSAGE][PASSED] - Keys 'demo' sent to object: 'Object Repository/checkout-step-one/input_Checkout Your Information_firstName'

2023-05-11 21:53:21 - [TEST_STEP][PASSED] - sendKeys(findTestObject("Object Repository/checkout-step-one/input_Checkout Your Information_lastName"), "qa test"): Keys 'qa test' sent to object: 'Object Repository/checkout-step-one/input_Checkout Your Information_lastName'

2023-05-11 21:53:22 - [MESSAGE][PASSED] - Keys 'qa test' sent to object: 'Object Repository/checkout-step-one/input_Checkout Your Information_lastName'

2023-05-11 21:53:22 - [TEST_STEP][PASSED] - sendKeys(findTestObject("Object Repository/checkout-step-one/input_Checkout Your Information_postalCode"), "9000"): Keys '9000' sent to object: 'Object Repository/checkout-step-one/input_Checkout Your Information_postalCode'

2023-05-11 21:53:22 - [MESSAGE][PASSED] - Keys '9000' sent to object: 'Object Repository/checkout-step-one/input_Checkout Your Information_postalCode'

2023-05-11 21:53:22 - [TEST_STEP][PASSED] - click(findTestObject("Object Repository/checkout-step-one/input_continue")): Object: 'Object Repository/checkout-step-one/input_continue' is clicked on

2023-05-11 21:53:23 - [MESSAGE][PASSED] - Object: 'Object Repository/checkout-step-one/input_continue' is clicked on

2023-05-11 21:53:23 - [TEST_STEP][PASSED] - click(findTestObject("Object Repository/finish checkout/button_Finish")): Object: 'Object Repository/finish checkout/button_Finish' is clicked on

2023-05-11 21:53:24 - [MESSAGE][PASSED] - Object: 'Object Repository/finish checkout/button_Finish' is clicked on

2023-05-11 21:53:24 - [TEST_STEP][PASSED] - verifyElementVisible(findTestObject("Object Repository/order-success/h2_Thank you for your order")): Object 'Object Repository/order-success/h2_Thank you for your order' is visible

2023-05-11 21:53:24 - [MESSAGE][PASSED] - Object 'Object Repository/order-success/h2_Thank you for your order' is visible

2023-05-11 21:53:24 - [TEST_STEP][PASSED] - click(findTestObject("Object Repository/NavSideBar/sidebar")): Object: 'Object Repository/NavSideBar/sidebar' is clicked on

2023-05-11 21:53:24 - [MESSAGE][PASSED] - Object: 'Object Repository/NavSideBar/sidebar' is clicked on

2023-05-11 21:53:24 - [TEST_STEP][PASSED] - click(findTestObject("Object Repository/NavSideBar/a_Logout")): Object: 'Object Repository/NavSideBar/a_Logout' is clicked on

2023-05-11 21:53:25 - [MESSAGE][PASSED] - Object: 'Object Repository/NavSideBar/a_Logout' is clicked on

2023-05-11 21:53:25 - [TEST_STEP][PASSED] - verifyElementVisible(findTestObject("Object Repository/Page_Swag Labs/input_Swag Labs_user-name")): Object 'Object Repository/Page_Swag Labs/input_Swag Labs_user-name' is visible

2023-05-11 21:53:25 - [MESSAGE][PASSED] - Object 'Object Repository/Page_Swag Labs/input_Swag Labs_user-name' is visible

2023-05-11 21:53:25 - [TEST_STEP][PASSED] - closeBrowser(): Browser is closed

2023-05-11 21:53:26 - [MESSAGE][PASSED] - Browser is closed]]></system-out>
         <system-err><![CDATA[]]></system-err>
      </testcase>
      <testcase name="Test Cases/test-flow-1-buy-1-product" time="12.817" classname="Test Cases/test-flow-1-buy-1-product" status="PASSED">
         <system-out><![CDATA[2023-05-11 21:53:26 - [TEST_CASE][PASSED] - Test Cases/test-flow-1-buy-1-product: Test Cases/test-flow-1-buy-1-product

2023-05-11 21:53:26 - [TEST_STEP][PASSED] - openBrowser("https://www.saucedemo.com/"): Browser is opened with url: 'https://www.saucedemo.com/'

2023-05-11 21:53:26 - [MESSAGE][INFO] - Starting 'Chrome' driver

2023-05-11 21:53:26 - [MESSAGE][INFO] - Action delay is set to 0 milliseconds

2023-05-11 21:53:29 - [MESSAGE][PASSED] - Browser is opened with url: 'https://www.saucedemo.com/'

2023-05-11 21:53:29 - [TEST_STEP][PASSED] - click(findTestObject("Object Repository/Page_Swag Labs/input_Swag Labs_user-name")): Object: 'Object Repository/Page_Swag Labs/input_Swag Labs_user-name' is clicked on

2023-05-11 21:53:30 - [MESSAGE][PASSED] - Object: 'Object Repository/Page_Swag Labs/input_Swag Labs_user-name' is clicked on

2023-05-11 21:53:30 - [TEST_STEP][PASSED] - sendKeys(findTestObject("Object Repository/Page_Swag Labs/input_Swag Labs_user-name"), "standard_user"): Keys 'standard_user' sent to object: 'Object Repository/Page_Swag Labs/input_Swag Labs_user-name'

2023-05-11 21:53:30 - [MESSAGE][PASSED] - Keys 'standard_user' sent to object: 'Object Repository/Page_Swag Labs/input_Swag Labs_user-name'

2023-05-11 21:53:30 - [TEST_STEP][PASSED] - click(findTestObject("Object Repository/Page_Swag Labs/input_Swag Labs_password")): Object: 'Object Repository/Page_Swag Labs/input_Swag Labs_password' is clicked on

2023-05-11 21:53:30 - [MESSAGE][PASSED] - Object: 'Object Repository/Page_Swag Labs/input_Swag Labs_password' is clicked on

2023-05-11 21:53:30 - [TEST_STEP][PASSED] - sendKeys(findTestObject("Object Repository/Page_Swag Labs/input_Swag Labs_password"), "secret_sauce"): Keys 'secret_sauce' sent to object: 'Object Repository/Page_Swag Labs/input_Swag Labs_password'

2023-05-11 21:53:31 - [MESSAGE][PASSED] - Keys 'secret_sauce' sent to object: 'Object Repository/Page_Swag Labs/input_Swag Labs_password'

2023-05-11 21:53:31 - [TEST_STEP][PASSED] - click(findTestObject("Object Repository/Page_Swag Labs/input_Swag Labs_login-button")): Object: 'Object Repository/Page_Swag Labs/input_Swag Labs_login-button' is clicked on

2023-05-11 21:53:31 - [MESSAGE][PASSED] - Object: 'Object Repository/Page_Swag Labs/input_Swag Labs_login-button' is clicked on

2023-05-11 21:53:31 - [TEST_STEP][PASSED] - click(findTestObject("Object Repository/inventoryPage/Backpack")): Object: 'Object Repository/inventoryPage/Backpack' is clicked on

2023-05-11 21:53:31 - [MESSAGE][PASSED] - Object: 'Object Repository/inventoryPage/Backpack' is clicked on

2023-05-11 21:53:31 - [TEST_STEP][PASSED] - click(findTestObject("Object Repository/inventoryPage/button_Add to cart")): Object: 'Object Repository/inventoryPage/button_Add to cart' is clicked on

2023-05-11 21:53:32 - [MESSAGE][PASSED] - Object: 'Object Repository/inventoryPage/button_Add to cart' is clicked on

2023-05-11 21:53:32 - [TEST_STEP][PASSED] - click(findTestObject("Object Repository/inventoryPage/products_back-image")): Object: 'Object Repository/inventoryPage/products_back-image' is clicked on

2023-05-11 21:53:32 - [MESSAGE][PASSED] - Object: 'Object Repository/inventoryPage/products_back-image' is clicked on

2023-05-11 21:53:32 - [TEST_STEP][PASSED] - click(findTestObject("Object Repository/inventoryPage/cart")): Object: 'Object Repository/inventoryPage/cart' is clicked on

2023-05-11 21:53:33 - [MESSAGE][PASSED] - Object: 'Object Repository/inventoryPage/cart' is clicked on

2023-05-11 21:53:33 - [TEST_STEP][PASSED] - click(findTestObject("Object Repository/CheckoutPage/button_Checkout")): Object: 'Object Repository/CheckoutPage/button_Checkout' is clicked on

2023-05-11 21:53:34 - [MESSAGE][PASSED] - Object: 'Object Repository/CheckoutPage/button_Checkout' is clicked on

2023-05-11 21:53:34 - [TEST_STEP][PASSED] - sendKeys(findTestObject("Object Repository/checkout-step-one/input_Checkout Your Information_firstName"), "demo"): Keys 'demo' sent to object: 'Object Repository/checkout-step-one/input_Checkout Your Information_firstName'

2023-05-11 21:53:34 - [MESSAGE][PASSED] - Keys 'demo' sent to object: 'Object Repository/checkout-step-one/input_Checkout Your Information_firstName'

2023-05-11 21:53:34 - [TEST_STEP][PASSED] - sendKeys(findTestObject("Object Repository/checkout-step-one/input_Checkout Your Information_lastName"), "qa test"): Keys 'qa test' sent to object: 'Object Repository/checkout-step-one/input_Checkout Your Information_lastName'

2023-05-11 21:53:35 - [MESSAGE][PASSED] - Keys 'qa test' sent to object: 'Object Repository/checkout-step-one/input_Checkout Your Information_lastName'

2023-05-11 21:53:35 - [TEST_STEP][PASSED] - sendKeys(findTestObject("Object Repository/checkout-step-one/input_Checkout Your Information_postalCode"), "9000"): Keys '9000' sent to object: 'Object Repository/checkout-step-one/input_Checkout Your Information_postalCode'

2023-05-11 21:53:35 - [MESSAGE][PASSED] - Keys '9000' sent to object: 'Object Repository/checkout-step-one/input_Checkout Your Information_postalCode'

2023-05-11 21:53:35 - [TEST_STEP][PASSED] - click(findTestObject("Object Repository/checkout-step-one/input_continue")): Object: 'Object Repository/checkout-step-one/input_continue' is clicked on

2023-05-11 21:53:36 - [MESSAGE][PASSED] - Object: 'Object Repository/checkout-step-one/input_continue' is clicked on

2023-05-11 21:53:36 - [TEST_STEP][PASSED] - click(findTestObject("Object Repository/finish checkout/button_Finish")): Object: 'Object Repository/finish checkout/button_Finish' is clicked on

2023-05-11 21:53:36 - [MESSAGE][PASSED] - Object: 'Object Repository/finish checkout/button_Finish' is clicked on

2023-05-11 21:53:36 - [TEST_STEP][PASSED] - verifyElementVisible(findTestObject("Object Repository/order-success/h2_Thank you for your order")): Object 'Object Repository/order-success/h2_Thank you for your order' is visible

2023-05-11 21:53:37 - [MESSAGE][PASSED] - Object 'Object Repository/order-success/h2_Thank you for your order' is visible

2023-05-11 21:53:37 - [TEST_STEP][PASSED] - click(findTestObject("Object Repository/NavSideBar/sidebar")): Object: 'Object Repository/NavSideBar/sidebar' is clicked on

2023-05-11 21:53:37 - [MESSAGE][PASSED] - Object: 'Object Repository/NavSideBar/sidebar' is clicked on

2023-05-11 21:53:37 - [TEST_STEP][PASSED] - click(findTestObject("Object Repository/NavSideBar/a_Logout")): Object: 'Object Repository/NavSideBar/a_Logout' is clicked on

2023-05-11 21:53:38 - [MESSAGE][PASSED] - Object: 'Object Repository/NavSideBar/a_Logout' is clicked on

2023-05-11 21:53:38 - [TEST_STEP][PASSED] - verifyElementVisible(findTestObject("Object Repository/Page_Swag Labs/input_Swag Labs_user-name")): Object 'Object Repository/Page_Swag Labs/input_Swag Labs_user-name' is visible

2023-05-11 21:53:38 - [MESSAGE][PASSED] - Object 'Object Repository/Page_Swag Labs/input_Swag Labs_user-name' is visible

2023-05-11 21:53:38 - [TEST_STEP][PASSED] - closeBrowser(): Browser is closed

2023-05-11 21:53:39 - [MESSAGE][PASSED] - Browser is closed]]></system-out>
         <system-err><![CDATA[]]></system-err>
      </testcase>
      <testcase name="Test Cases/test-flow-1-buy-1-product" time="13.6" classname="Test Cases/test-flow-1-buy-1-product" status="PASSED">
         <system-out><![CDATA[2023-05-11 21:53:39 - [TEST_CASE][PASSED] - Test Cases/test-flow-1-buy-1-product: Test Cases/test-flow-1-buy-1-product

2023-05-11 21:53:39 - [TEST_STEP][PASSED] - openBrowser("https://www.saucedemo.com/"): Browser is opened with url: 'https://www.saucedemo.com/'

2023-05-11 21:53:39 - [MESSAGE][INFO] - Starting 'Chrome' driver

2023-05-11 21:53:39 - [MESSAGE][INFO] - Action delay is set to 0 milliseconds

2023-05-11 21:53:43 - [MESSAGE][PASSED] - Browser is opened with url: 'https://www.saucedemo.com/'

2023-05-11 21:53:43 - [TEST_STEP][PASSED] - click(findTestObject("Object Repository/Page_Swag Labs/input_Swag Labs_user-name")): Object: 'Object Repository/Page_Swag Labs/input_Swag Labs_user-name' is clicked on

2023-05-11 21:53:43 - [MESSAGE][PASSED] - Object: 'Object Repository/Page_Swag Labs/input_Swag Labs_user-name' is clicked on

2023-05-11 21:53:43 - [TEST_STEP][PASSED] - sendKeys(findTestObject("Object Repository/Page_Swag Labs/input_Swag Labs_user-name"), "standard_user"): Keys 'standard_user' sent to object: 'Object Repository/Page_Swag Labs/input_Swag Labs_user-name'

2023-05-11 21:53:43 - [MESSAGE][PASSED] - Keys 'standard_user' sent to object: 'Object Repository/Page_Swag Labs/input_Swag Labs_user-name'

2023-05-11 21:53:43 - [TEST_STEP][PASSED] - click(findTestObject("Object Repository/Page_Swag Labs/input_Swag Labs_password")): Object: 'Object Repository/Page_Swag Labs/input_Swag Labs_password' is clicked on

2023-05-11 21:53:44 - [MESSAGE][PASSED] - Object: 'Object Repository/Page_Swag Labs/input_Swag Labs_password' is clicked on

2023-05-11 21:53:44 - [TEST_STEP][PASSED] - sendKeys(findTestObject("Object Repository/Page_Swag Labs/input_Swag Labs_password"), "secret_sauce"): Keys 'secret_sauce' sent to object: 'Object Repository/Page_Swag Labs/input_Swag Labs_password'

2023-05-11 21:53:44 - [MESSAGE][PASSED] - Keys 'secret_sauce' sent to object: 'Object Repository/Page_Swag Labs/input_Swag Labs_password'

2023-05-11 21:53:44 - [TEST_STEP][PASSED] - click(findTestObject("Object Repository/Page_Swag Labs/input_Swag Labs_login-button")): Object: 'Object Repository/Page_Swag Labs/input_Swag Labs_login-button' is clicked on

2023-05-11 21:53:45 - [MESSAGE][PASSED] - Object: 'Object Repository/Page_Swag Labs/input_Swag Labs_login-button' is clicked on

2023-05-11 21:53:45 - [TEST_STEP][PASSED] - click(findTestObject("Object Repository/inventoryPage/Backpack")): Object: 'Object Repository/inventoryPage/Backpack' is clicked on

2023-05-11 21:53:45 - [MESSAGE][PASSED] - Object: 'Object Repository/inventoryPage/Backpack' is clicked on

2023-05-11 21:53:45 - [TEST_STEP][PASSED] - click(findTestObject("Object Repository/inventoryPage/button_Add to cart")): Object: 'Object Repository/inventoryPage/button_Add to cart' is clicked on

2023-05-11 21:53:45 - [MESSAGE][PASSED] - Object: 'Object Repository/inventoryPage/button_Add to cart' is clicked on

2023-05-11 21:53:45 - [TEST_STEP][PASSED] - click(findTestObject("Object Repository/inventoryPage/products_back-image")): Object: 'Object Repository/inventoryPage/products_back-image' is clicked on

2023-05-11 21:53:46 - [MESSAGE][PASSED] - Object: 'Object Repository/inventoryPage/products_back-image' is clicked on

2023-05-11 21:53:46 - [TEST_STEP][PASSED] - click(findTestObject("Object Repository/inventoryPage/cart")): Object: 'Object Repository/inventoryPage/cart' is clicked on

2023-05-11 21:53:47 - [MESSAGE][PASSED] - Object: 'Object Repository/inventoryPage/cart' is clicked on

2023-05-11 21:53:47 - [TEST_STEP][PASSED] - click(findTestObject("Object Repository/CheckoutPage/button_Checkout")): Object: 'Object Repository/CheckoutPage/button_Checkout' is clicked on

2023-05-11 21:53:47 - [MESSAGE][PASSED] - Object: 'Object Repository/CheckoutPage/button_Checkout' is clicked on

2023-05-11 21:53:47 - [TEST_STEP][PASSED] - sendKeys(findTestObject("Object Repository/checkout-step-one/input_Checkout Your Information_firstName"), "demo"): Keys 'demo' sent to object: 'Object Repository/checkout-step-one/input_Checkout Your Information_firstName'

2023-05-11 21:53:48 - [MESSAGE][PASSED] - Keys 'demo' sent to object: 'Object Repository/checkout-step-one/input_Checkout Your Information_firstName'

2023-05-11 21:53:48 - [TEST_STEP][PASSED] - sendKeys(findTestObject("Object Repository/checkout-step-one/input_Checkout Your Information_lastName"), "qa test"): Keys 'qa test' sent to object: 'Object Repository/checkout-step-one/input_Checkout Your Information_lastName'

2023-05-11 21:53:48 - [MESSAGE][PASSED] - Keys 'qa test' sent to object: 'Object Repository/checkout-step-one/input_Checkout Your Information_lastName'

2023-05-11 21:53:48 - [TEST_STEP][PASSED] - sendKeys(findTestObject("Object Repository/checkout-step-one/input_Checkout Your Information_postalCode"), "9000"): Keys '9000' sent to object: 'Object Repository/checkout-step-one/input_Checkout Your Information_postalCode'

2023-05-11 21:53:49 - [MESSAGE][PASSED] - Keys '9000' sent to object: 'Object Repository/checkout-step-one/input_Checkout Your Information_postalCode'

2023-05-11 21:53:49 - [TEST_STEP][PASSED] - click(findTestObject("Object Repository/checkout-step-one/input_continue")): Object: 'Object Repository/checkout-step-one/input_continue' is clicked on

2023-05-11 21:53:49 - [MESSAGE][PASSED] - Object: 'Object Repository/checkout-step-one/input_continue' is clicked on

2023-05-11 21:53:49 - [TEST_STEP][PASSED] - click(findTestObject("Object Repository/finish checkout/button_Finish")): Object: 'Object Repository/finish checkout/button_Finish' is clicked on

2023-05-11 21:53:50 - [MESSAGE][PASSED] - Object: 'Object Repository/finish checkout/button_Finish' is clicked on

2023-05-11 21:53:50 - [TEST_STEP][PASSED] - verifyElementVisible(findTestObject("Object Repository/order-success/h2_Thank you for your order")): Object 'Object Repository/order-success/h2_Thank you for your order' is visible

2023-05-11 21:53:50 - [MESSAGE][PASSED] - Object 'Object Repository/order-success/h2_Thank you for your order' is visible

2023-05-11 21:53:50 - [TEST_STEP][PASSED] - click(findTestObject("Object Repository/NavSideBar/sidebar")): Object: 'Object Repository/NavSideBar/sidebar' is clicked on

2023-05-11 21:53:51 - [MESSAGE][PASSED] - Object: 'Object Repository/NavSideBar/sidebar' is clicked on

2023-05-11 21:53:51 - [TEST_STEP][PASSED] - click(findTestObject("Object Repository/NavSideBar/a_Logout")): Object: 'Object Repository/NavSideBar/a_Logout' is clicked on

2023-05-11 21:53:51 - [MESSAGE][PASSED] - Object: 'Object Repository/NavSideBar/a_Logout' is clicked on

2023-05-11 21:53:51 - [TEST_STEP][PASSED] - verifyElementVisible(findTestObject("Object Repository/Page_Swag Labs/input_Swag Labs_user-name")): Object 'Object Repository/Page_Swag Labs/input_Swag Labs_user-name' is visible

2023-05-11 21:53:52 - [MESSAGE][PASSED] - Object 'Object Repository/Page_Swag Labs/input_Swag Labs_user-name' is visible

2023-05-11 21:53:52 - [TEST_STEP][PASSED] - closeBrowser(): Browser is closed

2023-05-11 21:53:53 - [MESSAGE][PASSED] - Browser is closed]]></system-out>
         <system-err><![CDATA[]]></system-err>
      </testcase>
      <testcase name="Test Cases/test-flow-1-buy-1-product" time="12.643" classname="Test Cases/test-flow-1-buy-1-product" status="PASSED">
         <system-out><![CDATA[2023-05-11 21:53:53 - [TEST_CASE][PASSED] - Test Cases/test-flow-1-buy-1-product: Test Cases/test-flow-1-buy-1-product

2023-05-11 21:53:53 - [TEST_STEP][PASSED] - openBrowser("https://www.saucedemo.com/"): Browser is opened with url: 'https://www.saucedemo.com/'

2023-05-11 21:53:53 - [MESSAGE][INFO] - Starting 'Chrome' driver

2023-05-11 21:53:53 - [MESSAGE][INFO] - Action delay is set to 0 milliseconds

2023-05-11 21:53:55 - [MESSAGE][PASSED] - Browser is opened with url: 'https://www.saucedemo.com/'

2023-05-11 21:53:55 - [TEST_STEP][PASSED] - click(findTestObject("Object Repository/Page_Swag Labs/input_Swag Labs_user-name")): Object: 'Object Repository/Page_Swag Labs/input_Swag Labs_user-name' is clicked on

2023-05-11 21:53:56 - [MESSAGE][PASSED] - Object: 'Object Repository/Page_Swag Labs/input_Swag Labs_user-name' is clicked on

2023-05-11 21:53:56 - [TEST_STEP][PASSED] - sendKeys(findTestObject("Object Repository/Page_Swag Labs/input_Swag Labs_user-name"), "standard_user"): Keys 'standard_user' sent to object: 'Object Repository/Page_Swag Labs/input_Swag Labs_user-name'

2023-05-11 21:53:56 - [MESSAGE][PASSED] - Keys 'standard_user' sent to object: 'Object Repository/Page_Swag Labs/input_Swag Labs_user-name'

2023-05-11 21:53:56 - [TEST_STEP][PASSED] - click(findTestObject("Object Repository/Page_Swag Labs/input_Swag Labs_password")): Object: 'Object Repository/Page_Swag Labs/input_Swag Labs_password' is clicked on

2023-05-11 21:53:56 - [MESSAGE][PASSED] - Object: 'Object Repository/Page_Swag Labs/input_Swag Labs_password' is clicked on

2023-05-11 21:53:56 - [TEST_STEP][PASSED] - sendKeys(findTestObject("Object Repository/Page_Swag Labs/input_Swag Labs_password"), "secret_sauce"): Keys 'secret_sauce' sent to object: 'Object Repository/Page_Swag Labs/input_Swag Labs_password'

2023-05-11 21:53:57 - [MESSAGE][PASSED] - Keys 'secret_sauce' sent to object: 'Object Repository/Page_Swag Labs/input_Swag Labs_password'

2023-05-11 21:53:57 - [TEST_STEP][PASSED] - click(findTestObject("Object Repository/Page_Swag Labs/input_Swag Labs_login-button")): Object: 'Object Repository/Page_Swag Labs/input_Swag Labs_login-button' is clicked on

2023-05-11 21:53:57 - [MESSAGE][PASSED] - Object: 'Object Repository/Page_Swag Labs/input_Swag Labs_login-button' is clicked on

2023-05-11 21:53:57 - [TEST_STEP][PASSED] - click(findTestObject("Object Repository/inventoryPage/Backpack")): Object: 'Object Repository/inventoryPage/Backpack' is clicked on

2023-05-11 21:53:58 - [MESSAGE][PASSED] - Object: 'Object Repository/inventoryPage/Backpack' is clicked on

2023-05-11 21:53:58 - [TEST_STEP][PASSED] - click(findTestObject("Object Repository/inventoryPage/button_Add to cart")): Object: 'Object Repository/inventoryPage/button_Add to cart' is clicked on

2023-05-11 21:53:58 - [MESSAGE][PASSED] - Object: 'Object Repository/inventoryPage/button_Add to cart' is clicked on

2023-05-11 21:53:58 - [TEST_STEP][PASSED] - click(findTestObject("Object Repository/inventoryPage/products_back-image")): Object: 'Object Repository/inventoryPage/products_back-image' is clicked on

2023-05-11 21:53:59 - [MESSAGE][PASSED] - Object: 'Object Repository/inventoryPage/products_back-image' is clicked on

2023-05-11 21:53:59 - [TEST_STEP][PASSED] - click(findTestObject("Object Repository/inventoryPage/cart")): Object: 'Object Repository/inventoryPage/cart' is clicked on

2023-05-11 21:53:59 - [MESSAGE][PASSED] - Object: 'Object Repository/inventoryPage/cart' is clicked on

2023-05-11 21:53:59 - [TEST_STEP][PASSED] - click(findTestObject("Object Repository/CheckoutPage/button_Checkout")): Object: 'Object Repository/CheckoutPage/button_Checkout' is clicked on

2023-05-11 21:54:00 - [MESSAGE][PASSED] - Object: 'Object Repository/CheckoutPage/button_Checkout' is clicked on

2023-05-11 21:54:00 - [TEST_STEP][PASSED] - sendKeys(findTestObject("Object Repository/checkout-step-one/input_Checkout Your Information_firstName"), "demo"): Keys 'demo' sent to object: 'Object Repository/checkout-step-one/input_Checkout Your Information_firstName'

2023-05-11 21:54:00 - [MESSAGE][PASSED] - Keys 'demo' sent to object: 'Object Repository/checkout-step-one/input_Checkout Your Information_firstName'

2023-05-11 21:54:00 - [TEST_STEP][PASSED] - sendKeys(findTestObject("Object Repository/checkout-step-one/input_Checkout Your Information_lastName"), "qa test"): Keys 'qa test' sent to object: 'Object Repository/checkout-step-one/input_Checkout Your Information_lastName'

2023-05-11 21:54:01 - [MESSAGE][PASSED] - Keys 'qa test' sent to object: 'Object Repository/checkout-step-one/input_Checkout Your Information_lastName'

2023-05-11 21:54:01 - [TEST_STEP][PASSED] - sendKeys(findTestObject("Object Repository/checkout-step-one/input_Checkout Your Information_postalCode"), "9000"): Keys '9000' sent to object: 'Object Repository/checkout-step-one/input_Checkout Your Information_postalCode'

2023-05-11 21:54:01 - [MESSAGE][PASSED] - Keys '9000' sent to object: 'Object Repository/checkout-step-one/input_Checkout Your Information_postalCode'

2023-05-11 21:54:01 - [TEST_STEP][PASSED] - click(findTestObject("Object Repository/checkout-step-one/input_continue")): Object: 'Object Repository/checkout-step-one/input_continue' is clicked on

2023-05-11 21:54:02 - [MESSAGE][PASSED] - Object: 'Object Repository/checkout-step-one/input_continue' is clicked on

2023-05-11 21:54:02 - [TEST_STEP][PASSED] - click(findTestObject("Object Repository/finish checkout/button_Finish")): Object: 'Object Repository/finish checkout/button_Finish' is clicked on

2023-05-11 21:54:03 - [MESSAGE][PASSED] - Object: 'Object Repository/finish checkout/button_Finish' is clicked on

2023-05-11 21:54:03 - [TEST_STEP][PASSED] - verifyElementVisible(findTestObject("Object Repository/order-success/h2_Thank you for your order")): Object 'Object Repository/order-success/h2_Thank you for your order' is visible

2023-05-11 21:54:03 - [MESSAGE][PASSED] - Object 'Object Repository/order-success/h2_Thank you for your order' is visible

2023-05-11 21:54:03 - [TEST_STEP][PASSED] - click(findTestObject("Object Repository/NavSideBar/sidebar")): Object: 'Object Repository/NavSideBar/sidebar' is clicked on

2023-05-11 21:54:03 - [MESSAGE][PASSED] - Object: 'Object Repository/NavSideBar/sidebar' is clicked on

2023-05-11 21:54:03 - [TEST_STEP][PASSED] - click(findTestObject("Object Repository/NavSideBar/a_Logout")): Object: 'Object Repository/NavSideBar/a_Logout' is clicked on

2023-05-11 21:54:04 - [MESSAGE][PASSED] - Object: 'Object Repository/NavSideBar/a_Logout' is clicked on

2023-05-11 21:54:04 - [TEST_STEP][PASSED] - verifyElementVisible(findTestObject("Object Repository/Page_Swag Labs/input_Swag Labs_user-name")): Object 'Object Repository/Page_Swag Labs/input_Swag Labs_user-name' is visible

2023-05-11 21:54:05 - [MESSAGE][PASSED] - Object 'Object Repository/Page_Swag Labs/input_Swag Labs_user-name' is visible

2023-05-11 21:54:05 - [TEST_STEP][PASSED] - closeBrowser(): Browser is closed

2023-05-11 21:54:05 - [MESSAGE][PASSED] - Browser is closed]]></system-out>
         <system-err><![CDATA[]]></system-err>
      </testcase>
      <testcase name="Test Cases/test-flow-1-buy-1-product" time="12.258" classname="Test Cases/test-flow-1-buy-1-product" status="PASSED">
         <system-out><![CDATA[2023-05-11 21:54:05 - [TEST_CASE][PASSED] - Test Cases/test-flow-1-buy-1-product: Test Cases/test-flow-1-buy-1-product

2023-05-11 21:54:05 - [TEST_STEP][PASSED] - openBrowser("https://www.saucedemo.com/"): Browser is opened with url: 'https://www.saucedemo.com/'

2023-05-11 21:54:05 - [MESSAGE][INFO] - Starting 'Chrome' driver

2023-05-11 21:54:05 - [MESSAGE][INFO] - Action delay is set to 0 milliseconds

2023-05-11 21:54:08 - [MESSAGE][PASSED] - Browser is opened with url: 'https://www.saucedemo.com/'

2023-05-11 21:54:08 - [TEST_STEP][PASSED] - click(findTestObject("Object Repository/Page_Swag Labs/input_Swag Labs_user-name")): Object: 'Object Repository/Page_Swag Labs/input_Swag Labs_user-name' is clicked on

2023-05-11 21:54:08 - [MESSAGE][PASSED] - Object: 'Object Repository/Page_Swag Labs/input_Swag Labs_user-name' is clicked on

2023-05-11 21:54:08 - [TEST_STEP][PASSED] - sendKeys(findTestObject("Object Repository/Page_Swag Labs/input_Swag Labs_user-name"), "standard_user"): Keys 'standard_user' sent to object: 'Object Repository/Page_Swag Labs/input_Swag Labs_user-name'

2023-05-11 21:54:08 - [MESSAGE][PASSED] - Keys 'standard_user' sent to object: 'Object Repository/Page_Swag Labs/input_Swag Labs_user-name'

2023-05-11 21:54:08 - [TEST_STEP][PASSED] - click(findTestObject("Object Repository/Page_Swag Labs/input_Swag Labs_password")): Object: 'Object Repository/Page_Swag Labs/input_Swag Labs_password' is clicked on

2023-05-11 21:54:09 - [MESSAGE][PASSED] - Object: 'Object Repository/Page_Swag Labs/input_Swag Labs_password' is clicked on

2023-05-11 21:54:09 - [TEST_STEP][PASSED] - sendKeys(findTestObject("Object Repository/Page_Swag Labs/input_Swag Labs_password"), "secret_sauce"): Keys 'secret_sauce' sent to object: 'Object Repository/Page_Swag Labs/input_Swag Labs_password'

2023-05-11 21:54:09 - [MESSAGE][PASSED] - Keys 'secret_sauce' sent to object: 'Object Repository/Page_Swag Labs/input_Swag Labs_password'

2023-05-11 21:54:09 - [TEST_STEP][PASSED] - click(findTestObject("Object Repository/Page_Swag Labs/input_Swag Labs_login-button")): Object: 'Object Repository/Page_Swag Labs/input_Swag Labs_login-button' is clicked on

2023-05-11 21:54:09 - [MESSAGE][PASSED] - Object: 'Object Repository/Page_Swag Labs/input_Swag Labs_login-button' is clicked on

2023-05-11 21:54:09 - [TEST_STEP][PASSED] - click(findTestObject("Object Repository/inventoryPage/Backpack")): Object: 'Object Repository/inventoryPage/Backpack' is clicked on

2023-05-11 21:54:10 - [MESSAGE][PASSED] - Object: 'Object Repository/inventoryPage/Backpack' is clicked on

2023-05-11 21:54:10 - [TEST_STEP][PASSED] - click(findTestObject("Object Repository/inventoryPage/button_Add to cart")): Object: 'Object Repository/inventoryPage/button_Add to cart' is clicked on

2023-05-11 21:54:10 - [MESSAGE][PASSED] - Object: 'Object Repository/inventoryPage/button_Add to cart' is clicked on

2023-05-11 21:54:10 - [TEST_STEP][PASSED] - click(findTestObject("Object Repository/inventoryPage/products_back-image")): Object: 'Object Repository/inventoryPage/products_back-image' is clicked on

2023-05-11 21:54:11 - [MESSAGE][PASSED] - Object: 'Object Repository/inventoryPage/products_back-image' is clicked on

2023-05-11 21:54:11 - [TEST_STEP][PASSED] - click(findTestObject("Object Repository/inventoryPage/cart")): Object: 'Object Repository/inventoryPage/cart' is clicked on

2023-05-11 21:54:12 - [MESSAGE][PASSED] - Object: 'Object Repository/inventoryPage/cart' is clicked on

2023-05-11 21:54:12 - [TEST_STEP][PASSED] - click(findTestObject("Object Repository/CheckoutPage/button_Checkout")): Object: 'Object Repository/CheckoutPage/button_Checkout' is clicked on

2023-05-11 21:54:12 - [MESSAGE][PASSED] - Object: 'Object Repository/CheckoutPage/button_Checkout' is clicked on

2023-05-11 21:54:12 - [TEST_STEP][PASSED] - sendKeys(findTestObject("Object Repository/checkout-step-one/input_Checkout Your Information_firstName"), "demo"): Keys 'demo' sent to object: 'Object Repository/checkout-step-one/input_Checkout Your Information_firstName'

2023-05-11 21:54:13 - [MESSAGE][PASSED] - Keys 'demo' sent to object: 'Object Repository/checkout-step-one/input_Checkout Your Information_firstName'

2023-05-11 21:54:13 - [TEST_STEP][PASSED] - sendKeys(findTestObject("Object Repository/checkout-step-one/input_Checkout Your Information_lastName"), "qa test"): Keys 'qa test' sent to object: 'Object Repository/checkout-step-one/input_Checkout Your Information_lastName'

2023-05-11 21:54:13 - [MESSAGE][PASSED] - Keys 'qa test' sent to object: 'Object Repository/checkout-step-one/input_Checkout Your Information_lastName'

2023-05-11 21:54:13 - [TEST_STEP][PASSED] - sendKeys(findTestObject("Object Repository/checkout-step-one/input_Checkout Your Information_postalCode"), "9000"): Keys '9000' sent to object: 'Object Repository/checkout-step-one/input_Checkout Your Information_postalCode'

2023-05-11 21:54:14 - [MESSAGE][PASSED] - Keys '9000' sent to object: 'Object Repository/checkout-step-one/input_Checkout Your Information_postalCode'

2023-05-11 21:54:14 - [TEST_STEP][PASSED] - click(findTestObject("Object Repository/checkout-step-one/input_continue")): Object: 'Object Repository/checkout-step-one/input_continue' is clicked on

2023-05-11 21:54:14 - [MESSAGE][PASSED] - Object: 'Object Repository/checkout-step-one/input_continue' is clicked on

2023-05-11 21:54:14 - [TEST_STEP][PASSED] - click(findTestObject("Object Repository/finish checkout/button_Finish")): Object: 'Object Repository/finish checkout/button_Finish' is clicked on

2023-05-11 21:54:15 - [MESSAGE][PASSED] - Object: 'Object Repository/finish checkout/button_Finish' is clicked on

2023-05-11 21:54:15 - [TEST_STEP][PASSED] - verifyElementVisible(findTestObject("Object Repository/order-success/h2_Thank you for your order")): Object 'Object Repository/order-success/h2_Thank you for your order' is visible

2023-05-11 21:54:15 - [MESSAGE][PASSED] - Object 'Object Repository/order-success/h2_Thank you for your order' is visible

2023-05-11 21:54:15 - [TEST_STEP][PASSED] - click(findTestObject("Object Repository/NavSideBar/sidebar")): Object: 'Object Repository/NavSideBar/sidebar' is clicked on

2023-05-11 21:54:16 - [MESSAGE][PASSED] - Object: 'Object Repository/NavSideBar/sidebar' is clicked on

2023-05-11 21:54:16 - [TEST_STEP][PASSED] - click(findTestObject("Object Repository/NavSideBar/a_Logout")): Object: 'Object Repository/NavSideBar/a_Logout' is clicked on

2023-05-11 21:54:16 - [MESSAGE][PASSED] - Object: 'Object Repository/NavSideBar/a_Logout' is clicked on

2023-05-11 21:54:16 - [TEST_STEP][PASSED] - verifyElementVisible(findTestObject("Object Repository/Page_Swag Labs/input_Swag Labs_user-name")): Object 'Object Repository/Page_Swag Labs/input_Swag Labs_user-name' is visible

2023-05-11 21:54:17 - [MESSAGE][PASSED] - Object 'Object Repository/Page_Swag Labs/input_Swag Labs_user-name' is visible

2023-05-11 21:54:17 - [TEST_STEP][PASSED] - closeBrowser(): Browser is closed

2023-05-11 21:54:18 - [MESSAGE][PASSED] - Browser is closed]]></system-out>
         <system-err><![CDATA[]]></system-err>
      </testcase>
      <testcase name="Test Cases/test-flow-1-buy-1-product" time="12.404" classname="Test Cases/test-flow-1-buy-1-product" status="PASSED">
         <system-out><![CDATA[2023-05-11 21:54:18 - [TEST_CASE][PASSED] - Test Cases/test-flow-1-buy-1-product: Test Cases/test-flow-1-buy-1-product

2023-05-11 21:54:18 - [TEST_STEP][PASSED] - openBrowser("https://www.saucedemo.com/"): Browser is opened with url: 'https://www.saucedemo.com/'

2023-05-11 21:54:18 - [MESSAGE][INFO] - Starting 'Chrome' driver

2023-05-11 21:54:18 - [MESSAGE][INFO] - Action delay is set to 0 milliseconds

2023-05-11 21:54:20 - [MESSAGE][PASSED] - Browser is opened with url: 'https://www.saucedemo.com/'

2023-05-11 21:54:20 - [TEST_STEP][PASSED] - click(findTestObject("Object Repository/Page_Swag Labs/input_Swag Labs_user-name")): Object: 'Object Repository/Page_Swag Labs/input_Swag Labs_user-name' is clicked on

2023-05-11 21:54:20 - [MESSAGE][PASSED] - Object: 'Object Repository/Page_Swag Labs/input_Swag Labs_user-name' is clicked on

2023-05-11 21:54:20 - [TEST_STEP][PASSED] - sendKeys(findTestObject("Object Repository/Page_Swag Labs/input_Swag Labs_user-name"), "standard_user"): Keys 'standard_user' sent to object: 'Object Repository/Page_Swag Labs/input_Swag Labs_user-name'

2023-05-11 21:54:21 - [MESSAGE][PASSED] - Keys 'standard_user' sent to object: 'Object Repository/Page_Swag Labs/input_Swag Labs_user-name'

2023-05-11 21:54:21 - [TEST_STEP][PASSED] - click(findTestObject("Object Repository/Page_Swag Labs/input_Swag Labs_password")): Object: 'Object Repository/Page_Swag Labs/input_Swag Labs_password' is clicked on

2023-05-11 21:54:21 - [MESSAGE][PASSED] - Object: 'Object Repository/Page_Swag Labs/input_Swag Labs_password' is clicked on

2023-05-11 21:54:21 - [TEST_STEP][PASSED] - sendKeys(findTestObject("Object Repository/Page_Swag Labs/input_Swag Labs_password"), "secret_sauce"): Keys 'secret_sauce' sent to object: 'Object Repository/Page_Swag Labs/input_Swag Labs_password'

2023-05-11 21:54:21 - [MESSAGE][PASSED] - Keys 'secret_sauce' sent to object: 'Object Repository/Page_Swag Labs/input_Swag Labs_password'

2023-05-11 21:54:21 - [TEST_STEP][PASSED] - click(findTestObject("Object Repository/Page_Swag Labs/input_Swag Labs_login-button")): Object: 'Object Repository/Page_Swag Labs/input_Swag Labs_login-button' is clicked on

2023-05-11 21:54:22 - [MESSAGE][PASSED] - Object: 'Object Repository/Page_Swag Labs/input_Swag Labs_login-button' is clicked on

2023-05-11 21:54:22 - [TEST_STEP][PASSED] - click(findTestObject("Object Repository/inventoryPage/Backpack")): Object: 'Object Repository/inventoryPage/Backpack' is clicked on

2023-05-11 21:54:22 - [MESSAGE][PASSED] - Object: 'Object Repository/inventoryPage/Backpack' is clicked on

2023-05-11 21:54:22 - [TEST_STEP][PASSED] - click(findTestObject("Object Repository/inventoryPage/button_Add to cart")): Object: 'Object Repository/inventoryPage/button_Add to cart' is clicked on

2023-05-11 21:54:23 - [MESSAGE][PASSED] - Object: 'Object Repository/inventoryPage/button_Add to cart' is clicked on

2023-05-11 21:54:23 - [TEST_STEP][PASSED] - click(findTestObject("Object Repository/inventoryPage/products_back-image")): Object: 'Object Repository/inventoryPage/products_back-image' is clicked on

2023-05-11 21:54:23 - [MESSAGE][PASSED] - Object: 'Object Repository/inventoryPage/products_back-image' is clicked on

2023-05-11 21:54:23 - [TEST_STEP][PASSED] - click(findTestObject("Object Repository/inventoryPage/cart")): Object: 'Object Repository/inventoryPage/cart' is clicked on

2023-05-11 21:54:24 - [MESSAGE][PASSED] - Object: 'Object Repository/inventoryPage/cart' is clicked on

2023-05-11 21:54:24 - [TEST_STEP][PASSED] - click(findTestObject("Object Repository/CheckoutPage/button_Checkout")): Object: 'Object Repository/CheckoutPage/button_Checkout' is clicked on

2023-05-11 21:54:24 - [MESSAGE][PASSED] - Object: 'Object Repository/CheckoutPage/button_Checkout' is clicked on

2023-05-11 21:54:24 - [TEST_STEP][PASSED] - sendKeys(findTestObject("Object Repository/checkout-step-one/input_Checkout Your Information_firstName"), "demo"): Keys 'demo' sent to object: 'Object Repository/checkout-step-one/input_Checkout Your Information_firstName'

2023-05-11 21:54:25 - [MESSAGE][PASSED] - Keys 'demo' sent to object: 'Object Repository/checkout-step-one/input_Checkout Your Information_firstName'

2023-05-11 21:54:25 - [TEST_STEP][PASSED] - sendKeys(findTestObject("Object Repository/checkout-step-one/input_Checkout Your Information_lastName"), "qa test"): Keys 'qa test' sent to object: 'Object Repository/checkout-step-one/input_Checkout Your Information_lastName'

2023-05-11 21:54:26 - [MESSAGE][PASSED] - Keys 'qa test' sent to object: 'Object Repository/checkout-step-one/input_Checkout Your Information_lastName'

2023-05-11 21:54:26 - [TEST_STEP][PASSED] - sendKeys(findTestObject("Object Repository/checkout-step-one/input_Checkout Your Information_postalCode"), "9000"): Keys '9000' sent to object: 'Object Repository/checkout-step-one/input_Checkout Your Information_postalCode'

2023-05-11 21:54:26 - [MESSAGE][PASSED] - Keys '9000' sent to object: 'Object Repository/checkout-step-one/input_Checkout Your Information_postalCode'

2023-05-11 21:54:26 - [TEST_STEP][PASSED] - click(findTestObject("Object Repository/checkout-step-one/input_continue")): Object: 'Object Repository/checkout-step-one/input_continue' is clicked on

2023-05-11 21:54:27 - [MESSAGE][PASSED] - Object: 'Object Repository/checkout-step-one/input_continue' is clicked on

2023-05-11 21:54:27 - [TEST_STEP][PASSED] - click(findTestObject("Object Repository/finish checkout/button_Finish")): Object: 'Object Repository/finish checkout/button_Finish' is clicked on

2023-05-11 21:54:27 - [MESSAGE][PASSED] - Object: 'Object Repository/finish checkout/button_Finish' is clicked on

2023-05-11 21:54:27 - [TEST_STEP][PASSED] - verifyElementVisible(findTestObject("Object Repository/order-success/h2_Thank you for your order")): Object 'Object Repository/order-success/h2_Thank you for your order' is visible

2023-05-11 21:54:28 - [MESSAGE][PASSED] - Object 'Object Repository/order-success/h2_Thank you for your order' is visible

2023-05-11 21:54:28 - [TEST_STEP][PASSED] - click(findTestObject("Object Repository/NavSideBar/sidebar")): Object: 'Object Repository/NavSideBar/sidebar' is clicked on

2023-05-11 21:54:28 - [MESSAGE][PASSED] - Object: 'Object Repository/NavSideBar/sidebar' is clicked on

2023-05-11 21:54:28 - [TEST_STEP][PASSED] - click(findTestObject("Object Repository/NavSideBar/a_Logout")): Object: 'Object Repository/NavSideBar/a_Logout' is clicked on

2023-05-11 21:54:29 - [MESSAGE][PASSED] - Object: 'Object Repository/NavSideBar/a_Logout' is clicked on

2023-05-11 21:54:29 - [TEST_STEP][PASSED] - verifyElementVisible(findTestObject("Object Repository/Page_Swag Labs/input_Swag Labs_user-name")): Object 'Object Repository/Page_Swag Labs/input_Swag Labs_user-name' is visible

2023-05-11 21:54:29 - [MESSAGE][PASSED] - Object 'Object Repository/Page_Swag Labs/input_Swag Labs_user-name' is visible

2023-05-11 21:54:29 - [TEST_STEP][PASSED] - closeBrowser(): Browser is closed

2023-05-11 21:54:30 - [MESSAGE][PASSED] - Browser is closed]]></system-out>
         <system-err><![CDATA[]]></system-err>
      </testcase>
      <system-out><![CDATA[2023-05-11 21:50:19 - [TEST_SUITE][PASSED] - simple case: Test Cases/test-flow-1-buy-1-product]]></system-out>
      <system-err><![CDATA[]]></system-err>
   </testsuite>
</testsuites>
