<?xml version="1.0" encoding="UTF-8"?>
<testsuites name="simple case" time="239.762" tests="20" failures="0" errors="0">
   <testsuite name="simple case" tests="20" failures="0" errors="0" time="239.762" skipped="0" timestamp="2023-05-12 13:42:45" hostname="minh.nguyen - 5YHW2D3" id="Test Suites/simple case">
      <properties>
         <property name="deviceName" value=""/>
         <property name="devicePlatform" value=""/>
         <property name="logFolder" value="C:\\Users\\minh.nguyen\\Desktop\\GitRepo\\tri-nhan-repo\\Reports\\20230512_121335\\simple case\\20230512_123116"/>
         <property name="logFiles" value="C:\\Users\\minh.nguyen\\Desktop\\GitRepo\\tri-nhan-repo\\Reports\\20230512_121335\\simple case\\20230512_123116\\execution0.log"/>
         <property name="attachments" value=""/>
         <property name="hostName" value="minh.nguyen - 5YHW2D3"/>
         <property name="os" value="Windows 10 64bit"/>
         <property name="katalonVersion" value="8.5.5.208"/>
         <property name="browser" value="Chrome 112.0.0.0"/>
         <property name="hostAddress" value="192.168.1.86"/>
         <property name="sessionId" value="462fc3cd93e5f62b058eaa83c4c64a41"/>
         <property name="seleniumVersion" value="3.141.59"/>
         <property name="proxyInformation" value="ProxyInformation { proxyOption=NO_PROXY, proxyServerType=HTTP, username=, password=********, proxyServerAddress=, proxyServerPort=0, executionList=&quot;&quot;, isApplyToDesiredCapabilities=true }"/>
         <property name="platform" value="Windows 10"/>
      </properties>
      <testcase name="Test Cases/test-flow-1-buy-1-product" time="13.041" classname="Test Cases/test-flow-1-buy-1-product" status="PASSED">
         <system-out><![CDATA[2023-05-12 13:42:46 - [TEST_CASE][PASSED] - Test Cases/test-flow-1-buy-1-product: Test Cases/test-flow-1-buy-1-product

2023-05-12 13:42:46 - [TEST_STEP][PASSED] - openBrowser("https://www.saucedemo.com/"): Browser is opened with url: 'https://www.saucedemo.com/'

2023-05-12 13:42:46 - [MESSAGE][INFO] - Starting 'Chrome' driver

2023-05-12 13:42:46 - [MESSAGE][INFO] - Action delay is set to 0 milliseconds

2023-05-12 13:42:49 - [MESSAGE][PASSED] - Browser is opened with url: 'https://www.saucedemo.com/'

2023-05-12 13:42:49 - [TEST_STEP][PASSED] - click(findTestObject("Object Repository/Page_Swag Labs/input_Swag Labs_user-name")): Object: 'Object Repository/Page_Swag Labs/input_Swag Labs_user-name' is clicked on

2023-05-12 13:42:49 - [MESSAGE][PASSED] - Object: 'Object Repository/Page_Swag Labs/input_Swag Labs_user-name' is clicked on

2023-05-12 13:42:49 - [TEST_STEP][PASSED] - sendKeys(findTestObject("Object Repository/Page_Swag Labs/input_Swag Labs_user-name"), "standard_user"): Keys 'standard_user' sent to object: 'Object Repository/Page_Swag Labs/input_Swag Labs_user-name'

2023-05-12 13:42:50 - [MESSAGE][PASSED] - Keys 'standard_user' sent to object: 'Object Repository/Page_Swag Labs/input_Swag Labs_user-name'

2023-05-12 13:42:50 - [TEST_STEP][PASSED] - click(findTestObject("Object Repository/Page_Swag Labs/input_Swag Labs_password")): Object: 'Object Repository/Page_Swag Labs/input_Swag Labs_password' is clicked on

2023-05-12 13:42:50 - [MESSAGE][PASSED] - Object: 'Object Repository/Page_Swag Labs/input_Swag Labs_password' is clicked on

2023-05-12 13:42:50 - [TEST_STEP][PASSED] - sendKeys(findTestObject("Object Repository/Page_Swag Labs/input_Swag Labs_password"), "secret_sauce"): Keys 'secret_sauce' sent to object: 'Object Repository/Page_Swag Labs/input_Swag Labs_password'

2023-05-12 13:42:51 - [MESSAGE][PASSED] - Keys 'secret_sauce' sent to object: 'Object Repository/Page_Swag Labs/input_Swag Labs_password'

2023-05-12 13:42:51 - [TEST_STEP][PASSED] - click(findTestObject("Object Repository/Page_Swag Labs/input_Swag Labs_login-button")): Object: 'Object Repository/Page_Swag Labs/input_Swag Labs_login-button' is clicked on

2023-05-12 13:42:51 - [MESSAGE][PASSED] - Object: 'Object Repository/Page_Swag Labs/input_Swag Labs_login-button' is clicked on

2023-05-12 13:42:51 - [TEST_STEP][PASSED] - click(findTestObject("Object Repository/inventoryPage/Backpack")): Object: 'Object Repository/inventoryPage/Backpack' is clicked on

2023-05-12 13:42:51 - [MESSAGE][PASSED] - Object: 'Object Repository/inventoryPage/Backpack' is clicked on

2023-05-12 13:42:51 - [TEST_STEP][PASSED] - click(findTestObject("Object Repository/inventoryPage/button_Add to cart")): Object: 'Object Repository/inventoryPage/button_Add to cart' is clicked on

2023-05-12 13:42:52 - [MESSAGE][PASSED] - Object: 'Object Repository/inventoryPage/button_Add to cart' is clicked on

2023-05-12 13:42:52 - [TEST_STEP][PASSED] - click(findTestObject("Object Repository/inventoryPage/products_back-image")): Object: 'Object Repository/inventoryPage/products_back-image' is clicked on

2023-05-12 13:42:53 - [MESSAGE][PASSED] - Object: 'Object Repository/inventoryPage/products_back-image' is clicked on

2023-05-12 13:42:53 - [TEST_STEP][PASSED] - click(findTestObject("Object Repository/inventoryPage/cart")): Object: 'Object Repository/inventoryPage/cart' is clicked on

2023-05-12 13:42:53 - [MESSAGE][PASSED] - Object: 'Object Repository/inventoryPage/cart' is clicked on

2023-05-12 13:42:53 - [TEST_STEP][PASSED] - click(findTestObject("Object Repository/CheckoutPage/button_Checkout")): Object: 'Object Repository/CheckoutPage/button_Checkout' is clicked on

2023-05-12 13:42:54 - [MESSAGE][PASSED] - Object: 'Object Repository/CheckoutPage/button_Checkout' is clicked on

2023-05-12 13:42:54 - [TEST_STEP][PASSED] - sendKeys(findTestObject("Object Repository/checkout-step-one/input_Checkout Your Information_firstName"), "demo"): Keys 'demo' sent to object: 'Object Repository/checkout-step-one/input_Checkout Your Information_firstName'

2023-05-12 13:42:54 - [MESSAGE][PASSED] - Keys 'demo' sent to object: 'Object Repository/checkout-step-one/input_Checkout Your Information_firstName'

2023-05-12 13:42:54 - [TEST_STEP][PASSED] - sendKeys(findTestObject("Object Repository/checkout-step-one/input_Checkout Your Information_lastName"), "qa test"): Keys 'qa test' sent to object: 'Object Repository/checkout-step-one/input_Checkout Your Information_lastName'

2023-05-12 13:42:55 - [MESSAGE][PASSED] - Keys 'qa test' sent to object: 'Object Repository/checkout-step-one/input_Checkout Your Information_lastName'

2023-05-12 13:42:55 - [TEST_STEP][PASSED] - sendKeys(findTestObject("Object Repository/checkout-step-one/input_Checkout Your Information_postalCode"), "9000"): Keys '9000' sent to object: 'Object Repository/checkout-step-one/input_Checkout Your Information_postalCode'

2023-05-12 13:42:55 - [MESSAGE][PASSED] - Keys '9000' sent to object: 'Object Repository/checkout-step-one/input_Checkout Your Information_postalCode'

2023-05-12 13:42:55 - [TEST_STEP][PASSED] - click(findTestObject("Object Repository/checkout-step-one/input_continue")): Object: 'Object Repository/checkout-step-one/input_continue' is clicked on

2023-05-12 13:42:56 - [MESSAGE][PASSED] - Object: 'Object Repository/checkout-step-one/input_continue' is clicked on

2023-05-12 13:42:56 - [TEST_STEP][PASSED] - click(findTestObject("Object Repository/finish checkout/button_Finish")): Object: 'Object Repository/finish checkout/button_Finish' is clicked on

2023-05-12 13:42:56 - [MESSAGE][PASSED] - Object: 'Object Repository/finish checkout/button_Finish' is clicked on

2023-05-12 13:42:56 - [TEST_STEP][PASSED] - verifyElementVisible(findTestObject("Object Repository/order-success/h2_Thank you for your order")): Object 'Object Repository/order-success/h2_Thank you for your order' is visible

2023-05-12 13:42:57 - [MESSAGE][PASSED] - Object 'Object Repository/order-success/h2_Thank you for your order' is visible

2023-05-12 13:42:57 - [TEST_STEP][PASSED] - click(findTestObject("Object Repository/NavSideBar/sidebar")): Object: 'Object Repository/NavSideBar/sidebar' is clicked on

2023-05-12 13:42:57 - [MESSAGE][PASSED] - Object: 'Object Repository/NavSideBar/sidebar' is clicked on

2023-05-12 13:42:57 - [TEST_STEP][PASSED] - click(findTestObject("Object Repository/NavSideBar/a_Logout")): Object: 'Object Repository/NavSideBar/a_Logout' is clicked on

2023-05-12 13:42:58 - [MESSAGE][PASSED] - Object: 'Object Repository/NavSideBar/a_Logout' is clicked on

2023-05-12 13:42:58 - [TEST_STEP][PASSED] - verifyElementVisible(findTestObject("Object Repository/Page_Swag Labs/input_Swag Labs_user-name")): Object 'Object Repository/Page_Swag Labs/input_Swag Labs_user-name' is visible

2023-05-12 13:42:58 - [MESSAGE][PASSED] - Object 'Object Repository/Page_Swag Labs/input_Swag Labs_user-name' is visible

2023-05-12 13:42:58 - [TEST_STEP][PASSED] - closeBrowser(): Browser is closed

2023-05-12 13:42:59 - [MESSAGE][PASSED] - Browser is closed]]></system-out>
         <system-err><![CDATA[]]></system-err>
      </testcase>
      <testcase name="Test Cases/test-flow-1-buy-1-product" time="11.425" classname="Test Cases/test-flow-1-buy-1-product" status="PASSED">
         <system-out><![CDATA[2023-05-12 13:42:59 - [TEST_CASE][PASSED] - Test Cases/test-flow-1-buy-1-product: Test Cases/test-flow-1-buy-1-product

2023-05-12 13:42:59 - [TEST_STEP][PASSED] - openBrowser("https://www.saucedemo.com/"): Browser is opened with url: 'https://www.saucedemo.com/'

2023-05-12 13:42:59 - [MESSAGE][INFO] - Starting 'Chrome' driver

2023-05-12 13:42:59 - [MESSAGE][INFO] - Action delay is set to 0 milliseconds

2023-05-12 13:43:01 - [MESSAGE][PASSED] - Browser is opened with url: 'https://www.saucedemo.com/'

2023-05-12 13:43:01 - [TEST_STEP][PASSED] - click(findTestObject("Object Repository/Page_Swag Labs/input_Swag Labs_user-name")): Object: 'Object Repository/Page_Swag Labs/input_Swag Labs_user-name' is clicked on

2023-05-12 13:43:01 - [MESSAGE][PASSED] - Object: 'Object Repository/Page_Swag Labs/input_Swag Labs_user-name' is clicked on

2023-05-12 13:43:01 - [TEST_STEP][PASSED] - sendKeys(findTestObject("Object Repository/Page_Swag Labs/input_Swag Labs_user-name"), "standard_user"): Keys 'standard_user' sent to object: 'Object Repository/Page_Swag Labs/input_Swag Labs_user-name'

2023-05-12 13:43:01 - [MESSAGE][PASSED] - Keys 'standard_user' sent to object: 'Object Repository/Page_Swag Labs/input_Swag Labs_user-name'

2023-05-12 13:43:01 - [TEST_STEP][PASSED] - click(findTestObject("Object Repository/Page_Swag Labs/input_Swag Labs_password")): Object: 'Object Repository/Page_Swag Labs/input_Swag Labs_password' is clicked on

2023-05-12 13:43:02 - [MESSAGE][PASSED] - Object: 'Object Repository/Page_Swag Labs/input_Swag Labs_password' is clicked on

2023-05-12 13:43:02 - [TEST_STEP][PASSED] - sendKeys(findTestObject("Object Repository/Page_Swag Labs/input_Swag Labs_password"), "secret_sauce"): Keys 'secret_sauce' sent to object: 'Object Repository/Page_Swag Labs/input_Swag Labs_password'

2023-05-12 13:43:02 - [MESSAGE][PASSED] - Keys 'secret_sauce' sent to object: 'Object Repository/Page_Swag Labs/input_Swag Labs_password'

2023-05-12 13:43:02 - [TEST_STEP][PASSED] - click(findTestObject("Object Repository/Page_Swag Labs/input_Swag Labs_login-button")): Object: 'Object Repository/Page_Swag Labs/input_Swag Labs_login-button' is clicked on

2023-05-12 13:43:02 - [MESSAGE][PASSED] - Object: 'Object Repository/Page_Swag Labs/input_Swag Labs_login-button' is clicked on

2023-05-12 13:43:02 - [TEST_STEP][PASSED] - click(findTestObject("Object Repository/inventoryPage/Backpack")): Object: 'Object Repository/inventoryPage/Backpack' is clicked on

2023-05-12 13:43:03 - [MESSAGE][PASSED] - Object: 'Object Repository/inventoryPage/Backpack' is clicked on

2023-05-12 13:43:03 - [TEST_STEP][PASSED] - click(findTestObject("Object Repository/inventoryPage/button_Add to cart")): Object: 'Object Repository/inventoryPage/button_Add to cart' is clicked on

2023-05-12 13:43:03 - [MESSAGE][PASSED] - Object: 'Object Repository/inventoryPage/button_Add to cart' is clicked on

2023-05-12 13:43:03 - [TEST_STEP][PASSED] - click(findTestObject("Object Repository/inventoryPage/products_back-image")): Object: 'Object Repository/inventoryPage/products_back-image' is clicked on

2023-05-12 13:43:04 - [MESSAGE][PASSED] - Object: 'Object Repository/inventoryPage/products_back-image' is clicked on

2023-05-12 13:43:04 - [TEST_STEP][PASSED] - click(findTestObject("Object Repository/inventoryPage/cart")): Object: 'Object Repository/inventoryPage/cart' is clicked on

2023-05-12 13:43:04 - [MESSAGE][PASSED] - Object: 'Object Repository/inventoryPage/cart' is clicked on

2023-05-12 13:43:04 - [TEST_STEP][PASSED] - click(findTestObject("Object Repository/CheckoutPage/button_Checkout")): Object: 'Object Repository/CheckoutPage/button_Checkout' is clicked on

2023-05-12 13:43:05 - [MESSAGE][PASSED] - Object: 'Object Repository/CheckoutPage/button_Checkout' is clicked on

2023-05-12 13:43:05 - [TEST_STEP][PASSED] - sendKeys(findTestObject("Object Repository/checkout-step-one/input_Checkout Your Information_firstName"), "demo"): Keys 'demo' sent to object: 'Object Repository/checkout-step-one/input_Checkout Your Information_firstName'

2023-05-12 13:43:05 - [MESSAGE][PASSED] - Keys 'demo' sent to object: 'Object Repository/checkout-step-one/input_Checkout Your Information_firstName'

2023-05-12 13:43:05 - [TEST_STEP][PASSED] - sendKeys(findTestObject("Object Repository/checkout-step-one/input_Checkout Your Information_lastName"), "qa test"): Keys 'qa test' sent to object: 'Object Repository/checkout-step-one/input_Checkout Your Information_lastName'

2023-05-12 13:43:06 - [MESSAGE][PASSED] - Keys 'qa test' sent to object: 'Object Repository/checkout-step-one/input_Checkout Your Information_lastName'

2023-05-12 13:43:06 - [TEST_STEP][PASSED] - sendKeys(findTestObject("Object Repository/checkout-step-one/input_Checkout Your Information_postalCode"), "9000"): Keys '9000' sent to object: 'Object Repository/checkout-step-one/input_Checkout Your Information_postalCode'

2023-05-12 13:43:07 - [MESSAGE][PASSED] - Keys '9000' sent to object: 'Object Repository/checkout-step-one/input_Checkout Your Information_postalCode'

2023-05-12 13:43:07 - [TEST_STEP][PASSED] - click(findTestObject("Object Repository/checkout-step-one/input_continue")): Object: 'Object Repository/checkout-step-one/input_continue' is clicked on

2023-05-12 13:43:07 - [MESSAGE][PASSED] - Object: 'Object Repository/checkout-step-one/input_continue' is clicked on

2023-05-12 13:43:07 - [TEST_STEP][PASSED] - click(findTestObject("Object Repository/finish checkout/button_Finish")): Object: 'Object Repository/finish checkout/button_Finish' is clicked on

2023-05-12 13:43:08 - [MESSAGE][PASSED] - Object: 'Object Repository/finish checkout/button_Finish' is clicked on

2023-05-12 13:43:08 - [TEST_STEP][PASSED] - verifyElementVisible(findTestObject("Object Repository/order-success/h2_Thank you for your order")): Object 'Object Repository/order-success/h2_Thank you for your order' is visible

2023-05-12 13:43:08 - [MESSAGE][PASSED] - Object 'Object Repository/order-success/h2_Thank you for your order' is visible

2023-05-12 13:43:08 - [TEST_STEP][PASSED] - click(findTestObject("Object Repository/NavSideBar/sidebar")): Object: 'Object Repository/NavSideBar/sidebar' is clicked on

2023-05-12 13:43:08 - [MESSAGE][PASSED] - Object: 'Object Repository/NavSideBar/sidebar' is clicked on

2023-05-12 13:43:08 - [TEST_STEP][PASSED] - click(findTestObject("Object Repository/NavSideBar/a_Logout")): Object: 'Object Repository/NavSideBar/a_Logout' is clicked on

2023-05-12 13:43:09 - [MESSAGE][PASSED] - Object: 'Object Repository/NavSideBar/a_Logout' is clicked on

2023-05-12 13:43:09 - [TEST_STEP][PASSED] - verifyElementVisible(findTestObject("Object Repository/Page_Swag Labs/input_Swag Labs_user-name")): Object 'Object Repository/Page_Swag Labs/input_Swag Labs_user-name' is visible

2023-05-12 13:43:09 - [MESSAGE][PASSED] - Object 'Object Repository/Page_Swag Labs/input_Swag Labs_user-name' is visible

2023-05-12 13:43:09 - [TEST_STEP][PASSED] - closeBrowser(): Browser is closed

2023-05-12 13:43:10 - [MESSAGE][PASSED] - Browser is closed]]></system-out>
         <system-err><![CDATA[]]></system-err>
      </testcase>
      <testcase name="Test Cases/test-flow-1-buy-1-product" time="11.606" classname="Test Cases/test-flow-1-buy-1-product" status="PASSED">
         <system-out><![CDATA[2023-05-12 13:43:10 - [TEST_CASE][PASSED] - Test Cases/test-flow-1-buy-1-product: Test Cases/test-flow-1-buy-1-product

2023-05-12 13:43:10 - [TEST_STEP][PASSED] - openBrowser("https://www.saucedemo.com/"): Browser is opened with url: 'https://www.saucedemo.com/'

2023-05-12 13:43:10 - [MESSAGE][INFO] - Starting 'Chrome' driver

2023-05-12 13:43:10 - [MESSAGE][INFO] - Action delay is set to 0 milliseconds

2023-05-12 13:43:12 - [MESSAGE][PASSED] - Browser is opened with url: 'https://www.saucedemo.com/'

2023-05-12 13:43:12 - [TEST_STEP][PASSED] - click(findTestObject("Object Repository/Page_Swag Labs/input_Swag Labs_user-name")): Object: 'Object Repository/Page_Swag Labs/input_Swag Labs_user-name' is clicked on

2023-05-12 13:43:13 - [MESSAGE][PASSED] - Object: 'Object Repository/Page_Swag Labs/input_Swag Labs_user-name' is clicked on

2023-05-12 13:43:13 - [TEST_STEP][PASSED] - sendKeys(findTestObject("Object Repository/Page_Swag Labs/input_Swag Labs_user-name"), "standard_user"): Keys 'standard_user' sent to object: 'Object Repository/Page_Swag Labs/input_Swag Labs_user-name'

2023-05-12 13:43:13 - [MESSAGE][PASSED] - Keys 'standard_user' sent to object: 'Object Repository/Page_Swag Labs/input_Swag Labs_user-name'

2023-05-12 13:43:13 - [TEST_STEP][PASSED] - click(findTestObject("Object Repository/Page_Swag Labs/input_Swag Labs_password")): Object: 'Object Repository/Page_Swag Labs/input_Swag Labs_password' is clicked on

2023-05-12 13:43:13 - [MESSAGE][PASSED] - Object: 'Object Repository/Page_Swag Labs/input_Swag Labs_password' is clicked on

2023-05-12 13:43:13 - [TEST_STEP][PASSED] - sendKeys(findTestObject("Object Repository/Page_Swag Labs/input_Swag Labs_password"), "secret_sauce"): Keys 'secret_sauce' sent to object: 'Object Repository/Page_Swag Labs/input_Swag Labs_password'

2023-05-12 13:43:14 - [MESSAGE][PASSED] - Keys 'secret_sauce' sent to object: 'Object Repository/Page_Swag Labs/input_Swag Labs_password'

2023-05-12 13:43:14 - [TEST_STEP][PASSED] - click(findTestObject("Object Repository/Page_Swag Labs/input_Swag Labs_login-button")): Object: 'Object Repository/Page_Swag Labs/input_Swag Labs_login-button' is clicked on

2023-05-12 13:43:14 - [MESSAGE][PASSED] - Object: 'Object Repository/Page_Swag Labs/input_Swag Labs_login-button' is clicked on

2023-05-12 13:43:14 - [TEST_STEP][PASSED] - click(findTestObject("Object Repository/inventoryPage/Backpack")): Object: 'Object Repository/inventoryPage/Backpack' is clicked on

2023-05-12 13:43:14 - [MESSAGE][PASSED] - Object: 'Object Repository/inventoryPage/Backpack' is clicked on

2023-05-12 13:43:14 - [TEST_STEP][PASSED] - click(findTestObject("Object Repository/inventoryPage/button_Add to cart")): Object: 'Object Repository/inventoryPage/button_Add to cart' is clicked on

2023-05-12 13:43:15 - [MESSAGE][PASSED] - Object: 'Object Repository/inventoryPage/button_Add to cart' is clicked on

2023-05-12 13:43:15 - [TEST_STEP][PASSED] - click(findTestObject("Object Repository/inventoryPage/products_back-image")): Object: 'Object Repository/inventoryPage/products_back-image' is clicked on

2023-05-12 13:43:15 - [MESSAGE][PASSED] - Object: 'Object Repository/inventoryPage/products_back-image' is clicked on

2023-05-12 13:43:15 - [TEST_STEP][PASSED] - click(findTestObject("Object Repository/inventoryPage/cart")): Object: 'Object Repository/inventoryPage/cart' is clicked on

2023-05-12 13:43:16 - [MESSAGE][PASSED] - Object: 'Object Repository/inventoryPage/cart' is clicked on

2023-05-12 13:43:16 - [TEST_STEP][PASSED] - click(findTestObject("Object Repository/CheckoutPage/button_Checkout")): Object: 'Object Repository/CheckoutPage/button_Checkout' is clicked on

2023-05-12 13:43:16 - [MESSAGE][PASSED] - Object: 'Object Repository/CheckoutPage/button_Checkout' is clicked on

2023-05-12 13:43:16 - [TEST_STEP][PASSED] - sendKeys(findTestObject("Object Repository/checkout-step-one/input_Checkout Your Information_firstName"), "demo"): Keys 'demo' sent to object: 'Object Repository/checkout-step-one/input_Checkout Your Information_firstName'

2023-05-12 13:43:17 - [MESSAGE][PASSED] - Keys 'demo' sent to object: 'Object Repository/checkout-step-one/input_Checkout Your Information_firstName'

2023-05-12 13:43:17 - [TEST_STEP][PASSED] - sendKeys(findTestObject("Object Repository/checkout-step-one/input_Checkout Your Information_lastName"), "qa test"): Keys 'qa test' sent to object: 'Object Repository/checkout-step-one/input_Checkout Your Information_lastName'

2023-05-12 13:43:18 - [MESSAGE][PASSED] - Keys 'qa test' sent to object: 'Object Repository/checkout-step-one/input_Checkout Your Information_lastName'

2023-05-12 13:43:18 - [TEST_STEP][PASSED] - sendKeys(findTestObject("Object Repository/checkout-step-one/input_Checkout Your Information_postalCode"), "9000"): Keys '9000' sent to object: 'Object Repository/checkout-step-one/input_Checkout Your Information_postalCode'

2023-05-12 13:43:18 - [MESSAGE][PASSED] - Keys '9000' sent to object: 'Object Repository/checkout-step-one/input_Checkout Your Information_postalCode'

2023-05-12 13:43:18 - [TEST_STEP][PASSED] - click(findTestObject("Object Repository/checkout-step-one/input_continue")): Object: 'Object Repository/checkout-step-one/input_continue' is clicked on

2023-05-12 13:43:19 - [MESSAGE][PASSED] - Object: 'Object Repository/checkout-step-one/input_continue' is clicked on

2023-05-12 13:43:19 - [TEST_STEP][PASSED] - click(findTestObject("Object Repository/finish checkout/button_Finish")): Object: 'Object Repository/finish checkout/button_Finish' is clicked on

2023-05-12 13:43:19 - [MESSAGE][PASSED] - Object: 'Object Repository/finish checkout/button_Finish' is clicked on

2023-05-12 13:43:19 - [TEST_STEP][PASSED] - verifyElementVisible(findTestObject("Object Repository/order-success/h2_Thank you for your order")): Object 'Object Repository/order-success/h2_Thank you for your order' is visible

2023-05-12 13:43:20 - [MESSAGE][PASSED] - Object 'Object Repository/order-success/h2_Thank you for your order' is visible

2023-05-12 13:43:20 - [TEST_STEP][PASSED] - click(findTestObject("Object Repository/NavSideBar/sidebar")): Object: 'Object Repository/NavSideBar/sidebar' is clicked on

2023-05-12 13:43:20 - [MESSAGE][PASSED] - Object: 'Object Repository/NavSideBar/sidebar' is clicked on

2023-05-12 13:43:20 - [TEST_STEP][PASSED] - click(findTestObject("Object Repository/NavSideBar/a_Logout")): Object: 'Object Repository/NavSideBar/a_Logout' is clicked on

2023-05-12 13:43:21 - [MESSAGE][PASSED] - Object: 'Object Repository/NavSideBar/a_Logout' is clicked on

2023-05-12 13:43:21 - [TEST_STEP][PASSED] - verifyElementVisible(findTestObject("Object Repository/Page_Swag Labs/input_Swag Labs_user-name")): Object 'Object Repository/Page_Swag Labs/input_Swag Labs_user-name' is visible

2023-05-12 13:43:21 - [MESSAGE][PASSED] - Object 'Object Repository/Page_Swag Labs/input_Swag Labs_user-name' is visible

2023-05-12 13:43:21 - [TEST_STEP][PASSED] - closeBrowser(): Browser is closed

2023-05-12 13:43:22 - [MESSAGE][PASSED] - Browser is closed]]></system-out>
         <system-err><![CDATA[]]></system-err>
      </testcase>
      <testcase name="Test Cases/test-flow-1-buy-1-product" time="11.377" classname="Test Cases/test-flow-1-buy-1-product" status="PASSED">
         <system-out><![CDATA[2023-05-12 13:43:22 - [TEST_CASE][PASSED] - Test Cases/test-flow-1-buy-1-product: Test Cases/test-flow-1-buy-1-product

2023-05-12 13:43:22 - [TEST_STEP][PASSED] - openBrowser("https://www.saucedemo.com/"): Browser is opened with url: 'https://www.saucedemo.com/'

2023-05-12 13:43:22 - [MESSAGE][INFO] - Starting 'Chrome' driver

2023-05-12 13:43:22 - [MESSAGE][INFO] - Action delay is set to 0 milliseconds

2023-05-12 13:43:24 - [MESSAGE][PASSED] - Browser is opened with url: 'https://www.saucedemo.com/'

2023-05-12 13:43:24 - [TEST_STEP][PASSED] - click(findTestObject("Object Repository/Page_Swag Labs/input_Swag Labs_user-name")): Object: 'Object Repository/Page_Swag Labs/input_Swag Labs_user-name' is clicked on

2023-05-12 13:43:24 - [MESSAGE][PASSED] - Object: 'Object Repository/Page_Swag Labs/input_Swag Labs_user-name' is clicked on

2023-05-12 13:43:24 - [TEST_STEP][PASSED] - sendKeys(findTestObject("Object Repository/Page_Swag Labs/input_Swag Labs_user-name"), "standard_user"): Keys 'standard_user' sent to object: 'Object Repository/Page_Swag Labs/input_Swag Labs_user-name'

2023-05-12 13:43:24 - [MESSAGE][PASSED] - Keys 'standard_user' sent to object: 'Object Repository/Page_Swag Labs/input_Swag Labs_user-name'

2023-05-12 13:43:24 - [TEST_STEP][PASSED] - click(findTestObject("Object Repository/Page_Swag Labs/input_Swag Labs_password")): Object: 'Object Repository/Page_Swag Labs/input_Swag Labs_password' is clicked on

2023-05-12 13:43:25 - [MESSAGE][PASSED] - Object: 'Object Repository/Page_Swag Labs/input_Swag Labs_password' is clicked on

2023-05-12 13:43:25 - [TEST_STEP][PASSED] - sendKeys(findTestObject("Object Repository/Page_Swag Labs/input_Swag Labs_password"), "secret_sauce"): Keys 'secret_sauce' sent to object: 'Object Repository/Page_Swag Labs/input_Swag Labs_password'

2023-05-12 13:43:25 - [MESSAGE][PASSED] - Keys 'secret_sauce' sent to object: 'Object Repository/Page_Swag Labs/input_Swag Labs_password'

2023-05-12 13:43:25 - [TEST_STEP][PASSED] - click(findTestObject("Object Repository/Page_Swag Labs/input_Swag Labs_login-button")): Object: 'Object Repository/Page_Swag Labs/input_Swag Labs_login-button' is clicked on

2023-05-12 13:43:26 - [MESSAGE][PASSED] - Object: 'Object Repository/Page_Swag Labs/input_Swag Labs_login-button' is clicked on

2023-05-12 13:43:26 - [TEST_STEP][PASSED] - click(findTestObject("Object Repository/inventoryPage/Backpack")): Object: 'Object Repository/inventoryPage/Backpack' is clicked on

2023-05-12 13:43:26 - [MESSAGE][PASSED] - Object: 'Object Repository/inventoryPage/Backpack' is clicked on

2023-05-12 13:43:26 - [TEST_STEP][PASSED] - click(findTestObject("Object Repository/inventoryPage/button_Add to cart")): Object: 'Object Repository/inventoryPage/button_Add to cart' is clicked on

2023-05-12 13:43:26 - [MESSAGE][PASSED] - Object: 'Object Repository/inventoryPage/button_Add to cart' is clicked on

2023-05-12 13:43:26 - [TEST_STEP][PASSED] - click(findTestObject("Object Repository/inventoryPage/products_back-image")): Object: 'Object Repository/inventoryPage/products_back-image' is clicked on

2023-05-12 13:43:27 - [MESSAGE][PASSED] - Object: 'Object Repository/inventoryPage/products_back-image' is clicked on

2023-05-12 13:43:27 - [TEST_STEP][PASSED] - click(findTestObject("Object Repository/inventoryPage/cart")): Object: 'Object Repository/inventoryPage/cart' is clicked on

2023-05-12 13:43:28 - [MESSAGE][PASSED] - Object: 'Object Repository/inventoryPage/cart' is clicked on

2023-05-12 13:43:28 - [TEST_STEP][PASSED] - click(findTestObject("Object Repository/CheckoutPage/button_Checkout")): Object: 'Object Repository/CheckoutPage/button_Checkout' is clicked on

2023-05-12 13:43:28 - [MESSAGE][PASSED] - Object: 'Object Repository/CheckoutPage/button_Checkout' is clicked on

2023-05-12 13:43:28 - [TEST_STEP][PASSED] - sendKeys(findTestObject("Object Repository/checkout-step-one/input_Checkout Your Information_firstName"), "demo"): Keys 'demo' sent to object: 'Object Repository/checkout-step-one/input_Checkout Your Information_firstName'

2023-05-12 13:43:29 - [MESSAGE][PASSED] - Keys 'demo' sent to object: 'Object Repository/checkout-step-one/input_Checkout Your Information_firstName'

2023-05-12 13:43:29 - [TEST_STEP][PASSED] - sendKeys(findTestObject("Object Repository/checkout-step-one/input_Checkout Your Information_lastName"), "qa test"): Keys 'qa test' sent to object: 'Object Repository/checkout-step-one/input_Checkout Your Information_lastName'

2023-05-12 13:43:29 - [MESSAGE][PASSED] - Keys 'qa test' sent to object: 'Object Repository/checkout-step-one/input_Checkout Your Information_lastName'

2023-05-12 13:43:29 - [TEST_STEP][PASSED] - sendKeys(findTestObject("Object Repository/checkout-step-one/input_Checkout Your Information_postalCode"), "9000"): Keys '9000' sent to object: 'Object Repository/checkout-step-one/input_Checkout Your Information_postalCode'

2023-05-12 13:43:30 - [MESSAGE][PASSED] - Keys '9000' sent to object: 'Object Repository/checkout-step-one/input_Checkout Your Information_postalCode'

2023-05-12 13:43:30 - [TEST_STEP][PASSED] - click(findTestObject("Object Repository/checkout-step-one/input_continue")): Object: 'Object Repository/checkout-step-one/input_continue' is clicked on

2023-05-12 13:43:30 - [MESSAGE][PASSED] - Object: 'Object Repository/checkout-step-one/input_continue' is clicked on

2023-05-12 13:43:30 - [TEST_STEP][PASSED] - click(findTestObject("Object Repository/finish checkout/button_Finish")): Object: 'Object Repository/finish checkout/button_Finish' is clicked on

2023-05-12 13:43:31 - [MESSAGE][PASSED] - Object: 'Object Repository/finish checkout/button_Finish' is clicked on

2023-05-12 13:43:31 - [TEST_STEP][PASSED] - verifyElementVisible(findTestObject("Object Repository/order-success/h2_Thank you for your order")): Object 'Object Repository/order-success/h2_Thank you for your order' is visible

2023-05-12 13:43:31 - [MESSAGE][PASSED] - Object 'Object Repository/order-success/h2_Thank you for your order' is visible

2023-05-12 13:43:31 - [TEST_STEP][PASSED] - click(findTestObject("Object Repository/NavSideBar/sidebar")): Object: 'Object Repository/NavSideBar/sidebar' is clicked on

2023-05-12 13:43:32 - [MESSAGE][PASSED] - Object: 'Object Repository/NavSideBar/sidebar' is clicked on

2023-05-12 13:43:32 - [TEST_STEP][PASSED] - click(findTestObject("Object Repository/NavSideBar/a_Logout")): Object: 'Object Repository/NavSideBar/a_Logout' is clicked on

2023-05-12 13:43:32 - [MESSAGE][PASSED] - Object: 'Object Repository/NavSideBar/a_Logout' is clicked on

2023-05-12 13:43:32 - [TEST_STEP][PASSED] - verifyElementVisible(findTestObject("Object Repository/Page_Swag Labs/input_Swag Labs_user-name")): Object 'Object Repository/Page_Swag Labs/input_Swag Labs_user-name' is visible

2023-05-12 13:43:32 - [MESSAGE][PASSED] - Object 'Object Repository/Page_Swag Labs/input_Swag Labs_user-name' is visible

2023-05-12 13:43:32 - [TEST_STEP][PASSED] - closeBrowser(): Browser is closed

2023-05-12 13:43:33 - [MESSAGE][PASSED] - Browser is closed]]></system-out>
         <system-err><![CDATA[]]></system-err>
      </testcase>
      <testcase name="Test Cases/test-flow-1-buy-1-product" time="11.705" classname="Test Cases/test-flow-1-buy-1-product" status="PASSED">
         <system-out><![CDATA[2023-05-12 13:43:33 - [TEST_CASE][PASSED] - Test Cases/test-flow-1-buy-1-product: Test Cases/test-flow-1-buy-1-product

2023-05-12 13:43:33 - [TEST_STEP][PASSED] - openBrowser("https://www.saucedemo.com/"): Browser is opened with url: 'https://www.saucedemo.com/'

2023-05-12 13:43:33 - [MESSAGE][INFO] - Starting 'Chrome' driver

2023-05-12 13:43:33 - [MESSAGE][INFO] - Action delay is set to 0 milliseconds

2023-05-12 13:43:35 - [MESSAGE][PASSED] - Browser is opened with url: 'https://www.saucedemo.com/'

2023-05-12 13:43:35 - [TEST_STEP][PASSED] - click(findTestObject("Object Repository/Page_Swag Labs/input_Swag Labs_user-name")): Object: 'Object Repository/Page_Swag Labs/input_Swag Labs_user-name' is clicked on

2023-05-12 13:43:35 - [MESSAGE][PASSED] - Object: 'Object Repository/Page_Swag Labs/input_Swag Labs_user-name' is clicked on

2023-05-12 13:43:35 - [TEST_STEP][PASSED] - sendKeys(findTestObject("Object Repository/Page_Swag Labs/input_Swag Labs_user-name"), "standard_user"): Keys 'standard_user' sent to object: 'Object Repository/Page_Swag Labs/input_Swag Labs_user-name'

2023-05-12 13:43:36 - [MESSAGE][PASSED] - Keys 'standard_user' sent to object: 'Object Repository/Page_Swag Labs/input_Swag Labs_user-name'

2023-05-12 13:43:36 - [TEST_STEP][PASSED] - click(findTestObject("Object Repository/Page_Swag Labs/input_Swag Labs_password")): Object: 'Object Repository/Page_Swag Labs/input_Swag Labs_password' is clicked on

2023-05-12 13:43:36 - [MESSAGE][PASSED] - Object: 'Object Repository/Page_Swag Labs/input_Swag Labs_password' is clicked on

2023-05-12 13:43:36 - [TEST_STEP][PASSED] - sendKeys(findTestObject("Object Repository/Page_Swag Labs/input_Swag Labs_password"), "secret_sauce"): Keys 'secret_sauce' sent to object: 'Object Repository/Page_Swag Labs/input_Swag Labs_password'

2023-05-12 13:43:37 - [MESSAGE][PASSED] - Keys 'secret_sauce' sent to object: 'Object Repository/Page_Swag Labs/input_Swag Labs_password'

2023-05-12 13:43:37 - [TEST_STEP][PASSED] - click(findTestObject("Object Repository/Page_Swag Labs/input_Swag Labs_login-button")): Object: 'Object Repository/Page_Swag Labs/input_Swag Labs_login-button' is clicked on

2023-05-12 13:43:37 - [MESSAGE][PASSED] - Object: 'Object Repository/Page_Swag Labs/input_Swag Labs_login-button' is clicked on

2023-05-12 13:43:37 - [TEST_STEP][PASSED] - click(findTestObject("Object Repository/inventoryPage/Backpack")): Object: 'Object Repository/inventoryPage/Backpack' is clicked on

2023-05-12 13:43:37 - [MESSAGE][PASSED] - Object: 'Object Repository/inventoryPage/Backpack' is clicked on

2023-05-12 13:43:37 - [TEST_STEP][PASSED] - click(findTestObject("Object Repository/inventoryPage/button_Add to cart")): Object: 'Object Repository/inventoryPage/button_Add to cart' is clicked on

2023-05-12 13:43:38 - [MESSAGE][PASSED] - Object: 'Object Repository/inventoryPage/button_Add to cart' is clicked on

2023-05-12 13:43:38 - [TEST_STEP][PASSED] - click(findTestObject("Object Repository/inventoryPage/products_back-image")): Object: 'Object Repository/inventoryPage/products_back-image' is clicked on

2023-05-12 13:43:38 - [MESSAGE][PASSED] - Object: 'Object Repository/inventoryPage/products_back-image' is clicked on

2023-05-12 13:43:38 - [TEST_STEP][PASSED] - click(findTestObject("Object Repository/inventoryPage/cart")): Object: 'Object Repository/inventoryPage/cart' is clicked on

2023-05-12 13:43:39 - [MESSAGE][PASSED] - Object: 'Object Repository/inventoryPage/cart' is clicked on

2023-05-12 13:43:39 - [TEST_STEP][PASSED] - click(findTestObject("Object Repository/CheckoutPage/button_Checkout")): Object: 'Object Repository/CheckoutPage/button_Checkout' is clicked on

2023-05-12 13:43:39 - [MESSAGE][PASSED] - Object: 'Object Repository/CheckoutPage/button_Checkout' is clicked on

2023-05-12 13:43:39 - [TEST_STEP][PASSED] - sendKeys(findTestObject("Object Repository/checkout-step-one/input_Checkout Your Information_firstName"), "demo"): Keys 'demo' sent to object: 'Object Repository/checkout-step-one/input_Checkout Your Information_firstName'

2023-05-12 13:43:40 - [MESSAGE][PASSED] - Keys 'demo' sent to object: 'Object Repository/checkout-step-one/input_Checkout Your Information_firstName'

2023-05-12 13:43:40 - [TEST_STEP][PASSED] - sendKeys(findTestObject("Object Repository/checkout-step-one/input_Checkout Your Information_lastName"), "qa test"): Keys 'qa test' sent to object: 'Object Repository/checkout-step-one/input_Checkout Your Information_lastName'

2023-05-12 13:43:41 - [MESSAGE][PASSED] - Keys 'qa test' sent to object: 'Object Repository/checkout-step-one/input_Checkout Your Information_lastName'

2023-05-12 13:43:41 - [TEST_STEP][PASSED] - sendKeys(findTestObject("Object Repository/checkout-step-one/input_Checkout Your Information_postalCode"), "9000"): Keys '9000' sent to object: 'Object Repository/checkout-step-one/input_Checkout Your Information_postalCode'

2023-05-12 13:43:41 - [MESSAGE][PASSED] - Keys '9000' sent to object: 'Object Repository/checkout-step-one/input_Checkout Your Information_postalCode'

2023-05-12 13:43:41 - [TEST_STEP][PASSED] - click(findTestObject("Object Repository/checkout-step-one/input_continue")): Object: 'Object Repository/checkout-step-one/input_continue' is clicked on

2023-05-12 13:43:42 - [MESSAGE][PASSED] - Object: 'Object Repository/checkout-step-one/input_continue' is clicked on

2023-05-12 13:43:42 - [TEST_STEP][PASSED] - click(findTestObject("Object Repository/finish checkout/button_Finish")): Object: 'Object Repository/finish checkout/button_Finish' is clicked on

2023-05-12 13:43:42 - [MESSAGE][PASSED] - Object: 'Object Repository/finish checkout/button_Finish' is clicked on

2023-05-12 13:43:42 - [TEST_STEP][PASSED] - verifyElementVisible(findTestObject("Object Repository/order-success/h2_Thank you for your order")): Object 'Object Repository/order-success/h2_Thank you for your order' is visible

2023-05-12 13:43:43 - [MESSAGE][PASSED] - Object 'Object Repository/order-success/h2_Thank you for your order' is visible

2023-05-12 13:43:43 - [TEST_STEP][PASSED] - click(findTestObject("Object Repository/NavSideBar/sidebar")): Object: 'Object Repository/NavSideBar/sidebar' is clicked on

2023-05-12 13:43:43 - [MESSAGE][PASSED] - Object: 'Object Repository/NavSideBar/sidebar' is clicked on

2023-05-12 13:43:43 - [TEST_STEP][PASSED] - click(findTestObject("Object Repository/NavSideBar/a_Logout")): Object: 'Object Repository/NavSideBar/a_Logout' is clicked on

2023-05-12 13:43:44 - [MESSAGE][PASSED] - Object: 'Object Repository/NavSideBar/a_Logout' is clicked on

2023-05-12 13:43:44 - [TEST_STEP][PASSED] - verifyElementVisible(findTestObject("Object Repository/Page_Swag Labs/input_Swag Labs_user-name")): Object 'Object Repository/Page_Swag Labs/input_Swag Labs_user-name' is visible

2023-05-12 13:43:44 - [MESSAGE][PASSED] - Object 'Object Repository/Page_Swag Labs/input_Swag Labs_user-name' is visible

2023-05-12 13:43:44 - [TEST_STEP][PASSED] - closeBrowser(): Browser is closed

2023-05-12 13:43:45 - [MESSAGE][PASSED] - Browser is closed]]></system-out>
         <system-err><![CDATA[]]></system-err>
      </testcase>
      <testcase name="Test Cases/test-flow-1-buy-1-product" time="12.01" classname="Test Cases/test-flow-1-buy-1-product" status="PASSED">
         <system-out><![CDATA[2023-05-12 13:43:45 - [TEST_CASE][PASSED] - Test Cases/test-flow-1-buy-1-product: Test Cases/test-flow-1-buy-1-product

2023-05-12 13:43:45 - [TEST_STEP][PASSED] - openBrowser("https://www.saucedemo.com/"): Browser is opened with url: 'https://www.saucedemo.com/'

2023-05-12 13:43:45 - [MESSAGE][INFO] - Starting 'Chrome' driver

2023-05-12 13:43:45 - [MESSAGE][INFO] - Action delay is set to 0 milliseconds

2023-05-12 13:43:47 - [MESSAGE][PASSED] - Browser is opened with url: 'https://www.saucedemo.com/'

2023-05-12 13:43:47 - [TEST_STEP][PASSED] - click(findTestObject("Object Repository/Page_Swag Labs/input_Swag Labs_user-name")): Object: 'Object Repository/Page_Swag Labs/input_Swag Labs_user-name' is clicked on

2023-05-12 13:43:47 - [MESSAGE][PASSED] - Object: 'Object Repository/Page_Swag Labs/input_Swag Labs_user-name' is clicked on

2023-05-12 13:43:47 - [TEST_STEP][PASSED] - sendKeys(findTestObject("Object Repository/Page_Swag Labs/input_Swag Labs_user-name"), "standard_user"): Keys 'standard_user' sent to object: 'Object Repository/Page_Swag Labs/input_Swag Labs_user-name'

2023-05-12 13:43:48 - [MESSAGE][PASSED] - Keys 'standard_user' sent to object: 'Object Repository/Page_Swag Labs/input_Swag Labs_user-name'

2023-05-12 13:43:48 - [TEST_STEP][PASSED] - click(findTestObject("Object Repository/Page_Swag Labs/input_Swag Labs_password")): Object: 'Object Repository/Page_Swag Labs/input_Swag Labs_password' is clicked on

2023-05-12 13:43:48 - [MESSAGE][PASSED] - Object: 'Object Repository/Page_Swag Labs/input_Swag Labs_password' is clicked on

2023-05-12 13:43:48 - [TEST_STEP][PASSED] - sendKeys(findTestObject("Object Repository/Page_Swag Labs/input_Swag Labs_password"), "secret_sauce"): Keys 'secret_sauce' sent to object: 'Object Repository/Page_Swag Labs/input_Swag Labs_password'

2023-05-12 13:43:48 - [MESSAGE][PASSED] - Keys 'secret_sauce' sent to object: 'Object Repository/Page_Swag Labs/input_Swag Labs_password'

2023-05-12 13:43:48 - [TEST_STEP][PASSED] - click(findTestObject("Object Repository/Page_Swag Labs/input_Swag Labs_login-button")): Object: 'Object Repository/Page_Swag Labs/input_Swag Labs_login-button' is clicked on

2023-05-12 13:43:49 - [MESSAGE][PASSED] - Object: 'Object Repository/Page_Swag Labs/input_Swag Labs_login-button' is clicked on

2023-05-12 13:43:49 - [TEST_STEP][PASSED] - click(findTestObject("Object Repository/inventoryPage/Backpack")): Object: 'Object Repository/inventoryPage/Backpack' is clicked on

2023-05-12 13:43:49 - [MESSAGE][PASSED] - Object: 'Object Repository/inventoryPage/Backpack' is clicked on

2023-05-12 13:43:49 - [TEST_STEP][PASSED] - click(findTestObject("Object Repository/inventoryPage/button_Add to cart")): Object: 'Object Repository/inventoryPage/button_Add to cart' is clicked on

2023-05-12 13:43:50 - [MESSAGE][PASSED] - Object: 'Object Repository/inventoryPage/button_Add to cart' is clicked on

2023-05-12 13:43:50 - [TEST_STEP][PASSED] - click(findTestObject("Object Repository/inventoryPage/products_back-image")): Object: 'Object Repository/inventoryPage/products_back-image' is clicked on

2023-05-12 13:43:50 - [MESSAGE][PASSED] - Object: 'Object Repository/inventoryPage/products_back-image' is clicked on

2023-05-12 13:43:50 - [TEST_STEP][PASSED] - click(findTestObject("Object Repository/inventoryPage/cart")): Object: 'Object Repository/inventoryPage/cart' is clicked on

2023-05-12 13:43:51 - [MESSAGE][PASSED] - Object: 'Object Repository/inventoryPage/cart' is clicked on

2023-05-12 13:43:51 - [TEST_STEP][PASSED] - click(findTestObject("Object Repository/CheckoutPage/button_Checkout")): Object: 'Object Repository/CheckoutPage/button_Checkout' is clicked on

2023-05-12 13:43:51 - [MESSAGE][PASSED] - Object: 'Object Repository/CheckoutPage/button_Checkout' is clicked on

2023-05-12 13:43:51 - [TEST_STEP][PASSED] - sendKeys(findTestObject("Object Repository/checkout-step-one/input_Checkout Your Information_firstName"), "demo"): Keys 'demo' sent to object: 'Object Repository/checkout-step-one/input_Checkout Your Information_firstName'

2023-05-12 13:43:52 - [MESSAGE][PASSED] - Keys 'demo' sent to object: 'Object Repository/checkout-step-one/input_Checkout Your Information_firstName'

2023-05-12 13:43:52 - [TEST_STEP][PASSED] - sendKeys(findTestObject("Object Repository/checkout-step-one/input_Checkout Your Information_lastName"), "qa test"): Keys 'qa test' sent to object: 'Object Repository/checkout-step-one/input_Checkout Your Information_lastName'

2023-05-12 13:43:53 - [MESSAGE][PASSED] - Keys 'qa test' sent to object: 'Object Repository/checkout-step-one/input_Checkout Your Information_lastName'

2023-05-12 13:43:53 - [TEST_STEP][PASSED] - sendKeys(findTestObject("Object Repository/checkout-step-one/input_Checkout Your Information_postalCode"), "9000"): Keys '9000' sent to object: 'Object Repository/checkout-step-one/input_Checkout Your Information_postalCode'

2023-05-12 13:43:53 - [MESSAGE][PASSED] - Keys '9000' sent to object: 'Object Repository/checkout-step-one/input_Checkout Your Information_postalCode'

2023-05-12 13:43:53 - [TEST_STEP][PASSED] - click(findTestObject("Object Repository/checkout-step-one/input_continue")): Object: 'Object Repository/checkout-step-one/input_continue' is clicked on

2023-05-12 13:43:54 - [MESSAGE][PASSED] - Object: 'Object Repository/checkout-step-one/input_continue' is clicked on

2023-05-12 13:43:54 - [TEST_STEP][PASSED] - click(findTestObject("Object Repository/finish checkout/button_Finish")): Object: 'Object Repository/finish checkout/button_Finish' is clicked on

2023-05-12 13:43:54 - [MESSAGE][PASSED] - Object: 'Object Repository/finish checkout/button_Finish' is clicked on

2023-05-12 13:43:54 - [TEST_STEP][PASSED] - verifyElementVisible(findTestObject("Object Repository/order-success/h2_Thank you for your order")): Object 'Object Repository/order-success/h2_Thank you for your order' is visible

2023-05-12 13:43:55 - [MESSAGE][PASSED] - Object 'Object Repository/order-success/h2_Thank you for your order' is visible

2023-05-12 13:43:55 - [TEST_STEP][PASSED] - click(findTestObject("Object Repository/NavSideBar/sidebar")): Object: 'Object Repository/NavSideBar/sidebar' is clicked on

2023-05-12 13:43:55 - [MESSAGE][PASSED] - Object: 'Object Repository/NavSideBar/sidebar' is clicked on

2023-05-12 13:43:55 - [TEST_STEP][PASSED] - click(findTestObject("Object Repository/NavSideBar/a_Logout")): Object: 'Object Repository/NavSideBar/a_Logout' is clicked on

2023-05-12 13:43:56 - [MESSAGE][PASSED] - Object: 'Object Repository/NavSideBar/a_Logout' is clicked on

2023-05-12 13:43:56 - [TEST_STEP][PASSED] - verifyElementVisible(findTestObject("Object Repository/Page_Swag Labs/input_Swag Labs_user-name")): Object 'Object Repository/Page_Swag Labs/input_Swag Labs_user-name' is visible

2023-05-12 13:43:56 - [MESSAGE][PASSED] - Object 'Object Repository/Page_Swag Labs/input_Swag Labs_user-name' is visible

2023-05-12 13:43:56 - [TEST_STEP][PASSED] - closeBrowser(): Browser is closed

2023-05-12 13:43:57 - [MESSAGE][PASSED] - Browser is closed]]></system-out>
         <system-err><![CDATA[]]></system-err>
      </testcase>
      <testcase name="Test Cases/test-flow-1-buy-1-product" time="13.761" classname="Test Cases/test-flow-1-buy-1-product" status="PASSED">
         <system-out><![CDATA[2023-05-12 13:43:57 - [TEST_CASE][PASSED] - Test Cases/test-flow-1-buy-1-product: Test Cases/test-flow-1-buy-1-product

2023-05-12 13:43:57 - [TEST_STEP][PASSED] - openBrowser("https://www.saucedemo.com/"): Browser is opened with url: 'https://www.saucedemo.com/'

2023-05-12 13:43:57 - [MESSAGE][INFO] - Starting 'Chrome' driver

2023-05-12 13:43:57 - [MESSAGE][INFO] - Action delay is set to 0 milliseconds

2023-05-12 13:44:01 - [MESSAGE][PASSED] - Browser is opened with url: 'https://www.saucedemo.com/'

2023-05-12 13:44:01 - [TEST_STEP][PASSED] - click(findTestObject("Object Repository/Page_Swag Labs/input_Swag Labs_user-name")): Object: 'Object Repository/Page_Swag Labs/input_Swag Labs_user-name' is clicked on

2023-05-12 13:44:01 - [MESSAGE][PASSED] - Object: 'Object Repository/Page_Swag Labs/input_Swag Labs_user-name' is clicked on

2023-05-12 13:44:01 - [TEST_STEP][PASSED] - sendKeys(findTestObject("Object Repository/Page_Swag Labs/input_Swag Labs_user-name"), "standard_user"): Keys 'standard_user' sent to object: 'Object Repository/Page_Swag Labs/input_Swag Labs_user-name'

2023-05-12 13:44:01 - [MESSAGE][PASSED] - Keys 'standard_user' sent to object: 'Object Repository/Page_Swag Labs/input_Swag Labs_user-name'

2023-05-12 13:44:01 - [TEST_STEP][PASSED] - click(findTestObject("Object Repository/Page_Swag Labs/input_Swag Labs_password")): Object: 'Object Repository/Page_Swag Labs/input_Swag Labs_password' is clicked on

2023-05-12 13:44:02 - [MESSAGE][PASSED] - Object: 'Object Repository/Page_Swag Labs/input_Swag Labs_password' is clicked on

2023-05-12 13:44:02 - [TEST_STEP][PASSED] - sendKeys(findTestObject("Object Repository/Page_Swag Labs/input_Swag Labs_password"), "secret_sauce"): Keys 'secret_sauce' sent to object: 'Object Repository/Page_Swag Labs/input_Swag Labs_password'

2023-05-12 13:44:02 - [MESSAGE][PASSED] - Keys 'secret_sauce' sent to object: 'Object Repository/Page_Swag Labs/input_Swag Labs_password'

2023-05-12 13:44:02 - [TEST_STEP][PASSED] - click(findTestObject("Object Repository/Page_Swag Labs/input_Swag Labs_login-button")): Object: 'Object Repository/Page_Swag Labs/input_Swag Labs_login-button' is clicked on

2023-05-12 13:44:03 - [MESSAGE][PASSED] - Object: 'Object Repository/Page_Swag Labs/input_Swag Labs_login-button' is clicked on

2023-05-12 13:44:03 - [TEST_STEP][PASSED] - click(findTestObject("Object Repository/inventoryPage/Backpack")): Object: 'Object Repository/inventoryPage/Backpack' is clicked on

2023-05-12 13:44:03 - [MESSAGE][PASSED] - Object: 'Object Repository/inventoryPage/Backpack' is clicked on

2023-05-12 13:44:03 - [TEST_STEP][PASSED] - click(findTestObject("Object Repository/inventoryPage/button_Add to cart")): Object: 'Object Repository/inventoryPage/button_Add to cart' is clicked on

2023-05-12 13:44:03 - [MESSAGE][PASSED] - Object: 'Object Repository/inventoryPage/button_Add to cart' is clicked on

2023-05-12 13:44:03 - [TEST_STEP][PASSED] - click(findTestObject("Object Repository/inventoryPage/products_back-image")): Object: 'Object Repository/inventoryPage/products_back-image' is clicked on

2023-05-12 13:44:04 - [MESSAGE][PASSED] - Object: 'Object Repository/inventoryPage/products_back-image' is clicked on

2023-05-12 13:44:04 - [TEST_STEP][PASSED] - click(findTestObject("Object Repository/inventoryPage/cart")): Object: 'Object Repository/inventoryPage/cart' is clicked on

2023-05-12 13:44:05 - [MESSAGE][PASSED] - Object: 'Object Repository/inventoryPage/cart' is clicked on

2023-05-12 13:44:05 - [TEST_STEP][PASSED] - click(findTestObject("Object Repository/CheckoutPage/button_Checkout")): Object: 'Object Repository/CheckoutPage/button_Checkout' is clicked on

2023-05-12 13:44:05 - [MESSAGE][PASSED] - Object: 'Object Repository/CheckoutPage/button_Checkout' is clicked on

2023-05-12 13:44:05 - [TEST_STEP][PASSED] - sendKeys(findTestObject("Object Repository/checkout-step-one/input_Checkout Your Information_firstName"), "demo"): Keys 'demo' sent to object: 'Object Repository/checkout-step-one/input_Checkout Your Information_firstName'

2023-05-12 13:44:06 - [MESSAGE][PASSED] - Keys 'demo' sent to object: 'Object Repository/checkout-step-one/input_Checkout Your Information_firstName'

2023-05-12 13:44:06 - [TEST_STEP][PASSED] - sendKeys(findTestObject("Object Repository/checkout-step-one/input_Checkout Your Information_lastName"), "qa test"): Keys 'qa test' sent to object: 'Object Repository/checkout-step-one/input_Checkout Your Information_lastName'

2023-05-12 13:44:06 - [MESSAGE][PASSED] - Keys 'qa test' sent to object: 'Object Repository/checkout-step-one/input_Checkout Your Information_lastName'

2023-05-12 13:44:06 - [TEST_STEP][PASSED] - sendKeys(findTestObject("Object Repository/checkout-step-one/input_Checkout Your Information_postalCode"), "9000"): Keys '9000' sent to object: 'Object Repository/checkout-step-one/input_Checkout Your Information_postalCode'

2023-05-12 13:44:07 - [MESSAGE][PASSED] - Keys '9000' sent to object: 'Object Repository/checkout-step-one/input_Checkout Your Information_postalCode'

2023-05-12 13:44:07 - [TEST_STEP][PASSED] - click(findTestObject("Object Repository/checkout-step-one/input_continue")): Object: 'Object Repository/checkout-step-one/input_continue' is clicked on

2023-05-12 13:44:07 - [MESSAGE][PASSED] - Object: 'Object Repository/checkout-step-one/input_continue' is clicked on

2023-05-12 13:44:07 - [TEST_STEP][PASSED] - click(findTestObject("Object Repository/finish checkout/button_Finish")): Object: 'Object Repository/finish checkout/button_Finish' is clicked on

2023-05-12 13:44:08 - [MESSAGE][PASSED] - Object: 'Object Repository/finish checkout/button_Finish' is clicked on

2023-05-12 13:44:08 - [TEST_STEP][PASSED] - verifyElementVisible(findTestObject("Object Repository/order-success/h2_Thank you for your order")): Object 'Object Repository/order-success/h2_Thank you for your order' is visible

2023-05-12 13:44:08 - [MESSAGE][PASSED] - Object 'Object Repository/order-success/h2_Thank you for your order' is visible

2023-05-12 13:44:08 - [TEST_STEP][PASSED] - click(findTestObject("Object Repository/NavSideBar/sidebar")): Object: 'Object Repository/NavSideBar/sidebar' is clicked on

2023-05-12 13:44:09 - [MESSAGE][PASSED] - Object: 'Object Repository/NavSideBar/sidebar' is clicked on

2023-05-12 13:44:09 - [TEST_STEP][PASSED] - click(findTestObject("Object Repository/NavSideBar/a_Logout")): Object: 'Object Repository/NavSideBar/a_Logout' is clicked on

2023-05-12 13:44:09 - [MESSAGE][PASSED] - Object: 'Object Repository/NavSideBar/a_Logout' is clicked on

2023-05-12 13:44:09 - [TEST_STEP][PASSED] - verifyElementVisible(findTestObject("Object Repository/Page_Swag Labs/input_Swag Labs_user-name")): Object 'Object Repository/Page_Swag Labs/input_Swag Labs_user-name' is visible

2023-05-12 13:44:10 - [MESSAGE][PASSED] - Object 'Object Repository/Page_Swag Labs/input_Swag Labs_user-name' is visible

2023-05-12 13:44:10 - [TEST_STEP][PASSED] - closeBrowser(): Browser is closed

2023-05-12 13:44:11 - [MESSAGE][PASSED] - Browser is closed]]></system-out>
         <system-err><![CDATA[]]></system-err>
      </testcase>
      <testcase name="Test Cases/test-flow-1-buy-1-product" time="11.757" classname="Test Cases/test-flow-1-buy-1-product" status="PASSED">
         <system-out><![CDATA[2023-05-12 13:44:11 - [TEST_CASE][PASSED] - Test Cases/test-flow-1-buy-1-product: Test Cases/test-flow-1-buy-1-product

2023-05-12 13:44:11 - [TEST_STEP][PASSED] - openBrowser("https://www.saucedemo.com/"): Browser is opened with url: 'https://www.saucedemo.com/'

2023-05-12 13:44:11 - [MESSAGE][INFO] - Starting 'Chrome' driver

2023-05-12 13:44:11 - [MESSAGE][INFO] - Action delay is set to 0 milliseconds

2023-05-12 13:44:13 - [MESSAGE][PASSED] - Browser is opened with url: 'https://www.saucedemo.com/'

2023-05-12 13:44:13 - [TEST_STEP][PASSED] - click(findTestObject("Object Repository/Page_Swag Labs/input_Swag Labs_user-name")): Object: 'Object Repository/Page_Swag Labs/input_Swag Labs_user-name' is clicked on

2023-05-12 13:44:13 - [MESSAGE][PASSED] - Object: 'Object Repository/Page_Swag Labs/input_Swag Labs_user-name' is clicked on

2023-05-12 13:44:13 - [TEST_STEP][PASSED] - sendKeys(findTestObject("Object Repository/Page_Swag Labs/input_Swag Labs_user-name"), "standard_user"): Keys 'standard_user' sent to object: 'Object Repository/Page_Swag Labs/input_Swag Labs_user-name'

2023-05-12 13:44:13 - [MESSAGE][PASSED] - Keys 'standard_user' sent to object: 'Object Repository/Page_Swag Labs/input_Swag Labs_user-name'

2023-05-12 13:44:13 - [TEST_STEP][PASSED] - click(findTestObject("Object Repository/Page_Swag Labs/input_Swag Labs_password")): Object: 'Object Repository/Page_Swag Labs/input_Swag Labs_password' is clicked on

2023-05-12 13:44:14 - [MESSAGE][PASSED] - Object: 'Object Repository/Page_Swag Labs/input_Swag Labs_password' is clicked on

2023-05-12 13:44:14 - [TEST_STEP][PASSED] - sendKeys(findTestObject("Object Repository/Page_Swag Labs/input_Swag Labs_password"), "secret_sauce"): Keys 'secret_sauce' sent to object: 'Object Repository/Page_Swag Labs/input_Swag Labs_password'

2023-05-12 13:44:14 - [MESSAGE][PASSED] - Keys 'secret_sauce' sent to object: 'Object Repository/Page_Swag Labs/input_Swag Labs_password'

2023-05-12 13:44:14 - [TEST_STEP][PASSED] - click(findTestObject("Object Repository/Page_Swag Labs/input_Swag Labs_login-button")): Object: 'Object Repository/Page_Swag Labs/input_Swag Labs_login-button' is clicked on

2023-05-12 13:44:14 - [MESSAGE][PASSED] - Object: 'Object Repository/Page_Swag Labs/input_Swag Labs_login-button' is clicked on

2023-05-12 13:44:14 - [TEST_STEP][PASSED] - click(findTestObject("Object Repository/inventoryPage/Backpack")): Object: 'Object Repository/inventoryPage/Backpack' is clicked on

2023-05-12 13:44:15 - [MESSAGE][PASSED] - Object: 'Object Repository/inventoryPage/Backpack' is clicked on

2023-05-12 13:44:15 - [TEST_STEP][PASSED] - click(findTestObject("Object Repository/inventoryPage/button_Add to cart")): Object: 'Object Repository/inventoryPage/button_Add to cart' is clicked on

2023-05-12 13:44:15 - [MESSAGE][PASSED] - Object: 'Object Repository/inventoryPage/button_Add to cart' is clicked on

2023-05-12 13:44:15 - [TEST_STEP][PASSED] - click(findTestObject("Object Repository/inventoryPage/products_back-image")): Object: 'Object Repository/inventoryPage/products_back-image' is clicked on

2023-05-12 13:44:16 - [MESSAGE][PASSED] - Object: 'Object Repository/inventoryPage/products_back-image' is clicked on

2023-05-12 13:44:16 - [TEST_STEP][PASSED] - click(findTestObject("Object Repository/inventoryPage/cart")): Object: 'Object Repository/inventoryPage/cart' is clicked on

2023-05-12 13:44:16 - [MESSAGE][PASSED] - Object: 'Object Repository/inventoryPage/cart' is clicked on

2023-05-12 13:44:16 - [TEST_STEP][PASSED] - click(findTestObject("Object Repository/CheckoutPage/button_Checkout")): Object: 'Object Repository/CheckoutPage/button_Checkout' is clicked on

2023-05-12 13:44:17 - [MESSAGE][PASSED] - Object: 'Object Repository/CheckoutPage/button_Checkout' is clicked on

2023-05-12 13:44:17 - [TEST_STEP][PASSED] - sendKeys(findTestObject("Object Repository/checkout-step-one/input_Checkout Your Information_firstName"), "demo"): Keys 'demo' sent to object: 'Object Repository/checkout-step-one/input_Checkout Your Information_firstName'

2023-05-12 13:44:18 - [MESSAGE][PASSED] - Keys 'demo' sent to object: 'Object Repository/checkout-step-one/input_Checkout Your Information_firstName'

2023-05-12 13:44:18 - [TEST_STEP][PASSED] - sendKeys(findTestObject("Object Repository/checkout-step-one/input_Checkout Your Information_lastName"), "qa test"): Keys 'qa test' sent to object: 'Object Repository/checkout-step-one/input_Checkout Your Information_lastName'

2023-05-12 13:44:18 - [MESSAGE][PASSED] - Keys 'qa test' sent to object: 'Object Repository/checkout-step-one/input_Checkout Your Information_lastName'

2023-05-12 13:44:18 - [TEST_STEP][PASSED] - sendKeys(findTestObject("Object Repository/checkout-step-one/input_Checkout Your Information_postalCode"), "9000"): Keys '9000' sent to object: 'Object Repository/checkout-step-one/input_Checkout Your Information_postalCode'

2023-05-12 13:44:19 - [MESSAGE][PASSED] - Keys '9000' sent to object: 'Object Repository/checkout-step-one/input_Checkout Your Information_postalCode'

2023-05-12 13:44:19 - [TEST_STEP][PASSED] - click(findTestObject("Object Repository/checkout-step-one/input_continue")): Object: 'Object Repository/checkout-step-one/input_continue' is clicked on

2023-05-12 13:44:19 - [MESSAGE][PASSED] - Object: 'Object Repository/checkout-step-one/input_continue' is clicked on

2023-05-12 13:44:19 - [TEST_STEP][PASSED] - click(findTestObject("Object Repository/finish checkout/button_Finish")): Object: 'Object Repository/finish checkout/button_Finish' is clicked on

2023-05-12 13:44:20 - [MESSAGE][PASSED] - Object: 'Object Repository/finish checkout/button_Finish' is clicked on

2023-05-12 13:44:20 - [TEST_STEP][PASSED] - verifyElementVisible(findTestObject("Object Repository/order-success/h2_Thank you for your order")): Object 'Object Repository/order-success/h2_Thank you for your order' is visible

2023-05-12 13:44:20 - [MESSAGE][PASSED] - Object 'Object Repository/order-success/h2_Thank you for your order' is visible

2023-05-12 13:44:20 - [TEST_STEP][PASSED] - click(findTestObject("Object Repository/NavSideBar/sidebar")): Object: 'Object Repository/NavSideBar/sidebar' is clicked on

2023-05-12 13:44:21 - [MESSAGE][PASSED] - Object: 'Object Repository/NavSideBar/sidebar' is clicked on

2023-05-12 13:44:21 - [TEST_STEP][PASSED] - click(findTestObject("Object Repository/NavSideBar/a_Logout")): Object: 'Object Repository/NavSideBar/a_Logout' is clicked on

2023-05-12 13:44:21 - [MESSAGE][PASSED] - Object: 'Object Repository/NavSideBar/a_Logout' is clicked on

2023-05-12 13:44:21 - [TEST_STEP][PASSED] - verifyElementVisible(findTestObject("Object Repository/Page_Swag Labs/input_Swag Labs_user-name")): Object 'Object Repository/Page_Swag Labs/input_Swag Labs_user-name' is visible

2023-05-12 13:44:22 - [MESSAGE][PASSED] - Object 'Object Repository/Page_Swag Labs/input_Swag Labs_user-name' is visible

2023-05-12 13:44:22 - [TEST_STEP][PASSED] - closeBrowser(): Browser is closed

2023-05-12 13:44:22 - [MESSAGE][PASSED] - Browser is closed]]></system-out>
         <system-err><![CDATA[]]></system-err>
      </testcase>
      <testcase name="Test Cases/test-flow-1-buy-1-product" time="11.819" classname="Test Cases/test-flow-1-buy-1-product" status="PASSED">
         <system-out><![CDATA[2023-05-12 13:44:22 - [TEST_CASE][PASSED] - Test Cases/test-flow-1-buy-1-product: Test Cases/test-flow-1-buy-1-product

2023-05-12 13:44:22 - [TEST_STEP][PASSED] - openBrowser("https://www.saucedemo.com/"): Browser is opened with url: 'https://www.saucedemo.com/'

2023-05-12 13:44:22 - [MESSAGE][INFO] - Starting 'Chrome' driver

2023-05-12 13:44:22 - [MESSAGE][INFO] - Action delay is set to 0 milliseconds

2023-05-12 13:44:24 - [MESSAGE][PASSED] - Browser is opened with url: 'https://www.saucedemo.com/'

2023-05-12 13:44:24 - [TEST_STEP][PASSED] - click(findTestObject("Object Repository/Page_Swag Labs/input_Swag Labs_user-name")): Object: 'Object Repository/Page_Swag Labs/input_Swag Labs_user-name' is clicked on

2023-05-12 13:44:25 - [MESSAGE][PASSED] - Object: 'Object Repository/Page_Swag Labs/input_Swag Labs_user-name' is clicked on

2023-05-12 13:44:25 - [TEST_STEP][PASSED] - sendKeys(findTestObject("Object Repository/Page_Swag Labs/input_Swag Labs_user-name"), "standard_user"): Keys 'standard_user' sent to object: 'Object Repository/Page_Swag Labs/input_Swag Labs_user-name'

2023-05-12 13:44:25 - [MESSAGE][PASSED] - Keys 'standard_user' sent to object: 'Object Repository/Page_Swag Labs/input_Swag Labs_user-name'

2023-05-12 13:44:25 - [TEST_STEP][PASSED] - click(findTestObject("Object Repository/Page_Swag Labs/input_Swag Labs_password")): Object: 'Object Repository/Page_Swag Labs/input_Swag Labs_password' is clicked on

2023-05-12 13:44:25 - [MESSAGE][PASSED] - Object: 'Object Repository/Page_Swag Labs/input_Swag Labs_password' is clicked on

2023-05-12 13:44:25 - [TEST_STEP][PASSED] - sendKeys(findTestObject("Object Repository/Page_Swag Labs/input_Swag Labs_password"), "secret_sauce"): Keys 'secret_sauce' sent to object: 'Object Repository/Page_Swag Labs/input_Swag Labs_password'

2023-05-12 13:44:26 - [MESSAGE][PASSED] - Keys 'secret_sauce' sent to object: 'Object Repository/Page_Swag Labs/input_Swag Labs_password'

2023-05-12 13:44:26 - [TEST_STEP][PASSED] - click(findTestObject("Object Repository/Page_Swag Labs/input_Swag Labs_login-button")): Object: 'Object Repository/Page_Swag Labs/input_Swag Labs_login-button' is clicked on

2023-05-12 13:44:26 - [MESSAGE][PASSED] - Object: 'Object Repository/Page_Swag Labs/input_Swag Labs_login-button' is clicked on

2023-05-12 13:44:26 - [TEST_STEP][PASSED] - click(findTestObject("Object Repository/inventoryPage/Backpack")): Object: 'Object Repository/inventoryPage/Backpack' is clicked on

2023-05-12 13:44:27 - [MESSAGE][PASSED] - Object: 'Object Repository/inventoryPage/Backpack' is clicked on

2023-05-12 13:44:27 - [TEST_STEP][PASSED] - click(findTestObject("Object Repository/inventoryPage/button_Add to cart")): Object: 'Object Repository/inventoryPage/button_Add to cart' is clicked on

2023-05-12 13:44:27 - [MESSAGE][PASSED] - Object: 'Object Repository/inventoryPage/button_Add to cart' is clicked on

2023-05-12 13:44:27 - [TEST_STEP][PASSED] - click(findTestObject("Object Repository/inventoryPage/products_back-image")): Object: 'Object Repository/inventoryPage/products_back-image' is clicked on

2023-05-12 13:44:28 - [MESSAGE][PASSED] - Object: 'Object Repository/inventoryPage/products_back-image' is clicked on

2023-05-12 13:44:28 - [TEST_STEP][PASSED] - click(findTestObject("Object Repository/inventoryPage/cart")): Object: 'Object Repository/inventoryPage/cart' is clicked on

2023-05-12 13:44:28 - [MESSAGE][PASSED] - Object: 'Object Repository/inventoryPage/cart' is clicked on

2023-05-12 13:44:28 - [TEST_STEP][PASSED] - click(findTestObject("Object Repository/CheckoutPage/button_Checkout")): Object: 'Object Repository/CheckoutPage/button_Checkout' is clicked on

2023-05-12 13:44:29 - [MESSAGE][PASSED] - Object: 'Object Repository/CheckoutPage/button_Checkout' is clicked on

2023-05-12 13:44:29 - [TEST_STEP][PASSED] - sendKeys(findTestObject("Object Repository/checkout-step-one/input_Checkout Your Information_firstName"), "demo"): Keys 'demo' sent to object: 'Object Repository/checkout-step-one/input_Checkout Your Information_firstName'

2023-05-12 13:44:29 - [MESSAGE][PASSED] - Keys 'demo' sent to object: 'Object Repository/checkout-step-one/input_Checkout Your Information_firstName'

2023-05-12 13:44:29 - [TEST_STEP][PASSED] - sendKeys(findTestObject("Object Repository/checkout-step-one/input_Checkout Your Information_lastName"), "qa test"): Keys 'qa test' sent to object: 'Object Repository/checkout-step-one/input_Checkout Your Information_lastName'

2023-05-12 13:44:30 - [MESSAGE][PASSED] - Keys 'qa test' sent to object: 'Object Repository/checkout-step-one/input_Checkout Your Information_lastName'

2023-05-12 13:44:30 - [TEST_STEP][PASSED] - sendKeys(findTestObject("Object Repository/checkout-step-one/input_Checkout Your Information_postalCode"), "9000"): Keys '9000' sent to object: 'Object Repository/checkout-step-one/input_Checkout Your Information_postalCode'

2023-05-12 13:44:30 - [MESSAGE][PASSED] - Keys '9000' sent to object: 'Object Repository/checkout-step-one/input_Checkout Your Information_postalCode'

2023-05-12 13:44:30 - [TEST_STEP][PASSED] - click(findTestObject("Object Repository/checkout-step-one/input_continue")): Object: 'Object Repository/checkout-step-one/input_continue' is clicked on

2023-05-12 13:44:31 - [MESSAGE][PASSED] - Object: 'Object Repository/checkout-step-one/input_continue' is clicked on

2023-05-12 13:44:31 - [TEST_STEP][PASSED] - click(findTestObject("Object Repository/finish checkout/button_Finish")): Object: 'Object Repository/finish checkout/button_Finish' is clicked on

2023-05-12 13:44:32 - [MESSAGE][PASSED] - Object: 'Object Repository/finish checkout/button_Finish' is clicked on

2023-05-12 13:44:32 - [TEST_STEP][PASSED] - verifyElementVisible(findTestObject("Object Repository/order-success/h2_Thank you for your order")): Object 'Object Repository/order-success/h2_Thank you for your order' is visible

2023-05-12 13:44:32 - [MESSAGE][PASSED] - Object 'Object Repository/order-success/h2_Thank you for your order' is visible

2023-05-12 13:44:32 - [TEST_STEP][PASSED] - click(findTestObject("Object Repository/NavSideBar/sidebar")): Object: 'Object Repository/NavSideBar/sidebar' is clicked on

2023-05-12 13:44:32 - [MESSAGE][PASSED] - Object: 'Object Repository/NavSideBar/sidebar' is clicked on

2023-05-12 13:44:32 - [TEST_STEP][PASSED] - click(findTestObject("Object Repository/NavSideBar/a_Logout")): Object: 'Object Repository/NavSideBar/a_Logout' is clicked on

2023-05-12 13:44:33 - [MESSAGE][PASSED] - Object: 'Object Repository/NavSideBar/a_Logout' is clicked on

2023-05-12 13:44:33 - [TEST_STEP][PASSED] - verifyElementVisible(findTestObject("Object Repository/Page_Swag Labs/input_Swag Labs_user-name")): Object 'Object Repository/Page_Swag Labs/input_Swag Labs_user-name' is visible

2023-05-12 13:44:34 - [MESSAGE][PASSED] - Object 'Object Repository/Page_Swag Labs/input_Swag Labs_user-name' is visible

2023-05-12 13:44:34 - [TEST_STEP][PASSED] - closeBrowser(): Browser is closed

2023-05-12 13:44:34 - [MESSAGE][PASSED] - Browser is closed]]></system-out>
         <system-err><![CDATA[]]></system-err>
      </testcase>
      <testcase name="Test Cases/test-flow-1-buy-1-product" time="11.814" classname="Test Cases/test-flow-1-buy-1-product" status="PASSED">
         <system-out><![CDATA[2023-05-12 13:44:34 - [TEST_CASE][PASSED] - Test Cases/test-flow-1-buy-1-product: Test Cases/test-flow-1-buy-1-product

2023-05-12 13:44:34 - [TEST_STEP][PASSED] - openBrowser("https://www.saucedemo.com/"): Browser is opened with url: 'https://www.saucedemo.com/'

2023-05-12 13:44:34 - [MESSAGE][INFO] - Starting 'Chrome' driver

2023-05-12 13:44:34 - [MESSAGE][INFO] - Action delay is set to 0 milliseconds

2023-05-12 13:44:36 - [MESSAGE][PASSED] - Browser is opened with url: 'https://www.saucedemo.com/'

2023-05-12 13:44:36 - [TEST_STEP][PASSED] - click(findTestObject("Object Repository/Page_Swag Labs/input_Swag Labs_user-name")): Object: 'Object Repository/Page_Swag Labs/input_Swag Labs_user-name' is clicked on

2023-05-12 13:44:37 - [MESSAGE][PASSED] - Object: 'Object Repository/Page_Swag Labs/input_Swag Labs_user-name' is clicked on

2023-05-12 13:44:37 - [TEST_STEP][PASSED] - sendKeys(findTestObject("Object Repository/Page_Swag Labs/input_Swag Labs_user-name"), "standard_user"): Keys 'standard_user' sent to object: 'Object Repository/Page_Swag Labs/input_Swag Labs_user-name'

2023-05-12 13:44:37 - [MESSAGE][PASSED] - Keys 'standard_user' sent to object: 'Object Repository/Page_Swag Labs/input_Swag Labs_user-name'

2023-05-12 13:44:37 - [TEST_STEP][PASSED] - click(findTestObject("Object Repository/Page_Swag Labs/input_Swag Labs_password")): Object: 'Object Repository/Page_Swag Labs/input_Swag Labs_password' is clicked on

2023-05-12 13:44:37 - [MESSAGE][PASSED] - Object: 'Object Repository/Page_Swag Labs/input_Swag Labs_password' is clicked on

2023-05-12 13:44:37 - [TEST_STEP][PASSED] - sendKeys(findTestObject("Object Repository/Page_Swag Labs/input_Swag Labs_password"), "secret_sauce"): Keys 'secret_sauce' sent to object: 'Object Repository/Page_Swag Labs/input_Swag Labs_password'

2023-05-12 13:44:38 - [MESSAGE][PASSED] - Keys 'secret_sauce' sent to object: 'Object Repository/Page_Swag Labs/input_Swag Labs_password'

2023-05-12 13:44:38 - [TEST_STEP][PASSED] - click(findTestObject("Object Repository/Page_Swag Labs/input_Swag Labs_login-button")): Object: 'Object Repository/Page_Swag Labs/input_Swag Labs_login-button' is clicked on

2023-05-12 13:44:38 - [MESSAGE][PASSED] - Object: 'Object Repository/Page_Swag Labs/input_Swag Labs_login-button' is clicked on

2023-05-12 13:44:38 - [TEST_STEP][PASSED] - click(findTestObject("Object Repository/inventoryPage/Backpack")): Object: 'Object Repository/inventoryPage/Backpack' is clicked on

2023-05-12 13:44:39 - [MESSAGE][PASSED] - Object: 'Object Repository/inventoryPage/Backpack' is clicked on

2023-05-12 13:44:39 - [TEST_STEP][PASSED] - click(findTestObject("Object Repository/inventoryPage/button_Add to cart")): Object: 'Object Repository/inventoryPage/button_Add to cart' is clicked on

2023-05-12 13:44:39 - [MESSAGE][PASSED] - Object: 'Object Repository/inventoryPage/button_Add to cart' is clicked on

2023-05-12 13:44:39 - [TEST_STEP][PASSED] - click(findTestObject("Object Repository/inventoryPage/products_back-image")): Object: 'Object Repository/inventoryPage/products_back-image' is clicked on

2023-05-12 13:44:40 - [MESSAGE][PASSED] - Object: 'Object Repository/inventoryPage/products_back-image' is clicked on

2023-05-12 13:44:40 - [TEST_STEP][PASSED] - click(findTestObject("Object Repository/inventoryPage/cart")): Object: 'Object Repository/inventoryPage/cart' is clicked on

2023-05-12 13:44:40 - [MESSAGE][PASSED] - Object: 'Object Repository/inventoryPage/cart' is clicked on

2023-05-12 13:44:40 - [TEST_STEP][PASSED] - click(findTestObject("Object Repository/CheckoutPage/button_Checkout")): Object: 'Object Repository/CheckoutPage/button_Checkout' is clicked on

2023-05-12 13:44:41 - [MESSAGE][PASSED] - Object: 'Object Repository/CheckoutPage/button_Checkout' is clicked on

2023-05-12 13:44:41 - [TEST_STEP][PASSED] - sendKeys(findTestObject("Object Repository/checkout-step-one/input_Checkout Your Information_firstName"), "demo"): Keys 'demo' sent to object: 'Object Repository/checkout-step-one/input_Checkout Your Information_firstName'

2023-05-12 13:44:41 - [MESSAGE][PASSED] - Keys 'demo' sent to object: 'Object Repository/checkout-step-one/input_Checkout Your Information_firstName'

2023-05-12 13:44:41 - [TEST_STEP][PASSED] - sendKeys(findTestObject("Object Repository/checkout-step-one/input_Checkout Your Information_lastName"), "qa test"): Keys 'qa test' sent to object: 'Object Repository/checkout-step-one/input_Checkout Your Information_lastName'

2023-05-12 13:44:42 - [MESSAGE][PASSED] - Keys 'qa test' sent to object: 'Object Repository/checkout-step-one/input_Checkout Your Information_lastName'

2023-05-12 13:44:42 - [TEST_STEP][PASSED] - sendKeys(findTestObject("Object Repository/checkout-step-one/input_Checkout Your Information_postalCode"), "9000"): Keys '9000' sent to object: 'Object Repository/checkout-step-one/input_Checkout Your Information_postalCode'

2023-05-12 13:44:42 - [MESSAGE][PASSED] - Keys '9000' sent to object: 'Object Repository/checkout-step-one/input_Checkout Your Information_postalCode'

2023-05-12 13:44:42 - [TEST_STEP][PASSED] - click(findTestObject("Object Repository/checkout-step-one/input_continue")): Object: 'Object Repository/checkout-step-one/input_continue' is clicked on

2023-05-12 13:44:43 - [MESSAGE][PASSED] - Object: 'Object Repository/checkout-step-one/input_continue' is clicked on

2023-05-12 13:44:43 - [TEST_STEP][PASSED] - click(findTestObject("Object Repository/finish checkout/button_Finish")): Object: 'Object Repository/finish checkout/button_Finish' is clicked on

2023-05-12 13:44:43 - [MESSAGE][PASSED] - Object: 'Object Repository/finish checkout/button_Finish' is clicked on

2023-05-12 13:44:43 - [TEST_STEP][PASSED] - verifyElementVisible(findTestObject("Object Repository/order-success/h2_Thank you for your order")): Object 'Object Repository/order-success/h2_Thank you for your order' is visible

2023-05-12 13:44:44 - [MESSAGE][PASSED] - Object 'Object Repository/order-success/h2_Thank you for your order' is visible

2023-05-12 13:44:44 - [TEST_STEP][PASSED] - click(findTestObject("Object Repository/NavSideBar/sidebar")): Object: 'Object Repository/NavSideBar/sidebar' is clicked on

2023-05-12 13:44:44 - [MESSAGE][PASSED] - Object: 'Object Repository/NavSideBar/sidebar' is clicked on

2023-05-12 13:44:44 - [TEST_STEP][PASSED] - click(findTestObject("Object Repository/NavSideBar/a_Logout")): Object: 'Object Repository/NavSideBar/a_Logout' is clicked on

2023-05-12 13:44:45 - [MESSAGE][PASSED] - Object: 'Object Repository/NavSideBar/a_Logout' is clicked on

2023-05-12 13:44:45 - [TEST_STEP][PASSED] - verifyElementVisible(findTestObject("Object Repository/Page_Swag Labs/input_Swag Labs_user-name")): Object 'Object Repository/Page_Swag Labs/input_Swag Labs_user-name' is visible

2023-05-12 13:44:45 - [MESSAGE][PASSED] - Object 'Object Repository/Page_Swag Labs/input_Swag Labs_user-name' is visible

2023-05-12 13:44:45 - [TEST_STEP][PASSED] - closeBrowser(): Browser is closed

2023-05-12 13:44:46 - [MESSAGE][PASSED] - Browser is closed]]></system-out>
         <system-err><![CDATA[]]></system-err>
      </testcase>
      <testcase name="Test Cases/test-flow-1-buy-1-product" time="12.108" classname="Test Cases/test-flow-1-buy-1-product" status="PASSED">
         <system-out><![CDATA[2023-05-12 13:44:46 - [TEST_CASE][PASSED] - Test Cases/test-flow-1-buy-1-product: Test Cases/test-flow-1-buy-1-product

2023-05-12 13:44:46 - [TEST_STEP][PASSED] - openBrowser("https://www.saucedemo.com/"): Browser is opened with url: 'https://www.saucedemo.com/'

2023-05-12 13:44:46 - [MESSAGE][INFO] - Starting 'Chrome' driver

2023-05-12 13:44:46 - [MESSAGE][INFO] - Action delay is set to 0 milliseconds

2023-05-12 13:44:48 - [MESSAGE][PASSED] - Browser is opened with url: 'https://www.saucedemo.com/'

2023-05-12 13:44:48 - [TEST_STEP][PASSED] - click(findTestObject("Object Repository/Page_Swag Labs/input_Swag Labs_user-name")): Object: 'Object Repository/Page_Swag Labs/input_Swag Labs_user-name' is clicked on

2023-05-12 13:44:49 - [MESSAGE][PASSED] - Object: 'Object Repository/Page_Swag Labs/input_Swag Labs_user-name' is clicked on

2023-05-12 13:44:49 - [TEST_STEP][PASSED] - sendKeys(findTestObject("Object Repository/Page_Swag Labs/input_Swag Labs_user-name"), "standard_user"): Keys 'standard_user' sent to object: 'Object Repository/Page_Swag Labs/input_Swag Labs_user-name'

2023-05-12 13:44:49 - [MESSAGE][PASSED] - Keys 'standard_user' sent to object: 'Object Repository/Page_Swag Labs/input_Swag Labs_user-name'

2023-05-12 13:44:49 - [TEST_STEP][PASSED] - click(findTestObject("Object Repository/Page_Swag Labs/input_Swag Labs_password")): Object: 'Object Repository/Page_Swag Labs/input_Swag Labs_password' is clicked on

2023-05-12 13:44:49 - [MESSAGE][PASSED] - Object: 'Object Repository/Page_Swag Labs/input_Swag Labs_password' is clicked on

2023-05-12 13:44:49 - [TEST_STEP][PASSED] - sendKeys(findTestObject("Object Repository/Page_Swag Labs/input_Swag Labs_password"), "secret_sauce"): Keys 'secret_sauce' sent to object: 'Object Repository/Page_Swag Labs/input_Swag Labs_password'

2023-05-12 13:44:50 - [MESSAGE][PASSED] - Keys 'secret_sauce' sent to object: 'Object Repository/Page_Swag Labs/input_Swag Labs_password'

2023-05-12 13:44:50 - [TEST_STEP][PASSED] - click(findTestObject("Object Repository/Page_Swag Labs/input_Swag Labs_login-button")): Object: 'Object Repository/Page_Swag Labs/input_Swag Labs_login-button' is clicked on

2023-05-12 13:44:50 - [MESSAGE][PASSED] - Object: 'Object Repository/Page_Swag Labs/input_Swag Labs_login-button' is clicked on

2023-05-12 13:44:50 - [TEST_STEP][PASSED] - click(findTestObject("Object Repository/inventoryPage/Backpack")): Object: 'Object Repository/inventoryPage/Backpack' is clicked on

2023-05-12 13:44:51 - [MESSAGE][PASSED] - Object: 'Object Repository/inventoryPage/Backpack' is clicked on

2023-05-12 13:44:51 - [TEST_STEP][PASSED] - click(findTestObject("Object Repository/inventoryPage/button_Add to cart")): Object: 'Object Repository/inventoryPage/button_Add to cart' is clicked on

2023-05-12 13:44:51 - [MESSAGE][PASSED] - Object: 'Object Repository/inventoryPage/button_Add to cart' is clicked on

2023-05-12 13:44:51 - [TEST_STEP][PASSED] - click(findTestObject("Object Repository/inventoryPage/products_back-image")): Object: 'Object Repository/inventoryPage/products_back-image' is clicked on

2023-05-12 13:44:52 - [MESSAGE][PASSED] - Object: 'Object Repository/inventoryPage/products_back-image' is clicked on

2023-05-12 13:44:52 - [TEST_STEP][PASSED] - click(findTestObject("Object Repository/inventoryPage/cart")): Object: 'Object Repository/inventoryPage/cart' is clicked on

2023-05-12 13:44:52 - [MESSAGE][PASSED] - Object: 'Object Repository/inventoryPage/cart' is clicked on

2023-05-12 13:44:52 - [TEST_STEP][PASSED] - click(findTestObject("Object Repository/CheckoutPage/button_Checkout")): Object: 'Object Repository/CheckoutPage/button_Checkout' is clicked on

2023-05-12 13:44:53 - [MESSAGE][PASSED] - Object: 'Object Repository/CheckoutPage/button_Checkout' is clicked on

2023-05-12 13:44:53 - [TEST_STEP][PASSED] - sendKeys(findTestObject("Object Repository/checkout-step-one/input_Checkout Your Information_firstName"), "demo"): Keys 'demo' sent to object: 'Object Repository/checkout-step-one/input_Checkout Your Information_firstName'

2023-05-12 13:44:53 - [MESSAGE][PASSED] - Keys 'demo' sent to object: 'Object Repository/checkout-step-one/input_Checkout Your Information_firstName'

2023-05-12 13:44:53 - [TEST_STEP][PASSED] - sendKeys(findTestObject("Object Repository/checkout-step-one/input_Checkout Your Information_lastName"), "qa test"): Keys 'qa test' sent to object: 'Object Repository/checkout-step-one/input_Checkout Your Information_lastName'

2023-05-12 13:44:54 - [MESSAGE][PASSED] - Keys 'qa test' sent to object: 'Object Repository/checkout-step-one/input_Checkout Your Information_lastName'

2023-05-12 13:44:54 - [TEST_STEP][PASSED] - sendKeys(findTestObject("Object Repository/checkout-step-one/input_Checkout Your Information_postalCode"), "9000"): Keys '9000' sent to object: 'Object Repository/checkout-step-one/input_Checkout Your Information_postalCode'

2023-05-12 13:44:54 - [MESSAGE][PASSED] - Keys '9000' sent to object: 'Object Repository/checkout-step-one/input_Checkout Your Information_postalCode'

2023-05-12 13:44:54 - [TEST_STEP][PASSED] - click(findTestObject("Object Repository/checkout-step-one/input_continue")): Object: 'Object Repository/checkout-step-one/input_continue' is clicked on

2023-05-12 13:44:55 - [MESSAGE][PASSED] - Object: 'Object Repository/checkout-step-one/input_continue' is clicked on

2023-05-12 13:44:55 - [TEST_STEP][PASSED] - click(findTestObject("Object Repository/finish checkout/button_Finish")): Object: 'Object Repository/finish checkout/button_Finish' is clicked on

2023-05-12 13:44:55 - [MESSAGE][PASSED] - Object: 'Object Repository/finish checkout/button_Finish' is clicked on

2023-05-12 13:44:55 - [TEST_STEP][PASSED] - verifyElementVisible(findTestObject("Object Repository/order-success/h2_Thank you for your order")): Object 'Object Repository/order-success/h2_Thank you for your order' is visible

2023-05-12 13:44:56 - [MESSAGE][PASSED] - Object 'Object Repository/order-success/h2_Thank you for your order' is visible

2023-05-12 13:44:56 - [TEST_STEP][PASSED] - click(findTestObject("Object Repository/NavSideBar/sidebar")): Object: 'Object Repository/NavSideBar/sidebar' is clicked on

2023-05-12 13:44:56 - [MESSAGE][PASSED] - Object: 'Object Repository/NavSideBar/sidebar' is clicked on

2023-05-12 13:44:56 - [TEST_STEP][PASSED] - click(findTestObject("Object Repository/NavSideBar/a_Logout")): Object: 'Object Repository/NavSideBar/a_Logout' is clicked on

2023-05-12 13:44:57 - [MESSAGE][PASSED] - Object: 'Object Repository/NavSideBar/a_Logout' is clicked on

2023-05-12 13:44:57 - [TEST_STEP][PASSED] - verifyElementVisible(findTestObject("Object Repository/Page_Swag Labs/input_Swag Labs_user-name")): Object 'Object Repository/Page_Swag Labs/input_Swag Labs_user-name' is visible

2023-05-12 13:44:57 - [MESSAGE][PASSED] - Object 'Object Repository/Page_Swag Labs/input_Swag Labs_user-name' is visible

2023-05-12 13:44:57 - [TEST_STEP][PASSED] - closeBrowser(): Browser is closed

2023-05-12 13:44:58 - [MESSAGE][PASSED] - Browser is closed]]></system-out>
         <system-err><![CDATA[]]></system-err>
      </testcase>
      <testcase name="Test Cases/test-flow-1-buy-1-product" time="11.65" classname="Test Cases/test-flow-1-buy-1-product" status="PASSED">
         <system-out><![CDATA[2023-05-12 13:44:58 - [TEST_CASE][PASSED] - Test Cases/test-flow-1-buy-1-product: Test Cases/test-flow-1-buy-1-product

2023-05-12 13:44:58 - [TEST_STEP][PASSED] - openBrowser("https://www.saucedemo.com/"): Browser is opened with url: 'https://www.saucedemo.com/'

2023-05-12 13:44:58 - [MESSAGE][INFO] - Starting 'Chrome' driver

2023-05-12 13:44:58 - [MESSAGE][INFO] - Action delay is set to 0 milliseconds

2023-05-12 13:45:00 - [MESSAGE][PASSED] - Browser is opened with url: 'https://www.saucedemo.com/'

2023-05-12 13:45:00 - [TEST_STEP][PASSED] - click(findTestObject("Object Repository/Page_Swag Labs/input_Swag Labs_user-name")): Object: 'Object Repository/Page_Swag Labs/input_Swag Labs_user-name' is clicked on

2023-05-12 13:45:00 - [MESSAGE][PASSED] - Object: 'Object Repository/Page_Swag Labs/input_Swag Labs_user-name' is clicked on

2023-05-12 13:45:00 - [TEST_STEP][PASSED] - sendKeys(findTestObject("Object Repository/Page_Swag Labs/input_Swag Labs_user-name"), "standard_user"): Keys 'standard_user' sent to object: 'Object Repository/Page_Swag Labs/input_Swag Labs_user-name'

2023-05-12 13:45:01 - [MESSAGE][PASSED] - Keys 'standard_user' sent to object: 'Object Repository/Page_Swag Labs/input_Swag Labs_user-name'

2023-05-12 13:45:01 - [TEST_STEP][PASSED] - click(findTestObject("Object Repository/Page_Swag Labs/input_Swag Labs_password")): Object: 'Object Repository/Page_Swag Labs/input_Swag Labs_password' is clicked on

2023-05-12 13:45:01 - [MESSAGE][PASSED] - Object: 'Object Repository/Page_Swag Labs/input_Swag Labs_password' is clicked on

2023-05-12 13:45:01 - [TEST_STEP][PASSED] - sendKeys(findTestObject("Object Repository/Page_Swag Labs/input_Swag Labs_password"), "secret_sauce"): Keys 'secret_sauce' sent to object: 'Object Repository/Page_Swag Labs/input_Swag Labs_password'

2023-05-12 13:45:02 - [MESSAGE][PASSED] - Keys 'secret_sauce' sent to object: 'Object Repository/Page_Swag Labs/input_Swag Labs_password'

2023-05-12 13:45:02 - [TEST_STEP][PASSED] - click(findTestObject("Object Repository/Page_Swag Labs/input_Swag Labs_login-button")): Object: 'Object Repository/Page_Swag Labs/input_Swag Labs_login-button' is clicked on

2023-05-12 13:45:02 - [MESSAGE][PASSED] - Object: 'Object Repository/Page_Swag Labs/input_Swag Labs_login-button' is clicked on

2023-05-12 13:45:02 - [TEST_STEP][PASSED] - click(findTestObject("Object Repository/inventoryPage/Backpack")): Object: 'Object Repository/inventoryPage/Backpack' is clicked on

2023-05-12 13:45:02 - [MESSAGE][PASSED] - Object: 'Object Repository/inventoryPage/Backpack' is clicked on

2023-05-12 13:45:02 - [TEST_STEP][PASSED] - click(findTestObject("Object Repository/inventoryPage/button_Add to cart")): Object: 'Object Repository/inventoryPage/button_Add to cart' is clicked on

2023-05-12 13:45:03 - [MESSAGE][PASSED] - Object: 'Object Repository/inventoryPage/button_Add to cart' is clicked on

2023-05-12 13:45:03 - [TEST_STEP][PASSED] - click(findTestObject("Object Repository/inventoryPage/products_back-image")): Object: 'Object Repository/inventoryPage/products_back-image' is clicked on

2023-05-12 13:45:03 - [MESSAGE][PASSED] - Object: 'Object Repository/inventoryPage/products_back-image' is clicked on

2023-05-12 13:45:03 - [TEST_STEP][PASSED] - click(findTestObject("Object Repository/inventoryPage/cart")): Object: 'Object Repository/inventoryPage/cart' is clicked on

2023-05-12 13:45:04 - [MESSAGE][PASSED] - Object: 'Object Repository/inventoryPage/cart' is clicked on

2023-05-12 13:45:04 - [TEST_STEP][PASSED] - click(findTestObject("Object Repository/CheckoutPage/button_Checkout")): Object: 'Object Repository/CheckoutPage/button_Checkout' is clicked on

2023-05-12 13:45:04 - [MESSAGE][PASSED] - Object: 'Object Repository/CheckoutPage/button_Checkout' is clicked on

2023-05-12 13:45:04 - [TEST_STEP][PASSED] - sendKeys(findTestObject("Object Repository/checkout-step-one/input_Checkout Your Information_firstName"), "demo"): Keys 'demo' sent to object: 'Object Repository/checkout-step-one/input_Checkout Your Information_firstName'

2023-05-12 13:45:05 - [MESSAGE][PASSED] - Keys 'demo' sent to object: 'Object Repository/checkout-step-one/input_Checkout Your Information_firstName'

2023-05-12 13:45:05 - [TEST_STEP][PASSED] - sendKeys(findTestObject("Object Repository/checkout-step-one/input_Checkout Your Information_lastName"), "qa test"): Keys 'qa test' sent to object: 'Object Repository/checkout-step-one/input_Checkout Your Information_lastName'

2023-05-12 13:45:05 - [MESSAGE][PASSED] - Keys 'qa test' sent to object: 'Object Repository/checkout-step-one/input_Checkout Your Information_lastName'

2023-05-12 13:45:05 - [TEST_STEP][PASSED] - sendKeys(findTestObject("Object Repository/checkout-step-one/input_Checkout Your Information_postalCode"), "9000"): Keys '9000' sent to object: 'Object Repository/checkout-step-one/input_Checkout Your Information_postalCode'

2023-05-12 13:45:06 - [MESSAGE][PASSED] - Keys '9000' sent to object: 'Object Repository/checkout-step-one/input_Checkout Your Information_postalCode'

2023-05-12 13:45:06 - [TEST_STEP][PASSED] - click(findTestObject("Object Repository/checkout-step-one/input_continue")): Object: 'Object Repository/checkout-step-one/input_continue' is clicked on

2023-05-12 13:45:07 - [MESSAGE][PASSED] - Object: 'Object Repository/checkout-step-one/input_continue' is clicked on

2023-05-12 13:45:07 - [TEST_STEP][PASSED] - click(findTestObject("Object Repository/finish checkout/button_Finish")): Object: 'Object Repository/finish checkout/button_Finish' is clicked on

2023-05-12 13:45:07 - [MESSAGE][PASSED] - Object: 'Object Repository/finish checkout/button_Finish' is clicked on

2023-05-12 13:45:07 - [TEST_STEP][PASSED] - verifyElementVisible(findTestObject("Object Repository/order-success/h2_Thank you for your order")): Object 'Object Repository/order-success/h2_Thank you for your order' is visible

2023-05-12 13:45:08 - [MESSAGE][PASSED] - Object 'Object Repository/order-success/h2_Thank you for your order' is visible

2023-05-12 13:45:08 - [TEST_STEP][PASSED] - click(findTestObject("Object Repository/NavSideBar/sidebar")): Object: 'Object Repository/NavSideBar/sidebar' is clicked on

2023-05-12 13:45:08 - [MESSAGE][PASSED] - Object: 'Object Repository/NavSideBar/sidebar' is clicked on

2023-05-12 13:45:08 - [TEST_STEP][PASSED] - click(findTestObject("Object Repository/NavSideBar/a_Logout")): Object: 'Object Repository/NavSideBar/a_Logout' is clicked on

2023-05-12 13:45:09 - [MESSAGE][PASSED] - Object: 'Object Repository/NavSideBar/a_Logout' is clicked on

2023-05-12 13:45:09 - [TEST_STEP][PASSED] - verifyElementVisible(findTestObject("Object Repository/Page_Swag Labs/input_Swag Labs_user-name")): Object 'Object Repository/Page_Swag Labs/input_Swag Labs_user-name' is visible

2023-05-12 13:45:09 - [MESSAGE][PASSED] - Object 'Object Repository/Page_Swag Labs/input_Swag Labs_user-name' is visible

2023-05-12 13:45:09 - [TEST_STEP][PASSED] - closeBrowser(): Browser is closed

2023-05-12 13:45:10 - [MESSAGE][PASSED] - Browser is closed]]></system-out>
         <system-err><![CDATA[]]></system-err>
      </testcase>
      <testcase name="Test Cases/test-flow-1-buy-1-product" time="12.107" classname="Test Cases/test-flow-1-buy-1-product" status="PASSED">
         <system-out><![CDATA[2023-05-12 13:45:10 - [TEST_CASE][PASSED] - Test Cases/test-flow-1-buy-1-product: Test Cases/test-flow-1-buy-1-product

2023-05-12 13:45:10 - [TEST_STEP][PASSED] - openBrowser("https://www.saucedemo.com/"): Browser is opened with url: 'https://www.saucedemo.com/'

2023-05-12 13:45:10 - [MESSAGE][INFO] - Starting 'Chrome' driver

2023-05-12 13:45:10 - [MESSAGE][INFO] - Action delay is set to 0 milliseconds

2023-05-12 13:45:12 - [MESSAGE][PASSED] - Browser is opened with url: 'https://www.saucedemo.com/'

2023-05-12 13:45:12 - [TEST_STEP][PASSED] - click(findTestObject("Object Repository/Page_Swag Labs/input_Swag Labs_user-name")): Object: 'Object Repository/Page_Swag Labs/input_Swag Labs_user-name' is clicked on

2023-05-12 13:45:12 - [MESSAGE][PASSED] - Object: 'Object Repository/Page_Swag Labs/input_Swag Labs_user-name' is clicked on

2023-05-12 13:45:12 - [TEST_STEP][PASSED] - sendKeys(findTestObject("Object Repository/Page_Swag Labs/input_Swag Labs_user-name"), "standard_user"): Keys 'standard_user' sent to object: 'Object Repository/Page_Swag Labs/input_Swag Labs_user-name'

2023-05-12 13:45:13 - [MESSAGE][PASSED] - Keys 'standard_user' sent to object: 'Object Repository/Page_Swag Labs/input_Swag Labs_user-name'

2023-05-12 13:45:13 - [TEST_STEP][PASSED] - click(findTestObject("Object Repository/Page_Swag Labs/input_Swag Labs_password")): Object: 'Object Repository/Page_Swag Labs/input_Swag Labs_password' is clicked on

2023-05-12 13:45:13 - [MESSAGE][PASSED] - Object: 'Object Repository/Page_Swag Labs/input_Swag Labs_password' is clicked on

2023-05-12 13:45:13 - [TEST_STEP][PASSED] - sendKeys(findTestObject("Object Repository/Page_Swag Labs/input_Swag Labs_password"), "secret_sauce"): Keys 'secret_sauce' sent to object: 'Object Repository/Page_Swag Labs/input_Swag Labs_password'

2023-05-12 13:45:14 - [MESSAGE][PASSED] - Keys 'secret_sauce' sent to object: 'Object Repository/Page_Swag Labs/input_Swag Labs_password'

2023-05-12 13:45:14 - [TEST_STEP][PASSED] - click(findTestObject("Object Repository/Page_Swag Labs/input_Swag Labs_login-button")): Object: 'Object Repository/Page_Swag Labs/input_Swag Labs_login-button' is clicked on

2023-05-12 13:45:14 - [MESSAGE][PASSED] - Object: 'Object Repository/Page_Swag Labs/input_Swag Labs_login-button' is clicked on

2023-05-12 13:45:14 - [TEST_STEP][PASSED] - click(findTestObject("Object Repository/inventoryPage/Backpack")): Object: 'Object Repository/inventoryPage/Backpack' is clicked on

2023-05-12 13:45:14 - [MESSAGE][PASSED] - Object: 'Object Repository/inventoryPage/Backpack' is clicked on

2023-05-12 13:45:14 - [TEST_STEP][PASSED] - click(findTestObject("Object Repository/inventoryPage/button_Add to cart")): Object: 'Object Repository/inventoryPage/button_Add to cart' is clicked on

2023-05-12 13:45:15 - [MESSAGE][PASSED] - Object: 'Object Repository/inventoryPage/button_Add to cart' is clicked on

2023-05-12 13:45:15 - [TEST_STEP][PASSED] - click(findTestObject("Object Repository/inventoryPage/products_back-image")): Object: 'Object Repository/inventoryPage/products_back-image' is clicked on

2023-05-12 13:45:15 - [MESSAGE][PASSED] - Object: 'Object Repository/inventoryPage/products_back-image' is clicked on

2023-05-12 13:45:15 - [TEST_STEP][PASSED] - click(findTestObject("Object Repository/inventoryPage/cart")): Object: 'Object Repository/inventoryPage/cart' is clicked on

2023-05-12 13:45:16 - [MESSAGE][PASSED] - Object: 'Object Repository/inventoryPage/cart' is clicked on

2023-05-12 13:45:16 - [TEST_STEP][PASSED] - click(findTestObject("Object Repository/CheckoutPage/button_Checkout")): Object: 'Object Repository/CheckoutPage/button_Checkout' is clicked on

2023-05-12 13:45:17 - [MESSAGE][PASSED] - Object: 'Object Repository/CheckoutPage/button_Checkout' is clicked on

2023-05-12 13:45:17 - [TEST_STEP][PASSED] - sendKeys(findTestObject("Object Repository/checkout-step-one/input_Checkout Your Information_firstName"), "demo"): Keys 'demo' sent to object: 'Object Repository/checkout-step-one/input_Checkout Your Information_firstName'

2023-05-12 13:45:17 - [MESSAGE][PASSED] - Keys 'demo' sent to object: 'Object Repository/checkout-step-one/input_Checkout Your Information_firstName'

2023-05-12 13:45:17 - [TEST_STEP][PASSED] - sendKeys(findTestObject("Object Repository/checkout-step-one/input_Checkout Your Information_lastName"), "qa test"): Keys 'qa test' sent to object: 'Object Repository/checkout-step-one/input_Checkout Your Information_lastName'

2023-05-12 13:45:18 - [MESSAGE][PASSED] - Keys 'qa test' sent to object: 'Object Repository/checkout-step-one/input_Checkout Your Information_lastName'

2023-05-12 13:45:18 - [TEST_STEP][PASSED] - sendKeys(findTestObject("Object Repository/checkout-step-one/input_Checkout Your Information_postalCode"), "9000"): Keys '9000' sent to object: 'Object Repository/checkout-step-one/input_Checkout Your Information_postalCode'

2023-05-12 13:45:18 - [MESSAGE][PASSED] - Keys '9000' sent to object: 'Object Repository/checkout-step-one/input_Checkout Your Information_postalCode'

2023-05-12 13:45:18 - [TEST_STEP][PASSED] - click(findTestObject("Object Repository/checkout-step-one/input_continue")): Object: 'Object Repository/checkout-step-one/input_continue' is clicked on

2023-05-12 13:45:19 - [MESSAGE][PASSED] - Object: 'Object Repository/checkout-step-one/input_continue' is clicked on

2023-05-12 13:45:19 - [TEST_STEP][PASSED] - click(findTestObject("Object Repository/finish checkout/button_Finish")): Object: 'Object Repository/finish checkout/button_Finish' is clicked on

2023-05-12 13:45:19 - [MESSAGE][PASSED] - Object: 'Object Repository/finish checkout/button_Finish' is clicked on

2023-05-12 13:45:19 - [TEST_STEP][PASSED] - verifyElementVisible(findTestObject("Object Repository/order-success/h2_Thank you for your order")): Object 'Object Repository/order-success/h2_Thank you for your order' is visible

2023-05-12 13:45:20 - [MESSAGE][PASSED] - Object 'Object Repository/order-success/h2_Thank you for your order' is visible

2023-05-12 13:45:20 - [TEST_STEP][PASSED] - click(findTestObject("Object Repository/NavSideBar/sidebar")): Object: 'Object Repository/NavSideBar/sidebar' is clicked on

2023-05-12 13:45:20 - [MESSAGE][PASSED] - Object: 'Object Repository/NavSideBar/sidebar' is clicked on

2023-05-12 13:45:20 - [TEST_STEP][PASSED] - click(findTestObject("Object Repository/NavSideBar/a_Logout")): Object: 'Object Repository/NavSideBar/a_Logout' is clicked on

2023-05-12 13:45:21 - [MESSAGE][PASSED] - Object: 'Object Repository/NavSideBar/a_Logout' is clicked on

2023-05-12 13:45:21 - [TEST_STEP][PASSED] - verifyElementVisible(findTestObject("Object Repository/Page_Swag Labs/input_Swag Labs_user-name")): Object 'Object Repository/Page_Swag Labs/input_Swag Labs_user-name' is visible

2023-05-12 13:45:21 - [MESSAGE][PASSED] - Object 'Object Repository/Page_Swag Labs/input_Swag Labs_user-name' is visible

2023-05-12 13:45:21 - [TEST_STEP][PASSED] - closeBrowser(): Browser is closed

2023-05-12 13:45:22 - [MESSAGE][PASSED] - Browser is closed]]></system-out>
         <system-err><![CDATA[]]></system-err>
      </testcase>
      <testcase name="Test Cases/test-flow-1-buy-1-product" time="11.946" classname="Test Cases/test-flow-1-buy-1-product" status="PASSED">
         <system-out><![CDATA[2023-05-12 13:45:22 - [TEST_CASE][PASSED] - Test Cases/test-flow-1-buy-1-product: Test Cases/test-flow-1-buy-1-product

2023-05-12 13:45:22 - [TEST_STEP][PASSED] - openBrowser("https://www.saucedemo.com/"): Browser is opened with url: 'https://www.saucedemo.com/'

2023-05-12 13:45:22 - [MESSAGE][INFO] - Starting 'Chrome' driver

2023-05-12 13:45:22 - [MESSAGE][INFO] - Action delay is set to 0 milliseconds

2023-05-12 13:45:24 - [MESSAGE][PASSED] - Browser is opened with url: 'https://www.saucedemo.com/'

2023-05-12 13:45:24 - [TEST_STEP][PASSED] - click(findTestObject("Object Repository/Page_Swag Labs/input_Swag Labs_user-name")): Object: 'Object Repository/Page_Swag Labs/input_Swag Labs_user-name' is clicked on

2023-05-12 13:45:24 - [MESSAGE][PASSED] - Object: 'Object Repository/Page_Swag Labs/input_Swag Labs_user-name' is clicked on

2023-05-12 13:45:24 - [TEST_STEP][PASSED] - sendKeys(findTestObject("Object Repository/Page_Swag Labs/input_Swag Labs_user-name"), "standard_user"): Keys 'standard_user' sent to object: 'Object Repository/Page_Swag Labs/input_Swag Labs_user-name'

2023-05-12 13:45:25 - [MESSAGE][PASSED] - Keys 'standard_user' sent to object: 'Object Repository/Page_Swag Labs/input_Swag Labs_user-name'

2023-05-12 13:45:25 - [TEST_STEP][PASSED] - click(findTestObject("Object Repository/Page_Swag Labs/input_Swag Labs_password")): Object: 'Object Repository/Page_Swag Labs/input_Swag Labs_password' is clicked on

2023-05-12 13:45:25 - [MESSAGE][PASSED] - Object: 'Object Repository/Page_Swag Labs/input_Swag Labs_password' is clicked on

2023-05-12 13:45:25 - [TEST_STEP][PASSED] - sendKeys(findTestObject("Object Repository/Page_Swag Labs/input_Swag Labs_password"), "secret_sauce"): Keys 'secret_sauce' sent to object: 'Object Repository/Page_Swag Labs/input_Swag Labs_password'

2023-05-12 13:45:26 - [MESSAGE][PASSED] - Keys 'secret_sauce' sent to object: 'Object Repository/Page_Swag Labs/input_Swag Labs_password'

2023-05-12 13:45:26 - [TEST_STEP][PASSED] - click(findTestObject("Object Repository/Page_Swag Labs/input_Swag Labs_login-button")): Object: 'Object Repository/Page_Swag Labs/input_Swag Labs_login-button' is clicked on

2023-05-12 13:45:26 - [MESSAGE][PASSED] - Object: 'Object Repository/Page_Swag Labs/input_Swag Labs_login-button' is clicked on

2023-05-12 13:45:26 - [TEST_STEP][PASSED] - click(findTestObject("Object Repository/inventoryPage/Backpack")): Object: 'Object Repository/inventoryPage/Backpack' is clicked on

2023-05-12 13:45:26 - [MESSAGE][PASSED] - Object: 'Object Repository/inventoryPage/Backpack' is clicked on

2023-05-12 13:45:26 - [TEST_STEP][PASSED] - click(findTestObject("Object Repository/inventoryPage/button_Add to cart")): Object: 'Object Repository/inventoryPage/button_Add to cart' is clicked on

2023-05-12 13:45:27 - [MESSAGE][PASSED] - Object: 'Object Repository/inventoryPage/button_Add to cart' is clicked on

2023-05-12 13:45:27 - [TEST_STEP][PASSED] - click(findTestObject("Object Repository/inventoryPage/products_back-image")): Object: 'Object Repository/inventoryPage/products_back-image' is clicked on

2023-05-12 13:45:27 - [MESSAGE][PASSED] - Object: 'Object Repository/inventoryPage/products_back-image' is clicked on

2023-05-12 13:45:27 - [TEST_STEP][PASSED] - click(findTestObject("Object Repository/inventoryPage/cart")): Object: 'Object Repository/inventoryPage/cart' is clicked on

2023-05-12 13:45:28 - [MESSAGE][PASSED] - Object: 'Object Repository/inventoryPage/cart' is clicked on

2023-05-12 13:45:28 - [TEST_STEP][PASSED] - click(findTestObject("Object Repository/CheckoutPage/button_Checkout")): Object: 'Object Repository/CheckoutPage/button_Checkout' is clicked on

2023-05-12 13:45:29 - [MESSAGE][PASSED] - Object: 'Object Repository/CheckoutPage/button_Checkout' is clicked on

2023-05-12 13:45:29 - [TEST_STEP][PASSED] - sendKeys(findTestObject("Object Repository/checkout-step-one/input_Checkout Your Information_firstName"), "demo"): Keys 'demo' sent to object: 'Object Repository/checkout-step-one/input_Checkout Your Information_firstName'

2023-05-12 13:45:29 - [MESSAGE][PASSED] - Keys 'demo' sent to object: 'Object Repository/checkout-step-one/input_Checkout Your Information_firstName'

2023-05-12 13:45:29 - [TEST_STEP][PASSED] - sendKeys(findTestObject("Object Repository/checkout-step-one/input_Checkout Your Information_lastName"), "qa test"): Keys 'qa test' sent to object: 'Object Repository/checkout-step-one/input_Checkout Your Information_lastName'

2023-05-12 13:45:29 - [MESSAGE][PASSED] - Keys 'qa test' sent to object: 'Object Repository/checkout-step-one/input_Checkout Your Information_lastName'

2023-05-12 13:45:29 - [TEST_STEP][PASSED] - sendKeys(findTestObject("Object Repository/checkout-step-one/input_Checkout Your Information_postalCode"), "9000"): Keys '9000' sent to object: 'Object Repository/checkout-step-one/input_Checkout Your Information_postalCode'

2023-05-12 13:45:30 - [MESSAGE][PASSED] - Keys '9000' sent to object: 'Object Repository/checkout-step-one/input_Checkout Your Information_postalCode'

2023-05-12 13:45:30 - [TEST_STEP][PASSED] - click(findTestObject("Object Repository/checkout-step-one/input_continue")): Object: 'Object Repository/checkout-step-one/input_continue' is clicked on

2023-05-12 13:45:31 - [MESSAGE][PASSED] - Object: 'Object Repository/checkout-step-one/input_continue' is clicked on

2023-05-12 13:45:31 - [TEST_STEP][PASSED] - click(findTestObject("Object Repository/finish checkout/button_Finish")): Object: 'Object Repository/finish checkout/button_Finish' is clicked on

2023-05-12 13:45:31 - [MESSAGE][PASSED] - Object: 'Object Repository/finish checkout/button_Finish' is clicked on

2023-05-12 13:45:31 - [TEST_STEP][PASSED] - verifyElementVisible(findTestObject("Object Repository/order-success/h2_Thank you for your order")): Object 'Object Repository/order-success/h2_Thank you for your order' is visible

2023-05-12 13:45:32 - [MESSAGE][PASSED] - Object 'Object Repository/order-success/h2_Thank you for your order' is visible

2023-05-12 13:45:32 - [TEST_STEP][PASSED] - click(findTestObject("Object Repository/NavSideBar/sidebar")): Object: 'Object Repository/NavSideBar/sidebar' is clicked on

2023-05-12 13:45:32 - [MESSAGE][PASSED] - Object: 'Object Repository/NavSideBar/sidebar' is clicked on

2023-05-12 13:45:32 - [TEST_STEP][PASSED] - click(findTestObject("Object Repository/NavSideBar/a_Logout")): Object: 'Object Repository/NavSideBar/a_Logout' is clicked on

2023-05-12 13:45:33 - [MESSAGE][PASSED] - Object: 'Object Repository/NavSideBar/a_Logout' is clicked on

2023-05-12 13:45:33 - [TEST_STEP][PASSED] - verifyElementVisible(findTestObject("Object Repository/Page_Swag Labs/input_Swag Labs_user-name")): Object 'Object Repository/Page_Swag Labs/input_Swag Labs_user-name' is visible

2023-05-12 13:45:33 - [MESSAGE][PASSED] - Object 'Object Repository/Page_Swag Labs/input_Swag Labs_user-name' is visible

2023-05-12 13:45:33 - [TEST_STEP][PASSED] - closeBrowser(): Browser is closed

2023-05-12 13:45:34 - [MESSAGE][PASSED] - Browser is closed]]></system-out>
         <system-err><![CDATA[]]></system-err>
      </testcase>
      <testcase name="Test Cases/test-flow-1-buy-1-product" time="11.913" classname="Test Cases/test-flow-1-buy-1-product" status="PASSED">
         <system-out><![CDATA[2023-05-12 13:45:34 - [TEST_CASE][PASSED] - Test Cases/test-flow-1-buy-1-product: Test Cases/test-flow-1-buy-1-product

2023-05-12 13:45:34 - [TEST_STEP][PASSED] - openBrowser("https://www.saucedemo.com/"): Browser is opened with url: 'https://www.saucedemo.com/'

2023-05-12 13:45:34 - [MESSAGE][INFO] - Starting 'Chrome' driver

2023-05-12 13:45:34 - [MESSAGE][INFO] - Action delay is set to 0 milliseconds

2023-05-12 13:45:36 - [MESSAGE][PASSED] - Browser is opened with url: 'https://www.saucedemo.com/'

2023-05-12 13:45:36 - [TEST_STEP][PASSED] - click(findTestObject("Object Repository/Page_Swag Labs/input_Swag Labs_user-name")): Object: 'Object Repository/Page_Swag Labs/input_Swag Labs_user-name' is clicked on

2023-05-12 13:45:36 - [MESSAGE][PASSED] - Object: 'Object Repository/Page_Swag Labs/input_Swag Labs_user-name' is clicked on

2023-05-12 13:45:36 - [TEST_STEP][PASSED] - sendKeys(findTestObject("Object Repository/Page_Swag Labs/input_Swag Labs_user-name"), "standard_user"): Keys 'standard_user' sent to object: 'Object Repository/Page_Swag Labs/input_Swag Labs_user-name'

2023-05-12 13:45:37 - [MESSAGE][PASSED] - Keys 'standard_user' sent to object: 'Object Repository/Page_Swag Labs/input_Swag Labs_user-name'

2023-05-12 13:45:37 - [TEST_STEP][PASSED] - click(findTestObject("Object Repository/Page_Swag Labs/input_Swag Labs_password")): Object: 'Object Repository/Page_Swag Labs/input_Swag Labs_password' is clicked on

2023-05-12 13:45:37 - [MESSAGE][PASSED] - Object: 'Object Repository/Page_Swag Labs/input_Swag Labs_password' is clicked on

2023-05-12 13:45:37 - [TEST_STEP][PASSED] - sendKeys(findTestObject("Object Repository/Page_Swag Labs/input_Swag Labs_password"), "secret_sauce"): Keys 'secret_sauce' sent to object: 'Object Repository/Page_Swag Labs/input_Swag Labs_password'

2023-05-12 13:45:37 - [MESSAGE][PASSED] - Keys 'secret_sauce' sent to object: 'Object Repository/Page_Swag Labs/input_Swag Labs_password'

2023-05-12 13:45:37 - [TEST_STEP][PASSED] - click(findTestObject("Object Repository/Page_Swag Labs/input_Swag Labs_login-button")): Object: 'Object Repository/Page_Swag Labs/input_Swag Labs_login-button' is clicked on

2023-05-12 13:45:38 - [MESSAGE][PASSED] - Object: 'Object Repository/Page_Swag Labs/input_Swag Labs_login-button' is clicked on

2023-05-12 13:45:38 - [TEST_STEP][PASSED] - click(findTestObject("Object Repository/inventoryPage/Backpack")): Object: 'Object Repository/inventoryPage/Backpack' is clicked on

2023-05-12 13:45:38 - [MESSAGE][PASSED] - Object: 'Object Repository/inventoryPage/Backpack' is clicked on

2023-05-12 13:45:38 - [TEST_STEP][PASSED] - click(findTestObject("Object Repository/inventoryPage/button_Add to cart")): Object: 'Object Repository/inventoryPage/button_Add to cart' is clicked on

2023-05-12 13:45:39 - [MESSAGE][PASSED] - Object: 'Object Repository/inventoryPage/button_Add to cart' is clicked on

2023-05-12 13:45:39 - [TEST_STEP][PASSED] - click(findTestObject("Object Repository/inventoryPage/products_back-image")): Object: 'Object Repository/inventoryPage/products_back-image' is clicked on

2023-05-12 13:45:39 - [MESSAGE][PASSED] - Object: 'Object Repository/inventoryPage/products_back-image' is clicked on

2023-05-12 13:45:39 - [TEST_STEP][PASSED] - click(findTestObject("Object Repository/inventoryPage/cart")): Object: 'Object Repository/inventoryPage/cart' is clicked on

2023-05-12 13:45:40 - [MESSAGE][PASSED] - Object: 'Object Repository/inventoryPage/cart' is clicked on

2023-05-12 13:45:40 - [TEST_STEP][PASSED] - click(findTestObject("Object Repository/CheckoutPage/button_Checkout")): Object: 'Object Repository/CheckoutPage/button_Checkout' is clicked on

2023-05-12 13:45:40 - [MESSAGE][PASSED] - Object: 'Object Repository/CheckoutPage/button_Checkout' is clicked on

2023-05-12 13:45:40 - [TEST_STEP][PASSED] - sendKeys(findTestObject("Object Repository/checkout-step-one/input_Checkout Your Information_firstName"), "demo"): Keys 'demo' sent to object: 'Object Repository/checkout-step-one/input_Checkout Your Information_firstName'

2023-05-12 13:45:41 - [MESSAGE][PASSED] - Keys 'demo' sent to object: 'Object Repository/checkout-step-one/input_Checkout Your Information_firstName'

2023-05-12 13:45:41 - [TEST_STEP][PASSED] - sendKeys(findTestObject("Object Repository/checkout-step-one/input_Checkout Your Information_lastName"), "qa test"): Keys 'qa test' sent to object: 'Object Repository/checkout-step-one/input_Checkout Your Information_lastName'

2023-05-12 13:45:41 - [MESSAGE][PASSED] - Keys 'qa test' sent to object: 'Object Repository/checkout-step-one/input_Checkout Your Information_lastName'

2023-05-12 13:45:41 - [TEST_STEP][PASSED] - sendKeys(findTestObject("Object Repository/checkout-step-one/input_Checkout Your Information_postalCode"), "9000"): Keys '9000' sent to object: 'Object Repository/checkout-step-one/input_Checkout Your Information_postalCode'

2023-05-12 13:45:42 - [MESSAGE][PASSED] - Keys '9000' sent to object: 'Object Repository/checkout-step-one/input_Checkout Your Information_postalCode'

2023-05-12 13:45:42 - [TEST_STEP][PASSED] - click(findTestObject("Object Repository/checkout-step-one/input_continue")): Object: 'Object Repository/checkout-step-one/input_continue' is clicked on

2023-05-12 13:45:43 - [MESSAGE][PASSED] - Object: 'Object Repository/checkout-step-one/input_continue' is clicked on

2023-05-12 13:45:43 - [TEST_STEP][PASSED] - click(findTestObject("Object Repository/finish checkout/button_Finish")): Object: 'Object Repository/finish checkout/button_Finish' is clicked on

2023-05-12 13:45:43 - [MESSAGE][PASSED] - Object: 'Object Repository/finish checkout/button_Finish' is clicked on

2023-05-12 13:45:43 - [TEST_STEP][PASSED] - verifyElementVisible(findTestObject("Object Repository/order-success/h2_Thank you for your order")): Object 'Object Repository/order-success/h2_Thank you for your order' is visible

2023-05-12 13:45:44 - [MESSAGE][PASSED] - Object 'Object Repository/order-success/h2_Thank you for your order' is visible

2023-05-12 13:45:44 - [TEST_STEP][PASSED] - click(findTestObject("Object Repository/NavSideBar/sidebar")): Object: 'Object Repository/NavSideBar/sidebar' is clicked on

2023-05-12 13:45:44 - [MESSAGE][PASSED] - Object: 'Object Repository/NavSideBar/sidebar' is clicked on

2023-05-12 13:45:44 - [TEST_STEP][PASSED] - click(findTestObject("Object Repository/NavSideBar/a_Logout")): Object: 'Object Repository/NavSideBar/a_Logout' is clicked on

2023-05-12 13:45:44 - [MESSAGE][PASSED] - Object: 'Object Repository/NavSideBar/a_Logout' is clicked on

2023-05-12 13:45:44 - [TEST_STEP][PASSED] - verifyElementVisible(findTestObject("Object Repository/Page_Swag Labs/input_Swag Labs_user-name")): Object 'Object Repository/Page_Swag Labs/input_Swag Labs_user-name' is visible

2023-05-12 13:45:45 - [MESSAGE][PASSED] - Object 'Object Repository/Page_Swag Labs/input_Swag Labs_user-name' is visible

2023-05-12 13:45:45 - [TEST_STEP][PASSED] - closeBrowser(): Browser is closed

2023-05-12 13:45:46 - [MESSAGE][PASSED] - Browser is closed]]></system-out>
         <system-err><![CDATA[]]></system-err>
      </testcase>
      <testcase name="Test Cases/test-flow-1-buy-1-product" time="11.917" classname="Test Cases/test-flow-1-buy-1-product" status="PASSED">
         <system-out><![CDATA[2023-05-12 13:45:46 - [TEST_CASE][PASSED] - Test Cases/test-flow-1-buy-1-product: Test Cases/test-flow-1-buy-1-product

2023-05-12 13:45:46 - [TEST_STEP][PASSED] - openBrowser("https://www.saucedemo.com/"): Browser is opened with url: 'https://www.saucedemo.com/'

2023-05-12 13:45:46 - [MESSAGE][INFO] - Starting 'Chrome' driver

2023-05-12 13:45:46 - [MESSAGE][INFO] - Action delay is set to 0 milliseconds

2023-05-12 13:45:48 - [MESSAGE][PASSED] - Browser is opened with url: 'https://www.saucedemo.com/'

2023-05-12 13:45:48 - [TEST_STEP][PASSED] - click(findTestObject("Object Repository/Page_Swag Labs/input_Swag Labs_user-name")): Object: 'Object Repository/Page_Swag Labs/input_Swag Labs_user-name' is clicked on

2023-05-12 13:45:48 - [MESSAGE][PASSED] - Object: 'Object Repository/Page_Swag Labs/input_Swag Labs_user-name' is clicked on

2023-05-12 13:45:48 - [TEST_STEP][PASSED] - sendKeys(findTestObject("Object Repository/Page_Swag Labs/input_Swag Labs_user-name"), "standard_user"): Keys 'standard_user' sent to object: 'Object Repository/Page_Swag Labs/input_Swag Labs_user-name'

2023-05-12 13:45:49 - [MESSAGE][PASSED] - Keys 'standard_user' sent to object: 'Object Repository/Page_Swag Labs/input_Swag Labs_user-name'

2023-05-12 13:45:49 - [TEST_STEP][PASSED] - click(findTestObject("Object Repository/Page_Swag Labs/input_Swag Labs_password")): Object: 'Object Repository/Page_Swag Labs/input_Swag Labs_password' is clicked on

2023-05-12 13:45:49 - [MESSAGE][PASSED] - Object: 'Object Repository/Page_Swag Labs/input_Swag Labs_password' is clicked on

2023-05-12 13:45:49 - [TEST_STEP][PASSED] - sendKeys(findTestObject("Object Repository/Page_Swag Labs/input_Swag Labs_password"), "secret_sauce"): Keys 'secret_sauce' sent to object: 'Object Repository/Page_Swag Labs/input_Swag Labs_password'

2023-05-12 13:45:49 - [MESSAGE][PASSED] - Keys 'secret_sauce' sent to object: 'Object Repository/Page_Swag Labs/input_Swag Labs_password'

2023-05-12 13:45:49 - [TEST_STEP][PASSED] - click(findTestObject("Object Repository/Page_Swag Labs/input_Swag Labs_login-button")): Object: 'Object Repository/Page_Swag Labs/input_Swag Labs_login-button' is clicked on

2023-05-12 13:45:50 - [MESSAGE][PASSED] - Object: 'Object Repository/Page_Swag Labs/input_Swag Labs_login-button' is clicked on

2023-05-12 13:45:50 - [TEST_STEP][PASSED] - click(findTestObject("Object Repository/inventoryPage/Backpack")): Object: 'Object Repository/inventoryPage/Backpack' is clicked on

2023-05-12 13:45:50 - [MESSAGE][PASSED] - Object: 'Object Repository/inventoryPage/Backpack' is clicked on

2023-05-12 13:45:50 - [TEST_STEP][PASSED] - click(findTestObject("Object Repository/inventoryPage/button_Add to cart")): Object: 'Object Repository/inventoryPage/button_Add to cart' is clicked on

2023-05-12 13:45:51 - [MESSAGE][PASSED] - Object: 'Object Repository/inventoryPage/button_Add to cart' is clicked on

2023-05-12 13:45:51 - [TEST_STEP][PASSED] - click(findTestObject("Object Repository/inventoryPage/products_back-image")): Object: 'Object Repository/inventoryPage/products_back-image' is clicked on

2023-05-12 13:45:51 - [MESSAGE][PASSED] - Object: 'Object Repository/inventoryPage/products_back-image' is clicked on

2023-05-12 13:45:51 - [TEST_STEP][PASSED] - click(findTestObject("Object Repository/inventoryPage/cart")): Object: 'Object Repository/inventoryPage/cart' is clicked on

2023-05-12 13:45:52 - [MESSAGE][PASSED] - Object: 'Object Repository/inventoryPage/cart' is clicked on

2023-05-12 13:45:52 - [TEST_STEP][PASSED] - click(findTestObject("Object Repository/CheckoutPage/button_Checkout")): Object: 'Object Repository/CheckoutPage/button_Checkout' is clicked on

2023-05-12 13:45:52 - [MESSAGE][PASSED] - Object: 'Object Repository/CheckoutPage/button_Checkout' is clicked on

2023-05-12 13:45:52 - [TEST_STEP][PASSED] - sendKeys(findTestObject("Object Repository/checkout-step-one/input_Checkout Your Information_firstName"), "demo"): Keys 'demo' sent to object: 'Object Repository/checkout-step-one/input_Checkout Your Information_firstName'

2023-05-12 13:45:53 - [MESSAGE][PASSED] - Keys 'demo' sent to object: 'Object Repository/checkout-step-one/input_Checkout Your Information_firstName'

2023-05-12 13:45:53 - [TEST_STEP][PASSED] - sendKeys(findTestObject("Object Repository/checkout-step-one/input_Checkout Your Information_lastName"), "qa test"): Keys 'qa test' sent to object: 'Object Repository/checkout-step-one/input_Checkout Your Information_lastName'

2023-05-12 13:45:53 - [MESSAGE][PASSED] - Keys 'qa test' sent to object: 'Object Repository/checkout-step-one/input_Checkout Your Information_lastName'

2023-05-12 13:45:53 - [TEST_STEP][PASSED] - sendKeys(findTestObject("Object Repository/checkout-step-one/input_Checkout Your Information_postalCode"), "9000"): Keys '9000' sent to object: 'Object Repository/checkout-step-one/input_Checkout Your Information_postalCode'

2023-05-12 13:45:54 - [MESSAGE][PASSED] - Keys '9000' sent to object: 'Object Repository/checkout-step-one/input_Checkout Your Information_postalCode'

2023-05-12 13:45:54 - [TEST_STEP][PASSED] - click(findTestObject("Object Repository/checkout-step-one/input_continue")): Object: 'Object Repository/checkout-step-one/input_continue' is clicked on

2023-05-12 13:45:55 - [MESSAGE][PASSED] - Object: 'Object Repository/checkout-step-one/input_continue' is clicked on

2023-05-12 13:45:55 - [TEST_STEP][PASSED] - click(findTestObject("Object Repository/finish checkout/button_Finish")): Object: 'Object Repository/finish checkout/button_Finish' is clicked on

2023-05-12 13:45:55 - [MESSAGE][PASSED] - Object: 'Object Repository/finish checkout/button_Finish' is clicked on

2023-05-12 13:45:55 - [TEST_STEP][PASSED] - verifyElementVisible(findTestObject("Object Repository/order-success/h2_Thank you for your order")): Object 'Object Repository/order-success/h2_Thank you for your order' is visible

2023-05-12 13:45:56 - [MESSAGE][PASSED] - Object 'Object Repository/order-success/h2_Thank you for your order' is visible

2023-05-12 13:45:56 - [TEST_STEP][PASSED] - click(findTestObject("Object Repository/NavSideBar/sidebar")): Object: 'Object Repository/NavSideBar/sidebar' is clicked on

2023-05-12 13:45:56 - [MESSAGE][PASSED] - Object: 'Object Repository/NavSideBar/sidebar' is clicked on

2023-05-12 13:45:56 - [TEST_STEP][PASSED] - click(findTestObject("Object Repository/NavSideBar/a_Logout")): Object: 'Object Repository/NavSideBar/a_Logout' is clicked on

2023-05-12 13:45:57 - [MESSAGE][PASSED] - Object: 'Object Repository/NavSideBar/a_Logout' is clicked on

2023-05-12 13:45:57 - [TEST_STEP][PASSED] - verifyElementVisible(findTestObject("Object Repository/Page_Swag Labs/input_Swag Labs_user-name")): Object 'Object Repository/Page_Swag Labs/input_Swag Labs_user-name' is visible

2023-05-12 13:45:57 - [MESSAGE][PASSED] - Object 'Object Repository/Page_Swag Labs/input_Swag Labs_user-name' is visible

2023-05-12 13:45:57 - [TEST_STEP][PASSED] - closeBrowser(): Browser is closed

2023-05-12 13:45:58 - [MESSAGE][PASSED] - Browser is closed]]></system-out>
         <system-err><![CDATA[]]></system-err>
      </testcase>
      <testcase name="Test Cases/test-flow-1-buy-1-product" time="11.701" classname="Test Cases/test-flow-1-buy-1-product" status="PASSED">
         <system-out><![CDATA[2023-05-12 13:45:58 - [TEST_CASE][PASSED] - Test Cases/test-flow-1-buy-1-product: Test Cases/test-flow-1-buy-1-product

2023-05-12 13:45:58 - [TEST_STEP][PASSED] - openBrowser("https://www.saucedemo.com/"): Browser is opened with url: 'https://www.saucedemo.com/'

2023-05-12 13:45:58 - [MESSAGE][INFO] - Starting 'Chrome' driver

2023-05-12 13:45:58 - [MESSAGE][INFO] - Action delay is set to 0 milliseconds

2023-05-12 13:46:00 - [MESSAGE][PASSED] - Browser is opened with url: 'https://www.saucedemo.com/'

2023-05-12 13:46:00 - [TEST_STEP][PASSED] - click(findTestObject("Object Repository/Page_Swag Labs/input_Swag Labs_user-name")): Object: 'Object Repository/Page_Swag Labs/input_Swag Labs_user-name' is clicked on

2023-05-12 13:46:00 - [MESSAGE][PASSED] - Object: 'Object Repository/Page_Swag Labs/input_Swag Labs_user-name' is clicked on

2023-05-12 13:46:00 - [TEST_STEP][PASSED] - sendKeys(findTestObject("Object Repository/Page_Swag Labs/input_Swag Labs_user-name"), "standard_user"): Keys 'standard_user' sent to object: 'Object Repository/Page_Swag Labs/input_Swag Labs_user-name'

2023-05-12 13:46:01 - [MESSAGE][PASSED] - Keys 'standard_user' sent to object: 'Object Repository/Page_Swag Labs/input_Swag Labs_user-name'

2023-05-12 13:46:01 - [TEST_STEP][PASSED] - click(findTestObject("Object Repository/Page_Swag Labs/input_Swag Labs_password")): Object: 'Object Repository/Page_Swag Labs/input_Swag Labs_password' is clicked on

2023-05-12 13:46:01 - [MESSAGE][PASSED] - Object: 'Object Repository/Page_Swag Labs/input_Swag Labs_password' is clicked on

2023-05-12 13:46:01 - [TEST_STEP][PASSED] - sendKeys(findTestObject("Object Repository/Page_Swag Labs/input_Swag Labs_password"), "secret_sauce"): Keys 'secret_sauce' sent to object: 'Object Repository/Page_Swag Labs/input_Swag Labs_password'

2023-05-12 13:46:01 - [MESSAGE][PASSED] - Keys 'secret_sauce' sent to object: 'Object Repository/Page_Swag Labs/input_Swag Labs_password'

2023-05-12 13:46:01 - [TEST_STEP][PASSED] - click(findTestObject("Object Repository/Page_Swag Labs/input_Swag Labs_login-button")): Object: 'Object Repository/Page_Swag Labs/input_Swag Labs_login-button' is clicked on

2023-05-12 13:46:02 - [MESSAGE][PASSED] - Object: 'Object Repository/Page_Swag Labs/input_Swag Labs_login-button' is clicked on

2023-05-12 13:46:02 - [TEST_STEP][PASSED] - click(findTestObject("Object Repository/inventoryPage/Backpack")): Object: 'Object Repository/inventoryPage/Backpack' is clicked on

2023-05-12 13:46:02 - [MESSAGE][PASSED] - Object: 'Object Repository/inventoryPage/Backpack' is clicked on

2023-05-12 13:46:02 - [TEST_STEP][PASSED] - click(findTestObject("Object Repository/inventoryPage/button_Add to cart")): Object: 'Object Repository/inventoryPage/button_Add to cart' is clicked on

2023-05-12 13:46:03 - [MESSAGE][PASSED] - Object: 'Object Repository/inventoryPage/button_Add to cart' is clicked on

2023-05-12 13:46:03 - [TEST_STEP][PASSED] - click(findTestObject("Object Repository/inventoryPage/products_back-image")): Object: 'Object Repository/inventoryPage/products_back-image' is clicked on

2023-05-12 13:46:03 - [MESSAGE][PASSED] - Object: 'Object Repository/inventoryPage/products_back-image' is clicked on

2023-05-12 13:46:03 - [TEST_STEP][PASSED] - click(findTestObject("Object Repository/inventoryPage/cart")): Object: 'Object Repository/inventoryPage/cart' is clicked on

2023-05-12 13:46:04 - [MESSAGE][PASSED] - Object: 'Object Repository/inventoryPage/cart' is clicked on

2023-05-12 13:46:04 - [TEST_STEP][PASSED] - click(findTestObject("Object Repository/CheckoutPage/button_Checkout")): Object: 'Object Repository/CheckoutPage/button_Checkout' is clicked on

2023-05-12 13:46:04 - [MESSAGE][PASSED] - Object: 'Object Repository/CheckoutPage/button_Checkout' is clicked on

2023-05-12 13:46:04 - [TEST_STEP][PASSED] - sendKeys(findTestObject("Object Repository/checkout-step-one/input_Checkout Your Information_firstName"), "demo"): Keys 'demo' sent to object: 'Object Repository/checkout-step-one/input_Checkout Your Information_firstName'

2023-05-12 13:46:05 - [MESSAGE][PASSED] - Keys 'demo' sent to object: 'Object Repository/checkout-step-one/input_Checkout Your Information_firstName'

2023-05-12 13:46:05 - [TEST_STEP][PASSED] - sendKeys(findTestObject("Object Repository/checkout-step-one/input_Checkout Your Information_lastName"), "qa test"): Keys 'qa test' sent to object: 'Object Repository/checkout-step-one/input_Checkout Your Information_lastName'

2023-05-12 13:46:05 - [MESSAGE][PASSED] - Keys 'qa test' sent to object: 'Object Repository/checkout-step-one/input_Checkout Your Information_lastName'

2023-05-12 13:46:05 - [TEST_STEP][PASSED] - sendKeys(findTestObject("Object Repository/checkout-step-one/input_Checkout Your Information_postalCode"), "9000"): Keys '9000' sent to object: 'Object Repository/checkout-step-one/input_Checkout Your Information_postalCode'

2023-05-12 13:46:06 - [MESSAGE][PASSED] - Keys '9000' sent to object: 'Object Repository/checkout-step-one/input_Checkout Your Information_postalCode'

2023-05-12 13:46:06 - [TEST_STEP][PASSED] - click(findTestObject("Object Repository/checkout-step-one/input_continue")): Object: 'Object Repository/checkout-step-one/input_continue' is clicked on

2023-05-12 13:46:06 - [MESSAGE][PASSED] - Object: 'Object Repository/checkout-step-one/input_continue' is clicked on

2023-05-12 13:46:06 - [TEST_STEP][PASSED] - click(findTestObject("Object Repository/finish checkout/button_Finish")): Object: 'Object Repository/finish checkout/button_Finish' is clicked on

2023-05-12 13:46:07 - [MESSAGE][PASSED] - Object: 'Object Repository/finish checkout/button_Finish' is clicked on

2023-05-12 13:46:07 - [TEST_STEP][PASSED] - verifyElementVisible(findTestObject("Object Repository/order-success/h2_Thank you for your order")): Object 'Object Repository/order-success/h2_Thank you for your order' is visible

2023-05-12 13:46:07 - [MESSAGE][PASSED] - Object 'Object Repository/order-success/h2_Thank you for your order' is visible

2023-05-12 13:46:07 - [TEST_STEP][PASSED] - click(findTestObject("Object Repository/NavSideBar/sidebar")): Object: 'Object Repository/NavSideBar/sidebar' is clicked on

2023-05-12 13:46:08 - [MESSAGE][PASSED] - Object: 'Object Repository/NavSideBar/sidebar' is clicked on

2023-05-12 13:46:08 - [TEST_STEP][PASSED] - click(findTestObject("Object Repository/NavSideBar/a_Logout")): Object: 'Object Repository/NavSideBar/a_Logout' is clicked on

2023-05-12 13:46:08 - [MESSAGE][PASSED] - Object: 'Object Repository/NavSideBar/a_Logout' is clicked on

2023-05-12 13:46:08 - [TEST_STEP][PASSED] - verifyElementVisible(findTestObject("Object Repository/Page_Swag Labs/input_Swag Labs_user-name")): Object 'Object Repository/Page_Swag Labs/input_Swag Labs_user-name' is visible

2023-05-12 13:46:09 - [MESSAGE][PASSED] - Object 'Object Repository/Page_Swag Labs/input_Swag Labs_user-name' is visible

2023-05-12 13:46:09 - [TEST_STEP][PASSED] - closeBrowser(): Browser is closed

2023-05-12 13:46:09 - [MESSAGE][PASSED] - Browser is closed]]></system-out>
         <system-err><![CDATA[]]></system-err>
      </testcase>
      <testcase name="Test Cases/test-flow-1-buy-1-product" time="11.69" classname="Test Cases/test-flow-1-buy-1-product" status="PASSED">
         <system-out><![CDATA[2023-05-12 13:46:09 - [TEST_CASE][PASSED] - Test Cases/test-flow-1-buy-1-product: Test Cases/test-flow-1-buy-1-product

2023-05-12 13:46:09 - [TEST_STEP][PASSED] - openBrowser("https://www.saucedemo.com/"): Browser is opened with url: 'https://www.saucedemo.com/'

2023-05-12 13:46:09 - [MESSAGE][INFO] - Starting 'Chrome' driver

2023-05-12 13:46:09 - [MESSAGE][INFO] - Action delay is set to 0 milliseconds

2023-05-12 13:46:11 - [MESSAGE][PASSED] - Browser is opened with url: 'https://www.saucedemo.com/'

2023-05-12 13:46:11 - [TEST_STEP][PASSED] - click(findTestObject("Object Repository/Page_Swag Labs/input_Swag Labs_user-name")): Object: 'Object Repository/Page_Swag Labs/input_Swag Labs_user-name' is clicked on

2023-05-12 13:46:12 - [MESSAGE][PASSED] - Object: 'Object Repository/Page_Swag Labs/input_Swag Labs_user-name' is clicked on

2023-05-12 13:46:12 - [TEST_STEP][PASSED] - sendKeys(findTestObject("Object Repository/Page_Swag Labs/input_Swag Labs_user-name"), "standard_user"): Keys 'standard_user' sent to object: 'Object Repository/Page_Swag Labs/input_Swag Labs_user-name'

2023-05-12 13:46:12 - [MESSAGE][PASSED] - Keys 'standard_user' sent to object: 'Object Repository/Page_Swag Labs/input_Swag Labs_user-name'

2023-05-12 13:46:12 - [TEST_STEP][PASSED] - click(findTestObject("Object Repository/Page_Swag Labs/input_Swag Labs_password")): Object: 'Object Repository/Page_Swag Labs/input_Swag Labs_password' is clicked on

2023-05-12 13:46:13 - [MESSAGE][PASSED] - Object: 'Object Repository/Page_Swag Labs/input_Swag Labs_password' is clicked on

2023-05-12 13:46:13 - [TEST_STEP][PASSED] - sendKeys(findTestObject("Object Repository/Page_Swag Labs/input_Swag Labs_password"), "secret_sauce"): Keys 'secret_sauce' sent to object: 'Object Repository/Page_Swag Labs/input_Swag Labs_password'

2023-05-12 13:46:13 - [MESSAGE][PASSED] - Keys 'secret_sauce' sent to object: 'Object Repository/Page_Swag Labs/input_Swag Labs_password'

2023-05-12 13:46:13 - [TEST_STEP][PASSED] - click(findTestObject("Object Repository/Page_Swag Labs/input_Swag Labs_login-button")): Object: 'Object Repository/Page_Swag Labs/input_Swag Labs_login-button' is clicked on

2023-05-12 13:46:13 - [MESSAGE][PASSED] - Object: 'Object Repository/Page_Swag Labs/input_Swag Labs_login-button' is clicked on

2023-05-12 13:46:13 - [TEST_STEP][PASSED] - click(findTestObject("Object Repository/inventoryPage/Backpack")): Object: 'Object Repository/inventoryPage/Backpack' is clicked on

2023-05-12 13:46:14 - [MESSAGE][PASSED] - Object: 'Object Repository/inventoryPage/Backpack' is clicked on

2023-05-12 13:46:14 - [TEST_STEP][PASSED] - click(findTestObject("Object Repository/inventoryPage/button_Add to cart")): Object: 'Object Repository/inventoryPage/button_Add to cart' is clicked on

2023-05-12 13:46:14 - [MESSAGE][PASSED] - Object: 'Object Repository/inventoryPage/button_Add to cart' is clicked on

2023-05-12 13:46:14 - [TEST_STEP][PASSED] - click(findTestObject("Object Repository/inventoryPage/products_back-image")): Object: 'Object Repository/inventoryPage/products_back-image' is clicked on

2023-05-12 13:46:15 - [MESSAGE][PASSED] - Object: 'Object Repository/inventoryPage/products_back-image' is clicked on

2023-05-12 13:46:15 - [TEST_STEP][PASSED] - click(findTestObject("Object Repository/inventoryPage/cart")): Object: 'Object Repository/inventoryPage/cart' is clicked on

2023-05-12 13:46:15 - [MESSAGE][PASSED] - Object: 'Object Repository/inventoryPage/cart' is clicked on

2023-05-12 13:46:15 - [TEST_STEP][PASSED] - click(findTestObject("Object Repository/CheckoutPage/button_Checkout")): Object: 'Object Repository/CheckoutPage/button_Checkout' is clicked on

2023-05-12 13:46:16 - [MESSAGE][PASSED] - Object: 'Object Repository/CheckoutPage/button_Checkout' is clicked on

2023-05-12 13:46:16 - [TEST_STEP][PASSED] - sendKeys(findTestObject("Object Repository/checkout-step-one/input_Checkout Your Information_firstName"), "demo"): Keys 'demo' sent to object: 'Object Repository/checkout-step-one/input_Checkout Your Information_firstName'

2023-05-12 13:46:16 - [MESSAGE][PASSED] - Keys 'demo' sent to object: 'Object Repository/checkout-step-one/input_Checkout Your Information_firstName'

2023-05-12 13:46:16 - [TEST_STEP][PASSED] - sendKeys(findTestObject("Object Repository/checkout-step-one/input_Checkout Your Information_lastName"), "qa test"): Keys 'qa test' sent to object: 'Object Repository/checkout-step-one/input_Checkout Your Information_lastName'

2023-05-12 13:46:17 - [MESSAGE][PASSED] - Keys 'qa test' sent to object: 'Object Repository/checkout-step-one/input_Checkout Your Information_lastName'

2023-05-12 13:46:17 - [TEST_STEP][PASSED] - sendKeys(findTestObject("Object Repository/checkout-step-one/input_Checkout Your Information_postalCode"), "9000"): Keys '9000' sent to object: 'Object Repository/checkout-step-one/input_Checkout Your Information_postalCode'

2023-05-12 13:46:18 - [MESSAGE][PASSED] - Keys '9000' sent to object: 'Object Repository/checkout-step-one/input_Checkout Your Information_postalCode'

2023-05-12 13:46:18 - [TEST_STEP][PASSED] - click(findTestObject("Object Repository/checkout-step-one/input_continue")): Object: 'Object Repository/checkout-step-one/input_continue' is clicked on

2023-05-12 13:46:18 - [MESSAGE][PASSED] - Object: 'Object Repository/checkout-step-one/input_continue' is clicked on

2023-05-12 13:46:18 - [TEST_STEP][PASSED] - click(findTestObject("Object Repository/finish checkout/button_Finish")): Object: 'Object Repository/finish checkout/button_Finish' is clicked on

2023-05-12 13:46:19 - [MESSAGE][PASSED] - Object: 'Object Repository/finish checkout/button_Finish' is clicked on

2023-05-12 13:46:19 - [TEST_STEP][PASSED] - verifyElementVisible(findTestObject("Object Repository/order-success/h2_Thank you for your order")): Object 'Object Repository/order-success/h2_Thank you for your order' is visible

2023-05-12 13:46:19 - [MESSAGE][PASSED] - Object 'Object Repository/order-success/h2_Thank you for your order' is visible

2023-05-12 13:46:19 - [TEST_STEP][PASSED] - click(findTestObject("Object Repository/NavSideBar/sidebar")): Object: 'Object Repository/NavSideBar/sidebar' is clicked on

2023-05-12 13:46:19 - [MESSAGE][PASSED] - Object: 'Object Repository/NavSideBar/sidebar' is clicked on

2023-05-12 13:46:19 - [TEST_STEP][PASSED] - click(findTestObject("Object Repository/NavSideBar/a_Logout")): Object: 'Object Repository/NavSideBar/a_Logout' is clicked on

2023-05-12 13:46:20 - [MESSAGE][PASSED] - Object: 'Object Repository/NavSideBar/a_Logout' is clicked on

2023-05-12 13:46:20 - [TEST_STEP][PASSED] - verifyElementVisible(findTestObject("Object Repository/Page_Swag Labs/input_Swag Labs_user-name")): Object 'Object Repository/Page_Swag Labs/input_Swag Labs_user-name' is visible

2023-05-12 13:46:20 - [MESSAGE][PASSED] - Object 'Object Repository/Page_Swag Labs/input_Swag Labs_user-name' is visible

2023-05-12 13:46:20 - [TEST_STEP][PASSED] - closeBrowser(): Browser is closed

2023-05-12 13:46:21 - [MESSAGE][PASSED] - Browser is closed]]></system-out>
         <system-err><![CDATA[]]></system-err>
      </testcase>
      <testcase name="Test Cases/test-flow-1-buy-1-product" time="11.811" classname="Test Cases/test-flow-1-buy-1-product" status="PASSED">
         <system-out><![CDATA[2023-05-12 13:46:21 - [TEST_CASE][PASSED] - Test Cases/test-flow-1-buy-1-product: Test Cases/test-flow-1-buy-1-product

2023-05-12 13:46:21 - [TEST_STEP][PASSED] - openBrowser("https://www.saucedemo.com/"): Browser is opened with url: 'https://www.saucedemo.com/'

2023-05-12 13:46:21 - [MESSAGE][INFO] - Starting 'Chrome' driver

2023-05-12 13:46:21 - [MESSAGE][INFO] - Action delay is set to 0 milliseconds

2023-05-12 13:46:23 - [MESSAGE][PASSED] - Browser is opened with url: 'https://www.saucedemo.com/'

2023-05-12 13:46:23 - [TEST_STEP][PASSED] - click(findTestObject("Object Repository/Page_Swag Labs/input_Swag Labs_user-name")): Object: 'Object Repository/Page_Swag Labs/input_Swag Labs_user-name' is clicked on

2023-05-12 13:46:23 - [MESSAGE][PASSED] - Object: 'Object Repository/Page_Swag Labs/input_Swag Labs_user-name' is clicked on

2023-05-12 13:46:23 - [TEST_STEP][PASSED] - sendKeys(findTestObject("Object Repository/Page_Swag Labs/input_Swag Labs_user-name"), "standard_user"): Keys 'standard_user' sent to object: 'Object Repository/Page_Swag Labs/input_Swag Labs_user-name'

2023-05-12 13:46:24 - [MESSAGE][PASSED] - Keys 'standard_user' sent to object: 'Object Repository/Page_Swag Labs/input_Swag Labs_user-name'

2023-05-12 13:46:24 - [TEST_STEP][PASSED] - click(findTestObject("Object Repository/Page_Swag Labs/input_Swag Labs_password")): Object: 'Object Repository/Page_Swag Labs/input_Swag Labs_password' is clicked on

2023-05-12 13:46:24 - [MESSAGE][PASSED] - Object: 'Object Repository/Page_Swag Labs/input_Swag Labs_password' is clicked on

2023-05-12 13:46:24 - [TEST_STEP][PASSED] - sendKeys(findTestObject("Object Repository/Page_Swag Labs/input_Swag Labs_password"), "secret_sauce"): Keys 'secret_sauce' sent to object: 'Object Repository/Page_Swag Labs/input_Swag Labs_password'

2023-05-12 13:46:25 - [MESSAGE][PASSED] - Keys 'secret_sauce' sent to object: 'Object Repository/Page_Swag Labs/input_Swag Labs_password'

2023-05-12 13:46:25 - [TEST_STEP][PASSED] - click(findTestObject("Object Repository/Page_Swag Labs/input_Swag Labs_login-button")): Object: 'Object Repository/Page_Swag Labs/input_Swag Labs_login-button' is clicked on

2023-05-12 13:46:25 - [MESSAGE][PASSED] - Object: 'Object Repository/Page_Swag Labs/input_Swag Labs_login-button' is clicked on

2023-05-12 13:46:25 - [TEST_STEP][PASSED] - click(findTestObject("Object Repository/inventoryPage/Backpack")): Object: 'Object Repository/inventoryPage/Backpack' is clicked on

2023-05-12 13:46:25 - [MESSAGE][PASSED] - Object: 'Object Repository/inventoryPage/Backpack' is clicked on

2023-05-12 13:46:25 - [TEST_STEP][PASSED] - click(findTestObject("Object Repository/inventoryPage/button_Add to cart")): Object: 'Object Repository/inventoryPage/button_Add to cart' is clicked on

2023-05-12 13:46:26 - [MESSAGE][PASSED] - Object: 'Object Repository/inventoryPage/button_Add to cart' is clicked on

2023-05-12 13:46:26 - [TEST_STEP][PASSED] - click(findTestObject("Object Repository/inventoryPage/products_back-image")): Object: 'Object Repository/inventoryPage/products_back-image' is clicked on

2023-05-12 13:46:26 - [MESSAGE][PASSED] - Object: 'Object Repository/inventoryPage/products_back-image' is clicked on

2023-05-12 13:46:26 - [TEST_STEP][PASSED] - click(findTestObject("Object Repository/inventoryPage/cart")): Object: 'Object Repository/inventoryPage/cart' is clicked on

2023-05-12 13:46:27 - [MESSAGE][PASSED] - Object: 'Object Repository/inventoryPage/cart' is clicked on

2023-05-12 13:46:27 - [TEST_STEP][PASSED] - click(findTestObject("Object Repository/CheckoutPage/button_Checkout")): Object: 'Object Repository/CheckoutPage/button_Checkout' is clicked on

2023-05-12 13:46:27 - [MESSAGE][PASSED] - Object: 'Object Repository/CheckoutPage/button_Checkout' is clicked on

2023-05-12 13:46:27 - [TEST_STEP][PASSED] - sendKeys(findTestObject("Object Repository/checkout-step-one/input_Checkout Your Information_firstName"), "demo"): Keys 'demo' sent to object: 'Object Repository/checkout-step-one/input_Checkout Your Information_firstName'

2023-05-12 13:46:28 - [MESSAGE][PASSED] - Keys 'demo' sent to object: 'Object Repository/checkout-step-one/input_Checkout Your Information_firstName'

2023-05-12 13:46:28 - [TEST_STEP][PASSED] - sendKeys(findTestObject("Object Repository/checkout-step-one/input_Checkout Your Information_lastName"), "qa test"): Keys 'qa test' sent to object: 'Object Repository/checkout-step-one/input_Checkout Your Information_lastName'

2023-05-12 13:46:29 - [MESSAGE][PASSED] - Keys 'qa test' sent to object: 'Object Repository/checkout-step-one/input_Checkout Your Information_lastName'

2023-05-12 13:46:29 - [TEST_STEP][PASSED] - sendKeys(findTestObject("Object Repository/checkout-step-one/input_Checkout Your Information_postalCode"), "9000"): Keys '9000' sent to object: 'Object Repository/checkout-step-one/input_Checkout Your Information_postalCode'

2023-05-12 13:46:29 - [MESSAGE][PASSED] - Keys '9000' sent to object: 'Object Repository/checkout-step-one/input_Checkout Your Information_postalCode'

2023-05-12 13:46:29 - [TEST_STEP][PASSED] - click(findTestObject("Object Repository/checkout-step-one/input_continue")): Object: 'Object Repository/checkout-step-one/input_continue' is clicked on

2023-05-12 13:46:30 - [MESSAGE][PASSED] - Object: 'Object Repository/checkout-step-one/input_continue' is clicked on

2023-05-12 13:46:30 - [TEST_STEP][PASSED] - click(findTestObject("Object Repository/finish checkout/button_Finish")): Object: 'Object Repository/finish checkout/button_Finish' is clicked on

2023-05-12 13:46:30 - [MESSAGE][PASSED] - Object: 'Object Repository/finish checkout/button_Finish' is clicked on

2023-05-12 13:46:30 - [TEST_STEP][PASSED] - verifyElementVisible(findTestObject("Object Repository/order-success/h2_Thank you for your order")): Object 'Object Repository/order-success/h2_Thank you for your order' is visible

2023-05-12 13:46:31 - [MESSAGE][PASSED] - Object 'Object Repository/order-success/h2_Thank you for your order' is visible

2023-05-12 13:46:31 - [TEST_STEP][PASSED] - click(findTestObject("Object Repository/NavSideBar/sidebar")): Object: 'Object Repository/NavSideBar/sidebar' is clicked on

2023-05-12 13:46:31 - [MESSAGE][PASSED] - Object: 'Object Repository/NavSideBar/sidebar' is clicked on

2023-05-12 13:46:31 - [TEST_STEP][PASSED] - click(findTestObject("Object Repository/NavSideBar/a_Logout")): Object: 'Object Repository/NavSideBar/a_Logout' is clicked on

2023-05-12 13:46:32 - [MESSAGE][PASSED] - Object: 'Object Repository/NavSideBar/a_Logout' is clicked on

2023-05-12 13:46:32 - [TEST_STEP][PASSED] - verifyElementVisible(findTestObject("Object Repository/Page_Swag Labs/input_Swag Labs_user-name")): Object 'Object Repository/Page_Swag Labs/input_Swag Labs_user-name' is visible

2023-05-12 13:46:32 - [MESSAGE][PASSED] - Object 'Object Repository/Page_Swag Labs/input_Swag Labs_user-name' is visible

2023-05-12 13:46:32 - [TEST_STEP][PASSED] - closeBrowser(): Browser is closed

2023-05-12 13:46:33 - [MESSAGE][PASSED] - Browser is closed]]></system-out>
         <system-err><![CDATA[]]></system-err>
      </testcase>
      <testcase name="Test Cases/test-flow-1-buy-1-product" time="12.3" classname="Test Cases/test-flow-1-buy-1-product" status="PASSED">
         <system-out><![CDATA[2023-05-12 13:46:33 - [TEST_CASE][PASSED] - Test Cases/test-flow-1-buy-1-product: Test Cases/test-flow-1-buy-1-product

2023-05-12 13:46:33 - [TEST_STEP][PASSED] - openBrowser("https://www.saucedemo.com/"): Browser is opened with url: 'https://www.saucedemo.com/'

2023-05-12 13:46:33 - [MESSAGE][INFO] - Starting 'Chrome' driver

2023-05-12 13:46:33 - [MESSAGE][INFO] - Action delay is set to 0 milliseconds

2023-05-12 13:46:35 - [MESSAGE][PASSED] - Browser is opened with url: 'https://www.saucedemo.com/'

2023-05-12 13:46:35 - [TEST_STEP][PASSED] - click(findTestObject("Object Repository/Page_Swag Labs/input_Swag Labs_user-name")): Object: 'Object Repository/Page_Swag Labs/input_Swag Labs_user-name' is clicked on

2023-05-12 13:46:36 - [MESSAGE][PASSED] - Object: 'Object Repository/Page_Swag Labs/input_Swag Labs_user-name' is clicked on

2023-05-12 13:46:36 - [TEST_STEP][PASSED] - sendKeys(findTestObject("Object Repository/Page_Swag Labs/input_Swag Labs_user-name"), "standard_user"): Keys 'standard_user' sent to object: 'Object Repository/Page_Swag Labs/input_Swag Labs_user-name'

2023-05-12 13:46:36 - [MESSAGE][PASSED] - Keys 'standard_user' sent to object: 'Object Repository/Page_Swag Labs/input_Swag Labs_user-name'

2023-05-12 13:46:36 - [TEST_STEP][PASSED] - click(findTestObject("Object Repository/Page_Swag Labs/input_Swag Labs_password")): Object: 'Object Repository/Page_Swag Labs/input_Swag Labs_password' is clicked on

2023-05-12 13:46:36 - [MESSAGE][PASSED] - Object: 'Object Repository/Page_Swag Labs/input_Swag Labs_password' is clicked on

2023-05-12 13:46:36 - [TEST_STEP][PASSED] - sendKeys(findTestObject("Object Repository/Page_Swag Labs/input_Swag Labs_password"), "secret_sauce"): Keys 'secret_sauce' sent to object: 'Object Repository/Page_Swag Labs/input_Swag Labs_password'

2023-05-12 13:46:37 - [MESSAGE][PASSED] - Keys 'secret_sauce' sent to object: 'Object Repository/Page_Swag Labs/input_Swag Labs_password'

2023-05-12 13:46:37 - [TEST_STEP][PASSED] - click(findTestObject("Object Repository/Page_Swag Labs/input_Swag Labs_login-button")): Object: 'Object Repository/Page_Swag Labs/input_Swag Labs_login-button' is clicked on

2023-05-12 13:46:37 - [MESSAGE][PASSED] - Object: 'Object Repository/Page_Swag Labs/input_Swag Labs_login-button' is clicked on

2023-05-12 13:46:37 - [TEST_STEP][PASSED] - click(findTestObject("Object Repository/inventoryPage/Backpack")): Object: 'Object Repository/inventoryPage/Backpack' is clicked on

2023-05-12 13:46:38 - [MESSAGE][PASSED] - Object: 'Object Repository/inventoryPage/Backpack' is clicked on

2023-05-12 13:46:38 - [TEST_STEP][PASSED] - click(findTestObject("Object Repository/inventoryPage/button_Add to cart")): Object: 'Object Repository/inventoryPage/button_Add to cart' is clicked on

2023-05-12 13:46:38 - [MESSAGE][PASSED] - Object: 'Object Repository/inventoryPage/button_Add to cart' is clicked on

2023-05-12 13:46:38 - [TEST_STEP][PASSED] - click(findTestObject("Object Repository/inventoryPage/products_back-image")): Object: 'Object Repository/inventoryPage/products_back-image' is clicked on

2023-05-12 13:46:39 - [MESSAGE][PASSED] - Object: 'Object Repository/inventoryPage/products_back-image' is clicked on

2023-05-12 13:46:39 - [TEST_STEP][PASSED] - click(findTestObject("Object Repository/inventoryPage/cart")): Object: 'Object Repository/inventoryPage/cart' is clicked on

2023-05-12 13:46:39 - [MESSAGE][PASSED] - Object: 'Object Repository/inventoryPage/cart' is clicked on

2023-05-12 13:46:39 - [TEST_STEP][PASSED] - click(findTestObject("Object Repository/CheckoutPage/button_Checkout")): Object: 'Object Repository/CheckoutPage/button_Checkout' is clicked on

2023-05-12 13:46:40 - [MESSAGE][PASSED] - Object: 'Object Repository/CheckoutPage/button_Checkout' is clicked on

2023-05-12 13:46:40 - [TEST_STEP][PASSED] - sendKeys(findTestObject("Object Repository/checkout-step-one/input_Checkout Your Information_firstName"), "demo"): Keys 'demo' sent to object: 'Object Repository/checkout-step-one/input_Checkout Your Information_firstName'

2023-05-12 13:46:40 - [MESSAGE][PASSED] - Keys 'demo' sent to object: 'Object Repository/checkout-step-one/input_Checkout Your Information_firstName'

2023-05-12 13:46:40 - [TEST_STEP][PASSED] - sendKeys(findTestObject("Object Repository/checkout-step-one/input_Checkout Your Information_lastName"), "qa test"): Keys 'qa test' sent to object: 'Object Repository/checkout-step-one/input_Checkout Your Information_lastName'

2023-05-12 13:46:41 - [MESSAGE][PASSED] - Keys 'qa test' sent to object: 'Object Repository/checkout-step-one/input_Checkout Your Information_lastName'

2023-05-12 13:46:41 - [TEST_STEP][PASSED] - sendKeys(findTestObject("Object Repository/checkout-step-one/input_Checkout Your Information_postalCode"), "9000"): Keys '9000' sent to object: 'Object Repository/checkout-step-one/input_Checkout Your Information_postalCode'

2023-05-12 13:46:41 - [MESSAGE][PASSED] - Keys '9000' sent to object: 'Object Repository/checkout-step-one/input_Checkout Your Information_postalCode'

2023-05-12 13:46:41 - [TEST_STEP][PASSED] - click(findTestObject("Object Repository/checkout-step-one/input_continue")): Object: 'Object Repository/checkout-step-one/input_continue' is clicked on

2023-05-12 13:46:42 - [MESSAGE][PASSED] - Object: 'Object Repository/checkout-step-one/input_continue' is clicked on

2023-05-12 13:46:42 - [TEST_STEP][PASSED] - click(findTestObject("Object Repository/finish checkout/button_Finish")): Object: 'Object Repository/finish checkout/button_Finish' is clicked on

2023-05-12 13:46:43 - [MESSAGE][PASSED] - Object: 'Object Repository/finish checkout/button_Finish' is clicked on

2023-05-12 13:46:43 - [TEST_STEP][PASSED] - verifyElementVisible(findTestObject("Object Repository/order-success/h2_Thank you for your order")): Object 'Object Repository/order-success/h2_Thank you for your order' is visible

2023-05-12 13:46:43 - [MESSAGE][PASSED] - Object 'Object Repository/order-success/h2_Thank you for your order' is visible

2023-05-12 13:46:43 - [TEST_STEP][PASSED] - click(findTestObject("Object Repository/NavSideBar/sidebar")): Object: 'Object Repository/NavSideBar/sidebar' is clicked on

2023-05-12 13:46:43 - [MESSAGE][PASSED] - Object: 'Object Repository/NavSideBar/sidebar' is clicked on

2023-05-12 13:46:43 - [TEST_STEP][PASSED] - click(findTestObject("Object Repository/NavSideBar/a_Logout")): Object: 'Object Repository/NavSideBar/a_Logout' is clicked on

2023-05-12 13:46:44 - [MESSAGE][PASSED] - Object: 'Object Repository/NavSideBar/a_Logout' is clicked on

2023-05-12 13:46:44 - [TEST_STEP][PASSED] - verifyElementVisible(findTestObject("Object Repository/Page_Swag Labs/input_Swag Labs_user-name")): Object 'Object Repository/Page_Swag Labs/input_Swag Labs_user-name' is visible

2023-05-12 13:46:45 - [MESSAGE][PASSED] - Object 'Object Repository/Page_Swag Labs/input_Swag Labs_user-name' is visible

2023-05-12 13:46:45 - [TEST_STEP][PASSED] - closeBrowser(): Browser is closed

2023-05-12 13:46:45 - [MESSAGE][PASSED] - Browser is closed]]></system-out>
         <system-err><![CDATA[]]></system-err>
      </testcase>
      <system-out><![CDATA[2023-05-12 13:42:45 - [TEST_SUITE][PASSED] - simple case: Test Cases/test-flow-1-buy-1-product]]></system-out>
      <system-err><![CDATA[]]></system-err>
   </testsuite>
</testsuites>
